# SEGGER J-Link RTT Viewer V6.16a Terminal Log File
# Compiled: 12:44:10 on Jun  6 2017
# Logging started @ 12 Dec 2018 16:10:39
 0> <info> app: BATT Reading...
 0> <info> app: Left Press
 0> <info> app: Left Press
 0> <info> app: [OK]	Max30102 Already and background working is begin
 0> 
 0> <info> app: BATT Reading...
 0> <info> app: [OK]	HR sample count 708
 0> <info> app: Peak Index,
 0> ,87,332,563,640
 0> ,END Peak Index,<info> app: HR Index,
 0> ,91<info> app: HR Mean 91 
 0> <info> app: HR SD 0.00 
 0> <info> app: ^_^ Final HR 91 
 0> <info> app: SPO2 Peak Index,
 0> 
 0> ,0,1096810496,1093664768,1093664768,104,,18897,10,0,0,0.00,0.00,0.00,0.00,0.00
 0> ,145188,145126,148637,148597,77,,18,26,18,36,0.00,0.00,0.00,0.00,0.00
 0> ,145188,145124,148640,148574,87,,66,95,64,106,82.94,85.41,87.89,90.37,99.04
 0> ,145147,144898,148603,148500,61,,112,142,112,135,62.83,67.68,72.52,77.36,94.31
 0> ,145090,144520,148597,148267,73,,158,281,158,264,74.38,77.86,81.35,84.83,97.03
 0> ,144566,144565,148299,148321,103,,290,292,289,292,113.87,112.71,111.55,110.39,106.32
 0> ,144552,144534,148287,148285,52,,293,297,293,298,99.76,100.26,100.76,101.25,103.00
 0> ,144636,144577,148334,148304,69,,304,312,302,311,70.88,74.78,78.67,82.57,96.20
 0> ,144578,144551,148298,148280,77,,314,327,314,327,155.92,149.81,143.70,137.59,116.21
 0> ,144580,144498,148306,148259,73,,359,374,358,368,76.89,80.08,83.27,86.46,97.62
 0> ,144549,144166,148298,148139,61,,380,414,381,416,79.40,82.30,85.19,88.08,98.21
 0> ,144244,143919,148173,148002,70,,421,450,420,450,60.06,65.23,70.40,75.57,93.66
 0> ,143964,143795,148030,147927,75,,453,494,453,496,75.58,78.92,82.27,85.61,97.31
 0> ,143894,143846,147977,147925,87,,509,519,510,519,80.64,83.39,86.14,88.89,98.50
 0> ,143987,143943,148020,147992,76,,535,539,534,547,85.25,87.45,89.66,91.87,99.58
 0> ,143993,143992,148025,148020,100,,552,556,552,556,91.44,92.92,94.40,95.87,101.04
 0> ,143991,143919,148000,147954,76,,557,563,557,564,118.02,116.37,114.72,113.07,107.29
 0> ,144021,143984,148010,147994,63,,574,582,573,582,72.75,76.43,80.10,83.78,96.64
 0> ,END, , , , , , , , , , , , , , , , , , ,97.44
 0> <info> app: [OK]	LED Power 125
 0> <info> app: BATT Reading...
 0> <info> app: [OK]	HR sample count 707
 0> <info> app: Peak Index,
 0> ,102,458,602
 0> ,END Peak Index,<info> app: HR Index,
 0> ,49<info> app: HR Mean 49 
 0> <info> app: HR SD 0.00 
 0> <info> app: ^_^ Final HR 70 
 0> <info> app: SPO2 Peak Index,
 0> 
 0> ,0,1065353216,1065353216,1090519040,90,,18897,10,0,0,0.00,0.00,0.00,0.00,0.00
 0> ,134968,134893,141600,141566,64,,12,18,11,18,0.00,0.00,0.00,0.00,0.00
 0> ,135707,135752,141993,142039,86,,58,64,58,64,27.99,36.93,45.87,54.81,86.11
 0> ,136487,136455,142391,142381,47,,85,121,84,89,-3.99,8.70,21.41,34.12,78.58
 0> ,136803,136767,142535,142521,58,,155,181,154,181,48.90,55.38,61.86,68.35,91.03
 0> ,136929,136754,142597,142502,71,,209,235,209,235,69.18,73.27,77.37,81.47,95.80
 0> ,136864,136728,142554,142467,76,,246,267,248,286,69.41,73.48,77.55,81.62,95.86
 0> ,136823,136784,142516,142481,84,,295,302,295,301,82.10,84.67,87.25,89.83,98.84
 0> ,136824,136737,142506,142453,74,,308,323,309,323,77.10,80.27,83.43,86.59,97.67
 0> ,136773,136780,142483,142506,86,,337,339,337,339,102.24,102.44,102.65,102.86,103.58
 0> ,136808,136738,142512,142468,75,,343,367,356,365,84.47,86.77,89.07,91.36,99.40
 0> ,136785,136794,142499,142497,58890,,379,388,381,388,79.46,82.34,85.23,88.12,98.22
 0> ,136800,136777,142490,142474,78,,390,396,390,393,21.49,31.20,40.90,50.61,84.58
 0> ,136839,136825,142527,142507,91,,435,440,430,440,91.25,92.75,94.25,95.75,101.00
 0> ,136842,136725,142529,142437,81,,470,506,466,503,82.26,84.82,87.38,89.93,98.88
 0> ,136748,136705,142458,142434,72,,513,525,514,523,80.25,83.04,85.84,88.63,98.41
 0> ,136786,136802,142482,142472,54494,,542,559,551,559,72.79,76.46,80.13,83.80,96.65
 0> ,137024,137009,142617,142586,95,,586,588,580,594,97.23,98.03,98.83,99.62,102.40
 0> ,137062,137025,142622,142593,81,,614,621,615,620,80.45,83.22,85.99,88.76,98.45
 0> ,137055,137014,142594,142570,73,,627,651,627,643,32.79,41.17,49.55,57.92,87.24
 0> ,END, , , , , , , , , , , , , , , , , , ,97.82
 0> <info> app: [OK]	LED Power 120
 0> <info> app: BATT Reading...
 0> <info> app: [OK]	HR sample count 707
 0> <info> app: Peak Index,
 0> ,96,158,188,270,364,508,594
 0> ,END Peak Index,<info> app: HR Index,
 0> ,114,86,75,49,82<info> app: HR Mean 81 
 0> <info> app: HR SD 20.85 
 0> <info> app: ^_^ Final HR 78 
 0> <info> app: SPO2 Peak Index,
 0> 
 0> ,1101004800,1088421888,1110966272,-1063256064,103,,18927,10,0,0,0.00,0.00,0.00,0.00,0.00
 0> ,130904,130685,136008,135886,72,,34,41,32,42,0.00,0.00,0.00,0.00,0.00
 0> ,130996,130772,136044,135921,71,,53,61,52,62,71.44,75.27,79.10,82.93,96.34
 0> ,130936,130244,136015,135635,71,,71,206,70,205,71.80,75.59,79.37,83.16,96.42
 0> ,130695,130645,135849,135821,72,,225,233,226,234,66.36,70.78,75.21,79.64,95.14
 0> ,130806,130671,135922,135857,67,,260,286,260,289,72.90,76.56,80.22,83.87,96.68
 0> ,130859,130819,135950,135920,80,,315,325,318,326,72.43,76.14,79.85,83.57,96.57
 0> ,130905,130852,135980,135950,72,,348,353,348,355,76.06,79.35,82.64,85.92,97.42
 0> ,130883,130852,135968,135939,85,,360,364,360,370,78.72,81.70,84.67,87.64,98.05
 0> ,130939,130874,135992,135950,76,,385,393,385,399,77.47,80.59,83.71,86.83,97.75
 0> ,130929,130879,135980,135940,81,,408,444,407,444,74.25,77.75,81.25,84.75,97.00
 0> ,130960,130913,136010,135976,79,,490,499,491,499,80.34,83.12,85.91,88.69,98.43
 0> ,130998,130983,136023,136007,87,,541,559,533,558,82.18,84.75,87.32,89.88,98.86
 0> ,131011,130985,136041,136019,83,,568,573,566,572,86.62,88.66,90.71,92.75,99.91
 0> ,131027,130998,136040,136026,67,,582,585,580,587,71.02,74.90,78.78,82.66,96.24
 0> ,131000,130952,136019,135997,65,,589,623,589,619,127.28,124.54,121.80,119.06,109.47
 0> ,130994,130956,136031,135990,87,,646,665,650,664,85.89,88.02,90.15,92.28,99.74
 0> ,131049,131041,136069,136061,86,,690,693,690,693,84.32,86.63,88.95,91.26,99.36
 0> ,END, , , , , , , , , , , , , , , , , , ,97.59
 0> <info> app: [OK]	LED Power 115
 0> <info> app: BATT Reading...
 0> <info> app: [OK]	HR sample count 708
 0> <info> app: Peak Index,
 0> ,101,243,419,606
 0> ,END Peak Index,<info> app: HR Index,
 0> ,49<info> app: HR Mean 49 
 0> <info> app: HR SD 0.00 
 0> <info> app: ^_^ Final HR 74 
 0> <info> app: SPO2 Peak Index,
 0> 
 0> ,-1052770304,0,1090519040,1073741824,104,,18897,10,0,0,0.00,0.00,0.00,0.00,0.00
 0> ,125303,125279,129908,129883,87,,29,43,31,41,0.00,0.00,0.00,0.00,0.00
 0> ,125287,125285,129890,129884,98,,46,50,46,51,89.28,91.01,92.74,94.47,100.53
 0> ,125295,125268,129914,129870,93,,53,63,55,64,96.84,97.68,98.53,99.37,102.31
 0> ,125297,125277,129910,129871,94,,79,91,75,100,93.40,94.65,95.90,97.14,101.50
 0> ,125285,125303,129884,129885,86,,105,110,105,110,136.77,132.91,129.05,125.20,111.71
 0> ,125356,125273,129918,129884,60,,118,157,120,151,73.19,76.82,80.44,84.06,96.75
 0> ,125346,125312,129927,129904,77,,181,184,169,184,82.94,85.42,87.90,90.37,99.04
 0> ,125323,125286,129925,129891,84,,190,196,187,199,86.07,88.18,90.29,92.40,99.78
 0> ,125406,125357,129953,129918,79,,221,234,224,233,73.35,76.96,80.56,84.17,96.79
 0> ,125380,125376,129944,129927,99,,242,244,240,244,97.22,98.01,98.81,99.61,102.40
 0> ,125399,125387,129949,129950,103,,251,253,250,253,65.82,70.31,74.80,79.30,95.01
 0> ,125399,125372,129934,129927,36,,255,276,254,257,126.86,124.17,121.48,118.79,109.38
 0> ,125408,125393,129951,129949,28,,280,284,280,284,18.57,28.62,38.67,48.72,83.89
 0> ,125404,125339,129960,129905,83,,291,317,293,321,85.77,87.91,90.06,92.20,99.71
 0> ,125370,125336,129913,129891,76,,331,340,327,340,57.43,62.91,68.39,73.87,93.04
 0> ,125368,125336,129929,129884,91,,359,370,359,365,90.98,92.51,94.04,95.57,100.93
 0> ,125411,125327,129932,129867,81,,394,449,393,436,78.96,81.91,84.85,87.80,98.10
 0> ,125362,125326,129876,129865,46,,460,466,460,464,45.39,52.28,59.18,66.07,90.20
 0> ,125354,125335,129886,129876,70,,474,478,475,478,72.63,76.32,80.01,83.70,96.62
 0> ,125357,125356,129902,129892,102,,482,496,490,499,85.88,88.01,90.14,92.27,99.73
 0> ,125391,125344,129916,129869,86,,505,518,504,519,80.36,83.14,85.92,88.70,98.43
 0> ,125392,125351,129895,129872,72,,532,536,531,540,73.13,76.76,80.39,84.02,96.73
 0> ,125404,125374,129895,129878,72,,555,557,554,558,73.07,76.71,80.35,83.99,96.72
 0> ,125431,125324,129914,129818,84,,595,655,587,657,78.89,81.84,84.79,87.75,98.09
 0> ,125384,125368,129853,129865,103,,685,687,680,687,423.51,385.92,348.33,310.74,179.17
 0> ,125368,125372,129859,129849,43380,,690,695,691,694,112.40,111.41,110.42,109.43,105.97
 0> ,END, , , , , , , , , , , , , , , , , , ,97.81
 0> <info> app: [OK]	LED Power 110
 0> <info> app: BATT Reading...
 0> <info> app: [OK]	HR sample count 708
 0> <info> app: Peak Index,
 0> ,88,176,284,403,506,604,667
 0> ,END Peak Index,<info> app: HR Index,
 0> ,80,65,59,68,72,112<info> app: HR Mean 76 
 0> <info> app: HR SD 17.33 
 0> <info> app: ^_^ Final HR 75 
 0> <info> app: SPO2 Peak Index,
 0> 
 0> ,1065353216,1084227584,-1082130432,1073741824,70,,18897,10,0,0,0.00,0.00,0.00,0.00,0.00
 0> ,119346,119324,123202,123170,91,,64,68,62,86,0.00,0.00,0.00,0.00,0.00
 0> ,119358,119333,123189,123174,74,,95,102,96,100,74.81,78.24,81.67,85.11,97.13
 0> ,119378,119356,123204,123184,84,,109,118,113,120,77.91,80.98,84.05,87.12,97.86
 0> ,119369,119366,123192,123178,100,,123,138,122,133,83.35,85.78,88.21,90.64,99.14
 0> ,119418,119405,123229,123229,104,,154,156,153,156,58.28,63.66,69.04,74.42,93.24
 0> ,119440,119363,123228,123177,77,,159,186,158,188,-201.66,-165.70,-129.74,-93.78,32.07
 0> ,119430,119393,123194,123167,79,,212,220,210,225,70.32,74.28,78.24,82.20,96.07
 0> ,119436,119369,123206,123144,85,,248,286,269,310,85.67,87.83,89.98,92.14,99.68
 0> ,119396,119367,123155,123138,74,,322,327,322,327,70.89,74.79,78.68,82.58,96.21
 0> ,119370,119359,123143,123156,103,,352,354,352,354,119.64,117.80,115.96,114.12,107.68
 0> ,119379,119340,123163,123148,58,,356,373,356,362,61.12,66.16,71.21,76.25,93.91
 0> ,119377,119238,123188,123097,77,,390,439,391,441,85.09,87.32,89.54,91.76,99.55
 0> ,119275,119298,123128,123131,86,,453,456,452,456,139.89,135.67,131.45,127.22,112.44
 0> ,119331,119310,123148,123147,264,,472,478,473,478,12.13,22.94,33.75,44.55,82.38
 0> ,119351,119350,123160,123173,103,,486,488,484,488,164.73,157.58,150.44,143.29,118.28
 0> ,119354,119336,123173,123137,95,,497,508,495,511,87.50,89.44,91.38,93.32,100.11
 0> ,119373,119364,123140,123155,103,,514,516,514,516,139.97,135.74,131.51,127.28,112.46
 0> ,119362,119367,123142,123134,59668,,517,519,517,519,95.23,96.26,97.29,98.32,101.93
 0> ,119417,119397,123178,123153,89,,543,553,543,549,86.45,88.51,90.57,92.64,99.87
 0> ,119453,119426,123194,123199,103,,568,573,569,573,-121.24,-94.74,-68.24,-41.74,51.00
 0> ,119473,119441,123219,123178,90,,581,604,590,599,81.57,84.21,86.85,89.49,98.72
 0> ,119449,119353,123176,123133,64,,608,627,608,627,71.22,75.07,78.93,82.78,96.28
 0> ,119442,119377,123185,123144,76,,645,666,648,664,74.13,77.64,81.16,84.67,96.97
 0> ,119413,119403,123179,123156,96,,680,686,682,688,91.99,93.40,94.81,96.23,101.17
 0> ,END, , , , , , , , , , , , , , , , , , ,97.95
 0> <info> app: [OK]	LED Power 105
 0> <info> app: BATT Reading...
 0> <info> app: [OK]	HR sample count 707
 0> <info> app: Peak Index,
 0> ,116,234,351,441,552,678
 0> ,END Peak Index,<info> app: HR Index,
 0> ,60,60,78,63,56<info> app: HR Mean 63 
 0> <info> app: HR SD 7.63 
 0> <info> app: ^_^ Final HR 72 
 0> <info> app: SPO2 Peak Index,
 0> 
 0> ,1077936128,1082130432,-1082130432,1065353216,70,,18897,10,0,0,0.00,0.00,0.00,0.00,0.00
 0> ,113861,113831,116783,116742,91,,41,49,42,51,0.00,0.00,0.00,0.00,0.00
 0> ,113860,113848,116762,116765,103,,59,61,58,61,37.68,45.48,53.29,61.09,88.39
 0> ,113878,113804,116780,116734,75,,65,143,77,125,79.36,82.26,85.16,88.05,98.20
 0> ,113839,113810,116762,116743,77,,153,188,148,189,80.29,83.08,85.87,88.66,98.42
 0> ,113855,113762,116772,116712,76,,196,269,193,272,75.55,78.90,82.24,85.59,97.30
 0> ,113770,113737,116725,116709,68,,282,306,282,294,83.61,86.01,88.41,90.81,99.20
 0> ,113775,113747,116740,116718,81,,318,340,315,339,81.56,84.20,86.84,89.48,98.72
 0> ,113817,113802,116755,116736,90,,382,401,383,392,78.59,81.58,84.57,87.56,98.02
 0> ,113839,113830,116773,116769,64,,427,429,426,432,82.56,85.08,87.61,90.13,98.95
 0> ,113840,113782,116769,116709,87,,434,460,434,459,34.38,42.57,50.76,58.95,87.61
 0> ,113807,113728,116752,116697,78,,535,554,535,552,81.51,84.15,86.80,89.44,98.70
 0> ,113761,113698,116724,116678,80,,568,603,573,591,84.52,86.81,89.10,91.39,99.41
 0> ,113714,113682,116706,116707,103,,611,647,640,647,-21.69,-6.91,7.87,22.66,74.42
 0> ,113682,113670,116705,116678,96,,648,659,649,659,97.84,98.56,99.28,100.01,102.55
 0> ,113708,113664,116706,116666,84,,673,694,672,693,82.36,84.91,87.45,90.00,98.91
 0> ,END, , , , , , , , , , , , , , , , , , ,98.58
 0> <info> app: [OK]	LED Power 100
 0> <info> app: BATT Reading...
 0> <info> app: [OK]	HR sample count 708
 0> <info> app: Peak Index,
 0> ,44,154,266,375,483
 0> ,END Peak Index,<info> app: HR Index,
 0> ,64,63,64,65<info> app: HR Mean 64 
 0> <info> app: HR SD 0.70 
 0> <info> app: ^_^ Final HR 70 
 0> <info> app: SPO2 Peak Index,
 0> 
 0> ,1065353216,1065353216,0,-1069547520,104,,18897,10,0,0,0.00,0.00,0.00,0.00,0.00
 0> ,107787,107738,110722,110664,89,,28,63,27,79,0.00,0.00,0.00,0.00,0.00
 0> ,107781,107772,110701,110706,103,,112,114,107,114,50.93,57.17,63.41,69.66,91.51
 0> ,107796,107779,110716,110714,44,,122,128,125,128,9.96,21.03,32.09,43.15,81.87
 0> ,107794,107703,110718,110662,75,,132,219,133,188,65.56,70.08,74.60,79.13,94.95
 0> ,107742,107627,110703,110636,74,,232,289,241,287,87.10,89.09,91.08,93.06,100.02
 0> ,107666,107654,110657,110652,62,,310,319,307,312,61.16,66.20,71.24,76.28,93.92
 0> ,107672,107667,110658,110663,103,,321,325,321,325,251.83,234.44,217.05,199.65,138.78
 0> ,107690,107637,110684,110627,87,,343,410,339,406,85.15,87.37,89.59,91.80,99.56
 0> ,107666,107636,110649,110630,76,,417,431,416,429,79.23,82.14,85.06,87.97,98.17
 0> ,107653,107633,110645,110632,77,,437,442,438,442,80.08,82.89,85.71,88.52,98.37
 0> ,107674,107590,110679,110609,83,,464,502,475,508,87.04,89.03,91.03,93.02,100.01
 0> ,107629,107577,110633,110609,66,,517,576,520,574,73.68,77.24,80.81,84.38,96.86
 0> ,107589,107483,110627,110561,75,,581,618,579,628,85.93,88.06,90.18,92.31,99.75
 0> ,107529,107512,110593,110571,90,,639,648,641,652,87.09,89.08,91.07,93.06,100.02
 0> ,END, , , , , , , , , , , , , , , , , , ,97.94
 0> <info> app: [OK]	LED Power 95
 0> <info> app: [OK]	HR Background stop
 0> <info> app: ^
 0> <info> app: HR A
 0> <info> app: HR C
 0> <info> app: HR D
 0> <info> app: Show HR Result
 0> <info> app: BATT Reading...
