# SEGGER J-Link RTT Viewer V6.16a Terminal Log File
# Compiled: 12:44:10 on Jun  6 2017
# Logging started @ 12 Dec 2018 16:01:05
 0> <info> app: BATT Reading...
 0> <error> app: Pedo write to flash.
 0> <info> app: [OK]	FLASH MEMORY
 0> <info> app: Page for write 693
 0> <info> app: Append Success
 0> <info> app: Save to flash
 0> <info> app: ALERT_BT_CHECK_WAIT_KRY
 0> <info> app: ALERT_BT_CHECK_WAIT_KRY
 0> <info> app: ALERT_BT_CHECK_WAIT_KRY
 0> <info> app: ALERT_BT_CHECK_WAIT_KRY
 0> <info> app: ALERT_BT_CHECK_WAIT_KRY
 0> <info> app: ALERT_BT_CHECK_WAIT_KRY
 0> <info> app: ALERT_BT_CHECK_WAIT_KRY
 0> <info> app: ALERT_BT_CHECK_WAIT_KRY
 0> <info> app: ALERT_BT_CHECK_WAIT_KRY
 0> <info> app: ALERT_BT_CHECK_WAIT_KRY
 0> <info> app: ALERT_BT_CHECK_WAIT_KRY
 0> <info> app: ALERT_BT_CHECK_WAIT_KRY
 0> <info> app: ALERT_BT_CHECK_WAIT_KRY
 0> <info> app: ALERT_BT_CHECK_WAIT_KRY
 0> <info> app: ALERT_BT_CHECK_WAIT_KRY
 0> <info> app: ALERT_BT_CHECK_WAIT_KRY
 0> <info> app: ALERT_BT_CHECK_WAIT_KRY
 0> <info> app: ALERT_BT_CHECK_WAIT_KRY
 0> <info> app: ALERT_BT_CHECK_WAIT_KRY
 0> <info> app: ALERT_BT_CHECK_WAIT_KRY
 0> <info> app: ALERT_BT_CHECK_WAIT_KRY
 0> <info> app: ALERT_BT_CHECK_WAIT_KRY
 0> <info> app: ALERT_BT_CHECK_WAIT_KRY
 0> <info> app: ALERT_BT_CHECK_WAIT_KRY
 0> <info> app: ALERT_BT_CHECK_WAIT_KRY
 0> <info> app: ALERT_BT_CHECK_WAIT_KRY
 0> <info> app: ALERT_BT_CHECK_WAIT_KRY
 0> <info> app: ALERT_BT_CHECK_WAIT_KRY
 0> <info> app: ALERT_BT_CHECK_WAIT_KRY
 0> <info> app: ALERT_BT_CHECK_WAIT_KRY
 0> <info> app: ALERT_BT_CHECK_WAIT_KRY
 0> <info> app: ALERT_BT_CHECK_WAIT_KRY
 0> <info> app: BATT Reading...
 0> <info> app: ALERT_BT_CHECK_WAIT_KRY
 0> <info> app: ALERT_BT_CHECK_WAIT_KRY
 0> <info> app: BATT Reading...
 0> <info> app: Left Press
 0> <info> app: BATT Reading...
 0> <info> app: Unplug USE Detect
 0> <info> app: Left Press
 0> <info> app: BATT Reading...
 0> <info> app: [OK]	Max30102 Already and background working is begin
 0> 
 0> <info> app: [OK]	HR sample count 707
 0> <info> app: Peak Index,
 0> ,158,282,343,492,689
 0> ,END Peak Index,<info> app: HR Index,
 0> ,57,116,47<info> app: HR Mean 73 
 0> <info> app: HR SD 30.44 
 0> <info> app: ^_^ Final HR 73 
 0> <info> app: SPO2 Peak Index,
 0> 
 0> ,1110704128,1086324736,1095761920,0,104,,18897,10,0,0,0.00,0.00,0.00,0.00,0.00
 0> ,45744,45628,76797,76667,78,,15,96,19,99,0.00,0.00,0.00,0.00,0.00
 0> ,45655,45522,76741,76540,85,,134,207,138,209,88.80,90.59,92.38,94.17,100.42
 0> ,45540,45548,76555,76591,75,,224,226,224,226,98.98,99.57,100.16,100.75,102.81
 0> ,45649,45620,76755,76728,73,,270,281,262,275,84.41,86.71,89.02,91.32,99.39
 0> ,45680,45672,76825,76852,103,,307,312,309,312,131.66,128.40,125.15,121.90,110.50
 0> ,45709,45656,76898,76810,86,,332,366,332,379,83.02,85.49,87.95,90.42,99.06
 0> ,45678,45671,76818,76809,81,,400,407,400,405,72.96,76.61,80.26,83.91,96.69
 0> ,45680,45677,76829,76814,98,,409,415,409,414,91.93,93.35,94.77,96.19,101.16
 0> ,45675,45684,76818,76840,75,,416,418,416,418,90.23,91.85,93.47,95.09,100.76
 0> ,45709,45684,76868,76829,85,,463,488,474,492,84.32,86.63,88.95,91.26,99.37
 0> ,45686,45625,76841,76730,88,,494,541,494,541,88.52,90.34,92.16,93.98,100.35
 0> ,45645,45591,76769,76674,87,,561,607,561,602,88.89,90.67,92.45,94.22,100.44
 0> ,45692,45677,76820,76819,324,,661,666,663,681,85.28,87.48,89.68,91.88,99.59
 0> ,45704,45702,76829,76850,103,,688,690,688,690,112.27,111.29,110.32,109.35,105.94
 0> ,45705,45700,76842,76848,103,,692,696,691,694,117.97,116.33,114.68,113.04,107.28
 0> ,45716,45706,76867,76863,32,,701,704,701,705,66.95,71.31,75.67,80.03,95.28
 0> ,END, , , , , , , , , , , , , , , , , , ,98.23
 0> <info> app: [OK]	LED Power 125
 0> <info> app: BATT Reading...
 0> <info> app: [OK]	HR sample count 707
 0> <info> app: Peak Index,
 0> ,59,160,237,500,561
 0> ,END Peak Index,<info> app: HR Index,
 0> ,70,91,116<info> app: HR Mean 92 
 0> <info> app: HR SD 18.80 
 0> <info> app: ^_^ Final HR 82 
 0> <info> app: SPO2 Peak Index,
 0> 
 0> ,1092616192,1101529088,1100480512,1077936128,3058,,18927,10,0,0,0.00,0.00,0.00,0.00,0.00
 0> ,61246,61142,104768,104600,85,,15,75,13,73,0.00,0.00,0.00,0.00,0.00
 0> ,61196,61179,104688,104681,33,,119,128,119,126,65.73,70.23,74.73,79.23,94.99
 0> ,61211,61194,104714,104697,74,,140,149,144,151,72.27,76.00,79.73,83.47,96.53
 0> ,61204,61181,104719,104684,84,,155,160,153,160,84.02,86.37,88.72,91.07,99.30
 0> ,61266,61272,104819,104832,74,,213,216,213,216,97.54,98.30,99.06,99.82,102.48
 0> ,61263,61058,104834,104424,89,,217,419,218,422,142.76,138.20,133.64,129.08,113.12
 0> ,61182,61154,104610,104570,83,,487,494,481,497,88.90,90.67,92.45,94.23,100.44
 0> ,61178,61182,104594,104599,74,,509,514,509,513,65.24,69.80,74.36,78.92,94.88
 0> ,61213,61211,104666,104663,84,,531,541,538,541,66.42,70.84,75.26,79.68,95.15
 0> ,61230,61206,104653,104642,40,,543,547,542,546,207.57,195.38,183.20,171.01,128.37
 0> ,61231,61224,104656,104644,87,,550,553,550,553,67.83,72.09,76.34,80.59,95.49
 0> ,61223,61034,104668,104306,88,,555,693,555,682,102.29,102.49,102.69,102.89,103.59
 0> ,END, , , , , , , , , , , , , , , , , , ,96.06
 0> <info> app: [OK]	LED Power 120
 0> <info> app: BATT Reading...
 0> <info> app: [OK]	HR sample count 708
 0> <info> app: Peak Index,
 0> ,218,291,476,550
 0> ,END Peak Index,<info> app: HR Index,
 0> ,96,95<info> app: HR Mean 95 
 0> <info> app: HR SD 0.50 
 0> <info> app: ^_^ Final HR 86 
 0> <info> app: SPO2 Peak Index,
 0> 
 0> ,1077936128,1102577664,1094713344,1092616192,34199,,18897,10,0,0,0.00,0.00,0.00,0.00,0.00
 0> ,58516,58436,99776,99651,85,,21,56,18,61,0.00,0.00,0.00,0.00,0.00
 0> ,58468,58445,99709,99688,72,,89,98,91,95,75.48,78.84,82.19,85.55,97.29
 0> ,58453,58380,99687,99577,84,,100,139,100,136,78.16,81.20,84.24,87.28,97.92
 0> ,58445,58440,99711,99691,96,,172,193,188,191,72.65,76.33,80.02,83.71,96.62
 0> ,58467,58432,99733,99693,78,,207,225,206,227,82.51,85.04,87.56,90.09,98.94
 0> ,58458,58459,99708,99710,75,,236,238,234,238,82.13,84.70,87.27,89.84,98.85
 0> ,58488,58411,99786,99667,85,,268,319,267,326,88.95,90.72,92.49,94.26,100.46
 0> ,58450,58345,99727,99578,83,,351,399,355,400,84.00,86.35,88.70,91.06,99.29
 0> ,58404,58388,99672,99663,52,,433,481,432,439,54.73,60.53,66.32,72.12,92.40
 0> ,58454,58381,99771,99649,86,,535,573,535,575,86.74,88.77,90.80,92.83,99.93
 0> ,58395,58390,99680,99697,103,,598,600,598,600,116.49,115.02,113.55,112.08,106.94
 0> ,58412,58398,99675,99691,103,,601,603,601,603,132.05,128.75,125.45,122.15,110.60
 0> ,58388,58315,99675,99511,91,,604,646,604,658,85.59,87.76,89.92,92.09,99.67
 0> ,58361,58354,99578,99587,103,,689,691,687,691,-1090.39,-949.88,-809.36,-668.84,-177.03
 0> ,58367,58357,99593,99600,103,,697,702,698,702,249.06,232.00,214.93,197.86,138.13
 0> ,END, , , , , , , , , , , , , , , , , , ,98.56
 0> <info> app: [OK]	LED Power 115
 0> <info> app: BATT Reading...
 0> <info> app: [OK]	HR sample count 707
 0> <info> app: Peak Index,
 0> ,272,338,530,611
 0> ,END Peak Index,<info> app: HR Index,
 0> ,107,87<info> app: HR Mean 97 
 0> <info> app: HR SD 10.00 
 0> <info> app: ^_^ Final HR 88 
 0> <info> app: SPO2 Peak Index,
 0> 
 0> ,1084227584,1092616192,1103101952,1084227584,3727,,18897,10,0,0,0.00,0.00,0.00,0.00,0.00
 0> ,55789,55693,95228,95056,87,,65,117,58,111,0.00,0.00,0.00,0.00,0.00
 0> ,55733,55712,95126,95101,79,,154,162,140,162,88.07,89.94,91.82,93.69,100.25
 0> ,55719,55656,95114,95002,87,,167,199,167,193,89.40,91.12,92.84,94.55,100.56
 0> ,55749,55722,95135,95129,26,,240,243,239,287,91.10,92.62,94.13,95.65,100.96
 0> ,55757,55742,95186,95175,64,,304,308,305,308,77.18,80.34,83.49,86.65,97.69
 0> ,55785,55749,95201,95180,54,,313,316,312,317,56.85,62.39,67.94,73.49,92.90
 0> ,55773,55761,95194,95192,70,,321,325,322,325,26.60,35.71,44.81,53.92,85.78
 0> ,55763,55694,95173,95070,84,,327,379,327,371,113.49,112.37,111.26,110.14,106.23
 0> ,55726,55710,95120,95096,84,,393,396,392,396,84.60,86.88,89.16,91.44,99.43
 0> ,55735,55644,95125,94970,86,,413,457,408,457,80.58,83.34,86.09,88.85,98.49
 0> ,55692,55685,95065,95058,74,,491,494,489,494,88.14,90.00,91.87,93.73,100.26
 0> ,55704,55692,95078,95066,74,,499,502,498,501,76.49,79.72,82.96,86.20,97.52
 0> ,55713,55694,95082,95084,103,,507,509,505,509,22.85,32.40,41.95,51.49,84.90
 0> ,55716,55686,95103,95056,85,,512,537,512,537,73.84,77.39,80.94,84.48,96.90
 0> ,55704,55698,95078,95089,103,,541,543,539,543,77.61,80.72,83.82,86.93,97.79
 0> ,55722,55699,95095,95098,103,,550,552,549,552,104.00,104.00,104.00,104.00,104.00
 0> ,55717,55725,95074,95103,74,,553,555,553,555,114.55,113.31,112.07,110.82,106.48
 0> ,55752,55743,95181,95159,92,,572,584,579,582,87.08,89.07,91.06,93.05,100.02
 0> ,55763,55767,95209,95201,29829,,591,600,594,598,89.09,90.84,92.60,94.35,100.49
 0> ,55775,55674,95212,95016,89,,601,706,601,705,88.08,89.95,91.82,93.70,100.25
 0> ,END, , , , , , , , , , , , , , , , , , ,97.97
 0> <info> app: [OK]	LED Power 110
 0> <info> app: BATT Reading...
 0> <info> app: [OK]	HR sample count 707
 0> <info> app: Peak Index,
 0> ,75,150,234,336,413,588,683
 0> ,END Peak Index,<info> app: HR Index,
 0> ,94,84,69,91,74<info> app: HR Mean 82 
 0> <info> app: HR SD 9.60 
 0> <info> app: ^_^ Final HR 86 
 0> <info> app: SPO2 Peak Index,
 0> 
 0> ,1077936128,1077936128,1082130432,1077936128,104,,18897,10,0,3,0.00,0.00,0.00,0.00,0.00
 0> ,52983,52972,90204,90209,103,,22,31,27,32,0.00,0.00,0.00,0.00,0.00
 0> ,53031,53022,90300,90287,83,,124,135,129,136,81.33,84.00,86.66,89.33,98.66
 0> ,53037,52970,90301,90191,86,,140,182,144,172,87.18,89.15,91.13,93.11,100.04
 0> ,53016,53003,90251,90247,9,,198,203,197,203,63.31,68.09,72.88,77.67,94.42
 0> ,53012,52934,90258,90116,88,,206,246,206,252,82.97,85.45,87.92,90.39,99.05
 0> ,52966,52956,90161,90164,103,,296,303,300,303,2187.37,1942.26,1697.16,1452.06,594.20
 0> ,52964,52967,90170,90190,75,,305,312,308,312,123.04,120.80,118.56,116.32,108.48
 0> ,52971,52940,90184,90140,83,,317,332,321,338,76.48,79.71,82.95,86.19,97.52
 0> ,53020,52998,90246,90231,61,,383,391,382,390,74.19,77.70,81.20,84.71,96.98
 0> ,53016,52971,90277,90171,91,,399,441,398,431,92.80,94.12,95.43,96.75,101.36
 0> ,52990,52975,90207,90186,83,,459,467,458,465,84.49,86.79,89.08,91.38,99.41
 0> ,52987,52914,90195,90077,86,,469,509,469,508,81.46,84.11,86.76,89.41,98.69
 0> ,52953,52932,90115,90106,36,,547,556,552,556,42.02,49.32,56.61,63.90,89.41
 0> ,52952,52937,90111,90103,49,,560,563,560,563,30.11,38.81,47.50,56.19,86.61
 0> ,52933,52939,90100,90109,75,,565,567,565,567,79.88,82.72,85.56,88.39,98.32
 0> ,52949,52939,90108,90119,103,,570,572,569,572,161.87,155.06,148.25,141.44,117.61
 0> ,52951,52924,90121,90123,103,,575,580,574,580,-406.11,-346.10,-286.08,-226.07,-16.02
 0> ,52943,52904,90108,90040,87,,582,603,581,605,155.40,149.35,143.30,137.25,116.09
 0> ,52968,52958,90152,90144,67,,635,643,639,642,67.36,71.67,75.98,80.29,95.38
 0> ,END, , , , , , , , , , , , , , , , , , ,97.60
 0> <info> app: [OK]	LED Power 105
 0> <info> app: BATT Reading...
 0> <info> app: [OK]	HR sample count 707
 0> <info> app: Peak Index,
 0> ,73,144,345,582,651
 0> ,END Peak Index,<info> app: HR Index,
 0> ,99,102<info> app: HR Mean 100 
 0> <info> app: HR SD 1.50 
 0> <info> app: ^_^ Final HR 87 
 0> <info> app: SPO2 Peak Index,
 0> 
 0> ,1113325568,1082130432,1084227584,1082130432,148,,18897,10,0,0,0.00,0.00,0.00,0.00,0.00
 0> ,50373,50360,85459,85458,271,,41,43,37,45,0.00,0.00,0.00,0.00,0.00
 0> ,50400,50372,85512,85477,80,,61,76,60,71,81.57,84.21,86.85,89.49,98.72
 0> ,50415,50392,85518,85509,30,,103,110,104,110,47.81,54.42,61.03,67.64,90.77
 0> ,50422,50415,85541,85541,104,,120,122,119,122,64.94,69.53,74.13,78.72,94.80
 0> ,50432,50311,85556,85342,87,,128,256,124,245,69.74,73.77,77.80,81.83,95.93
 0> ,50413,50400,85534,85525,62,,315,318,314,319,80.63,83.38,86.13,88.88,98.50
 0> ,50426,50410,85596,85570,86,,342,359,346,350,85.72,87.87,90.02,92.17,99.69
 0> ,50455,50444,85635,85622,79,,373,393,371,375,62.03,66.96,71.90,76.84,94.12
 0> ,50466,50464,85645,85664,103,,395,398,395,398,133.88,130.36,126.85,123.33,111.03
 0> ,50474,50327,85661,85442,84,,404,519,399,513,557.15,503.84,450.52,397.21,210.62
 0> ,50386,50377,85523,85514,75,,550,554,550,553,74.51,77.98,81.44,84.91,97.06
 0> ,50392,50383,85531,85515,87,,556,561,556,561,80.93,83.65,86.36,89.07,98.57
 0> ,50388,50355,85544,85509,76,,567,587,565,586,92.96,94.25,95.55,96.85,101.40
 0> ,50383,50355,85535,85490,86,,592,614,590,606,76.87,80.06,83.25,86.44,97.61
 0> ,50388,50315,85537,85477,68,,627,682,628,675,81.06,83.75,86.45,89.15,98.60
 0> ,END, , , , , , , , , , , , , , , , , , ,97.36
 0> <info> app: [OK]	LED Power 100
 0> <info> app: BATT Reading...
 0> <info> app: [OK]	HR sample count 707
 0> <info> app: Peak Index,
 0> ,202,288,441,603
 0> ,END Peak Index,<info> app: HR Index,
 0> ,82,46,43<info> app: HR Mean 57 
 0> <info> app: HR SD 17.72 
 0> <info> app: ^_^ Final HR 83 
 0> <info> app: SPO2 Peak Index,
 0> 
 0> ,-1063256064,1084227584,-1061158912,1097859072,86,,18897,10,0,0,0.00,0.00,0.00,0.00,0.00
 0> ,47896,47837,81132,81075,74,,23,48,25,48,0.00,0.00,0.00,0.00,0.00
 0> ,47856,47843,81105,81095,66,,60,83,72,83,74.02,77.54,81.07,84.60,96.94
 0> ,47858,47833,81144,81148,103,,152,155,151,155,775.64,696.62,617.61,538.59,262.03
 0> ,47878,47866,81181,81169,75,,169,173,168,171,69.02,73.14,77.25,81.36,95.77
 0> ,47891,47888,81211,81215,103,,186,192,189,192,-7.53,5.58,18.70,31.82,77.75
 0> ,47885,47855,81222,81155,91,,195,214,193,222,99.19,99.75,100.32,100.89,102.86
 0> ,47863,47845,81171,81145,84,,241,259,241,264,84.33,86.64,88.96,91.27,99.37
 0> ,47863,47788,81175,81052,86,,279,303,277,309,81.73,84.35,86.97,89.59,98.76
 0> ,47819,47795,81079,81085,103,,331,333,331,333,321.11,295.57,270.02,244.48,155.08
 0> ,47840,47819,81129,81103,80,,362,369,361,375,80.87,83.59,86.31,89.03,98.55
 0> ,47879,47786,81201,80996,90,,427,544,426,538,88.44,90.27,92.10,93.93,100.34
 0> ,47843,47742,81081,80895,88,,574,702,581,697,87.23,89.20,91.18,93.15,100.05
 0> ,END, , , , , , , , , , , , , , , , , , ,97.88
 0> <info> app: [OK]	LED Power 95
 0> <info> app: [OK]	HR Background stop
 0> <info> app: ^
 0> <info> app: HR A
 0> <info> app: HR C
 0> <info> app: HR D
 0> <info> app: Show HR Result

# Logging stopped @ 12 Dec 2018 16:02:58
