# SEGGER J-Link RTT Viewer V6.16a Terminal Log File
# Compiled: 12:44:10 on Jun  6 2017
# Logging started @ 12 Dec 2018 15:42:26
 0> <info> app: BATT Reading...
 0> <info> app: BATT Reading...
 0> <info> app: BATT Reading...
 0> <info> app: ALERT_BT_CHECK_WAIT_KRY
 0> <info> app: Unplug USE Detect
 0> <info> app: Left Press
 0> <info> app: BATT Reading...
 0> <info> app: [OK]	Max30102 Already and background working is begin
 0> 
 0> <info> app: BATT Reading...
 0> <info> app: [OK]	HR sample count 707
 0> <info> app: Peak Index,
 0> ,24,119,263,377,501,547,629,667
 0> ,END Peak Index,<info> app: HR Index,
 0> ,74,49,62,57,86<info> app: HR Mean 65 
 0> <info> app: HR SD 13.03 
 0> <info> app: ^_^ Final HR 65 
 0> <info> app: SPO2 Peak Index,
 0> 
 0> ,1107296256,1102053376,1121845248,-1069547520,103,,18897,10,0,0,0.00,0.00,0.00,0.00,0.00
 0> ,76278,76271,116547,116533,91,,94,98,93,98,0.00,0.00,0.00,0.00,0.00
 0> ,76319,76165,116565,116485,53,,103,134,104,130,64.26,68.93,73.61,78.28,94.64
 0> ,76211,75970,116530,116399,56,,139,172,138,170,74.04,77.56,81.09,84.61,96.95
 0> ,76080,76062,116464,116449,72,,201,208,201,208,65.41,69.95,74.49,79.03,94.92
 0> ,76221,76152,116554,116507,65,,226,231,225,231,66.92,71.28,75.64,80.00,95.27
 0> ,76914,75469,116962,116102,60,,247,272,249,272,61.64,66.62,71.60,76.59,94.03
 0> ,75944,75907,116409,116370,79,,342,347,342,347,73.65,77.22,80.79,84.36,96.85
 0> ,75982,75963,116421,116404,74,,359,364,358,363,70.54,74.48,78.41,82.35,96.12
 0> ,76036,76004,116444,116431,39,,377,380,376,380,50.59,56.87,63.15,69.44,91.43
 0> ,76050,75982,116449,116402,66,,397,410,397,410,59.77,64.98,70.18,75.38,93.59
 0> ,76039,76020,116449,116418,88,,417,424,416,423,79.02,81.96,84.90,87.83,98.12
 0> ,76054,76005,116445,116402,74,,429,445,429,447,72.44,76.15,79.87,83.58,96.57
 0> ,76055,75962,116444,116385,62,,456,465,456,468,65.08,69.66,74.24,78.81,94.84
 0> ,76019,76002,116421,116400,82,,478,481,477,481,79.09,82.02,84.95,87.88,98.14
 0> ,76004,76011,116408,116399,28208,,485,487,485,490,116.33,114.88,113.43,111.97,106.90
 0> ,76032,75906,116416,116335,63,,494,511,494,510,58.88,64.19,69.50,74.80,93.38
 0> ,76276,75845,116566,116314,59,,525,586,525,586,61.73,66.70,71.68,76.65,94.05
 0> ,76369,76129,116617,116477,59,,603,628,605,631,58.50,63.85,69.20,74.56,93.29
 0> ,76593,76362,116752,116602,64,,646,689,646,690,61.75,66.72,71.69,76.66,94.06
 0> ,END, , , , , , , , , , , , , , , , , , ,95.73
 0> <info> app: [OK]	LED Power 125
 0> <info> app: [OK]	HR sample count 707
 0> <info> app: Peak Index,
 0> ,85,209,261,370,435,534,639
 0> ,END Peak Index,<info> app: HR Index,
 0> ,57,136,64,108,71,67<info> app: HR Mean 83 
 0> <info> app: HR SD 28.48 
 0> <info> app: ^_^ Final HR 75 
 0> <info> app: SPO2 Peak Index,
 0> 
 0> ,1110179840,1073741824,1104150528,0,104,,18897,10,0,0,0.00,0.00,0.00,0.00,0.00
 0> ,73108,72698,112963,112712,60,,60,122,56,123,0.00,0.00,0.00,0.00,0.00
 0> ,72773,72720,112769,112719,76,,149,159,150,159,73.98,77.51,81.04,84.57,96.93
 0> ,72767,72740,112752,112745,2,,169,172,169,176,56.95,62.48,68.02,73.55,92.92
 0> ,72849,72756,112807,112740,67,,191,208,191,206,62.92,67.75,72.59,77.42,94.33
 0> ,72930,72942,112852,112868,77,,235,237,234,237,110.02,109.31,108.60,107.89,105.41
 0> ,72929,72903,112856,112834,72,,238,265,238,241,16.76,27.03,37.29,47.55,83.47
 0> ,72904,72880,112843,112811,84,,267,282,266,278,100.02,100.49,100.96,101.42,103.06
 0> ,72939,72899,112865,112822,79,,295,308,289,302,77.39,80.52,83.65,86.78,97.74
 0> ,73165,73147,112980,112975,9,,343,350,343,350,46.94,53.65,60.36,67.07,90.57
 0> ,73229,73198,113009,112997,36,,356,360,355,361,47.78,54.39,61.01,67.62,90.77
 0> ,73229,73172,113017,112981,62,,367,391,366,388,61.85,66.81,71.77,76.73,94.08
 0> ,73210,73184,113005,112983,72,,396,406,396,407,65.46,69.99,74.53,79.06,94.93
 0> ,73259,73171,113037,112979,64,,423,435,421,453,64.72,69.34,73.96,78.58,94.75
 0> ,73218,73082,113010,112933,57,,459,485,458,485,42.29,49.55,56.81,64.07,89.48
 0> ,73317,73152,113073,112979,57,,497,546,497,546,59.62,64.84,70.06,75.28,93.55
 0> ,73313,73260,113067,113038,56,,577,590,575,590,58.64,63.97,69.31,74.64,93.32
 0> ,73538,73004,113205,112886,59,,628,653,629,653,60.50,65.62,70.73,75.85,93.76
 0> ,END, , , , , , , , , , , , , , , , , , ,95.46
 0> <info> app: [OK]	LED Power 120
 0> <info> app: BATT Reading...
 0> <info> app: [OK]	HR sample count 707
 0> <info> app: Peak Index,
 0> ,81,187,251,336,453,639
 0> ,END Peak Index,<info> app: HR Index,
 0> ,66,110,83,60<info> app: HR Mean 79 
 0> <info> app: HR SD 19.39 
 0> <info> app: ^_^ Final HR 76 
 0> <info> app: SPO2 Peak Index,
 0> 
 0> ,1084227584,1077936128,1107296256,1088421888,98,,18897,10,0,0,0.00,0.00,0.00,0.00,0.00
 0> ,70078,69966,107886,107822,58,,29,44,26,46,0.00,0.00,0.00,0.00,0.00
 0> ,70526,69079,108142,107315,57,,62,101,61,99,56.38,61.98,67.59,73.19,92.79
 0> ,69451,69379,107532,107484,64,,150,155,151,157,63.86,68.58,73.30,78.02,94.55
 0> ,69430,69350,107504,107460,56,,175,190,172,189,47.04,53.74,60.44,67.14,90.59
 0> ,69553,69558,107583,107566,19022,,229,231,224,241,101.38,101.68,101.99,102.30,103.38
 0> ,69622,69526,107614,107536,71,,246,260,246,261,65.83,70.32,74.81,79.30,95.02
 0> ,69644,69616,107617,107592,74,,292,296,290,297,76.17,79.45,82.72,85.99,97.45
 0> ,69655,69645,107623,107602,91,,301,314,306,314,72.37,76.09,79.81,83.53,96.55
 0> ,69674,69639,107636,107606,73,,325,334,323,333,77.57,80.68,83.79,86.90,97.78
 0> ,69675,69594,107626,107571,65,,342,357,341,357,61.14,66.18,71.23,76.27,93.91
 0> ,69660,69631,107617,107581,82,,372,386,377,384,72.09,75.85,79.60,83.35,96.49
 0> ,69698,69642,107641,107593,73,,398,405,398,405,73.66,77.23,80.80,84.37,96.86
 0> ,69713,69463,107656,107473,68,,444,515,443,516,70.05,74.04,78.03,82.03,96.01
 0> ,69539,69470,107510,107487,25,,525,539,525,533,39.03,46.67,54.31,61.96,88.71
 0> ,69511,69456,107517,107471,72,,544,559,544,557,72.64,76.33,80.02,83.71,96.62
 0> ,69591,69606,107553,107561,77,,596,600,597,600,98.41,99.07,99.72,100.38,102.68
 0> ,69839,69743,107701,107633,66,,611,627,611,625,61.05,66.10,71.15,76.20,93.89
 0> ,69824,69815,107695,107688,70,,634,642,639,644,46.09,52.90,59.71,66.53,90.37
 0> ,69948,69927,107759,107743,69,,661,665,660,666,69.79,73.81,77.84,81.86,95.95
 0> ,69993,69961,107781,107768,39,,675,678,675,681,58.63,63.96,69.30,74.64,93.32
 0> ,70155,70136,107876,107861,70,,699,701,698,701,73.09,76.73,80.36,84.00,96.72
 0> ,END, , , , , , , , , , , , , , , , , , ,96.36
 0> <info> app: [OK]	LED Power 115
 0> <info> app: BATT Reading...
 0> <info> app: [OK]	HR sample count 708
 0> <info> app: Peak Index,
 0> ,47,81,272,348,587,656
 0> ,END Peak Index,<info> app: HR Index,
 0> ,93,102<info> app: HR Mean 97 
 0> <info> app: HR SD 4.50 
 0> <info> app: ^_^ Final HR 79 
 0> <info> app: SPO2 Peak Index,
 0> 
 0> ,1117519872,1099956224,1065353216,1088421888,103,,18897,10,0,0,0.00,0.00,0.00,0.00,0.00
 0> ,66942,66850,102741,102677,66,,31,45,27,43,0.00,0.00,0.00,0.00,0.00
 0> ,66859,66835,102682,102678,52,,46,49,46,48,28.33,37.23,46.13,55.03,86.19
 0> ,67046,66751,102800,102604,64,,66,131,65,131,60.50,65.61,70.73,75.85,93.76
 0> ,66820,66802,102656,102640,74,,151,154,147,155,81.00,83.70,86.41,89.11,98.58
 0> ,66817,66610,102657,102512,66,,158,212,157,212,69.67,73.70,77.74,81.78,95.92
 0> ,66699,66672,102575,102554,70,,239,244,238,245,71.92,75.69,79.47,83.24,96.45
 0> ,66751,66659,102601,102538,65,,254,274,254,272,62.36,67.25,72.15,77.05,94.20
 0> ,66700,66656,102548,102540,39,,280,284,280,286,-22.36,-7.50,7.36,22.23,74.26
 0> ,67057,67053,102765,102763,51,,318,321,316,320,70.59,74.52,78.45,82.38,96.14
 0> ,67232,65552,102851,101876,58,,354,489,355,489,58.44,63.80,69.16,74.52,93.28
 0> ,66062,66044,102184,102168,74,,542,545,540,545,76.26,79.53,82.79,86.05,97.47
 0> ,66223,66220,102262,102245,99,,573,575,570,576,91.87,93.30,94.73,96.15,101.14
 0> ,66337,66328,102325,102316,77,,589,596,593,596,43.91,50.98,58.05,65.12,89.86
 0> ,66417,66401,102366,102356,62,,607,612,607,615,66.10,70.56,75.01,79.47,95.08
 0> ,66418,66444,102362,102380,77,,617,619,617,620,4.20,15.94,27.68,39.42,80.51
 0> ,66520,66493,102445,102417,78,,627,633,626,633,77.77,80.85,83.94,87.02,97.82
 0> ,66702,66596,102533,102445,72,,645,668,644,667,61.49,66.49,71.49,76.49,93.99
 0> ,66712,66655,102520,102482,64,,682,700,680,695,63.21,68.01,72.81,77.61,94.40
 0> ,END, , , , , , , , , , , , , , , , , , ,96.23
 0> <info> app: [OK]	LED Power 110
 0> <info> app: BATT Reading...
 0> <error> app: Pedo write to flash.
 0> <info> app: [OK]	FLASH MEMORY
 0> <info> app: Page for write 686
 0> <info> app: Append Success
 0> <info> app: Save to flash
 0> <info> app: [OK]	HR sample count 707
 0> <info> app: Peak Index,
 0> ,77,164,265,467,559,618
 0> ,END Peak Index,<info> app: HR Index,
 0> ,81,70,76,120<info> app: HR Mean 86 
 0> <info> app: HR SD 19.58 
 0> <info> app: ^_^ Final HR 80 
 0> <info> app: SPO2 Peak Index,
 0> 
 0> ,1090519040,1090519040,1095761920,1103626240,104,,18897,10,0,0,0.00,0.00,0.00,0.00,0.00
 0> ,63612,63478,97495,97407,64,,61,87,53,85,0.00,0.00,0.00,0.00,0.00
 0> ,63531,63480,97437,97403,64,,103,111,103,112,62.74,67.59,72.45,77.30,94.29
 0> ,63538,63528,97437,97428,75,,119,125,120,126,63.56,68.31,73.07,77.83,94.48
 0> ,63555,63537,97454,97438,74,,140,144,139,143,75.73,79.06,82.38,85.71,97.35
 0> ,63553,63531,97441,97433,32,,149,155,149,154,18.75,28.78,38.81,48.83,83.94
 0> ,63548,63509,97433,97411,57,,158,163,158,168,-0.73,11.58,23.90,36.22,79.35
 0> ,63582,63551,97460,97440,63,,211,216,209,216,66.38,70.81,75.23,79.66,95.14
 0> ,63615,63600,97482,97459,87,,228,235,221,241,81.45,84.10,86.76,89.41,98.69
 0> ,63627,63620,97491,97486,67,,246,250,246,250,85.10,87.32,89.54,91.77,99.55
 0> ,63650,63610,97506,97480,63,,256,261,256,261,64.31,68.98,73.65,78.32,94.66
 0> ,63627,63624,97474,97498,103,,267,269,267,269,112.68,111.66,110.64,109.61,106.04
 0> ,63617,63575,97474,97462,12,,270,276,270,276,104.00,104.00,104.00,104.00,104.00
 0> ,63655,63358,97507,97343,56,,313,344,295,351,35.20,43.29,51.38,59.48,87.81
 0> ,63447,63370,97386,97338,62,,369,382,370,381,58.12,63.51,68.91,74.31,93.20
 0> ,63524,63530,97433,97434,77,,433,442,439,442,-22.15,-7.31,7.52,22.37,74.31
 0> ,63575,63531,97472,97442,65,,453,460,451,458,69.45,73.51,77.58,81.64,95.87
 0> ,63575,63573,97441,97453,103,,468,471,468,470,138.49,134.43,130.37,126.31,112.11
 0> ,63634,63582,97517,97468,76,,477,483,476,484,78.42,81.43,84.44,87.45,97.98
 0> ,63623,63579,97497,97459,73,,491,498,491,496,71.58,75.40,79.21,83.02,96.37
 0> ,63651,63600,97508,97468,70,,505,520,512,518,63.90,68.62,73.34,78.05,94.56
 0> ,63690,63630,97531,97475,76,,546,565,539,562,72.27,76.00,79.73,83.47,96.53
 0> ,63798,63518,97576,97419,57,,595,633,596,623,61.15,66.19,71.23,76.27,93.91
 0> ,63625,63470,97487,97398,58,,650,680,650,679,62.48,67.37,72.25,77.13,94.23
 0> ,END, , , , , , , , , , , , , , , , , , ,96.13
 0> <info> app: [OK]	LED Power 105
 0> <info> app: BATT Reading...
 0> <info> app: [OK]	HR sample count 707
 0> <info> app: Peak Index,
 0> ,33,236,339,431,625
 0> ,END Peak Index,<info> app: HR Index,
 0> ,68,76<info> app: HR Mean 72 
 0> <info> app: HR SD 4.00 
 0> <info> app: ^_^ Final HR 79 
 0> <info> app: SPO2 Peak Index,
 0> 
 0> ,-1073741824,1065353216,1086324736,1084227584,17681,,18897,10,0,0,0.00,0.00,0.00,0.00,0.00
 0> ,60520,60395,92396,92290,73,,35,67,34,67,0.00,0.00,0.00,0.00,0.00
 0> ,60470,60203,92338,92184,58,,79,153,80,150,63.05,67.87,72.69,77.50,94.36
 0> ,60334,60246,92259,92189,71,,209,283,209,282,63.77,68.50,73.23,77.97,94.53
 0> ,60307,60286,92236,92214,79,,304,309,301,307,77.35,80.48,83.62,86.75,97.72
 0> ,60343,60208,92262,92185,58,,322,343,322,357,64.16,68.85,73.53,78.22,94.62
 0> ,60275,60232,92219,92198,50,,392,400,394,399,50.48,56.78,63.07,69.37,91.40
 0> ,60293,60062,92229,92093,59,,404,502,407,497,59.50,64.73,69.97,75.20,93.52
 0> ,60121,60108,92135,92126,66,,515,519,509,517,76.03,79.32,82.61,85.90,97.42
 0> ,60114,60071,92116,92071,79,,520,527,520,545,171.40,163.47,155.54,147.61,119.86
 0> ,60213,60206,92160,92157,43,,583,594,589,594,39.53,47.11,54.70,62.28,88.83
 0> ,60306,60270,92212,92170,81,,605,610,600,627,76.33,79.58,82.84,86.09,97.49
 0> ,60323,60122,92206,92082,61,,637,666,632,666,35.55,43.60,51.65,59.70,87.89
 0> ,END, , , , , , , , , , , , , , , , , , ,96.02
 0> <info> app: [OK]	LED Power 100
 0> <info> app: BATT Reading...
 0> <info> app: [OK]	HR sample count 708
 0> <info> app: Peak Index,
 0> ,28,299,483,573,607,656,703
 0> ,END Peak Index,<info> app: HR Index,
 0> ,78,144<info> app: HR Mean 111 
 0> <info> app: HR SD 33.00 
 0> <info> app: ^_^ Final HR 82 
 0> <info> app: SPO2 Peak Index,
 0> 
 0> ,1065353216,0,1086324736,1082130432,104,,18897,10,0,0,0.00,0.00,0.00,0.00,0.00
 0> ,57504,57508,87242,87230,50263,,30,35,29,32,0.00,0.00,0.00,0.00,0.00
 0> ,57562,57465,87273,87210,64,,56,83,55,73,69.36,73.43,77.51,81.58,95.85
 0> ,57475,57488,87229,87232,78,,98,101,98,100,-68.56,-48.25,-27.95,-7.65,63.39
 0> ,57492,57274,87240,87106,61,,102,184,102,181,88.72,90.52,92.32,94.11,100.40
 0> ,57328,57298,87147,87131,55,,193,197,192,197,63.41,68.18,72.96,77.73,94.45
 0> ,57324,57302,87150,87126,80,,202,207,204,210,75.40,78.76,82.12,85.49,97.27
 0> ,57366,57342,87163,87147,65,,218,225,220,225,59.55,64.78,70.01,75.24,93.54
 0> ,57367,57311,87163,87129,61,,233,241,232,240,61.10,66.15,71.20,76.24,93.90
 0> ,57623,57632,87301,87302,78,,291,297,286,297,83.80,86.18,88.55,90.93,99.24
 0> ,57638,57557,87307,87237,74,,299,320,298,319,63.45,68.22,72.99,77.76,94.46
 0> ,57598,57508,87268,87195,72,,325,360,328,359,73.98,77.51,81.04,84.57,96.93
 0> ,57570,57201,87232,87037,55,,379,412,379,408,59.71,64.92,70.13,75.34,93.57
 0> ,57443,57454,87189,87181,60268,,439,442,439,445,92.23,93.61,95.00,96.38,101.23
 0> ,57442,57398,87182,87149,69,,447,451,447,450,68.26,72.46,76.67,80.87,95.59
 0> ,57537,57491,87230,87191,73,,470,493,475,492,59.34,64.59,69.85,75.10,93.49
 0> ,57523,57468,87204,87158,73,,499,527,498,528,53.74,59.65,65.57,71.48,92.17
 0> ,57533,57532,87204,87216,103,,541,543,540,543,683.85,615.63,547.41,479.20,240.43
 0> ,57535,57523,87203,87184,87,,545,568,544,583,111.85,110.93,110.00,109.08,105.84
 0> ,57604,57555,87235,87191,75,,593,610,591,608,71.27,75.12,78.97,82.82,96.29
 0> ,57649,57565,87255,87186,72,,645,677,643,678,69.62,73.66,77.71,81.75,95.91
 0> ,END, , , , , , , , , , , , , , , , , , ,96.22
 0> <info> app: [OK]	LED Power 95
 0> <info> app: [OK]	HR Background stop
 0> <info> app: ^
 0> <info> app: HR A
 0> <info> app: HR C
 0> <info> app: HR D
 0> <info> app: Show HR Result
 0> <info> app: BATT Reading...

# Logging stopped @ 12 Dec 2018 15:44:15
