# SEGGER J-Link RTT Viewer V6.16a Terminal Log File
# Compiled: 12:44:10 on Jun  6 2017
# Logging started @ 12 Dec 2018 16:18:14
 0> <info> app: ALERT_BT_CHECK_WAIT_KRY
 0> <info> app: Right Press
 0> <info> app: ALERT_BT_CHECK_WAIT_KRY
 0> <info> app: ALERT_BT_CHECK_WAIT_KRY
 0> <info> app: ALERT_BT_CHECK_WAIT_KRY
 0> <info> app: ALERT_BT_CHECK_WAIT_KRY
 0> <info> app: ALERT_BT_CHECK_WAIT_KRY
 0> <info> app: ALERT_BT_CHECK_WAIT_KRY
 0> <info> app: ALERT_BT_CHECK_WAIT_KRY
 0> <info> app: ALERT_BT_CHECK_WAIT_KRY
 0> <info> app: ALERT_BT_CHECK_WAIT_KRY
 0> <info> app: ALERT_BT_CHECK_WAIT_KRY
 0> <info> app: ALERT_BT_CHECK_WAIT_KRY
 0> <info> app: ALERT_BT_CHECK_WAIT_KRY
 0> <info> app: ALERT_BT_CHECK_WAIT_KRY
 0> <info> app: ALERT_BT_CHECK_WAIT_KRY
 0> <info> app: ALERT_BT_CHECK_WAIT_KRY
 0> <info> app: ALERT_BT_CHECK_WAIT_KRY
 0>  ALERT_BT_CHECK_WAIT_KRY
 0> <info> app: ALERT_BT_CHECK_WAIT_KRY
 0> <info> app: ALERT_BT_CHECK_WAIT_%©¬
 0> <info> app: ALERT_BT_CHECK_WAIT_KRY
 0> <info> app: ALERT_BT_CHECK_WAIT_KRY
 0> <info> app: ALERT_BT_CHECK_WAIT_KRY
 0> <info> app: ALER”T_CHEC¥/WAIT_KRY
 0>  app: ALERT_BT_CHECK_WAIT_KRY
 0> <info> app: ALERT_BT_CHECK_WAIT_KRY
 0> <info> app: ALERT_BT_CHECK_WAIT_KRY
 0> <info> app: ALERT_BT_CHECK_WAIT_KRY
 0> <info> app: ALERT_BT_CHECK_WAIT_KRY
 0> <info> app: ALERT_BT_CHECK_WAIT_KRY
 0> <info> app: ALERT_BT_CHECK_WAIT_KRY
 0> <info> app: ALERT_BT_CHECK_WAIT_KRY
 0> <info> app: ALERT_BT_CHECK_WAIT_KRY
 0> <info> app: ALERT_BT_CHECK_WAIT_KRY
 0> <info> app: ALERT_BT_CHECK_WAIT_KRY
 0> <info> app: ALERT_BT_CHECK_WAIT_KRY
 0> <info> app: ALERT_BT_CHECK_WAIT_KRY
 0> <info> app: ALERT_BT_CHECK_WAIT_KRY
 0> <info> app: ALERT_BT_CHECK_WAIT_KRY
 0> <info> app: ALERT_BT_CHECK_WAIT_KRY
 0> <info> app: ALERT_BT_CHECK_WAIT_KRY
 0> <info> app: ALERT_BT_CHECK_WAIT_KRY
 0> <info> app: BATT Reading...
 0> <info> app: Right Press
 0> <info> app: BATT Reading...
 0> <info> app: Left Press
 0> <info> app: Left Press
 0> <info> app: Left Press
 0> <info> app: [OK]	Max30102 Already and background working is begin
 0> 
 0> <info> app: BATT Reading...
 0> <info> app: [OK]	HR sample count 708
 0> <info> app: Peak Index,
 0> ,64,166,265,365,464
 0> ,END Peak Index,<info> app: HR Index,
 0> ,69,71,70,71<info> app: HR Mean 70 
 0> <info> app: HR SD 0.82 
 0> <info> app: ^_^ Final HR 70 
 0> <info> app: SPO2 Peak Index,
 0> 
 0> ,-1065353216,0,-1073741824,0,104,,18897,10,0,0,0.00,0.00,0.00,0.00,0.00
 0> ,68585,68579,97076,97054,97,,31,40,30,40,0.00,0.00,0.00,0.00,0.00
 0> ,68588,68581,97068,97061,79,,42,52,42,44,84.14,86.47,88.81,91.15,99.32
 0> ,68582,68584,97068,97036,24853,,55,63,55,62,103.80,103.82,103.84,103.87,103.95
 0> ,68605,68583,97064,97045,76,,77,86,75,88,81.88,84.48,87.08,89.68,98.79
 0> ,68605,68584,97064,97036,85,,99,130,97,127,79.22,82.14,85.05,87.97,98.17
 0> ,68603,68586,97056,97040,78,,135,138,135,141,79.89,82.73,85.56,88.40,98.32
 0> ,68599,68583,97050,97043,49,,148,152,147,150,58.46,63.82,69.18,74.53,93.28
 0> ,68617,68581,97040,97010,75,,157,181,156,190,-319.64,-269.80,-219.96,-170.12,4.31
 0> ,68583,68590,97007,97004,11199,,198,203,198,205,699.63,629.55,559.48,489.40,244.14
 0> ,68614,68575,97034,96972,88,,241,315,243,311,87.13,89.12,91.10,93.08,100.03
 0> ,68613,68581,96982,96951,79,,354,391,359,393,66.34,70.77,75.20,79.63,95.14
 0> ,68602,68585,96964,96941,86,,413,425,412,469,75.45,78.81,82.17,85.52,97.28
 0> ,68613,68591,96961,96928,87,,473,485,475,496,79.64,82.51,85.37,88.24,98.26
 0> ,68616,68609,96947,96950,103,,525,528,519,528,41.78,49.10,56.42,63.74,89.36
 0> ,68615,68602,96953,96938,83,,530,539,534,538,86.87,88.88,90.90,92.91,99.97
 0> ,68625,68595,96956,96899,91,,544,594,546,588,80.57,83.33,86.08,88.84,98.48
 0> ,68623,68606,96929,96884,94,,617,633,610,699,88.33,90.17,92.02,93.86,100.31
 0> ,END, , , , , , , , , , , , , , , , , , ,98.19
 0> <info> app: [OK]	LED Power 125
 0> <info> app: BATT Reading...
 0> <info> app: [OK]	HR sample count 707
 0> <info> app: Peak Index,
 0> ,44,142,235,323,422,513,607
 0> ,END Peak Index,<info> app: HR Index,
 0> ,72,76,80,71,77,75<info> app: HR Mean 75 
 0> <info> app: HR SD 3.02 
 0> <info> app: ^_^ Final HR 73 
 0> <info> app: SPO2 Peak Index,
 0> 
 0> ,-1061158912,-1052770304,-1059061760,-1053818880,87,,18897,10,0,0,0.00,0.00,0.00,0.00,0.00
 0> ,92323,92295,131765,131728,85,,17,66,16,77,0.00,0.00,0.00,0.00,0.00
 0> ,92316,92310,131728,131724,67,,79,86,79,85,-168.93,-136.82,-104.71,-72.60,39.78
 0> ,92310,92304,131741,131725,94,,96,98,95,100,96.57,97.44,98.32,99.19,102.25
 0> ,92330,92302,131745,131684,92,,113,168,111,177,79.20,82.12,85.03,87.95,98.16
 0> ,92331,92327,131715,131716,103,,205,210,206,210,45.22,52.14,59.05,65.97,90.17
 0> ,92326,92308,131711,131690,83,,211,217,211,216,166.36,159.02,151.68,144.35,118.67
 0> ,92308,92322,131694,131714,79,,221,223,221,223,86.77,88.80,90.82,92.85,99.94
 0> ,92325,92316,131698,131677,93,,224,226,224,229,116.33,114.88,113.43,111.97,106.90
 0> ,92322,92295,131682,131653,81,,231,278,231,274,71.94,75.71,79.48,83.25,96.45
 0> ,92323,92305,131671,131642,88,,288,308,288,319,76.07,79.36,82.64,85.93,97.43
 0> ,92339,92306,131658,131589,92,,350,435,343,453,71.98,75.74,79.51,83.28,96.46
 0> ,92335,92314,131609,131573,89,,466,468,463,477,84.47,86.77,89.07,91.36,99.40
 0> ,92335,92299,131606,131540,90,,488,518,486,531,87.00,89.00,91.00,93.00,100.00
 0> ,92330,92303,131564,131540,76,,540,571,547,566,74.38,77.86,81.35,84.83,97.03
 0> ,92323,92309,131558,131543,81,,574,580,574,577,76.43,79.67,82.91,86.16,97.51
 0> ,92325,92307,131573,131552,83,,584,590,582,589,88.49,90.31,92.14,93.96,100.35
 0> ,92325,92305,131567,131515,94,,591,612,591,624,78.39,81.40,84.41,87.42,97.97
 0> ,92331,92308,131516,131502,64,,635,645,635,648,20.78,30.57,40.36,50.15,84.41
 0> ,END, , , , , , , , , , , , , , , , , , ,97.82
 0> <info> app: [OK]	LED Power 120
 0> <info> app: BATT Reading...
 0> <info> app: [OK]	HR sample count 707
 0> <info> app: Peak Index,
 0> ,101,184,264,365,457,531
 0> ,END Peak Index,<info> app: HR Index,
 0> ,85,88,70,76,95<info> app: HR Mean 82 
 0> <info> app: HR SD 8.84 
 0> <info> app: ^_^ Final HR 76 
 0> <info> app: SPO2 Peak Index,
 0> 
 0> ,-1069547520,0,-1073741824,-1073741824,104,,18897,10,0,0,0.00,0.00,0.00,0.00,0.00
 0> ,88423,88412,125826,125833,103,,37,44,37,42,0.00,0.00,0.00,0.00,0.00
 0> ,88426,88411,125851,125836,79,,50,58,49,59,83.17,85.62,88.07,90.52,99.10
 0> ,88434,88415,125860,125839,82,,70,72,67,72,82.62,85.13,87.65,90.16,98.97
 0> ,88441,88408,125833,125829,95,,75,87,75,93,249.02,231.96,214.90,197.83,138.12
 0> ,88428,88412,125828,125806,86,,95,99,95,133,-2691.83,-2362.91,-2033.99,-1705.07,-553.84
 0> ,88441,88418,125832,125788,91,,147,164,144,190,83.83,86.20,88.58,90.95,99.25
 0> ,88452,88430,125809,125778,86,,217,222,206,225,82.21,84.78,87.34,89.90,98.87
 0> ,88455,88444,125796,125788,70,,228,237,234,239,63.46,68.23,73.00,77.76,94.46
 0> ,88466,88435,125810,125742,92,,255,270,249,299,82.06,84.64,87.22,89.80,98.83
 0> ,88467,88440,125764,125743,72,,314,341,317,329,71.35,75.19,79.03,82.87,96.31
 0> ,88469,88445,125762,125709,93,,378,392,358,399,85.46,87.64,89.82,92.00,99.63
 0> ,88458,88447,125740,125695,98,,427,450,427,459,96.40,97.30,98.19,99.08,102.21
 0> ,88487,88471,125722,125671,96,,504,511,503,577,91.40,92.88,94.36,95.84,101.03
 0> ,88505,88496,125708,125677,96,,579,588,581,587,95.68,96.65,97.63,98.61,102.04
 0> ,88526,88486,125702,125645,87,,594,643,592,666,76.22,79.49,82.76,86.02,97.46
 0> ,88513,88493,125666,125647,78,,672,679,670,684,78.91,81.86,84.81,87.76,98.09
 0> ,END, , , , , , , , , , , , , , , , , , ,98.10
 0> <info> app: [OK]	LED Power 115
 0> <info> app: BATT Reading...
 0> <info> app: [OK]	HR sample count 708
 0> <info> app: Peak Index,
 0> ,82,164,259,364,539,639
 0> ,END Peak Index,<info> app: HR Index,
 0> ,86,74,67,70<info> app: HR Mean 74 
 0> <info> app: HR SD 7.22 
 0> <info> app: ^_^ Final HR 75 
 0> <info> app: SPO2 Peak Index,
 0> 
 0> ,0,1065353216,0,0,104,,18897,10,0,0,0.00,0.00,0.00,0.00,0.00
 0> ,84590,84560,119616,119574,86,,51,78,63,87,0.00,0.00,0.00,0.00,0.00
 0> ,84578,84567,119587,119570,88,,98,105,98,118,82.63,85.15,87.66,90.17,98.97
 0> ,84590,84569,119592,119574,75,,120,129,121,126,78.49,81.49,84.49,87.49,97.99
 0> ,84600,84569,119574,119577,103,,134,136,134,136,414.48,377.95,341.42,304.89,177.05
 0> ,84584,84584,119595,119597,104,,147,151,145,151,87.97,89.86,91.74,93.63,100.22
 0> ,84577,84570,119577,119546,98,,152,182,152,194,95.63,96.61,97.60,98.58,102.03
 0> ,84602,84584,119578,119559,81,,226,230,224,230,82.24,84.80,87.36,89.92,98.88
 0> ,84602,84577,119586,119540,90,,237,258,239,281,88.36,90.20,92.04,93.88,100.32
 0> ,84601,84587,119542,119536,47,,284,289,284,292,-17.35,-3.07,11.19,25.47,75.44
 0> ,84598,84588,119545,119537,73,,294,302,294,296,73.99,77.52,81.05,84.58,96.94
 0> ,84601,84583,119567,119541,87,,312,327,309,316,90.84,92.39,93.94,95.48,100.90
 0> ,84612,84595,119576,119545,90,,341,358,339,353,86.57,88.62,90.67,92.72,99.90
 0> ,84605,84585,119540,119532,43,,360,394,360,388,209.65,197.22,184.79,172.36,128.86
 0> ,84604,84603,119524,119545,103,,399,404,399,404,118.18,116.51,114.84,113.17,107.33
 0> ,84611,84602,119543,119547,103,,407,412,407,409,166.86,159.47,152.07,144.67,118.79
 0> ,84620,84597,119568,119522,91,,425,466,428,477,87.51,89.45,91.39,93.33,100.12
 0> ,84610,84601,119533,119529,49,,486,489,486,490,66.83,71.20,75.58,79.95,95.25
 0> ,84620,84596,119536,119533,88,,494,497,492,497,13.26,23.94,34.61,45.29,82.65
 0> ,84635,84613,119557,119530,84,,535,542,530,542,81.40,84.06,86.72,89.38,98.68
 0> ,84634,84615,119543,119525,78,,545,564,546,552,70.81,74.71,78.62,82.52,96.19
 0> ,84635,84617,119555,119530,86,,571,580,566,576,87.04,89.03,91.03,93.02,100.00
 0> ,84618,84618,119545,119519,104,,585,590,584,589,103.44,103.51,103.57,103.64,103.87
 0> ,84619,84611,119548,119540,79,,592,597,592,597,100.58,100.99,101.39,101.79,103.19
 0> ,84626,84628,119551,119548,7629,,600,603,599,603,85.26,87.47,89.67,91.87,99.59
 0> ,84643,84619,119562,119524,88,,613,636,620,633,88.57,90.39,92.20,94.02,100.37
 0> ,84624,84623,119531,119517,102,,663,690,663,670,98.31,98.98,99.65,100.32,102.66
 0> ,END, , , , , , , , , , , , , , , , , , ,98.04
 0> <info> app: [OK]	LED Power 110
 0> <info> app: BATT Reading...
 0> <info> app: [OK]	HR sample count 707
 0> <info> app: Peak Index,
 0> ,26,421
 0> ,END Peak Index,<info> app: SPO2 Peak Index,
 0> 
 0> ,1065353216,1065353216,1065353216,0,104,,18897,36340,0,0,0.00,0.00,0.00,0.00,0.00
 0> ,80889,80880,113649,113631,92,,26,52,26,60,0.00,0.00,0.00,0.00,0.00
 0> ,80907,80894,113655,113644,75,,86,93,88,92,74.88,78.31,81.73,85.16,97.14
 0> ,80914,80898,113661,113653,56,,97,99,96,99,69.08,73.19,77.30,81.40,95.78
 0> ,80911,80891,113661,113640,81,,109,115,110,117,77.97,81.03,84.09,87.15,97.87
 0> ,80912,80886,113652,113609,89,,121,150,121,153,70.20,74.17,78.15,82.13,96.04
 0> ,80906,80887,113623,113599,85,,176,211,174,229,76.11,79.39,82.67,85.95,97.43
 0> ,80904,80881,113599,113584,67,,243,245,242,248,51.31,57.51,63.71,69.91,91.60
 0> ,80927,80891,113617,113569,86,,308,354,257,366,75.88,79.18,82.49,85.80,97.38
 0> ,80924,80905,113601,113573,87,,387,393,384,417,87.49,89.43,91.37,93.32,100.11
 0> ,80933,80914,113582,113561,82,,429,456,429,455,61.35,66.37,71.38,76.40,93.96
 0> ,80949,80932,113591,113584,46,,477,481,457,481,87.20,89.17,91.15,93.13,100.04
 0> ,80949,80919,113597,113543,90,,500,549,505,559,84.78,87.04,89.30,91.56,99.47
 0> ,80946,80931,113553,113534,85,,579,586,578,584,79.54,82.41,85.29,88.17,98.24
 0> ,80957,80929,113567,113511,92,,593,617,594,645,86.84,88.86,90.88,92.89,99.96
 0> ,80968,80936,113513,113503,27,,659,673,659,675,-36.34,-19.83,-3.32,13.18,70.97
 0> ,END, , , , , , , , , , , , , , , , , , ,97.70
 0> <info> app: [OK]	LED Power 105
 0> <info> app: BATT Reading...
 0> <info> app: [OK]	HR sample count 708
 0> <info> app: Peak Index,
 0> ,76,163,255,353,538,636
 0> ,END Peak Index,<info> app: HR Index,
 0> ,81,76,72,72<info> app: HR Mean 75 
 0> <info> app: HR SD 3.69 
 0> <info> app: ^_^ Final HR 75 
 0> <info> app: SPO2 Peak Index,
 0> 
 0> ,1065353216,0,1065353216,0,104,,18897,10,0,0,0.00,0.00,0.00,0.00,0.00
 0> ,77065,77059,107632,107614,96,,29,31,28,35,0.00,0.00,0.00,0.00,0.00
 0> ,77077,77060,107634,107603,90,,42,47,41,45,88.54,90.36,92.18,94.00,100.36
 0> ,77082,77064,107639,107606,91,,52,117,50,117,89.59,91.29,92.98,94.68,100.61
 0> ,77085,77075,107633,107612,92,,122,125,122,125,89.57,91.27,92.97,94.66,100.60
 0> ,77090,77080,107619,107633,103,,144,147,143,146,127.05,124.33,121.62,118.91,109.42
 0> ,77105,77080,107648,107634,61,,152,158,149,157,63.70,68.44,73.18,77.92,94.51
 0> ,77094,77079,107623,107598,89,,159,172,159,161,56.28,61.90,67.51,73.12,92.77
 0> ,77109,77101,107635,107628,76,,188,196,180,196,86.43,88.50,90.56,92.63,99.86
 0> ,77107,77094,107617,107630,103,,197,199,197,199,120.95,118.95,116.96,114.96,107.98
 0> ,77110,77104,107623,107631,103,,201,204,201,204,142.48,137.95,133.42,128.90,113.05
 0> ,77101,77109,107642,107635,55533,,212,216,213,216,122.78,120.57,118.36,116.15,108.42
 0> ,77107,77102,107641,107631,92,,219,226,220,224,103.70,103.73,103.77,103.80,103.93
 0> ,77105,77079,107636,107608,81,,228,241,227,269,81.96,84.55,87.14,89.74,98.81
 0> ,77110,77114,107623,107624,80,,287,290,287,289,177.43,168.79,160.15,151.51,121.27
 0> ,77125,77125,107635,107618,104,,292,296,292,295,91.57,93.03,94.49,95.95,101.07
 0> ,77129,77115,107641,107638,6,,297,300,297,300,93.71,94.92,96.13,97.34,101.58
 0> ,77126,77117,107652,107632,93,,304,314,304,313,88.38,90.22,92.05,93.89,100.32
 0> ,77139,77114,107659,107625,86,,358,366,337,371,84.52,86.81,89.10,91.39,99.41
 0> ,77129,77112,107644,107631,72,,382,411,381,413,82.78,85.28,87.77,90.27,99.00
 0> ,77137,77122,107653,107625,91,,441,451,439,447,88.38,90.22,92.05,93.89,100.32
 0> ,77138,77126,107653,107630,91,,460,466,457,471,91.55,93.01,94.48,95.94,101.07
 0> ,77157,77131,107651,107636,62,,477,489,481,493,66.85,71.22,75.59,79.96,95.26
 0> ,77148,77134,107657,107639,85,,507,517,502,513,85.80,87.94,90.08,92.22,99.71
 0> ,77152,77139,107660,107649,75,,520,527,520,526,78.93,81.88,84.83,87.77,98.10
 0> ,77147,77132,107639,107622,83,,529,539,529,543,145.53,140.65,135.76,130.87,113.77
 0> ,77140,77139,107638,107625,102,,566,586,566,581,97.34,98.12,98.91,99.69,102.43
 0> ,77163,77141,107657,107626,87,,593,605,591,603,86.50,88.56,90.62,92.68,99.88
 0> ,77151,77150,107657,107640,102,,606,612,606,611,95.97,96.91,97.86,98.80,102.11
 0> ,77164,77142,107659,107626,88,,622,643,623,644,87.67,89.59,91.51,93.43,100.15
 0> ,END, , , , , , , , , , , , , , , , , , ,98.28
 0> <info> app: [OK]	LED Power 100
 0> <info> app: BATT Reading...
 0> <error> app: Pedo write to flash.
 0> <info> app: [OK]	FLASH MEMORY
 0> <info> app: Page for write 702
 0> <info> app: Append Success
 0> <info> app: Save to flash
 0> <info> app: [OK]	HR sample count 707
 0> <info> app: Peak Index,
 0> ,72,108,176,367,543
 0> ,END Peak Index,<info> app: HR Index,
 0> ,104<info> app: HR Mean 104 
 0> <info> app: HR SD 0.00 
 0> <info> app: ^_^ Final HR 77 
 0> <info> app: SPO2 Peak Index,
 0> 
 0> ,0,0,0,0,104,,18897,10,0,0,0.00,0.00,0.00,0.00,0.00
 0> ,73111,73083,101630,101597,83,,45,65,35,68,0.00,0.00,0.00,0.00,0.00
 0> ,73098,73077,101620,101580,91,,74,107,73,129,88.22,90.07,91.93,93.79,100.28
 0> ,73105,73081,101622,101591,85,,149,162,149,161,87.21,89.19,91.16,93.14,100.05
 0> ,73082,73110,101592,101608,80,,166,168,166,168,65.12,69.69,74.27,78.84,94.85
 0> ,73099,73086,101605,101588,85,,170,176,169,172,163.06,156.11,149.16,142.22,117.89
 0> ,73107,73077,101601,101587,53,,177,185,177,182,65.49,70.02,74.55,79.08,94.93
 0> ,73094,73077,101586,101567,82,,186,189,186,206,-68.17,-47.91,-27.66,-7.40,63.48
 0> ,73110,73086,101584,101561,79,,220,227,215,226,73.23,76.85,80.47,84.09,96.76
 0> ,73106,73092,101592,101562,92,,239,245,241,245,91.48,92.96,94.43,95.90,101.05
 0> ,73114,73095,101586,101546,92,,270,314,264,311,86.73,88.76,90.79,92.82,99.93
 0> ,73107,73098,101554,101557,103,,315,321,315,317,-305.95,-257.72,-209.49,-161.26,7.54
 0> ,73128,73099,101581,101564,63,,331,342,337,345,67.29,71.61,75.93,80.25,95.36
 0> ,73129,73109,101591,101573,77,,434,437,364,437,84.91,87.16,89.40,91.65,99.50
 0> ,73128,73106,101586,101537,93,,438,454,440,453,81.06,83.76,86.46,89.16,98.60
 0> ,73133,73108,101566,101544,77,,480,506,497,508,77.76,80.85,83.93,87.02,97.82
 0> ,73131,73130,101545,101565,103,,518,520,518,520,109.92,109.23,108.53,107.83,105.39
 0> ,73145,73122,101566,101547,75,,523,528,521,526,-2.24,10.25,22.75,35.25,79.00
 0> ,73137,73112,101561,101518,90,,533,561,533,551,86.37,88.44,90.52,92.59,99.85
 0> ,73128,73125,101543,101560,103,,592,594,591,594,110.35,109.60,108.86,108.11,105.49
 0> ,73149,73130,101555,101553,120,,603,605,602,605,-5066.15,-4457.90,-3849.64,-3241.39,-1112.50
 0> ,73135,73122,101540,101541,103,,606,611,606,609,118.95,117.19,115.43,113.67,107.51
 0> ,73152,73121,101552,101523,78,,616,628,614,638,53.29,59.25,65.22,71.18,92.06
 0> ,END, , , , , , , , , , , , , , , , , , ,97.51
 0> <info> app: [OK]	LED Power 95
 0> <info> app: [OK]	HR Background stop
 0> <info> app: [OK]	FLASH MEMORY
 0> <info> app: ^
 0> <info> app: HR A
 0> <info> app: HR C
 0> <info> app: HR D
 0> <info> app: Show HR Result
 0> <info> app: BATT Reading...
