# SEGGER J-Link RTT Viewer V6.16a Terminal Log File
# Compiled: 12:44:10 on Jun  6 2017
# Logging started @ 12 Dec 2018 16:28:18
 0> <info> app: Left Press
 0> <info> app: Left Press
 0> <info> app: BATT Reading...
 0> <info> app: [OK]	Max30102 Already and background working is begin
 0> 
 0> <info> app: BATT Reading...
 0> <error> app: Pedo write to flash.
 0> <info> app: [OK]	FLASH MEMORY
 0> <info> app: Page for write 704
 0> <info> app: Append Success
 0> <info> app: Save to flash
 0> <info> app: [OK]	HR sample count 707
 0> <info> app: Peak Index,
 0> ,68,164,269,448,549
 0> ,END Peak Index,<info> app: HR Index,
 0> ,73,67,70<info> app: HR Mean 70 
 0> <info> app: HR SD 2.44 
 0> <info> app: ^_^ Final HR 70 
 0> <info> app: SPO2 Peak Index,
 0> 
 0> ,0,1065353216,0,0,104,,18897,10,0,0,0.00,0.00,0.00,0.00,0.00
 0> ,71886,71864,91024,91011,67,,30,33,29,33,0.00,0.00,0.00,0.00,0.00
 0> ,71913,71892,91041,90999,93,,99,102,51,101,89.58,91.28,92.97,94.67,100.60
 0> ,71908,71908,91009,91013,104,,107,109,106,109,25.30,34.56,43.82,53.08,85.48
 0> ,71904,71901,91007,91007,104,,111,114,111,113,95.39,96.40,97.41,98.43,101.97
 0> ,71918,71904,91023,91002,89,,117,123,115,125,83.54,85.95,88.36,90.76,99.18
 0> ,71931,71917,91038,90995,96,,152,159,156,172,95.24,96.27,97.30,98.33,101.94
 0> ,71950,71923,91032,90995,88,,205,223,199,228,87.32,89.28,91.24,93.20,100.07
 0> ,71947,71935,91026,91011,86,,239,247,237,243,87.91,89.81,91.70,93.59,100.21
 0> ,71948,71949,91003,91006,82,,248,251,248,250,150.13,144.70,139.27,133.85,114.85
 0> ,71959,71929,91025,91009,63,,253,261,253,261,87.44,89.38,91.33,93.28,100.10
 0> ,71954,71949,91022,91002,98,,264,269,264,268,80.47,83.24,86.01,88.77,98.46
 0> ,71955,71936,91016,90996,83,,275,294,273,294,91.05,92.58,94.10,95.62,100.95
 0> ,71963,71946,91014,90993,86,,309,326,309,330,79.07,82.00,84.94,87.87,98.13
 0> ,71968,71949,91002,90997,22,,346,349,346,349,29.96,38.67,47.38,56.09,86.58
 0> ,71971,71947,91019,90986,88,,357,362,357,362,86.63,88.68,90.72,92.76,99.91
 0> ,72001,71980,91025,90984,92,,431,462,441,474,87.39,89.34,91.29,93.25,100.09
 0> ,72024,72006,91032,91000,91,,526,560,528,558,88.60,90.41,92.22,94.03,100.37
 0> ,72040,72016,91031,91008,81,,601,616,606,611,79.87,82.71,85.54,88.38,98.32
 0> ,72035,72030,91015,91011,77,,625,631,625,629,55.20,60.94,66.68,72.42,92.51
 0> ,72035,72040,91008,91014,82,,632,638,632,634,119.98,118.10,116.22,114.34,107.76
 0> ,72047,72033,90999,91006,103,,639,642,639,643,121.80,119.70,117.61,115.51,108.18
 0> ,72050,72045,91022,91014,90,,652,657,650,655,86.94,88.95,90.95,92.96,99.98
 0> ,72041,72056,91010,91028,82,,658,660,658,660,90.72,92.28,93.84,95.40,100.87
 0> ,72053,72036,91024,91010,77,,665,672,662,669,104.00,104.00,104.00,104.00,104.00
 0> ,72053,72051,91011,91035,103,,674,676,674,676,116.10,114.68,113.25,111.83,106.84
 0> ,72067,72060,91042,91037,73,,679,684,681,684,56.84,62.38,67.93,73.48,92.90
 0> ,72057,72049,91023,91013,86,,685,693,685,687,97.63,98.38,99.13,99.88,102.50
 0> ,END, , , , , , , , , , , , , , , , , , ,99.00
 0> <info> app: [OK]	LED Power 125
 0> <info> app: BATT Reading...
 0> <info> app: [OK]	HR sample count 707
 0> <info> app: Peak Index,
 0> ,60,252,439,550
 0> ,END Peak Index,<info> app: HR Index,
 0> ,63<info> app: HR Mean 63 
 0> <info> app: HR SD 0.00 
 0> <info> app: ^_^ Final HR 68 
 0> <info> app: SPO2 Peak Index,
 0> 
 0> ,0,1077936128,1084227584,1077936128,8588,,18897,10,0,0,0.00,0.00,0.00,0.00,0.00
 0> ,97110,97096,124475,124463,78,,23,32,25,30,0.00,0.00,0.00,0.00,0.00
 0> ,97121,97107,124488,124498,103,,40,42,39,42,386.45,353.22,319.99,286.76,170.45
 0> ,97124,97087,124497,124448,87,,45,75,45,74,-7.22,5.86,18.94,32.03,77.82
 0> ,97109,97080,124470,124440,82,,86,94,84,106,80.82,83.55,86.27,89.00,98.54
 0> ,97078,97084,124443,124451,82,,123,128,123,129,81.01,83.71,86.42,89.12,98.59
 0> ,97090,97094,124467,124466,62615,,133,135,132,135,106.92,106.58,106.24,105.89,104.68
 0> ,97092,97092,124457,124457,104,,136,143,136,139,98.35,99.01,99.67,100.34,102.67
 0> ,97110,97089,124483,124463,81,,179,195,154,192,85.99,88.11,90.23,92.35,99.76
 0> ,97107,97092,124481,124474,57,,197,205,197,203,74.82,78.26,81.69,85.12,97.13
 0> ,97102,97098,124481,124465,98,,211,214,207,214,91.27,92.76,94.26,95.76,101.00
 0> ,97120,97104,124504,124504,104,,221,233,221,232,85.90,88.03,90.16,92.29,99.74
 0> ,97115,97092,124486,124475,58,,234,248,234,242,125.08,122.60,120.12,117.64,108.96
 0> ,97101,97086,124492,124478,80,,256,268,256,268,87.84,89.74,91.64,93.54,100.19
 0> ,97107,97089,124504,124494,64,,279,295,289,294,71.03,74.91,78.78,82.66,96.24
 0> ,97101,97074,124514,124490,79,,297,303,298,306,87.90,89.79,91.69,93.58,100.21
 0> ,97101,97084,124505,124484,86,,311,328,315,343,72.47,76.18,79.89,83.60,96.58
 0> ,97116,97083,124519,124490,79,,368,389,366,383,81.43,84.09,86.74,89.40,98.69
 0> ,97114,97095,124537,124509,89,,422,430,420,433,89.87,91.53,93.19,94.86,100.67
 0> ,97120,97103,124536,124516,85,,450,469,451,463,84.01,86.37,88.72,91.07,99.29
 0> ,97130,97123,124543,124536,82,,485,517,514,517,49.34,55.77,62.20,68.63,91.14
 0> ,97138,97116,124555,124538,75,,521,533,522,539,84.31,86.62,88.94,91.26,99.36
 0> ,97126,97119,124547,124531,94,,541,547,541,550,86.41,88.48,90.55,92.62,99.86
 0> ,97129,97119,124547,124531,90,,556,565,556,564,90.37,91.97,93.58,95.18,100.79
 0> ,97126,97112,124543,124525,87,,566,577,567,574,92.02,93.43,94.84,96.24,101.18
 0> ,97125,97115,124547,124534,87,,582,586,581,584,88.26,90.11,91.96,93.81,100.29
 0> ,97133,97108,124567,124537,85,,589,611,593,600,90.88,92.42,93.96,95.51,100.91
 0> ,97139,97108,124563,124537,78,,618,628,621,632,78.00,81.06,84.12,87.18,97.88
 0> ,97144,97123,124564,124543,82,,648,659,648,660,79.65,82.51,85.38,88.24,98.27
 0> ,97122,97117,124547,124557,103,,668,675,668,673,115.21,113.89,112.57,111.25,106.63
 0> ,97151,97129,124579,124563,74,,682,689,680,688,72.20,75.94,79.68,83.42,96.51
 0> ,97138,97136,124589,124566,102,,696,699,692,698,100.39,100.81,101.24,101.66,103.15
 0> ,END, , , , , , , , , , , , , , , , , , ,98.32
 0> <info> app: [OK]	LED Power 120
 0> <info> app: BATT Reading...
 0> <info> app: [OK]	HR sample count 708
 0> <info> app: Peak Index,
 0> ,189,382,478,584
 0> ,END Peak Index,<info> app: HR Index,
 0> ,73,66<info> app: HR Mean 69 
 0> <info> app: HR SD 3.50 
 0> <info> app: ^_^ Final HR 68 
 0> <info> app: SPO2 Peak Index,
 0> 
 0> ,0,0,0,0,104,,18897,10,0,0,0.00,0.00,0.00,0.00,0.00
 0> ,93047,93041,119028,119017,92,,13,17,13,16,0.00,0.00,0.00,0.00,0.00
 0> ,93043,93037,119019,119009,90,,20,28,20,23,93.77,94.97,96.17,97.38,101.59
 0> ,93047,93046,119018,119018,104,,29,31,29,33,61.71,66.69,71.66,76.63,94.05
 0> ,93057,93027,119038,119016,74,,35,49,35,46,87.69,89.61,91.53,93.45,100.16
 0> ,93052,93035,119034,119012,87,,51,58,50,70,76.94,80.12,83.30,86.49,97.63
 0> ,93031,93037,119014,119014,104,,77,85,77,84,221.59,207.75,193.92,180.08,131.66
 0> ,93041,93027,119005,118996,70,,93,108,93,99,13.65,24.28,34.91,45.54,82.74
 0> ,93047,93025,119032,119010,82,,121,126,123,127,84.56,86.85,89.13,91.42,99.42
 0> ,93045,93017,119022,119013,36,,132,141,132,142,58.12,63.52,68.92,74.31,93.20
 0> ,93037,93041,119012,119023,82,,144,146,144,146,124.29,121.91,119.52,117.13,108.77
 0> ,93046,93032,119028,119013,83,,148,150,147,151,74.48,77.95,81.42,84.90,97.05
 0> ,93036,93042,119014,119026,82,,154,156,154,156,95.47,96.47,97.47,98.48,101.99
 0> ,93044,93039,119026,119014,94,,160,162,157,162,60.50,65.62,70.73,75.85,93.76
 0> ,93058,93022,119022,118998,71,,170,195,167,183,61.42,66.43,71.44,76.45,93.98
 0> ,93040,93011,119011,118994,66,,206,230,208,232,72.97,76.62,80.27,83.92,96.69
 0> ,93039,93001,119016,118971,85,,260,319,260,286,83.89,86.25,88.62,90.98,99.26
 0> ,93036,93015,119013,118980,90,,359,409,357,391,86.57,88.62,90.67,92.72,99.89
 0> ,93038,93030,119007,118991,93,,426,430,423,429,90.68,92.25,93.82,95.38,100.86
 0> ,93026,93019,118983,119004,103,,431,433,431,433,103.50,103.55,103.61,103.67,103.88
 0> ,93026,93026,118993,118986,104,,436,439,434,442,112.45,111.46,110.46,109.47,105.98
 0> ,93046,93016,118992,118963,81,,448,508,448,531,42.64,49.86,57.08,64.30,89.56
 0> ,93049,93028,118993,118979,71,,540,544,541,545,77.85,80.93,84.00,87.08,97.84
 0> ,93053,93048,119003,119005,103,,550,560,556,560,26.86,35.94,45.01,54.09,85.85
 0> ,93046,93052,118982,118989,82,,561,564,561,563,100.30,100.74,101.17,101.61,103.13
 0> ,93047,93031,119000,118976,89,,568,573,567,573,98.18,98.86,99.55,100.23,102.63
 0> ,93050,93019,119001,118945,91,,577,590,577,634,86.44,88.51,90.57,92.64,99.87
 0> ,93055,93033,118974,118941,89,,649,671,639,679,84.95,87.19,89.43,91.67,99.51
 0> ,END, , , , , , , , , , , , , , , , , , ,98.12
 0> <info> app: [OK]	LED Power 115
 0> <info> app: BATT Reading...
 0> <info> app: [OK]	HR sample count 707
 0> <info> app: Peak Index,
 0> ,84,200,303,407,506
 0> ,END Peak Index,<info> app: HR Index,
 0> ,61,68,68,71<info> app: HR Mean 67 
 0> <info> app: HR SD 3.67 
 0> <info> app: ^_^ Final HR 68 
 0> <info> app: SPO2 Peak Index,
 0> 
 0> ,0,0,1073741824,1065353216,104,,18927,10,0,0,0.00,0.00,0.00,0.00,0.00
 0> ,88950,88931,113633,113613,83,,41,64,49,63,0.00,0.00,0.00,0.00,0.00
 0> ,88958,88918,113633,113585,85,,75,112,72,112,78.10,81.15,84.19,87.24,97.90
 0> ,88948,88921,113603,113587,67,,120,137,121,128,66.62,71.02,75.42,79.81,95.20
 0> ,88953,88949,113626,113612,97,,152,158,153,158,89.65,91.34,93.03,94.71,100.62
 0> ,88955,88937,113628,113612,79,,165,180,162,171,90.67,92.24,93.81,95.37,100.86
 0> ,88973,88952,113633,113610,84,,199,204,193,223,80.02,82.84,85.66,88.48,98.35
 0> ,88969,88973,113645,113627,62504,,230,232,226,232,105.85,105.63,105.41,105.19,104.43
 0> ,88977,88956,113647,113619,87,,237,245,238,244,94.46,95.58,96.70,97.83,101.75
 0> ,88986,88960,113641,113623,72,,249,254,250,259,73.96,77.49,81.02,84.56,96.93
 0> ,89002,88978,113659,113637,80,,285,289,283,302,83.92,86.29,88.65,91.01,99.27
 0> ,88994,88993,113640,113643,103,,309,313,309,313,196.86,185.94,175.01,164.08,125.85
 0> ,88994,88992,113639,113652,103,,316,318,316,318,107.69,107.26,106.82,106.39,104.86
 0> ,89004,88994,113663,113638,95,,322,326,320,328,86.69,88.73,90.76,92.80,99.92
 0> ,89009,89002,113644,113634,88,,342,344,342,347,84.86,87.11,89.36,91.61,99.49
 0> ,89026,89013,113672,113667,47,,355,371,365,375,78.75,81.72,84.69,87.66,98.06
 0> ,89026,89021,113675,113670,82,,379,385,379,383,75.85,79.16,82.47,85.78,97.37
 0> ,89029,89028,113662,113676,103,,390,394,390,393,111.31,110.45,109.59,108.73,105.72
 0> ,89034,89020,113668,113667,199,,395,400,395,402,130.53,127.40,124.28,121.16,110.24
 0> ,89055,89055,113696,113685,104,,449,460,448,459,94.37,95.51,96.64,97.77,101.73
 0> ,89059,89051,113696,113697,103,,465,467,464,467,61.47,66.48,71.48,76.48,93.99
 0> ,89079,89039,113717,113685,76,,496,550,499,551,75.56,78.90,82.25,85.59,97.30
 0> ,89071,89049,113704,113688,74,,562,573,566,572,69.51,73.57,77.62,81.68,95.88
 0> ,89067,89046,113720,113694,86,,609,616,593,614,88.64,90.45,92.26,94.06,100.38
 0> ,89066,89045,113714,113720,103,,621,628,624,628,-206.26,-169.76,-133.25,-96.75,30.99
 0> ,89078,89050,113710,113697,57,,632,635,631,635,4684.43,4145.56,3606.68,3067.81,1181.75
 0> ,89062,89064,113707,113712,82,,638,642,638,641,51.90,58.03,64.16,70.29,91.74
 0> ,89067,89053,113715,113700,83,,645,653,643,654,77.12,80.28,83.45,86.61,97.67
 0> ,89068,89052,113717,113703,79,,665,672,664,667,80.90,83.62,86.34,89.05,98.56
 0> ,89070,89062,113736,113705,98,,680,682,676,682,97.17,97.97,98.78,99.58,102.39
 0> ,END, , , , , , , , , , , , , , , , , , ,97.84
 0> <info> app: [OK]	LED Power 110
 0> <info> app: BATT Reading...
 0> <info> app: [OK]	HR sample count 708
 0> <info> app: Peak Index,
 0> ,298,461,603
 0> ,END Peak Index,<info> app: HR Index,
 0> ,43,49<info> app: HR Mean 46 
 0> <info> app: HR SD 3.00 
 0> <info> app: ^_^ Final HR 64 
 0> <info> app: SPO2 Peak Index,
 0> 
 0> ,1073741824,1065353216,0,1099431936,103,,18897,10,0,0,0.00,0.00,0.00,0.00,0.00
 0> ,84787,84763,107948,107918,86,,7,32,8,24,0.00,0.00,0.00,0.00,0.00
 0> ,84786,84772,107938,107932,53,,35,41,36,42,63.41,68.19,72.96,77.73,94.45
 0> ,84791,84770,107941,107930,62,,45,48,45,58,57.49,62.96,68.43,73.90,93.05
 0> ,84790,84777,107946,107923,91,,60,80,60,70,82.09,84.67,87.24,89.82,98.84
 0> ,84799,84778,107943,107928,73,,87,94,88,96,75.86,79.17,82.48,85.79,97.38
 0> ,84810,84786,107940,107915,83,,100,121,105,116,67.36,71.67,75.98,80.29,95.37
 0> ,84811,84773,107939,107898,83,,124,134,125,134,85.35,87.55,89.74,91.93,99.61
 0> ,84793,84769,107923,107900,81,,146,160,145,151,84.05,86.40,88.75,91.09,99.30
 0> ,84801,84783,107932,107913,83,,169,174,167,174,82.32,84.87,87.42,89.97,98.89
 0> ,84813,84803,107937,107931,67,,196,202,197,202,70.45,74.40,78.34,82.29,96.10
 0> ,84815,84806,107912,107914,103,,204,213,204,210,120.80,118.82,116.84,114.87,107.95
 0> ,84823,84811,107935,107915,91,,222,225,218,227,90.03,91.68,93.32,94.96,100.71
 0> ,84815,84799,107922,107913,65,,229,232,229,232,73.88,77.43,80.97,84.51,96.91
 0> ,84826,84784,107946,107911,78,,257,307,274,302,83.75,86.13,88.51,90.90,99.23
 0> ,84806,84764,107923,107875,85,,314,354,313,350,77.31,80.45,83.59,86.73,97.72
 0> ,84846,84843,107938,107922,99,,387,399,394,397,76.60,79.82,83.04,86.27,97.55
 0> ,84896,84885,107980,107958,93,,433,435,432,436,92.77,94.09,95.41,96.73,101.35
 0> ,84914,84905,107990,107977,89,,451,454,450,455,89.39,91.11,92.83,94.55,100.56
 0> ,84935,84912,108004,107990,68,,466,473,467,473,73.83,77.38,80.93,84.48,96.90
 0> ,84926,84910,107996,107976,86,,479,482,477,485,72.92,76.57,80.23,83.89,96.68
 0> ,84920,84915,107995,107973,99,,491,494,488,495,97.21,98.00,98.80,99.60,102.40
 0> ,84915,84913,107979,107974,95,,501,503,501,503,97.59,98.34,99.10,99.85,102.49
 0> ,84934,84874,107995,107943,79,,518,532,518,530,80.71,83.45,86.19,88.93,98.52
 0> ,84943,84928,107992,108003,103,,565,567,561,567,411.78,375.57,339.36,303.15,176.42
 0> ,84938,84919,107998,107976,85,,573,587,572,579,60.07,65.24,70.40,75.57,93.66
 0> ,84940,84914,108004,107965,89,,591,601,590,607,89.00,90.76,92.52,94.29,100.47
 0> ,84930,84917,107986,107974,80,,614,625,616,621,83.57,85.97,88.38,90.78,99.19
 0> ,84938,84917,107981,107970,62,,627,632,628,631,57.68,63.13,68.57,74.02,93.10
 0> ,84939,84927,107994,107994,104,,636,641,635,641,77.64,80.74,83.84,86.94,97.79
 0> ,84944,84935,108007,107993,90,,645,652,645,652,81.20,83.88,86.57,89.25,98.63
 0> ,84950,84929,108014,107998,75,,654,667,657,665,86.09,88.20,90.30,92.41,99.78
 0> ,84943,84924,108018,108004,74,,674,682,670,682,84.63,86.91,89.19,91.47,99.44
 0> ,84944,84930,108013,108011,47,,685,701,684,697,52.93,58.94,64.95,70.95,91.98
 0> ,END, , , , , , , , , , , , , , , , , , ,97.91
 0> <info> app: [OK]	LED Power 105
 0> <info> app: BATT Reading...
 0> <info> app: [OK]	HR sample count 707
 0> <info> app: Peak Index,
 0> ,147,343,435,525,563,636
 0> ,END Peak Index,<info> app: HR Index,
 0> ,76,78,96<info> app: HR Mean 83 
 0> <info> app: HR SD 8.99 
 0> <info> app: ^_^ Final HR 68 
 0> <info> app: SPO2 Peak Index,
 0> 
 0> ,1082130432,1077936128,1082130432,1093664768,103,,18897,10,0,0,0.00,0.00,0.00,0.00,0.00
 0> ,81148,81122,102474,102433,90,,28,48,28,44,0.00,0.00,0.00,0.00,0.00
 0> ,81131,81128,102454,102448,93,,56,59,55,60,94.68,95.78,96.87,97.97,101.80
 0> ,81139,81124,102465,102448,85,,76,79,67,78,85.81,87.95,90.09,92.23,99.72
 0> ,81163,81137,102487,102474,61,,108,115,95,113,80.77,83.50,86.24,88.97,98.53
 0> ,81151,81149,102473,102487,103,,117,119,117,119,121.76,119.67,117.58,115.49,108.18
 0> ,81158,81143,102492,102475,85,,120,125,121,127,77.16,80.32,83.47,86.63,97.68
 0> ,81157,81150,102502,102479,97,,130,141,138,141,93.36,94.62,95.87,97.12,101.49
 0> ,81164,81149,102504,102488,83,,158,164,150,163,89.15,90.90,92.64,94.39,100.50
 0> ,81159,81146,102506,102486,90,,170,172,168,173,90.15,91.78,93.41,95.04,100.74
 0> ,81162,81142,102510,102491,81,,184,191,181,189,85.49,87.67,89.85,92.02,99.64
 0> ,81169,81144,102487,102509,103,,194,196,194,196,136.86,133.00,129.13,125.26,111.73
 0> ,81158,81138,102524,102488,92,,207,213,207,214,90.20,91.82,93.44,95.07,100.75
 0> ,81173,81158,102532,102510,89,,222,243,238,249,82.46,84.99,87.52,90.06,98.93
 0> ,81178,81160,102529,102514,78,,269,274,267,283,80.69,83.43,86.17,88.92,98.51
 0> ,81197,81152,102564,102526,78,,327,351,331,349,81.88,84.48,87.08,89.68,98.79
 0> ,81217,81204,102577,102570,64,,376,384,375,390,80.19,82.99,85.79,88.59,98.39
 0> ,81219,81205,102574,102576,103,,392,396,392,394,-203.78,-167.57,-131.36,-95.15,31.57
 0> ,81222,81209,102579,102579,104,,399,402,399,401,-271.79,-227.58,-183.37,-139.15,15.57
 0> ,81232,81226,102598,102591,85,,406,409,405,408,80.50,83.27,86.03,88.79,98.47
 0> ,81246,81237,102613,102600,89,,410,425,419,424,77.77,80.85,83.94,87.03,97.82
 0> ,81248,81232,102620,102594,90,,428,430,427,434,90.21,91.83,93.45,95.07,100.75
 0> ,81250,81233,102613,102600,75,,441,470,444,470,82.04,84.62,87.21,89.79,98.83
 0> ,81263,81252,102631,102620,82,,486,508,500,508,72.94,76.59,80.25,83.90,96.69
 0> ,81262,81250,102633,102612,91,,516,521,513,519,89.50,91.21,92.91,94.62,100.58
 0> ,81260,81256,102611,102633,103,,522,524,522,524,116.63,115.14,113.65,112.17,106.97
 0> ,81262,81255,102614,102613,46,,525,528,525,532,112.13,111.17,110.21,109.26,105.91
 0> ,81265,81249,102649,102620,92,,547,554,549,556,94.05,95.22,96.39,97.56,101.65
 0> ,81259,81256,102627,102621,93,,559,567,559,562,79.86,82.70,85.54,88.38,98.32
 0> ,81268,81261,102637,102617,96,,568,572,568,572,91.16,92.67,94.18,95.69,100.98
 0> ,81294,81273,102649,102645,8,,578,582,579,582,59.32,64.58,69.83,75.09,93.48
 0> ,81278,81261,102651,102644,51,,585,588,584,588,66.70,71.09,75.48,79.86,95.22
 0> ,81291,81270,102653,102645,47,,591,597,591,598,37.36,45.20,53.04,60.88,88.32
 0> ,81300,81271,102659,102645,59,,603,608,604,608,58.82,64.14,69.45,74.77,93.37
 0> ,81296,81278,102669,102652,81,,619,623,614,622,83.68,86.07,88.46,90.85,99.22
 0> ,81291,81287,102662,102648,97,,628,631,627,630,91.33,92.82,94.31,95.80,101.01
 0> ,81314,81298,102670,102646,89,,643,656,640,656,83.52,85.93,88.34,90.75,99.18
 0> ,81307,81296,102679,102650,95,,666,684,681,686,96.97,97.79,98.62,99.45,102.34
 0> ,END, , , , , , , , , , , , , , , , , , ,98.37
 0> <info> app: [OK]	LED Power 100
 0> <info> app: BATT Reading...
 0> <info> app: [OK]	HR sample count 707
 0> <info> app: Peak Index,
 0> ,78,176
 0> ,END Peak Index,<info> app: HR Index,
 0> ,72<info> app: HR Mean 72 
 0> <info> app: HR SD 0.00 
 0> <info> app: ^_^ Final HR 68 
 0> <info> app: SPO2 Peak Index,
 0> 
 0> ,0,0,0,0,104,,18897,10,0,0,0.00,0.00,0.00,0.00,0.00
 0> ,77097,77084,97464,97444,90,,34,51,36,48,0.00,0.00,0.00,0.00,0.00
 0> ,77096,77083,97459,97442,87,,59,69,58,66,87.40,89.35,91.30,93.25,100.09
 0> ,77087,77096,97439,97455,82,,70,72,70,72,103.38,103.45,103.53,103.60,103.85
 0> ,77107,77082,97451,97433,74,,74,83,73,83,249.54,232.41,215.29,198.17,138.24
 0> ,77088,77081,97434,97438,103,,93,96,93,95,149.93,144.53,139.12,133.72,114.80
 0> ,77096,77077,97429,97431,103,,98,119,98,113,146.10,141.15,136.19,131.24,113.90
 0> ,77094,77073,97449,97443,28,,127,140,129,137,64.18,68.87,73.55,78.24,94.63
 0> ,77083,77073,97438,97438,104,,141,147,141,146,181.37,172.27,163.16,154.06,122.20
 0> ,77100,77082,97454,97444,65,,148,156,149,152,61.01,66.07,71.12,76.18,93.88
 0> ,77091,77079,97446,97450,103,,161,164,160,163,202.88,191.25,179.61,167.98,127.26
 0> ,77072,77073,97439,97419,62746,,165,177,165,176,81.44,84.10,86.75,89.40,98.69
 0> ,77091,77067,97438,97415,81,,191,220,191,216,83.08,85.54,88.00,90.46,99.07
 0> ,77089,77068,97445,97428,77,,228,239,227,237,84.00,86.35,88.70,91.06,99.29
 0> ,77083,77057,97432,97433,103,,241,244,241,244,-260.84,-217.92,-174.99,-132.07,18.15
 0> ,77068,77066,97419,97426,103,,247,250,247,249,118.25,116.57,114.90,113.22,107.35
 0> ,77079,77064,97435,97447,103,,251,254,251,254,-379.59,-322.70,-265.80,-208.91,-9.78
 0> ,77075,77051,97423,97403,78,,255,300,255,315,114.41,113.19,111.96,110.74,106.45
 0> ,77076,77048,97424,97394,83,,332,338,330,335,82.68,85.19,87.69,90.20,98.98
 0> ,77066,77062,97421,97410,96,,347,350,346,351,93.92,95.11,96.29,97.48,101.62
 0> ,77069,77056,97426,97393,95,,354,364,353,383,93.02,94.31,95.60,96.89,101.41
 0> ,77084,77055,97409,97387,75,,396,417,394,399,73.46,77.05,80.64,84.24,96.81
 0> ,77061,77053,97388,97380,82,,428,441,428,459,70.09,74.08,78.07,82.06,96.02
 0> ,77064,77038,97387,97369,72,,465,476,465,480,58.90,64.21,69.51,74.82,93.39
 0> ,77069,77049,97378,97352,87,,486,508,491,502,70.16,74.14,78.12,82.10,96.03
 0> ,77062,77047,97374,97344,93,,518,539,515,537,92.26,93.64,95.02,96.40,101.23
 0> ,77075,77040,97373,97325,88,,553,587,551,587,85.19,87.41,89.62,91.83,99.57
 0> ,77072,77060,97361,97361,104,,599,613,597,613,81.92,84.52,87.12,89.71,98.80
 0> ,END, , , , , , , , , , , , , , , , , , ,97.79
 0> <info> app: [OK]	LED Power 95
 0> <info> app: [OK]	HR Background stop
 0> <info> app: ^
 0> <info> app: HR A
 0> <info> app: HR C
 0> <info> app: HR D
 0> <info> app: Show HR Result
 0> <info> app: Enter Ultra Power Save Mode
 0> <info> app: Enter Full Mode
 0> <info> app: [OK]	BMI160
 0> <info> app: [OK]	SETUP ACC
 0> <info> app: [OK]	SETUP STEP COUNT
 0> <info> app: Erase bonds!
 0> <info> app: BLE_ADV_EVT_FAST
 0> <info> app: advertising is started
 0> <info> app: Battery charge detect
 0> <info> app: BATT Reading...
 0> <info> app: BATT Reading...

# Logging stopped @ 12 Dec 2018 16:30:03
