# SEGGER J-Link RTT Viewer V6.16a Terminal Log File
# Compiled: 12:44:10 on Jun  6 2017
# Logging started @ 12 Dec 2018 15:14:19
 0> <info> app: ALERT_BT_CHECK_WAIT_KRY
 0> <info> app: Left Press
 0> <info> app: Left Press
 0> <info> app: Unplug USE Detect
 0> <info> app: [OK]	Max30102 Already and background working is begin
 0> 
 0> <info> app: BATT Reading...
 0> <info> app: [OK]	HR sample count 707
 0> <info> app: Peak Index,
 0> ,31,149,259,369,481,608
 0> ,END Peak Index,<info> app: HR Index,
 0> ,60,64,64,63,55<info> app: HR Mean 61 
 0> <info> app: HR SD 3.42 
 0> <info> app: ^_^ Final HR 61 
 0> <info> app: SPO2 Peak Index,
 0> 
 0> ,1092616192,0,1090519040,1084227584,104,,18897,10,0,0,0.00,0.00,0.00,0.00,0.00
 0> ,98506,98499,131392,131400,103,,64,72,69,72,0.00,0.00,0.00,0.00,0.00
 0> ,98503,98485,131396,131384,69,,73,86,73,87,142.65,138.10,133.56,129.01,124.46
 0> ,98493,98497,131378,131395,81,,90,92,90,92,104.00,104.00,104.00,104.00,104.00
 0> ,98494,98488,131386,131378,86,,93,99,93,96,95.81,96.77,97.74,98.70,99.66
 0> ,98498,98490,131382,131381,77,,100,105,100,103,8.09,19.37,30.65,41.94,53.22
 0> ,98517,98491,131444,131413,84,,127,147,140,150,88.11,89.98,91.85,93.72,95.59
 0> ,98507,98501,131431,131403,99,,155,164,155,162,92.44,93.80,95.16,96.52,97.88
 0> ,98513,98498,131437,131416,87,,171,175,169,177,92.70,94.03,95.36,96.69,98.02
 0> ,98505,98503,131436,131426,99,,184,186,183,189,99.60,100.11,100.63,101.15,101.67
 0> ,98513,98496,131442,131422,84,,192,200,193,201,86.98,88.98,90.99,92.99,94.99
 0> ,98520,98487,131461,131426,82,,214,225,217,228,86.01,88.13,90.24,92.36,94.47
 0> ,98520,98494,131486,131433,92,,243,262,247,256,91.84,93.27,94.70,96.13,97.56
 0> ,98518,98500,131458,131445,72,,275,280,275,281,75.90,79.20,82.51,85.82,89.12
 0> ,98522,98503,131489,131461,88,,311,325,300,324,91.75,93.19,94.63,96.07,97.51
 0> ,98525,98498,131524,131482,89,,347,367,354,374,92.91,94.22,95.52,96.82,98.13
 0> ,98525,98508,131529,131509,84,,409,437,413,422,84.98,87.22,89.45,91.69,93.93
 0> ,98519,98512,131515,131526,103,,445,448,445,450,127.05,124.34,121.63,118.91,116.20
 0> ,98531,98504,131563,131545,69,,461,468,459,465,82.54,85.06,87.59,90.11,92.63
 0> ,98534,98495,131551,131521,74,,476,554,475,501,48.73,55.23,61.73,68.23,74.74
 0> ,98518,98475,131566,131500,89,,562,642,559,643,93.48,94.72,95.95,97.19,98.43
 0> ,98510,98484,131543,131533,44,,699,705,697,704,59.77,64.97,70.17,75.38,80.58
 0> ,END, , , , , , , , , , , , , , , , , , ,96.95
 0> <info> app: [OK]	LED Power 125
 0> <info> app: BATT Reading...
 0> <info> app: [OK]	HR sample count 708
 0> <info> app: Peak Index,
 0> ,89,214,332,438,552,670
 0> ,END Peak Index,<info> app: HR Index,
 0> ,56,60,66,62,60<info> app: HR Mean 60 
 0> <info> app: HR SD 3.24 
 0> <info> app: ^_^ Final HR 61 
 0> <info> app: SPO2 Peak Index,
 0> 
 0> ,1073741824,1094713344,-1065353216,1065353216,71,,18897,10,0,0,0.00,0.00,0.00,0.00,0.00
 0> ,95779,95769,127877,127866,83,,44,47,43,46,0.00,0.00,0.00,0.00,0.00
 0> ,95765,95769,127865,127871,81,,50,55,50,55,75.82,79.13,82.45,85.76,89.08
 0> ,95789,95774,127889,127880,66,,73,78,72,77,70.94,74.83,78.71,82.60,86.49
 0> ,95783,95769,127886,127834,97,,83,100,81,126,80.41,83.18,85.96,88.73,91.51
 0> ,95793,95782,127856,127845,81,,145,148,143,149,84.67,86.94,89.22,91.49,93.76
 0> ,95778,95775,127839,127840,103,,154,162,154,156,94.65,95.75,96.85,97.95,99.05
 0> ,95804,95787,127877,127859,82,,166,178,166,175,82.14,84.71,87.28,89.86,92.43
 0> ,95808,95792,127881,127890,103,,184,186,183,186,821.73,737.29,652.85,568.41,483.97
 0> ,95807,95816,127888,127893,81,,190,192,188,192,96.43,97.32,98.21,99.10,99.99
 0> ,95815,95812,127887,127884,81,,194,200,194,200,104.00,104.00,104.00,104.00,104.00
 0> ,95816,95799,127889,127855,92,,202,206,202,217,81.52,84.16,86.80,89.45,92.09
 0> ,95813,95803,127863,127850,86,,236,246,236,239,83.74,86.12,88.50,90.89,93.27
 0> ,95829,95812,127874,127856,82,,262,265,260,269,82.89,85.37,87.86,90.34,92.82
 0> ,95843,95826,127891,127886,26,,295,299,295,299,56.99,62.52,68.05,73.58,79.11
 0> ,95862,95831,127922,127881,86,,308,322,312,342,83.41,85.83,88.25,90.67,93.09
 0> ,95848,95844,127892,127883,93,,359,366,358,361,89.22,90.96,92.70,94.43,96.17
 0> ,95865,95850,127911,127896,81,,374,385,380,384,79.72,82.57,85.43,88.29,91.14
 0> ,95859,95861,127889,127897,81,,386,388,386,388,120.13,118.23,116.33,114.43,112.53
 0> ,95860,95847,127918,127888,94,,395,401,392,400,97.82,98.54,99.27,100.00,100.72
 0> ,95882,95867,127923,127908,81,,475,478,475,479,81.64,84.27,86.90,89.53,92.16
 0> ,95886,95869,127927,127909,82,,487,502,487,498,81.71,84.34,86.96,89.58,92.20
 0> ,95893,95878,127929,127933,103,,505,507,504,507,-1.47,10.93,23.34,35.75,48.15
 0> ,95904,95888,127969,127959,67,,522,534,531,535,70.18,74.15,78.13,82.11,86.09
 0> ,95907,95884,127977,127931,92,,543,579,542,562,86.21,88.31,90.40,92.49,94.58
 0> ,95913,95892,127939,127951,103,,583,586,583,586,162.32,155.46,148.60,141.74,134.88
 0> ,95899,95895,127951,127959,103,,587,590,587,590,174.88,166.54,158.20,149.86,141.52
 0> ,95911,95894,127959,127942,81,,592,599,591,600,-112.46,-86.99,-61.52,-36.06,-10.59
 0> ,95914,95902,127962,127950,81,,602,607,602,605,81.04,83.74,86.44,89.14,91.84
 0> ,95925,95902,127981,127965,71,,617,624,619,623,77.01,80.18,83.36,86.53,89.71
 0> ,95954,95929,128032,128009,79,,677,682,652,683,90.44,92.04,93.63,95.23,96.82
 0> ,95944,95941,128004,128003,35,,686,689,686,688,235.93,220.40,204.88,189.36,173.84
 0> ,END, , , , , , , , , , , , , , , , , , ,95.86
 0> <info> app: [OK]	LED Power 120
 0> <info> app: BATT Reading...
 0> <info> app: [OK]	HR sample count 707
 0> <info> app: Peak Index,
 0> ,124,226,333,456,565,672
 0> ,END Peak Index,<info> app: HR Index,
 0> ,69,66,57,64,66<info> app: HR Mean 64 
 0> <info> app: HR SD 4.02 
 0> <info> app: ^_^ Final HR 62 
 0> <info> app: SPO2 Peak Index,
 0> 
 0> ,1082130432,1086324736,1065353216,1090519040,86,,18897,10,0,0,0.00,0.00,0.00,0.00,0.00
 0> ,91837,91808,122257,122246,44,,51,59,43,59,0.00,0.00,0.00,0.00,0.00
 0> ,91819,91809,122233,122234,103,,60,64,60,63,128.44,125.57,122.69,119.81,116.94
 0> ,91817,91809,122236,122232,58,,67,70,67,69,49.67,56.07,62.46,68.85,75.24
 0> ,91826,91811,122269,122258,73,,77,90,87,90,78.92,81.87,84.82,87.77,90.72
 0> ,91830,91813,122275,122254,85,,95,114,106,113,82.73,85.23,87.73,90.24,92.74
 0> ,91818,91814,122263,122244,99,,116,123,117,124,95.44,96.44,97.45,98.46,99.46
 0> ,91820,91806,122253,122239,81,,127,130,127,133,81.56,84.20,86.84,89.48,92.12
 0> ,91833,91818,122275,122257,85,,151,157,150,158,87.16,89.14,91.12,93.10,95.08
 0> ,91833,91819,122272,122255,85,,166,174,163,174,83.03,85.50,87.96,90.43,92.90
 0> ,91833,91821,122280,122260,90,,180,183,178,184,91.53,93.00,94.46,95.93,97.40
 0> ,91855,91819,122315,122256,90,,212,237,215,249,90.04,91.69,93.33,94.97,96.61
 0> ,91862,91845,122328,122313,78,,305,317,311,317,80.37,83.15,85.93,88.71,91.49
 0> ,91858,91828,122336,122291,88,,324,350,322,353,89.57,91.26,92.96,94.66,96.36
 0> ,91857,91844,122314,122306,67,,366,371,367,377,77.29,80.43,83.57,86.72,89.86
 0> ,91858,91848,122326,122304,93,,384,391,384,389,91.80,93.24,94.67,96.11,97.54
 0> ,91862,91842,122328,122317,62,,394,404,398,401,79.55,82.43,85.30,88.18,91.06
 0> ,91870,91860,122353,122329,94,,422,427,423,426,91.61,93.07,94.53,95.98,97.44
 0> ,91888,91853,122363,122329,80,,476,486,443,487,81.48,84.13,86.78,89.43,92.07
 0> ,91881,91867,122358,122372,103,,527,536,532,536,139.66,135.46,131.27,127.07,122.88
 0> ,91878,91848,122379,122334,88,,545,579,546,576,83.44,85.86,88.28,90.70,93.11
 0> ,91875,91856,122359,122365,103,,587,590,587,590,-642.16,-554.37,-466.59,-378.81,-291.02
 0> ,91873,91857,122346,122337,63,,591,600,591,606,126.18,123.57,120.96,118.35,115.74
 0> ,91873,91864,122353,122348,63,,615,621,615,621,77.50,80.62,83.73,86.85,89.97
 0> ,91884,91863,122377,122375,133,,628,641,637,641,41.72,49.05,56.37,63.70,71.03
 0> ,91870,91863,122359,122364,103,,642,644,642,652,114.56,113.32,112.08,110.83,109.59
 0> ,91880,91863,122394,122332,97,,657,685,658,686,93.20,94.47,95.74,97.01,98.28
 0> ,END, , , , , , , , , , , , , , , , , , ,96.96
 0> <info> app: [OK]	LED Power 115
 0> <info> app: BATT Reading...
 0> <info> app: [OK]	HR sample count 708
 0> <info> app: Peak Index,
 0> ,48,158,266,390,501,614
 0> ,END Peak Index,<info> app: HR Index,
 0> ,64,65,57,63,62<info> app: HR Mean 62 
 0> <info> app: HR SD 2.78 
 0> <info> app: ^_^ Final HR 62 
 0> <info> app: SPO2 Peak Index,
 0> 
 0> ,0,-1063256064,1077936128,0,104,,18897,10,0,0,0.00,0.00,0.00,0.00,0.00
 0> ,87797,87778,116593,116566,88,,108,116,105,113,0.00,0.00,0.00,0.00,0.00
 0> ,87800,87776,116610,116547,95,,146,165,144,172,94.28,95.43,96.57,97.71,98.85
 0> ,87805,87792,116572,116576,103,,209,213,209,212,281.29,260.43,239.57,218.71,197.85
 0> ,87791,87783,116560,116565,103,,214,223,214,218,103.81,103.83,103.86,103.88,103.90
 0> ,87797,87795,116581,116593,103,,252,254,252,254,109.99,109.29,108.58,107.88,107.17
 0> ,87806,87786,116604,116549,95,,257,291,257,284,86.80,88.82,90.85,92.87,94.89
 0> ,87824,87809,116612,116598,79,,356,368,362,369,80.73,83.47,86.21,88.94,91.68
 0> ,87831,87814,116625,116595,91,,381,393,380,390,88.67,90.47,92.27,94.08,95.88
 0> ,87817,87811,116590,116578,92,,398,421,398,407,77.39,80.52,83.65,86.78,89.91
 0> ,87840,87826,116618,116605,79,,452,468,456,463,77.66,80.76,83.86,86.95,90.05
 0> ,87847,87812,116640,116582,90,,481,512,488,510,91.98,93.40,94.81,96.22,97.64
 0> ,87853,87839,116623,116611,77,,564,573,568,572,74.73,78.18,81.62,85.06,88.50
 0> ,87860,87831,116655,116595,93,,591,628,590,635,93.02,94.31,95.60,96.89,98.19
 0> ,87863,87849,116627,116616,75,,657,672,665,670,71.54,75.35,79.17,82.99,86.81
 0> ,87858,87860,116645,116639,34629,,679,687,684,687,95.32,96.34,97.36,98.38,99.40
 0> ,87852,87859,116625,116642,81,,688,690,688,690,92.46,93.82,95.17,96.53,97.89
 0> ,87864,87860,116642,116635,91,,692,702,695,702,66.60,71.00,75.40,79.80,84.20
 0> ,END, , , , , , , , , , , , , , , , , , ,97.22
 0> <info> app: [OK]	LED Power 110
 0> <info> app: BATT Reading...
 0> <info> app: [OK]	HR sample count 707
 0> <info> app: Peak Index,
 0> ,112,219,326,437,557,666
 0> ,END Peak Index,<info> app: HR Index,
 0> ,66,66,63,59,64<info> app: HR Mean 63 
 0> <info> app: HR SD 2.57 
 0> <info> app: ^_^ Final HR 62 
 0> <info> app: SPO2 Peak Index,
 0> 
 0> ,0,1094713344,-1059061760,1086324736,78,,18897,10,0,0,0.00,0.00,0.00,0.00,0.00
 0> ,83642,83616,110966,110950,67,,65,69,64,69,0.00,0.00,0.00,0.00,0.00
 0> ,83641,83632,110979,110975,53,,84,90,87,90,63.56,68.32,73.07,77.83,82.59
 0> ,83646,83628,110988,110942,95,,99,112,98,117,88.51,90.33,92.15,93.98,95.80
 0> ,83658,83636,110961,110934,85,,123,142,119,140,73.00,76.65,80.30,83.94,87.59
 0> ,83659,83633,110959,110931,83,,158,172,159,173,83.24,85.68,88.12,90.57,93.01
 0> ,83663,83642,110980,110912,97,,184,234,206,231,93.34,94.60,95.85,97.10,98.36
 0> ,83662,83652,110958,110938,92,,265,281,268,280,92.53,93.88,95.23,96.58,97.93
 0> ,83693,83666,111001,110954,91,,313,317,313,327,91.56,93.02,94.49,95.95,97.41
 0> ,83689,83665,110953,110942,54,,335,339,335,348,-46.34,-28.65,-10.97,6.71,24.40
 0> ,83688,83682,110961,110959,36,,367,369,367,371,71.55,75.37,79.19,83.00,86.82
 0> ,83686,83697,110972,110975,81,,374,376,373,376,126.93,124.23,121.53,118.83,116.13
 0> ,83710,83681,110984,110978,4,,385,395,379,398,50.00,56.35,62.70,69.05,75.41
 0> ,83713,83700,111030,111005,92,,412,424,418,424,88.93,90.71,92.48,94.25,96.02
 0> ,83723,83696,111031,110977,92,,431,445,428,452,85.71,87.86,90.01,92.16,94.31
 0> ,83729,83720,111024,111003,94,,494,507,503,507,90.18,91.80,93.43,95.05,96.68
 0> ,83744,83727,111051,111019,92,,524,533,525,534,92.27,93.65,95.03,96.41,97.79
 0> ,83748,83727,111066,111022,93,,544,571,544,578,93.77,94.98,96.18,97.38,98.58
 0> ,83753,83740,111039,111051,103,,594,596,592,596,160.97,154.26,147.56,140.86,134.16
 0> ,83755,83744,111069,111040,95,,602,610,602,606,91.82,93.25,94.69,96.12,97.55
 0> ,83779,83749,111103,111061,87,,656,683,656,667,88.31,90.16,92.00,93.85,95.69
 0> ,83772,83761,111080,111074,62,,689,692,689,692,59.26,64.53,69.79,75.05,80.31
 0> ,83771,83753,111075,111084,103,,695,698,695,698,182.90,173.62,164.34,155.05,145.77
 0> ,83761,83764,111066,111071,81,,699,703,699,702,112.86,111.82,110.77,109.73,108.69
 0> ,END, , , , , , , , , , , , , , , , , , ,96.92
 0> <info> app: [OK]	LED Power 105
 0> <info> app: BATT Reading...
 0> <info> app: [OK]	HR sample count 707
 0> <info> app: Peak Index,
 0> ,34,149,247,353,462,566,677
 0> ,END Peak Index,<info> app: HR Index,
 0> ,61,72,66,64,68,63<info> app: HR Mean 65 
 0> <info> app: HR SD 3.59 
 0> <info> app: ^_^ Final HR 63 
 0> <info> app: SPO2 Peak Index,
 0> 
 0> ,1086324736,1086324736,1073741824,1093664768,104,,18927,10,0,0,0.00,0.00,0.00,0.00,0.00
 0> ,79991,79976,105305,105294,73,,64,73,64,80,0.00,0.00,0.00,0.00,0.00
 0> ,79989,79985,105324,105293,101,,83,86,82,86,99.51,100.04,100.57,101.09,101.62
 0> ,79976,79970,105299,105304,103,,88,107,88,90,442.90,403.03,363.16,323.29,283.42
 0> ,80020,79998,105339,105312,85,,161,172,167,172,82.22,84.79,87.35,89.91,92.47
 0> ,80007,79992,105337,105313,90,,178,191,180,189,94.05,95.22,96.39,97.56,98.73
 0> ,80003,79994,105335,105327,78,,192,196,192,195,88.18,90.04,91.90,93.76,95.62
 0> ,80019,79994,105345,105322,79,,197,208,198,206,75.10,78.50,81.90,85.30,88.70
 0> ,80001,79998,105310,105355,103,,209,211,209,211,107.98,107.51,107.05,106.58,106.11
 0> ,80009,80000,105358,105337,94,,215,227,221,226,88.32,90.17,92.01,93.86,95.70
 0> ,80019,79984,105356,105312,86,,234,266,239,274,85.00,87.23,89.47,91.70,93.94
 0> ,80004,79999,105336,105316,98,,278,288,279,287,92.22,93.60,94.99,96.38,97.76
 0> ,80037,80015,105370,105340,87,,336,351,341,353,87.19,89.16,91.14,93.12,95.10
 0> ,80043,80004,105360,105330,74,,358,364,356,368,69.48,73.54,77.60,81.66,85.72
 0> ,80015,80011,105329,105334,103,,381,388,381,385,137.31,133.39,129.47,125.55,121.63
 0> ,80032,80034,105356,105351,24636,,399,402,396,402,98.04,98.74,99.44,100.14,100.84
 0> ,80043,80024,105364,105349,75,,405,417,406,417,85.81,87.95,90.09,92.23,94.37
 0> ,80052,80031,105390,105375,72,,424,441,429,442,83.62,86.02,88.42,90.81,93.21
 0> ,80050,80040,105395,105361,97,,451,456,451,461,93.07,94.36,95.64,96.93,98.21
 0> ,80051,80039,105367,105358,74,,463,467,463,484,62.40,67.30,72.19,77.08,81.98
 0> ,80073,80045,105414,105381,85,,527,551,544,574,87.64,89.57,91.49,93.41,95.34
 0> ,80076,80059,105394,105379,78,,587,595,585,594,72.98,76.62,80.27,83.92,87.57
 0> ,80068,80054,105403,105389,81,,597,614,607,613,91.57,93.03,94.49,95.96,97.42
 0> ,80073,80054,105403,105394,56,,618,625,620,623,63.50,68.26,73.03,77.79,82.55
 0> ,80080,80064,105439,105403,94,,635,682,649,676,90.62,92.20,93.77,95.34,96.92
 0> ,END, , , , , , , , , , , , , , , , , , ,96.52
 0> <info> app: [OK]	LED Power 100
 0> <info> app: BATT Reading...
 0> <info> app: [OK]	HR sample count 707
 0> <info> app: Peak Index,
 0> ,65,174,278,391,496,596
 0> ,END Peak Index,<info> app: HR Index,
 0> ,64,68,62,67,70<info> app: HR Mean 66 
 0> <info> app: HR SD 2.85 
 0> <info> app: ^_^ Final HR 63 
 0> <info> app: SPO2 Peak Index,
 0> 
 0> ,-1082130432,-1082130432,0,-1073741824,104,,18897,10,0,0,0.00,0.00,0.00,0.00,0.00
 0> ,75975,75957,99791,99756,92,,52,62,48,61,0.00,0.00,0.00,0.00,0.00
 0> ,75963,75941,99769,99734,89,,68,79,67,86,89.77,91.44,93.12,94.79,96.46
 0> ,75960,75955,99756,99756,104,,101,105,101,104,60.43,65.56,70.68,75.81,80.93
 0> ,75962,75953,99767,99748,93,,107,116,107,115,91.52,92.99,94.46,95.92,97.39
 0> ,75969,75955,99769,99754,83,,122,128,121,125,84.75,87.01,89.28,91.54,93.81
 0> ,75973,75955,99781,99766,77,,134,150,132,137,83.90,86.26,88.63,90.99,93.36
 0> ,75980,75951,99792,99752,87,,163,174,162,202,84.67,86.94,89.21,91.49,93.76
 0> ,75959,75942,99763,99751,72,,206,217,205,210,75.14,78.54,81.93,85.33,88.72
 0> ,75974,75963,99788,99781,68,,240,254,234,256,84.18,86.51,88.84,91.17,93.50
 0> ,75972,75963,99779,99784,103,,259,261,259,261,156.88,150.66,144.44,138.22,131.99
 0> ,75980,75941,99810,99733,92,,265,303,269,313,91.40,92.88,94.36,95.84,97.33
 0> ,75963,75946,99767,99744,87,,337,343,339,342,87.58,89.51,91.44,93.37,95.30
 0> ,75973,75941,99787,99734,90,,378,403,376,442,89.60,91.29,92.99,94.68,96.37
 0> ,75973,75948,99784,99734,92,,475,511,470,507,91.79,93.23,94.66,96.10,97.53
 0> ,75980,75970,99782,99776,66,,571,578,575,578,68.68,72.83,76.99,81.14,85.30
 0> ,75977,75943,99787,99718,93,,580,625,583,624,93.48,94.72,95.96,97.19,98.43
 0> ,75980,75960,99760,99745,74,,652,658,640,657,86.17,88.26,90.36,92.46,94.56
 0> ,75983,75963,99778,99770,48,,671,677,669,676,76.82,80.02,83.22,86.41,89.61
 0> ,END, , , , , , , , , , , , , , , , , , ,96.67
 0> <info> app: [OK]	LED Power 95
 0> <info> app: [OK]	HR Background stop
 0> <info> app: ^
 0> <info> app: HR A
 0> <info> app: HR C
 0> <info> app: HR D
 0> <info> app: Show HR Result
 0> <info> app: BATT Reading...
 0> <error> app: Pedo write to flash.
 0> <info> app: [OK]	FLASH MEMORY
 0> <info> app: Page for write 678
 0> <info> app: Append Success
 0> <info> app: Save to flash

# Logging stopped @ 12 Dec 2018 15:15:39
