# SEGGER J-Link RTT Viewer V6.16a Terminal Log File
# Compiled: 12:44:10 on Jun  6 2017
# Logging started @ 12 Dec 2018 15:44:32
 0> <info> app: Left Press
 0> <info> app: Left Press
 0> <info> app: BATT Reading...
 0> <info> app: [OK]	Max30102 Already and background working is begin
 0> 
 0> <info> app: [OK]	HR sample count 707
 0> <info> app: Peak Index,
 0> ,68,130,268,408,456,519,616
 0> ,END Peak Index,<info> app: HR Index,
 0> ,114,51,50,147,112,72<info> app: HR Mean 91 
 0> <info> app: HR SD 35.93 
 0> <info> app: ^_^ Final HR 91 
 0> <info> app: SPO2 Peak Index,
 0> 
 0> ,1086324736,1091567616,1116733440,1101004800,4572,,18897,10,0,0,0.00,0.00,0.00,0.00,0.00
 0> ,56298,56180,83247,83164,68,,42,82,42,81,0.00,0.00,0.00,0.00,0.00
 0> ,56226,54760,83185,82305,61,,103,157,105,153,67.54,71.83,76.12,80.41,95.42
 0> ,55078,55040,82506,82464,80,,184,188,183,192,80.00,82.82,85.64,88.47,98.35
 0> ,55244,55233,82606,82602,34,,231,234,231,234,60.72,65.81,70.90,75.99,93.81
 0> ,55526,55101,82756,82505,60,,248,341,249,358,56.39,61.99,67.59,73.19,92.79
 0> ,55149,55143,82538,82527,90,,370,372,369,372,89.89,91.55,93.21,94.87,100.68
 0> ,55282,55181,82609,82545,63,,390,407,388,406,62.67,67.53,72.39,77.26,94.27
 0> ,55380,55228,82667,82562,67,,443,463,444,466,65.42,69.96,74.50,79.04,94.92
 0> ,55726,55215,82872,82562,62,,501,551,501,552,62.70,67.56,72.42,77.28,94.28
 0> ,55369,55207,82655,82558,61,,576,632,579,634,61.82,66.78,71.75,76.71,94.07
 0> ,55284,55273,82613,82593,90,,669,673,669,674,85.82,87.96,90.10,92.23,99.72
 0> ,END, , , , , , , , , , , , , , , , , , ,95.86
 0> <info> app: [OK]	LED Power 125
 0> <info> app: BATT Reading...
 0> <info> app: [OK]	HR sample count 707
 0> <info> app: Peak Index,
 0> ,137,241,331,380,516,608
 0> ,END Peak Index,<info> app: HR Index,
 0> ,68,78,144,52,76<info> app: HR Mean 83 
 0> <info> app: HR SD 31.55 
 0> <info> app: ^_^ Final HR 87 
 0> <info> app: SPO2 Peak Index,
 0> 
 0> ,1106247680,1065353216,1065353216,-1061158912,103,,18897,10,0,0,0.00,0.00,0.00,0.00,0.00
 0> ,74302,74213,112979,112894,76,,23,54,23,51,0.00,0.00,0.00,0.00,0.00
 0> ,74351,74242,112974,112922,49,,65,82,65,84,55.93,61.59,67.24,72.90,92.69
 0> ,74397,74326,113027,112942,82,,122,138,122,140,77.15,80.31,83.46,86.62,97.68
 0> ,74374,74277,112998,112933,65,,156,201,156,195,76.67,79.88,83.10,86.31,97.57
 0> ,74390,74280,113017,112931,70,,218,243,218,242,69.99,73.99,77.99,81.99,95.99
 0> ,74337,74312,112986,112946,87,,266,272,265,271,85.04,87.27,89.50,91.73,99.53
 0> ,74362,74341,112983,112969,65,,280,285,281,287,67.28,71.60,75.92,80.24,95.36
 0> ,74522,74533,113072,113068,22992,,337,342,339,342,87.96,89.85,91.74,93.62,100.22
 0> ,74774,74729,113224,113175,80,,360,384,358,379,67.12,71.46,75.80,80.14,95.32
 0> ,74787,74714,113243,113167,79,,402,422,403,422,80.86,83.58,86.31,89.03,98.55
 0> ,74774,74731,113206,113187,45,,454,458,454,467,57.35,62.84,68.32,73.81,93.02
 0> ,74762,74766,113178,113204,78,,476,479,476,478,105.12,104.99,104.85,104.72,104.26
 0> ,74851,74811,113284,113228,85,,506,543,500,523,79.11,82.04,84.96,87.89,98.14
 0> ,74849,74811,113265,113223,80,,552,560,552,561,80.04,82.86,85.68,88.50,98.36
 0> ,74840,74822,113253,113241,65,,566,571,567,571,73.17,76.80,80.43,84.05,96.74
 0> ,74838,74796,113263,113237,62,,574,585,574,584,79.78,82.63,85.48,88.33,98.30
 0> ,74853,74221,113289,112900,61,,593,653,595,655,73.20,76.82,80.44,84.07,96.75
 0> ,74426,74421,113016,113005,92,,699,705,698,705,75.79,79.11,82.43,85.74,97.36
 0> ,END, , , , , , , , , , , , , , , , , , ,97.36
 0> <info> app: [OK]	LED Power 120
 0> <info> app: BATT Reading...
 0> <info> app: [OK]	HR sample count 707
 0> <info> app: Peak Index,
 0> ,117,312,405,501,609,691
 0> ,END Peak Index,<info> app: HR Index,
 0> ,76,73,65,86<info> app: HR Mean 75 
 0> <info> app: HR SD 7.51 
 0> <info> app: ^_^ Final HR 84 
 0> <info> app: SPO2 Peak Index,
 0> 
 0> ,1065353216,1065353216,-1073741824,1065353216,104,,18897,10,0,0,0.00,0.00,0.00,0.00,0.00
 0> ,71371,71371,107916,107895,104,,25,32,15,31,0.00,0.00,0.00,0.00,0.00
 0> ,71405,71372,107919,107900,59,,46,53,47,52,61.57,66.56,71.55,76.54,94.01
 0> ,71486,71438,107981,107963,35,,91,102,91,103,54.82,60.61,66.39,72.18,92.43
 0> ,71476,71283,107987,107852,67,,110,189,109,174,63.77,68.50,73.24,77.97,94.53
 0> ,71334,71274,107919,107841,84,,204,230,204,229,84.87,87.12,89.37,91.62,99.49
 0> ,71327,71314,107891,107861,92,,259,263,258,263,90.06,91.70,93.34,94.98,100.72
 0> ,71392,71328,107939,107891,69,,304,324,304,320,72.74,76.41,80.09,83.77,96.64
 0> ,71409,71391,107948,107933,73,,346,360,357,361,46.78,53.51,60.24,66.97,90.53
 0> ,71401,71407,107951,107951,104,,368,370,367,370,115.99,114.58,113.17,111.76,106.82
 0> ,71406,71365,107952,107935,41,,372,382,373,376,86.86,88.88,90.89,92.91,99.96
 0> ,71405,71308,107965,107895,68,,397,425,397,412,75.12,78.52,81.92,85.31,97.20
 0> ,71355,71320,107939,107914,67,,433,441,432,437,67.37,71.68,75.99,80.30,95.38
 0> ,71347,71308,107930,107912,48,,444,451,443,452,57.14,62.65,68.17,73.68,92.97
 0> ,71353,71211,107960,107883,56,,477,518,479,520,68.26,72.46,76.67,80.87,95.59
 0> ,71304,71265,107960,107915,81,,594,603,593,614,81.92,84.52,87.11,89.71,98.80
 0> ,71313,71269,107953,107928,58,,621,628,622,630,67.12,71.46,75.80,80.14,95.32
 0> ,71319,71287,107967,107932,80,,637,645,637,644,75.84,79.15,82.46,85.78,97.37
 0> ,END, , , , , , , , , , , , , , , , , , ,96.75
 0> <info> app: [OK]	LED Power 115
 0> <info> app: BATT Reading...
 0> <info> app: [OK]	HR sample count 707
 0> <info> app: Peak Index,
 0> ,80,315,399,489,692
 0> ,END Peak Index,<info> app: HR Index,
 0> ,84,78<info> app: HR Mean 81 
 0> <info> app: HR SD 3.00 
 0> <info> app: ^_^ Final HR 83 
 0> <info> app: SPO2 Peak Index,
 0> 
 0> ,1086324736,1065353216,1065353216,0,104,,18897,10,0,0,0.00,0.00,0.00,0.00,0.00
 0> ,68272,68240,102922,102908,45,,52,81,49,60,0.00,0.00,0.00,0.00,0.00
 0> ,68422,68383,103006,102966,79,,104,132,100,123,54.78,60.57,66.36,72.15,92.41
 0> ,68387,68083,102974,102796,60,,134,212,134,210,94.02,95.19,96.36,97.54,101.65
 0> ,68199,68161,102877,102853,63,,254,260,251,263,70.80,74.71,78.61,82.52,96.19
 0> ,68236,68231,102913,102891,98,,289,291,285,316,98.48,99.13,99.78,100.43,102.70
 0> ,68327,68266,102924,102886,62,,322,331,322,330,53.77,59.68,65.59,71.50,92.18
 0> ,68321,68286,102923,102911,29,,337,346,339,348,54.84,60.63,66.41,72.19,92.43
 0> ,68361,68338,102963,102955,30,,355,365,359,367,55.35,61.08,66.80,72.52,92.55
 0> ,68399,68383,102997,102976,84,,374,383,375,382,71.99,75.75,79.52,83.28,96.46
 0> ,68426,68382,103015,102955,85,,393,405,389,417,78.25,81.27,84.30,87.33,97.94
 0> ,68415,68397,102981,102968,68,,425,432,426,432,73.21,76.84,80.46,84.08,96.75
 0> ,68416,68397,102993,102982,59,,443,446,438,447,78.93,81.88,84.83,87.78,98.10
 0> ,68442,68387,103017,102994,42,,456,487,456,459,57.29,62.78,68.28,73.77,93.00
 0> ,68409,68294,103024,102939,69,,495,611,494,614,87.10,89.08,91.07,93.06,100.02
 0> ,68331,68331,102978,102984,104,,630,663,660,663,289.45,267.64,245.82,224.00,147.63
 0> ,68354,68324,102994,102966,76,,666,677,667,676,63.60,68.35,73.10,77.86,94.49
 0> ,END, , , , , , , , , , , , , , , , , , ,96.65
 0> <info> app: [OK]	LED Power 110
 0> <info> app: BATT Reading...
 0> <info> app: [OK]	HR sample count 707
 0> <info> app: Peak Index,
 0> ,102,201,294,380,670
 0> ,END Peak Index,<info> app: HR Index,
 0> ,71,76,82<info> app: HR Mean 76 
 0> <info> app: HR SD 4.49 
 0> <info> app: ^_^ Final HR 82 
 0> <info> app: SPO2 Peak Index,
 0> 
 0> ,0,0,0,1065353216,104,,18897,10,0,0,0.00,0.00,0.00,0.00,0.00
 0> ,65389,65362,98089,98070,67,,32,38,31,37,0.00,0.00,0.00,0.00,0.00
 0> ,65378,65364,98100,98074,90,,44,49,45,49,90.08,91.72,93.36,94.99,100.72
 0> ,65393,65366,98098,98088,35,,60,64,61,65,51.97,58.09,64.21,70.33,91.75
 0> ,65440,65403,98136,98115,59,,75,82,75,80,60.30,65.44,70.58,75.72,93.71
 0> ,65444,65349,98159,98075,75,,89,127,90,129,79.84,82.68,85.53,88.37,98.31
 0> ,65369,65336,98103,98081,65,,144,156,151,156,73.50,77.09,80.67,84.26,96.82
 0> ,65360,65357,98096,98097,103,,169,174,170,173,-19.60,-5.06,9.47,24.01,74.91
 0> ,65377,65296,98132,98061,74,,181,216,182,216,85.90,88.03,90.16,92.28,99.74
 0> ,65335,65310,98078,98062,64,,224,228,224,230,57.90,63.32,68.74,74.17,93.15
 0> ,65323,65321,98102,98077,101,,239,251,239,246,97.74,98.47,99.21,99.95,102.52
 0> ,65359,65327,98128,98085,85,,285,306,279,305,85.18,87.40,89.61,91.82,99.57
 0> ,65358,65285,98116,98070,63,,345,391,358,391,72.10,75.86,79.61,83.36,96.49
 0> ,65294,65254,98087,98085,407,,397,454,394,454,85.25,87.46,89.66,91.87,99.58
 0> ,65248,65223,98072,98056,64,,455,461,456,459,75.31,78.69,82.06,85.44,97.25
 0> ,65249,65182,98082,98026,73,,466,493,467,488,79.83,82.67,85.52,88.36,98.31
 0> ,65193,65167,98016,98009,9,,496,498,496,523,187.63,177.79,167.95,158.11,123.67
 0> ,65231,65161,98069,98010,73,,564,582,557,582,74.43,77.91,81.38,84.86,97.04
 0> ,65195,65170,98021,98010,45,,602,606,602,604,42.40,49.65,56.89,64.14,89.50
 0> ,65212,65198,98049,98037,74,,632,636,628,635,78.95,81.89,84.84,87.79,98.10
 0> ,END, , , , , , , , , , , , , , , , , , ,98.12
 0> <info> app: [OK]	LED Power 105
 0> <info> app: BATT Reading...
 0> <error> app: Pedo write to flash.
 0> <info> app: [OK]	FLASH MEMORY
 0> <info> app: Page for write 687
 0> <info> app: Append Success
 0> <info> app: Save to flash
 0> <info> app: [OK]	HR sample count 707
 0> <info> app: Peak Index,
 0> ,79,263,447,534
 0> ,END Peak Index,<info> app: HR Index,
 0> ,81<info> app: HR Mean 81 
 0> <info> app: HR SD 0.00 
 0> <info> app: ^_^ Final HR 82 
 0> <info> app: SPO2 Peak Index,
 0> 
 0> ,1073741824,0,1090519040,1105723392,104,,18897,10,0,0,0.00,0.00,0.00,0.00,0.00
 0> ,61894,61866,92821,92804,61,,15,25,16,28,0.00,0.00,0.00,0.00,0.00
 0> ,61895,61576,92837,92622,66,,56,117,56,111,69.73,73.76,77.79,81.82,95.93
 0> ,61700,61693,92718,92701,93,,151,165,151,162,73.12,76.75,80.39,84.02,96.73
 0> ,61713,61681,92720,92685,80,,171,182,166,183,75.91,79.22,82.52,85.83,97.39
 0> ,61740,61716,92736,92720,65,,193,204,193,202,71.46,75.29,79.11,82.94,96.34
 0> ,61735,61729,92720,92717,52,,206,216,205,209,-230.37,-191.03,-151.69,-112.35,25.32
 0> ,61755,61725,92738,92723,52,,218,243,227,231,62.26,67.17,72.08,76.99,94.18
 0> ,61773,61557,92765,92637,60,,254,365,255,362,76.07,79.36,82.64,85.93,97.42
 0> ,61665,61665,92701,92697,104,,394,407,397,404,42.95,50.13,57.31,64.49,89.63
 0> ,61776,61761,92773,92757,80,,424,429,421,428,75.93,79.23,82.53,85.84,97.39
 0> ,61794,61753,92789,92732,85,,436,450,436,449,82.07,84.65,87.23,89.81,98.84
 0> ,61814,61797,92787,92770,78,,489,495,489,495,77.42,80.54,83.67,86.80,97.74
 0> ,61857,61419,92808,92557,59,,513,593,505,586,50.16,56.49,62.83,69.16,91.33
 0> ,61463,61379,92585,92534,61,,607,660,607,659,65.24,69.80,74.36,78.92,94.88
 0> ,61424,61433,92564,92564,104,,674,677,673,676,101.43,101.73,102.04,102.34,103.39
 0> ,61434,61397,92581,92546,76,,678,684,678,682,97.15,97.96,98.76,99.57,102.39
 0> ,61404,61393,92549,92545,33,,690,695,690,697,37.40,45.24,53.07,60.91,88.33
 0> ,END, , , , , , , , , , , , , , , , , , ,96.68
 0> <info> app: [OK]	LED Power 100
 0> <info> app: BATT Reading...
 0> <info> app: [OK]	HR sample count 707
 0> <info> app: Peak Index,
 0> ,134,254,330,430,516,619
 0> ,END Peak Index,<info> app: HR Index,
 0> ,59,93,70,82,68<info> app: HR Mean 74 
 0> <info> app: HR SD 11.84 
 0> <info> app: ^_^ Final HR 81 
 0> <info> app: SPO2 Peak Index,
 0> 
 0> ,1073741824,1077936128,1095761920,-1059061760,2,,18897,10,0,0,0.00,0.00,0.00,0.00,0.00
 0> ,58407,58367,87662,87625,76,,36,48,35,47,0.00,0.00,0.00,0.00,0.00
 0> ,58412,58412,87657,87644,104,,59,61,55,62,95.92,96.87,97.82,98.77,102.09
 0> ,58447,58417,87672,87656,56,,65,77,72,75,58.12,63.52,68.92,74.31,93.20
 0> ,58507,58532,87715,87728,78,,101,105,102,105,66.33,70.76,75.19,79.63,95.13
 0> ,58693,58171,87828,87534,58,,124,151,121,148,58.03,63.43,68.84,74.25,93.18
 0> ,58279,58223,87635,87598,65,,260,275,234,274,76.20,79.47,82.74,86.01,97.46
 0> ,58249,58234,87599,87605,103,,278,282,278,281,285.46,264.11,242.76,221.42,146.69
 0> ,58235,58214,87606,87602,30,,283,286,283,285,42.61,49.83,57.06,64.28,89.55
 0> ,58244,58219,87599,87591,24,,288,293,288,291,-188.34,-153.94,-119.55,-85.16,35.21
 0> ,58225,58234,87623,87616,36235,,307,309,305,310,117.42,115.84,114.26,112.68,107.15
 0> ,58240,58074,87639,87533,63,,312,394,316,387,93.89,95.07,96.26,97.45,101.62
 0> ,58137,58086,87585,87525,82,,419,442,413,453,77.63,80.73,83.84,86.94,97.79
 0> ,58121,58124,87565,87560,23148,,483,485,476,485,106.12,105.87,105.62,105.37,104.50
 0> ,58161,58026,87589,87483,71,,494,552,494,552,71.34,75.18,79.02,82.86,96.31
 0> ,58061,58034,87516,87494,72,,563,572,562,567,73.44,77.03,80.63,84.22,96.81
 0> ,58069,58062,87521,87525,103,,584,588,583,588,-2.11,10.36,22.85,35.33,79.03
 0> ,58102,58059,87553,87503,81,,597,620,597,615,74.37,77.86,81.34,84.83,97.03
 0> ,58062,58075,87511,87517,78,,621,624,621,623,93.75,94.95,96.16,97.36,101.58
 0> ,58074,58084,87504,87513,78,,625,629,625,629,97.85,98.57,99.29,100.02,102.55
 0> ,58150,58137,87553,87530,89,,651,655,644,655,86.06,88.17,90.28,92.39,99.78
 0> ,END, , , , , , , , , , , , , , , , , , ,97.19
 0> <info> app: [OK]	LED Power 95
 0> <info> app: [OK]	HR Background stop
 0> <info> app: ^
 0> <info> app: HR A
 0> <info> app: HR C
 0> <info> app: HR D
 0> <info> app: Show HR Result
 0> <info> app: Enter Ultra Power Save Mode
 0> <info> app: Enter Full Mode
 0> <info> app: [OK]	BMI160
 0> <info> app: [OK]	SETUP ACC
 0> <info> app: [OK]	SETUP STEP COUNT
 0> <info> app: Erase bonds!
 0> <info> app: BLE_ADV_EVT_FAST
 0> <info> app: advertising is started
 0> <info> app: ALERT_BT_CHECK_WAIT_KRY
 0> <info> app: Battery charge detect
 0> <info> app: ALERT_BT_CHECK_WAIT_KRY
 0> <info> app: BATT Reading...
 0> <info> app: ALERT_BT_CHECK_WAIT_KRY
 0> <info> app: ALERT_BT_CHECK_WAIT_KRY
 0> <info> app: ALERT_BT_CHECK_WAIT_KRY
 0> <info> app: ALERT_BT_CHECK_WAIT_KRY
 0> <info> app: ALERT_BT_CHECK_WAIT_KRY
 0> <info> app: ALERT_BT_CHECK_WAIT_KRY
 0> <info> app: ALERT_BT_CHECK_WAIT_KRY
 0> <info> app: ALERT_BT_CHECK_WAIT_KRY
 0> <info> app: ALERT_BT_CHECK_WAIT_KRY
 0> <info> app: ALERT_BT_CHECK_WAIT_KRY
 0> <info> app: ALERT_BT_CHECK_WAIT_KRY
 0> <info> app: ALERT_BT_CHECK_WAIT_KRY
 0> <info> app: ALERT_BT_CHECK_WAIT_KRY
 0> <info> app: ALERT_BT_CHECK_WAIT_KRY
 0> <info> app: ALERT_BT_CHECK_WAIT_KRY
 0> <info> app: ALERT_BT_CHECK_WAIT_KRY
 0> <info> app: ALERT_BT_CHECK_WAIT_KRY
 0> <info> app: ALERT_BT_CHECK_WAIT_KRY
 0> <info> app: ALERT_BT_CHECK_WAIT_KRY
 0> <info> app: ALERT_BT_CHECK_WAIT_KRY
 0> <info> app: ALERT_BT_CHECK_WAIT_KRY
 0> <info> app: ALERT_BT_CHECK_WAIT_KRY
 0> <info> app: ALERT_BT_CHECK_WAIT_KRY
 0> <info> app: ALERT_BT_CHECK_WAIT_KRY
 0> <info> app: ALERT_BT_CHECK_WAIT_KRY
 0> <info> app: BATT Reading...
 0> <info> app: ALERT_BT_CHECK_WAIT_KRY
 0> <info> app: ALERT_BT_CHECK_WAIT_KRY
 0> <info> app: ALERT_BT_CHECK_WAIT_KRY
 0> <info> app: ALERT_BT_CHECK_WAIT_KRY
 0> <info> app: ALERT_BT_CHECK_WAIT_KRY
 0> <info> app: Unplug USE Detect
 0> <info> app: Battery charge detect
 0> <info> app: BATT Reading...
 0> <info> app: BATT Reading...
 0> <info> app: BATT Reading...
 0> <info> app: BATT Reading...
 0> <info> app: BATT Reading...
 0> <info> app: BATT Reading...
 0> <info> app: BATT Reading...
 0> <info> app: BATT Reading...
 0> <error> app: Pedo write to flash.
 0> <info> app: [OK]	FLASH MEMORY
 0> <info> app: Page for write 688
 0> <info> app: Append Success
 0> <info> app: Save to flash
 0> <info> app: BATT Reading...
 0> <info> app: ALERT_BT_CHECK_WAIT_KRY
 0> <info> app: ALERT_BT_CHECK_WAIT_KRY
 0> <info> app: ALERT_BT_CHECK_WAIT_KRY
 0> <info> app: ALERT_BT_CHECK_WAIT_KRY
 0> <info> app: ALERT_BT_CHECK_WAIT_KRY
 0> <info> app: ALERT_BT_CHECK_WAIT_KRY
 0> <info> app: ALERT_BT_CHECK_WAIT_KRY
 0> <info> app: ALERT_BT_CHECK_WAIT_KRY
 0> <info> app: ALERT_BT_CHECK_WAIT_KRY
 0> <info> app: ALERT_BT_CHECK_WAIT_KRY
 0> <info> app: ALERT_BT_CHECK_WAIT_KRY
 0> <info> app: ALERT_BT_CHECK_WAIT_KRY
 0> <info> app: ALERT_BT_CHECK_WAIT_KRY
 0> <info> app: ALERT_BT_CHECK_WAIT_KRY
 0> <info> app: ALERT_BT_CHECK_WAIT_KRY
 0> <info> app: ALERT_BT_CHECK_WAIT_KRY
 0> <info> app: ***********  Application started  ***********
 0> 
 0> <info> app: [OK] NRF Power ON 0x0004. 
 0> <info> app: Read MAC:D992B26C8203
 0> <info> app: ***********  Sensor initial ***********
 0> <info> app: [OK]	BMI160
 0> <info> app: [OK]	SETUP ACC
 0> <info> app: [OK]	SETUP STEP COUNT
 0> <info> app: [OK]	FLASH MEMORY
 0> <info> app: [OK]	Read and using configuration in flash memory
 0> <info> app: [OK]	Using queue setting from flash memory
 0> <info> app: gender in flash 1
 0> <info> app: [OK]	OLED Initial
 0> <info> app: [OK]	Max30102 Initial, Temperature 15.31
 0> <info> app: ********** End sensor initial *********
 0> 
 0> <info> app: Erase bonds!
 0> <info> app: BLE_ADV_EVT_FAST
 0> <info> app: advertising is started
 0> <info> app: [FALL] Device restart detected. It require setup timer from flash memory
 0> 
 0> <info> app: [OK]	FLASH MEMORY
 0> <info> app: [OK] Pedo data with pages 688
 0> 
 0> <error> app: [OK] Unix Time in flash -1394743386
 0> <error> app: [OK] Unix Time in flash -1394743359
 0> <error> app: [OK] Unix Time in flash -1394743357
 0> <error> app: [OK] Unix Time in flash -1394743347
 0> <error> app: [OK] Unix Time in flash -1394743337
 0> <error> app: [OK] Unix Time in flash -1394743327
 0> <error> app: [OK] Unix Time in flash -1394743317
 0> <error> app: [OK] Unix Time in flash -1394743307
 0> <info> app: Battery charge detect
 0> <info> app: BATT Reading...
 0> <info> app: BATT Reading...
 0> <info> app: BATT Reading...
 0> <info> app: BATT Reading...
 0> <info> app: BATT Reading...
 0> <info> app: BATT Reading...
 0> <info> app: BATT Reading...
 0> <info> app: BATT Reading...
 0> <info> app: BATT Reading...
 0> <info> app: ALERT_BT_CHECK_WAIT_KRY
 0> <info> app: Right Press
 0> <info> app: ALERT_BT_CHECK_WAIT_KRY
 0> <info> app: ALERT_BT_CHECK_WAIT_KRY
 0> <info> app: ALERT_BT_CHECK_WAIT_KRY
 0> <info> app: ALERT_BT_CHECK_WAIT_KRY
 0> <info> app: ALERT_BT_CHECK_WAIT_KRY
 0> <info> app: ALERT_BT_CHECK_WAIT_KRY
 0> <info> app: ALERT_BT_CHECK_WAIT_KRY
 0> <info> app: ALERT_BT_CHECK_WAIT_KRY
 0> <info> app: ALERT_BT_CHECK_WAIT_KRY
 0> <info> app: ALERT_BT_CHECK_WAIT_KRY
 0> <info> app: ALERT_BT_CHECK_WAIT_KRY
 0> <info> app: ALERT_BT_CHECK_WAIT_KRY
 0> <info> app: ALERT_BT_CHECK_WAIT_KRY
 0> <info> app: ALERT_BT_CHECK_WAIT_KRY
 0> <info> app: ALERT_BT_CHECK_WAIT_KRY
 0> <info> app: ALERT_BT_CHECK_WAIT_KRY
 0> <info> app: ALERT_BT_CHECK_WAIT_KRY
 0> <info> app: ALERT_BT_CHECK_WAIT_KRY
