# SEGGER J-Link RTT Viewer V6.16a Terminal Log File
# Compiled: 12:44:10 on Jun  6 2017
# Logging started @ 12 Dec 2018 16:20:04
 0> <info> app: Left Press
 0> <info> app: Left Press
 0> <info> app: [OK]	Max30102 Already and background working is begin
 0> 
 0> <info> app: BATT Reading...
 0> <info> app: [OK]	HR sample count 707
 0> <info> app: Peak Index,
 0> ,104,196,273,452,631
 0> ,END Peak Index,<info> app: HR Index,
 0> ,76,91<info> app: HR Mean 83 
 0> <info> app: HR SD 7.50 
 0> <info> app: ^_^ Final HR 83 
 0> <info> app: SPO2 Peak Index,
 0> 
 0> ,0,1065353216,0,0,104,,18897,10,0,0,0.00,0.00,0.00,0.00,0.00
 0> ,69394,69370,95696,95652,91,,28,53,23,51,0.00,0.00,0.00,0.00,0.00
 0> ,69387,69349,95668,95600,90,,74,152,59,144,79.43,82.32,85.21,88.10,98.22
 0> ,69373,69345,95615,95584,82,,169,177,167,185,77.88,80.95,84.02,87.10,97.85
 0> ,69370,69350,95612,95579,89,,199,224,202,223,86.44,88.50,90.57,92.63,99.86
 0> ,69375,69359,95603,95580,87,,231,246,233,243,81.93,84.52,87.12,89.71,98.80
 0> ,69374,69369,95611,95613,103,,249,254,249,254,83.72,86.10,88.49,90.88,99.22
 0> ,69361,69347,95583,95565,85,,255,262,255,270,99.44,99.97,100.51,101.05,102.92
 0> ,69375,69356,95579,95566,69,,308,312,299,315,69.41,73.48,77.55,81.62,95.86
 0> ,69375,69361,95580,95560,87,,320,331,322,327,81.38,84.04,86.70,89.36,98.67
 0> ,69373,69353,95581,95558,83,,335,337,334,338,85.77,87.91,90.06,92.20,99.71
 0> ,69373,69354,95587,95540,94,,348,373,347,402,89.37,91.09,92.81,94.53,100.55
 0> ,69391,69363,95575,95549,78,,417,446,420,438,79.75,82.60,85.46,88.31,98.29
 0> ,69377,69361,95546,95545,270,,451,468,451,466,400.17,365.33,330.48,295.64,173.68
 0> ,69387,69362,95553,95532,76,,471,535,471,533,36.24,44.21,52.18,60.15,88.05
 0> ,69389,69372,95554,95516,93,,543,550,544,570,85.04,87.27,89.50,91.73,99.53
 0> ,69400,69387,95555,95540,83,,590,610,589,598,85.45,87.63,89.81,91.99,99.63
 0> ,69406,69390,95542,95552,103,,615,617,615,617,149.16,143.85,138.53,133.22,114.62
 0> ,69390,69384,95534,95524,89,,619,637,619,645,104.87,104.77,104.67,104.56,104.20
 0> ,69413,69390,95556,95521,88,,663,677,665,679,86.60,88.64,90.69,92.74,99.90
 0> ,END, , , , , , , , , , , , , , , , , , ,98.80
 0> <info> app: [OK]	LED Power 125
 0> <info> app: BATT Reading...
 0> <info> app: [OK]	HR sample count 708
 0> <info> app: Peak Index,
 0> ,22,206,294,469,639
 0> ,END Peak Index,<info> app: HR Index,
 0> ,80,41<info> app: HR Mean 60 
 0> <info> app: HR SD 19.50 
 0> <info> app: ^_^ Final HR 72 
 0> <info> app: SPO2 Peak Index,
 0> 
 0> ,0,0,0,0,104,,18897,10,0,0,0.00,0.00,0.00,0.00,0.00
 0> ,93454,93447,130426,130414,90,,43,56,43,55,0.00,0.00,0.00,0.00,0.00
 0> ,93463,93469,130439,130441,80,,87,90,85,90,155.84,149.74,143.64,137.54,116.19
 0> ,93462,93463,130441,130439,32368,,92,95,91,94,322.26,296.59,270.91,245.23,155.35
 0> ,93472,93448,130446,130404,90,,103,116,102,126,81.83,84.44,87.05,89.65,98.78
 0> ,93463,93449,130411,130401,70,,132,147,132,143,61.36,66.37,71.39,76.41,93.96
 0> ,93473,93456,130425,130417,53,,155,159,154,158,66.61,71.00,75.40,79.80,95.20
 0> ,93468,93456,130421,130421,104,,161,165,161,165,-20.54,-5.89,8.75,23.40,74.69
 0> ,93480,93473,130412,130431,103,,167,169,167,169,130.26,127.17,124.08,120.99,110.17
 0> ,93463,93445,130402,130415,103,,170,177,170,179,98.37,99.03,99.69,100.35,102.67
 0> ,93485,93463,130442,130416,83,,192,195,190,196,81.49,84.14,86.79,89.43,98.70
 0> ,93468,93452,130427,130390,93,,199,208,199,216,90.65,92.22,93.79,95.36,100.85
 0> ,93460,93455,130400,130385,96,,224,232,224,232,92.61,93.95,95.29,96.63,101.32
 0> ,93460,93479,130388,130419,80,,239,241,239,241,90.17,91.80,93.42,95.05,100.74
 0> ,93474,93463,130406,130400,60,,244,246,242,249,114.26,113.06,111.85,110.64,106.41
 0> ,93464,93470,130393,130417,80,,256,258,256,258,98.33,98.99,99.66,100.33,102.66
 0> ,93474,93473,130404,130414,103,,260,262,259,262,108.84,108.27,107.70,107.13,105.13
 0> ,93494,93462,130428,130373,90,,268,283,273,354,73.70,77.26,80.83,84.39,96.87
 0> ,93490,93467,130398,130352,92,,365,368,364,397,85.61,87.77,89.93,92.10,99.67
 0> ,93492,93460,130391,130327,92,,415,494,423,499,89.57,91.26,92.96,94.66,100.60
 0> ,93482,93468,130363,130333,92,,514,531,514,552,91.78,93.22,94.65,96.09,101.12
 0> ,93493,93468,130351,130318,86,,575,583,576,586,83.27,85.71,88.14,90.58,99.12
 0> ,93496,93471,130357,130316,89,,622,648,620,648,88.51,90.33,92.15,93.97,100.35
 0> ,93492,93472,130330,130310,80,,657,673,658,682,72.96,76.62,80.27,83.92,96.69
 0> ,END, , , , , , , , , , , , , , , , , , ,97.86
 0> <info> app: [OK]	LED Power 120
 0> <info> app: BATT Reading...
 0> <info> app: [OK]	HR sample count 707
 0> <info> app: Peak Index,
 0> ,104,283,385,485,570,665
 0> ,END Peak Index,<info> app: HR Index,
 0> ,69,70,83,74<info> app: HR Mean 74 
 0> <info> app: HR SD 5.52 
 0> <info> app: ^_^ Final HR 73 
 0> <info> app: SPO2 Peak Index,
 0> 
 0> ,0,1065353216,0,1065353216,87,,18897,10,0,0,0.00,0.00,0.00,0.00,0.00
 0> ,89550,89535,124511,124492,85,,8,32,9,30,0.00,0.00,0.00,0.00,0.00
 0> ,89562,89549,124513,124507,52,,71,75,69,74,60.12,65.28,70.44,75.60,93.67
 0> ,89565,89553,124530,124500,94,,81,91,81,92,90.67,92.24,93.81,95.37,100.86
 0> ,89561,89549,124513,124488,92,,95,98,94,111,86.95,88.96,90.96,92.97,99.98
 0> ,89543,89551,124488,124496,80,,123,126,123,125,77.16,80.32,83.47,86.63,97.68
 0> ,89567,89558,124508,124490,92,,132,145,133,143,81.78,84.39,87.00,89.62,98.77
 0> ,89575,89560,124514,124500,78,,158,166,147,165,87.20,89.18,91.15,93.13,100.04
 0> ,89572,89559,124504,124494,73,,168,170,167,170,57.84,63.27,68.70,74.13,93.13
 0> ,89580,89552,124521,124468,91,,178,202,172,196,85.46,87.64,89.82,92.00,99.63
 0> ,89577,89560,124488,124472,78,,215,225,215,222,75.66,78.99,82.33,85.66,97.33
 0> ,89586,89559,124502,124493,33,,236,242,239,242,52.17,58.27,64.36,70.46,91.80
 0> ,89575,89570,124492,124490,44,,246,250,246,255,3329.42,2949.96,2570.50,2191.04,862.92
 0> ,89595,89566,124511,124469,87,,265,289,261,287,78.85,81.81,84.77,87.73,98.08
 0> ,89581,89567,124492,124458,94,,311,317,310,320,93.05,94.33,95.62,96.91,101.42
 0> ,89589,89571,124499,124481,80,,323,334,324,331,89.09,90.85,92.60,94.35,100.49
 0> ,89590,89575,124505,124499,44,,341,347,339,343,70.83,74.73,78.63,82.53,96.19
 0> ,89590,89580,124499,124489,80,,351,367,350,358,33.11,41.45,49.79,58.13,87.32
 0> ,89596,89592,124507,124505,56,,368,370,368,370,43.24,50.39,57.54,64.68,89.70
 0> ,89597,89577,124505,124480,85,,372,382,372,410,-37.75,-21.07,-4.39,12.27,70.64
 0> ,89608,89598,124510,124505,56,,447,457,447,487,87.19,89.16,91.14,93.12,100.04
 0> ,89628,89627,124525,124526,103,,494,498,495,498,84.86,87.11,89.36,91.62,99.49
 0> ,89621,89610,124538,124510,94,,499,510,499,508,111.96,111.02,110.08,109.15,105.87
 0> ,89629,89607,124539,124505,88,,518,526,513,527,88.02,89.90,91.78,93.66,100.24
 0> ,89639,89624,124544,124524,86,,533,544,539,545,81.22,83.90,86.58,89.26,98.64
 0> ,89630,89616,124539,124522,84,,551,554,549,555,86.65,88.69,90.73,92.77,99.91
 0> ,89641,89619,124551,124522,86,,561,587,557,587,84.15,86.48,88.82,91.15,99.33
 0> ,89647,89635,124553,124555,103,,624,632,619,632,57.45,62.92,68.40,73.88,93.04
 0> ,89635,89641,124533,124532,14892,,633,635,633,635,100.70,101.09,101.47,101.86,103.22
 0> ,89649,89638,124563,124527,96,,643,657,644,662,97.42,98.20,98.97,99.74,102.45
 0> ,END, , , , , , , , , , , , , , , , , , ,98.64
 0> <info> app: [OK]	LED Power 115
 0> <info> app: BATT Reading...
 0> <info> app: [OK]	HR sample count 708
 0> <info> app: Peak Index,
 0> ,50,147,243,356,439,635
 0> ,END Peak Index,<info> app: HR Index,
 0> ,72,73,62,85<info> app: HR Mean 73 
 0> <info> app: HR SD 8.15 
 0> <info> app: ^_^ Final HR 73 
 0> <info> app: SPO2 Peak Index,
 0> 
 0> ,0,0,0,1073741824,104,,18897,10,0,0,0.00,0.00,0.00,0.00,0.00
 0> ,85676,85668,118642,118625,92,,27,34,30,33,0.00,0.00,0.00,0.00,0.00
 0> ,85680,85650,118646,118595,90,,37,48,36,65,88.32,90.16,92.01,93.85,100.31
 0> ,85691,85677,118632,118612,87,,98,118,114,122,81.16,83.85,86.54,89.22,98.62
 0> ,85690,85662,118630,118596,84,,125,159,127,153,86.20,88.29,90.39,92.48,99.81
 0> ,85678,85674,118598,118596,56,,165,168,165,167,9.86,20.93,32.01,43.08,81.85
 0> ,85680,85663,118611,118585,88,,171,187,171,208,92.67,94.00,95.33,96.67,101.33
 0> ,85688,85671,118629,118602,89,,220,225,219,225,91.12,92.64,94.15,95.66,100.97
 0> ,85680,85674,118604,118595,88,,228,234,227,232,56.93,62.46,68.00,73.54,92.92
 0> ,85682,85669,118601,118568,94,,238,245,238,272,81.01,83.71,86.41,89.12,98.59
 0> ,85695,85684,118602,118590,82,,285,291,284,289,87.49,89.43,91.37,93.32,100.11
 0> ,85700,85684,118603,118595,56,,297,308,296,299,64.37,69.03,73.69,78.35,94.67
 0> ,85700,85690,118595,118598,103,,317,319,317,319,200.65,189.27,177.90,166.53,126.74
 0> ,85698,85693,118606,118620,103,,325,327,324,327,127.53,124.76,121.99,119.22,109.53
 0> ,85708,85689,118611,118597,72,,329,341,330,335,1081.07,966.12,851.17,736.22,333.90
 0> ,85703,85685,118616,118596,82,,343,348,343,348,85.83,87.97,90.10,92.24,99.72
 0> ,85708,85691,118616,118598,81,,353,357,351,356,79.96,82.78,85.61,88.44,98.34
 0> ,85707,85690,118611,118586,88,,358,366,358,374,77.55,80.66,83.77,86.88,97.77
 0> ,85717,85702,118622,118598,89,,404,413,401,412,89.18,90.93,92.67,94.41,100.51
 0> ,85712,85704,118611,118620,103,,414,419,416,419,-426.68,-364.24,-301.81,-239.38,-20.86
 0> ,85721,85704,118635,118629,37,,430,432,422,432,73.04,76.68,80.33,83.97,96.71
 0> ,85720,85698,118605,118597,39,,433,439,433,436,128.79,125.87,122.95,120.04,109.83
 0> ,85708,85704,118613,118595,98,,445,448,444,450,95.76,96.73,97.70,98.67,102.06
 0> ,85719,85712,118623,118601,96,,453,462,456,461,92.44,93.80,95.16,96.52,101.28
 0> ,85704,85706,118595,118598,80,,464,468,464,466,70.39,74.34,78.30,82.25,96.09
 0> ,85710,85718,118602,118589,24421,,473,475,473,475,113.77,112.62,111.47,110.32,106.29
 0> ,85735,85703,118619,118610,20,,502,507,500,508,54.48,60.31,66.13,71.96,92.34
 0> ,85728,85715,118628,118615,80,,511,515,511,518,76.90,80.09,83.28,86.47,97.62
 0> ,85728,85712,118609,118597,72,,521,558,521,543,186.20,176.53,166.86,157.19,123.34
 0> ,85758,85731,118645,118613,84,,610,631,611,632,82.65,85.16,87.67,90.18,98.97
 0> ,85754,85747,118644,118635,85,,652,659,650,659,88.16,90.02,91.88,93.75,100.27
 0> ,85749,85743,118642,118628,93,,662,664,660,665,91.32,92.81,94.30,95.80,101.01
 0> ,85756,85741,118651,118629,87,,673,677,672,678,88.93,90.70,92.48,94.25,100.45
 0> ,END, , , , , , , , , , , , , , , , , , ,97.90
 0> <info> app: [OK]	LED Power 110
 0> <info> app: BATT Reading...
 0> <info> app: [OK]	HR sample count 708
 0> <info> app: Peak Index,
 0> ,12,119,225,335,434,532,624
 0> ,END Peak Index,<info> app: HR Index,
 0> ,66,66,64,71,72,76<info> app: HR Mean 69 
 0> <info> app: HR SD 4.17 
 0> <info> app: ^_^ Final HR 71 
 0> <info> app: SPO2 Peak Index,
 0> 
 0> ,0,0,0,0,104,,18897,10,0,0,0.00,0.00,0.00,0.00,0.00
 0> ,81609,81602,112861,112849,90,,78,86,73,86,0.00,0.00,0.00,0.00,0.00
 0> ,81616,81591,112872,112822,92,,99,113,98,129,89.14,90.89,92.63,94.38,100.50
 0> ,81622,81601,112861,112844,74,,161,170,163,174,80.28,83.07,85.86,88.65,98.41
 0> ,81631,81613,112871,112851,82,,178,197,181,193,78.54,81.53,84.53,87.52,98.01
 0> ,81629,81609,112868,112841,86,,199,222,200,233,83.53,85.94,88.35,90.76,99.18
 0> ,81638,81620,112867,112867,104,,247,267,241,267,76.94,80.12,83.30,86.49,97.63
 0> ,81631,81627,112861,112866,103,,270,272,269,272,132.54,129.18,125.82,122.46,110.71
 0> ,81619,81616,112850,112838,98,,273,286,273,291,92.32,93.69,95.07,96.44,101.25
 0> ,81640,81638,112859,112869,103,,299,301,294,301,94.09,95.25,96.42,97.58,101.66
 0> ,81640,81611,112880,112826,91,,314,362,310,353,94.11,95.28,96.44,97.60,101.67
 0> ,81642,81629,112871,112844,92,,394,441,407,434,87.11,89.10,91.08,93.07,100.02
 0> ,81652,81646,112864,112854,89,,468,475,466,472,84.72,86.98,89.25,91.52,99.46
 0> ,81652,81639,112872,112848,91,,478,481,476,481,93.19,94.46,95.73,97.01,101.45
 0> ,81667,81642,112886,112847,88,,502,567,512,556,87.31,89.28,91.24,93.20,100.07
 0> ,81656,81642,112845,112857,103,,569,571,569,571,134.84,131.21,127.58,123.95,111.25
 0> ,81655,81649,112857,112856,36,,575,578,575,577,-213.22,-175.90,-138.58,-101.26,29.35
 0> ,81665,81647,112877,112855,84,,586,602,593,601,85.92,88.05,90.17,92.30,99.74
 0> ,81670,81644,112876,112842,86,,608,628,605,621,80.41,83.18,85.96,88.73,98.44
 0> ,81661,81635,112859,112832,81,,635,646,634,657,80.63,83.37,86.12,88.87,98.50
 0> ,81654,81634,112850,112833,76,,675,688,674,703,77.75,80.84,83.93,87.01,97.82
 0> ,END, , , , , , , , , , , , , , , , , , ,98.58
 0> <info> app: [OK]	LED Power 105
 0> <info> app: BATT Reading...
 0> <info> app: [OK]	HR sample count 708
 0> <info> app: Peak Index,
 0> ,63,154,250,452,631
 0> ,END Peak Index,<info> app: HR Index,
 0> ,77,73<info> app: HR Mean 75 
 0> <info> app: HR SD 2.00 
 0> <info> app: ^_^ Final HR 72 
 0> <info> app: SPO2 Peak Index,
 0> 
 0> ,0,0,1077936128,0,104,,18897,10,0,0,0.00,0.00,0.00,0.00,0.00
 0> ,78013,77996,106964,106954,64,,19,32,21,31,0.00,0.00,0.00,0.00,0.00
 0> ,78015,77996,106965,106969,103,,38,40,35,40,1.78,13.80,25.83,37.85,79.94
 0> ,78012,77998,106971,106962,67,,42,49,44,48,38.06,45.81,53.57,61.33,88.48
 0> ,78009,77994,106959,106955,16,,52,56,52,55,-192.40,-157.53,-122.65,-87.78,34.25
 0> ,78008,77994,106962,106942,87,,57,68,57,64,70.99,74.87,78.76,82.64,96.23
 0> ,78011,77992,106940,106931,54,,75,80,75,77,46.05,52.87,59.69,66.50,90.36
 0> ,77997,77987,106927,106932,103,,81,85,81,87,135.78,132.04,128.30,124.56,111.47
 0> ,78010,78001,106957,106959,103,,99,102,98,102,52.57,58.62,64.67,70.72,91.90
 0> ,78006,77988,106945,106939,34,,103,113,103,106,120.01,118.12,116.24,114.36,107.76
 0> ,78020,77996,106966,106929,88,,142,172,138,171,83.50,85.91,88.32,90.73,99.17
 0> ,78025,78004,106959,106947,63,,183,187,178,187,79.63,82.49,85.36,88.23,98.26
 0> ,78046,78010,106992,106947,85,,232,256,233,251,84.27,86.59,88.91,91.23,99.35
 0> ,78026,78008,106937,106933,0,,260,286,260,297,156.21,150.06,143.92,137.78,116.28
 0> ,78044,78003,106962,106907,86,,334,367,333,378,81.61,84.24,86.88,89.51,98.73
 0> ,78038,78024,106942,106936,49,,406,427,419,425,52.72,58.75,64.79,70.82,91.93
 0> ,78035,78004,106943,106900,87,,430,470,428,480,71.78,75.57,79.36,83.15,96.41
 0> ,78039,78008,106952,106905,88,,521,533,523,549,88.86,90.64,92.42,94.20,100.43
 0> ,78044,78023,106945,106917,86,,594,600,593,597,86.05,88.16,90.27,92.38,99.77
 0> ,78044,78027,106946,106915,91,,623,630,616,635,90.07,91.71,93.35,94.98,100.72
 0> ,END, , , , , , , , , , , , , , , , , , ,98.28
 0> <info> app: [OK]	LED Power 100
 0> <info> app: BATT Reading...
 0> <info> app: [OK]	HR sample count 707
 0> <info> app: Peak Index,
 0> ,60,335,424,520,605
 0> ,END Peak Index,<info> app: HR Index,
 0> ,79,73,83<info> app: HR Mean 78 
 0> <info> app: HR SD 4.10 
 0> <info> app: ^_^ Final HR 72 
 0> <info> app: SPO2 Peak Index,
 0> 
 0> ,0,0,0,0,104,,18897,10,0,0,0.00,0.00,0.00,0.00,0.00
 0> ,74052,74030,101133,101090,92,,35,57,38,53,0.00,0.00,0.00,0.00,0.00
 0> ,74046,74021,101106,101079,82,,59,71,60,84,82.29,84.84,87.39,89.95,98.89
 0> ,74052,74034,101096,101079,79,,106,114,105,115,76.12,79.40,82.68,85.96,97.44
 0> ,74051,74024,101104,101079,78,,120,126,119,126,83.57,85.97,88.37,90.78,99.19
 0> ,74039,74028,101101,101078,92,,132,138,131,134,90.66,92.23,93.80,95.36,100.86
 0> ,74044,74023,101090,101063,85,,142,152,142,153,81.91,84.51,87.11,89.70,98.80
 0> ,74049,74025,101090,101061,84,,201,212,200,208,84.30,86.61,88.93,91.25,99.36
 0> ,74052,74034,101090,101094,103,,227,231,226,231,-41.50,-24.38,-7.26,9.85,69.76
 0> ,74049,74022,101087,101052,86,,233,248,232,263,170.98,163.10,155.22,147.34,119.76
 0> ,74060,74041,101087,101069,79,,311,315,288,314,86.48,88.54,90.60,92.66,99.87
 0> ,74052,74057,101074,101080,80,,319,321,318,321,110.01,109.30,108.60,107.89,105.41
 0> ,74061,74017,101093,101052,79,,325,358,323,343,91.57,93.03,94.49,95.96,101.07
 0> ,74038,74038,101063,101052,104,,365,372,365,367,81.84,84.45,87.06,89.66,98.78
 0> ,74062,74047,101087,101071,82,,393,401,398,401,81.04,83.74,86.44,89.14,98.59
 0> ,74066,74043,101101,101070,86,,413,419,408,416,87.49,89.43,91.38,93.32,100.11
 0> ,74072,74041,101090,101070,68,,441,493,475,482,69.66,73.70,77.74,81.78,95.92
 0> ,74071,74045,101094,101056,88,,506,533,504,521,83.12,85.57,88.03,90.49,99.08
 0> ,74060,74054,101072,101064,86,,540,545,539,544,80.77,83.50,86.23,88.97,98.53
 0> ,74064,74052,101081,101055,93,,550,552,548,555,90.92,92.45,93.99,95.53,100.92
 0> ,74069,74057,101072,101061,78,,561,564,560,564,81.50,84.15,86.80,89.44,98.70
 0> ,74078,74047,101090,101050,86,,576,644,581,637,87.46,89.40,91.35,93.29,100.10
 0> ,END, , , , , , , , , , , , , , , , , , ,98.60
 0> <info> app: [OK]	LED Power 95
 0> <info> app: [OK]	HR Background stop
 0> <info> app: ^
 0> <info> app: HR A
 0> <info> app: HR C
 0> <info> app: HR D
 0> <info> app: Show HR Result
 0> <info> app: BATT Reading...
 0> <info> app: BATT Reading...
 0> <error> app: Pedo write to flash.
 0> <info> app: [OK]	FLASH MEMORY
 0> <info> app: Page for write 703
 0> <info> app: Append Success
 0> <info> app: Save to flash

# Logging stopped @ 12 Dec 2018 16:21:34
