# SEGGER J-Link RTT Viewer V6.16a Terminal Log File
# Compiled: 12:44:10 on Jun  6 2017
# Logging started @ 12 Dec 2018 16:12:14
 0> <info> app: Left Press
 0> <info> app: Left Press
 0> <info> app: [OK]	Max30102 Already and background working is begin
 0> 
 0> <info> app: BATT Reading...
 0> <error> app: Pedo write to flash.
 0> <info> app: [OK]	FLASH MEMORY
 0> <info> app: Page for write 698
 0> <info> app: Append Success
 0> <info> app: Save to flash
 0> <info> app: [OK]	HR sample count 708
 0> <info> app: Peak Index,
 0> ,90,188,297,412,526,632
 0> ,END Peak Index,<info> app: HR Index,
 0> ,72,64,61,62,66<info> app: HR Mean 65 
 0> <info> app: HR SD 3.89 
 0> <info> app: ^_^ Final HR 65 
 0> <info> app: SPO2 Peak Index,
 0> 
 0> ,1077936128,1073741824,1065353216,-1054867456,103,,18897,10,0,0,0.00,0.00,0.00,0.00,0.00
 0> ,100569,100552,103503,103493,74,,63,70,64,69,0.00,0.00,0.00,0.00,0.00
 0> ,100557,100563,103486,103512,86,,71,73,71,73,105.41,105.24,105.08,104.91,104.33
 0> ,100570,100529,103511,103463,89,,78,114,76,101,58.10,63.50,68.90,74.30,93.20
 0> ,100604,100597,103514,103493,98,,164,169,160,168,94.62,95.72,96.82,97.93,101.79
 0> ,100611,100597,103518,103506,83,,171,176,172,175,90.06,91.70,93.34,94.98,100.72
 0> ,100618,100518,103508,103447,75,,178,216,177,208,25.72,34.93,44.14,53.35,85.58
 0> ,100568,100554,103487,103466,92,,233,247,237,248,83.81,86.19,88.56,90.93,99.25
 0> ,100575,100569,103488,103471,97,,256,260,254,260,94.47,95.59,96.71,97.83,101.75
 0> ,100580,100562,103496,103480,84,,268,278,273,278,90.65,92.22,93.79,95.36,100.86
 0> ,100575,100422,103512,103413,76,,282,350,282,336,94.07,95.24,96.40,97.57,101.66
 0> ,100449,100450,103435,103431,47334,,360,364,360,366,87.87,89.77,91.67,93.56,100.20
 0> ,100570,100457,103496,103422,77,,391,455,393,466,73.38,76.99,80.59,84.19,96.79
 0> ,100512,100515,103466,103471,86,,490,497,492,497,63.81,68.54,73.26,77.99,94.54
 0> ,100523,100485,103475,103434,87,,504,523,503,526,79.86,82.70,85.54,88.38,98.32
 0> ,100545,100486,103472,103437,74,,543,570,549,568,75.32,78.69,82.07,85.44,97.25
 0> ,100528,100489,103487,103456,81,,620,636,619,638,84.77,87.03,89.29,91.55,99.47
 0> ,100526,100531,103461,103486,86,,642,644,642,644,110.41,109.66,108.90,108.15,105.50
 0> ,100575,100419,103495,103429,62,,656,680,656,668,66.04,70.50,74.97,79.43,95.06
 0> ,END, , , , , , , , , , , , , , , , , , ,97.24
 0> <info> app: [OK]	LED Power 125
 0> <info> app: BATT Reading...
 0> <info> app: [OK]	HR sample count 707
 0> <info> app: Peak Index,
 0> ,75,204,330,484,532,645
 0> ,END Peak Index,<info> app: HR Index,
 0> ,54,56,45,147,62<info> app: HR Mean 72 
 0> <info> app: HR SD 37.49 
 0> <info> app: ^_^ Final HR 68 
 0> <info> app: SPO2 Peak Index,
 0> 
 0> ,1088421888,-1073741824,1073741824,1077936128,101,,18927,10,0,0,0.00,0.00,0.00,0.00,0.00
 0> ,135412,135257,141526,141455,65,,51,118,50,131,0.00,0.00,0.00,0.00,0.00
 0> ,135337,135316,141474,141486,103,,139,141,139,141,184.08,174.65,165.23,155.81,122.84
 0> ,135342,135311,141503,141476,83,,145,152,144,152,78.93,81.88,84.83,87.78,98.10
 0> ,135397,135363,141529,141496,85,,163,174,160,176,80.98,83.69,86.40,89.10,98.58
 0> ,135423,135310,141551,141469,79,,190,220,191,215,82.68,85.18,87.69,90.20,98.98
 0> ,135352,135309,141499,141466,80,,239,268,237,277,79.74,82.59,85.45,88.30,98.29
 0> ,135349,135344,141502,141487,98,,289,299,296,300,88.47,90.30,92.13,93.95,100.34
 0> ,135412,135342,141534,141499,68,,312,325,309,332,75.89,79.19,82.50,85.81,97.38
 0> ,135417,135362,141534,141502,73,,346,366,347,361,69.59,73.64,77.68,81.73,95.90
 0> ,135397,135331,141527,141503,55,,375,400,379,395,72.62,76.31,80.00,83.69,96.61
 0> ,135471,135419,141572,141541,74,,464,487,464,483,69.88,73.89,77.91,81.92,95.97
 0> ,135455,135431,141557,141563,103,,493,496,493,496,643.01,579.59,516.18,452.77,230.82
 0> ,135441,135438,141564,141557,96,,499,501,497,502,52.46,58.53,64.59,70.65,91.87
 0> ,135449,135439,141575,141557,94,,504,511,505,511,93.43,94.68,95.92,97.16,101.51
 0> ,135454,135407,141580,141542,82,,521,537,518,539,85.86,87.99,90.12,92.26,99.73
 0> ,135431,135421,141544,141533,87,,546,550,546,551,68.93,73.06,77.18,81.31,95.74
 0> ,135448,135376,141543,141516,56,,559,592,559,588,56.39,61.99,67.59,73.19,92.79
 0> ,135428,135419,141564,141556,84,,612,619,610,619,85.74,87.89,90.04,92.18,99.70
 0> ,135420,135415,141550,141555,103,,622,626,621,624,112.61,111.59,110.58,109.57,106.02
 0> ,END, , , , , , , , , , , , , , , , , , ,97.72
 0> <info> app: [OK]	LED Power 120
 0> <info> app: BATT Reading...
 0> <info> app: [OK]	HR sample count 707
 0> <info> app: Peak Index,
 0> ,45,151,260,369,585,699
 0> ,END Peak Index,<info> app: HR Index,
 0> ,66,64,64,62<info> app: HR Mean 64 
 0> <info> app: HR SD 1.41 
 0> <info> app: ^_^ Final HR 67 
 0> <info> app: SPO2 Peak Index,
 0> 
 0> ,1073741824,1065353216,1090519040,1073741824,95,,18897,10,0,0,0.00,0.00,0.00,0.00,0.00
 0> ,129776,129697,135078,135009,83,,28,55,33,54,0.00,0.00,0.00,0.00,0.00
 0> ,129724,129693,135030,135005,82,,71,90,66,98,80.90,83.62,86.34,89.05,98.56
 0> ,129724,129692,135049,135021,83,,105,144,103,132,90.70,92.27,93.83,95.40,100.87
 0> ,129698,129510,135028,134916,74,,145,197,145,193,98.31,98.98,99.65,100.32,102.66
 0> ,129640,129600,135004,134965,85,,241,265,241,265,81.03,83.73,86.43,89.14,98.59
 0> ,129614,129562,134969,134930,80,,270,279,270,282,69.85,73.86,77.88,81.90,95.96
 0> ,129630,129590,134964,134930,83,,295,304,291,311,77.92,80.99,84.06,87.12,97.86
 0> ,129656,129532,134994,134889,83,,357,386,356,384,83.47,85.89,88.30,90.72,99.17
 0> ,129569,129365,134922,134815,70,,396,492,397,492,81.71,84.33,86.95,89.57,98.75
 0> ,129428,129420,134850,134862,103,,511,527,523,527,192.58,182.16,171.74,161.32,124.84
 0> ,129420,129414,134845,134828,97,,528,531,528,533,106.34,106.06,105.79,105.51,104.55
 0> ,129471,129440,134861,134841,76,,538,560,536,559,75.48,78.83,82.19,85.54,97.28
 0> ,129497,129334,134882,134762,79,,568,647,567,651,79.30,82.21,85.11,88.02,98.18
 0> ,END, , , , , , , , , , , , , , , , , , ,98.04
 0> <info> app: [OK]	LED Power 115
 0> <info> app: BATT Reading...
 0> <info> app: [OK]	HR sample count 707
 0> <info> app: Peak Index,
 0> ,53,169,279,381,506,613
 0> ,END Peak Index,<info> app: HR Index,
 0> ,61,64,69,56,66<info> app: HR Mean 63 
 0> <info> app: HR SD 4.44 
 0> <info> app: ^_^ Final HR 66 
 0> <info> app: SPO2 Peak Index,
 0> 
 0> ,0,-1050673152,1084227584,1065353216,206,,18897,10,0,0,0.00,0.00,0.00,0.00,0.00
 0> ,123737,123726,128915,128904,86,,25,29,24,28,0.00,0.00,0.00,0.00,0.00
 0> ,123726,123734,128893,128912,86,,30,33,30,32,101.63,101.91,102.19,102.47,103.44
 0> ,123747,123678,128938,128876,84,,37,58,37,71,91.29,92.79,94.28,95.77,101.01
 0> ,123697,123665,128901,128869,86,,89,104,86,101,86.74,88.77,90.80,92.83,99.93
 0> ,123768,123672,128932,128889,64,,145,217,142,203,71.61,75.42,79.23,83.04,96.38
 0> ,123732,123708,128929,128919,61,,242,245,238,245,71.09,74.96,78.84,82.71,96.25
 0> ,123753,123746,128948,128940,88,,260,265,258,263,82.87,85.35,87.84,90.32,99.02
 0> ,123759,123728,128962,128924,89,,268,279,268,276,93.39,94.64,95.88,97.13,101.50
 0> ,123762,123725,128941,128912,81,,285,298,286,295,77.45,80.57,83.69,86.82,97.75
 0> ,123751,123740,128948,128939,82,,324,348,337,348,81.92,84.52,87.11,89.71,98.80
 0> ,123776,123613,128958,128859,74,,355,430,355,408,74.71,78.15,81.60,85.05,97.10
 0> ,123652,123537,128885,128824,70,,439,545,438,548,80.22,83.02,85.81,88.61,98.40
 0> ,123559,123499,128840,128788,83,,572,630,572,628,81.46,84.11,86.76,89.41,98.69
 0> ,123537,123491,128803,128772,77,,644,654,640,653,70.64,74.57,78.49,82.42,96.15
 0> ,END, , , , , , , , , , , , , , , , , , ,97.85
 0> <info> app: [OK]	LED Power 110
 0> <info> app: BATT Reading...
 0> <info> app: [OK]	HR sample count 708
 0> <info> app: Peak Index,
 0> ,86,198,297,491,602
 0> ,END Peak Index,<info> app: HR Index,
 0> ,63,71,63<info> app: HR Mean 65 
 0> <info> app: HR SD 3.77 
 0> <info> app: ^_^ Final HR 66 
 0> <info> app: SPO2 Peak Index,
 0> 
 0> ,1091567616,1090519040,1077936128,1086324736,103,,18897,10,0,0,0.00,0.00,0.00,0.00,0.00
 0> ,117316,117309,122028,122005,98,,26,34,24,33,0.00,0.00,0.00,0.00,0.00
 0> ,117387,117295,122058,121975,84,,73,104,51,106,78.88,81.83,84.79,87.74,98.09
 0> ,117322,117296,121988,121962,86,,125,143,121,146,77.83,80.90,83.98,87.06,97.84
 0> ,117403,117273,122035,121945,78,,180,250,186,248,78.49,81.49,84.49,87.49,97.99
 0> ,117314,117280,121989,121959,83,,265,286,267,283,85.50,87.68,89.85,92.03,99.64
 0> ,117294,116892,121974,121760,70,,289,323,292,324,90.30,91.91,93.52,95.13,100.77
 0> ,116951,116864,121815,121765,73,,356,374,356,374,77.63,80.73,83.83,86.93,97.79
 0> ,116881,116842,121808,121765,87,,384,421,382,419,95.06,96.11,97.17,98.22,101.89
 0> ,117143,117134,121930,121906,97,,467,476,467,489,89.29,91.02,92.75,94.48,100.53
 0> ,117264,117223,121967,121924,87,,515,533,510,534,80.76,83.49,86.23,88.96,98.53
 0> ,117417,117302,122033,121963,74,,584,615,586,616,73.60,77.18,80.76,84.33,96.84
 0> ,117374,117362,122008,121999,80,,647,650,646,649,79.31,82.21,85.12,88.02,98.19
 0> ,117426,117425,122040,122047,103,,667,670,666,670,17.83,27.97,38.10,48.24,83.72
 0> ,END, , , , , , , , , , , , , , , , , , ,98.11
 0> <info> app: [OK]	LED Power 105
 0> <info> app: BATT Reading...
 0> <info> app: [OK]	HR sample count 707
 0> <info> app: Peak Index,
 0> ,97,203,320,432,643
 0> ,END Peak Index,<info> app: HR Index,
 0> ,66,60,63<info> app: HR Mean 63 
 0> <info> app: HR SD 2.44 
 0> <info> app: ^_^ Final HR 65 
 0> <info> app: SPO2 Peak Index,
 0> 
 0> ,-1052770304,1088421888,1065353216,1073741824,95,,18897,10,0,0,0.00,0.00,0.00,0.00,0.00
 0> ,112211,112183,115889,115863,85,,26,52,39,47,0.00,0.00,0.00,0.00,0.00
 0> ,112219,112216,115895,115901,103,,63,65,61,65,45.98,52.81,59.63,66.46,90.34
 0> ,112253,112190,115916,115883,70,,78,111,74,98,64.88,69.48,74.09,78.69,94.79
 0> ,112227,112214,115907,115890,90,,125,128,119,128,88.15,90.02,91.88,93.74,100.27
 0> ,112213,112199,115901,115884,89,,131,134,131,134,95.84,96.80,97.76,98.72,102.08
 0> ,112246,112207,115921,115891,81,,141,151,144,151,80.66,83.40,86.15,88.89,98.50
 0> ,112243,112215,115921,115905,73,,162,176,168,173,74.26,77.76,81.26,84.76,97.00
 0> ,112232,112202,115915,115899,71,,177,183,178,184,77.98,81.04,84.10,87.16,97.87
 0> ,112244,112129,115930,115869,70,,191,215,190,215,75.25,78.63,82.01,85.39,97.23
 0> ,112168,112141,115892,115874,77,,222,231,223,231,75.07,78.48,81.88,85.28,97.19
 0> ,112184,112167,115898,115876,90,,246,252,246,250,84.86,87.11,89.36,91.61,99.49
 0> ,112179,112169,115893,115869,96,,255,262,254,262,93.64,94.86,96.08,97.29,101.56
 0> ,112193,112191,115898,115884,101,,266,272,265,269,92.17,93.56,94.95,96.34,101.21
 0> ,112194,112157,115896,115870,79,,273,287,274,285,98.35,99.01,99.68,100.34,102.67
 0> ,112211,112111,115915,115846,78,,308,333,307,333,80.47,83.24,86.01,88.77,98.46
 0> ,112146,112125,115833,115839,103,,354,360,354,358,163.47,156.48,149.48,142.48,117.99
 0> ,112137,112115,115859,115847,71,,376,381,375,380,79.06,81.99,84.92,87.86,98.13
 0> ,112160,112105,115875,115845,71,,391,398,388,397,73.11,76.74,80.38,84.01,96.73
 0> ,112154,112073,115876,115821,78,,421,432,421,438,76.44,79.68,82.93,86.17,97.51
 0> ,112123,110083,115842,114798,69,,466,590,471,587,69.99,73.99,77.99,81.99,95.99
 0> ,110962,110923,115173,115201,103,,615,617,614,617,-41.32,-24.22,-7.13,9.96,69.80
 0> ,111127,110333,115333,114784,78,,621,675,621,675,77.12,80.28,83.44,86.60,97.67
 0> ,END, , , , , , , , , , , , , , , , , , ,97.43
 0> <info> app: [OK]	LED Power 100
 0> <info> app: BATT Reading...
 0> <info> app: [OK]	HR sample count 707
 0> <info> app: Peak Index,
 0> ,134,258,357,461,554,664
 0> ,END Peak Index,<info> app: HR Index,
 0> ,57,71,68,76,64<info> app: HR Mean 67 
 0> <info> app: HR SD 6.43 
 0> <info> app: ^_^ Final HR 66 
 0> <info> app: SPO2 Peak Index,
 0> 
 0> ,1093664768,1077936128,1100480512,1086324736,84,,18927,10,0,7,0.00,0.00,0.00,0.00,0.00
 0> ,105536,105477,109333,109286,81,,14,30,20,31,0.00,0.00,0.00,0.00,0.00
 0> ,105611,105552,109357,109327,69,,52,62,52,65,72.21,75.95,79.69,83.43,96.52
 0> ,105710,105687,109425,109395,90,,79,83,78,86,88.66,90.47,92.27,94.07,100.39
 0> ,105992,105920,109585,109530,80,,121,132,119,131,79.98,82.80,85.63,88.45,98.34
 0> ,106018,105977,109588,109557,80,,148,170,148,165,74.76,78.20,81.64,85.08,97.12
 0> ,106051,106010,109613,109585,78,,179,194,180,192,77.22,80.37,83.52,86.67,97.69
 0> ,106081,106052,109645,109623,80,,214,236,215,235,81.41,84.06,86.72,89.38,98.68
 0> ,106156,105942,109688,109565,73,,248,280,249,282,75.37,78.74,82.11,85.47,97.26
 0> ,106056,106024,109647,109619,83,,313,320,310,322,85.56,87.73,89.90,92.07,99.66
 0> ,106087,106046,109664,109629,83,,337,355,333,360,82.16,84.73,87.30,89.87,98.86
 0> ,106093,106069,109662,109639,85,,373,378,371,379,85.27,87.47,89.67,91.88,99.59
 0> ,106079,106069,109653,109634,94,,384,386,383,390,92.89,94.19,95.50,96.81,101.38
 0> ,106079,106064,109638,109629,74,,395,413,395,402,70.30,74.26,78.23,82.19,96.07
 0> ,106133,106095,109692,109655,85,,437,469,440,452,81.35,84.02,86.68,89.34,98.67
 0> ,106137,106078,109686,109643,79,,480,504,477,501,81.59,84.22,86.86,89.50,98.72
 0> ,106176,106116,109703,109664,76,,522,539,524,535,73.89,77.43,80.98,84.52,96.91
 0> ,106155,105978,109697,109586,75,,545,594,547,597,84.25,86.57,88.90,91.22,99.35
 0> ,106017,106007,109621,109617,60,,606,609,606,610,83.48,85.89,88.31,90.72,99.17
 0> ,106057,105995,109657,109597,85,,617,671,616,685,82.21,84.77,87.34,89.90,98.87
 0> ,END, , , , , , , , , , , , , , , , , , ,98.22
 0> <info> app: [OK]	LED Power 95
 0> <info> app: [OK]	HR Background stop
 0> <info> app: ^
 0> <info> app: HR A
 0> <info> app: HR C
 0> <info> app: HR D
 0> <info> app: Show HR Result
 0> <info> app: BATT Reading...
 0> <info> app: BATT Reading...
 0> <info> app: BATT Reading...
 0> <info> app: BATT Reading...
 0> <info> app: BATT Reading...
 0> <error> app: Pedo write to flash.
 0> <info> app: [OK]	FLASH MEMORY
 0> <info> app: Page for write 699
 0> <info> app: Append Success
 0> <info> app: Save to flash
 0> <info> app: BATT Reading...
 0> <info> app: BATT Reading...
 0> <info> app: BATT Reading...
 0> <info> app: BATT Reading...
 0> <info> app: BATT Reading...
 0> <info> app: Left Press
 0> <info> app: Left Press
 0> <info> app: Left Press
 0> <info> app: Left Press
 0> <info> app: BATT Reading...
 0> <info> app: BATT Reading...
 0> <info> app: BATT Reading...
 0> <info> app: BATT Reading...
 0> <info> app: BATT Reading...
 0> <info> app: BATT Reading...
 0> <error> app: Pedo write to flash.
 0> <info> app: [OK]	FLASH MEMORY
 0> <info> app: Page for write 700
 0> <info> app: Append Success
 0> <info> app: Save to flash
 0> <info> app: BATT Reading...
 0> <info> app: BATT Reading...
 0> <info> app: BATT Reading...
 0> <info> app: BATT Reading...
 0> <info> app: BATT Reading...
 0> <info> app: BATT Reading...
 0> <info> app: BATT Reading...
 0> <info> app: BATT Reading...
 0> <info> app: BATT Reading...
 0> <info> app: BATT Reading...
 0> <info> app: BATT Reading...
 0> <error> app: Pedo write to flash.
 0> <info> app: [OK]	FLASH MEMORY
 0> <info> app: Page for write 701
 0> <info> app: Append Success
 0> <info> app: Save to flash
 0> <info> app: ALERT_BT_CHECK_WAIT_KRY
 0> <info> app: ALERT_BT_CHECK_WAIT_KRY
 0> <info> app: ALERT_BT_CHECK_WAIT_KRY
 0> <info> app: ALERT_BT_CHECK_WAIT_KRY
 0> <info> app: BATT Reading...
