# SEGGER J-Link RTT Viewer V6.16a Terminal Log File
# Compiled: 12:44:10 on Jun  6 2017
# Logging started @ 11 Dec 2018 10:28:25
 0> <info> app: Left Press
 0> <info> app: [OK]	Max30102 Already and background working is begin
 0> 
 0> <info> app: BATT Reading...
 0> <info> app: [OK]	HR sample count 707
 0> <info> app: Peak Index,
 0> ,62,155,243,327,416,504,587,669
 0> ,END Peak Index,<info> app: HR Index,
 0> ,76,80,84,79,80,85,86<info> app: HR Mean 81 
 0> <info> app: HR SD 3.37 
 0> <info> app: ^_^ Final HR 81 
 0> <info> app: SPO2 Peak Index,
 0> 
 0> ,164396,1107558400,191111,1082130432,87,54,45056,54,38683
 0> ,165032,165194,191856,192045,84,101,100,101,100
 0> ,163209,162938,189708,189354,88,232,150,232,150
 0> ,163156,163053,189717,189593,87,319,281,319,281
 0> ,162996,162915,189654,189539,90,406,369,406,369
 0> ,163004,162836,189675,189524,81,494,454,494,454
 0> ,163011,162946,189702,189636,84,574,539,574,539
 0> ,162957,162890,189726,189644,87,659,625,659,625
 0> ,END SPO2 Peak Index,
 0> 
 0> SPO2,0,153,178,-86.00,0
 0> SPO2,1,755,878,-66.00,0
 0> SPO2,2,1918,2230,-62.00,0
 0> SPO2,3,3590,4174,-54.00,0
 0> SPO2,4,5722,6652,-45.00,0
 0> SPO2,5,8266,9610,-44.00,0
 0> SPO2,6,11179,12995,-43.00,0
 0> SPO2,7,14416,16759,-61.00,0
 0> SPO2,8,17940,20855,-19.00,20
 0> SPO2,9,21711,25240,-28.00,20
 0> SPO2,10,25695,29871,-25.00,0
 0> SPO2,11,29859,34712,-6.00,0
 0> SPO2,12,34171,39725,-5.00,0
 0> SPO2,13,38603,44877,12.00,0
 0> SPO2,14,43128,50137,22.00,0
 0> SPO2,15,47721,55476,19.00,0
 0> SPO2,16,52359,60868,50.00,20
 0> SPO2,17,57020,66286,46.00,20
 0> SPO2,18,61685,71709,50.00,20
 0> SPO2,19,66336,77116,41.00,0
 0> SPO2,20,70956,82487,56.00,20
 0> SPO2,21,75531,87806,79.00,20
 0> SPO2,22,80048,93057,67.00,20
 0> SPO2,23,84494,98225,75.00,20
 0> SPO2,24,88858,103299,91.00,20
 0> SPO2,25,93131,108267,97.00,20
 0> SPO2,26,97305,113119,111.00,20
 0> SPO2,27,101373,117847,99.00,20
 0> SPO2,28,105327,122445,104.00,20
 0> SPO2,29,109163,126904,129.00,20
 0> SPO2,30,112877,131222,114.00,20
 0> SPO2,31,116464,135392,125.00,20
 0> SPO2,32,119922,139413,130.00,20
 0> SPO2,33,123250,143281,122.00,0
 0> SPO2,34,126445,146995,130.00,20
 0> SPO2,35,129506,150554,135.00,20
 0> SPO2,36,132434,153958,152.00,20
 0> SPO2,37,135229,157207,154.00,20
 0> SPO2,38,137892,160303,159.00,20
 0> SPO2,39,140424,163246,161.00,20
 0> SPO2,40,142826,166039,153.00,0
 0> SPO2,41,145101,168683,155.00,0
 0> SPO2,42,147250,171182,157.00,0
 0> SPO2,43,149277,173538,157.00,0
 0> SPO2,44,151184,175754,167.00,20
 0> SPO2,45,152974,177835,166.00,20
 0> SPO2,46,154650,179784,172.00,20
 0> SPO2,47,156217,181604,166.00,20
 0> SPO2,48,157676,183301,162.00,0
 0> SPO2,49,159032,184877,169.00,0
 0> SPO2,50,160289,186338,174.00,20
 0> SPO2,51,161450,187687,172.00,20
 0> SPO2,52,162519,188929,170.00,0
 0> SPO2,53,163499,190069,165.00,0
 0> SPO2,54,164396,191111,156.00,-20
 0> SPO2,55,165211,192059,129.00,-20
 0> SPO2,56,165950,192917,81.00,-20
 0> SPO2,57,166615,193691,58.00,-20
 0> SPO2,58,167210,194383,20.00,-20
 0> SPO2,59,167740,194999,-9.00,-20
 0> SPO2,60,168207,195542,-53.00,-20
 0> SPO2,61,168614,196016,-88.00,-20
 0> SPO2,62,168966,196425,-116.00,-20
 0> SPO2,63,169265,196774,-130.00,-20
 0> SPO2,64,169515,197065,-147.00,-20
 0> SPO2,65,169718,197303,-172.00,-20
 0> SPO2,66,169879,197490,-180.00,-20
 0> SPO2,67,170000,197631,-193.00,-20
 0> SPO2,68,170083,197729,-197.00,-20
 0> SPO2,69,170132,197787,-203.00,-20
 0> SPO2,70,170150,197809,-213.00,-20
 0> SPO2,71,170139,197796,-208.00,-20
 0> SPO2,72,170101,197753,-196.00,-20
 0> SPO2,73,170038,197681,-201.00,-20
 0> SPO2,74,169954,197584,-197.00,-20
 0> SPO2,75,169850,197464,-189.00,-20
 0> SPO2,76,169729,197323,-178.00,-20
 0> SPO2,77,169591,197164,-181.00,-20
 0> SPO2,78,169440,196988,-183.00,-20
 0> SPO2,79,169276,196799,-161.00,-20
 0> SPO2,80,169102,196597,-169.00,-20
 0> SPO2,81,168919,196385,-139.00,-20
 0> SPO2,82,168729,196164,-129.00,-20
 0> SPO2,83,168532,195936,-107.00,-20
 0> SPO2,84,168331,195702,-105.00,-20
 0> SPO2,85,168126,195464,-85.00,-20
 0> SPO2,86,167919,195223,-83.00,-20
 0> SPO2,87,167710,194980,-80.00,-20
 0> SPO2,88,167500,194737,-67.00,-20
 0> SPO2,89,167291,194494,-64.00,-20
 0> SPO2,90,167084,194252,-52.00,-20
 0> SPO2,91,166878,194012,-54.00,-20
 0> SPO2,92,166674,193775,-37.00,-20
 0> SPO2,93,166474,193541,-44.00,-20
 0> SPO2,94,166277,193311,-28.00,-20
 0> SPO2,95,166084,193086,-16.00,-20
 0> SPO2,96,165896,192866,-26.00,-20
 0> SPO2,97,165712,192652,0.00,0
 0> SPO2,98,165534,192443,8.00,0
 0> SPO2,99,165361,192241,8.00,0
 0> SPO2,100,165194,192045,19.00,20
 0> SPO2,101,165032,191856,22.00,20
 0> SPO2,102,164876,191673,35.00,20
 0> SPO2,103,164726,191498,37.00,20
 0> SPO2,104,164583,191329,34.00,20
 0> SPO2,105,164446,191168,54.00,20
 0> SPO2,106,164315,191014,57.00,20
 0> SPO2,107,164190,190867,75.00,20
 0> SPO2,108,164072,190728,63.00,20
 0> SPO2,109,163959,190595,84.00,20
 0> SPO2,110,163853,190470,86.00,20
 0> SPO2,111,163753,190352,94.00,20
 0> SPO2,112,163658,190240,83.00,20
 0> SPO2,113,163570,190135,101.00,20
 0> SPO2,114,163487,190037,113.00,20
 0> SPO2,115,163409,189945,135.00,20
 0> SPO2,116,163338,189860,118.00,20
 0> SPO2,117,163271,189781,118.00,20
 0> SPO2,118,163210,189707,128.00,20
 0> SPO2,119,163153,189640,142.00,20
 0> SPO2,120,163101,189578,136.00,20
 0> SPO2,121,163054,189521,148.00,20
 0> SPO2,122,163011,189470,165.00,20
 0> SPO2,123,162973,189423,152.00,20
 0> SPO2,124,162938,189382,155.00,20
 0> SPO2,125,162908,189345,150.00,0
 0> SPO2,126,162881,189312,158.00,0
 0> SPO2,127,162858,189283,166.00,20
 0> SPO2,128,162837,189259,175.00,20
 0> SPO2,129,162821,189238,185.00,20
 0> SPO2,130,162807,189221,177.00,20
 0> SPO2,131,162796,189207,185.00,20
 0> SPO2,132,162788,189196,196.00,20
 0> SPO2,133,162782,189188,191.00,20
 0> SPO2,134,162779,189184,180.00,0
 0> SPO2,135,162778,189181,180.00,0
 0> SPO2,136,162779,189182,173.00,0
 0> SPO2,137,162783,189184,174.00,0
 0> SPO2,138,162788,189189,186.00,0
 0> SPO2,139,162795,189195,185.00,0
 0> SPO2,140,162803,189203,181.00,0
 0> SPO2,141,162812,189213,177.00,0
 0> SPO2,142,162823,189224,196.00,20
 0> SPO2,143,162835,189237,177.00,0
 0> SPO2,144,162848,189251,192.00,20
 0> SPO2,145,162862,189266,175.00,0
 0> SPO2,146,162876,189282,187.00,20
 0> SPO2,147,162891,189299,173.00,0
 0> SPO2,148,162906,189317,149.00,-20
 0> SPO2,149,162922,189335,133.00,-20
 0> SPO2,150,162938,189354,93.00,-20
 0> SPO2,151,162954,189372,47.00,-20
 0> SPO2,152,162969,189391,25.00,-20
 0> SPO2,153,162984,189410,-22.00,-20
 0> SPO2,154,162999,189428,-47.00,-20
 0> SPO2,155,163013,189445,-77.00,-20
 0> SPO2,156,163027,189462,-103.00,-20
 0> SPO2,157,163040,189478,-123.00,-20
 0> SPO2,158,163051,189493,-130.00,-20
 0> SPO2,159,163062,189507,-144.00,-20
 0> SPO2,160,163072,189520,-165.00,-20
 0> SPO2,161,163081,189532,-159.00,-20
 0> SPO2,162,163090,189544,-164.00,-20
 0> SPO2,163,163097,189554,-168.00,-20
 0> SPO2,164,163103,189563,-160.00,-20
 0> SPO2,165,163109,189571,-155.00,-20
 0> SPO2,166,163113,189578,-145.00,-20
 0> SPO2,167,163117,189584,-165.00,-20
 0> SPO2,168,163120,189589,-174.00,-20
 0> SPO2,169,163122,189594,-142.00,-20
 0> SPO2,170,163124,189597,-143.00,-20
 0> SPO2,171,163125,189600,-128.00,-20
 0> SPO2,172,163125,189602,-127.00,-20
 0> SPO2,173,163125,189604,-117.00,-20
 0> SPO2,174,163124,189605,-104.00,-20
 0> SPO2,175,163124,189605,-94.00,-20
 0> SPO2,176,163122,189605,-80.00,-20
 0> SPO2,177,163121,189605,-76.00,-20
 0> SPO2,178,163119,189604,-67.00,-20
 0> SPO2,179,163117,189603,-52.00,-20
 0> SPO2,180,163115,189602,-45.00,-20
 0> SPO2,181,163113,189600,-51.00,-20
 0> SPO2,182,163110,189599,-36.00,-20
 0> SPO2,183,163108,189597,-40.00,-20
 0> SPO2,184,163105,189595,-48.00,-20
 0> SPO2,185,163103,189593,-49.00,-20
 0> SPO2,186,163100,189591,-31.00,-20
 0> SPO2,187,163097,189589,-30.00,-20
 0> SPO2,188,163095,189586,-11.00,-20
 0> SPO2,189,163092,189584,-10.00,-20
 0> SPO2,190,163090,189582,-5.00,-20
 0> SPO2,191,163087,189580,5.00,0
 0> SPO2,192,163085,189578,0.00,0
 0> SPO2,193,163083,189576,13.00,20
 0> SPO2,194,163081,189574,9.00,20
 0> SPO2,195,163080,189572,32.00,20
 0> SPO2,196,163078,189571,28.00,20
 0> SPO2,197,163077,189569,40.00,20
 0> SPO2,198,163076,189568,45.00,20
 0> SPO2,199,163075,189567,51.00,20
 0> SPO2,200,163074,189567,66.00,20
 0> SPO2,201,163074,189566,63.00,20
 0> SPO2,202,163074,189566,67.00,20
 0> SPO2,203,163074,189566,74.00,20
 0> SPO2,204,163074,189567,77.00,20
 0> SPO2,205,163074,189568,83.00,20
 0> SPO2,206,163075,189569,81.00,20
 0> SPO2,207,163076,189570,109.00,20
 0> SPO2,208,163078,189572,103.00,20
 0> SPO2,209,163079,189574,115.00,20
 0> SPO2,210,163081,189577,116.00,20
 0> SPO2,211,163084,189579,122.00,20
 0> SPO2,212,163087,189582,118.00,20
 0> SPO2,213,163090,189586,112.00,0
 0> SPO2,214,163094,189590,135.00,20
 0> SPO2,215,163097,189594,140.00,20
 0> SPO2,216,163102,189598,148.00,20
 0> SPO2,217,163106,189603,132.00,20
 0> SPO2,218,163111,189608,140.00,20
 0> SPO2,219,163116,189613,154.00,20
 0> SPO2,220,163122,189619,153.00,20
 0> SPO2,221,163128,189625,150.00,20
 0> SPO2,222,163134,189631,165.00,20
 0> SPO2,223,163141,189638,163.00,20
 0> SPO2,224,163148,189645,150.00,0
 0> SPO2,225,163155,189652,182.00,20
 0> SPO2,226,163162,189659,176.00,20
 0> SPO2,227,163170,189667,165.00,20
 0> SPO2,228,163177,189675,158.00,0
 0> SPO2,229,163185,189683,157.00,0
 0> SPO2,230,163193,189691,166.00,0
 0> SPO2,231,163201,189699,153.00,0
 0> SPO2,232,163209,189708,151.00,-20
 0> SPO2,233,163217,189716,136.00,-20
 0> SPO2,234,163224,189725,116.00,-20
 0> SPO2,235,163232,189733,104.00,-20
 0> SPO2,236,163239,189741,64.00,-20
 0> SPO2,237,163246,189750,40.00,-20
 0> SPO2,238,163253,189757,2.00,-20
 0> SPO2,239,163259,189765,-43.00,-20
 0> SPO2,240,163264,189771,-60.00,-20
 0> SPO2,241,163269,189777,-83.00,-20
 0> SPO2,242,163272,189782,-118.00,-20
 0> SPO2,243,163275,189787,-137.00,-20
 0> SPO2,244,163276,189790,-170.00,-20
 0> SPO2,245,163277,189792,-169.00,-20
 0> SPO2,246,163277,189794,-185.00,-20
 0> SPO2,247,163276,189795,-187.00,-20
 0> SPO2,248,163274,189794,-203.00,-20
 0> SPO2,249,163272,189793,-182.00,-20
 0> SPO2,250,163268,189791,-189.00,-20
 0> SPO2,251,163264,189788,-186.00,-20
 0> SPO2,252,163260,189784,-192.00,-20
 0> SPO2,253,163254,189780,-177.00,-20
 0> SPO2,254,163248,189775,-182.00,-20
 0> SPO2,255,163242,189769,-169.00,-20
 0> SPO2,256,163235,189763,-156.00,-20
 0> SPO2,257,163228,189757,-164.00,-20
 0> SPO2,258,163220,189750,-137.00,-20
 0> SPO2,259,163212,189743,-140.00,-20
 0> SPO2,260,163204,189735,-129.00,-20
 0> SPO2,261,163195,189727,-101.00,-20
 0> SPO2,262,163186,189720,-104.00,-20
 0> SPO2,263,163178,189712,-104.00,-20
 0> SPO2,264,163169,189704,-83.00,-20
 0> SPO2,265,163161,189696,-99.00,-20
 0> SPO2,266,163152,189688,-68.00,-20
 0> SPO2,267,163144,189680,-63.00,-20
 0> SPO2,268,163136,189672,-71.00,-20
 0> SPO2,269,163128,189665,-53.00,-20
 0> SPO2,270,163120,189657,-55.00,-20
 0> SPO2,271,163112,189650,-48.00,-20
 0> SPO2,272,163105,189643,-47.00,-20
 0> SPO2,273,163098,189636,-29.00,-20
 0> SPO2,274,163091,189630,-34.00,-20
 0> SPO2,275,163085,189624,-20.00,-20
 0> SPO2,276,163079,189618,-21.00,-20
 0> SPO2,277,163073,189612,-14.00,-20
 0> SPO2,278,163067,189607,-8.00,-20
 0> SPO2,279,163062,189602,0.00,0
 0> SPO2,280,163058,189597,9.00,0
 0> SPO2,281,163053,189593,10.00,20
 0> SPO2,282,163050,189589,30.00,20
 0> SPO2,283,163046,189585,39.00,20
 0> SPO2,284,163043,189582,34.00,20
 0> SPO2,285,163040,189580,40.00,20
 0> SPO2,286,163038,189577,49.00,20
 0> SPO2,287,163036,189575,50.00,20
 0> SPO2,288,163035,189574,60.00,20
 0> SPO2,289,163034,189573,82.00,20
 0> SPO2,290,163033,189573,73.00,20
 0> SPO2,291,163033,189572,73.00,20
 0> SPO2,292,163033,189573,77.00,20
 0> SPO2,293,163033,189573,77.00,0
 0> SPO2,294,163034,189575,95.00,20
 0> SPO2,295,163035,189576,98.00,20
 0> SPO2,296,163036,189578,104.00,20
 0> SPO2,297,163038,189580,108.00,20
 0> SPO2,298,163040,189583,115.00,20
 0> SPO2,299,163043,189586,124.00,20
 0> SPO2,300,163046,189590,122.00,20
 0> SPO2,301,163049,189594,132.00,20
 0> SPO2,302,163053,189598,118.00,0
 0> SPO2,303,163057,189603,139.00,20
 0> SPO2,304,163061,189608,128.00,0
 0> SPO2,305,163066,189613,139.00,20
 0> SPO2,306,163071,189619,150.00,20
 0> SPO2,307,163076,189625,147.00,20
 0> SPO2,308,163082,189631,155.00,20
 0> SPO2,309,163088,189638,149.00,20
 0> SPO2,310,163094,189645,171.00,20
 0> SPO2,311,163101,189652,150.00,0
 0> SPO2,312,163107,189659,150.00,0
 0> SPO2,313,163114,189667,166.00,20
 0> SPO2,314,163121,189675,151.00,0
 0> SPO2,315,163128,189683,152.00,0
 0> SPO2,316,163135,189692,165.00,20
 0> SPO2,317,163142,189700,159.00,20
 0> SPO2,318,163149,189709,150.00,0
 0> SPO2,319,163156,189717,131.00,-20
 0> SPO2,320,163163,189726,108.00,-20
 0> SPO2,321,163170,189735,94.00,-20
 0> SPO2,322,163176,189743,60.00,-20
 0> SPO2,323,163182,189752,11.00,-20
 0> SPO2,324,163188,189759,-15.00,-20
 0> SPO2,325,163193,189767,-56.00,-20
 0> SPO2,326,163197,189773,-87.00,-20
 0> SPO2,327,163201,189779,-115.00,-20
 0> SPO2,328,163203,189784,-134.00,-20
 0> SPO2,329,163205,189788,-173.00,-20
 0> SPO2,330,163206,189791,-177.00,-20
 0> SPO2,331,163206,189794,-205.00,-20
 0> SPO2,332,163205,189795,-212.00,-20
 0> SPO2,333,163203,189795,-218.00,-20
 0> SPO2,334,163200,189794,-204.00,-20
 0> SPO2,335,163197,189792,-211.00,-20
 0> SPO2,336,163192,189789,-206.00,-20
 0> SPO2,337,163187,189786,-223.00,-20
 0> SPO2,338,163181,189781,-210.00,-20
 0> SPO2,339,163175,189776,-200.00,-20
 0> SPO2,340,163167,189770,-196.00,-20
 0> SPO2,341,163160,189764,-212.00,-20
 0> SPO2,342,163151,189757,-207.00,-20
 0> SPO2,343,163142,189749,-203.00,-20
 0> SPO2,344,163133,189741,-201.00,-20
 0> SPO2,345,163123,189733,-167.00,-20
 0> SPO2,346,163113,189724,-166.00,-20
 0> SPO2,347,163103,189715,-161.00,-20
 0> SPO2,348,163092,189705,-141.00,-20
 0> SPO2,349,163082,189696,-124.00,-20
 0> SPO2,350,163071,189686,-115.00,-20
 0> SPO2,351,163061,189677,-109.00,-20
 0> SPO2,352,163050,189667,-104.00,-20
 0> SPO2,353,163040,189658,-95.00,-20
 0> SPO2,354,163030,189648,-72.00,-20
 0> SPO2,355,163020,189639,-76.00,-20
 0> SPO2,356,163011,189630,-71.00,-20
 0> SPO2,357,163001,189622,-84.00,-20
 0> SPO2,358,162992,189613,-87.00,-20
 0> SPO2,359,162983,189605,-54.00,-20
 0> SPO2,360,162975,189596,-57.00,-20
 0> SPO2,361,162967,189589,-39.00,-20
 0> SPO2,362,162959,189581,-35.00,-20
 0> SPO2,363,162952,189574,-31.00,-20
 0> SPO2,364,162945,189567,-15.00,-20
 0> SPO2,365,162938,189561,-20.00,-20
 0> SPO2,366,162932,189555,2.00,0
 0> SPO2,367,162926,189549,-13.00,-20
 0> SPO2,368,162920,189544,10.00,0
 0> SPO2,369,162915,189539,25.00,20
 0> SPO2,370,162910,189535,28.00,20
 0> SPO2,371,162906,189531,42.00,20
 0> SPO2,372,162903,189528,35.00,20
 0> SPO2,373,162899,189525,25.00,0
 0> SPO2,374,162897,189522,46.00,20
 0> SPO2,375,162894,189520,46.00,20
 0> SPO2,376,162892,189519,66.00,20
 0> SPO2,377,162891,189518,63.00,20
 0> SPO2,378,162889,189517,73.00,20
 0> SPO2,379,162889,189517,87.00,20
 0> SPO2,380,162888,189517,81.00,20
 0> SPO2,381,162888,189518,75.00,0
 0> SPO2,382,162889,189519,92.00,20
 0> SPO2,383,162889,189521,93.00,20
 0> SPO2,384,162891,189523,98.00,20
 0> SPO2,385,162892,189525,102.00,20
 0> SPO2,386,162894,189528,108.00,20
 0> SPO2,387,162896,189531,97.00,0
 0> SPO2,388,162898,189535,124.00,20
 0> SPO2,389,162901,189539,124.00,20
 0> SPO2,390,162905,189543,134.00,20
 0> SPO2,391,162908,189548,124.00,20
 0> SPO2,392,162912,189553,134.00,20
 0> SPO2,393,162917,189558,136.00,20
 0> SPO2,394,162921,189564,135.00,20
 0> SPO2,395,162926,189570,163.00,20
 0> SPO2,396,162931,189576,166.00,20
 0> SPO2,397,162937,189583,151.00,20
 0> SPO2,398,162943,189590,144.00,0
 0> SPO2,399,162949,189597,136.00,0
 0> SPO2,400,162955,189605,149.00,0
 0> SPO2,401,162962,189613,152.00,0
 0> SPO2,402,162968,189621,149.00,0
 0> SPO2,403,162975,189629,151.00,0
 0> SPO2,404,162982,189637,152.00,0
 0> SPO2,405,162989,189645,146.00,0
 0> SPO2,406,162996,189654,139.00,-20
 0> SPO2,407,163003,189663,121.00,-20
 0> SPO2,408,163010,189671,110.00,-20
 0> SPO2,409,163017,189680,70.00,-20
 0> SPO2,410,163023,189688,19.00,-20
 0> SPO2,411,163029,189696,-16.00,-20
 0> SPO2,412,163035,189703,-65.00,-20
 0> SPO2,413,163040,189710,-81.00,-20
 0> SPO2,414,163044,189716,-107.00,-20
 0> SPO2,415,163048,189721,-140.00,-20
 0> SPO2,416,163050,189725,-145.00,-20
 0> SPO2,417,163052,189729,-171.00,-20
 0> SPO2,418,163053,189731,-182.00,-20
 0> SPO2,419,163054,189732,-190.00,-20
 0> SPO2,420,163053,189733,-194.00,-20
 0> SPO2,421,163051,189732,-188.00,-20
 0> SPO2,422,163049,189731,-192.00,-20
 0> SPO2,423,163046,189729,-189.00,-20
 0> SPO2,424,163042,189726,-188.00,-20
 0> SPO2,425,163038,189723,-187.00,-20
 0> SPO2,426,163033,189718,-206.00,-20
 0> SPO2,427,163027,189713,-197.00,-20
 0> SPO2,428,163021,189708,-182.00,-20
 0> SPO2,429,163015,189701,-176.00,-20
 0> SPO2,430,163008,189695,-186.00,-20
 0> SPO2,431,163000,189687,-173.00,-20
 0> SPO2,432,162993,189680,-160.00,-20
 0> SPO2,433,162984,189672,-131.00,-20
 0> SPO2,434,162976,189664,-128.00,-20
 0> SPO2,435,162967,189656,-114.00,-20
 0> SPO2,436,162959,189647,-101.00,-20
 0> SPO2,437,162950,189639,-93.00,-20
 0> SPO2,438,162941,189630,-87.00,-20
 0> SPO2,439,162933,189622,-66.00,-20
 0> SPO2,440,162925,189614,-65.00,-20
 0> SPO2,441,162917,189606,-72.00,-20
 0> SPO2,442,162909,189598,-60.00,-20
 0> SPO2,443,162901,189590,-68.00,-20
 0> SPO2,444,162894,189583,-45.00,-20
 0> SPO2,445,162886,189576,-43.00,-20
 0> SPO2,446,162879,189569,-49.00,-20
 0> SPO2,447,162873,189562,-30.00,-20
 0> SPO2,448,162866,189555,-22.00,-20
 0> SPO2,449,162860,189549,-1.00,0
 0> SPO2,450,162855,189543,-8.00,-20
 0> SPO2,451,162850,189538,-6.00,0
 0> SPO2,452,162845,189533,7.00,0
 0> SPO2,453,162840,189528,0.00,0
 0> SPO2,454,162836,189524,20.00,20
 0> SPO2,455,162833,189520,9.00,0
 0> SPO2,456,162830,189516,41.00,20
 0> SPO2,457,162827,189513,53.00,20
 0> SPO2,458,162825,189510,35.00,20
 0> SPO2,459,162823,189508,54.00,20
 0> SPO2,460,162822,189506,46.00,20
 0> SPO2,461,162822,189505,58.00,20
 0> SPO2,462,162821,189504,65.00,20
 0> SPO2,463,162821,189503,71.00,20
 0> SPO2,464,162822,189503,77.00,20
 0> SPO2,465,162823,189504,90.00,20
 0> SPO2,466,162825,189504,90.00,20
 0> SPO2,467,162827,189506,89.00,20
 0> SPO2,468,162829,189507,98.00,20
 0> SPO2,469,162832,189509,108.00,20
 0> SPO2,470,162835,189512,112.00,20
 0> SPO2,471,162839,189515,113.00,20
 0> SPO2,472,162843,189518,119.00,20
 0> SPO2,473,162847,189521,133.00,20
 0> SPO2,474,162852,189526,130.00,20
 0> SPO2,475,162857,189530,125.00,20
 0> SPO2,476,162862,189535,142.00,20
 0> SPO2,477,162868,189540,142.00,20
 0> SPO2,478,162874,189546,140.00,20
 0> SPO2,479,162880,189551,158.00,20
 0> SPO2,480,162887,189558,140.00,0
 0> SPO2,481,162894,189564,163.00,20
 0> SPO2,482,162901,189571,166.00,20
 0> SPO2,483,162908,189578,171.00,20
 0> SPO2,484,162916,189586,181.00,20
 0> SPO2,485,162924,189594,175.00,20
 0> SPO2,486,162933,189602,167.00,0
 0> SPO2,487,162941,189610,184.00,20
 0> SPO2,488,162950,189619,178.00,0
 0> SPO2,489,162959,189628,175.00,0
 0> SPO2,490,162968,189637,164.00,0
 0> SPO2,491,162977,189646,185.00,20
 0> SPO2,492,162986,189655,182.00,0
 0> SPO2,493,162995,189665,164.00,0
 0> SPO2,494,163004,189675,152.00,-20
 0> SPO2,495,163013,189685,154.00,0
 0> SPO2,496,163022,189694,134.00,-20
 0> SPO2,497,163031,189704,96.00,-20
 0> SPO2,498,163040,189714,62.00,-20
 0> SPO2,499,163048,189723,32.00,-20
 0> SPO2,500,163056,189732,-9.00,-20
 0> SPO2,501,163063,189740,-26.00,-20
 0> SPO2,502,163069,189747,-61.00,-20
 0> SPO2,503,163075,189754,-86.00,-20
 0> SPO2,504,163080,189760,-119.00,-20
 0> SPO2,505,163084,189765,-125.00,-20
 0> SPO2,506,163087,189769,-148.00,-20
 0> SPO2,507,163089,189772,-152.00,-20
 0> SPO2,508,163090,189775,-152.00,-20
 0> SPO2,509,163090,189776,-158.00,-20
 0> SPO2,510,163090,189777,-149.00,-20
 0> SPO2,511,163089,189777,-161.00,-20
 0> SPO2,512,163088,189776,-156.00,-20
 0> SPO2,513,163085,189774,-151.00,-20
 0> SPO2,514,163083,189771,-154.00,-20
 0> SPO2,515,163079,189768,-152.00,-20
 0> SPO2,516,163075,189765,-153.00,-20
 0> SPO2,517,163070,189760,-140.00,-20
 0> SPO2,518,163065,189756,-134.00,-20
 0> SPO2,519,163060,189750,-135.00,-20
 0> SPO2,520,163054,189745,-102.00,-20
 0> SPO2,521,163048,189739,-112.00,-20
 0> SPO2,522,163042,189733,-97.00,-20
 0> SPO2,523,163035,189727,-83.00,-20
 0> SPO2,524,163029,189720,-66.00,-20
 0> SPO2,525,163022,189714,-62.00,-20
 0> SPO2,526,163016,189708,-57.00,-20
 0> SPO2,527,163009,189701,-53.00,-20
 0> SPO2,528,163003,189695,-43.00,-20
 0> SPO2,529,162997,189689,-34.00,-20
 0> SPO2,530,162991,189683,-40.00,-20
 0> SPO2,531,162985,189677,-28.00,-20
 0> SPO2,532,162980,189671,-33.00,-20
 0> SPO2,533,162974,189665,-31.00,-20
 0> SPO2,534,162969,189660,-29.00,-20
 0> SPO2,535,162964,189655,-28.00,-20
 0> SPO2,536,162959,189650,-14.00,-20
 0> SPO2,537,162954,189645,3.00,0
 0> SPO2,538,162950,189640,-2.00,-20
 0> SPO2,539,162946,189636,12.00,20
 0> SPO2,540,162942,189632,32.00,20
 0> SPO2,541,162939,189628,1.00,0
 0> SPO2,542,162936,189625,16.00,20
 0> SPO2,543,162933,189622,23.00,20
 0> SPO2,544,162931,189619,19.00,20
 0> SPO2,545,162929,189617,25.00,20
 0> SPO2,546,162927,189615,46.00,20
 0> SPO2,547,162926,189613,52.00,20
 0> SPO2,548,162924,189611,64.00,20
 0> SPO2,549,162924,189610,61.00,20
 0> SPO2,550,162923,189610,67.00,20
 0> SPO2,551,162923,189609,61.00,0
 0> SPO2,552,162924,189610,70.00,20
 0> SPO2,553,162924,189610,83.00,20
 0> SPO2,554,162926,189611,80.00,20
 0> SPO2,555,162927,189612,90.00,20
 0> SPO2,556,162928,189614,90.00,20
 0> SPO2,557,162930,189615,104.00,20
 0> SPO2,558,162933,189618,106.00,20
 0> SPO2,559,162935,189620,100.00,20
 0> SPO2,560,162938,189623,127.00,20
 0> SPO2,561,162941,189627,125.00,20
 0> SPO2,562,162945,189630,127.00,20
 0> SPO2,563,162949,189635,130.00,20
 0> SPO2,564,162953,189639,126.00,20
 0> SPO2,565,162957,189644,159.00,20
 0> SPO2,566,162962,189649,148.00,20
 0> SPO2,567,162967,189655,148.00,20
 0> SPO2,568,162973,189660,152.00,20
 0> SPO2,569,162979,189667,148.00,0
 0> SPO2,570,162985,189673,158.00,20
 0> SPO2,571,162991,189680,155.00,0
 0> SPO2,572,162998,189687,154.00,0
 0> SPO2,573,163004,189694,147.00,0
 0> SPO2,574,163011,189702,131.00,-20
 0> SPO2,575,163018,189709,147.00,0
 0> SPO2,576,163025,189717,148.00,0
 0> SPO2,577,163031,189725,147.00,0
 0> SPO2,578,163038,189733,144.00,0
 0> SPO2,579,163045,189741,127.00,-20
 0> SPO2,580,163051,189749,99.00,-20
 0> SPO2,581,163058,189758,56.00,-20
 0> SPO2,582,163064,189765,29.00,-20
 0> SPO2,583,163070,189773,2.00,-20
 0> SPO2,584,163075,189780,-31.00,-20
 0> SPO2,585,163079,189787,-65.00,-20
 0> SPO2,586,163083,189792,-91.00,-20
 0> SPO2,587,163086,189797,-107.00,-20
 0> SPO2,588,163088,189802,-138.00,-20
 0> SPO2,589,163089,189805,-135.00,-20
 0> SPO2,590,163090,189808,-153.00,-20
 0> SPO2,591,163090,189810,-172.00,-20
 0> SPO2,592,163088,189811,-167.00,-20
 0> SPO2,593,163087,189811,-167.00,-20
 0> SPO2,594,163084,189810,-155.00,-20
 0> SPO2,595,163081,189808,-182.00,-20
 0> SPO2,596,163077,189806,-165.00,-20
 0> SPO2,597,163072,189803,-163.00,-20
 0> SPO2,598,163067,189800,-162.00,-20
 0> SPO2,599,163061,189796,-172.00,-20
 0> SPO2,600,163055,189791,-149.00,-20
 0> SPO2,601,163049,189786,-154.00,-20
 0> SPO2,602,163042,189780,-144.00,-20
 0> SPO2,603,163035,189774,-150.00,-20
 0> SPO2,604,163027,189768,-118.00,-20
 0> SPO2,605,163019,189761,-106.00,-20
 0> SPO2,606,163011,189755,-97.00,-20
 0> SPO2,607,163003,189748,-92.00,-20
 0> SPO2,608,162996,189741,-64.00,-20
 0> SPO2,609,162988,189734,-80.00,-20
 0> SPO2,610,162980,189727,-60.00,-20
 0> SPO2,611,162972,189720,-69.00,-20
 0> SPO2,612,162965,189713,-59.00,-20
 0> SPO2,613,162957,189707,-48.00,-20
 0> SPO2,614,162950,189700,-44.00,-20
 0> SPO2,615,162943,189694,-35.00,-20
 0> SPO2,616,162936,189688,-20.00,-20
 0> SPO2,617,162930,189682,-36.00,-20
 0> SPO2,618,162924,189676,-14.00,-20
 0> SPO2,619,162918,189670,-11.00,-20
 0> SPO2,620,162912,189665,-9.00,-20
 0> SPO2,621,162907,189660,-7.00,-20
 0> SPO2,622,162902,189656,-11.00,-20
 0> SPO2,623,162897,189651,-5.00,0
 0> SPO2,624,162893,189647,-6.00,-20
 0> SPO2,625,162890,189644,17.00,20
 0> SPO2,626,162886,189640,36.00,20
 0> SPO2,627,162883,189637,23.00,20
 0> SPO2,628,162880,189634,31.00,20
 0> SPO2,629,162878,189632,37.00,20
 0> SPO2,630,162876,189630,50.00,20
 0> SPO2,631,162875,189628,47.00,20
 0> SPO2,632,162873,189627,44.00,20
 0> SPO2,633,162873,189626,62.00,20
 0> SPO2,634,162872,189626,72.00,20
 0> SPO2,635,162872,189625,68.00,20
 0> SPO2,636,162872,189626,73.00,20
 0> SPO2,637,162873,189626,87.00,20
 0> SPO2,638,162874,189627,90.00,20
 0> SPO2,639,162875,189629,87.00,20
 0> SPO2,640,162876,189631,93.00,20
 0> SPO2,641,162878,189633,94.00,20
 0> SPO2,642,162880,189635,98.00,20
 0> SPO2,643,162882,189638,96.00,20
 0> SPO2,644,162885,189641,113.00,20
 0> SPO2,645,162888,189645,130.00,20
 0> SPO2,646,162891,189648,117.00,20
 0> SPO2,647,162895,189653,134.00,20
 0> SPO2,648,162899,189657,131.00,20
 0> SPO2,649,162903,189662,133.00,20
 0> SPO2,650,162908,189667,140.00,20
 0> SPO2,651,162913,189673,155.00,20
 0> SPO2,652,162918,189679,147.00,20
 0> SPO2,653,162923,189685,119.00,0
 0> SPO2,654,162929,189691,132.00,0
 0> SPO2,655,162934,189698,146.00,0
 0> SPO2,656,162940,189705,140.00,0
 0> SPO2,657,162946,189712,136.00,0
 0> SPO2,658,162952,189719,125.00,0
 0> SPO2,659,162957,189726,108.00,-20
 0> SPO2,660,162963,189734,104.00,-20
 0> SPO2,661,162969,189741,91.00,-20
 0> SPO2,662,162974,189748,62.00,-20
 0> SPO2,663,162979,189756,9.00,-20
 0> SPO2,664,162984,189762,-9.00,-20
 0> SPO2,665,162988,189769,-47.00,-20
 0> SPO2,666,162992,189774,-79.00,-20
 0> SPO2,667,162995,189780,-103.00,-20
 0> SPO2,668,162997,189784,-140.00,-20
 0> SPO2,669,162998,189787,-155.00,-20
 0> SPO2,670,162998,189790,-177.00,-20
 0> SPO2,671,162998,189792,-193.00,-20
 0> SPO2,672,162997,189793,-187.00,-20
 0> SPO2,673,162995,189793,-201.00,-20
 0> SPO2,674,162992,189792,-208.00,-20
 0> SPO2,675,162989,189790,-208.00,-20
 0> SPO2,676,162985,189787,-206.00,-20
 0> SPO2,677,162980,189784,-211.00,-20
 0> SPO2,678,162975,189779,-192.00,-20
 0> SPO2,679,162969,189775,-196.00,-20
 0> SPO2,680,162963,189769,-210.00,-20
 0> SPO2,681,162956,189763,-193.00,-20
 0> SPO2,682,162948,189756,-187.00,-20
 0> SPO2,683,162940,189749,-195.00,-20
 0> SPO2,684,162932,189741,-171.00,-20
 0> SPO2,685,162923,189733,-151.00,-20
 0> SPO2,686,162915,189725,-156.00,-20
 0> SPO2,687,162906,189717,-155.00,-20
 0> SPO2,688,162897,189708,-136.00,-20
 0> SPO2,689,162887,189699,-127.00,-20
 0> SPO2,690,162878,189690,-115.00,-20
 0> SPO2,691,162869,189681,-96.00,-20
 0> SPO2,692,162860,189672,-111.00,-20
 0> SPO2,693,162851,189663,-96.00,-20
 0> SPO2,694,162842,189655,-95.00,-20
 0> SPO2,695,162833,189646,-88.00,-20
 0> SPO2,696,162824,189637,-87.00,-20
 0> SPO2,697,162816,189629,-73.00,-20
 0> SPO2,698,162807,189621,-56.00,-20
 0> SPO2,699,162799,189613,-71.00,-20
 0> SPO2,700,162790,189605,-69.00,-20
 0> SPO2,701,162782,189598,-45.00,-20
 0> SPO2,702,162775,189590,-38.00,-20
 0> SPO2,703,162767,189584,-24.00,-20
 0> SPO2,704,162760,189577,-28.00,-20
 0> SPO2,705,162754,189571,-22.00,-20
 0> SPO2,706,162748,189565,-7.00,-20<info> app: 
 0> 
 0> <info> app: BATT Reading...
 0> <info> app: [OK]	LED Power 165
 0> <info> app: BATT Reading...
 0> <info> app: [OK]	HR sample count 707
 0> <info> app: Peak Index,
 0> ,84,175,272,366,455,545,640
 0> ,END Peak Index,<info> app: HR Index,
 0> ,77,72,75,79,78,74<info> app: HR Mean 75 
 0> <info> app: HR SD 2.40 
 0> <info> app: ^_^ Final HR 78 
 0> <info> app: SPO2 Peak Index,
 0> 
 0> ,161213,1099431936,187772,1082130432,87,14,10444,14,0
 0> ,157189,157057,183054,182865,90,163,126,163,75
 0> ,157227,157208,183092,183073,84,167,165,167,165
 0> ,157310,157040,183146,182910,81,264,217,264,217
 0> ,157430,157224,183225,183047,81,358,311,358,311
 0> ,157404,157277,183242,183119,83,446,405,446,405
 0> ,157247,157145,183128,183030,83,533,499,533,499
 0> ,157133,156968,183056,182904,82,632,590,632,590
 0> ,END SPO2 Peak Index,
 0> 
 0> SPO2,0,162736,189553,-176.00,0
 0> SPO2,1,162711,189524,-193.00,0
 0> SPO2,2,162666,189473,-206.00,0
 0> SPO2,3,162604,189401,-190.00,0
 0> SPO2,4,162527,189311,-187.00,0
 0> SPO2,5,162436,189205,-177.00,0
 0> SPO2,6,162332,189084,-182.00,0
 0> SPO2,7,162218,188950,-191.00,0
 0> SPO2,8,162094,188805,-193.00,0
 0> SPO2,9,161962,188649,-180.00,0
 0> SPO2,10,161822,188486,-181.00,0
 0> SPO2,11,161677,188315,-178.00,0
 0> SPO2,12,161526,188138,-174.00,0
 0> SPO2,13,161371,187957,-160.00,20
 0> SPO2,14,161213,187772,-139.00,20
 0> SPO2,15,161053,187584,-110.00,0
 0> SPO2,16,160892,187394,-117.00,0
 0> SPO2,17,160730,187204,-103.00,0
 0> SPO2,18,160568,187014,-91.00,0
 0> SPO2,19,160407,186824,-90.00,0
 0> SPO2,20,160247,186636,-73.00,0
 0> SPO2,21,160089,186450,-78.00,0
 0> SPO2,22,159933,186267,-62.00,0
 0> SPO2,23,159780,186087,-58.00,20
 0> SPO2,24,159630,185910,-62.00,0
 0> SPO2,25,159483,185737,-55.00,0
 0> SPO2,26,159340,185568,-46.00,0
 0> SPO2,27,159201,185403,-32.00,0
 0> SPO2,28,159065,185244,-43.00,0
 0> SPO2,29,158934,185089,-20.00,0
 0> SPO2,30,158808,184939,-26.00,0
 0> SPO2,31,158686,184795,-13.00,0
 0> SPO2,32,158569,184656,-9.00,0
 0> SPO2,33,158456,184523,7.00,20
 0> SPO2,34,158348,184395,-8.00,0
 0> SPO2,35,158245,184273,6.00,0
 0> SPO2,36,158147,184156,11.00,0
 0> SPO2,37,158054,184045,19.00,20
 0> SPO2,38,157965,183939,27.00,20
 0> SPO2,39,157882,183839,23.00,0
 0> SPO2,40,157802,183744,35.00,20
 0> SPO2,41,157728,183655,34.00,20
 0> SPO2,42,157658,183571,55.00,20
 0> SPO2,43,157592,183492,52.00,20
 0> SPO2,44,157530,183418,67.00,20
 0> SPO2,45,157473,183349,80.00,20
 0> SPO2,46,157420,183285,82.00,20
 0> SPO2,47,157370,183226,63.00,0
 0> SPO2,48,157325,183171,78.00,20
 0> SPO2,49,157283,183121,79.00,0
 0> SPO2,50,157245,183074,88.00,20
 0> SPO2,51,157210,183032,91.00,20
 0> SPO2,52,157178,182994,96.00,20
 0> SPO2,53,157150,182960,116.00,20
 0> SPO2,54,157125,182929,102.00,20
 0> SPO2,55,157102,182901,108.00,20
 0> SPO2,56,157083,182877,132.00,20
 0> SPO2,57,157066,182857,127.00,20
 0> SPO2,58,157052,182839,141.00,20
 0> SPO2,59,157040,182824,141.00,20
 0> SPO2,60,157030,182812,133.00,0
 0> SPO2,61,157023,182802,140.00,0
 0> SPO2,62,157017,182795,138.00,0
 0> SPO2,63,157014,182790,159.00,20
 0> SPO2,64,157013,182788,144.00,0
 0> SPO2,65,157013,182787,152.00,0
 0> SPO2,66,157015,182788,174.00,20
 0> SPO2,67,157019,182791,164.00,20
 0> SPO2,68,157023,182796,161.00,0
 0> SPO2,69,157030,182802,156.00,0
 0> SPO2,70,157037,182810,161.00,0
 0> SPO2,71,157045,182819,155.00,0
 0> SPO2,72,157054,182829,173.00,20
 0> SPO2,73,157065,182840,149.00,-20
 0> SPO2,74,157076,182852,148.00,-20
 0> SPO2,75,157087,182865,145.00,-20
 0> SPO2,76,157099,182879,130.00,-20
 0> SPO2,77,157112,182893,80.00,-20
 0> SPO2,78,157124,182907,52.00,-20
 0> SPO2,79,157137,182922,23.00,-20
 0> SPO2,80,157150,182936,-17.00,-20
 0> SPO2,81,157162,182951,-57.00,-20
 0> SPO2,82,157173,182965,-92.00,-20
 0> SPO2,83,157184,182978,-128.00,-20
 0> SPO2,84,157195,182991,-145.00,-20
 0> SPO2,85,157204,183003,-168.00,-20
 0> SPO2,86,157212,183013,-190.00,-20
 0> SPO2,87,157220,183023,-204.00,-20
 0> SPO2,88,157226,183032,-207.00,-20
 0> SPO2,89,157231,183040,-222.00,-20
 0> SPO2,90,157236,183047,-233.00,-20
 0> SPO2,91,157239,183053,-232.00,-20
 0> SPO2,92,157241,183057,-229.00,-20
 0> SPO2,93,157243,183061,-222.00,-20
 0> SPO2,94,157243,183064,-228.00,-20
 0> SPO2,95,157243,183066,-218.00,-20
 0> SPO2,96,157241,183067,-230.00,-20
 0> SPO2,97,157239,183067,-210.00,-20
 0> SPO2,98,157236,183066,-221.00,-20
 0> SPO2,99,157233,183064,-210.00,-20
 0> SPO2,100,157228,183062,-207.00,-20
 0> SPO2,101,157223,183059,-196.00,-20
 0> SPO2,102,157217,183056,-180.00,-20
 0> SPO2,103,157211,183051,-174.00,-20
 0> SPO2,104,157204,183047,-154.00,-20
 0> SPO2,105,157197,183042,-136.00,-20
 0> SPO2,106,157190,183037,-135.00,-20
 0> SPO2,107,157182,183031,-144.00,-20
 0> SPO2,108,157175,183025,-114.00,-20
 0> SPO2,109,157167,183020,-111.00,-20
 0> SPO2,110,157159,183013,-100.00,-20
 0> SPO2,111,157151,183007,-99.00,-20
 0> SPO2,112,157143,183001,-83.00,-20
 0> SPO2,113,157136,182995,-68.00,-20
 0> SPO2,114,157128,182989,-60.00,-20
 0> SPO2,115,157121,182983,-58.00,-20
 0> SPO2,116,157113,182977,-60.00,-20
 0> SPO2,117,157106,182971,-41.00,-20
 0> SPO2,118,157099,182966,-45.00,-20
 0> SPO2,119,157093,182960,-19.00,-20
 0> SPO2,120,157087,182955,-20.00,-20
 0> SPO2,121,157081,182950,-15.00,-20
 0> SPO2,122,157075,182946,-25.00,-20
 0> SPO2,123,157070,182941,-32.00,-20
 0> SPO2,124,157065,182937,2.00,0
 0> SPO2,125,157061,182933,3.00,0
 0> SPO2,126,157057,182930,10.00,20
 0> SPO2,127,157054,182927,29.00,20
 0> SPO2,128,157050,182924,23.00,20
 0> SPO2,129,157048,182921,43.00,20
 0> SPO2,130,157045,182919,51.00,20
 0> SPO2,131,157043,182917,46.00,20
 0> SPO2,132,157042,182916,57.00,20
 0> SPO2,133,157041,182915,35.00,0
 0> SPO2,134,157041,182914,52.00,0
 0> SPO2,135,157040,182914,73.00,20
 0> SPO2,136,157041,182914,69.00,20
 0> SPO2,137,157041,182914,77.00,20
 0> SPO2,138,157042,182915,82.00,20
 0> SPO2,139,157044,182916,101.00,20
 0> SPO2,140,157046,182918,96.00,20
 0> SPO2,141,157048,182920,101.00,20
 0> SPO2,142,157050,182923,107.00,20
 0> SPO2,143,157053,182925,108.00,20
 0> SPO2,144,157057,182929,106.00,0
 0> SPO2,145,157060,182932,126.00,20
 0> SPO2,146,157065,182936,130.00,20
 0> SPO2,147,157069,182940,129.00,20
 0> SPO2,148,157074,182945,146.00,20
 0> SPO2,149,157079,182950,148.00,20
 0> SPO2,150,157085,182955,150.00,20
 0> SPO2,151,157091,182961,161.00,20
 0> SPO2,152,157098,182967,159.00,20
 0> SPO2,153,157104,182974,157.00,20
 0> SPO2,154,157112,182980,158.00,0
 0> SPO2,155,157119,182987,166.00,20
 0> SPO2,156,157127,182995,181.00,20
 0> SPO2,157,157135,183003,181.00,20
 0> SPO2,158,157143,183011,173.00,0
 0> SPO2,159,157152,183019,172.00,0
 0> SPO2,160,157161,183027,173.00,0
 0> SPO2,161,157170,183036,168.00,0
 0> SPO2,162,157179,183045,169.00,0
 0> SPO2,163,157189,183054,164.00,-20
 0> SPO2,164,157198,183063,173.00,0
 0> SPO2,165,157208,183073,156.00,-20
 0> SPO2,166,157218,183082,180.00,20
 0> SPO2,167,157227,183092,135.00,-20
 0> SPO2,168,157237,183101,118.00,-20
 0> SPO2,169,157247,183111,78.00,-20
 0> SPO2,170,157256,183120,45.00,-20
 0> SPO2,171,157265,183129,4.00,-20
 0> SPO2,172,157273,183137,-46.00,-20
 0> SPO2,173,157280,183145,-65.00,-20
 0> SPO2,174,157287,183151,-96.00,-20
 0> SPO2,175,157292,183157,-139.00,-20
 0> SPO2,176,157297,183162,-152.00,-20
 0> SPO2,177,157301,183166,-161.00,-20
 0> SPO2,178,157303,183169,-177.00,-20
 0> SPO2,179,157305,183171,-198.00,-20
 0> SPO2,180,157305,183172,-201.00,-20
 0> SPO2,181,157305,183172,-214.00,-20
 0> SPO2,182,157303,183171,-208.00,-20
 0> SPO2,183,157301,183169,-225.00,-20
 0> SPO2,184,157298,183167,-220.00,-20
 0> SPO2,185,157294,183163,-231.00,-20
 0> SPO2,186,157289,183158,-233.00,-20
 0> SPO2,187,157284,183153,-211.00,-20
 0> SPO2,188,157278,183146,-215.00,-20
 0> SPO2,189,157271,183140,-200.00,-20
 0> SPO2,190,157264,183132,-219.00,-20
 0> SPO2,191,157256,183124,-196.00,-20
 0> SPO2,192,157247,183116,-184.00,-20
 0> SPO2,193,157238,183107,-169.00,-20
 0> SPO2,194,157229,183097,-163.00,-20
 0> SPO2,195,157219,183088,-148.00,-20
 0> SPO2,196,157210,183078,-124.00,-20
 0> SPO2,197,157200,183068,-120.00,-20
 0> SPO2,198,157190,183059,-111.00,-20
 0> SPO2,199,157180,183049,-108.00,-20
 0> SPO2,200,157170,183039,-94.00,-20
 0> SPO2,201,157160,183030,-87.00,-20
 0> SPO2,202,157150,183020,-100.00,-20
 0> SPO2,203,157141,183011,-77.00,-20
 0> SPO2,204,157132,183002,-76.00,-20
 0> SPO2,205,157123,182993,-75.00,-20
 0> SPO2,206,157114,182984,-53.00,-20
 0> SPO2,207,157105,182976,-58.00,-20
 0> SPO2,208,157097,182968,-53.00,-20
 0> SPO2,209,157089,182960,-47.00,-20
 0> SPO2,210,157081,182952,-38.00,-20
 0> SPO2,211,157074,182945,-20.00,-20
 0> SPO2,212,157067,182938,-22.00,-20
 0> SPO2,213,157061,182932,-10.00,-20
 0> SPO2,214,157055,182926,8.00,0
 0> SPO2,215,157050,182920,-1.00,0
 0> SPO2,216,157045,182915,2.00,0
 0> SPO2,217,157040,182910,18.00,20
 0> SPO2,218,157036,182906,26.00,20
 0> SPO2,219,157033,182902,16.00,20
 0> SPO2,220,157030,182899,32.00,20
 0> SPO2,221,157027,182896,38.00,20
 0> SPO2,222,157025,182893,55.00,20
 0> SPO2,223,157023,182891,61.00,20
 0> SPO2,224,157022,182889,76.00,20
 0> SPO2,225,157022,182888,70.00,20
 0> SPO2,226,157022,182888,76.00,20
 0> SPO2,227,157022,182888,69.00,0
 0> SPO2,228,157023,182888,93.00,20
 0> SPO2,229,157025,182889,90.00,20
 0> SPO2,230,157026,182890,92.00,20
 0> SPO2,231,157029,182892,102.00,20
 0> SPO2,232,157032,182894,113.00,20
 0> SPO2,233,157035,182897,107.00,20
 0> SPO2,234,157039,182900,117.00,20
 0> SPO2,235,157043,182903,121.00,20
 0> SPO2,236,157048,182907,144.00,20
 0> SPO2,237,157053,182912,140.00,20
 0> SPO2,238,157059,182916,145.00,20
 0> SPO2,239,157065,182922,139.00,20
 0> SPO2,240,157071,182927,162.00,20
 0> SPO2,241,157078,182933,155.00,20
 0> SPO2,242,157085,182939,153.00,20
 0> SPO2,243,157093,182946,177.00,20
 0> SPO2,244,157101,182953,182.00,20
 0> SPO2,245,157109,182961,154.00,0
 0> SPO2,246,157118,182968,171.00,0
 0> SPO2,247,157127,182977,177.00,20
 0> SPO2,248,157136,182985,186.00,20
 0> SPO2,249,157145,182994,171.00,0
 0> SPO2,250,157155,183002,177.00,0
 0> SPO2,251,157166,183012,183.00,0
 0> SPO2,252,157176,183021,184.00,20
 0> SPO2,253,157187,183031,189.00,20
 0> SPO2,254,157197,183040,183.00,0
 0> SPO2,255,157208,183050,190.00,0
 0> SPO2,256,157220,183060,181.00,0
 0> SPO2,257,157231,183071,181.00,0
 0> SPO2,258,157242,183081,195.00,20
 0> SPO2,259,157253,183092,195.00,20
 0> SPO2,260,157265,183102,182.00,0
 0> SPO2,261,157276,183113,179.00,0
 0> SPO2,262,157287,183124,187.00,0
 0> SPO2,263,157299,183135,190.00,0
 0> SPO2,264,157310,183146,165.00,-20
 0> SPO2,265,157321,183157,140.00,-20
 0> SPO2,266,157332,183168,110.00,-20
 0> SPO2,267,157342,183178,76.00,-20
 0> SPO2,268,157352,183188,46.00,-20
 0> SPO2,269,157361,183198,3.00,-20
 0> SPO2,270,157370,183207,-49.00,-20
 0> SPO2,271,157377,183215,-66.00,-20
 0> SPO2,272,157384,183222,-105.00,-20
 0> SPO2,273,157390,183229,-103.00,-20
 0> SPO2,274,157395,183234,-147.00,-20
 0> SPO2,275,157399,183239,-157.00,-20
 0> SPO2,276,157401,183242,-166.00,-20
 0> SPO2,277,157403,183244,-179.00,-20
 0> SPO2,278,157404,183246,-196.00,-20
 0> SPO2,279,157404,183246,-181.00,-20
 0> SPO2,280,157403,183246,-195.00,-20
 0> SPO2,281,157402,183244,-190.00,-20
 0> SPO2,282,157399,183241,-188.00,-20
 0> SPO2,283,157396,183238,-180.00,-20
 0> SPO2,284,157392,183234,-178.00,-20
 0> SPO2,285,157387,183229,-169.00,-20
 0> SPO2,286,157382,183224,-168.00,-20
 0> SPO2,287,157376,183218,-169.00,-20
 0> SPO2,288,157370,183212,-164.00,-20
 0> SPO2,289,157363,183205,-160.00,-20
 0> SPO2,290,157356,183198,-144.00,-20
 0> SPO2,291,157348,183190,-120.00,-20
 0> SPO2,292,157341,183182,-115.00,-20
 0> SPO2,293,157333,183174,-99.00,-20
 0> SPO2,294,157325,183166,-83.00,-20
 0> SPO2,295,157318,183158,-89.00,-20
 0> SPO2,296,157310,183150,-84.00,-20
 0> SPO2,297,157303,183141,-64.00,-20
 0> SPO2,298,157295,183133,-70.00,-20
 0> SPO2,299,157288,183125,-68.00,-20
 0> SPO2,300,157281,183118,-63.00,-20
 0> SPO2,301,157274,183110,-42.00,-20
 0> SPO2,302,157267,183102,-43.00,-20
 0> SPO2,303,157261,183095,-43.00,-20
 0> SPO2,304,157255,183088,-30.00,-20
 0> SPO2,305,157250,183081,-13.00,-20
 0> SPO2,306,157245,183075,-29.00,-20
 0> SPO2,307,157240,183069,-8.00,-20
 0> SPO2,308,157235,183063,-11.00,-20
 0> SPO2,309,157231,183058,-16.00,-20
 0> SPO2,310,157227,183052,7.00,0
 0> SPO2,311,157224,183047,23.00,20
 0> SPO2,312,157221,183043,7.00,0
 0> SPO2,313,157218,183039,24.00,20
 0> SPO2,314,157216,183035,24.00,20
 0> SPO2,315,157215,183032,43.00,20
 0> SPO2,316,157213,183029,39.00,20
 0> SPO2,317,157212,183027,49.00,20
 0> SPO2,318,157212,183025,38.00,20
 0> SPO2,319,157212,183023,56.00,20
 0> SPO2,320,157212,183022,58.00,20
 0> SPO2,321,157212,183021,57.00,20
 0> SPO2,322,157213,183021,71.00,20
 0> SPO2,323,157215,183020,74.00,20
 0> SPO2,324,157216,183021,66.00,20
 0> SPO2,325,157218,183022,67.00,0
 0> SPO2,326,157221,183023,91.00,20
 0> SPO2,327,157223,183024,92.00,20
 0> SPO2,328,157226,183026,101.00,20
 0> SPO2,329,157230,183028,98.00,20
 0> SPO2,330,157233,183031,98.00,20
 0> SPO2,331,157237,183034,117.00,20
 0> SPO2,332,157241,183037,103.00,20
 0> SPO2,333,157245,183041,122.00,20
 0> SPO2,334,157250,183045,114.00,20
 0> SPO2,335,157255,183049,133.00,20
 0> SPO2,336,157260,183054,137.00,20
 0> SPO2,337,157265,183059,144.00,20
 0> SPO2,338,157271,183064,145.00,20
 0> SPO2,339,157277,183070,146.00,20
 0> SPO2,340,157283,183076,149.00,20
 0> SPO2,341,157290,183082,152.00,20
 0> SPO2,342,157296,183089,140.00,0
 0> SPO2,343,157303,183096,159.00,20
 0> SPO2,344,157310,183103,167.00,20
 0> SPO2,345,157318,183110,163.00,20
 0> SPO2,346,157325,183118,164.00,20
 0> SPO2,347,157333,183126,164.00,20
 0> SPO2,348,157341,183134,171.00,20
 0> SPO2,349,157350,183143,177.00,20
 0> SPO2,350,157358,183151,168.00,20
 0> SPO2,351,157367,183160,157.00,0
 0> SPO2,352,157376,183169,165.00,0
 0> SPO2,353,157385,183178,170.00,0
 0> SPO2,354,157394,183187,162.00,0
 0> SPO2,355,157403,183197,163.00,0
 0> SPO2,356,157412,183206,158.00,0
 0> SPO2,357,157421,183216,156.00,0
 0> SPO2,358,157430,183225,138.00,-20
 0> SPO2,359,157438,183234,129.00,-20
 0> SPO2,360,157447,183244,94.00,-20
 0> SPO2,361,157455,183253,60.00,-20
 0> SPO2,362,157463,183262,27.00,-20
 0> SPO2,363,157470,183270,-5.00,-20
 0> SPO2,364,157476,183278,-44.00,-20
 0> SPO2,365,157482,183285,-69.00,-20
 0> SPO2,366,157487,183291,-80.00,-20
 0> SPO2,367,157491,183297,-118.00,-20
 0> SPO2,368,157494,183301,-130.00,-20
 0> SPO2,369,157495,183305,-169.00,-20
 0> SPO2,370,157496,183308,-179.00,-20
 0> SPO2,371,157496,183309,-172.00,-20
 0> SPO2,372,157496,183310,-180.00,-20
 0> SPO2,373,157494,183310,-183.00,-20
 0> SPO2,374,157491,183309,-176.00,-20
 0> SPO2,375,157488,183307,-185.00,-20
 0> SPO2,376,157484,183305,-181.00,-20
 0> SPO2,377,157479,183301,-191.00,-20
 0> SPO2,378,157473,183297,-183.00,-20
 0> SPO2,379,157467,183292,-164.00,-20
 0> SPO2,380,157460,183287,-158.00,-20
 0> SPO2,381,157453,183281,-155.00,-20
 0> SPO2,382,157445,183275,-149.00,-20
 0> SPO2,383,157437,183268,-139.00,-20
 0> SPO2,384,157429,183261,-126.00,-20
 0> SPO2,385,157420,183253,-123.00,-20
 0> SPO2,386,157411,183246,-113.00,-20
 0> SPO2,387,157403,183238,-101.00,-20
 0> SPO2,388,157394,183230,-85.00,-20
 0> SPO2,389,157385,183223,-88.00,-20
 0> SPO2,390,157377,183215,-78.00,-20
 0> SPO2,391,157368,183207,-74.00,-20
 0> SPO2,392,157360,183199,-68.00,-20
 0> SPO2,393,157352,183192,-44.00,-20
 0> SPO2,394,157344,183184,-44.00,-20
 0> SPO2,395,157336,183177,-53.00,-20
 0> SPO2,396,157329,183170,-34.00,-20
 0> SPO2,397,157322,183163,-32.00,-20
 0> SPO2,398,157315,183157,-26.00,-20
 0> SPO2,399,157308,183151,-19.00,-20
 0> SPO2,400,157302,183145,-10.00,-20
 0> SPO2,401,157296,183139,-22.00,-20
 0> SPO2,402,157291,183134,-12.00,-20
 0> SPO2,403,157286,183129,-8.00,-20
 0> SPO2,404,157281,183124,7.00,0
 0> SPO2,405,157277,183119,10.00,20
 0> SPO2,406,157273,183115,19.00,20
 0> SPO2,407,157269,183112,4.00,0
 0> SPO2,408,157266,183108,38.00,20
 0> SPO2,409,157263,183105,26.00,20
 0> SPO2,410,157261,183103,15.00,0
 0> SPO2,411,157259,183100,32.00,20
 0> SPO2,412,157257,183098,46.00,20
 0> SPO2,413,157256,183097,56.00,20
 0> SPO2,414,157255,183096,65.00,20
 0> SPO2,415,157255,183095,62.00,20
 0> SPO2,416,157255,183095,65.00,20
 0> SPO2,417,157255,183095,70.00,20
 0> SPO2,418,157256,183095,71.00,20
 0> SPO2,419,157257,183096,88.00,20
 0> SPO2,420,157258,183097,88.00,20
 0> SPO2,421,157260,183099,93.00,20
 0> SPO2,422,157262,183101,84.00,20
 0> SPO2,423,157265,183103,97.00,20
 0> SPO2,424,157267,183105,105.00,20
 0> SPO2,425,157271,183108,121.00,20
 0> SPO2,426,157274,183112,127.00,20
 0> SPO2,427,157278,183116,116.00,20
 0> SPO2,428,157282,183120,127.00,20
 0> SPO2,429,157287,183124,130.00,20
 0> SPO2,430,157292,183129,134.00,20
 0> SPO2,431,157297,183134,117.00,0
 0> SPO2,432,157302,183140,144.00,20
 0> SPO2,433,157308,183145,139.00,20
 0> SPO2,434,157314,183151,148.00,20
 0> SPO2,435,157321,183158,149.00,20
 0> SPO2,436,157327,183164,156.00,20
 0> SPO2,437,157334,183171,154.00,20
 0> SPO2,438,157342,183178,152.00,20
 0> SPO2,439,157349,183186,152.00,0
 0> SPO2,440,157357,183193,156.00,20
 0> SPO2,441,157364,183201,145.00,0
 0> SPO2,442,157372,183209,144.00,0
 0> SPO2,443,157380,183217,147.00,0
 0> SPO2,444,157388,183225,139.00,0
 0> SPO2,445,157396,183234,140.00,0
 0> SPO2,446,157404,183242,130.00,-20
 0> SPO2,447,157412,183251,121.00,-20
 0> SPO2,448,157420,183259,107.00,-20
 0> SPO2,449,157427,183267,68.00,-20
 0> SPO2,450,157435,183275,24.00,-20
 0> SPO2,451,157441,183283,-10.00,-20
 0> SPO2,452,157447,183290,-49.00,-20
 0> SPO2,453,157453,183297,-75.00,-20
 0> SPO2,454,157457,183302,-98.00,-20
 0> SPO2,455,157461,183307,-138.00,-20
 0> SPO2,456,157464,183312,-170.00,-20
 0> SPO2,457,157466,183315,-178.00,-20
 0> SPO2,458,157466,183317,-185.00,-20
 0> SPO2,459,157466,183318,-220.00,-20
 0> SPO2,460,157465,183318,-212.00,-20
 0> SPO2,461,157463,183317,-224.00,-20
 0> SPO2,462,157459,183315,-233.00,-20
 0> SPO2,463,157455,183313,-237.00,-20
 0> SPO2,464,157450,183309,-231.00,-20
 0> SPO2,465,157444,183304,-224.00,-20
 0> SPO2,466,157438,183299,-219.00,-20
 0> SPO2,467,157430,183293,-230.00,-20
 0> SPO2,468,157422,183286,-238.00,-20
 0> SPO2,469,157414,183278,-212.00,-20
 0> SPO2,470,157404,183270,-189.00,-20
 0> SPO2,471,157395,183262,-197.00,-20
 0> SPO2,472,157385,183253,-176.00,-20
 0> SPO2,473,157374,183244,-170.00,-20
 0> SPO2,474,157363,183234,-163.00,-20
 0> SPO2,475,157352,183224,-152.00,-20
 0> SPO2,476,157341,183214,-129.00,-20
 0> SPO2,477,157330,183204,-127.00,-20
 0> SPO2,478,157319,183194,-117.00,-20
 0> SPO2,479,157308,183184,-118.00,-20
 0> SPO2,480,157297,183174,-116.00,-20
 0> SPO2,481,157286,183164,-106.00,-20
 0> SPO2,482,157275,183155,-101.00,-20
 0> SPO2,483,157265,183145,-90.00,-20
 0> SPO2,484,157255,183136,-92.00,-20
 0> SPO2,485,157245,183126,-72.00,-20
 0> SPO2,486,157235,183117,-74.00,-20
 0> SPO2,487,157226,183109,-78.00,-20
 0> SPO2,488,157217,183100,-66.00,-20
 0> SPO2,489,157208,183092,-45.00,-20
 0> SPO2,490,157200,183084,-35.00,-20
 0> SPO2,491,157192,183076,-38.00,-20
 0> SPO2,492,157185,183069,-33.00,-20
 0> SPO2,493,157178,183062,-30.00,-20
 0> SPO2,494,157171,183056,-21.00,-20
 0> SPO2,495,157165,183050,-6.00,-20
 0> SPO2,496,157160,183044,-11.00,-20
 0> SPO2,497,157154,183039,0.00,0
 0> SPO2,498,157150,183034,1.00,0
 0> SPO2,499,157145,183030,12.00,20
 0> SPO2,500,157142,183026,28.00,20
 0> SPO2,501,157138,183022,29.00,20
 0> SPO2,502,157135,183019,31.00,20
 0> SPO2,503,157133,183017,44.00,20
 0> SPO2,504,157131,183015,46.00,20
 0> SPO2,505,157130,183013,51.00,20
 0> SPO2,506,157129,183012,57.00,20
 0> SPO2,507,157128,183011,56.00,20
 0> SPO2,508,157128,183010,80.00,20
 0> SPO2,509,157128,183011,93.00,20
 0> SPO2,510,157129,183011,88.00,20
 0> SPO2,511,157130,183012,83.00,20
 0> SPO2,512,157132,183014,92.00,20
 0> SPO2,513,157134,183016,85.00,0
 0> SPO2,514,157137,183018,104.00,20
 0> SPO2,515,157140,183021,105.00,20
 0> SPO2,516,157143,183024,99.00,20
 0> SPO2,517,157147,183027,119.00,20
 0> SPO2,518,157151,183031,120.00,20
 0> SPO2,519,157155,183035,122.00,20
 0> SPO2,520,157160,183040,120.00,20
 0> SPO2,521,157165,183045,129.00,20
 0> SPO2,522,157170,183050,144.00,20
 0> SPO2,523,157176,183056,134.00,20
 0> SPO2,524,157182,183062,142.00,20
 0> SPO2,525,157188,183068,137.00,20
 0> SPO2,526,157194,183075,154.00,20
 0> SPO2,527,157201,183082,155.00,20
 0> SPO2,528,157208,183089,158.00,20
 0> SPO2,529,157216,183096,151.00,20
 0> SPO2,530,157223,183104,156.00,20
 0> SPO2,531,157231,183112,156.00,0
 0> SPO2,532,157239,183120,136.00,0
 0> SPO2,533,157247,183128,134.00,-20
 0> SPO2,534,157254,183136,132.00,0
 0> SPO2,535,157262,183145,133.00,0
 0> SPO2,536,157270,183153,144.00,0
 0> SPO2,537,157278,183162,139.00,0
 0> SPO2,538,157286,183170,127.00,0
 0> SPO2,539,157294,183179,80.00,-20
 0> SPO2,540,157302,183188,59.00,-20
 0> SPO2,541,157309,183196,21.00,-20
 0> SPO2,542,157316,183203,-19.00,-20
 0> SPO2,543,157322,183211,-71.00,-20
 0> SPO2,544,157328,183217,-92.00,-20
 0> SPO2,545,157332,183223,-143.00,-20
 0> SPO2,546,157335,183228,-159.00,-20
 0> SPO2,547,157338,183231,-186.00,-20
 0> SPO2,548,157339,183234,-207.00,-20
 0> SPO2,549,157340,183236,-208.00,-20
 0> SPO2,550,157339,183236,-219.00,-20
 0> SPO2,551,157337,183236,-243.00,-20
 0> SPO2,552,157334,183235,-238.00,-20
 0> SPO2,553,157330,183232,-244.00,-20
 0> SPO2,554,157325,183229,-254.00,-20
 0> SPO2,555,157320,183224,-256.00,-20
 0> SPO2,556,157313,183219,-252.00,-20
 0> SPO2,557,157305,183213,-235.00,-20
 0> SPO2,558,157297,183206,-242.00,-20
 0> SPO2,559,157288,183198,-249.00,-20
 0> SPO2,560,157278,183190,-252.00,-20
 0> SPO2,561,157268,183181,-234.00,-20
 0> SPO2,562,157257,183171,-221.00,-20
 0> SPO2,563,157246,183161,-223.00,-20
 0> SPO2,564,157234,183151,-201.00,-20
 0> SPO2,565,157221,183140,-198.00,-20
 0> SPO2,566,157209,183129,-197.00,-20
 0> SPO2,567,157196,183118,-168.00,-20
 0> SPO2,568,157184,183106,-152.00,-20
 0> SPO2,569,157171,183095,-139.00,-20
 0> SPO2,570,157158,183083,-135.00,-20
 0> SPO2,571,157146,183072,-128.00,-20
 0> SPO2,572,157133,183061,-108.00,-20
 0> SPO2,573,157121,183049,-123.00,-20
 0> SPO2,574,157109,183038,-109.00,-20
 0> SPO2,575,157097,183028,-115.00,-20
 0> SPO2,576,157086,183017,-92.00,-20
 0> SPO2,577,157074,183007,-100.00,-20
 0> SPO2,578,157064,182997,-95.00,-20
 0> SPO2,579,157053,182987,-70.00,-20
 0> SPO2,580,157043,182977,-73.00,-20
 0> SPO2,581,157033,182968,-66.00,-20
 0> SPO2,582,157024,182959,-55.00,-20
 0> SPO2,583,157015,182951,-36.00,-20
 0> SPO2,584,157007,182943,-28.00,-20
 0> SPO2,585,156999,182935,-40.00,-20
 0> SPO2,586,156992,182928,-18.00,-20
 0> SPO2,587,156985,182921,-22.00,-20
 0> SPO2,588,156978,182915,-5.00,-20
 0> SPO2,589,156973,182909,2.00,0
 0> SPO2,590,156968,182904,16.00,20
 0> SPO2,591,156963,182899,17.00,20
 0> SPO2,592,156959,182895,23.00,20
 0> SPO2,593,156955,182891,24.00,20
 0> SPO2,594,156952,182888,36.00,20
 0> SPO2,595,156950,182885,23.00,0
 0> SPO2,596,156948,182883,35.00,20
 0> SPO2,597,156946,182881,42.00,20
 0> SPO2,598,156945,182879,56.00,20
 0> SPO2,599,156944,182878,56.00,20
 0> SPO2,600,156944,182878,72.00,20
 0> SPO2,601,156945,182878,71.00,20
 0> SPO2,602,156945,182878,74.00,20
 0> SPO2,603,156946,182879,81.00,20
 0> SPO2,604,156948,182880,90.00,20
 0> SPO2,605,156950,182882,95.00,20
 0> SPO2,606,156953,182884,80.00,0
 0> SPO2,607,156956,182887,100.00,20
 0> SPO2,608,156959,182890,105.00,20
 0> SPO2,609,156963,182893,113.00,20
 0> SPO2,610,156967,182897,108.00,20
 0> SPO2,611,156971,182901,123.00,20
 0> SPO2,612,156976,182905,119.00,20
 0> SPO2,613,156981,182910,133.00,20
 0> SPO2,614,156987,182915,131.00,20
 0> SPO2,615,156993,182921,126.00,20
 0> SPO2,616,156999,182927,140.00,20
 0> SPO2,617,157006,182933,155.00,20
 0> SPO2,618,157013,182939,154.00,20
 0> SPO2,619,157020,182946,146.00,20
 0> SPO2,620,157028,182953,167.00,20
 0> SPO2,621,157036,182961,160.00,20
 0> SPO2,622,157044,182969,153.00,0
 0> SPO2,623,157053,182977,157.00,0
 0> SPO2,624,157061,182985,147.00,0
 0> SPO2,625,157070,182993,154.00,0
 0> SPO2,626,157079,183002,158.00,0
 0> SPO2,627,157088,183010,155.00,0
 0> SPO2,628,157097,183019,159.00,0
 0> SPO2,629,157106,183028,156.00,0
 0> SPO2,630,157115,183037,164.00,0
 0> SPO2,631,157124,183047,152.00,0
 0> SPO2,632,157133,183056,125.00,-20
 0> SPO2,633,157141,183065,109.00,-20
 0> SPO2,634,157150,183074,85.00,-20
 0> SPO2,635,157158,183083,44.00,-20
 0> SPO2,636,157166,183092,10.00,-20
 0> SPO2,637,157173,183100,-42.00,-20
 0> SPO2,638,157179,183107,-69.00,-20
 0> SPO2,639,157184,183114,-110.00,-20
 0> SPO2,640,157189,183120,-139.00,-20
 0> SPO2,641,157192,183124,-167.00,-20
 0> SPO2,642,157195,183128,-181.00,-20
 0> SPO2,643,157196,183131,-198.00,-20
 0> SPO2,644,157196,183133,-225.00,-20
 0> SPO2,645,157196,183133,-225.00,-20
 0> SPO2,646,157194,183133,-238.00,-20
 0> SPO2,647,157191,183131,-248.00,-20
 0> SPO2,648,157187,183129,-247.00,-20
 0> SPO2,649,157183,183125,-238.00,-20
 0> SPO2,650,157177,183121,-250.00,-20
 0> SPO2,651,157171,183115,-231.00,-20
 0> SPO2,652,157164,183109,-232.00,-20
 0> SPO2,653,157157,183102,-243.00,-20
 0> SPO2,654,157148,183095,-221.00,-20
 0> SPO2,655,157139,183086,-222.00,-20
 0> SPO2,656,157130,183077,-215.00,-20
 0> SPO2,657,157120,183068,-208.00,-20
 0> SPO2,658,157109,183058,-192.00,-20
 0> SPO2,659,157098,183048,-170.00,-20
 0> SPO2,660,157087,183038,-142.00,-20
 0> SPO2,661,157076,183027,-141.00,-20
 0> SPO2,662,157065,183017,-148.00,-20
 0> SPO2,663,157054,183006,-141.00,-20
 0> SPO2,664,157043,182996,-123.00,-20
 0> SPO2,665,157032,182985,-125.00,-20
 0> SPO2,666,157022,182974,-99.00,-20
 0> SPO2,667,157011,182964,-98.00,-20
 0> SPO2,668,157001,182954,-90.00,-20
 0> SPO2,669,156991,182944,-81.00,-20
 0> SPO2,670,156982,182934,-70.00,-20
 0> SPO2,671,156973,182925,-62.00,-20
 0> SPO2,672,156964,182915,-57.00,-20
 0> SPO2,673,156955,182907,-59.00,-20
 0> SPO2,674,156947,182898,-46.00,-20
 0> SPO2,675,156939,182890,-49.00,-20
 0> SPO2,676,156932,182882,-21.00,-20
 0> SPO2,677,156925,182875,-27.00,-20
 0> SPO2,678,156919,182868,-32.00,-20
 0> SPO2,679,156913,182861,-11.00,-20
 0> SPO2,680,156908,182855,-13.00,-20
 0> SPO2,681,156903,182849,-8.00,-20
 0> SPO2,682,156899,182844,6.00,0
 0> SPO2,683,156896,182839,10.00,0
 0> SPO2,684,156893,182835,24.00,20
 0> SPO2,685,156890,182831,37.00,20
 0> SPO2,686,156888,182827,34.00,20
 0> SPO2,687,156886,182824,43.00,20
 0> SPO2,688,156885,182822,48.00,20
 0> SPO2,689,156885,182820,56.00,20
 0> SPO2,690,156885,182819,56.00,20
 0> SPO2,691,156885,182818,69.00,20
 0> SPO2,692,156886,182817,80.00,20
 0> SPO2,693,156888,182817,83.00,20
 0> SPO2,694,156890,182817,79.00,20
 0> SPO2,695,156892,182818,82.00,20
 0> SPO2,696,156895,182820,92.00,20
 0> SPO2,697,156898,182821,98.00,20
 0> SPO2,698,156902,182824,119.00,20
 0> SPO2,699,156906,182826,94.00,20
 0> SPO2,700,156910,182829,110.00,20
 0> SPO2,701,156915,182833,124.00,20
 0> SPO2,702,156920,182837,119.00,20
 0> SPO2,703,156926,182841,132.00,20
 0> SPO2,704,156932,182846,128.00,20
 0> SPO2,705,156938,182851,147.00,20
 0> SPO2,706,156945,182856,144.00,20<info> app: 
 0> 
 0> <info> app: [OK]	LED Power 160
 0> <info> app: BATT Reading...
