# SEGGER J-Link RTT Viewer V6.16a Terminal Log File
# Compiled: 12:44:10 on Jun  6 2017
# Logging started @ 04 Dec 2018 15:18:37
 0> <info> app: Left Press
 0> <info> app: BATT Reading...
 0> <info> app: [OK]	Max30102 Already and background working is begin
 0> 
 0> <info> app: BATT Reading...
 0> <info> app: [OK]	HR sample count 707
 0> <info> app: Peak Index,
 0> ,55,165,270,374,683
 0> ,END Peak Index,<info> app: HR Index,
 0> ,64,67,68<info> app: HR Mean 66 
 0> <info> app: HR SD 1.69 
 0> <info> app: ^_^ Final HR 66 
 0> <info> app: Peak Index,
 0> ,37,94,127,133,147,179,183,199,204,214,231,254,340,358,458,637,646,658,664
 0> ,END Peak Index,<info> app: HR Index,
 0> ,124,136,51,82,137,70,78<info> app: HR Mean 96 
 0> <info> app: HR SD 32.25 
 0> 
 0> SPO2,0,114892,138395,8.00,0
 0> SPO2,1,114900,138413,25.00,0
 0> SPO2,2,114905,138400,11.00,0
 0> SPO2,3,114897,138400,10.00,0
 0> SPO2,4,114893,138397,7.00,0
 0> SPO2,5,114908,138396,5.00,0
 0> SPO2,6,114895,138405,14.00,0
 0> SPO2,7,114896,138391,0.00,0
 0> SPO2,8,114895,138392,0.00,-1
 0> SPO2,9,114892,138388,-3.00,0
 0> SPO2,10,114887,138383,-7.00,0
 0> SPO2,11,114899,138399,8.00,0
 0> SPO2,12,114894,138397,6.00,0
 0> SPO2,13,114894,138399,7.00,0
 0> SPO2,14,114895,138392,0.00,0
 0> SPO2,15,114891,138390,-1.00,0
 0> SPO2,16,114891,138384,-7.00,0
 0> SPO2,17,114890,138389,-2.00,0
 0> SPO2,18,114907,138385,-6.00,0
 0> SPO2,19,114890,138389,-1.00,0
 0> SPO2,20,114898,138379,-11.00,0
 0> SPO2,21,114896,138398,7.00,1
 0> SPO2,22,114898,138393,2.00,0
 0> SPO2,23,114905,138395,4.00,0
 0> SPO2,24,114885,138402,11.00,0
 0> SPO2,25,114890,138401,9.00,0
 0> SPO2,26,114898,138409,17.00,0
 0> SPO2,27,114902,138404,11.00,0
 0> SPO2,28,114906,138399,5.00,0
 0> SPO2,29,114902,138403,9.00,0
 0> SPO2,30,114910,138416,21.00,0
 0> SPO2,31,114899,138402,6.00,0
 0> SPO2,32,114902,138397,1.00,0
 0> SPO2,33,114903,138414,18.00,0
 0> SPO2,34,114909,138417,20.00,0
 0> SPO2,35,114911,138433,35.00,1
 0> SPO2,36,114915,138433,33.00,0
 0> SPO2,37,114905,138438,37.00,0
 0> SPO2,38,114919,138430,27.00,0
 0> SPO2,39,114925,138437,32.00,0
 0> SPO2,40,114916,138441,35.00,0
 0> SPO2,41,114929,138437,29.00,0
 0> SPO2,42,114919,138438,28.00,0
 0> SPO2,43,114924,138436,25.00,0
 0> SPO2,44,114929,138432,20.00,-1
 0> SPO2,45,114922,138425,12.00,-1
 0> SPO2,46,114909,138425,11.00,-1
 0> SPO2,47,114907,138434,20.00,0
 0> SPO2,48,114915,138412,-2.00,-1
 0> SPO2,49,114912,138427,12.00,0
 0> SPO2,50,114907,138411,-4.00,-1
 0> SPO2,51,114922,138424,8.00,0
 0> SPO2,52,114913,138406,-9.00,-1
 0> SPO2,53,114923,138406,-9.00,-1
 0> SPO2,54,114915,138404,-10.00,-1
 0> SPO2,55,114928,138402,-12.00,-1
 0> SPO2,56,114903,138399,-14.00,-1
 0> SPO2,57,114908,138400,-12.00,-1
 0> SPO2,58,114901,138392,-20.00,-1
 0> SPO2,59,114905,138395,-16.00,-1
 0> SPO2,60,114904,138391,-19.00,-1
 0> SPO2,61,114890,138388,-21.00,-1
 0> SPO2,62,114902,138399,-9.00,-1
 0> SPO2,63,114892,138407,0.00,-1
 0> SPO2,64,114894,138393,-14.00,-1
 0> SPO2,65,114908,138395,-12.00,-1
 0> SPO2,66,114901,138399,-7.00,-1
 0> SPO2,67,114888,138390,-16.00,-1
 0> SPO2,68,114904,138392,-13.00,-1
 0> SPO2,69,114902,138391,-13.00,-1
 0> SPO2,70,114902,138392,-11.00,-1
 0> SPO2,71,114900,138403,0.00,0
 0> SPO2,72,114900,138389,-14.00,-1
 0> SPO2,73,114904,138376,-26.00,-1
 0> SPO2,74,114903,138393,-8.00,-1
 0> SPO2,75,114891,138389,-11.00,-1
 0> SPO2,76,114905,138397,-3.00,0
 0> SPO2,77,114909,138394,-6.00,-1
 0> SPO2,78,114914,138393,-6.00,0
 0> SPO2,79,114919,138399,0.00,0
 0> SPO2,80,114913,138405,5.00,0
 0> SPO2,81,114910,138407,7.00,0
 0> SPO2,82,114926,138404,3.00,0
 0> SPO2,83,114912,138407,6.00,0
 0> SPO2,84,114921,138411,10.00,0
 0> SPO2,85,114918,138415,13.00,1
 0> SPO2,86,114930,138422,20.00,1
 0> SPO2,87,114930,138402,0.00,0
 0> SPO2,88,114933,138408,5.00,0
 0> SPO2,89,114925,138400,-3.00,0
 0> SPO2,90,114934,138411,8.00,0
 0> SPO2,91,114936,138424,20.00,0
 0> SPO2,92,114921,138423,18.00,0
 0> SPO2,93,114932,138427,21.00,0
 0> SPO2,94,114942,138431,24.00,0
 0> SPO2,95,114925,138419,11.00,0
 0> SPO2,96,114933,138431,22.00,0
 0> SPO2,97,114940,138428,18.00,0
 0> SPO2,98,114932,138430,19.00,0
 0> SPO2,99,114938,138422,10.00,0
 0> SPO2,100,114932,138424,12.00,0
 0> SPO2,101,114927,138410,-2.00,-1
 0> SPO2,102,114924,138431,18.00,0
 0> SPO2,103,114929,138407,-6.00,-1
 0> SPO2,104,114934,138423,10.00,0
 0> SPO2,105,114941,138412,-1.00,-1
 0> SPO2,106,114918,138412,-1.00,-1
 0> SPO2,107,114910,138421,7.00,0
 0> SPO2,108,114912,138414,0.00,0
 0> SPO2,109,114920,138416,2.00,0
 0> SPO2,110,114913,138420,6.00,0
 0> SPO2,111,114915,138403,-11.00,-1
 0> SPO2,112,114918,138409,-4.00,-1
 0> SPO2,113,114912,138407,-6.00,-1
 0> SPO2,114,114925,138416,3.00,0
 0> SPO2,115,114903,138408,-5.00,-1
 0> SPO2,116,114917,138415,2.00,0
 0> SPO2,117,114916,138419,6.00,1
 0> SPO2,118,114915,138412,-1.00,0
 0> SPO2,119,114919,138428,14.00,1
 0> SPO2,120,114927,138424,10.00,1
 0> SPO2,121,114931,138417,2.00,0
 0> SPO2,122,114928,138440,25.00,1
 0> SPO2,123,114931,138436,20.00,1
 0> SPO2,124,114923,138427,10.00,0
 0> SPO2,125,114933,138435,17.00,1
 0> SPO2,126,114936,138437,18.00,1
 0> SPO2,127,114932,138448,28.00,1
 0> SPO2,128,114932,138436,15.00,0
 0> SPO2,129,114931,138427,5.00,-1
 0> SPO2,130,114921,138441,19.00,0
 0> SPO2,131,114921,138437,14.00,0
 0> SPO2,132,114939,138456,32.00,1
 0> SPO2,133,114935,138444,19.00,0
 0> SPO2,134,114934,138429,3.00,-1
 0> SPO2,135,114932,138432,5.00,-1
 0> SPO2,136,114944,138455,28.00,1
 0> SPO2,137,114945,138455,27.00,1
 0> SPO2,138,114934,138452,22.00,0
 0> SPO2,139,114931,138441,10.00,0
 0> SPO2,140,114934,138454,23.00,0
 0> SPO2,141,114931,138453,20.00,0
 0> SPO2,142,114941,138467,33.00,1
 0> SPO2,143,114955,138471,36.00,1
 0> SPO2,144,114954,138480,43.00,1
 0> SPO2,145,114946,138471,32.00,0
 0> SPO2,146,114951,138464,23.00,0
 0> SPO2,147,114948,138485,43.00,1
 0> SPO2,148,114936,138482,38.00,1
 0> SPO2,149,114946,138470,24.00,0
 0> SPO2,150,114954,138480,33.00,0
 0> SPO2,151,114947,138469,20.00,0
 0> SPO2,152,114945,138478,28.00,0
 0> SPO2,153,114956,138466,15.00,0
 0> SPO2,154,114954,138476,24.00,0
 0> SPO2,155,114955,138456,3.00,-1
 0> SPO2,156,114943,138473,19.00,0
 0> SPO2,157,114950,138465,10.00,0
 0> SPO2,158,114956,138472,17.00,0
 0> SPO2,159,114947,138463,7.00,0
 0> SPO2,160,114939,138466,10.00,0
 0> SPO2,161,114942,138476,19.00,0
 0> SPO2,162,114937,138465,7.00,0
 0> SPO2,163,114925,138442,-15.00,-1
 0> SPO2,164,114947,138448,-8.00,-1
 0> SPO2,165,114951,138455,-1.00,0
 0> SPO2,166,114938,138463,6.00,0
 0> SPO2,167,114943,138451,-5.00,0
 0> SPO2,168,114945,138464,7.00,0
 0> SPO2,169,114949,138451,-5.00,0
 0> SPO2,170,114940,138459,2.00,0<info> app: ***********  Application started  ***********
 0> 
 0> <info> app: [OK] NRF Power ON 0x0002. 
 0> <info> app: Read MAC:D992B26C8203
 0> <info> app: ***********  Sensor initial ***********
 0> <info> app: [OK]	BMI160
 0> <info> app: [OK]	SETUP ACC
 0> <info> app: [OK]	SETUP STEP COUNT
 0> <info> app: [OK]	FLASH MEMORY
 0> <info> app: [OK]	Read and using configuration in flash memory
 0> <info> app: [OK]	Using queue setting from flash memory
 0> <info> app: gender in flash 1
 0> <info> app: [OK]	OLED Initial
 0> <info> app: [OK]	Max30102 Initial, Temperature 16.87
 0> <info> app: ********** End sensor initial *********
 0> 
 0> <info> app: Erase bonds!
 0> <info> app: BLE_ADV_EVT_FAST
 0> <info> app: advertising is started
 0> <info> app: [FALL] Device restart detected. It require setup timer from flash memory
 0> 
 0> <info> app: [OK]	FLASH MEMORY
 0> <info> app: [OK] Pedo data with pages 1304
 0> 
 0> <error> app: [OK] Unix Time in flash 1543911679
 0> <error> app: [OK] Unix Time in flash 1543911689
 0> <error> app: [OK] Unix Time in flash 1543911699
 0> <error> app: [OK] Unix Time in flash 1543911709
 0> <error> app: [OK] Unix Time in flash 1543911719
 0> <error> app: [OK] Unix Time in flash 1543911729
 0> <error> app: [OK] Unix Time in flash 1543911739
 0> <error> app: [OK] Unix Time in flash 1543911749
 0> <info> app: BATT Reading...
 0> <info> app: BATT Reading...

# Logging stopped @ 04 Dec 2018 15:19:13
