# SEGGER J-Link RTT Viewer V6.16a Terminal Log File
# Compiled: 12:44:10 on Jun  6 2017
# Logging started @ 04 Dec 2018 15:21:44
 0> <info> app: ALERT_BT_CHECK_WAIT_KRY
 0> <info> app: ALERT_BT_CHECK_WAIT_KRY
 0> <info> app: Left Press
 0> <info> app: [OK]	Max30102 Already and background working is begin
 0> 
 0> <info> app: BATT Reading...
 0> <info> app: [OK]	HR sample count 707
 0> <info> app: Peak Index,
 0> ,51,141,228,325,427,528,637
 0> ,END Peak Index,<info> app: HR Index,
 0> ,78,81,72,69,70,64<info> app: HR Mean 72 
 0> <info> app: HR SD 5.67 
 0> <info> app: ^_^ Final HR 72 
 0> <info> app: Peak Index,
 0> ,13,105,135,193,258,291,328,392,437,496,600,635
 0> ,END Peak Index,<info> app: HR Index,
 0> ,76,122,108,110,120,68<info> app: HR Mean 100 
 0> <info> app: HR SD 20.99 
 0> 
 0> SPO2,0,115557,139000,-15.00,0
 0> SPO2,1,115545,138991,-23.00,0
 0> SPO2,2,115552,138988,-25.00,0
 0> SPO2,3,115554,138985,-27.00,0
 0> SPO2,4,115556,138981,-29.00,0
 0> SPO2,5,115554,138989,-20.00,0
 0> SPO2,6,115552,138986,-22.00,0
 0> SPO2,7,115559,139004,-3.00,20
 0> SPO2,8,115558,139007,0.00,20
 0> SPO2,9,115582,139019,11.00,0
 0> SPO2,10,115586,139042,34.00,0
 0> SPO2,11,115586,139052,42.00,0
 0> SPO2,12,115603,139072,60.00,20
 0> SPO2,13,115605,139093,78.00,20
 0> SPO2,14,115616,139086,67.00,0
 0> SPO2,15,115618,139090,68.00,0
 0> SPO2,16,115623,139088,62.00,0
 0> SPO2,17,115610,139103,74.00,0
 0> SPO2,18,115620,139105,72.00,0
 0> SPO2,19,115630,139106,70.00,0
 0> SPO2,20,115620,139098,58.00,0
 0> SPO2,21,115626,139086,43.00,-20
 0> SPO2,22,115631,139109,64.00,0
 0> SPO2,23,115627,139108,60.00,0
 0> SPO2,24,115630,139097,46.00,0
 0> SPO2,25,115624,139116,63.00,0
 0> SPO2,26,115621,139092,35.00,-20
 0> SPO2,27,115632,139087,29.00,-20
 0> SPO2,28,115638,139090,30.00,-20
 0> SPO2,29,115629,139102,41.00,0
 0> SPO2,30,115618,139095,32.00,0
 0> SPO2,31,115622,139107,42.00,0
 0> SPO2,32,115637,139090,23.00,0
 0> SPO2,33,115618,139086,18.00,-20
 0> SPO2,34,115620,139087,18.00,0
 0> SPO2,35,115614,139087,17.00,0
 0> SPO2,36,115610,139085,14.00,0
 0> SPO2,37,115622,139073,1.00,0
 0> SPO2,38,115615,139077,5.00,-20
 0> SPO2,39,115610,139086,14.00,0
 0> SPO2,40,115622,139081,8.00,0
 0> SPO2,41,115616,139081,8.00,0
 0> SPO2,42,115609,139085,11.00,0
 0> SPO2,43,115620,139084,10.00,0
 0> SPO2,44,115614,139091,16.00,0
 0> SPO2,45,115611,139072,-3.00,-20
 0> SPO2,46,115619,139067,-7.00,-20
 0> SPO2,47,115612,139075,0.00,-20
 0> SPO2,48,115614,139065,-9.00,-20
 0> SPO2,49,115602,139081,6.00,0
 0> SPO2,50,115613,139071,-3.00,0
 0> SPO2,51,115607,139078,3.00,0
 0> SPO2,52,115618,139071,-3.00,0
 0> SPO2,53,115606,139074,0.00,0
 0> SPO2,54,115609,139083,8.00,0
 0> SPO2,55,115603,139052,-22.00,-20
 0> SPO2,56,115606,139056,-17.00,-20
 0> SPO2,57,115600,139078,5.00,0
 0> SPO2,58,115601,139061,-11.00,-20
 0> SPO2,59,115592,139063,-9.00,-20
 0> SPO2,60,115620,139062,-9.00,-20
 0> SPO2,61,115590,139057,-14.00,-20
 0> SPO2,62,115583,139047,-23.00,-20
 0> SPO2,63,115595,139052,-17.00,-20
 0> SPO2,64,115592,139044,-24.00,-20
 0> SPO2,65,115583,139044,-23.00,-20
 0> SPO2,66,115596,139044,-22.00,-20
 0> SPO2,67,115592,139030,-35.00,-20
 0> SPO2,68,115587,139038,-25.00,-20
 0> SPO2,69,115586,139045,-17.00,-20
 0> SPO2,70,115590,139030,-31.00,-20
 0> SPO2,71,115569,139036,-23.00,-20
 0> SPO2,72,115596,139042,-16.00,-20
 0> SPO2,73,115581,139030,-27.00,-20
 0> SPO2,74,115574,139034,-22.00,-20
 0> SPO2,75,115576,139034,-21.00,-20
 0> SPO2,76,115575,139017,-37.00,-20
 0> SPO2,77,115565,139026,-26.00,-20
 0> SPO2,78,115572,139014,-36.00,-20
 0> SPO2,79,115575,139020,-29.00,-20
 0> SPO2,80,115570,139022,-25.00,-20
 0> SPO2,81,115568,139007,-39.00,-20
 0> SPO2,82,115577,139007,-37.00,-20
 0> SPO2,83,115561,139008,-34.00,-20
 0> SPO2,84,115566,139007,-33.00,-20
 0> SPO2,85,115556,139007,-32.00,-20
 0> SPO2,86,115552,138995,-42.00,-20
 0> SPO2,87,115550,139005,-30.00,-20
 0> SPO2,88,115561,138986,-47.00,-20
 0> SPO2,89,115557,138990,-41.00,-20
 0> SPO2,90,115543,138987,-42.00,-20
 0> SPO2,91,115557,138993,-34.00,-20
 0> SPO2,92,115546,138990,-35.00,-20
 0> SPO2,93,115549,138981,-42.00,-20
 0> SPO2,94,115557,138988,-33.00,-20
 0> SPO2,95,115547,138994,-25.00,-20
 0> SPO2,96,115547,138988,-30.00,-20
 0> SPO2,97,115560,139003,-14.00,-20
 0> SPO2,98,115560,139023,6.00,0
 0> SPO2,99,115584,139053,36.00,20
 0> SPO2,100,115579,139062,43.00,20
 0> SPO2,101,115604,139079,58.00,20
 0> SPO2,102,115600,139095,71.00,20
 0> SPO2,103,115603,139097,69.00,20
 0> SPO2,104,115613,139111,80.00,20
 0> SPO2,105,115630,139126,91.00,20
 0> SPO2,106,115630,139120,80.00,20
 0> SPO2,107,115626,139130,86.00,20
 0> SPO2,108,115631,139118,70.00,0
 0> SPO2,109,115635,139130,78.00,0
 0> SPO2,110,115634,139122,66.00,0
 0> SPO2,111,115627,139128,69.00,0
 0> SPO2,112,115630,139130,68.00,0
 0> SPO2,113,115635,139140,74.00,0
 0> SPO2,114,115650,139129,59.00,0
 0> SPO2,115,115643,139131,58.00,-20
 0> SPO2,116,115632,139115,39.00,-20
 0> SPO2,117,115641,139128,50.00,0
 0> SPO2,118,115637,139139,59.00,0
 0> SPO2,119,115638,139125,42.00,0
 0> SPO2,120,115639,139122,37.00,-20
 0> SPO2,121,115645,139136,49.00,0
 0> SPO2,122,115640,139131,42.00,0
 0> SPO2,123,115637,139132,40.00,0
 0> SPO2,124,115635,139124,30.00,0
 0> SPO2,125,115628,139126,31.00,-20
 0> SPO2,126,115632,139111,14.00,-20
 0> SPO2,127,115629,139120,23.00,0
 0> SPO2,128,115624,139116,17.00,0
 0> SPO2,129,115612,139108,8.00,-20
 0> SPO2,130,115620,139121,21.00,0
 0> SPO2,131,115633,139110,9.00,0
 0> SPO2,132,115622,139137,35.00,20
 0> SPO2,133,115628,139107,4.00,0
 0> SPO2,134,115636,139120,16.00,0
 0> SPO2,135,115629,139121,17.00,0
 0> SPO2,136,115623,139118,13.00,0
 0> SPO2,137,115627,139113,7.00,0
 0> SPO2,138,115628,139113,7.00,0
 0> SPO2,139,115613,139108,1.00,0
 0> SPO2,140,115627,139107,0.00,-20
 0> SPO2,141,115614,139099,-7.00,-20
 0> SPO2,142,115617,139103,-2.00,0
 0> SPO2,143,115620,139108,2.00,0
 0> SPO2,144,115618,139093,-12.00,-20
 0> SPO2,145,115623,139100,-5.00,-20
 0> SPO2,146,115620,139098,-6.00,-20
 0> SPO2,147,115607,139086,-18.00,-20
 0> SPO2,148,115615,139092,-11.00,-20
 0> SPO2,149,115611,139088,-15.00,-20
 0> SPO2,150,115602,139080,-22.00,-20
 0> SPO2,151,115591,139074,-27.00,-20
 0> SPO2,152,115607,139080,-19.00,-20
 0> SPO2,153,115603,139066,-32.00,-20
 0> SPO2,154,115603,139080,-17.00,-20
 0> SPO2,155,115603,139073,-23.00,-20
 0> SPO2,156,115600,139066,-29.00,-20
 0> SPO2,157,115592,139070,-23.00,-20
 0> SPO2,158,115599,139072,-20.00,-20
 0> SPO2,159,115602,139055,-36.00,-20
 0> SPO2,160,115599,139055,-34.00,-20
 0> SPO2,161,115577,139064,-23.00,-20
 0> SPO2,162,115587,139055,-31.00,-20
 0> SPO2,163,115577,139063,-22.00,-20
 0> SPO2,164,115581,139053,-31.00,-20
 0> SPO2,165,115590,139053,-29.00,-20
 0> SPO2,166,115585,139061,-20.00,-20
 0> SPO2,167,115587,139054,-26.00,-20
 0> SPO2,168,115588,139043,-35.00,-20
 0> SPO2,169,115583,139044,-32.00,-20
 0> SPO2,170,115581,139045,-30.00,-20
 0> SPO2,171,115568,139035,-38.00,-20
 0> SPO2,172,115581,139041,-30.00,-20
 0> SPO2,173,115571,139043,-27.00,-20
 0> SPO2<info> app: ***********  Application started  ***********
 0> 
 0> <info> app: [OK] NRF Power ON 0x0002. 
 0> <info> app: Read MAC:D992B26C8203
 0> <info> app: ***********  Sensor initial ***********
 0> <info> app: [OK]	BMI160
 0> <info> app: [OK]	SETUP ACC
 0> <info> app: [OK]	SETUP STEP COUNT
 0> <info> app: [OK]	FLASH MEMORY
 0> <info> app: [OK]	Read and using configuration in flash memory
 0> <info> app: [OK]	Using queue setting from flash memory
 0> <info> app: gender in flash 1
 0> <info> app: [OK]	OLED Initial
 0> <info> app: [OK]	Max30102 Initial, Temperature 16.00
 0> <info> app: ********** End sensor initial *********
 0> 
 0> <info> app: Erase bonds!
 0> <info> app: BLE_ADV_EVT_FAST
 0> <info> app: advertising is started
 0> <info> app: [FALL] Device restart detected. It require setup timer from flash memory
 0> 
 0> <info> app: [OK]	FLASH MEMORY
 0> <info> app: [OK] Pedo data with pages 1305
 0> 
 0> <error> app: [OK] Unix Time in flash 1543911780
 0> <error> app: [OK] Unix Time in flash 1543911789
 0> <error> app: [OK] Unix Time in flash 1543911799
 0> <error> app: [OK] Unix Time in flash 1543911809
 0> <error> app: [OK] Unix Time in flash 1543911819
 0> <error> app: [OK] Unix Time in flash 1543911829
 0> <error> app: [OK] Unix Time in flash 1543911839
 0> <error> app: [OK] Unix Time in flash 1543911849

# Logging stopped @ 04 Dec 2018 15:22:04
