# SEGGER J-Link RTT Viewer V6.16a Terminal Log File
# Compiled: 12:44:10 on Jun  6 2017
# Logging started @ 04 Dec 2018 16:12:40
10> <info> app: BATT Reading...
10> <info> app: Left Press
10> <info> app: [OK]	Max30102 Already and background working is begin
10> 
10> <info> app: BATT Reading...
10> <info> app: [OK]	HR sample count 708
10> <info> app: Peak Index,
10> ,119,265,450,561,679
10> ,END Peak Index,<info> app: HR Index,
10> ,48,63,60<info> app: HR Mean 57 
10> <info> app: HR SD 6.48 
10> <info> app: ^_^ Final HR 57 
10> <info> app: SPO2 Peak Index,
10> 
10> ,26,48675,30,0
10> ,22,48694,0,16544
10> ,42,48718,37420,0
10> ,65134,48328,8192,16544
10> ,65269,48581,36084,0
10> ,65269,48652,8192,16544
10> ,65284,48647,36084,0
10> ,65295,48628,8192,16544
10> ,65253,48661,55184,0
10> ,65252,48644,8192,16544
10> ,65269,48663,17005,0
10> ,65244,48658,2,16544
10> ,65280,48680,30,0
10> ,65282,48684,0,16544
10> ,65261,48706,10,0
10> ,65269,48725,0,16544
10> ,65254,48732,0,0
10> ,END SPO2 Peak Index,
10> SPO2,0,114130,131107,10.00,0
10> SPO2,1,114145,131109,11.00,0
10> SPO2,2,114154,131120,22.00,0
10> SPO2,3,114145,131115,16.00,0
10> SPO2,4,114158,131110,10.00,0
10> SPO2,5,114158,131098,-2.00,0
10> SPO2,6,114169,131109,9.00,0
10> SPO2,7,114162,131109,8.00,0
10> SPO2,8,114174,131110,9.00,0
10> SPO2,9,114179,131114,12.00,0
10> SPO2,10,114182,131106,4.00,0
10> SPO2,11,114167,131091,-11.00,-20
10> SPO2,12,114179,131102,0.00,-20
10> SPO2,13,114187,131117,15.00,0
10> SPO2,14,114169,131105,2.00,0
10> SPO2,15,114177,131114,11.00,0
10> SPO2,16,114180,131098,-5.00,0
10> SPO2,17,114180,131095,-7.00,0
10> SPO2,18,114184,131104,1.00,0
10> SPO2,19,114177,131102,0.00,0
10> SPO2,20,114177,131100,-2.00,0
10> SPO2,21,114187,131099,-3.00,0
10> SPO2,22,114190,131084,-18.00,-20
10> SPO2,23,114179,131090,-11.00,-20
10> SPO2,24,114179,131094,-6.00,0
10> SPO2,25,114191,131100,0.00,0
10> SPO2,26,114187,131094,-6.00,0
10> SPO2,27,114193,131096,-4.00,0
10> SPO2,28,114196,131093,-6.00,0
10> SPO2,29,114197,131100,0.00,0
10> SPO2,30,114192,131080,-19.00,-20
10> SPO2,31,114184,131094,-4.00,0
10> SPO2,32,114175,131093,-5.00,0
10> SPO2,33,114192,131086,-12.00,0
10> SPO2,34,114201,131083,-14.00,-20
10> SPO2,35,114207,131099,2.00,0
10> SPO2,36,114198,131089,-7.00,0
10> SPO2,37,114200,131090,-6.00,0
10> SPO2,38,114191,131092,-4.00,0
10> SPO2,39,114217,131089,-6.00,0
10> SPO2,40,114206,131084,-11.00,0
10> SPO2,41,114216,131077,-18.00,-20
10> SPO2,42,114215,131090,-4.00,0
10> SPO2,43,114206,131091,-2.00,0
10> SPO2,44,114213,131098,4.00,0
10> SPO2,45,114204,131079,-14.00,0
10> SPO2,46,114221,131105,11.00,0
10> SPO2,47,114212,131091,-2.00,0
10> SPO2,48,114215,131090,-3.00,0
10> SPO2,49,114202,131090,-3.00,0
10> SPO2,50,114212,131089,-4.00,0
10> SPO2,51,114212,131078,-15.00,0
10> SPO2,52,114203,131096,3.00,0
10> SPO2,53,114208,131087,-5.00,0
10> SPO2,54,114211,131088,-4.00,0
10> SPO2,55,114212,131103,10.00,0
10> SPO2,56,114216,131086,-6.00,0
10> SPO2,57,114212,131089,-3.00,0
10> SPO2,58,114216,131082,-10.00,0
10> SPO2,59,114212,131092,0.00,0
10> SPO2,60,114215,131092,0.00,0
10> SPO2,61,114215,131088,-3.00,0
10> SPO2,62,114209,131084,-7.00,0
10> SPO2,63,114213,131100,8.00,20
10> SPO2,64,114207,131092,0.00,0
10> SPO2,65,114206,131084,-7.00,0
10> SPO2,66,114205,131098,6.00,0
10> SPO2,67,114210,131095,3.00,0
10> SPO2,68,114211,131098,6.00,0
10> SPO2,69,114203,131097,5.00,0
10> SPO2,70,114199,131093,0.00,0
10> SPO2,71,114206,131081,-11.00,0
10> SPO2,72,114202,131073,-18.00,-20
10> SPO2,73,114210,131080,-10.00,0
10> SPO2,74,114215,131092,1.00,0
10> SPO2,75,114214,131083,-7.00,0
10> SPO2,76,114217,131085,-4.00,0
10> SPO2,77,114212,131082,-7.00,0
10> SPO2,78,114212,131093,3.00,0
10> SPO2,79,114217,131082,-7.00,0
10> SPO2,80,114210,131089,0.00,0
10> SPO2,81,114212,131090,0.00,0
10> SPO2,82,114219,131091,1.00,0
10> SPO2,83,114210,131093,3.00,0
10> SPO2,84,114209,131092,2.00,0
10> SPO2,85,114214,131088,-1.00,0
10> SPO2,86,114217,131090,0.00,0
10> SPO2,87,114223,131095,5.00,20
10> SPO2,88,114211,131091,1.00,0
10> SPO2,89,114230,131094,4.00,0
10> SPO2,90,114205,131085,-5.00,-20
10> SPO2,91,114221,131096,6.00,20
10> SPO2,92,114221,131098,7.00,20
10> SPO2,93,114227,131103,12.00,20
10> SPO2,94,114218,131106,14.00,20
10> SPO2,95,114224,131096,4.00,0
10> SPO2,96,114223,131095,2.00,0
10> SPO2,97,114221,131111,18.00,20
10> SPO2,98,114219,131097,3.00,0
10> SPO2,99,114232,131104,10.00,20
10> SPO2,100,114218,131098,4.00,0
10> SPO2,101,114239,131105,10.00,20
10> SPO2,102,114219,131096,1.00,0
10> SPO2,103,114217,131098,3.00,0
10> SPO2,104,114234,131099,4.00,0
10> SPO2,105,114239,131114,18.00,20
10> SPO2,106,114230,131106,9.00,20
10> SPO2,107,114243,131094,-2.00,0
10> SPO2,108,114243,131099,2.00,0
10> SPO2,109,114241,131100,3.00,0
10> SPO2,110,114231,131105,8.00,0
10> SPO2,111,114245,131098,0.00,0
10> SPO2,112,114239,131108,10.00,0
10> SPO2,113,114244,131093,-4.00,0
10> SPO2,114,114249,131091,-6.00,0
10> SPO2,115,114254,131090,-7.00,0
10> SPO2,116,114242,131086,-10.00,0
10> SPO2,117,114248,131089,-7.00,0
10> SPO2,118,114245,131084,-11.00,0
10> SPO2,119,114254,131091,-4.00,0
10> SPO2,120,114252,131084,-11.00,0
10> SPO2,121,114248,131057,-37.00,-20
10> SPO2,122,114232,131046,-46.00,-20
10> SPO2,123,114204,131025,-65.00,-20
10> SPO2,124,114205,130997,-90.00,-20
10> SPO2,125,114183,130961,-121.00,-20
10> SPO2,126,114182,130945,-131.00,-20
10> SPO2,127,114172,130922,-147.00,-20
10> SPO2,128,114164,130902,-160.00,-20
10> SPO2,129,114129,130888,-166.00,-20
10> SPO2,130,114134,130872,-174.00,-20
10> SPO2,131,114123,130825,-212.00,-20
10> SPO2,132,114115,130817,-209.00,-20
10> SPO2,133,114081,130802,-214.00,-20
10> SPO2,134,114086,130777,-228.00,-20
10> SPO2,135,114064,130761,-233.00,-20
10> SPO2,136,114065,130748,-234.00,-20
10> SPO2,137,114046,130726,-244.00,-20
10> SPO2,138,114029,130714,-244.00,-20
10> SPO2,139,114021,130689,-257.00,-20
10> SPO2,140,114005,130670,-263.00,-20
10> SPO2,141,114007,130662,-258.00,-20
10> SPO2,142,113986,130636,-271.00,-20
10> SPO2,143,113978,130620,-273.00,-20
10> SPO2,144,113970,130608,-272.00,-20
10> SPO2,145,113966,130607,-259.00,-20
10> SPO2,146,113960,130574,-279.00,-20
10> SPO2,147,113955,130574,-265.00,-20
10> SPO2,148,113951,130583,-243.00,-20
10> SPO2,149,113940,130559,-255.00,-20
10> SPO2,150,113937,130552,-249.00,-20
10> SPO2,151,113940,130545,-243.00,-20
10> SPO2,152,113930,130547,-229.00,-20
10> SPO2,153,113926,130539,-226.00,-20
10> SPO2,154,113916,130550,-203.00,-20
10> SPO2,155,113922,130521,-222.00,-20
10> SPO2,156,113917,130517,-215.00,-20
10> SPO2,157,113916,130526,-195.00,-20
10> SPO2,158,113915,130520,-192.00,-20
10> SPO2,159,113899,130501,-201.00,-20
10> SPO2,160,113884,130498,-194.00,-20
10> SPO2,161,113885,130483,-199.00,-20
10> SPO2,162,113893,130499,-173.00,-20
10> SPO2,163,113879,130495,-168.00,-20
10> SPO2,164,113887,130478,-177.00,-20
10> SPO2,165,113893,130488,-158.00,-20
10> SPO2,166,113881,130484,-154.00,-20
10> SPO2,167,113866,130481,-149.00,-20
10> SPO2,168,113867,130487,-136.00,-20
10> SPO2,169,113870,130468,-148.00,-20
10> SPO2,170,113854,130481,-128.00,-20
10> SPO2,171,113855,130470,-132.00,-20
10> SPO2,172,113858,130468,-128.00,-20
10> SPO2,173,113837,130467,-122.00,-20
10> SPO2,174,113817,130464,-119.00,-20
10> SPO2,175,113817,130464,-113.00,-20
10> SPO2,176,113801,130439,-132.00,-20
10> SPO2,177,113802,130438,-127.00,-20
10> SPO2,178,113774,130438,-120.00,-20
10> SPO2,179,113769,130430,-122.00,-20
10> SPO2,180,113749,130427,-119.00,-20
10> SPO2,181,113747,130429,-111.00,-20
10> SPO2,182,113750,130427,-108.00,-20
10> SPO2,183,113722,130423,-106.00,-20
10> SPO2,184,113702,130425,-99.00,-20
10> SPO2,185,113712,130431,-88.00,-20
10> SPO2,186,113697,130427,-88.00,-20
10> SPO2,187,113682,130428,-82.00,-20
10> SPO2,188,113667,130409,-97.00,-20
10> SPO2,189,113670,130416,-85.00,-20
10> SPO2,190,113657,130423,-74.00,-20
10> SPO2,191,113651,130412,-81.00,-20
10> SPO2,192,113636,130401,-88.00,-20
10> SPO2,193,113645,130420,-65.00,-20
10> SPO2,194,113628,130406,-75.00,-20
10> SPO2,195,113631,130410,-68.00,-20
10> SPO2,196,113625,130413,-61.00,-20
10> SPO2,197,113633,130416,-55.00,-20
10> SPO2,198,113624,130412,-56.00,-20
10> SPO2,199,113621,130422,-43.00,-20
10> SPO2,200,113635,130423,-40.00,-20
10> SPO2,201,113640,130426,-35.00,-20
10> SPO2,202,113635,130432,-27.00,-20
10> SPO2,203,113645,130446,-12.00,-20
10> SPO2,204,113661,130440,-17.00,-20
10> SPO2,205,113666,130441,-16.00,-20
10> SPO2,206,113665,130462,5.00,0
10> SPO2,207,113678,130455,-1.00,0
10> SPO2,208,113679,130477,20.00,20
10> SPO2,209,113688,130482,24.00,20
10> SPO2,210,113704,130484,25.00,20
10> SPO2,211,113699,130486,26.00,20
10> SPO2,212,113718,130504,42.00,20
10> SPO2,213,113712,130495,31.00,20
10> SPO2,214,113716,130506,41.00,20
10> SPO2,215,113722,130515,47.00,20
10> SPO2,216,113735,130517,47.00,20
10> SPO2,217,113748,130533,61.00,20
10> SPO2,218,113745,130534,59.00,20
10> SPO2,219,113748,130548,70.00,20
10> SPO2,220,113774,130551,69.00,20
10> SPO2,221,113782,130561,76.00,20
10> SPO2,222,113787,130577,88.00,20
10> SPO2,223,113795,130594,100.00,20
10> SPO2,224,113793,130593,94.00,20
10> SPO2,225,113805,130602,99.00,20
10> SPO2,226,113816,130598,90.00,0
10> SPO2,227,113808,130611,98.00,0
10> SPO2,228,113819,130631,113.00,20
10> SPO2,229,113831,130628,105.00,0
10> SPO2,230,113833,130637,108.00,0
10> SPO2,231,113855,130645,111.00,0
10> SPO2,232,113847,130645,105.00,0
10> SPO2,233,113861,130656,111.00,0
10> SPO2,234,113848,130668,117.00,20
10> SPO2,235,113859,130670,114.00,0
10> SPO2,236,113864,130664,102.00,-20
10> SPO2,237,113882,130672,105.00,0
10> SPO2,238,113870,130674,101.00,-20
10> SPO2,239,113870,130677,99.00,-20
10> SPO2,240,113873,130693,110.00,0
10> SPO2,241,113877,130666,78.00,-20
10> SPO2,242,113893,130684,92.00,-20
10> SPO2,243,113878,130698,101.00,0
10> SPO2,244,113888,130695,93.00,0
10> SPO2,245,113912,130700,94.00,0
10> SPO2,246,113895,130716,105.00,0
10> SPO2,247,113901,130720,104.00,0
10> SPO2,248,113901,130709,87.00,0
10> SPO2,249,113909,130700,74.00,-20
10> SPO2,250,113914,130711,81.00,0
10> SPO2,251,113928,130710,76.00,0
10> SPO2,252,113924,130718,80.00,0
10> SPO2,253,113921,130727,85.00,0
10> SPO2,254,113919,130724,78.00,0
10> SPO2,255,113930,130735,85.00,0
10> SPO2,256,113938,130732,78.00,0
10> SPO2,257,113945,130723,65.00,-20
10> SPO2,258,113932,130746,85.00,0
10> SPO2,259,113950,130732,66.00,-20
10> SPO2,260,113951,130740,71.00,0
10> SPO2,261,113958,130739,66.00,-20
10> SPO2,262,113951,130736,60.00,-20
10> SPO2,263,113972,130725,46.00,-20
10> SPO2,264,113965,130748,67.00,0
10> SPO2,265,113985,130749,64.00,0
10> SPO2,266,113974,130758,70.00,0
10> SPO2,267,113980,130754,63.00,0
10> SPO2,268,113974,130760,65.00,0
10> SPO2,269,113990,130760,62.00,0
10> SPO2,270,113987,130753,52.00,-20
10> SPO2,271,113990,130762,58.00,0
10> SPO2,272,114003,130765,58.00,0
10> SPO2,273,114008,130764,54.00,-20
10> SPO2,274,114007,130758,46.00,-20
10> SPO2,275,113992,130757,42.00,-20
10> SPO2,276,114007,130768,51.00,0
10> SPO2,277,114006,130765,46.00,0
10> SPO2,278,114017,130766,44.00,-20
10> SPO2,279,114012,130771,47.00,0
10> SPO2,280,114026,130781,55.00,0
10> SPO2,281,114022,130767,38.00,-20
10> SPO2,282,114032,130763,32.00,-20
10> SPO2,283,114033,130757,24.00,-20
10> SPO2,284,114039,130770,36.00,0
10> SPO2,285,114045,130773,37.00,0
10> SPO2,286,114030,130767,29.00,0
10> SPO2,287,114061,130760,21.00,-20
10> SPO2,288,114049,130760,20.00,-20
10> SPO2,289,114057,130776,35.00,0
10> SPO2,290,114073,130783,40.00,0
10> SPO2,291,114069,130772,27.00,0
10> SPO2,292,114067,130773,27.00,0
10> SPO2,293,114060,130762,14.00,0
10> SPO2,294,114071,130767,19.00,0
10> SPO2,295,114063,130780,31.00,0
10> SPO2,296,114084,130760,9.00,0
10> SPO2,297,114087,130768,17.00,0
10> SPO2,298,114079,130775,23.00,0
10> SPO2,299,114097,130773,20.00,0
10> SPO2,300,114081,130776,22.00,0
10> SPO2,301,114087,130768,12.00,0
10> SPO2,302,114106,130787,31.00,0
10> SPO2,303,114100,130766,8.00,0
10> SPO2,304,114086,130765,7.00,0
10> SPO2,305,114096,130779,20.00,0
10> SPO2,306,114097,130777,17.00,0
10> SPO2,307,114094,130782,22.00,0
10> SPO2,308,114094,130784,22.00,0
10> SPO2,309,114109,130785,22.00,0
10> SPO2,310,114123,130786,22.00,0
10> SPO2,311,114108,130793,28.00,20
10> SPO2,312,114110,130797,31.00,20
10> SPO2,313,114117,130789,21.00,0
10> SPO2,314,114116,130805,36.00,20
10> SPO2,315,114110,130778,7.00,-20
10> SPO2,316,114119,130783,12.00,-20
10> SPO2,317,114122,130793,21.00,0
10> SPO2,318,114126,130788,15.00,0
10> SPO2,319,114121,130775,1.00,-20
10> SPO2,320,114119,130788,14.00,0
10> SPO2,321,114138,130791,16.00,0
10> SPO2,322,114115,130786,11.00,0
10> SPO2,323,114134,130780,4.00,-20
10> SPO2,324,114141,130793,17.00,0
10> SPO2,325,114138,130795,18.00,0
10> SPO2,326,114148,130797,19.00,0
10> SPO2,327,114143,130796,17.00,0
10> SPO2,328,114148,130806,26.00,0
10> SPO2,329,114155,130782,1.00,-20
10> SPO2,330,114154,130793,12.00,0
10> SPO2,331,114159,130794,12.00,0
10> SPO2,332,114156,130800,18.00,0
10> SPO2,333,114150,130800,17.00,0
10> SPO2,334,114155,130791,7.00,0
10> SPO2,335,114163,130798,13.00,0
10> SPO2,336,114151,130797,12.00,0
10> SPO2,337,114156,130798,12.00,0
10> SPO2,338,114162,130796,9.00,0
10> SPO2,339,114158,130778,-8.00,-20
10> SPO2,340,114170,130808,21.00,20
10> SPO2,341,114173,130791,3.00,0
10> SPO2,342,114168,130791,3.00,0
10> SPO2,343,114159,130788,0.00,0
10> SPO2,344,114161,130796,8.00,0
10> SPO2,345,114172,130795,6.00,0
10> SPO2,346,114170,130804,15.00,20
10> SPO2,347,114169,130786,-3.00,0
10> SPO2,348,114172,130793,4.00,0
10> SPO2,349,114173,130805,15.00,0
10> SPO2,350,114188,130788,-1.00,0
10> SPO2,351,114158,130771,-18.00,-20
10> SPO2,352,114171,130786,-2.00,0
10> SPO2,353,114168,130792,3.00,0
10> SPO2,354,114159,130777,-11.00,0
10> SPO2,355,114188,130781,-7.00,0
10> SPO2,356,114173,130785,-2.00,0
10> SPO2,357,114169,130782,-5.00,0
10> SPO2,358,114162,130787,0.00,0
10> SPO2,359,114148,130783,-4.00,0
10> SPO2,360,114177,130778,-9.00,0
10> SPO2,361,114177,130782,-4.00,0
10> SPO2,362,114178,130782,-4.00,0
10> SPO2,363,114169,130775,-11.00,0
10> SPO2,364,114176,130790,4.00,20
10> SPO2,365,114166,130782,-3.00,0
10> SPO2,366,114167,130789,3.00,0
10> SPO2,367,114162,130778,-7.00,0
10> SPO2,368,114163,130783,-2.00,0
10> SPO2,369,114164,130779,-6.00,0
10> SPO2,370,114179,130786,0.00,0
10> SPO2,371,114183,130786,0.00,0
10> SPO2,372,114177,130788,2.00,0
10> SPO2,373,114176,130783,-2.00,0
10> SPO2,374,114169,130796,10.00,20
10> SPO2,375,114163,130790,4.00,0
10> SPO2,376,114149,130788,2.00,0
10> SPO2,377,114171,130789,2.00,0
10> SPO2,378,114154,130782,-4.00,0
10> SPO2,379,114153,130792,5.00,0
10> SPO2,380,114155,130786,0.00,0
10> SPO2,381,114154,130789,2.00,0
10> SPO2,382,114142,130787,0.00,0
10> SPO2,383,114142,130784,-2.00,0
10> SPO2,384,114150,130793,6.00,0
10> SPO2,385,114158,130783,-3.00,0
10> SPO2,386,114146,130797,10.00,20
10> SPO2,387,114144,130787,0.00,0
10> SPO2,388,114137,130793,5.00,0
10> SPO2,389,114137,130799,11.00,20
10> SPO2,390,114150,130788,0.00,0
10> SPO2,391,114147,130786,-1.00,0
10> SPO2,392,114145,130789,1.00,0
10> SPO2,393,114131,130803,15.00,20
10> SPO2,394,114143,130788,0.00,0
10> SPO2,395,114131,130793,4.00,0
10> SPO2,396,114141,130799,10.00,20
10> SPO2,397,114139,130802,12.00,20
10> SPO2,398,114137,130794,4.00,0
10> SPO2,399,114136,130804,13.00,20
10> SPO2,400,114133,130816,25.00,20
10> SPO2,401,114138,130801,8.00,0
10> SPO2,402,114135,130792,0.00,0
10> SPO2,403,114125,130801,8.00,0
10> SPO2,404,114117,130794,1.00,0
10> SPO2,405,114127,130791,-1.00,0
10> SPO2,406,114123,130803,10.00,0
10> SPO2,407,114127,130797,3.00,0
10> SPO2,408,114129,130820,26.00,20
10> SPO2,409,114119,130799,4.00,0
10> SPO2,410,114124,130800,4.00,0
10> SPO2,411,114129,130812,16.00,20
10> SPO2,412,114125,130805,8.00,0
10> SPO2,413,114125,130807,10.00,0
10> SPO2,414,114120,130796,-1.00,-20
10> SPO2,415,114132,130791,-6.00,-20
10> SPO2,416,114115,130809,12.00,0
10> SPO2,417,114130,130806,8.00,0
10> SPO2,418,114128,130810,12.00,0
10> SPO2,419,114118,130807,8.00,0
10> SPO2,420,114136,130807,8.00,0
10> SPO2,421,114133,130807,7.00,0
10> SPO2,422,114127,130806,6.00,0
10> SPO2,423,114120,130799,0.00,-20
10> SPO2,424,114140,130806,6.00,0
10> SPO2,425,114151,130804,3.00,0
10> SPO2,426,114143,130803,2.00,-20
10> SPO2,427,114145,130828,27.00,20
10> SPO2,428,114148,130819,17.00,20
10> SPO2,429,114147,130814,11.00,0
10> SPO2,430,114141,130815,11.00,0
10> SPO2,431,114163,130810,6.00,0
10> SPO2,432,114145,130823,18.00,0
10> SPO2,433,114140,130831,25.00,20
10> SPO2,434,114147,130808,1.00,0
10> SPO2,435,114147,130813,6.00,0
10> SPO2,436,114148,130815,8.00,0
10> SPO2,437,114152,130818,10.00,0
10> SPO2,438,114149,130821,13.00,0
10> SPO2,439,114154,130816,7.00,0
10> SPO2,440,114146,130814,5.00,0
10> SPO2,441,114148,130828,18.00,20
10> SPO2,442,114163,130822,11.00,0
10> SPO2,443,114159,130827,16.00,0
10> SPO2,444,114164,130805,-6.00,-20
10> SPO2,445,114163,130823,11.00,0
10> SPO2,446,114150,130816,4.00,0
10> SPO2,447,114170,130809,-2.00,-20
10> SPO2,448,114163,130820,8.00,0
10> SPO2,449,114160,130809,-3.00,0
10> SPO2,450,114143,130815,2.00,0
10> SPO2,451,114150,130805,-7.00,0
10> SPO2,452,114147,130804,-7.00,0
10> SPO2,453,114157,130793,-18.00,-20
10> SPO2,454,114164,130810,0.00,0
10> SPO2,455,114152,130796,-14.00,0
10> SPO2,456,114148,130797,-12.00,0
10> SPO2,457,114153,130795,-14.00,0
10> SPO2,458,114143,130787,-21.00,0
10> SPO2,459,114149,130793,-14.00,0
10> SPO2,460,114162,130796,-10.00,0
10> SPO2,461,114157,130795,-11.00,0
10> SPO2,462,114155,130798,-7.00,0
10> SPO2,463,114147,130794,-11.00,0
10> SPO2,464,114170,130795,-9.00,0
10> SPO2,465,114167,130790,-14.00,0
10> SPO2,466,114157,130788,-15.00,-20
10> SPO2,467,114174,130787,-15.00,0
10> SPO2,468,114171,130791,-10.00,0
10> SPO2,469,114166,130777,-24.00,0
10> SPO2,470,114163,130795,-5.00,0
10> SPO2,471,114174,130775,-24.00,0
10> SPO2,472,114172,130797,-1.00,0
10> SPO2,473,114168,130794,-4.00,0
10> SPO2,474,114169,130781,-17.00,0
10> SPO2,475,114168,130787,-10.00,0
10> SPO2,476,114181,130767,-29.00,0
10> SPO2,477,114171,130778,-17.00,0
10> SPO2,478,114171,130779,-15.00,0
10> SPO2,479,114167,130780,-13.00,0
10> SPO2,480,114159,130774,-19.00,0
10> SPO2,481,114170,130779,-13.00,0
10> SPO2,482,114165,130775,-16.00,0
10> SPO2,483,114182,130765,-25.00,-20
10> SPO2,484,114172,130774,-15.00,0
10> SPO2,485,114181,130774,-14.00,0
10> SPO2,486,114169,130778,-9.00,0
10> SPO2,487,114174,130767,-20.00,0
10> SPO2,488,114180,130761,-25.00,0
10> SPO2,489,114177,130774,-11.00,0
10> SPO2,490,114176,130783,-1.00,20
10> SPO2,491,114177,130784,0.00,0
10> SPO2,492,114185,130784,0.00,0
10> SPO2,493,114176,130773,-11.00,0
10> SPO2,494,114175,130781,-2.00,0
10> SPO2,495,114180,130777,-6.00,0
10> SPO2,496,114173,130786,2.00,0
10> SPO2,497,114193,130787,3.00,0
10> SPO2,498,114184,130780,-3.00,0
10> SPO2,499,114178,130786,2.00,0
10> SPO2,500,114191,130782,-1.00,0
10> SPO2,501,114180,130789,5.00,0
10> SPO2,502,114184,130785,1.00,0
10> SPO2,503,114197,130772,-11.00,-20
10> SPO2,504,114188,130787,3.00,0
10> SPO2,505,114178,130775,-8.00,-20
10> SPO2,506,114196,130783,0.00,0
10> SPO2,507,114187,130791,7.00,0
10> SPO2,508,114179,130790,6.00,20
10> SPO2,509,114168,130788,4.00,0
10> SPO2,510,114180,130778,-5.00,-20
10> SPO2,511,114186,130803,19.00,20
10> SPO2,512,114185,130786,1.00,0
10> SPO2,513,114180,130784,0.00,0
10> SPO2,514,114177,130792,7.00,0
10> SPO2,515,114171,130803,17.00,20
10> SPO2,516,114185,130784,-1.00,0
10> SPO2,517,114178,130786,0.00,0
10> SPO2,518,114199,130789,3.00,0
10> SPO2,519,114180,130805,18.00,20
10> SPO2,520,114188,130786,0.00,0
10> SPO2,521,114181,130794,7.00,0
10> SPO2,522,114187,130780,-7.00,-20
10> SPO2,523,114181,130786,0.00,0
10> SPO2,524,114196,130802,15.00,20
10> SPO2,525,114194,130780,-7.00,-20
10> SPO2,526,114185,130800,12.00,20
10> SPO2,527,114198,130809,21.00,20
10> SPO2,528,114200,130804,15.00,20
10> SPO2,529,114197,130811,21.00,20
10> SPO2,530,114203,130801,10.00,0
10> SPO2,531,114199,130791,0.00,0
10> SPO2,532,114216,130816,24.00,20
10> SPO2,533,114198,130805,12.00,0
10> SPO2,534,114211,130789,-4.00,-20
10> SPO2,535,114203,130797,4.00,0
10> SPO2,536,114209,130797,3.00,0
10> SPO2,537,114197,130808,14.00,0
10> SPO2,538,114198,130811,16.00,20
10> SPO2,539,114219,130818,23.00,20
10> SPO2,540,114206,130809,12.00,0
10> SPO2,541,114203,130805,8.00,0
10> SPO2,542,114206,130818,20.00,0
10> SPO2,543,114209,130810,11.00,0
10> SPO2,544,114194,130812,13.00,0
10> SPO2,545,114218,130816,16.00,0
10> SPO2,546,114212,130807,6.00,0
10> SPO2,547,114217,130808,7.00,0
10> SPO2,548,114209,130807,6.00,0
10> SPO2,549,114212,130815,13.00,0
10> SPO2,550,114220,130814,12.00,0
10> SPO2,551,114217,130814,11.00,0
10> SPO2,552,114207,130814,10.00,0
10> SPO2,553,114205,130815,11.00,0
10> SPO2,554,114207,130799,-5.00,-20
10> SPO2,555,114212,130796,-7.00,-20
10> SPO2,556,114222,130800,-3.00,-20
10> SPO2,557,114212,130799,-4.00,-20
10> SPO2,558,114218,130800,-3.00,0
10> SPO2,559,114216,130799,-4.00,0
10> SPO2,560,114217,130791,-11.00,-20
10> SPO2,561,114217,130793,-9.00,-20
10> SPO2,562,114215,130794,-7.00,0
10> SPO2,563,114213,130799,-2.00,0
10> SPO2,564,114207,130793,-8.00,0
10> SPO2,565,114215,130785,-15.00,-20
10> SPO2,566,114216,130790,-10.00,0
10> SPO2,567,114204,130791,-8.00,0
10> SPO2,568,114208,130792,-7.00,0
10> SPO2,569,114221,130780,-18.00,0
10> SPO2,570,114222,130792,-5.00,0
10> SPO2,571,114220,130798,0.00,0
10> SPO2,572,114226,130793,-4.00,0
10> SPO2,573,114231,130786,-11.00,0
10> SPO2,574,114226,130788,-8.00,0
10> SPO2,575,114230,130774,-22.00,0
10> SPO2,576,114221,130790,-5.00,0
10> SPO2,577,114224,130774,-20.00,0
10> SPO2,578,114228,130782,-11.00,0
10> SPO2,579,114226,130778,-15.00,0
10> SPO2,580,114216,130774,-18.00,0
10> SPO2,581,114232,130784,-7.00,0
10> SPO2,582,114234,130769,-22.00,0
10> SPO2,583,114226,130789,-1.00,20
10> SPO2,584,114235,130778,-12.00,0
10> SPO2,585,114221,130781,-8.00,0
10> SPO2,586,114228,130776,-13.00,0
10> SPO2,587,114238,130777,-11.00,0
10> SPO2,588,114240,130760,-27.00,0
10> SPO2,589,114235,130779,-7.00,0
10> SPO2,590,114233,130784,-2.00,0
10> SPO2,591,114239,130772,-13.00,0
10> SPO2,592,114232,130767,-18.00,0
10> SPO2,593,114236,130780,-4.00,0
10> SPO2,594,114242,130771,-13.00,0
10> SPO2,595,114233,130762,-21.00,0
10> SPO2,596,114220,130757,-25.00,0
10> SPO2,597,114224,130763,-18.00,0
10> SPO2,598,114228,130770,-10.00,0
10> SPO2,599,114223,130771,-8.00,0
10> SPO2,600,114229,130755,-24.00,0
10> SPO2,601,114228,130759,-19.00,0
10> SPO2,602,114237,130758,-19.00,0
10> SPO2,603,114219,130770,-6.00,0
10> SPO2,604,114234,130761,-14.00,0
10> SPO2,605,114234,130764,-11.00,0
10> SPO2,606,114227,130752,-22.00,0
10> SPO2,607,114232,130757,-16.00,0
10> SPO2,608,114215,130763,-9.00,0
10> SPO2,609,114228,130765,-7.00,0
10> SPO2,610,114214,130767,-4.00,0
10> SPO2,611,114221,130762,-9.00,0
10> SPO2,612,114211,130759,-12.00,0
10> SPO2,613,114227,130778,7.00,20
10> SPO2,614,114239,130774,3.00,20
10> SPO2,615,114223,130776,5.00,0
10> SPO2,616,114234,130753,-18.00,0
10> SPO2,617,114222,130765,-5.00,0
10> SPO2,618,114232,130772,1.00,0
10> SPO2,619,114221,130776,5.00,0
10> SPO2,620,114210,130767,-3.00,0
10> SPO2,621,114230,130775,4.00,0
10> SPO2,622,114213,130769,-1.00,0
10> SPO2,623,114220,130767,-3.00,0
10> SPO2,624,114225,130775,4.00,0
10> SPO2,625,114203,130778,7.00,0
10> SPO2,626,114214,130771,0.00,0
10> SPO2,627,114216,130768,-2.00,0
10> SPO2,628,114211,130766,-4.00,0
10> SPO2,629,114226,130782,11.00,0
10> SPO2,630,114205,130770,-1.00,0
10> SPO2,631,114212,130768,-3.00,0
10> SPO2,632,114207,130774,3.00,0
10> SPO2,633,114215,130775,3.00,0
10> SPO2,634,114220,130765,-6.00,0
10> SPO2,635,114224,130780,9.00,0
10> SPO2,636,114228,130788,16.00,20
10> SPO2,637,114231,130776,3.00,0
10> SPO2,638,114226,130772,0.00,0
10> SPO2,639,114213,130778,5.00,0
10> SPO2,640,114226,130797,24.00,20
10> SPO2,641,114236,130791,17.00,20
10> SPO2,642,114220,130783,8.00,0
10> SPO2,643,114235,130792,16.00,0
10> SPO2,644,114229,130789,13.00,0
10> SPO2,645,114233,130788,11.00,0
10> SPO2,646,114238,130770,-7.00,-20
10> SPO2,647,114225,130774,-2.00,-20
10> SPO2,648,114236,130786,9.00,0
10> SPO2,649,114246,130780,2.00,0
10> SPO2,650,114239,130798,20.00,20
10> SPO2,651,114251,130783,4.00,0
10> SPO2,652,114251,130794,15.00,20
10> SPO2,653,114239,130787,7.00,0
10> SPO2,654,114239,130782,2.00,0
10> SPO2,655,114235,130785,5.00,0
10> SPO2,656,114236,130787,6.00,0
10> SPO2,657,114251,130783,2.00,0
10> SPO2,658,114237,130785,4.00,0
10> SPO2,659,114230,130786,5.00,0
10> SPO2,660,114238,130782,0.00,0
10> SPO2,661,114250,130795,13.00,20
10> SPO2,662,114241,130792,10.00,20
10> SPO2,663,114240,130787,4.00,0
10> SPO2,664,114243,130785,2.00,0
10> SPO2,665,114241,130785,2.00,0
10> SPO2,666,114249,130803,20.00,20
10> SPO2,667,114256,130790,6.00,0
10> SPO2,668,114252,130785,0.00,0
10> SPO2,669,114250,130793,8.00,0
10> SPO2,670,114255,130805,20.00,20
10> SPO2,671,114250,130783,-2.00,0
10> SPO2,672,114255,130788,2.00,0
10> SPO2,673,114258,130783,-2.00,0
10> SPO2,674,114261,130781,-4.00,0
10> SPO2,675,114255,130773,-12.00,-20
10> SPO2,676,114252,130778,-6.00,0
10> SPO2,677,114251,130770,-14.00,-20
10> SPO2,678,114261,130761,-22.00,-20
10> SPO2,679,114237,130782,0.00,0
10> SPO2,680,114247,130771,-11.00,0
10> SPO2,681,114252,130784,2.00,0
10> SPO2,682,114255,130766,-15.00,0
10> SPO2,683,114261,130777,-4.00,0
10> SPO2,684,114259,130777,-3.00,0
10> SPO2,685,114260,130764,-16.00,0
10> SPO2,686,114244,130768,-11.00,0
10> SPO2,687,114264,130763,-16.00,0
10> SPO2,688,114275,130777,-1.00,0
10> SPO2,689,114265,130777,-1.00,0
10> SPO2,690,114273,130770,-8.00,0
10> SPO2,691,114270,130770,-7.00,0
10> SPO2,692,114276,130785,7.00,0
10> SPO2,693,114266,130776,-1.00,0
10> SPO2,694,114262,130774,-3.00,0
10> SPO2,695,114269,130773,-4.00,0
10> SPO2,696,114268,130771,-6.00,0
10> SPO2,697,114263,130783,5.00,0
10> SPO2,698,114280,130792,14.00,20
10> SPO2,699,114265,130790,11.00,20
10> SPO2,700,114268,130784,5.00,0
10> SPO2,701,114268,130780,1.00,0
10> SPO2,702,114263,130778,-1.00,0
10> SPO2,703,114253,130762,-16.00,-20
10> SPO2,704,114260,130791,12.00,0
10> SPO2,705,114263,130791,12.00,0
10> SPO2,706,114285,130791,11.00,0
10> SPO2,707,114278,130791,11.00,0<info> app: BATT Reading...
10> <info> app: [OK]	LED Power 125
10> <info> app: [OK]	HR sample count 707
10> <info> app: Peak Index,
10> ,39,159,263,374,459,577,687
10> ,END Peak Index,<info> app: HR Index,
10> ,59,68,63,83,60,64<info> app: HR Mean 66 
10> <info> app: HR SD 8.07 
10> <info> app: ^_^ Final HR 63 
10> <info> app: SPO2 Peak Index,
10> 
10> ,61969,45770,30,0
10> ,61989,45780,0,16640
10> ,61997,45773,37420,0
10> ,61984,45771,8192,16640
10> ,61998,45791,36084,0
10> ,62019,45797,8192,16656
10> ,62017,45793,36084,0
10> ,62024,45822,8192,16656
10> ,62032,45809,55184,0
10> ,62054,45813,8192,16656
10> ,62026,45774,17005,0
10> ,62015,45769,2,16656
10> ,62070,45829,30,0
10> ,61967,45696,0,16672
10> ,62069,45569,10,0
10> ,62113,45712,0,16672
10> ,62125,45741,0,0
10> ,62106,45742,0,16672
10> ,62124,45729,19669,0
10> ,62154,45764,3,16672
10> ,END SPO2 Peak Index,
10> SPO2,0,111310,127522,27.00,0
10> SPO2,1,111313,127518,22.00,0
10> SPO2,2,111320,127521,24.00,0
10> SPO2,3,111309,127517,19.00,0
10> SPO2,4,111317,127515,16.00,0
10> SPO2,5,111308,127532,32.00,0
10> SPO2,6,111309,127515,13.00,0
10> SPO2,7,111318,127516,14.00,0
10> SPO2,8,111313,127518,15.00,0
10> SPO2,9,111311,127516,12.00,0
10> SPO2,10,111310,127519,14.00,0
10> SPO2,11,111316,127511,6.00,0
10> SPO2,12,111316,127523,17.00,20
10> SPO2,13,111306,127505,0.00,-20
10> SPO2,14,111313,127512,6.00,0
10> SPO2,15,111311,127521,14.00,0
10> SPO2,16,111310,127512,5.00,0
10> SPO2,17,111303,127516,8.00,0
10> SPO2,18,111303,127527,19.00,20
10> SPO2,19,111299,127517,8.00,0
10> SPO2,20,111316,127525,15.00,0
10> SPO2,21,111299,127514,4.00,0
10> SPO2,22,111306,127502,-8.00,-20
10> SPO2,23,111310,127521,11.00,0
10> SPO2,24,111293,127517,6.00,0
10> SPO2,25,111317,127516,5.00,0
10> SPO2,26,111308,127524,13.00,0
10> SPO2,27,111307,127500,-11.00,-20
10> SPO2,28,111296,127527,16.00,0
10> SPO2,29,111314,127520,8.00,0
10> SPO2,30,111308,127535,22.00,20
10> SPO2,31,111295,127533,19.00,0
10> SPO2,32,111309,127531,16.00,0
10> SPO2,33,111300,127515,0.00,0
10> SPO2,34,111301,127526,10.00,0
10> SPO2,35,111298,127516,0.00,0
10> SPO2,36,111293,127523,7.00,0
10> SPO2,37,111291,127511,-5.00,0
10> SPO2,38,111294,127512,-3.00,0
10> SPO2,39,111300,127511,-4.00,0
10> SPO2,40,111308,127517,1.00,0
10> SPO2,41,111294,127508,-7.00,0
10> SPO2,42,111297,127526,10.00,0
10> SPO2,43,111292,127495,-20.00,-20
10> SPO2,44,111296,127506,-8.00,0
10> SPO2,45,111306,127505,-9.00,0
10> SPO2,46,111283,127507,-6.00,0
10> SPO2,47,111297,127517,3.00,0
10> SPO2,48,111296,127505,-8.00,0
10> SPO2,49,111299,127501,-12.00,0
10> SPO2,50,111290,127511,-1.00,0
10> SPO2,51,111293,127506,-6.00,0
10> SPO2,52,111289,127494,-18.00,0
10> SPO2,53,111301,127510,-1.00,0
10> SPO2,54,111300,127492,-19.00,0
10> SPO2,55,111294,127498,-12.00,0
10> SPO2,56,111299,127516,6.00,0
10> SPO2,57,111300,127498,-11.00,0
10> SPO2,58,111291,127498,-11.00,0
10> SPO2,59,111297,127496,-12.00,0
10> SPO2,60,111290,127508,0.00,0
10> SPO2,61,111283,127492,-16.00,0
10> SPO2,62,111294,127497,-10.00,0
10> SPO2,63,111287,127506,0.00,0
10> SPO2,64,111302,127500,-6.00,0
10> SPO2,65,111288,127493,-13.00,0
10> SPO2,66,111293,127503,-2.00,0
10> SPO2,67,111295,127499,-6.00,0
10> SPO2,68,111296,127497,-8.00,0
10> SPO2,69,111306,127499,-5.00,0
10> SPO2,70,111298,127500,-4.00,0
10> SPO2,71,111300,127501,-3.00,0
10> SPO2,72,111301,127502,-2.00,0
10> SPO2,73,111295,127489,-15.00,-20
10> SPO2,74,111300,127494,-9.00,0
10> SPO2,75,111284,127511,8.00,0
10> SPO2,76,111281,127496,-7.00,0
10> SPO2,77,111271,127513,10.00,0
10> SPO2,78,111279,127502,-1.00,0
10> SPO2,79,111286,127500,-3.00,0
10> SPO2,80,111269,127518,14.00,0
10> SPO2,81,111261,127516,12.00,0
10> SPO2,82,111273,127504,0.00,0
10> SPO2,83,111275,127514,9.00,0
10> SPO2,84,111270,127501,-3.00,0
10> SPO2,85,111252,127505,0.00,0
10> SPO2,86,111254,127507,2.00,0
10> SPO2,87,111272,127514,9.00,0
10> SPO2,88,111263,127517,11.00,0
10> SPO2,89,111277,127496,-9.00,0
10> SPO2,90,111260,127506,0.00,0
10> SPO2,91,111279,127506,0.00,0
10> SPO2,92,111284,127502,-3.00,0
10> SPO2,93,111294,127505,0.00,0
10> SPO2,94,111287,127514,8.00,0
10> SPO2,95,111300,127516,10.00,20
10> SPO2,96,111291,127514,7.00,0
10> SPO2,97,111302,127510,3.00,0
10> SPO2,98,111299,127513,6.00,0
10> SPO2,99,111307,127520,12.00,0
10> SPO2,100,111307,127516,8.00,0
10> SPO2,101,111305,127507,-1.00,-20
10> SPO2,102,111291,127515,6.00,0
10> SPO2,103,111314,127511,2.00,0
10> SPO2,104,111313,127516,7.00,0
10> SPO2,105,111317,127512,3.00,0
10> SPO2,106,111320,127526,16.00,20
10> SPO2,107,111321,127511,1.00,0
10> SPO2,108,111320,127508,-1.00,0
10> SPO2,109,111317,127513,3.00,0
10> SPO2,110,111314,127511,0.00,0
10> SPO2,111,111307,127524,13.00,20
10> SPO2,112,111304,127530,19.00,20
10> SPO2,113,111314,127532,20.00,20
10> SPO2,114,111322,127529,16.00,20
10> SPO2,115,111317,127530,16.00,20
10> SPO2,116,111316,127529,14.00,0
10> SPO2,117,111324,127532,16.00,0
10> SPO2,118,111317,127526,10.00,0
10> SPO2,119,111327,127534,17.00,0
10> SPO2,120,111319,127526,8.00,0
10> SPO2,121,111310,127523,5.00,-20
10> SPO2,122,111317,127539,20.00,0
10> SPO2,123,111314,127496,-23.00,-20
10> SPO2,124,111321,127514,-3.00,-20
10> SPO2,125,111311,127526,8.00,0
10> SPO2,126,111318,127513,-5.00,0
10> SPO2,127,111306,127530,12.00,0
10> SPO2,128,111311,127525,6.00,0
10> SPO2,129,111300,127532,13.00,0
10> SPO2,130,111308,127531,11.00,0
10> SPO2,131,111319,127529,8.00,0
10> SPO2,132,111326,127531,10.00,0
10> SPO2,133,111311,127519,-2.00,-20
10> SPO2,134,111323,127537,16.00,0
10> SPO2,135,111308,127543,21.00,20
10> SPO2,136,111322,127536,13.00,0
10> SPO2,137,111319,127535,11.00,0
10> SPO2,138,111314,127534,9.00,0
10> SPO2,139,111324,127548,23.00,0
10> SPO2,140,111333,127543,17.00,0
10> SPO2,141,111316,127543,16.00,0
10> SPO2,142,111325,127537,9.00,0
10> SPO2,143,111310,127543,15.00,0
10> SPO2,144,111322,127536,7.00,0
10> SPO2,145,111309,127555,26.00,0
10> SPO2,146,111312,127537,6.00,0
10> SPO2,147,111324,127530,0.00,0
10> SPO2,148,111308,127536,5.00,0
10> SPO2,149,111314,127535,4.00,0
10> SPO2,150,111310,127542,10.00,0
10> SPO2,151,111306,127520,-11.00,0
10> SPO2,152,111301,127537,5.00,0
10> SPO2,153,111308,127536,4.00,0
10> SPO2,154,111304,127542,10.00,0
10> SPO2,155,111299,127527,-5.00,0
10> SPO2,156,111288,127528,-3.00,0
10> SPO2,157,111286,127524,-7.00,0
10> SPO2,158,111281,127514,-17.00,-20
10> SPO2,159,111291,127518,-12.00,0
10> SPO2,160,111298,127530,0.00,0
10> SPO2,161,111304,127529,0.00,0
10> SPO2,162,111298,127518,-11.00,0
10> SPO2,163,111289,127514,-15.00,0
10> SPO2,164,111290,127534,5.00,0
10> SPO2,165,111295,127520,-8.00,0
10> SPO2,166,111281,127522,-6.00,0
10> SPO2,167,111292,127531,3.00,0
10> SPO2,168,111291,127519,-9.00,0
10> SPO2,169,111297,127523,-4.00,0
10> SPO2,170,111292,127527,0.00,0
10> SPO2,171,111282,127515,-12.00,0
10> SPO2,172,111296,127528,1.00,0
10> SPO2,173,111293,127523,-3.00,0
10> SPO2,174,111289,127505,-21.00,-20
10> SPO2,175,111283,127528,2.00,0
10> SPO2,176,111289,127515,-10.00,0
10> SPO2,177,111283,127515,-10.00,0
10> SPO2,178,111285,127519,-5.00,0
10> SPO2,179,111297,127513,-11.00,0
10> SPO2,180,111285,127512,-11.00,0
10> SPO2,181,111287,127516,-7.00,0
10> SPO2,182,111287,127516,-6.00,0
10> SPO2,183,111287,127524,1.00,20
10> SPO2,184,111284,127521,-1.00,20
10> SPO2,185,111283,127511,-11.00,0
10> SPO2,186,111283,127523,1.00,0
10> SPO2,187,111264,127519,-2.00,0
10> SPO2,188,111273,127506,-15.00,0
10> SPO2,189,111270,127518,-3.00,0
10> SPO2,190,111279,127515,-5.00,0
10> SPO2,191,111285,127521,0.00,0
10> SPO2,192,111262,127523,2.00,0
10> SPO2,193,111268,127527,6.00,0
10> SPO2,194,111272,127526,4.00,0
10> SPO2,195,111255,127522,0.00,0
10> SPO2,196,111264,127518,-3.00,0
10> SPO2,197,111252,127528,6.00,0
10> SPO2,198,111250,127527,5.00,0
10> SPO2,199,111259,127536,14.00,20
10> SPO2,200,111253,127523,0.00,0
10> SPO2,201,111258,127532,9.00,0
10> SPO2,202,111268,127531,8.00,0
10> SPO2,203,111262,127522,-1.00,0
10> SPO2,204,111260,127532,8.00,0
10> SPO2,205,111267,127529,5.00,0
10> SPO2,206,111281,127529,4.00,0
10> SPO2,207,111268,127532,7.00,0
10> SPO2,208,111293,127535,10.00,0
10> SPO2,209,111298,127537,11.00,0
10> SPO2,210,111311,127528,2.00,0
10> SPO2,211,111309,127536,10.00,0
10> SPO2,212,111300,127530,3.00,0
10> SPO2,213,111305,127532,5.00,0
10> SPO2,214,111313,127553,26.00,20
10> SPO2,215,111321,127531,2.00,0
10> SPO2,216,111329,127532,3.00,0
10> SPO2,217,111320,127551,22.00,20
10> SPO2,218,111317,127540,10.00,0
10> SPO2,219,111313,127525,-5.00,-20
10> SPO2,220,111321,127542,12.00,0
10> SPO2,221,111320,127533,2.00,0
10> SPO2,222,111321,127531,0.00,0
10> SPO2,223,111316,127537,6.00,0
10> SPO2,224,111322,127538,7.00,0
10> SPO2,225,111323,127543,11.00,0
10> SPO2,226,111331,127547,15.00,0
10> SPO2,227,111324,127535,2.00,0
10> SPO2,228,111323,127537,4.00,0
10> SPO2,229,111326,127541,8.00,0
10> SPO2,230,111322,127552,18.00,0
10> SPO2,231,111314,127530,-4.00,0
10> SPO2,232,111327,127537,2.00,0
10> SPO2,233,111315,127547,12.00,0
10> SPO2,234,111318,127558,23.00,0
10> SPO2,235,111317,127555,18.00,0
10> SPO2,236,111322,127558,21.00,0
10> SPO2,237,111318,127562,23.00,0
10> SPO2,238,111327,127556,16.00,0
10> SPO2,239,111327,127548,7.00,-20
10> SPO2,240,111334,127558,17.00,0
10> SPO2,241,111333,127570,28.00,0
10> SPO2,242,111333,127554,11.00,0
10> SPO2,243,111323,127563,19.00,0
10> SPO2,244,111321,127568,23.00,0
10> SPO2,245,111333,127567,21.00,0
10> SPO2,246,111328,127550,3.00,-20
10> SPO2,247,111330,127567,20.00,0
10> SPO2,248,111337,127557,9.00,0
10> SPO2,249,111339,127549,0.00,-20
10> SPO2,250,111324,127563,14.00,0
10> SPO2,251,111324,127574,25.00,0
10> SPO2,252,111342,127555,4.00,0
10> SPO2,253,111346,127561,10.00,0
10> SPO2,254,111325,127556,4.00,0
10> SPO2,255,111325,127560,8.00,0
10> SPO2,256,111327,127548,-3.00,0
10> SPO2,257,111323,127543,-8.00,0
10> SPO2,258,111331,127555,3.00,0
10> SPO2,259,111323,127553,1.00,0
10> SPO2,260,111342,127550,-1.00,0
10> SPO2,261,111328,127540,-11.00,0
10> SPO2,262,111340,127558,7.00,0
10> SPO2,263,111325,127550,-1.00,0
10> SPO2,264,111330,127541,-10.00,0
10> SPO2,265,111328,127545,-5.00,0
10> SPO2,266,111333,127558,7.00,0
10> SPO2,267,111332,127556,5.00,0
10> SPO2,268,111322,127551,0.00,0
10> SPO2,269,111329,127550,0.00,0
10> SPO2,270,111333,127543,-7.00,0
10> SPO2,271,111322,127547,-3.00,0
10> SPO2,272,111334,127541,-9.00,0
10> SPO2,273,111328,127542,-7.00,0
10> SPO2,274,111330,127532,-17.00,-20
10> SPO2,275,111334,127547,-1.00,0
10> SPO2,276,111319,127538,-10.00,0
10> SPO2,277,111326,127534,-13.00,0
10> SPO2,278,111327,127540,-7.00,0
10> SPO2,279,111317,127539,-7.00,0
10> SPO2,280,111309,127536,-10.00,0
10> SPO2,281,111327,127528,-17.00,0
10> SPO2,282,111319,127528,-17.00,-20
10> SPO2,283,111313,127539,-5.00,0
10> SPO2,284,111323,127544,0.00,0
10> SPO2,285,111325,127550,6.00,0
10> SPO2,286,111324,127522,-22.00,0
10> SPO2,287,111312,127537,-6.00,0
10> SPO2,288,111311,127548,5.00,0
10> SPO2,289,111311,127535,-8.00,0
10> SPO2,290,111316,127545,2.00,0
10> SPO2,291,111321,127525,-17.00,0
10> SPO2,292,111311,127529,-12.00,0
10> SPO2,293,111322,127539,-2.00,0
10> SPO2,294,111302,127546,4.00,0
10> SPO2,295,111301,127545,3.00,0
10> SPO2,296,111305,127533,-8.00,0
10> SPO2,297,111297,127547,5.00,0
10> SPO2,298,111299,127552,10.00,0
10> SPO2,299,111300,127547,5.00,0
10> SPO2,300,111302,127549,6.00,0
10> SPO2,301,111292,127541,-1.00,0
10> SPO2,302,111311,127542,0.00,0
10> SPO2,303,111297,127543,0.00,0
10> SPO2,304,111291,127548,5.00,0
10> SPO2,305,111291,127554,11.00,20
10> SPO2,306,111279,127541,-2.00,0
10> SPO2,307,111302,127554,10.00,20
10> SPO2,308,111312,127536,-7.00,0
10> SPO2,309,111308,127557,13.00,20
10> SPO2,310,111311,127549,4.00,0
10> SPO2,311,111312,127545,0.00,0
10> SPO2,312,111326,127548,3.00,0
10> SPO2,313,111324,127540,-4.00,0
10> SPO2,314,111331,127534,-10.00,0
10> SPO2,315,111336,127543,0.00,0
10> SPO2,316,111338,127548,4.00,0
10> SPO2,317,111332,127548,4.00,0
10> SPO2,318,111351,127548,3.00,0
10> SPO2,319,111343,127551,6.00,0
10> SPO2,320,111334,127549,4.00,0
10> SPO2,321,111358,127556,11.00,20
10> SPO2,322,111351,127556,10.00,20
10> SPO2,323,111347,127550,4.00,0
10> SPO2,324,111357,127560,13.00,20
10> SPO2,325,111355,127550,3.00,0
10> SPO2,326,111346,127555,7.00,0
10> SPO2,327,111350,127549,1.00,-20
10> SPO2,328,111352,127545,-2.00,-20
10> SPO2,329,111339,127545,-2.00,-20
10> SPO2,330,111348,127550,2.00,0
10> SPO2,331,111343,127552,4.00,0
10> SPO2,332,111337,127554,6.00,0
10> SPO2,333,111330,127568,20.00,20
10> SPO2,334,111339,127561,12.00,20
10> SPO2,335,111339,127568,18.00,20
10> SPO2,336,111344,127551,0.00,0
10> SPO2,337,111345,127554,3.00,0
10> SPO2,338,111340,127566,15.00,0
10> SPO2,339,111345,127545,-6.00,-20
10> SPO2,340,111347,127559,7.00,0
10> SPO2,341,111327,127559,7.00,0
10> SPO2,342,111346,127562,10.00,0
10> SPO2,343,111331,127562,9.00,0
10> SPO2,344,111336,127561,8.00,0
10> SPO2,345,111337,127561,7.00,0
10> SPO2,346,111348,127550,-3.00,-20
10> SPO2,347,111338,127551,-2.00,-20
10> SPO2,348,111331,127559,5.00,0
10> SPO2,349,111336,127568,14.00,0
10> SPO2,350,111342,127570,15.00,20
10> SPO2,351,111341,127564,8.00,0
10> SPO2,352,111335,127567,11.00,0
10> SPO2,353,111335,127584,27.00,20
10> SPO2,354,111340,127571,13.00,0
10> SPO2,355,111340,127590,31.00,20
10> SPO2,356,111338,127572,12.00,0
10> SPO2,357,111329,127569,8.00,0
10> SPO2,358,111349,127550,-10.00,-20
10> SPO2,359,111345,127558,-2.00,-20
10> SPO2,360,111349,127584,23.00,0
10> SPO2,361,111346,127576,14.00,0
10> SPO2,362,111350,127576,13.00,0
10> SPO2,363,111345,127575,12.00,0
10> SPO2,364,111350,127569,5.00,0
10> SPO2,365,111347,127576,12.00,0
10> SPO2,366,111340,127561,-3.00,-20
10> SPO2,367,111348,127569,4.00,0
10> SPO2,368,111339,127565,0.00,-20
10> SPO2,369,111340,127562,-2.00,-20
10> SPO2,370,111332,127562,-2.00,0
10> SPO2,371,111338,127568,3.00,0
10> SPO2,372,111333,127549,-15.00,-20
10> SPO2,373,111319,127547,-16.00,-20
10> SPO2,374,111325,127557,-5.00,-20
10> SPO2,375,111326,127551,-11.00,-20
10> SPO2,376,111323,127541,-20.00,-20
10> SPO2,377,111330,127556,-4.00,-20
10> SPO2,378,111320,127562,1.00,0
10> SPO2,379,111314,127546,-14.00,-20
10> SPO2,380,111331,127539,-20.00,-20
10> SPO2,381,111324,127545,-13.00,-20
10> SPO2,382,111321,127552,-6.00,-20
10> SPO2,383,111334,127560,2.00,0
10> SPO2,384,111317,127560,1.00,0
10> SPO2,385,111335,127555,-3.00,-20
10> SPO2,386,111299,127545,-12.00,-20
10> SPO2,387,111341,127545,-12.00,-20
10> SPO2,388,111315,127558,1.00,0
10> SPO2,389,111323,127554,-2.00,-20
10> SPO2,390,111312,127556,0.00,0
10> SPO2,391,111321,127546,-10.00,-20
10> SPO2,392,111301,127551,-5.00,-20
10> SPO2,393,111308,127560,4.00,20
10> SPO2,394,111310,127562,5.00,20
10> SPO2,395,111310,127548,-8.00,-20
10> SPO2,396,111307,127554,-1.00,0
10> SPO2,397,111313,127535,-20.00,-20
10> SPO2,398,111313,127546,-8.00,-20
10> SPO2,399,111312,127550,-4.00,0
10> SPO2,400,111307,127554,0.00,0
10> SPO2,401,111314,127550,-4.00,0
10> SPO2,402,111299,127552,-1.00,0
10> SPO2,403,111322,127552,-1.00,0
10> SPO2,404,111305,127542,-11.00,-20
10> SPO2,405,111297,127546,-7.00,-20
10> SPO2,406,111321,127552,0.00,0
10> SPO2,407,111304,127550,-2.00,0
10> SPO2,408,111298,127558,5.00,0
10> SPO2,409,111301,127562,9.00,20
10> SPO2,410,111305,127551,-2.00,0
10> SPO2,411,111287,127541,-12.00,-20
10> SPO2,412,111274,127552,0.00,0
10> SPO2,413,111294,127545,-7.00,0
10> SPO2,414,111290,127545,-7.00,-20
10> SPO2,415,111286,127549,-2.00,0
10> SPO2,416,111293,127546,-5.00,0
10> SPO2,417,111287,127545,-6.00,0
10> SPO2,418,111287,127549,-2.00,0
10> SPO2,419,111283,127545,-5.00,0
10> SPO2,420,111281,127555,4.00,0
10> SPO2,421,111282,127555,4.00,20
10> SPO2,422,111278,127563,11.00,20
10> SPO2,423,111279,127554,2.00,0
10> SPO2,424,111271,127552,0.00,0
10> SPO2,425,111290,127567,15.00,20
10> SPO2,426,111291,127563,10.00,20
10> SPO2,427,111294,127555,1.00,0
10> SPO2,428,111293,127556,2.00,0
10> SPO2,429,111303,127566,12.00,20
10> SPO2,430,111307,127551,-2.00,0
10> SPO2,431,111311,127554,0.00,0
10> SPO2,432,111313,127557,3.00,0
10> SPO2,433,111333,127557,3.00,0
10> SPO2,434,111327,127564,9.00,20
10> SPO2,435,111350,127560,5.00,0
10> SPO2,436,111344,127563,8.00,0
10> SPO2,437,111359,127585,29.00,20
10> SPO2,438,111349,127575,18.00,20
10> SPO2,439,111365,127594,36.00,20
10> SPO2,440,111356,127593,33.00,20
10> SPO2,441,111356,127589,27.00,0
10> SPO2,442,111344,127605,42.00,20
10> SPO2,443,111343,127606,41.00,20
10> SPO2,444,111343,127605,38.00,0
10> SPO2,445,111339,127596,27.00,0
10> SPO2,446,111335,127599,28.00,0
10> SPO2,447,111324,127598,26.00,0
10> SPO2,448,111320,127594,21.00,0
10> SPO2,449,111304,127582,8.00,-20
10> SPO2,450,111295,127575,0.00,-20
10> SPO2,451,111281,127571,-3.00,-20
10> SPO2,452,111286,127565,-9.00,-20
10> SPO2,453,111270,127570,-3.00,0
10> SPO2,454,111257,127563,-10.00,-20
10> SPO2,455,111255,127554,-18.00,-20
10> SPO2,456,111238,127558,-14.00,-20
10> SPO2,457,111226,127548,-23.00,-20
10> SPO2,458,111225,127531,-39.00,-20
10> SPO2,459,111212,127509,-59.00,-20
10> SPO2,460,111194,127513,-52.00,-20
10> SPO2,461,111197,127508,-54.00,-20
10> SPO2,462,111178,127501,-58.00,-20
10> SPO2,463,111173,127491,-65.00,-20
10> SPO2,464,111160,127491,-62.00,-20
10> SPO2,465,111162,127489,-61.00,-20
10> SPO2,466,111165,127489,-58.00,-20
10> SPO2,467,111139,127472,-72.00,-20
10> SPO2,468,111151,127475,-65.00,-20
10> SPO2,469,111139,127464,-73.00,-20
10> SPO2,470,111138,127469,-64.00,-20
10> SPO2,471,111137,127445,-85.00,-20
10> SPO2,472,111140,127458,-68.00,-20
10> SPO2,473,111145,127451,-71.00,-20
10> SPO2,474,111146,127461,-58.00,-20
10> SPO2,475,111137,127437,-79.00,-20
10> SPO2,476,111132,127421,-91.00,-20
10> SPO2,477,111142,127427,-80.00,-20
10> SPO2,478,111137,127408,-95.00,-20
10> SPO2,479,111150,127420,-79.00,-20
10> SPO2,480,111165,127418,-77.00,-20
10> SPO2,481,111174,127422,-69.00,-20
10> SPO2,482,111177,127414,-73.00,-20
10> SPO2,483,111181,127411,-73.00,-20
10> SPO2,484,111190,127418,-62.00,-20
10> SPO2,485,111196,127424,-53.00,-20
10> SPO2,486,111196,127412,-62.00,-20
10> SPO2,487,111187,127425,-46.00,-20
10> SPO2,488,111191,127410,-59.00,-20
10> SPO2,489,111192,127425,-41.00,-20
10> SPO2,490,111206,127413,-51.00,-20
10> SPO2,491,111213,127425,-36.00,-20
10> SPO2,492,111207,127409,-50.00,-20
10> SPO2,493,111217,127428,-29.00,-20
10> SPO2,494,111228,127438,-17.00,-20
10> SPO2,495,111221,127436,-18.00,-20
10> SPO2,496,111223,127437,-16.00,-20
10> SPO2,497,111226,127466,12.00,0
10> SPO2,498,111231,127468,14.00,0
10> SPO2,499,111220,127479,24.00,20
10> SPO2,500,111223,127477,21.00,20
10> SPO2,501,111232,127479,22.00,0
10> SPO2,502,111220,127474,16.00,0
10> SPO2,503,111217,127481,22.00,0
10> SPO2,504,111216,127481,21.00,0
10> SPO2,505,111197,127481,20.00,0
10> SPO2,506,111196,127489,27.00,20
10> SPO2,507,111196,127486,22.00,0
10> SPO2,508,111191,127503,38.00,20
10> SPO2,509,111182,127498,31.00,20
10> SPO2,510,111179,127492,24.00,0
10> SPO2,511,111168,127494,24.00,0
10> SPO2,512,111154,127500,29.00,0
10> SPO2,513,111149,127493,21.00,0
10> SPO2,514,111146,127486,13.00,-20
10> SPO2,515,111123,127496,22.00,0
10> SPO2,516,111128,127499,24.00,0
10> SPO2,517,111112,127503,27.00,0
10> SPO2,518,111091,127506,28.00,0
10> SPO2,519,111093,127504,25.00,0
10> SPO2,520,111076,127518,38.00,20
10> SPO2,521,111066,127515,33.00,20
10> SPO2,522,111060,127530,46.00,20
10> SPO2,523,111053,127536,50.00,20
10> SPO2,524,111041,127513,24.00,0
10> SPO2,525,111041,127529,39.00,0
10> SPO2,526,111053,127551,59.00,20
10> SPO2,527,111043,127546,51.00,20
10> SPO2,528,111045,127563,65.00,20
10> SPO2,529,111040,127568,67.00,20
10> SPO2,530,111045,127563,59.00,0
10> SPO2,531,111045,127554,47.00,0
10> SPO2,532,111056,127565,55.00,0
10> SPO2,533,111057,127572,60.00,0
10> SPO2,534,111055,127572,57.00,0
10> SPO2,535,111061,127584,66.00,0
10> SPO2,536,111058,127565,43.00,0
10> SPO2,537,111052,127584,60.00,0
10> SPO2,538,111070,127578,51.00,0
10> SPO2,539,111072,127590,61.00,0
10> SPO2,540,111062,127590,58.00,0
10> SPO2,541,111077,127582,47.00,0
10> SPO2,542,111075,127583,45.00,0
10> SPO2,543,111076,127593,53.00,0
10> SPO2,544,111078,127594,51.00,0
10> SPO2,545,111083,127601,56.00,0
10> SPO2,546,111085,127596,48.00,0
10> SPO2,547,111083,127602,52.00,0
10> SPO2,548,111087,127599,46.00,0
10> SPO2,549,111082,127605,50.00,0
10> SPO2,550,111105,127586,28.00,-20
10> SPO2,551,111104,127599,40.00,-20
10> SPO2,552,111115,127612,51.00,0
10> SPO2,553,111115,127604,40.00,0
10> SPO2,554,111122,127616,50.00,0
10> SPO2,555,111118,127625,57.00,0
10> SPO2,556,111121,127608,37.00,0
10> SPO2,557,111136,127621,48.00,0
10> SPO2,558,111130,127618,42.00,0
10> SPO2,559,111141,127629,51.00,0
10> SPO2,560,111150,127629,49.00,0
10> SPO2,561,111167,127618,35.00,0
10> SPO2,562,111164,127619,34.00,0
10> SPO2,563,111172,127636,50.00,0
10> SPO2,564,111180,127644,55.00,0
10> SPO2,565,111177,127638,46.00,0
10> SPO2,566,111190,127647,53.00,0
10> SPO2,567,111195,127641,44.00,0
10> SPO2,568,111188,127643,44.00,0
10> SPO2,569,111196,127641,40.00,0
10> SPO2,570,111215,127652,49.00,0
10> SPO2,571,111216,127652,46.00,0
10> SPO2,572,111213,127642,34.00,0
10> SPO2,573,111220,127653,43.00,0
10> SPO2,574,111236,127659,47.00,0
10> SPO2,575,111230,127655,41.00,0
10> SPO2,576,111237,127657,41.00,0
10> SPO2,577,111245,127657,39.00,0
10> SPO2,578,111228,127672,52.00,0
10> SPO2,579,111221,127662,39.00,0
10> SPO2,580,111240,127661,36.00,0
10> SPO2,581,111239,127651,24.00,-20
10> SPO2,582,111235,127640,12.00,-20
10> SPO2,583,111239,127654,25.00,0
10> SPO2,584,111244,127657,27.00,0
10> SPO2,585,111232,127658,27.00,0
10> SPO2,586,111249,127656,23.00,0
10> SPO2,587,111244,127651,17.00,-20
10> SPO2,588,111239,127645,10.00,-20
10> SPO2,589,111236,127668,33.00,20
10> SPO2,590,111248,127649,12.00,-20
10> SPO2,591,111246,127641,3.00,-20
10> SPO2,592,111242,127650,12.00,-20
10> SPO2,593,111241,127637,0.00,-20
10> SPO2,594,111232,127639,1.00,-20
10> SPO2,595,111245,127645,7.00,0
10> SPO2,596,111243,127645,6.00,0
10> SPO2,597,111234,127645,6.00,0
10> SPO2,598,111234,127633,-5.00,-20
10> SPO2,599,111246,127634,-4.00,-20
10> SPO2,600,111248,127643,4.00,0
10> SPO2,601,111248,127643,4.00,0
10> SPO2,602,111251,127653,14.00,20
10> SPO2,603,111227,127639,0.00,0
10> SPO2,604,111250,127637,-2.00,0
10> SPO2,605,111254,127646,6.00,0
10> SPO2,606,111266,127641,1.00,0
10> SPO2,607,111273,127646,6.00,0
10> SPO2,608,111271,127649,8.00,0
10> SPO2,609,111277,127647,6.00,0
10> SPO2,610,111261,127646,5.00,0
10> SPO2,611,111266,127653,11.00,0
10> SPO2,612,111276,127661,19.00,20
10> SPO2,613,111265,127653,10.00,0
10> SPO2,614,111262,127637,-6.00,-20
10> SPO2,615,111265,127638,-4.00,-20
10> SPO2,616,111265,127646,3.00,0
10> SPO2,617,111277,127648,5.00,0
10> SPO2,618,111288,127647,3.00,0
10> SPO2,619,111270,127646,2.00,0
10> SPO2,620,111277,127654,10.00,20
10> SPO2,621,111278,127642,-1.00,-20
10> SPO2,622,111277,127648,4.00,0
10> SPO2,623,111278,127648,3.00,0
10> SPO2,624,111276,127646,1.00,0
10> SPO2,625,111266,127648,3.00,0
10> SPO2,626,111267,127648,3.00,0
10> SPO2,627,111274,127651,6.00,20
10> SPO2,628,111253,127660,14.00,20
10> SPO2,629,111265,127652,6.00,20
10> SPO2,630,111255,127647,0.00,0
10> SPO2,631,111253,127656,9.00,20
10> SPO2,632,111249,127649,2.00,0
10> SPO2,633,111259,127656,9.00,0
10> SPO2,634,111257,127638,-9.00,-20
10> SPO2,635,111252,127655,8.00,0
10> SPO2,636,111268,127656,8.00,0
10> SPO2,637,111248,127660,12.00,0
10> SPO2,638,111271,127656,7.00,0
10> SPO2,639,111261,127663,14.00,0
10> SPO2,640,111255,127650,0.00,0
10> SPO2,641,111249,127673,23.00,20
10> SPO2,642,111272,127671,20.00,0
10> SPO2,643,111258,127670,18.00,0
10> SPO2,644,111260,127661,8.00,0
10> SPO2,645,111266,127667,14.00,0
10> SPO2,646,111252,127680,26.00,0
10> SPO2,647,111261,127669,14.00,0
10> SPO2,648,111270,127675,19.00,0
10> SPO2,649,111271,127673,16.00,0
10> SPO2,650,111276,127676,18.00,0
10> SPO2,651,111269,127665,6.00,0
10> SPO2,652,111277,127681,22.00,0
10> SPO2,653,111286,127670,10.00,0
10> SPO2,654,111288,127675,14.00,0
10> SPO2,655,111277,127680,18.00,0
10> SPO2,656,111281,127674,12.00,0
10> SPO2,657,111275,127674,11.00,0
10> SPO2,658,111293,127682,18.00,0
10> SPO2,659,111287,127690,25.00,20
10> SPO2,660,111300,127683,17.00,0
10> SPO2,661,111295,127671,4.00,-20
10> SPO2,662,111292,127690,23.00,0
10> SPO2,663,111310,127678,10.00,0
10> SPO2,664,111295,127676,7.00,-20
10> SPO2,665,111319,127694,25.00,0
10> SPO2,666,111300,127688,18.00,0
10> SPO2,667,111298,127702,31.00,0
10> SPO2,668,111315,127700,27.00,0
10> SPO2,669,111323,127693,19.00,0
10> SPO2,670,111321,127695,20.00,0
10> SPO2,671,111312,127689,13.00,0
10> SPO2,672,111317,127691,14.00,0
10> SPO2,673,111319,127678,0.00,-20
10> SPO2,674,111324,127684,6.00,0
10> SPO2,675,111321,127691,13.00,0
10> SPO2,676,111331,127684,5.00,0
10> SPO2,677,111326,127697,18.00,0
10> SPO2,678,111325,127687,7.00,0
10> SPO2,679,111331,127688,8.00,0
10> SPO2,680,111330,127672,-8.00,-20
10> SPO2,681,111324,127686,6.00,0
10> SPO2,682,111332,127669,-11.00,-20
10> SPO2,683,111331,127694,14.00,0
10> SPO2,684,111334,127686,5.00,0
10> SPO2,685,111326,127699,18.00,0
10> SPO2,686,111325,127676,-5.00,0
10> SPO2,687,111331,127681,0.00,0
10> SPO2,688,111342,127682,0.00,0
10> SPO2,689,111334,127695,13.00,0
10> SPO2,690,111335,127700,18.00,0
10> SPO2,691,111333,127681,-1.00,0
10> SPO2,692,111341,127685,2.00,0
10> SPO2,693,111330,127680,-2.00,0
10> SPO2,694,111334,127677,-5.00,0
10> SPO2,695,111343,127700,17.00,0
10> SPO2,696,111341,127680,-3.00,0
10> SPO2,697,111343,127694,10.00,0
10> SPO2,698,111344,127700,16.00,0
10> SPO2,699,111346,127681,-3.00,0
10> SPO2,700,111331,127687,2.00,0
10> SPO2,701,111345,127689,4.00,0
10> SPO2,702,111346,127691,6.00,0
10> SPO2,703,111354,127700,15.00,0
10> SPO2,704,111336,127701,15.00,0
10> SPO2,705,111337,127687,0.00,0
10> SPO2,706,111335,127689,2.00,0<info> app: BATT Reading...
10> <info> app: [OK]	LED Power 120
10> <info> app: BATT Reading...
10> <info> app: [OK]	HR sample count 708
10> <info> app: Peak Index,
10> ,303,428,546,653
10> ,END Peak Index,<info> app: HR Index,
10> ,56,60,66<info> app: HR Mean 60 
10> <info> app: HR SD 4.10 
10> <info> app: ^_^ Final HR 62 
10> <info> app: SPO2 Peak Index,
10> 
10> ,56479,40923,30,0
10> ,56474,40888,0,16672
10> ,56471,40927,37420,0
10> ,56487,40945,8192,16672
10> ,56525,41010,36084,0
10> ,56533,41009,8192,16672
10> ,56559,41027,36084,0
10> ,56599,41072,8192,16656
10> ,56600,41081,55184,0
10> ,56625,41101,8192,16656
10> ,56638,41092,17005,0
10> ,56640,41123,2,16656
10> ,56630,41135,30,0
10> ,56652,41149,0,16640
10> ,56654,41153,10,0
10> ,56690,41171,0,16640
10> ,56673,41185,0,0
10> ,56728,41243,0,16640
10> ,56706,41239,19669,0
10> ,56746,41248,3,16608
10> ,56753,41285,55148,0
10> ,56805,41305,8192,16608
10> ,END SPO2 Peak Index,
10> SPO2,0,106414,121987,-6.00,0
10> SPO2,1,106417,121994,1.00,0
10> SPO2,2,106426,121991,-1.00,0
10> SPO2,3,106424,121999,6.00,0
10> SPO2,4,106428,121994,0.00,0
10> SPO2,5,106445,122000,6.00,0
10> SPO2,6,106413,121993,0.00,0
10> SPO2,7,106434,121994,0.00,0
10> SPO2,8,106429,121994,0.00,0
10> SPO2,9,106436,121987,-6.00,-20
10> SPO2,10,106447,121995,1.00,0
10> SPO2,11,106445,122012,18.00,20
10> SPO2,12,106436,121998,3.00,20
10> SPO2,13,106440,121990,-4.00,0
10> SPO2,14,106445,122003,8.00,0
10> SPO2,15,106436,121998,3.00,0
10> SPO2,16,106442,121995,0.00,0
10> SPO2,17,106441,121994,0.00,0
10> SPO2,18,106439,121986,-8.00,0
10> SPO2,19,106452,121993,-1.00,0
10> SPO2,20,106449,121989,-5.00,0
10> SPO2,21,106449,121985,-9.00,0
10> SPO2,22,106441,122005,11.00,20
10> SPO2,23,106456,121987,-7.00,0
10> SPO2,24,106456,122000,6.00,0
10> SPO2,25,106452,121994,0.00,0
10> SPO2,26,106450,121996,1.00,0
10> SPO2,27,106441,121984,-10.00,0
10> SPO2,28,106459,121983,-10.00,0
10> SPO2,29,106449,122015,21.00,20
10> SPO2,30,106455,121980,-14.00,0
10> SPO2,31,106454,121974,-19.00,-20
10> SPO2,32,106442,121989,-3.00,0
10> SPO2,33,106430,121989,-3.00,0
10> SPO2,34,106445,121988,-4.00,0
10> SPO2,35,106445,121996,4.00,0
10> SPO2,36,106453,121991,-1.00,0
10> SPO2,37,106445,121987,-5.00,0
10> SPO2,38,106446,121990,-1.00,0
10> SPO2,39,106437,121986,-5.00,0
10> SPO2,40,106438,121974,-17.00,-20
10> SPO2,41,106432,121987,-3.00,0
10> SPO2,42,106433,121984,-6.00,0
10> SPO2,43,106436,121985,-5.00,0
10> SPO2,44,106435,121988,-1.00,0
10> SPO2,45,106421,121998,8.00,0
10> SPO2,46,106424,121984,-6.00,0
10> SPO2,47,106424,121983,-6.00,0
10> SPO2,48,106421,121977,-12.00,0
10> SPO2,49,106426,121977,-11.00,0
10> SPO2,50,106416,121988,0.00,0
10> SPO2,51,106417,121977,-11.00,0
10> SPO2,52,106422,121996,8.00,20
10> SPO2,53,106424,121993,4.00,0
10> SPO2,54,106415,121995,6.00,0
10> SPO2,55,106420,121995,6.00,0
10> SPO2,56,106420,122010,20.00,20
10> SPO2,57,106417,121992,1.00,0
10> SPO2,58,106419,121991,0.00,-20
10> SPO2,59,106405,121987,-3.00,-20
10> SPO2,60,106417,122000,9.00,0
10> SPO2,61,106418,121991,0.00,0
10> SPO2,62,106437,121993,2.00,0
10> SPO2,63,106420,121988,-2.00,0
10> SPO2,64,106425,121985,-5.00,0
10> SPO2,65,106416,122004,13.00,20
10> SPO2,66,106435,121995,4.00,0
10> SPO2,67,106436,122004,12.00,20
10> SPO2,68,106447,121989,-2.00,0
10> SPO2,69,106441,121996,4.00,0
10> SPO2,70,106447,122001,9.00,0
10> SPO2,71,106455,122001,8.00,0
10> SPO2,72,106463,121993,0.00,0
10> SPO2,73,106457,122002,9.00,0
10> SPO2,74,106457,122007,13.00,0
10> SPO2,75,106461,121985,-8.00,-20
10> SPO2,76,106471,121991,-2.00,0
10> SPO2,77,106471,121989,-4.00,0
10> SPO2,78,106474,121994,0.00,0
10> SPO2,79,106468,121982,-11.00,0
10> SPO2,80,106479,121994,1.00,0
10> SPO2,81,106462,121988,-4.00,0
10> SPO2,82,106469,121992,0.00,0
10> SPO2,83,106479,121989,-3.00,0
10> SPO2,84,106465,121992,0.00,0
10> SPO2,85,106477,121982,-10.00,0
10> SPO2,86,106479,121996,4.00,0
10> SPO2,87,106467,122006,14.00,20
10> SPO2,88,106468,121990,-2.00,0
10> SPO2,89,106468,122000,7.00,0
10> SPO2,90,106460,121988,-4.00,0
10> SPO2,91,106464,122004,11.00,0
10> SPO2,92,106464,122010,16.00,20
10> SPO2,93,106452,122005,10.00,0
10> SPO2,94,106452,121997,2.00,0
10> SPO2,95,106448,121995,0.00,0
10> SPO2,96,106442,122009,14.00,0
10> SPO2,97,106452,122003,7.00,0
10> SPO2,98,106448,122005,9.00,0
10> SPO2,99,106452,122000,3.00,0
10> SPO2,100,106446,122007,10.00,0
10> SPO2,101,106435,122011,13.00,0
10> SPO2,102,106452,121999,1.00,0
10> SPO2,103,106448,121999,1.00,0
10> SPO2,104,106443,122010,12.00,0
10> SPO2,105,106447,122023,24.00,20
10> SPO2,106,106460,122007,7.00,0
10> SPO2,107,106465,122009,8.00,0
10> SPO2,108,106448,122003,2.00,0
10> SPO2,109,106448,122013,12.00,0
10> SPO2,110,106450,122014,12.00,0
10> SPO2,111,106456,122005,3.00,0
10> SPO2,112,106458,122020,17.00,0
10> SPO2,113,106454,122010,7.00,0
10> SPO2,114,106471,122007,3.00,0
10> SPO2,115,106451,122012,8.00,0
10> SPO2,116,106461,122017,13.00,0
10> SPO2,117,106455,122009,4.00,0
10> SPO2,118,106462,122014,9.00,0
10> SPO2,119,106481,122016,10.00,0
10> SPO2,120,106464,122015,9.00,0
10> SPO2,121,106455,122015,8.00,0
10> SPO2,122,106456,122012,5.00,0
10> SPO2,123,106462,122001,-5.00,-20
10> SPO2,124,106442,122012,5.00,0
10> SPO2,125,106451,122009,2.00,0
10> SPO2,126,106465,122008,0.00,0
10> SPO2,127,106462,122019,11.00,0
10> SPO2,128,106462,122016,8.00,0
10> SPO2,129,106460,122018,9.00,0
10> SPO2,130,106462,122008,0.00,0
10> SPO2,131,106457,122006,-2.00,0
10> SPO2,132,106463,122003,-5.00,0
10> SPO2,133,106474,122019,10.00,0
10> SPO2,134,106459,122014,5.00,0
10> SPO2,135,106467,122015,6.00,0
10> SPO2,136,106473,122009,0.00,0
10> SPO2,137,106475,121996,-13.00,-20
10> SPO2,138,106476,122014,5.00,0
10> SPO2,139,106467,122013,4.00,0
10> SPO2,140,106480,122009,0.00,0
10> SPO2,141,106473,122015,5.00,0
10> SPO2,142,106471,122017,7.00,0
10> SPO2,143,106460,122026,16.00,20
10> SPO2,144,106477,122018,7.00,0
10> SPO2,145,106486,122014,3.00,0
10> SPO2,146,106484,122014,2.00,0
10> SPO2,147,106482,122016,4.00,0
10> SPO2,148,106474,122011,0.00,0
10> SPO2,149,106478,122025,13.00,20
10> SPO2,150,106477,122010,-2.00,0
10> SPO2,151,106483,122024,11.00,20
10> SPO2,152,106487,122027,14.00,20
10> SPO2,153,106469,122026,12.00,20
10> SPO2,154,106474,122036,22.00,20
10> SPO2,155,106469,122037,21.00,20
10> SPO2,156,106478,122032,15.00,0
10> SPO2,157,106478,122020,3.00,0
10> SPO2,158,106482,122025,7.00,0
10> SPO2,159,106486,122038,20.00,0
10> SPO2,160,106487,122023,4.00,0
10> SPO2,161,106490,122026,7.00,0
10> SPO2,162,106486,122027,7.00,0
10> SPO2,163,106488,122019,0.00,0
10> SPO2,164,106485,122013,-6.00,0
10> SPO2,165,106495,122027,7.00,0
10> SPO2,166,106489,122043,23.00,20
10> SPO2,167,106496,122041,20.00,20
10> SPO2,168,106509,122033,11.00,0
10> SPO2,169,106510,122047,24.00,0
10> SPO2,170,106505,122039,15.00,0
10> SPO2,171,106508,122038,13.00,0
10> SPO2,172,106508,122036,11.00,0
10> SPO2,173,106518,122051,25.00,0
10> SPO2,174,106515,122051,24.00,0
10> SPO2,175,106524,122036,7.00,0
10> SPO2,176,106531,122051,22.00,0
10> SPO2,177,106525,122043,13.00,0
10> SPO2,178,106527,122047,16.00,0
10> SPO2,179,106530,122039,7.00,0
10> SPO2,180,106530,122044,12.00,0
10> SPO2,181,106535,122050,17.00,0
10> SPO2,182,106532,122050,17.00,0
10> SPO2,183,106543,122061,27.00,20
10> SPO2,184,106533,122061,25.00,20
10> SPO2,185,106546,122051,14.00,0
10> SPO2,186,106537,122054,16.00,0
10> SPO2,187,106522,122048,9.00,-20
10> SPO2,188,106531,122069,30.00,20
10> SPO2,189,106529,122047,6.00,-20
10> SPO2,190,106543,122060,19.00,0
10> SPO2,191,106539,122059,17.00,0
10> SPO2,192,106539,122048,5.00,-20
10> SPO2,193,106540,122052,9.00,-20
10> SPO2,194,106536,122060,16.00,0
10> SPO2,195,106541,122071,27.00,20
10> SPO2,196,106542,122065,19.00,0
10> SPO2,197,106530,122069,22.00,0
10> SPO2,198,106542,122059,11.00,0
10> SPO2,199,106541,122055,7.00,0
10> SPO2,200,106545,122066,17.00,0
10> SPO2,201,106530,122068,18.00,0
10> SPO2,202,106538,122058,7.00,0
10> SPO2,203,106523,122062,11.00,0
10> SPO2,204,106531,122065,13.00,0
10> SPO2,205,106526,122058,6.00,0
10> SPO2,206,106523,122055,2.00,-20
10> SPO2,207,106531,122058,5.00,0
10> SPO2,208,106541,122068,15.00,0
10> SPO2,209,106542,122066,12.00,0
10> SPO2,210,106535,122060,6.00,0
10> SPO2,211,106531,122065,10.00,0
10> SPO2,212,106546,122062,7.00,0
10> SPO2,213,106546,122074,18.00,0
10> SPO2,214,106535,122078,21.00,20
10> SPO2,215,106531,122069,11.00,0
10> SPO2,216,106537,122064,6.00,0
10> SPO2,217,106544,122066,7.00,0
10> SPO2,218,106543,122083,24.00,0
10> SPO2,219,106548,122072,12.00,0
10> SPO2,220,106546,122075,14.00,0
10> SPO2,221,106539,122080,18.00,0
10> SPO2,222,106548,122082,19.00,0
10> SPO2,223,106537,122078,14.00,0
10> SPO2,224,106556,122084,20.00,0
10> SPO2,225,106543,122094,29.00,20
10> SPO2,226,106563,122083,16.00,0
10> SPO2,227,106551,122087,19.00,0
10> SPO2,228,106553,122083,14.00,0
10> SPO2,229,106556,122095,26.00,0
10> SPO2,230,106546,122083,12.00,0
10> SPO2,231,106540,122070,0.00,-20
10> SPO2,232,106553,122098,27.00,0
10> SPO2,233,106556,122095,22.00,0
10> SPO2,234,106543,122094,20.00,0
10> SPO2,235,106546,122099,24.00,0
10> SPO2,236,106546,122101,25.00,0
10> SPO2,237,106550,122102,25.00,0
10> SPO2,238,106545,122094,15.00,-20
10> SPO2,239,106557,122106,27.00,0
10> SPO2,240,106543,122092,11.00,-20
10> SPO2,241,106549,122093,12.00,-20
10> SPO2,242,106548,122093,11.00,-20
10> SPO2,243,106532,122097,15.00,-20
10> SPO2,244,106543,122084,1.00,-20
10> SPO2,245,106537,122091,8.00,0
10> SPO2,246,106534,122097,13.00,0
10> SPO2,247,106536,122096,12.00,0
10> SPO2,248,106532,122108,23.00,20
10> SPO2,249,106541,122093,7.00,0
10> SPO2,250,106536,122095,8.00,0
10> SPO2,251,106533,122108,21.00,20
10> SPO2,252,106554,122095,7.00,0
10> SPO2,253,106545,122101,13.00,0
10> SPO2,254,106546,122112,23.00,20
10> SPO2,255,106548,122112,22.00,20
10> SPO2,256,106548,122102,11.00,0
10> SPO2,257,106551,122099,7.00,0
10> SPO2,258,106547,122099,7.00,0
10> SPO2,259,106551,122104,11.00,0
10> SPO2,260,106545,122112,19.00,0
10> SPO2,261,106561,122122,28.00,20
10> SPO2,262,106558,122100,4.00,0
10> SPO2,263,106558,122116,20.00,0
10> SPO2,264,106570,122114,17.00,0
10> SPO2,265,106570,122123,25.00,0
10> SPO2,266,106566,122109,10.00,0
10> SPO2,267,106581,122114,14.00,0
10> SPO2,268,106573,122128,28.00,0
10> SPO2,269,106575,122127,25.00,0
10> SPO2,270,106583,122115,12.00,0
10> SPO2,271,106588,122126,22.00,0
10> SPO2,272,106594,122124,19.00,0
10> SPO2,273,106576,122116,10.00,0
10> SPO2,274,106589,122134,28.00,0
10> SPO2,275,106607,122128,20.00,0
10> SPO2,276,106584,122134,25.00,0
10> SPO2,277,106597,122123,13.00,0
10> SPO2,278,106590,122133,22.00,0
10> SPO2,279,106601,122129,17.00,0
10> SPO2,280,106594,122134,21.00,0
10> SPO2,281,106595,122130,16.00,0
10> SPO2,282,106599,122127,12.00,0
10> SPO2,283,106589,122129,14.00,0
10> SPO2,284,106591,122131,15.00,0
10> SPO2,285,106598,122135,18.00,0
10> SPO2,286,106608,122130,12.00,0
10> SPO2,287,106607,122126,8.00,-20
10> SPO2,288,106603,122133,14.00,0
10> SPO2,289,106603,122132,12.00,0
10> SPO2,290,106615,122137,17.00,0
10> SPO2,291,106603,122140,19.00,0
10> SPO2,292,106615,122147,25.00,20
10> SPO2,293,106612,122136,13.00,0
10> SPO2,294,106617,122128,4.00,-20
10> SPO2,295,106618,122132,8.00,0
10> SPO2,296,106619,122145,20.00,0
10> SPO2,297,106625,122148,22.00,0
10> SPO2,298,106622,122149,22.00,0
10> SPO2,299,106604,122133,5.00,0
10> SPO2,300,106617,122134,6.00,0
10> SPO2,301,106616,122146,17.00,0
10> SPO2,302,106625,122113,-15.00,-20
10> SPO2,303,106635,122130,1.00,0
10> SPO2,304,106621,122137,8.00,0
10> SPO2,305,106624,122147,18.00,0
10> SPO2,306,106620,122142,12.00,0
10> SPO2,307,106638,122142,11.00,0
10> SPO2,308,106625,122145,14.00,0
10> SPO2,309,106636,122157,25.00,20
10> SPO2,310,106626,122149,16.00,0
10> SPO2,311,106623,122142,8.00,0
10> SPO2,312,106637,122153,19.00,0
10> SPO2,313,106631,122140,5.00,0
10> SPO2,314,106619,122153,17.00,0
10> SPO2,315,106613,122144,7.00,0
10> SPO2,316,106613,122146,9.00,0
10> SPO2,317,106627,122153,16.00,0
10> SPO2,318,106620,122148,10.00,0
10> SPO2,319,106623,122156,17.00,0
10> SPO2,320,106620,122148,8.00,0
10> SPO2,321,106623,122142,2.00,0
10> SPO2,322,106615,122148,8.00,0
10> SPO2,323,106620,122145,4.00,0
10> SPO2,324,106625,122154,13.00,0
10> SPO2,325,106628,122161,19.00,0
10> SPO2,326,106617,122148,5.00,0
10> SPO2,327,106612,122157,14.00,0
10> SPO2,328,106620,122154,10.00,0
10> SPO2,329,106625,122154,10.00,0
10> SPO2,330,106632,122149,4.00,0
10> SPO2,331,106633,122145,0.00,0
10> SPO2,332,106617,122129,-15.00,-20
10> SPO2,333,106615,122151,7.00,0
10> SPO2,334,106610,122149,4.00,0
10> SPO2,335,106614,122151,6.00,0
10> SPO2,336,106611,122149,4.00,0
10> SPO2,337,106618,122148,3.00,0
10> SPO2,338,106609,122149,4.00,0
10> SPO2,339,106614,122142,-3.00,-20
10> SPO2,340,106611,122150,4.00,0
10> SPO2,341,106612,122150,4.00,0
10> SPO2,342,106603,122157,11.00,20
10> SPO2,343,106610,122162,15.00,20
10> SPO2,344,106614,122148,1.00,0
10> SPO2,345,106610,122155,8.00,0
10> SPO2,346,106615,122174,26.00,20
10> SPO2,347,106615,122159,10.00,0
10> SPO2,348,106620,122157,7.00,0
10> SPO2,349,106616,122161,11.00,0
10> SPO2,350,106622,122157,6.00,0
10> SPO2,351,106623,122158,7.00,0
10> SPO2,352,106625,122170,19.00,20
10> SPO2,353,106628,122153,1.00,-20
10> SPO2,354,106643,122167,15.00,20
10> SPO2,355,106639,122164,11.00,0
10> SPO2,356,106642,122154,0.00,-20
10> SPO2,357,106650,122169,15.00,20
10> SPO2,358,106653,122173,18.00,20
10> SPO2,359,106648,122165,10.00,0
10> SPO2,360,106646,122168,12.00,0
10> SPO2,361,106650,122164,7.00,0
10> SPO2,362,106659,122176,19.00,20
10> SPO2,363,106659,122156,-1.00,-20
10> SPO2,364,106660,122167,9.00,0
10> SPO2,365,106658,122173,15.00,20
10> SPO2,366,106669,122166,7.00,0
10> SPO2,367,106671,122162,2.00,-20
10> SPO2,368,106665,122169,9.00,0
10> SPO2,369,106674,122155,-4.00,-20<info> app: ***********  Application started  ***********
10> 
10> <info> app: [OK] NRF Power ON 0x0004. 
10> <info> app: Read MAC:D992B26C8203
10> <info> app: ***********  Sensor initial ***********
10> <info> app: [OK]	BMI160
10> <info> app: [OK]	SETUP ACC
10> <info> app: [OK]	SETUP STEP COUNT
10> <info> app: [OK]	FLASH MEMORY
10> <info> app: [OK]	Read and using configuration in flash memory
10> <info> app: [OK]	Using queue setting from flash memory
10> <info> app: gender in flash 1
10> <info> app: [OK]	OLED Initial
10> <info> app: [OK]	Max30102 Initial, Temperature 38.56
10> <info> app: ********** End sensor initial *********
10> 
10> <info> app: Erase bonds!
10> <info> app: BLE_ADV_EVT_FAST
10> <info> app: advertising is started
10> <info> app: [FALL] Device restart detected. It require setup timer from flash memory
10> 
10> <info> app: [OK]	FLASH MEMORY
10> <info> app: [OK] Pedo data with pages 1314
10> 
10> <error> app: [OK] Unix Time in flash 1543912740
10> <error> app: [OK] Unix Time in flash 1543912749
10> <error> app: [OK] Unix Time in flash 1543912759
10> <error> app: [OK] Unix Time in flash 1543912769
10> <error> app: [OK] Unix Time in flash 1543912779
10> <error> app: [OK] Unix Time in flash 1543912789
10> <error> app: [OK] Unix Time in flash 1543912799
10> <error> app: [OK] Unix Time in flash 1543912809
10> <info> app: BATT Reading...
10> <info> app: BATT Reading...
10> <info> app: BATT Reading...
10> <info> app: BATT Reading...
