# SEGGER J-Link RTT Viewer V6.16a Terminal Log File
# Compiled: 12:44:10 on Jun  6 2017
# Logging started @ 04 Dec 2018 16:14:25
10> <info> app: BATT Reading...
10> <info> app: Right Press
10> <info> app: Left Press
10> <info> app: [OK]	Max30102 Already and background working is begin
10> 
10> <info> app: BATT Reading...
10> <info> app: [OK]	HR sample count 708
10> <info> app: Peak Index,
10> ,74,132,191,287
10> ,END Peak Index,<info> app: HR Index,
10> ,122,120,73<info> app: HR Mean 105 
10> <info> app: HR SD 22.64 
10> <info> app: ^_^ Final HR 105 
10> <info> app: SPO2 Peak Index,
10> 
10> ,3174,41308,31,0
10> ,3240,41340,0,16256
10> ,3258,41351,37420,0
10> ,3307,41424,8192,16384
10> ,3322,41485,36084,0
10> ,3295,41564,8192,16384
10> ,3438,41869,36084,0
10> ,3368,41923,8192,16384
10> ,3418,41959,55184,0
10> ,3518,42040,8192,16448
10> ,3569,42158,17005,0
10> ,3550,42189,2,16512
10> ,3443,42025,31,0
10> ,3386,41992,0,16544
10> ,3106,41947,10,0
10> ,END SPO2 Peak Index,
10> 
10> SPO2,0,106816,134187,10.00,0
10> SPO2,1,106826,134173,-3.00,0
10> SPO2,2,106824,134199,22.00,0
10> SPO2,3,106824,134195,17.00,0
10> SPO2,4,106823,134198,19.00,0
10> SPO2,5,106830,134206,26.00,0
10> SPO2,6,106829,134202,21.00,0
10> SPO2,7,106816,134193,10.00,0
10> SPO2,8,106820,134194,11.00,-20
10> SPO2,9,106820,134204,20.00,0
10> SPO2,10,106827,134210,25.00,0
10> SPO2,11,106822,134197,11.00,0
10> SPO2,12,106810,134218,31.00,0
10> SPO2,13,106821,134228,40.00,20
10> SPO2,14,106819,134221,31.00,0
10> SPO2,15,106826,134229,37.00,0
10> SPO2,16,106827,134215,21.00,0
10> SPO2,17,106831,134217,22.00,0
10> SPO2,18,106826,134238,42.00,0
10> SPO2,19,106833,134230,32.00,0
10> SPO2,20,106832,134246,46.00,0
10> SPO2,21,106844,134236,34.00,0
10> SPO2,22,106841,134239,35.00,0
10> SPO2,23,106840,134227,22.00,0
10> SPO2,24,106842,134229,22.00,-20
10> SPO2,25,106830,134246,38.00,0
10> SPO2,26,106828,134237,27.00,0
10> SPO2,27,106826,134259,48.00,0
10> SPO2,28,106838,134240,27.00,0
10> SPO2,29,106840,134249,34.00,0
10> SPO2,30,106836,134252,35.00,0
10> SPO2,31,106833,134246,28.00,0
10> SPO2,32,106837,134260,40.00,0
10> SPO2,33,106833,134258,36.00,0
10> SPO2,34,106835,134260,36.00,0
10> SPO2,35,106845,134253,28.00,0
10> SPO2,36,106842,134262,35.00,0
10> SPO2,37,106837,134263,34.00,0
10> SPO2,38,106832,134274,44.00,0
10> SPO2,39,106839,134259,26.00,0
10> SPO2,40,106840,134271,37.00,0
10> SPO2,41,106846,134269,33.00,0
10> SPO2,42,106835,134275,37.00,0
10> SPO2,43,106852,134282,43.00,0
10> SPO2,44,106847,134286,44.00,0
10> SPO2,45,106867,134292,48.00,0
10> SPO2,46,106855,134301,55.00,20
10> SPO2,47,106854,134302,53.00,0
10> SPO2,48,106876,134312,60.00,20
10> SPO2,49,106865,134309,54.00,0
10> SPO2,50,106868,134304,47.00,0
10> SPO2,51,106876,134300,40.00,-20
10> SPO2,52,106867,134312,50.00,0
10> SPO2,53,106878,134321,57.00,0
10> SPO2,54,106888,134320,53.00,0
10> SPO2,55,106892,134323,53.00,0
10> SPO2,56,106902,134311,38.00,0
10> SPO2,57,106892,134320,45.00,0
10> SPO2,58,106895,134327,50.00,0
10> SPO2,59,106886,134329,50.00,0
10> SPO2,60,106886,134328,46.00,0
10> SPO2,61,106891,134332,48.00,0
10> SPO2,62,106881,134330,43.00,0
10> SPO2,63,106887,134343,54.00,20
10> SPO2,64,106887,134330,38.00,-20
10> SPO2,65,106900,134326,33.00,-20
10> SPO2,66,106895,134333,38.00,-20
10> SPO2,67,106896,134327,30.00,-20
10> SPO2,68,106890,134330,31.00,-20
10> SPO2,69,106900,134327,27.00,-20
10> SPO2,70,106904,134330,28.00,-20
10> SPO2,71,106907,134326,23.00,-20
10> SPO2,72,106903,134328,24.00,-20
10> SPO2,73,106920,134342,37.00,0
10> SPO2,74,106902,134339,32.00,0
10> SPO2,75,106910,134334,25.00,0
10> SPO2,76,106911,134330,20.00,0
10> SPO2,77,106910,134327,16.00,-20
10> SPO2,78,106898,134342,30.00,0
10> SPO2,79,106906,134335,22.00,0
10> SPO2,80,106923,134339,24.00,0
10> SPO2,81,106903,134345,29.00,0
10> SPO2,82,106912,134335,18.00,0
10> SPO2,83,106909,134334,16.00,0
10> SPO2,84,106907,134334,15.00,0
10> SPO2,85,106912,134332,12.00,0
10> SPO2,86,106888,134317,-2.00,-20
10> SPO2,87,106865,134321,1.00,-20
10> SPO2,88,106858,134305,-14.00,-20
10> SPO2,89,106856,134299,-20.00,-20
10> SPO2,90,106869,134300,-18.00,-20
10> SPO2,91,106859,134303,-14.00,-20
10> SPO2,92,106864,134298,-18.00,-20
10> SPO2,93,106867,134317,1.00,0
10> SPO2,94,106878,134324,8.00,0
10> SPO2,95,106890,134343,26.00,20
10> SPO2,96,106894,134346,28.00,20
10> SPO2,97,106901,134364,45.00,20
10> SPO2,98,106909,134360,38.00,20
10> SPO2,99,106915,134366,42.00,20
10> SPO2,100,106917,134354,28.00,0
10> SPO2,101,106933,134365,38.00,0
10> SPO2,102,106938,134370,41.00,20
10> SPO2,103,106943,134379,48.00,20
10> SPO2,104,106948,134373,39.00,0
10> SPO2,105,106960,134368,32.00,0
10> SPO2,106,106951,134359,22.00,-20
10> SPO2,107,106976,134364,26.00,-20
10> SPO2,108,106968,134364,24.00,0
10> SPO2,109,106986,134377,36.00,0
10> SPO2,110,106996,134386,43.00,0
10> SPO2,111,106999,134386,41.00,20
10> SPO2,112,106999,134384,37.00,0
10> SPO2,113,107008,134393,44.00,0
10> SPO2,114,107018,134376,25.00,0
10> SPO2,115,107010,134394,42.00,0
10> SPO2,116,107018,134389,35.00,0
10> SPO2,117,107008,134383,27.00,0
10> SPO2,118,107021,134376,18.00,-20
10> SPO2,119,107033,134385,26.00,0
10> SPO2,120,107043,134394,34.00,0
10> SPO2,121,107032,134388,26.00,0
10> SPO2,122,107034,134397,34.00,0
10> SPO2,123,107045,134391,26.00,0
10> SPO2,124,107032,134391,25.00,0
10> SPO2,125,107037,134388,21.00,0
10> SPO2,126,107041,134385,17.00,-20
10> SPO2,127,107047,134377,8.00,-20
10> SPO2,128,107040,134389,19.00,0
10> SPO2,129,107048,134378,7.00,-20
10> SPO2,130,107039,134378,7.00,-20
10> SPO2,131,107040,134368,-2.00,-20
10> SPO2,132,107042,134372,1.00,-20
10> SPO2,133,107035,134374,3.00,0
10> SPO2,134,107028,134376,5.00,0
10> SPO2,135,107016,134368,-3.00,0
10> SPO2,136,107028,134359,-12.00,-20
10> SPO2,137,107029,134369,-1.00,0
10> SPO2,138,107028,134362,-8.00,-20
10> SPO2,139,107035,134376,6.00,0
10> SPO2,140,107037,134343,-27.00,-20
10> SPO2,141,107043,134379,10.00,0
10> SPO2,142,107038,134354,-15.00,-20
10> SPO2,143,107044,134372,3.00,0
10> SPO2,144,107045,134369,0.00,0
10> SPO2,145,107056,134375,6.00,0
10> SPO2,146,107051,134349,-20.00,-20
10> SPO2,147,107053,134367,-1.00,0
10> SPO2,148,107061,134358,-10.00,-20
10> SPO2,149,107076,134382,14.00,20
10> SPO2,150,107089,134367,-1.00,0
10> SPO2,151,107100,134356,-12.00,-20
10> SPO2,152,107113,134383,15.00,20
10> SPO2,153,107111,134382,13.00,20
10> SPO2,154,107121,134393,23.00,20
10> SPO2,155,107121,134396,25.00,20
10> SPO2,156,107143,134413,41.00,20
10> SPO2,157,107143,134421,47.00,20
10> SPO2,158,107165,134424,48.00,20
10> SPO2,159,107169,134431,52.00,20
10> SPO2,160,107183,134428,46.00,20
10> SPO2,161,107192,134435,51.00,20
10> SPO2,162,107201,134445,59.00,20
10> SPO2,163,107224,134444,55.00,20
10> SPO2,164,107229,134459,67.00,20
10> SPO2,165,107232,134467,71.00,20
10> SPO2,166,107245,134477,78.00,20
10> SPO2,167,107261,134478,75.00,20
10> SPO2,168,107280,134471,64.00,0
10> SPO2,169,107293,134465,55.00,0
10> SPO2,170,107293,134477,64.00,0
10> SPO2,171,107294,134470,54.00,0
10> SPO2,172,107301,134471,52.00,0
10> SPO2,173,107316,134484,63.00,0
10> SPO2,174,107320,134480,55.00,0
10> SPO2,175,107339,134481,54.00,0
10> SPO2,176,107351,134485,55.00,0
10> SPO2,177,107354,134492,59.00,0
10> SPO2,178,107361,134490,54.00,0
10> SPO2,179,107367,134495,56.00,0
10> SPO2,180,107385,134494,53.00,0
10> SPO2,181,107397,134510,66.00,20
10> SPO2,182,107405,134485,38.00,-20
10> SPO2,183,107393,134494,45.00,-20
10> SPO2,184,107402,134492,40.00,-20
10> SPO2,185,107405,134473,19.00,-20
10> SPO2,186,107414,134464,9.00,-20
10> SPO2,187,107414,134455,0.00,-20
10> SPO2,188,107415,134452,-2.00,-20
10> SPO2,189,107429,134433,-21.00,-20
10> SPO2,190,107433,134427,-26.00,-20
10> SPO2,191,107442,134431,-21.00,-20
10> SPO2,192,107432,134432,-19.00,-20
10> SPO2,193,107434,134434,-16.00,-20
10> SPO2,194,107444,134431,-18.00,-20
10> SPO2,195,107444,134434,-14.00,-20
10> SPO2,196,107438,134450,2.00,0
10> SPO2,197,107436,134446,-1.00,-20
10> SPO2,198,107447,134443,-4.00,-20
10> SPO2,199,107429,134425,-22.00,-20
10> SPO2,200,107452,134449,2.00,0
10> SPO2,201,107454,134460,13.00,20
10> SPO2,202,107459,134440,-7.00,-20
10> SPO2,203,107460,134455,8.00,0
10> SPO2,204,107462,134453,5.00,0
10> SPO2,205,107459,134457,9.00,0
10> SPO2,206,107457,134457,9.00,0
10> SPO2,207,107465,134458,9.00,0
10> SPO2,208,107467,134457,8.00,0
10> SPO2,209,107467,134452,2.00,-20
10> SPO2,210,107484,134478,28.00,20
10> SPO2,211,107476,134460,9.00,0
10> SPO2,212,107478,134461,9.00,0
10> SPO2,213,107484,134482,30.00,20
10> SPO2,214,107494,134478,24.00,20
10> SPO2,215,107491,134484,29.00,20
10> SPO2,216,107481,134490,33.00,20
10> SPO2,217,107495,134479,21.00,0
10> SPO2,218,107478,134484,25.00,0
10> SPO2,219,107473,134466,5.00,-20
10> SPO2,220,107475,134473,12.00,-20
10> SPO2,221,107478,134469,8.00,-20
10> SPO2,222,107476,134480,18.00,0
10> SPO2,223,107473,134490,27.00,0
10> SPO2,224,107478,134477,13.00,0
10> SPO2,225,107479,134502,37.00,20
10> SPO2,226,107487,134493,26.00,0
10> SPO2,227,107482,134507,39.00,20
10> SPO2,228,107502,134504,34.00,0
10> SPO2,229,107498,134516,44.00,20
10> SPO2,230,107506,134521,47.00,20
10> SPO2,231,107498,134520,44.00,0
10> SPO2,232,107512,134509,30.00,0
10> SPO2,233,107517,134503,23.00,0
10> SPO2,234,107509,134509,28.00,0
10> SPO2,235,107523,134521,38.00,0
10> SPO2,236,107518,134509,24.00,0
10> SPO2,237,107528,134533,47.00,0
10> SPO2,238,107526,134539,51.00,20
10> SPO2,239,107541,134547,56.00,0
10> SPO2,240,107541,134568,74.00,20
10> SPO2,241,107523,134553,56.00,0
10> SPO2,242,107545,134561,61.00,0
10> SPO2,243,107558,134562,59.00,0
10> SPO2,244,107551,134585,79.00,20
10> SPO2,245,107558,134571,61.00,0
10> SPO2,246,107561,134590,77.00,20
10> SPO2,247,107576,134586,69.00,20
10> SPO2,248,107568,134581,60.00,0
10> SPO2,249,107561,134566,42.00,-20
10> SPO2,250,107570,134585,59.00,0
10> SPO2,251,107586,134567,38.00,-20
10> SPO2,252,107581,134557,26.00,-20
10> SPO2,253,107592,134553,21.00,-20
10> SPO2,254,107600,134550,17.00,-20
10> SPO2,255,107604,134553,19.00,-20
10> SPO2,256,107595,134564,29.00,0
10> SPO2,257,107608,134548,12.00,-20
10> SPO2,258,107595,134563,26.00,0
10> SPO2,259,107616,134560,22.00,0
10> SPO2,260,107602,134559,20.00,0
10> SPO2,261,107622,134570,30.00,0
10> SPO2,262,107612,134572,30.00,0
10> SPO2,263,107627,134574,30.00,0
10> SPO2,264,107629,134571,26.00,0
10> SPO2,265,107630,134573,27.00,0
10> SPO2,266,107634,134572,24.00,0
10> SPO2,267,107629,134579,30.00,0
10> SPO2,268,107647,134600,50.00,20
10> SPO2,269,107645,134600,47.00,20
10> SPO2,270,107665,134623,68.00,20
10> SPO2,271,107664,134596,37.00,0
10> SPO2,272,107673,134641,80.00,20
10> SPO2,273,107681,134626,61.00,20
10> SPO2,274,107683,134632,64.00,20
10> SPO2,275,107680,134636,65.00,20
10> SPO2,276,107693,134629,55.00,0
10> SPO2,277,107688,134629,52.00,0
10> SPO2,278,107682,134628,48.00,0
10> SPO2,279,107694,134616,34.00,-20
10> SPO2,280,107691,134605,21.00,-20
10> SPO2,281,107699,134622,37.00,0
10> SPO2,282,107705,134618,31.00,0
10> SPO2,283,107705,134626,38.00,0
10> SPO2,284,107703,134621,31.00,0
10> SPO2,285,107710,134606,14.00,-20
10> SPO2,286,107701,134615,22.00,-20
10> SPO2,287,107701,134607,13.00,-20
10> SPO2,288,107710,134603,9.00,-20
10> SPO2,289,107700,134592,-2.00,-20
10> SPO2,290,107704,134605,10.00,0
10> SPO2,291,107703,134603,8.00,0
10> SPO2,292,107719,134594,-1.00,-20
10> SPO2,293,107719,134599,3.00,0
10> SPO2,294,107710,134596,0.00,0
10> SPO2,295,107717,134596,0.00,0
10> SPO2,296,107714,134610,14.00,0
10> SPO2,297,107713,134614,17.00,20
10> SPO2,298,107723,134622,24.00,20
10> SPO2,299,107712,134605,6.00,0
10> SPO2,300,107725,134609,10.00,0
10> SPO2,301,107720,134606,6.00,0
10> SPO2,302,107704,134612,12.00,0
10> SPO2,303,107710,134608,7.00,0
10> SPO2,304,107710,134615,14.00,0
10> SPO2,305,107709,134594,-7.00,-20
10> SPO2,306,107701,134600,0.00,-20
10> SPO2,307,107703,134603,2.00,0
10> SPO2,308,107711,134598,-2.00,-20
10> SPO2,309,107697,134606,5.00,0
10> SPO2,310,107707,134592,-9.00,-20
10> SPO2,311,107702,134575,-25.00,-20
10> SPO2,312,107688,134563,-36.00,-20
10> SPO2,313,107690,134551,-46.00,-20
10> SPO2,314,107683,134552,-43.00,-20
10> SPO2,315,107664,134541,-52.00,-20
10> SPO2,316,107660,134550,-40.00,-20
10> SPO2,317,107661,134554,-34.00,-20
10> SPO2,318,107652,134535,-51.00,-20
10> SPO2,319,107641,134541,-43.00,-20
10> SPO2,320,107650,134527,-54.00,-20
10> SPO2,321,107637,134543,-36.00,-20
10> SPO2,322,107631,134559,-18.00,-20
10> SPO2,323,107630,134564,-12.00,-20
10> SPO2,324,107621,134560,-15.00,-20
10> SPO2,325,107617,134580,4.00,0
10> SPO2,326,107602,134564,-11.00,-20
10> SPO2,327,107602,134563,-11.00,-20
10> SPO2,328,107602,134566,-8.00,-20
10> SPO2,329,107599,134574,0.00,0
10> SPO2,330,107585,134569,-4.00,-20
10> SPO2,331,107601,134574,0.00,0
10> SPO2,332,107597,134558,-15.00,-20
10> SPO2,333,107578,134551,-21.00,-20
10> SPO2,334,107588,134532,-39.00,-20
10> SPO2,335,107581,134534,-35.00,-20
10> SPO2,336,107568,134534,-33.00,-20
10> SPO2,337,107578,134528,-38.00,-20
10> SPO2,338,107566,134524,-40.00,-20
10> SPO2,339,107570,134527,-35.00,-20
10> SPO2,340,107573,134536,-24.00,-20
10> SPO2,341,107558,134534,-25.00,-20
10> SPO2,342,107564,134522,-36.00,-20
10> SPO2,343,107548,134521,-35.00,-20
10> SPO2,344,107547,134517,-37.00,-20
10> SPO2,345,107554,134512,-40.00,-20
10> SPO2,346,107554,134523,-27.00,-20
10> SPO2,347,107552,134491,-58.00,-20
10> SPO2,348,107554,134496,-50.00,-20
10> SPO2,349,107548,134484,-59.00,-20
10> SPO2,350,107546,134487,-53.00,-20
10> SPO2,351,107542,134477,-61.00,-20
10> SPO2,352,107547,134469,-66.00,-20
10> SPO2,353,107535,134437,-94.00,-20
10> SPO2,354,107544,134464,-62.00,-20
10> SPO2,355,107551,134459,-64.00,-20
10> SPO2,356,107538,134443,-77.00,-20
10> SPO2,357,107532,134450,-66.00,-20
10> SPO2,358,107542,134457,-56.00,-20
10> SPO2,359,107529,134454,-56.00,-20
10> SPO2,360,107545,134464,-43.00,-20
10> SPO2,361,107555,134469,-36.00,-20
10> SPO2,362,107551,134455,-48.00,-20
10> SPO2,363,107543,134487,-14.00,-20
10> SPO2,364,107564,134481,-19.00,-20
10> SPO2,365,107554,134486,-13.00,-20
10> SPO2,366,107549,134476,-22.00,-20
10> SPO2,367,107555,134484,-13.00,-20
10> SPO2,368,107553,134483,-14.00,-20
10> SPO2,369,107550,134478,-18.00,-20
10> SPO2,370,107553,134467,-28.00,-20
10> SPO2,371,107567,134464,-30.00,-20
10> SPO2,372,107566,134476,-16.00,-20
10> SPO2,373,107565,134473,-18.00,-20
10> SPO2,374,107569,134480,-10.00,-20
10> SPO2,375,107581,134488,-2.00,0
10> SPO2,376,107570,134476,-14.00,-20
10> SPO2,377,107585,134481,-8.00,-20
10> SPO2,378,107572,134489,0.00,0
10> SPO2,379,107571,134483,-5.00,0
10> SPO2,380,107571,134476,-12.00,-20
10> SPO2,381,107577,134481,-7.00,0
10> SPO2,382,107573,134473,-14.00,-20
10> SPO2,383,107575,134463,-23.00,-20
10> SPO2,384,107568,134475,-10.00,0
10> SPO2,385,107565,134457,-28.00,-20
10> SPO2,386,107553,134465,-18.00,0
10> SPO2,387,107558,134471,-11.00,0
10> SPO2,388,107558,134479,-3.00,0
10> SPO2,389,107574,134469,-13.00,0
10> SPO2,390,107563,134473,-8.00,0
10> SPO2,391,107557,134497,15.00,0
10> SPO2,392,107552,134505,23.00,20
10> SPO2,393,107552,134489,6.00,0
10> SPO2,394,107561,134494,10.00,0
10> SPO2,395,107556,134484,0.00,0
10> SPO2,396,107557,134479,-4.00,0
10> SPO2,397,107551,134482,-1.00,0
10> SPO2,398,107539,134485,1.00,0
10> SPO2,399,107538,134478,-5.00,0
10> SPO2,400,107556,134487,3.00,0
10> SPO2,401,107541,134494,10.00,20
10> SPO2,402,107546,134486,1.00,0
10> SPO2,403,107553,134491,6.00,0
10> SPO2,404,107544,134494,9.00,0
10> SPO2,405,107550,134515,30.00,20
10> SPO2,406,107551,134510,23.00,20
10> SPO2,407,107539,134499,11.00,0
10> SPO2,408,107553,134508,19.00,0
10> SPO2,409,107547,134514,24.00,20
10> SPO2,410,107541,134504,13.00,0
10> SPO2,411,107547,134496,4.00,-20
10> SPO2,412,107554,134505,13.00,0
10> SPO2,413,107535,134494,1.00,-20
10> SPO2,414,107534,134494,1.00,-20
10> SPO2,415,107534,134490,-2.00,-20
10> SPO2,416,107527,134487,-5.00,-20
10> SPO2,417,107522,134487,-4.00,-20
10> SPO2,418,107528,134477,-14.00,-20
10> SPO2,419,107534,134488,-2.00,0
10> SPO2,420,107539,134478,-12.00,-20
10> SPO2,421,107524,134471,-19.00,-20
10> SPO2,422,107533,134488,-1.00,0
10> SPO2,423,107538,134479,-10.00,-20
10> SPO2,424,107529,134479,-9.00,-20
10> SPO2,425,107531,134478,-10.00,-20
10> SPO2,426,107542,134477,-10.00,-20
10> SPO2,427,107527,134477,-10.00,-20
10> SPO2,428,107521,134462,-24.00,-20
10> SPO2,429,107538,134475,-10.00,-20
10> SPO2,430,107533,134470,-14.00,-20
10> SPO2,431,107524,134472,-12.00,-20
10> SPO2,432,107539,134479,-4.00,-20
10> SPO2,433,107525,134477,-6.00,-20
10> SPO2,434,107534,134472,-10.00,-20
10> SPO2,435,107524,134472,-10.00,-20
10> SPO2,436,107537,134473,-8.00,-20
10> SPO2,437,107531,134478,-3.00,-20
10> SPO2,438,107527,134478,-3.00,-20
10> SPO2,439,107525,134467,-14.00,-20
10> SPO2,440,107521,134471,-9.00,-20
10> SPO2,441,107509,134462,-17.00,-20
10> SPO2,442,107532,134461,-18.00,-20
10> SPO2,443,107527,134457,-21.00,-20
10> SPO2,444,107527,134463,-14.00,-20
10> SPO2,445,107524,134462,-14.00,-20
10> SPO2,446,107518,134456,-19.00,-20
10> SPO2,447,107514,134451,-23.00,-20
10> SPO2,448,107524,134460,-13.00,-20
10> SPO2,449,107531,134463,-9.00,-20
10> SPO2,450,107525,134467,-5.00,-20
10> SPO2,451,107529,134455,-17.00,-20
10> SPO2,452,107514,134478,6.00,0
10> SPO2,453,107525,134471,0.00,0
10> SPO2,454,107539,134468,-3.00,0
10> SPO2,455,107528,134460,-11.00,-20
10> SPO2,456,107527,134455,-15.00,-20
10> SPO2,457,107522,134460,-9.00,-20
10> SPO2,458,107521,134466,-3.00,0
10> SPO2,459,107515,134471,1.00,0
10> SPO2,460,107519,134462,-7.00,0
10> SPO2,461,107509,134464,-5.00,0
10> SPO2,462,107506,134468,0.00,0
10> SPO2,463,107508,134462,-6.00,0
10> SPO2,464,107523,134462,-6.00,0
10> SPO2,465,107527,134470,1.00,0
10> SPO2,466,107527,134469,0.00,0
10> SPO2,467,107515,134461,-7.00,0
10> SPO2,468,107513,134456,-11.00,0
10> SPO2,469,107518,134463,-4.00,0
10> SPO2,470,107519,134459,-8.00,0
10> SPO2,471,107517,134463,-3.00,0
10> SPO2,472,107516,134475,8.00,20
10> SPO2,473,107528,134454,-12.00,0
10> SPO2,474,107526,134458,-8.00,0
10> SPO2,475,107525,134447,-18.00,-20
10> SPO2,476,107511,134443,-21.00,-20
10> SPO2,477,107491,134413,-50.00,-20
10> SPO2,478,107511,134428,-33.00,-20
10> SPO2,479,107499,134412,-47.00,-20
10> SPO2,480,107494,134411,-46.00,-20
10> SPO2,481,107499,134414,-40.00,-20
10> SPO2,482,107494,134409,-43.00,-20
10> SPO2,483,107508,134391,-59.00,-20
10> SPO2,484,107495,134395,-52.00,-20
10> SPO2,485,107493,134393,-52.00,-20
10> SPO2,486,107486,134381,-61.00,-20
10> SPO2,487,107489,134371,-68.00,-20
10> SPO2,488,107481,134361,-74.00,-20
10> SPO2,489,107482,134375,-57.00,-20
10> SPO2,490,107486,134353,-76.00,-20
10> SPO2,491,107475,134355,-70.00,-20
10> SPO2,492,107496,134344,-78.00,-20
10> SPO2,493,107476,134351,-67.00,-20
10> SPO2,494,107480,134337,-77.00,-20
10> SPO2,495,107471,134343,-67.00,-20
10> SPO2,496,107493,134334,-73.00,-20
10> SPO2,497,107486,134333,-70.00,-20
10> SPO2,498,107496,134337,-63.00,-20
10> SPO2,499,107478,134330,-67.00,-20
10> SPO2,500,107484,134323,-70.00,-20
10> SPO2,501,107464,134328,-62.00,-20
10> SPO2,502,107478,134310,-77.00,-20
10> SPO2,503,107463,134305,-78.00,-20
10> SPO2,504,107453,134323,-56.00,-20
10> SPO2,505,107468,134316,-60.00,-20
10> SPO2,506,107470,134306,-67.00,-20
10> SPO2,507,107461,134303,-67.00,-20
10> SPO2,508,107451,134307,-59.00,-20
10> SPO2,509,107471,134296,-67.00,-20
10> SPO2,510,107464,134306,-54.00,-20
10> SPO2,511,107463,134296,-61.00,-20
10> SPO2,512,107461,134287,-67.00,-20
10> SPO2,513,107459,134285,-66.00,-20
10> SPO2,514,107462,134288,-59.00,-20
10> SPO2,515,107454,134268,-76.00,-20
10> SPO2,516,107452,134281,-60.00,-20
10> SPO2,517,107456,134272,-66.00,-20
10> SPO2,518,107454,134253,-81.00,-20
10> SPO2,519,107442,134265,-65.00,-20
10> SPO2,520,107440,134260,-67.00,-20
10> SPO2,521,107436,134260,-64.00,-20
10> SPO2,522,107453,134268,-52.00,-20
10> SPO2,523,107447,134257,-61.00,-20
10> SPO2,524,107445,134262,-53.00,-20
10> SPO2,525,107447,134245,-67.00,-20
10> SPO2,526,107444,134245,-64.00,-20
10> SPO2,527,107442,134249,-56.00,-20
10> SPO2,528,107437,134241,-62.00,-20
10> SPO2,529,107437,134250,-49.00,-20
10> SPO2,530,107437,134240,-57.00,-20
10> SPO2,531,107440,134238,-56.00,-20
10> SPO2,532,107437,134231,-60.00,-20
10> SPO2,533,107443,134231,-57.00,-20
10> SPO2,534,107427,134241,-44.00,-20
10> SPO2,535,107431,134227,-56.00,-20
10> SPO2,536,107427,134235,-45.00,-20
10> SPO2,537,107428,134237,-41.00,-20
10> SPO2,538,107437,134224,-52.00,-20
10> SPO2,539,107444,134226,-47.00,-20
10> SPO2,540,107444,134244,-27.00,-20
10> SPO2,541,107441,134246,-24.00,-20
10> SPO2,542,107442,134249,-19.00,-20
10> SPO2,543,107431,134265,-2.00,-20
10> SPO2,544,107433,134246,-21.00,-20
10> SPO2,545,107437,134261,-5.00,-20
10> SPO2,546,107426,134260,-6.00,-20
10> SPO2,547,107440,134248,-17.00,-20
10> SPO2,548,107435,134247,-18.00,-20
10> SPO2,549,107429,134256,-8.00,-20
10> SPO2,550,107446,134267,3.00,0
10> SPO2,551,107430,134249,-14.00,-20
10> SPO2,552,107433,134266,2.00,0
10> SPO2,553,107413,134241,-22.00,-20
10> SPO2,554,107415,134252,-10.00,-20
10> SPO2,555,107427,134268,6.00,0
10> SPO2,556,107428,134256,-6.00,-20
10> SPO2,557,107430,134256,-5.00,-20
10> SPO2,558,107429,134255,-6.00,-20
10> SPO2,559,107429,134265,3.00,0
10> SPO2,560,107436,134255,-6.00,-20
10> SPO2,561,107433,134264,3.00,0
10> SPO2,562,107421,134243,-18.00,-20
10> SPO2,563,107428,134248,-12.00,-20
10> SPO2,564,107425,134237,-22.00,-20
10> SPO2,565,107427,134238,-20.00,-20
10> SPO2,566,107426,134242,-15.00,-20
10> SPO2,567,107417,134243,-13.00,-20
10> SPO2,568,107429,134237,-19.00,-20
10> SPO2,569,107426,134252,-3.00,-20
10> SPO2,570,107420,134242,-12.00,-20
10> SPO2,571,107415,134249,-5.00,-20
10> SPO2,572,107420,134234,-19.00,-20
10> SPO2,573,107417,134240,-12.00,-20
10> SPO2,574,107428,134251,-1.00,0
10> SPO2,575,107425,134255,2.00,0
10> SPO2,576,107416,134238,-14.00,-20
10> SPO2,577,107430,134245,-6.00,-20
10> SPO2,578,107415,134236,-15.00,-20
10> SPO2,579,107418,134239,-11.00,-20
10> SPO2,580,107412,134244,-6.00,-20
10> SPO2,581,107410,134236,-13.00,-20
10> SPO2,582,107420,134240,-9.00,-20
10> SPO2,583,107406,134242,-6.00,-20
10> SPO2,584,107413,134241,-7.00,-20
10> SPO2,585,107414,134226,-21.00,-20
10> SPO2,586,107416,134224,-22.00,-20
10> SPO2,587,107407,134223,-22.00,-20
10> SPO2,588,107409,134201,-43.00,-20
10> SPO2,589,107394,134216,-26.00,-20
10> SPO2,590,107402,134190,-51.00,-20
10> SPO2,591,107400,134195,-43.00,-20
10> SPO2,592,107389,134172,-64.00,-20
10> SPO2,593,107397,134165,-68.00,-20
10> SPO2,594,107400,134151,-78.00,-20
10> SPO2,595,107382,134130,-95.00,-20
10> SPO2,596,107385,134123,-97.00,-20
10> SPO2,597,107398,134116,-100.00,-20
10> SPO2,598,107405,134115,-96.00,-20
10> SPO2,599,107401,134105,-101.00,-20
10> SPO2,600,107405,134093,-108.00,-20
10> SPO2,601,107397,134108,-87.00,-20
10> SPO2,602,107409,134104,-87.00,-20
10> SPO2,603,107416,134105,-82.00,-20
10> SPO2,604,107418,134101,-81.00,-20
10> SPO2,605,107413,134108,-70.00,-20
10> SPO2,606,107417,134101,-74.00,-20
10> SPO2,607,107416,134104,-67.00,-20
10> SPO2,608,107422,134099,-69.00,-20
10> SPO2,609,107437,134093,-71.00,-20
10> SPO2,610,107418,134092,-69.00,-20
10> SPO2,611,107423,134090,-67.00,-20
10> SPO2,612,107431,134099,-55.00,-20
10> SPO2,613,107431,134100,-51.00,-20
10> SPO2,614,107439,134105,-43.00,-20
10> SPO2,615,107439,134098,-48.00,-20
10> SPO2,616,107443,134091,-53.00,-20
10> SPO2,617,107430,134104,-37.00,-20
10> SPO2,618,107428,134114,-25.00,-20
10> SPO2,619,107444,134108,-30.00,-20
10> SPO2,620,107436,134100,-36.00,-20
10> SPO2,621,107448,134095,-40.00,-20
10> SPO2,622,107436,134110,-23.00,-20
10> SPO2,623,107445,134108,-23.00,-20
10> SPO2,624,107446,134102,-28.00,-20
10> SPO2,625,107429,134114,-15.00,-20
10> SPO2,626,107443,134103,-25.00,-20
10> SPO2,627,107432,134107,-20.00,-20
10> SPO2,628,107445,134115,-11.00,-20
10> SPO2,629,107438,134109,-16.00,-20
10> SPO2,630,107438,134123,-1.00,0
10> SPO2,631,107434,134108,-16.00,-20
10> SPO2,632,107452,134112,-11.00,-20
10> SPO2,633,107441,134110,-13.00,-20
10> SPO2,634,107438,134116,-6.00,-20
10> SPO2,635,107439,134114,-8.00,-20
10> SPO2,636,107447,134099,-22.00,-20
10> SPO2,637,107433,134106,-14.00,-20
10> SPO2,638,107441,134118,-2.00,0
10> SPO2,639,107451,134103,-16.00,-20
10> SPO2,640,107459,134108,-11.00,-20
10> SPO2,641,107439,134114,-4.00,0
10> SPO2,642,107440,134114,-4.00,0
10> SPO2,643,107452,134114,-4.00,0
10> SPO2,644,107447,134125,7.00,0
10> SPO2,645,107456,134127,8.00,0
10> SPO2,646,107446,134124,5.00,0
10> SPO2,647,107449,134138,19.00,20
10> SPO2,648,107439,134136,16.00,0
10> SPO2,649,107439,134122,1.00,0
10> SPO2,650,107462,134134,13.00,0
10> SPO2,651,107459,134131,9.00,0
10> SPO2,652,107470,134134,12.00,0
10> SPO2,653,107452,134140,17.00,0
10> SPO2,654,107459,134136,12.00,0
10> SPO2,655,107463,134138,13.00,0
10> SPO2,656,107462,134140,15.00,0
10> SPO2,657,107459,134142,16.00,0
10> SPO2,658,107460,134136,9.00,0
10> SPO2,659,107464,134157,30.00,20
10> SPO2,660,107464,134142,13.00,0
10> SPO2,661,107458,134150,21.00,20
10> SPO2,662,107460,134143,12.00,0
10> SPO2,663,107461,134144,13.00,0
10> SPO2,664,107464,134159,27.00,20
10> SPO2,665,107465,134154,21.00,20
10> SPO2,666,107464,134158,24.00,20
10> SPO2,667,107469,134156,20.00,0
10> SPO2,668,107483,134167,30.00,20
10> SPO2,669,107459,134173,35.00,20
10> SPO2,670,107466,134171,31.00,20
10> SPO2,671,107467,134172,31.00,20
10> SPO2,672,107468,134178,35.00,20
10> SPO2,673,107458,134174,29.00,0
10> SPO2,674,107477,134170,24.00,0
10> SPO2,675,107483,134168,21.00,-20
10> SPO2,676,107467,134179,30.00,0
10> SPO2,677,107464,134182,32.00,0
10> SPO2,678,107470,134171,19.00,0
10> SPO2,679,107469,134190,37.00,0
10> SPO2,680,107460,134177,22.00,0
10> SPO2,681,107470,134189,33.00,0
10> SPO2,682,107462,134185,28.00,0
10> SPO2,683,107478,134183,24.00,0
10> SPO2,684,107475,134174,14.00,0
10> SPO2,685,107476,134185,24.00,0
10> SPO2,686,107475,134189,27.00,0
10> SPO2,687,107472,134200,37.00,0
10> SPO2,688,107471,134202,37.00,0
10> SPO2,689,107472,134200,33.00,0
10> SPO2,690,107482,134188,19.00,0
10> SPO2,691,107470,134196,26.00,0
10> SPO2,692,107490,134209,38.00,0
10> SPO2,693,107489,134208,35.00,0
10> SPO2,694,107473,134209,34.00,0
10> SPO2,695,107475,134208,31.00,0
10> SPO2,696,107483,134211,33.00,0
10> SPO2,697,107477,134208,28.00,0
10> SPO2,698,107467,134196,15.00,-20
10> SPO2,699,107467,134196,14.00,-20
10> SPO2,700,107482,134187,4.00,-20
10> SPO2,701,107470,134191,8.00,-20
10> SPO2,702,107475,134189,6.00,-20
10> SPO2,703,107476,134184,0.00,-20
10> SPO2,704,107455,134184,0.00,-20
10> SPO2,705,107461,134171,-12.00,-20
10> SPO2,706,107451,134180,-2.00,-20
10> SPO2,707,107456,134168,-14.00,-20<info> app: BATT Reading...
10> <info> app: [OK]	LED Power 125
10> <info> app: BATT Reading...
10> <info> app: [OK]	HR sample count 708
10> <info> app: Peak Index,
10> ,30,115,224,458,501,642
10> ,END Peak Index,<info> app: HR Index,
10> ,83,64,50<info> app: HR Mean 65 
10> <info> app: HR SD 13.52 
10> <info> app: ^_^ Final HR 85 
10> <info> app: SPO2 Peak Index,
10> 
10> ,64465,38047,30,0
10> ,64341,38078,0,16752
10> ,64300,38033,37420,0
10> ,64212,38028,8192,16720
10> ,64183,38115,36084,0
10> ,64390,38128,8192,16688
10> ,64672,38076,36084,0
10> ,64340,37498,8192,16656
10> ,64349,37523,55184,0
10> ,64433,37639,8192,16608
10> ,64459,37653,17005,0
10> ,64471,37670,2,16544
10> ,END SPO2 Peak Index,
10> 
10> SPO2,0,103466,129909,-24.00,0
10> SPO2,1,103458,129907,-25.00,0
10> SPO2,2,103459,129922,-9.00,0
10> SPO2,3,103468,129914,-16.00,0
10> SPO2,4,103469,129899,-30.00,0
10> SPO2,5,103469,129910,-18.00,0
10> SPO2,6,103482,129900,-27.00,0
10> SPO2,7,103469,129899,-27.00,0
10> SPO2,8,103471,129896,-28.00,0
10> SPO2,9,103481,129878,-45.00,-20
10> SPO2,10,103484,129884,-36.00,0
10> SPO2,11,103468,129893,-26.00,0
10> SPO2,12,103485,129867,-50.00,0
10> SPO2,13,103472,129874,-41.00,0
10> SPO2,14,103479,129870,-43.00,0
10> SPO2,15,103471,129846,-65.00,0
10> SPO2,16,103489,129879,-28.00,0
10> SPO2,17,103480,129858,-48.00,0
10> SPO2,18,103479,129872,-31.00,0
10> SPO2,19,103476,129859,-43.00,0
10> SPO2,20,103491,129871,-29.00,0
10> SPO2,21,103492,129863,-35.00,0
10> SPO2,22,103485,129853,-43.00,0
10> SPO2,23,103493,129843,-51.00,0
10> SPO2,24,103498,129844,-48.00,0
10> SPO2,25,103499,129844,-45.00,0
10> SPO2,26,103499,129844,-43.00,0
10> SPO2,27,103498,129845,-40.00,0
10> SPO2,28,103494,129847,-36.00,20
10> SPO2,29,103498,129859,-22.00,20
10> SPO2,30,103512,129842,-38.00,0
10> SPO2,31,103513,129846,-32.00,0
10> SPO2,32,103511,129832,-44.00,0
10> SPO2,33,103521,129844,-30.00,0
10> SPO2,34,103522,129850,-23.00,0
10> SPO2,35,103519,129843,-28.00,0
10> SPO2,36,103522,129843,-27.00,0
10> SPO2,37,103516,129842,-27.00,0
10> SPO2,38,103526,129845,-22.00,0
10> SPO2,39,103523,129853,-13.00,20
10> SPO2,40,103520,129841,-24.00,0
10> SPO2,41,103522,129830,-34.00,0
10> SPO2,42,103525,129835,-27.00,0
10> SPO2,43,103530,129837,-24.00,0
10> SPO2,44,103533,129838,-22.00,0
10> SPO2,45,103541,129848,-11.00,0
10> SPO2,46,103532,129844,-14.00,20
10> SPO2,47,103544,129843,-14.00,0
10> SPO2,48,103530,129831,-26.00,0
10> SPO2,49,103534,129849,-6.00,0
10> SPO2,50,103539,129830,-25.00,0
10> SPO2,51,103531,129830,-24.00,0
10> SPO2,52,103536,129839,-14.00,0
10> SPO2,53,103535,129843,-9.00,0
10> SPO2,54,103545,129837,-14.00,0
10> SPO2,55,103542,129839,-12.00,0
10> SPO2,56,103550,129836,-14.00,0
10> SPO2,57,103542,129840,-9.00,0
10> SPO2,58,103543,129850,0.00,20
10> SPO2,59,103550,129848,-1.00,20
10> SPO2,60,103542,129843,-6.00,0
10> SPO2,61,103547,129848,0.00,0
10> SPO2,62,103544,129843,-5.00,0
10> SPO2,63,103548,129851,2.00,0
10> SPO2,64,103546,129856,7.00,0
10> SPO2,65,103558,129840,-9.00,0
10> SPO2,66,103553,129847,-1.00,0
10> SPO2,67,103550,129846,-2.00,0
10> SPO2,68,103542,129840,-8.00,0
10> SPO2,69,103538,129846,-1.00,0
10> SPO2,70,103550,129845,-2.00,0
10> SPO2,71,103549,129853,5.00,0
10> SPO2,72,103539,129855,6.00,20
10> SPO2,73,103555,129855,6.00,0
10> SPO2,74,103549,129862,13.00,0
10> SPO2,75,103546,129879,29.00,20
10> SPO2,76,103556,129864,13.00,0
10> SPO2,77,103550,129859,7.00,0
10> SPO2,78,103549,129883,31.00,20
10> SPO2,79,103541,129873,19.00,0
10> SPO2,80,103534,129888,33.00,20
10> SPO2,81,103539,129899,42.00,20
10> SPO2,82,103541,129902,43.00,20
10> SPO2,83,103554,129896,35.00,0
10> SPO2,84,103550,129917,54.00,20
10> SPO2,85,103544,129923,58.00,20
10> SPO2,86,103554,129929,61.00,20
10> SPO2,87,103564,129941,70.00,20
10> SPO2,88,103562,129958,83.00,20
10> SPO2,89,103580,129967,88.00,20
10> SPO2,90,103564,129977,93.00,20
10> SPO2,91,103566,129976,88.00,20
10> SPO2,92,103570,129984,91.00,20
10> SPO2,93,103578,129980,83.00,0
10> SPO2,94,103567,130001,100.00,20
10> SPO2,95,103575,130001,95.00,20
10> SPO2,96,103583,129980,69.00,-20
10> SPO2,97,103578,129980,65.00,-20
10> SPO2,98,103584,129994,76.00,-20
10> SPO2,99,103573,129985,63.00,-20
10> SPO2,100,103586,129983,58.00,-20
10> SPO2,101,103587,129969,41.00,-20
10> SPO2,102,103597,129995,65.00,0
10> SPO2,103,103583,129988,55.00,0
10> SPO2,104,103594,129976,40.00,-20
10> SPO2,105,103589,129983,45.00,-20
10> SPO2,106,103599,129993,53.00,0
10> SPO2,107,103599,129983,40.00,0
10> SPO2,108,103585,129987,42.00,0
10> SPO2,109,103587,129975,28.00,-20
10> SPO2,110,103577,129961,12.00,-20
10> SPO2,111,103561,129941,-7.00,-20
10> SPO2,112,103566,129940,-8.00,-20
10> SPO2,113,103566,129919,-28.00,-20
10> SPO2,114,103561,129908,-38.00,-20
10> SPO2,115,103557,129903,-41.00,-20
10> SPO2,116,103577,129883,-59.00,-20
10> SPO2,117,103560,129887,-52.00,-20
10> SPO2,118,103560,129872,-64.00,-20
10> SPO2,119,103557,129867,-66.00,-20
10> SPO2,120,103552,129874,-56.00,-20
10> SPO2,121,103548,129882,-45.00,-20
10> SPO2,122,103555,129858,-67.00,-20
10> SPO2,123,103538,129832,-89.00,-20
10> SPO2,124,103555,129839,-78.00,-20
10> SPO2,125,103538,129830,-83.00,-20
10> SPO2,126,103529,129833,-76.00,-20
10> SPO2,127,103538,129833,-72.00,-20
10> SPO2,128,103553,129837,-64.00,-20
10> SPO2,129,103540,129836,-62.00,-20
10> SPO2,130,103556,129832,-63.00,-20
10> SPO2,131,103556,129836,-56.00,-20
10> SPO2,132,103555,129835,-54.00,-20
10> SPO2,133,103555,129826,-60.00,-20
10> SPO2,134,103552,129823,-60.00,-20
10> SPO2,135,103550,129810,-70.00,-20
10> SPO2,136,103564,129810,-67.00,-20
10> SPO2,137,103548,129814,-59.00,-20
10> SPO2,138,103560,129821,-49.00,-20
10> SPO2,139,103564,129807,-61.00,-20
10> SPO2,140,103562,129813,-52.00,-20
10> SPO2,141,103547,129830,-32.00,-20
10> SPO2,142,103562,129826,-34.00,-20
10> SPO2,143,103559,129824,-35.00,-20
10> SPO2,144,103554,129822,-35.00,-20
10> SPO2,145,103566,129823,-32.00,-20
10> SPO2,146,103562,129816,-38.00,-20
10> SPO2,147,103570,129820,-32.00,-20
10> SPO2,148,103573,129830,-20.00,-20
10> SPO2,149,103574,129831,-18.00,-20
10> SPO2,150,103571,129815,-33.00,-20
10> SPO2,151,103566,129829,-17.00,-20
10> SPO2,152,103563,129818,-28.00,-20
10> SPO2,153,103564,129825,-19.00,-20
10> SPO2,154,103574,129823,-20.00,-20
10> SPO2,155,103566,129809,-33.00,-20
10> SPO2,156,103564,129836,-4.00,0
10> SPO2,157,103580,129827,-13.00,-20
10> SPO2,158,103571,129824,-15.00,-20
10> SPO2,159,103578,129815,-24.00,-20
10> SPO2,160,103576,129823,-14.00,-20
10> SPO2,161,103585,129827,-10.00,-20
10> SPO2,162,103578,129832,-4.00,0
10> SPO2,163,103577,129817,-19.00,-20
10> SPO2,164,103575,129828,-7.00,0
10> SPO2,165,103586,129822,-13.00,-20
10> SPO2,166,103581,129819,-15.00,-20
10> SPO2,167,103586,129818,-15.00,0
10> SPO2,168,103576,129813,-19.00,-20
10> SPO2,169,103592,129817,-14.00,0
10> SPO2,170,103586,129828,-3.00,0
10> SPO2,171,103584,129821,-10.00,0
10> SPO2,172,103581,129840,9.00,0
10> SPO2,173,103592,129843,12.00,0
10> SPO2,174,103572,129831,0.00,0
10> SPO2,175,103580,129839,7.00,0
10> SPO2,176,103581,129846,14.00,0
10> SPO2,177,103592,129856,23.00,0
10> SPO2,178,103593,129836,2.00,0
10> SPO2,179,103588,129829,-4.00,0
10> SPO2,180,103596,129829,-4.00,0
10> SPO2,181,103601,129840,6.00,0
10> SPO2,182,103591,129842,8.00,0
10> SPO2,183,103589,129836,1.00,0
10> SPO2,184,103596,129833,-1.00,0
10> SPO2,185,103594,129845,10.00,0
10> SPO2,186,103602,129837,2.00,0
10> SPO2,187,103583,129851,16.00,0
10> SPO2,188,103601,129844,8.00,0
10> SPO2,189,103596,129847,10.00,0
10> SPO2,190,103597,129848,11.00,0
10> SPO2,191,103587,129846,8.00,0
10> SPO2,192,103593,129851,13.00,0
10> SPO2,193,103586,129859,20.00,20
10> SPO2,194,103601,129850,10.00,0
10> SPO2,195,103594,129854,14.00,0
10> SPO2,196,103614,129847,6.00,0
10> SPO2,197,103604,129861,20.00,20
10> SPO2,198,103599,129864,22.00,20
10> SPO2,199,103598,129864,20.00,20
10> SPO2,200,103596,129862,17.00,0
10> SPO2,201,103600,129877,32.00,20
10> SPO2,202,103591,129867,20.00,0
10> SPO2,203,103596,129861,13.00,0
10> SPO2,204,103611,129864,15.00,0
10> SPO2,205,103597,129865,15.00,0
10> SPO2,206,103588,129862,12.00,0
10> SPO2,207,103596,129859,8.00,0
10> SPO2,208,103598,129875,24.00,20
10> SPO2,209,103601,129870,17.00,0
10> SPO2,210,103605,129867,14.00,0
10> SPO2,211,103579,129866,12.00,0
10> SPO2,212,103586,129873,18.00,0
10> SPO2,213,103595,129873,17.00,0
10> SPO2,214,103575,129852,-4.00,-20
10> SPO2,215,103599,129851,-4.00,-20
10> SPO2,216,103596,129857,1.00,-20
10> SPO2,217,103579,129854,-1.00,-20
10> SPO2,218,103591,129875,19.00,0
10> SPO2,219,103589,129851,-5.00,0
10> SPO2,220,103574,129843,-13.00,-20
10> SPO2,221,103578,129856,0.00,0
10> SPO2,222,103575,129840,-15.00,0
10> SPO2,223,103578,129844,-10.00,0
10> SPO2,224,103585,129836,-18.00,0
10> SPO2,225,103577,129824,-29.00,-20
10> SPO2,226,103562,129836,-15.00,0
10> SPO2,227,103581,129832,-19.00,0
10> SPO2,228,103570,129828,-22.00,0
10> SPO2,229,103571,129820,-29.00,0
10> SPO2,230,103560,129830,-17.00,0
10> SPO2,231,103560,129821,-25.00,0
10> SPO2,232,103565,129826,-19.00,0
10> SPO2,233,103557,129829,-15.00,0
10> SPO2,234,103543,129840,-3.00,20
10> SPO2,235,103563,129822,-21.00,0
10> SPO2,236,103560,129822,-20.00,0
10> SPO2,237,103569,129818,-23.00,0
10> SPO2,238,103552,129825,-15.00,0
10> SPO2,239,103559,129836,-3.00,0
10> SPO2,240,103555,129812,-27.00,0
10> SPO2,241,103551,129810,-27.00,0
10> SPO2,242,103546,129806,-30.00,0
10> SPO2,243,103541,129802,-33.00,0
10> SPO2,244,103544,129798,-35.00,0
10> SPO2,245,103535,129813,-18.00,0
10> SPO2,246,103548,129784,-46.00,-20
10> SPO2,247,103539,129806,-22.00,0
10> SPO2,248,103551,129811,-16.00,0
10> SPO2,249,103546,129811,-15.00,0
10> SPO2,250,103542,129799,-26.00,0
10> SPO2,251,103538,129802,-22.00,0
10> SPO2,252,103537,129788,-35.00,0
10> SPO2,253,103540,129795,-26.00,0
10> SPO2,254,103545,129796,-24.00,0
10> SPO2,255,103548,129789,-29.00,0
10> SPO2,256,103536,129793,-24.00,0
10> SPO2,257,103543,129763,-53.00,-20
10> SPO2,258,103537,129763,-50.00,-20
10> SPO2,259,103536,129781,-30.00,0
10> SPO2,260,103521,129765,-44.00,0
10> SPO2,261,103529,129777,-30.00,0
10> SPO2,262,103545,129760,-45.00,0
10> SPO2,263,103531,129770,-33.00,0
10> SPO2,264,103550,129758,-43.00,0
10> SPO2,265,103526,129743,-56.00,-20
10> SPO2,266,103534,129753,-43.00,0
10> SPO2,267,103528,129734,-60.00,0
10> SPO2,268,103536,129730,-61.00,0
10> SPO2,269,103533,129727,-61.00,0
10> SPO2,270,103536,129716,-69.00,0
10> SPO2,271,103532,129715,-66.00,0
10> SPO2,272,103537,129728,-50.00,0
10> SPO2,273,103532,129719,-57.00,0
10> SPO2,274,103537,129714,-59.00,0
10> SPO2,275,103528,129716,-54.00,0
10> SPO2,276,103540,129706,-61.00,0
10> SPO2,277,103544,129704,-60.00,0
10> SPO2,278,103542,129713,-48.00,0
10> SPO2,279,103533,129716,-43.00,20
10> SPO2,280,103542,129709,-47.00,0
10> SPO2,281,103543,129733,-21.00,0
10> SPO2,282,103547,129725,-28.00,0
10> SPO2,283,103533,129748,-3.00,0
10> SPO2,284,103541,129730,-21.00,0
10> SPO2,285,103550,129743,-7.00,0
10> SPO2,286,103542,129743,-7.00,0
10> SPO2,287,103549,129739,-10.00,0
10> SPO2,288,103558,129741,-8.00,0
10> SPO2,289,103549,129744,-4.00,0
10> SPO2,290,103549,129734,-14.00,0
10> SPO2,291,103551,129738,-9.00,0
10> SPO2,292,103557,129732,-15.00,0
10> SPO2,293,103540,129736,-10.00,0
10> SPO2,294,103561,129730,-16.00,0
10> SPO2,295,103564,129730,-15.00,0
10> SPO2,296,103541,129728,-16.00,0
10> SPO2,297,103547,129724,-19.00,0
10> SPO2,298,103555,129721,-21.00,0
10> SPO2,299,103548,129728,-13.00,0
10> SPO2,300,103559,129716,-25.00,-20
10> SPO2,301,103550,129739,0.00,20
10> SPO2,302,103566,129733,-6.00,0
10> SPO2,303,103557,129727,-12.00,0
10> SPO2,304,103563,129734,-4.00,0
10> SPO2,305,103550,129731,-7.00,0
10> SPO2,306,103559,129740,1.00,0
10> SPO2,307,103558,129721,-17.00,0
10> SPO2,308,103556,129726,-11.00,0
10> SPO2,309,103556,129719,-17.00,0
10> SPO2,310,103547,129739,3.00,0
10> SPO2,311,103555,129737,0.00,0
10> SPO2,312,103560,129737,0.00,0
10> SPO2,313,103569,129716,-20.00,0
10> SPO2,314,103564,129733,-2.00,0
10> SPO2,315,103571,129723,-12.00,0
10> SPO2,316,103556,129735,0.00,0
10> SPO2,317,103561,129727,-7.00,0
10> SPO2,318,103568,129723,-11.00,0
10> SPO2,319,103567,129728,-5.00,0
10> SPO2,320,103585,129730,-3.00,0
10> SPO2,321,103570,129723,-10.00,0
10> SPO2,322,103580,129711,-21.00,-20
10> SPO2,323,103571,129711,-20.00,-20
10> SPO2,324,103582,129717,-13.00,0
10> SPO2,325,103578,129714,-15.00,0
10> SPO2,326,103580,129716,-13.00,0
10> SPO2,327,103579,129716,-12.00,0
10> SPO2,328,103581,129702,-25.00,0
10> SPO2,329,103580,129707,-19.00,0
10> SPO2,330,103583,129695,-30.00,-20
10> SPO2,331,103590,129674,-49.00,-20
10> SPO2,332,103568,129667,-54.00,0
10> SPO2,333,103576,129676,-42.00,0
10> SPO2,334,103583,129666,-50.00,0
10> SPO2,335,103587,129655,-59.00,0
10> SPO2,336,103592,129660,-51.00,0
10> SPO2,337,103578,129646,-62.00,0
10> SPO2,338,103582,129643,-62.00,0
10> SPO2,339,103571,129639,-63.00,0
10> SPO2,340,103581,129622,-77.00,-20
10> SPO2,341,103590,129637,-58.00,0
10> SPO2,342,103598,129633,-59.00,0
10> SPO2,343,103593,129608,-81.00,0
10> SPO2,344,103604,129601,-84.00,0
10> SPO2,345,103597,129608,-73.00,0
10> SPO2,346,103592,129616,-61.00,0
10> SPO2,347,103589,129603,-71.00,0
10> SPO2,348,103599,129608,-62.00,0
10> SPO2,349,103589,129588,-79.00,0
10> SPO2,350,103586,129589,-74.00,0
10> SPO2,351,103599,129590,-69.00,0
10> SPO2,352,103601,129589,-67.00,0
10> SPO2,353,103597,129580,-73.00,0
10> SPO2,354,103594,129592,-57.00,0
10> SPO2,355,103595,129592,-54.00,20
10> SPO2,356,103602,129587,-56.00,0
10> SPO2,357,103592,129578,-62.00,0
10> SPO2,358,103592,129587,-50.00,0
10> SPO2,359,103576,129567,-68.00,0
10> SPO2,360,103594,129581,-50.00,0
10> SPO2,361,103594,129569,-60.00,0
10> SPO2,362,103595,129571,-55.00,0
10> SPO2,363,103597,129566,-57.00,0
10> SPO2,364,103609,129580,-40.00,0
10> SPO2,365,103590,129571,-47.00,0
10> SPO2,366,103602,129580,-36.00,0
10> SPO2,367,103611,129575,-39.00,0
10> SPO2,368,103615,129577,-35.00,0
10> SPO2,369,103610,129571,-39.00,0
10> SPO2,370,103601,129577,-31.00,0
10> SPO2,371,103601,129583,-24.00,20
10> SPO2,372,103613,129577,-28.00,0
10> SPO2,373,103619,129574,-30.00,0
10> SPO2,374,103608,129569,-33.00,0
10> SPO2,375,103625,129569,-32.00,0
10> SPO2,376,103607,129580,-19.00,0
10> SPO2,377,103608,129588,-10.00,0
10> SPO2,378,103615,129598,0.00,20
10> SPO2,379,103620,129591,-7.00,0
10> SPO2,380,103612,129599,1.00,0
10> SPO2,381,103630,129602,4.00,0
10> SPO2,382,103618,129621,22.00,20
10> SPO2,383,103620,129627,27.00,20
10> SPO2,384,103631,129635,34.00,20
10> SPO2,385,103638,129640,37.00,20
10> SPO2,386,103632,129644,39.00,20
10> SPO2,387,103637,129655,48.00,20
10> SPO2,388,103639,129662,53.00,20
10> SPO2,389,103646,129686,74.00,20
10> SPO2,390,103635,129685,69.00,20
10> SPO2,391,103643,129679,60.00,20
10> SPO2,392,103628,129678,56.00,0
10> SPO2,393,103643,129701,76.00,20
10> SPO2,394,103640,129700,71.00,20
10> SPO2,395,103631,129696,64.00,0
10> SPO2,396,103640,129711,76.00,20
10> SPO2,397,103642,129702,63.00,0
10> SPO2,398,103646,129711,69.00,0
10> SPO2,399,103650,129719,73.00,20
10> SPO2,400,103651,129708,58.00,-20
10> SPO2,401,103646,129715,62.00,0
10> SPO2,402,103638,129717,61.00,0
10> SPO2,403,103650,129721,62.00,0
10> SPO2,404,103645,129724,62.00,0
10> SPO2,405,103655,129725,60.00,0
10> SPO2,406,103634,129743,75.00,20
10> SPO2,407,103664,129736,64.00,0
10> SPO2,408,103642,129748,73.00,20
10> SPO2,409,103646,129756,77.00,20
10> SPO2,410,103652,129766,83.00,20
10> SPO2,411,103648,129766,79.00,20
10> SPO2,412,103645,129753,62.00,0
10> SPO2,413,103641,129772,78.00,0
10> SPO2,414,103645,129761,63.00,0
10> SPO2,415,103644,129780,79.00,0
10> SPO2,416,103644,129778,73.00,0
10> SPO2,417,103642,129773,64.00,0
10> SPO2,418,103649,129786,74.00,0
10> SPO2,419,103648,129788,72.00,0
10> SPO2,420,103648,129795,76.00,0
10> SPO2,421,103650,129801,78.00,0
10> SPO2,422,103649,129797,70.00,0
10> SPO2,423,103650,129813,82.00,0
10> SPO2,424,103650,129816,81.00,0
10> SPO2,425,103660,129823,84.00,0
10> SPO2,426,103637,129831,88.00,0
10> SPO2,427,103650,129831,84.00,0
10> SPO2,428,103648,129848,96.00,0
10> SPO2,429,103662,129844,88.00,0
10> SPO2,430,103641,129839,78.00,0
10> SPO2,431,103648,129868,103.00,20
10> SPO2,432,103641,129865,95.00,0
10> SPO2,433,103646,129878,103.00,20
10> SPO2,434,103649,129883,103.00,0
10> SPO2,435,103662,129891,106.00,0
10> SPO2,436,103635,129893,103.00,0
10> SPO2,437,103657,129898,102.00,0
10> SPO2,438,103647,129905,104.00,0
10> SPO2,439,103654,129906,100.00,0
10> SPO2,440,103649,129926,115.00,20
10> SPO2,441,103652,129910,93.00,-20
10> SPO2,442,103645,129912,91.00,-20
10> SPO2,443,103632,129920,94.00,-20
10> SPO2,444,103632,129927,96.00,0
10> SPO2,445,103628,129920,84.00,-20
10> SPO2,446,103628,129916,76.00,-20
10> SPO2,447,103628,129920,76.00,-20
10> SPO2,448,103615,129928,80.00,-20
10> SPO2,449,103628,129937,85.00,0
10> SPO2,450,103614,129924,68.00,-20
10> SPO2,451,103604,129919,60.00,-20
10> SPO2,452,103619,129921,59.00,-20
10> SPO2,453,103616,129934,69.00,0
10> SPO2,454,103636,129933,64.00,0
10> SPO2,455,103628,129946,74.00,0
10> SPO2,456,103625,129934,58.00,0
10> SPO2,457,103607,129945,66.00,0
10> SPO2,458,103621,129946,64.00,0
10> SPO2,459,103613,129963,78.00,0
10> SPO2,460,103621,129959,70.00,0
10> SPO2,461,103631,129968,75.00,0
10> SPO2,462,103623,129985,89.00,20
10> SPO2,463,103609,129977,76.00,0
10> SPO2,464,103610,129987,82.00,0
10> SPO2,465,103612,129987,78.00,0
10> SPO2,466,103608,129988,75.00,0
10> SPO2,467,103596,130006,89.00,20
10> SPO2,468,103607,130008,87.00,20
10> SPO2,469,103594,130005,80.00,0
10> SPO2,470,103601,130012,83.00,0
10> SPO2,471,103611,130031,97.00,20
10> SPO2,472,103604,130017,79.00,0
10> SPO2,473,103594,130031,89.00,0
10> SPO2,474,103584,130050,103.00,20
10> SPO2,475,103595,130053,101.00,20
10> SPO2,476,103591,130080,123.00,20
10> SPO2,477,103582,130073,110.00,20
10> SPO2,478,103580,130101,132.00,20
10> SPO2,479,103576,130097,122.00,20
10> SPO2,480,103579,130129,147.00,20
10> SPO2,481,103584,130126,137.00,20
10> SPO2,482,103576,130133,137.00,20
10> SPO2,483,103570,130145,142.00,20
10> SPO2,484,103562,130169,159.00,20
10> SPO2,485,103542,130168,150.00,20
10> SPO2,486,103545,130173,148.00,20
10> SPO2,487,103525,130182,149.00,0
10> SPO2,488,103520,130198,158.00,20
10> SPO2,489,103514,130186,138.00,0
10> SPO2,490,103500,130208,153.00,0
10> SPO2,491,103481,130196,133.00,0
10> SPO2,492,103477,130190,121.00,-20
10> SPO2,493,103452,130179,103.00,-20
10> SPO2,494,103419,130181,100.00,-20
10> SPO2,495,103414,130162,76.00,-20
10> SPO2,496,103386,130160,70.00,-20
10> SPO2,497,103370,130157,64.00,-20
10> SPO2,498,103344,130138,42.00,-20
10> SPO2,499,103339,130111,13.00,-20
10> SPO2,500,103306,130109,10.00,-20
10> SPO2,501,103299,130107,7.00,-20
10> SPO2,502,103282,130094,-5.00,-20
10> SPO2,503,103268,130091,-8.00,-20
10> SPO2,504,103272,130083,-15.00,-20
10> SPO2,505,103240,130080,-18.00,-20
10> SPO2,506,103224,130056,-41.00,-20
10> SPO2,507,103218,130059,-36.00,-20
10> SPO2,508,103203,130054,-39.00,-20
10> SPO2,509,103183,130035,-56.00,-20
10> SPO2,510,103171,130022,-66.00,-20
10> SPO2,511,103158,130013,-72.00,-20
10> SPO2,512,103139,129990,-91.00,-20
10> SPO2,513,103131,129973,-103.00,-20
10> SPO2,514,103104,129950,-121.00,-20
10> SPO2,515,103092,129936,-129.00,-20
10> SPO2,516,103068,129905,-154.00,-20
10> SPO2,517,103053,129908,-143.00,-20
10> SPO2,518,103038,129889,-155.00,-20
10> SPO2,519,103037,129874,-162.00,-20
10> SPO2,520,103018,129862,-166.00,-20
10> SPO2,521,103018,129830,-190.00,-20
10> SPO2,522,103003,129830,-180.00,-20
10> SPO2,523,103006,129864,-137.00,-20
10> SPO2,524,102988,129824,-170.00,-20
10> SPO2,525,102985,129830,-156.00,-20
10> SPO2,526,102991,129828,-150.00,-20
10> SPO2,527,102984,129827,-143.00,-20
10> SPO2,528,102989,129827,-136.00,-20
10> SPO2,529,102990,129830,-126.00,-20
10> SPO2,530,102993,129813,-137.00,-20
10> SPO2,531,102977,129824,-119.00,-20
10> SPO2,532,102982,129819,-118.00,-20
10> SPO2,533,102973,129821,-110.00,-20
10> SPO2,534,102997,129829,-97.00,-20
10> SPO2,535,102967,129833,-88.00,-20
10> SPO2,536,102985,129819,-97.00,-20
10> SPO2,537,102972,129828,-83.00,-20
10> SPO2,538,102970,129835,-72.00,-20
10> SPO2,539,102979,129833,-71.00,-20
10> SPO2,540,102977,129832,-68.00,-20
10> SPO2,541,102972,129820,-77.00,-20
10> SPO2,542,102972,129825,-68.00,-20
10> SPO2,543,102993,129825,-64.00,-20
10> SPO2,544,102993,129835,-51.00,-20
10> SPO2,545,102990,129832,-52.00,-20
10> SPO2,546,103002,129838,-43.00,-20
10> SPO2,547,102995,129839,-40.00,-20
10> SPO2,548,103020,129853,-24.00,-20
10> SPO2,549,103002,129859,-17.00,-20
10> SPO2,550,103018,129861,-14.00,-20
10> SPO2,551,103017,129868,-6.00,-20
10> SPO2,552,103019,129862,-12.00,-20
10> SPO2,553,103024,129869,-4.00,0
10> SPO2,554,103013,129874,0.00,0
10> SPO2,555,103026,129862,-11.00,-20
10> SPO2,556,103021,129870,-2.00,0
10> SPO2,557,103019,129876,3.00,0
10> SPO2,558,103008,129873,0.00,0
10> SPO2,559,103033,129889,16.00,20
10> SPO2,560,103034,129876,2.00,0
10> SPO2,561,103028,129857,-16.00,-20
10> SPO2,562,103030,129875,2.00,0
10> SPO2,563,103038,129865,-8.00,-20
10> SPO2,564,103040,129881,8.00,20
10> SPO2,565,103059,129879,5.00,0
10> SPO2,566,103048,129885,11.00,20
10> SPO2,567,103054,129862,-11.00,-20
10> SPO2,568,103043,129866,-7.00,-20
10> SPO2,569,103052,129872,0.00,0
10> SPO2,570,103059,129869,-3.00,-20
10> SPO2,571,103043,129878,5.00,0
10> SPO2,572,103070,129876,3.00,0
10> SPO2,573,103067,129879,5.00,0
10> SPO2,574,103070,129886,12.00,20
10> SPO2,575,103072,129893,18.00,20
10> SPO2,576,103076,129884,8.00,0
10> SPO2,577,103073,129877,1.00,0
10> SPO2,578,103088,129878,2.00,0
10> SPO2,579,103099,129889,13.00,0
10> SPO2,580,103097,129890,13.00,0
10> SPO2,581,103094,129894,16.00,0
10> SPO2,582,103111,129900,22.00,20
10> SPO2,583,103100,129879,0.00,0
10> SPO2,584,103109,129907,28.00,20
10> SPO2,585,103108,129906,25.00,0
10> SPO2,586,103109,129910,28.00,20
10> SPO2,587,103107,129911,27.00,0
10> SPO2,588,103121,129920,35.00,0
10> SPO2,589,103120,129905,18.00,0
10> SPO2,590,103124,129924,36.00,0
10> SPO2,591,103141,129913,23.00,0
10> SPO2,592,103136,129920,29.00,0
10> SPO2,593,103131,129929,37.00,0
10> SPO2,594,103139,129920,26.00,0
10> SPO2,595,103139,129904,9.00,0
10> SPO2,596,103141,129935,39.00,0
10> SPO2,597,103145,129925,27.00,0
10> SPO2,598,103143,129920,21.00,0
10> SPO2,599,103152,129919,19.00,0
10> SPO2,600,103157,129944,43.00,0
10> SPO2,601,103170,129923,20.00,0
10> SPO2,602,103161,129929,25.00,0
10> SPO2,603,103164,129932,26.00,0
10> SPO2,604,103161,129938,31.00,0
10> SPO2,605,103171,129951,42.00,0
10> SPO2,606,103175,129948,37.00,0
10> SPO2,607,103164,129945,32.00,0
10> SPO2,608,103161,129956,42.00,0
10> SPO2,609,103169,129969,53.00,20
10> SPO2,610,103172,129954,35.00,0
10> SPO2,611,103170,129957,36.00,0
10> SPO2,612,103175,129943,20.00,-20
10> SPO2,613,103173,129958,34.00,0
10> SPO2,614,103174,129947,22.00,-20
10> SPO2,615,103160,129964,37.00,0
10> SPO2,616,103171,129956,28.00,0
10> SPO2,617,103177,129963,33.00,0
10> SPO2,618,103181,129971,39.00,0
10> SPO2,619,103184,129981,47.00,20
10> SPO2,620,103185,129982,46.00,20
10> SPO2,621,103184,129990,52.00,20
10> SPO2,622,103188,129987,46.00,0
10> SPO2,623,103188,129988,45.00,0
10> SPO2,624,103184,129990,45.00,0
10> SPO2,625,103189,129995,47.00,0
10> SPO2,626,103183,129981,31.00,-20
10> SPO2,627,103166,129996,44.00,0
10> SPO2,628,103185,129993,39.00,-20
10> SPO2,629,103183,129995,39.00,-20
10> SPO2,630,103186,129987,29.00,-20
10> SPO2,631,103175,129981,22.00,-20
10> SPO2,632,103176,129985,25.00,-20
10> SPO2,633,103174,129997,35.00,0
10> SPO2,634,103195,129986,23.00,0
10> SPO2,635,103186,129990,25.00,0
10> SPO2,636,103203,129989,23.00,0
10> SPO2,637,103201,130013,46.00,20
10> SPO2,638,103206,130000,31.00,0
10> SPO2,639,103198,130006,35.00,0
10> SPO2,640,103188,129997,24.00,0
10> SPO2,641,103199,130001,27.00,0
10> SPO2,642,103202,130007,32.00,0
10> SPO2,643,103195,129992,15.00,-20
10> SPO2,644,103202,130018,40.00,0
10> SPO2,645,103206,130014,34.00,0
10> SPO2,646,103205,130018,36.00,0
10> SPO2,647,103201,130012,29.00,0
10> SPO2,648,103194,130011,26.00,0
10> SPO2,649,103180,130022,36.00,0
10> SPO2,650,103200,130006,18.00,-20
10> SPO2,651,103184,129999,10.00,-20
10> SPO2,652,103182,130008,19.00,-20
10> SPO2,653,103181,130001,11.00,-20
10> SPO2,654,103179,129982,-8.00,-20
10> SPO2,655,103165,129979,-11.00,-20
10> SPO2,656,103163,129986,-3.00,-20
10> SPO2,657,103165,129974,-15.00,-20
10> SPO2,658,103157,129965,-23.00,-20
10> SPO2,659,103148,129962,-25.00,-20
10> SPO2,660,103140,129961,-25.00,-20
10> SPO2,661,103142,129959,-25.00,-20
10> SPO2,662,103146,129953,-30.00,-20
10> SPO2,663,103139,129953,-29.00,-20
10> SPO2,664,103132,129936,-44.00,-20
10> SPO2,665,103128,129937,-41.00,-20
10> SPO2,666,103112,129939,-37.00,-20
10> SPO2,667,103111,129932,-42.00,-20
10> SPO2,668,103101,129927,-45.00,-20
10> SPO2,669,103118,129918,-52.00,-20
10> SPO2,670,103089,129904,-63.00,-20
10> SPO2,671,103091,129912,-52.00,-20
10> SPO2,672,103080,129890,-71.00,-20
10> SPO2,673,103068,129887,-71.00,-20
10> SPO2,674,103065,129898,-56.00,-20
10> SPO2,675,103069,129876,-75.00,-20
10> SPO2,676,103060,129881,-66.00,-20
10> SPO2,677,103056,129862,-82.00,-20
10> SPO2,678,103064,129857,-83.00,-20
10> SPO2,679,103059,129851,-85.00,-20
10> SPO2,680,103062,129839,-92.00,-20
10> SPO2,681,103045,129834,-93.00,-20
10> SPO2,682,103055,129839,-83.00,-20
10> SPO2,683,103040,129835,-83.00,-20
10> SPO2,684,103037,129817,-97.00,-20
10> SPO2,685,103048,129824,-85.00,-20
10> SPO2,686,103034,129800,-105.00,-20
10> SPO2,687,103036,129803,-96.00,-20
10> SPO2,688,103026,129789,-106.00,-20
10> SPO2,689,103028,129781,-108.00,-20
10> SPO2,690,103017,129799,-85.00,-20
10> SPO2,691,103016,129792,-88.00,-20
10> SPO2,692,103011,129782,-93.00,-20
10> SPO2,693,103012,129780,-90.00,-20
10> SPO2,694,103011,129783,-83.00,-20
10> SPO2,695,103006,129773,-89.00,-20
10> SPO2,696,103011,129766,-91.00,-20
10> SPO2,697,103017,129773,-80.00,-20
10> SPO2,698,103010,129770,-79.00,-20
10> SPO2,699,103011,129770,-75.00,-20
10> SPO2,700,103007,129772,-69.00,-20
10> SPO2,701,103024,129775,-62.00,-20
10> SPO2,702,103014,129778,-56.00,-20
10> SPO2,703,103010,129769,-63.00,-20
10> SPO2,704,103002,129760,-68.00,-20
10> SPO2,705,103007,129768,-57.00,-20
10> SPO2,706,103005,129776,-46.00,-20
10> SPO2,707,103007,129771,-49.00,-20<info> app: [OK]	LED Power 120
10> <info> app: BATT Reading...
10> <info> app: ***********  Application started  ***********
10> 
10> <info> app: [OK] NRF Power ON 0x0004. 
10> <info> app: Read MAC:D992B26C8203
10> <info> app: ***********  Sensor initial ***********
10> <info> app: [OK]	BMI160
10> <info> app: [OK]	SETUP ACC
10> <info> app: [OK]	SETUP STEP COUNT
10> <info> app: [OK]	FLASH MEMORY
10> <info> app: [OK]	Read and using configuration in flash memory
10> <info> app: [OK]	Using queue setting from flash memory
10> <info> app: gender in flash 1
10> <info> app: [OK]	OLED Initial
10> <info> app: [OK]	Max30102 Initial, Temperature 29.50
10> <info> app: ********** End sensor initial *********
10> 
10> <info> app: Erase bonds!
10> <info> app: BLE_ADV_EVT_FAST
10> <info> app: advertising is started
10> <info> app: [FALL] Device restart detected. It require setup timer from flash memory
10> 
10> <info> app: [OK]	FLASH MEMORY
10> <info> app: [OK] Pedo data with pages 1314
10> 
10> <error> app: [OK] Unix Time in flash 1543912740
10> <error> app: [OK] Unix Time in flash 1543912749
10> <error> app: [OK] Unix Time in flash 1543912759
10> <error> app: [OK] Unix Time in flash 1543912769
10> <error> app: [OK] Unix Time in flash 1543912779
10> <error> app: [OK] Unix Time in flash 1543912789
10> <error> app: [OK] Unix Time in flash 1543912799
10> <error> app: [OK] Unix Time in flash 1543912809
10> <info> app: BATT Reading...
