# SEGGER J-Link RTT Viewer V6.16a Terminal Log File
# Compiled: 12:44:10 on Jun  6 2017
# Logging started @ 27 Aug 2018 08:48:42
 0> <info> app: SEM BATT = 1
 0> <info> app: BATT Working...
 0> <info> app: Raw 841,SOC 82,BattFullDetect 0, 372V
 0> <info> app: SEM BATT = 1
 0> <info> app: BATT Working...
 0> <info> app: Raw 852,SOC 87,BattFullDetect 0, 377V
 0> <info> app: SEM BATT = 1
 0> <info> app: BATT Working...
 0> <info> app: Raw 838,SOC 81,BattFullDetect 0, 371V
 0> <info> app: SEM BATT = 1
 0> <info> app: BATT Working...
 0> <info> app: Raw 851,SOC 87,BattFullDetect 0, 377V
 0> <info> app: SEM BATT = 1
 0> <info> app: BATT Working...
 0> <info> app: Raw 852,SOC 87,BattFullDetect 0, 377V
 0> <info> app: SEM BATT = 1
 0> <info> app: BATT Working...
 0> <info> app: Raw 850,SOC 86,BattFullDetect 0, 376V
 0> <info> app: SEM BATT = 1
 0> <info> app: BATT Working...
 0> <info> app: Raw 844,SOC 84,BattFullDetect 0, 374V
 0> <info> app: SEM BATT = 1
 0> <info> app: BATT Working...
 0> <info> app: Raw 851,SOC 87,BattFullDetect 0, 377V
 0> <info> app: SEM BATT = 1
 0> <info> app: BATT Working...
 0> <info> app: Raw 829,SOC 77,BattFullDetect 0, 367V
 0> <info> app: SEM BATT = 1
 0> <info> app: BATT Working...
 0> <info> app: Raw 851,SOC 87,BattFullDetect 0, 377V
 0> <info> app: SEM BATT = 1
 0> <info> app: BATT Working...
 0> <info> app: Raw 855,SOC 88,BattFullDetect 0, 378V
 0> <info> app: SEM BATT = 1
 0> <info> app: BATT Working...
 0> <info> app: Raw 841,SOC 82,BattFullDetect 0, 372V
 0> <info> app: SEM BATT = 1
 0> <info> app: BATT Working...
 0> <info> app: Raw 849,SOC 86,BattFullDetect 0, 376V
 0> <info> app: SEM BATT = 1
 0> <info> app: BATT Working...
 0> <info> app: Raw 850,SOC 86,BattFullDetect 0, 376V
 0> <info> app: SEM BATT = 1
 0> <info> app: BATT Working...
 0> <info> app: Raw 844,SOC 84,BattFullDetect 0, 374V
 0> <info> app: SEM BATT = 1
 0> <info> app: BATT Working...
 0> <info> app: Raw 853,SOC 88,BattFullDetect 0, 378V
 0> <info> app: SEM BATT = 1
 0> <info> app: BATT Working...
 0> <info> app: Raw 853,SOC 88,BattFullDetect 0, 378V
 0> <info> app: SEM BATT = 1
 0> <info> app: BATT Working...
 0> <info> app: Raw 844,SOC 84,BattFullDetect 0, 374V
 0> <info> app: SEM BATT = 1
 0> <info> app: BATT Working...
 0> <info> app: Raw 843,SOC 83,BattFullDetect 0, 373V
 0> <info> app: SEM BATT = 1
 0> <info> app: BATT Working...
 0> <info> app: Raw 840,SOC 82,BattFullDetect 0, 372V
 0> <info> app: SEM BATT = 1
 0> <info> app: BATT Working...
 0> <info> app: Raw 852,SOC 87,BattFullDetect 0, 377V
 0> <info> app: SEM BATT = 1
 0> <info> app: BATT Working...
 0> <info> app: Raw 849,SOC 86,BattFullDetect 0, 376V
 0> <info> app: SEM BATT = 1
 0> <info> app: BATT Working...
 0> <info> app: Raw 849,SOC 86,BattFullDetect 0, 376V
 0> <info> app: SEM BATT = 1
 0> <info> app: BATT Working...
 0> <info> app: Raw 837,SOC 80,BattFullDetect 0, 370V
 0> <info> app: SEM BATT = 1
 0> <info> app: BATT Working...
 0> <info> app: Raw 851,SOC 87,BattFullDetect 0, 377V
 0> <info> app: SEM BATT = 1
 0> <info> app: BATT Working...
 0> <info> app: Raw 843,SOC 83,BattFullDetect 0, 373V
 0> <info> app: SEM BATT = 1
 0> <info> app: BATT Working...
 0> <info> app: Raw 831,SOC 78,BattFullDetect 0, 368V
 0> <info> app: SEM BATT = 1
 0> <info> app: BATT Working...
 0> <info> app: Raw 852,SOC 87,BattFullDetect 0, 377V
 0> <info> app: SEM BATT = 1
 0> <info> app: BATT Working...
 0> <info> app: Raw 847,SOC 85,BattFullDetect 0, 375V
 0> <info> app: SEM BATT = 1
 0> <info> app: BATT Working...
 0> <info> app: Raw 849,SOC 86,BattFullDetect 0, 376V
 0> <info> app: SEM BATT = 1
 0> <info> app: BATT Working...
 0> <info> app: Raw 849,SOC 86,BattFullDetect 0, 376V
 0> <info> app: SEM BATT = 1
 0> <info> app: BATT Working...
 0> <info> app: Raw 844,SOC 84,BattFullDetect 0, 374V
 0> <info> app: SEM BATT = 1
 0> <info> app: BATT Working...
 0> <info> app: Raw 851,SOC 87,BattFullDetect 0, 377V
 0> <info> app: SEM BATT = 1
 0> <info> app: BATT Working...
 0> <info> app: Raw 853,SOC 88,BattFullDetect 0, 378V
 0> <info> app: SEM BATT = 1
 0> <info> app: BATT Working...
 0> <info> app: Raw 853,SOC 88,BattFullDetect 0, 378V
 0> <info> app: SEM BATT = 1
 0> <info> app: BATT Working...
 0> <info> app: Raw 852,SOC 87,BattFullDetect 0, 377V
 0> <info> app: SEM BATT = 1
 0> <info> app: BATT Working...
 0> <info> app: Raw 849,SOC 86,BattFullDetect 0, 376V
 0> <info> app: SEM BATT = 1
 0> <info> app: BATT Working...
 0> <info> app: Raw 834,SOC 79,BattFullDetect 0, 369V
 0> <info> app: SEM BATT = 1
 0> <info> app: BATT Working...
 0> <info> app: Raw 837,SOC 80,BattFullDetect 0, 370V
 0> <info> app: SEM BATT = 1
 0> <info> app: BATT Working...
 0> <info> app: Raw 844,SOC 84,BattFullDetect 0, 374V
 0> <info> app: SEM BATT = 1
 0> <info> app: BATT Working...
 0> <info> app: Raw 852,SOC 87,BattFullDetect 0, 377V
 0> <info> app: SEM BATT = 1
 0> <info> app: BATT Working...
 0> <info> app: Raw 837,SOC 80,BattFullDetect 0, 370V
 0> <info> app: SEM BATT = 1
 0> <info> app: BATT Working...
 0> <info> app: Raw 842,SOC 83,BattFullDetect 0, 373V
 0> <info> app: SEM BATT = 1
 0> <info> app: BATT Working...
 0> <info> app: Raw 831,SOC 78,BattFullDetect 0, 368V
 0> <info> app: SEM BATT = 1
 0> <info> app: BATT Working...
 0> <info> app: Raw 854,SOC 88,BattFullDetect 0, 378V
 0> <info> app: SEM BATT = 1
 0> <info> app: BATT Working...
 0> <info> app: Raw 849,SOC 86,BattFullDetect 0, 376V
 0> <info> app: SEM BATT = 1
 0> <info> app: BATT Working...
 0> <info> app: Raw 852,SOC 87,BattFullDetect 0, 377V
 0> <info> app: SEM BATT = 1
 0> <info> app: BATT Working...
 0> <info> app: Raw 853,SOC 88,BattFullDetect 0, 378V
 0> <info> app: SEM BATT = 1
 0> <info> app: BATT Working...
 0> <info> app: Raw 849,SOC 86,BattFullDetect 0, 376V
 0> <info> app: SEM BATT = 1
 0> <info> app: BATT Working...
 0> <info> app: Raw 841,SOC 82,BattFullDetect 0, 372V
 0> <info> app: SEM BATT = 1
 0> <info> app: BATT Working...
 0> <info> app: Raw 832,SOC 78,BattFullDetect 0, 368V
 0> <info> app: SEM BATT = 1
 0> <info> app: BATT Working...
 0> <info> app: Raw 852,SOC 87,BattFullDetect 0, 377V
 0> <info> app: SEM BATT = 1
 0> <info> app: BATT Working...
 0> <info> app: Raw 849,SOC 86,BattFullDetect 0, 376V
 0> <info> app: SEM BATT = 1
 0> <info> app: BATT Working...
 0> <info> app: Raw 832,SOC 78,BattFullDetect 0, 368V
 0> <info> app: SEM BATT = 1
 0> <info> app: BATT Working...
 0> <info> app: Raw 844,SOC 84,BattFullDetect 0, 374V
 0> <info> app: SEM BATT = 1
 0> <info> app: BATT Working...
 0> <info> app: Raw 837,SOC 80,BattFullDetect 0, 370V
 0> <info> app: SEM BATT = 1
 0> <info> app: BATT Working...
 0> <info> app: Raw 842,SOC 83,BattFullDetect 0, 373V
 0> <info> app: SEM BATT = 1
 0> <info> app: BATT Working...
 0> <info> app: Raw 833,SOC 79,BattFullDetect 0, 369V
 0> <info> app: SEM BATT = 1
 0> <info> app: BATT Working...
 0> <info> app: Raw 852,SOC 87,BattFullDetect 0, 377V
 0> <info> app: SEM BATT = 1
 0> <info> app: BATT Working...
 0> <info> app: Raw 848,SOC 85,BattFullDetect 0, 375V
 0> <info> app: SEM BATT = 1
 0> <info> app: BATT Working...
 0> <info> app: Raw 849,SOC 86,BattFullDetect 0, 376V
 0> <info> app: SEM BATT = 1
 0> <info> app: BATT Working...
 0> <info> app: Raw 849,SOC 86,BattFullDetect 0, 376V
 0> <info> app: SEM BATT = 1
 0> <info> app: BATT Working...
 0> <info> app: Raw 852,SOC 87,BattFullDetect 0, 377V
 0> <info> app: SEM BATT = 1
 0> <info> app: BATT Working...
 0> <info> app: Raw 851,SOC 87,BattFullDetect 0, 377V
 0> <info> app: SEM BATT = 1
 0> <info> app: BATT Working...
 0> <info> app: Raw 851,SOC 87,BattFullDetect 0, 377V
 0> <info> app: SEM BATT = 1
 0> <info> app: BATT Working...
 0> <info> app: Raw 852,SOC 87,BattFullDetect 0, 377V
 0> <info> app: SEM BATT = 1
 0> <info> app: BATT Working...
 0> <info> app: Raw 833,SOC 79,BattFullDetect 0, 369V
 0> <info> app: SEM BATT = 1
 0> <info> app: BATT Working...
 0> <info> app: Raw 851,SOC 87,BattFullDetect 0, 377V
 0> <info> app: SEM BATT = 1
 0> <info> app: BATT Working...
 0> <info> app: Raw 851,SOC 87,BattFullDetect 0, 377V
 0> <info> app: SEM BATT = 1
 0> <info> app: BATT Working...
 0> <info> app: Raw 842,SOC 83,BattFullDetect 0, 373V
 0> <info> app: SEM BATT = 1
 0> <info> app: BATT Working...
 0> <info> app: Raw 843,SOC 83,BattFullDetect 0, 373V
 0> <info> app: SEM BATT = 1
 0> <info> app: BATT Working...
 0> <info> app: Raw 850,SOC 86,BattFullDetect 0, 376V
 0> <info> app: SEM BATT = 1
 0> <info> app: BATT Working...
 0> <info> app: Raw 834,SOC 79,BattFullDetect 0, 369V
 0> <info> app: SEM BATT = 1
 0> <info> app: BATT Working...
 0> <info> app: Raw 851,SOC 87,BattFullDetect 0, 377V
 0> <info> app: SEM BATT = 1
 0> <info> app: BATT Working...
 0> <info> app: Raw 849,SOC 86,BattFullDetect 0, 376V
 0> <info> app: SEM BATT = 1
 0> <info> app: BATT Working...
 0> <info> app: Raw 847,SOC 85,BattFullDetect 0, 375V
 0> <info> app: SEM BATT = 1
 0> <info> app: BATT Working...
 0> <info> app: Raw 852,SOC 87,BattFullDetect 0, 377V
 0> <info> app: SEM BATT = 1
 0> <info> app: BATT Working...
 0> <info> app: Raw 853,SOC 88,BattFullDetect 0, 378V
 0> <info> app: SEM BATT = 1
 0> <info> app: BATT Working...
 0> <info> app: Raw 845,SOC 84,BattFullDetect 0, 374V
 0> <info> app: SEM BATT = 1
 0> <info> app: BATT Working...
 0> <info> app: Raw 843,SOC 83,BattFullDetect 0, 373V
 0> <info> app: SEM BATT = 1
 0> <info> app: BATT Working...
 0> <info> app: Raw 847,SOC 85,BattFullDetect 0, 375V
 0> <info> app: SEM BATT = 1
 0> <info> app: BATT Working...
 0> <info> app: Raw 833,SOC 79,BattFullDetect 0, 369V
 0> <info> app: SEM BATT = 1
 0> <info> app: BATT Working...
 0> <info> app: Raw 833,SOC 79,BattFullDetect 0, 369V
 0> <info> app: SEM BATT = 1
 0> <info> app: BATT Working...
 0> <info> app: Raw 850,SOC 86,BattFullDetect 0, 376V
 0> <info> app: SEM BATT = 1
 0> <info> app: BATT Working...
 0> <info> app: Raw 846,SOC 84,BattFullDetect 0, 374V
 0> <info> app: SEM BATT = 1
 0> <info> app: BATT Working...
 0> <info> app: Raw 837,SOC 80,BattFullDetect 0, 370V
 0> <info> app: SEM BATT = 1
 0> <info> app: BATT Working...
 0> <info> app: Raw 838,SOC 81,BattFullDetect 0, 371V
 0> <info> app: SEM BATT = 1
 0> <info> app: BATT Working...
 0> <info> app: Raw 853,SOC 88,BattFullDetect 0, 378V
 0> <info> app: SEM BATT = 1
 0> <info> app: BATT Working...
 0> <info> app: Raw 836,SOC 80,BattFullDetect 0, 370V
 0> <info> app: SEM BATT = 1
 0> <info> app: BATT Working...
 0> <info> app: Raw 851,SOC 87,BattFullDetect 0, 377V
 0> <info> app: SEM BATT = 1
 0> <info> app: BATT Working...
 0> <info> app: Raw 852,SOC 87,BattFullDetect 0, 377V
 0> <info> app: SEM BATT = 1
 0> <info> app: BATT Working...
 0> <info> app: Raw 850,SOC 86,BattFullDetect 0, 376V
 0> <info> app: SEM BATT = 1
 0> <info> app: BATT Working...
 0> <info> app: Raw 850,SOC 86,BattFullDetect 0, 376V
 0> <info> app: SEM BATT = 1
 0> <info> app: BATT Working...
 0> <info> app: Raw 850,SOC 86,BattFullDetect 0, 376V
 0> <info> app: SEM BATT = 1
 0> <info> app: BATT Working...
 0> <info> app: Raw 835,SOC 80,BattFullDetect 0, 370V
 0> <info> app: SEM BATT = 1
 0> <info> app: BATT Working...
 0> <info> app: Raw 849,SOC 86,BattFullDetect 0, 376V
 0> <info> app: SEM BATT = 1
 0> <info> app: BATT Working...
 0> <info> app: Raw 852,SOC 87,BattFullDetect 0, 377V
 0> <info> app: SEM BATT = 1
 0> <info> app: BATT Working...
 0> <info> app: Raw 837,SOC 80,BattFullDetect 0, 370V
 0> <info> app: SEM BATT = 1
 0> <info> app: BATT Working...
 0> <info> app: Raw 830,SOC 77,BattFullDetect 0, 367V
 0> <info> app: SEM BATT = 1
 0> <info> app: BATT Working...
 0> <info> app: Raw 850,SOC 86,BattFullDetect 0, 376V
 0> <info> app: SEM BATT = 1
 0> <info> app: BATT Working...
 0> <info> app: Raw 850,SOC 86,BattFullDetect 0, 376V
 0> <info> app: SEM BATT = 1
 0> <info> app: BATT Working...
 0> <info> app: Raw 845,SOC 84,BattFullDetect 0, 374V
 0> <info> app: SEM BATT = 1
 0> <info> app: BATT Working...
 0> <info> app: Raw 852,SOC 87,BattFullDetect 0, 377V
 0> <info> app: SEM BATT = 1
 0> <info> app: BATT Working...
 0> <info> app: Raw 843,SOC 83,BattFullDetect 0, 373V
 0> <info> app: SEM BATT = 1
 0> <info> app: BATT Working...
 0> <info> app: Raw 852,SOC 87,BattFullDetect 0, 377V
 0> <info> app: SEM BATT = 1
 0> <info> app: BATT Working...
 0> <info> app: Raw 852,SOC 87,BattFullDetect 0, 377V
 0> <info> app: SEM BATT = 1
 0> <info> app: BATT Working...
 0> <info> app: Raw 852,SOC 87,BattFullDetect 0, 377V
 0> <info> app: SEM BATT = 1
 0> <info> app: BATT Working...
 0> <info> app: Raw 848,SOC 85,BattFullDetect 0, 375V
 0> <info> app: SEM BATT = 1
 0> <info> app: BATT Working...
 0> <info> app: Raw 850,SOC 86,BattFullDetect 0, 376V
 0> <info> app: SEM BATT = 1
 0> <info> app: BATT Working...
 0> <info> app: Raw 849,SOC 86,BattFullDetect 0, 376V
 0> <info> app: SEM BATT = 1
 0> <info> app: BATT Working...
 0> <info> app: Raw 849,SOC 86,BattFullDetect 0, 376V
 0> <info> app: SEM BATT = 1
 0> <info> app: BATT Working...
 0> <info> app: Raw 848,SOC 85,BattFullDetect 0, 375V
 0> <info> app: SEM BATT = 1
 0> <info> app: BATT Working...
 0> <info> app: Raw 852,SOC 87,BattFullDetect 0, 377V
 0> <info> app: SEM BATT = 1
 0> <info> app: BATT Working...
 0> <info> app: Raw 849,SOC 86,BattFullDetect 0, 376V
 0> <info> app: SEM BATT = 1
 0> <info> app: BATT Working...
 0> <info> app: Raw 846,SOC 84,BattFullDetect 0, 374V
 0> <info> app: SEM BATT = 1
 0> <info> app: BATT Working...
 0> <info> app: Raw 833,SOC 79,BattFullDetect 0, 369V
 0> <info> app: SEM BATT = 1
 0> <info> app: BATT Working...
 0> <info> app: Raw 849,SOC 86,BattFullDetect 0, 376V
 0> <info> app: SEM BATT = 1
 0> <info> app: BATT Working...
 0> <info> app: Raw 845,SOC 84,BattFullDetect 0, 374V
 0> <info> app: SEM BATT = 1
 0> <info> app: BATT Working...
 0> <info> app: Raw 847,SOC 85,BattFullDetect 0, 375V
 0> <info> app: SEM BATT = 1
 0> <info> app: BATT Working...
 0> <info> app: Raw 832,SOC 78,BattFullDetect 0, 368V
 0> <info> app: SEM BATT = 1
 0> <info> app: BATT Working...
 0> <info> app: Raw 841,SOC 82,BattFullDetect 0, 372V
 0> <info> app: SEM BATT = 1
 0> <info> app: BATT Working...
 0> <info> app: Raw 845,SOC 84,BattFullDetect 0, 374V
 0> <info> app: SEM BATT = 1
 0> <info> app: BATT Working...
 0> <info> app: Raw 845,SOC 84,BattFullDetect 0, 374V
 0> <info> app: SEM BATT = 1
 0> <info> app: BATT Working...
 0> <info> app: Raw 851,SOC 87,BattFullDetect 0, 377V
 0> <info> app: SEM BATT = 1
 0> <info> app: BATT Working...
 0> <info> app: Raw 852,SOC 87,BattFullDetect 0, 377V
 0> <info> app: SEM BATT = 1
 0> <info> app: BATT Working...
 0> <info> app: Raw 853,SOC 88,BattFullDetect 0, 378V
 0> <info> app: SEM BATT = 1
 0> <info> app: BATT Working...
 0> <info> app: Raw 844,SOC 84,BattFullDetect 0, 374V
 0> <info> app: SEM BATT = 1
 0> <info> app: BATT Working...
 0> <info> app: Raw 831,SOC 78,BattFullDetect 0, 368V
 0> <info> app: SEM BATT = 1
 0> <info> app: BATT Working...
 0> <info> app: Raw 853,SOC 88,BattFullDetect 0, 378V
 0> <info> app: SEM BATT = 1
 0> <info> app: BATT Working...
 0> <info> app: Raw 852,SOC 87,BattFullDetect 0, 377V
 0> <info> app: SEM BATT = 1
 0> <info> app: BATT Working...
 0> <info> app: Raw 852,SOC 87,BattFullDetect 0, 377V
 0> <info> app: SEM BATT = 1
 0> <info> app: BATT Working...
 0> <info> app: Raw 843,SOC 83,BattFullDetect 0, 373V
 0> <info> app: SEM BATT = 1
 0> <info> app: BATT Working...
 0> <info> app: Raw 832,SOC 78,BattFullDetect 0, 368V
 0> <info> app: SEM BATT = 1
 0> <info> app: BATT Working...
 0> <info> app: Raw 851,SOC 87,BattFullDetect 0, 377V

# Logging stopped @ 27 Aug 2018 09:11:08
