# SEGGER J-Link RTT Viewer V6.16a Terminal Log File
# Compiled: 12:44:10 on Jun  6 2017
# Logging started @ 06 Sep 2018 10:41:00
 0> <info> app: 0,1152,1780,536879360
 0> <info> app: 0,1203,1838,536879360
 0> <info> app: 0,1187,1798,536879360
 0> <info> app: 0,1162,1809,536879360
 0> <info> app: 0,1220,1830,536879360
 0> <info> app: 0,1179,1790,536879360
 0> <info> app: 0,1178,1837,536879360
 0> <info> app: 0,1201,1797,536879360
 0> <info> app: 0,1154,1774,536879360
 0> <info> app: 0,1214,1812,536879360
 0> <info> app: 0,1179,1771,536879360
 0> <info> app: 0,1158,1815,536879360
 0> <info> app: 0,1213,1810,536879360
 0> <info> app: 0,1177,1777,536879360
 0> <info> app: 0,1198,1841,536879360
 0> <info> app: 0,1213,1795,536879360
 0> <info> app: 0,1170,1791,536879360
 0> <info> app: 0,1226,1820,536879360
 0> <info> app: 0,1184,1774,536879360
 0> <info> app: 0,1165,1829,536879360
 0> <info> app: 0,1204,1797,536879360
 0> <info> app: 0,1152,1772,536879360
 0> <info> app: 0,1204,1833,536879360
 0> <info> app: 0,1178,1788,536879360
 0> <info> app: 0,1149,1812,536879360
 0> <info> app: 0,1213,1836,536879360
 0> <info> app: 0,1175,1788,536879360
 0> <info> app: 0,1182,1846,536879360
 0> <info> app: 0,1204,1799,536879360
 0> <info> app: 0,1161,1784,536879360
 0> <info> app: 0,1217,1814,536879360
 0> <info> app: 0,1178,1769,536879360
 0> <info> app: 0,1155,1820,536879360
 0> <info> app: 0,1201,1799,536879360
 0> <info> app: 0,1168,1773,536879360
 0> <info> app: 0,1198,1829,536879360
 0> <info> app: 0,1210,1787,536879360
 0> <info> app: 0,1168,1794,536879360
 0> <info> app: 0,1228,1821,536879360
 0> <info> app: 0,1188,1774,536879360
 0> <info> app: 0,1173,1834,536879360
 0> <info> app: 0,1201,1796,536879360
 0> <info> app: 0,1151,1771,536879360
 0> <info> app: 0,1211,1821,536879360
 0> <info> app: 0,1175,1783,536879360
 0> <info> app: 0,1145,1822,536879360
 0> <info> app: 0,1203,1828,536879360
 0> <info> app: 0,1165,1789,536879360
 0> <info> app: 0,1188,1850,536879360
 0> <info> app: 0,1206,1798,536879360
 0> <info> app: 0,1166,1785,536879360
 0> <info> app: 0,1222,1821,536879360
 0> <info> app: 0,1179,1773,536879360
 0> <info> app: 0,1166,1829,536879360
 0> <info> app: 0,1200,1796,536879360
 0> <info> app: 0,1158,1765,536879360
 0> <info> app: 0,1206,1821,536879360
 0> <info> app: 0,1195,1780,536879360
 0> <info> app: 0,1168,1802,536879360
 0> <info> app: 0,1229,1822,536879360
 0> <info> app: 0,1188,1776,536879360
 0> <info> app: 0,1185,1836,536879360
 0> <info> app: 0,1211,1798,536879360
 0> <info> app: 0,1166,1779,536879360
 0> <info> app: 0,1216,1818,536879360
 0> <info> app: 0,1178,1771,536879360
 0> <info> app: 0,1155,1826,536879360
 0> <info> app: 0,1194,1814,536879360
 0> <info> app: 0,1159,1792,536879360
 0> <info> app: 0,1192,1847,536879360
 0> <info> app: 0,1198,1801,536879360
 0> <info> app: 0,1161,1796,536879360
 0> <info> app: 0,1222,1826,536879360
 0> <info> app: 0,1179,1776,536879360
 0> <info> app: 0,1168,1831,536879360
 0> <info> app: 0,1201,1796,536879360
 0> <info> app: 0,1153,1772,536879360
 0> <info> app: 0,1212,1814,536879360
 0> <info> app: 0,1192,1778,536879360
 0> <info> app: 0,1164,1812,536879360
 0> <info> app: 0,1224,1819,536879360
 0> <info> app: 0,1180,1780,536879360
 0> <info> app: 0,1186,1836,536879360
 0> <info> app: 0,1210,1793,536879360
 0> <info> app: 0,1167,1786,536879360
 0> <info> app: 0,1216,1814,536879360
 0> <info> app: 0,1180,1772,536879360
 0> <info> app: 0,1157,1822,536879360
 0> <info> app: 0,1195,1802,536879360
 0> <info> app: 0,1151,1788,536879360
 0> <info> app: 0,1199,1844,536879360
 0> <info> app: 0,1189,1799,536879360
 0> <info> app: 0,1158,1804,536879360
 0> <info> app: 0,1215,1827,536879360
 0> <info> app: 0,1180,1782,536879360
 0> <info> app: 0,1171,1832,536879360
 0> <info> app: 0,1203,1795,536879360
 0> <info> app: 0,1155,1769,536879360
 0> <info> app: 0,1214,1809,536879360
 0> <info> app: 0,1174,1768,536879360
 0> <info> app: 0,1153,1816,536879360
 0> <info> app: 0,1217,1809,536879360
 0> <info> app: 0,1173,1775,536879360
 0> <info> app: 0,1193,1838,536879360
 0> <info> app: 0,1210,1796,536879360
 0> <info> app: 0,1174,1792,536879360
 0> <info> app: 0,1223,1817,536879360
 0> <info> app: 0,1183,1772,536879360
 0> <info> app: 0,1159,1826,536879360
 0> <info> app: 0,1195,1801,536879360
 0> <info> app: 0,1148,1773,536879360
 0> <info> app: 0,1209,1832,536879360
 0> <info> app: 0,1184,1794,536879360
 0> <info> app: 0,1153,1811,536879360
 0> <info> app: 0,1215,1833,536879360
 0> <info> app: 0,1173,1786,536879360
 0> <info> app: 0,1179,1844,536879360
 0> <info> app: 0,1206,1796,536879360
 0> <info> app: 0,1156,1780,536879360
 0> <info> app: 0,1218,1812,536879360
 0> <info> app: 0,1178,1768,536879360
 0> <info> app: 0,1160,1824,536879360
 0> <info> app: 0,1203,1802,536879360
 0> <info> app: 0,1164,1774,536879360
 0> <info> app: 0,1200,1832,536879360
 0> <info> app: 0,1211,1793,536879360
 0> <info> app: 0,1176,1796,536879360
 0> <info> app: 0,1230,1814,536879360
 0> <info> app: 0,1186,1773,536879360
 0> <info> app: 0,1175,1833,536879360
 0> <info> app: 0,1202,1798,536879360
 0> <info> app: 0,1151,1775,536879360
 0> <info> app: 0,1208,1825,536879360
 0> <info> app: 0,1181,1789,536879360
 0> <info> app: 0,1152,1820,536879360
 0> <info> app: 0,1207,1827,536879360
 0> <info> app: 0,1169,1790,536879360
 0> <info> app: 0,1186,1845,536879360
 0> <info> app: 0,1207,1801,536879360
 0> <info> app: 0,1160,1786,536879360
 0> <info> app: 0,1217,1819,536879360
 0> <info> app: 0,1177,1769,536879360
 0> <info> app: 0,1164,1829,536879360
 0> <info> app: 0,1201,1798,536879360
 0> <info> app: 0,1157,1769,536879360
 0> <info> app: 0,1205,1824,536879360
 0> <info> app: 0,1201,1795,536879360
 0> <info> app: 0,1168,1799,536879360
 0> <info> app: 0,1228,1827,536879360
 0> <info> app: 0,1186,1775,536879360
 0> <info> app: 0,1182,1839,536879360
 0> <info> app: 0,1209,1797,536879360
 0> <info> app: 0,1161,1782,536879360
 0> <info> app: 0,1213,1821,536879360
 0> <info> app: 0,1174,1778,536879360
 0> <info> app: 0,1148,1824,536879360
 0> <info> app: 0,1197,1818,536879360
 0> <info> app: 0,1163,1786,536879360
 0> <info> app: 0,1192,1847,536879360
 0> <info> app: 0,1204,1804,536879360
 0> <info> app: 0,1164,1799,536879360
 0> <info> app: 0,1220,1821,536879360
 0> <info> app: 0,1176,1780,536879360
 0> <info> app: 0,1166,1827,536879360
 0> <info> app: 0,1199,1800,536879360
 0> <info> app: 0,1156,1764,536879360
 0> <info> app: 0,1207,1817,536879360
 0> <info> app: 0,1193,1782,536879360
 0> <info> app: 0,1169,1815,536879360
 0> <info> app: 0,1225,1823,536879360
 0> <info> app: 0,1180,1779,536879360
 0> <info> app: 0,1187,1838,536879360
 0> <info> app: 0,1213,1794,536879360
 0> <info> app: 0,1165,1784,536879360
 0> <info> app: 0,1220,1813,536879360
 0> <info> app: 0,1181,1771,536879360
 0> <info> app: 0,1153,1825,536879360
 0> <info> app: 0,1199,1813,536879360
 0> <info> app: 0,1153,1783,536879360
 0> <info> app: 0,1193,1846,536879360
 0> <info> app: 0,1193,1799,536879360
 0> <info> app: 0,1160,1799,536879360
 0> <info> app: 0,1220,1825,536879360
 0> <info> app: 0,1181,1784,536879360
 0> <info> app: 0,1175,1835,536879360
 0> <info> app: 0,1198,1799,536879360
 0> <info> app: 0,1152,1770,536879360
 0> <info> app: 0,1215,1811,536879360
 0> <info> app: 0,1182,1767,536879360
 0> <info> app: 0,1159,1812,536879360
 0> <info> app: 0,1217,1816,536879360
 0> <info> app: 0,1173,1783,536879360
 0> <info> app: 0,1191,1839,536879360
 0> <info> app: 0,1216,1797,536879360
 0> <info> app: 0,1169,1792,536879360
 0> <info> app: 0,1221,1821,536879360
 0> <info> app: 0,1177,1773,536879360
 0> <info> app: 0,1162,1828,536879360
 0> <info> app: 0,1198,1798,536879360
 0> <info> app: 0,1145,1777,536879360
 0> <info> app: 0,1203,1831,536879360
 0> <info> app: 0,1181,1797,536879360
 0> <info> app: 0,1155,1814,536879360
 0> <info> app: 0,1214,1834,536879360
 0> <info> app: 0,1179,1789,536879360
 0> <info> app: 0,1178,1840,536879360
 0> <info> app: 0,1203,1794,536879360
 0> <info> app: 0,1156,1778,536879360
 0> <info> app: 0,1215,1815,536879360
 0> <info> app: 0,1175,1767,536879360
 0> <info> app: 0,1157,1820,536879360
 0> <info> app: 0,1204,1808,536879360
 0> <info> app: 0,1165,1768,536879360
 0> <info> app: 0,1197,1841,536879360
 0> <info> app: 0,1208,1794,536879360
 0> <info> app: 0,1174,1797,536879360
 0> <info> app: 0,1226,1821,536879360
 0> <info> app: 0,1182,1771,536879360
 0> <info> app: 0,1169,1829,536879360
 0> <info> app: 0,1196,1791,536879360
 0> <info> app: 0,1151,1775,536879360
 0> <info> app: 0,1207,1825,536879360
 0> <info> app: 0,1183,1789,536879360
 0> <info> app: 0,1154,1817,536879360
 0> <info> app: 0,1212,1829,536879360
 0> <info> app: 0,1172,1793,536879360
 0> <info> app: 0,1187,1845,536879360
 0> <info> app: 0,1210,1793,536879360
 0> <info> app: 0,1159,1787,536879360
 0> <info> app: 0,1214,1820,536879360
 0> <info> app: 0,1178,1766,536879360
 0> <info> app: 0,1161,1824,536879360
 0> <info> app: 0,1196,1796,536879360
 0> <info> app: 0,1161,1764,536879360
 0> <info> app: 0,1203,1827,536879360
 0> <info> app: 0,1200,1795,536879360
 0> <info> app: 0,1170,1799,536879360
 0> <info> app: 0,1226,1818,536879360
 0> <info> app: 0,1184,1772,536879360
 0> <info> app: 0,1177,1833,536879360
 0> <info> app: 0,1203,1796,536879360
 0> <info> app: 0,1159,1776,536879360
 0> <info> app: 0,1204,1823,536879360
 0> <info> app: 0,1178,1785,536879360
 0> <info> app: 0,1148,1819,536879360
 0> <info> app: 0,1199,1825,536879360
 0> <info> app: 0,1161,1791,536879360
 0> <info> app: 0,1184,1843,536879360
 0> <info> app: 0,1206,1793,536879360
 0> <info> app: 0,1165,1793,536879360
 0> <info> app: 0,1222,1826,536879360
 0> <info> app: 0,1180,1776,536879360
 0> <info> app: 0,1165,1830,536879360
 0> <info> app: 0,1194,1792,536879360
 0> <info> app: 0,1151,1763,536879360
 0> <info> app: 0,1202,1816,536879360
 0> <info> app: 0,1191,1782,536879360
 0> <info> app: 0,1172,1808,536879360
 0> <info> app: 0,1228,1824,536879360
 0> <info> app: 0,1185,1781,536879360
 0> <info> app: 0,1184,1836,536879360
 0> <info> app: 0,1211,1790,536879360
 0> <info> app: 0,1164,1784,536879360
 0> <info> app: 0,1221,1816,536879360
 0> <info> app: 0,1173,1773,536879360
 0> <info> app: 0,1150,1820,536879360
 0> <info> app: 0,1195,1809,536879360
 0> <info> app: 0,1152,1790,536879360
 0> <info> app: 0,1199,1846,536879360
 0> <info> app: 0,1191,1799,536879360
 0> <info> app: 0,1162,1803,536879360
 0> <info> app: 0,1224,1829,536879360
 0> <info> app: 0,1176,1774,536879360
 0> <info> app: 0,1173,1835,536879360
 0> <info> app: 0,1196,1795,536879360
 0> <info> app: 0,1152,1767,536879360
 0> <info> app: 0,1210,1809,536879360
 0> <info> app: 0,1181,1775,536879360
 0> <info> app: 0,1163,1814,536879360
 0> <info> app: 0,1218,1815,536879360
 0> <info> app: 0,1179,1782,536879360
 0> <info> app: 0,1189,1838,536879360
 0> <info> app: 0,1210,1790,536879360
 0> <info> app: 0,1169,1783,536879360
 0> <info> app: 0,1222,1824,536879360
 0> <info> app: 0,1175,1771,536879360
 0> <info> app: 0,1158,1825,536879360
 0> <info> app: 0,1196,1800,536879360
 0> <info> app: 0,1148,1779,536879360
 0> <info> app: 0,1200,1837,536879360
 0> <info> app: 0,1187,1799,536879360
 0> <info> app: 0,1159,1809,536879360
 0> <info> app: 0,1219,1829,536879360
 0> <info> app: 0,1174,1788,536879360
 0> <info> app: 0,1178,1838,536879360
 0> <info> app: 0,1205,1800,536879360
 0> <info> app: 0,1153,1773,536879360
 0> <info> app: 0,1215,1814,536879360
 0> <info> app: 0,1181,1768,536879360
 0> <info> app: 0,1155,1817,536879360
 0> <info> app: 0,1209,1804,536879360
 0> <info> app: 0,1170,1769,536879360
 0> <info> app: 0,1195,1840,536879360
 0> <info> app: 0,1213,1792,536879360
 0> <info> app: 0,1174,1791,536879360
 0> <info> app: 0,1226,1815,536879360
 0> <info> app: 0,1178,1777,536879360
 0> <info> app: 0,1163,1835,536879360
 0> <info> app: 0,1197,1795,536879360
 0> <info> app: 0,1152,1771,536879360
 0> <info> app: 0,1202,1831,536879360
 0> <info> app: 0,1173,1795,536879360
 0> <info> app: 0,1149,1814,536879360
 0> <info> app: 0,1209,1829,536879360
 0> <info> app: 0,1173,1793,536879360
 0> <info> app: 0,1184,1839,536879360
 0> <info> app: 0,1205,1797,536879360
 0> <info> app: 0,1155,1783,536879360
 0> <info> app: 0,1218,1813,536879360
 0> <info> app: 0,1174,1768,536879360
 0> <info> app: 0,1158,1824,536879360
 0> <info> app: 0,1201,1799,536879360
 0> <info> app: 0,1163,1770,536879360
 0> <info> app: 0,1202,1826,536879360
 0> <info> app: 0,1207,1792,536879360
 0> <info> app: 0,1176,1801,536879360
 0> <info> app: 0,1229,1821,536879360
 0> <info> app: 0,1179,1776,536879360
 0> <info> app: 0,1175,1835,536879360
 0> <info> app: 0,1204,1792,536879360
 0> <info> app: 0,1161,1774,536879360
 0> <info> app: 0,1211,1817,536879360
 0> <info> app: 0,1177,1785,536879360
 0> <info> app: 0,1146,1819,536879360
 0> <info> app: 0,1198,1828,536879360
 0> <info> app: 0,1168,1791,536879360
 0> <info> app: 0,1187,1848,536879360
 0> <info> app: 0,1208,1798,536879360
 0> <info> app: 0,1166,1783,536879360
 0> <info> app: 0,1222,1824,536879360
 0> <info> app: 0,1178,1771,536879360
 0> <info> app: 0,1164,1828,536879360
 0> <info> app: 0,1200,1790,536879360
 0> <info> app: 0,1153,1761,536879360
 0> <info> app: 0,1203,1816,536879360
 0> <info> app: 0,1193,1781,536879360
 0> <info> app: 0,1174,1806,536879360
 0> <info> app: 0,1224,1824,536879360
 0> <info> app: 0,1183,1777,536879360
 0> <info> app: 0,1185,1834,536879360
 0> <info> app: 0,1208,1796,536879360
 0> <info> app: 0,1159,1779,536879360
 0> <info> app: 0,1216,1813,536879360
 0> <info> app: 0,1178,1776,536879360
 0> <info> app: 0,1149,1821,536879360
 0> <info> app: 0,1195,1815,536879360
 0> <info> app: 0,1159,1787,536879360
 0> <info> app: 0,1194,1843,536879360
 0> <info> app: 0,1193,1795,536879360
 0> <info> app: 0,1163,1797,536879360
 0> <info> app: 0,1214,1823,536879360
 0> <info> app: 0,1176,1777,536879360
 0> <info> app: 0,1167,1831,536879360
 0> <info> app: 0,1197,1793,536879360
 0> <info> app: 0,1152,1768,536879360
 0> <info> app: 0,1210,1809,536879360
 0> <info> app: 0,1185,1775,536879360
 0> <info> app: 0,1162,1809,536879360
 0> <info> app: 0,1227,1812,536879360
 0> <info> app: 0,1184,1777,536879360
 0> <info> app: 0,1193,1839,536879360
 0> <info> app: 0,1213,1792,536879360
 0> <info> app: 0,1169,1787,536879360
 0> <info> app: 0,1222,1816,536879360
 0> <info> app: 0,1178,1768,536879360
 0> <info> app: 0,1156,1827,536879360
 0> <info> app: 0,1193,1801,536879360
 0> <info> app: 0,1150,1783,536879360
 0> <info> app: 0,1195,1839,536879360
 0> <info> app: 0,1188,1799,536879360
 0> <info> app: 0,1156,1808,536879360
 0> <info> app: 0,1219,1827,536879360
 0> <info> app: 0,1182,1785,536879360
 0> <info> app: 0,1174,1836,536879360
 0> <info> app: 0,1206,1796,536879360
 0> <info> app: 0,1158,1771,536879360
 0> <info> app: 0,1212,1816,536879360
 0> <info> app: 0,1175,1771,536879360
 0> <info> app: 0,1158,1815,536879360
 0> <info> app: 0,1216,1808,536879360
 0> <info> app: 0,1171,1778,536879360
 0> <info> app: 0,1191,1839,536879360
 0> <info> app: 0,1211,1792,536879360
 0> <info> app: 0,1174,1793,536879360
 0> <info> app: 0,1230,1818,536879360
 0> <info> app: 0,1179,1770,536879360
 0> <info> app: 0,1163,1826,536879360
 0> <info> app: 0,1201,1794,536879360
 0> <info> app: 0,1147,1777,536879360
 0> <info> app: 0,1202,1832,536879360
 0> <info> app: 0,1184,1793,536879360
 0> <info> app: 0,1151,1814,536879360
 0> <info> app: 0,1213,1834,536879360
 0> <info> app: 0,1176,1792,536879360
 0> <info> app: 0,1180,1841,536879360
 0> <info> app: 0,1201,1795,536879360
 0> <info> app: 0,1163,1782,536879360
 0> <info> app: 0,1213,1815,536879360
 0> <info> app: 0,1182,1769,536879360
 0> <info> app: 0,1154,1820,536879360
 0> <info> app: 0,1201,1803,536879360
 0> <info> app: 0,1163,1776,536879360
 0> <info> app: 0,1200,1829,536879360
 0> <info> app: 0,1207,1798,536879360
 0> <info> app: 0,1171,1799,536879360
 0> <info> app: 0,1226,1821,536879360
 0> <info> app: 0,1183,1776,536879360
 0> <info> app: 0,1176,1833,536879360
 0> <info> app: 0,1204,1798,536879360
 0> <info> app: 0,1152,1771,536879360
 0> <info> app: 0,1203,1813,536879360
 0> <info> app: 0,1174,1786,536879360
 0> <info> app: 0,1148,1817,536879360
 0> <info> app: 0,1201,1827,536879360
 0> <info> app: 0,1171,1792,536879360
 0> <info> app: 0,1190,1846,536879360
 0> <info> app: 0,1205,1800,536879360
 0> <info> app: 0,1161,1785,536879360
 0> <info> app: 0,1218,1819,536879360
 0> <info> app: 0,1176,1767,536879360
 0> <info> app: 0,1160,1827,536879360
 0> <info> app: 0,1198,1796,536879360
 0> <info> app: 0,1151,1766,536879360
 0> <info> app: 0,1202,1819,536879360
 0> <info> app: 0,1199,1791,536879360
 0> <info> app: 0,1171,1797,536879360
 0> <info> app: 0,1230,1820,536879360
 0> <info> app: 0,1180,1781,536879360
 0> <info> app: 0,1184,1834,536879360
 0> <info> app: 0,1209,1792,536879360
 0> <info> app: 0,1160,1780,536879360
 0> <info> app: 0,1215,1816,536879360
 0> <info> app: 0,1174,1775,536879360
 0> <info> app: 0,1147,1822,536879360
 0> <info> app: 0,1194,1819,536879360
 0> <info> app: 0,1155,1787,536879360
 0> <info> app: 0,1190,1841,536879360
 0> <info> app: 0,1206,1798,536879360
 0> <info> app: 0,1162,1800,536879360
 0> <info> app: 0,1217,1822,536879360
 0> <info> app: 0,1178,1773,536879360
 0> <info> app: 0,1166,1828,536879360
 0> <info> app: 0,1201,1793,536879360
 0> <info> app: 0,1151,1763,536879360
 0> <info> app: 0,1206,1811,536879360
 0> <info> app: 0,1185,1779,536879360
 0> <info> app: 0,1167,1808,536879360
 0> <info> app: 0,1224,1822,536879360
 0> <info> app: 0,1185,1780,536879360
 0> <info> app: 0,1183,1837,536879360
 0> <info> app: 0,1205,1799,536879360
 0> <info> app: 0,1164,1782,536879360
 0> <info> app: 0,1223,1822,536879360
 0> <info> app: 0,1177,1770,536879360
 0> <info> app: 0,1153,1827,536879360
 0> <info> app: 0,1194,1808,536879360
 0> <info> app: 0,1152,1782,536879360
 0> <info> app: 0,1198,1844,536879360
 0> <info> app: 0,1195,1801,536879360
 0> <info> app: 0,1164,1807,536879360
 0> <info> app: 0,1220,1832,536879360
 0> <info> app: 0,1180,1782,536879360
 0> <info> app: 0,1174,1829,536879360
 0> <info> app: 0,1197,1797,536879360
 0> <info> app: 0,1150,1770,536879360
 0> <info> app: 0,1209,1806,536879360
 0> <info> app: 0,1177,1774,536879360
 0> <info> app: 0,1161,1810,536879360
 0> <info> app: 0,1221,1815,536879360
 0> <info> app: 0,1176,1777,536879360
 0> <info> app: 0,1192,1839,536879360
 0> <info> app: 0,1211,1792,536879360
 0> <info> app: 0,1169,1785,536879360
 0> <info> app: 0,1221,1817,536879360
 0> <info> app: 0,1176,1771,536879360
 0> <info> app: 0,1157,1824,536879360
 0> <info> app: 0,1195,1803,536879360
 0> <info> app: 0,1151,1775,536879360
 0> <info> app: 0,1201,1840,536879360
 0> <info> app: 0,1181,1795,536879360
 0> <info> app: 0,1155,1806,536879360
 0> <info> app: 0,1217,1823,536879360
 0> <info> app: 0,1175,1782,536879360
 0> <info> app: 0,1181,1838,536879360
 0> <info> app: 0,1205,1794,536879360
 0> <info> app: 0,1155,1774,536879360
 0> <info> app: 0,1219,1813,536879360
 0> <info> app: 0,1179,1769,536879360
 0> <info> app: 0,1156,1810,536879360
 0> <info> app: 0,1203,1804,536879360
 0> <info> app: 0,1167,1775,536879360
 0> <info> app: 0,1195,1829,536879360
 0> <info> app: 0,1211,1792,536879360
 0> <info> app: 0,1172,1795,536879360
 0> <info> app: 0,1229,1820,536879360
 0> <info> app: 0,1178,1772,536879360
 0> <info> app: 0,1171,1825,536879360
 0> <info> app: 0,1196,1794,536879360
 0> <info> app: 0,1147,1775,536879360
 0> <info> app: 0,1208,1828,536879360
 0> <info> app: 0,1177,1789,536879360
 0> <info> app: 0,1151,1811,536879360
 0> <info> app: 0,1204,1832,536879360
 0> <info> app: 0,1174,1788,536879360
 0> <info> app: 0,1188,1842,536879360
 0> <info> app: 0,1206,1801,536879360
 0> <info> app: 0,1157,1786,536879360
 0> <info> app: 0,1216,1817,536879360
 0> <info> app: 0,1173,1765,536879360
 0> <info> app: 0,1152,1816,536879360
 0> <info> app: 0,1201,1799,536879360
 0> <info> app: 0,1163,1764,536879360
 0> <info> app: 0,1203,1832,536879360
 0> <info> app: 0,1203,1794,536879360
 0> <info> app: 0,1174,1799,536879360
 0> <info> app: 0,1227,1826,536879360
 0> <info> app: 0,1183,1781,536879360
 0> <info> app: 0,1180,1833,536879360
 0> <info> app: 0,1201,1794,536879360
 0> <info> app: 0,1154,1772,536879360
 0> <info> app: 0,1212,1820,536879360
 0> <info> app: 0,1174,1782,536879360
 0> <info> app: 0,1146,1817,536879360
 0> <info> app: 0,1197,1822,536879360
 0> <info> app: 0,1167,1787,536879360
 0> <info> app: 0,1193,1845,536879360
 0> <info> app: 0,1203,1800,536879360
 0> <info> app: 0,1160,1791,536879360
 0> <info> app: 0,1218,1818,536879360
 0> <info> app: 0,1182,1765,536879360
 0> <info> app: 0,1163,1821,536879360
 0> <info> app: 0,1196,1788,536879360
 0> <info> app: 0,1156,1767,536879360
 0> <info> app: 0,1202,1819,536879360
 0> <info> app: 0,1199,1781,536879360
 0> <info> app: 0,1173,1803,536879360
 0> <info> app: 0,1226,1825,536879360
 0> <info> app: 0,1178,1776,536879360
 0> <info> app: 0,1183,1834,536879360
 0> <info> app: 0,1209,1788,536879360
 0> <info> app: 0,1157,1783,536879360
 0> <info> app: 0,1213,1811,536879360
 0> <info> app: 0,1174,1772,536879360
 0> <info> app: 0,1150,1816,536879360
 0> <info> app: 0,1195,1814,536879360
 0> <info> app: 0,1159,1790,536879360
 0> <info> app: 0,1190,1842,536879360
 0> <info> app: 0,1203,1798,536879360
 0> <info> app: 0,1161,1801,536879360
 0> <info> app: 0,1217,1825,536879360
 0> <info> app: 0,1179,1772,536879360
 0> <info> app: 0,1164,1829,536879360
 0> <info> app: 0,1200,1792,536879360
 0> <info> app: 0,1153,1764,536879360
 0> <info> app: 0,1208,1810,536879360
 0> <info> app: 0,1187,1779,536879360
 0> <info> app: 0,1163,1809,536879360
 0> <info> app: 0,1222,1817,536879360
 0> <info> app: 0,1176,1775,536879360
 0> <info> app: 0,1188,1839,536879360
 0> <info> app: 0,1213,1790,536879360
 0> <info> app: 0,1174,1785,536879360
 0> <info> app: 0,1214,1817,536879360
 0> <info> app: 0,1175,1771,536879360
 0> <info> app: 0,1157,1825,536879360
 0> <info> app: 0,1192,1796,536879360
 0> <info> app: 0,1144,1785,536879360
 0> <info> app: 0,1195,1840,536879360
 0> <info> app: 0,1186,1801,536879360
 0> <info> app: 0,1158,1804,536879360
 0> <info> app: 0,1216,1825,536879360
 0> <info> app: 0,1179,1780,536879360
 0> <info> app: 0,1171,1836,536879360
 0> <info> app: 0,1200,1791,536879360
 0> <info> app: 0,1159,1770,536879360
 0> <info> app: 0,1211,1811,536879360
 0> <info> app: 0,1179,1771,536879360
 0> <info> app: 0,1160,1813,536879360
 0> <info> app: 0,1213,1807,536879360
 0> <info> app: 0,1181,1780,536879360
 0> <info> app: 0,1196,1842,536879360
 0> <info> app: 0,1217,1793,536879360
 0> <info> app: 0,1170,1791,536879360
 0> <info> app: 0,1228,1817,536879360
 0> <info> app: 0,1180,1772,536879360
 0> <info> app: 0,1163,1825,536879360
 0> <info> app: 0,1194,1800,536879360
 0> <info> app: 0,1145,1783,536879360
 0> <info> app: 0,1205,1831,536879360
 0> <info> app: 0,1182,1788,536879360
 0> <info> app: 0,1149,1809,536879360
 0> <info> app: 0,1211,1831,536879360
 0> <info> app: 0,1177,1785,536879360
 0> <info> app: 0,1178,1840,536879360
 0> <info> app: 0,1200,1796,536879360
 0> <info> app: 0,1157,1777,536879360
 0> <info> app: 0,1217,1814,536879360
 0> <info> app: 0,1178,1768,536879360
 0> <info> app: 0,1155,1821,536879360
 0> <info> app: 0,1204,1802,536879360
 0> <info> app: 0,1167,1771,536879360
 0> <info> app: 0,1193,1831,536879360
 0> <info> app: 0,1210,1790,536879360
 0> <info> app: 0,1177,1795,536879360
 0> <info> app: 0,1226,1819,536879360
 0> <info> app: 0,1181,1773,536879360
 0> <info> app: 0,1167,1830,536879360
 0> <info> app: 0,1197,1797,536879360
 0> <info> app: 0,1151,1770,536879360
 0> <info> app: 0,1204,1819,536879360
 0> <info> app: 0,1178,1787,536879360
 0> <info> app: 0,1152,1810,536879360
 0> <info> app: 0,1205,1829,536879360
 0> <info> app: 0,1174,1793,536879360
 0> <info> app: 0,1183,1842,536879360
 0> <info> app: 0,1208,1797,536879360
 0> <info> app: 0,1160,1783,536879360
 0> <info> app: 0,1213,1811,536879360
 0> <info> app: 0,1181,1768,536879360
 0> <info> app: 0,1164,1821,536879360
 0> <info> app: 0,1192,1792,536879360
 0> <info> app: 0,1156,1766,536879360
 0> <info> app: 0,1201,1825,536879360
 0> <info> app: 0,1203,1794,536879360
 0> <info> app: 0,1174,1797,536879360
 0> <info> app: 0,1231,1823,536879360
 0> <info> app: 0,1180,1780,536879360
 0> <info> app: 0,1180,1833,536879360
 0> <info> app: 0,1208,1796,536879360
 0> <info> app: 0,1152,1776,536879360
 0> <info> app: 0,1216,1816,536879360
 0> <info> app: 0,1177,1780,536879360
 0> <info> app: 0,1149,1820,536879360
 0> <info> app: 0,1200,1824,536879360
 0> <info> app: 0,1163,1792,536879360
 0> <info> app: 0,1189,1845,536879360
 0> <info> app: 0,1203,1798,536879360
 0> <info> app: 0,1161,1789,536879360
 0> <info> app: 0,1218,1821,536879360
 0> <info> app: 0,1174,1775,536879360
 0> <info> app: 0,1157,1829,536879360
 0> <info> app: 0,1198,1796,536879360
 0> <info> app: 0,1156,1764,536879360
 0> <info> app: 0,1205,1817,536879360
 0> <info> app: 0,1190,1779,536879360
 0> <info> app: 0,1167,1806,536879360
 0> <info> app: 0,1229,1820,536879360
 0> <info> app: 0,1180,1776,536879360
 0> <info> app: 0,1187,1835,536879360
 0> <info> app: 0,1211,1794,536879360
 0> <info> app: 0,1162,1780,536879360
 0> <info> app: 0,1211,1816,536879360
 0> <info> app: 0,1178,1773,536879360
 0> <info> app: 0,1150,1820,536879360
 0> <info> app: 0,1188,1813,536879360
 0> <info> app: 0,1153,1787,536879360
 0> <info> app: 0,1195,1842,536879360
 0> <info> app: 0,1201,1794,536879360
 0> <info> app: 0,1163,1802,536879360
 0> <info> app: 0,1221,1820,536879360
 0> <info> app: 0,1177,1777,536879360
 0> <info> app: 0,1165,1832,536879360
 0> <info> app: 0,1205,1791,536879360
 0> <info> app: 0,1153,1764,536879360
 0> <info> app: 0,1209,1812,536879360
 0> <info> app: 0,1183,1780,536879360
 0> <info> app: 0,1161,1808,536879360
 0> <info> app: 0,1217,1818,536879360
 0> <info> app: 0,1183,1782,536879360
 0> <info> app: 0,1191,1833,536879360
 0> <info> app: 0,1210,1788,536879360

# Logging stopped @ 06 Sep 2018 10:41:11
