 0> <info> app: 1,102471,92189,223
 0> <info> app: 1,101981,91177,99
 0> <info> app: 1,102106,91235,41
 0> <info> app: 1,102214,91282,49
 0> <info> app: 1,102316,91231,62
 0> <info> app: 1,102256,91187,41
 0> <info> app: 1,102221,91150,39
 0> <info> app: 1,102235,91120,51
 0> <info> app: 1,102132,90949,97
 0> <info> app: 1,102095,90925,43
 0> <info> app: 1,102064,90907,48
 0> <info> app: 1,102072,90835,60
 0> <info> app: 1,101998,90796,40
 0> <info> app: 1,102017,90781,50
 0> <info> app: 1,101916,90597,102
 0> <info> app: 1,101875,90578,44
 0> <info> app: 1,101876,90559,51
 0> <info> app: 1,101901,90502,56
 0> <info> app: 1,101869,90473,44
 0> <info> app: 1,101891,90477,50
 0> <info> app: 1,101954,90466,52
 0> <info> app: 1,102038,90406,65
 0> <info> app: 1,101931,90377,36
 0> <info> app: 1,101928,90354,52
 0> <info> app: 1,101961,90266,60
 0> <info> app: 1,101860,90220,38
 0> <info> app: 1,101871,90209,49
 0> <info> app: 1,101838,90186,48
 0> <info> app: 1,101871,90162,54
 0> <info> app: 1,101907,90087,60
 0> <info> app: 1,101862,90072,38
 0> <info> app: 1,101810,90036,47
 0> <info> app: 1,101814,90016,48
 0> <info> app: 1,101847,89957,60
 0> <info> app: 1,101742,89877,41
 0> <info> app: 1,101762,89893,45
 0> <info> app: 1,101778,89868,49
 0> <info> app: 1,101688,89696,100
 0> <info> app: 1,101719,89700,46
 0> <info> app: 1,101762,89693,51
 0> <info> app: 1,101833,89652,56
 0> <info> app: 1,101823,89618,43
 0> <info> app: 1,101833,89600,50
 0> <info> app: 1,101861,89580,52
 0> <info> app: 1,101849,89546,51
 0> <info> app: 1,101844,89506,49
