# SEGGER J-Link RTT Viewer V6.16a Terminal Log File
# Compiled: 12:44:10 on Jun  6 2017
# Logging started @ 06 Sep 2018 13:08:41
 0> <info> app: 1,96748,85424,85,78
 0> <info> app: 1,96795,85386,84,79
 0> <info> app: 1,96845,85407,73,78
 0> <info> app: 1,96772,85325,78,80
 0> <info> app: 1,96716,85292,76,77
 0> <info> app: 1,96709,85227,85,78
 0> <info> app: 1,96652,85181,80,79
 0> <info> app: 1,96593,85112,78,79
 0> <info> app: 1,96568,85060,90,83
 0> <info> app: 1,96539,85005,80,82
 0> <info> app: 1,96497,84954,80,82
 0> <info> app: 1,96470,84919,78,82
 0> <info> app: 1,96472,84889,75,78
 0> <info> app: 1,96491,84851,76,77
 0> <info> app: 1,96501,84848,74,75
 0> <info> app: 1,96537,84802,78,75
 0> <info> app: 1,96553,84768,77,76
 0> <info> app: 1,96555,84716,77,76
 0> <info> app: 1,96536,84695,76,77
 0> <info> app: 1,96548,84662,80,77
 0> <info> app: 1,96526,84617,78,77
 0> <info> app: 1,96489,84563,80,78
 0> <info> app: 1,96477,84530,78,79
 0> <info> app: 1,96450,84475,82,79
 0> <info> app: 1,96410,84429,82,80
 0> <info> app: 1,96342,84371,80,80
 0> <info> app: 1,96315,84335,80,81
 0> <info> app: 1,96307,84277,78,80
 0> <info> app: 1,96314,84237,78,79
 0> <info> app: 1,96322,84208,78,78
 0> <info> app: 1,96342,84186,72,76
 0> <info> app: 1,96376,84175,80,77
 0> <info> app: 1,96393,84132,78,77
 0> <info> app: 1,96382,84098,78,77
 0> <info> app: 1,96374,84075,78,78
 0> <info> app: 1,96381,84053,80,78
 0> <info> app: 1,96382,84008,82,79
 0> <info> app: 1,96343,83959,80,80
 0> <info> app: 1,96336,83943,82,81
 0> <info> app: 1,96304,83896,88,83
 0> <info> app: 1,96235,83837,80,82
 0> <info> app: 1,96136,83759,82,83
 0> <info> app: 1,96032,83683,75,81
 0> <info> app: 1,96033,83658,84,80
 0> <info> app: 1,96024,83609,78,79
 0> <info> app: 1,96033,83585,77,78
 0> <info> app: 1,95986,83496,71,77
 0> <info> app: 1,96027,83512,84,77
 0> <info> app: 1,96165,83518,75,76
 0> <info> app: 1,96205,83502,78,77
 0> <info> app: 1,96332,83520,75,78
 0> <info> app: 1,96352,83522,73,75
 0> <info> app: 1,96253,83417,75,75
 0> <info> app: 1,96226,83418,90,78
 0> <info> app: 1,96212,83343,82,80
 0> <info> app: 1,96145,83283,92,84
 0> <info> app: 1,96164,83306,84,87
 0> <info> app: 1,96201,83308,84,85
 0> <info> app: 1,96201,83280,84,86
 0> <info> app: 1,96203,83255,78,82
 0> <info> app: 1,96197,83244,77,80
 0> <info> app: 1,96233,83231,80,79
 0> <info> app: 1,96239,83218,74,77
 0> <info> app: 1,96253,83206,73,76
 0> <info> app: 1,96271,83182,73,75
 0> <info> app: 1,96338,83193,71,72

# Logging stopped @ 06 Sep 2018 13:09:31
