# SEGGER J-Link RTT Viewer V6.16a Terminal Log File
# Compiled: 12:44:10 on Jun  6 2017
# Logging started @ 30 Nov 2018 10:39:36
 0> <info> app: ***********  Application started  ***********
 0> 
 0> <info> app: [OK] NRF Power ON 0x0004. 
 0> <info> app: Read MAC:D8B7D5F50205
 0> <info> app: ***********  Sensor initial ***********
 0> <info> app: [OK]	BMI160
 0> <info> app: [OK]	SETUP ACC
 0> <info> app: [OK]	SETUP STEP COUNT
 0> <info> app: [OK]	FLASH MEMORY
 0> <info> app: [OK]	Read and using configuration in flash memory
 0> <info> app: [OK]	Using queue setting from flash memory
 0> <info> app: gender in flash 1
 0> <info> app: [OK]	OLED Initial
 0> <info> app: [OK]	Max30102 Initial, Temperature 60.25
 0> <info> app: ********** End sensor initial *********
 0> 
 0> <info> app: Max30102 Found
 0> 
 0> <info> app: HR Begin
 0> 
 0> <info> app: 343
 0> <info> app: hr,0,137040,214175
 0> <info> app: hr,1,137043,214176
 0> <info> app: hr,2,137038,214171
 0> <info> app: hr,3,137031,214165
 0> <info> app: hr,4,137018,214158
 0> <info> app: hr,5,137005,214143
 0> <info> app: hr,6,136983,214092
 0> <info> app: hr,7,136968,214062
 0> <info> app: hr,8,136960,214045
 0> <info> app: hr,9,136951,214044
 0> <info> app: hr,10,136948,214074
 0> <info> app: hr,11,136956,214086
 0> <info> app: hr,12,136955,214097
 0> <info> app: hr,13,136952,214092
 0> <info> app: hr,14,136944,214086
 0> <info> app: hr,15,136952,214095
 0> <info> app: hr,16,136956,214115
 0> <info> app: hr,17,136969,214135
 0> <info> app: hr,18,136970,214135
 0> <info> app: hr,19,136962,214133
 0> <info> app: hr,20,136959,214125
 0> <info> app: hr,21,136972,214138
 0> <info> app: hr,22,136967,214173
 0> <info> app: hr,23,136985,214174
 0> <info> app: hr,24,136975,214187
 0> <info> app: hr,25,136984,214189
 0> <info> app: hr,26,136985,214203
 0> <info> app: hr,27,136991,214223
 0> <info> app: hr,28,137001,214235
 0> <info> app: hr,29,136990,214235
 0> <info> app: hr,30,136990,214224
 0> <info> app: hr,31,136969,214196
 0> <info> app: hr,32,136961,214185
 0> <info> app: hr,33,136965,214201
 0> <info> app: hr,34,136982,214228
 0> <info> app: hr,35,136992,214263
 0> <info> app: hr,36,137000,214290
 0> <info> app: hr,37,137002,214295
 0> <info> app: hr,38,136996,214304
 0> <info> app: hr,39,137015,214325
 0> <info> app: hr,40,137026,214345
 0> <info> app: hr,41,137033,214353
 0> <info> app: hr,42,137040,214367
 0> <info> app: hr,43,137037,214377
 0> <info> app: hr,44,137036,214359
 0> <info> app: hr,45,137017,214337
 0> <info> app: hr,46,136999,214305
 0> <info> app: hr,47,136997,214313
 0> <info> app: hr,48,137005,214346
 0> <info> app: hr,49,137030,214399
 0> <info> app: hr,50,137041,214431
 0> <info> app: hr,51,137043,214451
 0> <info> app: hr,52,137036,214442
 0> <info> app: hr,53,137039,214440
 0> <info> app: hr,54,137033,214438
 0> <info> app: hr,55,137034,214452
 0> <info> app: hr,56,137039,214475
 0> <info> app: hr,57,137034,214458
 0> <info> app: hr,58,137029,214417
 0> <info> app: hr,59,137014,214361
 0> <info> app: hr,60,137013,214302
 0> <info> app: hr,61,137003,214278
 0> <info> app: hr,62,137001,214258
 0> <info> app: hr,63,136993,214225
 0> <info> app: hr,64,136995,214220
 0> <info> app: hr,65,136986,214197
 0> <info> app: hr,66,136974,214172
 0> <info> app: hr,67,136974,214172
 0> <info> app: hr,68,136965,214178
 0> <info> app: hr,69,136945,214144
 0> <info> app: hr,70,136941,214135
 0> <info> app: hr,71,136923,214101
 0> <info> app: hr,72,136914,214098
 0> <info> app: hr,73,136915,214100
 0> <info> app: hr,74,136920,214125
 0> <info> app: hr,75,136922,214153
 0> <info> app: hr,76,136934,214192
 0> <info> app: hr,77,136955,214218
 0> <info> app: hr,78,136964,214252
 0> <info> app: hr,79,136976,214272
 0> <info> app: hr,80,136974,214269
 0> <info> app: hr,81,136970,214257
 0> <info> app: hr,82,136962,214244
 0> <info> app: hr,83,136955,214228
 0> <info> app: hr,84,136952,214228
 0> <info> app: hr,85,136950,214239
 0> <info> app: hr,86,136952,214241
 0> <info> app: hr,87,136942,214241
 0> <info> app: hr,88,136929,214227
 0> <info> app: hr,89,136925,214220
 0> <info> app: hr,90,136927,214218
 0> <info> app: hr,91,136915,214202
 0> <info> app: hr,92,136904,214203
 0> <info> app: hr,93,136908,214207
 0> <info> app: hr,94,136901,214202
 0> <info> app: hr,95,136895,214181
 0> <info> app: hr,96,136886,214174
 0> <info> app: hr,97,136880,214164
 0> <info> app: hr,98,136884,214179
 0> <info> app: hr,99,136884,214191
 0> <info> app: hr,100,136895,214205
 0> <info> app: hr,101,136891,214219
 0> <info> app: hr,102,136901,214229
 0> <info> app: hr,103,136900,214228
 0> <info> app: hr,104,136898,214233
 0> <info> app: hr,105,136904,214232
 0> <info> app: hr,106,136902,214233
 0> <info> app: hr,107,136897,214237
 0> <info> app: hr,108,136905,214238
 0> <info> app: hr,109,136899,214250
 0> <info> app: hr,110,136899,214248
 0> <info> app: hr,111,136905,214274
 0> <info> app: hr,112,136909,214273
 0> <info> app: hr,113,136912,214290
 0> <info> app: hr,114,136916,214311
 0> <info> app: hr,115,136928,214332
 0> <info> app: hr,116,136939,214352
 0> <info> app: hr,117,136932,214344
 0> <info> app: hr,118,136931,214337
 0> <info> app: hr,119,136915,214314
 0> <info> app: hr,120,136910,214310
 0> <info> app: hr,121,136923,214304
 0> <info> app: hr,122,136921,214287
 0> <info> app: hr,123,136920,214246
 0> <info> app: hr,124,136920,214202
 0> <info> app: hr,125,136909,214174
 0> <info> app: hr,126,136908,214149
 0> <info> app: hr,127,136911,214155
 0> <info> app: hr,128,136913,214177
 0> <info> app: hr,129,136902,214155
 0> <info> app: hr,130,136880,214145
 0> <info> app: hr,131,136877,214125
 0> <info> app: hr,132,136861,214105
 0> <info> app: hr,133,136839,214071
 0> <info> app: hr,134,136834,214063
 0> <info> app: hr,135,136829,214053
 0> <info> app: hr,136,136811,214047
 0> <info> app: hr,137,136807,214041
 0> <info> app: hr,138,136807,214047
 0> <info> app: hr,139,136810,214065
 0> <info> app: hr,140,136818,214073
 0> <info> app: hr,141,136812,214083
 0> <info> app: hr,142,136821,214082
 0> <info> app: hr,143,136810,214079
 0> <info> app: hr,144,136820,214103
 0> <info> app: hr,145,136822,214107
 0> <info> app: hr,146,136828,214115
 0> <info> app: hr,147,136827,214110
 0> <info> app: hr,148,136824,214116
 0> <info> app: hr,149,136827,214127
 0> <info> app: hr,150,136835,214153
 0> <info> app: hr,151,136839,214165
 0> <info> app: hr,152,136845,214154
 0> <info> app: hr,153,136831,214158
 0> <info> app: hr,154,136827,214152
 0> <info> app: hr,155,136825,214164
 0> <info> app: hr,156,136824,214161
 0> <info> app: hr,157,136826,214167
 0> <info> app: hr,158,136814,214147
 0> <info> app: hr,159,136799,214120
 0> <info> app: hr,160,136782,214109
 0> <info> app: hr,161,136788,214120
 0> <info> app: hr,162,136811,214159
 0> <info> app: hr,163,136814,214176
 0> <info> app: hr,164,136818,214178
 0> <info> app: hr,165,136814,214189
 0> <info> app: hr,166,136820,214187
 0> <info> app: hr,167,136825,214203
 0> <info> app: hr,168,136840,214227
 0> <info> app: hr,169,136837,214235
 0> <info> app: hr,170,136833,214219
 0> <info> app: hr,171,136819,214199
 0> <info> app: hr,172,136812,214184
 0> <info> app: hr,173,136806,214196
 0> <info> app: hr,174,136819,214233
 0> <info> app: hr,175,136833,214253
 0> <info> app: hr,176,136827,214249
 0> <info> app: hr,177,136827,214248
 0> <info> app: hr,178,136830,214255
 0> <info> app: hr,179,136840,214275
 0> <info> app: hr,180,136856,214321
 0> <info> app: hr,181,136858,214318
 0> <info> app: hr,182,136851,214310
 0> <info> app: hr,183,136840,214277
 0> <info> app: hr,184,136837,214226
 0> <info> app: hr,185,136834,214187
 0> <info> app: hr,186,136838,214153
 0> <info> app: hr,187,136830,214126
 0> <info> app: hr,188,136823,214100
 0> <info> app: hr,189,136823,214081
 0> <info> app: hr,190,136818,214077
 0> <info> app: hr,191,136823,214085
 0> <info> app: hr,192,136823,214104
 0> <info> app: hr,193,136835,214110
 0> <info> app: hr,194,136827,214106
 0> <info> app: hr,195,136811,214062
 0> <info> app: hr,196,136789,214029
 0> <info> app: hr,197,136776,214005
 0> <info> app: hr,198,136767,214017
 0> <info> app: hr,199,136779,214029
 0> <info> app: hr,200,136780,214053
 0> <info> app: hr,201,136776,214067
 0> <info> app: hr,202,136786,214066
 0> <info> app: hr,203,136784,214082
 0> <info> app: hr,204,136790,214086
 0> <info> app: hr,205,136789,214098
 0> <info> app: hr,206,136800,214105
 0> <info> app: hr,207,136799,214112
 0> <info> app: hr,208,136790,214109
 0> <info> app: hr,209,136796,214112
 0> <info> app: hr,210,136798,214115
 0> <info> app: hr,211,136806,214136
 0> <info> app: hr,212,136817,214168
 0> <info> app: hr,213,136829,214201
 0> <info> app: hr,214,136841,214231
 0> <info> app: hr,215,136840,214234
 0> <info> app: hr,216,136839,214222
 0> <info> app: hr,217,136829,214217
 0> <info> app: hr,218,136822,214208
 0> <info> app: hr,219,136821,214208
 0> <info> app: hr,220,136814,214206
 0> <info> app: hr,221,136803,214186
 0> <info> app: hr,222,136798,214180
 0> <info> app: hr,223,136803,214187
 0> <info> app: hr,224,136810,214218
 0> <info> app: hr,225,136820,214220
 0> <info> app: hr,226,136817,214231
 0> <info> app: hr,227,136825,214236
 0> <info> app: hr,228,136834,214263
 0> <info> app: hr,229,136847,214298
 0> <info> app: hr,230,136853,214299
 0> <info> app: hr,231,136853,214306
 0> <info> app: hr,232,136853,214296
 0> <info> app: hr,233,136847,214309
 0> <info> app: hr,234,136852,214312
 0> <info> app: hr,235,136857,214338
 0> <info> app: hr,236,136862,214347
 0> <info> app: hr,237,136858,214353
 0> <info> app: hr,238,136855,214338
 0> <info> app: hr,239,136842,214332
 0> <info> app: hr,240,136851,214342
 0> <info> app: hr,241,136839,214349
 0> <info> app: hr,242,136838,214351
 0> <info> app: hr,243,136837,214351
 0> <info> app: hr,244,136824,214330
 0> <info> app: hr,245,136820,214338
 0> <info> app: hr,246,136835,214354
 0> <info> app: hr,247,136835,214347
 0> <info> app: hr,248,136827,214286
 0> <info> app: hr,249,136804,214212
 0> <info> app: hr,250,136796,214145
 0> <info> app: hr,251,136777,214106
 0> <info> app: hr,252,136778,214084
 0> <info> app: hr,253,136776,214090
 0> <info> app: hr,254,136789,214110
 0> <info> app: hr,255,136791,214127
 0> <info> app: hr,256,136794,214120
 0> <info> app: hr,257,136772,214098
 0> <info> app: hr,258,136762,214076
 0> <info> app: hr,259,136761,214065
 0> <info> app: hr,260,136755,214057
 0> <info> app: hr,261,136749,214067
 0> <info> app: hr,262,136747,214062
 0> <info> app: hr,263,136738,214053
 0> <info> app: hr,264,136733,214066
 0> <info> app: hr,265,136742,214077
 0> <info> app: hr,266,136750,214104
 0> <info> app: hr,267,136752,214122
 0> <info> app: hr,268,136754,214126
 0> <info> app: hr,269,136762,214139
 0> <info> app: hr,270,136771,214145
 0> <info> app: hr,271,136779,214176
 0> <info> app: hr,272,136785,214178
 0> <info> app: hr,273,136785,214171
 0> <info> app: hr,274,136780,214148
 0> <info> app: hr,275,136766,214137
 0> <info> app: hr,276,136765,214140
 0> <info> app: hr,277,136763,214140
 0> <info> app: hr,278,136758,214147
 0> <info> app: hr,279,136747,214138
 0> <info> app: hr,280,136746,214132
 0> <info> app: hr,281,136745,214141
 0> <info> app: hr,282,136738,214155
 0> <info> app: hr,283,136750,214161
 0> <info> app: hr,284,136760,214169
 0> <info> app: hr,285,136756,214172
 0> <info> app: hr,286,136751,214166
 0> <info> app: hr,287,136733,214149
 0> <info> app: hr,288,136726,214134
 0> <info> app: hr,289,136725,214131
 0> <info> app: hr,290,136727,214134
 0> <info> app: hr,291,136746,214171
 0> <info> app: hr,292,136743,214210
 0> <info> app: hr,293,136764,214227
 0> <info> app: hr,294,136774,214252
 0> <info> app: hr,295,136774,214264
 0> <info> app: hr,296,136782,214262
 0> <info> app: hr,297,136765,214241
 0> <info> app: hr,298,136762,214225
 0> <info> app: hr,299,136749,214220
 0> <info> app: hr,300,136743,214219
 0> <info> app: hr,301,136740,214211
 0> <info> app: hr,302,136734,214206
 0> <info> app: hr,303,136730,214210
 0> <info> app: hr,304,136739,214235
 0> <info> app: hr,305,136755,214261
 0> <info> app: hr,306,136764,214274
 0> <info> app: hr,307,136736,214241
 0> <info> app: hr,308,136724,214218
 0> <info> app: hr,309,136715,214181
 0> <info> app: hr,310,136711,214164
 0> <info> app: hr,311,136705,214115
 0> <info> app: hr,312,136692,214060
 0> <info> app: hr,313,136672,214010
 0> <info> app: hr,314,136658,213971
 0> <info> app: hr,315,136669,213978
 0> <info> app: hr,316,136684,214016
 0> <info> app: hr,317,136702,214038
 0> <info> app: hr,318,136712,214062
 0> <info> app: hr,319,136713,214062
 0> <info> app: hr,320,136703,214040
 0> <info> app: hr,321,136687,214026
 0> <info> app: hr,322,136669,214003
 0> <info> app: hr,323,136653,213982
 0> <info> app: hr,324,136655,213972
 0> <info> app: hr,325,136648,213970
 0> <info> app: hr,326,136648,213986
 0> <info> app: hr,327,136648,213997
 0> <info> app: hr,328,136657,214009
 0> <info> app: hr,329,136668,214026
 0> <info> app: hr,330,136670,214048
 0> <info> app: hr,331,136660,214029
 0> <info> app: hr,332,136652,214019
 0> <info> app: hr,333,136640,214001
 0> <info> app: hr,334,136631,213989
 0> <info> app: hr,335,136628,213996
 0> <info> app: hr,336,136637,214001
 0> <info> app: hr,337,136642,214015
 0> <info> app: hr,338,136654,214038
 0> <info> app: hr,339,136661,214062
 0> <info> app: hr,340,136675,214086
 0> <info> app: hr,341,136673,214080
 0> <info> app: hr,342,136663,214057

# Logging stopped @ 30 Nov 2018 10:40:09
