# SEGGER J-Link RTT Viewer V6.16a Terminal Log File
# Compiled: 12:44:10 on Jun  6 2017
# Logging started @ 30 Nov 2018 10:47:19
 0> <info> app: ***********  Application started  ***********
 0> 
 0> <info> app: [OK] NRF Power ON 0x0004. 
 0> <info> app: Read MAC:D8B7D5F50205
 0> <info> app: ***********  Sensor initial ***********
 0> <info> app: [OK]	BMI160
 0> <info> app: [OK]	SETUP ACC
 0> <info> app: [OK]	SETUP STEP COUNT
 0> <info> app: [OK]	FLASH MEMORY
 0> <info> app: [OK]	Read and using configuration in flash memory
 0> <info> app: [OK]	Using queue setting from flash memory
 0> <info> app: gender in flash 1
 0> <info> app: [OK]	OLED Initial
 0> <info> app: [OK]	Max30102 Initial, Temperature 66.56
 0> <info> app: ********** End sensor initial *********
 0> 
 0> <info> app: Max30102 Found
 0> 
 0> <info> app: HR Begin
 0> 
 0> <info> app: 342
 0> <info> app: hr,0,80515,178180
 0> <info> app: hr,1,80521,178206
 0> <info> app: hr,2,80522,178195
 0> <info> app: hr,3,80500,178117
 0> <info> app: hr,4,80470,177988
 0> <info> app: hr,5,80436,177860
 0> <info> app: hr,6,80408,177730
 0> <info> app: hr,7,80377,177614
 0> <info> app: hr,8,80354,177525
 0> <info> app: hr,9,80334,177449
 0> <info> app: hr,10,80318,177385
 0> <info> app: hr,11,80303,177329
 0> <info> app: hr,12,80292,177281
 0> <info> app: hr,13,80288,177234
 0> <info> app: hr,14,80283,177208
 0> <info> app: hr,15,80281,177201
 0> <info> app: hr,16,80284,177195
 0> <info> app: hr,17,80282,177205
 0> <info> app: hr,18,80291,177235
 0> <info> app: hr,19,80300,177279
 0> <info> app: hr,20,80308,177305
 0> <info> app: hr,21,80316,177331
 0> <info> app: hr,22,80319,177344
 0> <info> app: hr,23,80326,177361
 0> <info> app: hr,24,80324,177374
 0> <info> app: hr,25,80326,177394
 0> <info> app: hr,26,80324,177406
 0> <info> app: hr,27,80329,177419
 0> <info> app: hr,28,80327,177418
 0> <info> app: hr,29,80333,177434
 0> <info> app: hr,30,80337,177459
 0> <info> app: hr,31,80343,177470
 0> <info> app: hr,32,80348,177475
 0> <info> app: hr,33,80353,177486
 0> <info> app: hr,34,80358,177506
 0> <info> app: hr,35,80362,177527
 0> <info> app: hr,36,80369,177555
 0> <info> app: hr,37,80372,177567
 0> <info> app: hr,38,80379,177593
 0> <info> app: hr,39,80384,177622
 0> <info> app: hr,40,80391,177653
 0> <info> app: hr,41,80398,177676
 0> <info> app: hr,42,80403,177695
 0> <info> app: hr,43,80411,177718
 0> <info> app: hr,44,80414,177743
 0> <info> app: hr,45,80423,177772
 0> <info> app: hr,46,80430,177803
 0> <info> app: hr,47,80438,177830
 0> <info> app: hr,48,80444,177860
 0> <info> app: hr,49,80453,177891
 0> <info> app: hr,50,80461,177912
 0> <info> app: hr,51,80468,177934
 0> <info> app: hr,52,80474,177951
 0> <info> app: hr,53,80475,177965
 0> <info> app: hr,54,80481,177980
 0> <info> app: hr,55,80483,177990
 0> <info> app: hr,56,80485,178002
 0> <info> app: hr,57,80486,178012
 0> <info> app: hr,58,80491,178035
 0> <info> app: hr,59,80494,178059
 0> <info> app: hr,60,80502,178089
 0> <info> app: hr,61,80513,178125
 0> <info> app: hr,62,80526,178174
 0> <info> app: hr,63,80540,178228
 0> <info> app: hr,64,80544,178234
 0> <info> app: hr,65,80528,178180
 0> <info> app: hr,66,80508,178078
 0> <info> app: hr,67,80477,177950
 0> <info> app: hr,68,80441,177800
 0> <info> app: hr,69,80404,177659
 0> <info> app: hr,70,80372,177556
 0> <info> app: hr,71,80359,177487
 0> <info> app: hr,72,80344,177420
 0> <info> app: hr,73,80330,177361
 0> <info> app: hr,74,80317,177322
 0> <info> app: hr,75,80312,177287
 0> <info> app: hr,76,80305,177258
 0> <info> app: hr,77,80303,177227
 0> <info> app: hr,78,80300,177207
 0> <info> app: hr,79,80299,177199
 0> <info> app: hr,80,80304,177222
 0> <info> app: hr,81,80310,177252
 0> <info> app: hr,82,80318,177288
 0> <info> app: hr,83,80324,177312
 0> <info> app: hr,84,80331,177331
 0> <info> app: hr,85,80338,177350
 0> <info> app: hr,86,80339,177353
 0> <info> app: hr,87,80338,177358
 0> <info> app: hr,88,80341,177367
 0> <info> app: hr,89,80338,177371
 0> <info> app: hr,90,80337,177374
 0> <info> app: hr,91,80335,177378
 0> <info> app: hr,92,80339,177386
 0> <info> app: hr,93,80344,177415
 0> <info> app: hr,94,80350,177440
 0> <info> app: hr,95,80358,177457
 0> <info> app: hr,96,80360,177479
 0> <info> app: hr,97,80365,177496
 0> <info> app: hr,98,80367,177511
 0> <info> app: hr,99,80371,177535
 0> <info> app: hr,100,80376,177558
 0> <info> app: hr,101,80388,177593
 0> <info> app: hr,102,80399,177628
 0> <info> app: hr,103,80402,177659
 0> <info> app: hr,104,80410,177691
 0> <info> app: hr,105,80420,177713
 0> <info> app: hr,106,80425,177737
 0> <info> app: hr,107,80432,177755
 0> <info> app: hr,108,80429,177763
 0> <info> app: hr,109,80437,177778
 0> <info> app: hr,110,80440,177795
 0> <info> app: hr,111,80449,177819
 0> <info> app: hr,112,80456,177838
 0> <info> app: hr,113,80459,177858
 0> <info> app: hr,114,80468,177894
 0> <info> app: hr,115,80475,177915
 0> <info> app: hr,116,80480,177926
 0> <info> app: hr,117,80489,177955
 0> <info> app: hr,118,80492,177971
 0> <info> app: hr,119,80496,177981
 0> <info> app: hr,120,80497,177990
 0> <info> app: hr,121,80504,178006
 0> <info> app: hr,122,80501,178018
 0> <info> app: hr,123,80510,178034
 0> <info> app: hr,124,80510,178059
 0> <info> app: hr,125,80522,178092
 0> <info> app: hr,126,80535,178142
 0> <info> app: hr,127,80546,178196
 0> <info> app: hr,128,80550,178202
 0> <info> app: hr,129,80541,178153
 0> <info> app: hr,130,80519,178057
 0> <info> app: hr,131,80490,177942
 0> <info> app: hr,132,80459,177813
 0> <info> app: hr,133,80432,177690
 0> <info> app: hr,134,80406,177570
 0> <info> app: hr,135,80379,177476
 0> <info> app: hr,136,80359,177408
 0> <info> app: hr,137,80350,177363
 0> <info> app: hr,138,80339,177320
 0> <info> app: hr,139,80328,177277
 0> <info> app: hr,140,80324,177236
 0> <info> app: hr,141,80315,177212
 0> <info> app: hr,142,80318,177182
 0> <info> app: hr,143,80309,177165
 0> <info> app: hr,144,80311,177168
 0> <info> app: hr,145,80320,177192
 0> <info> app: hr,146,80323,177218
 0> <info> app: hr,147,80327,177241
 0> <info> app: hr,148,80335,177261
 0> <info> app: hr,149,80344,177286
 0> <info> app: hr,150,80346,177303
 0> <info> app: hr,151,80350,177318
 0> <info> app: hr,152,80350,177327
 0> <info> app: hr,153,80350,177327
 0> <info> app: hr,154,80354,177335
 0> <info> app: hr,155,80350,177331
 0> <info> app: hr,156,80351,177332
 0> <info> app: hr,157,80346,177334
 0> <info> app: hr,158,80349,177348
 0> <info> app: hr,159,80355,177373
 0> <info> app: hr,160,80359,177387
 0> <info> app: hr,161,80368,177410
 0> <info> app: hr,162,80376,177438
 0> <info> app: hr,163,80376,177456
 0> <info> app: hr,164,80378,177480
 0> <info> app: hr,165,80386,177497
 0> <info> app: hr,166,80387,177516
 0> <info> app: hr,167,80395,177534
 0> <info> app: hr,168,80401,177563
 0> <info> app: hr,169,80408,177585
 0> <info> app: hr,170,80416,177620
 0> <info> app: hr,171,80423,177654
 0> <info> app: hr,172,80431,177693
 0> <info> app: hr,173,80440,177711
 0> <info> app: hr,174,80444,177726
 0> <info> app: hr,175,80447,177738
 0> <info> app: hr,176,80453,177750
 0> <info> app: hr,177,80453,177756
 0> <info> app: hr,178,80456,177763
 0> <info> app: hr,179,80456,177775
 0> <info> app: hr,180,80467,177800
 0> <info> app: hr,181,80466,177813
 0> <info> app: hr,182,80468,177829
 0> <info> app: hr,183,80472,177846
 0> <info> app: hr,184,80480,177871
 0> <info> app: hr,185,80486,177895
 0> <info> app: hr,186,80494,177918
 0> <info> app: hr,187,80499,177952
 0> <info> app: hr,188,80512,178001
 0> <info> app: hr,189,80524,178042
 0> <info> app: hr,190,80528,178055
 0> <info> app: hr,191,80518,178007
 0> <info> app: hr,192,80497,177916
 0> <info> app: hr,193,80466,177803
 0> <info> app: hr,194,80435,177669
 0> <info> app: hr,195,80405,177544
 0> <info> app: hr,196,80378,177447
 0> <info> app: hr,197,80364,177380
 0> <info> app: hr,198,80349,177324
 0> <info> app: hr,199,80339,177276
 0> <info> app: hr,200,80332,177241
 0> <info> app: hr,201,80328,177224
 0> <info> app: hr,202,80325,177206
 0> <info> app: hr,203,80323,177201
 0> <info> app: hr,204,80331,177210
 0> <info> app: hr,205,80332,177229
 0> <info> app: hr,206,80338,177248
 0> <info> app: hr,207,80344,177276
 0> <info> app: hr,208,80352,177288
 0> <info> app: hr,209,80352,177291
 0> <info> app: hr,210,80352,177287
 0> <info> app: hr,211,80356,177304
 0> <info> app: hr,212,80351,177312
 0> <info> app: hr,213,80350,177315
 0> <info> app: hr,214,80349,177323
 0> <info> app: hr,215,80347,177327
 0> <info> app: hr,216,80344,177334
 0> <info> app: hr,217,80349,177353
 0> <info> app: hr,218,80356,177371
 0> <info> app: hr,219,80367,177391
 0> <info> app: hr,220,80371,177413
 0> <info> app: hr,221,80375,177429
 0> <info> app: hr,222,80381,177459
 0> <info> app: hr,223,80389,177489
 0> <info> app: hr,224,80398,177523
 0> <info> app: hr,225,80406,177546
 0> <info> app: hr,226,80410,177578
 0> <info> app: hr,227,80416,177589
 0> <info> app: hr,228,80419,177612
 0> <info> app: hr,229,80425,177612
 0> <info> app: hr,230,80427,177625
 0> <info> app: hr,231,80431,177629
 0> <info> app: hr,232,80430,177641
 0> <info> app: hr,233,80438,177670
 0> <info> app: hr,234,80440,177697
 0> <info> app: hr,235,80450,177733
 0> <info> app: hr,236,80464,177768
 0> <info> app: hr,237,80468,177803
 0> <info> app: hr,238,80477,177825
 0> <info> app: hr,239,80477,177835
 0> <info> app: hr,240,80478,177850
 0> <info> app: hr,241,80483,177858
 0> <info> app: hr,242,80490,177873
 0> <info> app: hr,243,80494,177897
 0> <info> app: hr,244,80499,177915
 0> <info> app: hr,245,80504,177947
 0> <info> app: hr,246,80517,177972
 0> <info> app: hr,247,80524,178016
 0> <info> app: hr,248,80536,178064
 0> <info> app: hr,249,80547,178114
 0> <info> app: hr,250,80556,178140
 0> <info> app: hr,251,80552,178122
 0> <info> app: hr,252,80535,178055
 0> <info> app: hr,253,80510,177943
 0> <info> app: hr,254,80478,177810
 0> <info> app: hr,255,80446,177685
 0> <info> app: hr,256,80415,177570
 0> <info> app: hr,257,80390,177477
 0> <info> app: hr,258,80366,177406
 0> <info> app: hr,259,80354,177345
 0> <info> app: hr,260,80338,177290
 0> <info> app: hr,261,80331,177239
 0> <info> app: hr,262,80322,177192
 0> <info> app: hr,263,80315,177148
 0> <info> app: hr,264,80308,177122
 0> <info> app: hr,265,80311,177111
 0> <info> app: hr,266,80309,177115
 0> <info> app: hr,267,80320,177154
 0> <info> app: hr,268,80329,177197
 0> <info> app: hr,269,80336,177226
 0> <info> app: hr,270,80346,177251
 0> <info> app: hr,271,80351,177270
 0> <info> app: hr,272,80353,177280
 0> <info> app: hr,273,80358,177289
 0> <info> app: hr,274,80354,177293
 0> <info> app: hr,275,80352,177295
 0> <info> app: hr,276,80352,177300
 0> <info> app: hr,277,80353,177317
 0> <info> app: hr,278,80356,177328
 0> <info> app: hr,279,80353,177351
 0> <info> app: hr,280,80362,177375
 0> <info> app: hr,281,80362,177397
 0> <info> app: hr,282,80370,177412
 0> <info> app: hr,283,80373,177421
 0> <info> app: hr,284,80373,177427
 0> <info> app: hr,285,80374,177442
 0> <info> app: hr,286,80383,177471
 0> <info> app: hr,287,80389,177500
 0> <info> app: hr,288,80398,177521
 0> <info> app: hr,289,80404,177555
 0> <info> app: hr,290,80417,177594
 0> <info> app: hr,291,80430,177626
 0> <info> app: hr,292,80436,177651
 0> <info> app: hr,293,80444,177669
 0> <info> app: hr,294,80450,177694
 0> <info> app: hr,295,80451,177706
 0> <info> app: hr,296,80459,177718
 0> <info> app: hr,297,80465,177743
 0> <info> app: hr,298,80470,177760
 0> <info> app: hr,299,80479,177793
 0> <info> app: hr,300,80489,177827
 0> <info> app: hr,301,80493,177846
 0> <info> app: hr,302,80496,177864
 0> <info> app: hr,303,80498,177883
 0> <info> app: hr,304,80503,177895
 0> <info> app: hr,305,80510,177909
 0> <info> app: hr,306,80512,177924
 0> <info> app: hr,307,80515,177946
 0> <info> app: hr,308,80520,177963
 0> <info> app: hr,309,80526,177994
 0> <info> app: hr,310,80535,178030
 0> <info> app: hr,311,80546,178084
 0> <info> app: hr,312,80564,178132
 0> <info> app: hr,313,80575,178174
 0> <info> app: hr,314,80579,178183
 0> <info> app: hr,315,80568,178124
 0> <info> app: hr,316,80536,178006
 0> <info> app: hr,317,80503,177868
 0> <info> app: hr,318,80469,177721
 0> <info> app: hr,319,80433,177585
 0> <info> app: hr,320,80403,177476
 0> <info> app: hr,321,80389,177403
 0> <info> app: hr,322,80374,177351
 0> <info> app: hr,323,80364,177312
 0> <info> app: hr,324,80355,177261
 0> <info> app: hr,325,80342,177215
 0> <info> app: hr,326,80342,177177
 0> <info> app: hr,327,80337,177143
 0> <info> app: hr,328,80337,177129
 0> <info> app: hr,329,80342,177139
 0> <info> app: hr,330,80343,177161
 0> <info> app: hr,331,80346,177185
 0> <info> app: hr,332,80355,177216
 0> <info> app: hr,333,80368,177244
 0> <info> app: hr,334,80370,177268
 0> <info> app: hr,335,80374,177285
 0> <info> app: hr,336,80375,177296
 0> <info> app: hr,337,80371,177281
 0> <info> app: hr,338,80368,177272
 0> <info> app: hr,339,80365,177269
 0> <info> app: hr,340,80364,177272
 0> <info> app: hr,341,80362,177287

# Logging stopped @ 30 Nov 2018 10:47:49
