# SEGGER J-Link RTT Viewer V6.16a Terminal Log File
# Compiled: 12:44:10 on Jun  6 2017
# Logging started @ 30 Nov 2018 10:43:24
 0> <info> app: [OK]	OLED Initial
 0> <info> app: [OK]	Max30102 Initial, Temperature 53.81
 0> <info> app: ********** End sensor initial *********
 0> 
 0> <info> app: Max30102 Found
 0> 
 0> <info> app: HR Begin
 0> 
 0> <info> app: 416
 0> <info> app: hr,0,67393,194557
 0> <info> app: hr,1,67390,194565
 0> <info> app: hr,2,67400,194563
 0> <info> app: hr,3,67391,194571
 0> <info> app: hr,4,67389,194570
 0> <info> app: hr,5,67394,194573
 0> <info> app: hr,6,67400,194567
 0> <info> app: hr,7,67396,194576
 0> <info> app: hr,8,67389,194579
 0> <info> app: hr,9,67402,194591
 0> <info> app: hr,10,67406,194589
 0> <info> app: hr,11,67410,194663
 0> <info> app: hr,12,67416,194657
 0> <info> app: hr,13,67408,194652
 0> <info> app: hr,14,67416,194651
 0> <info> app: hr,15,67414,194657
 0> <info> app: hr,16,67410,194653
 0> <info> app: hr,17,67412,194652
 0> <info> app: hr,18,67406,194653
 0> <info> app: hr,19,67417,194652
 0> <info> app: hr,20,67405,194650
 0> <info> app: hr,21,67404,194641
 0> <info> app: hr,22,67403,194636
 0> <info> app: hr,23,67402,194634
 0> <info> app: hr,24,67399,194634
 0> <info> app: hr,25,67403,194636
 0> <info> app: hr,26,67403,194633
 0> <info> app: hr,27,67408,194663
 0> <info> app: hr,28,67405,194687
 0> <info> app: hr,29,67414,194686
 0> <info> app: hr,30,67411,194679
 0> <info> app: hr,31,67408,194683
 0> <info> app: hr,32,67411,194698
 0> <info> app: hr,33,67407,194700
 0> <info> app: hr,34,67420,194697
 0> <info> app: hr,35,67409,194699
 0> <info> app: hr,36,67420,194702
 0> <info> app: hr,37,67416,194710
 0> <info> app: hr,38,67418,194707
 0> <info> app: hr,39,67413,194714
 0> <info> app: hr,40,67416,194713
 0> <info> app: hr,41,67406,194714
 0> <info> app: hr,42,67432,194823
 0> <info> app: hr,43,67437,194825
 0> <info> app: hr,44,67435,194825
 0> <info> app: hr,45,67441,194827
 0> <info> app: hr,46,67435,194839
 0> <info> app: hr,47,67428,194836
 0> <info> app: hr,48,67437,194844
 0> <info> app: hr,49,67433,194836
 0> <info> app: hr,50,67433,194837
 0> <info> app: hr,51,67427,194835
 0> <info> app: hr,52,67424,194834
 0> <info> app: hr,53,67429,194840
 0> <info> app: hr,54,67435,194826
 0> <info> app: hr,55,67426,194823
 0> <info> app: hr,56,67425,194820
 0> <info> app: hr,57,67414,194698
 0> <info> app: hr,58,67405,194690
 0> <info> app: hr,59,67417,194687
 0> <info> app: hr,60,67412,194672
 0> <info> app: hr,61,67406,194668
 0> <info> app: hr,62,67405,194658
 0> <info> app: hr,63,67406,194653
 0> <info> app: hr,64,67405,194648
 0> <info> app: hr,65,67399,194639
 0> <info> app: hr,66,67405,194653
 0> <info> app: hr,67,67406,194643
 0> <info> app: hr,68,67403,194648
 0> <info> app: hr,69,67401,194647
 0> <info> app: hr,70,67409,194654
 0> <info> app: hr,71,67406,194650
 0> <info> app: hr,72,67421,194699
 0> <info> app: hr,73,67416,194701
 0> <info> app: hr,74,67418,194701
 0> <info> app: hr,75,67417,194706
 0> <info> app: hr,76,67420,194714
 0> <info> app: hr,77,67421,194709
 0> <info> app: hr,78,67421,194728
 0> <info> app: hr,79,67422,194724
 0> <info> app: hr,80,67415,194729
 0> <info> app: hr,81,67430,194748
 0> <info> app: hr,82,67430,194749
 0> <info> app: hr,83,67430,194757
 0> <info> app: hr,84,67423,194754
 0> <info> app: hr,85,67429,194759
 0> <info> app: hr,86,67436,194762
 0> <info> app: hr,87,67441,194820
 0> <info> app: hr,88,67440,194814
 0> <info> app: hr,89,67435,194816
 0> <info> app: hr,90,67437,194826
 0> <info> app: hr,91,67440,194828
 0> <info> app: hr,92,67439,194822
 0> <info> app: hr,93,67441,194827
 0> <info> app: hr,94,67437,194820
 0> <info> app: hr,95,67436,194826
 0> <info> app: hr,96,67436,194827
 0> <info> app: hr,97,67436,194838
 0> <info> app: hr,98,67440,194832
 0> <info> app: hr,99,67428,194839
 0> <info> app: hr,100,67445,194849
 0> <info> app: hr,101,67455,194864
 0> <info> app: hr,102,67431,194848
 0> <info> app: hr,103,67433,194849
 0> <info> app: hr,104,67432,194851
 0> <info> app: hr,105,67434,194840
 0> <info> app: hr,106,67434,194835
 0> <info> app: hr,107,67430,194837
 0> <info> app: hr,108,67427,194834
 0> <info> app: hr,109,67437,194827
 0> <info> app: hr,110,67427,194821
 0> <info> app: hr,111,67423,194833
 0> <info> app: hr,112,67430,194818
 0> <info> app: hr,113,67427,194820
 0> <info> app: hr,114,67426,194832
 0> <info> app: hr,115,67427,194820
 0> <info> app: hr,116,67423,194810
 0> <info> app: hr,117,67430,194863
 0> <info> app: hr,118,67426,194864
 0> <info> app: hr,119,67431,194872
 0> <info> app: hr,120,67429,194866
 0> <info> app: hr,121,67437,194875
 0> <info> app: hr,122,67422,194857
 0> <info> app: hr,123,67429,194868
 0> <info> app: hr,124,67428,194869
 0> <info> app: hr,125,67429,194862
 0> <info> app: hr,126,67431,194860
 0> <info> app: hr,127,67419,194859
 0> <info> app: hr,128,67418,194841
 0> <info> app: hr,129,67420,194837
 0> <info> app: hr,130,67416,194845
 0> <info> app: hr,131,67412,194838
 0> <info> app: hr,132,67409,194835
 0> <info> app: hr,133,67392,194812
 0> <info> app: hr,134,67391,194799
 0> <info> app: hr,135,67389,194781
 0> <info> app: hr,136,67390,194786
 0> <info> app: hr,137,67387,194785
 0> <info> app: hr,138,67389,194777
 0> <info> app: hr,139,67395,194767
 0> <info> app: hr,140,67390,194764
 0> <info> app: hr,141,67388,194744
 0> <info> app: hr,142,67385,194743
 0> <info> app: hr,143,67396,194738
 0> <info> app: hr,144,67390,194717
 0> <info> app: hr,145,67386,194714
 0> <info> app: hr,146,67392,194691
 0> <info> app: hr,147,67384,194701
 0> <info> app: hr,148,67400,194730
 0> <info> app: hr,149,67401,194736
 0> <info> app: hr,150,67396,194730
 0> <info> app: hr,151,67404,194727
 0> <info> app: hr,152,67401,194726
 0> <info> app: hr,153,67400,194729
 0> <info> app: hr,154,67401,194739
 0> <info> app: hr,155,67399,194723
 0> <info> app: hr,156,67401,194715
 0> <info> app: hr,157,67398,194721
 0> <info> app: hr,158,67402,194714
 0> <info> app: hr,159,67395,194710
 0> <info> app: hr,160,67400,194705
 0> <info> app: hr,161,67390,194713
 0> <info> app: hr,162,67392,194715
 0> <info> app: hr,163,67388,194700
 0> <info> app: hr,164,67382,194692
 0> <info> app: hr,165,67380,194695
 0> <info> app: hr,166,67386,194701
 0> <info> app: hr,167,67381,194694
 0> <info> app: hr,168,67378,194700
 0> <info> app: hr,169,67377,194702
 0> <info> app: hr,170,67381,194699
 0> <info> app: hr,171,67386,194703
 0> <info> app: hr,172,67378,194717
 0> <info> app: hr,173,67377,194711
 0> <info> app: hr,174,67380,194715
 0> <info> app: hr,175,67376,194712
 0> <info> app: hr,176,67390,194714
 0> <info> app: hr,177,67387,194722
 0> <info> app: hr,178,67388,194781
 0> <info> app: hr,179,67389,194782
 0> <info> app: hr,180,67387,194783
 0> <info> app: hr,181,67389,194791
 0> <info> app: hr,182,67386,194788
 0> <info> app: hr,183,67391,194784
 0> <info> app: hr,184,67385,194776
 0> <info> app: hr,185,67385,194779
 0> <info> app: hr,186,67382,194770
 0> <info> app: hr,187,67380,194770
 0> <info> app: hr,188,67386,194775
 0> <info> app: hr,189,67381,194766
 0> <info> app: hr,190,67390,194770
 0> <info> app: hr,191,67382,194772
 0> <info> app: hr,192,67380,194775
 0> <info> app: hr,193,67388,194812
 0> <info> app: hr,194,67394,194815
 0> <info> app: hr,195,67393,194800
 0> <info> app: hr,196,67394,194809
 0> <info> app: hr,197,67391,194814
 0> <info> app: hr,198,67391,194806
 0> <info> app: hr,199,67389,194812
 0> <info> app: hr,200,67391,194809
 0> <info> app: hr,201,67391,194822
 0> <info> app: hr,202,67393,194818
 0> <info> app: hr,203,67391,194811
 0> <info> app: hr,204,67395,194825
 0> <info> app: hr,205,67381,194826
 0> <info> app: hr,206,67386,194825
 0> <info> app: hr,207,67392,194830
 0> <info> app: hr,208,67376,194849
 0> <info> app: hr,209,67378,194843
 0> <info> app: hr,210,67383,194845
 0> <info> app: hr,211,67380,194850
 0> <info> app: hr,212,67383,194863
 0> <info> app: hr,213,67382,194854
 0> <info> app: hr,214,67382,194853
 0> <info> app: hr,215,67385,194858
 0> <info> app: hr,216,67379,194851
 0> <info> app: hr,217,67384,194847
 0> <info> app: hr,218,67383,194842
 0> <info> app: hr,219,67380,194847
 0> <info> app: hr,220,67379,194839
 0> <info> app: hr,221,67377,194834
 0> <info> app: hr,222,67381,194813
 0> <info> app: hr,223,67374,194712
 0> <info> app: hr,224,67372,194708
 0> <info> app: hr,225,67373,194707
 0> <info> app: hr,226,67371,194706
 0> <info> app: hr,227,67375,194715
 0> <info> app: hr,228,67373,194712
 0> <info> app: hr,229,67372,194713
 0> <info> app: hr,230,67375,194719
 0> <info> app: hr,231,67374,194701
 0> <info> app: hr,232,67369,194701
 0> <info> app: hr,233,67368,194701
 0> <info> app: hr,234,67374,194700
 0> <info> app: hr,235,67365,194685
 0> <info> app: hr,236,67372,194695
 0> <info> app: hr,237,67362,194694
 0> <info> app: hr,238,67362,194686
 0> <info> app: hr,239,67367,194763
 0> <info> app: hr,240,67364,194762
 0> <info> app: hr,241,67366,194758
 0> <info> app: hr,242,67371,194754
 0> <info> app: hr,243,67368,194753
 0> <info> app: hr,244,67367,194762
 0> <info> app: hr,245,67361,194761
 0> <info> app: hr,246,67361,194756
 0> <info> app: hr,247,67368,194745
 0> <info> app: hr,248,67366,194768
 0> <info> app: hr,249,67368,194760
 0> <info> app: hr,250,67378,194777
 0> <info> app: hr,251,67375,194779
 0> <info> app: hr,252,67380,194784
 0> <info> app: hr,253,67380,194778
 0> <info> app: hr,254,67376,194828
 0> <info> app: hr,255,67372,194810
 0> <info> app: hr,256,67380,194826
 0> <info> app: hr,257,67375,194835
 0> <info> app: hr,258,67373,194820
 0> <info> app: hr,259,67367,194822
 0> <info> app: hr,260,67369,194827
 0> <info> app: hr,261,67377,194829
 0> <info> app: hr,262,67374,194832
 0> <info> app: hr,263,67377,194835
 0> <info> app: hr,264,67372,194826
 0> <info> app: hr,265,67371,194832
 0> <info> app: hr,266,67385,194827
 0> <info> app: hr,267,67373,194830
 0> <info> app: hr,268,67369,194838
 0> <info> app: hr,269,67375,194866
 0> <info> app: hr,270,67375,194850
 0> <info> app: hr,271,67368,194861
 0> <info> app: hr,272,67371,194871
 0> <info> app: hr,273,67377,194855
 0> <info> app: hr,274,67370,194866
 0> <info> app: hr,275,67375,194861
 0> <info> app: hr,276,67375,194866
 0> <info> app: hr,277,67373,194866
 0> <info> app: hr,278,67371,194874
 0> <info> app: hr,279,67371,194877
 0> <info> app: hr,280,67373,194878
 0> <info> app: hr,281,67357,194881
 0> <info> app: hr,282,67371,194864
 0> <info> app: hr,283,67366,194871
 0> <info> app: hr,284,67365,194882
 0> <info> app: hr,285,67369,194875
 0> <info> app: hr,286,67366,194873
 0> <info> app: hr,287,67361,194872
 0> <info> app: hr,288,67368,194877
 0> <info> app: hr,289,67364,194882
 0> <info> app: hr,290,67371,194883
 0> <info> app: hr,291,67366,194878
 0> <info> app: hr,292,67365,194874
 0> <info> app: hr,293,67361,194892
 0> <info> app: hr,294,67366,194888
 0> <info> app: hr,295,67365,194888
 0> <info> app: hr,296,67369,194895
 0> <info> app: hr,297,67365,194901
 0> <info> app: hr,298,67368,194886
 0> <info> app: hr,299,67359,194747
 0> <info> app: hr,300,67356,194735
 0> <info> app: hr,301,67355,194744
 0> <info> app: hr,302,67350,194746
 0> <info> app: hr,303,67351,194743
 0> <info> app: hr,304,67359,194749
 0> <info> app: hr,305,67355,194743
 0> <info> app: hr,306,67352,194760
 0> <info> app: hr,307,67350,194756
 0> <info> app: hr,308,67356,194750
 0> <info> app: hr,309,67354,194764
 0> <info> app: hr,310,67349,194772
 0> <info> app: hr,311,67355,194761
 0> <info> app: hr,312,67353,194755
 0> <info> app: hr,313,67350,194750
 0> <info> app: hr,314,67355,194752
 0> <info> app: hr,315,67334,194743
 0> <info> app: hr,316,67329,194728
 0> <info> app: hr,317,67332,194731
 0> <info> app: hr,318,67330,194746
 0> <info> app: hr,319,67328,194725
 0> <info> app: hr,320,67332,194730
 0> <info> app: hr,321,67323,194725
 0> <info> app: hr,322,67331,194739
 0> <info> app: hr,323,67333,194737
 0> <info> app: hr,324,67331,194755
 0> <info> app: hr,325,67336,194744
 0> <info> app: hr,326,67333,194738
 0> <info> app: hr,327,67334,194742
 0> <info> app: hr,328,67332,194737
 0> <info> app: hr,329,67334,194740
 0> <info> app: hr,330,67341,194813
 0> <info> app: hr,331,67337,194807
 0> <info> app: hr,332,67337,194809
 0> <info> app: hr,333,67344,194806
 0> <info> app: hr,334,67337,194809
 0> <info> app: hr,335,67337,194812
 0> <info> app: hr,336,67341,194804
 0> <info> app: hr,337,67340,194813
 0> <info> app: hr,338,67347,194809
 0> <info> app: hr,339,67344,194810
 0> <info> app: hr,340,67341,194822
 0> <info> app: hr,341,67344,194813
 0> <info> app: hr,342,67350,194823
 0> <info> app: hr,343,67350,194821
 0> <info> app: hr,344,67344,194814
 0> <info> app: hr,345,67314,194736
 0> <info> app: hr,346,67315,194744
 0> <info> app: hr,347,67315,194741
 0> <info> app: hr,348,67310,194751
 0> <info> app: hr,349,67318,194742
 0> <info> app: hr,350,67307,194754
 0> <info> app: hr,351,67316,194754
 0> <info> app: hr,352,67312,194762
 0> <info> app: hr,353,67314,194763
 0> <info> app: hr,354,67318,194762
 0> <info> app: hr,355,67321,194772
 0> <info> app: hr,356,67318,194781
 0> <info> app: hr,357,67321,194784
 0> <info> app: hr,358,67325,194779
 0> <info> app: hr,359,67321,194781
 0> <info> app: hr,360,67325,194862
 0> <info> app: hr,361,67336,194866
 0> <info> app: hr,362,67333,194859
 0> <info> app: hr,363,67328,194857
 0> <info> app: hr,364,67334,194864
 0> <info> app: hr,365,67336,194869
 0> <info> app: hr,366,67333,194876
 0> <info> app: hr,367,67334,194859
 0> <info> app: hr,368,67328,194872
 0> <info> app: hr,369,67323,194861
 0> <info> app: hr,370,67328,194862
 0> <info> app: hr,371,67338,194871
 0> <info> app: hr,372,67319,194872
 0> <info> app: hr,373,67328,194887
 0> <info> app: hr,374,67329,194867
 0> <info> app: hr,375,67328,194730
 0> <info> app: hr,376,67329,194726
 0> <info> app: hr,377,67331,194734
 0> <info> app: hr,378,67325,194745
 0> <info> app: hr,379,67322,194736
 0> <info> app: hr,380,67329,194745
 0> <info> app: hr,381,67325,194744
 0> <info> app: hr,382,67326,194757
 0> <info> app: hr,383,67330,194770
 0> <info> app: hr,384,67325,194764
 0> <info> app: hr,385,67331,194768
 0> <info> app: hr,386,67335,194771
 0> <info> app: hr,387,67332,194786
 0> <info> app: hr,388,67336,194792
 0> <info> app: hr,389,67338,194785
 0> <info> app: hr,390,67303,194734
 0> <info> app: hr,391,67313,194738
 0> <info> app: hr,392,67309,194734
 0> <info> app: hr,393,67306,194740
 0> <info> app: hr,394,67313,194747
 0> <info> app: hr,395,67314,194752
 0> <info> app: hr,396,67309,194758
 0> <info> app: hr,397,67313,194753
 0> <info> app: hr,398,67311,194757
 0> <info> app: hr,399,67313,194770
 0> <info> app: hr,400,67313,194764
 0> <info> app: hr,401,67310,194765
 0> <info> app: hr,402,67318,194748
 0> <info> app: hr,403,67315,194756
 0> <info> app: hr,404,67319,194769
 0> <info> app: hr,405,67316,194758
 0> <info> app: hr,406,67330,194855
 0> <info> app: hr,407,67337,194866
 0> <info> app: hr,408,67338,194864
 0> <info> app: hr,409,67347,194869
 0> <info> app: hr,410,67343,194866
 0> <info> app: hr,411,67336,194875
 0> <info> app: hr,412,67340,194865
 0> <info> app: hr,413,67338,194878
 0> <info> app: hr,414,67348,194867
 0> <info> app: hr,415,67345,194874

# Logging stopped @ 30 Nov 2018 10:43:46
