# SEGGER J-Link RTT Viewer V6.16a Terminal Log File
# Compiled: 12:44:10 on Jun  6 2017
# Logging started @ 26 Nov 2018 16:16:13
 0> <info> app: ***********  Application started  ***********
 0> 
 0> <info> app: [OK] NRF Power ON 0x0004. 
 0> <info> app: Read MAC:CC34D2110EF6
 0> <info> app: ***********  Sensor initial ***********
 0> <info> app: [OK]	BMI160
 0> <info> app: [OK]	SETUP ACC
 0> <info> app: [OK]	SETUP STEP COUNT
 0> <info> app: [OK]	FLASH MEMORY
 0> <info> app: [OK]	Read and using configuration in flash memory
 0> <info> app: [OK]	Using queue setting from flash memory
 0> <info> app: gender in flash 1
 0> <info> app: [OK]	OLED Initial
 0> <info> app: [OK]	Max30102 Initial, Temperature 33.75
 0> <info> app: ********** End sensor initial *********
 0> 
 0> <info> app: Max30102 Found
 0> 
 0> <info> app: HR Begin
 0> 
 0> <info> app: 509
 0> <info> app: hr,0,3850,20491
 0> <info> app: hr,1,3821,20483
 0> <info> app: hr,2,3835,20484
 0> <info> app: hr,3,3813,20482
 0> <info> app: hr,4,3809,20483
 0> <info> app: hr,5,3785,20474
 0> <info> app: hr,6,3808,20458
 0> <info> app: hr,7,3773,20460
 0> <info> app: hr,8,3782,20449
 0> <info> app: hr,9,3740,20446
 0> <info> app: hr,10,3766,20461
 0> <info> app: hr,11,3751,20453
 0> <info> app: hr,12,3750,20467
 0> <info> app: hr,13,3762,20461
 0> <info> app: hr,14,3770,20489
 0> <info> app: hr,15,3775,20467
 0> <info> app: hr,16,3800,20518
 0> <info> app: hr,17,3801,20485
 0> <info> app: hr,18,3810,20535
 0> <info> app: hr,19,3805,20507
 0> <info> app: hr,20,3831,20508
 0> <info> app: hr,21,3818,20523
 0> <info> app: hr,22,3821,20525
 0> <info> app: hr,23,3820,20506
 0> <info> app: hr,24,3845,20535
 0> <info> app: hr,25,3805,20541
 0> <info> app: hr,26,3846,20530
 0> <info> app: hr,27,3833,20536
 0> <info> app: hr,28,3850,20553
 0> <info> app: hr,29,3850,20550
 0> <info> app: hr,30,3853,20558
 0> <info> app: hr,31,3859,20545
 0> <info> app: hr,32,3881,20584
 0> <info> app: hr,33,3888,20555
 0> <info> app: hr,34,3900,20599
 0> <info> app: hr,35,3902,20593
 0> <info> app: hr,36,3929,20607
 0> <info> app: hr,37,3937,20588
 0> <info> app: hr,38,3950,20605
 0> <info> app: hr,39,3918,20608
 0> <info> app: hr,40,3975,20628
 0> <info> app: hr,41,3947,20626
 0> <info> app: hr,42,3963,20646
 0> <info> app: hr,43,3964,20625
 0> <info> app: hr,44,3975,20645
 0> <info> app: hr,45,3986,20639
 0> <info> app: hr,46,3992,20671
 0> <info> app: hr,47,3992,20661
 0> <info> app: hr,48,4041,20683
 0> <info> app: hr,49,4012,20674
 0> <info> app: hr,50,4024,20682
 0> <info> app: hr,51,4047,20679
 0> <info> app: hr,52,4056,20704
 0> <info> app: hr,53,4047,20697
 0> <info> app: hr,54,4063,20709
 0> <info> app: hr,55,4066,20705
 0> <info> app: hr,56,4089,20726
 0> <info> app: hr,57,4078,20718
 0> <info> app: hr,58,4096,20727
 0> <info> app: hr,59,4113,20739
 0> <info> app: hr,60,4110,20772
 0> <info> app: hr,61,4105,20768
 0> <info> app: hr,62,4124,20753
 0> <info> app: hr,63,4137,20780
 0> <info> app: hr,64,4140,20799
 0> <info> app: hr,65,4149,20797
 0> <info> app: hr,66,4154,20808
 0> <info> app: hr,67,4180,20831
 0> <info> app: hr,68,4163,20825
 0> <info> app: hr,69,4186,20830
 0> <info> app: hr,70,4198,20826
 0> <info> app: hr,71,4229,20835
 0> <info> app: hr,72,4186,20845
 0> <info> app: hr,73,4227,20861
 0> <info> app: hr,74,4233,20855
 0> <info> app: hr,75,4250,20879
 0> <info> app: hr,76,4232,20883
 0> <info> app: hr,77,4248,20868
 0> <info> app: hr,78,4219,20860
 0> <info> app: hr,79,4208,20861
 0> <info> app: hr,80,4150,20810
 0> <info> app: hr,81,4121,20759
 0> <info> app: hr,82,4055,20723
 0> <info> app: hr,83,4016,20682
 0> <info> app: hr,84,3943,20602
 0> <info> app: hr,85,3917,20605
 0> <info> app: hr,86,3898,20551
 0> <info> app: hr,87,3871,20564
 0> <info> app: hr,88,3842,20547
 0> <info> app: hr,89,3854,20537
 0> <info> app: hr,90,3841,20545
 0> <info> app: hr,91,3834,20540
 0> <info> app: hr,92,3827,20541
 0> <info> app: hr,93,3864,20556
 0> <info> app: hr,94,3815,20538
 0> <info> app: hr,95,3846,20554
 0> <info> app: hr,96,3833,20549
 0> <info> app: hr,97,3836,20573
 0> <info> app: hr,98,3831,20563
 0> <info> app: hr,99,3834,20567
 0> <info> app: hr,100,3838,20543
 0> <info> app: hr,101,3842,20579
 0> <info> app: hr,102,3838,20562
 0> <info> app: hr,103,3873,20607
 0> <info> app: hr,104,3879,20596
 0> <info> app: hr,105,3881,20604
 0> <info> app: hr,106,3916,20620
 0> <info> app: hr,107,3920,20649
 0> <info> app: hr,108,3892,20635
 0> <info> app: hr,109,3931,20611
 0> <info> app: hr,110,3919,20609
 0> <info> app: hr,111,3909,20639
 0> <info> app: hr,112,3917,20631
 0> <info> app: hr,113,3931,20641
 0> <info> app: hr,114,3923,20629
 0> <info> app: hr,115,3931,20647
 0> <info> app: hr,116,3942,20625
 0> <info> app: hr,117,3949,20658
 0> <info> app: hr,118,3946,20659
 0> <info> app: hr,119,3953,20671
 0> <info> app: hr,120,3961,20657
 0> <info> app: hr,121,3979,20671
 0> <info> app: hr,122,3983,20657
 0> <info> app: hr,123,3994,20681
 0> <info> app: hr,124,3990,20675
 0> <info> app: hr,125,4023,20709
 0> <info> app: hr,126,4015,20711
 0> <info> app: hr,127,4023,20712
 0> <info> app: hr,128,4033,20700
 0> <info> app: hr,129,4040,20725
 0> <info> app: hr,130,4031,20747
 0> <info> app: hr,131,4026,20732
 0> <info> app: hr,132,4057,20725
 0> <info> app: hr,133,4066,20760
 0> <info> app: hr,134,4081,20759
 0> <info> app: hr,135,4070,20754
 0> <info> app: hr,136,4086,20757
 0> <info> app: hr,137,4106,20770
 0> <info> app: hr,138,4103,20764
 0> <info> app: hr,139,4105,20769
 0> <info> app: hr,140,4146,20779
 0> <info> app: hr,141,4118,20790
 0> <info> app: hr,142,4147,20780
 0> <info> app: hr,143,4144,20799
 0> <info> app: hr,144,4148,20810
 0> <info> app: hr,145,4129,20815
 0> <info> app: hr,146,4180,20811
 0> <info> app: hr,147,4156,20836
 0> <info> app: hr,148,4179,20821
 0> <info> app: hr,149,4158,20836
 0> <info> app: hr,150,4178,20834
 0> <info> app: hr,151,4188,20817
 0> <info> app: hr,152,4182,20865
 0> <info> app: hr,153,4195,20832
 0> <info> app: hr,154,4202,20858
 0> <info> app: hr,155,4202,20834
 0> <info> app: hr,156,4220,20857
 0> <info> app: hr,157,4206,20862
 0> <info> app: hr,158,4246,20884
 0> <info> app: hr,159,4263,20869
 0> <info> app: hr,160,4268,20896
 0> <info> app: hr,161,4255,20901
 0> <info> app: hr,162,4278,20907
 0> <info> app: hr,163,4249,20918
 0> <info> app: hr,164,4267,20943
 0> <info> app: hr,165,4254,20907
 0> <info> app: hr,166,4256,20884
 0> <info> app: hr,167,4194,20856
 0> <info> app: hr,168,4170,20838
 0> <info> app: hr,169,4119,20761
 0> <info> app: hr,170,4065,20751
 0> <info> app: hr,171,4001,20666
 0> <info> app: hr,172,3983,20670
 0> <info> app: hr,173,3933,20626
 0> <info> app: hr,174,3921,20613
 0> <info> app: hr,175,3916,20571
 0> <info> app: hr,176,3928,20597
 0> <info> app: hr,177,3904,20608
 0> <info> app: hr,178,3954,20624
 0> <info> app: hr,179,3939,20602
 0> <info> app: hr,180,3953,20651
 0> <info> app: hr,181,3969,20643
 0> <info> app: hr,182,3978,20643
 0> <info> app: hr,183,3963,20634
 0> <info> app: hr,184,3962,20680
 0> <info> app: hr,185,3931,20648
 0> <info> app: hr,186,3963,20667
 0> <info> app: hr,187,3955,20667
 0> <info> app: hr,188,3986,20684
 0> <info> app: hr,189,3975,20687
 0> <info> app: hr,190,3987,20706
 0> <info> app: hr,191,4019,20710
 0> <info> app: hr,192,4022,20726
 0> <info> app: hr,193,4028,20733
 0> <info> app: hr,194,4077,20744
 0> <info> app: hr,195,4047,20738
 0> <info> app: hr,196,4056,20753
 0> <info> app: hr,197,4048,20731
 0> <info> app: hr,198,4050,20726
 0> <info> app: hr,199,4037,20746
 0> <info> app: hr,200,4043,20750
 0> <info> app: hr,201,4045,20724
 0> <info> app: hr,202,4059,20729
 0> <info> app: hr,203,4048,20746
 0> <info> app: hr,204,4056,20727
 0> <info> app: hr,205,4044,20744
 0> <info> app: hr,206,4059,20743
 0> <info> app: hr,207,4067,20763
 0> <info> app: hr,208,4078,20770
 0> <info> app: hr,209,4100,20751
 0> <info> app: hr,210,4101,20768
 0> <info> app: hr,211,4104,20775
 0> <info> app: hr,212,4099,20792
 0> <info> app: hr,213,4129,20792
 0> <info> app: hr,214,4117,20801
 0> <info> app: hr,215,4142,20817
 0> <info> app: hr,216,4118,20812
 0> <info> app: hr,217,4134,20830
 0> <info> app: hr,218,4133,20840
 0> <info> app: hr,219,4143,20841
 0> <info> app: hr,220,4140,20819
 0> <info> app: hr,221,4184,20863
 0> <info> app: hr,222,4164,20841
 0> <info> app: hr,223,4180,20863
 0> <info> app: hr,224,4184,20846
 0> <info> app: hr,225,4212,20868
 0> <info> app: hr,226,4196,20851
 0> <info> app: hr,227,4215,20884
 0> <info> app: hr,228,4226,20866
 0> <info> app: hr,229,4262,20885
 0> <info> app: hr,230,4221,20888
 0> <info> app: hr,231,4258,20902
 0> <info> app: hr,232,4246,20892
 0> <info> app: hr,233,4268,20908
 0> <info> app: hr,234,4246,20923
 0> <info> app: hr,235,4261,20934
 0> <info> app: hr,236,4255,20906
 0> <info> app: hr,237,4285,20938
 0> <info> app: hr,238,4291,20916
 0> <info> app: hr,239,4311,20962
 0> <info> app: hr,240,4291,20932
 0> <info> app: hr,241,4305,20961
 0> <info> app: hr,242,4310,20949
 0> <info> app: hr,243,4333,20973
 0> <info> app: hr,244,4324,20970
 0> <info> app: hr,245,4365,20988
 0> <info> app: hr,246,4343,20973
 0> <info> app: hr,247,4368,21009
 0> <info> app: hr,248,4353,20974
 0> <info> app: hr,249,4377,21006
 0> <info> app: hr,250,4373,21022
 0> <info> app: hr,251,4388,21021
 0> <info> app: hr,252,4367,21007
 0> <info> app: hr,253,4398,21015
 0> <info> app: hr,254,4378,20993
 0> <info> app: hr,255,4344,20956
 0> <info> app: hr,256,4300,20930
 0> <info> app: hr,257,4258,20900
 0> <info> app: hr,258,4187,20838
 0> <info> app: hr,259,4146,20798
 0> <info> app: hr,260,4114,20748
 0> <info> app: hr,261,4060,20728
 0> <info> app: hr,262,4009,20690
 0> <info> app: hr,263,3995,20691
 0> <info> app: hr,264,3977,20647
 0> <info> app: hr,265,3961,20679
 0> <info> app: hr,266,3956,20645
 0> <info> app: hr,267,3953,20637
 0> <info> app: hr,268,3952,20642
 0> <info> app: hr,269,3925,20647
 0> <info> app: hr,270,3926,20630
 0> <info> app: hr,271,3923,20628
 0> <info> app: hr,272,3931,20632
 0> <info> app: hr,273,3929,20623
 0> <info> app: hr,274,3914,20612
 0> <info> app: hr,275,3901,20605
 0> <info> app: hr,276,3918,20629
 0> <info> app: hr,277,3905,20623
 0> <info> app: hr,278,3924,20639
 0> <info> app: hr,279,3943,20643
 0> <info> app: hr,280,3952,20684
 0> <info> app: hr,281,3941,20666
 0> <info> app: hr,282,3978,20680
 0> <info> app: hr,283,3953,20679
 0> <info> app: hr,284,3968,20705
 0> <info> app: hr,285,3958,20694
 0> <info> app: hr,286,3962,20682
 0> <info> app: hr,287,3946,20690
 0> <info> app: hr,288,3979,20688
 0> <info> app: hr,289,3956,20661
 0> <info> app: hr,290,3960,20681
 0> <info> app: hr,291,3974,20669
 0> <info> app: hr,292,3985,20692
 0> <info> app: hr,293,3958,20695
 0> <info> app: hr,294,3983,20692
 0> <info> app: hr,295,4004,20692
 0> <info> app: hr,296,3994,20718
 0> <info> app: hr,297,3998,20713
 0> <info> app: hr,298,4030,20740
 0> <info> app: hr,299,4001,20720
 0> <info> app: hr,300,4030,20742
 0> <info> app: hr,301,4021,20738
 0> <info> app: hr,302,4016,20743
 0> <info> app: hr,303,4035,20748
 0> <info> app: hr,304,4057,20779
 0> <info> app: hr,305,4055,20751
 0> <info> app: hr,306,4066,20789
 0> <info> app: hr,307,4070,20759
 0> <info> app: hr,308,4098,20785
 0> <info> app: hr,309,4086,20759
 0> <info> app: hr,310,4118,20798
 0> <info> app: hr,311,4111,20798
 0> <info> app: hr,312,4137,20800
 0> <info> app: hr,313,4114,20808
 0> <info> app: hr,314,4134,20824
 0> <info> app: hr,315,4125,20808
 0> <info> app: hr,316,4151,20829
 0> <info> app: hr,317,4145,20827
 0> <info> app: hr,318,4150,20830
 0> <info> app: hr,319,4154,20844
 0> <info> app: hr,320,4168,20866
 0> <info> app: hr,321,4162,20846
 0> <info> app: hr,322,4202,20866
 0> <info> app: hr,323,4191,20869
 0> <info> app: hr,324,4204,20875
 0> <info> app: hr,325,4197,20883
 0> <info> app: hr,326,4210,20875
 0> <info> app: hr,327,4224,20879
 0> <info> app: hr,328,4238,20902
 0> <info> app: hr,329,4214,20901
 0> <info> app: hr,330,4247,20892
 0> <info> app: hr,331,4245,20900
 0> <info> app: hr,332,4244,20921
 0> <info> app: hr,333,4253,20923
 0> <info> app: hr,334,4254,20927
 0> <info> app: hr,335,4294,20939
 0> <info> app: hr,336,4252,20945
 0> <info> app: hr,337,4289,20930
 0> <info> app: hr,338,4297,20951
 0> <info> app: hr,339,4307,20960
 0> <info> app: hr,340,4307,20964
 0> <info> app: hr,341,4320,20965
 0> <info> app: hr,342,4342,20966
 0> <info> app: hr,343,4337,20997
 0> <info> app: hr,344,4314,20970
 0> <info> app: hr,345,4295,20939
 0> <info> app: hr,346,4257,20909
 0> <info> app: hr,347,4195,20875
 0> <info> app: hr,348,4137,20839
 0> <info> app: hr,349,4118,20759
 0> <info> app: hr,350,4043,20735
 0> <info> app: hr,351,4030,20722
 0> <info> app: hr,352,3967,20677
 0> <info> app: hr,353,3960,20661
 0> <info> app: hr,354,3932,20645
 0> <info> app: hr,355,3948,20652
 0> <info> app: hr,356,3914,20624
 0> <info> app: hr,357,3930,20649
 0> <info> app: hr,358,3933,20639
 0> <info> app: hr,359,3919,20668
 0> <info> app: hr,360,3907,20638
 0> <info> app: hr,361,3934,20623
 0> <info> app: hr,362,3929,20627
 0> <info> app: hr,363,3900,20634
 0> <info> app: hr,364,3898,20614
 0> <info> app: hr,365,3907,20637
 0> <info> app: hr,366,3878,20640
 0> <info> app: hr,367,3921,20653
 0> <info> app: hr,368,3918,20645
 0> <info> app: hr,369,3937,20678
 0> <info> app: hr,370,3929,20688
 0> <info> app: hr,371,3964,20691
 0> <info> app: hr,372,3961,20697
 0> <info> app: hr,373,3989,20724
 0> <info> app: hr,374,3986,20686
 0> <info> app: hr,375,4000,20720
 0> <info> app: hr,376,3963,20709
 0> <info> app: hr,377,4002,20712
 0> <info> app: hr,378,3988,20714
 0> <info> app: hr,379,3974,20720
 0> <info> app: hr,380,3978,20718
 0> <info> app: hr,381,4006,20720
 0> <info> app: hr,382,3986,20700
 0> <info> app: hr,383,4000,20741
 0> <info> app: hr,384,3989,20715
 0> <info> app: hr,385,4006,20739
 0> <info> app: hr,386,4011,20734
 0> <info> app: hr,387,4024,20758
 0> <info> app: hr,388,4031,20742
 0> <info> app: hr,389,4042,20784
 0> <info> app: hr,390,4046,20771
 0> <info> app: hr,391,4064,20779
 0> <info> app: hr,392,4040,20797
 0> <info> app: hr,393,4100,20806
 0> <info> app: hr,394,4071,20787
 0> <info> app: hr,395,4095,20803
 0> <info> app: hr,396,4079,20807
 0> <info> app: hr,397,4103,20816
 0> <info> app: hr,398,4102,20814
 0> <info> app: hr,399,4094,20820
 0> <info> app: hr,400,4108,20824
 0> <info> app: hr,401,4121,20837
 0> <info> app: hr,402,4111,20841
 0> <info> app: hr,403,4111,20835
 0> <info> app: hr,404,4132,20844
 0> <info> app: hr,405,4127,20871
 0> <info> app: hr,406,4149,20856
 0> <info> app: hr,407,4143,20867
 0> <info> app: hr,408,4154,20877
 0> <info> app: hr,409,4148,20874
 0> <info> app: hr,410,4161,20876
 0> <info> app: hr,411,4178,20881
 0> <info> app: hr,412,4202,20885
 0> <info> app: hr,413,4180,20899
 0> <info> app: hr,414,4195,20900
 0> <info> app: hr,415,4212,20888
 0> <info> app: hr,416,4214,20908
 0> <info> app: hr,417,4199,20921
 0> <info> app: hr,418,4234,20931
 0> <info> app: hr,419,4208,20914
 0> <info> app: hr,420,4248,20947
 0> <info> app: hr,421,4234,20934
 0> <info> app: hr,422,4243,20929
 0> <info> app: hr,423,4245,20938
 0> <info> app: hr,424,4258,20963
 0> <info> app: hr,425,4238,20939
 0> <info> app: hr,426,4258,20969
 0> <info> app: hr,427,4260,20951
 0> <info> app: hr,428,4262,20959
 0> <info> app: hr,429,4253,20958
 0> <info> app: hr,430,4264,20968
 0> <info> app: hr,431,4276,20970
 0> <info> app: hr,432,4288,20979
 0> <info> app: hr,433,4257,20973
 0> <info> app: hr,434,4287,20976
 0> <info> app: hr,435,4210,20927
 0> <info> app: hr,436,4189,20916
 0> <info> app: hr,437,4123,20847
 0> <info> app: hr,438,4083,20804
 0> <info> app: hr,439,4008,20768
 0> <info> app: hr,440,4001,20725
 0> <info> app: hr,441,3943,20670
 0> <info> app: hr,442,3921,20688
 0> <info> app: hr,443,3886,20629
 0> <info> app: hr,444,3904,20655
 0> <info> app: hr,445,3887,20642
 0> <info> app: hr,446,3887,20638
 0> <info> app: hr,447,3875,20639
 0> <info> app: hr,448,3892,20642
 0> <info> app: hr,449,3882,20644
 0> <info> app: hr,450,3909,20656
 0> <info> app: hr,451,3886,20634
 0> <info> app: hr,452,3889,20654
 0> <info> app: hr,453,3866,20646
 0> <info> app: hr,454,3881,20657
 0> <info> app: hr,455,3873,20649
 0> <info> app: hr,456,3888,20684
 0> <info> app: hr,457,3891,20675
 0> <info> app: hr,458,3920,20694
 0> <info> app: hr,459,3919,20690
 0> <info> app: hr,460,3939,20707
 0> <info> app: hr,461,3924,20705
 0> <info> app: hr,462,3911,20722
 0> <info> app: hr,463,3938,20711
 0> <info> app: hr,464,3936,20709
 0> <info> app: hr,465,3913,20706
 0> <info> app: hr,466,3923,20703
 0> <info> app: hr,467,3932,20683
 0> <info> app: hr,468,3906,20715
 0> <info> app: hr,469,3914,20693
 0> <info> app: hr,470,3914,20688
 0> <info> app: hr,471,3925,20695
 0> <info> app: hr,472,3934,20713
 0> <info> app: hr,473,3919,20689
 0> <info> app: hr,474,3935,20695
 0> <info> app: hr,475,3937,20725
 0> <info> app: hr,476,3927,20710
 0> <info> app: hr,477,3939,20731
 0> <info> app: hr,478,3945,20728
 0> <info> app: hr,479,3982,20746
 0> <info> app: hr,480,3957,20753
 0> <info> app: hr,481,3982,20749
 0> <info> app: hr,482,3983,20758
 0> <info> app: hr,483,3997,20764
 0> <info> app: hr,484,3986,20769
 0> <info> app: hr,485,4036,20779
 0> <info> app: hr,486,4007,20778
 0> <info> app: hr,487,4032,20792
 0> <info> app: hr,488,4035,20790
 0> <info> app: hr,489,4023,20811
 0> <info> app: hr,490,4043,20815
 0> <info> app: hr,491,4049,20821
 0> <info> app: hr,492,4051,20792
 0> <info> app: hr,493,4070,20821
 0> <info> app: hr,494,4063,20809
 0> <info> app: hr,495,4062,20823
 0> <info> app: hr,496,4057,20814
 0> <info> app: hr,497,4080,20815
 0> <info> app: hr,498,4069,20804
 0> <info> app: hr,499,4100,20842
 0> <info> app: hr,500,4076,20835
 0> <info> app: hr,501,4115,20833
 0> <info> app: hr,502,4087,20835
 0> <info> app: hr,503,4128,20869
 0> <info> app: hr,504,4106,20849
 0> <info> app: hr,505,4141,20866
 0> <info> app: hr,506,4125,20870
 0> <info> app: hr,507,4151,20869
 0> <info> app: hr,508,4140,20853
