# SEGGER J-Link RTT Viewer V6.16a Terminal Log File
# Compiled: 12:44:10 on Jun  6 2017
# Logging started @ 30 Nov 2018 10:37:45
 0> <info> app: ***********  Application started  ***********
 0> 
 0> <info> app: [OK] NRF Power ON 0x0004. 
 0> <info> app: Read MAC:D8B7D5F50205
 0> <info> app: ***********  Sensor initial ***********
 0> <info> app: [OK]	BMI160
 0> <info> app: [OK]	SETUP ACC
 0> <info> app: [OK]	SETUP STEP COUNT
 0> <info> app: [OK]	FLASH MEMORY
 0> <info> app: [OK]	Read and using configuration in flash memory
 0> <info> app: [OK]	Using queue setting from flash memory
 0> <info> app: gender in flash 1
 0> <info> app: [OK]	OLED Initial
 0> <info> app: [OK]	Max30102 Initial, Temperature 55.00
 0> <info> app: ********** End sensor initial *********
 0> 
 0> <info> app: Max30102 Found
 0> 
 0> <info> app: HR Begin
 0> 
 0> <info> app: 343
 0> <info> app: hr,0,18345,28621
 0> <info> app: hr,1,18342,28620
 0> <info> app: hr,2,18340,28620
 0> <info> app: hr,3,18343,28622
 0> <info> app: hr,4,18340,28618
 0> <info> app: hr,5,18343,28618
 0> <info> app: hr,6,18343,28615
 0> <info> app: hr,7,18336,28616
 0> <info> app: hr,8,18338,28610
 0> <info> app: hr,9,18339,28616
 0> <info> app: hr,10,18338,28607
 0> <info> app: hr,11,18343,28608
 0> <info> app: hr,12,18339,28599
 0> <info> app: hr,13,18337,28591
 0> <info> app: hr,14,18333,28594
 0> <info> app: hr,15,18344,28601
 0> <info> app: hr,16,18342,28596
 0> <info> app: hr,17,18336,28598
 0> <info> app: hr,18,18334,28600
 0> <info> app: hr,19,18330,28590
 0> <info> app: hr,20,18338,28590
 0> <info> app: hr,21,18337,28598
 0> <info> app: hr,22,18334,28592
 0> <info> app: hr,23,18337,28593
 0> <info> app: hr,24,18326,28590
 0> <info> app: hr,25,18335,28590
 0> <info> app: hr,26,18335,28590
 0> <info> app: hr,27,18334,28592
 0> <info> app: hr,28,18329,28594
 0> <info> app: hr,29,18333,28591
 0> <info> app: hr,30,18328,28586
 0> <info> app: hr,31,18337,28584
 0> <info> app: hr,32,18333,28594
 0> <info> app: hr,33,18328,28585
 0> <info> app: hr,34,18326,28585
 0> <info> app: hr,35,18334,28581
 0> <info> app: hr,36,18326,28588
 0> <info> app: hr,37,18327,28590
 0> <info> app: hr,38,18328,28593
 0> <info> app: hr,39,18330,28592
 0> <info> app: hr,40,18331,28589
 0> <info> app: hr,41,18321,28598
 0> <info> app: hr,42,18337,28600
 0> <info> app: hr,43,18336,28603
 0> <info> app: hr,44,18332,28596
 0> <info> app: hr,45,18334,28603
 0> <info> app: hr,46,18336,28599
 0> <info> app: hr,47,18322,28599
 0> <info> app: hr,48,18331,28598
 0> <info> app: hr,49,18336,28604
 0> <info> app: hr,50,18336,28609
 0> <info> app: hr,51,18336,28605
 0> <info> app: hr,52,18330,28607
 0> <info> app: hr,53,18333,28614
 0> <info> app: hr,54,18334,28608
 0> <info> app: hr,55,18337,28618
 0> <info> app: hr,56,18331,28619
 0> <info> app: hr,57,18335,28614
 0> <info> app: hr,58,18336,28619
 0> <info> app: hr,59,18335,28618
 0> <info> app: hr,60,18333,28617
 0> <info> app: hr,61,18338,28611
 0> <info> app: hr,62,18333,28618
 0> <info> app: hr,63,18336,28624
 0> <info> app: hr,64,18332,28621
 0> <info> app: hr,65,18334,28613
 0> <info> app: hr,66,18326,28585
 0> <info> app: hr,67,18341,28627
 0> <info> app: hr,68,18339,28628
 0> <info> app: hr,69,18338,28624
 0> <info> app: hr,70,18339,28619
 0> <info> app: hr,71,18342,28620
 0> <info> app: hr,72,18336,28627
 0> <info> app: hr,73,18339,28624
 0> <info> app: hr,74,18340,28627
 0> <info> app: hr,75,18333,28615
 0> <info> app: hr,76,18335,28608
 0> <info> app: hr,77,18329,28607
 0> <info> app: hr,78,18329,28597
 0> <info> app: hr,79,18329,28597
 0> <info> app: hr,80,18328,28598
 0> <info> app: hr,81,18334,28605
 0> <info> app: hr,82,18336,28606
 0> <info> app: hr,83,18340,28608
 0> <info> app: hr,84,18331,28611
 0> <info> app: hr,85,18339,28607
 0> <info> app: hr,86,18337,28606
 0> <info> app: hr,87,18342,28611
 0> <info> app: hr,88,18334,28620
 0> <info> app: hr,89,18332,28606
 0> <info> app: hr,90,18335,28605
 0> <info> app: hr,91,18325,28602
 0> <info> app: hr,92,18327,28599
 0> <info> app: hr,93,18333,28598
 0> <info> app: hr,94,18334,28605
 0> <info> app: hr,95,18331,28605
 0> <info> app: hr,96,18333,28606
 0> <info> app: hr,97,18326,28601
 0> <info> app: hr,98,18329,28608
 0> <info> app: hr,99,18327,28609
 0> <info> app: hr,100,18329,28605
 0> <info> app: hr,101,18329,28605
 0> <info> app: hr,102,18332,28612
 0> <info> app: hr,103,18339,28618
 0> <info> app: hr,104,18338,28614
 0> <info> app: hr,105,18336,28619
 0> <info> app: hr,106,18339,28626
 0> <info> app: hr,107,18338,28623
 0> <info> app: hr,108,18336,28627
 0> <info> app: hr,109,18343,28632
 0> <info> app: hr,110,18342,28639
 0> <info> app: hr,111,18339,28622
 0> <info> app: hr,112,18338,28622
 0> <info> app: hr,113,18336,28620
 0> <info> app: hr,114,18336,28624
 0> <info> app: hr,115,18338,28631
 0> <info> app: hr,116,18338,28630
 0> <info> app: hr,117,18337,28625
 0> <info> app: hr,118,18342,28626
 0> <info> app: hr,119,18337,28629
 0> <info> app: hr,120,18331,28626
 0> <info> app: hr,121,18335,28629
 0> <info> app: hr,122,18336,28629
 0> <info> app: hr,123,18333,28629
 0> <info> app: hr,124,18332,28627
 0> <info> app: hr,125,18337,28628
 0> <info> app: hr,126,18332,28634
 0> <info> app: hr,127,18330,28627
 0> <info> app: hr,128,18335,28625
 0> <info> app: hr,129,18332,28633
 0> <info> app: hr,130,18336,28628
 0> <info> app: hr,131,18330,28629
 0> <info> app: hr,132,18329,28631
 0> <info> app: hr,133,18334,28632
 0> <info> app: hr,134,18331,28629
 0> <info> app: hr,135,18331,28632
 0> <info> app: hr,136,18333,28628
 0> <info> app: hr,137,18329,28630
 0> <info> app: hr,138,18332,28625
 0> <info> app: hr,139,18333,28617
 0> <info> app: hr,140,18330,28616
 0> <info> app: hr,141,18335,28612
 0> <info> app: hr,142,18334,28611
 0> <info> app: hr,143,18328,28604
 0> <info> app: hr,144,18331,28604
 0> <info> app: hr,145,18327,28607
 0> <info> app: hr,146,18333,28602
 0> <info> app: hr,147,18328,28600
 0> <info> app: hr,148,18329,28599
 0> <info> app: hr,149,18329,28598
 0> <info> app: hr,150,18324,28591
 0> <info> app: hr,151,18323,28592
 0> <info> app: hr,152,18319,28590
 0> <info> app: hr,153,18326,28596
 0> <info> app: hr,154,18328,28609
 0> <info> app: hr,155,18331,28606
 0> <info> app: hr,156,18326,28612
 0> <info> app: hr,157,18328,28606
 0> <info> app: hr,158,18331,28606
 0> <info> app: hr,159,18325,28608
 0> <info> app: hr,160,18323,28613
 0> <info> app: hr,161,18325,28605
 0> <info> app: hr,162,18325,28604
 0> <info> app: hr,163,18329,28613
 0> <info> app: hr,164,18330,28616
 0> <info> app: hr,165,18327,28613
 0> <info> app: hr,166,18331,28618
 0> <info> app: hr,167,18328,28618
 0> <info> app: hr,168,18328,28618
 0> <info> app: hr,169,18322,28616
 0> <info> app: hr,170,18328,28614
 0> <info> app: hr,171,18332,28616
 0> <info> app: hr,172,18329,28611
 0> <info> app: hr,173,18322,28616
 0> <info> app: hr,174,18324,28614
 0> <info> app: hr,175,18327,28616
 0> <info> app: hr,176,18335,28615
 0> <info> app: hr,177,18327,28621
 0> <info> app: hr,178,18330,28622
 0> <info> app: hr,179,18325,28615
 0> <info> app: hr,180,18323,28617
 0> <info> app: hr,181,18321,28610
 0> <info> app: hr,182,18324,28616
 0> <info> app: hr,183,18320,28616
 0> <info> app: hr,184,18317,28621
 0> <info> app: hr,185,18324,28624
 0> <info> app: hr,186,18326,28623
 0> <info> app: hr,187,18323,28622
 0> <info> app: hr,188,18328,28622
 0> <info> app: hr,189,18326,28619
 0> <info> app: hr,190,18325,28620
 0> <info> app: hr,191,18326,28623
 0> <info> app: hr,192,18328,28618
 0> <info> app: hr,193,18323,28624
 0> <info> app: hr,194,18318,28623
 0> <info> app: hr,195,18322,28620
 0> <info> app: hr,196,18321,28625
 0> <info> app: hr,197,18321,28626
 0> <info> app: hr,198,18332,28624
 0> <info> app: hr,199,18320,28624
 0> <info> app: hr,200,18324,28629
 0> <info> app: hr,201,18324,28614
 0> <info> app: hr,202,18317,28609
 0> <info> app: hr,203,18319,28602
 0> <info> app: hr,204,18316,28597
 0> <info> app: hr,205,18314,28593
 0> <info> app: hr,206,18314,28599
 0> <info> app: hr,207,18321,28596
 0> <info> app: hr,208,18320,28590
 0> <info> app: hr,209,18315,28591
 0> <info> app: hr,210,18317,28597
 0> <info> app: hr,211,18316,28599
 0> <info> app: hr,212,18314,28602
 0> <info> app: hr,213,18313,28599
 0> <info> app: hr,214,18314,28592
 0> <info> app: hr,215,18311,28590
 0> <info> app: hr,216,18310,28587
 0> <info> app: hr,217,18312,28591
 0> <info> app: hr,218,18311,28589
 0> <info> app: hr,219,18314,28594
 0> <info> app: hr,220,18317,28594
 0> <info> app: hr,221,18316,28590
 0> <info> app: hr,222,18313,28596
 0> <info> app: hr,223,18317,28608
 0> <info> app: hr,224,18312,28603
 0> <info> app: hr,225,18318,28605
 0> <info> app: hr,226,18320,28610
 0> <info> app: hr,227,18316,28607
 0> <info> app: hr,228,18318,28607
 0> <info> app: hr,229,18316,28611
 0> <info> app: hr,230,18319,28611
 0> <info> app: hr,231,18313,28607
 0> <info> app: hr,232,18313,28607
 0> <info> app: hr,233,18315,28611
 0> <info> app: hr,234,18321,28613
 0> <info> app: hr,235,18317,28614
 0> <info> app: hr,236,18322,28616
 0> <info> app: hr,237,18324,28621
 0> <info> app: hr,238,18327,28615
 0> <info> app: hr,239,18322,28619
 0> <info> app: hr,240,18318,28620
 0> <info> app: hr,241,18316,28620
 0> <info> app: hr,242,18325,28619
 0> <info> app: hr,243,18323,28612
 0> <info> app: hr,244,18312,28619
 0> <info> app: hr,245,18319,28623
 0> <info> app: hr,246,18318,28623
 0> <info> app: hr,247,18317,28625
 0> <info> app: hr,248,18324,28617
 0> <info> app: hr,249,18319,28624
 0> <info> app: hr,250,18316,28620
 0> <info> app: hr,251,18322,28622
 0> <info> app: hr,252,18321,28618
 0> <info> app: hr,253,18319,28620
 0> <info> app: hr,254,18320,28622
 0> <info> app: hr,255,18321,28626
 0> <info> app: hr,256,18319,28620
 0> <info> app: hr,257,18318,28615
 0> <info> app: hr,258,18313,28621
 0> <info> app: hr,259,18317,28623
 0> <info> app: hr,260,18323,28625
 0> <info> app: hr,261,18323,28628
 0> <info> app: hr,262,18316,28617
 0> <info> app: hr,263,18318,28618
 0> <info> app: hr,264,18311,28610
 0> <info> app: hr,265,18308,28601
 0> <info> app: hr,266,18313,28589
 0> <info> app: hr,267,18308,28599
 0> <info> app: hr,268,18307,28587
 0> <info> app: hr,269,18305,28591
 0> <info> app: hr,270,18311,28587
 0> <info> app: hr,271,18312,28593
 0> <info> app: hr,272,18310,28589
 0> <info> app: hr,273,18306,28591
 0> <info> app: hr,274,18307,28588
 0> <info> app: hr,275,18305,28592
 0> <info> app: hr,276,18304,28588
 0> <info> app: hr,277,18305,28586
 0> <info> app: hr,278,18305,28579
 0> <info> app: hr,279,18302,28581
 0> <info> app: hr,280,18306,28584
 0> <info> app: hr,281,18301,28580
 0> <info> app: hr,282,18302,28581
 0> <info> app: hr,283,18303,28582
 0> <info> app: hr,284,18303,28589
 0> <info> app: hr,285,18305,28587
 0> <info> app: hr,286,18306,28584
 0> <info> app: hr,287,18302,28583
 0> <info> app: hr,288,18309,28591
 0> <info> app: hr,289,18301,28588
 0> <info> app: hr,290,18301,28596
 0> <info> app: hr,291,18307,28596
 0> <info> app: hr,292,18302,28607
 0> <info> app: hr,293,18305,28592
 0> <info> app: hr,294,18310,28599
 0> <info> app: hr,295,18310,28601
 0> <info> app: hr,296,18309,28605
 0> <info> app: hr,297,18308,28608
 0> <info> app: hr,298,18313,28613
 0> <info> app: hr,299,18304,28606
 0> <info> app: hr,300,18308,28605
 0> <info> app: hr,301,18305,28608
 0> <info> app: hr,302,18310,28602
 0> <info> app: hr,303,18304,28601
 0> <info> app: hr,304,18310,28603
 0> <info> app: hr,305,18306,28607
 0> <info> app: hr,306,18304,28600
 0> <info> app: hr,307,18302,28599
 0> <info> app: hr,308,18308,28597
 0> <info> app: hr,309,18302,28600
 0> <info> app: hr,310,18304,28603
 0> <info> app: hr,311,18303,28606
 0> <info> app: hr,312,18305,28613
 0> <info> app: hr,313,18313,28611
 0> <info> app: hr,314,18313,28617
 0> <info> app: hr,315,18315,28616
 0> <info> app: hr,316,18308,28623
 0> <info> app: hr,317,18314,28632
 0> <info> app: hr,318,18312,28628
 0> <info> app: hr,319,18311,28631
 0> <info> app: hr,320,18313,28630
 0> <info> app: hr,321,18305,28624
 0> <info> app: hr,322,18308,28621
 0> <info> app: hr,323,18311,28621
 0> <info> app: hr,324,18308,28617
 0> <info> app: hr,325,18309,28624
 0> <info> app: hr,326,18310,28624
 0> <info> app: hr,327,18307,28628
 0> <info> app: hr,328,18313,28631
 0> <info> app: hr,329,18311,28625
 0> <info> app: hr,330,18311,28622
 0> <info> app: hr,331,18303,28620
 0> <info> app: hr,332,18309,28614
 0> <info> app: hr,333,18309,28606
 0> <info> app: hr,334,18311,28610
 0> <info> app: hr,335,18309,28609
 0> <info> app: hr,336,18303,28611
 0> <info> app: hr,337,18307,28611
 0> <info> app: hr,338,18307,28613
 0> <info> app: hr,339,18316,28612
 0> <info> app: hr,340,18312,28615
 0> <info> app: hr,341,18311,28614
 0> <info> app: hr,342,18307,28615

# Logging stopped @ 30 Nov 2018 10:38:14
