# SEGGER J-Link RTT Viewer V6.16a Terminal Log File
# Compiled: 12:44:10 on Jun  6 2017
# Logging started @ 30 Nov 2018 10:41:50
 0> <info> app: ***********  Application started  ***********
 0> 
 0> <info> app: [OK] NRF Power ON 0x0004. 
 0> <info> app: Read MAC:D8B7D5F50205
 0> <info> app: ***********  Sensor initial ***********
 0> <info> app: [OK]	BMI160
 0> <info> app: [OK]	SETUP ACC
 0> <info> app: [OK]	SETUP STEP COUNT
 0> <info> app: [OK]	FLASH MEMORY
 0> <info> app: [OK]	Read and using configuration in flash memory
 0> <info> app: [OK]	Using queue setting from flash memory
 0> <info> app: gender in flash 1
 0> <info> app: [OK]	OLED Initial
 0> <info> app: [OK]	Max30102 Initial, Temperature 68.93
 0> <info> app: ********** End sensor initial *********
 0> 
 0> <info> app: Max30102 Found
 0> 
 0> <info> app: HR Begin
 0> 
 0> <info> app: 516
 0> <info> app: hr,0,132581,203645
 0> <info> app: hr,1,132590,203648
 0> <info> app: hr,2,132582,203641
 0> <info> app: hr,3,132584,203638
 0> <info> app: hr,4,132573,203642
 0> <info> app: hr,5,132566,203625
 0> <info> app: hr,6,132555,203608
 0> <info> app: hr,7,132549,203602
 0> <info> app: hr,8,132537,203588
 0> <info> app: hr,9,132528,203573
 0> <info> app: hr,10,132522,203553
 0> <info> app: hr,11,132512,203526
 0> <info> app: hr,12,132503,203509
 0> <info> app: hr,13,132506,203505
 0> <info> app: hr,14,132522,203508
 0> <info> app: hr,15,132528,203503
 0> <info> app: hr,16,132546,203517
 0> <info> app: hr,17,132559,203532
 0> <info> app: hr,18,132573,203550
 0> <info> app: hr,19,132581,203560
 0> <info> app: hr,20,132591,203565
 0> <info> app: hr,21,132601,203571
 0> <info> app: hr,22,132597,203573
 0> <info> app: hr,23,132589,203557
 0> <info> app: hr,24,132587,203535
 0> <info> app: hr,25,132578,203527
 0> <info> app: hr,26,132568,203515
 0> <info> app: hr,27,132561,203498
 0> <info> app: hr,28,132551,203500
 0> <info> app: hr,29,132550,203499
 0> <info> app: hr,30,132538,203495
 0> <info> app: hr,31,132542,203505
 0> <info> app: hr,32,132552,203518
 0> <info> app: hr,33,132554,203536
 0> <info> app: hr,34,132567,203544
 0> <info> app: hr,35,132569,203553
 0> <info> app: hr,36,132563,203557
 0> <info> app: hr,37,132556,203556
 0> <info> app: hr,38,132552,203547
 0> <info> app: hr,39,132545,203549
 0> <info> app: hr,40,132546,203552
 0> <info> app: hr,41,132533,203544
 0> <info> app: hr,42,132548,203544
 0> <info> app: hr,43,132543,203563
 0> <info> app: hr,44,132546,203571
 0> <info> app: hr,45,132544,203559
 0> <info> app: hr,46,132538,203573
 0> <info> app: hr,47,132551,203578
 0> <info> app: hr,48,132556,203572
 0> <info> app: hr,49,132558,203576
 0> <info> app: hr,50,132556,203572
 0> <info> app: hr,51,132560,203565
 0> <info> app: hr,52,132553,203562
 0> <info> app: hr,53,132555,203566
 0> <info> app: hr,54,132551,203564
 0> <info> app: hr,55,132559,203567
 0> <info> app: hr,56,132552,203565
 0> <info> app: hr,57,132553,203566
 0> <info> app: hr,58,132567,203568
 0> <info> app: hr,59,132557,203574
 0> <info> app: hr,60,132546,203550
 0> <info> app: hr,61,132545,203534
 0> <info> app: hr,62,132538,203522
 0> <info> app: hr,63,132525,203513
 0> <info> app: hr,64,132524,203511
 0> <info> app: hr,65,132527,203512
 0> <info> app: hr,66,132529,203526
 0> <info> app: hr,67,132535,203536
 0> <info> app: hr,68,132551,203550
 0> <info> app: hr,69,132560,203582
 0> <info> app: hr,70,132567,203597
 0> <info> app: hr,71,132573,203588
 0> <info> app: hr,72,132579,203601
 0> <info> app: hr,73,132575,203604
 0> <info> app: hr,74,132581,203606
 0> <info> app: hr,75,132569,203597
 0> <info> app: hr,76,132573,203591
 0> <info> app: hr,77,132561,203592
 0> <info> app: hr,78,132559,203604
 0> <info> app: hr,79,132548,203594
 0> <info> app: hr,80,132555,203595
 0> <info> app: hr,81,132549,203593
 0> <info> app: hr,82,132540,203591
 0> <info> app: hr,83,132542,203580
 0> <info> app: hr,84,132544,203588
 0> <info> app: hr,85,132535,203584
 0> <info> app: hr,86,132530,203568
 0> <info> app: hr,87,132520,203557
 0> <info> app: hr,88,132517,203553
 0> <info> app: hr,89,132520,203554
 0> <info> app: hr,90,132516,203569
 0> <info> app: hr,91,132529,203574
 0> <info> app: hr,92,132532,203576
 0> <info> app: hr,93,132536,203588
 0> <info> app: hr,94,132538,203594
 0> <info> app: hr,95,132538,203601
 0> <info> app: hr,96,132538,203604
 0> <info> app: hr,97,132547,203613
 0> <info> app: hr,98,132551,203622
 0> <info> app: hr,99,132541,203623
 0> <info> app: hr,100,132548,203614
 0> <info> app: hr,101,132540,203597
 0> <info> app: hr,102,132539,203601
 0> <info> app: hr,103,132540,203604
 0> <info> app: hr,104,132526,203587
 0> <info> app: hr,105,132519,203585
 0> <info> app: hr,106,132523,203587
 0> <info> app: hr,107,132514,203569
 0> <info> app: hr,108,132513,203564
 0> <info> app: hr,109,132516,203562
 0> <info> app: hr,110,132516,203575
 0> <info> app: hr,111,132520,203569
 0> <info> app: hr,112,132535,203572
 0> <info> app: hr,113,132530,203564
 0> <info> app: hr,114,132532,203566
 0> <info> app: hr,115,132537,203556
 0> <info> app: hr,116,132541,203552
 0> <info> app: hr,117,132530,203540
 0> <info> app: hr,118,132530,203526
 0> <info> app: hr,119,132529,203509
 0> <info> app: hr,120,132536,203496
 0> <info> app: hr,121,132519,203482
 0> <info> app: hr,122,132524,203479
 0> <info> app: hr,123,132515,203469
 0> <info> app: hr,124,132509,203455
 0> <info> app: hr,125,132507,203446
 0> <info> app: hr,126,132504,203434
 0> <info> app: hr,127,132497,203433
 0> <info> app: hr,128,132498,203423
 0> <info> app: hr,129,132489,203423
 0> <info> app: hr,130,132495,203416
 0> <info> app: hr,131,132488,203412
 0> <info> app: hr,132,132490,203412
 0> <info> app: hr,133,132485,203411
 0> <info> app: hr,134,132475,203397
 0> <info> app: hr,135,132468,203381
 0> <info> app: hr,136,132462,203371
 0> <info> app: hr,137,132449,203353
 0> <info> app: hr,138,132437,203339
 0> <info> app: hr,139,132433,203342
 0> <info> app: hr,140,132430,203342
 0> <info> app: hr,141,132431,203344
 0> <info> app: hr,142,132432,203339
 0> <info> app: hr,143,132434,203356
 0> <info> app: hr,144,132434,203364
 0> <info> app: hr,145,132440,203367
 0> <info> app: hr,146,132436,203366
 0> <info> app: hr,147,132442,203372
 0> <info> app: hr,148,132439,203354
 0> <info> app: hr,149,132439,203369
 0> <info> app: hr,150,132442,203381
 0> <info> app: hr,151,132443,203388
 0> <info> app: hr,152,132448,203390
 0> <info> app: hr,153,132458,203408
 0> <info> app: hr,154,132463,203412
 0> <info> app: hr,155,132473,203429
 0> <info> app: hr,156,132473,203424
 0> <info> app: hr,157,132485,203440
 0> <info> app: hr,158,132481,203433
 0> <info> app: hr,159,132486,203433
 0> <info> app: hr,160,132483,203443
 0> <info> app: hr,161,132487,203448
 0> <info> app: hr,162,132490,203451
 0> <info> app: hr,163,132488,203447
 0> <info> app: hr,164,132497,203455
 0> <info> app: hr,165,132501,203469
 0> <info> app: hr,166,132510,203492
 0> <info> app: hr,167,132520,203492
 0> <info> app: hr,168,132520,203496
 0> <info> app: hr,169,132529,203510
 0> <info> app: hr,170,132525,203507
 0> <info> app: hr,171,132527,203504
 0> <info> app: hr,172,132524,203507
 0> <info> app: hr,173,132527,203509
 0> <info> app: hr,174,132528,203508
 0> <info> app: hr,175,132529,203514
 0> <info> app: hr,176,132529,203523
 0> <info> app: hr,177,132524,203525
 0> <info> app: hr,178,132523,203516
 0> <info> app: hr,179,132528,203519
 0> <info> app: hr,180,132527,203515
 0> <info> app: hr,181,132518,203510
 0> <info> app: hr,182,132513,203510
 0> <info> app: hr,183,132511,203501
 0> <info> app: hr,184,132512,203507
 0> <info> app: hr,185,132505,203523
 0> <info> app: hr,186,132512,203514
 0> <info> app: hr,187,132507,203516
 0> <info> app: hr,188,132505,203519
 0> <info> app: hr,189,132503,203530
 0> <info> app: hr,190,132507,203526
 0> <info> app: hr,191,132528,203610
 0> <info> app: hr,192,132529,203624
 0> <info> app: hr,193,132532,203637
 0> <info> app: hr,194,132548,203647
 0> <info> app: hr,195,132555,203667
 0> <info> app: hr,196,132561,203671
 0> <info> app: hr,197,132567,203685
 0> <info> app: hr,198,132575,203685
 0> <info> app: hr,199,132570,203685
 0> <info> app: hr,200,132576,203690
 0> <info> app: hr,201,132576,203692
 0> <info> app: hr,202,132572,203688
 0> <info> app: hr,203,132579,203707
 0> <info> app: hr,204,132580,203716
 0> <info> app: hr,205,132597,203727
 0> <info> app: hr,206,132606,203730
 0> <info> app: hr,207,132603,203732
 0> <info> app: hr,208,132627,203771
 0> <info> app: hr,209,132635,203761
 0> <info> app: hr,210,132632,203728
 0> <info> app: hr,211,132604,203685
 0> <info> app: hr,212,132570,203649
 0> <info> app: hr,213,132559,203627
 0> <info> app: hr,214,132538,203608
 0> <info> app: hr,215,132544,203604
 0> <info> app: hr,216,132544,203606
 0> <info> app: hr,217,132545,203596
 0> <info> app: hr,218,132547,203609
 0> <info> app: hr,219,132564,203622
 0> <info> app: hr,220,132560,203624
 0> <info> app: hr,221,132565,203630
 0> <info> app: hr,222,132565,203630
 0> <info> app: hr,223,132564,203623
 0> <info> app: hr,224,132557,203612
 0> <info> app: hr,225,132552,203612
 0> <info> app: hr,226,132546,203602
 0> <info> app: hr,227,132542,203591
 0> <info> app: hr,228,132528,203573
 0> <info> app: hr,229,132523,203575
 0> <info> app: hr,230,132519,203575
 0> <info> app: hr,231,132516,203571
 0> <info> app: hr,232,132520,203582
 0> <info> app: hr,233,132516,203586
 0> <info> app: hr,234,132521,203586
 0> <info> app: hr,235,132521,203596
 0> <info> app: hr,236,132522,203587
 0> <info> app: hr,237,132515,203581
 0> <info> app: hr,238,132519,203589
 0> <info> app: hr,239,132510,203585
 0> <info> app: hr,240,132514,203582
 0> <info> app: hr,241,132519,203595
 0> <info> app: hr,242,132516,203605
 0> <info> app: hr,243,132524,203621
 0> <info> app: hr,244,132532,203637
 0> <info> app: hr,245,132545,203641
 0> <info> app: hr,246,132554,203646
 0> <info> app: hr,247,132562,203657
 0> <info> app: hr,248,132562,203659
 0> <info> app: hr,249,132558,203658
 0> <info> app: hr,250,132558,203654
 0> <info> app: hr,251,132558,203644
 0> <info> app: hr,252,132551,203629
 0> <info> app: hr,253,132548,203632
 0> <info> app: hr,254,132542,203638
 0> <info> app: hr,255,132544,203629
 0> <info> app: hr,256,132538,203636
 0> <info> app: hr,257,132537,203632
 0> <info> app: hr,258,132544,203636
 0> <info> app: hr,259,132557,203652
 0> <info> app: hr,260,132550,203662
 0> <info> app: hr,261,132544,203638
 0> <info> app: hr,262,132543,203650
 0> <info> app: hr,263,132537,203636
 0> <info> app: hr,264,132527,203621
 0> <info> app: hr,265,132523,203621
 0> <info> app: hr,266,132508,203609
 0> <info> app: hr,267,132506,203606
 0> <info> app: hr,268,132499,203601
 0> <info> app: hr,269,132499,203597
 0> <info> app: hr,270,132493,203611
 0> <info> app: hr,271,132506,203619
 0> <info> app: hr,272,132499,203621
 0> <info> app: hr,273,132507,203632
 0> <info> app: hr,274,132512,203628
 0> <info> app: hr,275,132511,203628
 0> <info> app: hr,276,132517,203636
 0> <info> app: hr,277,132516,203639
 0> <info> app: hr,278,132519,203642
 0> <info> app: hr,279,132523,203654
 0> <info> app: hr,280,132518,203641
 0> <info> app: hr,281,132521,203640
 0> <info> app: hr,282,132523,203640
 0> <info> app: hr,283,132517,203635
 0> <info> app: hr,284,132519,203650
 0> <info> app: hr,285,132521,203641
 0> <info> app: hr,286,132533,203730
 0> <info> app: hr,287,132539,203726
 0> <info> app: hr,288,132532,203720
 0> <info> app: hr,289,132527,203709
 0> <info> app: hr,290,132521,203703
 0> <info> app: hr,291,132510,203691
 0> <info> app: hr,292,132505,203680
 0> <info> app: hr,293,132499,203666
 0> <info> app: hr,294,132497,203670
 0> <info> app: hr,295,132507,203679
 0> <info> app: hr,296,132516,203685
 0> <info> app: hr,297,132521,203680
 0> <info> app: hr,298,132535,203695
 0> <info> app: hr,299,132544,203681
 0> <info> app: hr,300,132560,203687
 0> <info> app: hr,301,132567,203683
 0> <info> app: hr,302,132570,203678
 0> <info> app: hr,303,132565,203654
 0> <info> app: hr,304,132551,203632
 0> <info> app: hr,305,132543,203606
 0> <info> app: hr,306,132522,203586
 0> <info> app: hr,307,132524,203564
 0> <info> app: hr,308,132514,203562
 0> <info> app: hr,309,132509,203552
 0> <info> app: hr,310,132512,203559
 0> <info> app: hr,311,132533,203565
 0> <info> app: hr,312,132532,203585
 0> <info> app: hr,313,132541,203607
 0> <info> app: hr,314,132556,203617
 0> <info> app: hr,315,132567,203632
 0> <info> app: hr,316,132568,203634
 0> <info> app: hr,317,132566,203632
 0> <info> app: hr,318,132558,203625
 0> <info> app: hr,319,132556,203615
 0> <info> app: hr,320,132537,203602
 0> <info> app: hr,321,132526,203596
 0> <info> app: hr,322,132519,203586
 0> <info> app: hr,323,132513,203595
 0> <info> app: hr,324,132514,203593
 0> <info> app: hr,325,132513,203590
 0> <info> app: hr,326,132512,203598
 0> <info> app: hr,327,132510,203589
 0> <info> app: hr,328,132511,203598
 0> <info> app: hr,329,132510,203600
 0> <info> app: hr,330,132500,203591
 0> <info> app: hr,331,132507,203597
 0> <info> app: hr,332,132502,203604
 0> <info> app: hr,333,132507,203607
 0> <info> app: hr,334,132514,203623
 0> <info> app: hr,335,132521,203626
 0> <info> app: hr,336,132527,203632
 0> <info> app: hr,337,132532,203650
 0> <info> app: hr,338,132533,203648
 0> <info> app: hr,339,132538,203668
 0> <info> app: hr,340,132540,203659
 0> <info> app: hr,341,132537,203668
 0> <info> app: hr,342,132538,203674
 0> <info> app: hr,343,132537,203662
 0> <info> app: hr,344,132529,203657
 0> <info> app: hr,345,132528,203653
 0> <info> app: hr,346,132526,203647
 0> <info> app: hr,347,132530,203662
 0> <info> app: hr,348,132527,203665
 0> <info> app: hr,349,132530,203663
 0> <info> app: hr,350,132532,203662
 0> <info> app: hr,351,132538,203674
 0> <info> app: hr,352,132540,203686
 0> <info> app: hr,353,132550,203690
 0> <info> app: hr,354,132552,203697
 0> <info> app: hr,355,132554,203705
 0> <info> app: hr,356,132558,203706
 0> <info> app: hr,357,132560,203718
 0> <info> app: hr,358,132556,203710
 0> <info> app: hr,359,132548,203706
 0> <info> app: hr,360,132540,203696
 0> <info> app: hr,361,132534,203694
 0> <info> app: hr,362,132528,203687
 0> <info> app: hr,363,132532,203692
 0> <info> app: hr,364,132531,203696
 0> <info> app: hr,365,132531,203706
 0> <info> app: hr,366,132535,203707
 0> <info> app: hr,367,132540,203709
 0> <info> app: hr,368,132540,203719
 0> <info> app: hr,369,132546,203722
 0> <info> app: hr,370,132544,203718
 0> <info> app: hr,371,132541,203708
 0> <info> app: hr,372,132528,203702
 0> <info> app: hr,373,132529,203691
 0> <info> app: hr,374,132517,203683
 0> <info> app: hr,375,132514,203685
 0> <info> app: hr,376,132504,203670
 0> <info> app: hr,377,132504,203660
 0> <info> app: hr,378,132492,203658
 0> <info> app: hr,379,132486,203663
 0> <info> app: hr,380,132485,203665
 0> <info> app: hr,381,132485,203657
 0> <info> app: hr,382,132474,203651
 0> <info> app: hr,383,132473,203658
 0> <info> app: hr,384,132483,203669
 0> <info> app: hr,385,132487,203662
 0> <info> app: hr,386,132521,203775
 0> <info> app: hr,387,132525,203761
 0> <info> app: hr,388,132511,203743
 0> <info> app: hr,389,132510,203747
 0> <info> app: hr,390,132515,203753
 0> <info> app: hr,391,132512,203739
 0> <info> app: hr,392,132508,203719
 0> <info> app: hr,393,132505,203709
 0> <info> app: hr,394,132498,203686
 0> <info> app: hr,395,132504,203684
 0> <info> app: hr,396,132495,203660
 0> <info> app: hr,397,132494,203635
 0> <info> app: hr,398,132494,203633
 0> <info> app: hr,399,132485,203612
 0> <info> app: hr,400,132480,203609
 0> <info> app: hr,401,132484,203605
 0> <info> app: hr,402,132482,203605
 0> <info> app: hr,403,132493,203612
 0> <info> app: hr,404,132490,203608
 0> <info> app: hr,405,132494,203613
 0> <info> app: hr,406,132503,203623
 0> <info> app: hr,407,132500,203622
 0> <info> app: hr,408,132507,203626
 0> <info> app: hr,409,132499,203622
 0> <info> app: hr,410,132505,203628
 0> <info> app: hr,411,132499,203624
 0> <info> app: hr,412,132487,203626
 0> <info> app: hr,413,132483,203611
 0> <info> app: hr,414,132481,203605
 0> <info> app: hr,415,132471,203598
 0> <info> app: hr,416,132468,203583
 0> <info> app: hr,417,132465,203593
 0> <info> app: hr,418,132467,203601
 0> <info> app: hr,419,132471,203609
 0> <info> app: hr,420,132467,203622
 0> <info> app: hr,421,132479,203632
 0> <info> app: hr,422,132471,203634
 0> <info> app: hr,423,132479,203631
 0> <info> app: hr,424,132458,203621
 0> <info> app: hr,425,132467,203621
 0> <info> app: hr,426,132459,203624
 0> <info> app: hr,427,132458,203619
 0> <info> app: hr,428,132460,203611
 0> <info> app: hr,429,132455,203611
 0> <info> app: hr,430,132460,203628
 0> <info> app: hr,431,132467,203636
 0> <info> app: hr,432,132473,203641
 0> <info> app: hr,433,132481,203660
 0> <info> app: hr,434,132490,203673
 0> <info> app: hr,435,132497,203677
 0> <info> app: hr,436,132495,203677
 0> <info> app: hr,437,132507,203683
 0> <info> app: hr,438,132506,203677
 0> <info> app: hr,439,132495,203687
 0> <info> app: hr,440,132489,203659
 0> <info> app: hr,441,132484,203665
 0> <info> app: hr,442,132479,203655
 0> <info> app: hr,443,132476,203653
 0> <info> app: hr,444,132475,203651
 0> <info> app: hr,445,132479,203656
 0> <info> app: hr,446,132476,203664
 0> <info> app: hr,447,132486,203663
 0> <info> app: hr,448,132485,203666
 0> <info> app: hr,449,132487,203684
 0> <info> app: hr,450,132486,203674
 0> <info> app: hr,451,132487,203690
 0> <info> app: hr,452,132491,203697
 0> <info> app: hr,453,132482,203693
 0> <info> app: hr,454,132482,203693
 0> <info> app: hr,455,132483,203677
 0> <info> app: hr,456,132473,203671
 0> <info> app: hr,457,132455,203654
 0> <info> app: hr,458,132449,203641
 0> <info> app: hr,459,132436,203624
 0> <info> app: hr,460,132427,203612
 0> <info> app: hr,461,132411,203608
 0> <info> app: hr,462,132397,203605
 0> <info> app: hr,463,132396,203604
 0> <info> app: hr,464,132384,203598
 0> <info> app: hr,465,132377,203593
 0> <info> app: hr,466,132385,203596
 0> <info> app: hr,467,132378,203597
 0> <info> app: hr,468,132374,203598
 0> <info> app: hr,469,132378,203594
 0> <info> app: hr,470,132374,203598
 0> <info> app: hr,471,132377,203604
 0> <info> app: hr,472,132381,203614
 0> <info> app: hr,473,132391,203618
 0> <info> app: hr,474,132390,203618
 0> <info> app: hr,475,132389,203625
 0> <info> app: hr,476,132396,203631
 0> <info> app: hr,477,132397,203647
 0> <info> app: hr,478,132401,203634
 0> <info> app: hr,479,132404,203634
 0> <info> app: hr,480,132402,203645
 0> <info> app: hr,481,132385,203653
 0> <info> app: hr,482,132384,203660
 0> <info> app: hr,483,132393,203659
 0> <info> app: hr,484,132397,203671
 0> <info> app: hr,485,132408,203678
 0> <info> app: hr,486,132411,203680
 0> <info> app: hr,487,132419,203679
 0> <info> app: hr,488,132427,203673
 0> <info> app: hr,489,132432,203674
 0> <info> app: hr,490,132428,203663
 0> <info> app: hr,491,132426,203646
 0> <info> app: hr,492,132424,203634
 0> <info> app: hr,493,132432,203619
 0> <info> app: hr,494,132421,203605
 0> <info> app: hr,495,132428,203596
 0> <info> app: hr,496,132427,203594
 0> <info> app: hr,497,132423,203611
 0> <info> app: hr,498,132446,203624
 0> <info> app: hr,499,132450,203633
 0> <info> app: hr,500,132457,203641
 0> <info> app: hr,501,132455,203644
 0> <info> app: hr,502,132453,203644
 0> <info> app: hr,503,132446,203629
 0> <info> app: hr,504,132442,203616
 0> <info> app: hr,505,132431,203610
 0> <info> app: hr,506,132416,203595
 0> <info> app: hr,507,132416,203582
 0> <info> app: hr,508,132416,203585
 0> <info> app: hr,509,132410,203583
 0> <info> app: hr,510,132406,203583
 0> <info> app: hr,511,132405,203585
 0> <info> app: hr,512,132415,203591
 0> <info> app: hr,513,132414,203597
 0> <info> app: hr,514,132417,203596
 0> <info> app: hr,515,132422,203608

# Logging stopped @ 30 Nov 2018 10:42:12
