# SEGGER J-Link RTT Viewer V6.16a Terminal Log File
# Compiled: 12:44:10 on Jun  6 2017
# Logging started @ 26 Nov 2018 16:22:07
 0> <info> app: ***********  Application started  ***********
 0> 
 0> <info> app: [OK] NRF Power ON 0x0004. 
 0> <info> app: Read MAC:CC34D2110EF6
 0> <info> app: ***********  Sensor initial ***********
 0> <info> app: [OK]	BMI160
 0> <info> app: [OK]	SETUP ACC
 0> <info> app: [OK]	SETUP STEP COUNT
 0> <info> app: [OK]	FLASH MEMORY
 0> <info> app: [OK]	Read and using configuration in flash memory
 0> <info> app: [OK]	Using queue setting from flash memory
 0> <info> app: gender in flash 1
 0> <info> app: [OK]	OLED Initial
 0> <info> app: [OK]	Max30102 Initial, Temperature 33.50
 0> <info> app: ********** End sensor initial *********
 0> 
 0> <info> app: Max30102 Found
 0> 
 0> <info> app: HR Begin
 0> 
 0> <info> app: 508
 0> <info> app: hr,0,3487,21703
 0> <info> app: hr,1,3518,21727
 0> <info> app: hr,2,3507,21715
 0> <info> app: hr,3,3527,21730
 0> <info> app: hr,4,3525,21729
 0> <info> app: hr,5,3525,21715
 0> <info> app: hr,6,3512,21740
 0> <info> app: hr,7,3537,21742
 0> <info> app: hr,8,3514,21740
 0> <info> app: hr,9,3529,21751
 0> <info> app: hr,10,3514,21753
 0> <info> app: hr,11,3527,21740
 0> <info> app: hr,12,3509,21727
 0> <info> app: hr,13,3537,21763
 0> <info> app: hr,14,3509,21737
 0> <info> app: hr,15,3508,21756
 0> <info> app: hr,16,3524,21730
 0> <info> app: hr,17,3535,21747
 0> <info> app: hr,18,3521,21737
 0> <info> app: hr,19,3529,21747
 0> <info> app: hr,20,3537,21738
 0> <info> app: hr,21,3542,21740
 0> <info> app: hr,22,3533,21748
 0> <info> app: hr,23,3543,21758
 0> <info> app: hr,24,3553,21749
 0> <info> app: hr,25,3550,21761
 0> <info> app: hr,26,3538,21758
 0> <info> app: hr,27,3556,21773
 0> <info> app: hr,28,3555,21768
 0> <info> app: hr,29,3563,21767
 0> <info> app: hr,30,3557,21758
 0> <info> app: hr,31,3566,21777
 0> <info> app: hr,32,3559,21770
 0> <info> app: hr,33,3556,21771
 0> <info> app: hr,34,3569,21779
 0> <info> app: hr,35,3568,21776
 0> <info> app: hr,36,3563,21774
 0> <info> app: hr,37,3574,21780
 0> <info> app: hr,38,3597,21786
 0> <info> app: hr,39,3580,21784
 0> <info> app: hr,40,3587,21776
 0> <info> app: hr,41,3584,21786
 0> <info> app: hr,42,3577,21785
 0> <info> app: hr,43,3571,21787
 0> <info> app: hr,44,3586,21791
 0> <info> app: hr,45,3584,21786
 0> <info> app: hr,46,3576,21782
 0> <info> app: hr,47,3590,21773
 0> <info> app: hr,48,3574,21783
 0> <info> app: hr,49,3588,21795
 0> <info> app: hr,50,3581,21792
 0> <info> app: hr,51,3588,21805
 0> <info> app: hr,52,3588,21794
 0> <info> app: hr,53,3596,21811
 0> <info> app: hr,54,3592,21798
 0> <info> app: hr,55,3592,21795
 0> <info> app: hr,56,3592,21805
 0> <info> app: hr,57,3571,21810
 0> <info> app: hr,58,3603,21796
 0> <info> app: hr,59,3583,21788
 0> <info> app: hr,60,3601,21810
 0> <info> app: hr,61,3598,21806
 0> <info> app: hr,62,3596,21809
 0> <info> app: hr,63,3585,21792
 0> <info> app: hr,64,3574,21780
 0> <info> app: hr,65,3548,21751
 0> <info> app: hr,66,3521,21732
 0> <info> app: hr,67,3480,21715
 0> <info> app: hr,68,3480,21697
 0> <info> app: hr,69,3447,21695
 0> <info> app: hr,70,3453,21669
 0> <info> app: hr,71,3445,21672
 0> <info> app: hr,72,3455,21690
 0> <info> app: hr,73,3439,21686
 0> <info> app: hr,74,3464,21703
 0> <info> app: hr,75,3435,21688
 0> <info> app: hr,76,3479,21697
 0> <info> app: hr,77,3463,21710
 0> <info> app: hr,78,3460,21714
 0> <info> app: hr,79,3460,21702
 0> <info> app: hr,80,3461,21724
 0> <info> app: hr,81,3469,21702
 0> <info> app: hr,82,3470,21719
 0> <info> app: hr,83,3491,21714
 0> <info> app: hr,84,3491,21725
 0> <info> app: hr,85,3502,21720
 0> <info> app: hr,86,3492,21724
 0> <info> app: hr,87,3488,21727
 0> <info> app: hr,88,3519,21729
 0> <info> app: hr,89,3501,21725
 0> <info> app: hr,90,3530,21731
 0> <info> app: hr,91,3505,21727
 0> <info> app: hr,92,3513,21738
 0> <info> app: hr,93,3493,21735
 0> <info> app: hr,94,3510,21732
 0> <info> app: hr,95,3498,21721
 0> <info> app: hr,96,3511,21749
 0> <info> app: hr,97,3503,21737
 0> <info> app: hr,98,3521,21739
 0> <info> app: hr,99,3502,21737
 0> <info> app: hr,100,3513,21743
 0> <info> app: hr,101,3516,21745
 0> <info> app: hr,102,3522,21742
 0> <info> app: hr,103,3500,21740
 0> <info> app: hr,104,3521,21747
 0> <info> app: hr,105,3508,21743
 0> <info> app: hr,106,3514,21753
 0> <info> app: hr,107,3528,21750
 0> <info> app: hr,108,3517,21766
 0> <info> app: hr,109,3514,21754
 0> <info> app: hr,110,3524,21754
 0> <info> app: hr,111,3524,21750
 0> <info> app: hr,112,3535,21772
 0> <info> app: hr,113,3551,21764
 0> <info> app: hr,114,3547,21763
 0> <info> app: hr,115,3534,21759
 0> <info> app: hr,116,3534,21768
 0> <info> app: hr,117,3539,21766
 0> <info> app: hr,118,3543,21744
 0> <info> app: hr,119,3549,21778
 0> <info> app: hr,120,3545,21775
 0> <info> app: hr,121,3566,21756
 0> <info> app: hr,122,3550,21764
 0> <info> app: hr,123,3554,21754
 0> <info> app: hr,124,3542,21769
 0> <info> app: hr,125,3565,21773
 0> <info> app: hr,126,3554,21759
 0> <info> app: hr,127,3556,21788
 0> <info> app: hr,128,3547,21766
 0> <info> app: hr,129,3549,21787
 0> <info> app: hr,130,3566,21776
 0> <info> app: hr,131,3566,21776
 0> <info> app: hr,132,3549,21777
 0> <info> app: hr,133,3561,21786
 0> <info> app: hr,134,3569,21771
 0> <info> app: hr,135,3572,21772
 0> <info> app: hr,136,3565,21785
 0> <info> app: hr,137,3562,21785
 0> <info> app: hr,138,3580,21782
 0> <info> app: hr,139,3573,21777
 0> <info> app: hr,140,3571,21793
 0> <info> app: hr,141,3580,21795
 0> <info> app: hr,142,3570,21789
 0> <info> app: hr,143,3592,21800
 0> <info> app: hr,144,3596,21787
 0> <info> app: hr,145,3603,21799
 0> <info> app: hr,146,3595,21782
 0> <info> app: hr,147,3585,21791
 0> <info> app: hr,148,3545,21744
 0> <info> app: hr,149,3533,21752
 0> <info> app: hr,150,3498,21720
 0> <info> app: hr,151,3468,21699
 0> <info> app: hr,152,3450,21688
 0> <info> app: hr,153,3446,21687
 0> <info> app: hr,154,3436,21673
 0> <info> app: hr,155,3452,21675
 0> <info> app: hr,156,3446,21685
 0> <info> app: hr,157,3449,21683
 0> <info> app: hr,158,3446,21683
 0> <info> app: hr,159,3447,21692
 0> <info> app: hr,160,3452,21707
 0> <info> app: hr,161,3452,21708
 0> <info> app: hr,162,3464,21681
 0> <info> app: hr,163,3457,21714
 0> <info> app: hr,164,3455,21699
 0> <info> app: hr,165,3452,21699
 0> <info> app: hr,166,3459,21704
 0> <info> app: hr,167,3471,21689
 0> <info> app: hr,168,3473,21705
 0> <info> app: hr,169,3479,21711
 0> <info> app: hr,170,3490,21720
 0> <info> app: hr,171,3493,21714
 0> <info> app: hr,172,3492,21722
 0> <info> app: hr,173,3492,21709
 0> <info> app: hr,174,3498,21720
 0> <info> app: hr,175,3500,21717
 0> <info> app: hr,176,3484,21726
 0> <info> app: hr,177,3467,21732
 0> <info> app: hr,178,3496,21722
 0> <info> app: hr,179,3483,21724
 0> <info> app: hr,180,3481,21724
 0> <info> app: hr,181,3469,21737
 0> <info> app: hr,182,3484,21728
 0> <info> app: hr,183,3472,21730
 0> <info> app: hr,184,3484,21741
 0> <info> app: hr,185,3488,21731
 0> <info> app: hr,186,3482,21732
 0> <info> app: hr,187,3478,21730
 0> <info> app: hr,188,3495,21745
 0> <info> app: hr,189,3504,21739
 0> <info> app: hr,190,3502,21744
 0> <info> app: hr,191,3501,21748
 0> <info> app: hr,192,3518,21752
 0> <info> app: hr,193,3504,21744
 0> <info> app: hr,194,3510,21769
 0> <info> app: hr,195,3487,21754
 0> <info> app: hr,196,3504,21750
 0> <info> app: hr,197,3508,21756
 0> <info> app: hr,198,3518,21770
 0> <info> app: hr,199,3506,21751
 0> <info> app: hr,200,3514,21753
 0> <info> app: hr,201,3521,21758
 0> <info> app: hr,202,3512,21754
 0> <info> app: hr,203,3515,21746
 0> <info> app: hr,204,3539,21760
 0> <info> app: hr,205,3527,21766
 0> <info> app: hr,206,3533,21777
 0> <info> app: hr,207,3513,21765
 0> <info> app: hr,208,3537,21772
 0> <info> app: hr,209,3521,21771
 0> <info> app: hr,210,3539,21783
 0> <info> app: hr,211,3519,21775
 0> <info> app: hr,212,3544,21783
 0> <info> app: hr,213,3538,21775
 0> <info> app: hr,214,3538,21792
 0> <info> app: hr,215,3546,21771
 0> <info> app: hr,216,3556,21782
 0> <info> app: hr,217,3538,21768
 0> <info> app: hr,218,3569,21786
 0> <info> app: hr,219,3545,21790
 0> <info> app: hr,220,3555,21791
 0> <info> app: hr,221,3558,21770
 0> <info> app: hr,222,3566,21786
 0> <info> app: hr,223,3561,21790
 0> <info> app: hr,224,3560,21800
 0> <info> app: hr,225,3560,21777
 0> <info> app: hr,226,3556,21817
 0> <info> app: hr,227,3556,21793
 0> <info> app: hr,228,3559,21794
 0> <info> app: hr,229,3550,21789
 0> <info> app: hr,230,3542,21798
 0> <info> app: hr,231,3499,21751
 0> <info> app: hr,232,3506,21746
 0> <info> app: hr,233,3457,21731
 0> <info> app: hr,234,3444,21721
 0> <info> app: hr,235,3419,21710
 0> <info> app: hr,236,3416,21686
 0> <info> app: hr,237,3427,21696
 0> <info> app: hr,238,3419,21699
 0> <info> app: hr,239,3407,21695
 0> <info> app: hr,240,3417,21688
 0> <info> app: hr,241,3434,21695
 0> <info> app: hr,242,3434,21716
 0> <info> app: hr,243,3427,21693
 0> <info> app: hr,244,3432,21699
 0> <info> app: hr,245,3438,21689
 0> <info> app: hr,246,3435,21715
 0> <info> app: hr,247,3440,21704
 0> <info> app: hr,248,3458,21706
 0> <info> app: hr,249,3454,21740
 0> <info> app: hr,250,3458,21727
 0> <info> app: hr,251,3446,21723
 0> <info> app: hr,252,3459,21715
 0> <info> app: hr,253,3473,21726
 0> <info> app: hr,254,3443,21729
 0> <info> app: hr,255,3479,21729
 0> <info> app: hr,256,3492,21734
 0> <info> app: hr,257,3480,21744
 0> <info> app: hr,258,3463,21732
 0> <info> app: hr,259,3496,21739
 0> <info> app: hr,260,3459,21724
 0> <info> app: hr,261,3481,21735
 0> <info> app: hr,262,3473,21739
 0> <info> app: hr,263,3466,21739
 0> <info> app: hr,264,3486,21728
 0> <info> app: hr,265,3470,21736
 0> <info> app: hr,266,3475,21729
 0> <info> app: hr,267,3483,21743
 0> <info> app: hr,268,3473,21708
 0> <info> app: hr,269,3481,21737
 0> <info> app: hr,270,3480,21734
 0> <info> app: hr,271,3502,21738
 0> <info> app: hr,272,3489,21758
 0> <info> app: hr,273,3496,21759
 0> <info> app: hr,274,3496,21741
 0> <info> app: hr,275,3504,21759
 0> <info> app: hr,276,3480,21753
 0> <info> app: hr,277,3511,21765
 0> <info> app: hr,278,3492,21756
 0> <info> app: hr,279,3498,21744
 0> <info> app: hr,280,3505,21751
 0> <info> app: hr,281,3525,21770
 0> <info> app: hr,282,3490,21755
 0> <info> app: hr,283,3509,21769
 0> <info> app: hr,284,3514,21761
 0> <info> app: hr,285,3523,21769
 0> <info> app: hr,286,3511,21756
 0> <info> app: hr,287,3536,21766
 0> <info> app: hr,288,3531,21757
 0> <info> app: hr,289,3529,21779
 0> <info> app: hr,290,3515,21757
 0> <info> app: hr,291,3540,21767
 0> <info> app: hr,292,3520,21756
 0> <info> app: hr,293,3516,21776
 0> <info> app: hr,294,3533,21772
 0> <info> app: hr,295,3535,21776
 0> <info> app: hr,296,3531,21765
 0> <info> app: hr,297,3532,21764
 0> <info> app: hr,298,3536,21758
 0> <info> app: hr,299,3542,21777
 0> <info> app: hr,300,3535,21758
 0> <info> app: hr,301,3534,21784
 0> <info> app: hr,302,3546,21773
 0> <info> app: hr,303,3554,21764
 0> <info> app: hr,304,3552,21787
 0> <info> app: hr,305,3554,21780
 0> <info> app: hr,306,3540,21778
 0> <info> app: hr,307,3560,21769
 0> <info> app: hr,308,3540,21785
 0> <info> app: hr,309,3532,21781
 0> <info> app: hr,310,3505,21730
 0> <info> app: hr,311,3481,21726
 0> <info> app: hr,312,3459,21709
 0> <info> app: hr,313,3417,21703
 0> <info> app: hr,314,3412,21675
 0> <info> app: hr,315,3407,21670
 0> <info> app: hr,316,3399,21680
 0> <info> app: hr,317,3395,21665
 0> <info> app: hr,318,3401,21671
 0> <info> app: hr,319,3406,21658
 0> <info> app: hr,320,3410,21660
 0> <info> app: hr,321,3402,21675
 0> <info> app: hr,322,3413,21675
 0> <info> app: hr,323,3404,21684
 0> <info> app: hr,324,3405,21687
 0> <info> app: hr,325,3404,21680
 0> <info> app: hr,326,3425,21680
 0> <info> app: hr,327,3406,21670
 0> <info> app: hr,328,3418,21687
 0> <info> app: hr,329,3414,21693
 0> <info> app: hr,330,3417,21685
 0> <info> app: hr,331,3428,21696
 0> <info> app: hr,332,3432,21694
 0> <info> app: hr,333,3442,21692
 0> <info> app: hr,334,3451,21699
 0> <info> app: hr,335,3431,21682
 0> <info> app: hr,336,3444,21707
 0> <info> app: hr,337,3454,21702
 0> <info> app: hr,338,3450,21692
 0> <info> app: hr,339,3441,21698
 0> <info> app: hr,340,3439,21705
 0> <info> app: hr,341,3432,21700
 0> <info> app: hr,342,3447,21695
 0> <info> app: hr,343,3415,21695
 0> <info> app: hr,344,3448,21711
 0> <info> app: hr,345,3429,21683
 0> <info> app: hr,346,3449,21712
 0> <info> app: hr,347,3445,21697
 0> <info> app: hr,348,3446,21706
 0> <info> app: hr,349,3452,21712
 0> <info> app: hr,350,3463,21729
 0> <info> app: hr,351,3456,21700
 0> <info> app: hr,352,3451,21714
 0> <info> app: hr,353,3456,21715
 0> <info> app: hr,354,3468,21721
 0> <info> app: hr,355,3457,21720
 0> <info> app: hr,356,3461,21715
 0> <info> app: hr,357,3443,21713
 0> <info> app: hr,358,3465,21726
 0> <info> app: hr,359,3469,21710
 0> <info> app: hr,360,3469,21732
 0> <info> app: hr,361,3471,21720
 0> <info> app: hr,362,3482,21719
 0> <info> app: hr,363,3468,21732
 0> <info> app: hr,364,3474,21745
 0> <info> app: hr,365,3482,21731
 0> <info> app: hr,366,3481,21743
 0> <info> app: hr,367,3476,21754
 0> <info> app: hr,368,3476,21748
 0> <info> app: hr,369,3490,21732
 0> <info> app: hr,370,3497,21740
 0> <info> app: hr,371,3490,21735
 0> <info> app: hr,372,3477,21756
 0> <info> app: hr,373,3490,21734
 0> <info> app: hr,374,3509,21746
 0> <info> app: hr,375,3495,21741
 0> <info> app: hr,376,3503,21760
 0> <info> app: hr,377,3504,21752
 0> <info> app: hr,378,3512,21749
 0> <info> app: hr,379,3513,21760
 0> <info> app: hr,380,3508,21761
 0> <info> app: hr,381,3514,21752
 0> <info> app: hr,382,3516,21756
 0> <info> app: hr,383,3520,21771
 0> <info> app: hr,384,3530,21758
 0> <info> app: hr,385,3525,21761
 0> <info> app: hr,386,3539,21750
 0> <info> app: hr,387,3532,21769
 0> <info> app: hr,388,3523,21756
 0> <info> app: hr,389,3526,21754
 0> <info> app: hr,390,3495,21752
 0> <info> app: hr,391,3479,21730
 0> <info> app: hr,392,3438,21707
 0> <info> app: hr,393,3427,21698
 0> <info> app: hr,394,3389,21670
 0> <info> app: hr,395,3384,21665
 0> <info> app: hr,396,3369,21658
 0> <info> app: hr,397,3364,21650
 0> <info> app: hr,398,3362,21663
 0> <info> app: hr,399,3375,21663
 0> <info> app: hr,400,3376,21656
 0> <info> app: hr,401,3385,21684
 0> <info> app: hr,402,3386,21649
 0> <info> app: hr,403,3386,21676
 0> <info> app: hr,404,3393,21664
 0> <info> app: hr,405,3416,21664
 0> <info> app: hr,406,3392,21654
 0> <info> app: hr,407,3398,21669
 0> <info> app: hr,408,3389,21656
 0> <info> app: hr,409,3400,21654
 0> <info> app: hr,410,3386,21665
 0> <info> app: hr,411,3420,21685
 0> <info> app: hr,412,3389,21675
 0> <info> app: hr,413,3418,21694
 0> <info> app: hr,414,3413,21703
 0> <info> app: hr,415,3419,21694
 0> <info> app: hr,416,3430,21694
 0> <info> app: hr,417,3431,21701
 0> <info> app: hr,418,3423,21677
 0> <info> app: hr,419,3421,21697
 0> <info> app: hr,420,3417,21689
 0> <info> app: hr,421,3419,21700
 0> <info> app: hr,422,3418,21690
 0> <info> app: hr,423,3443,21699
 0> <info> app: hr,424,3425,21706
 0> <info> app: hr,425,3429,21699
 0> <info> app: hr,426,3433,21682
 0> <info> app: hr,427,3421,21716
 0> <info> app: hr,428,3430,21710
 0> <info> app: hr,429,3443,21707
 0> <info> app: hr,430,3425,21725
 0> <info> app: hr,431,3433,21734
 0> <info> app: hr,432,3439,21726
 0> <info> app: hr,433,3448,21719
 0> <info> app: hr,434,3458,21737
 0> <info> app: hr,435,3450,21733
 0> <info> app: hr,436,3448,21721
 0> <info> app: hr,437,3439,21742
 0> <info> app: hr,438,3447,21717
 0> <info> app: hr,439,3461,21737
 0> <info> app: hr,440,3452,21719
 0> <info> app: hr,441,3456,21744
 0> <info> app: hr,442,3464,21724
 0> <info> app: hr,443,3452,21764
 0> <info> app: hr,444,3447,21742
 0> <info> app: hr,445,3472,21744
 0> <info> app: hr,446,3465,21738
 0> <info> app: hr,447,3472,21768
 0> <info> app: hr,448,3459,21744
 0> <info> app: hr,449,3470,21757
 0> <info> app: hr,450,3461,21760
 0> <info> app: hr,451,3450,21740
 0> <info> app: hr,452,3470,21763
 0> <info> app: hr,453,3481,21757
 0> <info> app: hr,454,3483,21759
 0> <info> app: hr,455,3473,21768
 0> <info> app: hr,456,3497,21762
 0> <info> app: hr,457,3491,21766
 0> <info> app: hr,458,3496,21774
 0> <info> app: hr,459,3498,21762
 0> <info> app: hr,460,3497,21771
 0> <info> app: hr,461,3476,21762
 0> <info> app: hr,462,3482,21770
 0> <info> app: hr,463,3490,21769
 0> <info> app: hr,464,3505,21787
 0> <info> app: hr,465,3491,21762
 0> <info> app: hr,466,3490,21785
 0> <info> app: hr,467,3493,21784
 0> <info> app: hr,468,3498,21779
 0> <info> app: hr,469,3495,21773
 0> <info> app: hr,470,3497,21799
 0> <info> app: hr,471,3493,21775
 0> <info> app: hr,472,3476,21761
 0> <info> app: hr,473,3442,21758
 0> <info> app: hr,474,3431,21739
 0> <info> app: hr,475,3396,21712
 0> <info> app: hr,476,3389,21698
 0> <info> app: hr,477,3358,21699
 0> <info> app: hr,478,3363,21690
 0> <info> app: hr,479,3341,21679
 0> <info> app: hr,480,3359,21685
 0> <info> app: hr,481,3345,21689
 0> <info> app: hr,482,3356,21703
 0> <info> app: hr,483,3349,21688
 0> <info> app: hr,484,3369,21694
 0> <info> app: hr,485,3360,21690
 0> <info> app: hr,486,3388,21691
 0> <info> app: hr,487,3370,21683
 0> <info> app: hr,488,3375,21707
 0> <info> app: hr,489,3377,21674
 0> <info> app: hr,490,3370,21705
 0> <info> app: hr,491,3377,21702
 0> <info> app: hr,492,3387,21713
 0> <info> app: hr,493,3376,21698
 0> <info> app: hr,494,3402,21721
 0> <info> app: hr,495,3397,21694
 0> <info> app: hr,496,3392,21715
 0> <info> app: hr,497,3385,21714
 0> <info> app: hr,498,3391,21736
 0> <info> app: hr,499,3404,21702
 0> <info> app: hr,500,3394,21732
 0> <info> app: hr,501,3381,21716
 0> <info> app: hr,502,3400,21716
 0> <info> app: hr,503,3395,21719
 0> <info> app: hr,504,3409,21719
 0> <info> app: hr,505,3404,21706
 0> <info> app: hr,506,3394,21722
 0> <info> app: hr,507,3404,21711

# Logging stopped @ 26 Nov 2018 16:22:32
