# SEGGER J-Link RTT Viewer V6.16a Terminal Log File
# Compiled: 12:44:10 on Jun  6 2017
# Logging started @ 30 Nov 2018 14:17:06
 0> <info> app: ***********  Application started  ***********
 0> 
 0> <info> app: [OK] NRF Power ON 0x0004. 
 0> <info> app: Read MAC:D8B7D5F50205
 0> <info> app: ***********  Sensor initial ***********
 0> <info> app: [OK]	BMI160
 0> <info> app: [OK]	SETUP ACC
 0> <info> app: [OK]	SETUP STEP COUNT
 0> <info> app: [OK]	FLASH MEMORY
 0> <info> app: [OK]	Read and using configuration in flash memory
 0> <info> app: [OK]	Using queue setting from flash memory
 0> <info> app: gender in flash 1
 0> <info> app: [OK]	OLED Initial
 0> <info> app: [OK]	Max30102 Initial, Temperature 69.62
 0> <info> app: ********** End sensor initial *********
 0> 
 0> <info> app: Erase bonds!
 0> <info> app: BLE_ADV_EVT_FAST
 0> <info> app: advertising is started
 0> <info> app: [FALL] Device restart detected. It require setup timer from flash memory
 0> 
 0> <info> app: [OK]	FLASH MEMORY
 0> <info> app: [OK] Pedo data with pages 1155
 0> 
 0> <error> app: [OK] Unix Time in flash 1536412959
 0> <error> app: [OK] Unix Time in flash 1536412969
 0> <error> app: [OK] Unix Time in flash 1536412979
 0> <error> app: [OK] Unix Time in flash 1536412989
 0> <error> app: [OK] Unix Time in flash 1536412999
 0> <error> app: [OK] Unix Time in flash 1536413009
 0> <error> app: [OK] Unix Time in flash 1536413019
 0> <error> app: [OK] Unix Time in flash 1536413029
 0> <info> app: BATT Reading...
 0> <info> app: ALERT_BT_CHECK_WAIT_KRY
 0> <info> app: ALERT_BT_CHECK_WAIT_KRY
 0> <info> app: ALERT_BT_CHECK_WAIT_KRY
 0> <info> app: Left Press
 0> <info> app: BATT Reading...
 0> <info> app: [OK]	Max30102 Already and background working is begin
 0> 
 0> <info> app: BATT Reading...
 0> <info> app: [OK]	HR sample count 428
 0> 
 0> Plus Signal 1, 68
 0> Minus Signal -1, 75
 0> plus_index 68, minus_index 75, Peak Index, 68,, AVR Peak Index, 68, HR 0, Reject out of 30-180.
 0> Plus Signal 1, 84
 0> Minus Signal -1, 113
 0> plus_index 84, minus_index 113, Peak Index, 111,, AVR Peak Index, 111, HR 139
 0> Plus Signal 1, 149
 0> Minus Signal -1, 161
 0> plus_index 149, minus_index 161, Peak Index, 158,, AVR Peak Index, 158, HR 127
 0> Plus Signal 1, 197
 0> Minus Signal -1, 207
 0> plus_index 197, minus_index 207, Peak Index, 204,, AVR Peak Index, 204, HR 130247,292,
 0> hr,51,64413,184044,-270.00,0,
 0> hr,52,64415,184020,-280.00,0,
 0> hr,53,64411,184017,-269.00,0,
 0> hr,54,64409,184006,-267.00,0,
 0> hr,55,64401,183986,-273.00,0,
 0> hr,56,64397,183982,-264.00,0,
 0> hr,57,64394,183969,-264.00,0,
 0> hr,58,64393,183960,-259.00,0,
 0> hr,59,64389,183957,-249.00,1,
 0> hr,60,64388,183954,-240.00,1,
 0> hr,61,64387,183950,-232.00,0,
 0> hr,62,64387,183945,-225.00,0,
 0> hr,63,64388,183943,-216.00,0,
 0> hr,64,64392,183945,-203.00,0,
 0> hr,65,64392,183942,-196.00,0,
 0> hr,66,64391,183943,-185.00,0,
 0> hr,67,64391,183948,-171.00,1,
 0> hr,68,64392,183949,-161.00,1,
 0> hr,69,64393,183950,-152.00,0,
 0> hr,70,64392,183954,-141.00,0,
 0> hr,71,64397,183954,-133.00,0,
 0> hr,72,64398,183957,-124.00,0,
 0> hr,73,64396,183960,-115.00,0,
 0> hr,74,64394,183962,-107.00,0,
 0> hr,75,64393,183962,-101.00,0,
 0> hr,76,64392,183967,-91.00,1,
 0> hr,77,64392,183961,-93.00,0,
 0> hr,78,64396,183966,-83.00,0,
 0> hr,79,64402,183960,-85.00,0,
 0> hr,80,64406,183969,-72.00,0,
 0> hr,81,64407,183972,-65.00,0,
 0> hr,82,64403,183972,-62.00,0,
 0> hr,83,64399,183967,-64.00,0,
 0> hr,84,64397,183969,-58.00,0,
 0> hr,85,64398,183965,-59.00,0,
 0> hr,86,64395,183970,-51.00,1,
 0> hr,87,64403,183976,-43.00,1,
 0> hr,88,64409,183986,-31.00,0,
 0> hr,89,64405,183986,-29.00,0,
 0> hr,90,64410,183986,-28.00,0,
 0> hr,91,64410,183986,-26.00,0,
 0> hr,92,64416,183999,-12.00,0,
 0> hr,93,64423,184012,1.00,0,
 0> hr,94,64428,184012,1.00,1,
 0> hr,95,64429,184125,114.00,1,
 0> hr,96,64914,184438,421.00,1,
 0> hr,97,64918,184445,407.00,1,
 0> hr,98,64924,184460,401.00,1,
 0> hr,99,64931,184468,389.00,1,
 0> hr,100,64933,184480,382.00,0,
 0> hr,101,64936,184506,389.00,0,
 0> hr,102,64942,184506,369.00,0,
 0> hr,103,64949,184527,372.00,0,
 0> hr,104,64947,184531,357.00,0,
 0> hr,105,64949,184609,417.00,0,
 0> hr,106,64952,184554,341.00,-1,
 0> hr,107,64953,184591,361.00,0,
 0> hr,108,64943,184506,258.00,-1,
 0> hr,109,64481,184199,-61.00,-1,
 0> hr,110,64665,184381,123.00,-1,
 0> hr,111,64586,184215,-48.00,-1,
 0> hr,112,64648,184233,-27.00,-1,
 0> hr,113,64638,184334,74.00,0,
 0> hr,114,64644,184259,-4.00,0,
 0> hr,115,64840,184453,189.00,0,
 0> hr,116,64514,184214,-58.00,0,
 0> hr,117,64626,184212,-57.00,0,
 0> hr,118,64893,184560,293.00,1,
 0> hr,119,64891,184448,166.00,0,
 0> hr,120,64902,184454,164.00,0,
 0> hr,121,64838,184427,129.00,0,
 0> hr,122,64880,184432,127.00,0,
 0> hr,123,64880,184352,41.00,0,
 0> hr,124,64871,184326,13.00,0,
 0> hr,125,64863,184304,-9.00,-1,
 0> hr,126,64853,184291,-22.00,0,
 0> hr,127,64855,184281,-30.00,0,
 0> hr,128,64849,184271,-39.00,0,
 0> hr,129,64848,184264,-44.00,0,
 0> hr,130,64845,184262,-44.00,0,
 0> hr,131,64848,184260,-43.00,0,
 0> hr,132,64849,184261,-40.00,0,
 0> hr,133,64851,184268,-31.00,0,
 0> hr,134,64859,184279,-19.00,1,
 0> hr,135,64857,184279,-18.00,1,
 0> hr,136,64856,184277,-19.00,0,
 0> hr,137,64859,184283,-12.00,0,
 0> hr,138,64863,184285,-9.00,0,
 0> hr,139,64866,184291,-3.00,0,
 0> hr,140,64865,184289,-5.00,0,
 0> hr,141,64868,184294,0.00,0,
 0> hr,142,64867,184298,4.00,0,
 0> hr,143,64873,184303,8.00,1,
 0> hr,144,64873,184315,20.00,1,
 0> hr,145,64881,184326,30.00,1,
 0> hr,146,64881,184337,39.00,1,
 0> hr,147,64888,184344,44.00,1,
 0> hr,148,64895,184352,50.00,1,
 0> hr,149,64904,184374,70.00,1,
 0> hr,150,64909,184380,72.00,1,
 0> hr,151,64920,184395,84.00,1,
 0> hr,152,64924,184410,94.00,1,
 0> hr,153,64930,184433,113.00,1,
 0> hr,154,64939,184445,119.00,1,
 0> hr,155,64939,184458,126.00,1,
 0> hr,156,64943,184474,136.00,1,
 0> hr,157,64948,184490,145.00,1,
 0> hr,158,64943,184505,153.00,1,
 0> hr,159,64946,184519,159.00,1,
 0> hr,160,64947,184536,168.00,1,
 0> hr,161,64953,184546,170.00,1,
 0> hr,162,64947,184532,147.00,0,
 0> hr,163,64932,184496,104.00,-1,
 0> hr,164,64909,184443,45.00,-1,
 0> hr,165,64887,184388,-11.00,-1,
 0> hr,166,64865,184334,-64.00,-1,
 0> hr,167,64848,184286,-109.00,-1,
 0> hr,168,64839,184247,-143.00,-1,
 0> hr,169,64822,184211,-171.00,-1,
 0> hr,170,64814,184176,-198.00,-1,
 0> hr,171,64806,184146,-218.00,-1,
 0> hr,172,64796,184118,-235.00,-1,
 0> hr,173,64784,184089,-252.00,-1,
 0> hr,174,64778,184077,-252.00,-1,
 0> hr,175,64777,184065,-251.00,-1,
 0> hr,176,64774,184061,-242.00,-1,
 0> hr,177,64773,184057,-234.00,-1,
 0> hr,178,64776,184052,-228.00,-1,
 0> hr,179,64775,184049,-219.00,-1,
 0> hr,180,64779,184056,-201.00,-1,
 0> hr,181,64775,184052,-195.00,-1,
 0> hr,182,64781,184062,-175.00,-1,
 0> hr,183,64786,184064,-164.00,-1,
 0> hr,184,64787,184072,-148.00,-1,
 0> hr,185,64784,184061,-152.00,-1,
 0> hr,186,64783,184067,-138.00,-1,
 0> hr,187,64784,184067,-131.00,-1,
 0> hr,188,64786,184074,-118.00,-1,
 0> hr,189,64787,184076,-110.00,-1,
 0> hr,190,64793,184076,-104.00,-1,
 0> hr,191,64800,184090,-85.00,-1,
 0> hr,192,64810,184099,-72.00,-1,
 0> hr,193,64811,184114,-53.00,-1,
 0> hr,194,64814,184125,-39.00,-1,
 0> hr,195,64815,184132,-30.00,-1,
 0> hr,196,64822,184143,-18.00,-1,
 0> hr,197,64825,184157,-3.00,-1,
 0> hr,198,64828,184172,11.00,0,
 0> hr,199,64836,184187,26.00,1,
 0> hr,200,64844,184200,37.00,1,
 0> hr,201,64849,184213,48.00,1,
 0> hr,202,64856,184235,68.00,1,
 0> hr,203,64857,184245,75.00,1,
 0> hr,204,64860,184253,79.00,1,
 0> hr,205,64855,184276,98.00,1,
 0> hr,206,64857,184285,102.00,1,
 0> hr,207,64855,184298,110.00,1,
 0> hr,208,64857,184309,115.00,1,
 0> hr,209,64858,184304,104.00,0,
 0> hr,210,64844,184276,71.00,0,
 0> hr,211,64822,184220,12.00,-1,
 0> hr,212,64793,184162,-46.00,-1,
 0> hr,213,64774,184103,-103.00,-1,
 0> hr,214,64756,184047,-153.00,-1,
 0> hr,215,64737,184000,-193.00,-1,
 0> hr,216,64720,183961,-222.00,-1,
 0> hr,217,64711,183929,-243.00,-1,
 0> hr,218,64703,183895,-265.00,-1,
 0> hr,219,64691,183863,-284.00,-1,
 0> hr,220,64678,183845,-287.00,-1,
 0> hr,221,64670,183830,-288.00,-1,
 0> hr,222,64670,183822,-282.00,-1,
 0> hr,223,64672,183818,-271.00,-1,
 0> hr,224,64675,183810,-266.00,-1,
 0> hr,225,64673,183799,-264.00,-1,
 0> hr,226,64675,183799,-250.00,-1,
 0> hr,227,64676,183801,-236.00,-1,
 0> hr,228,64679,183806,-219.00,-1,
 0> hr,229,64680,183815,-199.00,-1,
 0> hr,230,64680,183813,-191.00,-1,
 0> hr,231,64682,183818,-176.00,-1,
 0> hr,232,64680,183814,-172.00,-1,
 0> hr,233,64679,183815,-162.00,-1,
 0> hr,234,64677,183813,-156.00,-1,
 0> hr,235,64679,183822,-139.00,-1,
 0> hr,236,64687,183820,-134.00,-1,
 0> hr,237,64692,183829,-118.00,-1,
 0> hr,238,64701,183839,-102.00,-1,
 0> hr,239,64703,183849,-87.00,-1,
 0> hr,240,64709,183854,-78.00,-1,
 0> hr,241,64710,183876,-52.00,-1,
 0> hr,242,64713,183886,-39.00,-1,
 0> hr,243,64724,183894,-29.00,-1,
 0> hr,244,64730,183914,-8.00,-1,
 0> hr,245,64739,183930,8.00,0,
 0> hr,246,64748,183939,16.00,0,
 0> hr,247,64749,183958,34.00,1,
 0> hr,248,64755,183969,44.00,1,
 0> hr,249,64760,183989,61.00,1,
 0> hr,250,64762,184000,69.00,1,
 0> hr,251,64761,184016,82.00,1,
 0> hr,252,64763,184031,93.00,1,
 0> hr,253,64766,184048,105.00,1,
 0> hr,254,64768,184056,108.00,1,
 0> hr,255,64760,184047,93.00,0,
 0> hr,256,64741,184012,54.00,0,
 0> hr,257,64718,183954,-6.00,-1,
 0> hr,258,64693,183896,-64.00,-1,
 0> hr,259,64670,183841,-116.00,-1,
 0> hr,260,64651,183791,-160.00,-1,
 0> hr,261,64640,183751,-192.00,-1,
 0> hr,262,64631,183715,-218.00,-1,
 0> hr,263,64622,183687,-235.00,-1,
 0> hr,264,64609,183656,-254.00,-1,
 0> hr,265,64598,183645,-253.00,-1,
 0> hr,266,64592,183631,-254.00,-1,
 0> hr,267,64586,183614,-258.00,-1,
 0> hr,268,64587,183614,-245.00,-1,
 0> hr,269,64589,183609,-238.00,-1,
 0> hr,270,64594,183604,-231.00,-1,
 0> hr,271,64597,183612,-212.00,-1,
 0> hr,272,64597,183617,-196.00,-1,
 0> hr,273,64601,183617,-186.00,-1,
 0> hr,274,64606,183630,-164.00,-1,
 0> hr,275,64605,183628,-158.00,-1,
 0> hr,276,64604,183631,-147.00,-1,
 0> hr,277,64605,183631,-139.00,-1,
 0> hr,278,64609,183638,-125.00,-1,
 0> hr,279,64611,183640,-117.00,-1,
 0> hr,280,64615,183639,-112.00,-1,
 0> hr,281,64615,183646,-100.00,-1,
 0> hr,282,64620,183649,-92.00,-1,
 0> hr,283,64627,183662,-74.00,-1,
 0> hr,284,64636,183670,-62.00,-1,
 0> hr,285,64638,183683,-46.00,-1,
 0> hr,286,64647,183702,-25.00,-1,
 0> hr,287,64657,183718,-7.00,-1,
 0> hr,288,64663,183734,8.00,0,
 0> hr,289,64672,183749,23.00,1,
 0> hr,290,64676,183760,32.00,1,
 0> hr,291,64683,183778,49.00,1,
 0> hr,292,64686,183789,57.00,1,
 0> hr,293,64694,183811,76.00,1,
 0> hr,294,64694,183826,88.00,1,
 0> hr,295,64697,183840,97.00,1,
 0> hr,296,64695,183856,108.00,1,
 0> hr,297,64699,183868,115.00,1,
 0> hr,298,64696,183869,110.00,1,
 0> hr,299,64685,183842,78.00,0,
 0> hr,300,64662,183781,13.00,-1,
 0> hr,301,64632,183715,-53.00,-1,
 0> hr,302,64605,183645,-120.00,-1,
 0> hr,303,64581,183587,-172.00,-1,
 0> hr,304,64559,183534,-217.00,-1,
 0> hr,305,64542,183493,-247.00,-1,
 0> hr,306,64525,183455,-272.00,-1,
 0> hr,307,64510,183416,-298.00,-1,
 0> hr,308,64489,183381,-318.00,-1,
 0> hr,309,64483,183353,-330.00,-1,
 0> hr,310,64473,183331,-335.00,-1,
 0> hr,311,64474,183323,-327.00,-1,
 0> hr,312,64469,183308,-325.00,-1,
 0> hr,313,64471,183307,-310.00,-1,
 0> hr,314,64470,183294,-307.00,-1,
 0> hr,315,64471,183306,-280.00,-1,
 0> hr,316,64474,183308,-264.00,-1,
 0> hr,317,64475,183315,-244.00,-1,
 0> hr,318,64479,183325,-222.00,-1,
 0> hr,319,64480,183331,-205.00,-1,
 0> hr,320,64485,183336,-189.00,-1,
 0> hr,321,64486,183335,-181.00,-1,
 0> hr,322,64488,183339,-168.00,-1,
 0> hr,323,64497,183346,-152.00,-1,
 0> hr,324,64509,183349,-142.00,-1,
 0> hr,325,64510,183354,-130.00,-1,
 0> hr,326,64511,183361,-116.00,-1,
 0> hr,327,64514,183376,-95.00,-1,
 0> hr,328,64522,183381,-85.00,-1,
 0> hr,329,64524,183398,-64.00,-1,
 0> hr,330,64536,183405,-54.00,-1,
 0> hr,331,64547,183428,-28.00,-1,
 0> hr,332,64553,183437,-18.00,-1,
 0> hr,333,64560,183458,3.00,0,
 0> hr,334,64572,183485,30.00,1,
 0> hr,335,64576,183495,38.00,1,
 0> hr,336,64584,183506,48.00,1,
 0> hr,337,64593,183530,69.00,1,
 0> hr,338,64596,183546,82.00,1,
 0> hr,339,64595,183566,98.00,1,
 0> hr,340,64605,183585,112.00,1,
 0> hr,341,64608,183602,123.00,1,
 0> hr,342,64608,183612,127.00,1,
 0> hr,343,64597,183581,89.00,0,
 0> hr,344,64571,183524,28.00,0,
 0> hr,345,64537,183444,-52.00,-1,
 0> hr,346,64500,183375,-119.00,-1,
 0> hr,347,64474,183309,-179.00,-1,
 0> hr,348,64450,183248,-231.00,-1,
 0> hr,349,64426,183199,-268.00,-1,
 0> hr,350,64403,183145,-309.00,-1,
 0> hr,351,64383,183102,-336.00,-1,
 0> hr,352,64375,183070,-352.00,-1,
 0> hr,353,64359,183032,-372.00,-1,
 0> hr,354,64353,183007,-378.00,-1,
 0> hr,355,64346,182989,-377.00,-1,
 0> hr,356,64346,182978,-369.00,-1,
 0> hr,357,64350,182982,-347.00,-1,
 0> hr,358,64355,182987,-325.00,-1,
 0> hr,359,64358,182995,-300.00,-1,
 0> hr,360,64359,182998,-282.00,-1,
 0> hr,361,64361,183003,-263.00,-1,
 0> hr,362,64368,183009,-244.00,-1,
 0> hr,363,64371,183008,-233.00,-1,
 0> hr,364,64379,183008,-221.00,-1,
 0> hr,365,64382,183013,-205.00,-1,
 0> hr,366,64380,183016,-192.00,-1,
 0> hr,367,64386,183012,-186.00,-1,
 0> hr,368,64392,183020,-169.00,-1,
 0> hr,369,64396,183023,-157.00,-1,
 0> hr,370,64399,183024,-148.00,-1,
 0> hr,371,64403,183039,-126.00,-1,
 0> hr,372,64413,183059,-100.00,-1,
 0> hr,373,64422,183077,-77.00,-1,
 0> hr,374,64435,183097,-53.00,-1,
 0> hr,375,64441,183110,-37.00,-1,
 0> hr,376,64450,183125,-20.00,-1,
 0> hr,377,64458,183141,-3.00,-1,
 0> hr,378,64466,183162,17.00,0,
 0> hr,379,64478,183183,37.00,1,
 0> hr,380,64484,183203,55.00,1,
 0> hr,381,64491,183230,79.00,1,
 0> hr,382,64496,183245,90.00,1,
 0> hr,383,64504,183268,109.00,1,
 0> hr,384,64503,183282,117.00,1,
 0> hr,385,64509,183303,133.00,1,
 0> hr,386,64514,183315,138.00,1,
 0> hr,387,64513,183323,139.00,1,
 0> hr,388,64504,183307,116.00,0,
 0> hr,389,64485,183262,65.00,0,
 0> hr,390,64455,183195,-4.00,-1,
 0> hr,391,64418,183121,-78.00,-1,
 0> hr,392,64386,183052,-143.00,-1,
 0> hr,393,64358,182989,-199.00,-1,
 0> hr,394,64343,182939,-239.00,-1,
 0> hr,395,64327,182888,-278.00,-1,
 0> hr,396,64313,182848,-304.00,-1,
 0> hr,397,64297,182820,-317.00,-1,
 0> hr,398,64287,182790,-331.00,-1,
 0> hr,399,64273,182760,-344.00,-1,
 0> hr,400,64273,182748,-339.00,-1,
 0> hr,401,64271,182732,-338.00,-1,
 0> hr,402,64269,182735,-318.00,-1,
 0> hr,403,64265,182736,-301.00,-1,
 0> hr,404,64269,182743,-279.00,-1,
 0> hr,405,64271,182753,-255.00,-1,
 0> hr,406,64275,182769,-226.00,-1,
 0> hr,407,64285,182771,-213.00,-1,
 0> hr,408,64295,182776,-197.00,-1,
 0> hr,409,64298,182778,-185.00,-1,
 0> hr,410,64296,182785,-169.00,-1,
 0> hr,411,64302,182780,-166.00,-1,
 0> hr,412,64305,182785,-152.00,-1,
 0> hr,413,64313,182790,-140.00,-1,
 0> hr,414,64325,182808,-115.00,-1,
 0> hr,415,64331,182821,-96.00,-1,
 0> hr,416,64334,182832,-80.00,-1,
 0> hr,417,64341,182845,-63.00,-1,
 0> hr,418,64350,182862,-43.00,-1,
 0> hr,419,64360,182881,-22.00,-1,
 0> hr,420,64363,182889,-13.00,-1,
 0> hr,421,64371,182907,5.00,0,
 0> hr,422,64379,182922,20.00,1,
 0> hr,423,64391,182951,48.00,1,
 0> hr,424,64403,182980,74.00,1,
 0> hr,425,64413,183004,95.00,1,
 0> hr,426,64420,183020,106.00,1,
 0> hr,427,64426,183044,125.00,1,<info> app: .
 0> <info> app: [OK]	HR has been calculated 536921812
 0> 
 0> Minus Signal -1, 106
 0> Plus Signal 1, 118
 0> Minus Signal -1, 125
 0> Plus Signal 1, 134
 0> Minus Signal -1, 163
 0> Plus Signal 1, 199
 0> Minus Signal -1, 211
 0> Plus Signal 1, 247
 0> Minus Signal -1, 257
 0> Plus Signal 1, 289
 0> Minus Signal -1, 300
 0> Plus Signal 1, 334
 0> Minus Signal -1, 345
 0> Plus Signal 1, 379
 0> Minus Signal -1, 390
 0> Plus Signal 1, 422<info> app: [OK]	LED Power 95
 0> <info> app: [OK]	HR Background stop
 0> <info> app: ^
 0> <info> app: HR A
 0> <info> app: HR C
 0> <info> app: HR D
 0> <info> app: Show HR Result

# Logging stopped @ 30 Nov 2018 14:17:35
