# SEGGER J-Link RTT Viewer V6.16a Terminal Log File
# Compiled: 12:44:10 on Jun  6 2017
# Logging started @ 26 Nov 2018 16:23:04
 0> <info> app: ***********  Application started  ***********
 0> 
 0> <info> app: [OK] NRF Power ON 0x0004. 
 0> <info> app: Read MAC:CC34D2110EF6
 0> <info> app: ***********  Sensor initial ***********
 0> <info> app: [OK]	BMI160
 0> <info> app: [OK]	SETUP ACC
 0> <info> app: [OK]	SETUP STEP COUNT
 0> <info> app: [OK]	FLASH MEMORY
 0> <info> app: [OK]	Read and using configuration in flash memory
 0> <info> app: [OK]	Using queue setting from flash memory
 0> <info> app: gender in flash 1
 0> <info> app: [OK]	OLED Initial
 0> <info> app: [OK]	Max30102 Initial, Temperature 33.75
 0> <info> app: ********** End sensor initial *********
 0> 
 0> <info> app: Max30102 Found
 0> 
 0> <info> app: HR Begin
 0> 
 0> <info> app: 510
 0> <info> app: hr,0,2679,21060
 0> <info> app: hr,1,2682,21094
 0> <info> app: hr,2,2671,21072
 0> <info> app: hr,3,2699,21099
 0> <info> app: hr,4,2716,21102
 0> <info> app: hr,5,2710,21101
 0> <info> app: hr,6,2728,21100
 0> <info> app: hr,7,2724,21126
 0> <info> app: hr,8,2720,21102
 0> <info> app: hr,9,2755,21148
 0> <info> app: hr,10,2736,21130
 0> <info> app: hr,11,2735,21162
 0> <info> app: hr,12,2759,21131
 0> <info> app: hr,13,2741,21164
 0> <info> app: hr,14,2735,21148
 0> <info> app: hr,15,2750,21173
 0> <info> app: hr,16,2756,21154
 0> <info> app: hr,17,2751,21199
 0> <info> app: hr,18,2780,21143
 0> <info> app: hr,19,2793,21182
 0> <info> app: hr,20,2765,21171
 0> <info> app: hr,21,2798,21176
 0> <info> app: hr,22,2800,21161
 0> <info> app: hr,23,2774,21163
 0> <info> app: hr,24,2787,21192
 0> <info> app: hr,25,2800,21204
 0> <info> app: hr,26,2805,21188
 0> <info> app: hr,27,2805,21147
 0> <info> app: hr,28,2800,21224
 0> <info> app: hr,29,2825,21188
 0> <info> app: hr,30,2795,21184
 0> <info> app: hr,31,2804,21198
 0> <info> app: hr,32,2833,21204
 0> <info> app: hr,33,2788,21182
 0> <info> app: hr,34,2772,21163
 0> <info> app: hr,35,2683,21119
 0> <info> app: hr,36,2630,21081
 0> <info> app: hr,37,2582,21030
 0> <info> app: hr,38,2586,21013
 0> <info> app: hr,39,2498,20944
 0> <info> app: hr,40,2450,20946
 0> <info> app: hr,41,2435,20909
 0> <info> app: hr,42,2417,20901
 0> <info> app: hr,43,2411,20880
 0> <info> app: hr,44,2424,20927
 0> <info> app: hr,45,2414,20901
 0> <info> app: hr,46,2437,20897
 0> <info> app: hr,47,2417,20929
 0> <info> app: hr,48,2446,20903
 0> <info> app: hr,49,2412,20932
 0> <info> app: hr,50,2454,20949
 0> <info> app: hr,51,2449,20915
 0> <info> app: hr,52,2450,20925
 0> <info> app: hr,53,2462,20929
 0> <info> app: hr,54,2492,20963
 0> <info> app: hr,55,2470,20952
 0> <info> app: hr,56,2492,20984
 0> <info> app: hr,57,2510,20981
 0> <info> app: hr,58,2515,20976
 0> <info> app: hr,59,2537,20987
 0> <info> app: hr,60,2543,21008
 0> <info> app: hr,61,2542,21002
 0> <info> app: hr,62,2553,21024
 0> <info> app: hr,63,2553,20996
 0> <info> app: hr,64,2572,20999
 0> <info> app: hr,65,2546,21014
 0> <info> app: hr,66,2540,20982
 0> <info> app: hr,67,2573,21017
 0> <info> app: hr,68,2554,21020
 0> <info> app: hr,69,2558,21024
 0> <info> app: hr,70,2592,21054
 0> <info> app: hr,71,2561,21057
 0> <info> app: hr,72,2601,21045
 0> <info> app: hr,73,2576,21024
 0> <info> app: hr,74,2577,21046
 0> <info> app: hr,75,2619,21047
 0> <info> app: hr,76,2604,21050
 0> <info> app: hr,77,2612,21065
 0> <info> app: hr,78,2616,21065
 0> <info> app: hr,79,2612,21077
 0> <info> app: hr,80,2628,21079
 0> <info> app: hr,81,2627,21114
 0> <info> app: hr,82,2626,21080
 0> <info> app: hr,83,2634,21094
 0> <info> app: hr,84,2626,21111
 0> <info> app: hr,85,2625,21106
 0> <info> app: hr,86,2644,21096
 0> <info> app: hr,87,2668,21107
 0> <info> app: hr,88,2658,21110
 0> <info> app: hr,89,2653,21137
 0> <info> app: hr,90,2675,21142
 0> <info> app: hr,91,2680,21139
 0> <info> app: hr,92,2665,21128
 0> <info> app: hr,93,2699,21152
 0> <info> app: hr,94,2667,21152
 0> <info> app: hr,95,2717,21126
 0> <info> app: hr,96,2699,21125
 0> <info> app: hr,97,2704,21142
 0> <info> app: hr,98,2690,21143
 0> <info> app: hr,99,2710,21147
 0> <info> app: hr,100,2706,21124
 0> <info> app: hr,101,2743,21177
 0> <info> app: hr,102,2695,21150
 0> <info> app: hr,103,2709,21166
 0> <info> app: hr,104,2717,21162
 0> <info> app: hr,105,2734,21141
 0> <info> app: hr,106,2713,21144
 0> <info> app: hr,107,2759,21182
 0> <info> app: hr,108,2744,21147
 0> <info> app: hr,109,2753,21188
 0> <info> app: hr,110,2769,21178
 0> <info> app: hr,111,2749,21168
 0> <info> app: hr,112,2777,21142
 0> <info> app: hr,113,2794,21195
 0> <info> app: hr,114,2791,21186
 0> <info> app: hr,115,2785,21199
 0> <info> app: hr,116,2787,21195
 0> <info> app: hr,117,2787,21192
 0> <info> app: hr,118,2709,21183
 0> <info> app: hr,119,2726,21132
 0> <info> app: hr,120,2626,21080
 0> <info> app: hr,121,2595,21062
 0> <info> app: hr,122,2531,20987
 0> <info> app: hr,123,2496,20977
 0> <info> app: hr,124,2483,20944
 0> <info> app: hr,125,2458,20913
 0> <info> app: hr,126,2398,20918
 0> <info> app: hr,127,2394,20924
 0> <info> app: hr,128,2453,20890
 0> <info> app: hr,129,2423,20881
 0> <info> app: hr,130,2416,20901
 0> <info> app: hr,131,2397,20937
 0> <info> app: hr,132,2398,20911
 0> <info> app: hr,133,2441,20928
 0> <info> app: hr,134,2444,20962
 0> <info> app: hr,135,2404,20918
 0> <info> app: hr,136,2416,20937
 0> <info> app: hr,137,2428,20919
 0> <info> app: hr,138,2436,20916
 0> <info> app: hr,139,2427,20908
 0> <info> app: hr,140,2473,20948
 0> <info> app: hr,141,2474,20951
 0> <info> app: hr,142,2461,20958
 0> <info> app: hr,143,2483,21004
 0> <info> app: hr,144,2515,20999
 0> <info> app: hr,145,2505,20988
 0> <info> app: hr,146,2521,20976
 0> <info> app: hr,147,2494,21004
 0> <info> app: hr,148,2536,20997
 0> <info> app: hr,149,2494,20983
 0> <info> app: hr,150,2519,20988
 0> <info> app: hr,151,2494,21029
 0> <info> app: hr,152,2526,21000
 0> <info> app: hr,153,2507,20998
 0> <info> app: hr,154,2542,21021
 0> <info> app: hr,155,2498,20978
 0> <info> app: hr,156,2543,21011
 0> <info> app: hr,157,2523,21005
 0> <info> app: hr,158,2527,21050
 0> <info> app: hr,159,2532,20986
 0> <info> app: hr,160,2539,21060
 0> <info> app: hr,161,2539,21004
 0> <info> app: hr,162,2573,21034
 0> <info> app: hr,163,2575,21028
 0> <info> app: hr,164,2578,21059
 0> <info> app: hr,165,2563,21028
 0> <info> app: hr,166,2587,21061
 0> <info> app: hr,167,2592,21059
 0> <info> app: hr,168,2582,21073
 0> <info> app: hr,169,2592,21057
 0> <info> app: hr,170,2637,21101
 0> <info> app: hr,171,2598,21043
 0> <info> app: hr,172,2591,21103
 0> <info> app: hr,173,2599,21078
 0> <info> app: hr,174,2635,21083
 0> <info> app: hr,175,2603,21084
 0> <info> app: hr,176,2616,21103
 0> <info> app: hr,177,2652,21089
 0> <info> app: hr,178,2677,21089
 0> <info> app: hr,179,2653,21099
 0> <info> app: hr,180,2633,21093
 0> <info> app: hr,181,2686,21100
 0> <info> app: hr,182,2660,21104
 0> <info> app: hr,183,2673,21087
 0> <info> app: hr,184,2630,21138
 0> <info> app: hr,185,2647,21117
 0> <info> app: hr,186,2631,21106
 0> <info> app: hr,187,2655,21116
 0> <info> app: hr,188,2647,21122
 0> <info> app: hr,189,2696,21133
 0> <info> app: hr,190,2694,21145
 0> <info> app: hr,191,2696,21138
 0> <info> app: hr,192,2670,21139
 0> <info> app: hr,193,2690,21170
 0> <info> app: hr,194,2700,21141
 0> <info> app: hr,195,2689,21145
 0> <info> app: hr,196,2673,21120
 0> <info> app: hr,197,2720,21173
 0> <info> app: hr,198,2703,21141
 0> <info> app: hr,199,2714,21162
 0> <info> app: hr,200,2695,21165
 0> <info> app: hr,201,2733,21172
 0> <info> app: hr,202,2730,21137
 0> <info> app: hr,203,2694,21157
 0> <info> app: hr,204,2695,21106
 0> <info> app: hr,205,2639,21128
 0> <info> app: hr,206,2560,21056
 0> <info> app: hr,207,2542,21018
 0> <info> app: hr,208,2438,20949
 0> <info> app: hr,209,2408,20941
 0> <info> app: hr,210,2375,20879
 0> <info> app: hr,211,2346,20869
 0> <info> app: hr,212,2302,20825
 0> <info> app: hr,213,2311,20837
 0> <info> app: hr,214,2310,20816
 0> <info> app: hr,215,2322,20838
 0> <info> app: hr,216,2287,20823
 0> <info> app: hr,217,2220,20851
 0> <info> app: hr,218,2316,20859
 0> <info> app: hr,219,2307,20844
 0> <info> app: hr,220,2316,20858
 0> <info> app: hr,221,2323,20886
 0> <info> app: hr,222,2309,20837
 0> <info> app: hr,223,2337,20852
 0> <info> app: hr,224,2326,20841
 0> <info> app: hr,225,2335,20889
 0> <info> app: hr,226,2334,20896
 0> <info> app: hr,227,2355,20883
 0> <info> app: hr,228,2377,20899
 0> <info> app: hr,229,2419,20907
 0> <info> app: hr,230,2394,20939
 0> <info> app: hr,231,2457,20908
 0> <info> app: hr,232,2458,20957
 0> <info> app: hr,233,2432,20953
 0> <info> app: hr,234,2482,20934
 0> <info> app: hr,235,2413,20930
 0> <info> app: hr,236,2440,20958
 0> <info> app: hr,237,2438,20957
 0> <info> app: hr,238,2412,20936
 0> <info> app: hr,239,2416,20956
 0> <info> app: hr,240,2411,20979
 0> <info> app: hr,241,2446,20970
 0> <info> app: hr,242,2453,20935
 0> <info> app: hr,243,2446,20969
 0> <info> app: hr,244,2466,20972
 0> <info> app: hr,245,2442,20968
 0> <info> app: hr,246,2489,20992
 0> <info> app: hr,247,2486,21008
 0> <info> app: hr,248,2488,21014
 0> <info> app: hr,249,2462,21028
 0> <info> app: hr,250,2495,21025
 0> <info> app: hr,251,2481,21013
 0> <info> app: hr,252,2505,21024
 0> <info> app: hr,253,2503,21003
 0> <info> app: hr,254,2500,21027
 0> <info> app: hr,255,2500,21013
 0> <info> app: hr,256,2521,21045
 0> <info> app: hr,257,2535,21020
 0> <info> app: hr,258,2538,21035
 0> <info> app: hr,259,2536,21035
 0> <info> app: hr,260,2560,21047
 0> <info> app: hr,261,2524,21034
 0> <info> app: hr,262,2554,21063
 0> <info> app: hr,263,2548,21029
 0> <info> app: hr,264,2560,21102
 0> <info> app: hr,265,2575,21046
 0> <info> app: hr,266,2564,21096
 0> <info> app: hr,267,2565,21055
 0> <info> app: hr,268,2591,21063
 0> <info> app: hr,269,2589,21057
 0> <info> app: hr,270,2562,21091
 0> <info> app: hr,271,2589,21100
 0> <info> app: hr,272,2607,21092
 0> <info> app: hr,273,2616,21096
 0> <info> app: hr,274,2615,21107
 0> <info> app: hr,275,2600,21098
 0> <info> app: hr,276,2636,21091
 0> <info> app: hr,277,2603,21101
 0> <info> app: hr,278,2656,21137
 0> <info> app: hr,279,2649,21137
 0> <info> app: hr,280,2645,21162
 0> <info> app: hr,281,2639,21130
 0> <info> app: hr,282,2664,21139
 0> <info> app: hr,283,2682,21149
 0> <info> app: hr,284,2686,21153
 0> <info> app: hr,285,2695,21169
 0> <info> app: hr,286,2666,21152
 0> <info> app: hr,287,2699,21181
 0> <info> app: hr,288,2662,21171
 0> <info> app: hr,289,2701,21151
 0> <info> app: hr,290,2679,21154
 0> <info> app: hr,291,2647,21124
 0> <info> app: hr,292,2578,21048
 0> <info> app: hr,293,2535,21031
 0> <info> app: hr,294,2487,20983
 0> <info> app: hr,295,2423,20952
 0> <info> app: hr,296,2389,20928
 0> <info> app: hr,297,2352,20835
 0> <info> app: hr,298,2301,20859
 0> <info> app: hr,299,2318,20856
 0> <info> app: hr,300,2296,20859
 0> <info> app: hr,301,2296,20841
 0> <info> app: hr,302,2292,20877
 0> <info> app: hr,303,2309,20907
 0> <info> app: hr,304,2289,20863
 0> <info> app: hr,305,2330,20893
 0> <info> app: hr,306,2320,20873
 0> <info> app: hr,307,2329,20878
 0> <info> app: hr,308,2310,20866
 0> <info> app: hr,309,2346,20892
 0> <info> app: hr,310,2314,20905
 0> <info> app: hr,311,2339,20888
 0> <info> app: hr,312,2317,20897
 0> <info> app: hr,313,2379,20921
 0> <info> app: hr,314,2351,20954
 0> <info> app: hr,315,2370,20972
 0> <info> app: hr,316,2337,20963
 0> <info> app: hr,317,2427,20971
 0> <info> app: hr,318,2384,20971
 0> <info> app: hr,319,2388,20994
 0> <info> app: hr,320,2399,20981
 0> <info> app: hr,321,2418,20966
 0> <info> app: hr,322,2412,20955
 0> <info> app: hr,323,2424,21009
 0> <info> app: hr,324,2400,20969
 0> <info> app: hr,325,2411,20977
 0> <info> app: hr,326,2446,20978
 0> <info> app: hr,327,2445,21003
 0> <info> app: hr,328,2425,20990
 0> <info> app: hr,329,2440,20993
 0> <info> app: hr,330,2436,20972
 0> <info> app: hr,331,2445,20989
 0> <info> app: hr,332,2441,20997
 0> <info> app: hr,333,2478,21012
 0> <info> app: hr,334,2482,21037
 0> <info> app: hr,335,2447,21038
 0> <info> app: hr,336,2462,21032
 0> <info> app: hr,337,2493,21038
 0> <info> app: hr,338,2483,21033
 0> <info> app: hr,339,2499,21049
 0> <info> app: hr,340,2527,21052
 0> <info> app: hr,341,2518,21047
 0> <info> app: hr,342,2502,21048
 0> <info> app: hr,343,2511,21066
 0> <info> app: hr,344,2519,21057
 0> <info> app: hr,345,2550,21063
 0> <info> app: hr,346,2518,21095
 0> <info> app: hr,347,2517,21098
 0> <info> app: hr,348,2543,21088
 0> <info> app: hr,349,2553,21148
 0> <info> app: hr,350,2555,21109
 0> <info> app: hr,351,2537,21097
 0> <info> app: hr,352,2559,21082
 0> <info> app: hr,353,2522,21103
 0> <info> app: hr,354,2563,21111
 0> <info> app: hr,355,2572,21082
 0> <info> app: hr,356,2567,21105
 0> <info> app: hr,357,2564,21101
 0> <info> app: hr,358,2568,21088
 0> <info> app: hr,359,2537,21098
 0> <info> app: hr,360,2553,21124
 0> <info> app: hr,361,2540,21118
 0> <info> app: hr,362,2594,21118
 0> <info> app: hr,363,2583,21120
 0> <info> app: hr,364,2604,21123
 0> <info> app: hr,365,2558,21119
 0> <info> app: hr,366,2612,21142
 0> <info> app: hr,367,2581,21138
 0> <info> app: hr,368,2666,21165
 0> <info> app: hr,369,2608,21130
 0> <info> app: hr,370,2620,21151
 0> <info> app: hr,371,2623,21142
 0> <info> app: hr,372,2607,21160
 0> <info> app: hr,373,2593,21119
 0> <info> app: hr,374,2544,21093
 0> <info> app: hr,375,2506,21043
 0> <info> app: hr,376,2463,21004
 0> <info> app: hr,377,2398,20989
 0> <info> app: hr,378,2369,20944
 0> <info> app: hr,379,2334,20926
 0> <info> app: hr,380,2322,20888
 0> <info> app: hr,381,2282,20891
 0> <info> app: hr,382,2285,20827
 0> <info> app: hr,383,2287,20915
 0> <info> app: hr,384,2274,20909
 0> <info> app: hr,385,2277,20913
 0> <info> app: hr,386,2318,20904
 0> <info> app: hr,387,2330,20927
 0> <info> app: hr,388,2322,20932
 0> <info> app: hr,389,2350,20911
 0> <info> app: hr,390,2379,20949
 0> <info> app: hr,391,2331,20913
 0> <info> app: hr,392,2303,20962
 0> <info> app: hr,393,2387,20941
 0> <info> app: hr,394,2358,20964
 0> <info> app: hr,395,2397,20981
 0> <info> app: hr,396,2375,20984
 0> <info> app: hr,397,2427,20995
 0> <info> app: hr,398,2455,20971
 0> <info> app: hr,399,2459,21036
 0> <info> app: hr,400,2422,21053
 0> <info> app: hr,401,2370,21020
 0> <info> app: hr,402,2408,21009
 0> <info> app: hr,403,2438,21010
 0> <info> app: hr,404,2406,21015
 0> <info> app: hr,405,2424,21010
 0> <info> app: hr,406,2432,21014
 0> <info> app: hr,407,2432,21025
 0> <info> app: hr,408,2412,21016
 0> <info> app: hr,409,2439,21036
 0> <info> app: hr,410,2428,21025
 0> <info> app: hr,411,2459,21021
 0> <info> app: hr,412,2438,21024
 0> <info> app: hr,413,2461,21042
 0> <info> app: hr,414,2448,21013
 0> <info> app: hr,415,2478,21099
 0> <info> app: hr,416,2472,21021
 0> <info> app: hr,417,2503,21047
 0> <info> app: hr,418,2472,21016
 0> <info> app: hr,419,2498,21072
 0> <info> app: hr,420,2493,21038
 0> <info> app: hr,421,2500,21069
 0> <info> app: hr,422,2497,21026
 0> <info> app: hr,423,2530,21093
 0> <info> app: hr,424,2514,21065
 0> <info> app: hr,425,2535,21107
 0> <info> app: hr,426,2529,21081
 0> <info> app: hr,427,2537,21093
 0> <info> app: hr,428,2546,21091
 0> <info> app: hr,429,2538,21118
 0> <info> app: hr,430,2537,21119
 0> <info> app: hr,431,2545,21132
 0> <info> app: hr,432,2553,21110
 0> <info> app: hr,433,2593,21126
 0> <info> app: hr,434,2617,21136
 0> <info> app: hr,435,2589,21147
 0> <info> app: hr,436,2577,21098
 0> <info> app: hr,437,2571,21110
 0> <info> app: hr,438,2571,21156
 0> <info> app: hr,439,2573,21116
 0> <info> app: hr,440,2610,21126
 0> <info> app: hr,441,2609,21158
 0> <info> app: hr,442,2594,21116
 0> <info> app: hr,443,2615,21165
 0> <info> app: hr,444,2632,21137
 0> <info> app: hr,445,2595,21151
 0> <info> app: hr,446,2649,21165
 0> <info> app: hr,447,2644,21146
 0> <info> app: hr,448,2599,21170
 0> <info> app: hr,449,2630,21191
 0> <info> app: hr,450,2647,21217
 0> <info> app: hr,451,2637,21135
 0> <info> app: hr,452,2663,21171
 0> <info> app: hr,453,2637,21172
 0> <info> app: hr,454,2625,21161
 0> <info> app: hr,455,2569,21133
 0> <info> app: hr,456,2522,21084
 0> <info> app: hr,457,2460,21034
 0> <info> app: hr,458,2432,21008
 0> <info> app: hr,459,2370,20953
 0> <info> app: hr,460,2334,20949
 0> <info> app: hr,461,2313,20935
 0> <info> app: hr,462,2305,20931
 0> <info> app: hr,463,2263,20903
 0> <info> app: hr,464,2298,20903
 0> <info> app: hr,465,2293,20913
 0> <info> app: hr,466,2299,20923
 0> <info> app: hr,467,2300,20910
 0> <info> app: hr,468,2321,20937
 0> <info> app: hr,469,2303,20914
 0> <info> app: hr,470,2348,20997
 0> <info> app: hr,471,2312,20948
 0> <info> app: hr,472,2369,20954
 0> <info> app: hr,473,2325,20941
 0> <info> app: hr,474,2347,20978
 0> <info> app: hr,475,2356,20947
 0> <info> app: hr,476,2383,20979
 0> <info> app: hr,477,2347,20968
 0> <info> app: hr,478,2388,21017
 0> <info> app: hr,479,2385,20993
 0> <info> app: hr,480,2406,20989
 0> <info> app: hr,481,2409,21041
 0> <info> app: hr,482,2418,21022
 0> <info> app: hr,483,2416,21025
 0> <info> app: hr,484,2413,21014
 0> <info> app: hr,485,2435,21012
 0> <info> app: hr,486,2405,20981
 0> <info> app: hr,487,2396,21024
 0> <info> app: hr,488,2412,21014
 0> <info> app: hr,489,2388,21019
 0> <info> app: hr,490,2411,21006
 0> <info> app: hr,491,2400,21029
 0> <info> app: hr,492,2410,21024
 0> <info> app: hr,493,2429,21010
 0> <info> app: hr,494,2411,21028
 0> <info> app: hr,495,2417,21033
 0> <info> app: hr,496,2425,21027
 0> <info> app: hr,497,2467,21016
 0> <info> app: hr,498,2430,21049
 0> <info> app: hr,499,2473,21053
 0> <info> app: hr,500,2509,21059
 0> <info> app: hr,501,2445,21066
 0> <info> app: hr,502,2485,21051
 0> <info> app: hr,503,2451,21078
 0> <info> app: hr,504,2472,21049
 0> <info> app: hr,505,2473,21077
 0> <info> app: hr,506,2469,21063
 0> <info> app: hr,507,2469,21098
 0> <info> app: hr,508,2465,21075
 0> <info> app: hr,509,2498,21091

# Logging stopped @ 26 Nov 2018 16:23:37
