# SEGGER J-Link RTT Viewer V6.16a Terminal Log File
# Compiled: 12:44:10 on Jun  6 2017
# Logging started @ 30 Nov 2018 15:53:54
 7> <info> app: ***********  Application started  ***********
 7> 
 7> <info> app: [OK] NRF Power ON 0x0004. 
 7> <info> app: Read MAC:D8B7D5F50205
 7> <info> app: ***********  Sensor initial ***********
 7> <info> app: [OK]	BMI160
 7> <info> app: [OK]	SETUP ACC
 7> <info> app: [OK]	SETUP STEP COUNT
 7> <info> app: [OK]	FLASH MEMORY
 7> <info> app: [OK]	Read and using configuration in flash memory
 7> <info> app: [OK]	Using queue setting from flash memory
 7> <info> app: gender in flash 1
 7> <info> app: [OK]	OLED Initial
 7> <info> app: [OK]	Max30102 Initial, Temperature 69.87
 7> <info> app: ********** End sensor initial *********
 7> 
 7> <info> app: Erase bonds!
 7> <info> app: BLE_ADV_EVT_FAST
 7> <info> app: advertising is started
 7> <info> app: [FALL] Device restart detected. It require setup timer from flash memory
 7> 
 7> <info> app: [OK]	FLASH MEMORY
 7> <info> app: [OK] Pedo data with pages 1180
 7> 
 7> <error> app: [OK] Unix Time in flash 1536415650
 7> <error> app: [OK] Unix Time in flash 1536415660
 7> <error> app: [OK] Unix Time in flash 1536415670
 7> <error> app: [OK] Unix Time in flash 1536415679
 7> <error> app: [OK] Unix Time in flash 1536415690
 7> <error> app: [OK] Unix Time in flash 1536415700
 7> <error> app: [OK] Unix Time in flash 1536415709
 7> <error> app: [OK] Unix Time in flash 1536415719
 7> <info> app: BATT Reading...
 7> <info> app: ALERT_BT_CHECK_WAIT_KRY
 7> <info> app: Left Press
 7> <info> app: [OK]	Max30102 Already and background working is begin
 7> 
 7> <info> app: [OK]	HR sample count 386
 7> 
 7> Plus Signal 1, 51
 7> Minus Signal -1, 75
 7> plus_index 51, minus_index 75, Peak Index, 68,71,, AVR Peak Index, 69, HR 0, Reject out of 30-180.
 7> Plus Signal 1, 101
 7> Minus Signal -1, 124
 7> plus_index 101, minus_index 124, Peak Index, 120,, AVR Peak Index, 120, HR 80
 7> Plus Signal 1, 133
 7> Minus Signal -1, 135
 7> plus_index 133, minus_index 135, Peak Index, 133,, AVR Peak Index, 133, HR 313
 7> Plus Signal 1, 153,-31.00,0,
 7> hr,52,96156,172263,-23.00,0,
 7> hr,53,96153,172254,-31.00,0,
 7> hr,54,96151,172260,-23.00,0,
 7> hr,55,96150,172253,-29.00,0,
 7> hr,56,96155,172252,-29.00,0,
 7> hr,57,96151,172250,-29.00,0,
 7> hr,58,96149,172251,-27.00,0,
 7> hr,59,96146,172251,-25.00,0,
 7> hr,60,96145,172257,-18.00,1,
 7> hr,61,96145,172257,-17.00,1,
 7> hr,62,96152,172263,-10.00,0,
 7> hr,63,96150,172266,-7.00,0,
 7> hr,64,96151,172259,-13.00,0,
 7> hr,65,96148,172254,-18.00,0,
 7> hr,66,96145,172256,-15.00,0,
 7> hr,67,96146,172256,-14.00,0,
 7> hr,68,96140,172260,-9.00,0,
 7> hr,69,96140,172254,-15.00,0,
 7> hr,70,96140,172257,-11.00,0,
 7> hr,71,96143,172255,-12.00,0,
 7> hr,72,96141,172253,-14.00,0,
 7> hr,73,96144,172253,-13.00,0,
 7> hr,74,96140,172252,-13.00,0,
 7> hr,75,96143,172247,-18.00,-1,
 7> hr,76,96139,172250,-14.00,0,
 7> hr,77,96137,172242,-21.00,0,
 7> hr,78,96135,172245,-17.00,0,
 7> hr,79,96127,172238,-23.00,0,
 7> hr,80,96141,172243,-17.00,0,
 7> hr,81,96131,172231,-28.00,0,
 7> hr,82,96128,172224,-34.00,-1,
 7> hr,83,96125,172224,-32.00,0,
 7> hr,84,96122,172210,-44.00,0,
 7> hr,85,96121,172213,-39.00,0,
 7> hr,86,96118,172207,-43.00,0,
 7> hr,87,96115,172207,-41.00,0,
 7> hr,88,96115,172211,-35.00,0,
 7> hr,89,96110,172201,-43.00,0,
 7> hr,90,96111,172198,-44.00,0,
 7> hr,91,96107,172197,-43.00,0,
 7> hr,92,96104,172195,-43.00,0,
 7> hr,93,96111,172209,-26.00,1,
 7> hr,94,96106,172206,-28.00,1,
 7> hr,95,96108,172205,-28.00,0,
 7> hr,96,96114,172207,-24.00,0,
 7> hr,97,96114,172213,-17.00,0,
 7> hr,98,96116,172208,-21.00,0,
 7> hr,99,96113,172209,-19.00,0,
 7> hr,100,96116,172221,-6.00,0,
 7> hr,101,96115,172220,-7.00,1,
 7> hr,102,96109,172214,-12.00,0,
 7> hr,103,96114,172215,-11.00,0,
 7> hr,104,96112,172212,-13.00,0,
 7> hr,105,96119,172218,-6.00,0,
 7> hr,106,96115,172220,-4.00,0,
 7> hr,107,96118,172222,-2.00,0,
 7> hr,108,96127,172224,0.00,0,
 7> hr,109,96119,172224,0.00,0,
 7> hr,110,96113,172221,-3.00,0,
 7> hr,111,96120,172225,0.00,0,
 7> hr,112,96121,172226,1.00,0,
 7> hr,113,96120,172231,6.00,1,
 7> hr,114,96121,172236,11.00,1,
 7> hr,115,96120,172230,4.00,0,
 7> hr,116,96115,172236,10.00,1,
 7> hr,117,96114,172235,9.00,1,
 7> hr,118,96119,172240,13.00,1,
 7> hr,119,96114,172238,10.00,1,
 7> hr,120,96115,172239,11.00,1,
 7> hr,121,96114,172242,13.00,1,
 7> hr,122,96114,172239,10.00,0,
 7> hr,123,96112,172240,10.00,0,
 7> hr,124,96114,172239,9.00,0,
 7> hr,125,96109,172236,5.00,-1,
 7> hr,126,96106,172233,2.00,-1,
 7> hr,127,96110,172235,4.00,-1,
 7> hr,128,96105,172238,7.00,0,
 7> hr,129,96111,172236,4.00,0,
 7> hr,130,96110,172238,6.00,0,
 7> hr,131,96111,172231,0.00,-1,
 7> hr,132,96104,172225,-6.00,-1,
 7> hr,133,96107,172219,-12.00,-1,
 7> hr,134,96099,172213,-17.00,-1,
 7> hr,135,96092,172201,-28.00,-1,
 7> hr,136,96094,172197,-31.00,-1,
 7> hr,137,96087,172188,-38.00,-1,
 7> hr,138,96083,172188,-36.00,-1,
 7> hr,139,96087,172190,-33.00,-1,
 7> hr,140,96086,172189,-32.00,-1,
 7> hr,141,96087,172192,-27.00,-1,
 7> hr,142,96088,172186,-32.00,-1,
 7> hr,143,96090,172195,-21.00,-1,
 7> hr,144,96088,172195,-20.00,-1,
 7> hr,145,96089,172191,-23.00,-1,
 7> hr,146,96084,172194,-19.00,-1,
 7> hr,147,96090,172193,-19.00,-1,
 7> hr,148,96095,172209,-2.00,-1,
 7> hr,149,96098,172217,5.00,0,
 7> hr,150,96096,172217,5.00,0,
 7> hr,151,96098,172222,10.00,1,
 7> hr,152,96096,172218,5.00,0,
 7> hr,153,96097,172222,9.00,1,
 7> hr,154,96101,172221,7.00,0,
 7> hr,155,96103,172225,11.00,1,
 7> hr,156,96101,172222,7.00,0,
 7> hr,157,96097,172226,11.00,1,
 7> hr,158,96104,172228,12.00,1,
 7> hr,159,96104,172234,18.00,1,
 7> hr,160,96097,172225,8.00,0,
 7> hr,161,96105,172235,17.00,1,
 7> hr,162,96104,172239,20.00,1,
 7> hr,163,96109,172245,25.00,1,
 7> hr,164,96110,172245,24.00,1,
 7> hr,165,96106,172245,23.00,1,
 7> hr,166,96106,172251,28.00,1,
 7> hr,167,96109,172254,29.00,1,
 7> hr,168,96107,172245,19.00,0,
 7> hr,169,96106,172255,28.00,1,
 7> hr,170,96108,172260,31.00,1,
 7> hr,171,96107,172255,25.00,0,
 7> hr,172,96108,172257,26.00,0,
 7> hr,173,96108,172250,17.00,0,
 7> hr,174,96106,172247,13.00,-1,
 7> hr,175,96105,172249,15.00,0,
 7> hr,176,96110,172251,16.00,0,
 7> hr,177,96108,172253,17.00,0,
 7> hr,178,96104,172254,17.00,0,
 7> hr,179,96100,172248,10.00,-1,
 7> hr,180,96105,172254,16.00,0,
 7> hr,181,96110,172257,18.00,0,
 7> hr,182,96111,172254,14.00,0,
 7> hr,183,96108,172264,23.00,1,
 7> hr,184,96111,172260,18.00,0,
 7> hr,185,96109,172253,10.00,-1,
 7> hr,186,96106,172252,9.00,-1,
 7> hr,187,96107,172251,7.00,-1,
 7> hr,188,96103,172239,-4.00,-1,
 7> hr,189,96095,172237,-6.00,-1,
 7> hr,190,96093,172224,-19.00,-1,
 7> hr,191,96091,172217,-25.00,-1,
 7> hr,192,96086,172209,-31.00,-1,
 7> hr,193,96085,172204,-35.00,-1,
 7> hr,194,96092,172208,-29.00,-1,
 7> hr,195,96087,172210,-26.00,-1,
 7> hr,196,96088,172204,-30.00,-1,
 7> hr,197,96091,172209,-24.00,-1,
 7> hr,198,96084,172204,-28.00,-1,
 7> hr,199,96087,172215,-15.00,-1,
 7> hr,200,96090,172226,-3.00,-1,
 7> hr,201,96097,172231,1.00,0,
 7> hr,202,96099,172236,6.00,0,
 7> hr,203,96104,172240,9.00,1,
 7> hr,204,96103,172241,10.00,0,
 7> hr,205,96104,172238,6.00,0,
 7> hr,206,96106,172247,15.00,1,
 7> hr,207,96102,172240,7.00,0,
 7> hr,208,96101,172245,12.00,0,
 7> hr,209,96110,172252,18.00,1,
 7> hr,210,96108,172254,19.00,1,
 7> hr,211,96108,172257,21.00,1,
 7> hr,212,96114,172258,21.00,1,
 7> hr,213,96117,172261,23.00,1,
 7> hr,214,96123,172268,29.00,1,
 7> hr,215,96120,172274,34.00,1,
 7> hr,216,96124,172281,39.00,1,
 7> hr,217,96122,172287,43.00,1,
 7> hr,218,96130,172300,54.00,1,
 7> hr,219,96133,172307,58.00,1,
 7> hr,220,96137,172312,60.00,1,
 7> hr,221,96142,172313,58.00,1,
 7> hr,222,96139,172316,58.00,1,
 7> hr,223,96138,172318,57.00,0,
 7> hr,224,96141,172329,65.00,1,
 7> hr,225,96136,172318,51.00,0,
 7> hr,226,96136,172322,52.00,0,
 7> hr,227,96136,172325,53.00,0,
 7> hr,228,96135,172331,56.00,0,
 7> hr,229,96137,172331,53.00,0,
 7> hr,230,96145,172340,60.00,0,
 7> hr,231,96138,172339,56.00,0,
 7> hr,232,96141,172342,56.00,0,
 7> hr,233,96142,172352,63.00,1,
 7> hr,234,96137,172350,58.00,0,
 7> hr,235,96138,172347,52.00,0,
 7> hr,236,96135,172347,49.00,-1,
 7> hr,237,96144,172344,44.00,-1,
 7> hr,238,96137,172339,37.00,-1,
 7> hr,239,96137,172338,34.00,-1,
 7> hr,240,96138,172340,34.00,-1,
 7> hr,241,96138,172333,25.00,-1,
 7> hr,242,96130,172316,7.00,-1,
 7> hr,243,96129,172315,6.00,-1,
 7> hr,244,96121,172299,-10.00,-1,
 7> hr,245,96119,172294,-14.00,-1,
 7> hr,246,96120,172291,-16.00,-1,
 7> hr,247,96114,172284,-23.00,-1,
 7> hr,248,96123,172291,-14.00,-1,
 7> hr,249,96115,172290,-15.00,-1,
 7> hr,250,96116,172286,-18.00,-1,
 7> hr,251,96123,172283,-20.00,-1,
 7> hr,252,96115,172275,-27.00,-1,
 7> hr,253,96111,172273,-28.00,-1,
 7> hr,254,96112,172275,-24.00,-1,
 7> hr,255,96116,172277,-21.00,-1,
 7> hr,256,96117,172280,-17.00,-1,
 7> hr,257,96122,172289,-7.00,-1,
 7> hr,258,96126,172293,-3.00,-1,
 7> hr,259,96127,172286,-9.00,-1,
 7> hr,260,96122,172289,-6.00,-1,
 7> hr,261,96120,172287,-8.00,-1,
 7> hr,262,96120,172300,5.00,1,
 7> hr,263,96129,172298,2.00,0,
 7> hr,264,96119,172303,7.00,1,
 7> hr,265,96128,172302,6.00,1,
 7> hr,266,96128,172305,9.00,1,
 7> hr,267,96126,172304,7.00,1,
 7> hr,268,96128,172304,7.00,1,
 7> hr,269,96128,172307,9.00,1,
 7> hr,270,96134,172310,12.00,1,
 7> hr,271,96131,172316,17.00,1,
 7> hr,272,96132,172319,19.00,1,
 7> hr,273,96136,172320,19.00,1,
 7> hr,274,96133,172322,20.00,1,
 7> hr,275,96137,172333,30.00,1,
 7> hr,276,96139,172326,22.00,1,
 7> hr,277,96135,172337,32.00,1,
 7> hr,278,96142,172340,33.00,1,
 7> hr,279,96143,172340,31.00,1,
 7> hr,280,96143,172344,34.00,1,
 7> hr,281,96146,172342,30.00,0,
 7> hr,282,96136,172340,27.00,0,
 7> hr,283,96146,172349,34.00,0,
 7> hr,284,96144,172348,31.00,0,
 7> hr,285,96148,172345,27.00,0,
 7> hr,286,96143,172351,32.00,0,
 7> hr,287,96144,172358,37.00,0,
 7> hr,288,96144,172349,26.00,0,
 7> hr,289,96139,172354,30.00,0,
 7> hr,290,96142,172346,20.00,0,
 7> hr,291,96141,172352,25.00,0,
 7> hr,292,96139,172351,23.00,0,
 7> hr,293,96139,172364,35.00,0,
 7> hr,294,96137,172365,34.00,1,
 7> hr,295,96142,172361,28.00,0,
 7> hr,296,96135,172349,15.00,0,
 7> hr,297,96136,172341,6.00,-1,
 7> hr,298,96129,172329,-5.00,-1,
 7> hr,299,96127,172316,-18.00,-1,
 7> hr,300,96120,172310,-23.00,-1,
 7> hr,301,96118,172309,-23.00,-1,
 7> hr,302,96114,172307,-24.00,-1,
 7> hr,303,96121,172308,-22.00,-1,
 7> hr,304,96119,172310,-18.00,-1,
 7> hr,305,96126,172306,-21.00,-1,
 7> hr,306,96120,172309,-17.00,-1,
 7> hr,307,96125,172320,-5.00,-1,
 7> hr,308,96126,172323,-2.00,-1,
 7> hr,309,96128,172334,8.00,1,
 7> hr,310,96137,172336,10.00,1,
 7> hr,311,96135,172344,17.00,1,
 7> hr,312,96135,172344,16.00,1,
 7> hr,313,96138,172348,19.00,1,
 7> hr,314,96137,172352,22.00,1,
 7> hr,315,96135,172348,17.00,1,
 7> hr,316,96143,172351,19.00,0,
 7> hr,317,96132,172347,14.00,0,
 7> hr,318,96144,172352,19.00,0,
 7> hr,319,96146,172358,24.00,1,
 7> hr,320,96146,172361,25.00,1,
 7> hr,321,96142,172363,26.00,1,
 7> hr,322,96143,172364,26.00,1,
 7> hr,323,96144,172365,25.00,0,
 7> hr,324,96145,172369,28.00,1,
 7> hr,325,96152,172372,30.00,1,
 7> hr,326,96152,172382,38.00,1,
 7> hr,327,96152,172395,49.00,1,
 7> hr,328,96157,172401,53.00,1,
 7> hr,329,96156,172413,62.00,1,
 7> hr,330,96164,172413,59.00,1,
 7> hr,331,96158,172411,54.00,0,
 7> hr,332,96164,172413,53.00,0,
 7> hr,333,96156,172415,53.00,0,
 7> hr,334,96165,172417,52.00,0,
 7> hr,335,96161,172410,42.00,-1,
 7> hr,336,96158,172404,34.00,-1,
 7> hr,337,96157,172404,32.00,-1,
 7> hr,338,96156,172411,38.00,-1,
 7> hr,339,96153,172397,22.00,-1,
 7> hr,340,96152,172407,31.00,0,
 7> hr,341,96158,172412,34.00,0,
 7> hr,342,96154,172398,18.00,-1,
 7> hr,343,96153,172401,21.00,-1,
 7> hr,344,96152,172405,23.00,-1,
 7> hr,345,96157,172403,20.00,-1,
 7> hr,346,96152,172403,19.00,-1,
 7> hr,347,96159,172406,21.00,0,
 7> hr,348,96151,172398,12.00,-1,
 7> hr,349,96147,172387,1.00,-1,
 7> hr,350,96146,172389,2.00,-1,
 7> hr,351,96141,172376,-10.00,-1,
 7> hr,352,96139,172359,-26.00,-1,
 7> hr,353,96135,172359,-25.00,-1,
 7> hr,354,96131,172354,-29.00,-1,
 7> hr,355,96128,172352,-29.00,-1,
 7> hr,356,96126,172348,-32.00,-1,
 7> hr,357,96130,172346,-32.00,-1,
 7> hr,358,96128,172347,-29.00,-1,
 7> hr,359,96121,172342,-33.00,-1,
 7> hr,360,96123,172336,-37.00,-1,
 7> hr,361,96129,172347,-24.00,-1,
 7> hr,362,96127,172347,-23.00,-1,
 7> hr,363,96132,172350,-19.00,-1,
 7> hr,364,96134,172354,-14.00,-1,
 7> hr,365,96137,172360,-7.00,-1,
 7> hr,366,96132,172361,-6.00,-1,
 7> hr,367,96138,172371,3.00,0,
 7> hr,368,96143,172375,7.00,1,
 7> hr,369,96142,172379,11.00,1,
 7> hr,370,96147,172388,19.00,1,
 7> hr,371,96137,172383,13.00,1,
 7> hr,372,96148,172385,15.00,1,
 7> hr,373,96150,172395,24.00,1,
 7> hr,374,96148,172398,26.00,1,
 7> hr,375,96156,172396,22.00,1,
 7> hr,376,96150,172394,19.00,0,
 7> hr,377,96151,172398,22.00,0,
 7> hr,378,96157,172405,28.00,1,
 7> hr,379,96158,172409,31.00,1,
 7> hr,380,96156,172413,33.00,1,
 7> hr,381,96160,172409,27.00,0,
 7> hr,382,96158,172414,31.00,0,
 7> hr,383,96159,172410,25.00,0,
 7> hr,384,96161,172421,35.00,1,
 7> hr,385,96162,172420,32.00,0,<info> app: .
 7> <info> app: [OK]	HR has been calculated 200399
 7> 
 7> Plus Signal 1, 60
 7> Minus Signal -1, 75
 7> Plus Signal 1, 93
 7> Minus Signal -1, 125
 7> Plus Signal 1, 151
 7> Minus Signal -1, 174
 7> Plus Signal 1, 183
 7> Minus Signal -1, 185
 7> Plus Signal 1, 203
 7> Minus Signal -1, 236
 7> Plus Signal 1, 262
 7> Minus Signal -1, 297
 7> Plus Signal 1, 309
 7> Minus Signal -1, 335
 7> Plus Signal 1, 368<info> app: Peak Index,
 7> ,63,121,170,184,233,294,334<info> app: END Peak Index,
 7> <info> app: [OK]	LED Power 95
 7> <info> app: [OK]	HR Background stop
 7> <info> app: ^
 7> <info> app: HR A
 7> <info> app: HR C
 7> <info> app: HR D
 7> <info> app: Show HR Result
 7> <info> app: BATT Reading...
 7> <info> app: BATT Reading...

# Logging stopped @ 30 Nov 2018 15:54:24
