# SEGGER J-Link RTT Viewer V6.16a Terminal Log File
# Compiled: 12:44:10 on Jun  6 2017
# Logging started @ 30 Nov 2018 16:16:02
 7> <info> app: [OK]	Max30102 Already and background working is begin
 7> 
 7> <info> app: [OK]	HR sample count 785
 7> 
 7> Plus Signal 1, 67
 7> Minus Signal -1, 84
 7> plus_index 67, minus_index 84, Peak Index, 78,, AVR Peak Index, 78, HR 0, Reject out of 30-180.
 7> Plus Signal 1, 149
 7> Minus Signal -1, 186
 7> plus_index 149, minus_index 186, Peak Index, 180,, AVR Peak Index, 180, HR 40
 7> Plus Signal 1, 191
 7> Minus Signal -1, 198
 7> plus_index 191, minus_index 198, Peak Index, 193,194,195,, AVR Peak Index, 194, HR 291Peak Index, 300,
 7> hr,51,85229,169969,-283.00,0,
 7> hr,52,85435,170004,-234.00,0,
 7> hr,53,85536,170049,-177.00,0,
 7> hr,54,85240,170020,-197.00,0,
 7> hr,55,85201,169992,-215.00,0,
 7> hr,56,85198,169983,-214.00,0,
 7> hr,57,85205,169970,-216.00,0,
 7> hr,58,85195,169956,-219.00,0,
 7> hr,59,85190,169954,-210.00,0,
 7> hr,60,85184,169948,-206.00,0,
 7> hr,61,85200,169955,-188.00,1,
 7> hr,62,85191,169949,-185.00,1,
 7> hr,63,85333,169952,-173.00,0,
 7> hr,64,85494,170111,-5.00,0,
 7> hr,65,85695,169980,-136.00,0,
 7> hr,66,85534,170226,116.00,0,
 7> hr,67,85580,170134,18.00,0,
 7> hr,68,85752,170456,339.00,1,
 7> hr,69,85744,170406,272.00,1,
 7> hr,70,85739,170411,264.00,0,
 7> hr,71,85735,170407,247.00,0,
 7> hr,72,85741,170365,192.00,0,
 7> hr,73,85741,170353,171.00,0,
 7> hr,74,85735,170353,162.00,0,
 7> hr,75,85738,170360,161.00,0,
 7> hr,76,85730,170358,151.00,0,
 7> hr,77,85735,170359,144.00,0,
 7> hr,78,85728,170359,137.00,0,
 7> hr,79,85732,170357,128.00,-1,
 7> hr,80,85728,170360,125.00,0,
 7> hr,81,85729,170361,119.00,0,
 7> hr,82,85730,170368,120.00,0,
 7> hr,83,85731,170367,113.00,0,
 7> hr,84,85732,170367,108.00,0,
 7> hr,85,85724,170358,93.00,-1,
 7> hr,86,85730,170365,96.00,-1,
 7> hr,87,85729,170364,90.00,-1,
 7> hr,88,85727,170363,84.00,-1,
 7> hr,89,85726,170362,79.00,-1,
 7> hr,90,85731,170372,85.00,-1,
 7> hr,91,85725,170385,94.00,0,
 7> hr,92,85732,170388,92.00,0,
 7> hr,93,85735,170390,89.00,0,
 7> hr,94,85732,170390,85.00,0,
 7> hr,95,85735,170402,93.00,0,
 7> hr,96,85732,170405,91.00,0,
 7> hr,97,85733,170417,98.00,0,
 7> hr,98,85741,170412,88.00,0,
 7> hr,99,85735,170419,91.00,0,
 7> hr,100,85750,170422,89.00,0,
 7> hr,101,85737,170429,92.00,0,
 7> hr,102,85740,170426,84.00,0,
 7> hr,103,85741,170427,81.00,-1,
 7> hr,104,85743,170427,77.00,-1,
 7> hr,105,85734,170425,71.00,-1,
 7> hr,106,85734,170420,63.00,-1,
 7> hr,107,85729,170424,63.00,-1,
 7> hr,108,85737,170427,63.00,-1,
 7> hr,109,85734,170427,60.00,-1,
 7> hr,110,85728,170424,54.00,-1,
 7> hr,111,85735,170430,57.00,0,
 7> hr,112,85733,170432,56.00,0,
 7> hr,113,85726,170431,53.00,0,
 7> hr,114,85734,170435,54.00,0,
 7> hr,115,85729,170439,55.00,0,
 7> hr,116,85728,170435,48.00,-1,
 7> hr,117,85735,170454,65.00,1,
 7> hr,118,85738,170461,69.00,1,
 7> hr,119,85737,170461,65.00,1,
 7> hr,120,85743,170460,61.00,0,
 7> hr,121,85748,170475,73.00,1,
 7> hr,122,85735,170474,68.00,1,
 7> hr,123,85745,170479,70.00,1,
 7> hr,124,85745,170488,75.00,1,
 7> hr,125,85742,170490,73.00,1,
 7> hr,126,85747,170490,70.00,0,
 7> hr,127,85743,170495,71.00,0,
 7> hr,128,85748,170505,78.00,1,
 7> hr,129,85742,170504,73.00,0,
 7> hr,130,85752,170510,75.00,0,
 7> hr,131,85746,170511,72.00,0,
 7> hr,132,85741,170514,72.00,0,
 7> hr,133,85750,170521,75.00,0,
 7> hr,134,85744,170514,64.00,-1,
 7> hr,135,85735,170516,63.00,-1,
 7> hr,136,85741,170515,59.00,-1,
 7> hr,137,85739,170501,42.00,-1,
 7> hr,138,85738,170499,38.00,-1,
 7> hr,139,85734,170481,18.00,-1,
 7> hr,140,85734,170475,11.00,-1,
 7> hr,141,85723,170469,4.00,-1,
 7> hr,142,85728,170469,4.00,-1,
 7> hr,143,85725,170447,-17.00,-1,
 7> hr,144,85719,170432,-31.00,-1,
 7> hr,145,85718,170432,-30.00,-1,
 7> hr,146,85716,170416,-44.00,-1,
 7> hr,147,85714,170401,-57.00,-1,
 7> hr,148,85710,170388,-67.00,-1,
 7> hr,149,85695,170371,-81.00,-1,
 7> hr,150,85700,170373,-75.00,-1,
 7> hr,151,85698,170354,-90.00,-1,
 7> hr,152,85694,170350,-89.00,-1,
 7> hr,153,85691,170345,-90.00,-1,
 7> hr,154,85693,170336,-94.00,-1,
 7> hr,155,85688,170328,-98.00,-1,
 7> hr,156,85684,170319,-102.00,-1,
 7> hr,157,85684,170313,-103.00,-1,
 7> hr,158,85685,170299,-111.00,-1,
 7> hr,159,85681,170289,-116.00,-1,
 7> hr,160,85671,170282,-117.00,-1,
 7> hr,161,85666,170277,-116.00,-1,
 7> hr,162,85663,170269,-118.00,-1,
 7> hr,163,85667,170268,-113.00,-1,
 7> hr,164,85669,170262,-114.00,-1,
 7> hr,165,85670,170260,-110.00,-1,
 7> hr,166,85666,170267,-97.00,-1,
 7> hr,167,85662,170262,-98.00,-1,
 7> hr,168,85671,170264,-91.00,-1,
 7> hr,169,85667,170256,-94.00,-1,
 7> hr,170,85662,170258,-87.00,-1,
 7> hr,171,85662,170252,-89.00,-1,
 7> hr,172,85663,170254,-82.00,-1,
 7> hr,173,85669,170257,-75.00,-1,
 7> hr,174,85670,170260,-69.00,-1,
 7> hr,175,85674,170258,-67.00,-1,
 7> hr,176,85665,170259,-63.00,-1,
 7> hr,177,85659,170253,-66.00,-1,
 7> hr,178,85663,170262,-53.00,-1,
 7> hr,179,85668,170254,-59.00,-1,
 7> hr,180,85661,170247,-63.00,-1,
 7> hr,181,85660,170242,-64.00,-1,
 7> hr,182,85663,170252,-51.00,-1,
 7> hr,183,85660,170254,-47.00,-1,
 7> hr,184,85660,170245,-53.00,-1,
 7> hr,185,85654,170245,-51.00,-1,
 7> hr,186,85656,170246,-47.00,-1,
 7> hr,187,85663,170253,-38.00,-1,
 7> hr,188,85658,170249,-40.00,-1,
 7> hr,189,85659,170256,-31.00,-1,
 7> hr,190,85657,170256,-29.00,-1,
 7> hr,191,85652,170259,-25.00,-1,
 7> hr,192,85655,170259,-23.00,-1,
 7> hr,193,85657,170266,-15.00,-1,
 7> hr,194,85656,170262,-18.00,-1,
 7> hr,195,85653,170267,-12.00,-1,
 7> hr,196,85658,170265,-14.00,-1,
 7> hr,197,85656,170277,-1.00,0,
 7> hr,198,85658,170270,-8.00,-1,
 7> hr,199,85660,170287,8.00,1,
 7> hr,200,85665,170277,-1.00,0,
 7> hr,201,85661,170285,6.00,0,
 7> hr,202,85660,170284,5.00,0,
 7> hr,203,85660,170287,7.00,0,
 7> hr,204,85665,170290,10.00,0,
 7> hr,205,85664,170296,16.00,1,
 7> hr,206,85663,170297,16.00,1,
 7> hr,207,85665,170302,20.00,1,
 7> hr,208,85657,170299,16.00,0,
 7> hr,209,85663,170308,24.00,1,
 7> hr,210,85661,170306,21.00,1,
 7> hr,211,85663,170307,21.00,0,
 7> hr,212,85668,170319,32.00,1,
 7> hr,213,85662,170309,20.00,0,
 7> hr,214,85663,170323,33.00,1,
 7> hr,215,85667,170325,33.00,1,
 7> hr,216,85661,170330,37.00,1,
 7> hr,217,85667,170332,37.00,1,
 7> hr,218,85666,170331,34.00,1,
 7> hr,219,85668,170349,50.00,1,
 7> hr,220,85670,170352,51.00,1,
 7> hr,221,85681,170365,61.00,1,
 7> hr,222,85679,170367,60.00,1,
 7> hr,223,85678,170372,62.00,1,
 7> hr,224,85676,170370,57.00,0,
 7> hr,225,85674,170378,62.00,1,
 7> hr,226,85680,170383,64.00,0,
 7> hr,227,85677,170388,66.00,1,
 7> hr,228,85681,170401,75.00,1,
 7> hr,229,85683,170404,75.00,1,
 7> hr,230,85689,170415,82.00,1,
 7> hr,231,85683,170413,76.00,1,
 7> hr,232,85687,170420,79.00,1,
 7> hr,233,85683,170424,79.00,1,
 7> hr,234,85688,170424,75.00,0,
 7> hr,235,85690,170430,77.00,0,
 7> hr,236,85685,170426,69.00,-1,
 7> hr,237,85685,170436,76.00,0,
 7> hr,238,85686,170438,74.00,0,
 7> hr,239,85684,170437,69.00,-1,
 7> hr,240,85688,170449,78.00,0,
 7> hr,241,85691,170462,87.00,1,
 7> hr,242,85695,170460,81.00,1,
 7> hr,243,85692,170472,88.00,1,
 7> hr,244,85698,170476,88.00,1,
 7> hr,245,85698,170480,88.00,0,
 7> hr,246,85688,170476,79.00,0,
 7> hr,247,85694,170479,78.00,0,
 7> hr,248,85692,170464,59.00,-1,
 7> hr,249,85690,170461,53.00,-1,
 7> hr,250,85696,170457,47.00,-1,
 7> hr,251,85693,170458,45.00,-1,
 7> hr,252,85694,170443,28.00,-1,
 7> hr,253,85688,170437,21.00,-1,
 7> hr,254,85690,170427,9.00,-1,
 7> hr,255,85689,170409,-8.00,-1,
 7> hr,256,85679,170407,-10.00,-1,
 7> hr,257,85679,170399,-17.00,-1,
 7> hr,258,85675,170387,-28.00,-1,
 7> hr,259,85676,170371,-43.00,-1,
 7> hr,260,85674,170362,-50.00,-1,
 7> hr,261,85669,170356,-53.00,-1,
 7> hr,262,85663,170343,-63.00,-1,
 7> hr,263,85659,170337,-66.00,-1,
 7> hr,264,85656,170327,-73.00,-1,
 7> hr,265,85660,170318,-78.00,-1,
 7> hr,266,85654,170309,-83.00,-1,
 7> hr,267,85647,170301,-87.00,-1,
 7> hr,268,85653,170297,-87.00,-1,
 7> hr,269,85641,170280,-99.00,-1,
 7> hr,270,85638,170278,-96.00,-1,
 7> hr,271,85642,170266,-104.00,-1,
 7> hr,272,85638,170261,-103.00,-1,
 7> hr,273,85638,170257,-102.00,-1,
 7> hr,274,85632,170250,-104.00,-1,
 7> hr,275,85631,170240,-109.00,-1,
 7> hr,276,85636,170235,-108.00,-1,
 7> hr,277,85628,170238,-100.00,-1,
 7> hr,278,85634,170246,-87.00,-1,
 7> hr,279,85640,170241,-87.00,-1,
 7> hr,280,85630,170237,-87.00,-1,
 7> hr,281,85631,170238,-82.00,-1,
 7> hr,282,85627,170236,-80.00,-1,
 7> hr,283,85633,170239,-73.00,-1,
 7> hr,284,85628,170228,-80.00,-1,
 7> hr,285,85625,170218,-86.00,-1,
 7> hr,286,85620,170217,-83.00,-1,
 7> hr,287,85628,170219,-76.00,-1,
 7> hr,288,85622,170210,-82.00,-1,
 7> hr,289,85625,170210,-77.00,-1,
 7> hr,290,85622,170204,-80.00,-1,
 7> hr,291,85616,170194,-86.00,-1,
 7> hr,292,85613,170192,-83.00,-1,
 7> hr,293,85613,170189,-82.00,-1,
 7> hr,294,85611,170186,-81.00,-1,
 7> hr,295,85610,170173,-90.00,-1,
 7> hr,296,85607,170183,-75.00,-1,
 7> hr,297,85607,170177,-78.00,-1,
 7> hr,298,85609,170172,-79.00,-1,
 7> hr,299,85610,170171,-76.00,-1,
 7> hr,300,85610,170175,-68.00,-1,
 7> hr,301,85609,170179,-60.00,-1,
 7> hr,302,85613,170181,-55.00,-1,
 7> hr,303,85617,170188,-46.00,-1,
 7> hr,304,85613,170175,-56.00,-1,
 7> hr,305,85617,170184,-44.00,-1,
 7> hr,306,85612,170184,-42.00,-1,
 7> hr,307,85612,170189,-35.00,-1,
 7> hr,308,85609,170192,-30.00,-1,
 7> hr,309,85615,170199,-22.00,-1,
 7> hr,310,85618,170200,-20.00,-1,
 7> hr,311,85614,170197,-22.00,-1,
 7> hr,312,85619,170205,-13.00,-1,
 7> hr,313,85617,170207,-10.00,-1,
 7> hr,314,85615,170217,0.00,0,
 7> hr,315,85618,170220,3.00,0,
 7> hr,316,85620,170223,5.00,0,
 7> hr,317,85617,170229,11.00,1,
 7> hr,318,85614,170235,17.00,1,
 7> hr,319,85620,170231,12.00,1,
 7> hr,320,85624,170241,21.00,1,
 7> hr,321,85627,170248,27.00,1,
 7> hr,322,85624,170249,27.00,1,
 7> hr,323,85626,170247,23.00,1,
 7> hr,324,85625,170255,30.00,1,
 7> hr,325,85630,170269,43.00,1,
 7> hr,326,85637,170272,43.00,1,
 7> hr,327,85634,170272,41.00,1,
 7> hr,328,85635,170277,44.00,1,
 7> hr,329,85636,170288,53.00,1,
 7> hr,330,85639,170286,48.00,1,
 7> hr,331,85643,170294,54.00,1,
 7> hr,332,85642,170308,65.00,1,
 7> hr,333,85644,170302,56.00,1,
 7> hr,334,85646,170317,68.00,1,
 7> hr,335,85643,170322,70.00,1,
 7> hr,336,85645,170323,67.00,1,
 7> hr,337,85651,170339,80.00,1,
 7> hr,338,85655,170345,82.00,1,
 7> hr,339,85653,170359,92.00,1,
 7> hr,340,85658,170352,80.00,1,
 7> hr,341,85655,170360,84.00,0,
 7> hr,342,85657,170368,88.00,1,
 7> hr,343,85654,170366,81.00,0,
 7> hr,344,85658,170380,91.00,0,
 7> hr,345,85658,170390,97.00,1,
 7> hr,346,85663,170395,97.00,1,
 7> hr,347,85664,170400,97.00,0,
 7> hr,348,85666,170408,100.00,0,
 7> hr,349,85658,170411,98.00,0,
 7> hr,350,85665,170421,103.00,0,
 7> hr,351,85665,170421,98.00,0,
 7> hr,352,85673,170428,100.00,0,
 7> hr,353,85667,170435,102.00,0,
 7> hr,354,85670,170436,98.00,0,
 7> hr,355,85666,170441,98.00,0,
 7> hr,356,85667,170441,93.00,-1,
 7> hr,357,85668,170430,77.00,-1,
 7> hr,358,85669,170422,65.00,-1,
 7> hr,359,85666,170418,58.00,-1,
 7> hr,360,85663,170415,52.00,-1,
 7> hr,361,85662,170396,31.00,-1,
 7> hr,362,85666,170389,22.00,-1,
 7> hr,363,85653,170374,6.00,-1,
 7> hr,364,85656,170360,-7.00,-1,
 7> hr,365,85658,170353,-14.00,-1,
 7> hr,366,85656,170338,-28.00,-1,
 7> hr,367,85645,170326,-39.00,-1,
 7> hr,368,85645,170316,-47.00,-1,
 7> hr,369,85641,170297,-64.00,-1,
 7> hr,370,85640,170286,-71.00,-1,
 7> hr,371,85627,170270,-84.00,-1,
 7> hr,372,85632,170270,-80.00,-1,
 7> hr,373,85624,170262,-84.00,-1,
 7> hr,374,85626,170254,-87.00,-1,
 7> hr,375,85622,170256,-81.00,-1,
 7> hr,376,85614,170248,-85.00,-1,
 7> hr,377,85625,170239,-90.00,-1,
 7> hr,378,85620,170234,-90.00,-1,
 7> hr,379,85629,170236,-84.00,-1,
 7> hr,380,85619,170226,-89.00,-1,
 7> hr,381,85608,170218,-93.00,-1,
 7> hr,382,85615,170222,-84.00,-1,
 7> hr,383,85615,170223,-79.00,-1,
 7> hr,384,85613,170210,-88.00,-1,
 7> hr,385,85613,170211,-83.00,-1,
 7> hr,386,85616,170209,-80.00,-1,
 7> hr,387,85617,170216,-69.00,-1,
 7> hr,388,85620,170218,-64.00,-1,
 7> hr,389,85612,170215,-64.00,-1,
 7> hr,390,85613,170211,-64.00,-1,
 7> hr,391,85608,170199,-73.00,-1,
 7> hr,392,85614,170205,-64.00,-1,
 7> hr,393,85614,170193,-72.00,-1,
 7> hr,394,85612,170195,-67.00,-1,
 7> hr,395,85607,170191,-67.00,-1,
 7> hr,396,85610,170199,-56.00,-1,
 7> hr,397,85613,170189,-63.00,-1,
 7> hr,398,85616,170189,-60.00,-1,
 7> hr,399,85617,170197,-49.00,-1,
 7> hr,400,85609,170192,-51.00,-1,
 7> hr,401,85605,170183,-58.00,-1,
 7> hr,402,85605,170181,-57.00,-1,
 7> hr,403,85607,170185,-50.00,-1,
 7> hr,404,85613,170182,-51.00,-1,
 7> hr,405,85607,170189,-41.00,-1,
 7> hr,406,85610,170184,-44.00,-1,
 7> hr,407,85614,170187,-39.00,-1,
 7> hr,408,85612,170192,-32.00,-1,
 7> hr,409,85603,170178,-44.00,-1,
 7> hr,410,85611,170189,-31.00,-1,
 7> hr,411,85609,170195,-23.00,-1,
 7> hr,412,85613,170193,-24.00,-1,
 7> hr,413,85609,170198,-18.00,-1,
 7> hr,414,85614,170206,-9.00,-1,
 7> hr,415,85612,170201,-13.00,-1,
 7> hr,416,85612,170211,-3.00,-1,
 7> hr,417,85608,170216,1.00,0,
 7> hr,418,85617,170220,5.00,0,
 7> hr,419,85614,170219,4.00,0,
 7> hr,420,85610,170225,10.00,1,
 7> hr,421,85612,170231,15.00,1,
 7> hr,422,85618,170236,19.00,1,
 7> hr,423,85621,170236,18.00,1,
 7> hr,424,85622,170240,22.00,1,
 7> hr,425,85628,170245,25.00,1,
 7> hr,426,85622,170254,33.00,1,
 7> hr,427,85624,170252,29.00,1,
 7> hr,428,85626,170254,30.00,1,
 7> hr,429,85623,170253,27.00,0,
 7> hr,430,85625,170258,31.00,0,
 7> hr,431,85627,170274,45.00,1,
 7> hr,432,85626,170272,41.00,1,
 7> hr,433,85624,170274,41.00,1,
 7> hr,434,85630,170279,44.00,1,
 7> hr,435,85623,170289,52.00,1,
 7> hr,436,85631,170291,51.00,1,
 7> hr,437,85636,170295,53.00,1,
 7> hr,438,85632,170300,55.00,1,
 7> hr,439,85640,170306,58.00,1,
 7> hr,440,85639,170306,55.00,1,
 7> hr,441,85638,170315,61.00,1,
 7> hr,442,85641,170320,63.00,1,
 7> hr,443,85642,170328,68.00,1,
 7> hr,444,85635,170330,67.00,1,
 7> hr,445,85641,170326,59.00,0,
 7> hr,446,85639,170334,64.00,0,
 7> hr,447,85637,170332,59.00,0,
 7> hr,448,85642,170341,65.00,0,
 7> hr,449,85641,170346,67.00,1,
 7> hr,450,85642,170356,73.00,1,
 7> hr,451,85652,170364,78.00,1,
 7> hr,452,85653,170368,78.00,1,
 7> hr,453,85649,170366,72.00,0,
 7> hr,454,85643,170367,69.00,0,
 7> hr,455,85646,170371,70.00,0,
 7> hr,456,85646,170378,73.00,0,
 7> hr,457,85646,170392,84.00,1,
 7> hr,458,85645,170382,69.00,0,
 7> hr,459,85651,170392,76.00,0,
 7> hr,460,85656,170399,79.00,0,
 7> hr,461,85652,170411,87.00,1,
 7> hr,462,85658,170415,87.00,1,
 7> hr,463,85662,170412,79.00,0,
 7> hr,464,85651,170405,68.00,0,
 7> hr,465,85653,170392,52.00,-1,
 7> hr,466,85647,170386,43.00,-1,
 7> hr,467,85648,170382,37.00,-1,
 7> hr,468,85649,170369,22.00,-1,
 7> hr,469,85646,170355,7.00,-1,
 7> hr,470,85646,170352,4.00,-1,
 7> hr,471,85634,170329,-18.00,-1,
 7> hr,472,85635,170319,-28.00,-1,
 7> hr,473,85634,170308,-37.00,-1,
 7> hr,474,85631,170288,-55.00,-1,
 7> hr,475,85627,170283,-57.00,-1,
 7> hr,476,85624,170259,-79.00,-1,
 7> hr,477,85621,170259,-75.00,-1,
 7> hr,478,85621,170249,-81.00,-1,
 7> hr,479,85613,170236,-90.00,-1,
 7> hr,480,85612,170228,-93.00,-1,
 7> hr,481,85608,170212,-105.00,-1,
 7> hr,482,85598,170210,-101.00,-1,
 7> hr,483,85604,170208,-98.00,-1,
 7> hr,484,85604,170195,-106.00,-1,
 7> hr,485,85593,170188,-108.00,-1,
 7> hr,486,85594,170184,-107.00,-1,
 7> hr,487,85591,170173,-112.00,-1,
 7> hr,488,85593,170164,-116.00,-1,
 7> hr,489,85584,170152,-122.00,-1,
 7> hr,490,85581,170151,-117.00,-1,
 7> hr,491,85590,170145,-117.00,-1,
 7> hr,492,85588,170138,-118.00,-1,
 7> hr,493,85584,170136,-114.00,-1,
 7> hr,494,85587,170134,-110.00,-1,
 7> hr,495,85587,170136,-103.00,-1,
 7> hr,496,85585,170128,-106.00,-1,
 7> hr,497,85581,170122,-106.00,-1,
 7> hr,498,85578,170121,-102.00,-1,
 7> hr,499,85576,170116,-102.00,-1,
 7> hr,500,85578,170124,-89.00,-1,
 7> hr,501,85577,170120,-88.00,-1,
 7> hr,502,85569,170113,-91.00,-1,
 7> hr,503,85576,170115,-84.00,-1,
 7> hr,504,85577,170118,-77.00,-1,
 7> hr,505,85584,170116,-75.00,-1,
 7> hr,506,85580,170109,-78.00,-1,
 7> hr,507,85581,170114,-69.00,-1,
 7> hr,508,85578,170109,-71.00,-1,
 7> hr,509,85583,170111,-65.00,-1,
 7> hr,510,85574,170106,-67.00,-1,
 7> hr,511,85583,170118,-52.00,-1,
 7> hr,512,85579,170116,-51.00,-1,
 7> hr,513,85575,170107,-57.00,-1,
 7> hr,514,85576,170110,-52.00,-1,
 7> hr,515,85585,170113,-46.00,-1,
 7> hr,516,85572,170114,-43.00,-1,
 7> hr,517,85569,170109,-45.00,-1,
 7> hr,518,85571,170123,-29.00,-1,
 7> hr,519,85571,170125,-26.00,-1,
 7> hr,520,85575,170129,-20.00,-1,
 7> hr,521,85577,170126,-22.00,-1,
 7> hr,522,85576,170136,-11.00,-1,
 7> hr,523,85578,170126,-21.00,-1,
 7> hr,524,85575,170136,-10.00,-1,
 7> hr,525,85588,170153,7.00,0,
 7> hr,526,85583,170152,6.00,0,
 7> hr,527,85587,170161,14.00,1,
 7> hr,528,85591,170162,15.00,1,
 7> hr,529,85589,170160,12.00,0,
 7> hr,530,85586,170163,14.00,0,
 7> hr,531,85594,170166,16.00,1,
 7> hr,532,85588,170168,18.00,1,
 7> hr,533,85588,170173,22.00,1,
 7> hr,534,85598,170172,20.00,1,
 7> hr,535,85600,170176,23.00,1,
 7> hr,536,85592,170182,27.00,1,
 7> hr,537,85585,170188,32.00,1,
 7> hr,538,85590,170184,26.00,1,
 7> hr,539,85594,170187,28.00,1,
 7> hr,540,85583,170190,30.00,1,
 7> hr,541,85591,170204,42.00,1,
 7> hr,542,85593,170203,39.00,1,
 7> hr,543,85596,170210,44.00,1,
 7> hr,544,85594,170215,47.00,1,
 7> hr,545,85598,170220,49.00,1,
 7> hr,546,85597,170233,60.00,1,
 7> hr,547,85604,170246,70.00,1,
 7> hr,548,85604,170244,64.00,1,
 7> hr,549,85609,170255,72.00,1,
 7> hr,550,85608,170262,76.00,1,
 7> hr,551,85610,170267,77.00,1,
 7> hr,552,85608,170272,78.00,1,
 7> hr,553,85613,170280,82.00,1,
 7> hr,554,85615,170286,84.00,1,
 7> hr,555,85617,170282,76.00,0,
 7> hr,556,85626,170290,80.00,0,
 7> hr,557,85620,170292,78.00,0,
 7> hr,558,85623,170292,74.00,0,
 7> hr,559,85623,170296,74.00,0,
 7> hr,560,85623,170302,76.00,0,
 7> hr,561,85623,170308,79.00,0,
 7> hr,562,85622,170312,79.00,0,
 7> hr,563,85623,170313,76.00,0,
 7> hr,564,85622,170320,79.00,0,
 7> hr,565,85615,170323,78.00,0,
 7> hr,566,85626,170320,71.00,-1,
 7> hr,567,85624,170335,82.00,0,
 7> hr,568,85621,170340,83.00,1,
 7> hr,569,85627,170343,82.00,0,
 7> hr,570,85631,170353,88.00,1,
 7> hr,571,85628,170352,83.00,0,
 7> hr,572,85632,170356,82.00,0,
 7> hr,573,85633,170361,83.00,0,
 7> hr,574,85622,170358,76.00,-1,
 7> hr,575,85630,170355,69.00,-1,
 7> hr,576,85619,170351,62.00,-1,
 7> hr,577,85627,170343,51.00,-1,
 7> hr,578,85622,170334,39.00,-1,
 7> hr,579,85620,170325,28.00,-1,
 7> hr,580,85617,170310,12.00,-1,
 7> hr,581,85617,170297,-1.00,-1,
 7> hr,582,85621,170290,-8.00,-1,
 7> hr,583,85615,170280,-17.00,-1,
 7> hr,584,85611,170262,-35.00,-1,
 7> hr,585,85603,170248,-47.00,-1,
 7> hr,586,85598,170235,-57.00,-1,
 7> hr,587,85604,170229,-61.00,-1,
 7> hr,588,85600,170215,-72.00,-1,
 7> hr,589,85594,170201,-82.00,-1,
 7> hr,590,85591,170192,-87.00,-1,
 7> hr,591,85581,170176,-98.00,-1,
 7> hr,592,85587,170170,-99.00,-1,
 7> hr,593,85578,170168,-96.00,-1,
 7> hr,594,85574,170148,-112.00,-1,
 7> hr,595,85571,170146,-108.00,-1,
 7> hr,596,85567,170141,-108.00,-1,
 7> hr,597,85572,170136,-107.00,-1,
 7> hr,598,85570,170126,-112.00,-1,
 7> hr,599,85568,170119,-113.00,-1,
 7> hr,600,85565,170109,-118.00,-1,
 7> hr,601,85559,170095,-126.00,-1,
 7> hr,602,85565,170097,-117.00,-1,
 7> hr,603,85558,170086,-122.00,-1,
 7> hr,604,85552,170071,-131.00,-1,
 7> hr,605,85546,170073,-123.00,-1,
 7> hr,606,85549,170073,-117.00,-1,
 7> hr,607,85557,170078,-106.00,-1,
 7> hr,608,85551,170076,-102.00,-1,
 7> hr,609,85547,170068,-105.00,-1,
 7> hr,610,85552,170068,-100.00,-1,
 7> hr,611,85551,170065,-98.00,-1,
 7> hr,612,85545,170065,-93.00,-1,
 7> hr,613,85549,170065,-88.00,-1,
 7> hr,614,85544,170060,-89.00,-1,
 7> hr,615,85546,170054,-90.00,-1,
 7> hr,616,85550,170055,-85.00,-1,
 7> hr,617,85547,170054,-82.00,-1,
 7> hr,618,85545,170048,-83.00,-1,
 7> hr,619,85546,170046,-81.00,-1,
 7> hr,620,85544,170045,-78.00,-1,
 7> hr,621,85540,170049,-70.00,-1,
 7> hr,622,85546,170053,-63.00,-1,
 7> hr,623,85541,170044,-69.00,-1,
 7> hr,624,85549,170049,-60.00,-1,
 7> hr,625,85547,170043,-63.00,-1,
 7> hr,626,85545,170049,-54.00,-1,
 7> hr,627,85546,170040,-60.00,-1,
 7> hr,628,85544,170045,-52.00,-1,
 7> hr,629,85548,170039,-56.00,-1,
 7> hr,630,85543,170050,-42.00,-1,
 7> hr,631,85544,170039,-51.00,-1,
 7> hr,632,85541,170046,-41.00,-1,
 7> hr,633,85548,170047,-38.00,-1,
 7> hr,634,85548,170060,-23.00,-1,
 7> hr,635,85543,170054,-28.00,-1,
 7> hr,636,85543,170063,-17.00,-1,
 7> hr,637,85552,170067,-13.00,-1,
 7> hr,638,85544,170068,-11.00,-1,
 7> hr,639,85548,170075,-3.00,0,
 7> hr,640,85541,170075,-3.00,0,
 7> hr,641,85553,170077,-1.00,0,
 7> hr,642,85556,170086,7.00,1,
 7> hr,643,85551,170088,9.00,1,
 7> hr,644,85555,170086,6.00,1,
 7> hr,645,85549,170092,12.00,1,
 7> hr,646,85548,170097,16.00,1,
 7> hr,647,85549,170097,15.00,1,
 7> hr,648,85549,170091,9.00,0,
 7> hr,649,85552,170104,21.00,1,
 7> hr,650,85556,170104,20.00,1,
 7> hr,651,85559,170113,28.00,1,
 7> hr,652,85562,170117,31.00,1,
 7> hr,653,85552,170122,34.00,1,
 7> hr,654,85562,170127,37.00,1,
 7> hr,655,85564,170128,36.00,1,
 7> hr,656,85563,170132,39.00,1,
 7> hr,657,85561,170129,34.00,0,
 7> hr,658,85558,170135,38.00,1,
 7> hr,659,85561,170142,43.00,1,
 7> hr,660,85564,170138,37.00,0,
 7> hr,661,85561,170146,43.00,1,
 7> hr,662,85563,170149,44.00,1,
 7> hr,663,85562,170164,57.00,1,
 7> hr,664,85570,170160,50.00,1,
 7> hr,665,85561,170165,52.00,1,
 7> hr,666,85570,170166,51.00,1,
 7> hr,667,85568,170173,55.00,1,
 7> hr,668,85564,170178,57.00,1,
 7> hr,669,85572,170185,61.00,1,
 7> hr,670,85575,170193,66.00,1,
 7> hr,671,85570,170199,69.00,1,
 7> hr,672,85573,170209,75.00,1,
 7> hr,673,85573,170214,77.00,1,
 7> hr,674,85585,170216,75.00,1,
 7> hr,675,85575,170219,74.00,1,
 7> hr,676,85576,170227,78.00,1,
 7> hr,677,85573,170231,78.00,1,
 7> hr,678,85585,170235,78.00,1,
 7> hr,679,85582,170244,83.00,1,
 7> hr,680,85577,170251,86.00,1,
 7> hr,681,85589,170257,88.00,1,
 7> hr,682,85583,170259,86.00,1,
 7> hr,683,85583,170262,84.00,0,
 7> hr,684,85583,170263,81.00,0,
 7> hr,685,85577,170264,78.00,0,
 7> hr,686,85583,170269,79.00,0,
 7> hr,687,85582,170258,64.00,-1,
 7> hr,688,85583,170257,60.00,-1,
 7> hr,689,85580,170249,49.00,-1,
 7> hr,690,85587,170237,34.00,-1,
 7> hr,691,85571,170224,20.00,-1,
 7> hr,692,85578,170220,15.00,-1,
 7> hr,693,85572,170205,0.00,-1,
 7> hr,694,85569,170192,-13.00,-1,
 7> hr,695,85565,170181,-23.00,-1,
 7> hr,696,85561,170162,-41.00,-1,
 7> hr,697,85559,170147,-54.00,-1,
 7> hr,698,85558,170140,-58.00,-1,
 7> hr,699,85554,170125,-70.00,-1,
 7> hr,700,85549,170116,-76.00,-1,
 7> hr,701,85547,170098,-90.00,-1,
 7> hr,702,85543,170091,-93.00,-1,
 7> hr,703,85538,170084,-95.00,-1,
 7> hr,704,85536,170072,-102.00,-1,
 7> hr,705,85530,170064,-105.00,-1,
 7> hr,706,85533,170064,-100.00,-1,
 7> hr,707,85533,170050,-109.00,-1,
 7> hr,708,85523,170034,-119.00,-1,
 7> hr,709,85524,170020,-127.00,-1,
 7> hr,710,85521,170016,-125.00,-1,
 7> hr,711,85523,170014,-121.00,-1,
 7> hr,712,85524,170001,-128.00,-1,
 7> hr,713,85519,169994,-128.00,-1,
 7> hr,714,85518,169997,-119.00,-1,
 7> hr,715,85515,169988,-122.00,-1,
 7> hr,716,85513,169988,-116.00,-1,
 7> hr,717,85518,169984,-114.00,-1,
 7> hr,718,85514,169983,-109.00,-1,
 7> hr,719,85511,169973,-114.00,-1,
 7> hr,720,85511,169972,-109.00,-1,
 7> hr,721,85512,169981,-94.00,-1,
 7> hr,722,85510,169975,-96.00,-1,
 7> hr,723,85506,169976,-90.00,-1,
 7> hr,724,85511,169975,-86.00,-1,
 7> hr,725,85506,169964,-93.00,-1,
 7> hr,726,85510,169968,-84.00,-1,
 7> hr,727,85502,169969,-79.00,-1,
 7> hr,728,85503,169963,-81.00,-1,
 7> hr,729,85507,169959,-81.00,-1,
 7> hr,730,85502,169955,-81.00,-1,
 7> hr,731,85505,169948,-84.00,-1,
 7> hr,732,85499,169951,-77.00,-1,
 7> hr,733,85501,169944,-80.00,-1,
 7> hr,734,85502,169952,-68.00,-1,
 7> hr,735,85506,169948,-68.00,-1,
 7> hr,736,85505,169951,-62.00,-1,
 7> hr,737,85501,169947,-63.00,-1,
 7> hr,738,85501,169953,-54.00,-1,
 7> hr,739,85504,169963,-41.00,-1,
 7> hr,740,85505,169960,-42.00,-1,
 7> hr,741,85510,169956,-44.00,-1,
 7> hr,742,85511,169966,-32.00,-1,
 7> hr,743,85508,169963,-33.00,-1,
 7> hr,744,85510,169963,-31.00,-1,
 7> hr,745,85515,169974,-19.00,-1,
 7> hr,746,85509,169974,-18.00,-1,
 7> hr,747,85512,169972,-19.00,-1,
 7> hr,748,85509,169975,-15.00,-1,
 7> hr,749,85505,169983,-6.00,-1,
 7> hr,750,85508,169981,-8.00,-1,
 7> hr,751,85504,169987,-1.00,-1,
 7> hr,752,85501,169980,-8.00,-1,
 7> hr,753,85513,169992,3.00,0,
 7> hr,754,85503,169998,9.00,1,
 7> hr,755,85510,169994,5.00,1,
 7> hr,756,85509,170002,12.00,1,
 7> hr,757,85515,170001,11.00,1,
 7> hr,758,85513,170003,12.00,1,
 7> hr,759,85518,170013,21.00,1,
 7> hr,760,85515,170017,24.00,1,
 7> hr,761,85512,170020,26.00,1,
 7> hr,762,85518,170022,27.00,1,
 7> hr,763,85524,170031,34.00,1,
 7> hr,764,85522,170028,30.00,1,
 7> hr,765,85520,170041,41.00,1,
 7> hr,766,85524,170042,40.00,1,
 7> hr,767,85521,170046,42.00,1,
 7> hr,768,85522,170050,44.00,1,
 7> hr,769,85521,170050,42.00,1,
 7> hr,770,85523,170058,48.00,1,
 7> hr,771,85526,170066,53.00,1,
 7> hr,772,85523,170068,53.00,1,
 7> hr,773,85531,170077,59.00,1,
 7> hr,774,85530,170077,56.00,1,
 7> hr,775,85534,170087,63.00,1,
 7> hr,776,85526,170088,61.00,1,
 7> hr,777,85533,170100,70.00,1,
 7> hr,778,85533,170105,71.00,1,
 7> hr,779,85536,170109,72.00,1,
 7> hr,780,85541,170117,76.00,1,
 7> hr,781,85541,170119,74.00,1,
 7> hr,782,85543,170124,76.00,1,
 7> hr,783,85534,170124,72.00,0,
 7> hr,784,85542,170135,79.00,1,<info> app: .
 7> <info> app: [OK]	HR has been calculated 200411
 7> 
 7> Plus Signal 1, 61
 7> Minus Signal -1, 79
 7> Plus Signal 1, 117
 7> Minus Signal -1, 134
 7> Plus Signal 1, 199
 7> Minus Signal -1, 236
 7> Plus Signal 1, 241
 7> Minus Signal -1, 248
 7> Plus Signal 1, 317
 7> Minus Signal -1, 356
 7> Plus Signal 1, 420
 7> Minus Signal -1, 465
 7> Plus Signal 1, 527
 7> Minus Signal -1, 566
 7> Plus Signal 1, 568
 7> Minus Signal -1, 574
 7> Plus Signal 1, 642
 7> Minus Signal -1, 687
 7> Plus Signal 1, 754<info> app: Peak Index,
 7> ,68,133,235,245,356,462,565,573,686<info> app: ,END Peak Index,
 7> <info> app: HR,
 7> ,142,90,156,83,87,89,131,81<info> app: ,END HR,
 7> <info> app: [OK]	LED Power 95
 7> <info> app: [OK]	HR Background stop
 7> <info> app: ^
 7> <info> app: HR A
 7> <info> app: HR C
 7> <info> app: HR D
 7> <info> app: Show HR Result
 7> <info> app: BATT Reading...

# Logging stopped @ 30 Nov 2018 16:16:18
