# SEGGER J-Link RTT Viewer V6.16a Terminal Log File
# Compiled: 12:44:10 on Jun  6 2017
# Logging started @ 03 Dec 2018 15:06:55
  < 
 0> <info> app: BATT Reading...
 0> <info> app: BATT Reading...
 0> <info> app: BATT Reading...
 0> <info> app: BATT Reading...
 0> <error> app: Pedo write to flash.
 0> <info> app: [OK]	FLASH MEMORY
 0> <info> app: Page for write 993
 0> <info> app: Append Success
 0> <info> app: Save to flash
 0> <info> app: BATT Reading...
 0> <info> app: BATT Reading...
 0> <info> app: BATT Reading...
 0> <info> app: BATT Reading...
 0> <info> app: BATT Reading...
 0> <info> app: BATT Reading...
 0> <info> app: BATT Reading...
 0> <info> app: BATT Reading...
 0> <info> app: BATT Reading...
 0> <info> app: ALERT_BT_CHECK_WAIT_KRY
 0> <info> app: ALERT_BT_CHECK_WAIT_KRY
 0> <info> app: ALERT_BT_CHECK_WAIT_KRY
 0> <info> app: ALERT_BT_CHECK_WAIT_KRY
 0> <info> app: ALERT_BT_CHECK_WAIT_KRY
 0> <info> app: ALERT_BT_CHECK_WAIT_KRY
 0> <info> app: ALERT_BT_CHECK_WAIT_KRY
 0> <info> app: Right Press
 0> <info> app: Right Press
 0> <info> app: Right Press
 0> <info> app: BATT Reading...
 0> <info> app: Right Press
 0> <info> app: [OK]	Max30102 Already and background working is begin
 0> 
 0> <info> app: [OK]	HR sample count 707
 0> 
 0> hr,0,110152,107102,20.00,0,38
 0> hr,1,110163,107107,24.00,0,37
 0> hr,2,110168,107107,23.00,0,36
 0> hr,3,110179,107115,29.00,0,36
 0> hr,4,110192,107125,38.00,0,35
 0> hr,5,110186,107123,34.00,0,34
 0> hr,6,110184,107117,26.00,0,34
 0> hr,7,110187,107135,43.00,0,33
 0> hr,8,110191,107127,33.00,0,33
 0> hr,9,110175,107126,30.00,0,32
 0> hr,10,110187,107138,41.00,0,32
 0> hr,11,110194,107119,19.00,0,32
 0> hr,12,110216,107128,27.00,0,31
 0> hr,13,110256,107130,28.00,0,31
 0> hr,14,110261,107129,26.00,0,31
 0> hr,15,110258,107128,23.00,0,30
 0> hr,16,110258,107137,31.00,0,30
 0> hr,17,110258,107144,37.00,0,30
 0> hr,18,110243,107135,26.00,0,29
 0> hr,19,110266,107136,25.00,0,29
 0> hr,20,110262,107132,20.00,0,29
 0> hr,21,110271,107157,44.00,0,29
 0> hr,22,110260,107156,41.00,0,29
 0> hr,23,110267,107146,29.00,0,28
 0> hr,24,110269,107144,25.00,0,28
 0> hr,25,110262,107152,32.00,0,28
 0> hr,26,110281,107136,14.00,0,28
 0> hr,27,110285,107129,7.00,0,28
 0> hr,28,110296,107132,9.00,0,28
 0> hr,29,110317,107156,33.00,0,28
 0> hr,30,110307,107145,20.00,0,27
 0> hr,31,110333,107139,13.00,0,27
 0> hr,32,110345,107138,11.00,0,27
 0> hr,33,110356,107137,10.00,0,27
 0> hr,34,110357,107156,28.00,0,26
 0> hr,35,110374,107144,15.00,0,26
 0> hr,36,110367,107165,35.00,0,26
 0> hr,37,110365,107153,21.00,0,25
 0> hr,38,110375,107152,19.00,0,25
 0> hr,39,110374,107154,20.00,0,25
 0> hr,40,110383,107159,24.00,0,25
 0> hr,41,110404,107170,34.00,0,24
 0> hr,42,110422,107177,39.00,0,24
 0> hr,43,110414,107157,17.00,0,24
 0> hr,44,110421,107174,33.00,0,24
 0> hr,45,110396,107175,33.00,0,24
 0> hr,46,110397,107172,28.00,0,24
 0> hr,47,110407,107181,36.00,0,24
 0> hr,48,110424,107190,43.00,0,24
 0> hr,49,110423,107181,32.00,0,24
 0> hr,50,110428,107182,31.00,0,24
 0> hr,51,110426,107183,30.00,0,24
 0> hr,52,110416,107184,30.00,0,24
 0> hr,53,110415,107197,41.00,0,24
 0> hr,54,110400,107189,31.00,0,24
 0> hr,55,110392,107190,31.00,0,25
 0> hr,56,110370,107210,49.00,0,25
 0> hr,57,110370,107205,42.00,0,25
 0> hr,58,110365,107195,30.00,0,25
 0> hr,59,110377,107211,44.00,0,26
 0> hr,60,110375,107210,41.00,0,26
 0> hr,61,110362,107216,45.00,0,26
 0> hr,62,110365,107209,35.00,0,27
 0> hr,63,110373,107203,28.00,0,27
 0> hr,64,110409,107216,39.00,0,28
 0> hr,65,110395,107219,40.00,0,28
 0> hr,66,110416,107217,36.00,0,28
 0> hr,67,110408,107212,29.00,0,29
 0> hr,68,110398,107205,21.00,0,29
 0> hr,69,110390,107209,24.00,0,29
 0> hr,70,110380,107224,38.00,0,30
 0> hr,71,110383,107227,39.00,0,30
 0> hr,72,110396,107216,26.00,0,30
 0> hr,73,110400,107219,27.00,0,30
 0> hr,74,110415,107219,26.00,0,31
 0> hr,75,110439,107226,32.00,0,31
 0> hr,76,110424,107223,27.00,0,31
 0> hr,77,110451,107220,23.00,0,31
 0> hr,78,110453,107226,28.00,0,31
 0> hr,79,110460,107215,15.00,0,31
 0> hr,80,110466,107217,16.00,0,31
 0> hr,81,110447,107196,-4.00,0,31
 0> hr,82,110461,107206,5.00,0,31
 0> hr,83,110477,107198,-2.00,0,31
 0> hr,84,110486,107202,1.00,0,30
 0> hr,85,110486,107198,-2.00,0,30
 0> hr,86,110487,107191,-9.00,0,29
 0> hr,87,110481,107202,1.00,0,28
 0> hr,88,110460,107204,3.00,0,28
 0> hr,89,110438,107204,3.00,0,27
 0> hr,90,110453,107212,11.00,0,26
 0> hr,91,110469,107211,9.00,0,26
 0> hr,92,110481,107209,7.00,0,25
 0> hr,93,110506,107219,16.00,0,24
 0> hr,94,110507,107212,9.00,0,23
 0> hr,95,110527,107222,18.00,0,23
 0> hr,96,110506,107217,12.00,0,22
 0> hr,97,110498,107232,27.00,0,21
 0> hr,98,110507,107233,26.00,0,21
 0> hr,99,110498,107226,18.00,0,20
 0> hr,100,110513,107233,24.00,0,20
 0> hr,101,110520,107230,20.00,0,19
 0> hr,102,110512,107222,11.00,0,19
 0> hr,103,110517,107225,13.00,0,18
 0> hr,104,110517,107234,21.00,0,18
 0> hr,105,110528,107219,5.00,0,18
 0> hr,106,110536,107237,23.00,0,17
 0> hr,107,110542,107243,28.00,0,17
 0> hr,108,110550,107225,8.00,0,17
 0> hr,109,110552,107225,8.00,0,17
 0> hr,110,110553,107216,0.00,0,16
 0> hr,111,110550,107221,4.00,0,16
 0> hr,112,110535,107198,-19.00,0,16
 0> hr,113,110518,107205,-11.00,0,15
 0> hr,114,110521,107208,-7.00,0,15
 0> hr,115,110522,107207,-8.00,0,14
 0> hr,116,110544,107218,3.00,0,14
 0> hr,117,110559,107212,-2.00,0,13
 0> hr,118,110567,107207,-7.00,0,12
 0> hr,119,110603,107207,-7.00,0,12
 0> hr,120,110611,107187,-27.00,0,11
 0> hr,121,110627,107197,-15.00,0,10
 0> hr,122,110626,107185,-26.00,0,10
 0> hr,123,110621,107204,-6.00,0,9
 0> hr,124,110631,107209,-1.00,0,8
 0> hr,125,110639,107208,-2.00,0,7
 0> hr,126,110623,107185,-25.00,0,7
 0> hr,127,110634,107202,-6.00,0,6
 0> hr,128,110633,107210,1.00,0,5
 0> hr,129,110642,107216,7.00,0,4
 0> hr,130,110651,107237,28.00,0,4
 0> hr,131,110667,107218,7.00,0,3
 0> hr,132,110683,107225,14.00,0,3
 0> hr,133,110715,107205,-6.00,0,2
 0> hr,134,110706,107219,7.00,0,2
 0> hr,135,110713,107202,-9.00,0,1
 0> hr,136,110701,107229,17.00,0,1
 0> hr,137,110693,107230,18.00,0,1
 0> hr,138,110714,107246,33.00,0,1
 0> hr,139,110739,107242,27.00,0,1
 0> hr,140,110749,107251,35.00,0,1
 0> hr,141,110766,107226,8.00,0,1
 0> hr,142,110771,107239,20.00,0,1
 0> hr,143,110745,107241,21.00,0,1
 0> hr,144,110723,107242,21.00,0,2
 0> hr,145,110705,107250,28.00,0,2
 0> hr,146,110709,107252,29.00,0,2
 0> hr,147,110706,107259,34.00,0,3
 0> hr,148,110714,107252,26.00,0,3
 0> hr,149,110684,107251,23.00,0,4
 0> hr,150,110689,107251,22.00,0,5
 0> hr,151,110690,107254,24.00,0,5
 0> hr,152,110682,107264,33.00,0,6
 0> hr,153,110700,107260,27.00,0,7
 0> hr,154,110690,107259,25.00,0,7
 0> hr,155,110688,107271,35.00,0,8
 0> hr,156,110686,107259,22.00,0,9
 0> hr,157,110705,107264,26.00,0,9
 0> hr,158,110692,107267,27.00,0,10
 0> hr,159,110677,107249,8.00,0,11
 0> hr,160,110686,107255,13.00,0,12
 0> hr,161,110704,107263,21.00,0,12
 0> hr,162,110693,107256,13.00,0,13
 0> hr,163,110717,107253,9.00,0,13
 0> hr,164,110727,107254,10.00,0,14
 0> hr,165,110709,107254,9.00,0,14
 0> hr,166,110710,107258,13.00,0,14
 0> hr,167,110703,107265,19.00,0,15
 0> hr,168,110707,107258,11.00,0,15
 0> hr,169,110706,107263,15.00,0,15
 0> hr,170,110710,107257,9.00,0,16
 0> hr,171,110711,107268,19.00,0,16
 0> hr,172,110716,107263,13.00,0,16
 0> hr,173,110720,107264,13.00,0,16
 0> hr,174,110723,107248,-2.00,0,16
 0> hr,175,110754,107250,0.00,0,16
 0> hr,176,110771,107267,16.00,0,16
 0> hr,177,110763,107245,-6.00,0,16
 0> hr,178,110755,107264,12.00,0,16
 0> hr,179,110740,107260,8.00,0,16
 0> hr,180,110721,107283,30.00,0,16
 0> hr,181,110728,107267,13.00,0,16
 0> hr,182,110751,107261,6.00,0,16
 0> hr,183,110784,107262,7.00,0,16
 0> hr,184,110778,107262,6.00,0,16
 0> hr,185,110775,107258,2.00,0,15
 0> hr,186,110760,107264,8.00,0,15
 0> hr,187,110751,107270,14.00,0,15
 0> hr,188,110750,107250,-6.00,0,15
 0> hr,189,110764,107268,11.00,0,14
 0> hr,190,110764,107263,6.00,0,14
 0> hr,191,110803,107250,-7.00,0,14
 0> hr,192,110808,107254,-2.00,0,14
 0> hr,193,110805,107253,-3.00,0,13
 0> hr,194,110806,107248,-8.00,0,13
 0> hr,195,110789,107260,3.00,0,12
 0> hr,196,110796,107267,10.00,0,12
 0> hr,197,110783,107251,-5.00,0,12
 0> hr,198,110801,107244,-12.00,0,11
 0> hr,199,110818,107241,-14.00,0,11
 0> hr,200,110834,107235,-20.00,0,10
 0> hr,201,110835,107236,-18.00,0,9
 0> hr,202,110831,107260,6.00,0,9
 0> hr,203,110825,107241,-12.00,0,8
 0> hr,204,110830,107248,-4.00,0,8
 0> hr,205,110815,107253,0.00,0,7
 0> hr,206,110830,107250,-2.00,0,6
 0> hr,207,110840,107248,-4.00,0,6
 0> hr,208,110869,107246,-6.00,0,5
 0> hr,209,110881,107255,2.00,0,5
 0> hr,210,110873,107255,2.00,0,4
 0> hr,211,110863,107258,5.00,0,3
 0> hr,212,110852,107260,7.00,0,3
 0> hr,213,110852,107265,12.00,0,3
 0> hr,214,110855,107278,24.00,0,2
 0> hr,215,110844,107273,18.00,0,2
 0> hr,216,110845,107280,24.00,0,2
 0> hr,217,110828,107286,29.00,0,2
 0> hr,218,110830,107285,26.00,0,2
 0> hr,219,110824,107282,22.00,0,2
 0> hr,220,110831,107299,38.00,0,2
 0> hr,221,110836,107293,30.00,0,3
 0> hr,222,110829,107287,22.00,0,3
 0> hr,223,110834,107298,32.00,0,3
 0> hr,224,110833,107290,22.00,0,4
 0> hr,225,110823,107289,20.00,0,4
 0> hr,226,110833,107298,28.00,0,5
 0> hr,227,110831,107287,16.00,0,5
 0> hr,228,110825,107286,14.00,0,6
 0> hr,229,110796,107285,12.00,0,7
 0> hr,230,110802,107289,16.00,0,7
 0> hr,231,110801,107299,25.00,0,8
 0> hr,232,110784,107279,4.00,0,8
 0> hr,233,110800,107296,20.00,0,9
 0> hr,234,110802,107284,7.00,0,9
 0> hr,235,110785,107291,14.00,0,9
 0> hr,236,110765,107303,25.00,0,10
 0> hr,237,110742,107299,20.00,0,10
 0> hr,238,110710,107306,26.00,0,11
 0> hr,239,110700,107307,26.00,0,11
 0> hr,240,110715,107313,30.00,0,12
 0> hr,241,110718,107309,25.00,0,12
 0> hr,242,110728,107315,29.00,0,13
 0> hr,243,110738,107313,26.00,0,13
 0> hr,244,110735,107321,33.00,0,14
 0> hr,245,110718,107308,18.00,0,14
 0> hr,246,110736,107310,19.00,0,15
 0> hr,247,110731,107324,32.00,0,15
 0> hr,248,110749,107312,18.00,0,16
 0> hr,249,110736,107309,15.00,0,16
 0> hr,250,110707,107312,17.00,0,16
 0> hr,251,110711,107319,23.00,0,17
 0> hr,252,110710,107313,16.00,0,17
 0> hr,253,110723,107328,30.00,0,18
 0> hr,254,110741,107323,23.00,0,18
 0> hr,255,110731,107319,18.00,0,18
 0> hr,256,110744,107303,1.00,0,19
 0> hr,257,110740,107304,2.00,0,19
 0> hr,258,110740,107309,7.00,0,19
 0> hr,259,110729,107303,1.00,0,19
 0> hr,260,110727,107303,1.00,0,19
 0> hr,261,110741,107301,0.00,0,19
 0> hr,262,110751,107309,7.00,0,19
 0> hr,263,110751,107307,4.00,0,19
 0> hr,264,110751,107305,2.00,0,18
 0> hr,265,110753,107305,2.00,0,18
 0> hr,266,110761,107291,-11.00,0,18
 0> hr,267,110767,107303,0.00,0,17
 0> hr,268,110752,107295,-7.00,0,17
 0> hr,269,110770,107300,-1.00,0,16
 0> hr,270,110750,107299,-2.00,0,16
 0> hr,271,110741,107313,11.00,0,15
 0> hr,272,110712,107308,5.00,0,15
 0> hr,273,110722,107317,14.00,0,14
 0> hr,274,110724,107310,6.00,0,14
 0> hr,275,110735,107311,7.00,0,14
 0> hr,276,110760,107296,-7.00,0,13
 0> hr,277,110759,107300,-3.00,0,13
 0> hr,278,110765,107295,-8.00,0,12
 0> hr,279,110768,107299,-3.00,0,12
 0> hr,280,110757,107296,-6.00,0,11
 0> hr,281,110771,107300,-2.00,0,10
 0> hr,282,110763,107300,-2.00,0,10
 0> hr,283,110791,107303,0.00,0,9
 0> hr,284,110804,107290,-12.00,0,9
 0> hr,285,110810,107305,3.00,0,8
 0> hr,286,110787,107281,-20.00,0,8
 0> hr,287,110784,107289,-11.00,0,7
 0> hr,288,110767,107303,2.00,0,6
 0> hr,289,110775,107298,-2.00,0,6
 0> hr,290,110796,107298,-2.00,0,5
 0> hr,291,110805,107295,-5.00,0,5
 0> hr,292,110822,107294,-5.00,0,4
 0> hr,293,110842,107282,-17.00,0,3
 0> hr,294,110839,107271,-27.00,0,3
 0> hr,295,110821,107279,-18.00,0,2
 0> hr,296,110819,107290,-6.00,0,2
 0> hr,297,110818,107293,-3.00,0,1
 0> hr,298,110820,107285,-10.00,0,0
 0> hr,299,110833,107294,-1.00,0,0
 0> hr,300,110847,107294,-1.00,0,0
 0> hr,301,110849,107289,-6.00,0,0
 0> hr,302,110832,107288,-6.00,0,-1
 0> hr,303,110833,107296,1.00,0,-1
 0> hr,304,110852,107297,2.00,0,-2
 0> hr,305,110841,107290,-4.00,0,-2
 0> hr,306,110848,107286,-8.00,0,-2
 0> hr,307,110853,107286,-8.00,0,-3
 0> hr,308,110845,107297,3.00,0,-3
 0> hr,309,110840,107293,0.00,0,-3
 0> hr,310,110838,107304,10.00,0,-3
 0> hr,311,110838,107302,7.00,0,-4
 0> hr,312,110842,107297,2.00,0,-4
 0> hr,313,110862,107314,19.00,0,-4
 0> hr,314,110852,107301,5.00,0,-4
 0> hr,315,110854,107301,4.00,0,-4
 0> hr,316,110868,107303,6.00,0,-4
 0> hr,317,110857,107300,3.00,0,-3
 0> hr,318,110834,107306,9.00,0,-3
 0> hr,319,110854,107296,-1.00,0,-3
 0> hr,320,110868,107303,5.00,0,-3
 0> hr,321,110870,107305,7.00,0,-3
 0> hr,322,110880,107300,2.00,0,-3
 0> hr,323,110865,107296,-1.00,0,-2
 0> hr,324,110832,107289,-8.00,0,-2
 0> hr,325,110843,107306,8.00,0,-2
 0> hr,326,110853,107313,15.00,0,-2
 0> hr,327,110847,107313,14.00,0,-2
 0> hr,328,110857,107314,14.00,0,-1
 0> hr,329,110853,107323,22.00,0,-1
 0> hr,330,110841,107321,19.00,0,-1
 0> hr,331,110837,107313,10.00,0,0
 0> hr,332,110837,107326,23.00,0,0
 0> hr,333,110823,107328,24.00,0,0
 0> hr,334,110837,107344,38.00,0,0
 0> hr,335,110836,107325,17.00,0,1
 0> hr,336,110839,107328,20.00,0,1
 0> hr,337,110867,107321,12.00,0,2
 0> hr,338,110863,107329,19.00,0,3
 0> hr,339,110856,107336,25.00,0,3
 0> hr,340,110843,107331,19.00,0,4
 0> hr,341,110830,107325,12.00,0,5
 0> hr,342,110830,107338,24.00,0,5
 0> hr,343,110816,107323,8.00,0,6
 0> hr,344,110815,107308,-7.00,0,6
 0> hr,345,110797,107312,-2.00,0,7
 0> hr,346,110795,107326,11.00,0,7
 0> hr,347,110804,107319,3.00,0,8
 0> hr,348,110794,107319,3.00,0,8
 0> hr,349,110773,107301,-14.00,0,8
 0> hr,350,110787,107321,6.00,0,9
 0> hr,351,110796,107322,6.00,0,9
 0> hr,352,110796,107316,0.00,0,9
 0> hr,353,110800,107297,-18.00,0,9
 0> hr,354,110794,107308,-6.00,0,9
 0> hr,355,110803,107315,0.00,0,9
 0> hr,356,110793,107308,-6.00,0,9
 0> hr,357,110812,107320,6.00,0,9
 0> hr,358,110813,107310,-4.00,0,8
 0> hr,359,110789,107313,-1.00,0,8
 0> hr,360,110777,107301,-12.00,0,8
 0> hr,361,110793,107316,2.00,0,8
 0> hr,362,110789,107314,0.00,0,7
 0> hr,363,110805,107311,-2.00,0,7
 0> hr,364,110816,107311,-2.00,0,7
 0> hr,365,110819,107299,-14.00,0,7
 0> hr,366,110819,107306,-6.00,0,6
 0> hr,367,110814,107313,0.00,0,6
 0> hr,368,110801,107315,2.00,0,5
 0> hr,369,110808,107309,-3.00,0,5
 0> hr,370,110819,107313,0.00,0,5
 0> hr,371,110835,107315,2.00,0,4
 0> hr,372,110848,107308,-4.00,0,4
 0> hr,373,110857,107300,-12.00,0,4
 0> hr,374,110862,107297,-14.00,0,3
 0> hr,375,110856,107306,-4.00,0,3
 0> hr,376,110856,107294,-16.00,0,3
 0> hr,377,110857,107301,-8.00,0,2
 0> hr,378,110870,107296,-13.00,0,2
 0> hr,379,110896,107298,-10.00,0,1
 0> hr,380,110891,107302,-6.00,0,1
 0> hr,381,110904,107305,-2.00,0,0
 0> hr,382,110905,107298,-9.00,0,0
 0> hr,383,110918,107314,6.00,0,0
 0> hr,384,110920,107318,10.00,0,0
 0> hr,385,110915,107300,-8.00,0,0
 0> hr,386,110915,107308,0.00,0,0
 0> hr,387,110915,107304,-3.00,0,-1
 0> hr,388,110934,107308,0.00,0,-1
 0> hr,389,110946,107299,-8.00,0,-1
 0> hr,390,110955,107300,-7.00,0,-1
 0> hr,391,110944,107294,-12.00,0,-2
 0> hr,392,110947,107312,5.00,0,-2
 0> hr,393,110935,107293,-13.00,0,-2
 0> hr,394,110943,107296,-9.00,0,-2
 0> hr,395,110937,107307,1.00,0,-3
 0> hr,396,110954,107293,-12.00,0,-3
 0> hr,397,110953,107292,-12.00,0,-3
 0> hr,398,110943,107290,-14.00,0,-3
 0> hr,399,110958,107297,-6.00,0,-3
 0> hr,400,110943,107297,-6.00,0,-4
 0> hr,401,110947,107312,9.00,0,-4
 0> hr,402,110945,107296,-7.00,0,-4
 0> hr,403,110955,107301,-1.00,0,-4
 0> hr,404,110958,107296,-6.00,0,-4
 0> hr,405,110939,107304,1.00,0,-4
 0> hr,406,110946,107304,1.00,0,-4
 0> hr,407,110930,107320,17.00,0,-4
 0> hr,408,110932,107297,-6.00,0,-4
 0> hr,409,110913,107313,9.00,0,-4
 0> hr,410,110935,107314,10.00,0,-4
 0> hr,411,110933,107305,0.00,0,-4
 0> hr,412,110945,107301,-3.00,0,-4
 0> hr,413,110958,107293,-11.00,0,-4
 0> hr,414,110935,107285,-18.00,0,-4
 0> hr,415,110945,107298,-4.00,0,-4
 0> hr,416,110917,107315,12.00,0,-4
 0> hr,417,110900,107291,-11.00,0,-4
 0> hr,418,110890,107296,-6.00,0,-4
 0> hr,419,110874,107306,3.00,0,-4
 0> hr,420,110863,107301,-1.00,0,-4
 0> hr,421,110864,107320,17.00,0,-3
 0> hr,422,110865,107326,22.00,0,-3
 0> hr,423,110862,107335,30.00,0,-3
 0> hr,424,110876,107328,22.00,0,-3
 0> hr,425,110896,107330,23.00,0,-2
 0> hr,426,110890,107316,7.00,0,-2
 0> hr,427,110879,107317,8.00,0,-1
 0> hr,428,110867,107340,31.00,0,-1
 0> hr,429,110865,107360,49.00,0,0
 0> hr,430,110876,107349,36.00,0,0
 0> hr,431,110885,107343,28.00,0,0
 0> hr,432,110900,107335,18.00,0,1
 0> hr,433,110911,107345,27.00,0,2
 0> hr,434,110927,107335,16.00,0,2
 0> hr,435,110923,107336,16.00,0,3
 0> hr,436,110925,107337,16.00,0,4
 0> hr,437,110928,107340,19.00,0,5
 0> hr,438,110917,107339,17.00,0,6
 0> hr,439,110909,107341,18.00,0,6
 0> hr,440,110923,107350,26.00,0,7
 0> hr,441,110918,107316,-8.00,0,8
 0> hr,442,110915,107327,2.00,0,8
 0> hr,443,110923,107334,9.00,0,9
 0> hr,444,110903,107335,9.00,0,9
 0> hr,445,110899,107334,8.00,0,10
 0> hr,446,110915,107336,9.00,0,10
 0> hr,447,110906,107343,16.00,0,10
 0> hr,448,110930,107320,-7.00,0,11
 0> hr,449,110941,107323,-3.00,0,11
 0> hr,450,110953,107317,-9.00,0,11
 0> hr,451,110942,107313,-13.00,0,11
 0> hr,452,110919,107306,-19.00,0,11
 0> hr,453,110897,107309,-15.00,0,11
 0> hr,454,110898,107338,14.00,0,11
 0> hr,455,110902,107311,-13.00,0,11
 0> hr,456,110891,107310,-13.00,0,10
 0> hr,457,110899,107311,-12.00,0,10
 0> hr,458,110889,107312,-10.00,0,10
 0> hr,459,110891,107316,-6.00,0,9
 0> hr,460,110896,107296,-25.00,0,9
 0> hr,461,110896,107308,-12.00,0,8
 0> hr,462,110893,107304,-15.00,0,8
 0> hr,463,110903,107317,-2.00,0,7
 0> hr,464,110911,107308,-10.00,0,6
 0> hr,465,110902,107317,-1.00,0,6
 0> hr,466,110908,107306,-12.00,0,5
 0> hr,467,110899,107309,-8.00,0,5
 0> hr,468,110907,107308,-9.00,0,4
 0> hr,469,110906,107309,-7.00,0,3
 0> hr,470,110924,107298,-18.00,0,3
 0> hr,471,110932,107322,6.00,0,2
 0> hr,472,110937,107307,-8.00,0,2
 0> hr,473,110951,107318,2.00,0,1
 0> hr,474,110940,107312,-3.00,0,1
 0> hr,475,110935,107323,7.00,0,0
 0> hr,476,110918,107321,5.00,0,0
 0> hr,477,110904,107318,2.00,0,0
 0> hr,478,110921,107306,-10.00,0,0
 0> hr,479,110948,107311,-4.00,0,0
 0> hr,480,110962,107323,7.00,0,-1
 0> hr,481,110977,107309,-6.00,0,-1
 0> hr,482,110965,107312,-3.00,0,-1
 0> hr,483,110967,107314,-1.00,0,-1
 0> hr,484,110958,107303,-12.00,0,-2
 0> hr,485,110965,107309,-5.00,0,-2
 0> hr,486,110963,107314,0.00,0,-2
 0> hr,487,110962,107295,-19.00,0,-2
 0> hr,488,110948,107312,-1.00,0,-2
 0> hr,489,110962,107314,0.00,0,-3
 0> hr,490,110966,107322,8.00,0,-3
 0> hr,491,110979,107309,-4.00,0,-3
 0> hr,492,111005,107301,-12.00,0,-3
 0> hr,493,111007,107312,0.00,0,-3
 0> hr,494,111013,107305,-7.00,0,-3
 0> hr,495,111006,107306,-6.00,0,-3
 0> hr,496,111009,107323,10.00,0,-4
 0> hr,497,111005,107335,22.00,0,-4
 0> hr,498,111017,107312,-1.00,0,-4
 0> hr,499,111025,107307,-6.00,0,-4
 0> hr,500,111036,107328,14.00,0,-3
 0> hr,501,111067,107302,-12.00,0,-3
 0> hr,502,111081,107317,3.00,0,-3
 0> hr,503,111070,107319,5.00,0,-3
 0> hr,504,111068,107313,0.00,0,-3
 0> hr,505,111083,107320,6.00,0,-3
 0> hr,506,111094,107325,10.00,0,-3
 0> hr,507,111114,107332,17.00,0,-3
 0> hr,508,111128,107326,10.00,0,-2
 0> hr,509,111146,107316,0.00,0,-2
 0> hr,510,111151,107323,6.00,0,-2
 0> hr,511,111141,107323,6.00,0,-2
 0> hr,512,111122,107333,16.00,0,-1
 0> hr,513,111099,107339,21.00,0,-1
 0> hr,514,111073,107343,24.00,0,-1
 0> hr,515,111087,107347,27.00,0,0
 0> hr,516,111081,107336,14.00,0,0
 0> hr,517,111068,107347,25.00,0,0
 0> hr,518,111058,107350,26.00,0,0
 0> hr,519,111047,107349,24.00,0,1
 0> hr,520,111051,107348,22.00,0,2
 0> hr,521,111050,107344,17.00,0,2
 0> hr,522,111053,107355,27.00,0,3
 0> hr,523,111053,107361,31.00,0,4
 0> hr,524,111041,107361,30.00,0,4
 0> hr,525,111046,107347,14.00,0,5
 0> hr,526,111037,107362,29.00,0,6
 0> hr,527,111043,107356,21.00,0,7
 0> hr,528,111045,107364,28.00,0,7
 0> hr,529,111037,107352,15.00,0,8
 0> hr,530,111055,107353,15.00,0,9
 0> hr,531,111042,107350,11.00,0,10
 0> hr,532,111022,107341,1.00,0,10
 0> hr,533,111038,107351,11.00,0,11
 0> hr,534,111032,107364,24.00,0,11
 0> hr,535,111034,107359,18.00,0,12
 0> hr,536,111018,107355,13.00,0,12
 0> hr,537,111021,107360,17.00,0,13
 0> hr,538,111019,107354,10.00,0,13
 0> hr,539,111001,107364,20.00,0,13
 0> hr,540,111003,107361,16.00,0,14
 0> hr,541,111016,107332,-13.00,0,14
 0> hr,542,111040,107338,-7.00,0,14
 0> hr,543,111055,107338,-6.00,0,14
 0> hr,544,111065,107341,-3.00,0,14
 0> hr,545,111035,107340,-4.00,0,14
 0> hr,546,111019,107344,0.00,0,14
 0> hr,547,111008,107339,-4.00,0,14
 0> hr,548,111011,107338,-5.00,0,14
 0> hr,549,111007,107349,5.00,0,14
 0> hr,550,111006,107353,9.00,0,13
 0> hr,551,111001,107342,-2.00,0,13
 0> hr,552,111018,107337,-7.00,0,13
 0> hr,553,111011,107346,2.00,0,12
 0> hr,554,111009,107342,-1.00,0,12
 0> hr,555,110999,107357,13.00,0,12
 0> hr,556,111004,107352,7.00,0,11
 0> hr,557,111001,107341,-3.00,0,11
 0> hr,558,110999,107345,0.00,0,10
 0> hr,559,111019,107334,-10.00,0,10
 0> hr,560,111015,107341,-3.00,0,10
 0> hr,561,110999,107320,-23.00,0,9
 0> hr,562,111005,107328,-14.00,0,9
 0> hr,563,111009,107320,-21.00,0,8
 0> hr,564,111018,107326,-14.00,0,7
 0> hr,565,111032,107336,-4.00,0,7
 0> hr,566,111021,107325,-14.00,0,6
 0> hr,567,111023,107325,-14.00,0,6
 0> hr,568,111021,107328,-10.00,0,5
 0> hr,569,111018,107328,-9.00,0,4
 0> hr,570,111036,107324,-13.00,0,3
 0> hr,571,111037,107329,-7.00,0,3
 0> hr,572,111074,107326,-10.00,0,2
 0> hr,573,111079,107328,-7.00,0,1
 0> hr,574,111079,107319,-16.00,0,1
 0> hr,575,111089,107349,14.00,0,0
 0> hr,576,111092,107337,1.00,0,0
 0> hr,577,111086,107333,-2.00,0,0
 0> hr,578,111092,107346,10.00,0,0
 0> hr,579,111094,107339,3.00,0,-1
 0> hr,580,111107,107342,5.00,0,-1
 0> hr,581,111114,107349,12.00,0,-1
 0> hr,582,111110,107353,16.00,0,-1
 0> hr,583,111113,107351,13.00,0,-2
 0> hr,584,111118,107359,20.00,0,-2
 0> hr,585,111120,107348,8.00,0,-2
 0> hr,586,111135,107348,8.00,0,-2
 0> hr,587,111135,107339,-1.00,0,-1
 0> hr,588,111117,107354,13.00,0,-1
 0> hr,589,111108,107340,0.00,0,-1
 0> hr,590,111089,107339,-1.00,0,-1
 0> hr,591,111103,107341,0.00,0,-1
 0> hr,592,111104,107335,-5.00,0,-1
 0> hr,593,111095,107348,7.00,0,-1
 0> hr,594,111118,107338,-2.00,0,-1
 0> hr,595,111138,107334,-6.00,0,0
 0> hr,596,111146,107325,-15.00,0,0
 0> hr,597,111134,107337,-2.00,0,0
 0> hr,598,111121,107326,-13.00,0,0
 0> hr,599,111139,107355,16.00,0,0
 0> hr,600,111154,107352,12.00,0,0
 0> hr,601,111160,107343,2.00,0,0
 0> hr,602,111154,107342,1.00,0,0
 0> hr,603,111151,107348,7.00,0,0
 0> hr,604,111146,107327,-13.00,0,0
 0> hr,605,111130,107342,1.00,0,0
 0> hr,606,111124,107345,4.00,0,0
 0> hr,607,111118,107356,15.00,0,0
 0> hr,608,111120,107350,8.00,0,0
 0> hr,609,111115,107358,16.00,0,0
 0> hr,610,111102,107358,15.00,0,0
 0> hr,611,111109,107358,14.00,0,0
 0> hr,612,111119,107371,26.00,0,0
 0> hr,613,111122,107363,17.00,0,0
 0> hr,614,111122,107373,26.00,0,1
 0> hr,615,111134,107380,32.00,0,1
 0> hr,616,111126,107368,18.00,0,2
 0> hr,617,111118,107380,29.00,0,2
 0> hr,618,111113,107387,35.00,0,3
 0> hr,619,111124,107377,23.00,0,3
 0> hr,620,111104,107376,21.00,0,4
 0> hr,621,111111,107386,30.00,0,5
 0> hr,622,111114,107391,33.00,0,6
 0> hr,623,111110,107381,22.00,0,6
 0> hr,624,111110,107376,16.00,0,7
 0> hr,625,111100,107370,9.00,0,8
 0> hr,626,111082,107377,15.00,0,8
 0> hr,627,111066,107385,22.00,0,9
 0> hr,628,111067,107375,11.00,0,10
 0> hr,629,111059,107382,18.00,0,10
 0> hr,630,111053,107387,22.00,0,11
 0> hr,631,111061,107370,4.00,0,11
 0> hr,632,111077,107362,-4.00,0,12
 0> hr,633,111080,107354,-11.00,0,12
 0> hr,634,111089,107370,4.00,0,12
 0> hr,635,111102,107353,-12.00,0,12
 0> hr,636,111106,107348,-16.00,0,13
 0> hr,637,111082,107348,-15.00,0,13
 0> hr,638,111076,107355,-8.00,0,12
 0> hr,639,111063,107366,3.00,0,12
 0> hr,640,111065,107352,-10.00,0,12
 0> hr,641,111062,107359,-3.00,0,12
 0> hr,642,111048,107367,4.00,0,11
 0> hr,643,111032,107366,3.00,0,11
 0> hr,644,111031,107370,7.00,0,11
 0> hr,645,111013,107367,3.00,0,10
 0> hr,646,111007,107351,-12.00,0,10
 0> hr,647,111012,107368,5.00,0,10
 0> hr,648,111006,107364,1.00,0,9
 0> hr,649,111011,107366,3.00,0,9
 0> hr,650,111018,107370,6.00,0,9
 0> hr,651,111020,107370,6.00,0,8
 0> hr,652,111019,107359,-4.00,0,8
 0> hr,653,111036,107344,-19.00,0,8
 0> hr,654,111023,107360,-2.00,0,7
 0> hr,655,111045,107374,11.00,0,7
 0> hr,656,111027,107356,-6.00,0,6
 0> hr,657,111045,107354,-8.00,0,6
 0> hr,658,111052,107360,-2.00,0,6
 0> hr,659,111054,107362,0.00,0,5
 0> hr,660,111055,107361,-1.00,0,5
 0> hr,661,111039,107349,-13.00,0,4
 0> hr,662,111052,107365,3.00,0,4
 0> hr,663,111060,107368,6.00,0,4
 0> hr,664,111076,107363,1.00,0,3
 0> hr,665,111085,107362,0.00,0,3
 0> hr,666,111091,107361,0.00,0,3
 0> hr,667,111109,107372,10.00,0,2
 0> hr,668,111088,107361,-1.00,0,2
 0> hr,669,111097,107372,9.00,0,2
 0> hr,670,111110,107360,-2.00,0,2
 0> hr,671,111127,107376,13.00,0,1
 0> hr,672,111113,107367,3.00,0,1
 0> hr,673,111100,107357,-6.00,0,1
 0> hr,674,111103,107365,1.00,0,1
 0> hr,675,111089,107357,-6.00,0,1
 0> hr,676,111094,107356,-6.00,0,1
 0> hr,677,111088,107368,5.00,0,1
 0> hr,678,111086,107369,6.00,0,1
 0> hr,679,111098,107373,9.00,0,0
 0> hr,680,111077,107361,-2.00,0,0
 0> hr,681,111055,107380,16.00,0,0
 0> hr,682,111064,107392,27.00,0,0
 0> hr,683,111067,107385,19.00,0,0
 0> hr,684,111092,107382,15.00,0,1
 0> hr,685,111106,107383,15.00,0,1
 0> hr,686,111107,107384,15.00,0,1
 0> hr,687,111122,107386,16.00,0,1
 0> hr,688,111124,107398,28.00,0,2
 0> hr,689,111131,107373,1.00,0,2
 0> hr,690,111119,107378,6.00,0,2
 0> hr,691,111109,107374,2.00,0,3
 0> hr,692,111101,107386,14.00,0,3
 0> hr,693,111118,107393,20.00,0,3
 0> hr,694,111148,107391,17.00,0,3
 0> hr,695,111187,107368,-6.00,0,4
 0> hr,696,111216,107371,-3.00,0,4
 0> hr,697,111212,107367,-6.00,0,4
 0> hr,698,111193,107365,-8.00,0,4
 0> hr,699,111162,107363,-10.00,0,5
 0> hr,700,111134,107376,3.00,0,5
 0> hr,701,111142,107396,23.00,0,5
 0> hr,702,111155,107405,31.00,0,5
 0> hr,703,111168,107388,12.00,0,5
 0> hr,704,111168,107389,12.00,0,5
 0> hr,705,111178,107395,18.00,0,5
 0> hr,706,111179,107397,19.00,0,6<info> app: .
 0> <info> app: [OK]	HR has been calculated 194491
 0> <info> app: [OK]	LED Power 95
 0> <info> app: [OK]	HR Background stop
 0> <info> app: ^
 0> <info> app: HR A
 0> <info> app: HR C
 0> <info> app: HR D
 0> <info> app: Show HR Result
 0> <info> app: BATT Reading...

# Logging stopped @ 03 Dec 2018 15:07:30
