# SEGGER J-Link RTT Viewer V6.16a Terminal Log File
# Compiled: 12:44:10 on Jun  6 2017
# Logging started @ 03 Dec 2018 15:41:29
 0> <info> app: Right Press
 0> <info> app: Left Press
 0> <info> app: BATT Reading...
 0> <info> app: [OK]	Max30102 Already and background working is begin
 0> 
 0> <info> app: [OK]	HR sample count 707
 0> 
 0> Plus Signal 1, 10
 0> Minus Signal -1, 30
 0> plus_index 10, minus_index 30, Peak Index, 10,11,12,13,14,15,16,17,18,19,20,21,22,23,, AVR Peak Index, 16, HR 0, Reject out of 30-180.
 0> Plus Signal 1, 102
 0> Minus Signal -1, 143
 0> plus_index 102, minus_index 143, Peak Index, 113,114,115,, AVR Peak Index, 114, HR 41
 0> Plus Signal 1, 159
 0> Minus Signal -1, 210
 0> plus_index 159, minus_index 210, Peak Index, 195,196,40,
 0> hr,1,76977,95124,-1.00,0,5
 0> hr,2,76973,95138,0.00,0,19
 0> hr,3,76979,95127,0.00,0,7
 0> hr,4,76968,95112,0.00,0,-8
 0> hr,5,76973,95120,0.00,0,0
 0> hr,6,76968,95122,0.00,0,2
 0> hr,7,76977,95125,0.00,0,5
 0> hr,8,76964,95134,0.00,0,13
 0> hr,9,76975,95117,0.00,0,-3
 0> hr,10,76973,95116,1.00,1,-4
 0> hr,11,76957,95120,1.00,1,0
 0> hr,12,76974,95118,1.00,1,-2
 0> hr,13,76960,95116,1.00,1,-4
 0> hr,14,76964,95115,1.00,1,-5
 0> hr,15,76965,95121,1.00,1,1
 0> hr,16,76968,95108,1.00,1,-11
 0> hr,17,76972,95121,1.00,1,1
 0> hr,18,76969,95111,1.00,1,-8
 0> hr,19,76971,95106,1.00,1,-12
 0> hr,20,76968,95100,1.00,1,-18
 0> hr,21,76966,95116,1.00,1,-1
 0> hr,22,76960,95098,1.00,1,-19
 0> hr,23,76973,95107,1.00,1,-9
 0> hr,24,76957,95099,0.00,0,-16
 0> hr,25,76962,95104,0.00,0,-11
 0> hr,26,76963,95100,0.00,0,-14
 0> hr,27,76955,95105,0.00,0,-8
 0> hr,28,76962,95101,0.00,0,-12
 0> hr,29,76961,95089,0.00,0,-23
 0> hr,30,76958,95091,-1.00,-1,-20
 0> hr,31,76960,95078,-1.00,-1,-32
 0> hr,32,76964,95093,-2.00,-1,-15
 0> hr,33,76957,95073,-2.00,-1,-35
 0> hr,34,76952,95088,-3.00,-1,-18
 0> hr,35,76963,95085,-3.00,-1,-20
 0> hr,36,76965,95087,-4.00,-1,-17
 0> hr,37,76976,95090,-4.00,-1,-13
 0> hr,38,76963,95080,-5.00,-1,-22
 0> hr,39,76961,95084,-6.00,-1,-17
 0> hr,40,76960,95078,-6.00,-1,-22
 0> hr,41,76965,95093,-7.00,-1,-6
 0> hr,42,76962,95084,-7.00,-1,-15
 0> hr,43,76966,95088,-8.00,-1,-10
 0> hr,44,76968,95085,-8.00,-1,-13
 0> hr,45,76977,95089,-9.00,-1,-8
 0> hr,46,76973,95089,-9.00,-1,-7
 0> hr,47,76966,95092,-10.00,-1,-4
 0> hr,48,76963,95081,-10.00,-1,-15
 0> hr,49,76960,95073,-10.00,-1,-22
 0> hr,50,76951,95084,-11.00,-1,-10
 0> hr,51,76965,95077,-11.00,-1,-16
 0> hr,52,76976,95089,-11.00,-1,-4
 0> hr,53,76966,95096,-11.00,-1,3
 0> hr,54,76965,95085,-12.00,-1,-8
 0> hr,55,76972,95080,-12.00,-1,-12
 0> hr,56,76958,95088,-12.00,-1,-4
 0> hr,57,76977,95102,-12.00,-1,10
 0> hr,58,76963,95103,-12.00,-1,10
 0> hr,59,76976,95109,-12.00,-1,16
 0> hr,60,76966,95095,-12.00,-1,1
 0> hr,61,76980,95094,-11.00,-1,0
 0> hr,62,76973,95095,-11.00,-1,1
 0> hr,63,76977,95107,-11.00,-1,13
 0> hr,64,76976,95101,-10.00,-1,6
 0> hr,65,76973,95095,-10.00,-1,0
 0> hr,66,76975,95104,-10.00,-1,9
 0> hr,67,76979,95092,-9.00,-1,-3
 0> hr,68,76979,95098,-9.00,-1,2
 0> hr,69,76980,95112,-8.00,-1,16
 0> hr,70,76982,95092,-8.00,-1,-4
 0> hr,71,76987,95097,-7.00,-1,1
 0> hr,72,76975,95097,-7.00,-1,1
 0> hr,73,76974,95100,-7.00,-1,4
 0> hr,74,76973,95096,-6.00,-1,0
 0> hr,75,76973,95091,-6.00,-1,-5
 0> hr,76,76982,95101,-5.00,-1,5
 0> hr,77,76985,95095,-5.00,-1,-1
 0> hr,78,76988,95099,-4.00,-1,2
 0> hr,79,76974,95106,-4.00,-1,9
 0> hr,80,76979,95092,-4.00,-1,-4
 0> hr,81,76971,95091,-3.00,-1,-5
 0> hr,82,76986,95089,-3.00,-1,-7
 0> hr,83,76984,95097,-3.00,-1,1
 0> hr,84,76986,95089,-2.00,-1,-6
 0> hr,85,76980,95102,-2.00,-1,6
 0> hr,86,76980,95096,-2.00,-1,0
 0> hr,87,76983,95096,-2.00,-1,0
 0> hr,88,76992,95098,-1.00,-1,2
 0> hr,89,76980,95100,-1.00,-1,3
 0> hr,90,76990,95089,-1.00,-1,-7
 0> hr,91,76991,95091,-1.00,-1,-4
 0> hr,92,76982,95099,-1.00,-1,3
 0> hr,93,76985,95096,0.00,0,0
 0> hr,94,76976,95107,0.00,0,11
 0> hr,95,76988,95100,0.00,0,3
 0> hr,96,76990,95105,0.00,0,8
 0> hr,97,76993,95105,0.00,0,8
 0> hr,98,76983,95105,0.00,0,7
 0> hr,99,76993,95113,0.00,0,15
 0> hr,100,76994,95121,0.00,0,22
 0> hr,101,77006,95096,0.00,0,-3
 0> hr,102,76996,95104,1.00,1,4
 0> hr,103,76988,95114,1.00,1,14
 0> hr,104,76987,95110,1.00,1,9
 0> hr,105,76995,95098,1.00,1,-2
 0> hr,106,76998,95095,2.00,1,-5
 0> hr,107,76994,95099,2.00,1,-1
 0> hr,108,77001,95105,2.00,1,4
 0> hr,109,76994,95094,2.00,1,-6
 0> hr,110,77001,95099,2.00,1,-1
 0> hr,111,76993,95099,2.00,1,-1
 0> hr,112,76996,95090,2.00,1,-10
 0> hr,113,76981,95110,3.00,1,10
 0> hr,114,76980,95091,3.00,1,-9
 0> hr,115,76985,95094,3.00,1,-5
 0> hr,116,76990,95092,2.00,1,-7
 0> hr,117,76988,95092,2.00,1,-7
 0> hr,118,76985,95093,2.00,1,-5
 0> hr,119,76985,95098,2.00,1,0
 0> hr,120,76984,95082,2.00,1,-16
 0> hr,121,76988,95089,2.00,1,-8
 0> hr,122,76994,95104,2.00,1,6
 0> hr,123,76994,95092,1.00,1,-5
 0> hr,124,76994,95092,1.00,1,-5
 0> hr,125,76993,95090,1.00,1,-6
 0> hr,126,76995,95088,1.00,1,-8
 0> hr,127,76989,95097,1.00,1,0
 0> hr,128,76994,95088,0.00,0,-8
 0> hr,129,77000,95100,0.00,0,4
 0> hr,130,76995,95102,0.00,0,5
 0> hr,131,77011,95091,0.00,0,-5
 0> hr,132,76986,95096,0.00,0,0
 0> hr,133,76996,95095,0.00,0,-1
 0> hr,134,77004,95087,0.00,0,-8
 0> hr,135,77004,95090,0.00,0,-5
 0> hr,136,77003,95101,0.00,0,5
 0> hr,137,77011,95092,0.00,0,-3
 0> hr,138,77011,95107,0.00,0,11
 0> hr,139,77002,95099,0.00,0,3
 0> hr,140,77002,95083,0.00,0,-13
 0> hr,141,77008,95093,0.00,0,-2
 0> hr,142,77005,95104,0.00,0,8
 0> hr,143,77009,95098,-1.00,-1,2
 0> hr,144,77009,95111,-1.00,-1,15
 0> hr,145,77011,95100,-1.00,-1,3
 0> hr,146,76997,95104,-1.00,-1,7
 0> hr,147,77006,95093,0.00,0,-4
 0> hr,148,77002,95100,0.00,0,3
 0> hr,149,77015,95093,0.00,0,-4
 0> hr,150,77011,95103,0.00,0,6
 0> hr,151,77005,95117,0.00,0,19
 0> hr,152,77008,95107,0.00,0,8
 0> hr,153,77008,95115,0.00,0,16
 0> hr,154,77005,95115,0.00,0,15
 0> hr,155,77003,95116,0.00,0,15
 0> hr,156,77004,95106,0.00,0,4
 0> hr,157,77005,95117,0.00,0,15
 0> hr,158,77004,95118,0.00,0,15
 0> hr,159,77018,95106,1.00,1,3
 0> hr,160,77018,95107,1.00,1,3
 0> hr,161,77006,95107,1.00,1,3
 0> hr,162,77017,95115,2.00,1,11
 0> hr,163,77022,95107,2.00,1,3
 0> hr,164,77016,95096,2.00,1,-8
 0> hr,165,77005,95111,2.00,1,7
 0> hr,166,77026,95124,3.00,1,19
 0> hr,167,77020,95113,3.00,1,7
 0> hr,168,77008,95113,3.00,1,7
 0> hr,169,77011,95114,3.00,1,8
 0> hr,170,77014,95119,3.00,1,12
 0> hr,171,77019,95115,4.00,1,8
 0> hr,172,77015,95102,4.00,1,-5
 0> hr,173,77012,95116,4.00,1,8
 0> hr,174,77013,95122,4.00,1,14
 0> hr,175,77011,95114,4.00,1,5
 0> hr,176,77020,95116,5.00,1,7
 0> hr,177,77018,95111,5.00,1,2
 0> hr,178,77023,95122,5.00,1,13
 0> hr,179,77015,95113,5.00,1,3
 0> hr,180,77009,95132,5.00,1,22
 0> hr,181,77018,95120,5.00,1,9
 0> hr,182,77015,95129,6.00,1,17
 0> hr,183,77020,95122,6.00,1,9
 0> hr,184,77007,95136,6.00,1,23
 0> hr,185,77021,95134,6.00,1,20
 0> hr,186,77018,95128,7.00,1,13
 0> hr,187,76999,95128,7.00,1,12
 0> hr,188,77025,95131,7.00,1,14
 0> hr,189,77006,95127,7.00,1,10
 0> hr,190,77015,95139,8.00,1,21
 0> hr,191,77015,95114,8.00,1,-4
 0> hr,192,77022,95129,8.00,1,10
 0> hr,193,77017,95124,8.00,1,5
 0> hr,194,77020,95123,8.00,1,3
 0> hr,195,77009,95111,9.00,1,-8
 0> hr,196,77013,95111,9.00,1,-7
 0> hr,197,77021,95109,9.00,1,-9
 0> hr,198,77015,95106,9.00,1,-11
 0> hr,199,77021,95098,8.00,1,-19
 0> hr,200,77016,95109,8.00,1,-7
 0> hr,201,77012,95121,8.00,1,4
 0> hr,202,77021,95129,8.00,1,12
 0> hr,203,77017,95116,7.00,1,0
 0> hr,204,77024,95121,7.00,1,4
 0> hr,205,77020,95111,7.00,1,-6
 0> hr,206,77027,95106,7.00,1,-10
 0> hr,207,77017,95103,6.00,0,-13
 0> hr,208,77020,95106,6.00,0,-9
 0> hr,209,77024,95108,6.00,0,-7
 0> hr,210,77015,95113,5.00,-1,-1
 0> hr,211,77021,95105,5.00,-1,-9
 0> hr,212,77016,95106,4.00,0,-8
 0> hr,213,77028,95092,4.00,0,-21
 0> hr,214,77028,95120,3.00,0,7
 0> hr,215,77016,95107,3.00,0,-6
 0> hr,216,77027,95106,3.00,0,-6
 0> hr,217,77028,95122,2.00,0,9
 0> hr,218,77027,95098,2.00,0,-14
 0> hr,219,77020,95107,1.00,-1,-5
 0> hr,220,77030,95090,1.00,0,-21
 0> hr,221,77019,95102,1.00,0,-8
 0> hr,222,77020,95107,0.00,0,-3
 0> hr,223,77029,95098,0.00,0,-12
 0> hr,224,77035,95114,0.00,0,4
 0> hr,225,77033,95105,0.00,0,-4
 0> hr,226,77037,95111,0.00,0,1
 0> hr,227,77047,95102,-1.00,0,-7
 0> hr,228,77031,95098,-1.00,-1,-11
 0> hr,229,77024,95097,-1.00,0,-11
 0> hr,230,77034,95100,-2.00,-1,-8
 0> hr,231,77027,95102,-2.00,0,-5
 0> hr,232,77029,95106,-2.00,0,-1
 0> hr,233,77033,95101,-3.00,0,-6
 0> hr,234,77037,95110,-3.00,0,2
 0> hr,235,77038,95106,-3.00,0,-1
 0> hr,236,77031,95109,-3.00,0,1
 0> hr,237,77040,95121,-3.00,0,13
 0> hr,238,77038,95107,-4.00,0,0
 0> hr,239,77031,95099,-4.00,-1,-8
 0> hr,240,77033,95097,-4.00,0,-10
 0> hr,241,77038,95114,-4.00,0,7
 0> hr,242,77032,95101,-4.00,0,-6
 0> hr,243,77031,95102,-4.00,0,-4
 0> hr,244,77032,95090,-4.00,0,-16
 0> hr,245,77037,95102,-4.00,0,-3
 0> hr,246,77029,95094,-4.00,0,-11
 0> hr,247,77037,95106,-4.00,0,0
 0> hr,248,77033,95100,-4.00,0,-5
 0> hr,249,77024,95098,-4.00,0,-6
 0> hr,250,77034,95105,-4.00,0,0
 0> hr,251,77036,95095,-4.00,0,-9
 0> hr,252,77047,95116,-4.00,0,11
 0> hr,253,77038,95113,-4.00,0,8
 0> hr,254,77041,95114,-4.00,0,8
 0> hr,255,77038,95107,-4.00,0,1
 0> hr,256,77034,95102,-4.00,0,-3
 0> hr,257,77033,95108,-4.00,0,2
 0> hr,258,77037,95113,-4.00,0,7
 0> hr,259,77031,95114,-4.00,0,8
 0> hr,260,77035,95120,-3.00,1,13
 0> hr,261,77045,95109,-3.00,1,1
 0> hr,262,77036,95106,-3.00,0,-1
 0> hr,263,77036,95109,-3.00,0,1
 0> hr,264,77049,95125,-2.00,0,17
 0> hr,265,77049,95113,-2.00,0,4
 0> hr,266,77041,95125,-2.00,0,16
 0> hr,267,77049,95111,-2.00,0,1
 0> hr,268,77032,95123,-1.00,0,13
 0> hr,269,77040,95126,-1.00,0,16
 0> hr,270,77038,95136,-1.00,0,25
 0> hr,271,77045,95118,0.00,0,6
 0> hr,272,77036,95117,0.00,0,4
 0> hr,273,77045,95115,0.00,0,2
 0> hr,274,77031,95117,0.00,0,4
 0> hr,275,77035,95113,0.00,0,0
 0> hr,276,77033,95099,1.00,0,-13
 0> hr,277,77035,95107,1.00,1,-5
 0> hr,278,77047,95111,1.00,0,0
 0> hr,279,77036,95117,1.00,0,5
 0> hr,280,77040,95103,2.00,0,-9
 0> hr,281,77040,95103,2.00,0,-8
 0> hr,282,77049,95100,2.00,0,-11
 0> hr,283,77040,95094,2.00,0,-16
 0> hr,284,77043,95106,2.00,0,-3
 0> hr,285,77044,95099,2.00,0,-10
 0> hr,286,77032,95101,2.00,0,-8
 0> hr,287,77034,95104,1.00,-1,-4
 0> hr,288,77029,95096,1.00,-1,-12
 0> hr,289,77037,95110,1.00,0,2
 0> hr,290,77036,95083,1.00,0,-24
 0> hr,291,77031,95104,1.00,0,-2
 0> hr,292,77027,95101,0.00,0,-5
 0> hr,293,77033,95097,0.00,-1,-9
 0> hr,294,77047,95088,0.00,0,-17
 0> hr,295,77042,95094,0.00,0,-10
 0> hr,296,77037,95085,0.00,0,-19
 0> hr,297,77034,95097,0.00,0,-6
 0> hr,298,77040,95082,0.00,0,-21
 0> hr,299,77031,95093,-1.00,-1,-9
 0> hr,300,77040,95080,-1.00,-1,-21
 0> hr,301,77034,95070,-2.00,-1,-30
 0> hr,302,77032,95089,-2.00,-1,-9
 0> hr,303,77030,95089,-3.00,-1,-9
 0> hr,304,77033,95087,-3.00,-1,-11
 0> hr,305,77030,95090,-4.00,-1,-7
 0> hr,306,77037,95083,-4.00,-1,-14
 0> hr,307,77044,95078,-4.00,-1,-18
 0> hr,308,77034,95070,-5.00,-1,-25
 0> hr,309,77026,95076,-5.00,-1,-18
 0> hr,310,77051,95075,-6.00,-1,-18
 0> hr,311,77054,95072,-6.00,-1,-20
 0> hr,312,77038,95083,-7.00,-1,-8
 0> hr,313,77037,95080,-7.00,-1,-10
 0> hr,314,77032,95071,-8.00,-1,-19
 0> hr,315,77044,95093,-8.00,-1,3
 0> hr,316,77033,95087,-8.00,-1,-2
 0> hr,317,77044,95086,-9.00,-1,-3
 0> hr,318,77050,95083,-9.00,-1,-6
 0> hr,319,77043,95090,-9.00,-1,1
 0> hr,320,77033,95095,-9.00,-1,5
 0> hr,321,77037,95086,-9.00,-1,-3
 0> hr,322,77044,95081,-9.00,-1,-8
 0> hr,323,77038,95094,-9.00,-1,5
 0> hr,324,77035,95077,-9.00,-1,-12
 0> hr,325,77040,95104,-9.00,-1,15
 0> hr,326,77038,95092,-9.00,-1,2
 0> hr,327,77044,95087,-9.00,-1,-2
 0> hr,328,77038,95090,-9.00,-1,0
 0> hr,329,77041,95091,-9.00,-1,1
 0> hr,330,77038,95083,-9.00,-1,-6
 0> hr,331,77034,95087,-8.00,-1,-2
 0> hr,332,77038,95078,-8.00,-1,-10
 0> hr,333,77046,95082,-8.00,-1,-6
 0> hr,334,77044,95079,-8.00,-1,-9
 0> hr,335,77033,95086,-8.00,-1,-1
 0> hr,336,77037,95080,-8.00,-1,-7
 0> hr,337,77036,95092,-7.00,-1,4
 0> hr,338,77037,95084,-7.00,-1,-3
 0> hr,339,77046,95096,-7.00,-1,8
 0> hr,340,77039,95076,-7.00,-1,-11
 0> hr,341,77042,95082,-7.00,-1,-5
 0> hr,342,77030,95079,-6.00,-1,-7
 0> hr,343,77040,95070,-6.00,-1,-16
 0> hr,344,77038,95085,-6.00,-1,0
 0> hr,345,77030,95092,-6.00,-1,6
 0> hr,346,77037,95092,-6.00,-1,6
 0> hr,347,77049,95105,-6.00,-1,18
 0> hr,348,77038,95088,-5.00,-1,0
 0> hr,349,77045,95098,-5.00,-1,10
 0> hr,350,77039,95099,-5.00,-1,11
 0> hr,351,77044,95086,-4.00,-1,-2
 0> hr,352,77046,95093,-4.00,-1,4
 0> hr,353,77044,95103,-4.00,-1,14
 0> hr,354,77039,95092,-3.00,-1,2
 0> hr,355,77033,95092,-3.00,-1,2
 0> hr,356,77052,95096,-3.00,-1,6
 0> hr,357,77043,95089,-2.00,-1,0
 0> hr,358,77037,95094,-2.00,-1,4
 0> hr,359,77045,95090,-2.00,-1,0
 0> hr,360,77029,95099,-1.00,-1,9
 0> hr,361,77026,95083,-1.00,-1,-7
 0> hr,362,77047,95088,-1.00,-1,-2
 0> hr,363,77031,95082,0.00,0,-7
 0> hr,364,77031,95079,0.00,0,-10
 0> hr,365,77027,95082,0.00,0,-6
 0> hr,366,77042,95089,0.00,0,0
 0> hr,367,77044,95074,0.00,0,-14
 0> hr,368,77029,95076,0.00,0,-11
 0> hr,369,77049,95081,0.00,0,-6
 0> hr,370,77026,95066,0.00,0,-21
 0> hr,371,77042,95069,0.00,0,-16
 0> hr,372,77030,95064,0.00,0,-21
 0> hr,373,77037,95067,0.00,0,-17
 0> hr,374,77037,95067,0.00,0,-16
 0> hr,375,77040,95069,-1.00,-1,-13
 0> hr,376,77045,95060,-1.00,-1,-21
 0> hr,377,77038,95061,-1.00,-1,-19
 0> hr,378,77034,95057,-2.00,-1,-22
 0> hr,379,77037,95055,-2.00,-1,-23
 0> hr,380,77038,95062,-3.00,-1,-15
 0> hr,381,77036,95057,-3.00,-1,-19
 0> hr,382,77035,95047,-4.00,-1,-28
 0> hr,383,77045,95050,-4.00,-1,-24
 0> hr,384,77045,95055,-5.00,-1,-17
 0> hr,385,77042,95053,-5.00,-1,-19
 0> hr,386,77037,95063,-6.00,-1,-8
 0> hr,387,77040,95057,-6.00,-1,-13
 0> hr,388,77036,95058,-7.00,-1,-12
 0> hr,389,77048,95055,-7.00,-1,-14
 0> hr,390,77037,95056,-8.00,-1,-12
 0> hr,391,77034,95063,-8.00,-1,-5
 0> hr,392,77040,95039,-9.00,-1,-28
 0> hr,393,77042,95046,-9.00,-1,-20
 0> hr,394,77041,95044,-10.00,-1,-21
 0> hr,395,77042,95044,-10.00,-1,-20
 0> hr,396,77039,95051,-10.00,-1,-12
 0> hr,397,77036,95059,-11.00,-1,-3
 0> hr,398,77046,95051,-11.00,-1,-11
 0> hr,399,77048,95077,-11.00,-1,15
 0> hr,400,77045,95060,-12.00,-1,-2
 0> hr,401,77042,95057,-12.00,-1,-5
 0> hr,402,77055,95058,-12.00,-1,-4
 0> hr,403,77046,95056,-12.00,-1,-6
 0> hr,404,77042,95055,-12.00,-1,-6
 0> hr,405,77042,95061,-12.00,-1,0
 0> hr,406,77041,95051,-12.00,-1,-10
 0> hr,407,77047,95054,-12.00,-1,-6
 0> hr,408,77050,95060,-12.00,-1,0
 0> hr,409,77051,95055,-12.00,-1,-5
 0> hr,410,77050,95070,-11.00,-1,9
 0> hr,411,77043,95063,-11.00,-1,2
 0> hr,412,77047,95071,-11.00,-1,10
 0> hr,413,77045,95068,-11.00,-1,6
 0> hr,414,77038,95061,-10.00,-1,0
 0> hr,415,77041,95067,-10.00,-1,5
 0> hr,416,77042,95067,-10.00,-1,5
 0> hr,417,77045,95069,-9.00,-1,6
 0> hr,418,77042,95061,-9.00,-1,-1
 0> hr,419,77054,95063,-8.00,-1,0
 0> hr,420,77052,95066,-8.00,-1,3
 0> hr,421,77038,95069,-8.00,-1,6
 0> hr,422,77055,95059,-7.00,-1,-3
 0> hr,423,77053,95058,-7.00,-1,-4
 0> hr,424,77049,95068,-6.00,-1,5
 0> hr,425,77059,95063,-6.00,-1,0
 0> hr,426,77048,95071,-5.00,-1,8
 0> hr,427,77051,95078,-5.00,-1,14
 0> hr,428,77060,95069,-5.00,-1,5
 0> hr,429,77059,95072,-4.00,-1,7
 0> hr,430,77055,95078,-4.00,-1,13
 0> hr,431,77056,95067,-3.00,-1,1
 0> hr,432,77053,95086,-3.00,-1,20
 0> hr,433,77054,95082,-2.00,-1,15
 0> hr,434,77058,95084,-2.00,-1,16
 0> hr,435,77061,95073,-1.00,0,4
 0> hr,436,77055,95079,-1.00,-1,10
 0> hr,437,77053,95073,0.00,0,4
 0> hr,438,77057,95070,0.00,0,1
 0> hr,439,77066,95059,0.00,0,-10
 0> hr,440,77041,95070,0.00,0,1
 0> hr,441,77051,95072,1.00,0,3
 0> hr,442,77068,95076,1.00,0,7
 0> hr,443,77061,95084,1.00,0,14
 0> hr,444,77065,95076,2.00,0,6
 0> hr,445,77055,95069,2.00,0,-1
 0> hr,446,77053,95070,2.00,0,0
 0> hr,447,77060,95074,3.00,0,3
 0> hr,448,77045,95052,3.00,0,-18
 0> hr,449,77058,95066,3.00,0,-3
 0> hr,450,77049,95060,3.00,0,-9
 0> hr,451,77049,95062,3.00,0,-6
 0> hr,452,77066,95052,3.00,0,-16
 0> hr,453,77059,95052,3.00,0,-15
 0> hr,454,77050,95055,3.00,0,-11
 0> hr,455,77053,95053,3.00,0,-13
 0> hr,456,77047,95058,2.00,-1,-7
 0> hr,457,77054,95064,2.00,-1,-1
 0> hr,458,77048,95053,2.00,0,-12
 0> hr,459,77062,95054,2.00,0,-10
 0> hr,460,77056,95056,1.00,0,-8
 0> hr,461,77060,95042,1.00,0,-21
 0> hr,462,77064,95047,1.00,0,-15
 0> hr,463,77070,95054,0.00,0,-7
 0> hr,464,77049,95049,0.00,0,-12
 0> hr,465,77060,95047,0.00,0,-13
 0> hr,466,77061,95047,0.00,0,-13
 0> hr,467,77061,95051,0.00,0,-8
 0> hr,468,77063,95057,-1.00,0,-1
 0> hr,469,77072,95052,-1.00,-1,-6
 0> hr,470,77063,95031,-2.00,0,-27
 0> hr,471,77068,95032,-2.00,-1,-25
 0> hr,472,77046,95045,-2.00,0,-10
 0> hr,473,77056,95035,-3.00,0,-20
 0> hr,474,77074,95044,-3.00,0,-10
 0> hr,475,77065,95031,-4.00,0,-22
 0> hr,476,77071,95041,-4.00,0,-11
 0> hr,477,77068,95051,-5.00,0,-1
 0> hr,478,77070,95049,-5.00,0,-3
 0> hr,479,77066,95043,-6.00,0,-8
 0> hr,480,77059,95060,-6.00,0,8
 0> hr,481,77060,95050,-6.00,0,-1
 0> hr,482,77077,95053,-6.00,0,1
 0> hr,483,77079,95061,-7.00,0,9
 0> hr,484,77073,95034,-7.00,0,-18
 0> hr,485,77070,95049,-7.00,0,-2
 0> hr,486,77078,95050,-7.00,0,-1
 0> hr,487,77071,95047,-7.00,0,-4
 0> hr,488,77070,95046,-7.00,0,-4
 0> hr,489,77076,95036,-7.00,0,-14
 0> hr,490,77070,95046,-7.00,0,-4
 0> hr,491,77070,95051,-7.00,0,1
 0> hr,492,77073,95055,-7.00,0,5
 0> hr,493,77070,95064,-7.00,0,13
 0> hr,494,77069,95054,-7.00,0,3
 0> hr,495,77067,95057,-7.00,0,6
 0> hr,496,77071,95050,-7.00,0,-1
 0> hr,497,77077,95045,-6.00,1,-6
 0> hr,498,77082,95053,-6.00,1,2
 0> hr,499,77067,95056,-6.00,0,4
 0> hr,500,77064,95048,-6.00,0,-3
 0> hr,501,77079,95055,-6.00,0,3
 0> hr,502,77083,95051,-5.00,0,0
 0> hr,503,77074,95062,-5.00,0,10
 0> hr,504,77073,95057,-5.00,0,5
 0> hr,505,77080,95058,-5.00,0,5
 0> hr,506,77064,95070,-4.00,0,17
 0> hr,507,77069,95064,-4.00,0,10
 0> hr,508,77075,95057,-4.00,0,3
 0> hr,509,77072,95068,-3.00,0,14
 0> hr,510,77069,95060,-3.00,0,5
 0> hr,511,77078,95054,-2.00,1,0
 0> hr,512,77081,95057,-2.00,0,2
 0> hr,513,77083,95061,-2.00,0,6
 0> hr,514,77084,95060,-1.00,0,4
 0> hr,515,77071,95059,-1.00,0,3
 0> hr,516,77077,95067,-1.00,0,11
 0> hr,517,77086,95071,0.00,0,14
 0> hr,518,77087,95071,0.00,0,14
 0> hr,519,77087,95063,0.00,0,5
 0> hr,520,77078,95064,0.00,0,6
 0> hr,521,77077,95066,0.00,0,7
 0> hr,522,77089,95067,1.00,0,8
 0> hr,523,77091,95078,1.00,1,18
 0> hr,524,77080,95065,2.00,0,4
 0> hr,525,77083,95062,2.00,0,1
 0> hr,526,77089,95071,2.00,0,10
 0> hr,527,77081,95070,3.00,0,9
 0> hr,528,77083,95075,3.00,0,13
 0> hr,529,77091,95068,3.00,0,5
 0> hr,530,77092,95069,4.00,0,6
 0> hr,531,77087,95074,4.00,0,11
 0> hr,532,77087,95083,4.00,0,19
 0> hr,533,77084,95071,4.00,0,6
 0> hr,534,77087,95070,5.00,0,5
 0> hr,535,77085,95062,5.00,0,-2
 0> hr,536,77102,95057,5.00,0,-7
 0> hr,537,77086,95071,5.00,0,6
 0> hr,538,77082,95064,6.00,0,0
 0> hr,539,77086,95061,6.00,0,-3
 0> hr,540,77082,95043,6.00,0,-21
 0> hr,541,77088,95049,6.00,0,-14
 0> hr,542,77079,95055,6.00,0,-7
 0> hr,543,77093,95064,5.00,0,1
 0> hr,544,77089,95051,5.00,-1,-11
 0> hr,545,77077,95055,5.00,0,-6
 0> hr,546,77085,95054,5.00,0,-7
 0> hr,547,77080,95047,4.00,0,-14
 0> hr,548,77082,95057,4.00,0,-3
 0> hr,549,77081,95045,4.00,0,-15
 0> hr,550,77080,95047,4.00,0,-12
 0> hr,551,77072,95037,3.00,0,-21
 0> hr,552,77079,95050,3.00,0,-7
 0> hr,553,77071,95044,2.00,0,-13
 0> hr,554,77080,95035,2.00,0,-21
 0> hr,555,77084,95035,1.00,0,-20
 0> hr,556,77080,95029,1.00,0,-25
 0> hr,557,77065,95028,0.00,0,-25
 0> hr,558,77076,95042,0.00,0,-10
 0> hr,559,77082,95040,0.00,0,-11
 0> hr,560,77082,95033,-1.00,0,-17
 0> hr,561,77080,95053,-1.00,0,2
 0> hr,562,77081,95054,-2.00,-1,3
 0> hr,563,77094,95047,-3.00,-1,-3
 0> hr,564,77078,95039,-3.00,0,-11
 0> hr,565,77102,95043,-3.00,0,-6
 0> hr,566,77085,95046,-4.00,0,-3
 0> hr,567,77098,95042,-4.00,0,-7
 0> hr,568,77099,95059,-5.00,0,10
 0> hr,569,77081,95046,-5.00,0,-3
 0> hr,570,77089,95034,-5.00,0,-15
 0> hr,571,77093,95030,-5.00,0,-18
 0> hr,572,77084,95032,-6.00,0,-15
 0> hr,573,77090,95016,-6.00,0,-30
 0> hr,574,77084,95040,-6.00,0,-5
 0> hr,575,77093,95027,-6.00,0,-17
 0> hr,576,77088,95031,-7.00,0,-13
 0> hr,577,77091,95039,-7.00,0,-4
 0> hr,578,77081,95038,-7.00,0,-5
 0> hr,579,77092,95037,-8.00,0,-5
 0> hr,580,77087,95034,-8.00,0,-8
 0> hr,581,77087,95049,-8.00,0,6
 0> hr,582,77093,95037,-8.00,0,-5
 0> hr,583,77098,95032,-8.00,0,-10
 0> hr,584,77092,95029,-8.00,0,-12
 0> hr,585,77087,95018,-8.00,0,-23
 0> hr,586,77083,95040,-9.00,-1,0
 0> hr,587,77079,95034,-9.00,-1,-5
 0> hr,588,77086,95033,-9.00,0,-6
 0> hr,589,77084,95030,-9.00,0,-9
 0> hr,590,77074,95041,-9.00,0,2
 0> hr,591,77078,95037,-9.00,0,-1
 0> hr,592,77084,95034,-9.00,0,-4
 0> hr,593,77080,95023,-9.00,0,-15
 0> hr,594,77085,95036,-9.00,0,-1
 0> hr,595,77097,95035,-9.00,0,-2
 0> hr,596,77098,95017,-9.00,0,-20
 0> hr,597,77086,95021,-9.00,0,-15
 0> hr,598,77081,95041,-9.00,0,5
 0> hr,599,77085,95028,-9.00,0,-8
 0> hr,600,77089,95025,-8.00,1,-10
 0> hr,601,77089,95041,-8.00,1,5
 0> hr,602,77094,95026,-8.00,0,-9
 0> hr,603,77080,95034,-8.00,0,0
 0> hr,604,77080,95039,-8.00,0,4
 0> hr,605,77089,95046,-8.00,0,10
 0> hr,606,77101,95050,-8.00,0,14
 0> hr,607,77087,95047,-7.00,0,10
 0> hr,608,77094,95064,-7.00,1,27
 0> hr,609,77093,95056,-7.00,0,17
 0> hr,610,77096,95058,-6.00,0,18
 0> hr,611,77095,95048,-6.00,0,7
 0> hr,612,77104,95057,-5.00,0,16
 0> hr,613,77093,95054,-5.00,0,12
 0> hr,614,77092,95060,-4.00,0,18
 0> hr,615,77099,95060,-3.00,0,17
 0> hr,616,77098,95061,-3.00,0,17
 0> hr,617,77090,95067,-2.00,0,22
 0> hr,618,77105,95070,-1.00,1,24
 0> hr,619,77089,95068,-1.00,0,21
 0> hr,620,77101,95060,0.00,0,12
 0> hr,621,77095,95072,0.00,0,23
 0> hr,622,77095,95069,1.00,0,19
 0> hr,623,77107,95061,1.00,0,10
 0> hr,624,77105,95077,2.00,0,25
 0> hr,625,77107,95073,3.00,0,20
 0> hr,626,77107,95076,4.00,1,22
 0> hr,627,77094,95069,4.00,0,14
 0> hr,628,77107,95066,5.00,1,10
 0> hr,629,77102,95073,6.00,1,17
 0> hr,630,77093,95069,6.00,0,12
 0> hr,631,77102,95069,7.00,1,11
 0> hr,632,77099,95052,8.00,1,-5
 0> hr,633,77094,95045,8.00,1,-12
 0> hr,634,77100,95056,9.00,1,-1
 0> hr,635,77108,95052,9.00,1,-4
 0> hr,636,77091,95061,9.00,1,4
 0> hr,637,77093,95056,9.00,1,0
 0> hr,638,77087,95057,9.00,1,0
 0> hr,639,77093,95059,9.00,1,2
 0> hr,640,77088,95049,10.00,1,-7
 0> hr,641,77091,95048,9.00,1,-8
 0> hr,642,77104,95052,9.00,1,-4
 0> hr,643,77102,95071,9.00,1,15
 0> hr,644,77097,95051,9.00,1,-5
 0> hr,645,77097,95049,9.00,1,-7
 0> hr,646,77089,95036,9.00,1,-20
 0> hr,647,77104,95046,9.00,1,-9
 0> hr,648,77105,95046,8.00,1,-8
 0> hr,649,77099,95039,8.00,1,-15
 0> hr,650,77101,95034,7.00,0,-19
 0> hr,651,77105,95036,7.00,0,-16
 0> hr,652,77091,95047,6.00,-1,-4
 0> hr,653,77090,95044,6.00,-1,-7
 0> hr,654,77086,95036,5.00,0,-15
 0> hr,655,77098,95034,5.00,0,-16
 0> hr,656,77103,95029,4.00,0,-20
 0> hr,657,77096,95043,3.00,0,-5
 0> hr,658,77090,95039,3.00,-1,-9
 0> hr,659,77096,95025,2.00,0,-22
 0> hr,660,77105,95032,2.00,0,-14
 0> hr,661,77099,95052,1.00,0,6
 0> hr,662,77102,95032,0.00,0,-14
 0> hr,663,77097,95039,0.00,-1,-6
 0> hr,664,77092,95038,0.00,0,-7
 0> hr,665,77104,95039,0.00,0,-5
 0> hr,666,77096,95031,-1.00,0,-13
 0> hr,667,77106,95039,-1.00,0,-4
 0> hr,668,77105,95040,-2.00,0,-3
 0> hr,669,77099,95048,-2.00,0,4
 0> hr,670,77102,95043,-3.00,0,0
 0> hr,671,77114,95043,-3.00,0,0
 0> hr,672,77104,95038,-3.00,0,-5
 0> hr,673,77096,95049,-4.00,0,5
 0> hr,674,77106,95037,-4.00,0,-6
 0> hr,675,77095,95043,-4.00,0,0
 0> hr,676,77108,95042,-4.00,0,-1
 0> hr,677,77101,95039,-4.00,0,-4
 0> hr,678,77093,95042,-4.00,0,0
 0> hr,679,77100,95029,-5.00,-1,-13
 0> hr,680,77105,95039,-5.00,-1,-3
 0> hr,681,77114,95045,-5.00,0,2
 0> hr,682,77102,95052,-5.00,0,9
 0> hr,683,77105,95046,-5.00,0,3
 0> hr,684,77109,95046,-5.00,0,3
 0> hr,685,77095,95046,-5.00,0,2
 0> hr,686,77101,95046,-5.00,0,2
 0> hr,687,77095,95053,-5.00,0,9
 0> hr,688,77111,95035,-4.00,1,-8
 0> hr,689,77101,95038,-4.00,1,-5
 0> hr,690,77094,95037,-4.00,0,-6
 0> hr,691,77099,95058,-4.00,0,15
 0> hr,692,77112,95053,-4.00,0,9
 0> hr,693,77103,95045,-4.00,0,0
 0> hr,694,77110,95043,-4.00,0,-1
 0> hr,695,77093,95051,-3.00,0,6
 0> hr,696,77096,95053,-3.00,1,8
 0> hr,697,77102,95057,-3.00,0,12
 0> hr,698,77113,95050,-3.00,0,4
 0> hr,699,77097,95047,-2.00,0,1
 0> hr,700,77102,95047,-2.00,0,1
 0> hr,701,77103,95049,-2.00,0,3
 0> hr,702,77092,95045,-2.00,0,0
 0> hr,703,77112,95035,-1.00,0,-10
 0> hr,704,77107,95054,-1.00,0,8
 0> hr,705,77097,95056,-1.00,0,10
 0> hr,706,77106,95055,-1.00,0,8<info> app: .
 0> <info> app: [OK]	HR has been calculated 200435
 0> 
 0> Plus Signal 1, 10
 0> Minus Signal -1, 30
 0> Plus Signal 1, 102
 0> Minus Signal -1, 143
 0> Plus Signal 1, 159
 0> Minus Signal -1, 210
 0> Plus Signal 1, 260
 0> Minus Signal -1, 287
 0> Plus Signal 1, 497
 0> Minus Signal -1, 544
 0> Plus Signal 1, 600
 0> Minus Signal -1, 652
 0> Plus Signal 1, 688<info> app: Peak Index,
 0> ,17,103,190,270,532,624<info> app: ,END Peak Index,
 0> <info> app: HR,
 0> ,83,82,90,27,78<info> app: ,END HR,
 0> <info> app: [OK]	LED Power 95
 0> <info> app: [OK]	HR Background stop
 0> <info> app: [OK]	FLASH MEMORY
 0> <info> app: ^
 0> <info> app: HR A
 0> <info> app: HR C
 0> <info> app: HR D
 0> <info> app: Show HR Result
 0> <info> app: BATT Reading...
 0> <info> app: BATT Reading...

# Logging stopped @ 03 Dec 2018 15:41:55
