# SEGGER J-Link RTT Viewer V6.16a Terminal Log File
# Compiled: 12:44:10 on Jun  6 2017
# Logging started @ 03 Dec 2018 15:11:12
 0> <info> app: BATT Reading...
 0> <info> app: BATT Reading...
 0> <info> app: BATT Reading...
 0> <info> app: BATT Reading...
 0> <info> app: BATT Reading...
 0> <info> app: BATT Reading...
 0> <info> app: BATT Reading...
 0> <info> app: BATT Reading...
 0> <info> app: BATT Reading...
 0> <info> app: BATT Reading...
 0> <info> app: BATT Reading...
 0> <error> app: Pedo write to flash.
 0> <info> app: [OK]	FLASH MEMORY
 0> <info> app: Page for write 997
 0> <info> app: Append Success
 0> <info> app: Save to flash
 0> <info> app: BATT Reading...
 0> <info> app: Right Press
