# SEGGER J-Link RTT Viewer V6.16a Terminal Log File
# Compiled: 12:44:10 on Jun  6 2017
# Logging started @ 03 Dec 2018 15:31:30
 0> <info> app: ***********  Application started  ***********
 0> 
 0> <info> app: [OK] NRF Power ON 0x0004. 
 0> <info> app: Read MAC:D992B26C8203
 0> <info> app: ***********  Sensor initial ***********
 0> <info> app: [OK]	BMI160
 0> <info> app: [OK]	SETUP ACC
 0> <info> app: [OK]	SETUP STEP COUNT
 0> <info> app: [OK]	FLASH MEMORY
 0> <info> app: [OK]	Read and using configuration in flash memory
 0> <info> app: [OK]	Using queue setting from flash memory
 0> <info> app: gender in flash 1
 0> <info> app: [OK]	OLED Initial
 0> er from flash memory
 0> 
 0> <info> app: Left Press
 0> <info> app: BATT Reading...
 0> <info> app: Left Press
 0> <info> app: [OK]	Max30102 Already and background working is begin
 0> 
 0> <info> app: [OK]	HR sample count 708
 0> 
 0> Plus Signal 1, 200
 0> Minus Signal -1, 215
 0> plus_index 200, minus_index 215, Peak Index, 200,201,202,203,, AVR Peak Index, 201, HR 0, Reject out of 30-180.
 0> Plus Signal 1, 655<info> app: HR>>>
 0>  sum div 0, 0<info> app: 
 0> HR  >>> 0
 0> 
 0> hr,0,84630,104354,-3.00,0,-15
 0> hr,1,84627,104352,-4.00,0,-16
 0> hr,2,84625,104357,-4.00,0,-11
 0> hr,3,84637,104352,-5.00,0,-15
 0> hr,4,84635,104353,-5.00,0,-13
 0> hr,5,84645,104361,-5.00,0,-4
 0> hr,6,84627,104358,-6.00,0,-7
 0> hr,7,84634,104351,-6.00,0,-14
 0> hr,8,84638,104351,-6.00,0,-13
 0> hr,9,84627,104363,-7.00,0,0
 0> hr,10,84635,104363,-7.00,0,0
 0> hr,11,84636,104361,-7.00,0,-2
 0> hr,12,84618,104357,-7.00,0,-6
 0> hr,13,84617,104367,-7.00,0,3
 0> hr,14,84641,104364,-7.00,0,0
 0> hr,15,84634,104361,-8.00,0,-2
 0> hr,16,84640,104362,-8.00,0,-1
 0> hr,17,84651,104375,-8.00,0,11
 0> hr,18,84635,104355,-7.00,0,-8
 0> hr,19,84626,104360,-7.00,0,-3
 0> hr,20,84636,104360,-7.00,0,-3
 0> hr,21,84642,104363,-7.00,0,0
 0> hr,22,84635,104355,-7.00,0,-8
 0> hr,23,84638,104362,-7.00,0,0
 0> hr,24,84647,104367,-7.00,0,4
 0> hr,25,84652,104365,-7.00,0,2
 0> hr,26,84642,104362,-7.00,0,-1
 0> hr,27,84642,104360,-6.00,0,-2
 0> hr,28,84638,104363,-6.00,0,0
 0> hr,29,84634,104359,-6.00,0,-3
 0> hr,30,84634,104369,-6.00,0,6
 0> hr,31,84641,104369,-6.00,0,6
 0> hr,32,84633,104341,-5.00,0,-22
 0> hr,33,84635,104362,-5.00,0,0
 0> hr,34,84647,104361,-5.00,0,-1
 0> hr,35,84650,104364,-5.00,0,1
 0> hr,36,84637,104360,-5.00,0,-2
 0> hr,37,84635,104377,-4.00,0,14
 0> hr,38,84631,104374,-4.00,0,11
 0> hr,39,84647,104354,-4.00,0,-9
 0> hr,40,84644,104364,-4.00,0,1
 0> hr,41,84638,104377,-3.00,0,14
 0> hr,42,84639,104359,-3.00,0,-4
 0> hr,43,84639,104376,-3.00,0,12
 0> hr,44,84647,104354,-3.00,0,-10
 0> hr,45,84639,104371,-2.00,0,7
 0> hr,46,84644,104360,-2.00,0,-3
 0> hr,47,84639,104375,-2.00,0,11
 0> hr,48,84635,104373,-2.00,0,8
 0> hr,49,84643,104366,-1.00,0,1
 0> hr,50,84651,104378,-1.00,0,13
 0> hr,51,84650,104366,-1.00,0,0
 0> hr,52,84640,104388,0.00,0,22
 0> hr,53,84639,104365,0.00,0,-1
 0> hr,54,84639,104370,0.00,0,3
 0> hr,55,84647,104367,0.00,0,0
 0> hr,56,84643,104385,0.00,0,18
 0> hr,57,84645,104387,0.00,0,19
 0> hr,58,84652,104383,0.00,0,14
 0> hr,59,84647,104375,1.00,1,5
 0> hr,60,84646,104373,1.00,1,3
 0> hr,61,84646,104374,1.00,1,4
 0> hr,62,84644,104371,2.00,1,1
 0> hr,63,84633,104368,2.00,1,-2
 0> hr,64,84632,104369,2.00,1,0
 0> hr,65,84638,104370,3.00,1,0
 0> hr,66,84652,104377,3.00,1,7
 0> hr,67,84637,104374,3.00,1,3
 0> hr,68,84655,104374,3.00,1,3
 0> hr,69,84643,104391,3.00,1,20
 0> hr,70,84645,104368,3.00,1,-3
 0> hr,71,84635,104360,4.00,1,-11
 0> hr,72,84634,104384,4.00,1,13
 0> hr,73,84637,104361,4.00,1,-10
 0> hr,74,84633,104357,4.00,1,-14
 0> hr,75,84647,104375,4.00,1,4
 0> hr,76,84633,104362,4.00,1,-8
 0> hr,77,84635,104358,4.00,1,-12
 0> hr,78,84648,104372,4.00,1,2
 0> hr,79,84640,104383,3.00,1,13
 0> hr,80,84642,104357,3.00,1,-13
 0> hr,81,84636,104368,3.00,1,-1
 0> hr,82,84627,104363,3.00,1,-6
 0> hr,83,84635,104356,3.00,1,-13
 0> hr,84,84642,104360,3.00,1,-8
 0> hr,85,84645,104372,2.00,1,3
 0> hr,86,84633,104363,2.00,1,-5
 0> hr,87,84635,104362,2.00,1,-6
 0> hr,88,84640,104353,2.00,1,-14
 0> hr,89,84641,104362,1.00,0,-5
 0> hr,90,84641,104357,1.00,0,-9
 0> hr,91,84629,104366,1.00,0,0
 0> hr,92,84631,104364,1.00,0,-2
 0> hr,93,84643,104377,0.00,-1,10
 0> hr,94,84649,104364,0.00,-1,-2
 0> hr,95,84636,104352,0.00,0,-14
 0> hr,96,84638,104363,0.00,0,-2
 0> hr,97,84626,104351,0.00,0,-14
 0> hr,98,84644,104352,0.00,0,-12
 0> hr,99,84646,104365,0.00,0,0
 0> hr,100,84643,104366,0.00,0,1
 0> hr,101,84644,104366,-1.00,-1,1
 0> hr,102,84636,104363,-1.00,-1,-1
 0> hr,103,84643,104353,-1.00,-1,-11
 0> hr,104,84635,104361,-1.00,-1,-2
 0> hr,105,84641,104360,-1.00,-1,-3
 0> hr,106,84639,104361,-1.00,-1,-2
 0> hr,107,84642,104365,-2.00,-1,1
 0> hr,108,84624,104362,-2.00,-1,-1
 0> hr,109,84634,104356,-2.00,-1,-7
 0> hr,110,84637,104365,-2.00,-1,1
 0> hr,111,84623,104361,-2.00,-1,-2
 0> hr,112,84629,104365,-2.00,-1,1
 0> hr,113,84613,104362,-2.00,-1,-1
 0> hr,114,84629,104356,-2.00,-1,-7
 0> hr,115,84628,104347,-2.00,-1,-15
 0> hr,116,84627,104346,-3.00,-1,-15
 0> hr,117,84631,104365,-3.00,-1,3
 0> hr,118,84628,104348,-3.00,-1,-13
 0> hr,119,84615,104352,-3.00,-1,-8
 0> hr,120,84634,104342,-3.00,-1,-18
 0> hr,121,84625,104341,-3.00,-1,-18
 0> hr,122,84624,104351,-3.00,-1,-7
 0> hr,123,84638,104345,-4.00,-1,-13
 0> hr,124,84618,104351,-4.00,-1,-6
 0> hr,125,84624,104352,-4.00,-1,-5
 0> hr,126,84627,104361,-4.00,-1,4
 0> hr,127,84623,104337,-4.00,-1,-20
 0> hr,128,84625,104359,-5.00,-1,2
 0> hr,129,84623,104357,-5.00,-1,0
 0> hr,130,84623,104349,-5.00,-1,-7
 0> hr,131,84617,104335,-5.00,-1,-20
 0> hr,132,84618,104344,-5.00,-1,-10
 0> hr,133,84621,104341,-5.00,-1,-13
 0> hr,134,84622,104340,-6.00,-1,-13
 0> hr,135,84615,104328,-6.00,-1,-24
 0> hr,136,84613,104325,-6.00,-1,-26
 0> hr,137,84626,104341,-6.00,-1,-9
 0> hr,138,84618,104344,-7.00,-1,-5
 0> hr,139,84617,104340,-7.00,-1,-9
 0> hr,140,84622,104342,-7.00,-1,-7
 0> hr,141,84622,104346,-7.00,-1,-2
 0> hr,142,84617,104344,-7.00,-1,-4
 0> hr,143,84615,104333,-8.00,-1,-15
 0> hr,144,84614,104339,-8.00,-1,-8
 0> hr,145,84619,104342,-8.00,-1,-5
 0> hr,146,84624,104341,-8.00,-1,-5
 0> hr,147,84613,104343,-8.00,-1,-3
 0> hr,148,84610,104339,-8.00,-1,-7
 0> hr,149,84613,104345,-8.00,-1,-1
 0> hr,150,84622,104329,-8.00,-1,-17
 0> hr,151,84630,104339,-8.00,-1,-6
 0> hr,152,84614,104343,-8.00,-1,-1
 0> hr,153,84619,104336,-8.00,-1,-8
 0> hr,154,84620,104330,-8.00,-1,-14
 0> hr,155,84621,104347,-8.00,-1,3
 0> hr,156,84623,104347,-8.00,-1,3
 0> hr,157,84628,104348,-8.00,-1,4
 0> hr,158,84638,104365,-8.00,-1,20
 0> hr,159,84626,104345,-8.00,-1,0
 0> hr,160,84618,104341,-8.00,-1,-4
 0> hr,161,84619,104361,-7.00,-1,16
 0> hr,162,84621,104341,-7.00,-1,-4
 0> hr,163,84627,104330,-7.00,-1,-15
 0> hr,164,84624,104343,-7.00,-1,-1
 0> hr,165,84619,104343,-6.00,-1,-1
 0> hr,166,84626,104338,-6.00,-1,-6
 0> hr,167,84619,104345,-6.00,-1,0
 0> hr,168,84609,104347,-6.00,-1,2
 0> hr,169,84616,104334,-5.00,-1,-10
 0> hr,170,84632,104325,-5.00,-1,-18
 0> hr,171,84623,104332,-5.00,-1,-10
 0> hr,172,84619,104347,-5.00,-1,4
 0> hr,173,84620,104335,-5.00,-1,-7
 0> hr,174,84609,104345,-5.00,-1,2
 0> hr,175,84627,104333,-5.00,-1,-9
 0> hr,176,84614,104344,-5.00,-1,2
 0> hr,177,84635,104351,-4.00,-1,8
 0> hr,178,84619,104335,-4.00,-1,-7
 0> hr,179,84635,104351,-4.00,-1,8
 0> hr,180,84621,104348,-4.00,-1,5
 0> hr,181,84624,104347,-4.00,-1,4
 0> hr,182,84628,104327,-4.00,-1,-16
 0> hr,183,84634,104340,-3.00,-1,-2
 0> hr,184,84624,104340,-3.00,-1,-2
 0> hr,185,84631,104352,-3.00,-1,9
 0> hr,186,84621,104344,-3.00,-1,1
 0> hr,187,84624,104346,-3.00,-1,3
 0> hr,188,84623,104343,-3.00,-1,0
 0> hr,189,84636,104340,-2.00,-1,-2
 0> hr,190,84640,104361,-2.00,-1,18
 0> hr,191,84636,104343,-2.00,-1,0
 0> hr,192,84635,104349,-2.00,-1,5
 0> hr,193,84627,104343,-2.00,-1,0
 0> hr,194,84632,104338,-1.00,-1,-5
 0> hr,195,84632,104342,-1.00,-1,-1
 0> hr,196,84626,104344,-1.00,-1,0
 0> hr,197,84639,104349,-1.00,-1,5
 0> hr,198,84629,104345,-1.00,-1,1
 0> hr,199,84629,104365,0.00,0,21
 0> hr,200,84638,104343,0.00,0,-1
 0> hr,201,84630,104347,0.00,0,2
 0> hr,202,84633,104340,0.00,0,-4
 0> hr,203,84630,104349,0.00,0,4
 0> hr,204,84636,104336,0.00,0,-8
 0> hr,205,84627,104350,0.00,0,5
 0> hr,206,84639,104340,0.00,0,-4
 0> hr,207,84626,104344,0.00,0,0
 0> hr,208,84627,104337,0.00,0,-7
 0> hr,209,84624,104327,0.00,0,-17
 0> hr,210,84619,104347,0.00,0,3
 0> hr,211,84632,104344,0.00,0,0
 0> hr,212,84622,104352,0.00,0,8
 0> hr,213,84623,104339,0.00,0,-4
 0> hr,214,84633,104339,0.00,0,-4
 0> hr,215,84639,104331,0.00,0,-12
 0> hr,216,84626,104334,0.00,0,-8
 0> hr,217,84632,104330,0.00,0,-12
 0> hr,218,84616,104326,0.00,0,-15
 0> hr,219,84622,104330,0.00,0,-10
 0> hr,220,84616,104341,0.00,0,0
 0> hr,221,84619,104339,0.00,0,-1
 0> hr,222,84627,104336,0.00,0,-4
 0> hr,223,84620,104339,0.00,0,-1
 0> hr,224,84626,104343,0.00,0,2
 0> hr,225,84623,104342,0.00,0,1
 0> hr,226,84634,104360,0.00,0,19
 0> hr,227,84630,104348,0.00,0,6
 0> hr,228,84632,104352,0.00,0,10
 0> hr,229,84625,104339,0.00,0,-3
 0> hr,230,84613,104346,0.00,0,4
 0> hr,231,84618,104349,0.00,0,6
 0> hr,232,84620,104335,0.00,0,-7
 0> hr,233,84627,104347,0.00,0,4
 0> hr,234,84627,104340,0.00,0,-2
 0> hr,235,84613,104364,0.00,0,21
 0> hr,236,84632,104346,0.00,0,2
 0> hr,237,84630,104342,0.00,0,-1
 0> hr,238,84630,104339,0.00,0,-4
 0> hr,239,84629,104357,0.00,0,13
 0> hr,240,84623,104349,0.00,0,5
 0> hr,241,84624,104347,0.00,0,2
 0> hr,242,84619,104357,0.00,0,12
 0> hr,243,84628,104334,0.00,0,-10
 0> hr,244,84628,104344,0.00,0,0
 0> hr,245,84613,104345,0.00,0,0
 0> hr,246,84634,104356,0.00,0,11
 0> hr,247,84617,104345,0.00,0,0
 0> hr,248,84632,104340,0.00,0,-4
 0> hr,249,84623,104337,0.00,0,-7
 0> hr,250,84627,104346,1.00,1,1
 0> hr,251,84612,104336,1.00,1,-8
 0> hr,252,84611,104334,1.00,1,-9
 0> hr,253,84627,104343,1.00,1,0
 0> hr,254,84614,104342,0.00,0,-1
 0> hr,255,84620,104332,0.00,0,-11
 0> hr,256,84623,104342,0.00,0,0
 0> hr,257,84618,104328,0.00,0,-14
 0> hr,258,84610,104335,0.00,0,-7
 0> hr,259,84615,104333,0.00,0,-8
 0> hr,260,84613,104325,0.00,0,-16
 0> hr,261,84607,104321,0.00,0,-19
 0> hr,262,84614,104313,0.00,0,-26
 0> hr,263,84622,104321,0.00,0,-17
 0> hr,264,84617,104321,0.00,0,-16
 0> hr,265,84626,104320,-1.00,-1,-16
 0> hr,266,84618,104323,-1.00,-1,-12
 0> hr,267,84605,104324,-2.00,-1,-11
 0> hr,268,84613,104317,-2.00,-1,-17
 0> hr,269,84593,104316,-2.00,-1,-17
 0> hr,270,84602,104311,-3.00,-1,-21
 0> hr,271,84606,104307,-3.00,-1,-24
 0> hr,272,84616,104312,-4.00,-1,-18
 0> hr,273,84605,104312,-4.00,-1,-17
 0> hr,274,84610,104317,-5.00,-1,-11
 0> hr,275,84615,104305,-5.00,-1,-23
 0> hr,276,84616,104316,-6.00,-1,-10
 0> hr,277,84611,104303,-7.00,-1,-23
 0> hr,278,84608,104321,-7.00,-1,-4
 0> hr,279,84618,104322,-7.00,-1,-2
 0> hr,280,84612,104316,-8.00,-1,-8
 0> hr,281,84602,104304,-8.00,-1,-20
 0> hr,282,84606,104307,-9.00,-1,-16
 0> hr,283,84600,104308,-9.00,-1,-14
 0> hr,284,84602,104307,-9.00,-1,-14
 0> hr,285,84607,104316,-10.00,-1,-5
 0> hr,286,84592,104313,-10.00,-1,-7
 0> hr,287,84598,104309,-10.00,-1,-11
 0> hr,288,84595,104310,-10.00,-1,-9
 0> hr,289,84598,104295,-11.00,-1,-24
 0> hr,290,84601,104306,-11.00,-1,-12
 0> hr,291,84608,104297,-11.00,-1,-20
 0> hr,292,84596,104293,-11.00,-1,-23
 0> hr,293,84592,104305,-12.00,-1,-10
 0> hr,294,84596,104301,-12.00,-1,-13
 0> hr,295,84594,104306,-12.00,-1,-8
 0> hr,296,84591,104299,-12.00,-1,-14
 0> hr,297,84592,104296,-12.00,-1,-16
 0> hr,298,84602,104288,-13.00,-1,-24
 0> hr,299,84590,104283,-13.00,-1,-27
 0> hr,300,84579,104289,-13.00,-1,-20
 0> hr,301,84586,104293,-13.00,-1,-15
 0> hr,302,84607,104290,-13.00,-1,-17
 0> hr,303,84592,104277,-14.00,-1,-29
 0> hr,304,84589,104299,-14.00,-1,-6
 0> hr,305,84593,104292,-14.00,-1,-13
 0> hr,306,84591,104292,-14.00,-1,-12
 0> hr,307,84575,104294,-14.00,-1,-9
 0> hr,308,84595,104291,-14.00,-1,-12
 0> hr,309,84593,104304,-15.00,-1,1
 0> hr,310,84585,104286,-15.00,-1,-16
 0> hr,311,84586,104284,-15.00,-1,-17
 0> hr,312,84586,104289,-15.00,-1,-11
 0> hr,313,84577,104283,-15.00,-1,-17
 0> hr,314,84593,104288,-15.00,-1,-11
 0> hr,315,84590,104295,-15.00,-1,-3
 0> hr,316,84589,104295,-15.00,-1,-3
 0> hr,317,84596,104287,-15.00,-1,-11
 0> hr,318,84592,104296,-14.00,-1,-1
 0> hr,319,84597,104285,-14.00,-1,-12
 0> hr,320,84592,104281,-14.00,-1,-16
 0> hr,321,84586,104288,-14.00,-1,-8
 0> hr,322,84586,104279,-14.00,-1,-17
 0> hr,323,84584,104286,-14.00,-1,-9
 0> hr,324,84593,104297,-14.00,-1,2
 0> hr,325,84583,104291,-13.00,-1,-3
 0> hr,326,84586,104283,-13.00,-1,-11
 0> hr,327,84581,104285,-13.00,-1,-9
 0> hr,328,84581,104287,-13.00,-1,-6
 0> hr,329,84588,104289,-13.00,-1,-4
 0> hr,330,84590,104283,-12.00,-1,-10
 0> hr,331,84576,104286,-12.00,-1,-6
 0> hr,332,84590,104283,-12.00,-1,-9
 0> hr,333,84571,104295,-12.00,-1,3
 0> hr,334,84583,104284,-12.00,-1,-7
 0> hr,335,84588,104286,-11.00,-1,-5
 0> hr,336,84586,104287,-11.00,-1,-4
 0> hr,337,84580,104279,-11.00,-1,-12
 0> hr,338,84588,104300,-11.00,-1,9
 0> hr,339,84592,104305,-10.00,-1,14
 0> hr,340,84579,104292,-10.00,-1,0
 0> hr,341,84582,104301,-9.00,-1,9
 0> hr,342,84578,104287,-9.00,-1,-5
 0> hr,343,84587,104292,-9.00,-1,0
 0> hr,344,84575,104278,-8.00,-1,-13
 0> hr,345,84573,104286,-8.00,-1,-5
 0> hr,346,84573,104299,-8.00,-1,8
 0> hr,347,84577,104271,-7.00,-1,-20
 0> hr,348,84583,104279,-7.00,-1,-11
 0> hr,349,84581,104271,-7.00,-1,-18
 0> hr,350,84575,104267,-7.00,-1,-21
 0> hr,351,84571,104278,-6.00,-1,-9
 0> hr,352,84574,104272,-6.00,-1,-15
 0> hr,353,84583,104269,-6.00,-1,-17
 0> hr,354,84576,104276,-6.00,-1,-9
 0> hr,355,84567,104268,-6.00,-1,-17
 0> hr,356,84578,104264,-6.00,-1,-20
 0> hr,357,84563,104260,-6.00,-1,-23
 0> hr,358,84579,104274,-6.00,-1,-8
 0> hr,359,84576,104258,-7.00,-1,-23
 0> hr,360,84563,104260,-7.00,-1,-20
 0> hr,361,84563,104267,-7.00,-1,-12
 0> hr,362,84583,104256,-7.00,-1,-22
 0> hr,363,84579,104260,-7.00,-1,-17
 0> hr,364,84569,104250,-8.00,-1,-26
 0> hr,365,84574,104256,-8.00,-1,-19
 0> hr,366,84559,104264,-8.00,-1,-10
 0> hr,367,84569,104262,-9.00,-1,-11
 0> hr,368,84567,104251,-9.00,-1,-22
 0> hr,369,84582,104262,-9.00,-1,-10
 0> hr,370,84569,104255,-9.00,-1,-16
 0> hr,371,84556,104262,-10.00,-1,-8
 0> hr,372,84566,104259,-10.00,-1,-11
 0> hr,373,84551,104253,-10.00,-1,-16
 0> hr,374,84554,104251,-10.00,-1,-18
 0> hr,375,84564,104248,-11.00,-1,-20
 0> hr,376,84562,104240,-11.00,-1,-27
 0> hr,377,84569,104245,-11.00,-1,-20
 0> hr,378,84556,104245,-12.00,-1,-19
 0> hr,379,84566,104226,-12.00,-1,-37
 0> hr,380,84555,104253,-12.00,-1,-8
 0> hr,381,84557,104249,-12.00,-1,-12
 0> hr,382,84559,104238,-13.00,-1,-22
 0> hr,383,84563,104247,-13.00,-1,-12
 0> hr,384,84552,104238,-13.00,-1,-21
 0> hr,385,84569,104245,-14.00,-1,-12
 0> hr,386,84550,104242,-14.00,-1,-15
 0> hr,387,84556,104231,-14.00,-1,-25
 0> hr,388,84551,104226,-14.00,-1,-29
 0> hr,389,84558,104237,-15.00,-1,-16
 0> hr,390,84547,104222,-15.00,-1,-30
 0> hr,391,84542,104237,-15.00,-1,-14
 0> hr,392,84541,104231,-15.00,-1,-19
 0> hr,393,84544,104225,-16.00,-1,-24
 0> hr,394,84546,104232,-16.00,-1,-16
 0> hr,395,84556,104218,-16.00,-1,-29
 0> hr,396,84543,104224,-16.00,-1,-22
 0> hr,397,84549,104242,-17.00,-1,-3
 0> hr,398,84554,104232,-17.00,-1,-12
 0> hr,399,84536,104250,-17.00,-1,5
 0> hr,400,84541,104239,-17.00,-1,-5
 0> hr,401,84550,104229,-17.00,-1,-15
 0> hr,402,84549,104234,-17.00,-1,-9
 0> hr,403,84535,104224,-17.00,-1,-19
 0> hr,404,84535,104235,-17.00,-1,-7
 0> hr,405,84553,104223,-17.00,-1,-18
 0> hr,406,84544,104234,-17.00,-1,-6
 0> hr,407,84550,104231,-17.00,-1,-9
 0> hr,408,84554,104240,-17.00,-1,0
 0> hr,409,84544,104246,-16.00,-1,6
 0> hr,410,84544,104240,-16.00,-1,0
 0> hr,411,84543,104233,-16.00,-1,-7
 0> hr,412,84549,104239,-16.00,-1,0
 0> hr,413,84555,104230,-15.00,-1,-9
 0> hr,414,84547,104226,-15.00,-1,-13
 0> hr,415,84538,104234,-15.00,-1,-4
 0> hr,416,84544,104231,-14.00,-1,-7
 0> hr,417,84542,104241,-14.00,-1,2
 0> hr,418,84547,104224,-14.00,-1,-14
 0> hr,419,84538,104231,-13.00,-1,-6
 0> hr,420,84543,104223,-13.00,-1,-14
 0> hr,421,84543,104234,-13.00,-1,-2
 0> hr,422,84531,104215,-12.00,-1,-21
 0> hr,423,84535,104220,-12.00,-1,-15
 0> hr,424,84532,104219,-12.00,-1,-15
 0> hr,425,84544,104223,-12.00,-1,-10
 0> hr,426,84530,104219,-11.00,-1,-14
 0> hr,427,84530,104221,-11.00,-1,-11
 0> hr,428,84540,104225,-11.00,-1,-6
 0> hr,429,84531,104233,-11.00,-1,1
 0> hr,430,84536,104228,-11.00,-1,-3
 0> hr,431,84536,104231,-10.00,-1,0
 0> hr,432,84540,104234,-10.00,-1,2
 0> hr,433,84525,104222,-10.00,-1,-9
 0> hr,434,84531,104231,-10.00,-1,0
 0> hr,435,84531,104206,-10.00,-1,-25
 0> hr,436,84549,104215,-9.00,-1,-14
 0> hr,437,84540,104220,-9.00,-1,-9
 0> hr,438,84539,104236,-9.00,-1,7
 0> hr,439,84542,104230,-9.00,-1,0
 0> hr,440,84531,104221,-9.00,-1,-8
 0> hr,441,84529,104216,-8.00,-1,-12
 0> hr,442,84531,104222,-8.00,-1,-6
 0> hr,443,84543,104209,-8.00,-1,-18
 0> hr,444,84528,104217,-8.00,-1,-9
 0> hr,445,84541,104211,-8.00,-1,-15
 0> hr,446,84537,104214,-8.00,-1,-11
 0> hr,447,84534,104213,-8.00,-1,-11
 0> hr,448,84523,104214,-8.00,-1,-10
 0> hr,449,84533,104201,-8.00,-1,-22
 0> hr,450,84525,104206,-8.00,-1,-16
 0> hr,451,84514,104208,-8.00,-1,-13
 0> hr,452,84526,104196,-8.00,-1,-25
 0> hr,453,84528,104195,-8.00,-1,-24
 0> hr,454,84529,104193,-8.00,-1,-25
 0> hr,455,84524,104192,-8.00,-1,-25
 0> hr,456,84518,104201,-9.00,-1,-15
 0> hr,457,84529,104179,-9.00,-1,-36
 0> hr,458,84515,104198,-9.00,-1,-15
 0> hr,459,84520,104180,-10.00,-1,-32
 0> hr,460,84519,104193,-10.00,-1,-18
 0> hr,461,84517,104198,-10.00,-1,-12
 0> hr,462,84506,104201,-11.00,-1,-8
 0> hr,463,84506,104184,-11.00,-1,-25
 0> hr,464,84518,104185,-11.00,-1,-22
 0> hr,465,84520,104182,-12.00,-1,-24
 0> hr,466,84503,104173,-12.00,-1,-32
 0> hr,467,84517,104196,-12.00,-1,-7
 0> hr,468,84501,104179,-13.00,-1,-24
 0> hr,469,84505,104188,-13.00,-1,-14
 0> hr,470,84509,104181,-13.00,-1,-20
 0> hr,471,84517,104177,-14.00,-1,-23
 0> hr,472,84498,104165,-14.00,-1,-34
 0> hr,473,84510,104175,-14.00,-1,-22
 0> hr,474,84499,104172,-15.00,-1,-24
 0> hr,475,84489,104177,-15.00,-1,-18
 0> hr,476,84507,104178,-16.00,-1,-16
 0> hr,477,84512,104177,-16.00,-1,-16
 0> hr,478,84512,104172,-16.00,-1,-20
 0> hr,479,84500,104181,-16.00,-1,-10
 0> hr,480,84492,104169,-17.00,-1,-22
 0> hr,481,84492,104170,-17.00,-1,-20
 0> hr,482,84495,104182,-17.00,-1,-7
 0> hr,483,84500,104168,-17.00,-1,-20
 0> hr,484,84488,104157,-17.00,-1,-30
 0> hr,485,84492,104162,-18.00,-1,-24
 0> hr,486,84494,104164,-18.00,-1,-20
 0> hr,487,84496,104162,-18.00,-1,-21
 0> hr,488,84475,104168,-18.00,-1,-14
 0> hr,489,84502,104142,-18.00,-1,-40
 0> hr,490,84493,104185,-19.00,-1,4
 0> hr,491,84484,104172,-19.00,-1,-8
 0> hr,492,84489,104160,-19.00,-1,-19
 0> hr,493,84491,104156,-19.00,-1,-22
 0> hr,494,84495,104160,-19.00,-1,-17
 0> hr,495,84490,104161,-19.00,-1,-15
 0> hr,496,84488,104157,-19.00,-1,-19
 0> hr,497,84473,104168,-19.00,-1,-7
 0> hr,498,84478,104162,-19.00,-1,-12
 0> hr,499,84490,104162,-19.00,-1,-12
 0> hr,500,84495,104163,-19.00,-1,-10
 0> hr,501,84476,104154,-19.00,-1,-18
 0> hr,502,84483,104161,-19.00,-1,-11
 0> hr,503,84496,104158,-18.00,-1,-13
 0> hr,504,84483,104160,-18.00,-1,-10
 0> hr,505,84482,104163,-18.00,-1,-7
 0> hr,506,84487,104157,-18.00,-1,-12
 0> hr,507,84498,104155,-18.00,-1,-14
 0> hr,508,84481,104161,-18.00,-1,-7
 0> hr,509,84494,104170,-17.00,-1,1
 0> hr,510,84484,104162,-17.00,-1,-6
 0> hr,511,84482,104167,-17.00,-1,0
 0> hr,512,84484,104161,-16.00,-1,-6
 0> hr,513,84482,104171,-16.00,-1,3
 0> hr,514,84487,104173,-16.00,-1,5
 0> hr,515,84498,104166,-15.00,-1,-1
 0> hr,516,84493,104177,-15.00,-1,9
 0> hr,517,84487,104160,-14.00,-1,-8
 0> hr,518,84479,104154,-14.00,-1,-13
 0> hr,519,84492,104159,-13.00,-1,-8
 0> hr,520,84483,104157,-13.00,-1,-9
 0> hr,521,84479,104160,-12.00,-1,-6
 0> hr,522,84476,104158,-12.00,-1,-8
 0> hr,523,84467,104159,-12.00,-1,-6
 0> hr,524,84481,104158,-11.00,-1,-7
 0> hr,525,84485,104148,-11.00,-1,-16
 0> hr,526,84478,104148,-11.00,-1,-16
 0> hr,527,84475,104154,-10.00,-1,-9
 0> hr,528,84477,104141,-10.00,-1,-21
 0> hr,529,84469,104154,-10.00,-1,-7
 0> hr,530,84480,104151,-10.00,-1,-10
 0> hr,531,84469,104151,-10.00,-1,-9
 0> hr,532,84478,104142,-9.00,-1,-18
 0> hr,533,84466,104138,-9.00,-1,-21
 0> hr,534,84468,104144,-9.00,-1,-14
 0> hr,535,84475,104135,-9.00,-1,-22
 0> hr,536,84481,104142,-9.00,-1,-14
 0> hr,537,84483,104149,-9.00,-1,-6
 0> hr,538,84478,104147,-9.00,-1,-8
 0> hr,539,84479,104135,-9.00,-1,-20
 0> hr,540,84472,104136,-9.00,-1,-18
 0> hr,541,84475,104135,-9.00,-1,-18
 0> hr,542,84484,104133,-9.00,-1,-19
 0> hr,543,84467,104129,-9.00,-1,-22
 0> hr,544,84472,104139,-10.00,-1,-11
 0> hr,545,84471,104124,-10.00,-1,-25
 0> hr,546,84468,104145,-10.00,-1,-3
 0> hr,547,84466,104128,-10.00,-1,-20
 0> hr,548,84466,104137,-10.00,-1,-10
 0> hr,549,84472,104135,-10.00,-1,-11
 0> hr,550,84474,104132,-11.00,-1,-14
 0> hr,551,84469,104122,-11.00,-1,-23
 0> hr,552,84470,104141,-11.00,-1,-3
 0> hr,553,84460,104129,-11.00,-1,-15
 0> hr,554,84467,104128,-11.00,-1,-15
 0> hr,555,84462,104116,-11.00,-1,-26
 0> hr,556,84474,104129,-11.00,-1,-12
 0> hr,557,84469,104125,-12.00,-1,-15
 0> hr,558,84468,104139,-12.00,-1,0
 0> hr,559,84459,104129,-12.00,-1,-10
 0> hr,560,84455,104120,-12.00,-1,-19
 0> hr,561,84446,104115,-12.00,-1,-23
 0> hr,562,84460,104114,-12.00,-1,-23
 0> hr,563,84449,104134,-12.00,-1,-1
 0> hr,564,84466,104123,-12.00,-1,-12
 0> hr,565,84459,104117,-12.00,-1,-18
 0> hr,566,84463,104112,-13.00,-1,-22
 0> hr,567,84452,104118,-13.00,-1,-15
 0> hr,568,84446,104118,-13.00,-1,-14
 0> hr,569,84450,104111,-13.00,-1,-20
 0> hr,570,84446,104117,-13.00,-1,-13
 0> hr,571,84460,104108,-13.00,-1,-21
 0> hr,572,84453,104107,-13.00,-1,-21
 0> hr,573,84456,104113,-13.00,-1,-14
 0> hr,574,84444,104109,-14.00,-1,-18
 0> hr,575,84455,104108,-14.00,-1,-18
 0> hr,576,84441,104099,-14.00,-1,-26
 0> hr,577,84445,104104,-14.00,-1,-19
 0> hr,578,84453,104104,-14.00,-1,-18
 0> hr,579,84443,104111,-14.00,-1,-10
 0> hr,580,84451,104108,-15.00,-1,-13
 0> hr,581,84450,104114,-15.00,-1,-6
 0> hr,582,84440,104115,-15.00,-1,-5
 0> hr,583,84443,104117,-15.00,-1,-3
 0> hr,584,84453,104106,-15.00,-1,-13
 0> hr,585,84441,104105,-15.00,-1,-14
 0> hr,586,84432,104111,-15.00,-1,-7
 0> hr,587,84446,104104,-15.00,-1,-14
 0> hr,588,84447,104110,-15.00,-1,-7
 0> hr,589,84446,104109,-14.00,-1,-8
 0> hr,590,84452,104116,-14.00,-1,0
 0> hr,591,84442,104124,-14.00,-1,7
 0> hr,592,84450,104106,-14.00,-1,-11
 0> hr,593,84444,104099,-14.00,-1,-17
 0> hr,594,84439,104108,-14.00,-1,-7
 0> hr,595,84443,104107,-13.00,-1,-8
 0> hr,596,84448,104111,-13.00,-1,-3
 0> hr,597,84439,104113,-13.00,-1,-1
 0> hr,598,84434,104105,-13.00,-1,-9
 0> hr,599,84436,104104,-13.00,-1,-10
 0> hr,600,84440,104107,-12.00,-1,-6
 0> hr,601,84426,104107,-12.00,-1,-6
 0> hr,602,84442,104106,-12.00,-1,-6
 0> hr,603,84431,104109,-12.00,-1,-3
 0> hr,604,84437,104115,-11.00,-1,2
 0> hr,605,84440,104104,-11.00,-1,-8
 0> hr,606,84445,104110,-11.00,-1,-2
 0> hr,607,84435,104118,-10.00,-1,6
 0> hr,608,84438,104097,-10.00,-1,-15
 0> hr,609,84445,104107,-10.00,-1,-4
 0> hr,610,84437,104107,-9.00,-1,-4
 0> hr,611,84433,104098,-9.00,-1,-13
 0> hr,612,84437,104106,-9.00,-1,-4
 0> hr,613,84450,104100,-9.00,-1,-10
 0> hr,614,84443,104104,-8.00,-1,-5
 0> hr,615,84437,104075,-8.00,-1,-34
 0> hr,616,84433,104102,-8.00,-1,-5
 0> hr,617,84434,104106,-8.00,-1,-1
 0> hr,618,84449,104101,-8.00,-1,-6
 0> hr,619,84426,104107,-8.00,-1,0
 0> hr,620,84443,104105,-8.00,-1,-2
 0> hr,621,84433,104088,-8.00,-1,-18
 0> hr,622,84435,104109,-7.00,-1,3
 0> hr,623,84439,104091,-7.00,-1,-15
 0> hr,624,84436,104097,-7.00,-1,-8
 0> hr,625,84433,104100,-7.00,-1,-4
 0> hr,626,84440,104096,-7.00,-1,-8
 0> hr,627,84432,104080,-7.00,-1,-24
 0> hr,628,84442,104092,-7.00,-1,-11
 0> hr,629,84440,104089,-7.00,-1,-13
 0> hr,630,84445,104080,-7.00,-1,-21
 0> hr,631,84443,104098,-7.00,-1,-2
 0> hr,632,84423,104082,-7.00,-1,-18
 0> hr,633,84440,104096,-7.00,-1,-3
 0> hr,634,84430,104070,-7.00,-1,-29
 0> hr,635,84423,104083,-7.00,-1,-15
 0> hr,636,84429,104077,-7.00,-1,-20
 0> hr,637,84427,104082,-8.00,-1,-14
 0> hr,638,84439,104084,-8.00,-1,-11
 0> hr,639,84430,104072,-8.00,-1,-22
 0> hr,640,84423,104087,-8.00,-1,-6
 0> hr,641,84418,104072,-8.00,-1,-21
 0> hr,642,84433,104078,-9.00,-1,-14
 0> hr,643,84424,104074,-9.00,-1,-17
 0> hr,644,84425,104070,-9.00,-1,-20
 0> hr,645,84406,104071,-9.00,-1,-18
 0> hr,646,84427,104076,-10.00,-1,-12
 0> hr,647,84418,104075,-10.00,-1,-13
 0> hr,648,84423,104070,-10.00,-1,-17
 0> hr,649,84434,104085,-10.00,-1,-1
 0> hr,650,84412,104070,-10.00,-1,-16
 0> hr,651,84402,104065,-11.00,-1,-20
 0> hr,652,84420,104073,-11.00,-1,-11
 0> hr,653,84413,104065,-11.00,-1,-19
 0> hr,654,84417,104077,-11.00,-1,-6
 0> hr,655,84411,104079,-11.00,-1,-3
 0> hr,656,84425,104070,-11.00,-1,-12
 0> hr,657,84409,104071,-12.00,-1,-11
 0> hr,658,84424,104064,-12.00,-1,-17
 0> hr,659,84417,104054,-12.00,-1,-26
 0> hr,660,84421,104070,-12.00,-1,-9
 0> hr,661,84410,104072,-12.00,-1,-6
 0> hr,662,84422,104069,-12.00,-1,-9
 0> hr,663,84416,104074,-12.00,-1,-3
 0> hr,664,84420,104079,-12.00,-1,1
 0> hr,665,84416,104072,-12.00,-1,-5
 0> hr,666,84423,104069,-12.00,-1,-8
 0> hr,667,84420,104093,-12.00,-1,15
 0> hr,668,84420,104082,-12.00,-1,4
 0> hr,669,84422,104079,-12.00,-1,0
 0> hr,670,84413,104074,-11.00,-1,-4
 0> hr,671,84413,104079,-11.00,-1,1
 0> hr,672,84426,104074,-11.00,-1,-4
 0> hr,673,84430,104086,-11.00,-1,8
 0> hr,674,84435,104087,-10.00,-1,8
 0> hr,675,84422,104082,-10.00,-1,3
 0> hr,676,84423,104089,-9.00,-1,10
 0> hr,677,84423,104085,-9.00,-1,5
 0> hr,678,84427,104087,-9.00,-1,7
 0> hr,679,84409,104088,-8.00,-1,8
 0> hr,680,84420,104078,-8.00,-1,-2
 0> hr,681,84422,104067,-7.00,-1,-13
 0> hr,682,84424,104082,-7.00,-1,2
 0> hr,683,84421,104088,-6.00,-1,8
 0> hr,684,84426,104078,-6.00,-1,-2
 0> hr,685,84412,104078,-5.00,-1,-2
 0> hr,686,84424,104083,-5.00,-1,3
 0> hr,687,84431,104079,-5.00,-1,-1
 0> hr,688,84425,104082,-4.00,-1,1
 0> hr,689,84430,104083,-4.00,-1,2
 0> hr,690,84427,104081,-4.00,-1,0
 0> hr,691,84424,104082,-3.00,-1,1
 0> hr,692,84427,104083,-3.00,-1,2
 0> hr,693,84428,104099,-3.00,-1,18
 0> hr,694,84437,104092,-2.00,-1,10
 0> hr,695,84439,104090,-2.00,-1,8
 0> hr,696,84433,104087,-1.00,0,4
 0> hr,697,84432,104079,-1.00,-1,-3
 0> hr,698,84423,104094,-1.00,0,11
 0> hr,699,84441,104077,0.00,0,-6
 0> hr,700,84425,104097,0.00,0,14
 0> hr,701,84427,104081,0.00,0,-2
 0> hr,702,84431,104090,0.00,0,6
 0> hr,703,84419,104086,0.00,0,2
 0> hr,704,84426,104089,0.00,0,5
 0> hr,705,84431,104072,1.00,1,-12
 0> hr,706,84426,104078,1.00,1,-5
 0> hr,707,84429,104076,1.00,1,-7<info> app: .
 0> <info> app: [OK]	HR has been calculated 200443
 0> 
 0> Plus Signal 1, 59
 0> Minus Signal -1, 93
 0> Plus Signal 1, 250
 0> Minus Signal -1, 265
 0> Plus Signal 1, 705<info> app: HR,
 0> ,39<info> app: ,END HR,
 0> <info> app: [OK]	LED Power 95
 0> <info> app: [OK]	HR Background stop
 0> <info> app: ^
 0> <info> app: HR A
 0> <info> app: HR C
 0> <info> app: HR D
 0> <info> app: Show HR Result
 0> <info> app: BATT Reading...
 0> <info> app: BATT Reading...

# Logging stopped @ 03 Dec 2018 15:32:19
