# SEGGER J-Link RTT Viewer V6.16a Terminal Log File
# Compiled: 12:44:10 on Jun  6 2017
# Logging started @ 03 Dec 2018 14:52:24
 0> <info> app: ALERT_BT_CHECK_WAIT_KRY
 0> <info> app: Left Press
 0> <info> app: BATT Reading...
 0> <info> app: [OK]	Max30102 Already and background working is begin
 0> 
 0> <info> app: [OK]	HR sample count 708
 0> <info> app: DEBUG_HR
 0> 
 0> hr,0,75881,98246,26,0,
 0> hr,1,75878,98232,26,0,
 0> hr,2,75884,98249,26,0,
 0> hr,3,75887,98246,26,0,
 0> hr,4,75879,98255,25,0,
 0> hr,5,75887,98255,25,0,
 0> hr,6,75889,98259,24,0,
 0> hr,7,75896,98251,24,0,
 0> hr,8,75885,98246,23,0,
 0> hr,9,75888,98264,22,0,
 0> hr,10,75890,98255,21,0,
 0> hr,11,75894,98254,21,0,
 0> hr,12,75886,98269,20,0,
 0> hr,13,75891,98254,19,0,
 0> hr,14,75889,98273,18,0,
 0> hr,15,75904,98281,17,0,
 0> hr,16,75890,98289,16,0,
 0> hr,17,75898,98278,14,0,
 0> hr,18,75896,98288,13,0,
 0> hr,19,75909,98282,12,0,
 0> hr,20,75899,98292,10,0,
 0> hr,21,75909,98298,9,0,
 0> hr,22,75906,98293,7,0,
 0> hr,23,75910,98309,6,0,
 0> hr,24,75915,98292,4,0,
 0> hr,25,75918,98299,3,0,
 0> hr,26,75911,98311,1,0,
 0> hr,27,75915,98304,0,0,
 0> hr,28,75920,98317,1,0,
 0> hr,29,75923,98327,3,0,
 0> hr,30,75920,98313,4,0,
 0> hr,31,75917,98319,6,0,
 0> hr,32,75922,98334,8,0,
 0> hr,33,75924,98337,9,0,
 0> hr,34,75926,98329,11,0,
 0> hr,35,75926,98325,13,0,
 0> hr,36,75922,98326,14,0,
 0> hr,37,75923,98331,16,0,
 0> hr,38,75932,98318,17,0,
 0> hr,39,75925,98312,19,0,
 0> hr,40,75916,98316,20,0,
 0> hr,41,75915,98305,21,0,
 0> hr,42,75914,98292,22,0,
 0> hr,43,75905,98296,23,0,
 0> hr,44,75912,98269,23,0,
 0> hr,45,75907,98274,24,0,
 0> hr,46,75891,98254,24,0,
 0> hr,47,75893,98249,24,0,
 0> hr,48,75889,98233,24,0,
 0> hr,49,75884,98236,23,0,
 0> hr,50,75884,98228,22,0,
 0> hr,51,75894,98223,21,0,
 0> hr,52,75866,98209,20,0,
 0> hr,53,75875,98204,18,0,
 0> hr,54,75885,98198,17,0,
 0> hr,55,75886,98194,15,0,
 0> hr,56,75864,98187,13,0,
 0> hr,57,75866,98180,11,0,
 0> hr,58,75866,98192,8,0,
 0> hr,59,75871,98184,6,0,
 0> hr,60,75859,98193,3,0,
 0> hr,61,75870,98184,1,0,
 0> hr,62,75867,98199,1,0,
 0> hr,63,75878,98186,4,0,
 0> hr,64,75867,98197,6,0,
 0> hr,65,75870,98177,8,0,
 0> hr,66,75871,98181,11,0,
 0> hr,67,75879,98182,13,0,
 0> hr,68,75872,98192,15,0,
 0> hr,69,75867,98192,18,0,
 0> hr,70,75879,98192,20,0,
 0> hr,71,75877,98197,22,0,
 0> hr,72,75881,98201,23,0,
 0> hr,73,75874,98199,25,0,
 0> hr,74,75882,98195,26,0,
 0> hr,75,75879,98205,28,0,
 0> hr,76,75886,98206,29,0,
 0> hr,77,75882,98207,30,0,
 0> hr,78,75879,98201,31,0,
 0> hr,79,75894,98213,31,0,
 0> hr,80,75896,98212,32,0,
 0> hr,81,75881,98213,32,0,
 0> hr,82,75891,98203,33,0,
 0> hr,83,75887,98227,33,0,
 0> hr,84,75890,98223,33,0,
 0> hr,85,75893,98223,32,0,
 0> hr,86,75875,98218,32,0,
 0> hr,87,75899,98225,32,0,
 0> hr,88,75897,98219,31,0,
 0> hr,89,75901,98234,30,0,
 0> hr,90,75893,98227,30,0,
 0> hr,91,75905,98226,29,0,
 0> hr,92,75892,98228,28,0,
 0> hr,93,75898,98233,27,0,
 0> hr,94,75888,98237,26,0,
 0> hr,95,75899,98233,25,0,
 0> hr,96,75906,98238,24,0,
 0> hr,97,75889,98254,22,0,
 0> hr,98,75898,98255,21,0,
 0> hr,99,75898,98242,20,0,
 0> hr,100,75906,98242,18,0,
 0> hr,101,75909,98254,17,0,
 0> hr,102,75909,98253,15,0,
 0> hr,103,75910,98244,14,0,
 0> hr,104,75912,98257,12,0,
 0> hr,105,75914,98267,11,0,
 0> hr,106,75905,98273,9,0,
 0> hr,107,75911,98274,8,0,
 0> hr,108,75919,98273,6,0,
 0> hr,109,75910,98287,4,0,
 0> hr,110,75932,98295,3,0,
 0> hr,111,75922,98287,1,0,
 0> hr,112,75923,98296,0,0,
 0> hr,113,75922,98296,2,0,
 0> hr,114,75931,98285,3,0,
 0> hr,115,75916,98293,5,0,
 0> hr,116,75927,98297,7,0,
 0> hr,117,75938,98303,9,0,
 0> hr,118,75928,98301,11,0,
 0> hr,119,75928,98312,12,0,
 0> hr,120,75941,98325,14,0,
 0> hr,121,75929,98309,16,0,
 0> hr,122,75928,98322,17,0,
 0> hr,123,75934,98315,19,0,
 0> hr,124,75926,98335,21,0,
 0> hr,125,75923,98331,22,0,
 0> hr,126,75925,98320,24,0,
 0> hr,127,75931,98329,25,0,
 0> hr,128,75928,98321,27,0,
 0> hr,129,75928,98314,28,0,
 0> hr,130,75943,98299,29,0,
 0> hr,131,75926,98286,31,0,
 0> hr,132,75929,98280,31,0,
 0> hr,133,75912,98268,32,0,
 0> hr,134,75907,98269,32,0,
 0> hr,135,75902,98261,33,0,
 0> hr,136,75904,98239,33,0,
 0> hr,137,75904,98231,32,0,
 0> hr,138,75903,98230,32,0,
 0> hr,139,75902,98216,31,0,
 0> hr,140,75904,98213,30,0,
 0> hr,141,75897,98189,28,0,
 0> hr,142,75881,98192,27,0,
 0> hr,143,75893,98198,25,0,
 0> hr,144,75885,98195,23,0,
 0> hr,145,75890,98178,20,0,
 0> hr,146,75883,98174,18,0,
 0> hr,147,75877,98171,15,0,
 0> hr,148,75883,98169,13,0,
 0> hr,149,75879,98186,10,0,
 0> hr,150,75887,98176,7,0,
 0> hr,151,75872,98171,4,0,
 0> hr,152,75888,98177,1,0,
 0> hr,153,75879,98175,1,0,
 0> hr,154,75890,98176,3,0,
 0> hr,155,75884,98170,6,0,
 0> hr,156,75887,98178,9,0,
 0> hr,157,75899,98181,11,0,
 0> hr,158,75880,98170,14,0,
 0> hr,159,75885,98183,16,0,
 0> hr,160,75885,98186,18,0,
 0> hr,161,75890,98189,21,0,
 0> hr,162,75895,98189,22,0,
 0> hr,163,75894,98186,24,0,
 0> hr,164,75906,98194,26,0,
 0> hr,165,75892,98183,27,0,
 0> hr,166,75884,98198,28,0,
 0> hr,167,75900,98189,29,0,
 0> hr,168,75897,98193,30,0,
 0> hr,169,75900,98210,31,0,
 0> hr,170,75892,98212,32,0,
 0> hr,171,75894,98207,32,0,
 0> hr,172,75895,98205,32,0,
 0> hr,173,75891,98196,32,0,
 0> hr,174,75889,98216,32,0,
 0> hr,175,75901,98206,32,0,
 0> hr,176,75909,98206,32,0,
 0> hr,177,75904,98207,32,0,
 0> hr,178,75903,98215,31,0,
 0> hr,179,75901,98223,30,0,
 0> hr,180,75910,98211,30,0,
 0> hr,181,75905,98222,29,0,
 0> hr,182,75905,98217,28,0,
 0> hr,183,75916,98229,27,0,
 0> hr,184,75913,98212,26,0,
 0> hr,185,75911,98222,25,0,
 0> hr,186,75901,98226,24,0,
 0> hr,187,75911,98232,23,0,
 0> hr,188,75905,98233,21,0,
 0> hr,189,75916,98247,20,0,
 0> hr,190,75910,98236,19,0,
 0> hr,191,75917,98237,17,0,
 0> hr,192,75906,98254,16,0,
 0> hr,193,75921,98257,14,0,
 0> hr,194,75915,98262,13,0,
 0> hr,195,75925,98252,11,0,
 0> hr,196,75928,98256,9,0,
 0> hr,197,75917,98256,8,0,
 0> hr,198,75921,98260,6,0,
 0> hr,199,75913,98270,4,0,
 0> hr,200,75918,98264,3,0,
 0> hr,201,75942,98262,1,0,
 0> hr,202,75937,98280,0,0,
 0> hr,203,75914,98272,2,0,
 0> hr,204,75934,98290,3,0,
 0> hr,205,75928,98290,5,0,
 0> hr,206,75921,98289,7,0,
 0> hr,207,75930,98301,8,0,
 0> hr,208,75924,98302,10,0,
 0> hr,209,75936,98289,12,0,
 0> hr,210,75939,98308,14,0,
 0> hr,211,75939,98312,15,0,
 0> hr,212,75937,98308,17,0,
 0> hr,213,75947,98307,19,0,
 0> hr,214,75948,98324,20,0,
 0> hr,215,75948,98314,22,0,
 0> hr,216,75939,98310,24,0,
 0> hr,217,75961,98328,25,0,
 0> hr,218,75939,98339,27,0,
 0> hr,219,75946,98328,28,0,
 0> hr,220,75961,98341,30,0,
 0> hr,221,75953,98347,31,0,
 0> hr,222,75946,98329,33,0,
 0> hr,223,75946,98350,34,0,
 0> hr,224,75957,98342,36,0,
 0> hr,225,75943,98326,37,0,
 0> hr,226,75950,98324,38,0,
 0> hr,227,75932,98318,39,0,
 0> hr,228,75939,98316,40,0,
 0> hr,229,75925,98306,41,0,
 0> hr,230,75945,98286,41,0,
 0> hr,231,75929,98284,41,0,
 0> hr,232,75924,98268,42,0,
 0> hr,233,75940,98260,41,0,
 0> hr,234,75906,98241,41,0,
 0> hr,235,75924,98247,40,0,
 0> hr,236,75926,98246,39,0,
 0> hr,237,75913,98237,38,0,
 0> hr,238,75911,98236,36,0,
 0> hr,239,75903,98225,34,0,
 0> hr,240,75911,98225,33,0,
 0> hr,241,75908,98224,30,0,
 0> hr,242,75900,98216,28,0,
 0> hr,243,75904,98202,26,0,
 0> hr,244,75896,98213,23,0,
 0> hr,245,75907,98217,21,0,
 0> hr,246,75897,98211,18,0,
 0> hr,247,75901,98210,16,0,
 0> hr,248,75912,98200,13,0,
 0> hr,249,75908,98201,10,0,
 0> hr,250,75907,98217,7,0,
 0> hr,251,75904,98214,5,0,
 0> hr,252,75916,98220,2,0,
 0> hr,253,75909,98229,0,0,
 0> hr,254,75902,98224,2,0,
 0> hr,255,75916,98211,4,0,
 0> hr,256,75911,98214,6,0,
 0> hr,257,75900,98214,8,0,
 0> hr,258,75902,98230,10,0,
 0> hr,259,75905,98228,12,0,
 0> hr,260,75907,98226,13,0,
 0> hr,261,75899,98226,15,0,
 0> hr,262,75916,98209,16,0,
 0> hr,263,75907,98231,17,0,
 0> hr,264,75917,98219,19,0,
 0> hr,265,75909,98225,20,0,
 0> hr,266,75916,98228,20,0,
 0> hr,267,75920,98237,21,0,
 0> hr,268,75921,98231,22,0,
 0> hr,269,75907,98228,22,0,
 0> hr,270,75903,98234,23,0,
 0> hr,271,75910,98232,23,0,
 0> hr,272,75918,98232,23,0,
 0> hr,273,75913,98240,23,0,
 0> hr,274,75915,98233,23,0,
 0> hr,275,75904,98251,23,0,
 0> hr,276,75919,98242,23,0,
 0> hr,277,75930,98246,22,0,
 0> hr,278,75920,98244,22,0,
 0> hr,279,75925,98253,21,0,
 0> hr,280,75925,98250,21,0,
 0> hr,281,75922,98254,20,0,
 0> hr,282,75925,98261,19,0,
 0> hr,283,75930,98264,18,0,
 0> hr,284,75923,98284,17,0,
 0> hr,285,75937,98267,16,0,
 0> hr,286,75918,98283,15,0,
 0> hr,287,75937,98272,14,0,
 0> hr,288,75929,98277,12,0,
 0> hr,289,75925,98290,11,0,
 0> hr,290,75929,98284,10,0,
 0> hr,291,75930,98286,8,0,
 0> hr,292,75942,98287,7,0,
 0> hr,293,75936,98291,5,0,
 0> hr,294,75937,98300,4,0,
 0> hr,295,75935,98294,2,0,
 0> hr,296,75940,98298,0,0,
 0> hr,297,75944,98298,0,0,
 0> hr,298,75935,98303,2,0,
 0> hr,299,75944,98307,3,0,
 0> hr,300,75937,98314,5,0,
 0> hr,301,75948,98330,7,0,
 0> hr,302,75952,98313,8,0,
 0> hr,303,75950,98311,10,0,
 0> hr,304,75954,98320,11,0,
 0> hr,305,75948,98331,13,0,
 0> hr,306,75946,98327,15,0,
 0> hr,307,75954,98323,16,0,
 0> hr,308,75957,98332,18,0,
 0> hr,309,75958,98347,19,0,
 0> hr,310,75964,98339,21,0,
 0> hr,311,75948,98343,22,0,
 0> hr,312,75952,98351,23,0,
 0> hr,313,75951,98337,25,0,
 0> hr,314,75954,98351,26,0,
 0> hr,315,75951,98335,27,0,
 0> hr,316,75944,98336,29,0,
 0> hr,317,75955,98337,30,0,
 0> hr,318,75944,98330,31,0,
 0> hr,319,75937,98310,32,0,
 0> hr,320,75935,98304,32,0,
 0> hr,321,75938,98300,33,0,
 0> hr,322,75938,98281,33,0,
 0> hr,323,75933,98290,33,0,
 0> hr,324,75925,98279,33,0,
 0> hr,325,75924,98270,33,0,
 0> hr,326,75927,98268,32,0,
 0> hr,327,75920,98263,31,0,
 0> hr,328,75912,98256,30,0,
 0> hr,329,75908,98250,29,0,
 0> hr,330,75913,98242,28,0,
 0> hr,331,75910,98246,26,0,
 0> hr,332,75918,98241,24,0,
 0> hr,333,75912,98237,23,0,
 0> hr,334,75904,98244,21,0,
 0> hr,335,75913,98228,19,0,
 0> hr,336,75921,98241,16,0,
 0> hr,337,75903,98228,14,0,
 0> hr,338,75906,98232,12,0,
 0> hr,339,75906,98229,10,0,
 0> hr,340,75919,98235,8,0,
 0> hr,341,75909,98242,5,0,
 0> hr,342,75917,98231,3,0,
 0> hr,343,75903,98242,1,0,
 0> hr,344,75919,98237,0,0,
 0> hr,345,75909,98238,2,0,
 0> hr,346,75912,98246,4,0,
 0> hr,347,75921,98257,6,0,
 0> hr,348,75903,98253,7,0,
 0> hr,349,75916,98264,9,0,
 0> hr,350,75914,98248,10,0,
 0> hr,351,75911,98257,11,0,
 0> hr,352,75922,98251,12,0,
 0> hr,353,75928,98264,13,0,
 0> hr,354,75916,98254,14,0,
 0> hr,355,75921,98266,15,0,
 0> hr,356,75920,98259,15,0,
 0> hr,357,75929,98255,16,0,
 0> hr,358,75937,98259,16,0,
 0> hr,359,75913,98261,17,0,
 0> hr,360,75918,98255,17,0,
 0> hr,361,75922,98260,17,0,
 0> hr,362,75921,98268,17,0,
 0> hr,363,75909,98265,17,0,
 0> hr,364,75909,98264,17,0,
 0> hr,365,75915,98260,17,0,
 0> hr,366,75916,98263,16,0,
 0> hr,367,75925,98266,16,0,
 0> hr,368,75928,98268,16,0,
 0> hr,369,75928,98262,15,0,
 0> hr,370,75933,98261,15,0,
 0> hr,371,75917,98271,14,0,
 0> hr,372,75935,98264,14,0,
 0> hr,373,75920,98273,13,0,
 0> hr,374,75926,98284,13,0,
 0> hr,375,75914,98269,12,0,
 0> hr,376,75934,98277,11,0,
 0> hr,377,75937,98288,11,0,
 0> hr,378,75930,98290,10,0,
 0> hr,379,75930,98285,9,0,
 0> hr,380,75934,98302,8,0,
 0> hr,381,75930,98304,7,0,
 0> hr,382,75941,98299,6,0,
 0> hr,383,75930,98310,5,0,
 0> hr,384,75938,98315,4,0,
 0> hr,385,75939,98308,3,0,
 0> hr,386,75929,98303,2,0,
 0> hr,387,75936,98325,0,0,
 0> hr,388,75938,98318,0,0,
 0> hr,389,75929,98319,1,0,
 0> hr,390,75943,98310,3,0,
 0> hr,391,75937,98330,4,0,
 0> hr,392,75945,98316,5,0,
 0> hr,393,75942,98331,7,0,
 0> hr,394,75944,98341,8,0,
 0> hr,395,75953,98338,9,0,
 0> hr,396,75961,98344,11,0,
 0> hr,397,75949,98350,12,0,
 0> hr,398,75952,98350,13,0,
 0> hr,399,75959,98356,15,0,
 0> hr,400,75937,98377,16,0,
 0> hr,401,75950,98360,18,0,
 0> hr,402,75946,98356,19,0,
 0> hr,403,75941,98352,21,0,
 0> hr,404,75958,98351,22,0,
 0> hr,405,75945,98345,23,0,
 0> hr,406,75941,98342,25,0,
 0> hr,407,75943,98329,26,0,
 0> hr,408,75934,98321,27,0,
 0> hr,409,75944,98313,27,0,
 0> hr,410,75917,98295,28,0,
 0> hr,411,75926,98306,28,0,
 0> hr,412,75923,98292,28,0,
 0> hr,413,75928,98268,28,0,
 0> hr,414,75922,98276,28,0,
 0> hr,415,75925,98268,27,0,
 0> hr,416,75918,98253,27,0,
 0> hr,417,75912,98264,25,0,
 0> hr,418,75911,98260,24,0,
 0> hr,419,75916,98246,23,0,
 0> hr,420,75920,98239,21,0,
 0> hr,421,75911,98242,19,0,
 0> hr,422,75918,98243,18,0,
 0> hr,423,75905,98254,16,0,
 0> hr,424,75910,98236,14,0,
 0> hr,425,75912,98248,11,0,
 0> hr,426,75905,98247,9,0,
 0> hr,427,75913,98257,7,0,
 0> hr,428,75921,98236,5,0,
 0> hr,429,75914,98248,3,0,
 0> hr,430,75917,98251,1,0,
 0> hr,431,75904,98262,0,0,
 0> hr,432,75915,98257,2,0,
 0> hr,433,75912,98250,4,0,
 0> hr,434,75920,98248,5,0,
 0> hr,435,75913,98255,7,0,
 0> hr,436,75908,98255,8,0,
 0> hr,437,75915,98263,10,0,
 0> hr,438,75920,98265,11,0,
 0> hr,439,75919,98278,12,0,
 0> hr,440,75920,98265,13,0,
 0> hr,441,75919,98269,14,0,
 0> hr,442,75917,98270,15,0,
 0> hr,443,75926,98269,16,0,
 0> hr,444,75912,98270,16,0,
 0> hr,445,75914,98270,16,0,
 0> hr,446,75921,98272,17,0,
 0> hr,447,75911,98278,17,0,
 0> hr,448,75919,98278,17,0,
 0> hr,449,75926,98271,17,0,
 0> hr,450,75916,98282,17,0,
 0> hr,451,75928,98277,17,0,
 0> hr,452,75932,98280,17,0,
 0> hr,453,75912,98285,16,0,
 0> hr,454,75917,98301,16,0,
 0> hr,455,75925,98291,15,0,
 0> hr,456,75920,98280,15,0,
 0> hr,457,75930,98292,14,0,
 0> hr,458,75931,98298,13,0,
 0> hr,459,75937,98296,13,0,
 0> hr,460,75923,98299,12,0,
 0> hr,461,75919,98299,11,0,
 0> hr,462,75934,98296,10,0,
 0> hr,463,75933,98315,9,0,
 0> hr,464,75935,98315,8,0,
 0> hr,465,75923,98313,7,0,
 0> hr,466,75929,98317,6,0,
 0> hr,467,75931,98308,5,0,
 0> hr,468,75929,98322,4,0,
 0> hr,469,75930,98314,2,0,
 0> hr,470,75933,98312,1,0,
 0> hr,471,75936,98331,0,0,
 0> hr,472,75927,98324,0,0,
 0> hr,473,75943,98338,1,0,
 0> hr,474,75933,98335,3,0,
 0> hr,475,75945,98331,4,0,
 0> hr,476,75931,98335,5,0,
 0> hr,477,75935,98328,7,0,
 0> hr,478,75935,98359,8,0,
 0> hr,479,75952,98339,9,0,
 0> hr,480,75930,98334,10,0,
 0> hr,481,75939,98344,12,0,
 0> hr,482,75953,98353,13,0,
 0> hr,483,75938,98358,14,0,
 0> hr,484,75941,98354,15,0,
 0> hr,485,75927,98356,16,0,
 0> hr,486,75958,98345,18,0,
 0> hr,487,75935,98352,19,0,
 0> hr,488,75930,98362,20,0,
 0> hr,489,75935,98353,21,0,
 0> hr,490,75927,98338,22,0,
 0> hr,491,75935,98331,23,0,
 0> hr,492,75928,98323,23,0,
 0> hr,493,75940,98319,24,0,
 0> hr,494,75934,98313,24,0,
 0> hr,495,75919,98314,24,0,
 0> hr,496,75922,98300,24,0,
 0> hr,497,75917,98285,24,0,
 0> hr,498,75908,98280,24,0,
 0> hr,499,75909,98272,23,0,
 0> hr,500,75911,98271,23,0,
 0> hr,501,75900,98269,22,0,
 0> hr,502,75908,98262,20,0,
 0> hr,503,75911,98269,19,0,
 0> hr,504,75908,98256,18,0,
 0> hr,505,75897,98248,16,0,
 0> hr,506,75903,98260,14,0,
 0> hr,507,75909,98256,13,0,
 0> hr,508,75905,98246,11,0,
 0> hr,509,75907,98254,9,0,
 0> hr,510,75897,98260,7,0,
 0> hr,511,75900,98254,5,0,
 0> hr,512,75902,98268,3,0,
 0> hr,513,75908,98266,1,0,
 0> hr,514,75896,98267,0,0,
 0> hr,515,75890,98254,2,0,
 0> hr,516,75917,98256,3,0,
 0> hr,517,75906,98257,5,0,
 0> hr,518,75903,98241,6,0,
 0> hr,519,75893,98249,8,0,
 0> hr,520,75899,98272,10,0,
 0> hr,521,75904,98273,11,0,
 0> hr,522,75902,98273,12,0,
 0> hr,523,75919,98263,13,0,
 0> hr,524,75900,98270,14,0,
 0> hr,525,75907,98276,15,0,
 0> hr,526,75909,98263,16,0,
 0> hr,527,75910,98274,17,0,
 0> hr,528,75910,98267,17,0,
 0> hr,529,75923,98269,18,0,
 0> hr,530,75921,98278,18,0,
 0> hr,531,75910,98276,18,0,
 0> hr,532,75918,98281,18,0,
 0> hr,533,75914,98281,19,0,
 0> hr,534,75922,98284,19,0,
 0> hr,535,75915,98293,18,0,
 0> hr,536,75913,98282,18,0,
 0> hr,537,75916,98287,18,0,
 0> hr,538,75915,98303,18,0,
 0> hr,539,75918,98283,17,0,
 0> hr,540,75916,98300,16,0,
 0> hr,541,75916,98295,16,0,
 0> hr,542,75911,98295,15,0,
 0> hr,543,75925,98290,14,0,
 0> hr,544,75922,98299,14,0,
 0> hr,545,75916,98295,13,0,
 0> hr,546,75931,98305,12,0,
 0> hr,547,75920,98301,11,0,
 0> hr,548,75909,98307,10,0,
 0> hr,549,75918,98311,9,0,
 0> hr,550,75926,98306,8,0,
 0> hr,551,75920,98319,7,0,
 0> hr,552,75916,98321,6,0,
 0> hr,553,75917,98314,5,0,
 0> hr,554,75929,98327,4,0,
 0> hr,555,75926,98326,3,0,
 0> hr,556,75942,98325,1,0,
 0> hr,557,75947,98328,0,0,
 0> hr,558,75925,98339,0,0,
 0> hr,559,75925,98340,1,0,
 0> hr,560,75925,98341,3,0,
 0> hr,561,75928,98351,4,0,
 0> hr,562,75931,98349,5,0,
 0> hr,563,75939,98351,7,0,
 0> hr,564,75929,98354,8,0,
 0> hr,565,75937,98353,9,0,
 0> hr,566,75944,98352,11,0,
 0> hr,567,75939,98373,12,0,
 0> hr,568,75940,98362,14,0,
 0> hr,569,75940,98369,15,0,
 0> hr,570,75935,98373,16,0,
 0> hr,571,75943,98375,18,0,
 0> hr,572,75932,98382,19,0,
 0> hr,573,75936,98385,21,0,
 0> hr,574,75953,98385,22,0,
 0> hr,575,75938,98383,23,0,
 0> hr,576,75928,98381,25,0,
 0> hr,577,75945,98361,26,0,
 0> hr,578,75946,98366,27,0,
 0> hr,579,75931,98362,28,0,
 0> hr,580,75930,98353,29,0,
 0> hr,581,75945,98348,30,0,
 0> hr,582,75937,98334,30,0,
 0> hr,583,75929,98330,31,0,
 0> hr,584,75923,98317,31,0,
 0> hr,585,75921,98320,31,0,
 0> hr,586,75914,98311,30,0,
 0> hr,587,75916,98295,30,0,
 0> hr,588,75910,98287,29,0,
 0> hr,589,75919,98282,28,0,
 0> hr,590,75916,98277,27,0,
 0> hr,591,75903,98279,26,0,
 0> hr,592,75925,98276,24,0,
 0> hr,593,75925,98276,23,0,
 0> hr,594,75924,98279,21,0,
 0> hr,595,75901,98278,19,0,
 0> hr,596,75905,98266,17,0,
 0> hr,597,75915,98272,15,0,
 0> hr,598,75905,98267,13,0,
 0> hr,599,75904,98281,10,0,
 0> hr,600,75899,98284,8,0,
 0> hr,601,75911,98269,6,0,
 0> hr,602,75907,98272,4,0,
 0> hr,603,75898,98265,2,0,
 0> hr,604,75896,98271,0,0,
 0> hr,605,75903,98267,1,0,
 0> hr,606,75904,98267,3,0,
 0> hr,607,75891,98236,5,0,
 0> hr,608,75898,98242,7,0,
 0> hr,609,75905,98255,9,0,
 0> hr,610,75909,98247,10,0,
 0> hr,611,75896,98228,12,0,
 0> hr,612,75901,98226,14,0,
 0> hr,613,75881,98215,16,0,
 0> hr,614,75883,98229,18,0,
 0> hr,615,75880,98218,20,0,
 0> hr,616,75874,98212,22,0,
 0> hr,617,75875,98212,23,0,
 0> hr,618,75882,98230,25,0,
 0> hr,619,75878,98234,27,0,
 0> hr,620,75883,98233,28,0,
 0> hr,621,75883,98226,30,0,
 0> hr,622,75885,98210,31,0,
 0> hr,623,75891,98230,32,0,
 0> hr,624,75882,98227,34,0,
 0> hr,625,75891,98228,35,0,
 0> hr,626,75889,98231,35,0,
 0> hr,627,75894,98233,36,0,
 0> hr,628,75898,98236,37,0,
 0> hr,629,75886,98233,37,0,
 0> hr,630,75888,98240,38,0,
 0> hr,631,75888,98229,38,0,
 0> hr,632,75891,98231,38,0,
 0> hr,633,75882,98237,38,0,
 0> hr,634,75887,98237,38,0,
 0> hr,635,75892,98241,38,0,
 0> hr,636,75901,98239,38,0,
 0> hr,637,75886,98242,37,0,
 0> hr,638,75893,98233,37,0,
 0> hr,639,75901,98241,36,0,
 0> hr,640,75903,98240,36,0,
 0> hr,641,75901,98236,35,0,
 0> hr,642,75898,98242,34,0,
 0> hr,643,75903,98254,34,0,
 0> hr,644,75893,98265,33,0,
 0> hr,645,75897,98260,32,0,
 0> hr,646,75899,98264,31,0,
 0> hr,647,75898,98276,29,0,
 0> hr,648,75891,98256,28,0,
 0> hr,649,75905,98270,27,0,
 0> hr,650,75897,98275,25,0,
 0> hr,651,75894,98268,24,0,
 0> hr,652,75892,98264,22,0,
 0> hr,653,75895,98249,21,0,
 0> hr,654,75913,98263,20,0,
 0> hr,655,75899,98273,18,0,
 0> hr,656,75896,98282,17,0,
 0> hr,657,75899,98286,15,0,
 0> hr,658,75889,98277,14,0,
 0> hr,659,75895,98290,12,0,
 0> hr,660,75900,98309,10,0,
 0> hr,661,75891,98291,9,0,
 0> hr,662,75908,98292,7,0,
 0> hr,663,75906,98299,6,0,
 0> hr,664,75911,98292,4,0,
 0> hr,665,75901,98296,2,0,
 0> hr,666,75895,98288,1,0,
 0> hr,667,75906,98282,0,0,
 0> hr,668,75893,98276,1,0,
 0> hr,669,75886,98262,3,0,
 0> hr,670,75895,98275,4,0,
 0> hr,671,75875,98253,5,0,
 0> hr,672,75890,98262,6,0,
 0> hr,673,75889,98255,7,0,
 0> hr,674,75890,98260,7,0,
 0> hr,675,75902,98260,8,0,
 0> hr,676,75890,98261,8,0,
 0> hr,677,75893,98253,9,0,
 0> hr,678,75899,98255,9,0,
 0> hr,679,75896,98258,9,0,
 0> hr,680,75907,98278,9,0,
 0> hr,681,75894,98277,9,0,
 0> hr,682,75900,98272,9,0,
 0> hr,683,75891,98271,9,0,
 0> hr,684,75900,98280,9,0,
 0> hr,685,75890,98284,9,0,
 0> hr,686,75900,98294,9,0,
 0> hr,687,75902,98288,9,0,
 0> hr,688,75911,98279,9,0,
 0> hr,689,75905,98303,9,0,
 0> hr,690,75907,98286,9,0,
 0> hr,691,75898,98297,10,0,
 0> hr,692,75902,98293,10,0,
 0> hr,693,75912,98300,10,0,
 0> hr,694,75914,98302,10,0,
 0> hr,695,75899,98325,11,0,
 0> hr,696,75905,98313,11,0,
 0> hr,697,75908,98310,11,0,
 0> hr,698,75904,98321,12,0,
 0> hr,699,75911,98336,12,0,
 0> hr,700,75917,98316,13,0,
 0> hr,701,75921,98336,13,0,
 0> hr,702,75923,98338,14,0,
 0> hr,703,75922,98343,15,0,
 0> hr,704,75918,98339,16,0,
 0> hr,705,75925,98343,16,0,
 0> hr,706,75927,98350,17,0,
 0> hr,707,75927,98352,18,0,<info> app: .
 0> <info> app: [OK]	HR has been calculated 207105
 0> <info> app: [OK]	LED Power 95
 0> <info> app: [OK]	HR Background stop
 0> <info> app: ^
 0> <info> app: HR A
 0> <info> app: HR C
 0> <info> app: HR D
 0> <info> app: Show HR Result
 0> <info> app: BATT Reading...
 0> <info> app: BATT Reading...
 0> <info> app: BATT Reading...
 0> <info> app: ***********  Application started  ***********
 0> 
 0> <info> app: [OK] NRF Power ON 0x0004. 
 0> <info> app: Read MAC:D992B26C8203
 0> <info> app: ***********  Sensor initial ***********
 0> <info> app: [OK]	BMI160
 0> <info> app: [OK]	SETUP ACC
 0> <info> app: [OK]	SETUP STEP COUNT
 0> <info> app: [OK]	FLASH MEMORY
 0> <info> app: [OK]	Read and using configuration in flash memory
 0> <info> app: [OK]	Using queue setting from flash memory
 0> <info> app: gender in flash 1
 0> <info> app: [OK]	OLED Initial
 0> <info> app: Erase bonds!
 0> <info> app: BLE_ADV_EVT_FAST
 0> <info> app: advertising is started
 0> <info> app: [FALL] Device restart detected. It require setup timer from flash memory
 0> 
 0> <info> app: [OK]	FLASH MEMORY
 0> <info> app: [OK] Pedo data with pages 990
 0> 
 0> <error> app: [OK] Unix Time in flash 1543848009
 0> <error> app: [OK] Unix Time in flash 1543848019
 0> <error> app: [OK] Unix Time in flash 1543848029
 0> <error> app: [OK] Unix Time in flash 1543848039
 0> <error> app: [OK] Unix Time in flash 1543848049
 0> <error> app: [OK] Unix Time in flash 1543848059
 0> <error> app: [OK] Unix Time in flash 1543848069
 0> <error> app: [OK] Unix Time in flash 1543848079
 0> <info> app: BATT Reading...
 0> <info> app: Left Press
 0> <info> app: Left Press
 0> <info> app: [OK]	Max30102 Already and background working is begin
 0> 
 0> <info> app: [OK]	HR sample count 707
 0> <info> app: DEBUG_HR
 0> 
 0> hr,0,74517,97012,6,0,
 0> hr,1,74515,97017,4,0,
 0> hr,2,74518,97027,2,0,
 0> hr,3,74518,97031,0,0,
 0> hr,4,74533,97033,1,0,
 0> hr,5,74524,97042,3,0,
 0> hr,6,74527,97024,5,0,
 0> hr,7,74542,97033,6,0,
 0> hr,8,74535,97028,8,0,
 0> hr,9,74530,97032,9,0,
 0> hr,10,74545,97041,10,0,
 0> hr,11,74545,97039,11,0,
 0> hr,12,74545,97043,12,0,
 0> hr,13,74548,97039,13,0,
 0> hr,14,74547,97054,14,0,
 0> hr,15,74551,97063,14,0,
 0> hr,16,74551,97057,15,0,
 0> hr,17,74542,97055,15,0,
 0> hr,18,74565,97060,15,0,
 0> hr,19,74553,97048,15,0,
 0> hr,20,74562,97062,15,0,
 0> hr,21,74559,97067,15,0,
 0> hr,22,74574,97058,15,0,
 0> hr,23,74553,97063,14,0,
 0> hr,24,74570,97063,14,0,
 0> hr,25,74565,97057,14,0,
 0> hr,26,74566,97067,13,0,
 0> hr,27,74563,97068,12,0,
 0> hr,28,74572,97069,12,0,
 0> hr,29,74572,97072,11,0,
 0> hr,30,74558,97069,10,0,
 0> hr,31,74564,97071,10,0,
 0> hr,32,74575,97087,9,0,
 0> hr,33,74573,97081,8,0,
 0> hr,34,74583,97070,7,0,
 0> hr,35,74565,97078,6,0,
 0> hr,36,74576,97075,5,0,
 0> hr,37,74579,97082,4,0,
 0> hr,38,74576,97083,3,0,
 0> hr,39,74569,97082,2,0,
 0> hr,40,74577,97093,1,0,
 0> hr,41,74570,97096,0,0,
 0> hr,42,74573,97101,0,0,
 0> hr,43,74572,97098,1,0,
 0> hr,44,74585,97108,2,0,
 0> hr,45,74591,97102,3,0,
 0> hr,46,74574,97110,4,0,
 0> hr,47,74580,97107,5,0,
 0> hr,48,74571,97097,7,0,
 0> hr,49,74575,97118,8,0,
 0> hr,50,74575,97120,9,0,
 0> hr,51,74581,97123,10,0,
 0> hr,52,74578,97135,11,0,
 0> hr,53,74578,97119,12,0,
 0> hr,54,74575,97133,14,0,
 0> hr,55,74570,97153,15,0,
 0> hr,56,74561,97159,16,0,
 0> hr,57,74585,97171,17,0,
 0> hr,58,74588,97186,19,0,
 0> hr,59,74575,97202,20,0,
 0> hr,60,74579,97193,22,0,
 0> hr,61,74578,97195,24,0,
 0> hr,62,74591,97197,26,0,
 0> hr,63,74574,97191,28,0,
 0> hr,64,74569,97193,30,0,
 0> hr,65,74563,97170,31,0,
 0> hr,66,74567,97168,33,0,
 0> hr,67,74560,97160,35,0,
 0> hr,68,74560,97155,36,0,
 0> hr,69,74568,97143,37,0,
 0> hr,70,74552,97133,39,0,
 0> hr,71,74557,97121,39,0,
 0> hr,72,74549,97106,40,0,
 0> hr,73,74565,97110,40,0,
 0> hr,74,74568,97126,40,0,
 0> hr,75,74558,97104,40,0,
 0> hr,76,74545,97094,39,0,
 0> hr,77,74553,97099,39,0,
 0> hr,78,74539,97092,38,0,
 0> hr,79,74554,97088,37,0,
 0> hr,80,74548,97089,35,0,
 0> hr,81,74545,97084,34,0,
 0> hr,82,74542,97073,32,0,
 0> hr,83,74539,97080,31,0,
 0> hr,84,74537,97063,29,0,
 0> hr,85,74527,97075,27,0,
 0> hr,86,74544,97074,25,0,
 0> hr,87,74531,97073,23,0,
 0> hr,88,74533,97075,20,0,
 0> hr,89,74543,97066,18,0,
 0> hr,90,74542,97079,16,0,
 0> hr,91,74531,97083,14,0,
 0> hr,92,74536,97072,12,0,
 0> hr,93,74534,97071,10,0,
 0> hr,94,74547,97090,8,0,
 0> hr,95,74539,97089,6,0,
 0> hr,96,74555,97094,4,0,
 0> hr,97,74555,97090,2,0,
 0> hr,98,74548,97086,0,0,
 0> hr,99,74551,97091,0,0,
 0> hr,100,74543,97088,1,0,
 0> hr,101,74555,97095,3,0,
 0> hr,102,74550,97084,4,0,
 0> hr,103,74554,97088,5,0,
 0> hr,104,74552,97092,6,0,
 0> hr,105,74556,97092,7,0,
 0> hr,106,74547,97096,8,0,
 0> hr,107,74553,97104,9,0,
 0> hr,108,74559,97113,9,0,
 0> hr,109,74558,97096,10,0,
 0> hr,110,74551,97096,10,0,
 0> hr,111,74567,97100,10,0,
 0> hr,112,74574,97112,10,0,
 0> hr,113,74560,97096,11,0,
 0> hr,114,74568,97093,11,0,
 0> hr,115,74564,97099,11,0,
 0> hr,116,74562,97106,11,0,
 0> hr,117,74555,97114,10,0,
 0> hr,118,74572,97113,10,0,
 0> hr,119,74560,97113,10,0,
 0> hr,120,74565,97107,10,0,
 0> hr,121,74578,97114,9,0,
 0> hr,122,74567,97114,9,0,
 0> hr,123,74563,97125,8,0,
 0> hr,124,74578,97121,8,0,
 0> hr,125,74577,97118,7,0,
 0> hr,126,74584,97110,6,0,
 0> hr,127,74574,97119,6,0,
 0> hr,128,74568,97113,5,0,
 0> hr,129,74575,97130,5,0,
 0> hr,130,74579,97126,4,0,
 0> hr,131,74576,97137,3,0,
 0> hr,132,74583,97132,2,0,
 0> hr,133,74570,97136,1,0,
 0> hr,134,74583,97121,1,0,
 0> hr,135,74583,97147,0,0,
 0> hr,136,74571,97135,0,0,
 0> hr,137,74574,97141,1,0,
 0> hr,138,74591,97151,2,0,
 0> hr,139,74580,97151,3,0,
 0> hr,140,74573,97143,4,0,
 0> hr,141,74576,97149,5,0,
 0> hr,142,74582,97165,6,0,
 0> hr,143,74575,97157,7,0,
 0> hr,144,74584,97164,8,0,
 0> hr,145,74585,97163,9,0,
 0> hr,146,74576,97177,10,0,
 0> hr,147,74561,97184,11,0,
 0> hr,148,74577,97203,12,0,
 0> hr,149,74576,97219,13,0,
 0> hr,150,74572,97239,15,0,
 0> hr,151,74587,97243,16,0,
 0> hr,152,74589,97221,18,0,
 0> hr,153,74589,97246,20,0,
 0> hr,154,74569,97244,22,0,
 0> hr,155,74568,97234,24,0,
 0> hr,156,74583,97228,26,0,
 0> hr,157,74577,97225,28,0,
 0> hr,158,74561,97216,30,0,
 0> hr,159,74580,97199,31,0,
 0> hr,160,74571,97189,33,0,
 0> hr,161,74560,97192,34,0,
 0> hr,162,74558,97156,35,0,
 0> hr,163,74556,97170,36,0,
 0> hr,164,74553,97167,37,0,
 0> hr,165,74535,97153,37,0,
 0> hr,166,74548,97158,38,0,
 0> hr,167,74549,97148,37,0,
 0> hr,168,74545,97129,37,0,
 0> hr,169,74541,97137,37,0,
 0> hr,170,74538,97118,36,0,
 0> hr,171,74534,97118,35,0,
 0> hr,172,74539,97112,33,0,
 0> hr,173,74534,97125,32,0,
 0> hr,174,74529,97118,30,0,
 0> hr,175,74533,97117,28,0,
 0> hr,176,74523,97109,27,0,
 0> hr,177,74526,97107,25,0,
 0> hr,178,74532,97105,23,0,
 0> hr,179,74537,97113,20,0,
 0> hr,180,74536,97113,18,0,
 0> hr,181,74544,97101,16,0,
 0> hr,182,74539,97119,14,0,
 0> hr,183,74531,97123,12,0,
 0> hr,184,74549,97108,9,0,
 0> hr,185,74538,97118,7,0,
 0> hr,186,74539,97128,5,0,
 0> hr,187,74530,97126,3,0,
 0> hr,188,74536,97130,2,0,
 0> hr,189,74545,97130,0,0,
 0> hr,190,74550,97138,1,0,
 0> hr,191,74533,97119,2,0,
 0> hr,192,74550,97129,3,0,
 0> hr,193,74545,97128,5,0,
 0> hr,194,74535,97129,6,0,
 0> hr,195,74547,97138,7,0,
 0> hr,196,74549,97127,8,0,
 0> hr,197,74550,97123,9,0,
 0> hr,198,74552,97140,9,0,
 0> hr,199,74560,97136,10,0,
 0> hr,200,74542,97130,11,0,
 0> hr,201,74556,97135,11,0,
 0> hr,202,74551,97139,11,0,
 0> hr,203,74551,97145,12,0,
 0> hr,204,74555,97130,12,0,
 0> hr,205,74549,97135,12,0,
 0> hr,206,74553,97145,12,0,
 0> hr,207,74543,97145,12,0,
 0> hr,208,74549,97140,12,0,
 0> hr,209,74552,97139,12,0,
 0> hr,210,74557,97156,12,0,
 0> hr,211,74560,97151,11,0,
 0> hr,212,74557,97146,11,0,
 0> hr,213,74547,97146,11,0,
 0> hr,214,74559,97151,10,0,
 0> hr,215,74561,97160,10,0,
 0> hr,216,74562,97156,9,0,
 0> hr,217,74547,97159,8,0,
 0> hr,218,74556,97160,8,0,
 0> hr,219,74564,97164,7,0,
 0> hr,220,74556,97159,6,0,
 0> hr,221,74564,97163,6,0,
 0> hr,222,74573,97156,5,0,
 0> hr,223,74560,97164,4,0,
 0> hr,224,74570,97181,3,0,
 0> hr,225,74561,97170,2,0,
 0> hr,226,74579,97174,1,0,
 0> hr,227,74579,97176,1,0,
 0> hr,228,74567,97178,0,0,
 0> hr,229,74572,97172,0,0,
 0> hr,230,74566,97165,1,0,
 0> hr,231,74570,97164,2,0,
 0> hr,232,74569,97195,3,0,
 0> hr,233,74570,97198,4,0,
 0> hr,234,74569,97196,5,0,
 0> hr,235,74558,97209,6,0,
 0> hr,236,74569,97204,7,0,
 0> hr,237,74574,97206,8,0,
 0> hr,238,74557,97222,9,0,
 0> hr,239,74566,97225,10,0,
 0> hr,240,74568,97216,12,0,
 0> hr,241,74562,97238,13,0,
 0> hr,242,74547,97263,14,0,
 0> hr,243,74564,97272,16,0,
 0> hr,244,74585,97288,17,0,
 0> hr,245,74570,97285,19,0,
 0> hr,246,74572,97300,21,0,
 0> hr,247,74569,97294,23,0,
 0> hr,248,74571,97284,25,0,
 0> hr,249,74575,97286,27,0,
 0> hr,250,74564,97284,30,0,
 0> hr,251,74564,97272,32,0,
 0> hr,252,74567,97260,34,0,
 0> hr,253,74552,97255,36,0,
 0> hr,254,74569,97243,37,0,
 0> hr,255,74546,97228,39,0,
 0> hr,256,74550,97230,40,0,
 0> hr,257,74549,97225,41,0,
 0> hr,258,74543,97202,42,0,
 0> hr,259,74548,97208,42,0,
 0> hr,260,74534,97213,42,0,
 0> hr,261,74553,97205,42,0,
 0> hr,262,74542,97207,42,0,
 0> hr,263,74552,97210,41,0,
 0> hr,264,74535,97211,41,0,
 0> hr,265,74542,97200,40,0,
 0> hr,266,74545,97192,39,0,
 0> hr,267,74531,97197,38,0,
 0> hr,268,74539,97185,37,0,
 0> hr,269,74548,97184,35,0,
 0> hr,270,74543,97184,34,0,
 0> hr,271,74535,97197,32,0,
 0> hr,272,74538,97184,31,0,
 0> hr,273,74523,97189,29,0,
 0> hr,274,74532,97186,27,0,
 0> hr,275,74534,97186,25,0,
 0> hr,276,74533,97189,23,0,
 0> hr,277,74531,97197,22,0,
 0> hr,278,74538,97192,20,0,
 0> hr,279,74531,97187,18,0,
 0> hr,280,74534,97196,16,0,
 0> hr,281,74525,97193,15,0,
 0> hr,282,74527,97190,13,0,
 0> hr,283,74525,97196,11,0,
 0> hr,284,74532,97207,10,0,
 0> hr,285,74531,97182,8,0,
 0> hr,286,74531,97202,7,0,
 0> hr,287,74525,97196,6,0,
 0> hr,288,74530,97202,4,0,
 0> hr,289,74525,97215,3,0,
 0> hr,290,74531,97210,2,0,
 0> hr,291,74529,97209,1,0,
 0> hr,292,74529,97211,1,0,
 0> hr,293,74534,97203,0,0,
 0> hr,294,74526,97212,0,0,
 0> hr,295,74533,97193,0,0,
 0> hr,296,74535,97216,1,0,
 0> hr,297,74529,97211,1,0,
 0> hr,298,74537,97205,2,0,
 0> hr,299,74535,97216,2,0,
 0> hr,300,74527,97210,2,0,
 0> hr,301,74526,97214,3,0,
 0> hr,302,74532,97225,3,0,
 0> hr,303,74539,97204,3,0,
 0> hr,304,74543,97213,3,0,
 0> hr,305,74542,97219,3,0,
 0> hr,306,74535,97214,3,0,
 0> hr,307,74534,97212,3,0,
 0> hr,308,74543,97219,3,0,
 0> hr,309,74537,97217,2,0,
 0> hr,310,74537,97219,2,0,
 0> hr,311,74545,97222,2,0,
 0> hr,312,74525,97221,2,0,
 0> hr,313,74541,97221,2,0,
 0> hr,314,74532,97219,1,0,
 0> hr,315,74523,97228,1,0,
 0> hr,316,74521,97234,1,0,
 0> hr,317,74528,97234,0,0,
 0> hr,318,74529,97227,0,0,
 0> hr,319,74523,97233,0,0,
 0> hr,320,74525,97234,0,0,
 0> hr,321,74517,97234,1,0,
 0> hr,322,74518,97248,1,0,
 0> hr,323,74526,97265,2,0,
 0> hr,324,74522,97286,3,0,
 0> hr,325,74531,97291,3,0,
 0> hr,326,74516,97297,4,0,
 0> hr,327,74535,97308,6,0,
 0> hr,328,74548,97310,7,0,
 0> hr,329,74538,97302,8,0,
 0> hr,330,74540,97294,10,0,
 0> hr,331,74530,97303,12,0,
 0> hr,332,74531,97287,13,0,
 0> hr,333,74524,97281,15,0,
 0> hr,334,74522,97270,16,0,
 0> hr,335,74525,97263,18,0,
 0> hr,336,74507,97257,19,0,
 0> hr,337,74518,97253,20,0,
 0> hr,338,74513,97241,21,0,
 0> hr,339,74511,97229,22,0,
 0> hr,340,74498,97222,22,0,
 0> hr,341,74510,97223,22,0,
 0> hr,342,74508,97211,22,0,
 0> hr,343,74510,97209,22,0,
 0> hr,344,74500,97206,22,0,
 0> hr,345,74501,97218,21,0,
 0> hr,346,74497,97204,20,0,
 0> hr,347,74484,97215,20,0,
 0> hr,348,74501,97213,19,0,
 0> hr,349,74485,97197,17,0,
 0> hr,350,74491,97198,16,0,
 0> hr,351,74495,97198,15,0,
 0> hr,352,74493,97187,14,0,
 0> hr,353,74491,97189,12,0,
 0> hr,354,74489,97202,11,0,
 0> hr,355,74498,97194,9,0,
 0> hr,356,74491,97189,8,0,
 0> hr,357,74485,97187,6,0,
 0> hr,358,74478,97192,4,0,
 0> hr,359,74483,97188,3,0,
 0> hr,360,74481,97187,1,0,
 0> hr,361,74479,97182,0,0,
 0> hr,362,74490,97188,1,0,
 0> hr,363,74487,97188,3,0,
 0> hr,364,74503,97192,4,0,
 0> hr,365,74490,97194,5,0,
 0> hr,366,74476,97190,7,0,
 0> hr,367,74494,97189,8,0,
 0> hr,368,74494,97196,9,0,
 0> hr,369,74490,97188,10,0,
 0> hr,370,74499,97201,11,0,
 0> hr,371,74486,97202,12,0,
 0> hr,372,74489,97196,13,0,
 0> hr,373,74485,97189,14,0,
 0> hr,374,74491,97200,15,0,
 0> hr,375,74495,97203,15,0,
 0> hr,376,74492,97203,16,0,
 0> hr,377,74490,97198,16,0,
 0> hr,378,74502,97191,16,0,
 0> hr,379,74493,97183,17,0,
 0> hr,380,74491,97190,17,0,
 0> hr,381,74494,97200,17,0,
 0> hr,382,74487,97205,17,0,
 0> hr,383,74490,97203,17,0,
 0> hr,384,74497,97198,17,0,
 0> hr,385,74488,97203,17,0,
 0> hr,386,74495,97210,17,0,
 0> hr,387,74502,97203,17,0,
 0> hr,388,74497,97208,16,0,
 0> hr,389,74504,97205,16,0,
 0> hr,390,74481,97212,16,0,
 0> hr,391,74490,97195,15,0,
 0> hr,392,74494,97193,15,0,
 0> hr,393,74475,97216,14,0,
 0> hr,394,74494,97200,14,0,
 0> hr,395,74480,97201,13,0,
 0> hr,396,74495,97207,13,0,
 0> hr,397,74488,97198,12,0,
 0> hr,398,74492,97203,12,0,
 0> hr,399,74478,97206,11,0,
 0> hr,400,74483,97193,11,0,
 0> hr,401,74480,97212,10,0,
 0> hr,402,74492,97216,10,0,
 0> hr,403,74487,97224,9,0,
 0> hr,404,74490,97221,9,0,
 0> hr,405,74488,97226,8,0,
 0> hr,406,74488,97235,7,0,
 0> hr,407,74479,97262,6,0,
 0> hr,408,74493,97276,5,0,
 0> hr,409,74493,97285,4,0,
 0> hr,410,74504,97293,3,0,
 0> hr,411,74505,97289,1,0,
 0> hr,412,74505,97297,0,0,
 0> hr,413,74501,97282,1,0,
 0> hr,414,74501,97288,3,0,
 0> hr,415,74496,97274,5,0,
 0> hr,416,74505,97262,6,0,
 0> hr,417,74504,97249,8,0,
 0> hr,418,74494,97242,10,0,
 0> hr,419,74488,97234,11,0,
 0> hr,420,74490,97240,13,0,
 0> hr,421,74476,97219,14,0,
 0> hr,422,74463,97213,15,0,
 0> hr,423,74466,97200,15,0,
 0> hr,424,74478,97198,16,0,
 0> hr,425,74460,97203,16,0,
 0> hr,426,74458,97183,16,0,
 0> hr,427,74450,97185,16,0,
 0> hr,428,74459,97182,15,0,
 0> hr,429,74446,97185,15,0,
 0> hr,430,74452,97164,14,0,
 0> hr,431,74446,97156,13,0,
 0> hr,432,74458,97159,12,0,
 0> hr,433,74438,97147,10,0,
 0> hr,434,74439,97148,9,0,
 0> hr,435,74439,97152,7,0,
 0> hr,436,74446,97147,6,0,
 0> hr,437,74444,97147,4,0,
 0> hr,438,74432,97145,2,0,
 0> hr,439,74442,97138,0,0,
 0> hr,440,74436,97146,1,0,
 0> hr,441,74447,97152,3,0,
 0> hr,442,74440,97144,5,0,
 0> hr,443,74443,97142,7,0,
 0> hr,444,74428,97147,9,0,
 0> hr,445,74439,97145,11,0,
 0> hr,446,74431,97141,12,0,
 0> hr,447,74429,97153,14,0,
 0> hr,448,74446,97142,16,0,
 0> hr,449,74452,97141,17,0,
 0> hr,450,74442,97153,19,0,
 0> hr,451,74439,97147,20,0,
 0> hr,452,74432,97152,22,0,
 0> hr,453,74443,97157,23,0,
 0> hr,454,74436,97146,24,0,
 0> hr,455,74442,97156,25,0,
 0> hr,456,74442,97149,25,0,
 0> hr,457,74447,97154,26,0,
 0> hr,458,74439,97156,27,0,
 0> hr,459,74446,97148,27,0,
 0> hr,460,74459,97156,28,0,
 0> hr,461,74447,97164,28,0,
 0> hr,462,74447,97141,28,0,
 0> hr,463,74462,97154,28,0,
 0> hr,464,74458,97157,28,0,
 0> hr,465,74460,97155,28,0,
 0> hr,466,74461,97163,28,0,
 0> hr,467,74454,97161,28,0,
 0> hr,468,74456,97157,27,0,
 0> hr,469,74457,97167,27,0,
 0> hr,470,74467,97171,26,0,
 0> hr,471,74455,97152,26,0,
 0> hr,472,74455,97160,25,0,
 0> hr,473,74456,97161,25,0,
 0> hr,474,74466,97154,24,0,
 0> hr,475,74450,97158,23,0,
 0> hr,476,74471,97166,23,0,
 0> hr,477,74456,97173,22,0,
 0> hr,478,74459,97172,21,0,
 0> hr,479,74451,97169,20,0,
 0> hr,480,74466,97183,19,0,
 0> hr,481,74463,97176,19,0,
 0> hr,482,74460,97184,18,0,
 0> hr,483,74467,97177,16,0,
 0> hr,484,74460,97180,15,0,
 0> hr,485,74463,97189,14,0,
 0> hr,486,74470,97183,13,0,
 0> hr,487,74465,97183,12,0,
 0> hr,488,74455,97197,11,0,
 0> hr,489,74466,97197,10,0,
 0> hr,490,74469,97195,9,0,
 0> hr,491,74460,97205,7,0,
 0> hr,492,74462,97228,6,0,
 0> hr,493,74467,97238,5,0,
 0> hr,494,74477,97253,3,0,
 0> hr,495,74481,97254,1,0,
 0> hr,496,74474,97253,0,0,
 0> hr,497,74477,97249,1,0,
 0> hr,498,74471,97250,3,0,
 0> hr,499,74480,97240,5,0,
 0> hr,500,74475,97222,7,0,
 0> hr,501,74467,97210,9,0,
 0> hr,502,74458,97219,11,0,
 0> hr,503,74456,97193,12,0,
 0> hr,504,74454,97195,14,0,
 0> hr,505,74445,97168,15,0,
 0> hr,506,74448,97164,16,0,
 0> hr,507,74448,97167,16,0,
 0> hr,508,74446,97144,17,0,
 0> hr,509,74436,97143,17,0,
 0> hr,510,74445,97141,17,0,
 0> hr,511,74438,97139,16,0,
 0> hr,512,74421,97137,16,0,
 0> hr,513,74425,97124,15,0,
 0> hr,514,74423,97122,14,0,
 0> hr,515,74432,97114,13,0,
 0> hr,516,74425,97108,11,0,
 0> hr,517,74415,97106,10,0,
 0> hr,518,74417,97113,8,0,
 0> hr,519,74419,97103,6,0,
 0> hr,520,74418,97103,4,0,
 0> hr,521,74430,97090,2,0,
 0> hr,522,74426,97100,0,0,
 0> hr,523,74411,97090,1,0,
 0> hr,524,74419,97090,3,0,
 0> hr,525,74405,97091,5,0,
 0> hr,526,74415,97088,7,0,
 0> hr,527,74417,97087,10,0,
 0> hr,528,74410,97078,12,0,
 0> hr,529,74423,97088,14,0,
 0> hr,530,74418,97087,16,0,
 0> hr,531,74408,97094,18,0,
 0> hr,532,74415,97089,20,0,
 0> hr,533,74413,97102,22,0,
 0> hr,534,74421,97102,23,0,
 0> hr,535,74417,97094,25,0,
 0> hr,536,74432,97094,26,0,
 0> hr,537,74426,97108,28,0,
 0> hr,538,74429,97106,29,0,
 0> hr,539,74425,97095,30,0,
 0> hr,540,74436,97100,31,0,
 0> hr,541,74428,97090,31,0,
 0> hr,542,74423,97112,32,0,
 0> hr,543,74432,97110,33,0,
 0> hr,544,74447,97100,33,0,
 0> hr,545,74427,97105,33,0,
 0> hr,546,74431,97090,33,0,
 0> hr,547,74438,97102,33,0,
 0> hr,548,74435,97103,33,0,
 0> hr,549,74445,97100,33,0,
 0> hr,550,74435,97089,33,0,
 0> hr,551,74444,97095,33,0,
 0> hr,552,74443,97107,33,0,
 0> hr,553,74438,97111,32,0,
 0> hr,554,74452,97118,32,0,
 0> hr,555,74456,97114,31,0,
 0> hr,556,74453,97116,31,0,
 0> hr,557,74450,97112,30,0,
 0> hr,558,74448,97109,29,0,
 0> hr,559,74459,97108,28,0,
 0> hr,560,74462,97114,28,0,
 0> hr,561,74444,97114,27,0,
 0> hr,562,74450,97114,26,0,
 0> hr,563,74444,97111,25,0,
 0> hr,564,74462,97114,24,0,
 0> hr,565,74450,97137,23,0,
 0> hr,566,74460,97122,22,0,
 0> hr,567,74456,97137,21,0,
 0> hr,568,74462,97116,19,0,
 0> hr,569,74456,97118,18,0,
 0> hr,570,74451,97136,17,0,
 0> hr,571,74457,97126,16,0,
 0> hr,572,74458,97142,15,0,
 0> hr,573,74467,97132,13,0,
 0> hr,574,74460,97145,12,0,
 0> hr,575,74462,97149,11,0,
 0> hr,576,74464,97152,9,0,
 0> hr,577,74465,97157,8,0,
 0> hr,578,74455,97168,7,0,
 0> hr,579,74456,97175,5,0,
 0> hr,580,74463,97190,4,0,
 0> hr,581,74471,97194,2,0,
 0> hr,582,74468,97200,0,0,
 0> hr,583,74456,97202,1,0,
 0> hr,584,74453,97183,3,0,
 0> hr,585,74465,97185,5,0,
 0> hr,586,74458,97182,6,0,
 0> hr,587,74448,97167,8,0,
 0> hr,588,74447,97162,10,0,
 0> hr,589,74438,97137,12,0,
 0> hr,590,74450,97133,13,0,
 0> hr,591,74446,97127,14,0,
 0> hr,592,74442,97108,15,0,
 0> hr,593,74438,97109,16,0,
 0> hr,594,74445,97106,16,0,
 0> hr,595,74436,97107,16,0,
 0> hr,596,74447,97107,16,0,
 0> hr,597,74434,97086,16,0,
 0> hr,598,74423,97087,15,0,
 0> hr,599,74428,97075,15,0,
 0> hr,600,74411,97071,14,0,
 0> hr,601,74418,97075,13,0,
 0> hr,602,74434,97074,12,0,
 0> hr,603,74428,97072,10,0,
 0> hr,604,74418,97066,9,0,
 0> hr,605,74423,97067,7,0,
 0> hr,606,74425,97055,6,0,
 0> hr,607,74426,97055,4,0,
 0> hr,608,74421,97050,2,0,
 0> hr,609,74430,97047,0,0,
 0> hr,610,74425,97054,1,0,
 0> hr,611,74426,97055,3,0,
 0> hr,612,74416,97055,5,0,
 0> hr,613,74424,97060,7,0,
 0> hr,614,74424,97051,9,0,
 0> hr,615,74422,97050,11,0,
 0> hr,616,74444,97062,12,0,
 0> hr,617,74420,97053,14,0,
 0> hr,618,74424,97055,16,0,
 0> hr,619,74428,97055,17,0,
 0> hr,620,74432,97056,19,0,
 0> hr,621,74430,97060,20,0,
 0> hr,622,74438,97050,21,0,
 0> hr,623,74432,97064,23,0,
 0> hr,624,74441,97059,24,0,
 0> hr,625,74436,97059,24,0,
 0> hr,626,74437,97068,25,0,
 0> hr,627,74438,97063,26,0,
 0> hr,628,74432,97050,27,0,
 0> hr,629,74455,97062,27,0,
 0> hr,630,74442,97065,28,0,
 0> hr,631,74441,97058,28,0,
 0> hr,632,74439,97063,28,0,
 0> hr,633,74445,97053,28,0,
 0> hr,634,74453,97066,28,0,
 0> hr,635,74448,97066,28,0,
 0> hr,636,74442,97076,28,0,
 0> hr,637,74442,97065,28,0,
 0> hr,638,74446,97063,28,0,
 0> hr,639,74438,97083,27,0,
 0> hr,640,74450,97067,27,0,
 0> hr,641,74455,97070,26,0,
 0> hr,642,74442,97088,26,0,
 0> hr,643,74446,97078,25,0,
 0> hr,644,74444,97078,24,0,
 0> hr,645,74460,97078,24,0,
 0> hr,646,74456,97089,23,0,
 0> hr,647,74460,97075,22,0,
 0> hr,648,74447,97069,21,0,
 0> hr,649,74451,97076,20,0,
 0> hr,650,74457,97089,19,0,
 0> hr,651,74468,97100,18,0,
 0> hr,652,74455,97089,17,0,
 0> hr,653,74462,97079,16,0,
 0> hr,654,74459,97095,15,0,
 0> hr,655,74462,97086,14,0,
 0> hr,656,74473,97105,13,0,
 0> hr,657,74464,97104,12,0,
 0> hr,658,74464,97107,10,0,
 0> hr,659,74454,97110,9,0,
 0> hr,660,74465,97124,8,0,
 0> hr,661,74466,97132,6,0,
 0> hr,662,74471,97131,5,0,
 0> hr,663,74465,97135,4,0,
 0> hr,664,74465,97139,2,0,
 0> hr,665,74458,97145,0,0,
 0> hr,666,74446,97131,0,0,
 0> hr,667,74459,97120,2,0,
 0> hr,668,74451,97121,3,0,
 0> hr,669,74447,97108,5,0,
 0> hr,670,74457,97094,6,0,
 0> hr,671,74447,97083,8,0,
 0> hr,672,74453,97079,9,0,
 0> hr,673,74435,97058,9,0,
 0> hr,674,74442,97069,10,0,
 0> hr,675,74435,97066,10,0,
 0> hr,676,74432,97051,10,0,
 0> hr,677,74451,97044,10,0,
 0> hr,678,74431,97027,10,0,
 0> hr,679,74449,97033,10,0,
 0> hr,680,74432,97029,9,0,
 0> hr,681,74435,97027,8,0,
 0> hr,682,74425,97016,7,0,
 0> hr,683,74421,97023,6,0,
 0> hr,684,74425,97027,5,0,
 0> hr,685,74439,97006,3,0,
 0> hr,686,74439,97017,2,0,
 0> hr,687,74434,97015,0,0,
 0> hr,688,74425,97008,1,0,
 0> hr,689,74429,97008,2,0,
 0> hr,690,74430,97011,4,0,
 0> hr,691,74425,97005,6,0,
 0> hr,692,74443,97001,7,0,
 0> hr,693,74445,97013,9,0,
 0> hr,694,74437,97012,11,0,
 0> hr,695,74435,97005,13,0,
 0> hr,696,74449,97019,14,0,
 0> hr,697,74446,97000,16,0,
 0> hr,698,74432,97012,17,0,
 0> hr,699,74454,97007,19,0,
 0> hr,700,74441,97021,20,0,
 0> hr,701,74447,97010,21,0,
 0> hr,702,74439,97007,22,0,
 0> hr,703,74443,97014,23,0,
 0> hr,704,74446,97017,24,0,
 0> hr,705,74436,97011,25,0,
 0> hr,706,74447,97016,26,0,<info> app: .
 0> <info> app: [OK]	HR has been calculated 194403
 0> <info> app: [OK]	LED Power 95
 0> <info> app: [OK]	HR Background stop
 0> <info> app: ^
 0> <info> app: HR A
 0> <info> app: HR C
 0> <info> app: HR D
 0> <info> app: Show HR Result
 0> <info> app: BATT Reading...

# Logging stopped @ 03 Dec 2018 14:53:51
