# SEGGER J-Link RTT Viewer V6.16a Terminal Log File
# Compiled: 12:44:10 on Jun  6 2017
# Logging started @ 03 Dec 2018 15:19:53
 0> <info> app: ALERT_BT_CHECK_WAIT_KRY
 0> <info> app: ALERT_BT_CHECK_WAIT_KRY
 0> <info> app: ALERT_BT_CHECK_WAIT_KRY
 0> <info> app: Left Press
 0> <info> app: [OK]	Max30102 Already and background working is begin
 0> 
 0> <info> app: [OK]	HR sample count 709
 0> 
 0> Plus Signal 1, 81
 0> Minus Signal -1, 116
 0> plus_index 81, minus_index 116, Peak Index, 109,110,, AVR Peak Index, 109, HR 0, Reject out of 30-180.
 0> Plus Signal 1, 158
 0> Minus Signal -1, 194
 0> plus_index 158, minus_index 194, Peak Index, 188,189,190,191,192,193,, AVR Peak Index, 190, HR 50
 0> Plus Signal 1, 244
 0> Minus Signal -1, 291
 0> plus_index 244, minus_index 291, Peak Index, 282,283,284,285,286,287,288,
 0> hr,1,71590,86361,-43.00,0,-36
 0> hr,2,71595,86351,-43.00,0,-45
 0> hr,3,71597,86353,-43.00,0,-40
 0> hr,4,71604,86347,-42.00,0,-44
 0> hr,5,71600,86371,-42.00,0,-18
 0> hr,6,71591,86352,-42.00,0,-36
 0> hr,7,71589,86338,-42.00,0,-48
 0> hr,8,71591,86337,-41.00,0,-47
 0> hr,9,71587,86335,-41.00,0,-46
 0> hr,10,71595,86329,-41.00,0,-50
 0> hr,11,71584,86330,-41.00,0,-47
 0> hr,12,71585,86326,-41.00,0,-48
 0> hr,13,71594,86319,-41.00,0,-53
 0> hr,14,71585,86300,-41.00,0,-69
 0> hr,15,71581,86301,-41.00,0,-65
 0> hr,16,71576,86293,-41.00,0,-69
 0> hr,17,71568,86298,-41.00,0,-61
 0> hr,18,71571,86286,-42.00,0,-70
 0> hr,19,71559,86292,-42.00,0,-60
 0> hr,20,71561,86282,-43.00,0,-67
 0> hr,21,71553,86271,-43.00,0,-75
 0> hr,22,71565,86275,-44.00,0,-67
 0> hr,23,71560,86269,-44.00,0,-70
 0> hr,24,71555,86275,-45.00,0,-60
 0> hr,25,71565,86278,-46.00,0,-54
 0> hr,26,71561,86268,-46.00,0,-61
 0> hr,27,71558,86265,-47.00,0,-61
 0> hr,28,71575,86269,-47.00,0,-54
 0> hr,29,71568,86263,-48.00,0,-58
 0> hr,30,71561,86279,-49.00,0,-39
 0> hr,31,71556,86265,-49.00,0,-51
 0> hr,32,71555,86269,-49.00,0,-44
 0> hr,33,71565,86268,-50.00,0,-43
 0> hr,34,71551,86265,-50.00,0,-44
 0> hr,35,71566,86281,-50.00,0,-25
 0> hr,36,71565,86276,-51.00,0,-29
 0> hr,37,71565,86276,-51.00,0,-28
 0> hr,38,71558,86271,-51.00,0,-31
 0> hr,39,71555,86286,-51.00,0,-15
 0> hr,40,71569,86289,-50.00,0,-11
 0> hr,41,71572,86274,-50.00,0,-25
 0> hr,42,71576,86287,-50.00,0,-11
 0> hr,43,71575,86290,-49.00,0,-8
 0> hr,44,71570,86287,-48.00,0,-10
 0> hr,45,71575,86286,-48.00,0,-11
 0> hr,46,71563,86291,-47.00,0,-5
 0> hr,47,71565,86288,-46.00,0,-8
 0> hr,48,71563,86290,-45.00,0,-5
 0> hr,49,71578,86301,-44.00,0,5
 0> hr,50,71582,86291,-43.00,0,-4
 0> hr,51,71568,86296,-41.00,0,0
 0> hr,52,71568,86286,-40.00,0,-9
 0> hr,53,71568,86298,-39.00,0,2
 0> hr,54,71570,86287,-38.00,0,-8
 0> hr,55,71573,86284,-36.00,0,-10
 0> hr,56,71569,86294,-35.00,1,0
 0> hr,57,71561,86285,-34.00,0,-9
 0> hr,58,71572,86296,-32.00,0,2
 0> hr,59,71564,86287,-31.00,0,-6
 0> hr,60,71566,86267,-30.00,0,-26
 0> hr,61,71563,86263,-29.00,0,-29
 0> hr,62,71564,86268,-27.00,0,-22
 0> hr,63,71568,86281,-26.00,1,-8
 0> hr,64,71567,86273,-25.00,0,-16
 0> hr,65,71556,86263,-24.00,0,-25
 0> hr,66,71562,86258,-24.00,0,-29
 0> hr,67,71561,86252,-23.00,0,-33
 0> hr,68,71564,86259,-22.00,0,-24
 0> hr,69,71551,86256,-21.00,0,-26
 0> hr,70,71552,86238,-21.00,0,-43
 0> hr,71,71548,86237,-20.00,0,-42
 0> hr,72,71556,86240,-20.00,0,-37
 0> hr,73,71562,86237,-20.00,0,-38
 0> hr,74,71562,86231,-20.00,0,-42
 0> hr,75,71561,86236,-20.00,0,-35
 0> hr,76,71551,86252,-20.00,0,-17
 0> hr,77,71551,86236,-20.00,0,-32
 0> hr,78,71546,86234,-20.00,0,-32
 0> hr,79,71551,86229,-20.00,0,-36
 0> hr,80,71544,86242,-20.00,0,-21
 0> hr,81,71551,86229,-20.00,0,-33
 0> hr,82,71547,86227,-20.00,0,-33
 0> hr,83,71542,86229,-20.00,0,-30
 0> hr,84,71558,86239,-21.00,-1,-18
 0> hr,85,71542,86229,-21.00,-1,-27
 0> hr,86,71542,86228,-21.00,0,-27
 0> hr,87,71551,86217,-21.00,0,-36
 0> hr,88,71546,86224,-21.00,0,-28
 0> hr,89,71544,86216,-22.00,0,-34
 0> hr,90,71529,86220,-22.00,0,-28
 0> hr,91,71534,86227,-22.00,0,-20
 0> hr,92,71544,86220,-22.00,0,-26
 0> hr,93,71534,86216,-23.00,0,-29
 0> hr,94,71537,86217,-23.00,0,-26
 0> hr,95,71545,86205,-23.00,0,-37
 0> hr,96,71538,86202,-23.00,0,-38
 0> hr,97,71531,86205,-24.00,0,-33
 0> hr,98,71547,86198,-24.00,0,-38
 0> hr,99,71539,86196,-24.00,0,-38
 0> hr,100,71538,86187,-25.00,0,-45
 0> hr,101,71521,86185,-25.00,0,-45
 0> hr,102,71530,86188,-25.00,0,-40
 0> hr,103,71517,86177,-26.00,0,-49
 0> hr,104,71514,86160,-26.00,0,-63
 0> hr,105,71517,86146,-27.00,-1,-74
 0> hr,106,71523,86146,-28.00,-1,-70
 0> hr,107,71513,86140,-28.00,0,-73
 0> hr,108,71520,86162,-29.00,0,-47
 0> hr,109,71505,86157,-30.00,0,-50
 0> hr,110,71518,86154,-31.00,0,-50
 0> hr,111,71509,86150,-32.00,0,-52
 0> hr,112,71505,86135,-33.00,0,-64
 0> hr,113,71515,86156,-34.00,-1,-40
 0> hr,114,71510,86147,-35.00,-1,-47
 0> hr,115,71524,86133,-36.00,0,-59
 0> hr,116,71506,86152,-36.00,0,-37
 0> hr,117,71519,86152,-37.00,0,-35
 0> hr,118,71523,86147,-38.00,0,-38
 0> hr,119,71526,86154,-38.00,0,-29
 0> hr,120,71519,86154,-39.00,0,-28
 0> hr,121,71508,86151,-39.00,0,-29
 0> hr,122,71529,86154,-40.00,0,-25
 0> hr,123,71521,86152,-40.00,0,-25
 0> hr,124,71514,86154,-40.00,0,-22
 0> hr,125,71528,86160,-40.00,0,-15
 0> hr,126,71515,86148,-40.00,0,-26
 0> hr,127,71514,86163,-40.00,0,-10
 0> hr,128,71523,86158,-40.00,0,-14
 0> hr,129,71507,86162,-40.00,0,-10
 0> hr,130,71515,86170,-40.00,0,-1
 0> hr,131,71529,86167,-39.00,1,-4
 0> hr,132,71521,86163,-39.00,1,-8
 0> hr,133,71518,86166,-38.00,0,-4
 0> hr,134,71518,86161,-37.00,0,-9
 0> hr,135,71521,86173,-37.00,0,2
 0> hr,136,71526,86176,-36.00,0,5
 0> hr,137,71525,86167,-35.00,0,-3
 0> hr,138,71531,86159,-34.00,0,-11
 0> hr,139,71532,86163,-33.00,1,-6
 0> hr,140,71519,86168,-32.00,0,-1
 0> hr,141,71534,86169,-31.00,0,0
 0> hr,142,71523,86174,-30.00,0,4
 0> hr,143,71524,86172,-29.00,0,2
 0> hr,144,71527,86178,-28.00,0,8
 0> hr,145,71533,86164,-26.00,0,-6
 0> hr,146,71525,86159,-25.00,1,-10
 0> hr,147,71528,86159,-24.00,0,-10
 0> hr,148,71529,86150,-23.00,0,-18
 0> hr,149,71513,86155,-22.00,0,-12
 0> hr,150,71515,86146,-21.00,0,-21
 0> hr,151,71517,86150,-20.00,0,-16
 0> hr,152,71509,86137,-19.00,0,-28
 0> hr,153,71512,86142,-19.00,0,-21
 0> hr,154,71514,86138,-18.00,0,-24
 0> hr,155,71500,86124,-18.00,0,-37
 0> hr,156,71496,86126,-17.00,0,-33
 0> hr,157,71500,86111,-17.00,0,-47
 0> hr,158,71505,86108,-17.00,0,-47
 0> hr,159,71506,86110,-16.00,0,-43
 0> hr,160,71504,86099,-16.00,0,-52
 0> hr,161,71493,86093,-17.00,0,-55
 0> hr,162,71505,86094,-17.00,0,-51
 0> hr,163,71497,86090,-17.00,0,-53
 0> hr,164,71486,86090,-18.00,0,-50
 0> hr,165,71496,86070,-18.00,0,-67
 0> hr,166,71489,86071,-19.00,-1,-63
 0> hr,167,71486,86065,-20.00,-1,-66
 0> hr,168,71490,86070,-21.00,0,-58
 0> hr,169,71478,86069,-22.00,0,-56
 0> hr,170,71494,86071,-23.00,0,-51
 0> hr,171,71476,86082,-24.00,0,-37
 0> hr,172,71482,86063,-25.00,0,-54
 0> hr,173,71496,86065,-26.00,0,-50
 0> hr,174,71483,86084,-27.00,-1,-28
 0> hr,175,71483,86070,-28.00,-1,-41
 0> hr,176,71484,86060,-29.00,0,-49
 0> hr,177,71490,86072,-30.00,0,-34
 0> hr,178,71476,86056,-30.00,0,-48
 0> hr,179,71488,86050,-31.00,0,-52
 0> hr,180,71471,86062,-32.00,0,-37
 0> hr,181,71487,86048,-33.00,0,-49
 0> hr,182,71490,86044,-34.00,-1,-51
 0> hr,183,71483,86041,-34.00,0,-51
 0> hr,184,71491,86039,-35.00,0,-51
 0> hr,185,71480,86044,-36.00,0,-43
 0> hr,186,71475,86021,-37.00,0,-64
 0> hr,187,71476,86033,-37.00,0,-49
 0> hr,188,71474,86020,-38.00,0,-59
 0> hr,189,71481,86021,-39.00,0,-55
 0> hr,190,71481,86021,-40.00,-1,-53
 0> hr,191,71465,86010,-40.00,0,-61
 0> hr,192,71462,86025,-41.00,0,-43
 0> hr,193,71458,86015,-42.00,0,-51
 0> hr,194,71476,86009,-42.00,0,-54
 0> hr,195,71479,86011,-43.00,0,-49
 0> hr,196,71464,86007,-44.00,0,-51
 0> hr,197,71480,86006,-44.00,0,-49
 0> hr,198,71477,86029,-45.00,0,-24
 0> hr,199,71471,86011,-45.00,0,-41
 0> hr,200,71483,86015,-46.00,0,-35
 0> hr,201,71467,86028,-46.00,0,-20
 0> hr,202,71486,86018,-46.00,0,-29
 0> hr,203,71466,86027,-46.00,0,-18
 0> hr,204,71481,86007,-46.00,0,-37
 0> hr,205,71487,86028,-46.00,0,-15
 0> hr,206,71480,86022,-46.00,0,-20
 0> hr,207,71478,86022,-46.00,0,-19
 0> hr,208,71482,86027,-45.00,1,-13
 0> hr,209,71495,86030,-45.00,1,-9
 0> hr,210,71484,86024,-44.00,0,-15
 0> hr,211,71484,86019,-44.00,0,-19
 0> hr,212,71492,86027,-43.00,0,-10
 0> hr,213,71500,86025,-42.00,0,-11
 0> hr,214,71492,86028,-42.00,0,-8
 0> hr,215,71490,86018,-41.00,0,-17
 0> hr,216,71476,86034,-40.00,1,0
 0> hr,217,71492,86017,-39.00,1,-17
 0> hr,218,71485,86026,-38.00,0,-8
 0> hr,219,71478,86011,-37.00,0,-22
 0> hr,220,71482,86032,-36.00,0,0
 0> hr,221,71482,86019,-35.00,0,-13
 0> hr,222,71473,86024,-34.00,0,-7
 0> hr,223,71493,86027,-33.00,0,-4
 0> hr,224,71488,86028,-32.00,1,-3
 0> hr,225,71494,86013,-31.00,1,-18
 0> hr,226,71491,86025,-30.00,0,-5
 0> hr,227,71494,86017,-29.00,0,-12
 0> hr,228,71485,86013,-28.00,0,-16
 0> hr,229,71494,86003,-27.00,0,-25
 0> hr,230,71484,86004,-26.00,0,-23
 0> hr,231,71478,86002,-25.00,0,-23
 0> hr,232,71483,85992,-24.00,1,-32
 0> hr,233,71465,85991,-24.00,0,-32
 0> hr,234,71467,85990,-23.00,0,-31
 0> hr,235,71469,85987,-23.00,0,-32
 0> hr,236,71474,85985,-22.00,0,-33
 0> hr,237,71467,85978,-22.00,0,-38
 0> hr,238,71469,85981,-21.00,0,-33
 0> hr,239,71457,85968,-21.00,0,-45
 0> hr,240,71456,85960,-21.00,0,-50
 0> hr,241,71459,85957,-21.00,0,-51
 0> hr,242,71455,85956,-21.00,0,-49
 0> hr,243,71449,85959,-21.00,0,-44
 0> hr,244,71471,85943,-22.00,-1,-57
 0> hr,245,71468,85958,-22.00,-1,-40
 0> hr,246,71458,85942,-23.00,0,-54
 0> hr,247,71466,85943,-23.00,0,-50
 0> hr,248,71462,85935,-24.00,0,-55
 0> hr,249,71458,85943,-24.00,0,-45
 0> hr,250,71452,85941,-25.00,0,-44
 0> hr,251,71451,85931,-26.00,0,-52
 0> hr,252,71445,85932,-26.00,0,-48
 0> hr,253,71451,85923,-27.00,0,-55
 0> hr,254,71441,85919,-28.00,-1,-56
 0> hr,255,71451,85920,-29.00,-1,-52
 0> hr,256,71448,85913,-29.00,0,-57
 0> hr,257,71443,85895,-30.00,0,-72
 0> hr,258,71447,85902,-31.00,0,-61
 0> hr,259,71431,85894,-32.00,0,-66
 0> hr,260,71442,85886,-33.00,0,-71
 0> hr,261,71424,85891,-34.00,0,-62
 0> hr,262,71424,85879,-35.00,-1,-71
 0> hr,263,71419,85873,-36.00,-1,-74
 0> hr,264,71426,85877,-38.00,0,-66
 0> hr,265,71414,85874,-39.00,0,-66
 0> hr,266,71409,85864,-40.00,0,-72
 0> hr,267,71417,85845,-41.00,0,-88
 0> hr,268,71429,85866,-42.00,0,-62
 0> hr,269,71423,85845,-44.00,0,-80
 0> hr,270,71412,85837,-45.00,-1,-84
 0> hr,271,71421,85842,-46.00,0,-75
 0> hr,272,71403,85850,-48.00,0,-63
 0> hr,273,71410,85836,-49.00,0,-74
 0> hr,274,71417,85835,-50.00,0,-71
 0> hr,275,71407,85824,-51.00,0,-79
 0> hr,276,71407,85824,-52.00,0,-75
 0> hr,277,71413,85819,-54.00,-1,-76
 0> hr,278,71411,85822,-55.00,-1,-69
 0> hr,279,71401,85817,-56.00,0,-71
 0> hr,280,71403,85811,-57.00,0,-73
 0> hr,281,71400,85809,-58.00,0,-71
 0> hr,282,71410,85815,-59.00,0,-62
 0> hr,283,71407,85793,-60.00,0,-81
 0> hr,284,71399,85821,-61.00,0,-49
 0> hr,285,71414,85803,-62.00,-1,-64
 0> hr,286,71410,85813,-62.00,0,-51
 0> hr,287,71406,85817,-63.00,0,-44
 0> hr,288,71413,85813,-64.00,0,-46
 0> hr,289,71416,85832,-64.00,0,-25
 0> hr,290,71417,85830,-64.00,0,-25
 0> hr,291,71415,85829,-64.00,0,-25
 0> hr,292,71411,85835,-64.00,0,-18
 0> hr,293,71424,85834,-64.00,0,-18
 0> hr,294,71424,85816,-63.00,1,-35
 0> hr,295,71422,85848,-63.00,1,-1
 0> hr,296,71431,85845,-62.00,0,-4
 0> hr,297,71437,85844,-61.00,0,-5
 0> hr,298,71432,85843,-60.00,0,-6
 0> hr,299,71432,85855,-59.00,0,6
 0> hr,300,71434,85852,-58.00,0,2
 0> hr,301,71435,85846,-57.00,0,-3
 0> hr,302,71440,85857,-55.00,1,7
 0> hr,303,71428,85849,-53.00,1,0
 0> hr,304,71441,85835,-52.00,0,-14
 0> hr,305,71428,85855,-50.00,0,6
 0> hr,306,71427,85849,-48.00,0,0
 0> hr,307,71439,85853,-47.00,0,3
 0> hr,308,71439,85844,-45.00,0,-5
 0> hr,309,71427,85847,-43.00,0,-2
 0> hr,310,71416,85844,-41.00,1,-4
 0> hr,311,71426,85842,-39.00,1,-6
 0> hr,312,71427,85847,-38.00,0,-1
 0> hr,313,71416,85843,-36.00,0,-5
 0> hr,314,71423,85838,-34.00,0,-10
 0> hr,315,71423,85838,-32.00,0,-9
 0> hr,316,71422,85844,-31.00,0,-3
 0> hr,317,71425,85837,-29.00,0,-9
 0> hr,318,71422,85841,-28.00,0,-5
 0> hr,319,71418,85832,-26.00,0,-14
 0> hr,320,71424,85835,-25.00,0,-10
 0> hr,321,71425,85835,-23.00,1,-9
 0> hr,322,71423,85829,-22.00,0,-15
 0> hr,323,71417,85834,-21.00,0,-9
 0> hr,324,71415,85832,-20.00,0,-11
 0> hr,325,71412,85825,-19.00,0,-17
 0> hr,326,71432,85822,-18.00,0,-19
 0> hr,327,71406,85827,-17.00,0,-13
 0> hr,328,71411,85813,-16.00,1,-27
 0> hr,329,71401,85821,-15.00,1,-17
 0> hr,330,71413,85821,-14.00,0,-16
 0> hr,331,71408,85791,-14.00,0,-45
 0> hr,332,71394,85811,-13.00,0,-23
 0> hr,333,71404,85787,-13.00,0,-46
 0> hr,334,71400,85807,-13.00,0,-24
 0> hr,335,71400,85787,-13.00,0,-42
 0> hr,336,71396,85793,-13.00,0,-34
 0> hr,337,71398,85789,-13.00,0,-37
 0> hr,338,71407,85797,-13.00,0,-27
 0> hr,339,71393,85783,-13.00,0,-39
 0> hr,340,71385,85781,-13.00,0,-39
 0> hr,341,71397,85777,-14.00,-1,-41
 0> hr,342,71401,85776,-14.00,-1,-40
 0> hr,343,71388,85787,-14.00,0,-27
 0> hr,344,71394,85781,-15.00,0,-32
 0> hr,345,71388,85774,-15.00,0,-37
 0> hr,346,71388,85775,-16.00,0,-34
 0> hr,347,71391,85775,-16.00,0,-33
 0> hr,348,71400,85761,-17.00,0,-45
 0> hr,349,71400,85767,-18.00,0,-37
 0> hr,350,71395,85762,-18.00,0,-40
 0> hr,351,71392,85764,-19.00,0,-36
 0> hr,352,71392,85758,-20.00,-1,-40
 0> hr,353,71383,85751,-20.00,0,-45
 0> hr,354,71375,85748,-21.00,0,-46
 0> hr,355,71390,85741,-22.00,0,-50
 0> hr,356,71369,85731,-23.00,0,-58
 0> hr,357,71376,85733,-23.00,0,-53
 0> hr,358,71372,85723,-24.00,0,-60
 0> hr,359,71383,85741,-25.00,0,-39
 0> hr,360,71367,85717,-26.00,-1,-61
 0> hr,361,71379,85720,-27.00,-1,-55
 0> hr,362,71369,85713,-28.00,0,-59
 0> hr,363,71380,85714,-29.00,0,-55
 0> hr,364,71369,85720,-30.00,0,-47
 0> hr,365,71386,85715,-31.00,0,-49
 0> hr,366,71381,85730,-32.00,0,-32
 0> hr,367,71380,85717,-33.00,0,-43
 0> hr,368,71383,85733,-34.00,-1,-25
 0> hr,369,71382,85728,-35.00,-1,-29
 0> hr,370,71375,85730,-35.00,0,-25
 0> hr,371,71379,85735,-36.00,0,-19
 0> hr,372,71388,85727,-36.00,0,-26
 0> hr,373,71390,85745,-37.00,0,-7
 0> hr,374,71375,85739,-37.00,0,-12
 0> hr,375,71387,85742,-37.00,0,-9
 0> hr,376,71391,85742,-37.00,0,-8
 0> hr,377,71388,85754,-37.00,0,3
 0> hr,378,71389,85734,-37.00,0,-16
 0> hr,379,71393,85753,-36.00,1,3
 0> hr,380,71396,85742,-36.00,1,-7
 0> hr,381,71389,85753,-35.00,0,3
 0> hr,382,71399,85756,-35.00,0,6
 0> hr,383,71407,85747,-34.00,0,-2
 0> hr,384,71397,85750,-33.00,0,0
 0> hr,385,71387,85756,-32.00,0,6
 0> hr,386,71392,85758,-32.00,0,7
 0> hr,387,71392,85750,-31.00,0,0
 0> hr,388,71401,85734,-30.00,0,-16
 0> hr,389,71391,85746,-29.00,1,-3
 0> hr,390,71394,85738,-28.00,1,-11
 0> hr,391,71390,85733,-27.00,0,-15
 0> hr,392,71386,85739,-26.00,0,-9
 0> hr,393,71395,85732,-25.00,0,-15
 0> hr,394,71389,85735,-24.00,0,-11
 0> hr,395,71397,85733,-23.00,0,-13
 0> hr,396,71397,85732,-22.00,0,-13
 0> hr,397,71395,85732,-21.00,1,-12
 0> hr,398,71388,85730,-21.00,0,-14
 0> hr,399,71398,85720,-20.00,0,-23
 0> hr,400,71392,85740,-19.00,0,-2
 0> hr,401,71392,85724,-19.00,0,-18
 0> hr,402,71392,85728,-18.00,0,-13
 0> hr,403,71400,85732,-17.00,0,-8
 0> hr,404,71397,85710,-17.00,0,-30
 0> hr,405,71395,85719,-16.00,0,-19
 0> hr,406,71401,85709,-16.00,0,-28
 0> hr,407,71387,85708,-16.00,0,-28
 0> hr,408,71397,85718,-15.00,0,-16
 0> hr,409,71394,85694,-15.00,0,-40
 0> hr,410,71391,85700,-15.00,0,-32
 0> hr,411,71383,85691,-15.00,0,-39
 0> hr,412,71391,85703,-15.00,0,-25
 0> hr,413,71379,85683,-15.00,0,-44
 0> hr,414,71365,85684,-15.00,0,-40
 0> hr,415,71382,85670,-15.00,0,-52
 0> hr,416,71374,85689,-16.00,-1,-31
 0> hr,417,71371,85666,-16.00,-1,-52
 0> hr,418,71376,85668,-17.00,0,-48
 0> hr,419,71377,85686,-17.00,0,-27
 0> hr,420,71370,85673,-18.00,0,-39
 0> hr,421,71369,85670,-18.00,0,-40
 0> hr,422,71364,85665,-19.00,0,-43
 0> hr,423,71362,85660,-20.00,0,-46
 0> hr,424,71371,85656,-20.00,0,-47
 0> hr,425,71368,85650,-21.00,0,-51
 0> hr,426,71372,85660,-22.00,-1,-38
 0> hr,427,71370,85638,-23.00,-1,-58
 0> hr,428,71360,85652,-23.00,0,-41
 0> hr,429,71365,85651,-24.00,0,-40
 0> hr,430,71369,85649,-25.00,0,-40
 0> hr,431,71352,85646,-26.00,0,-41
 0> hr,432,71364,85646,-27.00,0,-39
 0> hr,433,71363,85632,-27.00,0,-51
 0> hr,434,71373,85635,-28.00,0,-46
 0> hr,435,71358,85622,-29.00,0,-56
 0> hr,436,71348,85623,-30.00,-1,-52
 0> hr,437,71353,85617,-31.00,-1,-56
 0> hr,438,71364,85612,-32.00,0,-58
 0> hr,439,71356,85609,-32.00,0,-58
 0> hr,440,71356,85628,-33.00,0,-36
 0> hr,441,71349,85609,-34.00,0,-53
 0> hr,442,71354,85609,-35.00,0,-51
 0> hr,443,71354,85616,-36.00,0,-41
 0> hr,444,71363,85616,-37.00,0,-39
 0> hr,445,71355,85622,-37.00,0,-31
 0> hr,446,71369,85613,-38.00,0,-38
 0> hr,447,71350,85637,-38.00,0,-13
 0> hr,448,71363,85631,-39.00,0,-18
 0> hr,449,71358,85635,-39.00,0,-13
 0> hr,450,71367,85629,-39.00,0,-18
 0> hr,451,71361,85623,-39.00,0,-23
 0> hr,452,71375,85635,-39.00,0,-10
 0> hr,453,71383,85641,-39.00,0,-4
 0> hr,454,71379,85642,-39.00,0,-2
 0> hr,455,71379,85637,-39.00,0,-7
 0> hr,456,71389,85648,-38.00,1,3
 0> hr,457,71367,85644,-38.00,1,0
 0> hr,458,71379,85645,-37.00,0,0
 0> hr,459,71366,85651,-36.00,0,6
 0> hr,460,71372,85661,-35.00,0,16
 0> hr,461,71378,85655,-35.00,0,9
 0> hr,462,71372,85647,-33.00,0,0
 0> hr,463,71382,85642,-32.00,0,-4
 0> hr,464,71382,85642,-31.00,1,-3
 0> hr,465,71374,85635,-30.00,1,-10
 0> hr,466,71380,85646,-29.00,0,0
 0> hr,467,71379,85636,-28.00,0,-9
 0> hr,468,71382,85648,-27.00,0,3
 0> hr,469,71382,85654,-26.00,0,9
 0> hr,470,71382,85645,-25.00,0,0
 0> hr,471,71376,85646,-23.00,0,0
 0> hr,472,71373,85662,-22.00,1,16
 0> hr,473,71379,85659,-21.00,0,12
 0> hr,474,71384,85648,-20.00,0,1
 0> hr,475,71388,85658,-19.00,0,11
 0> hr,476,71372,85662,-17.00,0,14
 0> hr,477,71384,85645,-16.00,0,-3
 0> hr,478,71391,85648,-15.00,0,0
 0> hr,479,71386,85639,-14.00,0,-9
 0> hr,480,71382,85648,-13.00,0,0
 0> hr,481,71391,85654,-12.00,0,6
 0> hr,482,71378,85649,-11.00,1,1
 0> hr,483,71381,85633,-10.00,1,-15
 0> hr,484,71383,85631,-9.00,0,-16
 0> hr,485,71372,85646,-8.00,0,0
 0> hr,486,71375,85625,-8.00,0,-21
 0> hr,487,71366,85609,-7.00,0,-36
 0> hr,488,71381,85625,-6.00,0,-18
 0> hr,489,71355,85615,-6.00,0,-27
 0> hr,490,71352,85623,-6.00,0,-18
 0> hr,491,71370,85614,-6.00,0,-26
 0> hr,492,71371,85620,-5.00,0,-18
 0> hr,493,71358,85615,-5.00,0,-23
 0> hr,494,71354,85594,-5.00,0,-42
 0> hr,495,71370,85601,-6.00,0,-33
 0> hr,496,71370,85589,-6.00,0,-44
 0> hr,497,71361,85594,-6.00,0,-36
 0> hr,498,71352,85594,-7.00,0,-35
 0> hr,499,71350,85591,-7.00,0,-36
 0> hr,500,71364,85590,-8.00,-1,-35
 0> hr,501,71367,85587,-8.00,0,-36
 0> hr,502,71353,85583,-9.00,0,-38
 0> hr,503,71354,85577,-10.00,0,-42
 0> hr,504,71360,85588,-10.00,0,-29
 0> hr,505,71351,85577,-11.00,0,-39
 0> hr,506,71358,85586,-12.00,0,-28
 0> hr,507,71355,85583,-13.00,-1,-29
 0> hr,508,71350,85555,-14.00,-1,-56
 0> hr,509,71341,85575,-15.00,0,-33
 0> hr,510,71345,85565,-15.00,0,-41
 0> hr,511,71346,85564,-16.00,0,-40
 0> hr,512,71355,85563,-17.00,0,-39
 0> hr,513,71350,85552,-18.00,0,-48
 0> hr,514,71347,85548,-19.00,0,-50
 0> hr,515,71359,85539,-20.00,0,-56
 0> hr,516,71337,85526,-21.00,-1,-66
 0> hr,517,71340,85540,-22.00,-1,-49
 0> hr,518,71333,85518,-23.00,0,-69
 0> hr,519,71336,85519,-25.00,0,-64
 0> hr,520,71335,85521,-26.00,0,-59
 0> hr,521,71321,85515,-27.00,0,-62
 0> hr,522,71339,85509,-28.00,0,-65
 0> hr,523,71335,85502,-30.00,0,-69
 0> hr,524,71328,85515,-31.00,-1,-52
 0> hr,525,71318,85514,-32.00,0,-51
 0> hr,526,71320,85501,-34.00,0,-61
 0> hr,527,71343,85510,-35.00,0,-49
 0> hr,528,71322,85511,-36.00,0,-45
 0> hr,529,71339,85513,-37.00,0,-41
 0> hr,530,71339,85532,-38.00,0,-20
 0> hr,531,71345,85529,-39.00,0,-22
 0> hr,532,71334,85543,-40.00,-1,-7
 0> hr,533,71345,85538,-40.00,0,-12
 0> hr,534,71347,85530,-41.00,0,-19
 0> hr,535,71354,85548,-41.00,0,0
 0> hr,536,71347,85547,-41.00,0,-1
 0> hr,537,71359,85543,-41.00,0,-5
 0> hr,538,71349,85533,-41.00,0,-15
 0> hr,539,71345,85542,-41.00,0,-5
 0> hr,540,71346,85553,-40.00,1,5
 0> hr,541,71364,85551,-40.00,1,3
 0> hr,542,71365,85559,-39.00,0,11
 0> hr,543,71351,85550,-38.00,0,1
 0> hr,544,71349,85554,-37.00,0,5
 0> hr,545,71359,85564,-36.00,0,15
 0> hr,546,71363,85559,-35.00,0,9
 0> hr,547,71363,85564,-34.00,0,14
 0> hr,548,71353,85570,-33.00,1,19
 0> hr,549,71368,85550,-32.00,1,-1
 0> hr,550,71378,85564,-30.00,0,12
 0> hr,551,71366,85552,-29.00,0,0
 0> hr,552,71358,85565,-28.00,0,12
 0> hr,553,71365,85561,-26.00,0,8
 0> hr,554,71362,85551,-25.00,0,-2
 0> hr,555,71351,85551,-23.00,0,-1
 0> hr,556,71357,85559,-22.00,0,6
 0> hr,557,71370,85547,-21.00,0,-6
 0> hr,558,71354,85554,-19.00,0,1
 0> hr,559,71353,85549,-18.00,0,-3
 0> hr,560,71355,85541,-17.00,0,-11
 0> hr,561,71354,85539,-16.00,0,-13
 0> hr,562,71359,85531,-15.00,0,-20
 0> hr,563,71345,85534,-14.00,0,-16
 0> hr,564,71357,85525,-13.00,1,-24
 0> hr,565,71363,85526,-12.00,1,-22
 0> hr,566,71347,85527,-12.00,0,-20
 0> hr,567,71356,85515,-11.00,0,-31
 0> hr,568,71348,85518,-11.00,0,-26
 0> hr,569,71344,85528,-10.00,0,-15
 0> hr,570,71330,85525,-10.00,0,-17
 0> hr,571,71337,85511,-10.00,0,-30
 0> hr,572,71348,85496,-10.00,0,-44
 0> hr,573,71343,85503,-9.00,0,-34
 0> hr,574,71332,85504,-10.00,0,-32
 0> hr,575,71351,85492,-10.00,0,-42
 0> hr,576,71330,85493,-10.00,0,-39
 0> hr,577,71335,85485,-10.00,0,-45
 0> hr,578,71325,85484,-11.00,0,-44
 0> hr,579,71334,85463,-11.00,0,-63
 0> hr,580,71332,85475,-12.00,0,-47
 0> hr,581,71329,85461,-13.00,-1,-59
 0> hr,582,71323,85458,-14.00,-1,-59
 0> hr,583,71319,85463,-15.00,0,-51
 0> hr,584,71314,85465,-16.00,0,-46
 0> hr,585,71315,85455,-17.00,0,-54
 0> hr,586,71313,85467,-18.00,0,-39
 0> hr,587,71307,85455,-19.00,0,-49
 0> hr,588,71320,85452,-20.00,0,-50
 0> hr,589,71321,85444,-21.00,-1,-55
 0> hr,590,71319,85446,-22.00,-1,-51
 0> hr,591,71314,85451,-23.00,0,-43
 0> hr,592,71316,85443,-24.00,0,-49
 0> hr,593,71304,85435,-26.00,0,-54
 0> hr,594,71303,85432,-27.00,0,-55
 0> hr,595,71318,85425,-28.00,0,-59
 0> hr,596,71317,85424,-29.00,0,-57
 0> hr,597,71303,85413,-30.00,0,-65
 0> hr,598,71301,85420,-31.00,0,-55
 0> hr,599,71291,85401,-33.00,-1,-71
 0> hr,600,71284,85401,-34.00,-1,-67
 0> hr,601,71312,85394,-35.00,0,-71
 0> hr,602,71291,85377,-36.00,0,-84
 0> hr,603,71280,85389,-38.00,0,-68
 0> hr,604,71282,85376,-39.00,0,-78
 0> hr,605,71278,85379,-40.00,0,-71
 0> hr,606,71285,85370,-42.00,0,-76
 0> hr,607,71281,85354,-43.00,0,-88
 0> hr,608,71272,85372,-45.00,-1,-66
 0> hr,609,71273,85360,-46.00,0,-75
 0> hr,610,71277,85352,-47.00,0,-79
 0> hr,611,71272,85344,-49.00,0,-83
 0> hr,612,71259,85344,-50.00,0,-79
 0> hr,613,71266,85355,-51.00,0,-64
 0> hr,614,71273,85351,-53.00,0,-65
 0> hr,615,71283,85335,-54.00,0,-77
 0> hr,616,71272,85352,-55.00,0,-56
 0> hr,617,71275,85341,-56.00,0,-65
 0> hr,618,71276,85337,-57.00,0,-65
 0> hr,619,71260,85356,-58.00,0,-43
 0> hr,620,71265,85346,-59.00,-1,-51
 0> hr,621,71250,85345,-60.00,-1,-49
 0> hr,622,71262,85333,-61.00,0,-59
 0> hr,623,71278,85344,-61.00,0,-45
 0> hr,624,71271,85362,-62.00,0,-25
 0> hr,625,71270,85345,-62.00,0,-40
 0> hr,626,71264,85351,-62.00,0,-32
 0> hr,627,71258,85353,-62.00,0,-29
 0> hr,628,71270,85331,-62.00,0,-49
 0> hr,629,71271,85342,-62.00,0,-36
 0> hr,630,71264,85342,-62.00,0,-34
 0> hr,631,71272,85334,-61.00,1,-40
 0> hr,632,71285,85345,-61.00,1,-27
 0> hr,633,71271,85353,-61.00,0,-18
 0> hr,634,71282,85343,-60.00,0,-27
 0> hr,635,71267,85341,-59.00,0,-27
 0> hr,636,71278,85347,-59.00,0,-20
 0> hr,637,71277,85334,-58.00,0,-32
 0> hr,638,71273,85340,-57.00,0,-24
 0> hr,639,71267,85335,-56.00,1,-28
 0> hr,640,71268,85345,-55.00,1,-17
 0> hr,641,71267,85342,-54.00,0,-19
 0> hr,642,71279,85342,-53.00,0,-18
 0> hr,643,71282,85335,-52.00,0,-24
 0> hr,644,71275,85339,-51.00,0,-19
 0> hr,645,71268,85346,-50.00,0,-11
 0> hr,646,71269,85342,-49.00,0,-14
 0> hr,647,71260,85331,-47.00,1,-25
 0> hr,648,71270,85329,-46.00,1,-25
 0> hr,649,71272,85328,-45.00,0,-25
 0> hr,650,71271,85341,-44.00,0,-11
 0> hr,651,71285,85328,-43.00,0,-23
 0> hr,652,71258,85321,-41.00,0,-29
 0> hr,653,71278,85321,-40.00,0,-27
 0> hr,654,71278,85327,-39.00,0,-20
 0> hr,655,71284,85335,-38.00,0,-11
 0> hr,656,71257,85320,-37.00,0,-25
 0> hr,657,71271,85336,-36.00,0,-8
 0> hr,658,71259,85309,-35.00,1,-35
 0> hr,659,71251,85327,-34.00,1,-15
 0> hr,660,71260,85323,-33.00,0,-18
 0> hr,661,71253,85311,-32.00,0,-29
 0> hr,662,71249,85305,-31.00,0,-34
 0> hr,663,71256,85310,-31.00,0,-27
 0> hr,664,71256,85297,-30.00,0,-39
 0> hr,665,71254,85303,-29.00,0,-31
 0> hr,666,71263,85296,-29.00,0,-36
 0> hr,667,71252,85282,-28.00,0,-48
 0> hr,668,71242,85290,-28.00,0,-38
 0> hr,669,71246,85268,-27.00,0,-58
 0> hr,670,71242,85286,-27.00,0,-37
 0> hr,671,71245,85291,-27.00,0,-30
 0> hr,672,71249,85283,-27.00,0,-37
 0> hr,673,71249,85281,-27.00,0,-37
 0> hr,674,71249,85285,-27.00,0,-31
 0> hr,675,71242,85268,-27.00,0,-46
 0> hr,676,71242,85269,-27.00,0,-43
 0> hr,677,71243,85264,-27.00,0,-46
 0> hr,678,71239,85256,-27.00,0,-52
 0> hr,679,71242,85254,-28.00,-1,-51
 0> hr,680,71234,85251,-28.00,-1,-51
 0> hr,681,71233,85245,-28.00,0,-55
 0> hr,682,71228,85238,-29.00,0,-59
 0> hr,683,71225,85218,-29.00,0,-76
 0> hr,684,71224,85233,-30.00,0,-57
 0> hr,685,71229,85220,-31.00,0,-67
 0> hr,686,71222,85226,-31.00,0,-58
 0> hr,687,71217,85207,-32.00,0,-74
 0> hr,688,71223,85208,-33.00,-1,-69
 0> hr,689,71220,85203,-34.00,-1,-71
 0> hr,690,71221,85205,-35.00,0,-65
 0> hr,691,71219,85207,-36.00,0,-60
 0> hr,692,71219,85205,-37.00,0,-59
 0> hr,693,71219,85200,-38.00,0,-61
 0> hr,694,71219,85200,-39.00,0,-58
 0> hr,695,71213,85197,-40.00,0,-58
 0> hr,696,71218,85207,-41.00,-1,-45
 0> hr,697,71222,85220,-42.00,-1,-30
 0> hr,698,71217,85201,-43.00,0,-47
 0> hr,699,71218,85205,-44.00,0,-41
 0> hr,700,71228,85209,-44.00,0,-35
 0> hr,701,71229,85211,-45.00,0,-31
 0> hr,702,71217,85195,-45.00,0,-45
 0> hr,703,71224,85194,-46.00,0,-44
 0> hr,704,71226,85204,-46.00,0,-32
 0> hr,705,71223,85214,-46.00,0,-20
 0> hr,706,71229,85208,-46.00,0,-25
 0> hr,707,71246,85212,-47.00,0,-20
 0> hr,708,71246,85215,-47.00,0,-16<info> app: .
 0> <info> app: [OK]	HR has been calculated 200443
 0> 
 0> Plus Signal 1, 56
 0> Minus Signal -1, 84
 0> Plus Signal 1, 131
 0> Minus Signal -1, 166
 0> Plus Signal 1, 208
 0> Minus Signal -1, 244
 0> Plus Signal 1, 294
 0> Minus Signal -1, 341
 0> Plus Signal 1, 379
 0> Minus Signal -1, 416
 0> Plus Signal 1, 456
 0> Minus Signal -1, 500
 0> Plus Signal 1, 540
 0> Minus Signal -1, 581
 0> Plus Signal 1, 631
 0> Minus Signal -1, 679<info> app: Peak Index,
 0> ,58,144,216,302,386,476,548,633<info> app: ,END Peak Index,
 0> <info> app: HR,
 0> ,83,100,83,85,80,100,84<info> app: ,END HR,
 0> <info> app: [OK]	LED Power 95
 0> <info> app: [OK]	HR Background stop
 0> <info> app: ^
 0> <info> app: HR A
 0> <info> app: HR C
 0> <info> app: HR D
 0> <info> app: Show HR Result
 0> <info> app: BATT Reading...

# Logging stopped @ 03 Dec 2018 15:20:18
