# SEGGER J-Link RTT Viewer V6.16a Terminal Log File
# Compiled: 12:44:10 on Jun  6 2017
# Logging started @ 26 Nov 2018 16:24:13
 0> <info> app: ***********  Application started  ***********
 0> 
 0> <info> app: [OK] NRF Power ON 0x0004. 
 0> <info> app: Read MAC:CC34D2110EF6
 0> <info> app: ***********  Sensor initial ***********
 0> <info> app: [OK]	BMI160
 0> <info> app: [OK]	SETUP ACC
 0> <info> app: [OK]	SETUP STEP COUNT
 0> <info> app: [OK]	FLASH MEMORY
 0> <info> app: [OK]	Read and using configuration in flash memory
 0> <info> app: [OK]	Using queue setting from flash memory
 0> <info> app: gender in flash 1
 0> <info> app: [OK]	OLED Initial
 0> <info> app: [OK]	Max30102 Initial, Temperature 33.75
 0> <info> app: ********** End sensor initial *********
 0> 
 0> <info> app: Max30102 Found
 0> 
 0> <info> app: HR Begin
 0> 
 0> <info> app: 510
 0> <info> app: hr,0,9970,20490
 0> <info> app: hr,1,10082,20527
 0> <info> app: hr,2,9998,20515
 0> <info> app: hr,3,10077,20520
 0> <info> app: hr,4,10077,20497
 0> <info> app: hr,5,10121,20560
 0> <info> app: hr,6,10150,20536
 0> <info> app: hr,7,10184,20555
 0> <info> app: hr,8,10201,20557
 0> <info> app: hr,9,10201,20579
 0> <info> app: hr,10,10215,20557
 0> <info> app: hr,11,10245,20608
 0> <info> app: hr,12,10223,20591
 0> <info> app: hr,13,10230,20632
 0> <info> app: hr,14,10199,20582
 0> <info> app: hr,15,10251,20590
 0> <info> app: hr,16,10218,20596
 0> <info> app: hr,17,10241,20602
 0> <info> app: hr,18,10239,20574
 0> <info> app: hr,19,10266,20594
 0> <info> app: hr,20,10239,20601
 0> <info> app: hr,21,10295,20641
 0> <info> app: hr,22,10302,20612
 0> <info> app: hr,23,10302,20617
 0> <info> app: hr,24,10338,20641
 0> <info> app: hr,25,10381,20625
 0> <info> app: hr,26,10398,20638
 0> <info> app: hr,27,10377,20673
 0> <info> app: hr,28,10417,20689
 0> <info> app: hr,29,10441,20652
 0> <info> app: hr,30,10454,20663
 0> <info> app: hr,31,10486,20716
 0> <info> app: hr,32,10513,20697
 0> <info> app: hr,33,10504,20682
 0> <info> app: hr,34,10513,20755
 0> <info> app: hr,35,10551,20720
 0> <info> app: hr,36,10579,20752
 0> <info> app: hr,37,10562,20757
 0> <info> app: hr,38,10616,20748
 0> <info> app: hr,39,10590,20732
 0> <info> app: hr,40,10647,20739
 0> <info> app: hr,41,10603,20744
 0> <info> app: hr,42,10634,20768
 0> <info> app: hr,43,10640,20747
 0> <info> app: hr,44,10672,20766
 0> <info> app: hr,45,10648,20771
 0> <info> app: hr,46,10684,20788
 0> <info> app: hr,47,10674,20745
 0> <info> app: hr,48,10708,20769
 0> <info> app: hr,49,10683,20787
 0> <info> app: hr,50,10730,20782
 0> <info> app: hr,51,10684,20763
 0> <info> app: hr,52,10775,20774
 0> <info> app: hr,53,10731,20798
 0> <info> app: hr,54,10771,20827
 0> <info> app: hr,55,10776,20797
 0> <info> app: hr,56,10797,20840
 0> <info> app: hr,57,10805,20787
 0> <info> app: hr,58,10842,20860
 0> <info> app: hr,59,10863,20836
 0> <info> app: hr,60,10900,20865
 0> <info> app: hr,61,10890,20828
 0> <info> app: hr,62,10996,20884
 0> <info> app: hr,63,10938,20830
 0> <info> app: hr,64,10937,20849
 0> <info> app: hr,65,10887,20857
 0> <info> app: hr,66,10799,20818
 0> <info> app: hr,67,10680,20728
 0> <info> app: hr,68,10585,20713
 0> <info> app: hr,69,10415,20622
 0> <info> app: hr,70,10294,20589
 0> <info> app: hr,71,10126,20532
 0> <info> app: hr,72,10047,20499
 0> <info> app: hr,73,9958,20454
 0> <info> app: hr,74,9922,20476
 0> <info> app: hr,75,9895,20456
 0> <info> app: hr,76,9893,20410
 0> <info> app: hr,77,9877,20436
 0> <info> app: hr,78,9907,20474
 0> <info> app: hr,79,9925,20475
 0> <info> app: hr,80,9960,20483
 0> <info> app: hr,81,9965,20482
 0> <info> app: hr,82,10004,20490
 0> <info> app: hr,83,9979,20499
 0> <info> app: hr,84,9986,20510
 0> <info> app: hr,85,10005,20491
 0> <info> app: hr,86,10001,20477
 0> <info> app: hr,87,10061,20543
 0> <info> app: hr,88,10076,20558
 0> <info> app: hr,89,10067,20539
 0> <info> app: hr,90,10123,20557
 0> <info> app: hr,91,10128,20569
 0> <info> app: hr,92,10089,20541
 0> <info> app: hr,93,10109,20542
 0> <info> app: hr,94,10072,20559
 0> <info> app: hr,95,10046,20558
 0> <info> app: hr,96,10053,20539
 0> <info> app: hr,97,10095,20521
 0> <info> app: hr,98,10056,20541
 0> <info> app: hr,99,10061,20524
 0> <info> app: hr,100,10036,20545
 0> <info> app: hr,101,10107,20562
 0> <info> app: hr,102,10075,20517
 0> <info> app: hr,103,10129,20579
 0> <info> app: hr,104,10118,20557
 0> <info> app: hr,105,10167,20570
 0> <info> app: hr,106,10163,20588
 0> <info> app: hr,107,10233,20592
 0> <info> app: hr,108,10221,20587
 0> <info> app: hr,109,10282,20560
 0> <info> app: hr,110,10279,20574
 0> <info> app: hr,111,10302,20677
 0> <info> app: hr,112,10262,20614
 0> <info> app: hr,113,10342,20651
 0> <info> app: hr,114,10285,20625
 0> <info> app: hr,115,10370,20618
 0> <info> app: hr,116,10365,20649
 0> <info> app: hr,117,10371,20670
 0> <info> app: hr,118,10381,20660
 0> <info> app: hr,119,10443,20690
 0> <info> app: hr,120,10431,20651
 0> <info> app: hr,121,10444,20701
 0> <info> app: hr,122,10450,20698
 0> <info> app: hr,123,10502,20699
 0> <info> app: hr,124,10520,20713
 0> <info> app: hr,125,10546,20720
 0> <info> app: hr,126,10544,20704
 0> <info> app: hr,127,10572,20742
 0> <info> app: hr,128,10506,20712
 0> <info> app: hr,129,10567,20763
 0> <info> app: hr,130,10590,20748
 0> <info> app: hr,131,10638,20750
 0> <info> app: hr,132,10613,20759
 0> <info> app: hr,133,10651,20778
 0> <info> app: hr,134,10679,20774
 0> <info> app: hr,135,10680,20791
 0> <info> app: hr,136,10668,20769
 0> <info> app: hr,137,10664,20814
 0> <info> app: hr,138,10712,20776
 0> <info> app: hr,139,10730,20810
 0> <info> app: hr,140,10739,20822
 0> <info> app: hr,141,10761,20840
 0> <info> app: hr,142,10828,20786
 0> <info> app: hr,143,10793,20816
 0> <info> app: hr,144,10818,20860
 0> <info> app: hr,145,10820,20860
 0> <info> app: hr,146,10844,20806
 0> <info> app: hr,147,10827,20863
 0> <info> app: hr,148,10852,20876
 0> <info> app: hr,149,10842,20846
 0> <info> app: hr,150,10821,20848
 0> <info> app: hr,151,10737,20775
 0> <info> app: hr,152,10590,20799
 0> <info> app: hr,153,10460,20699
 0> <info> app: hr,154,10343,20636
 0> <info> app: hr,155,10237,20570
 0> <info> app: hr,156,10156,20532
 0> <info> app: hr,157,10045,20509
 0> <info> app: hr,158,9991,20509
 0> <info> app: hr,159,9923,20484
 0> <info> app: hr,160,9946,20508
 0> <info> app: hr,161,9894,20518
 0> <info> app: hr,162,9954,20512
 0> <info> app: hr,163,9962,20493
 0> <info> app: hr,164,9977,20509
 0> <info> app: hr,165,9926,20500
 0> <info> app: hr,166,9998,20507
 0> <info> app: hr,167,9989,20502
 0> <info> app: hr,168,10015,20528
 0> <info> app: hr,169,9989,20511
 0> <info> app: hr,170,10027,20538
 0> <info> app: hr,171,9963,20532
 0> <info> app: hr,172,10104,20558
 0> <info> app: hr,173,10077,20552
 0> <info> app: hr,174,10113,20582
 0> <info> app: hr,175,10113,20544
 0> <info> app: hr,176,10152,20601
 0> <info> app: hr,177,10150,20515
 0> <info> app: hr,178,10142,20595
 0> <info> app: hr,179,10121,20570
 0> <info> app: hr,180,10152,20553
 0> <info> app: hr,181,10146,20566
 0> <info> app: hr,182,10103,20577
 0> <info> app: hr,183,10159,20572
 0> <info> app: hr,184,10155,20553
 0> <info> app: hr,185,10137,20568
 0> <info> app: hr,186,10136,20590
 0> <info> app: hr,187,10173,20597
 0> <info> app: hr,188,10195,20602
 0> <info> app: hr,189,10211,20594
 0> <info> app: hr,190,10223,20618
 0> <info> app: hr,191,10235,20622
 0> <info> app: hr,192,10282,20657
 0> <info> app: hr,193,10258,20642
 0> <info> app: hr,194,10296,20690
 0> <info> app: hr,195,10340,20643
 0> <info> app: hr,196,10327,20664
 0> <info> app: hr,197,10306,20667
 0> <info> app: hr,198,10356,20694
 0> <info> app: hr,199,10436,20680
 0> <info> app: hr,200,10361,20698
 0> <info> app: hr,201,10392,20714
 0> <info> app: hr,202,10402,20697
 0> <info> app: hr,203,10457,20708
 0> <info> app: hr,204,10469,20707
 0> <info> app: hr,205,10484,20741
 0> <info> app: hr,206,10485,20722
 0> <info> app: hr,207,10497,20725
 0> <info> app: hr,208,10503,20733
 0> <info> app: hr,209,10545,20725
 0> <info> app: hr,210,10566,20742
 0> <info> app: hr,211,10568,20788
 0> <info> app: hr,212,10566,20765
 0> <info> app: hr,213,10625,20757
 0> <info> app: hr,214,10557,20725
 0> <info> app: hr,215,10606,20795
 0> <info> app: hr,216,10604,20789
 0> <info> app: hr,217,10631,20796
 0> <info> app: hr,218,10603,20761
 0> <info> app: hr,219,10678,20807
 0> <info> app: hr,220,10656,20806
 0> <info> app: hr,221,10687,20819
 0> <info> app: hr,222,10712,20803
 0> <info> app: hr,223,10710,20831
 0> <info> app: hr,224,10701,20791
 0> <info> app: hr,225,10739,20825
 0> <info> app: hr,226,10737,20801
 0> <info> app: hr,227,10771,20794
 0> <info> app: hr,228,10741,20857
 0> <info> app: hr,229,10811,20874
 0> <info> app: hr,230,10769,20846
 0> <info> app: hr,231,10805,20859
 0> <info> app: hr,232,10757,20853
 0> <info> app: hr,233,10715,20807
 0> <info> app: hr,234,10587,20738
 0> <info> app: hr,235,10465,20767
 0> <info> app: hr,236,10343,20649
 0> <info> app: hr,237,10224,20578
 0> <info> app: hr,238,10112,20553
 0> <info> app: hr,239,10018,20528
 0> <info> app: hr,240,9946,20501
 0> <info> app: hr,241,9909,20485
 0> <info> app: hr,242,9870,20491
 0> <info> app: hr,243,9879,20460
 0> <info> app: hr,244,9851,20488
 0> <info> app: hr,245,9896,20469
 0> <info> app: hr,246,9925,20487
 0> <info> app: hr,247,9946,20529
 0> <info> app: hr,248,9999,20541
 0> <info> app: hr,249,9988,20550
 0> <info> app: hr,250,10020,20561
 0> <info> app: hr,251,10054,20555
 0> <info> app: hr,252,10067,20548
 0> <info> app: hr,253,10079,20612
 0> <info> app: hr,254,10114,20623
 0> <info> app: hr,255,10154,20611
 0> <info> app: hr,256,10197,20607
 0> <info> app: hr,257,10176,20618
 0> <info> app: hr,258,10190,20639
 0> <info> app: hr,259,10171,20632
 0> <info> app: hr,260,10211,20659
 0> <info> app: hr,261,10191,20678
 0> <info> app: hr,262,10197,20657
 0> <info> app: hr,263,10190,20577
 0> <info> app: hr,264,10184,20617
 0> <info> app: hr,265,10149,20600
 0> <info> app: hr,266,10157,20629
 0> <info> app: hr,267,10151,20607
 0> <info> app: hr,268,10170,20626
 0> <info> app: hr,269,10169,20599
 0> <info> app: hr,270,10202,20618
 0> <info> app: hr,271,10204,20617
 0> <info> app: hr,272,10232,20633
 0> <info> app: hr,273,10235,20630
 0> <info> app: hr,274,10272,20698
 0> <info> app: hr,275,10268,20656
 0> <info> app: hr,276,10293,20728
 0> <info> app: hr,277,10301,20679
 0> <info> app: hr,278,10366,20696
 0> <info> app: hr,279,10419,20712
 0> <info> app: hr,280,10395,20739
 0> <info> app: hr,281,10394,20686
 0> <info> app: hr,282,10466,20740
 0> <info> app: hr,283,10452,20721
 0> <info> app: hr,284,10511,20773
 0> <info> app: hr,285,10486,20761
 0> <info> app: hr,286,10549,20767
 0> <info> app: hr,287,10497,20748
 0> <info> app: hr,288,10545,20798
 0> <info> app: hr,289,10557,20728
 0> <info> app: hr,290,10574,20802
 0> <info> app: hr,291,10566,20759
 0> <info> app: hr,292,10589,20813
 0> <info> app: hr,293,10564,20731
 0> <info> app: hr,294,10626,20795
 0> <info> app: hr,295,10642,20785
 0> <info> app: hr,296,10634,20801
 0> <info> app: hr,297,10611,20759
 0> <info> app: hr,298,10649,20826
 0> <info> app: hr,299,10641,20814
 0> <info> app: hr,300,10670,20789
 0> <info> app: hr,301,10648,20783
 0> <info> app: hr,302,10660,20796
 0> <info> app: hr,303,10645,20817
 0> <info> app: hr,304,10674,20825
 0> <info> app: hr,305,10674,20793
 0> <info> app: hr,306,10674,20834
 0> <info> app: hr,307,10705,20823
 0> <info> app: hr,308,10737,20848
 0> <info> app: hr,309,10744,20838
 0> <info> app: hr,310,10726,20879
 0> <info> app: hr,311,10751,20852
 0> <info> app: hr,312,10763,20847
 0> <info> app: hr,313,10746,20812
 0> <info> app: hr,314,10607,20826
 0> <info> app: hr,315,10562,20764
 0> <info> app: hr,316,10410,20699
 0> <info> app: hr,317,10311,20654
 0> <info> app: hr,318,10129,20643
 0> <info> app: hr,319,10025,20570
 0> <info> app: hr,320,9918,20501
 0> <info> app: hr,321,9832,20527
 0> <info> app: hr,322,9772,20459
 0> <info> app: hr,323,9742,20474
 0> <info> app: hr,324,9743,20468
 0> <info> app: hr,325,9717,20423
 0> <info> app: hr,326,9693,20456
 0> <info> app: hr,327,9733,20437
 0> <info> app: hr,328,9707,20459
 0> <info> app: hr,329,9740,20461
 0> <info> app: hr,330,9749,20469
 0> <info> app: hr,331,9745,20473
 0> <info> app: hr,332,9696,20453
 0> <info> app: hr,333,9748,20489
 0> <info> app: hr,334,9762,20461
 0> <info> app: hr,335,9778,20488
 0> <info> app: hr,336,9773,20469
 0> <info> app: hr,337,9882,20506
 0> <info> app: hr,338,9829,20500
 0> <info> app: hr,339,9901,20532
 0> <info> app: hr,340,9895,20542
 0> <info> app: hr,341,9915,20532
 0> <info> app: hr,342,9904,20502
 0> <info> app: hr,343,9926,20537
 0> <info> app: hr,344,9872,20536
 0> <info> app: hr,345,9888,20560
 0> <info> app: hr,346,9878,20512
 0> <info> app: hr,347,9866,20527
 0> <info> app: hr,348,9865,20515
 0> <info> app: hr,349,9918,20540
 0> <info> app: hr,350,9888,20524
 0> <info> app: hr,351,9945,20555
 0> <info> app: hr,352,9951,20567
 0> <info> app: hr,353,9945,20564
 0> <info> app: hr,354,9989,20607
 0> <info> app: hr,355,10001,20563
 0> <info> app: hr,356,10012,20559
 0> <info> app: hr,357,10046,20608
 0> <info> app: hr,358,10053,20595
 0> <info> app: hr,359,10094,20607
 0> <info> app: hr,360,10072,20612
 0> <info> app: hr,361,10127,20641
 0> <info> app: hr,362,10147,20620
 0> <info> app: hr,363,10156,20643
 0> <info> app: hr,364,10168,20644
 0> <info> app: hr,365,10197,20651
 0> <info> app: hr,366,10229,20652
 0> <info> app: hr,367,10196,20684
 0> <info> app: hr,368,10246,20673
 0> <info> app: hr,369,10266,20671
 0> <info> app: hr,370,10266,20689
 0> <info> app: hr,371,10256,20700
 0> <info> app: hr,372,10348,20676
 0> <info> app: hr,373,10362,20711
 0> <info> app: hr,374,10348,20689
 0> <info> app: hr,375,10335,20718
 0> <info> app: hr,376,10326,20697
 0> <info> app: hr,377,10319,20702
 0> <info> app: hr,378,10359,20729
 0> <info> app: hr,379,10315,20692
 0> <info> app: hr,380,10369,20712
 0> <info> app: hr,381,10351,20706
 0> <info> app: hr,382,10375,20716
 0> <info> app: hr,383,10380,20719
 0> <info> app: hr,384,10411,20729
 0> <info> app: hr,385,10384,20750
 0> <info> app: hr,386,10411,20725
 0> <info> app: hr,387,10415,20685
 0> <info> app: hr,388,10444,20733
 0> <info> app: hr,389,10438,20735
 0> <info> app: hr,390,10447,20767
 0> <info> app: hr,391,10485,20745
 0> <info> app: hr,392,10536,20786
 0> <info> app: hr,393,10496,20775
 0> <info> app: hr,394,10575,20813
 0> <info> app: hr,395,10564,20781
 0> <info> app: hr,396,10606,20782
 0> <info> app: hr,397,10505,20765
 0> <info> app: hr,398,10456,20738
 0> <info> app: hr,399,10271,20647
 0> <info> app: hr,400,10213,20617
 0> <info> app: hr,401,10011,20552
 0> <info> app: hr,402,9899,20523
 0> <info> app: hr,403,9774,20465
 0> <info> app: hr,404,9642,20467
 0> <info> app: hr,405,9576,20384
 0> <info> app: hr,406,9530,20416
 0> <info> app: hr,407,9502,20356
 0> <info> app: hr,408,9518,20396
 0> <info> app: hr,409,9482,20368
 0> <info> app: hr,410,9503,20355
 0> <info> app: hr,411,9518,20371
 0> <info> app: hr,412,9524,20387
 0> <info> app: hr,413,9512,20408
 0> <info> app: hr,414,9534,20421
 0> <info> app: hr,415,9536,20397
 0> <info> app: hr,416,9541,20406
 0> <info> app: hr,417,9525,20422
 0> <info> app: hr,418,9546,20433
 0> <info> app: hr,419,9545,20405
 0> <info> app: hr,420,9578,20395
 0> <info> app: hr,421,9612,20455
 0> <info> app: hr,422,9639,20474
 0> <info> app: hr,423,9670,20455
 0> <info> app: hr,424,9640,20461
 0> <info> app: hr,425,9649,20436
 0> <info> app: hr,426,9661,20445
 0> <info> app: hr,427,9617,20444
 0> <info> app: hr,428,9639,20444
 0> <info> app: hr,429,9653,20442
 0> <info> app: hr,430,9579,20438
 0> <info> app: hr,431,9633,20443
 0> <info> app: hr,432,9608,20466
 0> <info> app: hr,433,9672,20434
 0> <info> app: hr,434,9624,20433
 0> <info> app: hr,435,9669,20526
 0> <info> app: hr,436,9667,20463
 0> <info> app: hr,437,9716,20494
 0> <info> app: hr,438,9717,20477
 0> <info> app: hr,439,9731,20483
 0> <info> app: hr,440,9788,20541
 0> <info> app: hr,441,9855,20529
 0> <info> app: hr,442,9848,20529
 0> <info> app: hr,443,9877,20554
 0> <info> app: hr,444,9903,20545
 0> <info> app: hr,445,9926,20562
 0> <info> app: hr,446,9899,20563
 0> <info> app: hr,447,9944,20603
 0> <info> app: hr,448,9931,20559
 0> <info> app: hr,449,9991,20588
 0> <info> app: hr,450,9960,20580
 0> <info> app: hr,451,10035,20602
 0> <info> app: hr,452,9996,20593
 0> <info> app: hr,453,10038,20548
 0> <info> app: hr,454,10033,20624
 0> <info> app: hr,455,10064,20630
 0> <info> app: hr,456,10086,20604
 0> <info> app: hr,457,10057,20646
 0> <info> app: hr,458,10049,20614
 0> <info> app: hr,459,10103,20638
 0> <info> app: hr,460,10076,20599
 0> <info> app: hr,461,10133,20636
 0> <info> app: hr,462,10099,20611
 0> <info> app: hr,463,10137,20673
 0> <info> app: hr,464,10134,20608
 0> <info> app: hr,465,10141,20659
 0> <info> app: hr,466,10177,20672
 0> <info> app: hr,467,10183,20647
 0> <info> app: hr,468,10190,20648
 0> <info> app: hr,469,10232,20693
 0> <info> app: hr,470,10212,20673
 0> <info> app: hr,471,10280,20697
 0> <info> app: hr,472,10214,20675
 0> <info> app: hr,473,10282,20720
 0> <info> app: hr,474,10275,20707
 0> <info> app: hr,475,10331,20720
 0> <info> app: hr,476,10302,20711
 0> <info> app: hr,477,10310,20751
 0> <info> app: hr,478,10347,20728
 0> <info> app: hr,479,10377,20753
 0> <info> app: hr,480,10373,20755
 0> <info> app: hr,481,10404,20775
 0> <info> app: hr,482,10465,20768
 0> <info> app: hr,483,10448,20790
 0> <info> app: hr,484,10436,20766
 0> <info> app: hr,485,10481,20772
 0> <info> app: hr,486,10494,20744
 0> <info> app: hr,487,10322,20727
 0> <info> app: hr,488,10265,20693
 0> <info> app: hr,489,10098,20643
 0> <info> app: hr,490,9965,20523
 0> <info> app: hr,491,9822,20531
 0> <info> app: hr,492,9748,20507
 0> <info> app: hr,493,9635,20378
 0> <info> app: hr,494,9560,20441
 0> <info> app: hr,495,9518,20394
 0> <info> app: hr,496,9510,20401
 0> <info> app: hr,497,9475,20384
 0> <info> app: hr,498,9457,20393
 0> <info> app: hr,499,9421,20389
 0> <info> app: hr,500,9447,20409
 0> <info> app: hr,501,9430,20393
 0> <info> app: hr,502,9437,20411
 0> <info> app: hr,503,9426,20347
 0> <info> app: hr,504,9453,20409
 0> <info> app: hr,505,9398,20442
 0> <info> app: hr,506,9436,20429
 0> <info> app: hr,507,9431,20365
 0> <info> app: hr,508,9460,20400
 0> <info> app: hr,509,9474,20394
