# SEGGER J-Link RTT Viewer V6.16a Terminal Log File
# Compiled: 12:44:10 on Jun  6 2017
# Logging started @ 26 Nov 2018 16:25:32
 0> <info> app: ***********  Application started  ***********
 0> 
 0> <info> app: [OK] NRF Power ON 0x0004. 
 0> <info> app: Read MAC:CC34D2110EF6
 0> <info> app: ***********  Sensor initial ***********
 0> <info> app: [OK]	BMI160
 0> <info> app: [OK]	SETUP ACC
 0> <info> app: [OK]	SETUP STEP COUNT
 0> <info> app: [OK]	FLASH MEMORY
 0> <info> app: [OK]	Read and using configuration in flash memory
 0> <info> app: [OK]	Using queue setting from flash memory
 0> <info> app: gender in flash 1
 0> <info> app: [OK]	OLED Initial
 0> <info> app: [OK]	Max30102 Initial, Temperature 34.12
 0> <info> app: ********** End sensor initial *********
 0> 
 0> <info> app: Max30102 Found
 0> 
 0> <info> app: HR Begin
 0> 
 0> <info> app: 510
 0> <info> app: hr,0,9418,-802
 0> <info> app: hr,1,9412,-610
 0> <info> app: hr,2,9489,-508
 0> <info> app: hr,3,9500,-439
 0> <info> app: hr,4,9561,-257
 0> <info> app: hr,5,9585,-146
 0> <info> app: hr,6,9668,-12
 0> <info> app: hr,7,9643,65
 0> <info> app: hr,8,9675,209
 0> <info> app: hr,9,9730,263
 0> <info> app: hr,10,9744,425
 0> <info> app: hr,11,9755,457
 0> <info> app: hr,12,9800,576
 0> <info> app: hr,13,9809,608
 0> <info> app: hr,14,9849,701
 0> <info> app: hr,15,9848,747
 0> <info> app: hr,16,9888,888
 0> <info> app: hr,17,9895,940
 0> <info> app: hr,18,9950,1041
 0> <info> app: hr,19,9947,1170
 0> <info> app: hr,20,9980,1210
 0> <info> app: hr,21,10012,1314
 0> <info> app: hr,22,10068,1434
 0> <info> app: hr,23,10081,1531
 0> <info> app: hr,24,10100,1618
 0> <info> app: hr,25,10138,1779
 0> <info> app: hr,26,10156,1883
 0> <info> app: hr,27,10176,1974
 0> <info> app: hr,28,10227,2121
 0> <info> app: hr,29,10221,2212
 0> <info> app: hr,30,10296,2309
 0> <info> app: hr,31,10294,2383
 0> <info> app: hr,32,10334,2494
 0> <info> app: hr,33,10371,2563
 0> <info> app: hr,34,10375,2677
 0> <info> app: hr,35,10399,2739
 0> <info> app: hr,36,10447,2865
 0> <info> app: hr,37,10494,2960
 0> <info> app: hr,38,10501,3044
 0> <info> app: hr,39,10521,2988
 0> <info> app: hr,40,10432,2760
 0> <info> app: hr,41,10318,2261
 0> <info> app: hr,42,10167,1798
 0> <info> app: hr,43,10032,1301
 0> <info> app: hr,44,9883,699
 0> <info> app: hr,45,9732,224
 0> <info> app: hr,46,9556,-200
 0> <info> app: hr,47,9438,-643
 0> <info> app: hr,48,9336,-1020
 0> <info> app: hr,49,9297,-1310
 0> <info> app: hr,50,9196,-1496
 0> <info> app: hr,51,9172,-1667
 0> <info> app: hr,52,9130,-1770
 0> <info> app: hr,53,9115,-1814
 0> <info> app: hr,54,9099,-1853
 0> <info> app: hr,55,9081,-1836
 0> <info> app: hr,56,9077,-1892
 0> <info> app: hr,57,9119,-1886
 0> <info> app: hr,58,9079,-1968
 0> <info> app: hr,59,9062,-1924
 0> <info> app: hr,60,9098,-1904
 0> <info> app: hr,61,9133,-1832
 0> <info> app: hr,62,9153,-1749
 0> <info> app: hr,63,9197,-1612
 0> <info> app: hr,64,9198,-1510
 0> <info> app: hr,65,9269,-1448
 0> <info> app: hr,66,9205,-1398
 0> <info> app: hr,67,9264,-1360
 0> <info> app: hr,68,9297,-1351
 0> <info> app: hr,69,9274,-1342
 0> <info> app: hr,70,9292,-1313
 0> <info> app: hr,71,9304,-1301
 0> <info> app: hr,72,9278,-1362
 0> <info> app: hr,73,9282,-1231
 0> <info> app: hr,74,9310,-1242
 0> <info> app: hr,75,9310,-1228
 0> <info> app: hr,76,9322,-1176
 0> <info> app: hr,77,9373,-1062
 0> <info> app: hr,78,9365,-988
 0> <info> app: hr,79,9381,-925
 0> <info> app: hr,80,9419,-831
 0> <info> app: hr,81,9435,-730
 0> <info> app: hr,82,9476,-586
 0> <info> app: hr,83,9510,-498
 0> <info> app: hr,84,9542,-454
 0> <info> app: hr,85,9567,-345
 0> <info> app: hr,86,9587,-226
 0> <info> app: hr,87,9607,-168
 0> <info> app: hr,88,9676,5
 0> <info> app: hr,89,9671,125
 0> <info> app: hr,90,9735,243
 0> <info> app: hr,91,9752,426
 0> <info> app: hr,92,9784,528
 0> <info> app: hr,93,9813,664
 0> <info> app: hr,94,9898,773
 0> <info> app: hr,95,9878,902
 0> <info> app: hr,96,9944,990
 0> <info> app: hr,97,9959,1092
 0> <info> app: hr,98,9990,1187
 0> <info> app: hr,99,10000,1210
 0> <info> app: hr,100,10015,1381
 0> <info> app: hr,101,10037,1362
 0> <info> app: hr,102,10057,1456
 0> <info> app: hr,103,10087,1524
 0> <info> app: hr,104,10129,1636
 0> <info> app: hr,105,10105,1738
 0> <info> app: hr,106,10201,1801
 0> <info> app: hr,107,10179,1886
 0> <info> app: hr,108,10203,1969
 0> <info> app: hr,109,10214,2116
 0> <info> app: hr,110,10258,2173
 0> <info> app: hr,111,10295,2280
 0> <info> app: hr,112,10336,2381
 0> <info> app: hr,113,10326,2529
 0> <info> app: hr,114,10413,2626
 0> <info> app: hr,115,10377,2735
 0> <info> app: hr,116,10452,2880
 0> <info> app: hr,117,10487,2984
 0> <info> app: hr,118,10533,3165
 0> <info> app: hr,119,10528,3265
 0> <info> app: hr,120,10623,3423
 0> <info> app: hr,121,10636,3562
 0> <info> app: hr,122,10710,3672
 0> <info> app: hr,123,10699,3763
 0> <info> app: hr,124,10729,3904
 0> <info> app: hr,125,10744,3964
 0> <info> app: hr,126,10734,3856
 0> <info> app: hr,127,10609,3447
 0> <info> app: hr,128,10445,2836
 0> <info> app: hr,129,10262,2168
 0> <info> app: hr,130,10094,1557
 0> <info> app: hr,131,9935,981
 0> <info> app: hr,132,9808,520
 0> <info> app: hr,133,9663,68
 0> <info> app: hr,134,9543,-339
 0> <info> app: hr,135,9456,-691
 0> <info> app: hr,136,9342,-954
 0> <info> app: hr,137,9283,-1160
 0> <info> app: hr,138,9216,-1355
 0> <info> app: hr,139,9200,-1438
 0> <info> app: hr,140,9188,-1523
 0> <info> app: hr,141,9171,-1610
 0> <info> app: hr,142,9134,-1651
 0> <info> app: hr,143,9129,-1743
 0> <info> app: hr,144,9084,-1796
 0> <info> app: hr,145,9109,-1861
 0> <info> app: hr,146,9072,-1932
 0> <info> app: hr,147,9054,-1984
 0> <info> app: hr,148,9040,-2023
 0> <info> app: hr,149,9111,-1968
 0> <info> app: hr,150,9081,-1902
 0> <info> app: hr,151,9116,-1851
 0> <info> app: hr,152,9141,-1801
 0> <info> app: hr,153,9141,-1802
 0> <info> app: hr,154,9165,-1788
 0> <info> app: hr,155,9152,-1728
 0> <info> app: hr,156,9135,-1847
 0> <info> app: hr,157,9131,-1837
 0> <info> app: hr,158,9105,-1884
 0> <info> app: hr,159,9154,-1938
 0> <info> app: hr,160,9129,-1974
 0> <info> app: hr,161,9144,-1950
 0> <info> app: hr,162,9115,-1927
 0> <info> app: hr,163,9137,-1949
 0> <info> app: hr,164,9123,-1898
 0> <info> app: hr,165,9147,-1836
 0> <info> app: hr,166,9165,-1731
 0> <info> app: hr,167,9185,-1630
 0> <info> app: hr,168,9248,-1526
 0> <info> app: hr,169,9251,-1393
 0> <info> app: hr,170,9296,-1249
 0> <info> app: hr,171,9336,-1072
 0> <info> app: hr,172,9354,-947
 0> <info> app: hr,173,9417,-832
 0> <info> app: hr,174,9429,-680
 0> <info> app: hr,175,9487,-551
 0> <info> app: hr,176,9490,-423
 0> <info> app: hr,177,9591,-328
 0> <info> app: hr,178,9567,-203
 0> <info> app: hr,179,9582,-97
 0> <info> app: hr,180,9677,8
 0> <info> app: hr,181,9665,106
 0> <info> app: hr,182,9675,160
 0> <info> app: hr,183,9734,313
 0> <info> app: hr,184,9731,327
 0> <info> app: hr,185,9783,427
 0> <info> app: hr,186,9795,498
 0> <info> app: hr,187,9798,547
 0> <info> app: hr,188,9833,593
 0> <info> app: hr,189,9871,676
 0> <info> app: hr,190,9867,743
 0> <info> app: hr,191,9876,806
 0> <info> app: hr,192,9890,855
 0> <info> app: hr,193,9923,930
 0> <info> app: hr,194,9973,1019
 0> <info> app: hr,195,9982,1126
 0> <info> app: hr,196,10033,1218
 0> <info> app: hr,197,10056,1331
 0> <info> app: hr,198,10092,1402
 0> <info> app: hr,199,10093,1597
 0> <info> app: hr,200,10119,1649
 0> <info> app: hr,201,10151,1776
 0> <info> app: hr,202,10187,1851
 0> <info> app: hr,203,10284,1972
 0> <info> app: hr,204,10286,2119
 0> <info> app: hr,205,10266,2240
 0> <info> app: hr,206,10342,2429
 0> <info> app: hr,207,10394,2573
 0> <info> app: hr,208,10454,2768
 0> <info> app: hr,209,10482,2882
 0> <info> app: hr,210,10469,3020
 0> <info> app: hr,211,10473,2979
 0> <info> app: hr,212,10455,2790
 0> <info> app: hr,213,10312,2329
 0> <info> app: hr,214,10140,1717
 0> <info> app: hr,215,9953,1078
 0> <info> app: hr,216,9811,461
 0> <info> app: hr,217,9622,-45
 0> <info> app: hr,218,9474,-672
 0> <info> app: hr,219,9271,-1194
 0> <info> app: hr,220,9159,-1729
 0> <info> app: hr,221,9031,-2116
 0> <info> app: hr,222,8938,-2456
 0> <info> app: hr,223,8860,-2741
 0> <info> app: hr,224,8844,-2914
 0> <info> app: hr,225,8766,-3097
 0> <info> app: hr,226,8730,-3187
 0> <info> app: hr,227,8686,-3351
 0> <info> app: hr,228,8699,-3468
 0> <info> app: hr,229,8640,-3610
 0> <info> app: hr,230,8617,-3682
 0> <info> app: hr,231,8594,-3760
 0> <info> app: hr,232,8578,-3810
 0> <info> app: hr,233,8535,-3824
 0> <info> app: hr,234,8627,-3743
 0> <info> app: hr,235,8619,-3628
 0> <info> app: hr,236,8643,-3529
 0> <info> app: hr,237,8693,-3443
 0> <info> app: hr,238,8745,-3291
 0> <info> app: hr,239,8735,-3269
 0> <info> app: hr,240,8766,-3172
 0> <info> app: hr,241,8765,-3113
 0> <info> app: hr,242,8791,-3117
 0> <info> app: hr,243,8785,-3112
 0> <info> app: hr,244,8797,-3021
 0> <info> app: hr,245,8797,-3074
 0> <info> app: hr,246,8804,-3016
 0> <info> app: hr,247,8795,-3028
 0> <info> app: hr,248,8844,-2975
 0> <info> app: hr,249,8825,-2903
 0> <info> app: hr,250,8862,-2847
 0> <info> app: hr,251,8885,-2744
 0> <info> app: hr,252,8907,-2648
 0> <info> app: hr,253,8925,-2487
 0> <info> app: hr,254,8982,-2416
 0> <info> app: hr,255,9033,-2266
 0> <info> app: hr,256,9052,-2150
 0> <info> app: hr,257,9101,-2051
 0> <info> app: hr,258,9117,-1941
 0> <info> app: hr,259,9164,-1813
 0> <info> app: hr,260,9174,-1682
 0> <info> app: hr,261,9262,-1613
 0> <info> app: hr,262,9233,-1474
 0> <info> app: hr,263,9246,-1377
 0> <info> app: hr,264,9324,-1249
 0> <info> app: hr,265,9371,-1139
 0> <info> app: hr,266,9394,-1056
 0> <info> app: hr,267,9387,-907
 0> <info> app: hr,268,9404,-833
 0> <info> app: hr,269,9463,-724
 0> <info> app: hr,270,9477,-633
 0> <info> app: hr,271,9517,-513
 0> <info> app: hr,272,9544,-441
 0> <info> app: hr,273,9566,-379
 0> <info> app: hr,274,9591,-297
 0> <info> app: hr,275,9600,-170
 0> <info> app: hr,276,9624,-110
 0> <info> app: hr,277,9670,-13
 0> <info> app: hr,278,9679,57
 0> <info> app: hr,279,9720,171
 0> <info> app: hr,280,9711,335
 0> <info> app: hr,281,9779,383
 0> <info> app: hr,282,9787,469
 0> <info> app: hr,283,9827,642
 0> <info> app: hr,284,9858,756
 0> <info> app: hr,285,9909,835
 0> <info> app: hr,286,9894,936
 0> <info> app: hr,287,9953,1076
 0> <info> app: hr,288,9956,1154
 0> <info> app: hr,289,10012,1383
 0> <info> app: hr,290,10008,1424
 0> <info> app: hr,291,10078,1573
 0> <info> app: hr,292,10100,1725
 0> <info> app: hr,293,10177,1841
 0> <info> app: hr,294,10170,1983
 0> <info> app: hr,295,10232,2147
 0> <info> app: hr,296,10273,2227
 0> <info> app: hr,297,10291,2319
 0> <info> app: hr,298,10286,2308
 0> <info> app: hr,299,10180,2000
 0> <info> app: hr,300,10026,1497
 0> <info> app: hr,301,9884,923
 0> <info> app: hr,302,9737,389
 0> <info> app: hr,303,9589,-152
 0> <info> app: hr,304,9428,-658
 0> <info> app: hr,305,9301,-1088
 0> <info> app: hr,306,9176,-1531
 0> <info> app: hr,307,9059,-1806
 0> <info> app: hr,308,8972,-2130
 0> <info> app: hr,309,8935,-2305
 0> <info> app: hr,310,8892,-2447
 0> <info> app: hr,311,8865,-2522
 0> <info> app: hr,312,8858,-2572
 0> <info> app: hr,313,8833,-2616
 0> <info> app: hr,314,8806,-2677
 0> <info> app: hr,315,8799,-2754
 0> <info> app: hr,316,8783,-2762
 0> <info> app: hr,317,8749,-2878
 0> <info> app: hr,318,8772,-2869
 0> <info> app: hr,319,8772,-2886
 0> <info> app: hr,320,8796,-2871
 0> <info> app: hr,321,8821,-2788
 0> <info> app: hr,322,8864,-2654
 0> <info> app: hr,323,8906,-2530
 0> <info> app: hr,324,8931,-2389
 0> <info> app: hr,325,8954,-2294
 0> <info> app: hr,326,8963,-2225
 0> <info> app: hr,327,9026,-2132
 0> <info> app: hr,328,9025,-2059
 0> <info> app: hr,329,9045,-2023
 0> <info> app: hr,330,9038,-1948
 0> <info> app: hr,331,9046,-1869
 0> <info> app: hr,332,9066,-1765
 0> <info> app: hr,333,9061,-1733
 0> <info> app: hr,334,9106,-1584
 0> <info> app: hr,335,9137,-1521
 0> <info> app: hr,336,9168,-1376
 0> <info> app: hr,337,9201,-1250
 0> <info> app: hr,338,9239,-1084
 0> <info> app: hr,339,9276,-926
 0> <info> app: hr,340,9331,-752
 0> <info> app: hr,341,9378,-582
 0> <info> app: hr,342,9421,-444
 0> <info> app: hr,343,9395,-315
 0> <info> app: hr,344,9516,-261
 0> <info> app: hr,345,9492,-180
 0> <info> app: hr,346,9546,-93
 0> <info> app: hr,347,9571,-50
 0> <info> app: hr,348,9592,60
 0> <info> app: hr,349,9610,112
 0> <info> app: hr,350,9650,208
 0> <info> app: hr,351,9662,294
 0> <info> app: hr,352,9698,444
 0> <info> app: hr,353,9718,472
 0> <info> app: hr,354,9770,616
 0> <info> app: hr,355,9808,710
 0> <info> app: hr,356,9844,782
 0> <info> app: hr,357,9834,963
 0> <info> app: hr,358,9877,1056
 0> <info> app: hr,359,9894,1154
 0> <info> app: hr,360,9948,1253
 0> <info> app: hr,361,9940,1377
 0> <info> app: hr,362,10012,1452
 0> <info> app: hr,363,10031,1543
 0> <info> app: hr,364,10053,1698
 0> <info> app: hr,365,10079,1811
 0> <info> app: hr,366,10102,1930
 0> <info> app: hr,367,10138,2031
 0> <info> app: hr,368,10165,2207
 0> <info> app: hr,369,10196,2364
 0> <info> app: hr,370,10249,2494
 0> <info> app: hr,371,10329,2593
 0> <info> app: hr,372,10325,2723
 0> <info> app: hr,373,10329,2821
 0> <info> app: hr,374,10320,2924
 0> <info> app: hr,375,10431,3055
 0> <info> app: hr,376,10437,3131
 0> <info> app: hr,377,10463,3280
 0> <info> app: hr,378,10512,3383
 0> <info> app: hr,379,10531,3470
 0> <info> app: hr,380,10545,3574
 0> <info> app: hr,381,10608,3658
 0> <info> app: hr,382,10595,3628
 0> <info> app: hr,383,10516,3424
 0> <info> app: hr,384,10389,2950
 0> <info> app: hr,385,10226,2317
 0> <info> app: hr,386,10041,1639
 0> <info> app: hr,387,9883,1045
 0> <info> app: hr,388,9728,523
 0> <info> app: hr,389,9560,-8
 0> <info> app: hr,390,9440,-473
 0> <info> app: hr,391,9346,-894
 0> <info> app: hr,392,9227,-1222
 0> <info> app: hr,393,9144,-1475
 0> <info> app: hr,394,9082,-1687
 0> <info> app: hr,395,9060,-1834
 0> <info> app: hr,396,9026,-1912
 0> <info> app: hr,397,9029,-1908
 0> <info> app: hr,398,8997,-2025
 0> <info> app: hr,399,9002,-2055
 0> <info> app: hr,400,8973,-2119
 0> <info> app: hr,401,8943,-2142
 0> <info> app: hr,402,8948,-2184
 0> <info> app: hr,403,8962,-2201
 0> <info> app: hr,404,8965,-2155
 0> <info> app: hr,405,9013,-2051
 0> <info> app: hr,406,9001,-1994
 0> <info> app: hr,407,9055,-1929
 0> <info> app: hr,408,9069,-1876
 0> <info> app: hr,409,9074,-1813
 0> <info> app: hr,410,9087,-1799
 0> <info> app: hr,411,9101,-1787
 0> <info> app: hr,412,9117,-1750
 0> <info> app: hr,413,9114,-1734
 0> <info> app: hr,414,9111,-1708
 0> <info> app: hr,415,9120,-1700
 0> <info> app: hr,416,9111,-1689
 0> <info> app: hr,417,9119,-1663
 0> <info> app: hr,418,9152,-1613
 0> <info> app: hr,419,9190,-1587
 0> <info> app: hr,420,9175,-1479
 0> <info> app: hr,421,9224,-1368
 0> <info> app: hr,422,9267,-1303
 0> <info> app: hr,423,9278,-1160
 0> <info> app: hr,424,9271,-996
 0> <info> app: hr,425,9342,-944
 0> <info> app: hr,426,9419,-866
 0> <info> app: hr,427,9426,-706
 0> <info> app: hr,428,9448,-592
 0> <info> app: hr,429,9468,-467
 0> <info> app: hr,430,9500,-375
 0> <info> app: hr,431,9505,-253
 0> <info> app: hr,432,9557,-105
 0> <info> app: hr,433,9580,-9
 0> <info> app: hr,434,9628,87
 0> <info> app: hr,435,9669,193
 0> <info> app: hr,436,9674,337
 0> <info> app: hr,437,9706,443
 0> <info> app: hr,438,9755,572
 0> <info> app: hr,439,9760,674
 0> <info> app: hr,440,9792,787
 0> <info> app: hr,441,9819,833
 0> <info> app: hr,442,9860,1015
 0> <info> app: hr,443,9871,1024
 0> <info> app: hr,444,9885,1179
 0> <info> app: hr,445,9884,1224
 0> <info> app: hr,446,9928,1268
 0> <info> app: hr,447,9952,1364
 0> <info> app: hr,448,9980,1457
 0> <info> app: hr,449,10005,1537
 0> <info> app: hr,450,10065,1663
 0> <info> app: hr,451,10055,1827
 0> <info> app: hr,452,10137,1917
 0> <info> app: hr,453,10141,1995
 0> <info> app: hr,454,10161,2103
 0> <info> app: hr,455,10183,2230
 0> <info> app: hr,456,10220,2370
 0> <info> app: hr,457,10259,2485
 0> <info> app: hr,458,10317,2651
 0> <info> app: hr,459,10353,2774
 0> <info> app: hr,460,10388,2973
 0> <info> app: hr,461,10411,2988
 0> <info> app: hr,462,10446,3025
 0> <info> app: hr,463,10418,2929
 0> <info> app: hr,464,10357,2667
 0> <info> app: hr,465,10165,2084
 0> <info> app: hr,466,10015,1405
 0> <info> app: hr,467,9851,778
 0> <info> app: hr,468,9686,189
 0> <info> app: hr,469,9501,-369
 0> <info> app: hr,470,9366,-952
 0> <info> app: hr,471,9205,-1474
 0> <info> app: hr,472,9091,-1931
 0> <info> app: hr,473,8988,-2286
 0> <info> app: hr,474,8890,-2586
 0> <info> app: hr,475,8799,-2786
 0> <info> app: hr,476,8788,-2999
 0> <info> app: hr,477,8731,-3100
 0> <info> app: hr,478,8721,-3176
 0> <info> app: hr,479,8657,-3362
 0> <info> app: hr,480,8659,-3483
 0> <info> app: hr,481,8655,-3559
 0> <info> app: hr,482,8581,-3647
 0> <info> app: hr,483,8591,-3715
 0> <info> app: hr,484,8543,-3768
 0> <info> app: hr,485,8566,-3765
 0> <info> app: hr,486,8582,-3782
 0> <info> app: hr,487,8602,-3602
 0> <info> app: hr,488,8598,-3601
 0> <info> app: hr,489,8628,-3500
 0> <info> app: hr,490,8637,-3538
 0> <info> app: hr,491,8673,-3549
 0> <info> app: hr,492,8635,-3579
 0> <info> app: hr,493,8679,-3615
 0> <info> app: hr,494,8604,-3688
 0> <info> app: hr,495,8627,-3784
 0> <info> app: hr,496,8579,-3785
 0> <info> app: hr,497,8564,-3873
 0> <info> app: hr,498,8565,-3924
 0> <info> app: hr,499,8542,-3932
 0> <info> app: hr,500,8568,-3924
 0> <info> app: hr,501,8573,-3886
 0> <info> app: hr,502,8576,-3791
 0> <info> app: hr,503,8618,-3680
 0> <info> app: hr,504,8643,-3597
 0> <info> app: hr,505,8679,-3436
 0> <info> app: hr,506,8705,-3326
 0> <info> app: hr,507,8773,-3106
 0> <info> app: hr,508,8764,-3003
 0> <info> app: hr,509,8843,-2834

# Logging stopped @ 26 Nov 2018 16:26:07
