# SEGGER J-Link RTT Viewer V6.16a Terminal Log File
# Compiled: 12:44:10 on Jun  6 2017
# Logging started @ 03 Dec 2018 16:56:31
 0> <info> app: BATT Reading...
 0> <info> app: ALERT_BT_CHECK_WAIT_KRY
 0> <info> app: Left Press
 0> <info> app: [OK]	Max30102 Already and background working is begin
 0> 
 0> <info> app: [OK]	HR sample count 707
 0> <info> app: Peak Index,
 0> ,114,230,353,471,588
 0> ,END Peak Index,<info> app: HR Index,
 0> ,0,72,68,71,71
 0> ,END HR Index,
 0> hr,0,77073,89368,9.00,0,4
 0> hr,1,77076,89368,9.00,0,4
 0> hr,2,77080,89352,10.00,0,-12
 0> hr,3,77065,89345,10.00,0,-18
 0> hr,4,77066,89352,10.00,0,-10
 0> hr,5,77072,89338,10.00,0,-24
 0> hr,6,77067,89343,11.00,0,-17
 0> hr,7,77061,89327,10.00,0,-32
 0> hr,8,77050,89328,10.00,0,-30
 0> hr,9,77064,89330,10.00,0,-26
 0> hr,10,77035,89310,9.00,0,-45
 0> hr,11,77042,89322,9.00,0,-31
 0> hr,12,77047,89305,8.00,-1,-46
 0> hr,13,77022,89314,7.00,-1,-35
 0> hr,14,77045,89302,6.00,-1,-45
 0> hr,15,77043,89314,5.00,-1,-31
 0> hr,16,77031,89317,4.00,0,-26
 0> hr,17,77036,89312,3.00,-1,-30
 0> hr,18,77035,89322,1.00,-1,-18
 0> hr,19,77038,89314,0.00,-1,-25
 0> hr,20,77038,89321,0.00,-1,-17
 0> hr,21,77038,89316,-1.00,-1,-21
 0> hr,22,77027,89322,-2.00,-1,-14
 0> hr,23,77026,89311,-3.00,-1,-24
 0> hr,24,77021,89300,-4.00,-1,-34
 0> hr,25,77015,89300,-5.00,-1,-32
 0> hr,26,77014,89297,-6.00,-1,-34
 0> hr,27,77017,89303,-7.00,-1,-26
 0> hr,28,77003,89285,-8.00,-1,-43
 0> hr,29,77009,89297,-10.00,-1,-29
 0> hr,30,77005,89286,-11.00,-1,-38
 0> hr,31,77017,89277,-12.00,-1,-45
 0> hr,32,77007,89280,-13.00,-1,-40
 0> hr,33,77008,89285,-14.00,-1,-33
 0> hr,34,76998,89278,-15.00,-1,-38
 0> hr,35,76998,89286,-16.00,-1,-28
 0> hr,36,76989,89278,-17.00,-1,-35
 0> hr,37,76999,89275,-18.00,-1,-36
 0> hr,38,76985,89281,-19.00,-1,-28
 0> hr,39,76988,89272,-20.00,-1,-36
 0> hr,40,76992,89290,-21.00,-1,-16
 0> hr,41,76996,89266,-22.00,-1,-39
 0> hr,42,76993,89282,-23.00,-1,-21
 0> hr,43,76987,89276,-23.00,-1,-26
 0> hr,44,76994,89272,-24.00,-1,-29
 0> hr,45,76985,89281,-25.00,-1,-18
 0> hr,46,77002,89270,-25.00,-1,-28
 0> hr,47,76986,89283,-26.00,-1,-14
 0> hr,48,76999,89285,-26.00,-1,-11
 0> hr,49,77006,89279,-27.00,-1,-17
 0> hr,50,76998,89288,-27.00,-1,-7
 0> hr,51,77010,89284,-27.00,-1,-10
 0> hr,52,77000,89281,-27.00,-1,-13
 0> hr,53,77001,89278,-27.00,-1,-15
 0> hr,54,77012,89292,-27.00,-1,0
 0> hr,55,77008,89269,-27.00,-1,-23
 0> hr,56,77004,89278,-27.00,-1,-13
 0> hr,57,77008,89275,-27.00,-1,-15
 0> hr,58,77016,89264,-26.00,-1,-26
 0> hr,59,77012,89274,-26.00,-1,-14
 0> hr,60,77006,89265,-26.00,-1,-23
 0> hr,61,77011,89268,-26.00,-1,-18
 0> hr,62,77007,89263,-26.00,-1,-23
 0> hr,63,77001,89276,-25.00,-1,-8
 0> hr,64,77004,89270,-25.00,-1,-14
 0> hr,65,77013,89263,-25.00,-1,-20
 0> hr,66,77002,89277,-24.00,-1,-5
 0> hr,67,77013,89270,-24.00,-1,-12
 0> hr,68,77001,89283,-24.00,-1,1
 0> hr,69,77006,89282,-23.00,-1,0
 0> hr,70,77000,89278,-23.00,-1,-3
 0> hr,71,77006,89286,-22.00,-1,4
 0> hr,72,76999,89273,-22.00,-1,-8
 0> hr,73,76989,89288,-21.00,-1,6
 0> hr,74,76990,89269,-21.00,-1,-12
 0> hr,75,77010,89273,-20.00,-1,-8
 0> hr,76,77007,89271,-19.00,-1,-9
 0> hr,77,77000,89276,-19.00,-1,-4
 0> hr,78,76994,89270,-18.00,-1,-10
 0> hr,79,76998,89273,-18.00,-1,-6
 0> hr,80,77005,89268,-17.00,-1,-11
 0> hr,81,76989,89269,-16.00,-1,-9
 0> hr,82,76992,89275,-16.00,-1,-3
 0> hr,83,76997,89289,-15.00,-1,11
 0> hr,84,76986,89286,-15.00,-1,7
 0> hr,85,76992,89291,-14.00,-1,12
 0> hr,86,76996,89295,-13.00,-1,15
 0> hr,87,76996,89295,-13.00,-1,14
 0> hr,88,77000,89323,-12.00,-1,41
 0> hr,89,77013,89318,-11.00,-1,34
 0> hr,90,77024,89306,-10.00,-1,21
 0> hr,91,77011,89310,-9.00,-1,24
 0> hr,92,77018,89318,-8.00,-1,30
 0> hr,93,77023,89313,-7.00,-1,24
 0> hr,94,77024,89324,-6.00,-1,34
 0> hr,95,77036,89313,-4.00,-1,21
 0> hr,96,77024,89312,-3.00,-1,19
 0> hr,97,77022,89317,-2.00,-1,23
 0> hr,98,77022,89308,-1.00,0,13
 0> hr,99,77029,89307,0.00,0,11
 0> hr,100,77016,89291,0.00,0,-5
 0> hr,101,77004,89288,1.00,0,-7
 0> hr,102,77007,89292,2.00,1,-3
 0> hr,103,77021,89283,3.00,1,-12
 0> hr,104,77010,89292,4.00,1,-2
 0> hr,105,77007,89279,4.00,1,-15
 0> hr,106,77001,89294,5.00,1,0
 0> hr,107,77007,89292,5.00,1,-1
 0> hr,108,76996,89285,5.00,1,-8
 0> hr,109,77000,89278,5.00,1,-15
 0> hr,110,77002,89289,6.00,1,-3
 0> hr,111,77005,89280,6.00,1,-12
 0> hr,112,76994,89283,6.00,1,-8
 0> hr,113,76997,89277,6.00,1,-14
 0> hr,114,76997,89263,6.00,1,-27
 0> hr,115,76981,89262,5.00,1,-27
 0> hr,116,76983,89253,5.00,1,-34
 0> hr,117,76983,89249,5.00,1,-37
 0> hr,118,76988,89244,4.00,1,-40
 0> hr,119,76967,89234,3.00,0,-48
 0> hr,120,76973,89240,2.00,-1,-39
 0> hr,121,76964,89232,2.00,-1,-45
 0> hr,122,76972,89221,1.00,0,-54
 0> hr,123,76956,89215,0.00,-1,-57
 0> hr,124,76960,89210,-1.00,-1,-59
 0> hr,125,76956,89215,-2.00,-1,-51
 0> hr,126,76957,89199,-4.00,-1,-65
 0> hr,127,76938,89202,-5.00,-1,-59
 0> hr,128,76951,89205,-7.00,-1,-53
 0> hr,129,76946,89193,-8.00,-1,-62
 0> hr,130,76955,89197,-10.00,-1,-55
 0> hr,131,76961,89193,-12.00,-1,-56
 0> hr,132,76950,89193,-14.00,-1,-53
 0> hr,133,76954,89200,-15.00,-1,-44
 0> hr,134,76943,89202,-17.00,-1,-39
 0> hr,135,76948,89181,-19.00,-1,-58
 0> hr,136,76951,89189,-20.00,-1,-47
 0> hr,137,76954,89187,-22.00,-1,-47
 0> hr,138,76963,89193,-24.00,-1,-39
 0> hr,139,76967,89178,-25.00,-1,-52
 0> hr,140,76958,89188,-26.00,-1,-39
 0> hr,141,76946,89187,-28.00,-1,-38
 0> hr,142,76957,89170,-29.00,-1,-53
 0> hr,143,76970,89187,-30.00,-1,-33
 0> hr,144,76959,89190,-32.00,-1,-29
 0> hr,145,76951,89178,-33.00,-1,-39
 0> hr,146,76950,89186,-34.00,-1,-29
 0> hr,147,76968,89182,-35.00,-1,-32
 0> hr,148,76958,89190,-35.00,-1,-22
 0> hr,149,76953,89196,-36.00,-1,-15
 0> hr,150,76958,89176,-37.00,-1,-34
 0> hr,151,76954,89185,-37.00,-1,-24
 0> hr,152,76965,89186,-37.00,-1,-21
 0> hr,153,76970,89165,-38.00,-1,-41
 0> hr,154,76955,89175,-38.00,-1,-29
 0> hr,155,76961,89175,-38.00,-1,-28
 0> hr,156,76971,89170,-38.00,-1,-31
 0> hr,157,76970,89180,-39.00,-1,-20
 0> hr,158,76967,89191,-39.00,-1,-8
 0> hr,159,76968,89184,-38.00,-1,-14
 0> hr,160,76965,89186,-38.00,-1,-12
 0> hr,161,76968,89180,-38.00,-1,-17
 0> hr,162,76972,89192,-38.00,-1,-4
 0> hr,163,76962,89194,-37.00,-1,-2
 0> hr,164,76963,89192,-37.00,-1,-4
 0> hr,165,76977,89198,-36.00,-1,1
 0> hr,166,76957,89183,-36.00,-1,-13
 0> hr,167,76974,89185,-35.00,-1,-10
 0> hr,168,76956,89181,-34.00,-1,-13
 0> hr,169,76963,89187,-33.00,-1,-7
 0> hr,170,76957,89192,-32.00,-1,-1
 0> hr,171,76974,89174,-32.00,-1,-19
 0> hr,172,76953,89183,-31.00,-1,-9
 0> hr,173,76947,89166,-30.00,-1,-26
 0> hr,174,76957,89167,-29.00,-1,-23
 0> hr,175,76947,89164,-28.00,-1,-25
 0> hr,176,76941,89163,-28.00,-1,-25
 0> hr,177,76946,89171,-27.00,-1,-16
 0> hr,178,76956,89163,-26.00,-1,-23
 0> hr,179,76949,89157,-26.00,-1,-28
 0> hr,180,76946,89162,-25.00,-1,-21
 0> hr,181,76936,89161,-25.00,-1,-21
 0> hr,182,76960,89169,-24.00,-1,-12
 0> hr,183,76948,89165,-24.00,-1,-16
 0> hr,184,76962,89158,-23.00,-1,-22
 0> hr,185,76950,89156,-23.00,-1,-23
 0> hr,186,76940,89171,-22.00,-1,-6
 0> hr,187,76950,89170,-22.00,-1,-7
 0> hr,188,76948,89159,-21.00,-1,-18
 0> hr,189,76946,89177,-21.00,-1,0
 0> hr,190,76951,89164,-21.00,-1,-12
 0> hr,191,76958,89169,-20.00,-1,-6
 0> hr,192,76954,89173,-20.00,-1,-2
 0> hr,193,76959,89174,-19.00,-1,-1
 0> hr,194,76941,89181,-19.00,-1,5
 0> hr,195,76949,89183,-18.00,-1,7
 0> hr,196,76954,89177,-17.00,-1,1
 0> hr,197,76946,89162,-17.00,-1,-13
 0> hr,198,76947,89178,-16.00,-1,2
 0> hr,199,76962,89180,-15.00,-1,4
 0> hr,200,76970,89174,-15.00,-1,-1
 0> hr,201,76964,89174,-14.00,-1,-1
 0> hr,202,76961,89184,-13.00,-1,8
 0> hr,203,76965,89190,-13.00,-1,14
 0> hr,204,76963,89186,-12.00,-1,9
 0> hr,205,76975,89198,-11.00,-1,20
 0> hr,206,76992,89219,-11.00,-1,40
 0> hr,207,76992,89213,-10.00,-1,32
 0> hr,208,76996,89230,-9.00,-1,48
 0> hr,209,76994,89216,-7.00,-1,31
 0> hr,210,77013,89231,-6.00,-1,45
 0> hr,211,77007,89217,-5.00,-1,28
 0> hr,212,77018,89225,-4.00,-1,35
 0> hr,213,77006,89221,-2.00,-1,29
 0> hr,214,76997,89209,-1.00,0,16
 0> hr,215,76981,89205,0.00,0,11
 0> hr,216,77003,89183,0.00,0,-11
 0> hr,217,77004,89201,2.00,1,7
 0> hr,218,76980,89180,3.00,1,-13
 0> hr,219,76993,89180,3.00,1,-13
 0> hr,220,76993,89172,4.00,1,-20
 0> hr,221,76986,89177,5.00,1,-14
 0> hr,222,77000,89185,5.00,1,-5
 0> hr,223,76996,89180,5.00,1,-10
 0> hr,224,76980,89177,6.00,1,-13
 0> hr,225,76992,89179,6.00,1,-10
 0> hr,226,76995,89172,6.00,1,-16
 0> hr,227,76983,89183,6.00,1,-5
 0> hr,228,76979,89162,6.00,1,-25
 0> hr,229,76983,89167,6.00,1,-19
 0> hr,230,76984,89166,6.00,1,-19
 0> hr,231,76979,89158,5.00,1,-26
 0> hr,232,76983,89157,5.00,1,-26
 0> hr,233,76978,89142,4.00,1,-39
 0> hr,234,76984,89149,4.00,1,-30
 0> hr,235,76989,89158,3.00,0,-20
 0> hr,236,76981,89158,2.00,-1,-19
 0> hr,237,76979,89157,2.00,-1,-19
 0> hr,238,76980,89147,1.00,0,-28
 0> hr,239,76992,89152,0.00,-1,-21
 0> hr,240,76987,89143,0.00,0,-29
 0> hr,241,76986,89154,-1.00,0,-17
 0> hr,242,76976,89150,-1.00,0,-20
 0> hr,243,76992,89146,-2.00,0,-23
 0> hr,244,76982,89150,-3.00,0,-18
 0> hr,245,76984,89153,-4.00,-1,-14
 0> hr,246,76976,89130,-5.00,-1,-36
 0> hr,247,76984,89140,-6.00,0,-24
 0> hr,248,76986,89148,-6.00,0,-15
 0> hr,249,76979,89152,-7.00,0,-10
 0> hr,250,76988,89146,-8.00,0,-16
 0> hr,251,76977,89143,-9.00,0,-18
 0> hr,252,76980,89145,-9.00,0,-15
 0> hr,253,76979,89145,-10.00,0,-14
 0> hr,254,76973,89137,-11.00,0,-22
 0> hr,255,76961,89138,-11.00,0,-19
 0> hr,256,76966,89135,-12.00,0,-21
 0> hr,257,76976,89128,-12.00,0,-27
 0> hr,258,76982,89123,-13.00,0,-31
 0> hr,259,76973,89128,-13.00,0,-24
 0> hr,260,76963,89135,-14.00,0,-16
 0> hr,261,76973,89129,-15.00,0,-21
 0> hr,262,76971,89126,-15.00,0,-23
 0> hr,263,76975,89128,-15.00,0,-20
 0> hr,264,76980,89125,-16.00,0,-22
 0> hr,265,76971,89114,-16.00,0,-32
 0> hr,266,76976,89127,-17.00,-1,-17
 0> hr,267,76978,89133,-17.00,0,-10
 0> hr,268,76975,89123,-18.00,0,-20
 0> hr,269,76970,89131,-18.00,0,-11
 0> hr,270,76962,89128,-18.00,0,-13
 0> hr,271,76981,89125,-18.00,0,-16
 0> hr,272,76970,89119,-19.00,0,-21
 0> hr,273,76973,89121,-19.00,0,-18
 0> hr,274,76980,89112,-19.00,0,-26
 0> hr,275,76976,89128,-19.00,0,-8
 0> hr,276,76971,89133,-19.00,0,-3
 0> hr,277,76979,89124,-19.00,0,-12
 0> hr,278,76990,89133,-19.00,0,-2
 0> hr,279,76991,89142,-19.00,0,6
 0> hr,280,76982,89126,-19.00,0,-9
 0> hr,281,76986,89125,-19.00,0,-10
 0> hr,282,76984,89135,-19.00,0,0
 0> hr,283,76973,89123,-19.00,0,-11
 0> hr,284,76990,89129,-18.00,1,-5
 0> hr,285,76982,89135,-18.00,1,0
 0> hr,286,76987,89129,-18.00,0,-5
 0> hr,287,76990,89132,-17.00,0,-1
 0> hr,288,76979,89139,-17.00,0,5
 0> hr,289,76990,89141,-16.00,0,6
 0> hr,290,76979,89129,-16.00,0,-5
 0> hr,291,76999,89129,-15.00,0,-5
 0> hr,292,76997,89125,-15.00,0,-8
 0> hr,293,76978,89147,-15.00,0,13
 0> hr,294,76977,89123,-14.00,0,-11
 0> hr,295,76971,89129,-13.00,1,-4
 0> hr,296,76980,89126,-13.00,1,-7
 0> hr,297,76979,89141,-12.00,0,8
 0> hr,298,76971,89115,-12.00,0,-18
 0> hr,299,76972,89130,-11.00,0,-2
 0> hr,300,76989,89138,-11.00,0,5
 0> hr,301,76975,89120,-11.00,0,-12
 0> hr,302,76971,89135,-10.00,0,3
 0> hr,303,76978,89132,-10.00,0,0
 0> hr,304,76982,89124,-9.00,1,-8
 0> hr,305,76964,89131,-9.00,0,0
 0> hr,306,76970,89139,-8.00,0,7
 0> hr,307,76964,89122,-8.00,0,-10
 0> hr,308,76975,89129,-8.00,0,-2
 0> hr,309,76967,89123,-7.00,0,-8
 0> hr,310,76969,89138,-7.00,0,7
 0> hr,311,76968,89145,-6.00,1,13
 0> hr,312,76967,89142,-6.00,0,9
 0> hr,313,76973,89146,-6.00,0,13
 0> hr,314,76977,89136,-5.00,0,2
 0> hr,315,76970,89142,-5.00,0,8
 0> hr,316,76978,89144,-4.00,0,10
 0> hr,317,76986,89145,-4.00,0,10
 0> hr,318,76974,89133,-3.00,0,-1
 0> hr,319,76972,89140,-3.00,0,5
 0> hr,320,76979,89151,-2.00,0,16
 0> hr,321,76965,89146,-2.00,0,10
 0> hr,322,76965,89144,-1.00,0,7
 0> hr,323,76973,89144,-1.00,0,7
 0> hr,324,76980,89156,0.00,0,18
 0> hr,325,76979,89158,0.00,0,20
 0> hr,326,76985,89167,0.00,0,28
 0> hr,327,76996,89174,0.00,0,33
 0> hr,328,76996,89177,1.00,0,34
 0> hr,329,77005,89193,2.00,1,49
 0> hr,330,77007,89195,3.00,1,48
 0> hr,331,77008,89204,4.00,1,55
 0> hr,332,77022,89217,5.00,1,65
 0> hr,333,77013,89211,6.00,1,56
 0> hr,334,77016,89211,7.00,1,53
 0> hr,335,77030,89205,8.00,1,44
 0> hr,336,77020,89202,10.00,1,39
 0> hr,337,77025,89195,11.00,1,30
 0> hr,338,77014,89199,12.00,1,33
 0> hr,339,77022,89183,14.00,1,15
 0> hr,340,77018,89191,15.00,1,22
 0> hr,341,77013,89195,16.00,1,25
 0> hr,342,77010,89184,17.00,1,13
 0> hr,343,77012,89182,18.00,1,10
 0> hr,344,77017,89182,19.00,1,10
 0> hr,345,77000,89192,19.00,1,19
 0> hr,346,77021,89186,20.00,1,12
 0> hr,347,77011,89171,21.00,1,-3
 0> hr,348,77010,89170,21.00,1,-3
 0> hr,349,77002,89170,21.00,1,-3
 0> hr,350,77015,89173,22.00,1,0
 0> hr,351,76999,89179,22.00,1,5
 0> hr,352,77012,89163,22.00,1,-10
 0> hr,353,76992,89165,22.00,1,-8
 0> hr,354,77004,89153,21.00,1,-19
 0> hr,355,77004,89150,21.00,1,-21
 0> hr,356,76989,89147,20.00,1,-23
 0> hr,357,76994,89137,20.00,1,-32
 0> hr,358,77002,89138,19.00,0,-29
 0> hr,359,76990,89147,18.00,-1,-19
 0> hr,360,76979,89136,17.00,-1,-29
 0> hr,361,76991,89126,16.00,-1,-38
 0> hr,362,76987,89130,15.00,-1,-32
 0> hr,363,76982,89136,14.00,0,-24
 0> hr,364,76981,89149,13.00,-1,-10
 0> hr,365,76989,89133,11.00,-1,-25
 0> hr,366,76984,89129,10.00,-1,-28
 0> hr,367,76986,89134,9.00,-1,-22
 0> hr,368,76990,89135,7.00,-1,-19
 0> hr,369,76995,89147,6.00,-1,-6
 0> hr,370,76978,89149,5.00,-1,-4
 0> hr,371,76986,89140,4.00,-1,-13
 0> hr,372,76982,89129,2.00,-1,-23
 0> hr,373,76994,89125,1.00,-1,-26
 0> hr,374,76981,89127,0.00,-1,-23
 0> hr,375,76994,89119,0.00,0,-30
 0> hr,376,76981,89130,-1.00,0,-17
 0> hr,377,76980,89118,-2.00,0,-28
 0> hr,378,76988,89120,-3.00,0,-25
 0> hr,379,76990,89122,-4.00,0,-21
 0> hr,380,76985,89109,-6.00,-1,-33
 0> hr,381,76984,89127,-7.00,-1,-14
 0> hr,382,76976,89115,-8.00,0,-25
 0> hr,383,76981,89127,-9.00,-1,-12
 0> hr,384,76992,89109,-10.00,0,-29
 0> hr,385,76982,89120,-10.00,0,-17
 0> hr,386,76982,89125,-11.00,0,-11
 0> hr,387,76986,89109,-12.00,0,-26
 0> hr,388,76984,89104,-13.00,0,-30
 0> hr,389,76984,89105,-14.00,0,-27
 0> hr,390,76986,89117,-14.00,0,-14
 0> hr,391,76972,89114,-15.00,0,-16
 0> hr,392,76978,89121,-16.00,0,-8
 0> hr,393,76980,89109,-16.00,0,-20
 0> hr,394,76989,89131,-17.00,0,2
 0> hr,395,76981,89122,-17.00,0,-6
 0> hr,396,76988,89118,-17.00,0,-10
 0> hr,397,76998,89127,-18.00,0,0
 0> hr,398,76995,89115,-18.00,0,-12
 0> hr,399,76998,89123,-18.00,0,-4
 0> hr,400,76979,89111,-18.00,0,-15
 0> hr,401,76988,89139,-18.00,0,12
 0> hr,402,77002,89126,-18.00,0,0
 0> hr,403,76994,89138,-18.00,0,11
 0> hr,404,77001,89132,-18.00,0,4
 0> hr,405,76992,89129,-17.00,1,1
 0> hr,406,76999,89125,-17.00,1,-2
 0> hr,407,77013,89134,-17.00,0,6
 0> hr,408,76989,89124,-16.00,0,-3
 0> hr,409,77006,89128,-16.00,0,0
 0> hr,410,77000,89140,-15.00,0,12
 0> hr,411,76995,89129,-15.00,0,0
 0> hr,412,77005,89128,-14.00,0,0
 0> hr,413,77001,89132,-14.00,0,3
 0> hr,414,76991,89127,-13.00,0,-1
 0> hr,415,77005,89118,-13.00,0,-10
 0> hr,416,77002,89126,-12.00,0,-1
 0> hr,417,77006,89125,-11.00,0,-2
 0> hr,418,77004,89129,-11.00,0,1
 0> hr,419,77002,89126,-10.00,0,-1
 0> hr,420,76999,89119,-10.00,0,-8
 0> hr,421,77008,89117,-9.00,0,-10
 0> hr,422,76999,89126,-9.00,0,0
 0> hr,423,77005,89118,-8.00,0,-8
 0> hr,424,76992,89118,-8.00,0,-8
 0> hr,425,77005,89116,-8.00,0,-9
 0> hr,426,76991,89114,-7.00,0,-11
 0> hr,427,76999,89125,-7.00,0,0
 0> hr,428,76987,89123,-7.00,0,-1
 0> hr,429,76995,89122,-6.00,0,-2
 0> hr,430,76978,89131,-6.00,0,6
 0> hr,431,76992,89121,-6.00,0,-3
 0> hr,432,76995,89121,-6.00,0,-3
 0> hr,433,76992,89109,-5.00,0,-15
 0> hr,434,76988,89122,-5.00,0,-1
 0> hr,435,76998,89119,-5.00,0,-4
 0> hr,436,77004,89124,-5.00,0,0
 0> hr,437,76988,89130,-4.00,0,6
 0> hr,438,76997,89120,-4.00,0,-3
 0> hr,439,76998,89121,-4.00,0,-2
 0> hr,440,76999,89135,-4.00,0,11
 0> hr,441,77008,89137,-3.00,0,12
 0> hr,442,77014,89150,-3.00,0,25
 0> hr,443,77007,89145,-3.00,0,19
 0> hr,444,77011,89164,-2.00,0,37
 0> hr,445,77022,89161,-2.00,0,32
 0> hr,446,77023,89163,-1.00,1,32
 0> hr,447,77032,89179,0.00,1,47
 0> hr,448,77035,89176,0.00,0,41
 0> hr,449,77029,89187,0.00,0,50
 0> hr,450,77046,89184,1.00,0,45
 0> hr,451,77041,89185,2.00,0,43
 0> hr,452,77031,89174,3.00,1,30
 0> hr,453,77039,89168,5.00,1,23
 0> hr,454,77029,89170,6.00,1,23
 0> hr,455,77034,89166,7.00,1,18
 0> hr,456,77032,89168,8.00,1,19
 0> hr,457,77019,89166,9.00,1,16
 0> hr,458,77018,89150,10.00,1,0
 0> hr,459,77030,89156,11.00,1,5
 0> hr,460,77022,89157,11.00,1,6
 0> hr,461,77023,89146,12.00,1,-4
 0> hr,462,77031,89142,12.00,1,-8
 0> hr,463,77039,89149,13.00,1,-1
 0> hr,464,77025,89150,13.00,1,0
 0> hr,465,77037,89151,13.00,1,1
 0> hr,466,77026,89162,14.00,1,11
 0> hr,467,77026,89152,14.00,1,1
 0> hr,468,77024,89136,14.00,1,-14
 0> hr,469,77028,89151,14.00,1,1
 0> hr,470,77025,89154,14.00,1,4
 0> hr,471,77026,89135,14.00,1,-15
 0> hr,472,77029,89143,13.00,1,-6
 0> hr,473,77017,89145,13.00,1,-4
 0> hr,474,77023,89119,13.00,1,-29
 0> hr,475,77021,89135,12.00,1,-12
 0> hr,476,77016,89125,12.00,1,-21
 0> hr,477,77025,89125,11.00,0,-20
 0> hr,478,77022,89123,11.00,0,-21
 0> hr,479,77024,89111,10.00,-1,-32
 0> hr,480,77011,89123,9.00,-1,-18
 0> hr,481,77017,89134,8.00,-1,-7
 0> hr,482,77030,89124,7.00,-1,-16
 0> hr,483,77023,89131,6.00,0,-8
 0> hr,484,77020,89132,6.00,0,-7
 0> hr,485,77024,89138,5.00,0,-1
 0> hr,486,77015,89116,4.00,0,-22
 0> hr,487,77017,89121,3.00,-1,-16
 0> hr,488,77014,89119,2.00,-1,-17
 0> hr,489,77015,89112,2.00,0,-24
 0> hr,490,77003,89120,1.00,0,-14
 0> hr,491,77003,89116,0.00,0,-18
 0> hr,492,76996,89115,0.00,0,-18
 0> hr,493,77007,89105,-1.00,0,-27
 0> hr,494,76998,89103,-2.00,-1,-27
 0> hr,495,77000,89109,-3.00,-1,-20
 0> hr,496,77006,89091,-3.00,-1,-37
 0> hr,497,77002,89111,-4.00,-1,-15
 0> hr,498,76994,89105,-5.00,-1,-20
 0> hr,499,76989,89113,-6.00,-1,-11
 0> hr,500,77012,89105,-7.00,-1,-19
 0> hr,501,76989,89104,-8.00,-1,-19
 0> hr,502,76991,89095,-8.00,-1,-27
 0> hr,503,76979,89093,-9.00,-1,-27
 0> hr,504,76987,89098,-10.00,-1,-21
 0> hr,505,76987,89093,-11.00,-1,-25
 0> hr,506,76979,89108,-11.00,-1,-9
 0> hr,507,76991,89101,-12.00,-1,-15
 0> hr,508,76993,89098,-13.00,-1,-17
 0> hr,509,76994,89105,-13.00,-1,-10
 0> hr,510,76997,89108,-14.00,-1,-6
 0> hr,511,76978,89084,-14.00,-1,-30
 0> hr,512,76991,89105,-15.00,-1,-7
 0> hr,513,76990,89110,-15.00,-1,-2
 0> hr,514,76994,89109,-15.00,-1,-3
 0> hr,515,76992,89113,-15.00,-1,0
 0> hr,516,77008,89104,-16.00,-1,-8
 0> hr,517,76993,89102,-16.00,-1,-9
 0> hr,518,76991,89104,-16.00,-1,-7
 0> hr,519,76989,89116,-16.00,-1,5
 0> hr,520,77007,89105,-16.00,-1,-6
 0> hr,521,76992,89112,-16.00,-1,1
 0> hr,522,76990,89112,-16.00,-1,1
 0> hr,523,76990,89119,-15.00,-1,8
 0> hr,524,76978,89117,-15.00,-1,5
 0> hr,525,76993,89100,-15.00,-1,-11
 0> hr,526,76988,89102,-14.00,-1,-9
 0> hr,527,76991,89119,-14.00,-1,8
 0> hr,528,76994,89104,-14.00,-1,-6
 0> hr,529,76988,89096,-13.00,-1,-14
 0> hr,530,76989,89118,-13.00,-1,8
 0> hr,531,76990,89108,-13.00,-1,-2
 0> hr,532,76982,89113,-12.00,-1,2
 0> hr,533,76994,89120,-12.00,-1,9
 0> hr,534,76983,89109,-11.00,-1,-1
 0> hr,535,76982,89122,-11.00,-1,11
 0> hr,536,76985,89111,-10.00,-1,0
 0> hr,537,76993,89123,-10.00,-1,11
 0> hr,538,76980,89125,-9.00,-1,13
 0> hr,539,76988,89123,-9.00,-1,10
 0> hr,540,76983,89122,-8.00,-1,8
 0> hr,541,76982,89120,-8.00,-1,6
 0> hr,542,76983,89114,-7.00,-1,0
 0> hr,543,76986,89117,-6.00,-1,3
 0> hr,544,76982,89118,-6.00,-1,4
 0> hr,545,76979,89126,-5.00,-1,11
 0> hr,546,76980,89123,-5.00,-1,8
 0> hr,547,76978,89127,-4.00,-1,11
 0> hr,548,76981,89135,-3.00,-1,19
 0> hr,549,76982,89127,-3.00,-1,10
 0> hr,550,76986,89130,-2.00,-1,12
 0> hr,551,76987,89122,-1.00,0,4
 0> hr,552,76980,89138,-1.00,0,19
 0> hr,553,76985,89134,0.00,0,14
 0> hr,554,76984,89128,0.00,0,8
 0> hr,555,76977,89133,0.00,0,12
 0> hr,556,76985,89142,1.00,0,21
 0> hr,557,77004,89144,1.00,0,22
 0> hr,558,76982,89147,2.00,1,23
 0> hr,559,77007,89154,3.00,1,29
 0> hr,560,77025,89166,3.00,1,40
 0> hr,561,77008,89160,4.00,1,32
 0> hr,562,77016,89171,5.00,1,41
 0> hr,563,77014,89171,6.00,1,39
 0> hr,564,77019,89165,7.00,1,31
 0> hr,565,77014,89184,8.00,1,49
 0> hr,566,77026,89176,9.00,1,38
 0> hr,567,77012,89172,10.00,1,32
 0> hr,568,77018,89180,11.00,1,38
 0> hr,569,77021,89173,12.00,1,30
 0> hr,570,77015,89172,13.00,1,27
 0> hr,571,77009,89164,14.00,1,18
 0> hr,572,77014,89161,15.00,1,14
 0> hr,573,77011,89164,16.00,1,16
 0> hr,574,76999,89152,16.00,1,3
 0> hr,575,77006,89155,17.00,1,6
 0> hr,576,76989,89161,17.00,1,12
 0> hr,577,77005,89155,18.00,1,5
 0> hr,578,77007,89163,18.00,1,13
 0> hr,579,77002,89164,19.00,1,13
 0> hr,580,77012,89154,19.00,1,2
 0> hr,581,77004,89151,19.00,1,0
 0> hr,582,77004,89164,19.00,1,12
 0> hr,583,77011,89171,19.00,1,19
 0> hr,584,77000,89142,19.00,1,-10
 0> hr,585,77005,89155,19.00,1,2
 0> hr,586,76995,89148,19.00,1,-4
 0> hr,587,77001,89154,19.00,1,1
 0> hr,588,77009,89151,19.00,1,-1
 0> hr,589,77014,89143,18.00,1,-9
 0> hr,590,76999,89150,18.00,1,-1
 0> hr,591,76987,89137,18.00,1,-14
 0> hr,592,76991,89127,17.00,1,-23
 0> hr,593,76996,89136,16.00,0,-13
 0> hr,594,76999,89137,16.00,0,-12
 0> hr,595,76996,89139,15.00,-1,-9
 0> hr,596,76989,89141,14.00,-1,-6
 0> hr,597,77004,89134,14.00,0,-13
 0> hr,598,76996,89148,13.00,0,1
 0> hr,599,77005,89137,12.00,-1,-9
 0> hr,600,76996,89138,11.00,-1,-8
 0> hr,601,77008,89143,10.00,-1,-3
 0> hr,602,77009,89136,10.00,0,-9
 0> hr,603,77016,89124,9.00,0,-21
 0> hr,604,77001,89134,8.00,0,-10
 0> hr,605,76982,89134,7.00,-1,-9
 0> hr,606,76979,89127,6.00,-1,-16
 0> hr,607,76981,89105,5.00,0,-37
 0> hr,608,76987,89105,4.00,-1,-35
 0> hr,609,76995,89105,3.00,-1,-33
 0> hr,610,76984,89108,2.00,-1,-29
 0> hr,611,76984,89110,1.00,-1,-25
 0> hr,612,76976,89113,0.00,-1,-21
 0> hr,613,76972,89104,0.00,0,-29
 0> hr,614,76981,89108,-1.00,0,-23
 0> hr,615,76979,89102,-2.00,0,-28
 0> hr,616,76978,89104,-3.00,-1,-25
 0> hr,617,76980,89111,-4.00,-1,-16
 0> hr,618,76966,89100,-5.00,-1,-27
 0> hr,619,76967,89101,-6.00,-1,-24
 0> hr,620,76968,89093,-7.00,-1,-31
 0> hr,621,76972,89094,-8.00,-1,-28
 0> hr,622,76972,89097,-9.00,-1,-24
 0> hr,623,76979,89104,-10.00,-1,-16
 0> hr,624,76967,89107,-11.00,-1,-12
 0> hr,625,76963,89098,-12.00,-1,-20
 0> hr,626,76966,89101,-13.00,-1,-16
 0> hr,627,76968,89112,-14.00,-1,-4
 0> hr,628,76978,89107,-14.00,-1,-9
 0> hr,629,76959,89112,-15.00,-1,-4
 0> hr,630,76977,89112,-15.00,-1,-4
 0> hr,631,76974,89113,-16.00,-1,-2
 0> hr,632,76962,89107,-16.00,-1,-8
 0> hr,633,76969,89108,-16.00,-1,-7
 0> hr,634,76970,89120,-16.00,-1,5
 0> hr,635,76966,89119,-16.00,-1,3
 0> hr,636,76971,89112,-16.00,-1,-3
 0> hr,637,76976,89115,-16.00,-1,0
 0> hr,638,76958,89111,-16.00,-1,-4
 0> hr,639,76971,89123,-16.00,-1,8
 0> hr,640,76963,89122,-16.00,-1,6
 0> hr,641,76966,89127,-16.00,-1,11
 0> hr,642,76963,89126,-15.00,-1,9
 0> hr,643,76954,89126,-15.00,-1,9
 0> hr,644,76956,89128,-14.00,-1,10
 0> hr,645,76956,89117,-14.00,-1,0
 0> hr,646,76970,89122,-13.00,-1,4
 0> hr,647,76966,89115,-13.00,-1,-2
 0> hr,648,76966,89111,-12.00,-1,-6
 0> hr,649,76957,89115,-11.00,-1,-2
 0> hr,650,76949,89126,-11.00,-1,8
 0> hr,651,76958,89133,-10.00,-1,15
 0> hr,652,76955,89128,-10.00,-1,9
 0> hr,653,76953,89135,-9.00,-1,16
 0> hr,654,76949,89127,-8.00,-1,7
 0> hr,655,76949,89139,-8.00,-1,18
 0> hr,656,76955,89126,-7.00,-1,4
 0> hr,657,76963,89118,-6.00,-1,-3
 0> hr,658,76950,89139,-6.00,-1,17
 0> hr,659,76952,89125,-5.00,-1,2
 0> hr,660,76954,89122,-4.00,-1,0
 0> hr,661,76947,89144,-4.00,-1,21
 0> hr,662,76957,89132,-3.00,-1,8
 0> hr,663,76955,89137,-2.00,-1,13
 0> hr,664,76963,89141,-2.00,-1,16
 0> hr,665,76949,89135,-1.00,0,9
 0> hr,666,76955,89123,0.00,0,-2
 0> hr,667,76953,89128,0.00,0,2
 0> hr,668,76936,89142,0.00,0,16
 0> hr,669,76947,89130,0.00,0,3
 0> hr,670,76946,89131,1.00,0,4
 0> hr,671,76945,89136,1.00,0,9
 0> hr,672,76933,89142,2.00,0,14
 0> hr,673,76950,89166,2.00,0,37
 0> hr,674,76949,89167,3.00,0,37
 0> hr,675,76947,89144,3.00,0,12
 0> hr,676,76974,89168,4.00,0,35
 0> hr,677,76958,89169,5.00,0,34
 0> hr,678,76977,89169,5.00,0,33
 0> hr,679,76979,89188,6.00,0,50
 0> hr,680,76980,89183,7.00,1,42
 0> hr,681,76976,89189,8.00,1,46
 0> hr,682,76986,89182,9.00,1,37
 0> hr,683,76983,89188,10.00,1,41
 0> hr,684,76979,89192,11.00,1,43
 0> hr,685,76978,89183,12.00,1,32
 0> hr,686,76975,89186,13.00,1,33
 0> hr,687,76966,89164,14.00,1,9
 0> hr,688,76968,89170,15.00,1,15
 0> hr,689,76968,89166,16.00,1,10
 0> hr,690,76962,89167,17.00,1,11
 0> hr,691,76964,89166,17.00,1,9
 0> hr,692,76955,89163,18.00,1,6
 0> hr,693,76962,89156,18.00,1,-1
 0> hr,694,76963,89162,19.00,1,4
 0> hr,695,76963,89160,19.00,1,2
 0> hr,696,76963,89154,19.00,1,-3
 0> hr,697,76962,89163,19.00,1,5
 0> hr,698,76962,89161,19.00,1,3
 0> hr,699,76964,89152,19.00,1,-5
 0> hr,700,76969,89143,19.00,1,-14
 0> hr,701,76984,89163,19.00,1,6
 0> hr,702,76975,89146,19.00,1,-11
 0> hr,703,76965,89153,18.00,1,-3
 0> hr,704,76960,89152,18.00,1,-4
 0> hr,705,76965,89137,17.00,1,-19
 0> hr,706,76960,89145,17.00,1,-10<info> app: .
 0> <info> app: [OK]	HR has been calculated 199539
 0> 
 0> Plus Signal 1, 102
 0> Minus Signal -1, 120
 0> Plus Signal 1, 217
 0> Minus Signal -1, 236
 0> Plus Signal 1, 284
 0> Minus Signal -1, 359
 0> Plus Signal 1, 405
 0> Minus Signal -1, 479
 0> Plus Signal 1, 558
 0> Minus Signal -1, 595
 0> Plus Signal 1, 680<info> app: Peak Index,
 0> ,106,222,332,449,565<info> app: ,END Peak Index,
 0> <info> app: HR,
 0> ,62,65,61,62<info> app: ,END HR,
 0> <info> app: [OK]	LED Power 95
 0> <info> app: [OK]	HR Background stop
 0> <info> app: ^
 0> <info> app: HR A
 0> <info> app: HR C
 0> <info> app: HR D
 0> <info> app: Show HR Result
 0> <info> app: BATT Reading...
 0> <info> app: BATT Reading...
 0> <info> app: BATT Reading...
 0> <info> app: ***********  Application started  ***********
 0> 
 0> <info> app: [OK] NRF Power ON 0x0004. 
 0> <info> app: Read MAC:D992B26C8203
 0> <info> app: ***********  Sensor initial ***********
 0> <info> app: [OK]	BMI160
 0> <info> app: [OK]	SETUP ACC
 0> <info> app: [OK]	SETUP STEP COUNT
 0> <info> app: [OK]	FLASH MEMORY
 0> <info> app: [OK]	Read and using configuration in flash memory
 0> <info> app: [OK]	Using queue setting from flash memory
 0> <info> app: gender in flash 1
 0> <info> app: [OK]	OLED Initial
 0> <info> app: [OK]	Max30102 Initial, Temperature 16.50
 0> <info> app: ********** End sensor initial *********
 0> 
 0> <info> app: Erase bonds!
 0> <info> app: BLE_ADV_EVT_FAST
 0> <info> app: advertising is started
 0> <info> app: [FALL] Device restart detected. It require setup timer from flash memory
 0> 
 0> <info> app: [OK]	FLASH MEMORY
 0> <info> app: [OK] Pedo data with pages 1050
 0> 
 0> <error> app: [OK] Unix Time in flash 1543854599
 0> <error> app: [OK] Unix Time in flash 1543854609
 0> <error> app: [OK] Unix Time in flash 1543854620
 0> <error> app: [OK] Unix Time in flash 1543854637
 0> <error> app: [OK] Unix Time in flash 1543854640
 0> <error> app: [OK] Unix Time in flash 1543854649
 0> <error> app: [OK] Unix Time in flash 1543854659
 0> <error> app: [OK] Unix Time in flash 1543854669
 0> <info> app: ALERT_BT_CHECK_WAIT_KRY
 0> <info> app: BATT Reading...
 0> <info> app: Left Press
 0> <info> app: [OK]	Max30102 Already and background working is begin
 0> 
 0> <info> app: [OK]	HR sample count 708
 0> <info> app: Peak Index,
 0> ,33,135,262,354,453,560,667
 0> ,END Peak Index,<info> app: HR Index,
 0> ,0,82,66,91,84,78,78
 0> ,END HR Index,
 0> hr,0,81524,94931,-6.00,0,-3
 0> hr,1,81539,94944,-6.00,0,9
 0> hr,2,81558,94941,-6.00,0,6
 0> hr,3,81551,94958,-6.00,0,22
 0> hr,4,81555,94961,-6.00,0,24
 0> hr,5,81570,94973,-5.00,0,35
 0> hr,6,81566,94986,-5.00,1,46
 0> hr,7,81563,94991,-4.00,0,49
 0> hr,8,81578,94992,-4.00,0,47
 0> hr,9,81568,94994,-3.00,0,47
 0> hr,10,81579,94996,-2.00,0,47
 0> hr,11,81576,95004,-1.00,0,52
 0> hr,12,81581,94993,0.00,0,39
 0> hr,13,81575,94998,1.00,0,42
 0> hr,14,81567,95004,2.00,1,46
 0> hr,15,81563,94987,3.00,1,26
 0> hr,16,81569,94966,5.00,1,4
 0> hr,17,81574,94969,6.00,1,7
 0> hr,18,81568,94980,7.00,1,17
 0> hr,19,81568,94979,8.00,1,15
 0> hr,20,81565,94971,9.00,1,7
 0> hr,21,81561,94975,10.00,1,10
 0> hr,22,81573,94971,11.00,1,6
 0> hr,23,81566,94977,11.00,1,11
 0> hr,24,81567,94971,12.00,1,5
 0> hr,25,81561,94962,13.00,1,-3
 0> hr,26,81563,94958,13.00,1,-7
 0> hr,27,81568,94966,13.00,1,0
 0> hr,28,81559,94956,14.00,1,-9
 0> hr,29,81557,94954,14.00,1,-10
 0> hr,30,81555,94951,14.00,1,-13
 0> hr,31,81563,94959,14.00,1,-4
 0> hr,32,81556,94957,14.00,1,-6
 0> hr,33,81556,94945,14.00,1,-18
 0> hr,34,81545,94944,13.00,1,-18
 0> hr,35,81554,94950,13.00,1,-11
 0> hr,36,81547,94942,12.00,1,-18
 0> hr,37,81555,94943,12.00,1,-16
 0> hr,38,81561,94952,11.00,0,-6
 0> hr,39,81558,94940,11.00,0,-18
 0> hr,40,81550,94937,10.00,-1,-20
 0> hr,41,81542,94938,9.00,-1,-18
 0> hr,42,81546,94941,9.00,0,-14
 0> hr,43,81552,94938,8.00,0,-16
 0> hr,44,81548,94934,7.00,-1,-20
 0> hr,45,81551,94940,6.00,-1,-13
 0> hr,46,81550,94937,5.00,-1,-15
 0> hr,47,81547,94940,4.00,0,-11
 0> hr,48,81559,94930,4.00,0,-21
 0> hr,49,81547,94941,3.00,0,-9
 0> hr,50,81544,94938,2.00,0,-11
 0> hr,51,81546,94930,1.00,-1,-19
 0> hr,52,81541,94933,0.00,-1,-15
 0> hr,53,81549,94940,0.00,0,-7
 0> hr,54,81536,94925,0.00,0,-21
 0> hr,55,81545,94943,-1.00,0,-2
 0> hr,56,81550,94925,-2.00,0,-20
 0> hr,57,81542,94924,-3.00,-1,-20
 0> hr,58,81532,94929,-3.00,0,-14
 0> hr,59,81534,94936,-4.00,0,-6
 0> hr,60,81542,94928,-5.00,0,-14
 0> hr,61,81551,94916,-5.00,0,-25
 0> hr,62,81542,94928,-6.00,0,-12
 0> hr,63,81543,94923,-7.00,0,-16
 0> hr,64,81549,94931,-7.00,0,-8
 0> hr,65,81537,94937,-8.00,0,-1
 0> hr,66,81551,94929,-8.00,0,-9
 0> hr,67,81526,94926,-9.00,0,-12
 0> hr,68,81533,94922,-9.00,0,-15
 0> hr,69,81548,94931,-9.00,0,-5
 0> hr,70,81543,94929,-10.00,0,-7
 0> hr,71,81543,94919,-10.00,0,-17
 0> hr,72,81536,94924,-10.00,0,-11
 0> hr,73,81531,94921,-11.00,0,-13
 0> hr,74,81529,94920,-11.00,0,-13
 0> hr,75,81543,94927,-11.00,0,-6
 0> hr,76,81534,94927,-11.00,0,-5
 0> hr,77,81541,94919,-11.00,0,-13
 0> hr,78,81527,94932,-12.00,0,0
 0> hr,79,81541,94926,-12.00,-1,-5
 0> hr,80,81530,94919,-12.00,0,-12
 0> hr,81,81540,94912,-12.00,0,-19
 0> hr,82,81525,94917,-12.00,0,-13
 0> hr,83,81536,94921,-12.00,0,-8
 0> hr,84,81530,94918,-12.00,0,-11
 0> hr,85,81532,94912,-12.00,0,-16
 0> hr,86,81531,94912,-12.00,0,-15
 0> hr,87,81533,94916,-12.00,0,-10
 0> hr,88,81515,94910,-12.00,0,-16
 0> hr,89,81531,94912,-12.00,0,-13
 0> hr,90,81531,94903,-12.00,0,-21
 0> hr,91,81523,94917,-12.00,0,-6
 0> hr,92,81515,94894,-12.00,0,-29
 0> hr,93,81513,94915,-12.00,0,-6
 0> hr,94,81514,94903,-13.00,-1,-18
 0> hr,95,81518,94906,-13.00,-1,-14
 0> hr,96,81515,94911,-13.00,0,-8
 0> hr,97,81513,94924,-13.00,0,4
 0> hr,98,81521,94910,-13.00,0,-9
 0> hr,99,81504,94907,-13.00,0,-12
 0> hr,100,81511,94913,-13.00,0,-5
 0> hr,101,81515,94911,-13.00,0,-7
 0> hr,102,81509,94914,-12.00,1,-3
 0> hr,103,81510,94912,-12.00,1,-5
 0> hr,104,81529,94916,-12.00,0,-1
 0> hr,105,81517,94919,-12.00,0,1
 0> hr,106,81526,94931,-12.00,0,13
 0> hr,107,81521,94935,-12.00,0,16
 0> hr,108,81522,94943,-11.00,0,24
 0> hr,109,81537,94951,-11.00,0,30
 0> hr,110,81539,94962,-10.00,0,40
 0> hr,111,81536,94967,-9.00,1,43
 0> hr,112,81554,94958,-9.00,0,32
 0> hr,113,81545,94968,-8.00,0,40
 0> hr,114,81550,94971,-7.00,0,41
 0> hr,115,81541,94972,-5.00,0,40
 0> hr,116,81540,94953,-4.00,0,19
 0> hr,117,81545,94961,-3.00,0,26
 0> hr,118,81535,94947,-2.00,0,11
 0> hr,119,81529,94955,-1.00,0,18
 0> hr,120,81535,94934,0.00,0,-3
 0> hr,121,81547,94944,0.00,0,6
 0> hr,122,81528,94938,1.00,0,0
 0> hr,123,81538,94927,2.00,0,-10
 0> hr,124,81533,94928,3.00,1,-9
 0> hr,125,81542,94921,4.00,1,-15
 0> hr,126,81532,94926,4.00,1,-9
 0> hr,127,81538,94925,5.00,1,-10
 0> hr,128,81528,94925,5.00,1,-9
 0> hr,129,81516,94922,5.00,1,-12
 0> hr,130,81532,94918,5.00,1,-15
 0> hr,131,81525,94913,5.00,1,-19
 0> hr,132,81534,94924,5.00,1,-7
 0> hr,133,81521,94907,5.00,1,-24
 0> hr,134,81521,94904,5.00,1,-26
 0> hr,135,81522,94900,5.00,1,-28
 0> hr,136,81519,94897,4.00,1,-30
 0> hr,137,81519,94886,4.00,1,-40
 0> hr,138,81510,94897,3.00,1,-27
 0> hr,139,81508,94884,3.00,1,-38
 0> hr,140,81507,94878,2.00,0,-42
 0> hr,141,81510,94886,1.00,-1,-32
 0> hr,142,81508,94886,0.00,-1,-30
 0> hr,143,81505,94887,0.00,0,-28
 0> hr,144,81507,94866,-1.00,0,-47
 0> hr,145,81505,94883,-2.00,-1,-28
 0> hr,146,81511,94880,-3.00,-1,-30
 0> hr,147,81518,94892,-4.00,-1,-16
 0> hr,148,81508,94888,-5.00,-1,-19
 0> hr,149,81502,94877,-6.00,-1,-29
 0> hr,150,81514,94876,-7.00,-1,-29
 0> hr,151,81507,94880,-8.00,-1,-23
 0> hr,152,81496,94879,-9.00,-1,-23
 0> hr,153,81489,94876,-10.00,-1,-25
 0> hr,154,81501,94875,-11.00,-1,-25
 0> hr,155,81503,94876,-12.00,-1,-22
 0> hr,156,81489,94889,-13.00,-1,-8
 0> hr,157,81489,94866,-14.00,-1,-31
 0> hr,158,81498,94873,-14.00,-1,-22
 0> hr,159,81494,94855,-15.00,-1,-39
 0> hr,160,81485,94867,-16.00,-1,-25
 0> hr,161,81494,94855,-16.00,-1,-36
 0> hr,162,81495,94864,-17.00,-1,-25
 0> hr,163,81473,94855,-18.00,-1,-33
 0> hr,164,81490,94847,-19.00,-1,-39
 0> hr,165,81499,94854,-19.00,-1,-30
 0> hr,166,81496,94865,-20.00,-1,-18
 0> hr,167,81489,94865,-21.00,-1,-17
 0> hr,168,81499,94868,-21.00,-1,-13
 0> hr,169,81505,94865,-22.00,-1,-15
 0> hr,170,81486,94870,-22.00,-1,-9
 0> hr,171,81483,94861,-22.00,-1,-18
 0> hr,172,81486,94862,-23.00,-1,-16
 0> hr,173,81486,94858,-23.00,-1,-19
 0> hr,174,81497,94860,-23.00,-1,-16
 0> hr,175,81498,94860,-23.00,-1,-15
 0> hr,176,81488,94861,-23.00,-1,-14
 0> hr,177,81479,94866,-23.00,-1,-8
 0> hr,178,81497,94863,-23.00,-1,-10
 0> hr,179,81496,94859,-23.00,-1,-14
 0> hr,180,81492,94855,-23.00,-1,-17
 0> hr,181,81490,94856,-23.00,-1,-15
 0> hr,182,81484,94850,-23.00,-1,-20
 0> hr,183,81477,94862,-23.00,-1,-7
 0> hr,184,81484,94846,-23.00,-1,-23
 0> hr,185,81479,94852,-22.00,-1,-16
 0> hr,186,81503,94851,-22.00,-1,-16
 0> hr,187,81483,94849,-22.00,-1,-17
 0> hr,188,81481,94842,-22.00,-1,-23
 0> hr,189,81482,94863,-22.00,-1,-1
 0> hr,190,81475,94851,-21.00,-1,-13
 0> hr,191,81477,94851,-21.00,-1,-12
 0> hr,192,81465,94844,-21.00,-1,-19
 0> hr,193,81470,94846,-21.00,-1,-16
 0> hr,194,81463,94843,-20.00,-1,-18
 0> hr,195,81471,94840,-20.00,-1,-20
 0> hr,196,81469,94837,-20.00,-1,-22
 0> hr,197,81468,94843,-20.00,-1,-15
 0> hr,198,81470,94845,-19.00,-1,-12
 0> hr,199,81461,94849,-19.00,-1,-7
 0> hr,200,81464,94852,-19.00,-1,-4
 0> hr,201,81463,94847,-19.00,-1,-9
 0> hr,202,81459,94839,-18.00,-1,-16
 0> hr,203,81464,94855,-18.00,-1,0
 0> hr,204,81463,94844,-18.00,-1,-11
 0> hr,205,81467,94845,-18.00,-1,-9
 0> hr,206,81454,94844,-17.00,-1,-10
 0> hr,207,81457,94867,-17.00,-1,13
 0> hr,208,81462,94847,-16.00,-1,-7
 0> hr,209,81456,94855,-16.00,-1,1
 0> hr,210,81457,94866,-16.00,-1,12
 0> hr,211,81452,94861,-15.00,-1,6
 0> hr,212,81460,94882,-14.00,-1,27
 0> hr,213,81471,94892,-14.00,-1,35
 0> hr,214,81470,94883,-13.00,-1,25
 0> hr,215,81483,94895,-12.00,-1,35
 0> hr,216,81487,94904,-11.00,-1,42
 0> hr,217,81493,94925,-10.00,-1,61
 0> hr,218,81506,94931,-9.00,-1,64
 0> hr,219,81504,94946,-7.00,-1,76
 0> hr,220,81515,94964,-6.00,-1,90
 0> hr,221,81520,94959,-4.00,-1,81
 0> hr,222,81530,94978,-2.00,-1,96
 0> hr,223,81533,94984,0.00,0,97
 0> hr,224,81542,94974,2.00,0,82
 0> hr,225,81545,94985,4.00,1,89
 0> hr,226,81540,94982,7.00,1,81
 0> hr,227,81539,94983,10.00,1,78
 0> hr,228,81543,94989,12.00,1,80
 0> hr,229,81534,94984,15.00,1,71
 0> hr,230,81537,94981,18.00,1,65
 0> hr,231,81549,94995,20.00,1,75
 0> hr,232,81546,94973,23.00,1,50
 0> hr,233,81525,94986,25.00,1,60
 0> hr,234,81537,94977,28.00,1,48
 0> hr,235,81547,94989,30.00,1,58
 0> hr,236,81539,94985,32.00,1,51
 0> hr,237,81543,94991,34.00,1,54
 0> hr,238,81548,94991,36.00,1,51
 0> hr,239,81552,94992,38.00,1,50
 0> hr,240,81549,94995,40.00,1,50
 0> hr,241,81556,95001,42.00,1,54
 0> hr,242,81560,95007,43.00,1,57
 0> hr,243,81554,95008,45.00,1,55
 0> hr,244,81556,95010,46.00,1,54
 0> hr,245,81561,95015,47.00,1,57
 0> hr,246,81557,95003,48.00,1,42
 0> hr,247,81572,95015,50.00,1,52
 0> hr,248,81563,95005,51.00,1,39
 0> hr,249,81578,95019,51.00,1,51
 0> hr,250,81567,95011,52.00,1,41
 0> hr,251,81575,95024,53.00,1,51
 0> hr,252,81576,95021,53.00,1,46
 0> hr,253,81584,95025,54.00,1,48
 0> hr,254,81574,95030,54.00,1,50
 0> hr,255,81572,95017,55.00,1,35
 0> hr,256,81568,95026,55.00,1,42
 0> hr,257,81573,95021,55.00,1,35
 0> hr,258,81579,95020,55.00,1,32
 0> hr,259,81571,95025,55.00,1,35
 0> hr,260,81566,95011,55.00,1,20
 0> hr,261,81569,95015,55.00,1,23
 0> hr,262,81574,95011,55.00,1,17
 0> hr,263,81558,94995,54.00,1,1
 0> hr,264,81560,95005,54.00,1,10
 0> hr,265,81552,94987,53.00,1,-7
 0> hr,266,81570,95006,52.00,0,11
 0> hr,267,81566,94999,51.00,-1,4
 0> hr,268,81551,95010,50.00,-1,14
 0> hr,269,81566,95005,49.00,-1,9
 0> hr,270,81567,95009,48.00,-1,12
 0> hr,271,81572,95012,47.00,0,15
 0> hr,272,81571,95010,46.00,-1,12
 0> hr,273,81560,95014,44.00,-1,15
 0> hr,274,81580,95017,43.00,-1,17
 0> hr,275,81585,95027,42.00,-1,27
 0> hr,276,81574,95008,41.00,-1,6
 0> hr,277,81577,95026,39.00,-1,24
 0> hr,278,81572,95016,38.00,-1,13
 0> hr,279,81572,95007,37.00,-1,3
 0> hr,280,81581,95012,36.00,-1,8
 0> hr,281,81570,95014,35.00,-1,9
 0> hr,282,81575,95009,33.00,-1,4
 0> hr,283,81572,95010,32.00,-1,5
 0> hr,284,81578,95003,31.00,-1,-2
 0> hr,285,81574,95007,30.00,-1,2
 0> hr,286,81566,95012,28.00,-1,6
 0> hr,287,81573,95004,27.00,-1,-1
 0> hr,288,81574,94994,26.00,-1,-11
 0> hr,289,81586,94983,25.00,-1,-21
 0> hr,290,81575,94985,23.00,-1,-18
 0> hr,291,81572,94975,22.00,-1,-27
 0> hr,292,81567,94973,21.00,-1,-28
 0> hr,293,81568,94974,19.00,-1,-25
 0> hr,294,81551,94993,18.00,-1,-5
 0> hr,295,81560,94972,16.00,-1,-26
 0> hr,296,81559,94969,14.00,-1,-28
 0> hr,297,81569,94956,13.00,-1,-39
 0> hr,298,81550,94958,11.00,-1,-35
 0> hr,299,81551,94952,10.00,-1,-39
 0> hr,300,81543,94941,8.00,-1,-48
 0> hr,301,81551,94949,6.00,-1,-38
 0> hr,302,81551,94934,4.00,-1,-51
 0> hr,303,81537,94932,2.00,-1,-50
 0> hr,304,81535,94925,1.00,-1,-55
 0> hr,305,81553,94923,0.00,-1,-54
 0> hr,306,81543,94924,-2.00,-1,-50
 0> hr,307,81536,94923,-4.00,-1,-49
 0> hr,308,81532,94923,-6.00,-1,-46
 0> hr,309,81537,94922,-8.00,-1,-45
 0> hr,310,81548,94920,-10.00,-1,-45
 0> hr,311,81540,94928,-12.00,-1,-34
 0> hr,312,81548,94936,-14.00,-1,-25
 0> hr,313,81551,94922,-16.00,-1,-37
 0> hr,314,81545,94944,-17.00,-1,-14
 0> hr,315,81542,94953,-19.00,-1,-4
 0> hr,316,81556,94938,-20.00,-1,-19
 0> hr,317,81559,94953,-21.00,-1,-3
 0> hr,318,81550,94938,-22.00,-1,-18
 0> hr,319,81568,94955,-23.00,-1,0
 0> hr,320,81567,94952,-24.00,-1,-3
 0> hr,321,81568,94956,-25.00,-1,1
 0> hr,322,81573,94971,-25.00,-1,15
 0> hr,323,81565,94980,-25.00,-1,24
 0> hr,324,81580,94987,-25.00,-1,29
 0> hr,325,81581,94996,-25.00,-1,37
 0> hr,326,81601,95005,-25.00,-1,44
 0> hr,327,81607,95014,-24.00,-1,51
 0> hr,328,81608,95028,-23.00,-1,62
 0> hr,329,81613,95031,-22.00,-1,62
 0> hr,330,81590,95046,-21.00,-1,74
 0> hr,331,81595,95033,-19.00,-1,57
 0> hr,332,81612,95031,-18.00,-1,52
 0> hr,333,81608,95031,-16.00,-1,50
 0> hr,334,81616,95031,-14.00,-1,47
 0> hr,335,81618,95020,-12.00,-1,34
 0> hr,336,81603,95022,-10.00,-1,34
 0> hr,337,81607,95014,-8.00,-1,24
 0> hr,338,81606,95008,-6.00,-1,17
 0> hr,339,81592,95003,-4.00,-1,11
 0> hr,340,81588,94989,-2.00,-1,-2
 0> hr,341,81600,94982,-1.00,-1,-9
 0> hr,342,81598,94977,0.00,0,-14
 0> hr,343,81587,94979,1.00,0,-11
 0> hr,344,81592,94979,2.00,0,-10
 0> hr,345,81589,94973,3.00,1,-16
 0> hr,346,81583,94981,4.00,1,-7
 0> hr,347,81590,94974,5.00,1,-14
 0> hr,348,81582,94964,5.00,1,-23
 0> hr,349,81588,94957,6.00,1,-29
 0> hr,350,81587,94956,6.00,1,-28
 0> hr,351,81576,94944,6.00,1,-39
 0> hr,352,81572,94951,6.00,1,-30
 0> hr,353,81570,94942,6.00,1,-37
 0> hr,354,81564,94944,6.00,1,-33
 0> hr,355,81562,94929,5.00,1,-47
 0> hr,356,81566,94918,4.00,1,-55
 0> hr,357,81565,94931,4.00,1,-40
 0> hr,358,81544,94923,3.00,0,-46
 0> hr,359,81556,94925,2.00,-1,-41
 0> hr,360,81558,94925,1.00,-1,-39
 0> hr,361,81568,94913,0.00,-1,-49
 0> hr,362,81554,94926,-1.00,-1,-34
 0> hr,363,81568,94923,-2.00,0,-35
 0> hr,364,81561,94923,-3.00,-1,-33
 0> hr,365,81563,94926,-5.00,-1,-29
 0> hr,366,81562,94932,-6.00,-1,-21
 0> hr,367,81560,94928,-7.00,-1,-24
 0> hr,368,81565,94917,-8.00,-1,-34
 0> hr,369,81549,94936,-9.00,-1,-13
 0> hr,370,81552,94908,-10.00,-1,-40
 0> hr,371,81561,94918,-12.00,-1,-28
 0> hr,372,81567,94908,-13.00,-1,-37
 0> hr,373,81555,94905,-14.00,-1,-38
 0> hr,374,81561,94911,-15.00,-1,-30
 0> hr,375,81570,94903,-16.00,-1,-37
 0> hr,376,81553,94916,-17.00,-1,-22
 0> hr,377,81553,94913,-18.00,-1,-24
 0> hr,378,81556,94908,-19.00,-1,-27
 0> hr,379,81553,94914,-19.00,-1,-20
 0> hr,380,81552,94912,-20.00,-1,-21
 0> hr,381,81548,94915,-21.00,-1,-17
 0> hr,382,81557,94917,-22.00,-1,-14
 0> hr,383,81554,94901,-22.00,-1,-29
 0> hr,384,81557,94923,-23.00,-1,-6
 0> hr,385,81559,94912,-23.00,-1,-17
 0> hr,386,81551,94908,-23.00,-1,-20
 0> hr,387,81555,94933,-24.00,-1,5
 0> hr,388,81562,94920,-24.00,-1,-7
 0> hr,389,81565,94924,-24.00,-1,-3
 0> hr,390,81561,94923,-24.00,-1,-3
 0> hr,391,81580,94929,-24.00,-1,2
 0> hr,392,81563,94925,-24.00,-1,-1
 0> hr,393,81567,94933,-23.00,-1,6
 0> hr,394,81570,94929,-23.00,-1,1
 0> hr,395,81566,94935,-23.00,-1,7
 0> hr,396,81569,94931,-22.00,-1,3
 0> hr,397,81581,94940,-22.00,-1,12
 0> hr,398,81576,94939,-21.00,-1,10
 0> hr,399,81568,94932,-20.00,-1,3
 0> hr,400,81559,94946,-20.00,-1,16
 0> hr,401,81586,94930,-19.00,-1,0
 0> hr,402,81560,94950,-18.00,-1,20
 0> hr,403,81571,94943,-17.00,-1,12
 0> hr,404,81578,94933,-16.00,-1,1
 0> hr,405,81567,94940,-15.00,-1,8
 0> hr,406,81572,94947,-14.00,-1,15
 0> hr,407,81580,94954,-14.00,-1,21
 0> hr,408,81582,94935,-13.00,-1,1
 0> hr,409,81563,94936,-12.00,-1,2
 0> hr,410,81579,94933,-11.00,-1,0
 0> hr,411,81581,94928,-10.00,-1,-5
 0> hr,412,81569,94939,-9.00,-1,5
 0> hr,413,81569,94942,-8.00,-1,8
 0> hr,414,81579,94937,-7.00,-1,2
 0> hr,415,81569,94942,-6.00,-1,7
 0> hr,416,81572,94931,-6.00,-1,-3
 0> hr,417,81564,94947,-5.00,-1,12
 0> hr,418,81566,94949,-4.00,-1,13
 0> hr,419,81582,94937,-3.00,-1,1
 0> hr,420,81573,94946,-3.00,-1,10
 0> hr,421,81579,94938,-2.00,-1,1
 0> hr,422,81585,94942,-1.00,0,5
 0> hr,423,81572,94949,-1.00,0,12
 0> hr,424,81576,94965,0.00,0,27
 0> hr,425,81564,94943,0.00,0,4
 0> hr,426,81579,94961,0.00,0,21
 0> hr,427,81591,94975,1.00,0,34
 0> hr,428,81594,94978,1.00,0,36
 0> hr,429,81602,94970,2.00,1,26
 0> hr,430,81605,94997,3.00,1,52
 0> hr,431,81610,94995,4.00,1,47
 0> hr,432,81613,95010,5.00,1,60
 0> hr,433,81617,95014,6.00,1,61
 0> hr,434,81613,95000,7.00,1,43
 0> hr,435,81620,95009,9.00,1,50
 0> hr,436,81613,95010,10.00,1,49
 0> hr,437,81611,94999,11.00,1,35
 0> hr,438,81606,94998,12.00,1,32
 0> hr,439,81610,94993,14.00,1,26
 0> hr,440,81597,94991,15.00,1,23
 0> hr,441,81608,94980,16.00,1,10
 0> hr,442,81606,94978,17.00,1,8
 0> hr,443,81608,94973,18.00,1,2
 0> hr,444,81604,94977,19.00,1,6
 0> hr,445,81595,94979,19.00,1,8
 0> hr,446,81587,94969,20.00,1,-1
 0> hr,447,81590,94979,20.00,1,8
 0> hr,448,81592,94971,21.00,1,0
 0> hr,449,81595,94966,21.00,1,-5
 0> hr,450,81582,94962,21.00,1,-9
 0> hr,451,81592,94960,21.00,1,-10
 0> hr,452,81579,94957,21.00,1,-13
 0> hr,453,81575,94953,21.00,1,-16
 0> hr,454,81588,94960,20.00,1,-8
 0> hr,455,81589,94934,20.00,1,-34
 0> hr,456,81576,94939,19.00,1,-27
 0> hr,457,81583,94931,18.00,0,-34
 0> hr,458,81580,94928,18.00,0,-35
 0> hr,459,81573,94927,17.00,-1,-34
 0> hr,460,81561,94919,15.00,-1,-40
 0> hr,461,81564,94912,14.00,-1,-45
 0> hr,462,81563,94929,13.00,-1,-26
 0> hr,463,81572,94928,11.00,-1,-26
 0> hr,464,81568,94928,10.00,-1,-24
 0> hr,465,81572,94934,9.00,-1,-17
 0> hr,466,81588,94913,7.00,-1,-37
 0> hr,467,81579,94917,6.00,-1,-31
 0> hr,468,81578,94917,4.00,-1,-30
 0> hr,469,81564,94912,3.00,-1,-33
 0> hr,470,81565,94922,1.00,-1,-22
 0> hr,471,81572,94910,0.00,-1,-32
 0> hr,472,81556,94917,-1.00,-1,-24
 0> hr,473,81564,94911,-2.00,-1,-29
 0> hr,474,81568,94913,-3.00,-1,-25
 0> hr,475,81573,94909,-5.00,-1,-28
 0> hr,476,81576,94899,-6.00,-1,-36
 0> hr,477,81560,94902,-7.00,-1,-32
 0> hr,478,81558,94895,-9.00,-1,-37
 0> hr,479,81561,94903,-10.00,-1,-27
 0> hr,480,81575,94878,-11.00,-1,-51
 0> hr,481,81550,94904,-12.00,-1,-22
 0> hr,482,81554,94911,-14.00,-1,-14
 0> hr,483,81551,94894,-15.00,-1,-30
 0> hr,484,81564,94885,-16.00,-1,-38
 0> hr,485,81573,94884,-17.00,-1,-37
 0> hr,486,81555,94889,-18.00,-1,-30
 0> hr,487,81561,94898,-19.00,-1,-19
 0> hr,488,81565,94890,-20.00,-1,-26
 0> hr,489,81555,94870,-21.00,-1,-45
 0> hr,490,81558,94892,-22.00,-1,-21
 0> hr,491,81570,94888,-22.00,-1,-24
 0> hr,492,81552,94886,-23.00,-1,-25
 0> hr,493,81569,94877,-24.00,-1,-32
 0> hr,494,81558,94886,-24.00,-1,-22
 0> hr,495,81549,94896,-25.00,-1,-11
 0> hr,496,81554,94883,-26.00,-1,-23
 0> hr,497,81564,94881,-26.00,-1,-24
 0> hr,498,81563,94887,-26.00,-1,-17
 0> hr,499,81557,94891,-27.00,-1,-12
 0> hr,500,81560,94890,-27.00,-1,-12
 0> hr,501,81561,94882,-27.00,-1,-20
 0> hr,502,81559,94889,-27.00,-1,-12
 0> hr,503,81565,94870,-27.00,-1,-30
 0> hr,504,81575,94877,-27.00,-1,-21
 0> hr,505,81554,94882,-27.00,-1,-15
 0> hr,506,81563,94892,-27.00,-1,-5
 0> hr,507,81557,94887,-27.00,-1,-9
 0> hr,508,81557,94889,-27.00,-1,-7
 0> hr,509,81559,94870,-27.00,-1,-25
 0> hr,510,81565,94883,-26.00,-1,-11
 0> hr,511,81552,94885,-26.00,-1,-9
 0> hr,512,81567,94886,-26.00,-1,-7
 0> hr,513,81576,94878,-25.00,-1,-15
 0> hr,514,81555,94885,-25.00,-1,-7
 0> hr,515,81549,94876,-25.00,-1,-16
 0> hr,516,81556,94879,-24.00,-1,-12
 0> hr,517,81551,94875,-24.00,-1,-15
 0> hr,518,81567,94879,-23.00,-1,-10
 0> hr,519,81555,94889,-23.00,-1,0
 0> hr,520,81562,94880,-23.00,-1,-9
 0> hr,521,81562,94883,-22.00,-1,-5
 0> hr,522,81571,94880,-22.00,-1,-8
 0> hr,523,81566,94886,-21.00,-1,-2
 0> hr,524,81561,94878,-20.00,-1,-10
 0> hr,525,81553,94892,-20.00,-1,4
 0> hr,526,81563,94876,-19.00,-1,-11
 0> hr,527,81557,94884,-19.00,-1,-3
 0> hr,528,81561,94892,-18.00,-1,5
 0> hr,529,81565,94890,-17.00,-1,2
 0> hr,530,81566,94905,-17.00,-1,17
 0> hr,531,81573,94908,-16.00,-1,19
 0> hr,532,81579,94916,-15.00,-1,26
 0> hr,533,81578,94912,-14.00,-1,21
 0> hr,534,81577,94924,-13.00,-1,32
 0> hr,535,81580,94925,-12.00,-1,31
 0> hr,536,81596,94928,-11.00,-1,33
 0> hr,537,81593,94939,-10.00,-1,42
 0> hr,538,81576,94943,-9.00,-1,44
 0> hr,539,81590,94939,-7.00,-1,38
 0> hr,540,81592,94923,-6.00,-1,20
 0> hr,541,81597,94914,-5.00,-1,10
 0> hr,542,81591,94923,-3.00,-1,18
 0> hr,543,81579,94921,-2.00,-1,15
 0> hr,544,81596,94913,-1.00,0,6
 0> hr,545,81581,94917,0.00,0,10
 0> hr,546,81581,94886,1.00,0,-20
 0> hr,547,81577,94901,2.00,1,-4
 0> hr,548,81576,94880,2.00,1,-25
 0> hr,549,81573,94907,3.00,0,2
 0> hr,550,81574,94894,4.00,1,-10
 0> hr,551,81572,94891,4.00,0,-12
 0> hr,552,81580,94888,5.00,1,-15
 0> hr,553,81570,94882,5.00,0,-20
 0> hr,554,81585,94904,5.00,0,2
 0> hr,555,81575,94894,5.00,0,-7
 0> hr,556,81578,94884,5.00,0,-17
 0> hr,557,81572,94879,5.00,0,-21
 0> hr,558,81572,94882,5.00,0,-17
 0> hr,559,81568,94876,5.00,0,-22
 0> hr,560,81557,94851,5.00,0,-46
 0> hr,561,81554,94854,4.00,-1,-41
 0> hr,562,81566,94857,4.00,-1,-35
 0> hr,563,81554,94854,3.00,0,-37
 0> hr,564,81553,94858,2.00,-1,-31
 0> hr,565,81563,94861,1.00,-1,-26
 0> hr,566,81554,94871,1.00,0,-15
 0> hr,567,81562,94872,0.00,0,-13
 0> hr,568,81560,94861,0.00,0,-23
 0> hr,569,81555,94866,-1.00,0,-17
 0> hr,570,81554,94865,-2.00,0,-17
 0> hr,571,81549,94861,-3.00,-1,-20
 0> hr,572,81553,94857,-3.00,0,-23
 0> hr,573,81558,94858,-4.00,0,-21
 0> hr,574,81555,94863,-5.00,0,-15
 0> hr,575,81549,94873,-6.00,0,-4
 0> hr,576,81545,94859,-7.00,0,-18
 0> hr,577,81545,94853,-7.00,0,-23
 0> hr,578,81542,94846,-8.00,0,-29
 0> hr,579,81558,94854,-9.00,0,-20
 0> hr,580,81543,94845,-9.00,0,-28
 0> hr,581,81551,94838,-10.00,0,-33
 0> hr,582,81547,94854,-11.00,-1,-15
 0> hr,583,81545,94840,-11.00,0,-29
 0> hr,584,81554,94846,-12.00,0,-21
 0> hr,585,81543,94838,-13.00,0,-28
 0> hr,586,81554,94835,-13.00,0,-30
 0> hr,587,81549,94834,-14.00,0,-29
 0> hr,588,81559,94832,-15.00,0,-30
 0> hr,589,81554,94830,-15.00,0,-30
 0> hr,590,81555,94850,-16.00,0,-9
 0> hr,591,81548,94836,-17.00,-1,-22
 0> hr,592,81546,94830,-17.00,0,-27
 0> hr,593,81554,94826,-18.00,0,-30
 0> hr,594,81550,94828,-18.00,0,-26
 0> hr,595,81559,94834,-19.00,0,-19
 0> hr,596,81556,94836,-19.00,0,-16
 0> hr,597,81552,94836,-20.00,0,-15
 0> hr,598,81548,94850,-20.00,0,0
 0> hr,599,81555,94827,-20.00,0,-23
 0> hr,600,81550,94849,-20.00,0,0
 0> hr,601,81558,94826,-21.00,0,-23
 0> hr,602,81543,94834,-21.00,0,-14
 0> hr,603,81550,94844,-21.00,0,-3
 0> hr,604,81534,94818,-21.00,0,-29
 0> hr,605,81541,94822,-21.00,0,-23
 0> hr,606,81553,94837,-21.00,0,-7
 0> hr,607,81557,94838,-21.00,0,-6
 0> hr,608,81557,94829,-21.00,0,-15
 0> hr,609,81559,94831,-21.00,0,-12
 0> hr,610,81558,94836,-21.00,0,-6
 0> hr,611,81562,94841,-20.00,1,-1
 0> hr,612,81561,94831,-20.00,1,-11
 0> hr,613,81565,94817,-20.00,0,-24
 0> hr,614,81559,94836,-20.00,0,-4
 0> hr,615,81558,94817,-20.00,0,-23
 0> hr,616,81563,94833,-19.00,0,-6
 0> hr,617,81557,94829,-19.00,0,-9
 0> hr,618,81566,94838,-19.00,0,0
 0> hr,619,81570,94828,-19.00,0,-10
 0> hr,620,81560,94835,-18.00,0,-2
 0> hr,621,81574,94835,-18.00,0,-2
 0> hr,622,81565,94858,-17.00,0,20
 0> hr,623,81562,94837,-17.00,0,-1
 0> hr,624,81562,94853,-16.00,0,14
 0> hr,625,81566,94843,-16.00,0,3
 0> hr,626,81565,94828,-15.00,0,-11
 0> hr,627,81566,94850,-15.00,0,11
 0> hr,628,81573,94839,-14.00,0,0
 0> hr,629,81573,94850,-13.00,0,10
 0> hr,630,81568,94842,-13.00,0,2
 0> hr,631,81575,94858,-12.00,0,18
 0> hr,632,81577,94845,-11.00,1,4
 0> hr,633,81570,94852,-11.00,0,10
 0> hr,634,81575,94845,-10.00,0,3
 0> hr,635,81581,94862,-9.00,0,20
 0> hr,636,81573,94858,-8.00,0,15
 0> hr,637,81588,94870,-7.00,0,26
 0> hr,638,81583,94866,-7.00,0,21
 0> hr,639,81599,94884,-6.00,0,38
 0> hr,640,81583,94892,-5.00,0,44
 0> hr,641,81600,94900,-4.00,1,49
 0> hr,642,81607,94911,-2.00,1,58
 0> hr,643,81615,94920,-1.00,0,64
 0> hr,644,81627,94938,0.00,0,79
 0> hr,645,81629,94924,1.00,0,61
 0> hr,646,81621,94936,3.00,0,70
 0> hr,647,81619,94944,5.00,0,74
 0> hr,648,81642,94935,6.00,1,62
 0> hr,649,81624,94925,8.00,1,48
 0> hr,650,81628,94943,10.00,1,64
 0> hr,651,81639,94933,12.00,1,51
 0> hr,652,81623,94932,14.00,1,47
 0> hr,653,81625,94920,16.00,1,33
 0> hr,654,81619,94925,18.00,1,36
 0> hr,655,81621,94919,20.00,1,28
 0> hr,656,81612,94931,21.00,1,39
 0> hr,657,81622,94915,23.00,1,21
 0> hr,658,81620,94919,24.00,1,24
 0> hr,659,81627,94913,26.00,1,17
 0> hr,660,81612,94918,27.00,1,21
 0> hr,661,81614,94912,28.00,1,14
 0> hr,662,81609,94903,29.00,1,4
 0> hr,663,81617,94897,29.00,1,-1
 0> hr,664,81617,94903,30.00,1,4
 0> hr,665,81618,94895,30.00,1,-3
 0> hr,666,81610,94888,30.00,1,-10
 0> hr,667,81610,94889,31.00,1,-9
 0> hr,668,81617,94888,30.00,1,-9
 0> hr,669,81605,94875,30.00,1,-22
 0> hr,670,81603,94870,30.00,0,-26
 0> hr,671,81595,94876,29.00,0,-18
 0> hr,672,81600,94868,28.00,0,-25
 0> hr,673,81593,94895,28.00,0,2
 0> hr,674,81596,94877,27.00,0,-15
 0> hr,675,81587,94870,26.00,0,-21
 0> hr,676,81594,94870,25.00,-1,-20
 0> hr,677,81608,94863,23.00,-1,-26
 0> hr,678,81601,94868,22.00,-1,-20
 0> hr,679,81592,94874,21.00,-1,-13
 0> hr,680,81604,94882,20.00,-1,-4
 0> hr,681,81597,94874,18.00,-1,-12
 0> hr,682,81593,94857,17.00,-1,-28
 0> hr,683,81593,94875,16.00,-1,-9
 0> hr,684,81593,94880,14.00,-1,-3
 0> hr,685,81607,94883,13.00,-1,0
 0> hr,686,81604,94878,12.00,-1,-5
 0> hr,687,81597,94867,11.00,-1,-16
 0> hr,688,81595,94868,9.00,-1,-14
 0> hr,689,81591,94873,8.00,-1,-8
 0> hr,690,81603,94875,7.00,-1,-6
 0> hr,691,81596,94879,6.00,-1,-2
 0> hr,692,81599,94863,5.00,-1,-18
 0> hr,693,81592,94859,4.00,-1,-21
 0> hr,694,81601,94866,3.00,-1,-13
 0> hr,695,81596,94865,2.00,-1,-13
 0> hr,696,81601,94858,1.00,-1,-19
 0> hr,697,81613,94855,0.00,-1,-21
 0> hr,698,81590,94855,0.00,-1,-20
 0> hr,699,81610,94861,-1.00,-1,-13
 0> hr,700,81598,94861,-2.00,-1,-12
 0> hr,701,81603,94861,-3.00,-1,-12
 0> hr,702,81602,94869,-4.00,-1,-3
 0> hr,703,81592,94873,-5.00,-1,0
 0> hr,704,81597,94872,-5.00,-1,0
 0> hr,705,81595,94870,-6.00,-1,-2
 0> hr,706,81610,94876,-6.00,-1,3
 0> hr,707,81603,94851,-7.00,-1,-21<info> app: Peak Index,
 0> ,33,135,262,354,453,560,667
 0> ,END Peak Index,<info> app: HR Index,
 0> ,0,82,66,91,84,78,78,82,66,91,84,78,78
 0> ,END HR Index,<info> app: .
 0> <info> app: [OK]	HR has been calculated 199555
 0> 
 0> Plus Signal 1, 6
 0> Minus Signal -1, 40
 0> Plus Signal 1, 102
 0> Minus Signal -1, 141
 0> Plus Signal 1, 225
 0> Minus Signal -1, 267
 0> Plus Signal 1, 345
 0> Minus Signal -1, 359
 0> Plus Signal 1, 429
 0> Minus Signal -1, 459
 0> Plus Signal 1, 547
 0> Minus Signal -1, 561
 0> Plus Signal 1, 611
 0> Minus Signal -1, 676<info> app: Peak Index,
 0> ,14,115,254,346,433,549,647<info> app: ,END Peak Index,
 0> <info> app: HR,
 0> ,71,51,78,82,62,73<info> app: ,END HR,
 0> <info> app: [OK]	LED Power 95
 0> <info> app: [OK]	HR Background stop
 0> <info> app: ^
 0> <info> app: HR A
 0> <info> app: HR C
 0> <info> app: HR D
 0> <info> app: Show HR Result
 0> <info> app: BATT Reading...
 0> <info> app: BATT Reading...
 0> <info> app: BATT Reading...
 0> <info> app: BATT Reading...
 0> <info> app: BATT Reading...
 0> <info> app: BATT Reading...
 0> <info> app: BATT Reading...
 0> <info> app: BATT Reading...
 0> <info> app: BATT Reading...
 0> <info> app: BATT Reading...
 0> <error> app: Pedo write to flash.
 0> <info> app: [OK]	FLASH MEMORY
 0> <info> app: Page for write 1051
 0> <info> app: Append Success
 0> <info> app: Save to flash
 0> <info> app: BATT Reading...
 0> <info> app: BATT Reading...
 0> <info> app: BATT Reading...
 0> <info> app: BATT Reading...
 0> <info> app: BATT Reading...
 0> <info> app: BATT Reading...
 0> <info> app: BATT Reading...
 0> <info> app: BATT Reading...
 0> <info> app: BATT Reading...
 0> <info> app: BATT Reading...
 0> <info> app: BATT Reading...
 0> <error> app: Pedo write to flash.
 0> <info> app: [OK]	FLASH MEMORY
 0> <info> app: Page for write 1052
 0> <info> app: Append Success
 0> <info> app: Save to flash
 0> <info> app: BATT Reading...
 0> <info> app: BATT Reading...
 0> <info> app: BATT Reading...
 0> <info> app: BATT Reading...
 0> <info> app: BATT Reading...
 0> <info> app: BATT Reading...
 0> <info> app: BATT Reading...
 0> <info> app: BATT Reading...
 0> <info> app: BATT Reading...
 0> <info> app: ***********  Application started  ***********
 0> 
 0> <info> app: [OK] NRF Power ON 0x0004. 
 0> <info> app: Read MAC:D992B26C8203
 0> <info> app: ***********  Sensor initial ***********
 0> <info> app: [OK]	BMI160
 0> <info> app: [OK]	SETUP ACC
 0> <info> app: [OK]	SETUP STEP COUNT
 0> <info> app: [OK]	FLASH MEMORY
 0> <info> app: [OK]	Read and using configuration in flash memory
 0> <info> app: [OK]	Using queue setting from flash memory
 0> <info> app: gender in flash 1
 0> <info> app: [OK]	OLED Initial
 0> <info> app: [OK]	Max30102 Initial, Temperature 16.37
 0> <info> app: ********** End sensor initial *********
 0> 
 0> <info> app: Erase bonds!
 0> <info> app: BLE_ADV_EVT_FAST
 0> <info> app: advertising is started
 0> <info> app: [FALL] Device restart detected. It require setup timer from flash memory
 0> 
