# SEGGER J-Link RTT Viewer V6.16a Terminal Log File
# Compiled: 12:44:10 on Jun  6 2017
# Logging started @ 26 Nov 2018 16:26:30
 0> <info> app: ***********  Application started  ***********
 0> 
 0> <info> app: [OK] NRF Power ON 0x0004. 
 0> <info> app: Read MAC:CC34D2110EF6
 0> <info> app: ***********  Sensor initial ***********
 0> <info> app: [OK]	BMI160
 0> <info> app: [OK]	SETUP ACC
 0> <info> app: [OK]	SETUP STEP COUNT
 0> <info> app: [OK]	FLASH MEMORY
 0> <info> app: [OK]	Read and using configuration in flash memory
 0> <info> app: [OK]	Using queue setting from flash memory
 0> <info> app: gender in flash 1
 0> <info> app: [OK]	OLED Initial
 0> <info> app: [OK]	Max30102 Initial, Temperature 33.81
 0> <info> app: ********** End sensor initial *********
 0> 
 0> <info> app: Max30102 Found
 0> 
 0> <info> app: HR Begin
 0> 
 0> <info> app: 510
 0> <info> app: hr,0,4345,28691
 0> <info> app: hr,1,4358,28728
 0> <info> app: hr,2,4363,28777
 0> <info> app: hr,3,4380,28831
 0> <info> app: hr,4,4392,28769
 0> <info> app: hr,5,4377,28796
 0> <info> app: hr,6,4390,28865
 0> <info> app: hr,7,4380,28810
 0> <info> app: hr,8,4362,28869
 0> <info> app: hr,9,4387,28884
 0> <info> app: hr,10,4389,28897
 0> <info> app: hr,11,4364,28903
 0> <info> app: hr,12,4403,28866
 0> <info> app: hr,13,4378,28912
 0> <info> app: hr,14,4395,28913
 0> <info> app: hr,15,4411,28964
 0> <info> app: hr,16,4419,28979
 0> <info> app: hr,17,4437,29031
 0> <info> app: hr,18,4455,29099
 0> <info> app: hr,19,4441,29136
 0> <info> app: hr,20,4481,29199
 0> <info> app: hr,21,4467,29221
 0> <info> app: hr,22,4484,29301
 0> <info> app: hr,23,4502,29323
 0> <info> app: hr,24,4540,29415
 0> <info> app: hr,25,4495,29446
 0> <info> app: hr,26,4556,29523
 0> <info> app: hr,27,4534,29542
 0> <info> app: hr,28,4595,29600
 0> <info> app: hr,29,4546,29638
 0> <info> app: hr,30,4568,29707
 0> <info> app: hr,31,4562,29699
 0> <info> app: hr,32,4596,29741
 0> <info> app: hr,33,4578,29738
 0> <info> app: hr,34,4625,29795
 0> <info> app: hr,35,4609,29769
 0> <info> app: hr,36,4637,29801
 0> <info> app: hr,37,4621,29811
 0> <info> app: hr,38,4642,29830
 0> <info> app: hr,39,4633,29878
 0> <info> app: hr,40,4649,29930
 0> <info> app: hr,41,4656,29945
 0> <info> app: hr,42,4662,29979
 0> <info> app: hr,43,4694,29996
 0> <info> app: hr,44,4678,30003
 0> <info> app: hr,45,4698,30040
 0> <info> app: hr,46,4707,30083
 0> <info> app: hr,47,4693,30091
 0> <info> app: hr,48,4693,30169
 0> <info> app: hr,49,4702,30168
 0> <info> app: hr,50,4732,30213
 0> <info> app: hr,51,4743,30240
 0> <info> app: hr,52,4725,30277
 0> <info> app: hr,53,4749,30307
 0> <info> app: hr,54,4801,30372
 0> <info> app: hr,55,4802,30374
 0> <info> app: hr,56,4745,30443
 0> <info> app: hr,57,4832,30435
 0> <info> app: hr,58,4762,30341
 0> <info> app: hr,59,4728,30118
 0> <info> app: hr,60,4611,29822
 0> <info> app: hr,61,4493,29437
 0> <info> app: hr,62,4399,29007
 0> <info> app: hr,63,4329,28847
 0> <info> app: hr,64,4289,28636
 0> <info> app: hr,65,4278,28539
 0> <info> app: hr,66,4255,28423
 0> <info> app: hr,67,4247,28400
 0> <info> app: hr,68,4190,28357
 0> <info> app: hr,69,4238,28384
 0> <info> app: hr,70,4202,28404
 0> <info> app: hr,71,4223,28423
 0> <info> app: hr,72,4199,28411
 0> <info> app: hr,73,4261,28447
 0> <info> app: hr,74,4229,28433
 0> <info> app: hr,75,4265,28469
 0> <info> app: hr,76,4246,28467
 0> <info> app: hr,77,4264,28495
 0> <info> app: hr,78,4278,28479
 0> <info> app: hr,79,4298,28552
 0> <info> app: hr,80,4301,28561
 0> <info> app: hr,81,4330,28652
 0> <info> app: hr,82,4316,28665
 0> <info> app: hr,83,4338,28757
 0> <info> app: hr,84,4311,28767
 0> <info> app: hr,85,4369,28804
 0> <info> app: hr,86,4347,28768
 0> <info> app: hr,87,4320,28784
 0> <info> app: hr,88,4314,28745
 0> <info> app: hr,89,4323,28706
 0> <info> app: hr,90,4278,28644
 0> <info> app: hr,91,4297,28645
 0> <info> app: hr,92,4272,28591
 0> <info> app: hr,93,4310,28604
 0> <info> app: hr,94,4301,28609
 0> <info> app: hr,95,4288,28655
 0> <info> app: hr,96,4288,28619
 0> <info> app: hr,97,4323,28633
 0> <info> app: hr,98,4298,28700
 0> <info> app: hr,99,4316,28734
 0> <info> app: hr,100,4328,28760
 0> <info> app: hr,101,4344,28802
 0> <info> app: hr,102,4355,28823
 0> <info> app: hr,103,4364,28935
 0> <info> app: hr,104,4366,28985
 0> <info> app: hr,105,4385,29001
 0> <info> app: hr,106,4390,29047
 0> <info> app: hr,107,4402,29113
 0> <info> app: hr,108,4453,29116
 0> <info> app: hr,109,4456,29182
 0> <info> app: hr,110,4455,29226
 0> <info> app: hr,111,4433,29259
 0> <info> app: hr,112,4503,29278
 0> <info> app: hr,113,4414,29291
 0> <info> app: hr,114,4475,29386
 0> <info> app: hr,115,4496,29420
 0> <info> app: hr,116,4515,29428
 0> <info> app: hr,117,4524,29461
 0> <info> app: hr,118,4534,29541
 0> <info> app: hr,119,4561,29547
 0> <info> app: hr,120,4498,29542
 0> <info> app: hr,121,4537,29559
 0> <info> app: hr,122,4543,29620
 0> <info> app: hr,123,4564,29653
 0> <info> app: hr,124,4590,29673
 0> <info> app: hr,125,4580,29743
 0> <info> app: hr,126,4579,29781
 0> <info> app: hr,127,4606,29830
 0> <info> app: hr,128,4631,29835
 0> <info> app: hr,129,4638,29890
 0> <info> app: hr,130,4671,29978
 0> <info> app: hr,131,4651,29976
 0> <info> app: hr,132,4696,30053
 0> <info> app: hr,133,4664,30090
 0> <info> app: hr,134,4689,30140
 0> <info> app: hr,135,4691,30159
 0> <info> app: hr,136,4728,30222
 0> <info> app: hr,137,4697,30262
 0> <info> app: hr,138,4739,30328
 0> <info> app: hr,139,4728,30342
 0> <info> app: hr,140,4772,30321
 0> <info> app: hr,141,4671,30151
 0> <info> app: hr,142,4595,29841
 0> <info> app: hr,143,4508,29437
 0> <info> app: hr,144,4390,29049
 0> <info> app: hr,145,4307,28786
 0> <info> app: hr,146,4284,28627
 0> <info> app: hr,147,4242,28431
 0> <info> app: hr,148,4195,28363
 0> <info> app: hr,149,4196,28311
 0> <info> app: hr,150,4199,28264
 0> <info> app: hr,151,4179,28283
 0> <info> app: hr,152,4188,28326
 0> <info> app: hr,153,4192,28329
 0> <info> app: hr,154,4218,28413
 0> <info> app: hr,155,4220,28422
 0> <info> app: hr,156,4221,28476
 0> <info> app: hr,157,4215,28474
 0> <info> app: hr,158,4254,28543
 0> <info> app: hr,159,4275,28546
 0> <info> app: hr,160,4294,28624
 0> <info> app: hr,161,4270,28691
 0> <info> app: hr,162,4322,28747
 0> <info> app: hr,163,4333,28809
 0> <info> app: hr,164,4314,28873
 0> <info> app: hr,165,4316,28924
 0> <info> app: hr,166,4384,28925
 0> <info> app: hr,167,4381,28897
 0> <info> app: hr,168,4309,28943
 0> <info> app: hr,169,4363,28945
 0> <info> app: hr,170,4346,28917
 0> <info> app: hr,171,4378,28888
 0> <info> app: hr,172,4341,28913
 0> <info> app: hr,173,4356,28932
 0> <info> app: hr,174,4332,28873
 0> <info> app: hr,175,4337,28896
 0> <info> app: hr,176,4331,28922
 0> <info> app: hr,177,4355,28924
 0> <info> app: hr,178,4343,28956
 0> <info> app: hr,179,4394,29012
 0> <info> app: hr,180,4384,29060
 0> <info> app: hr,181,4450,29163
 0> <info> app: hr,182,4437,29246
 0> <info> app: hr,183,4463,29358
 0> <info> app: hr,184,4477,29357
 0> <info> app: hr,185,4476,29448
 0> <info> app: hr,186,4494,29496
 0> <info> app: hr,187,4514,29584
 0> <info> app: hr,188,4527,29623
 0> <info> app: hr,189,4581,29669
 0> <info> app: hr,190,4536,29711
 0> <info> app: hr,191,4599,29753
 0> <info> app: hr,192,4571,29791
 0> <info> app: hr,193,4623,29842
 0> <info> app: hr,194,4573,29883
 0> <info> app: hr,195,4626,29911
 0> <info> app: hr,196,4572,29921
 0> <info> app: hr,197,4638,29967
 0> <info> app: hr,198,4589,29941
 0> <info> app: hr,199,4627,30008
 0> <info> app: hr,200,4634,30008
 0> <info> app: hr,201,4647,30030
 0> <info> app: hr,202,4646,30002
 0> <info> app: hr,203,4668,30094
 0> <info> app: hr,204,4655,30059
 0> <info> app: hr,205,4667,30082
 0> <info> app: hr,206,4665,30142
 0> <info> app: hr,207,4683,30181
 0> <info> app: hr,208,4675,30190
 0> <info> app: hr,209,4729,30233
 0> <info> app: hr,210,4724,30287
 0> <info> app: hr,211,4767,30326
 0> <info> app: hr,212,4728,30357
 0> <info> app: hr,213,4753,30424
 0> <info> app: hr,214,4797,30452
 0> <info> app: hr,215,4781,30505
 0> <info> app: hr,216,4805,30553
 0> <info> app: hr,217,4824,30594
 0> <info> app: hr,218,4835,30642
 0> <info> app: hr,219,4826,30668
 0> <info> app: hr,220,4863,30619
 0> <info> app: hr,221,4858,30552
 0> <info> app: hr,222,4749,30348
 0> <info> app: hr,223,4674,30049
 0> <info> app: hr,224,4618,29717
 0> <info> app: hr,225,4506,29449
 0> <info> app: hr,226,4478,29259
 0> <info> app: hr,227,4435,29183
 0> <info> app: hr,228,4421,29027
 0> <info> app: hr,229,4422,29065
 0> <info> app: hr,230,4389,29138
 0> <info> app: hr,231,4430,29091
 0> <info> app: hr,232,4455,29204
 0> <info> app: hr,233,4452,29313
 0> <info> app: hr,234,4487,29380
 0> <info> app: hr,235,4510,29487
 0> <info> app: hr,236,4582,29592
 0> <info> app: hr,237,4537,29639
 0> <info> app: hr,238,4576,29709
 0> <info> app: hr,239,4626,29764
 0> <info> app: hr,240,4674,29839
 0> <info> app: hr,241,4636,29886
 0> <info> app: hr,242,4684,29974
 0> <info> app: hr,243,4662,29990
 0> <info> app: hr,244,4724,30019
 0> <info> app: hr,245,4690,30025
 0> <info> app: hr,246,4705,30045
 0> <info> app: hr,247,4656,30026
 0> <info> app: hr,248,4715,30027
 0> <info> app: hr,249,4681,30032
 0> <info> app: hr,250,4698,30041
 0> <info> app: hr,251,4646,30033
 0> <info> app: hr,252,4701,30036
 0> <info> app: hr,253,4615,29983
 0> <info> app: hr,254,4694,30005
 0> <info> app: hr,255,4659,29996
 0> <info> app: hr,256,4690,30055
 0> <info> app: hr,257,4625,30009
 0> <info> app: hr,258,4675,30071
 0> <info> app: hr,259,4674,30032
 0> <info> app: hr,260,4706,30119
 0> <info> app: hr,261,4683,30119
 0> <info> app: hr,262,4726,30134
 0> <info> app: hr,263,4750,30176
 0> <info> app: hr,264,4743,30234
 0> <info> app: hr,265,4734,30231
 0> <info> app: hr,266,4770,30303
 0> <info> app: hr,267,4760,30331
 0> <info> app: hr,268,4799,30329
 0> <info> app: hr,269,4761,30394
 0> <info> app: hr,270,4799,30411
 0> <info> app: hr,271,4852,30419
 0> <info> app: hr,272,4778,30429
 0> <info> app: hr,273,4806,30409
 0> <info> app: hr,274,4829,30467
 0> <info> app: hr,275,4828,30412
 0> <info> app: hr,276,4795,30447
 0> <info> app: hr,277,4823,30447
 0> <info> app: hr,278,4842,30450
 0> <info> app: hr,279,4844,30470
 0> <info> app: hr,280,4784,30485
 0> <info> app: hr,281,4866,30470
 0> <info> app: hr,282,4824,30466
 0> <info> app: hr,283,4838,30503
 0> <info> app: hr,284,4857,30570
 0> <info> app: hr,285,4860,30531
 0> <info> app: hr,286,4869,30544
 0> <info> app: hr,287,4841,30615
 0> <info> app: hr,288,4874,30603
 0> <info> app: hr,289,4870,30638
 0> <info> app: hr,290,4854,30633
 0> <info> app: hr,291,4913,30651
 0> <info> app: hr,292,4880,30718
 0> <info> app: hr,293,4922,30692
 0> <info> app: hr,294,4908,30755
 0> <info> app: hr,295,4918,30772
 0> <info> app: hr,296,4928,30754
 0> <info> app: hr,297,4905,30705
 0> <info> app: hr,298,4818,30491
 0> <info> app: hr,299,4764,30202
 0> <info> app: hr,300,4631,29859
 0> <info> app: hr,301,4594,29528
 0> <info> app: hr,302,4451,29299
 0> <info> app: hr,303,4473,29160
 0> <info> app: hr,304,4404,29050
 0> <info> app: hr,305,4426,28984
 0> <info> app: hr,306,4401,28962
 0> <info> app: hr,307,4411,29025
 0> <info> app: hr,308,4366,29063
 0> <info> app: hr,309,4461,29110
 0> <info> app: hr,310,4417,29150
 0> <info> app: hr,311,4419,29215
 0> <info> app: hr,312,4460,29250
 0> <info> app: hr,313,4462,29293
 0> <info> app: hr,314,4487,29309
 0> <info> app: hr,315,4489,29377
 0> <info> app: hr,316,4485,29384
 0> <info> app: hr,317,4539,29468
 0> <info> app: hr,318,4531,29517
 0> <info> app: hr,319,4559,29629
 0> <info> app: hr,320,4579,29632
 0> <info> app: hr,321,4592,29699
 0> <info> app: hr,322,4560,29747
 0> <info> app: hr,323,4587,29740
 0> <info> app: hr,324,4598,29765
 0> <info> app: hr,325,4593,29783
 0> <info> app: hr,326,4569,29766
 0> <info> app: hr,327,4608,29773
 0> <info> app: hr,328,4594,29738
 0> <info> app: hr,329,4592,29762
 0> <info> app: hr,330,4614,29745
 0> <info> app: hr,331,4616,29766
 0> <info> app: hr,332,4633,29757
 0> <info> app: hr,333,4591,29830
 0> <info> app: hr,334,4596,29849
 0> <info> app: hr,335,4630,29874
 0> <info> app: hr,336,4666,29901
 0> <info> app: hr,337,4643,29981
 0> <info> app: hr,338,4678,30038
 0> <info> app: hr,339,4675,30106
 0> <info> app: hr,340,4717,30133
 0> <info> app: hr,341,4739,30208
 0> <info> app: hr,342,4739,30299
 0> <info> app: hr,343,4736,30296
 0> <info> app: hr,344,4754,30379
 0> <info> app: hr,345,4777,30365
 0> <info> app: hr,346,4767,30407
 0> <info> app: hr,347,4777,30458
 0> <info> app: hr,348,4803,30490
 0> <info> app: hr,349,4767,30533
 0> <info> app: hr,350,4830,30531
 0> <info> app: hr,351,4808,30549
 0> <info> app: hr,352,4838,30559
 0> <info> app: hr,353,4805,30588
 0> <info> app: hr,354,4851,30618
 0> <info> app: hr,355,4811,30584
 0> <info> app: hr,356,4821,30634
 0> <info> app: hr,357,4803,30626
 0> <info> app: hr,358,4876,30658
 0> <info> app: hr,359,4815,30651
 0> <info> app: hr,360,4879,30691
 0> <info> app: hr,361,4858,30673
 0> <info> app: hr,362,4870,30749
 0> <info> app: hr,363,4832,30684
 0> <info> app: hr,364,4896,30752
 0> <info> app: hr,365,4829,30730
 0> <info> app: hr,366,4908,30780
 0> <info> app: hr,367,4859,30769
 0> <info> app: hr,368,4870,30825
 0> <info> app: hr,369,4876,30806
 0> <info> app: hr,370,4906,30832
 0> <info> app: hr,371,4870,30828
 0> <info> app: hr,372,4908,30938
 0> <info> app: hr,373,4906,30877
 0> <info> app: hr,374,4886,30813
 0> <info> app: hr,375,4864,30724
 0> <info> app: hr,376,4803,30488
 0> <info> app: hr,377,4701,30155
 0> <info> app: hr,378,4602,29755
 0> <info> app: hr,379,4509,29442
 0> <info> app: hr,380,4444,29258
 0> <info> app: hr,381,4395,29124
 0> <info> app: hr,382,4386,29037
 0> <info> app: hr,383,4355,28968
 0> <info> app: hr,384,4343,28980
 0> <info> app: hr,385,4365,28991
 0> <info> app: hr,386,4370,29032
 0> <info> app: hr,387,4349,29065
 0> <info> app: hr,388,4372,29113
 0> <info> app: hr,389,4420,29120
 0> <info> app: hr,390,4434,29206
 0> <info> app: hr,391,4399,29202
 0> <info> app: hr,392,4396,29208
 0> <info> app: hr,393,4507,29209
 0> <info> app: hr,394,4408,29273
 0> <info> app: hr,395,4471,29338
 0> <info> app: hr,396,4490,29413
 0> <info> app: hr,397,4494,29461
 0> <info> app: hr,398,4490,29533
 0> <info> app: hr,399,4531,29644
 0> <info> app: hr,400,4512,29619
 0> <info> app: hr,401,4538,29661
 0> <info> app: hr,402,4508,29669
 0> <info> app: hr,403,4550,29673
 0> <info> app: hr,404,4515,29686
 0> <info> app: hr,405,4548,29656
 0> <info> app: hr,406,4534,29642
 0> <info> app: hr,407,4551,29668
 0> <info> app: hr,408,4547,29673
 0> <info> app: hr,409,4568,29708
 0> <info> app: hr,410,4544,29710
 0> <info> app: hr,411,4564,29723
 0> <info> app: hr,412,4547,29722
 0> <info> app: hr,413,4573,29815
 0> <info> app: hr,414,4555,29843
 0> <info> app: hr,415,4595,29902
 0> <info> app: hr,416,4597,29921
 0> <info> app: hr,417,4642,29998
 0> <info> app: hr,418,4640,30054
 0> <info> app: hr,419,4664,30116
 0> <info> app: hr,420,4668,30141
 0> <info> app: hr,421,4685,30224
 0> <info> app: hr,422,4655,30241
 0> <info> app: hr,423,4705,30314
 0> <info> app: hr,424,4681,30277
 0> <info> app: hr,425,4705,30382
 0> <info> app: hr,426,4706,30352
 0> <info> app: hr,427,4758,30428
 0> <info> app: hr,428,4732,30407
 0> <info> app: hr,429,4733,30462
 0> <info> app: hr,430,4739,30478
 0> <info> app: hr,431,4757,30484
 0> <info> app: hr,432,4764,30483
 0> <info> app: hr,433,4764,30509
 0> <info> app: hr,434,4742,30533
 0> <info> app: hr,435,4769,30525
 0> <info> app: hr,436,4784,30549
 0> <info> app: hr,437,4778,30577
 0> <info> app: hr,438,4784,30572
 0> <info> app: hr,439,4803,30622
 0> <info> app: hr,440,4774,30599
 0> <info> app: hr,441,4795,30633
 0> <info> app: hr,442,4782,30665
 0> <info> app: hr,443,4828,30711
 0> <info> app: hr,444,4839,30696
 0> <info> app: hr,445,4815,30756
 0> <info> app: hr,446,4834,30802
 0> <info> app: hr,447,4890,30820
 0> <info> app: hr,448,4872,30854
 0> <info> app: hr,449,4831,30916
 0> <info> app: hr,450,4897,30941
 0> <info> app: hr,451,4865,30928
 0> <info> app: hr,452,4860,30956
 0> <info> app: hr,453,4856,30945
 0> <info> app: hr,454,4832,30804
 0> <info> app: hr,455,4741,30526
 0> <info> app: hr,456,4647,30214
 0> <info> app: hr,457,4583,29887
 0> <info> app: hr,458,4523,29608
 0> <info> app: hr,459,4436,29445
 0> <info> app: hr,460,4428,29300
 0> <info> app: hr,461,4385,29329
 0> <info> app: hr,462,4437,29300
 0> <info> app: hr,463,4397,29350
 0> <info> app: hr,464,4436,29389
 0> <info> app: hr,465,4414,29472
 0> <info> app: hr,466,4498,29585
 0> <info> app: hr,467,4493,29655
 0> <info> app: hr,468,4524,29772
 0> <info> app: hr,469,4523,29818
 0> <info> app: hr,470,4580,29877
 0> <info> app: hr,471,4535,29918
 0> <info> app: hr,472,4599,29992
 0> <info> app: hr,473,4570,30030
 0> <info> app: hr,474,4644,30082
 0> <info> app: hr,475,4625,30128
 0> <info> app: hr,476,4648,30216
 0> <info> app: hr,477,4608,30232
 0> <info> app: hr,478,4674,30298
 0> <info> app: hr,479,4656,30277
 0> <info> app: hr,480,4651,30339
 0> <info> app: hr,481,4642,30301
 0> <info> app: hr,482,4662,30310
 0> <info> app: hr,483,4628,30273
 0> <info> app: hr,484,4652,30292
 0> <info> app: hr,485,4623,30309
 0> <info> app: hr,486,4688,30288
 0> <info> app: hr,487,4642,30302
 0> <info> app: hr,488,4643,30294
 0> <info> app: hr,489,4636,30311
 0> <info> app: hr,490,4690,30359
 0> <info> app: hr,491,4658,30336
 0> <info> app: hr,492,4706,30370
 0> <info> app: hr,493,4694,30432
 0> <info> app: hr,494,4688,30469
 0> <info> app: hr,495,4703,30463
 0> <info> app: hr,496,4717,30532
 0> <info> app: hr,497,4704,30532
 0> <info> app: hr,498,4735,30595
 0> <info> app: hr,499,4732,30664
 0> <info> app: hr,500,4768,30662
 0> <info> app: hr,501,4806,30697
 0> <info> app: hr,502,4797,30758
 0> <info> app: hr,503,4762,30806
 0> <info> app: hr,504,4795,30826
 0> <info> app: hr,505,4845,30811
 0> <info> app: hr,506,4788,30897
 0> <info> app: hr,507,4853,30901
 0> <info> app: hr,508,4845,30926
 0> <info> app: hr,509,4844,30900

# Logging stopped @ 26 Nov 2018 16:27:11
