# SEGGER J-Link RTT Viewer V6.16a Terminal Log File											
# Compiled: 12:44:10 on Jun  6 2017											
# Logging started @ 04 Dec 2018 10:03:04											
 0> <info> app: BATT Reading...											
 0> <info> app: Right Press											
 0> <info> app: Left Press											
 0> <info> app: BATT Reading...											
 0> <info> app: [OK]	Max30102 Already and background working is begin										
 0> 											
 0> <info> app: BATT Reading...											
 0> <info> app: [OK]	HR sample count 707										
 0> <info> app: Peak Index											
 0> 	31	124	219	312	401	489	580	672			
 0> 	END Peak Index	<info> app: HR Index									
 0> 	90	88	90	94	95	92	91<info> app: HR Mean 91 				
 0> <info> app: HR SD 2.25 											
 0> 											
 0> hr	0	98901	128143	-56	0	-15					
 0> hr	1	98907	128154	-54	0	-3					
 0> hr	2	98899	128148	-53	0	-9					
 0> hr	3	98896	128157	-51	0	0					
 0> hr	4	98914	128155	-50	0	-1					
 0> hr	5	98901	128131	-48	0	-25					
 0> hr	6	98896	128141	-46	1	-14					
 0> hr	7	98904	128168	-45	1	13					
 0> hr	8	98903	128155	-43	0	0					
 0> hr	9	98909	128178	-41	0	22					
 0> hr	10	98922	128200	-40	0	43					
 0> hr	11	98919	128197	-38	0	38					
 0> hr	12	98930	128216	-36	0	55					
 0> hr	13	98937	128221	-33	0	57					
 0> hr	14	98928	128217	-31	1	50					
 0> hr	15	98935	128228	-29	1	59					
 0> hr	16	98939	128237	-26	0	65					
 0> hr	17	98929	128232	-23	0	57					
 0> hr	18	98935	128216	-20	0	38					
 0> hr	19	98932	128219	-18	0	39					
 0> hr	20	98921	128200	-15	0	18					
 0> hr	21	98915	128188	-12	0	5					
 0> hr	22	98913	128174	-10	0	-8					
 0> hr	23	98909	128165	-7	0	-17					
 0> hr	24	98906	128147	-5	1	-34					
 0> hr	25	98912	128136	-4	0	-43					
 0> hr	26	98909	128129	-2	0	-48					
 0> hr	27	98891	128100	-1	0	-75					
 0> hr	28	98889	128094	0	0	-77					
 0> hr	29	98891	128075	0	0	-92					
 0> hr	30	98884	128054	0	0	-108					
 0> hr	31	98889	128052	0	0	-105					
 0> hr	32	98877	128050	-1	0	-102					
 0> hr	33	98877	128027	-2	0	-120					
 0> hr	34	98887	128021	-3	-1	-120					
 0> hr	35	98873	128022	-5	-1	-113					
 0> hr	36	98868	128006	-7	-1	-123					
 0> hr	37	98872	128000	-9	-1	-123					
 0> hr	38	98858	127999	-11	-1	-118					
 0> hr	39	98856	127984	-14	-1	-127					
 0> hr	40	98865	127981	-17	-1	-123					
 0> hr	41	98849	127975	-20	-1	-123					
 0> hr	42	98851	127967	-23	-1	-125					
 0> hr	43	98850	127954	-26	-1	-132					
 0> hr	44	98847	127946	-30	-1	-133					
 0> hr	45	98859	127946	-33	-1	-126					
 0> hr	46	98853	127948	-37	-1	-118					
 0> hr	47	98850	127960	-40	-1	-100					
 0> hr	48	98850	127955	-44	-1	-100					
 0> hr	49	98852	127939	-47	-1	-111					
 0> hr	50	98846	127942	-51	-1	-102					
 0> hr	51	98844	127944	-54	-1	-95					
 0> hr	52	98851	127940	-57	-1	-95					
 0> hr	53	98836	127934	-60	-1	-96					
 0> hr	54	98847	127934	-63	-1	-91					
 0> hr	55	98844	127927	-65	-1	-93					
 0> hr	56	98844	127935	-68	-1	-81					
 0> hr	57	98854	127921	-71	-1	-91					
 0> hr	58	98846	127920	-73	-1	-87					
 0> hr	59	98841	127924	-75	-1	-79					
 0> hr	60	98837	127906	-77	-1	-93					
 0> hr	61	98835	127901	-79	-1	-93					
 0> hr	62	98846	127913	-81	-1	-76					
 0> hr	63	98841	127915	-82	-1	-71					
 0> hr	64	98837	127928	-84	-1	-54					
 0> hr	65	98850	127912	-85	-1	-67					
 0> hr	66	98850	127909	-86	-1	-67					
 0> hr	67	98856	127903	-87	-1	-70					
 0> hr	68	98861	127911	-87	-1	-58					
 0> hr	69	98867	127907	-88	-1	-59					
 0> hr	70	98850	127917	-88	-1	-46					
 0> hr	71	98857	127913	-89	-1	-48					
 0> hr	72	98853	127927	-89	-1	-31					
 0> hr	73	98839	127923	-88	-1	-34					
 0> hr	74	98862	127913	-88	-1	-42					
 0> hr	75	98851	127914	-87	-1	-39					
 0> hr	76	98857	127898	-87	-1	-53					
 0> hr	77	98867	127909	-86	-1	-39					
 0> hr	78	98866	127906	-85	-1	-40					
 0> hr	79	98842	127906	-84	-1	-38					
 0> hr	80	98868	127911	-83	-1	-31					
 0> hr	81	98866	127917	-82	-1	-24					
 0> hr	82	98866	127907	-81	-1	-33					
 0> hr	83	98858	127916	-79	-1	-22					
 0> hr	84	98876	127918	-78	-1	-19					
 0> hr	85	98857	127920	-76	-1	-16					
 0> hr	86	98877	127918	-75	-1	-17					
 0> hr	87	98873	127920	-73	-1	-14					
 0> hr	88	98885	127933	-71	-1	0					
 0> hr	89	98874	127927	-69	-1	-6					
 0> hr	90	98883	127926	-67	-1	-7					
 0> hr	91	98880	127942	-65	-1	8					
 0> hr	92	98876	127943	-63	-1	9					
 0> hr	93	98885	127948	-61	-1	13					
 0> hr	94	98876	127944	-58	-1	9					
 0> hr	95	98882	127946	-56	-1	10					
 0> hr	96	98880	127945	-53	-1	9					
 0> hr	97	98889	127932	-51	-1	-4					
 0> hr	98	98892	127959	-49	-1	23					
 0> hr	99	98894	127951	-46	-1	13					
 0> hr	100	98898	127965	-43	-1	27					
 0> hr	101	98910	127970	-41	-1	30					
 0> hr	102	98892	127989	-38	-1	48					
 0> hr	103	98888	127982	-36	-1	38					
 0> hr	104	98894	127986	-33	-1	40					
 0> hr	105	98907	128002	-30	-1	54					
 0> hr	106	98925	128012	-27	-1	62					
 0> hr	107	98915	128029	-24	-1	76					
 0> hr	108	98922	128024	-21	-1	67					
 0> hr	109	98921	128026	-18	-1	65					
 0> hr	110	98929	128047	-15	-1	83					
 0> hr	111	98934	128030	-11	-1	62					
 0> hr	112	98917	128013	-8	-1	42					
 0> hr	113	98925	128012	-5	-1	39					
 0> hr	114	98912	127987	-2	-1	12					
 0> hr	115	98911	127965	0	0	-10					
 0> hr	116	98911	127963	3	0	-11					
 0> hr	117	98894	127957	5	1	-17					
 0> hr	118	98893	127937	7	1	-36					
 0> hr	119	98892	127923	9	1	-48					
 0> hr	120	98898	127908	10	1	-61					
 0> hr	121	98884	127903	11	1	-63					
 0> hr	122	98879	127885	12	1	-77					
 0> hr	123	98878	127877	12	1	-82					
 0> hr	124	98879	127858	12	1	-96					
 0> hr	125	98867	127850	11	1	-100					
 0> hr	126	98868	127871	11	0	-74					
 0> hr	127	98880	127840	9	0	-101					
 0> hr	128	98859	127828	8	0	-108					
 0> hr	129	98861	127825	6	-1	-105					
 0> hr	130	98860	127814	4	-1	-111					
 0> hr	131	98857	127820	2	-1	-100					
 0> hr	132	98850	127803	0	-1	-112					
 0> hr	133	98848	127790	-3	-1	-119					
 0> hr	134	98838	127784	-6	-1	-119					
 0> hr	135	98837	127763	-9	-1	-134					
 0> hr	136	98839	127753	-12	-1	-137					
 0> hr	137	98832	127763	-15	-1	-120					
 0> hr	138	98847	127745	-19	-1	-132					
 0> hr	139	98854	127749	-23	-1	-122					
 0> hr	140	98837	127747	-27	-1	-118					
 0> hr	141	98830	127744	-30	-1	-115					
 0> hr	142	98840	127738	-34	-1	-115					
 0> hr	143	98837	127744	-38	-1	-103					
 0> hr	144	98844	127745	-42	-1	-97					
 0> hr	145	98840	127749	-45	-1	-88					
 0> hr	146	98845	127747	-49	-1	-86					
 0> hr	147	98837	127748	-52	-1	-80					
 0> hr	148	98822	127746	-55	-1	-78					
 0> hr	149	98837	127740	-58	-1	-80					
 0> hr	150	98841	127725	-61	-1	-91					
 0> hr	151	98845	127720	-63	-1	-92					
 0> hr	152	98836	127715	-66	-1	-92					
 0> hr	153	98842	127726	-68	-1	-76					
 0> hr	154	98833	127731	-71	-1	-68					
 0> hr	155	98838	127714	-73	-1	-81					
 0> hr	156	98843	127721	-74	-1	-70					
 0> hr	157	98840	127723	-76	-1	-65					
 0> hr	158	98853	127728	-78	-1	-56					
 0> hr	159	98839	127711	-79	-1	-71					
 0> hr	160	98838	127732	-80	-1	-46					
 0> hr	161	98848	127711	-81	-1	-65					
 0> hr	162	98842	127713	-82	-1	-59					
 0> hr	163	98840	127705	-83	-1	-64					
 0> hr	164	98848	127722	-83	-1	-44					
 0> hr	165	98847	127727	-83	-1	-37					
 0> hr	166	98851	127708	-83	-1	-54					
 0> hr	167	98849	127713	-83	-1	-46					
 0> hr	168	98847	127721	-83	-1	-36					
 0> hr	169	98852	127724	-83	-1	-31					
 0> hr	170	98848	127726	-82	-1	-28					
 0> hr	171	98845	127720	-82	-1	-32					
 0> hr	172	98850	127731	-81	-1	-20					
 0> hr	173	98853	127739	-80	-1	-11					
 0> hr	174	98861	127741	-79	-1	-8					
 0> hr	175	98857	127744	-78	-1	-5					
 0> hr	176	98865	127733	-76	-1	-15					
 0> hr	177	98859	127736	-75	-1	-12					
 0> hr	178	98869	127743	-73	-1	-4					
 0> hr	179	98863	127747	-71	-1	0					
 0> hr	180	98866	127751	-69	-1	3					
 0> hr	181	98868	127743	-67	-1	-4					
 0> hr	182	98872	127748	-65	-1	0					
 0> hr	183	98867	127744	-63	-1	-3					
 0> hr	184	98857	127747	-61	-1	0					
 0> hr	185	98866	127747	-58	-1	0					
 0> hr	186	98879	127756	-56	-1	8					
 0> hr	187	98868	127751	-54	-1	3					
 0> hr	188	98891	127746	-51	-1	-1					
 0> hr	189	98870	127766	-49	-1	18					
 0> hr	190	98865	127756	-47	-1	7					
 0> hr	191	98873	127765	-44	-1	16					
 0> hr	192	98881	127754	-42	-1	4					
 0> hr	193	98883	127761	-39	-1	11					
 0> hr	194	98865	127754	-37	-1	3					
 0> hr	195	98885	127765	-35	-1	14					
 0> hr	196	98887	127775	-32	-1	23					
 0> hr	197	98883	127783	-30	-1	30					
 0> hr	198	98892	127782	-28	-1	27					
 0> hr	199	98895	127788	-25	-1	32					
 0> hr	200	98888	127774	-23	-1	16					
 0> hr	201	98909	127803	-21	-1	45					
 0> hr	202	98894	127809	-18	-1	48					
 0> hr	203	98921	127823	-16	-1	60					
 0> hr	204	98923	127842	-13	-1	76					
 0> hr	205	98920	127841	-11	-1	71					
 0> hr	206	98921	127836	-8	-1	62					
 0> hr	207	98928	127840	-5	-1	63					
 0> hr	208	98931	127824	-2	-1	44					
 0> hr	209	98906	127804	0	0	22					
 0> hr	210	98908	127800	2	0	17					
 0> hr	211	98912	127772	4	1	-11					
 0> hr	212	98906	127765	6	1	-18					
 0> hr	213	98898	127739	8	1	-43					
 0> hr	214	98910	127748	10	1	-31					
 0> hr	215	98886	127712	11	1	-66					
 0> hr	216	98889	127699	12	1	-76					
 0> hr	217	98889	127684	12	1	-87					
 0> hr	218	98890	127691	12	1	-75					
 0> hr	219	98883	127678	12	1	-85					
 0> hr	220	98892	127670	11	1	-88					
 0> hr	221	98883	127660	10	0	-94					
 0> hr	222	98870	127670	9	0	-79					
 0> hr	223	98866	127640	8	0	-105					
 0> hr	224	98866	127631	6	-1	-109					
 0> hr	225	98875	127625	4	-1	-109					
 0> hr	226	98862	127621	1	-1	-108					
 0> hr	227	98868	127608	0	-1	-116					
 0> hr	228	98845	127598	-3	-1	-120					
 0> hr	229	98864	127596	-6	-1	-116					
 0> hr	230	98850	127589	-9	-1	-117					
 0> hr	231	98858	127579	-12	-1	-121					
 0> hr	232	98843	127570	-16	-1	-124					
 0> hr	233	98864	127582	-19	-1	-106					
 0> hr	234	98853	127559	-23	-1	-123					
 0> hr	235	98859	127573	-27	-1	-103					
 0> hr	236	98871	127582	-30	-1	-89					
 0> hr	237	98847	127559	-34	-1	-108					
 0> hr	238	98853	127568	-37	-1	-93					
 0> hr	239	98856	127554	-41	-1	-102					
 0> hr	240	98852	127548	-44	-1	-103					
 0> hr	241	98855	127554	-47	-1	-92					
 0> hr	242	98864	127565	-50	-1	-76					
 0> hr	243	98862	127557	-53	-1	-81					
 0> hr	244	98862	127546	-56	-1	-88					
 0> hr	245	98848	127551	-59	-1	-78					
 0> hr	246	98859	127552	-61	-1	-73					
 0> hr	247	98849	127546	-64	-1	-76					
 0> hr	248	98851	127541	-66	-1	-77					
 0> hr	249	98866	127528	-68	-1	-86					
 0> hr	250	98859	127546	-70	-1	-64					
 0> hr	251	98859	127532	-72	-1	-74					
 0> hr	252	98859	127535	-74	-1	-68					
 0> hr	253	98867	127533	-75	-1	-66					
 0> hr	254	98866	127545	-76	-1	-51					
 0> hr	255	98855	127551	-77	-1	-42					
 0> hr	256	98866	127531	-78	-1	-60					
 0> hr	257	98863	127534	-79	-1	-54					
 0> hr	258	98867	127530	-80	-1	-55					
 0> hr	259	98866	127547	-80	-1	-36					
 0> hr	260	98875	127545	-80	-1	-36					
 0> hr	261	98885	127540	-80	-1	-39					
 0> hr	262	98876	127550	-80	-1	-27					
 0> hr	263	98882	127549	-80	-1	-27					
 0> hr	264	98878	127544	-79	-1	-30					
 0> hr	265	98881	127549	-79	-1	-24					
 0> hr	266	98885	127554	-78	-1	-18					
 0> hr	267	98874	127557	-77	-1	-14					
 0> hr	268	98888	127564	-76	-1	-6					
 0> hr	269	98884	127570	-75	-1	0					
 0> hr	270	98888	127584	-73	-1	13					
 0> hr	271	98898	127593	-71	-1	22					
 0> hr	272	98886	127582	-70	-1	10					
 0> hr	273	98894	127587	-67	-1	14					
 0> hr	274	98903	127571	-65	-1	-2					
 0> hr	275	98903	127585	-63	-1	11					
 0> hr	276	98906	127599	-61	-1	25					
 0> hr	277	98890	127583	-58	-1	8					
 0> hr	278	98895	127600	-56	-1	24					
 0> hr	279	98904	127602	-53	-1	25					
 0> hr	280	98907	127600	-51	-1	22					
 0> hr	281	98920	127600	-48	-1	21					
 0> hr	282	98913	127606	-45	-1	26					
 0> hr	283	98921	127616	-42	-1	34					
 0> hr	284	98918	127615	-40	-1	31					
 0> hr	285	98909	127623	-37	-1	38					
 0> hr	286	98929	127615	-34	-1	28					
 0> hr	287	98915	127626	-31	-1	38					
 0> hr	288	98918	127621	-28	-1	31					
 0> hr	289	98922	127631	-25	-1	39					
 0> hr	290	98932	127641	-22	-1	47					
 0> hr	291	98933	127651	-19	-1	55					
 0> hr	292	98931	127666	-16	-1	67					
 0> hr	293	98939	127681	-13	-1	79					
 0> hr	294	98948	127673	-10	-1	67					
 0> hr	295	98957	127697	-7	-1	87					
 0> hr	296	98962	127693	-4	-1	79					
 0> hr	297	98962	127707	-1	0	89					
 0> hr	298	98969	127703	2	0	80					
 0> hr	299	98952	127688	5	1	61					
 0> hr	300	98954	127679	8	1	49					
 0> hr	301	98954	127660	11	1	28					
 0> hr	302	98959	127650	14	1	16					
 0> hr	303	98950	127637	17	1	3					
 0> hr	304	98958	127636	19	1	1					
 0> hr	305	98943	127620	21	1	-14					
 0> hr	306	98935	127618	23	1	-15					
 0> hr	307	98931	127603	25	1	-29					
 0> hr	308	98932	127584	26	1	-47					
 0> hr	309	98933	127579	27	1	-49					
 0> hr	310	98935	127561	27	1	-65					
 0> hr	311	98917	127556	27	1	-67					
 0> hr	312	98919	127551	27	1	-68					
 0> hr	313	98929	127561	26	0	-55					
 0> hr	314	98925	127544	25	0	-69					
 0> hr	315	98920	127527	24	0	-83					
 0> hr	316	98921	127524	23	0	-81					
 0> hr	317	98918	127518	21	-1	-83					
 0> hr	318	98913	127501	19	-1	-96					
 0> hr	319	98930	127504	17	-1	-88					
 0> hr	320	98915	127501	14	-1	-87					
 0> hr	321	98914	127492	12	-1	-91					
 0> hr	322	98918	127468	9	-1	-111					
 0> hr	323	98919	127477	6	-1	-96					
 0> hr	324	98912	127481	3	-1	-87					
 0> hr	325	98904	127477	0	-1	-87					
 0> hr	326	98906	127479	-3	-1	-81					
 0> hr	327	98926	127476	-6	-1	-80					
 0> hr	328	98901	127481	-9	-1	-71					
 0> hr	329	98901	127487	-13	-1	-61					
 0> hr	330	98925	127470	-16	-1	-75					
 0> hr	331	98917	127469	-19	-1	-72					
 0> hr	332	98926	127464	-22	-1	-74					
 0> hr	333	98899	127476	-25	-1	-58					
 0> hr	334	98913	127453	-28	-1	-78					
 0> hr	335	98916	127467	-31	-1	-60					
 0> hr	336	98921	127462	-33	-1	-62					
 0> hr	337	98934	127471	-36	-1	-50					
 0> hr	338	98926	127471	-38	-1	-47					
 0> hr	339	98923	127451	-40	-1	-65					
 0> hr	340	98918	127471	-42	-1	-42					
 0> hr	341	98929	127463	-44	-1	-48					
 0> hr	342	98933	127460	-46	-1	-48					
 0> hr	343	98937	127469	-48	-1	-37					
 0> hr	344	98923	127465	-49	-1	-39					
 0> hr	345	98937	127460	-51	-1	-42					
 0> hr	346	98930	127454	-52	-1	-46					
 0> hr	347	98920	127464	-53	-1	-33					
 0> hr	348	98929	127470	-54	-1	-26					
 0> hr	349	98924	127469	-54	-1	-25					
 0> hr	350	98939	127462	-55	-1	-31					
 0> hr	351	98938	127473	-55	-1	-19					
 0> hr	352	98936	127465	-55	-1	-26					
 0> hr	353	98935	127474	-55	-1	-15					
 0> hr	354	98936	127491	-55	-1	1					
 0> hr	355	98944	127479	-55	-1	-10					
 0> hr	356	98942	127475	-55	-1	-13					
 0> hr	357	98933	127476	-54	-1	-11					
 0> hr	358	98946	127489	-53	-1	1					
 0> hr	359	98940	127484	-52	-1	-3					
 0> hr	360	98945	127475	-52	-1	-12					
 0> hr	361	98937	127478	-51	-1	-8					
 0> hr	362	98949	127496	-49	-1	9					
 0> hr	363	98943	127488	-48	-1	1					
 0> hr	364	98952	127502	-47	-1	15					
 0> hr	365	98953	127519	-45	-1	31					
 0> hr	366	98960	127504	-44	-1	14					
 0> hr	367	98963	127510	-42	-1	20					
 0> hr	368	98962	127526	-40	-1	35					
 0> hr	369	98973	127535	-38	-1	42					
 0> hr	370	98964	127527	-36	-1	32					
 0> hr	371	98968	127534	-34	-1	37					
 0> hr	372	98976	127541	-32	-1	42					
 0> hr	373	98969	127537	-30	-1	36					
 0> hr	374	98971	127561	-27	-1	58					
 0> hr	375	98979	127547	-25	-1	41					
 0> hr	376	98983	127539	-22	-1	31					
 0> hr	377	98983	127553	-20	-1	44					
 0> hr	378	98990	127561	-17	-1	49					
 0> hr	379	98989	127572	-15	-1	58					
 0> hr	380	98996	127572	-12	-1	55					
 0> hr	381	99001	127596	-9	-1	76					
 0> hr	382	99002	127611	-7	-1	87					
 0> hr	383	99007	127624	-4	-1	96					
 0> hr	384	99017	127637	-1	0	104					
 0> hr	385	99030	127630	2	0	92					
 0> hr	386	99027	127652	5	1	109					
 0> hr	387	99033	127641	8	1	93					
 0> hr	388	99027	127627	11	1	74					
 0> hr	389	99027	127646	15	1	89					
 0> hr	390	99031	127617	18	1	56					
 0> hr	391	99017	127602	21	1	38					
 0> hr	392	99012	127587	24	1	21					
 0> hr	393	99012	127572	27	1	5					
 0> hr	394	99014	127556	29	1	-10					
 0> hr	395	99000	127546	31	1	-20					
 0> hr	396	99004	127533	33	1	-32					
 0> hr	397	98998	127534	34	1	-29					
 0> hr	398	98988	127528	35	1	-34					
 0> hr	399	98985	127514	36	1	-46					
 0> hr	400	98990	127512	36	1	-46					
 0> hr	401	98989	127494	36	1	-61					
 0> hr	402	98983	127491	35	0	-61					
 0> hr	403	98990	127491	35	0	-58					
 0> hr	404	98970	127473	34	0	-73					
 0> hr	405	98986	127476	32	0	-66					
 0> hr	406	98984	127473	31	0	-66					
 0> hr	407	98981	127464	29	-1	-72					
 0> hr	408	98972	127458	27	-1	-74					
 0> hr	409	98966	127435	24	-1	-93					
 0> hr	410	98974	127439	22	-1	-85					
 0> hr	411	98966	127425	19	-1	-94					
 0> hr	412	98963	127426	16	-1	-89					
 0> hr	413	98959	127419	13	-1	-91					
 0> hr	414	98960	127435	10	-1	-71					
 0> hr	415	98968	127420	7	-1	-82					
 0> hr	416	98960	127419	3	-1	-79					
 0> hr	417	98966	127422	0	-1	-72					
 0> hr	418	98970	127421	-2	-1	-69					
 0> hr	419	98967	127418	-6	-1	-69					
 0> hr	420	98968	127433	-9	-1	-50					
 0> hr	421	98969	127408	-12	-1	-73					
 0> hr	422	98970	127417	-15	-1	-60					
 0> hr	423	98963	127413	-18	-1	-61					
 0> hr	424	98978	127408	-21	-1	-63					
 0> hr	425	98971	127403	-24	-1	-65					
 0> hr	426	98969	127401	-27	-1	-64					
 0> hr	427	98962	127404	-29	-1	-57					
 0> hr	428	98965	127385	-32	-1	-74					
 0> hr	429	98982	127406	-34	-1	-49					
 0> hr	430	98983	127390	-36	-1	-62					
 0> hr	431	98975	127401	-39	-1	-48					
 0> hr	432	98975	127401	-41	-1	-46					
 0> hr	433	98982	127405	-43	-1	-39					
 0> hr	434	98973	127389	-44	-1	-53					
 0> hr	435	98973	127407	-46	-1	-33					
 0> hr	436	98969	127420	-47	-1	-18					
 0> hr	437	98980	127394	-49	-1	-43					
 0> hr	438	98970	127410	-50	-1	-25					
 0> hr	439	98981	127423	-50	-1	-11					
 0> hr	440	98985	127411	-51	-1	-22					
 0> hr	441	98986	127413	-52	-1	-19					
 0> hr	442	98983	127426	-52	-1	-5					
 0> hr	443	98981	127411	-52	-1	-20					
 0> hr	444	98992	127424	-52	-1	-6					
 0> hr	445	99001	127428	-52	-1	-1					
 0> hr	446	98989	127429	-51	-1	0					
 0> hr	447	99002	127440	-51	-1	10					
 0> hr	448	99003	127441	-50	-1	10					
 0> hr	449	99006	127447	-49	-1	16					
 0> hr	450	99002	127456	-48	-1	24					
 0> hr	451	99010	127468	-47	-1	35					
 0> hr	452	99014	127459	-45	-1	24					
 0> hr	453	99011	127476	-44	-1	40					
 0> hr	454	99028	127496	-42	-1	58					
 0> hr	455	99025	127496	-40	-1	55					
 0> hr	456	99025	127495	-38	-1	51					
 0> hr	457	99021	127488	-36	-1	41					
 0> hr	458	99031	127517	-33	-1	68					
 0> hr	459	99035	127503	-31	-1	51					
 0> hr	460	99036	127522	-28	-1	67					
 0> hr	461	99025	127516	-25	-1	58					
 0> hr	462	99034	127519	-22	-1	58					
 0> hr	463	99043	127522	-19	-1	58					
 0> hr	464	99050	127545	-16	-1	78					
 0> hr	465	99048	127533	-13	-1	62					
 0> hr	466	99039	127540	-10	-1	66					
 0> hr	467	99058	127546	-7	-1	69					
 0> hr	468	99060	127549	-4	-1	68					
 0> hr	469	99057	127558	0	0	74					
 0> hr	470	99066	127572	2	0	84					
 0> hr	471	99069	127595	5	1	103					
 0> hr	472	99088	127592	8	1	95					
 0> hr	473	99093	127609	12	1	107					
 0> hr	474	99098	127599	15	1	92					
 0> hr	475	99093	127608	19	1	96					
 0> hr	476	99096	127589	22	1	72					
 0> hr	477	99085	127618	25	1	98					
 0> hr	478	99093	127608	29	1	83					
 0> hr	479	99084	127585	32	1	55					
 0> hr	480	99095	127567	35	1	35					
 0> hr	481	99074	127567	38	1	33					
 0> hr	482	99075	127547	40	1	11					
 0> hr	483	99060	127531	42	1	-4					
 0> hr	484	99058	127524	44	1	-11					
 0> hr	485	99064	127510	46	1	-25					
 0> hr	486	99048	127502	47	1	-31					
 0> hr	487	99049	127481	47	1	-51					
 0> hr	488	99040	127473	48	1	-56					
 0> hr	489	99038	127472	48	1	-54					
 0> hr	490	99043	127462	47	1	-62					
 0> hr	491	99054	127446	46	0	-74					
 0> hr	492	99045	127436	45	0	-81					
 0> hr	493	99039	127442	43	0	-71					
 0> hr	494	99034	127433	41	-1	-76					
 0> hr	495	99039	127428	39	-1	-77					
 0> hr	496	99029	127410	37	-1	-91					
 0> hr	497	99026	127420	34	-1	-77					
 0> hr	498	99034	127391	31	-1	-102					
 0> hr	499	99031	127403	28	-1	-85					
 0> hr	500	99027	127392	24	-1	-92					
 0> hr	501	99031	127395	21	-1	-84					
 0> hr	502	99038	127376	17	-1	-99					
 0> hr	503	99027	127384	14	-1	-86					
 0> hr	504	99022	127370	10	-1	-95					
 0> hr	505	99022	127377	6	-1	-84					
 0> hr	506	99025	127368	2	-1	-88					
 0> hr	507	99027	127376	-1	-1	-76					
 0> hr	508	99012	127386	-5	-1	-62					
 0> hr	509	99020	127392	-8	-1	-53					
 0> hr	510	99025	127368	-12	-1	-74					
 0> hr	511	99019	127378	-16	-1	-61					
 0> hr	512	99025	127385	-19	-1	-51					
 0> hr	513	99026	127387	-22	-1	-46					
 0> hr	514	99030	127382	-25	-1	-49					
 0> hr	515	99030	127374	-28	-1	-54					
 0> hr	516	99024	127391	-31	-1	-34					
 0> hr	517	99036	127381	-33	-1	-43					
 0> hr	518	99027	127395	-36	-1	-27					
 0> hr	519	99030	127381	-38	-1	-39					
 0> hr	520	99025	127372	-40	-1	-46					
 0> hr	521	99030	127381	-41	-1	-35					
 0> hr	522	99019	127394	-43	-1	-20					
 0> hr	523	99025	127388	-44	-1	-25					
 0> hr	524	99020	127365	-45	-1	-47					
 0> hr	525	99028	127371	-47	-1	-38					
 0> hr	526	99038	127357	-48	-1	-50					
 0> hr	527	99025	127375	-48	-1	-30					
 0> hr	528	99025	127360	-49	-1	-43					
 0> hr	529	99035	127357	-50	-1	-44					
 0> hr	530	99043	127359	-50	-1	-40					
 0> hr	531	99028	127370	-51	-1	-27					
 0> hr	532	99036	127362	-51	-1	-34					
 0> hr	533	99036	127370	-51	-1	-24					
 0> hr	534	99036	127362	-52	-1	-31					
 0> hr	535	99027	127366	-52	-1	-25					
 0> hr	536	99038	127365	-52	-1	-25					
 0> hr	537	99032	127363	-51	-1	-26					
 0> hr	538	99047	127370	-51	-1	-17					
 0> hr	539	99047	127385	-51	-1	-1					
 0> hr	540	99037	127373	-50	-1	-13					
 0> hr	541	99037	127374	-50	-1	-12					
 0> hr	542	99048	127381	-49	-1	-4					
 0> hr	543	99051	127398	-48	-1	12					
 0> hr	544	99042	127383	-47	-1	-2					
 0> hr	545	99055	127397	-46	-1	11					
 0> hr	546	99045	127396	-45	-1	9					
 0> hr	547	99062	127392	-44	-1	5					
 0> hr	548	99056	127384	-42	-1	-3					
 0> hr	549	99055	127402	-41	-1	15					
 0> hr	550	99073	127411	-39	-1	23					
 0> hr	551	99064	127417	-38	-1	28					
 0> hr	552	99074	127418	-36	-1	27					
 0> hr	553	99074	127418	-34	-1	26					
 0> hr	554	99069	127420	-32	-1	27					
 0> hr	555	99080	127421	-30	-1	26					
 0> hr	556	99067	127444	-28	-1	48					
 0> hr	557	99084	127432	-26	-1	33					
 0> hr	558	99086	127444	-24	-1	44					
 0> hr	559	99076	127453	-22	-1	51					
 0> hr	560	99089	127444	-19	-1	39					
 0> hr	561	99103	127465	-17	-1	58					
 0> hr	562	99097	127475	-15	-1	65					
 0> hr	563	99107	127478	-12	-1	65					
 0> hr	564	99108	127504	-9	-1	88					
 0> hr	565	99108	127502	-7	-1	81					
 0> hr	566	99113	127517	-4	-1	92					
 0> hr	567	99114	127509	-1	0	79					
 0> hr	568	99112	127494	1	0	60					
 0> hr	569	99115	127484	4	1	47					
 0> hr	570	99108	127480	7	1	41					
 0> hr	571	99093	127456	10	1	15					
 0> hr	572	99101	127455	12	1	13					
 0> hr	573	99100	127434	15	1	-8					
 0> hr	574	99078	127417	17	1	-24					
 0> hr	575	99085	127405	18	1	-35					
 0> hr	576	99074	127387	20	1	-51					
 0> hr	577	99081	127389	21	1	-47					
 0> hr	578	99090	127367	21	1	-66					
 0> hr	579	99078	127376	22	1	-54					
 0> hr	580	99075	127363	22	1	-64					
 0> hr	581	99076	127368	21	0	-56					
 0> hr	582	99077	127356	21	0	-65					
 0> hr	583	99066	127348	20	0	-70					
 0> hr	584	99067	127343	19	0	-71					
 0> hr	585	99077	127346	17	0	-65					
 0> hr	586	99071	127331	16	-1	-76					
 0> hr	587	99063	127317	14	-1	-87					
 0> hr	588	99055	127311	12	-1	-88					
 0> hr	589	99048	127312	9	-1	-83					
 0> hr	590	99049	127304	7	-1	-87					
 0> hr	591	99056	127302	5	-1	-84					
 0> hr	592	99056	127292	2	-1	-90					
 0> hr	593	99051	127289	0	-1	-89					
 0> hr	594	99062	127276	-3	-1	-97					
 0> hr	595	99050	127279	-6	-1	-89					
 0> hr	596	99043	127286	-9	-1	-78					
 0> hr	597	99034	127275	-12	-1	-85					
 0> hr	598	99047	127276	-15	-1	-80					
 0> hr	599	99052	127278	-18	-1	-74					
 0> hr	600	99056	127272	-21	-1	-76					
 0> hr	601	99048	127277	-24	-1	-67					
 0> hr	602	99047	127281	-27	-1	-60					
 0> hr	603	99051	127277	-30	-1	-61					
 0> hr	604	99049	127271	-32	-1	-64					
 0> hr	605	99052	127271	-35	-1	-60					
 0> hr	606	99052	127274	-37	-1	-54					
 0> hr	607	99050	127273	-39	-1	-53					
 0> hr	608	99048	127281	-42	-1	-42					
 0> hr	609	99052	127274	-44	-1	-47					
 0> hr	610	99036	127275	-45	-1	-43					
 0> hr	611	99060	127277	-47	-1	-39					
 0> hr	612	99056	127269	-48	-1	-45					
 0> hr	613	99055	127269	-50	-1	-43					
 0> hr	614	99049	127263	-51	-1	-47					
 0> hr	615	99050	127281	-52	-1	-26					
 0> hr	616	99062	127272	-53	-1	-34					
 0> hr	617	99056	127273	-53	-1	-31					
 0> hr	618	99069	127274	-54	-1	-29					
 0> hr	619	99065	127273	-54	-1	-28					
 0> hr	620	99053	127274	-55	-1	-26					
 0> hr	621	99064	127281	-55	-1	-18					
 0> hr	622	99050	127277	-55	-1	-21					
 0> hr	623	99054	127285	-55	-1	-12					
 0> hr	624	99048	127265	-55	-1	-31					
 0> hr	625	99064	127279	-54	-1	-15					
 0> hr	626	99065	127273	-54	-1	-21					
 0> hr	627	99056	127293	-53	-1	0					
 0> hr	628	99064	127295	-52	-1	1					
 0> hr	629	99070	127301	-52	-1	7					
 0> hr	630	99088	127305	-51	-1	11					
 0> hr	631	99088	127307	-49	-1	12					
 0> hr	632	99075	127299	-48	-1	4					
 0> hr	633	99081	127308	-47	-1	13					
 0> hr	634	99091	127302	-45	-1	6					
 0> hr	635	99095	127315	-44	-1	19					
 0> hr	636	99083	127314	-42	-1	17					
 0> hr	637	99095	127329	-40	-1	31					
 0> hr	638	99096	127308	-38	-1	8					
 0> hr	639	99085	127321	-37	-1	21					
 0> hr	640	99087	127315	-35	-1	14					
 0> hr	641	99078	127333	-33	-1	31					
 0> hr	642	99092	127338	-31	-1	34					
 0> hr	643	99097	127345	-28	-1	40					
 0> hr	644	99097	127349	-26	-1	42					
 0> hr	645	99098	127358	-24	-1	49					
 0> hr	646	99112	127354	-22	-1	42					
 0> hr	647	99112	127362	-19	-1	48					
 0> hr	648	99116	127382	-17	-1	66					
 0> hr	649	99116	127378	-14	-1	58					
 0> hr	650	99109	127385	-12	-1	62					
 0> hr	651	99120	127391	-9	-1	65					
 0> hr	652	99134	127409	-6	-1	80					
 0> hr	653	99134	127412	-3	-1	79					
 0> hr	654	99125	127429	0	0	92					
 0> hr	655	99136	127431	1	0	89					
 0> hr	656	99136	127438	5	1	92					
 0> hr	657	99153	127447	8	1	96					
 0> hr	658	99139	127429	11	1	73					
 0> hr	659	99150	127440	14	1	81					
 0> hr	660	99151	127416	17	1	53					
 0> hr	661	99137	127400	20	1	34					
 0> hr	662	99138	127401	23	1	33					
 0> hr	663	99136	127389	26	1	20					
 0> hr	664	99116	127376	28	1	6					
 0> hr	665	99123	127351	30	1	-19					
 0> hr	666	99122	127358	32	1	-11					
 0> hr	667	99119	127332	33	1	-36					
 0> hr	668	99112	127342	34	1	-24					
 0> hr	669	99116	127326	35	1	-39				83	
 0> hr	670	99109	127311	35	1	-52					
 0> hr	671	99101	127325	35	1	-36					
 0> hr	672	99116	127306	35	1	-53					
 0> hr	673	99101	127304	34	0	-52					
 0> hr	674	99103	127289	34	0	-64			31		
 0> hr	675	99096	127303	32	0	-47			124	93	76.12903226
 0> hr	676	99081	127278	31	0	-70			219	95	74.52631579
 0> hr	677	99103	127277	29	-1	-67			312	93	76.12903226
 0> hr	678	99093	127269	28	-1	-72			401	89	79.5505618
 0> hr	679	99096	127263	25	-1	-74			489	88	80.45454545
 0> hr	680	99085	127254	23	-1	-80			580	91	77.8021978
 0> hr	681	99085	127255	21	-1	-75			672	92	76.95652174
 0> hr	682	99087	127245	18	-1	-81					77.36402959
 0> hr	683	99082	127228	15	-1	-94					
 0> hr	684	99081	127225	12	-1	-92					
 0> hr	685	99083	127238	9	-1	-74					
 0> hr	686	99075	127243	6	-1	-66					
 0> hr	687	99069	127229	3	-1	-76					
 0> hr	688	99081	127226	0	-1	-76					
 0> hr	689	99088	127235	-2	-1	-63					
 0> hr	690	99079	127240	-6	-1	-55					
 0> hr	691	99082	127221	-9	-1	-71					
 0> hr	692	99067	127223	-12	-1	-65					
 0> hr	693	99077	127217	-15	-1	-68					
 0> hr	694	99088	127222	-18	-1	-60					
 0> hr	695	99083	127228	-20	-1	-51					
 0> hr	696	99070	127211	-23	-1	-65					
 0> hr	697	99074	127201	-26	-1	-72					
 0> hr	698	99078	127203	-28	-1	-66					
 0> hr	699	99070	127209	-31	-1	-57					
 0> hr	700	99070	127199	-33	-1	-64					
 0> hr	701	99084	127199	-36	-1	-61					
 0> hr	702	99066	127190	-38	-1	-67					
 0> hr	703	99067	127207	-40	-1	-46					
 0> hr	704	99081	127194	-42	-1	-57					
 0> hr	705	99068	127181	-44	-1	-67					
 0> hr	706	99072	127197	-46	-1	-48<info> app: ^_^ Final HR 91 					
 0> <info> app: [OK]	LED Power 125										
 0> <info> app: BATT Reading...											
# Logging stopped @ 04 Dec 2018 10:03:48											
