# SEGGER J-Link RTT Viewer V6.16a Terminal Log File
# Compiled: 12:44:10 on Jun  6 2017
# Logging started @ 26 Nov 2018 21:21:57
 0> <info> app: ***********  Application started  ***********
 0> 
 0> <info> app: [OK] NRF Power ON 0x0004. 
 0> <info> app: Read MAC:CC34D2110EF6
 0> <info> app: ***********  Sensor initial ***********
 0> <info> app: [OK]	BMI160
 0> <info> app: [OK]	SETUP ACC
 0> <info> app: [OK]	SETUP STEP COUNT
 0> <info> app: [OK]	FLASH MEMORY
 0> <info> app: [OK]	Read and using configuration in flash memory
 0> <info> app: [OK]	Using queue setting from flash memory
 0> <info> app: gender in flash 1
 0> <info> app: [OK]	OLED Initial
 0> <info> app: [OK]	Max30102 Initial, Temperature 32.75
 0> <info> app: ********** End sensor initial *********
 0> 
 0> <info> app: Max30102 Found
 0> 
 0> <info> app: HR Begin
 0> 
 0> <info> app: 510
 0> <info> app: hr,0,24868,4294934953
 0> <info> app: hr,1,24836,4294934952
 0> <info> app: hr,2,24847,4294934924
 0> <info> app: hr,3,24831,4294934955
 0> <info> app: hr,4,24869,4294934930
 0> <info> app: hr,5,24862,4294934993
 0> <info> app: hr,6,24863,4294934956
 0> <info> app: hr,7,24859,4294934924
 0> <info> app: hr,8,24853,4294934991
 0> <info> app: hr,9,24848,4294934990
 0> <info> app: hr,10,24818,4294934970
 0> <info> app: hr,11,24859,4294935019
 0> <info> app: hr,12,24849,4294935000
 0> <info> app: hr,13,24841,4294934994
 0> <info> app: hr,14,24837,4294935007
 0> <info> app: hr,15,24855,4294935011
 0> <info> app: hr,16,24881,4294934980
 0> <info> app: hr,17,24862,4294935010
 0> <info> app: hr,18,24870,4294935046
 0> <info> app: hr,19,24884,4294934993
 0> <info> app: hr,20,24893,4294935028
 0> <info> app: hr,21,24852,4294935079
 0> <info> app: hr,22,24883,4294935046
 0> <info> app: hr,23,24854,4294935035
 0> <info> app: hr,24,24884,4294935041
 0> <info> app: hr,25,24891,4294935027
 0> <info> app: hr,26,24870,4294935035
 0> <info> app: hr,27,24890,4294935028
 0> <info> app: hr,28,24865,4294935049
 0> <info> app: hr,29,24875,4294935044
 0> <info> app: hr,30,24885,4294935034
 0> <info> app: hr,31,24910,4294935047
 0> <info> app: hr,32,24907,4294935026
 0> <info> app: hr,33,24870,4294935054
 0> <info> app: hr,34,24872,4294935048
 0> <info> app: hr,35,24883,4294935054
 0> <info> app: hr,36,24887,4294935070
 0> <info> app: hr,37,24887,4294935073
 0> <info> app: hr,38,24858,4294935065
 0> <info> app: hr,39,24880,4294935055
 0> <info> app: hr,40,24870,4294935049
 0> <info> app: hr,41,24867,4294935112
 0> <info> app: hr,42,24908,4294935084
 0> <info> app: hr,43,24857,4294935077
 0> <info> app: hr,44,24891,4294935110
 0> <info> app: hr,45,24878,4294935077
 0> <info> app: hr,46,24883,4294935064
 0> <info> app: hr,47,24842,4294935050
 0> <info> app: hr,48,24867,4294935036
 0> <info> app: hr,49,24869,4294934999
 0> <info> app: hr,50,24825,4294934920
 0> <info> app: hr,51,24798,4294934830
 0> <info> app: hr,52,24752,4294934697
 0> <info> app: hr,53,24740,4294934566
 0> <info> app: hr,54,24721,32735
 0> <info> app: hr,55,24686,32685
 0> <info> app: hr,56,24689,32630
 0> <info> app: hr,57,24678,32646
 0> <info> app: hr,58,24705,32613
 0> <info> app: hr,59,24649,32658
 0> <info> app: hr,60,24705,32683
 0> <info> app: hr,61,24713,32649
 0> <info> app: hr,62,24704,32691
 0> <info> app: hr,63,24709,32667
 0> <info> app: hr,64,24729,32681
 0> <info> app: hr,65,24699,32633
 0> <info> app: hr,66,24708,32613
 0> <info> app: hr,67,24689,32656
 0> <info> app: hr,68,24719,32608
 0> <info> app: hr,69,24698,32617
 0> <info> app: hr,70,24659,32643
 0> <info> app: hr,71,24704,32649
 0> <info> app: hr,72,24702,32672
 0> <info> app: hr,73,24720,32696
 0> <info> app: hr,74,24731,4294934563
 0> <info> app: hr,75,24758,4294934553
 0> <info> app: hr,76,24757,4294934622
 0> <info> app: hr,77,24806,4294934679
 0> <info> app: hr,78,24768,4294934704
 0> <info> app: hr,79,24753,4294934721
 0> <info> app: hr,80,24774,4294934741
 0> <info> app: hr,81,24799,4294934708
 0> <info> app: hr,82,24752,4294934733
 0> <info> app: hr,83,24806,4294934689
 0> <info> app: hr,84,24785,4294934744
 0> <info> app: hr,85,24773,4294934736
 0> <info> app: hr,86,24820,4294934732
 0> <info> app: hr,87,24780,4294934747
 0> <info> app: hr,88,24784,4294934745
 0> <info> app: hr,89,24785,4294934755
 0> <info> app: hr,90,24791,4294934789
 0> <info> app: hr,91,24803,4294934790
 0> <info> app: hr,92,24808,4294934839
 0> <info> app: hr,93,24819,4294934815
 0> <info> app: hr,94,24780,4294934839
 0> <info> app: hr,95,24813,4294934848
 0> <info> app: hr,96,24795,4294934838
 0> <info> app: hr,97,24828,4294934822
 0> <info> app: hr,98,24763,4294934899
 0> <info> app: hr,99,24819,4294934854
 0> <info> app: hr,100,24789,4294934889
 0> <info> app: hr,101,24812,4294934893
 0> <info> app: hr,102,24813,4294934896
 0> <info> app: hr,103,24813,4294934916
 0> <info> app: hr,104,24786,4294934906
 0> <info> app: hr,105,24816,4294934882
 0> <info> app: hr,106,24798,4294934914
 0> <info> app: hr,107,24790,4294934940
 0> <info> app: hr,108,24843,4294934949
 0> <info> app: hr,109,24817,4294934900
 0> <info> app: hr,110,24831,4294934934
 0> <info> app: hr,111,24805,4294934962
 0> <info> app: hr,112,24846,4294934943
 0> <info> app: hr,113,24805,4294934936
 0> <info> app: hr,114,24816,4294934940
 0> <info> app: hr,115,24789,4294934916
 0> <info> app: hr,116,24860,4294934977
 0> <info> app: hr,117,24847,4294934925
 0> <info> app: hr,118,24830,4294934966
 0> <info> app: hr,119,24821,4294934976
 0> <info> app: hr,120,24855,4294934989
 0> <info> app: hr,121,24821,4294934967
 0> <info> app: hr,122,24830,4294934976
 0> <info> app: hr,123,24818,4294934950
 0> <info> app: hr,124,24812,4294934981
 0> <info> app: hr,125,24827,4294935002
 0> <info> app: hr,126,24829,4294934970
 0> <info> app: hr,127,24832,4294934970
 0> <info> app: hr,128,24827,4294935001
 0> <info> app: hr,129,24811,4294934998
 0> <info> app: hr,130,24818,4294935012
 0> <info> app: hr,131,24809,4294935003
 0> <info> app: hr,132,24845,4294934990
 0> <info> app: hr,133,24837,4294935007
 0> <info> app: hr,134,24828,4294935011
 0> <info> app: hr,135,24820,4294935048
 0> <info> app: hr,136,24832,4294935000
 0> <info> app: hr,137,24845,4294935001
 0> <info> app: hr,138,24840,4294935011
 0> <info> app: hr,139,24839,4294935043
 0> <info> app: hr,140,24865,4294935034
 0> <info> app: hr,141,24802,4294935053
 0> <info> app: hr,142,24815,4294935022
 0> <info> app: hr,143,24823,4294935029
 0> <info> app: hr,144,24809,4294935043
 0> <info> app: hr,145,24814,4294935070
 0> <info> app: hr,146,24845,4294935028
 0> <info> app: hr,147,24842,4294935018
 0> <info> app: hr,148,24820,4294935037
 0> <info> app: hr,149,24826,4294935030
 0> <info> app: hr,150,24809,4294935022
 0> <info> app: hr,151,24820,4294935043
 0> <info> app: hr,152,24814,4294935081
 0> <info> app: hr,153,24817,4294935059
 0> <info> app: hr,154,24810,4294935037
 0> <info> app: hr,155,24833,4294935048
 0> <info> app: hr,156,24835,4294935030
 0> <info> app: hr,157,24796,4294935032
 0> <info> app: hr,158,24783,4294934986
 0> <info> app: hr,159,24806,4294934947
 0> <info> app: hr,160,24772,4294934908
 0> <info> app: hr,161,24773,4294934798
 0> <info> app: hr,162,24710,4294934653
 0> <info> app: hr,163,24690,4294934534
 0> <info> app: hr,164,24674,32691
 0> <info> app: hr,165,24702,32643
 0> <info> app: hr,166,24635,32650
 0> <info> app: hr,167,24668,32642
 0> <info> app: hr,168,24679,32645
 0> <info> app: hr,169,24665,32652
 0> <info> app: hr,170,24662,32656
 0> <info> app: hr,171,24683,32687
 0> <info> app: hr,172,24698,32606
 0> <info> app: hr,173,24634,32634
 0> <info> app: hr,174,24660,32594
 0> <info> app: hr,175,24634,32596
 0> <info> app: hr,176,24647,32621
 0> <info> app: hr,177,24678,32629
 0> <info> app: hr,178,24637,32631
 0> <info> app: hr,179,24639,32568
 0> <info> app: hr,180,24652,32594
 0> <info> app: hr,181,24674,32628
 0> <info> app: hr,182,24652,32648
 0> <info> app: hr,183,24659,32677
 0> <info> app: hr,184,24672,32754
 0> <info> app: hr,185,24657,4294934617
 0> <info> app: hr,186,24712,4294934591
 0> <info> app: hr,187,24707,4294934646
 0> <info> app: hr,188,24748,4294934670
 0> <info> app: hr,189,24753,4294934702
 0> <info> app: hr,190,24732,4294934710
 0> <info> app: hr,191,24729,4294934703
 0> <info> app: hr,192,24731,4294934685
 0> <info> app: hr,193,24738,4294934683
 0> <info> app: hr,194,24766,4294934708
 0> <info> app: hr,195,24727,4294934705
 0> <info> app: hr,196,24735,4294934716
 0> <info> app: hr,197,24760,4294934719
 0> <info> app: hr,198,24752,4294934762
 0> <info> app: hr,199,24725,4294934759
 0> <info> app: hr,200,24723,4294934761
 0> <info> app: hr,201,24745,4294934817
 0> <info> app: hr,202,24757,4294934814
 0> <info> app: hr,203,24761,4294934779
 0> <info> app: hr,204,24752,4294934795
 0> <info> app: hr,205,24740,4294934843
 0> <info> app: hr,206,24768,4294934836
 0> <info> app: hr,207,24757,4294934832
 0> <info> app: hr,208,24741,4294934816
 0> <info> app: hr,209,24775,4294934855
 0> <info> app: hr,210,24755,4294934835
 0> <info> app: hr,211,24748,4294934843
 0> <info> app: hr,212,24733,4294934870
 0> <info> app: hr,213,24768,4294934863
 0> <info> app: hr,214,24736,4294934873
 0> <info> app: hr,215,24769,4294934887
 0> <info> app: hr,216,24765,4294934852
 0> <info> app: hr,217,24757,4294934864
 0> <info> app: hr,218,24787,4294934886
 0> <info> app: hr,219,24787,4294934870
 0> <info> app: hr,220,24755,4294934898
 0> <info> app: hr,221,24763,4294934904
 0> <info> app: hr,222,24784,4294934876
 0> <info> app: hr,223,24784,4294934917
 0> <info> app: hr,224,24748,4294934868
 0> <info> app: hr,225,24756,4294934912
 0> <info> app: hr,226,24785,4294934914
 0> <info> app: hr,227,24756,4294934954
 0> <info> app: hr,228,24762,4294934919
 0> <info> app: hr,229,24751,4294934899
 0> <info> app: hr,230,24774,4294934908
 0> <info> app: hr,231,24800,4294934928
 0> <info> app: hr,232,24773,4294934918
 0> <info> app: hr,233,24798,4294934953
 0> <info> app: hr,234,24771,4294934951
 0> <info> app: hr,235,24770,4294934972
 0> <info> app: hr,236,24768,4294934923
 0> <info> app: hr,237,24793,4294934951
 0> <info> app: hr,238,24817,4294934979
 0> <info> app: hr,239,24785,4294934960
 0> <info> app: hr,240,24777,4294934966
 0> <info> app: hr,241,24773,4294934967
 0> <info> app: hr,242,24774,4294934974
 0> <info> app: hr,243,24784,4294934957
 0> <info> app: hr,244,24824,4294934977
 0> <info> app: hr,245,24785,4294934971
 0> <info> app: hr,246,24772,4294934944
 0> <info> app: hr,247,24815,4294934950
 0> <info> app: hr,248,24785,4294934966
 0> <info> app: hr,249,24764,4294934990
 0> <info> app: hr,250,24805,4294934992
 0> <info> app: hr,251,24761,4294934968
 0> <info> app: hr,252,24814,4294934996
 0> <info> app: hr,253,24796,4294934990
 0> <info> app: hr,254,24769,4294934993
 0> <info> app: hr,255,24745,4294935010
 0> <info> app: hr,256,24783,4294934983
 0> <info> app: hr,257,24773,4294935014
 0> <info> app: hr,258,24760,4294934995
 0> <info> app: hr,259,24770,4294935006
 0> <info> app: hr,260,24780,4294935016
 0> <info> app: hr,261,24815,4294935032
 0> <info> app: hr,262,24785,4294934998
 0> <info> app: hr,263,24792,4294935006
 0> <info> app: hr,264,24799,4294935033
 0> <info> app: hr,265,24808,4294935020
 0> <info> app: hr,266,24783,4294935049
 0> <info> app: hr,267,24788,4294935007
 0> <info> app: hr,268,24787,4294935008
 0> <info> app: hr,269,24763,4294935015
 0> <info> app: hr,270,24812,4294935042
 0> <info> app: hr,271,24770,4294935023
 0> <info> app: hr,272,24784,4294934993
 0> <info> app: hr,273,24732,4294934944
 0> <info> app: hr,274,24741,4294934862
 0> <info> app: hr,275,24705,4294934782
 0> <info> app: hr,276,24687,4294934632
 0> <info> app: hr,277,24656,4294934556
 0> <info> app: hr,278,24633,32705
 0> <info> app: hr,279,24618,32675
 0> <info> app: hr,280,24644,32681
 0> <info> app: hr,281,24623,32616
 0> <info> app: hr,282,24623,32610
 0> <info> app: hr,283,24630,32635
 0> <info> app: hr,284,24621,32643
 0> <info> app: hr,285,24616,32608
 0> <info> app: hr,286,24625,32617
 0> <info> app: hr,287,24604,32600
 0> <info> app: hr,288,24627,32634
 0> <info> app: hr,289,24602,32579
 0> <info> app: hr,290,24598,32545
 0> <info> app: hr,291,24637,32567
 0> <info> app: hr,292,24613,32544
 0> <info> app: hr,293,24606,32554
 0> <info> app: hr,294,24621,32542
 0> <info> app: hr,295,24603,32565
 0> <info> app: hr,296,24618,32547
 0> <info> app: hr,297,24657,32602
 0> <info> app: hr,298,24638,32639
 0> <info> app: hr,299,24649,32713
 0> <info> app: hr,300,24660,32743
 0> <info> app: hr,301,24678,32759
 0> <info> app: hr,302,24684,4294934565
 0> <info> app: hr,303,24687,4294934600
 0> <info> app: hr,304,24648,4294934609
 0> <info> app: hr,305,24689,4294934599
 0> <info> app: hr,306,24684,4294934601
 0> <info> app: hr,307,24703,4294934604
 0> <info> app: hr,308,24697,4294934597
 0> <info> app: hr,309,24653,4294934611
 0> <info> app: hr,310,24666,4294934615
 0> <info> app: hr,311,24695,4294934636
 0> <info> app: hr,312,24710,4294934653
 0> <info> app: hr,313,24697,4294934672
 0> <info> app: hr,314,24693,4294934669
 0> <info> app: hr,315,24725,4294934664
 0> <info> app: hr,316,24693,4294934697
 0> <info> app: hr,317,24707,4294934744
 0> <info> app: hr,318,24729,4294934753
 0> <info> app: hr,319,24742,4294934736
 0> <info> app: hr,320,24701,4294934780
 0> <info> app: hr,321,24756,4294934763
 0> <info> app: hr,322,24703,4294934768
 0> <info> app: hr,323,24746,4294934760
 0> <info> app: hr,324,24708,4294934772
 0> <info> app: hr,325,24687,4294934785
 0> <info> app: hr,326,24751,4294934780
 0> <info> app: hr,327,24724,4294934815
 0> <info> app: hr,328,24687,4294934775
 0> <info> app: hr,329,24738,4294934847
 0> <info> app: hr,330,24737,4294934829
 0> <info> app: hr,331,24718,4294934838
 0> <info> app: hr,332,24728,4294934875
 0> <info> app: hr,333,24744,4294934847
 0> <info> app: hr,334,24708,4294934856
 0> <info> app: hr,335,24722,4294934853
 0> <info> app: hr,336,24773,4294934854
 0> <info> app: hr,337,24727,4294934840
 0> <info> app: hr,338,24728,4294934884
 0> <info> app: hr,339,24731,4294934884
 0> <info> app: hr,340,24759,4294934876
 0> <info> app: hr,341,24726,4294934904
 0> <info> app: hr,342,24751,4294934911
 0> <info> app: hr,343,24775,4294934905
 0> <info> app: hr,344,24780,4294934917
 0> <info> app: hr,345,24726,4294934890
 0> <info> app: hr,346,24748,4294934927
 0> <info> app: hr,347,24765,4294934918
 0> <info> app: hr,348,24753,4294934926
 0> <info> app: hr,349,24738,4294934925
 0> <info> app: hr,350,24744,4294934898
 0> <info> app: hr,351,24738,4294934936
 0> <info> app: hr,352,24736,4294934936
 0> <info> app: hr,353,24726,4294934954
 0> <info> app: hr,354,24784,4294934933
 0> <info> app: hr,355,24741,4294934976
 0> <info> app: hr,356,24735,4294934939
 0> <info> app: hr,357,24772,4294934949
 0> <info> app: hr,358,24788,4294934930
 0> <info> app: hr,359,24740,4294934947
 0> <info> app: hr,360,24763,4294934951
 0> <info> app: hr,361,24772,4294934949
 0> <info> app: hr,362,24761,4294934966
 0> <info> app: hr,363,24763,4294934962
 0> <info> app: hr,364,24745,4294935003
 0> <info> app: hr,365,24761,4294934970
 0> <info> app: hr,366,24790,4294934949
 0> <info> app: hr,367,24764,4294934960
 0> <info> app: hr,368,24778,4294934991
 0> <info> app: hr,369,24799,4294934982
 0> <info> app: hr,370,24780,4294935017
 0> <info> app: hr,371,24767,4294935019
 0> <info> app: hr,372,24760,4294935001
 0> <info> app: hr,373,24776,4294934973
 0> <info> app: hr,374,24777,4294935006
 0> <info> app: hr,375,24753,4294934978
 0> <info> app: hr,376,24756,4294935005
 0> <info> app: hr,377,24770,4294935029
 0> <info> app: hr,378,24783,4294935017
 0> <info> app: hr,379,24788,4294934994
 0> <info> app: hr,380,24790,4294935015
 0> <info> app: hr,381,24770,4294934999
 0> <info> app: hr,382,24793,4294934991
 0> <info> app: hr,383,24750,4294935006
 0> <info> app: hr,384,24765,4294935032
 0> <info> app: hr,385,24742,4294934993
 0> <info> app: hr,386,24740,4294934950
 0> <info> app: hr,387,24700,4294934853
 0> <info> app: hr,388,24723,4294934759
 0> <info> app: hr,389,24681,4294934661
 0> <info> app: hr,390,24678,4294934552
 0> <info> app: hr,391,24578,32692
 0> <info> app: hr,392,24583,32586
 0> <info> app: hr,393,24585,32600
 0> <info> app: hr,394,24606,32593
 0> <info> app: hr,395,24608,32590
 0> <info> app: hr,396,24587,32601
 0> <info> app: hr,397,24612,32629
 0> <info> app: hr,398,24580,32595
 0> <info> app: hr,399,24590,32587
 0> <info> app: hr,400,24569,32581
 0> <info> app: hr,401,24578,32571
 0> <info> app: hr,402,24594,32559
 0> <info> app: hr,403,24572,32557
 0> <info> app: hr,404,24595,32549
 0> <info> app: hr,405,24598,32550
 0> <info> app: hr,406,24579,32532
 0> <info> app: hr,407,24598,32573
 0> <info> app: hr,408,24580,32586
 0> <info> app: hr,409,24610,32606
 0> <info> app: hr,410,24595,32650
 0> <info> app: hr,411,24619,32693
 0> <info> app: hr,412,24646,32740
 0> <info> app: hr,413,24635,4294934560
 0> <info> app: hr,414,24669,4294934598
 0> <info> app: hr,415,24650,4294934597
 0> <info> app: hr,416,24615,4294934630
 0> <info> app: hr,417,24648,4294934616
 0> <info> app: hr,418,24632,4294934649
 0> <info> app: hr,419,24664,4294934596
 0> <info> app: hr,420,24636,4294934612
 0> <info> app: hr,421,24638,4294934615
 0> <info> app: hr,422,24680,4294934665
 0> <info> app: hr,423,24637,4294934643
 0> <info> app: hr,424,24666,4294934669
 0> <info> app: hr,425,24647,4294934687
 0> <info> app: hr,426,24689,4294934676
 0> <info> app: hr,427,24665,4294934676
 0> <info> app: hr,428,24666,4294934726
 0> <info> app: hr,429,24640,4294934757
 0> <info> app: hr,430,24654,4294934721
 0> <info> app: hr,431,24672,4294934732
 0> <info> app: hr,432,24681,4294934773
 0> <info> app: hr,433,24685,4294934788
 0> <info> app: hr,434,24681,4294934771
 0> <info> app: hr,435,24648,4294934816
 0> <info> app: hr,436,24667,4294934795
 0> <info> app: hr,437,24700,4294934844
 0> <info> app: hr,438,24667,4294934806
 0> <info> app: hr,439,24685,4294934813
 0> <info> app: hr,440,24689,4294934851
 0> <info> app: hr,441,24701,4294934843
 0> <info> app: hr,442,24718,4294934827
 0> <info> app: hr,443,24713,4294934857
 0> <info> app: hr,444,24701,4294934869
 0> <info> app: hr,445,24713,4294934850
 0> <info> app: hr,446,24687,4294934849
 0> <info> app: hr,447,24691,4294934849
 0> <info> app: hr,448,24702,4294934841
 0> <info> app: hr,449,24727,4294934881
 0> <info> app: hr,450,24702,4294934866
 0> <info> app: hr,451,24727,4294934870
 0> <info> app: hr,452,24727,4294934894
 0> <info> app: hr,453,24713,4294934904
 0> <info> app: hr,454,24715,4294934892
 0> <info> app: hr,455,24713,4294934865
 0> <info> app: hr,456,24753,4294934881
 0> <info> app: hr,457,24714,4294934930
 0> <info> app: hr,458,24736,4294934902
 0> <info> app: hr,459,24732,4294934872
 0> <info> app: hr,460,24714,4294934922
 0> <info> app: hr,461,24736,4294934908
 0> <info> app: hr,462,24690,4294934912
 0> <info> app: hr,463,24713,4294934931
 0> <info> app: hr,464,24705,4294934928
 0> <info> app: hr,465,24713,4294934922
 0> <info> app: hr,466,24723,4294934950
 0> <info> app: hr,467,24737,4294934949
 0> <info> app: hr,468,24738,4294934946
 0> <info> app: hr,469,24730,4294934942
 0> <info> app: hr,470,24729,4294934922
 0> <info> app: hr,471,24749,4294934966
 0> <info> app: hr,472,24753,4294934910
 0> <info> app: hr,473,24709,4294934942
 0> <info> app: hr,474,24709,4294934939
 0> <info> app: hr,475,24777,4294934931
 0> <info> app: hr,476,24705,4294934952
 0> <info> app: hr,477,24743,4294934998
 0> <info> app: hr,478,24739,4294934996
 0> <info> app: hr,479,24729,4294934992
 0> <info> app: hr,480,24710,4294934977
 0> <info> app: hr,481,24734,4294934978
 0> <info> app: hr,482,24722,4294935010
 0> <info> app: hr,483,24744,4294935014
 0> <info> app: hr,484,24736,4294934976
 0> <info> app: hr,485,24706,4294935000
 0> <info> app: hr,486,24743,4294935001
 0> <info> app: hr,487,24725,4294934975
 0> <info> app: hr,488,24744,4294935018
 0> <info> app: hr,489,24732,4294935010
 0> <info> app: hr,490,24742,4294935025
 0> <info> app: hr,491,24748,4294934983
 0> <info> app: hr,492,24757,4294935046
 0> <info> app: hr,493,24755,4294935011
 0> <info> app: hr,494,24720,4294934987
 0> <info> app: hr,495,24717,4294934978
 0> <info> app: hr,496,24701,4294934932
 0> <info> app: hr,497,24699,4294934882
 0> <info> app: hr,498,24638,4294934802
 0> <info> app: hr,499,24654,4294934725
 0> <info> app: hr,500,24641,4294934636
 0> <info> app: hr,501,24619,4294934551
 0> <info> app: hr,502,24611,32730
 0> <info> app: hr,503,24587,32719
 0> <info> app: hr,504,24614,32686
 0> <info> app: hr,505,24590,32726
 0> <info> app: hr,506,24630,32727
 0> <info> app: hr,507,24586,32730
 0> <info> app: hr,508,24606,32716
 0> <info> app: hr,509,24637,4294934532
 0> <info> app: ***********  Application started  ***********
 0> 
 0> <info> app: [OK] NRF Power ON 0x0004. 
 0> <info> app: Read MAC:CC34D2110EF6
 0> <info> app: ***********  Sensor initial ***********
 0> <info> app: [OK]	BMI160
 0> <info> app: [OK]	SETUP ACC
 0> <info> app: [OK]	SETUP STEP COUNT
 0> <info> app: [OK]	FLASH MEMORY
 0> <info> app: [OK]	Read and using configuration in flash memory
 0> <info> app: [OK]	Using queue setting from flash memory
 0> <info> app: gender in flash 1
 0> <info> app: [OK]	OLED Initial
 0> <info> app: [OK]	Max30102 Initial, Temperature 32.87
 0> <info> app: ********** End sensor initial *********
 0> 
 0> <info> app: Max30102 Found
 0> 
 0> <info> app: HR Begin
 0> 
 0> <info> app: 510
 0> <info> app: hr,0,4294951769,1255
 0> <info> app: hr,1,4294951778,1210
 0> <info> app: hr,2,4294951816,1181
 0> <info> app: hr,3,4294951818,1270
 0> <info> app: hr,4,4294951808,1220
 0> <info> app: hr,5,4294951815,1193
 0> <info> app: hr,6,4294951776,1232
 0> <info> app: hr,7,4294951747,1257
 0> <info> app: hr,8,4294951798,1250
 0> <info> app: hr,9,4294951760,1202
 0> <info> app: hr,10,4294951793,1253
 0> <info> app: hr,11,4294951767,1241
 0> <info> app: hr,12,4294951801,1206
 0> <info> app: hr,13,4294951830,1273
 0> <info> app: hr,14,4294951772,1242
 0> <info> app: hr,15,4294951852,1233
 0> <info> app: hr,16,4294951766,1242
 0> <info> app: hr,17,4294951727,1237
 0> <info> app: hr,18,4294951780,1212
 0> <info> app: hr,19,4294951776,1272
 0> <info> app: hr,20,4294951802,1198
 0> <info> app: hr,21,4294951713,1224
 0> <info> app: hr,22,4294951811,1262
 0> <info> app: hr,23,4294951788,1161
 0> <info> app: hr,24,4294951790,1257
 0> <info> app: hr,25,4294951779,1270
 0> <info> app: hr,26,4294951792,1284
 0> <info> app: hr,27,4294951752,1195
 0> <info> app: hr,28,4294951774,1248
 0> <info> app: hr,29,4294951835,1255
 0> <info> app: hr,30,4294951796,1295
 0> <info> app: hr,31,4294951767,1298
 0> <info> app: hr,32,4294951720,1234
 0> <info> app: hr,33,4294951789,1243
 0> <info> app: hr,34,4294951733,1228
 0> <info> app: hr,35,4294951824,1273
 0> <info> app: hr,36,4294951795,1272
 0> <info> app: hr,37,4294951749,1282
 0> <info> app: hr,38,4294951778,1246
 0> <info> app: hr,39,4294951795,1255
 0> <info> app: hr,40,4294951771,1207
 0> <info> app: hr,41,4294951795,1227
 0> <info> app: hr,42,4294951747,1245
 0> <info> app: hr,43,4294951738,1247
 0> <info> app: hr,44,4294951762,1286
 0> <info> app: hr,45,4294951785,1221
 0> <info> app: hr,46,4294951745,1239
 0> <info> app: hr,47,4294951740,1217
 0> <info> app: hr,48,4294951782,1275
 0> <info> app: hr,49,4294951752,1224
 0> <info> app: hr,50,4294951754,1172
 0> <info> app: hr,51,4294951824,1197
 0> <info> app: hr,52,4294951755,1233
 0> <info> app: hr,53,4294951718,1223
 0> <info> app: hr,54,4294951769,1214
 0> <info> app: hr,55,4294951712,1255
 0> <info> app: hr,56,4294951717,1223
 0> <info> app: hr,57,4294951780,1220
 0> <info> app: hr,58,4294951770,1230
 0> <info> app: hr,59,4294951712,1134
 0> <info> app: hr,60,4294951720,1270
 0> <info> app: hr,61,4294951824,1221
 0> <info> app: hr,62,4294951761,1129
 0> <info> app: hr,63,4294951749,1249
 0> <info> app: hr,64,4294951770,1265
 0> <info> app: hr,65,4294951702,1170
 0> <info> app: hr,66,4294951712,1224
 0> <info> app: hr,67,4294951754,1120
 0> <info> app: hr,68,4294951739,1204
 0> <info> app: hr,69,4294951716,1124
 0> <info> app: hr,70,4294951812,1224
 0> <info> app: hr,71,4294951770,1154
 0> <info> app: hr,72,4294951757,1147
 0> <info> app: hr,73,4294951757,1183
 0> <info> app: hr,74,4294951780,1179
 0> <info> app: hr,75,4294951794,1189
 0> <info> app: hr,76,4294951789,1245
 0> <info> app: hr,77,4294951719,1235
 0> <info> app: hr,78,4294951756,1228
 0> <info> app: hr,79,4294951732,1247
 0> <info> app: hr,80,4294951767,1226
 0> <info> app: hr,81,4294951723,1158
 0> <info> app: hr,82,4294951730,1170
 0> <info> app: hr,83,4294951712,1213
 0> <info> app: hr,84,4294951709,1200
 0> <info> app: hr,85,4294951794,1253
 0> <info> app: hr,86,4294951721,1219
 0> <info> app: hr,87,4294951775,1171
 0> <info> app: hr,88,4294951821,1213
 0> <info> app: hr,89,4294951720,1190
 0> <info> app: hr,90,4294951733,1184
 0> <info> app: hr,91,4294951700,1228
 0> <info> app: hr,92,4294951738,1196
 0> <info> app: hr,93,4294951721,1290
 0> <info> app: hr,94,4294951694,1219
 0> <info> app: hr,95,4294951727,1220
 0> <info> app: hr,96,4294951708,1219
 0> <info> app: hr,97,4294951751,1230
 0> <info> app: hr,98,4294951742,1234
 0> <info> app: hr,99,4294951691,1179
 0> <info> app: hr,100,4294951725,1226
 0> <info> app: hr,101,4294951738,1158
 0> <info> app: hr,102,4294951726,1183
 0> <info> app: hr,103,4294951681,1240
 0> <info> app: hr,104,4294951749,1185
 0> <info> app: hr,105,4294951709,1184
 0> <info> app: hr,106,4294951748,1219
 0> <info> app: hr,107,4294951673,1254
 0> <info> app: hr,108,4294951703,1260
 0> <info> app: hr,109,4294951706,1178
 0> <info> app: hr,110,4294951677,1122
 0> <info> app: hr,111,4294951729,1220
 0> <info> app: hr,112,4294951738,1173
 0> <info> app: hr,113,4294951694,1172
 0> <info> app: hr,114,4294951698,1233
 0> <info> app: hr,115,4294951715,1205
 0> <info> app: hr,116,4294951734,1245
 0> <info> app: hr,117,4294951686,1248
 0> <info> app: hr,118,4294951762,1217
 0> <info> app: hr,119,4294951736,1235
 0> <info> app: hr,120,4294951743,1285
 0> <info> app: hr,121,4294951722,1210
 0> <info> app: hr,122,4294951779,1211
 0> <info> app: hr,123,4294951741,1287
 0> <info> app: hr,124,4294951746,1186
 0> <info> app: hr,125,4294951739,1200
 0> <info> app: hr,126,4294951741,1218
 0> <info> app: hr,127,4294951766,1260
 0> <info> app: hr,128,4294951703,1296
 0> <info> app: hr,129,4294951727,1245
 0> <info> app: hr,130,4294951786,1269
 0> <info> app: hr,131,4294951750,1250
 0> <info> app: hr,132,4294951792,1270
 0> <info> app: hr,133,4294951788,1247
 0> <info> app: hr,134,4294951718,1261
 0> <info> app: hr,135,4294951711,1256
 0> <info> app: hr,136,4294951730,1244
 0> <info> app: hr,137,4294951734,1266
 0> <info> app: hr,138,4294951791,1317
 0> <info> app: hr,139,4294951752,1270
 0> <info> app: hr,140,4294951709,1234
 0> <info> app: hr,141,4294951671,1227
 0> <info> app: hr,142,4294951781,1260
 0> <info> app: hr,143,4294951755,1275
 0> <info> app: hr,144,4294951640,1260
 0> <info> app: hr,145,4294951741,1236
 0> <info> app: hr,146,4294951775,1261
 0> <info> app: hr,147,4294951741,1258
 0> <info> app: hr,148,4294951750,1264
 0> <info> app: hr,149,4294951760,1240
 0> <info> app: hr,150,4294951696,1252
 0> <info> app: hr,151,4294951702,1252
 0> <info> app: hr,152,4294951724,1322
 0> <info> app: hr,153,4294951692,1263
 0> <info> app: hr,154,4294951743,1251
 0> <info> app: hr,155,4294951751,1226
 0> <info> app: hr,156,4294951734,1239
 0> <info> app: hr,157,4294951740,1264
 0> <info> app: hr,158,4294951755,1245
 0> <info> app: hr,159,4294951786,1252
 0> <info> app: hr,160,4294951680,1186
 0> <info> app: hr,161,4294951750,1278
 0> <info> app: hr,162,4294951687,1232
 0> <info> app: hr,163,4294951733,1170
 0> <info> app: hr,164,4294951720,1283
 0> <info> app: hr,165,4294951722,1189
 0> <info> app: hr,166,4294951717,1288
 0> <info> app: hr,167,4294951785,1283
 0> <info> app: hr,168,4294951699,1255
 0> <info> app: hr,169,4294951791,1260
 0> <info> app: hr,170,4294951731,1254
 0> <info> app: hr,171,4294951757,1242
 0> <info> app: hr,172,4294951727,1169
 0> <info> app: hr,173,4294951727,1163
 0> <info> app: hr,174,4294951699,1266
 0> <info> app: hr,175,4294951671,1200
 0> <info> app: hr,176,4294951715,1198
 0> <info> app: hr,177,4294951683,1189
 0> <info> app: hr,178,4294951783,1197
 0> <info> app: hr,179,4294951612,1206
 0> <info> app: hr,180,4294951658,1175
 0> <info> app: hr,181,4294951703,1201
 0> <info> app: hr,182,4294951709,1238
 0> <info> app: hr,183,4294951740,1267
 0> <info> app: hr,184,4294951694,1236
 0> <info> app: hr,185,4294951699,1288
 0> <info> app: hr,186,4294951690,1233
 0> <info> app: hr,187,4294951717,1208
 0> <info> app: hr,188,4294951706,1223
 0> <info> app: hr,189,4294951726,1211
 0> <info> app: hr,190,4294951698,1197
 0> <info> app: hr,191,4294951615,1220
 0> <info> app: hr,192,4294951706,1220
 0> <info> app: hr,193,4294951708,1261
 0> <info> app: hr,194,4294951730,1239
 0> <info> app: hr,195,4294951688,1272
 0> <info> app: hr,196,4294951703,1194
 0> <info> app: hr,197,4294951697,1174
 0> <info> app: hr,198,4294951706,1254
 0> <info> app: hr,199,4294951714,1182
 0> <info> app: hr,200,4294951686,1130
 0> <info> app: hr,201,4294951768,1197
 0> <info> app: hr,202,4294951720,1191
 0> <info> app: hr,203,4294951654,1204
 0> <info> app: hr,204,4294951674,1157
 0> <info> app: hr,205,4294951669,1193
 0> <info> app: hr,206,4294951702,1248
 0> <info> app: hr,207,4294951672,1216
 0> <info> app: hr,208,4294951735,1194
 0> <info> app: hr,209,4294951689,1210
 0> <info> app: hr,210,4294951621,1184
 0> <info> app: hr,211,4294951671,1229
 0> <info> app: hr,212,4294951711,1244
 0> <info> app: hr,213,4294951703,1212
 0> <info> app: hr,214,4294951747,1236
 0> <info> app: hr,215,4294951720,1250
 0> <info> app: hr,216,4294951665,1236
 0> <info> app: hr,217,4294951629,1234
 0> <info> app: hr,218,4294951701,1227
 0> <info> app: hr,219,4294951763,1238
 0> <info> app: hr,220,4294951695,1191
 0> <info> app: hr,221,4294951710,1242
 0> <info> app: hr,222,4294951720,1255
 0> <info> app: hr,223,4294951644,1200
 0> <info> app: hr,224,4294951721,1264
 0> <info> app: hr,225,4294951710,1195
 0> <info> app: hr,226,4294951729,1243
 0> <info> app: hr,227,4294951697,1253
 0> <info> app: hr,228,4294951694,1316
 0> <info> app: hr,229,4294951641,1193
 0> <info> app: hr,230,4294951694,1197
 0> <info> app: hr,231,4294951751,1207
 0> <info> app: hr,232,4294951712,1178
 0> <info> app: hr,233,4294951668,1290
 0> <info> app: hr,234,4294951704,1260
 0> <info> app: hr,235,4294951710,1212
 0> <info> app: hr,236,4294951726,1292
 0> <info> app: hr,237,4294951700,1263
 0> <info> app: hr,238,4294951685,1282
 0> <info> app: hr,239,4294951724,1303
 0> <info> app: hr,240,4294951786,1283
 0> <info> app: hr,241,4294951712,1233
 0> <info> app: hr,242,4294951640,1233
 0> <info> app: hr,243,4294951744,1269
 0> <info> app: hr,244,4294951677,1267
 0> <info> app: hr,245,4294951685,1194
 0> <info> app: hr,246,4294951700,1271
 0> <info> app: hr,247,4294951675,1260
 0> <info> app: hr,248,4294951749,1303
 0> <info> app: hr,249,4294951730,1303
 0> <info> app: hr,250,4294951746,1238
 0> <info> app: hr,251,4294951711,1245
 0> <info> app: hr,252,4294951706,1307
 0> <info> app: hr,253,4294951650,1338
 0> <info> app: hr,254,4294951692,1228
 0> <info> app: hr,255,4294951683,1233
 0> <info> app: hr,256,4294951695,1321
 0> <info> app: hr,257,4294951692,1294
 0> <info> app: hr,258,4294951702,1232
 0> <info> app: hr,259,4294951686,1342
 0> <info> app: hr,260,4294951697,1260
 0> <info> app: hr,261,4294951733,1236
 0> <info> app: hr,262,4294951732,1275
 0> <info> app: hr,263,4294951673,1228
 0> <info> app: hr,264,4294951654,1269
 0> <info> app: hr,265,4294951719,1262
 0> <info> app: hr,266,4294951736,1241
 0> <info> app: hr,267,4294951727,1220
 0> <info> app: hr,268,4294951759,1234
 0> <info> app: hr,269,4294951692,1280
 0> <info> app: hr,270,4294951683,1201
 0> <info> app: hr,271,4294951639,1254
 0> <info> app: hr,272,4294951710,1174
 0> <info> app: hr,273,4294951645,1224
 0> <info> app: hr,274,4294951705,1191
 0> <info> app: hr,275,4294951663,1186
 0> <info> app: hr,276,4294951648,1144
 0> <info> app: hr,277,4294951658,1165
 0> <info> app: hr,278,4294951651,1104
 0> <info> app: hr,279,4294951749,1196
 0> <info> app: hr,280,4294951689,1161
 0> <info> app: hr,281,4294951698,1236
 0> <info> app: hr,282,4294951695,1184
 0> <info> app: hr,283,4294951607,1125
 0> <info> app: hr,284,4294951630,1162
 0> <info> app: hr,285,4294951655,1160
 0> <info> app: hr,286,4294951677,1228
 0> <info> app: hr,287,4294951665,1249
 0> <info> app: hr,288,4294951629,1226
 0> <info> app: hr,289,4294951689,1144
 0> <info> app: hr,290,4294951641,1243
 0> <info> app: hr,291,4294951654,1185
 0> <info> app: hr,292,4294951697,1211
 0> <info> app: hr,293,4294951689,1217
 0> <info> app: hr,294,4294951663,1202
 0> <info> app: hr,295,4294951678,1234
 0> <info> app: hr,296,4294951693,1214
 0> <info> app: hr,297,4294951673,1210
 0> <info> app: hr,298,4294951622,1189
 0> <info> app: hr,299,4294951645,1160
 0> <info> app: hr,300,4294951645,1240
 0> <info> app: hr,301,4294951610,1174
 0> <info> app: hr,302,4294951650,1140
 0> <info> app: hr,303,4294951698,1194
 0> <info> app: hr,304,4294951716,1275
 0> <info> app: hr,305,4294951649,1194
 0> <info> app: hr,306,4294951659,1158
 0> <info> app: hr,307,4294951671,1241
 0> <info> app: hr,308,4294951664,1222
 0> <info> app: hr,309,4294951631,1189
 0> <info> app: hr,310,4294951660,1204
 0> <info> app: hr,311,4294951650,1228
 0> <info> app: hr,312,4294951614,1199
 0> <info> app: hr,313,4294951690,1187
 0> <info> app: hr,314,4294951670,1206
 0> <info> app: hr,315,4294951685,1201
 0> <info> app: hr,316,4294951641,1192
 0> <info> app: hr,317,4294951625,1230
 0> <info> app: hr,318,4294951616,1197
 0> <info> app: hr,319,4294951662,1208
 0> <info> app: hr,320,4294951606,1203
 0> <info> app: hr,321,4294951642,1220
 0> <info> app: hr,322,4294951651,1221
 0> <info> app: hr,323,4294951607,1173
 0> <info> app: hr,324,4294951673,1166
 0> <info> app: hr,325,4294951650,1210
 0> <info> app: hr,326,4294951667,1213
 0> <info> app: hr,327,4294951600,1224
 0> <info> app: hr,328,4294951615,1151
 0> <info> app: hr,329,4294951675,1217
 0> <info> app: hr,330,4294951655,1232
 0> <info> app: hr,331,4294951617,1226
 0> <info> app: hr,332,4294951676,1195
 0> <info> app: hr,333,4294951644,1188
 0> <info> app: hr,334,4294951635,1238
 0> <info> app: hr,335,4294951715,1226
 0> <info> app: hr,336,4294951681,1219
 0> <info> app: hr,337,4294951677,1280
 0> <info> app: hr,338,4294951712,1277
 0> <info> app: hr,339,4294951646,1324
 0> <info> app: hr,340,4294951688,1231
 0> <info> app: hr,341,4294951725,1199
 0> <info> app: hr,342,4294951628,1298
 0> <info> app: hr,343,4294951608,1212
 0> <info> app: hr,344,4294951688,1216
 0> <info> app: hr,345,4294951665,1174
 0> <info> app: hr,346,4294951676,1208
 0> <info> app: hr,347,4294951712,1208
 0> <info> app: hr,348,4294951646,1279
 0> <info> app: hr,349,4294951659,1239
 0> <info> app: hr,350,4294951668,1220
 0> <info> app: hr,351,4294951722,1234
 0> <info> app: hr,352,4294951692,1228
 0> <info> app: hr,353,4294951669,1313
 0> <info> app: hr,354,4294951649,1294
 0> <info> app: hr,355,4294951653,1234
 0> <info> app: hr,356,4294951671,1279
 0> <info> app: hr,357,4294951743,1212
 0> <info> app: hr,358,4294951678,1241
 0> <info> app: hr,359,4294951667,1261
 0> <info> app: hr,360,4294951675,1246
 0> <info> app: hr,361,4294951696,1250
 0> <info> app: hr,362,4294951716,1254
 0> <info> app: hr,363,4294951659,1251
 0> <info> app: hr,364,4294951699,1280
 0> <info> app: hr,365,4294951725,1268
 0> <info> app: hr,366,4294951693,1322
 0> <info> app: hr,367,4294951676,1259
 0> <info> app: hr,368,4294951673,1308
 0> <info> app: hr,369,4294951597,1302
 0> <info> app: hr,370,4294951604,1303
 0> <info> app: hr,371,4294951613,1337
 0> <info> app: hr,372,4294951639,1300
 0> <info> app: hr,373,4294951666,1221
 0> <info> app: hr,374,4294951603,1330
 0> <info> app: hr,375,4294951668,1287
 0> <info> app: hr,376,4294951661,1255
 0> <info> app: hr,377,4294951705,1257
 0> <info> app: hr,378,4294951681,1204
 0> <info> app: hr,379,4294951648,1281
 0> <info> app: hr,380,4294951619,1309
 0> <info> app: hr,381,4294951714,1241
 0> <info> app: hr,382,4294951646,1258
 0> <info> app: hr,383,4294951705,1319
 0> <info> app: hr,384,4294951690,1292
 0> <info> app: hr,385,4294951642,1249
 0> <info> app: hr,386,4294951681,1208
 0> <info> app: hr,387,4294951631,1230
 0> <info> app: hr,388,4294951593,1264
 0> <info> app: hr,389,4294951640,1286
 0> <info> app: hr,390,4294951703,1186
 0> <info> app: hr,391,4294951633,1230
 0> <info> app: hr,392,4294951562,1259
 0> <info> app: hr,393,4294951650,1268
 0> <info> app: hr,394,4294951651,1211
 0> <info> app: hr,395,4294951673,1233
 0> <info> app: hr,396,4294951659,1250
 0> <info> app: hr,397,4294951621,1243
 0> <info> app: hr,398,4294951657,1172
 0> <info> app: hr,399,4294951682,1214
 0> <info> app: hr,400,4294951630,1182
 0> <info> app: hr,401,4294951648,1209
 0> <info> app: hr,402,4294951623,1216
 0> <info> app: hr,403,4294951664,1249
 0> <info> app: hr,404,4294951593,1190
 0> <info> app: hr,405,4294951635,1278
 0> <info> app: hr,406,4294951628,1193
 0> <info> app: hr,407,4294951656,1222
 0> <info> app: hr,408,4294951587,1215
 0> <info> app: hr,409,4294951597,1202
 0> <info> app: hr,410,4294951617,1224
 0> <info> app: hr,411,4294951641,1273
 0> <info> app: hr,412,4294951680,1282
 0> <info> app: hr,413,4294951625,1219
 0> <info> app: hr,414,4294951624,1196
 0> <info> app: hr,415,4294951592,1227
 0> <info> app: hr,416,4294951641,1265
 0> <info> app: hr,417,4294951573,1168
 0> <info> app: hr,418,4294951613,1238
 0> <info> app: hr,419,4294951609,1207
 0> <info> app: hr,420,4294951646,1266
 0> <info> app: hr,421,4294951577,1280
 0> <info> app: hr,422,4294951603,1180
 0> <info> app: hr,423,4294951622,1156
 0> <info> app: hr,424,4294951640,1303
 0> <info> app: hr,425,4294951588,1189
 0> <info> app: hr,426,4294951589,1232
 0> <info> app: hr,427,4294951637,1274
 0> <info> app: hr,428,4294951609,1266
 0> <info> app: hr,429,4294951628,1295
 0> <info> app: hr,430,4294951637,1238
 0> <info> app: hr,431,4294951626,1250
 0> <info> app: hr,432,4294951649,1228
 0> <info> app: hr,433,4294951598,1281
 0> <info> app: hr,434,4294951648,1248
 0> <info> app: hr,435,4294951615,1265
 0> <info> app: hr,436,4294951576,1242
 0> <info> app: hr,437,4294951584,1218
 0> <info> app: hr,438,4294951602,1266
 0> <info> app: hr,439,4294951608,1243
 0> <info> app: hr,440,4294951551,1228
 0> <info> app: hr,441,4294951563,1289
 0> <info> app: hr,442,4294951618,1203
 0> <info> app: hr,443,4294951643,1211
 0> <info> app: hr,444,4294951620,1313
 0> <info> app: hr,445,4294951564,1287
 0> <info> app: hr,446,4294951643,1212
 0> <info> app: hr,447,4294951659,1347
 0> <info> app: hr,448,4294951575,1298
 0> <info> app: hr,449,4294951661,1256
 0> <info> app: hr,450,4294951644,1269
 0> <info> app: hr,451,4294951572,1233
 0> <info> app: hr,452,4294951569,1232
 0> <info> app: hr,453,4294951637,1208
 0> <info> app: hr,454,4294951603,1190
 0> <info> app: hr,455,4294951638,1240
 0> <info> app: hr,456,4294951615,1294
 0> <info> app: hr,457,4294951581,1210
 0> <info> app: hr,458,4294951627,1253
 0> <info> app: hr,459,4294951640,1277
 0> <info> app: hr,460,4294951619,1269
 0> <info> app: hr,461,4294951683,1280
 0> <info> app: hr,462,4294951727,1302
 0> <info> app: hr,463,4294951632,1211
 0> <info> app: hr,464,4294951641,1289
 0> <info> app: hr,465,4294951659,1276
 0> <info> app: hr,466,4294951591,1305
 0> <info> app: hr,467,4294951569,1255
 0> <info> app: hr,468,4294951625,1243
 0> <info> app: hr,469,4294951582,1252
 0> <info> app: hr,470,4294951652,1251
 0> <info> app: hr,471,4294951623,1292
 0> <info> app: hr,472,4294951609,1282
 0> <info> app: hr,473,4294951632,1188
 0> <info> app: hr,474,4294951670,1292
 0> <info> app: hr,475,4294951647,1289
 0> <info> app: hr,476,4294951545,1287
 0> <info> app: hr,477,4294951637,1248
 0> <info> app: hr,478,4294951638,1309
 0> <info> app: hr,479,4294951612,1335
 0> <info> app: hr,480,4294951626,1244
 0> <info> app: hr,481,4294951619,1247
 0> <info> app: hr,482,4294951606,1255
 0> <info> app: hr,483,4294951648,1291
 0> <info> app: hr,484,4294951625,1264
 0> <info> app: hr,485,4294951655,1225
 0> <info> app: hr,486,4294951640,1291
 0> <info> app: hr,487,4294951637,1202
 0> <info> app: hr,488,4294951614,1285
 0> <info> app: hr,489,4294951649,1275
 0> <info> app: hr,490,4294951656,1288
 0> <info> app: hr,491,4294951660,1226
 0> <info> app: hr,492,4294951646,1291
 0> <info> app: hr,493,4294951588,1255
 0> <info> app: hr,494,4294951611,1248
 0> <info> app: hr,495,4294951565,1262
 0> <info> app: hr,496,4294951622,1192
 0> <info> app: hr,497,4294951635,1270
 0> <info> app: hr,498,4294951612,1261
 0> <info> app: hr,499,4294951536,1238
 0> <info> app: hr,500,4294951615,1285
 0> <info> app: hr,501,4294951555,1282
 0> <info> app: hr,502,4294951543,1200
 0> <info> app: hr,503,4294951625,1194
 0> <info> app: hr,504,4294951557,1241
 0> <info> app: hr,505,4294951589,1214
 0> <info> app: hr,506,4294951560,1248
 0> <info> app: hr,507,4294951616,1177
 0> <info> app: hr,508,4294951611,1185
 0> <info> app: hr,509,4294951632,1207
 0> <info> app: ***********  Application started  ***********
 0> 
 0> <info> app: [OK] NRF Power ON 0x0004. 
 0> <info> app: Read MAC:CC34D2110EF6
 0> <info> app: ***********  Sensor initial ***********
 0> <info> app: [OK]	BMI160
 0> <info> app: [OK]	SETUP ACC
 0> <info> app: [OK]	SETUP STEP COUNT
 0> <info> app: [OK]	FLASH MEMORY
 0> <info> app: [OK]	Read and using configuration in flash memory
 0> <info> app: [OK]	Using queue setting from flash memory
 0> <info> app: gender in flash 1
 0> <info> app: [OK]	OLED Initial
 0> <info> app: [OK]	Max30102 Initial, Temperature 32.62
 0> <info> app: ********** End sensor initial *********
 0> 
 0> <info> app: Max30102 Found
 0> 
 0> <info> app: HR Begin
 0> 
 0> <info> app: 510
 0> <info> app: hr,0,4294950485,4294966629
 0> <info> app: hr,1,4294950446,4294966659
 0> <info> app: hr,2,4294950440,4294966600
 0> <info> app: hr,3,4294950472,4294966592
 0> <info> app: hr,4,4294950443,4294966556
 0> <info> app: hr,5,4294950475,4294966505
 0> <info> app: hr,6,4294950436,4294966515
 0> <info> app: hr,7,4294950449,4294966480
 0> <info> app: hr,8,4294950436,4294966450
 0> <info> app: hr,9,4294950469,4294966500
 0> <info> app: hr,10,4294950397,4294966441
 0> <info> app: hr,11,4294950414,4294966453
 0> <info> app: hr,12,4294950398,4294966468
 0> <info> app: hr,13,4294950443,4294966482
 0> <info> app: hr,14,4294950469,4294966457
 0> <info> app: hr,15,4294950455,4294966612
 0> <info> app: hr,16,4294950476,4294966615
 0> <info> app: hr,17,4294950483,4294966698
 0> <info> app: hr,18,4294950516,4294966763
 0> <info> app: hr,19,4294950525,4294966830
 0> <info> app: hr,20,4294950535,4294966865
 0> <info> app: hr,21,4294950558,4294966885
 0> <info> app: hr,22,4294950535,4294966888
 0> <info> app: hr,23,4294950541,4294966857
 0> <info> app: hr,24,4294950554,4294966879
 0> <info> app: hr,25,4294950554,4294966906
 0> <info> app: hr,26,4294950541,4294966925
 0> <info> app: hr,27,4294950537,4294966940
 0> <info> app: hr,28,4294950566,4294966945
 0> <info> app: hr,29,4294950559,4294966944
 0> <info> app: hr,30,4294950578,4294966951
 0> <info> app: hr,31,4294950578,4294966979
 0> <info> app: hr,32,4294950594,4294967016
 0> <info> app: hr,33,4294950573,4294967054
 0> <info> app: hr,34,4294950620,4294967084
 0> <info> app: hr,35,4294950593,4294967104
 0> <info> app: hr,36,4294950623,4294967154
 0> <info> app: hr,37,4294950625,4294967197
 0> <info> app: hr,38,4294950617,4294967184
 0> <info> app: hr,39,4294950618,4294967188
 0> <info> app: hr,40,4294950611,4294967257
 0> <info> app: hr,41,4294950649,4294967232
 0> <info> app: hr,42,4294950622,4294967276
 0> <info> app: hr,43,4294950627,4294967274
 0> <info> app: hr,44,4294950648,23
 0> <info> app: hr,45,4294950645,20
 0> <info> app: hr,46,4294950675,34
 0> <info> app: hr,47,4294950647,67
 0> <info> app: hr,48,4294950671,69
 0> <info> app: hr,49,4294950657,71
 0> <info> app: hr,50,4294950692,90
 0> <info> app: hr,51,4294950678,69
 0> <info> app: hr,52,4294950688,119
 0> <info> app: hr,53,4294950688,121
 0> <info> app: hr,54,4294950658,148
 0> <info> app: hr,55,4294950651,127
 0> <info> app: hr,56,4294950726,190
 0> <info> app: hr,57,4294950694,168
 0> <info> app: hr,58,4294950716,146
 0> <info> app: hr,59,4294950727,188
 0> <info> app: hr,60,4294950700,233
 0> <info> app: hr,61,4294950651,196
 0> <info> app: hr,62,4294950743,225
 0> <info> app: hr,63,4294950703,216
 0> <info> app: hr,64,4294950685,227
 0> <info> app: hr,65,4294950713,254
 0> <info> app: hr,66,4294950723,265
 0> <info> app: hr,67,4294950737,233
 0> <info> app: hr,68,4294950738,318
 0> <info> app: hr,69,4294950706,307
 0> <info> app: hr,70,4294950741,304
 0> <info> app: hr,71,4294950763,280
 0> <info> app: hr,72,4294950741,323
 0> <info> app: hr,73,4294950762,341
 0> <info> app: hr,74,4294950763,347
 0> <info> app: hr,75,4294950760,353
 0> <info> app: hr,76,4294950752,382
 0> <info> app: hr,77,4294950751,384
 0> <info> app: hr,78,4294950766,386
 0> <info> app: hr,79,4294950763,383
 0> <info> app: hr,80,4294950791,392
 0> <info> app: hr,81,4294950776,423
 0> <info> app: hr,82,4294950766,450
 0> <info> app: hr,83,4294950772,432
 0> <info> app: hr,84,4294950813,440
 0> <info> app: hr,85,4294950787,437
 0> <info> app: hr,86,4294950766,468
 0> <info> app: hr,87,4294950814,477
 0> <info> app: hr,88,4294950768,454
 0> <info> app: hr,89,4294950802,459
 0> <info> app: hr,90,4294950808,521
 0> <info> app: hr,91,4294950796,522
 0> <info> app: hr,92,4294950804,505
 0> <info> app: hr,93,4294950792,557
 0> <info> app: hr,94,4294950804,515
 0> <info> app: hr,95,4294950806,537
 0> <info> app: hr,96,4294950828,563
 0> <info> app: hr,97,4294950803,555
 0> <info> app: hr,98,4294950808,547
 0> <info> app: hr,99,4294950832,577
 0> <info> app: hr,100,4294950766,550
 0> <info> app: hr,101,4294950819,554
 0> <info> app: hr,102,4294950776,497
 0> <info> app: hr,103,4294950792,433
 0> <info> app: hr,104,4294950765,351
 0> <info> app: hr,105,4294950648,257
 0> <info> app: hr,106,4294950631,83
 0> <info> app: hr,107,4294950644,4294967257
 0> <info> app: hr,108,4294950585,4294967137
 0> <info> app: hr,109,4294950566,4294967053
 0> <info> app: hr,110,4294950515,4294966927
 0> <info> app: hr,111,4294950535,4294966832
 0> <info> app: hr,112,4294950507,4294966844
 0> <info> app: hr,113,4294950521,4294966879
 0> <info> app: hr,114,4294950471,4294966824
 0> <info> app: hr,115,4294950526,4294966842
 0> <info> app: hr,116,4294950497,4294966769
 0> <info> app: hr,117,4294950522,4294966800
 0> <info> app: hr,118,4294950470,4294966742
 0> <info> app: hr,119,4294950460,4294966723
 0> <info> app: hr,120,4294950462,4294966614
 0> <info> app: hr,121,4294950462,4294966635
 0> <info> app: hr,122,4294950443,4294966595
 0> <info> app: hr,123,4294950447,4294966646
 0> <info> app: hr,124,4294950432,4294966593
 0> <info> app: hr,125,4294950460,4294966602
 0> <info> app: hr,126,4294950469,4294966673
 0> <info> app: hr,127,4294950475,4294966729
 0> <info> app: hr,128,4294950468,4294966805
 0> <info> app: hr,129,4294950504,4294966856
 0> <info> app: hr,130,4294950518,4294966957
 0> <info> app: hr,131,4294950515,4294966991
 0> <info> app: hr,132,4294950538,4294967007
 0> <info> app: hr,133,4294950568,4294967056
 0> <info> app: hr,134,4294950567,4294967064
 0> <info> app: hr,135,4294950560,4294967072
 0> <info> app: hr,136,4294950555,4294967077
 0> <info> app: hr,137,4294950599,4294967098
 0> <info> app: hr,138,4294950598,4294967104
 0> <info> app: hr,139,4294950572,4294967123
 0> <info> app: hr,140,4294950617,4294967108
 0> <info> app: hr,141,4294950567,4294967162
 0> <info> app: hr,142,4294950616,4294967139
 0> <info> app: hr,143,4294950590,4294967176
 0> <info> app: hr,144,4294950595,4294967224
 0> <info> app: hr,145,4294950591,4294967196
 0> <info> app: hr,146,4294950624,4294967243
 0> <info> app: hr,147,4294950624,4294967257
 0> <info> app: hr,148,4294950611,4294967278
 0> <info> app: hr,149,4294950635,4294967292
 0> <info> app: hr,150,4294950636,15
 0> <info> app: hr,151,4294950619,36
 0> <info> app: hr,152,4294950650,55
 0> <info> app: hr,153,4294950652,72
 0> <info> app: hr,154,4294950662,74
 0> <info> app: hr,155,4294950639,72
 0> <info> app: hr,156,4294950677,94
 0> <info> app: hr,157,4294950664,100
 0> <info> app: hr,158,4294950617,134
 0> <info> app: hr,159,4294950646,135
 0> <info> app: hr,160,4294950664,165
 0> <info> app: hr,161,4294950650,137
 0> <info> app: hr,162,4294950688,179
 0> <info> app: hr,163,4294950668,184
 0> <info> app: hr,164,4294950682,156
 0> <info> app: hr,165,4294950693,177
 0> <info> app: hr,166,4294950698,214
 0> <info> app: hr,167,4294950659,185
 0> <info> app: hr,168,4294950671,218
 0> <info> app: hr,169,4294950713,220
 0> <info> app: hr,170,4294950709,251
 0> <info> app: hr,171,4294950683,238
 0> <info> app: hr,172,4294950714,273
 0> <info> app: hr,173,4294950672,213
 0> <info> app: hr,174,4294950687,244
 0> <info> app: hr,175,4294950686,284
 0> <info> app: hr,176,4294950702,295
 0> <info> app: hr,177,4294950713,270
 0> <info> app: hr,178,4294950713,315
 0> <info> app: hr,179,4294950718,324
 0> <info> app: hr,180,4294950725,306
 0> <info> app: hr,181,4294950752,330
 0> <info> app: hr,182,4294950713,359
 0> <info> app: hr,183,4294950735,334
 0> <info> app: hr,184,4294950706,367
 0> <info> app: hr,185,4294950734,359
 0> <info> app: hr,186,4294950720,389
 0> <info> app: hr,187,4294950743,363
 0> <info> app: hr,188,4294950755,377
 0> <info> app: hr,189,4294950706,425
 0> <info> app: hr,190,4294950776,408
 0> <info> app: hr,191,4294950760,401
 0> <info> app: hr,192,4294950725,432
 0> <info> app: hr,193,4294950764,448
 0> <info> app: hr,194,4294950757,452
 0> <info> app: hr,195,4294950756,448
 0> <info> app: hr,196,4294950752,439
 0> <info> app: hr,197,4294950754,480
 0> <info> app: hr,198,4294950765,442
 0> <info> app: hr,199,4294950799,497
 0> <info> app: hr,200,4294950747,486
 0> <info> app: hr,201,4294950755,470
 0> <info> app: hr,202,4294950760,485
 0> <info> app: hr,203,4294950752,495
 0> <info> app: hr,204,4294950740,506
 0> <info> app: hr,205,4294950763,526
 0> <info> app: hr,206,4294950768,494
 0> <info> app: hr,207,4294950766,529
 0> <info> app: hr,208,4294950764,529
 0> <info> app: hr,209,4294950753,547
 0> <info> app: hr,210,4294950753,479
 0> <info> app: hr,211,4294950728,510
 0> <info> app: hr,212,4294950692,384
 0> <info> app: hr,213,4294950732,339
 0> <info> app: hr,214,4294950650,211
 0> <info> app: hr,215,4294950599,29
 0> <info> app: hr,216,4294950563,4294967193
 0> <info> app: hr,217,4294950535,4294967011
 0> <info> app: hr,218,4294950466,4294966924
 0> <info> app: hr,219,4294950516,4294966869
 0> <info> app: hr,220,4294950451,4294966750
 0> <info> app: hr,221,4294950426,4294966765
 0> <info> app: hr,222,4294950423,4294966727
 0> <info> app: hr,223,4294950447,4294966759
 0> <info> app: hr,224,4294950454,4294966711
 0> <info> app: hr,225,4294950474,4294966741
 0> <info> app: hr,226,4294950457,4294966675
 0> <info> app: hr,227,4294950418,4294966644
 0> <info> app: hr,228,4294950436,4294966633
 0> <info> app: hr,229,4294950395,4294966632
 0> <info> app: hr,230,4294950388,4294966601
 0> <info> app: hr,231,4294950389,4294966593
 0> <info> app: hr,232,4294950401,4294966589
 0> <info> app: hr,233,4294950422,4294966586
 0> <info> app: hr,234,4294950417,4294966612
 0> <info> app: hr,235,4294950404,4294966632
 0> <info> app: hr,236,4294950427,4294966682
 0> <info> app: hr,237,4294950462,4294966752
 0> <info> app: hr,238,4294950432,4294966792
 0> <info> app: hr,239,4294950475,4294966848
 0> <info> app: hr,240,4294950500,4294966864
 0> <info> app: hr,241,4294950505,4294966882
 0> <info> app: hr,242,4294950475,4294966906
 0> <info> app: hr,243,4294950466,4294966896
 0> <info> app: hr,244,4294950511,4294966889
 0> <info> app: hr,245,4294950486,4294966896
 0> <info> app: hr,246,4294950467,4294966855
 0> <info> app: hr,247,4294950481,4294966892
 0> <info> app: hr,248,4294950496,4294966929
 0> <info> app: hr,249,4294950492,4294966898
 0> <info> app: hr,250,4294950474,4294966944
 0> <info> app: hr,251,4294950516,4294966930
 0> <info> app: hr,252,4294950495,4294966969
 0> <info> app: hr,253,4294950504,4294967004
 0> <info> app: hr,254,4294950506,4294967012
 0> <info> app: hr,255,4294950507,4294967015
 0> <info> app: hr,256,4294950541,4294967076
 0> <info> app: hr,257,4294950516,4294967110
 0> <info> app: hr,258,4294950558,4294967108
 0> <info> app: hr,259,4294950508,4294967127
 0> <info> app: hr,260,4294950570,4294967188
 0> <info> app: hr,261,4294950538,4294967198
 0> <info> app: hr,262,4294950519,4294967243
 0> <info> app: hr,263,4294950567,4294967258
 0> <info> app: hr,264,4294950582,4294967264
 0> <info> app: hr,265,4294950561,4294967287
 0> <info> app: hr,266,4294950604,23
 0> <info> app: hr,267,4294950558,51
 0> <info> app: hr,268,4294950593,4294967289
 0> <info> app: hr,269,4294950598,37
 0> <info> app: hr,270,4294950599,96
 0> <info> app: hr,271,4294950563,74
 0> <info> app: hr,272,4294950618,130
 0> <info> app: hr,273,4294950624,92
 0> <info> app: hr,274,4294950602,132
 0> <info> app: hr,275,4294950602,148
 0> <info> app: hr,276,4294950637,179
 0> <info> app: hr,277,4294950639,135
 0> <info> app: hr,278,4294950632,164
 0> <info> app: hr,279,4294950638,186
 0> <info> app: hr,280,4294950654,194
 0> <info> app: hr,281,4294950670,164
 0> <info> app: hr,282,4294950665,233
 0> <info> app: hr,283,4294950662,228
 0> <info> app: hr,284,4294950664,237
 0> <info> app: hr,285,4294950644,230
 0> <info> app: hr,286,4294950680,236
 0> <info> app: hr,287,4294950664,240
 0> <info> app: hr,288,4294950643,263
 0> <info> app: hr,289,4294950660,277
 0> <info> app: hr,290,4294950659,260
 0> <info> app: hr,291,4294950677,281
 0> <info> app: hr,292,4294950643,282
 0> <info> app: hr,293,4294950648,304
 0> <info> app: hr,294,4294950669,315
 0> <info> app: hr,295,4294950692,278
 0> <info> app: hr,296,4294950654,306
 0> <info> app: hr,297,4294950700,317
 0> <info> app: hr,298,4294950675,329
 0> <info> app: hr,299,4294950694,309
 0> <info> app: hr,300,4294950665,352
 0> <info> app: hr,301,4294950659,364
 0> <info> app: hr,302,4294950671,314
 0> <info> app: hr,303,4294950668,393
 0> <info> app: hr,304,4294950685,344
 0> <info> app: hr,305,4294950691,389
 0> <info> app: hr,306,4294950682,373
 0> <info> app: hr,307,4294950676,392
 0> <info> app: hr,308,4294950666,397
 0> <info> app: hr,309,4294950702,394
 0> <info> app: hr,310,4294950670,386
 0> <info> app: hr,311,4294950716,435
 0> <info> app: hr,312,4294950684,419
 0> <info> app: hr,313,4294950707,417
 0> <info> app: hr,314,4294950686,358
 0> <info> app: hr,315,4294950620,333
 0> <info> app: hr,316,4294950594,230
 0> <info> app: hr,317,4294950607,110
 0> <info> app: hr,318,4294950497,4294967178
 0> <info> app: hr,319,4294950497,4294967020
 0> <info> app: hr,320,4294950424,4294966815
 0> <info> app: hr,321,4294950387,4294966595
 0> <info> app: hr,322,4294950335,4294966504
 0> <info> app: hr,323,4294950362,4294966470
 0> <info> app: hr,324,4294950285,4294966433
 0> <info> app: hr,325,4294950297,4294966419
 0> <info> app: hr,326,4294950296,4294966393
 0> <info> app: hr,327,4294950323,4294966401
 0> <info> app: hr,328,4294950282,4294966355
 0> <info> app: hr,329,4294950304,4294966406
 0> <info> app: hr,330,4294950280,4294966342
 0> <info> app: hr,331,4294950269,4294966307
 0> <info> app: hr,332,4294950306,4294966265
 0> <info> app: hr,333,4294950281,4294966299
 0> <info> app: hr,334,4294950258,4294966249
 0> <info> app: hr,335,4294950277,4294966271
 0> <info> app: hr,336,4294950286,4294966262
 0> <info> app: hr,337,4294950269,4294966294
 0> <info> app: hr,338,4294950260,4294966281
 0> <info> app: hr,339,4294950307,4294966368
 0> <info> app: hr,340,4294950299,4294966417
 0> <info> app: hr,341,4294950343,4294966468
 0> <info> app: hr,342,4294950331,4294966555
 0> <info> app: hr,343,4294950361,4294966575
 0> <info> app: hr,344,4294950400,4294966611
 0> <info> app: hr,345,4294950380,4294966650
 0> <info> app: hr,346,4294950391,4294966667
 0> <info> app: hr,347,4294950413,4294966662
 0> <info> app: hr,348,4294950408,4294966658
 0> <info> app: hr,349,4294950368,4294966649
 0> <info> app: hr,350,4294950408,4294966680
 0> <info> app: hr,351,4294950382,4294966719
 0> <info> app: hr,352,4294950422,4294966707
 0> <info> app: hr,353,4294950401,4294966714
 0> <info> app: hr,354,4294950406,4294966755
 0> <info> app: hr,355,4294950411,4294966766
 0> <info> app: hr,356,4294950444,4294966791
 0> <info> app: hr,357,4294950417,4294966806
 0> <info> app: hr,358,4294950435,4294966870
 0> <info> app: hr,359,4294950433,4294966915
 0> <info> app: hr,360,4294950469,4294966945
 0> <info> app: hr,361,4294950429,4294966967
 0> <info> app: hr,362,4294950487,4294966992
 0> <info> app: hr,363,4294950456,4294966999
 0> <info> app: hr,364,4294950491,4294967040
 0> <info> app: hr,365,4294950473,4294967019
 0> <info> app: hr,366,4294950499,4294967072
 0> <info> app: hr,367,4294950502,4294967089
 0> <info> app: hr,368,4294950491,4294967140
 0> <info> app: hr,369,4294950461,4294967100
 0> <info> app: hr,370,4294950512,4294967154
 0> <info> app: hr,371,4294950502,4294967133
 0> <info> app: hr,372,4294950521,4294967166
 0> <info> app: hr,373,4294950505,4294967190
 0> <info> app: hr,374,4294950528,4294967215
 0> <info> app: hr,375,4294950519,4294967215
 0> <info> app: hr,376,4294950568,4294967262
 0> <info> app: hr,377,4294950519,4294967284
 0> <info> app: hr,378,4294950540,4294967257
 0> <info> app: hr,379,4294950536,4294967280
 0> <info> app: hr,380,4294950589,15
 0> <info> app: hr,381,4294950556,4294967291
 0> <info> app: hr,382,4294950563,65
 0> <info> app: hr,383,4294950571,36
 0> <info> app: hr,384,4294950577,26
 0> <info> app: hr,385,4294950581,46
 0> <info> app: hr,386,4294950580,86
 0> <info> app: hr,387,4294950564,118
 0> <info> app: hr,388,4294950576,122
 0> <info> app: hr,389,4294950585,122
 0> <info> app: hr,390,4294950608,132
 0> <info> app: hr,391,4294950618,137
 0> <info> app: hr,392,4294950616,162
 0> <info> app: hr,393,4294950624,152
 0> <info> app: hr,394,4294950625,173
 0> <info> app: hr,395,4294950639,169
 0> <info> app: hr,396,4294950578,196
 0> <info> app: hr,397,4294950611,182
 0> <info> app: hr,398,4294950625,212
 0> <info> app: hr,399,4294950616,229
 0> <info> app: hr,400,4294950642,238
 0> <info> app: hr,401,4294950633,231
 0> <info> app: hr,402,4294950658,245
 0> <info> app: hr,403,4294950642,219
 0> <info> app: hr,404,4294950617,300
 0> <info> app: hr,405,4294950609,289
 0> <info> app: hr,406,4294950639,248
 0> <info> app: hr,407,4294950630,325
 0> <info> app: hr,408,4294950623,291
 0> <info> app: hr,409,4294950639,300
 0> <info> app: hr,410,4294950647,331
 0> <info> app: hr,411,4294950690,298
 0> <info> app: hr,412,4294950662,311
 0> <info> app: hr,413,4294950647,332
 0> <info> app: hr,414,4294950620,340
 0> <info> app: hr,415,4294950657,335
 0> <info> app: hr,416,4294950651,386
 0> <info> app: hr,417,4294950669,358
 0> <info> app: hr,418,4294950650,372
 0> <info> app: hr,419,4294950617,403
 0> <info> app: hr,420,4294950659,380
 0> <info> app: hr,421,4294950672,413
 0> <info> app: hr,422,4294950663,375
 0> <info> app: hr,423,4294950658,409
 0> <info> app: hr,424,4294950637,372
 0> <info> app: hr,425,4294950641,279
 0> <info> app: hr,426,4294950603,211
 0> <info> app: hr,427,4294950589,188
 0> <info> app: hr,428,4294950503,4294967256
 0> <info> app: hr,429,4294950468,4294967110
 0> <info> app: hr,430,4294950432,4294966921
 0> <info> app: hr,431,4294950381,4294966754
 0> <info> app: hr,432,4294950344,4294966635
 0> <info> app: hr,433,4294950351,4294966615
 0> <info> app: hr,434,4294950347,4294966512
 0> <info> app: hr,435,4294950327,4294966503
 0> <info> app: hr,436,4294950328,4294966496
 0> <info> app: hr,437,4294950339,4294966476
 0> <info> app: hr,438,4294950270,4294966453
 0> <info> app: hr,439,4294950318,4294966466
 0> <info> app: hr,440,4294950296,4294966440
 0> <info> app: hr,441,4294950329,4294966402
 0> <info> app: hr,442,4294950301,4294966406
 0> <info> app: hr,443,4294950276,4294966375
 0> <info> app: hr,444,4294950264,4294966354
 0> <info> app: hr,445,4294950311,4294966335
 0> <info> app: hr,446,4294950282,4294966310
 0> <info> app: hr,447,4294950234,4294966321
 0> <info> app: hr,448,4294950293,4294966330
 0> <info> app: hr,449,4294950282,4294966380
 0> <info> app: hr,450,4294950282,4294966407
 0> <info> app: hr,451,4294950329,4294966470
 0> <info> app: hr,452,4294950370,4294966554
 0> <info> app: hr,453,4294950322,4294966599
 0> <info> app: hr,454,4294950381,4294966658
 0> <info> app: hr,455,4294950374,4294966690
 0> <info> app: hr,456,4294950362,4294966695
 0> <info> app: hr,457,4294950391,4294966720
 0> <info> app: hr,458,4294950362,4294966745
 0> <info> app: hr,459,4294950388,4294966704
 0> <info> app: hr,460,4294950374,4294966734
 0> <info> app: hr,461,4294950350,4294966725
 0> <info> app: hr,462,4294950363,4294966728
 0> <info> app: hr,463,4294950361,4294966717
 0> <info> app: hr,464,4294950376,4294966746
 0> <info> app: hr,465,4294950350,4294966776
 0> <info> app: hr,466,4294950390,4294966764
 0> <info> app: hr,467,4294950384,4294966782
 0> <info> app: hr,468,4294950407,4294966810
 0> <info> app: hr,469,4294950372,4294966830
 0> <info> app: hr,470,4294950401,4294966870
 0> <info> app: hr,471,4294950438,4294966893
 0> <info> app: hr,472,4294950358,4294966945
 0> <info> app: hr,473,4294950409,4294966926
 0> <info> app: hr,474,4294950442,4294967022
 0> <info> app: hr,475,4294950390,4294966951
 0> <info> app: hr,476,4294950462,4294967004
 0> <info> app: hr,477,4294950426,4294967020
 0> <info> app: hr,478,4294950419,4294967004
 0> <info> app: hr,479,4294950471,4294967028
 0> <info> app: hr,480,4294950484,4294967087
 0> <info> app: hr,481,4294950437,4294967081
 0> <info> app: hr,482,4294950452,4294967118
 0> <info> app: hr,483,4294950465,4294967183
 0> <info> app: hr,484,4294950495,4294967142
 0> <info> app: hr,485,4294950489,4294967158
 0> <info> app: hr,486,4294950474,4294967212
 0> <info> app: hr,487,4294950494,4294967201
 0> <info> app: hr,488,4294950507,4294967220
 0> <info> app: hr,489,4294950489,4294967245
 0> <info> app: hr,490,4294950517,4294967238
 0> <info> app: hr,491,4294950500,4294967257
 0> <info> app: hr,492,4294950496,22
 0> <info> app: hr,493,4294950511,1
 0> <info> app: hr,494,4294950515,4294967292
 0> <info> app: hr,495,4294950529,6
 0> <info> app: hr,496,4294950536,39
 0> <info> app: hr,497,4294950543,23
 0> <info> app: hr,498,4294950564,48
 0> <info> app: hr,499,4294950534,66
 0> <info> app: hr,500,4294950551,98
 0> <info> app: hr,501,4294950556,104
 0> <info> app: hr,502,4294950570,99
 0> <info> app: hr,503,4294950522,115
 0> <info> app: hr,504,4294950576,137
 0> <info> app: hr,505,4294950601,133
 0> <info> app: hr,506,4294950571,124
 0> <info> app: hr,507,4294950612,169
 0> <info> app: hr,508,4294950572,174
 0> <info> app: hr,509,4294950595,189
 0> <info> app: ***********  Application started  ***********
 0> 
 0> <info> app: [OK] NRF Power ON 0x0004. 
 0> <info> app: Read MAC:CC34D2110EF6
 0> <info> app: ***********  Sensor initial ***********
 0> <info> app: [OK]	BMI160
 0> <info> app: [OK]	SETUP ACC
 0> <info> app: [OK]	SETUP STEP COUNT
 0> <info> app: [OK]	FLASH MEMORY
 0> <info> app: [OK]	Read and using configuration in flash memory
 0> <info> app: [OK]	Using queue setting from flash memory
 0> <info> app: gender in flash 1
 0> <info> app: [OK]	OLED Initial
 0> <info> app: [OK]	Max30102 Initial, Temperature 32.50
 0> <info> app: ********** End sensor initial *********
 0> 
 0> <info> app: Max30102 Found
 0> 
 0> <info> app: HR Begin
 0> 
 0> <info> app: 508
 0> <info> app: hr,0,4294953654,4533
 0> <info> app: hr,1,4294953652,4547
 0> <info> app: hr,2,4294953656,4560
 0> <info> app: hr,3,4294953667,4567
 0> <info> app: hr,4,4294953659,4550
 0> <info> app: hr,5,4294953664,4565
 0> <info> app: hr,6,4294953669,4586
 0> <info> app: hr,7,4294953668,4566
 0> <info> app: hr,8,4294953663,4595
 0> <info> app: hr,9,4294953676,4601
 0> <info> app: hr,10,4294953676,4587
 0> <info> app: hr,11,4294953674,4607
 0> <info> app: hr,12,4294953669,4605
 0> <info> app: hr,13,4294953668,4617
 0> <info> app: hr,14,4294953670,4597
 0> <info> app: hr,15,4294953680,4623
 0> <info> app: hr,16,4294953672,4627
 0> <info> app: hr,17,4294953676,4610
 0> <info> app: hr,18,4294953663,4621
 0> <info> app: hr,19,4294953676,4603
 0> <info> app: hr,20,4294953689,4615
 0> <info> app: hr,21,4294953669,4626
 0> <info> app: hr,22,4294953683,4627
 0> <info> app: hr,23,4294953678,4622
 0> <info> app: hr,24,4294953698,4649
 0> <info> app: hr,25,4294953684,4662
 0> <info> app: hr,26,4294953696,4678
 0> <info> app: hr,27,4294953681,4677
 0> <info> app: hr,28,4294953690,4677
 0> <info> app: hr,29,4294953688,4673
 0> <info> app: hr,30,4294953711,4680
 0> <info> app: hr,31,4294953683,4673
 0> <info> app: hr,32,4294953691,4703
 0> <info> app: hr,33,4294953695,4687
 0> <info> app: hr,34,4294953701,4709
 0> <info> app: hr,35,4294953698,4709
 0> <info> app: hr,36,4294953707,4720
 0> <info> app: hr,37,4294953702,4730
 0> <info> app: hr,38,4294953704,4719
 0> <info> app: hr,39,4294953694,4723
 0> <info> app: hr,40,4294953713,4726
 0> <info> app: hr,41,4294953686,4741
 0> <info> app: hr,42,4294953719,4737
 0> <info> app: hr,43,4294953698,4737
 0> <info> app: hr,44,4294953714,4744
 0> <info> app: hr,45,4294953705,4743
 0> <info> app: hr,46,4294953708,4776
 0> <info> app: hr,47,4294953712,4746
 0> <info> app: hr,48,4294953708,4769
 0> <info> app: hr,49,4294953714,4756
 0> <info> app: hr,50,4294953707,4774
 0> <info> app: hr,51,4294953718,4767
 0> <info> app: hr,52,4294953722,4784
 0> <info> app: hr,53,4294953718,4777
 0> <info> app: hr,54,4294953736,4790
 0> <info> app: hr,55,4294953718,4804
 0> <info> app: hr,56,4294953724,4818
 0> <info> app: hr,57,4294953720,4817
 0> <info> app: hr,58,4294953731,4814
 0> <info> app: hr,59,4294953712,4817
 0> <info> app: hr,60,4294953723,4825
 0> <info> app: hr,61,4294953737,4827
 0> <info> app: hr,62,4294953714,4838
 0> <info> app: hr,63,4294953724,4844
 0> <info> app: hr,64,4294953745,4864
 0> <info> app: hr,65,4294953739,4853
 0> <info> app: hr,66,4294953744,4871
 0> <info> app: hr,67,4294953732,4866
 0> <info> app: hr,68,4294953754,4868
 0> <info> app: hr,69,4294953749,4879
 0> <info> app: hr,70,4294953739,4892
 0> <info> app: hr,71,4294953753,4880
 0> <info> app: hr,72,4294953730,4893
 0> <info> app: hr,73,4294953747,4887
 0> <info> app: hr,74,4294953739,4891
 0> <info> app: hr,75,4294953736,4891
 0> <info> app: hr,76,4294953744,4890
 0> <info> app: hr,77,4294953745,4895
 0> <info> app: hr,78,4294953740,4905
 0> <info> app: hr,79,4294953740,4905
 0> <info> app: hr,80,4294953742,4914
 0> <info> app: hr,81,4294953769,4907
 0> <info> app: hr,82,4294953771,4924
 0> <info> app: hr,83,4294953742,4907
 0> <info> app: hr,84,4294953760,4917
 0> <info> app: hr,85,4294953742,4899
 0> <info> app: hr,86,4294953749,4887
 0> <info> app: hr,87,4294953747,4865
 0> <info> app: hr,88,4294953708,4815
 0> <info> app: hr,89,4294953697,4761
 0> <info> app: hr,90,4294953669,4695
 0> <info> app: hr,91,4294953646,4638
 0> <info> app: hr,92,4294953632,4576
 0> <info> app: hr,93,4294953600,4559
 0> <info> app: hr,94,4294953610,4517
 0> <info> app: hr,95,4294953632,4522
 0> <info> app: hr,96,4294953603,4540
 0> <info> app: hr,97,4294953617,4537
 0> <info> app: hr,98,4294953624,4535
 0> <info> app: hr,99,4294953633,4507
 0> <info> app: hr,100,4294953616,4534
 0> <info> app: hr,101,4294953620,4549
 0> <info> app: hr,102,4294953596,4519
 0> <info> app: hr,103,4294953622,4513
 0> <info> app: hr,104,4294953594,4500
 0> <info> app: hr,105,4294953612,4499
 0> <info> app: hr,106,4294953598,4483
 0> <info> app: hr,107,4294953607,4496
 0> <info> app: hr,108,4294953596,4454
 0> <info> app: hr,109,4294953597,4480
 0> <info> app: hr,110,4294953591,4480
 0> <info> app: hr,111,4294953595,4487
 0> <info> app: hr,112,4294953600,4493
 0> <info> app: hr,113,4294953613,4507
 0> <info> app: hr,114,4294953602,4529
 0> <info> app: hr,115,4294953624,4553
 0> <info> app: hr,116,4294953630,4562
 0> <info> app: hr,117,4294953622,4594
 0> <info> app: hr,118,4294953617,4587
 0> <info> app: hr,119,4294953638,4612
 0> <info> app: hr,120,4294953631,4601
 0> <info> app: hr,121,4294953630,4611
 0> <info> app: hr,122,4294953625,4606
 0> <info> app: hr,123,4294953623,4602
 0> <info> app: hr,124,4294953612,4601
 0> <info> app: hr,125,4294953641,4606
 0> <info> app: hr,126,4294953629,4611
 0> <info> app: hr,127,4294953647,4620
 0> <info> app: hr,128,4294953642,4642
 0> <info> app: hr,129,4294953652,4652
 0> <info> app: hr,130,4294953651,4647
 0> <info> app: hr,131,4294953651,4717
 0> <info> app: hr,132,4294953664,4695
 0> <info> app: hr,133,4294953675,4704
 0> <info> app: hr,134,4294953659,4709
 0> <info> app: hr,135,4294953662,4743
 0> <info> app: hr,136,4294953667,4723
 0> <info> app: hr,137,4294953656,4720
 0> <info> app: hr,138,4294953659,4735
 0> <info> app: hr,139,4294953668,4736
 0> <info> app: hr,140,4294953668,4753
 0> <info> app: hr,141,4294953667,4731
 0> <info> app: hr,142,4294953679,4746
 0> <info> app: hr,143,4294953681,4744
 0> <info> app: hr,144,4294953668,4756
 0> <info> app: hr,145,4294953676,4757
 0> <info> app: hr,146,4294953676,4752
 0> <info> app: hr,147,4294953670,4769
 0> <info> app: hr,148,4294953690,4772
 0> <info> app: hr,149,4294953666,4774
 0> <info> app: hr,150,4294953674,4767
 0> <info> app: hr,151,4294953665,4767
 0> <info> app: hr,152,4294953684,4765
 0> <info> app: hr,153,4294953670,4779
 0> <info> app: hr,154,4294953670,4808
 0> <info> app: hr,155,4294953682,4797
 0> <info> app: hr,156,4294953691,4816
 0> <info> app: hr,157,4294953681,4806
 0> <info> app: hr,158,4294953681,4824
 0> <info> app: hr,159,4294953688,4810
 0> <info> app: hr,160,4294953695,4794
 0> <info> app: hr,161,4294953676,4816
 0> <info> app: hr,162,4294953695,4832
 0> <info> app: hr,163,4294953676,4826
 0> <info> app: hr,164,4294953705,4835
 0> <info> app: hr,165,4294953673,4833
 0> <info> app: hr,166,4294953709,4843
 0> <info> app: hr,167,4294953700,4841
 0> <info> app: hr,168,4294953685,4868
 0> <info> app: hr,169,4294953687,4842
 0> <info> app: hr,170,4294953695,4883
 0> <info> app: hr,171,4294953711,4872
 0> <info> app: hr,172,4294953697,4876
 0> <info> app: hr,173,4294953694,4876
 0> <info> app: hr,174,4294953703,4871
 0> <info> app: hr,175,4294953701,4883
 0> <info> app: hr,176,4294953732,4901
 0> <info> app: hr,177,4294953704,4886
 0> <info> app: hr,178,4294953713,4882
 0> <info> app: hr,179,4294953714,4887
 0> <info> app: hr,180,4294953721,4887
 0> <info> app: hr,181,4294953707,4891
 0> <info> app: hr,182,4294953711,4916
 0> <info> app: hr,183,4294953706,4913
 0> <info> app: hr,184,4294953721,4927
 0> <info> app: hr,185,4294953722,4909
 0> <info> app: hr,186,4294953712,4939
 0> <info> app: hr,187,4294953710,4910
 0> <info> app: hr,188,4294953722,4921
 0> <info> app: hr,189,4294953718,4938
 0> <info> app: hr,190,4294953701,4932
 0> <info> app: hr,191,4294953727,4945
 0> <info> app: hr,192,4294953704,4949
 0> <info> app: hr,193,4294953723,4954
 0> <info> app: hr,194,4294953720,4950
 0> <info> app: hr,195,4294953720,4940
 0> <info> app: hr,196,4294953711,4946
 0> <info> app: hr,197,4294953713,4958
 0> <info> app: hr,198,4294953716,4940
 0> <info> app: hr,199,4294953699,4935
 0> <info> app: hr,200,4294953714,4947
 0> <info> app: hr,201,4294953709,4925
 0> <info> app: hr,202,4294953673,4865
 0> <info> app: hr,203,4294953672,4801
 0> <info> app: hr,204,4294953649,4760
 0> <info> app: hr,205,4294953644,4700
 0> <info> app: hr,206,4294953607,4659
 0> <info> app: hr,207,4294953615,4623
 0> <info> app: hr,208,4294953585,4598
 0> <info> app: hr,209,4294953606,4600
 0> <info> app: hr,210,4294953600,4615
 0> <info> app: hr,211,4294953604,4621
 0> <info> app: hr,212,4294953597,4592
 0> <info> app: hr,213,4294953610,4637
 0> <info> app: hr,214,4294953603,4607
 0> <info> app: hr,215,4294953608,4622
 0> <info> app: hr,216,4294953589,4573
 0> <info> app: hr,217,4294953595,4608
 0> <info> app: hr,218,4294953588,4576
 0> <info> app: hr,219,4294953601,4579
 0> <info> app: hr,220,4294953594,4568
 0> <info> app: hr,221,4294953599,4556
 0> <info> app: hr,222,4294953594,4574
 0> <info> app: hr,223,4294953600,4578
 0> <info> app: hr,224,4294953579,4600
 0> <info> app: hr,225,4294953604,4594
 0> <info> app: hr,226,4294953595,4612
 0> <info> app: hr,227,4294953603,4627
 0> <info> app: hr,228,4294953610,4632
 0> <info> app: hr,229,4294953617,4655
 0> <info> app: hr,230,4294953610,4650
 0> <info> app: hr,231,4294953635,4688
 0> <info> app: hr,232,4294953616,4686
 0> <info> app: hr,233,4294953626,4703
 0> <info> app: hr,234,4294953612,4703
 0> <info> app: hr,235,4294953621,4670
 0> <info> app: hr,236,4294953617,4662
 0> <info> app: hr,237,4294953618,4670
 0> <info> app: hr,238,4294953617,4649
 0> <info> app: hr,239,4294953618,4677
 0> <info> app: hr,240,4294953608,4650
 0> <info> app: hr,241,4294953617,4674
 0> <info> app: hr,242,4294953614,4677
 0> <info> app: hr,243,4294953604,4685
 0> <info> app: hr,244,4294953618,4671
 0> <info> app: hr,245,4294953614,4693
 0> <info> app: hr,246,4294953611,4682
 0> <info> app: hr,247,4294953623,4698
 0> <info> app: hr,248,4294953596,4709
 0> <info> app: hr,249,4294953629,4715
 0> <info> app: hr,250,4294953619,4710
 0> <info> app: hr,251,4294953620,4725
 0> <info> app: hr,252,4294953621,4715
 0> <info> app: hr,253,4294953636,4723
 0> <info> app: hr,254,4294953616,4716
 0> <info> app: hr,255,4294953619,4736
 0> <info> app: hr,256,4294953622,4733
 0> <info> app: hr,257,4294953611,4742
 0> <info> app: hr,258,4294953622,4750
 0> <info> app: hr,259,4294953637,4728
 0> <info> app: hr,260,4294953637,4747
 0> <info> app: hr,261,4294953612,4751
 0> <info> app: hr,262,4294953639,4752
 0> <info> app: hr,263,4294953630,4747
 0> <info> app: hr,264,4294953638,4755
 0> <info> app: hr,265,4294953643,4766
 0> <info> app: hr,266,4294953635,4756
 0> <info> app: hr,267,4294953637,4773
 0> <info> app: hr,268,4294953652,4796
 0> <info> app: hr,269,4294953643,4792
 0> <info> app: hr,270,4294953645,4806
 0> <info> app: hr,271,4294953656,4830
 0> <info> app: hr,272,4294953656,4827
 0> <info> app: hr,273,4294953657,4833
 0> <info> app: hr,274,4294953652,4833
 0> <info> app: hr,275,4294953657,4824
 0> <info> app: hr,276,4294953667,4861
 0> <info> app: hr,277,4294953648,4833
 0> <info> app: hr,278,4294953655,4838
 0> <info> app: hr,279,4294953668,4829
 0> <info> app: hr,280,4294953664,4827
 0> <info> app: hr,281,4294953660,4849
 0> <info> app: hr,282,4294953669,4857
 0> <info> app: hr,283,4294953650,4850
 0> <info> app: hr,284,4294953681,4861
 0> <info> app: hr,285,4294953664,4871
 0> <info> app: hr,286,4294953658,4871
 0> <info> app: hr,287,4294953668,4861
 0> <info> app: hr,288,4294953690,4874
 0> <info> app: hr,289,4294953664,4853
 0> <info> app: hr,290,4294953674,4888
 0> <info> app: hr,291,4294953662,4866
 0> <info> app: hr,292,4294953656,4877
 0> <info> app: hr,293,4294953680,4878
 0> <info> app: hr,294,4294953682,4884
 0> <info> app: hr,295,4294953660,4877
 0> <info> app: hr,296,4294953678,4884
 0> <info> app: hr,297,4294953685,4875
 0> <info> app: hr,298,4294953677,4875
 0> <info> app: hr,299,4294953667,4884
 0> <info> app: hr,300,4294953670,4886
 0> <info> app: hr,301,4294953676,4869
 0> <info> app: hr,302,4294953674,4905
 0> <info> app: hr,303,4294953674,4888
 0> <info> app: hr,304,4294953666,4901
 0> <info> app: hr,305,4294953662,4878
 0> <info> app: hr,306,4294953692,4901
 0> <info> app: hr,307,4294953689,4907
 0> <info> app: hr,308,4294953678,4911
 0> <info> app: hr,309,4294953667,4916
 0> <info> app: hr,310,4294953673,4910
 0> <info> app: hr,311,4294953695,4922
 0> <info> app: hr,312,4294953677,4926
 0> <info> app: hr,313,4294953694,4897
 0> <info> app: hr,314,4294953665,4865
 0> <info> app: hr,315,4294953636,4779
 0> <info> app: hr,316,4294953608,4765
 0> <info> app: hr,317,4294953598,4674
 0> <info> app: hr,318,4294953581,4614
 0> <info> app: hr,319,4294953558,4570
 0> <info> app: hr,320,4294953559,4555
 0> <info> app: hr,321,4294953568,4547
 0> <info> app: hr,322,4294953546,4534
 0> <info> app: hr,323,4294953560,4531
 0> <info> app: hr,324,4294953549,4520
 0> <info> app: hr,325,4294953553,4530
 0> <info> app: hr,326,4294953544,4533
 0> <info> app: hr,327,4294953562,4503
 0> <info> app: hr,328,4294953535,4494
 0> <info> app: hr,329,4294953565,4517
 0> <info> app: hr,330,4294953544,4507
 0> <info> app: hr,331,4294953542,4498
 0> <info> app: hr,332,4294953532,4501
 0> <info> app: hr,333,4294953548,4484
 0> <info> app: hr,334,4294953523,4489
 0> <info> app: hr,335,4294953533,4500
 0> <info> app: hr,336,4294953531,4478
 0> <info> app: hr,337,4294953553,4494
 0> <info> app: hr,338,4294953535,4505
 0> <info> app: hr,339,4294953539,4518
 0> <info> app: hr,340,4294953559,4521
 0> <info> app: hr,341,4294953554,4535
 0> <info> app: hr,342,4294953548,4561
 0> <info> app: hr,343,4294953567,4600
 0> <info> app: hr,344,4294953558,4589
 0> <info> app: hr,345,4294953584,4608
 0> <info> app: hr,346,4294953570,4619
 0> <info> app: hr,347,4294953566,4621
 0> <info> app: hr,348,4294953572,4606
 0> <info> app: hr,349,4294953567,4614
 0> <info> app: hr,350,4294953550,4594
 0> <info> app: hr,351,4294953570,4626
 0> <info> app: hr,352,4294953570,4589
 0> <info> app: hr,353,4294953558,4609
 0> <info> app: hr,354,4294953569,4599
 0> <info> app: hr,355,4294953570,4609
 0> <info> app: hr,356,4294953571,4620
 0> <info> app: hr,357,4294953581,4642
 0> <info> app: hr,358,4294953572,4629
 0> <info> app: hr,359,4294953597,4641
 0> <info> app: hr,360,4294953562,4655
 0> <info> app: hr,361,4294953583,4667
 0> <info> app: hr,362,4294953581,4651
 0> <info> app: hr,363,4294953592,4663
 0> <info> app: hr,364,4294953578,4670
 0> <info> app: hr,365,4294953575,4674
 0> <info> app: hr,366,4294953586,4655
 0> <info> app: hr,367,4294953593,4684
 0> <info> app: hr,368,4294953591,4673
 0> <info> app: hr,369,4294953585,4696
 0> <info> app: hr,370,4294953588,4689
 0> <info> app: hr,371,4294953606,4702
 0> <info> app: hr,372,4294953614,4711
 0> <info> app: hr,373,4294953594,4730
 0> <info> app: hr,374,4294953609,4723
 0> <info> app: hr,375,4294953589,4730
 0> <info> app: hr,376,4294953596,4719
 0> <info> app: hr,377,4294953599,4745
 0> <info> app: hr,378,4294953592,4735
 0> <info> app: hr,379,4294953617,4744
 0> <info> app: hr,380,4294953597,4752
 0> <info> app: hr,381,4294953601,4752
 0> <info> app: hr,382,4294953596,4752
 0> <info> app: hr,383,4294953611,4749
 0> <info> app: hr,384,4294953622,4762
 0> <info> app: hr,385,4294953620,4792
 0> <info> app: hr,386,4294953621,4766
 0> <info> app: hr,387,4294953615,4778
 0> <info> app: hr,388,4294953623,4792
 0> <info> app: hr,389,4294953617,4790
 0> <info> app: hr,390,4294953638,4812
 0> <info> app: hr,391,4294953612,4808
 0> <info> app: hr,392,4294953616,4803
 0> <info> app: hr,393,4294953617,4792
 0> <info> app: hr,394,4294953629,4825
 0> <info> app: hr,395,4294953617,4800
 0> <info> app: hr,396,4294953634,4834
 0> <info> app: hr,397,4294953617,4812
 0> <info> app: hr,398,4294953634,4833
 0> <info> app: hr,399,4294953627,4817
 0> <info> app: hr,400,4294953647,4832
 0> <info> app: hr,401,4294953628,4833
 0> <info> app: hr,402,4294953635,4826
 0> <info> app: hr,403,4294953612,4834
 0> <info> app: hr,404,4294953654,4861
 0> <info> app: hr,405,4294953643,4849
 0> <info> app: hr,406,4294953633,4863
 0> <info> app: hr,407,4294953639,4857
 0> <info> app: hr,408,4294953648,4868
 0> <info> app: hr,409,4294953648,4855
 0> <info> app: hr,410,4294953632,4881
 0> <info> app: hr,411,4294953611,4844
 0> <info> app: hr,412,4294953649,4881
 0> <info> app: hr,413,4294953645,4854
 0> <info> app: hr,414,4294953664,4859
 0> <info> app: hr,415,4294953630,4877
 0> <info> app: hr,416,4294953650,4868
 0> <info> app: hr,417,4294953642,4873
 0> <info> app: hr,418,4294953658,4895
 0> <info> app: hr,419,4294953642,4866
 0> <info> app: hr,420,4294953655,4897
 0> <info> app: hr,421,4294953645,4906
 0> <info> app: hr,422,4294953653,4931
 0> <info> app: hr,423,4294953663,4896
 0> <info> app: hr,424,4294953649,4905
 0> <info> app: hr,425,4294953650,4915
 0> <info> app: hr,426,4294953666,4925
 0> <info> app: hr,427,4294953640,4892
 0> <info> app: hr,428,4294953660,4899
 0> <info> app: hr,429,4294953649,4881
 0> <info> app: hr,430,4294953644,4841
 0> <info> app: hr,431,4294953590,4775
 0> <info> app: hr,432,4294953583,4701
 0> <info> app: hr,433,4294953563,4644
 0> <info> app: hr,434,4294953566,4614
 0> <info> app: hr,435,4294953542,4567
 0> <info> app: hr,436,4294953523,4556
 0> <info> app: hr,437,4294953515,4531
 0> <info> app: hr,438,4294953514,4522
 0> <info> app: hr,439,4294953529,4546
 0> <info> app: hr,440,4294953517,4533
 0> <info> app: hr,441,4294953504,4538
 0> <info> app: hr,442,4294953520,4536
 0> <info> app: hr,443,4294953532,4526
 0> <info> app: hr,444,4294953521,4506
 0> <info> app: hr,445,4294953509,4490
 0> <info> app: hr,446,4294953512,4512
 0> <info> app: hr,447,4294953523,4491
 0> <info> app: hr,448,4294953515,4489
 0> <info> app: hr,449,4294953520,4502
 0> <info> app: hr,450,4294953492,4471
 0> <info> app: hr,451,4294953505,4488
 0> <info> app: hr,452,4294953501,4498
 0> <info> app: hr,453,4294953506,4511
 0> <info> app: hr,454,4294953502,4503
 0> <info> app: hr,455,4294953514,4544
 0> <info> app: hr,456,4294953517,4538
 0> <info> app: hr,457,4294953546,4589
 0> <info> app: hr,458,4294953529,4583
 0> <info> app: hr,459,4294953546,4599
 0> <info> app: hr,460,4294953544,4611
 0> <info> app: hr,461,4294953544,4605
 0> <info> app: hr,462,4294953546,4623
 0> <info> app: hr,463,4294953541,4628
 0> <info> app: hr,464,4294953543,4624
 0> <info> app: hr,465,4294953571,4629
 0> <info> app: hr,466,4294953534,4615
 0> <info> app: hr,467,4294953555,4636
 0> <info> app: hr,468,4294953529,4631
 0> <info> app: hr,469,4294953541,4630
 0> <info> app: hr,470,4294953533,4612
 0> <info> app: hr,471,4294953539,4647
 0> <info> app: hr,472,4294953528,4645
 0> <info> app: hr,473,4294953554,4649
 0> <info> app: hr,474,4294953550,4659
 0> <info> app: hr,475,4294953553,4669
 0> <info> app: hr,476,4294953544,4667
 0> <info> app: hr,477,4294953548,4693
 0> <info> app: hr,478,4294953570,4680
 0> <info> app: hr,479,4294953559,4702
 0> <info> app: hr,480,4294953555,4705
 0> <info> app: hr,481,4294953570,4723
 0> <info> app: hr,482,4294953566,4711
 0> <info> app: hr,483,4294953569,4736
 0> <info> app: hr,484,4294953564,4722
 0> <info> app: hr,485,4294953565,4735
 0> <info> app: hr,486,4294953546,4747
 0> <info> app: hr,487,4294953581,4756
 0> <info> app: hr,488,4294953580,4750
 0> <info> app: hr,489,4294953573,4735
 0> <info> app: hr,490,4294953555,4753
 0> <info> app: hr,491,4294953588,4738
 0> <info> app: hr,492,4294953576,4762
 0> <info> app: hr,493,4294953580,4774
 0> <info> app: hr,494,4294953593,4768
 0> <info> app: hr,495,4294953571,4790
 0> <info> app: hr,496,4294953585,4789
 0> <info> app: hr,497,4294953585,4783
 0> <info> app: hr,498,4294953580,4779
 0> <info> app: hr,499,4294953576,4788
 0> <info> app: hr,500,4294953566,4801
 0> <info> app: hr,501,4294953582,4795
 0> <info> app: hr,502,4294953593,4791
 0> <info> app: hr,503,4294953582,4798
 0> <info> app: hr,504,4294953590,4807
 0> <info> app: hr,505,4294953579,4789
 0> <info> app: hr,506,4294953589,4813
 0> <info> app: hr,507,4294953581,4811
