# SEGGER J-Link RTT Viewer V6.16a Terminal Log File
# Compiled: 12:44:10 on Jun  6 2017
# Logging started @ 30 Nov 2018 10:17:18
 0> <info> app: ***********  Application started  ***********
 0> 
 0> <info> app: [OK] NRF Power ON 0x0004. 
 0> <info> app: Read MAC:C94E232E2924
 0> <info> app: ***********  Sensor initial ***********
 0> <info> app: [OK]	BMI160
 0> <info> app: [OK]	SETUP ACC
 0> <info> app: [OK]	SETUP STEP COUNT
 0> <info> app: [OK]	FLASH MEMORY
 0> <info> app: [OK]	Read and using configuration in flash memory
 0> <info> app: [OK]	Using queue setting from flash memory
 0> <info> app: gender in flash 2
 0> <info> app: [OK]	OLED Initial
 0> <info> app: Max30102 Found
 0> 
 0> <info> app: HR Begin
 0> 
 0> <info> app: 345
 0> <info> app: hr,0,4294951533,4294951676
 0> <info> app: hr,1,4294951524,4294951668
 0> <info> app: hr,2,4294951525,4294951645
 0> <info> app: hr,3,4294951514,4294951631
 0> <info> app: hr,4,4294951501,4294951615
 0> <info> app: hr,5,4294951499,4294951606
 0> <info> app: hr,6,4294951497,4294951596
 0> <info> app: hr,7,4294951497,4294951588
 0> <info> app: hr,8,4294951494,4294951602
 0> <info> app: hr,9,4294951489,4294951601
 0> <info> app: hr,10,4294951490,4294951598
 0> <info> app: hr,11,4294951483,4294951606
 0> <info> app: hr,12,4294951483,4294951604
 0> <info> app: hr,13,4294951484,4294951595
 0> <info> app: hr,14,4294951481,4294951603
 0> <info> app: hr,15,4294951477,4294951606
 0> <info> app: hr,16,4294951475,4294951603
 0> <info> app: hr,17,4294951483,4294951617
 0> <info> app: hr,18,4294951486,4294951615
 0> <info> app: hr,19,4294951487,4294951616
 0> <info> app: hr,20,4294951491,4294951620
 0> <info> app: hr,21,4294951500,4294951625
 0> <info> app: hr,22,4294951492,4294951626
 0> <info> app: hr,23,4294951493,4294951621
 0> <info> app: hr,24,4294951498,4294951627
 0> <info> app: hr,25,4294951495,4294951622
 0> <info> app: hr,26,4294951494,4294951624
 0> <info> app: hr,27,4294951493,4294951618
 0> <info> app: hr,28,4294951492,4294951626
 0> <info> app: hr,29,4294951492,4294951622
 0> <info> app: hr,30,4294951489,4294951626
 0> <info> app: hr,31,4294951481,4294951634
 0> <info> app: hr,32,4294951487,4294951627
 0> <info> app: hr,33,4294951482,4294951625
 0> <info> app: hr,34,4294951474,4294951624
 0> <info> app: hr,35,4294951478,4294951624
 0> <info> app: hr,36,4294951476,4294951623
 0> <info> app: hr,37,4294951478,4294951630
 0> <info> app: hr,38,4294951474,4294951628
 0> <info> app: hr,39,4294951475,4294951630
 0> <info> app: hr,40,4294951471,4294951637
 0> <info> app: hr,41,4294951470,4294951635
 0> <info> app: hr,42,4294951477,4294951636
 0> <info> app: hr,43,4294951477,4294951640
 0> <info> app: hr,44,4294951472,4294951634
 0> <info> app: hr,45,4294951472,4294951636
 0> <info> app: hr,46,4294951471,4294951641
 0> <info> app: hr,47,4294951472,4294951640
 0> <info> app: hr,48,4294951474,4294951641
 0> <info> app: hr,49,4294951479,4294951635
 0> <info> app: hr,50,4294951471,4294951641
 0> <info> app: hr,51,4294951474,4294951643
 0> <info> app: hr,52,4294951478,4294951642
 0> <info> app: hr,53,4294951475,4294951646
 0> <info> app: hr,54,4294951481,4294951654
 0> <info> app: hr,55,4294951481,4294951650
 0> <info> app: hr,56,4294951479,4294951658
 0> <info> app: hr,57,4294951478,4294951652
 0> <info> app: hr,58,4294951481,4294951653
 0> <info> app: hr,59,4294951474,4294951644
 0> <info> app: hr,60,4294951468,4294951633
 0> <info> app: hr,61,4294951454,4294951606
 0> <info> app: hr,62,4294951443,4294951594
 0> <info> app: hr,63,4294951434,4294951578
 0> <info> app: hr,64,4294951427,4294951572
 0> <info> app: hr,65,4294951420,4294951572
 0> <info> app: hr,66,4294951422,4294951574
 0> <info> app: hr,67,4294951416,4294951579
 0> <info> app: hr,68,4294951414,4294951583
 0> <info> app: hr,69,4294951419,4294951585
 0> <info> app: hr,70,4294951426,4294951579
 0> <info> app: hr,71,4294951422,4294951578
 0> <info> app: hr,72,4294951430,4294951585
 0> <info> app: hr,73,4294951433,4294951589
 0> <info> app: hr,74,4294951435,4294951594
 0> <info> app: hr,75,4294951438,4294951595
 0> <info> app: hr,76,4294951443,4294951598
 0> <info> app: hr,77,4294951436,4294951606
 0> <info> app: hr,78,4294951439,4294951599
 0> <info> app: hr,79,4294951433,4294951600
 0> <info> app: hr,80,4294951436,4294951602
 0> <info> app: hr,81,4294951434,4294951595
 0> <info> app: hr,82,4294951424,4294951598
 0> <info> app: hr,83,4294951428,4294951596
 0> <info> app: hr,84,4294951425,4294951597
 0> <info> app: hr,85,4294951427,4294951598
 0> <info> app: hr,86,4294951428,4294951602
 0> <info> app: hr,87,4294951426,4294951600
 0> <info> app: hr,88,4294951422,4294951601
 0> <info> app: hr,89,4294951426,4294951605
 0> <info> app: hr,90,4294951427,4294951606
 0> <info> app: hr,91,4294951429,4294951610
 0> <info> app: hr,92,4294951428,4294951615
 0> <info> app: hr,93,4294951431,4294951613
 0> <info> app: hr,94,4294951429,4294951608
 0> <info> app: hr,95,4294951431,4294951613
 0> <info> app: hr,96,4294951427,4294951610
 0> <info> app: hr,97,4294951424,4294951613
 0> <info> app: hr,98,4294951430,4294951617
 0> <info> app: hr,99,4294951429,4294951612
 0> <info> app: hr,100,4294951426,4294951616
 0> <info> app: hr,101,4294951429,4294951621
 0> <info> app: hr,102,4294951428,4294951616
 0> <info> app: hr,103,4294951430,4294951609
 0> <info> app: hr,104,4294951433,4294951614
 0> <info> app: hr,105,4294951432,4294951615
 0> <info> app: hr,106,4294951428,4294951616
 0> <info> app: hr,107,4294951433,4294951614
 0> <info> app: hr,108,4294951426,4294951620
 0> <info> app: hr,109,4294951433,4294951618
 0> <info> app: hr,110,4294951435,4294951611
 0> <info> app: hr,111,4294951439,4294951622
 0> <info> app: hr,112,4294951438,4294951618
 0> <info> app: hr,113,4294951433,4294951619
 0> <info> app: hr,114,4294951429,4294951616
 0> <info> app: hr,115,4294951424,4294951614
 0> <info> app: hr,116,4294951424,4294951601
 0> <info> app: hr,117,4294951415,4294951586
 0> <info> app: hr,118,4294951407,4294951566
 0> <info> app: hr,119,4294951396,4294951545
 0> <info> app: hr,120,4294951392,4294951540
 0> <info> app: hr,121,4294951390,4294951536
 0> <info> app: hr,122,4294951387,4294951537
 0> <info> app: hr,123,4294951387,4294951538
 0> <info> app: hr,124,4294951387,4294951541
 0> <info> app: hr,125,4294951388,4294951544
 0> <info> app: hr,126,4294951387,4294951539
 0> <info> app: hr,127,4294951388,4294951546
 0> <info> app: hr,128,4294951387,4294951544
 0> <info> app: hr,129,4294951388,4294951546
 0> <info> app: hr,130,4294951388,4294951544
 0> <info> app: hr,131,4294951392,4294951552
 0> <info> app: hr,132,4294951393,4294951559
 0> <info> app: hr,133,4294951397,4294951565
 0> <info> app: hr,134,4294951397,4294951567
 0> <info> app: hr,135,4294951395,4294951562
 0> <info> app: hr,136,4294951394,4294951563
 0> <info> app: hr,137,4294951389,4294951564
 0> <info> app: hr,138,4294951391,4294951568
 0> <info> app: hr,139,4294951394,4294951567
 0> <info> app: hr,140,4294951387,4294951562
 0> <info> app: hr,141,4294951388,4294951564
 0> <info> app: hr,142,4294951386,4294951566
 0> <info> app: hr,143,4294951393,4294951572
 0> <info> app: hr,144,4294951393,4294951584
 0> <info> app: hr,145,4294951387,4294951581
 0> <info> app: hr,146,4294951389,4294951590
 0> <info> app: hr,147,4294951382,4294951594
 0> <info> app: hr,148,4294951377,4294951601
 0> <info> app: hr,149,4294951374,4294951604
 0> <info> app: hr,150,4294951368,4294951618
 0> <info> app: hr,151,4294951360,4294951613
 0> <info> app: hr,152,4294951357,4294951618
 0> <info> app: hr,153,4294951359,4294951613
 0> <info> app: hr,154,4294951367,4294951616
 0> <info> app: hr,155,4294951358,4294951615
 0> <info> app: hr,156,4294951362,4294951619
 0> <info> app: hr,157,4294951367,4294951615
 0> <info> app: hr,158,4294951362,4294951615
 0> <info> app: hr,159,4294951369,4294951617
 0> <info> app: hr,160,4294951378,4294951620
 0> <info> app: hr,161,4294951372,4294951620
 0> <info> app: hr,162,4294951377,4294951621
 0> <info> app: hr,163,4294951383,4294951617
 0> <info> app: hr,164,4294951381,4294951617
 0> <info> app: hr,165,4294951383,4294951618
 0> <info> app: hr,166,4294951384,4294951622
 0> <info> app: hr,167,4294951379,4294951620
 0> <info> app: hr,168,4294951383,4294951622
 0> <info> app: hr,169,4294951380,4294951622
 0> <info> app: hr,170,4294951384,4294951620
 0> <info> app: hr,171,4294951382,4294951620
 0> <info> app: hr,172,4294951381,4294951622
 0> <info> app: hr,173,4294951377,4294951616
 0> <info> app: hr,174,4294951371,4294951606
 0> <info> app: hr,175,4294951362,4294951585
 0> <info> app: hr,176,4294951354,4294951576
 0> <info> app: hr,177,4294951351,4294951555
 0> <info> app: hr,178,4294951351,4294951545
 0> <info> app: hr,179,4294951352,4294951534
 0> <info> app: hr,180,4294951355,4294951533
 0> <info> app: hr,181,4294951354,4294951529
 0> <info> app: hr,182,4294951348,4294951546
 0> <info> app: hr,183,4294951355,4294951539
 0> <info> app: hr,184,4294951354,4294951539
 0> <info> app: hr,185,4294951351,4294951539
 0> <info> app: hr,186,4294951357,4294951534
 0> <info> app: hr,187,4294951353,4294951534
 0> <info> app: hr,188,4294951352,4294951541
 0> <info> app: hr,189,4294951355,4294951544
 0> <info> app: hr,190,4294951358,4294951548
 0> <info> app: hr,191,4294951360,4294951553
 0> <info> app: hr,192,4294951356,4294951557
 0> <info> app: hr,193,4294951361,4294951565
 0> <info> app: hr,194,4294951361,4294951554
 0> <info> app: hr,195,4294951359,4294951561
 0> <info> app: hr,196,4294951361,4294951561
 0> <info> app: hr,197,4294951360,4294951559
 0> <info> app: hr,198,4294951362,4294951568
 0> <info> app: hr,199,4294951356,4294951566
 0> <info> app: hr,200,4294951360,4294951565
 0> <info> app: hr,201,4294951364,4294951569
 0> <info> app: hr,202,4294951360,4294951574
 0> <info> app: hr,203,4294951361,4294951571
 0> <info> app: hr,204,4294951359,4294951576
 0> <info> app: hr,205,4294951367,4294951581
 0> <info> app: hr,206,4294951363,4294951578
 0> <info> app: hr,207,4294951362,4294951578
 0> <info> app: hr,208,4294951364,4294951587
 0> <info> app: hr,209,4294951356,4294951593
 0> <info> app: hr,210,4294951361,4294951597
 0> <info> app: hr,211,4294951359,4294951599
 0> <info> app: hr,212,4294951359,4294951596
 0> <info> app: hr,213,4294951361,4294951589
 0> <info> app: hr,214,4294951365,4294951595
 0> <info> app: hr,215,4294951364,4294951597
 0> <info> app: hr,216,4294951368,4294951596
 0> <info> app: hr,217,4294951367,4294951606
 0> <info> app: hr,218,4294951367,4294951606
 0> <info> app: hr,219,4294951363,4294951605
 0> <info> app: hr,220,4294951364,4294951611
 0> <info> app: hr,221,4294951363,4294951608
 0> <info> app: hr,222,4294951360,4294951608
 0> <info> app: hr,223,4294951361,4294951612
 0> <info> app: hr,224,4294951367,4294951612
 0> <info> app: hr,225,4294951359,4294951613
 0> <info> app: hr,226,4294951358,4294951610
 0> <info> app: hr,227,4294951361,4294951608
 0> <info> app: hr,228,4294951357,4294951611
 0> <info> app: hr,229,4294951359,4294951618
 0> <info> app: hr,230,4294951361,4294951622
 0> <info> app: hr,231,4294951364,4294951620
 0> <info> app: hr,232,4294951361,4294951620
 0> <info> app: hr,233,4294951363,4294951624
 0> <info> app: hr,234,4294951372,4294951629
 0> <info> app: hr,235,4294951375,4294951626
 0> <info> app: hr,236,4294951366,4294951626
 0> <info> app: hr,237,4294951364,4294951619
 0> <info> app: hr,238,4294951357,4294951598
 0> <info> app: hr,239,4294951348,4294951582
 0> <info> app: hr,240,4294951348,4294951564
 0> <info> app: hr,241,4294951344,4294951550
 0> <info> app: hr,242,4294951336,4294951545
 0> <info> app: hr,243,4294951336,4294951538
 0> <info> app: hr,244,4294951333,4294951540
 0> <info> app: hr,245,4294951325,4294951542
 0> <info> app: hr,246,4294951335,4294951541
 0> <info> app: hr,247,4294951330,4294951547
 0> <info> app: hr,248,4294951323,4294951547
 0> <info> app: hr,249,4294951328,4294951547
 0> <info> app: hr,250,4294951325,4294951544
 0> <info> app: hr,251,4294951323,4294951547
 0> <info> app: hr,252,4294951331,4294951552
 0> <info> app: hr,253,4294951326,4294951550
 0> <info> app: hr,254,4294951329,4294951555
 0> <info> app: hr,255,4294951338,4294951570
 0> <info> app: hr,256,4294951345,4294951575
 0> <info> app: hr,257,4294951345,4294951581
 0> <info> app: hr,258,4294951333,4294951578
 0> <info> app: hr,259,4294951336,4294951578
 0> <info> app: hr,260,4294951333,4294951581
 0> <info> app: hr,261,4294951341,4294951580
 0> <info> app: hr,262,4294951336,4294951578
 0> <info> app: hr,263,4294951331,4294951581
 0> <info> app: hr,264,4294951333,4294951583
 0> <info> app: hr,265,4294951332,4294951582
 0> <info> app: hr,266,4294951339,4294951587
 0> <info> app: hr,267,4294951337,4294951587
 0> <info> app: hr,268,4294951334,4294951589
 0> <info> app: hr,269,4294951332,4294951589
 0> <info> app: hr,270,4294951336,4294951592
 0> <info> app: hr,271,4294951335,4294951592
 0> <info> app: hr,272,4294951336,4294951592
 0> <info> app: hr,273,4294951336,4294951596
 0> <info> app: hr,274,4294951335,4294951600
 0> <info> app: hr,275,4294951332,4294951597
 0> <info> app: hr,276,4294951334,4294951607
 0> <info> app: hr,277,4294951338,4294951601
 0> <info> app: hr,278,4294951334,4294951596
 0> <info> app: hr,279,4294951330,4294951607
 0> <info> app: hr,280,4294951332,4294951611
 0> <info> app: hr,281,4294951339,4294951605
 0> <info> app: hr,282,4294951331,4294951606
 0> <info> app: hr,283,4294951337,4294951608
 0> <info> app: hr,284,4294951340,4294951601
 0> <info> app: hr,285,4294951340,4294951609
 0> <info> app: hr,286,4294951334,4294951607
 0> <info> app: hr,287,4294951329,4294951613
 0> <info> app: hr,288,4294951329,4294951611
 0> <info> app: hr,289,4294951322,4294951613
 0> <info> app: hr,290,4294951323,4294951617
 0> <info> app: hr,291,4294951326,4294951622
 0> <info> app: hr,292,4294951328,4294951620
 0> <info> app: hr,293,4294951329,4294951626
 0> <info> app: hr,294,4294951332,4294951628
 0> <info> app: hr,295,4294951329,4294951625
 0> <info> app: hr,296,4294951328,4294951628
 0> <info> app: hr,297,4294951333,4294951629
 0> <info> app: hr,298,4294951337,4294951628
 0> <info> app: hr,299,4294951331,4294951634
 0> <info> app: hr,300,4294951333,4294951627
 0> <info> app: hr,301,4294951332,4294951629
 0> <info> app: hr,302,4294951326,4294951626
 0> <info> app: hr,303,4294951322,4294951603
 0> <info> app: hr,304,4294951313,4294951585
 0> <info> app: hr,305,4294951307,4294951573
 0> <info> app: hr,306,4294951295,4294951560
 0> <info> app: hr,307,4294951295,4294951546
 0> <info> app: hr,308,4294951288,4294951545
 0> <info> app: hr,309,4294951294,4294951540
 0> <info> app: hr,310,4294951286,4294951547
 0> <info> app: hr,311,4294951289,4294951546
 0> <info> app: hr,312,4294951291,4294951550
 0> <info> app: hr,313,4294951293,4294951547
 0> <info> app: hr,314,4294951295,4294951539
 0> <info> app: hr,315,4294951295,4294951545
 0> <info> app: hr,316,4294951295,4294951546
 0> <info> app: hr,317,4294951299,4294951545
 0> <info> app: hr,318,4294951302,4294951556
 0> <info> app: hr,319,4294951307,4294951559
 0> <info> app: hr,320,4294951304,4294951561
 0> <info> app: hr,321,4294951307,4294951565
 0> <info> app: hr,322,4294951300,4294951566
 0> <info> app: hr,323,4294951302,4294951561
 0> <info> app: hr,324,4294951303,4294951568
 0> <info> app: hr,325,4294951304,4294951566
 0> <info> app: hr,326,4294951306,4294951560
 0> <info> app: hr,327,4294951309,4294951569
 0> <info> app: hr,328,4294951305,4294951567
 0> <info> app: hr,329,4294951307,4294951568
 0> <info> app: hr,330,4294951308,4294951571
 0> <info> app: hr,331,4294951303,4294951568
 0> <info> app: hr,332,4294951311,4294951578
 0> <info> app: hr,333,4294951306,4294951583
 0> <info> app: hr,334,4294951306,4294951580
 0> <info> app: hr,335,4294951298,4294951589
 0> <info> app: hr,336,4294951301,4294951591
 0> <info> app: hr,337,4294951299,4294951589
 0> <info> app: hr,338,4294951299,4294951594
 0> <info> app: hr,339,4294951301,4294951596
 0> <info> app: hr,340,4294951298,4294951596
 0> <info> app: hr,341,4294951301,4294951592
 0> <info> app: hr,342,4294951307,4294951594
 0> <info> app: hr,343,4294951305,4294951593
 0> <info> app: hr,344,4294951303,4294951596

# Logging stopped @ 30 Nov 2018 10:17:53
