# SEGGER J-Link RTT Viewer V6.16a Terminal Log File
# Compiled: 12:44:10 on Jun  6 2017
# Logging started @ 30 Nov 2018 10:28:30
 0> <info> app: ***********  Application started  ***********
 0> 
 0> <info> app: [OK] NRF Power ON 0x0004. 
 0> <info> app: Read MAC:D8B7D5F50205
 0> <info> app: ***********  Sensor initial ***********
 0> <info> app: [OK]	BMI160
 0> <info> app: [OK]	SETUP ACC
 0> <info> app: [OK]	SETUP STEP COUNT
 0> <info> app: [OK]	FLASH MEMORY
 0> <info> app: [OK]	Read and using configuration in flash memory
 0> <info> app: [OK]	Using queue setting from flash memory
 0> <info> app: gender in flash 1
 0> <info> app: [OK]	OLED Initial
 0> <info> app: [OK]	Max30102 Initial, Temperature 68.81
 0> <info> app: ********** End sensor initial *********
 0> 
 0> <info> app: Max30102 Found
 0> 
 0> <info> app: HR Begin
 0> 
 0> <info> app: 342
 0> <info> app: hr,0,67635,107410
 0> <info> app: hr,1,67635,107410
 0> <info> app: hr,2,67635,107416
 0> <info> app: hr,3,67638,107429
 0> <info> app: hr,4,67640,107434
 0> <info> app: hr,5,67643,107444
 0> <info> app: hr,6,67645,107454
 0> <info> app: hr,7,67644,107459
 0> <info> app: hr,8,67647,107464
 0> <info> app: hr,9,67647,107468
 0> <info> app: hr,10,67646,107475
 0> <info> app: hr,11,67646,107474
 0> <info> app: hr,12,67654,107486
 0> <info> app: hr,13,67661,107500
 0> <info> app: hr,14,67667,107510
 0> <info> app: hr,15,67667,107512
 0> <info> app: hr,16,67666,107520
 0> <info> app: hr,17,67665,107523
 0> <info> app: hr,18,67671,107528
 0> <info> app: hr,19,67674,107538
 0> <info> app: hr,20,67670,107547
 0> <info> app: hr,21,67674,107555
 0> <info> app: hr,22,67674,107558
 0> <info> app: hr,23,67671,107560
 0> <info> app: hr,24,67670,107557
 0> <info> app: hr,25,67662,107555
 0> <info> app: hr,26,67662,107553
 0> <info> app: hr,27,67659,107548
 0> <info> app: hr,28,67658,107551
 0> <info> app: hr,29,67659,107560
 0> <info> app: hr,30,67664,107572
 0> <info> app: hr,31,67670,107587
 0> <info> app: hr,32,67668,107590
 0> <info> app: hr,33,67667,107594
 0> <info> app: hr,34,67673,107604
 0> <info> app: hr,35,67671,107619
 0> <info> app: hr,36,67685,107641
 0> <info> app: hr,37,67689,107654
 0> <info> app: hr,38,67685,107656
 0> <info> app: hr,39,67684,107651
 0> <info> app: hr,40,67683,107658
 0> <info> app: hr,41,67686,107662
 0> <info> app: hr,42,67688,107668
 0> <info> app: hr,43,67685,107659
 0> <info> app: hr,44,67677,107652
 0> <info> app: hr,45,67674,107647
 0> <info> app: hr,46,67670,107635
 0> <info> app: hr,47,67669,107635
 0> <info> app: hr,48,67669,107636
 0> <info> app: hr,49,67668,107633
 0> <info> app: hr,50,67668,107634
 0> <info> app: hr,51,67666,107635
 0> <info> app: hr,52,67656,107611
 0> <info> app: hr,53,67650,107575
 0> <info> app: hr,54,67646,107535
 0> <info> app: hr,55,67636,107501
 0> <info> app: hr,56,67634,107485
 0> <info> app: hr,57,67635,107473
 0> <info> app: hr,58,67630,107466
 0> <info> app: hr,59,67630,107463
 0> <info> app: hr,60,67631,107467
 0> <info> app: hr,61,67631,107476
 0> <info> app: hr,62,67632,107475
 0> <info> app: hr,63,67627,107465
 0> <info> app: hr,64,67623,107458
 0> <info> app: hr,65,67620,107448
 0> <info> app: hr,66,67614,107443
 0> <info> app: hr,67,67619,107456
 0> <info> app: hr,68,67622,107472
 0> <info> app: hr,69,67628,107495
 0> <info> app: hr,70,67637,107519
 0> <info> app: hr,71,67642,107523
 0> <info> app: hr,72,67637,107528
 0> <info> app: hr,73,67638,107536
 0> <info> app: hr,74,67645,107542
 0> <info> app: hr,75,67648,107548
 0> <info> app: hr,76,67649,107552
 0> <info> app: hr,77,67646,107554
 0> <info> app: hr,78,67652,107560
 0> <info> app: hr,79,67655,107575
 0> <info> app: hr,80,67653,107578
 0> <info> app: hr,81,67654,107586
 0> <info> app: hr,82,67658,107594
 0> <info> app: hr,83,67668,107606
 0> <info> app: hr,84,67671,107621
 0> <info> app: hr,85,67675,107632
 0> <info> app: hr,86,67675,107633
 0> <info> app: hr,87,67675,107640
 0> <info> app: hr,88,67675,107642
 0> <info> app: hr,89,67676,107644
 0> <info> app: hr,90,67671,107638
 0> <info> app: hr,91,67671,107638
 0> <info> app: hr,92,67665,107635
 0> <info> app: hr,93,67671,107653
 0> <info> app: hr,94,67675,107667
 0> <info> app: hr,95,67681,107671
 0> <info> app: hr,96,67680,107672
 0> <info> app: hr,97,67678,107671
 0> <info> app: hr,98,67675,107666
 0> <info> app: hr,99,67673,107673
 0> <info> app: hr,100,67671,107672
 0> <info> app: hr,101,67675,107684
 0> <info> app: hr,102,67680,107684
 0> <info> app: hr,103,67681,107690
 0> <info> app: hr,104,67672,107685
 0> <info> app: hr,105,67677,107688
 0> <info> app: hr,106,67671,107689
 0> <info> app: hr,107,67676,107696
 0> <info> app: hr,108,67681,107706
 0> <info> app: hr,109,67681,107706
 0> <info> app: hr,110,67678,107706
 0> <info> app: hr,111,67675,107705
 0> <info> app: hr,112,67674,107710
 0> <info> app: hr,113,67673,107711
 0> <info> app: hr,114,67668,107701
 0> <info> app: hr,115,67667,107678
 0> <info> app: hr,116,67661,107644
 0> <info> app: hr,117,67656,107615
 0> <info> app: hr,118,67659,107598
 0> <info> app: hr,119,67657,107579
 0> <info> app: hr,120,67651,107572
 0> <info> app: hr,121,67649,107558
 0> <info> app: hr,122,67646,107550
 0> <info> app: hr,123,67644,107544
 0> <info> app: hr,124,67641,107555
 0> <info> app: hr,125,67641,107560
 0> <info> app: hr,126,67643,107558
 0> <info> app: hr,127,67639,107554
 0> <info> app: hr,128,67637,107547
 0> <info> app: hr,129,67636,107549
 0> <info> app: hr,130,67634,107556
 0> <info> app: hr,131,67637,107562
 0> <info> app: hr,132,67635,107572
 0> <info> app: hr,133,67631,107573
 0> <info> app: hr,134,67632,107572
 0> <info> app: hr,135,67634,107580
 0> <info> app: hr,136,67636,107589
 0> <info> app: hr,137,67639,107600
 0> <info> app: hr,138,67644,107602
 0> <info> app: hr,139,67642,107599
 0> <info> app: hr,140,67637,107599
 0> <info> app: hr,141,67638,107597
 0> <info> app: hr,142,67644,107606
 0> <info> app: hr,143,67645,107611
 0> <info> app: hr,144,67649,107623
 0> <info> app: hr,145,67650,107634
 0> <info> app: hr,146,67648,107635
 0> <info> app: hr,147,67652,107640
 0> <info> app: hr,148,67649,107642
 0> <info> app: hr,149,67647,107644
 0> <info> app: hr,150,67644,107639
 0> <info> app: hr,151,67642,107639
 0> <info> app: hr,152,67642,107641
 0> <info> app: hr,153,67644,107646
 0> <info> app: hr,154,67643,107658
 0> <info> app: hr,155,67643,107664
 0> <info> app: hr,156,67641,107668
 0> <info> app: hr,157,67639,107662
 0> <info> app: hr,158,67642,107664
 0> <info> app: hr,159,67641,107676
 0> <info> app: hr,160,67647,107690
 0> <info> app: hr,161,67650,107701
 0> <info> app: hr,162,67653,107706
 0> <info> app: hr,163,67656,107709
 0> <info> app: hr,164,67650,107711
 0> <info> app: hr,165,67655,107716
 0> <info> app: hr,166,67654,107717
 0> <info> app: hr,167,67660,107726
 0> <info> app: hr,168,67659,107732
 0> <info> app: hr,169,67660,107731
 0> <info> app: hr,170,67655,107735
 0> <info> app: hr,171,67657,107739
 0> <info> app: hr,172,67657,107743
 0> <info> app: hr,173,67657,107737
 0> <info> app: hr,174,67649,107722
 0> <info> app: hr,175,67639,107683
 0> <info> app: hr,176,67626,107638
 0> <info> app: hr,177,67621,107601
 0> <info> app: hr,178,67621,107581
 0> <info> app: hr,179,67616,107567
 0> <info> app: hr,180,67618,107563
 0> <info> app: hr,181,67615,107563
 0> <info> app: hr,182,67618,107567
 0> <info> app: hr,183,67620,107576
 0> <info> app: hr,184,67624,107590
 0> <info> app: hr,185,67632,107605
 0> <info> app: hr,186,67639,107618
 0> <info> app: hr,187,67644,107631
 0> <info> app: hr,188,67648,107637
 0> <info> app: hr,189,67649,107654
 0> <info> app: hr,190,67652,107661
 0> <info> app: hr,191,67649,107661
 0> <info> app: hr,192,67645,107660
 0> <info> app: hr,193,67638,107655
 0> <info> app: hr,194,67637,107657
 0> <info> app: hr,195,67636,107669
 0> <info> app: hr,196,67638,107667
 0> <info> app: hr,197,67638,107666
 0> <info> app: hr,198,67639,107668
 0> <info> app: hr,199,67640,107668
 0> <info> app: hr,200,67633,107663
 0> <info> app: hr,201,67633,107665
 0> <info> app: hr,202,67633,107670
 0> <info> app: hr,203,67638,107675
 0> <info> app: hr,204,67640,107683
 0> <info> app: hr,205,67647,107697
 0> <info> app: hr,206,67653,107721
 0> <info> app: hr,207,67662,107745
 0> <info> app: hr,208,67667,107766
 0> <info> app: hr,209,67673,107780
 0> <info> app: hr,210,67674,107784
 0> <info> app: hr,211,67681,107800
 0> <info> app: hr,212,67685,107817
 0> <info> app: hr,213,67690,107825
 0> <info> app: hr,214,67687,107828
 0> <info> app: hr,215,67684,107820
 0> <info> app: hr,216,67681,107813
 0> <info> app: hr,217,67677,107807
 0> <info> app: hr,218,67678,107816
 0> <info> app: hr,219,67679,107831
 0> <info> app: hr,220,67685,107842
 0> <info> app: hr,221,67683,107837
 0> <info> app: hr,222,67679,107836
 0> <info> app: hr,223,67679,107830
 0> <info> app: hr,224,67676,107831
 0> <info> app: hr,225,67674,107829
 0> <info> app: hr,226,67671,107826
 0> <info> app: hr,227,67678,107837
 0> <info> app: hr,228,67676,107846
 0> <info> app: hr,229,67682,107856
 0> <info> app: hr,230,67680,107858
 0> <info> app: hr,231,67676,107855
 0> <info> app: hr,232,67674,107853
 0> <info> app: hr,233,67671,107842
 0> <info> app: hr,234,67665,107833
 0> <info> app: hr,235,67658,107806
 0> <info> app: hr,236,67654,107778
 0> <info> app: hr,237,67649,107750
 0> <info> app: hr,238,67649,107719
 0> <info> app: hr,239,67638,107695
 0> <info> app: hr,240,67637,107681
 0> <info> app: hr,241,67630,107670
 0> <info> app: hr,242,67625,107654
 0> <info> app: hr,243,67622,107651
 0> <info> app: hr,244,67621,107652
 0> <info> app: hr,245,67623,107656
 0> <info> app: hr,246,67627,107660
 0> <info> app: hr,247,67630,107665
 0> <info> app: hr,248,67636,107680
 0> <info> app: hr,249,67638,107688
 0> <info> app: hr,250,67638,107687
 0> <info> app: hr,251,67631,107686
 0> <info> app: hr,252,67627,107683
 0> <info> app: hr,253,67627,107692
 0> <info> app: hr,254,67629,107699
 0> <info> app: hr,255,67627,107699
 0> <info> app: hr,256,67620,107690
 0> <info> app: hr,257,67615,107681
 0> <info> app: hr,258,67616,107686
 0> <info> app: hr,259,67619,107692
 0> <info> app: hr,260,67619,107698
 0> <info> app: hr,261,67620,107698
 0> <info> app: hr,262,67621,107704
 0> <info> app: hr,263,67624,107709
 0> <info> app: hr,264,67628,107721
 0> <info> app: hr,265,67630,107730
 0> <info> app: hr,266,67633,107738
 0> <info> app: hr,267,67633,107740
 0> <info> app: hr,268,67628,107738
 0> <info> app: hr,269,67623,107731
 0> <info> app: hr,270,67618,107726
 0> <info> app: hr,271,67615,107722
 0> <info> app: hr,272,67614,107718
 0> <info> app: hr,273,67617,107722
 0> <info> app: hr,274,67612,107718
 0> <info> app: hr,275,67615,107723
 0> <info> app: hr,276,67614,107733
 0> <info> app: hr,277,67614,107728
 0> <info> app: hr,278,67611,107727
 0> <info> app: hr,279,67606,107732
 0> <info> app: hr,280,67608,107732
 0> <info> app: hr,281,67611,107737
 0> <info> app: hr,282,67616,107752
 0> <info> app: hr,283,67621,107762
 0> <info> app: hr,284,67624,107773
 0> <info> app: hr,285,67621,107780
 0> <info> app: hr,286,67627,107778
 0> <info> app: hr,287,67624,107782
 0> <info> app: hr,288,67623,107778
 0> <info> app: hr,289,67623,107783
 0> <info> app: hr,290,67618,107774
 0> <info> app: hr,291,67614,107764
 0> <info> app: hr,292,67602,107746
 0> <info> app: hr,293,67595,107740
 0> <info> app: hr,294,67591,107737
 0> <info> app: hr,295,67593,107733
 0> <info> app: hr,296,67590,107724
 0> <info> app: hr,297,67584,107700
 0> <info> app: hr,298,67576,107663
 0> <info> app: hr,299,67567,107622
 0> <info> app: hr,300,67561,107588
 0> <info> app: hr,301,67567,107581
 0> <info> app: hr,302,67566,107582
 0> <info> app: hr,303,67571,107582
 0> <info> app: hr,304,67566,107583
 0> <info> app: hr,305,67568,107589
 0> <info> app: hr,306,67570,107597
 0> <info> app: hr,307,67572,107603
 0> <info> app: hr,308,67572,107609
 0> <info> app: hr,309,67577,107617
 0> <info> app: hr,310,67579,107626
 0> <info> app: hr,311,67581,107632
 0> <info> app: hr,312,67584,107634
 0> <info> app: hr,313,67580,107637
 0> <info> app: hr,314,67578,107637
 0> <info> app: hr,315,67572,107623
 0> <info> app: hr,316,67563,107614
 0> <info> app: hr,317,67559,107601
 0> <info> app: hr,318,67552,107592
 0> <info> app: hr,319,67550,107584
 0> <info> app: hr,320,67548,107590
 0> <info> app: hr,321,67551,107592
 0> <info> app: hr,322,67552,107598
 0> <info> app: hr,323,67557,107602
 0> <info> app: hr,324,67557,107607
 0> <info> app: hr,325,67561,107621
 0> <info> app: hr,326,67564,107637
 0> <info> app: hr,327,67568,107645
 0> <info> app: hr,328,67574,107654
 0> <info> app: hr,329,67575,107665
 0> <info> app: hr,330,67578,107675
 0> <info> app: hr,331,67580,107679
 0> <info> app: hr,332,67578,107679
 0> <info> app: hr,333,67575,107679
 0> <info> app: hr,334,67569,107669
 0> <info> app: hr,335,67570,107664
 0> <info> app: hr,336,67565,107658
 0> <info> app: hr,337,67560,107644
 0> <info> app: hr,338,67554,107637
 0> <info> app: hr,339,67549,107637
 0> <info> app: hr,340,67548,107630
 0> <info> app: hr,341,67547,107633

# Logging stopped @ 30 Nov 2018 10:29:00
