# SEGGER J-Link RTT Viewer V6.16a Terminal Log File
# Compiled: 12:44:10 on Jun  6 2017
# Logging started @ 26 Nov 2018 10:12:37
 0> <info> app: ***********  Application started  ***********
 0> 
 0> <info> app: [OK] NRF Power ON 0x0004. 
 0> <info> app: Read MAC:CC34D2110EF6
 0> <info> app: ***********  Sensor initial ***********
 0> <info> app: [OK]	BMI160
 0> <info> app: [OK]	SETUP ACC
 0> <info> app: [OK]	SETUP STEP COUNT
 0> <info> app: [OK]	FLASH MEMORY
 0> <info> app: [OK]	Read and using configuration in flash memory
 0> <info> app: [OK]	Using queue setting from flash memory
 0> <info> app: gender in flash 1
 0> <info> app: [OK]	OLED Initial
 0> <info> app: [OK]	Max30102 Initial, Temperature 31.06
 0> <info> app: ********** End sensor initial *********
 0> 
 0> <info> app: Erase bonds!
 0> <info> app: BLE_ADV_EVT_FAST
 0> <info> app: advertising is started
 0> <info> app: [FALL] Device restart detected. It require setup timer from flash memory
 0> 
 0> <info> app: [OK]	FLASH MEMORY
 0> <info> app: [OK] Pedo data with pages 983
 0> 
 0> <error> app: [OK] Unix Time in flash 1536337299
 0> <error> app: [OK] Unix Time in flash 1536337309
 0> <error> app: [OK] Unix Time in flash 1536337319
 0> <error> app: [OK] Unix Time in flash 1536337329
 0> <error> app: [OK] Unix Time in flash 1536337339
 0> <error> app: [OK] Unix Time in flash 1536337349
 0> <error> app: [OK] Unix Time in flash 1536337359
 0> <error> app: [OK] Unix Time in flash 1536337369
 0> <info> app: BATT Reading...
 0> <info> app: Raw 794,SOC 0,BattFullDetect 0, 351V
 0> <info> app: Save 1536337400, -863, 15437, -6629,
 0> <info> app: ALERT_BT_CHECK_WAIT_KRY
 0> <info> app: Right Press
 0> <info> app: Right Press
 0> <info> app: Right Press
 0> <info> app: Right Press
 0> <info> app: BATT Reading...
 0> <info> app: Raw 790,SOC 0,BattFullDetect 0, 350V
 0> <info> app: Save 1536337410, -728, 14899, -7727,
 0> <info> app: [OK]	Max30102 Already and background working is begin
 0> 
 0> <info> app: BATT Reading...
 0> <info> app: Raw 790,SOC 0,BattFullDetect 0, 350V
 0> <info> app: Save 1536337420, -657, 14959, -7594,
 0> <info> app: [OK]	HR sample count 1017
 0> <info> app: hr,50,-20260, -257.00 ,0
 0> <info> app: hr,51,-20277, -209.00 ,0
 0> <info> app: hr,52,-20306, -159.00 ,0
 0> <info> app: hr,53,-20249, -105.00 ,0
 0> <info> app: hr,54,-20274, -49.00 ,0
 0> <info> app: hr,55,-20165, 8.00 ,0
 0> <info> app: hr,56,-20177, 65.00 ,1
 0> <info> app: hr,57,-20097, 122.00 ,1
 0> <info> app: hr,58,-20093, 178.00 ,1
 0> <info> app: hr,59,-20145, 233.00 ,1
 0> <info> app: hr,60,-20116, 286.00 ,1
 0> <info> app: hr,61,-20075, 338.00 ,1
 0> <info> app: hr,62,-20040, 388.00 ,1
 0> <info> app: hr,63,-19929, 435.00 ,1
 0> <info> app: hr,64,-19879, 479.00 ,1
 0> <info> app: hr,65,-19862, 519.00 ,1
 0> <info> app: hr,66,-19854, 557.00 ,1
 0> <info> app: hr,67,-19847, 590.00 ,1
 0> <info> app: hr,68,-19888, 622.00 ,1
 0> <info> app: hr,69,-19910, 648.00 ,1
 0> <info> app: hr,70,-19897, 673.00 ,1
 0> <info> app: hr,71,-19836, 695.00 ,1
 0> <info> app: hr,72,-19768, 714.00 ,1
 0> <info> app: hr,73,-19711, 729.00 ,1
 0> <info> app: hr,74,-19705, 741.00 ,1
 0> <info> app: hr,75,-19694, 750.00 ,1
 0> <info> app: hr,76,-19654, 757.00 ,1
 0> <info> app: hr,77,-19635, 760.00 ,1
 0> <info> app: hr,78,-19599, 761.00 ,1
 0> <info> app: hr,79,-19529, 759.00 ,0
 0> <info> app: hr,80,-19480, 754.00 ,0
 0> <info> app: hr,81,-19432, 746.00 ,0
 0> <info> app: hr,82,-19427, 736.00 ,0
 0> <info> app: hr,83,-19379, 724.00 ,0
 0> <info> app: hr,84,-19310, 709.00 ,-1
 0> <info> app: hr,85,-19272, 692.00 ,-1
 0> <info> app: hr,86,-19199, 674.00 ,-1
 0> <info> app: hr,87,-19179, 652.00 ,-1
 0> <info> app: hr,88,-19042, 629.00 ,-1
 0> <info> app: hr,89,-19025, 605.00 ,-1
 0> <info> app: hr,90,-18878, 578.00 ,-1
 0> <info> app: hr,91,-18831, 550.00 ,-1
 0> <info> app: hr,92,-18771, 519.00 ,-1
 0> <info> app: hr,93,-18835, 487.00 ,-1
 0> <info> app: hr,94,-18830, 454.00 ,-1
 0> <info> app: hr,95,-18920, 421.00 ,-1
 0> <info> app: hr,96,-18961, 387.00 ,-1
 0> <info> app: hr,97,-19034, 354.00 ,-1
 0> <info> app: hr,98,-19131, 320.00 ,-1
 0> <info> app: hr,99,-19173, 289.00 ,-1
 0> <info> app: hr,100,-19142, 258.00 ,-1
 0> <info> app: hr,101,-19101, 228.00 ,-1
 0> <info> app: hr,102,-19026, 201.00 ,-1
 0> <info> app: hr,103,-19057, 174.00 ,-1
 0> <info> app: hr,104,-18963, 147.00 ,-1
 0> <info> app: hr,105,-18938, 122.00 ,-1
 0> <info> app: hr,106,-18872, 98.00 ,-1
 0> <info> app: hr,107,-18847, 73.00 ,-1
 0> <info> app: hr,108,-18704, 50.00 ,-1
 0> <info> app: hr,109,-18645, 27.00 ,-1
 0> <info> app: hr,110,-18577, 3.00 ,-1
 0> <info> app: hr,111,-18473, -20.00 ,-1
 0> <info> app: hr,112,-18385, -43.00 ,-1
 0> <info> app: hr,113,-18289, -67.00 ,-1
 0> <info> app: hr,114,-18187, -91.00 ,-1
 0> <info> app: hr,115,-18123, -117.00 ,-1
 0> <info> app: hr,116,-17976, -142.00 ,-1
 0> <info> app: hr,117,-17899, -168.00 ,-1
 0> <info> app: hr,118,-17843, -195.00 ,-1
 0> <info> app: hr,119,-17762, -223.00 ,-1
 0> <info> app: hr,120,-17676, -250.00 ,-1
 0> <info> app: hr,121,-17658, -279.00 ,-1
 0> <info> app: hr,122,-17608, -308.00 ,-1
 0> <info> app: hr,123,-17640, -337.00 ,-1
 0> <info> app: hr,124,-17611, -366.00 ,-1
 0> <info> app: hr,125,-17561, -394.00 ,-1
 0> <info> app: hr,126,-17432, -423.00 ,-1
 0> <info> app: hr,127,-17377, -449.00 ,-1
 0> <info> app: hr,128,-17306, -477.00 ,-1
 0> <info> app: hr,129,-17207, -504.00 ,-1
 0> <info> app: hr,130,-17191, -531.00 ,-1
 0> <info> app: hr,131,-17180, -557.00 ,-1
 0> <info> app: hr,132,-17158, -583.00 ,-1
 0> <info> app: hr,133,-17204, -608.00 ,-1
 0> <info> app: hr,134,-17333, -632.00 ,-1
 0> <info> app: hr,135,-17564, -653.00 ,-1
 0> <info> app: hr,136,-17809, -672.00 ,-1
 0> <info> app: hr,137,-18122, -688.00 ,-1
 0> <info> app: hr,138,-18401, -699.00 ,-1
 0> <info> app: hr,139,-18659, -705.00 ,-1
 0> <info> app: hr,140,-18919, -705.00 ,-1
 0> <info> app: hr,141,-19045, -699.00 ,-1
 0> <info> app: hr,142,-19182, -688.00 ,-1
 0> <info> app: hr,143,-19268, -670.00 ,-1
 0> <info> app: hr,144,-19326, -648.00 ,-1
 0> <info> app: hr,145,-19389, -620.00 ,-1
 0> <info> app: hr,146,-19416, -589.00 ,-1
 0> <info> app: hr,147,-19476, -555.00 ,-1
 0> <info> app: hr,148,-19455, -516.00 ,-1
 0> <info> app: hr,149,-19448, -475.00 ,-1
 0> <info> app: hr,150,-19474, -434.00 ,-1
 0> <info> app: hr,151,-19446, -389.00 ,-1
 0> <info> app: hr,152,-19442, -343.00 ,-1
 0> <info> app: hr,153,-19373, -298.00 ,-1
 0> <info> app: hr,154,-19386, -252.00 ,-1
 0> <info> app: hr,155,-19361, -208.00 ,-1
 0> <info> app: hr,156,-19334, -163.00 ,-1
 0> <info> app: hr,157,-19226, -120.00 ,-1
 0> <info> app: hr,158,-19177, -78.00 ,-1
 0> <info> app: hr,159,-19075, -38.00 ,-1
 0> <info> app: hr,160,-19009, 0.00 ,0
 0> <info> app: hr,161,-18981, 34.00 ,0
 0> <info> app: hr,162,-18907, 66.00 ,1
 0> <info> app: hr,163,-18901, 95.00 ,1
 0> <info> app: hr,164,-18903, 122.00 ,1
 0> <info> app: hr,165,-18837, 146.00 ,1
 0> <info> app: hr,166,-18888, 168.00 ,1
 0> <info> app: hr,167,-18834, 186.00 ,1
 0> <info> app: hr,168,-18924, 203.00 ,1
 0> <info> app: hr,169,-18914, 218.00 ,1
 0> <info> app: hr,170,-18929, 231.00 ,1
 0> <info> app: hr,171,-18906, 241.00 ,1
 0> <info> app: hr,172,-18872, 251.00 ,1
 0> <info> app: hr,173,-18835, 259.00 ,1
 0> <info> app: hr,174,-18894, 264.00 ,1
 0> <info> app: hr,175,-18875, 268.00 ,1
 0> <info> app: hr,176,-18874, 271.00 ,1
 0> <info> app: hr,177,-18865, 272.00 ,1
 0> <info> app: hr,178,-18883, 274.00 ,1
 0> <info> app: hr,179,-18827, 273.00 ,0
 0> <info> app: hr,180,-18774, 270.00 ,0
 0> <info> app: hr,181,-18705, 268.00 ,0
 0> <info> app: hr,182,-18646, 263.00 ,0
 0> <info> app: hr,183,-18558, 257.00 ,0
 0> <info> app: hr,184,-18507, 250.00 ,-1
 0> <info> app: hr,185,-18415, 241.00 ,-1
 0> <info> app: hr,186,-18371, 230.00 ,-1
 0> <info> app: hr,187,-18362, 218.00 ,-1
 0> <info> app: hr,188,-18361, 204.00 ,-1
 0> <info> app: hr,189,-18311, 190.00 ,-1
 0> <info> app: hr,190,-18287, 175.00 ,-1
 0> <info> app: hr,191,-18235, 158.00 ,-1
 0> <info> app: hr,192,-18195, 140.00 ,-1
 0> <info> app: hr,193,-18158, 121.00 ,-1
 0> <info> app: hr,194,-18153, 102.00 ,-1
 0> <info> app: hr,195,-18104, 83.00 ,-1
 0> <info> app: hr,196,-18114, 62.00 ,-1
 0> <info> app: hr,197,-18127, 41.00 ,-1
 0> <info> app: hr,198,-18105, 21.00 ,-1
 0> <info> app: hr,199,-18139, 1.00 ,-1
 0> <info> app: hr,200,-18204, -18.00 ,-1
 0> <info> app: hr,201,-18192, -38.00 ,-1
 0> <info> app: hr,202,-18212, -56.00 ,-1
 0> <info> app: hr,203,-18212, -74.00 ,-1
 0> <info> app: hr,204,-18123, -92.00 ,-1
 0> <info> app: hr,205,-18058, -108.00 ,-1
 0> <info> app: hr,206,-17991, -123.00 ,-1
 0> <info> app: hr,207,-17954, -139.00 ,-1
 0> <info> app: hr,208,-17855, -154.00 ,-1
 0> <info> app: hr,209,-17801, -170.00 ,-1
 0> <info> app: hr,210,-17775, -185.00 ,-1
 0> <info> app: hr,211,-17730, -201.00 ,-1
 0> <info> app: hr,212,-17647, -217.00 ,-1
 0> <info> app: hr,213,-17650, -232.00 ,-1
 0> <info> app: hr,214,-17541, -248.00 ,-1
 0> <info> app: hr,215,-17526, -264.00 ,-1
 0> <info> app: hr,216,-17503, -280.00 ,-1
 0> <info> app: hr,217,-17442, -296.00 ,-1
 0> <info> app: hr,218,-17417, -311.00 ,-1
 0> <info> app: hr,219,-17434, -327.00 ,-1
 0> <info> app: hr,220,-17405, -343.00 ,-1
 0> <info> app: hr,221,-17424, -358.00 ,-1
 0> <info> app: hr,222,-17452, -372.00 ,-1
 0> <info> app: hr,223,-17447, -386.00 ,-1
 0> <info> app: hr,224,-17500, -399.00 ,-1
 0> <info> app: hr,225,-17572, -411.00 ,-1
 0> <info> app: hr,226,-17623, -421.00 ,-1
 0> <info> app: hr,227,-17877, -429.00 ,-1
 0> <info> app: hr,228,-18074, -436.00 ,-1
 0> <info> app: hr,229,-18425, -439.00 ,-1
 0> <info> app: hr,230,-18733, -438.00 ,-1
 0> <info> app: hr,231,-19018, -433.00 ,-1
 0> <info> app: hr,232,-19207, -421.00 ,-1
 0> <info> app: hr,233,-19397, -405.00 ,-1
 0> <info> app: hr,234,-19446, -385.00 ,-1
 0> <info> app: hr,235,-19532, -359.00 ,-1
 0> <info> app: hr,236,-19500, -329.00 ,-1
 0> <info> app: hr,237,-19458, -295.00 ,-1
 0> <info> app: hr,238,-19468, -259.00 ,-1
 0> <info> app: hr,239,-19504, -220.00 ,-1
 0> <info> app: hr,240,-19476, -181.00 ,-1
 0> <info> app: hr,241,-19482, -140.00 ,-1
 0> <info> app: hr,242,-19437, -98.00 ,-1
 0> <info> app: hr,243,-19398, -57.00 ,-1
 0> <info> app: hr,244,-19380, -15.00 ,-1
 0> <info> app: hr,245,-19308, 23.00 ,0
 0> <info> app: hr,246,-19231, 63.00 ,1
 0> <info> app: hr,247,-19136, 101.00 ,1
 0> <info> app: hr,248,-19113, 136.00 ,1
 0> <info> app: hr,249,-19086, 169.00 ,1
 0> <info> app: hr,250,-19063, 201.00 ,1
 0> <info> app: hr,251,-19070, 229.00 ,1
 0> <info> app: hr,252,-19058, 255.00 ,1
 0> <info> app: hr,253,-19000, 279.00 ,1
 0> <info> app: hr,254,-18915, 300.00 ,1
 0> <info> app: hr,255,-18851, 319.00 ,1
 0> <info> app: hr,256,-18764, 335.00 ,1
 0> <info> app: hr,257,-18684, 348.00 ,1
 0> <info> app: hr,258,-18695, 358.00 ,1
 0> <info> app: hr,259,-18677, 365.00 ,1
 0> <info> app: hr,260,-18775, 370.00 ,1
 0> <info> app: hr,261,-18770, 372.00 ,1
 0> <info> app: hr,262,-18782, 374.00 ,1
 0> <info> app: hr,263,-18785, 373.00 ,0
 0> <info> app: hr,264,-18760, 370.00 ,0
 0> <info> app: hr,265,-18666, 367.00 ,0
 0> <info> app: hr,266,-18565, 361.00 ,0
 0> <info> app: hr,267,-18479, 354.00 ,0
 0> <info> app: hr,268,-18421, 346.00 ,-1
 0> <info> app: hr,269,-18343, 334.00 ,-1
 0> <info> app: hr,270,-18342, 322.00 ,-1
 0> <info> app: hr,271,-18290, 306.00 ,-1
 0> <info> app: hr,272,-18321, 291.00 ,-1
 0> <info> app: hr,273,-18254, 274.00 ,-1
 0> <info> app: hr,274,-18266, 256.00 ,-1
 0> <info> app: hr,275,-18229, 236.00 ,-1
 0> <info> app: hr,276,-18239, 216.00 ,-1
 0> <info> app: hr,277,-18253, 195.00 ,-1
 0> <info> app: hr,278,-18296, 175.00 ,-1
 0> <info> app: hr,279,-18295, 154.00 ,-1
 0> <info> app: hr,280,-18297, 133.00 ,-1
 0> <info> app: hr,281,-18326, 113.00 ,-1
 0> <info> app: hr,282,-18302, 94.00 ,-1
 0> <info> app: hr,283,-18293, 74.00 ,-1
 0> <info> app: hr,284,-18286, 55.00 ,-1
 0> <info> app: hr,285,-18242, 36.00 ,-1
 0> <info> app: hr,286,-18210, 19.00 ,-1
 0> <info> app: hr,287,-18165, 1.00 ,-1
 0> <info> app: hr,288,-18171, -15.00 ,-1
 0> <info> app: hr,289,-18022, -32.00 ,-1
 0> <info> app: hr,290,-17985, -49.00 ,-1
 0> <info> app: hr,291,-17884, -66.00 ,-1
 0> <info> app: hr,292,-17871, -82.00 ,-1
 0> <info> app: hr,293,-17802, -100.00 ,-1
 0> <info> app: hr,294,-17811, -117.00 ,-1
 0> <info> app: hr,295,-17789, -134.00 ,-1
 0> <info> app: hr,296,-17767, -151.00 ,-1
 0> <info> app: hr,297,-17727, -169.00 ,-1
 0> <info> app: hr,298,-17749, -185.00 ,-1
 0> <info> app: hr,299,-17706, -202.00 ,-1
 0> <info> app: hr,300,-17765, -219.00 ,-1
 0> <info> app: hr,301,-17704, -234.00 ,-1
 0> <info> app: hr,302,-17713, -249.00 ,-1
 0> <info> app: hr,303,-17635, -264.00 ,-1
 0> <info> app: hr,304,-17582, -278.00 ,-1
 0> <info> app: hr,305,-17571, -292.00 ,-1
 0> <info> app: hr,306,-17523, -305.00 ,-1
 0> <info> app: hr,307,-17498, -318.00 ,-1
 0> <info> app: hr,308,-17520, -330.00 ,-1
 0> <info> app: hr,309,-17461, -342.00 ,-1
 0> <info> app: hr,310,-17495, -353.00 ,-1
 0> <info> app: hr,311,-17431, -365.00 ,-1
 0> <info> app: hr,312,-17377, -374.00 ,-1
 0> <info> app: hr,313,-17307, -385.00 ,-1
 0> <info> app: hr,314,-17157, -394.00 ,-1
 0> <info> app: hr,315,-17137, -405.00 ,-1
 0> <info> app: hr,316,-17078, -415.00 ,-1
 0> <info> app: hr,317,-17040, -425.00 ,-1
 0> <info> app: hr,318,-17060, -435.00 ,-1
 0> <info> app: hr,319,-17145, -445.00 ,-1
 0> <info> app: hr,320,-17371, -455.00 ,-1
 0> <info> app: hr,321,-17590, -463.00 ,-1
 0> <info> app: hr,322,-17925, -469.00 ,-1
 0> <info> app: hr,323,-18262, -472.00 ,-1
 0> <info> app: hr,324,-18559, -469.00 ,-1
 0> <info> app: hr,325,-18802, -463.00 ,-1
 0> <info> app: hr,326,-18998, -450.00 ,-1
 0> <info> app: hr,327,-19151, -433.00 ,-1
 0> <info> app: hr,328,-19264, -410.00 ,-1
 0> <info> app: hr,329,-19348, -383.00 ,-1
 0> <info> app: hr,330,-19367, -352.00 ,-1
 0> <info> app: hr,331,-19380, -316.00 ,-1
 0> <info> app: hr,332,-19346, -278.00 ,-1
 0> <info> app: hr,333,-19265, -238.00 ,-1
 0> <info> app: hr,334,-19125, -196.00 ,-1
 0> <info> app: hr,335,-19100, -153.00 ,-1
 0> <info> app: hr,336,-18978, -112.00 ,-1
 0> <info> app: hr,337,-19006, -70.00 ,-1
 0> <info> app: hr,338,-19010, -30.00 ,-1
 0> <info> app: hr,339,-18996, 9.00 ,0
 0> <info> app: hr,340,-18970, 47.00 ,1
 0> <info> app: hr,341,-19003, 84.00 ,1
 0> <info> app: hr,342,-18941, 119.00 ,1
 0> <info> app: hr,343,-18887, 152.00 ,1
 0> <info> app: hr,344,-18873, 182.00 ,1
 0> <info> app: hr,345,-18860, 212.00 ,1
 0> <info> app: hr,346,-18820, 238.00 ,1
 0> <info> app: hr,347,-18829, 263.00 ,1
 0> <info> app: hr,348,-18839, 284.00 ,1
 0> <info> app: hr,349,-18889, 305.00 ,1
 0> <info> app: hr,350,-18925, 323.00 ,1
 0> <info> app: hr,351,-18970, 340.00 ,1
 0> <info> app: hr,352,-18926, 355.00 ,1
 0> <info> app: hr,353,-18934, 368.00 ,1
 0> <info> app: hr,354,-18841, 380.00 ,1
 0> <info> app: hr,355,-18745, 390.00 ,1
 0> <info> app: hr,356,-18621, 397.00 ,1
 0> <info> app: hr,357,-18539, 402.00 ,1
 0> <info> app: hr,358,-18483, 405.00 ,1
 0> <info> app: hr,359,-18412, 405.00 ,1
 0> <info> app: hr,360,-18379, 402.00 ,0
 0> <info> app: hr,361,-18413, 397.00 ,0
 0> <info> app: hr,362,-18367, 391.00 ,0
 0> <info> app: hr,363,-18429, 382.00 ,0
 0> <info> app: hr,364,-18481, 372.00 ,-1
 0> <info> app: hr,365,-18474, 361.00 ,-1
 0> <info> app: hr,366,-18493, 349.00 ,-1
 0> <info> app: hr,367,-18524, 336.00 ,-1
 0> <info> app: hr,368,-18435, 322.00 ,-1
 0> <info> app: hr,369,-18439, 309.00 ,-1
 0> <info> app: hr,370,-18425, 293.00 ,-1
 0> <info> app: hr,371,-18381, 278.00 ,-1
 0> <info> app: hr,372,-18372, 263.00 ,-1
 0> <info> app: hr,373,-18347, 247.00 ,-1
 0> <info> app: hr,374,-18257, 231.00 ,-1
 0> <info> app: hr,375,-18231, 213.00 ,-1
 0> <info> app: hr,376,-18203, 197.00 ,-1
 0> <info> app: hr,377,-18203, 179.00 ,-1
 0> <info> app: hr,378,-18182, 161.00 ,-1
 0> <info> app: hr,379,-18144, 142.00 ,-1
 0> <info> app: hr,380,-18156, 124.00 ,-1
 0> <info> app: hr,381,-18168, 105.00 ,-1
 0> <info> app: hr,382,-18125, 87.00 ,-1
 0> <info> app: hr,383,-18140, 69.00 ,-1
 0> <info> app: hr,384,-18128, 50.00 ,-1
 0> <info> app: hr,385,-18151, 33.00 ,-1
 0> <info> app: hr,386,-18102, 16.00 ,-1
 0> <info> app: hr,387,-18085, 0.00 ,-1
 0> <info> app: hr,388,-18044, -17.00 ,-1
 0> <info> app: hr,389,-18037, -33.00 ,-1
 0> <info> app: hr,390,-17991, -48.00 ,-1
 0> <info> app: hr,391,-17920, -64.00 ,-1
 0> <info> app: hr,392,-17890, -79.00 ,-1
 0> <info> app: hr,393,-17871, -94.00 ,-1
 0> <info> app: hr,394,-17861, -109.00 ,-1
 0> <info> app: hr,395,-17852, -123.00 ,-1
 0> <info> app: hr,396,-17867, -138.00 ,-1
 0> <info> app: hr,397,-17869, -151.00 ,-1
 0> <info> app: hr,398,-17908, -165.00 ,-1
 0> <info> app: hr,399,-17847, -177.00 ,-1
 0> <info> app: hr,400,-17879, -190.00 ,-1
 0> <info> app: hr,401,-17785, -201.00 ,-1
 0> <info> app: hr,402,-17682, -212.00 ,-1
 0> <info> app: hr,403,-17610, -222.00 ,-1
 0> <info> app: hr,404,-17522, -233.00 ,-1
 0> <info> app: hr,405,-17465, -244.00 ,-1
 0> <info> app: hr,406,-17493, -255.00 ,-1
 0> <info> app: hr,407,-17491, -267.00 ,-1
 0> <info> app: hr,408,-17595, -278.00 ,-1
 0> <info> app: hr,409,-17653, -289.00 ,-1
 0> <info> app: hr,410,-17784, -299.00 ,-1
 0> <info> app: hr,411,-17904, -307.00 ,-1
 0> <info> app: hr,412,-18157, -312.00 ,-1
 0> <info> app: hr,413,-18368, -317.00 ,-1
 0> <info> app: hr,414,-18594, -317.00 ,-1
 0> <info> app: hr,415,-18824, -314.00 ,-1
 0> <info> app: hr,416,-19077, -306.00 ,-1
 0> <info> app: hr,417,-19288, -295.00 ,-1
 0> <info> app: hr,418,-19475, -278.00 ,-1
 0> <info> app: hr,419,-19537, -257.00 ,-1
 0> <info> app: hr,420,-19550, -232.00 ,-1
 0> <info> app: hr,421,-19531, -204.00 ,-1
 0> <info> app: hr,422,-19519, -172.00 ,-1
 0> <info> app: hr,423,-19457, -139.00 ,-1
 0> <info> app: hr,424,-19492, -104.00 ,-1
 0> <info> app: hr,425,-19514, -67.00 ,-1
 0> <info> app: hr,426,-19561, -30.00 ,-1
 0> <info> app: hr,427,-19585, 7.00 ,0
 0> <info> app: hr,428,-19581, 45.00 ,1
 0> <info> app: hr,429,-19551, 83.00 ,1
 0> <info> app: hr,430,-19481, 120.00 ,1
 0> <info> app: hr,431,-19430, 156.00 ,1
 0> <info> app: hr,432,-19399, 192.00 ,1
 0> <info> app: hr,433,-19362, 225.00 ,1
 0> <info> app: hr,434,-19350, 257.00 ,1
 0> <info> app: hr,435,-19336, 287.00 ,1
 0> <info> app: hr,436,-19331, 314.00 ,1
 0> <info> app: hr,437,-19306, 340.00 ,1
 0> <info> app: hr,438,-19266, 364.00 ,1
 0> <info> app: hr,439,-19200, 384.00 ,1
 0> <info> app: hr,440,-19179, 403.00 ,1
 0> <info> app: hr,441,-19171, 420.00 ,1
 0> <info> app: hr,442,-19176, 433.00 ,1
 0> <info> app: hr,443,-19195, 445.00 ,1
 0> <info> app: hr,444,-19192, 455.00 ,1
 0> <info> app: hr,445,-19248, 462.00 ,1
 0> <info> app: hr,446,-19250, 468.00 ,1
 0> <info> app: hr,447,-19204, 473.00 ,1
 0> <info> app: hr,448,-19209, 476.00 ,1
 0> <info> app: hr,449,-19196, 477.00 ,1
 0> <info> app: hr,450,-19158, 477.00 ,0
 0> <info> app: hr,451,-19144, 475.00 ,0
 0> <info> app: hr,452,-19115, 473.00 ,0
 0> <info> app: hr,453,-19121, 468.00 ,0
 0> <info> app: hr,454,-19116, 462.00 ,0
 0> <info> app: hr,455,-19160, 455.00 ,-1
 0> <info> app: hr,456,-19155, 448.00 ,-1
 0> <info> app: hr,457,-19230, 438.00 ,-1
 0> <info> app: hr,458,-19232, 429.00 ,-1
 0> <info> app: hr,459,-19246, 420.00 ,-1
 0> <info> app: hr,460,-19271, 411.00 ,-1
 0> <info> app: hr,461,-19267, 400.00 ,-1
 0> <info> app: hr,462,-19231, 390.00 ,-1
 0> <info> app: hr,463,-19220, 380.00 ,-1
 0> <info> app: hr,464,-19155, 370.00 ,-1
 0> <info> app: hr,465,-19163, 358.00 ,-1
 0> <info> app: hr,466,-19114, 347.00 ,-1
 0> <info> app: hr,467,-19154, 336.00 ,-1
 0> <info> app: hr,468,-19116, 323.00 ,-1
 0> <info> app: hr,469,-19137, 311.00 ,-1
 0> <info> app: hr,470,-19085, 298.00 ,-1
 0> <info> app: hr,471,-19097, 285.00 ,-1
 0> <info> app: hr,472,-18992, 273.00 ,-1
 0> <info> app: hr,473,-18995, 259.00 ,-1
 0> <info> app: hr,474,-18889, 245.00 ,-1
 0> <info> app: hr,475,-18879, 231.00 ,-1
 0> <info> app: hr,476,-18875, 217.00 ,-1
 0> <info> app: hr,477,-18897, 201.00 ,-1
 0> <info> app: hr,478,-18913, 186.00 ,-1
 0> <info> app: hr,479,-18945, 170.00 ,-1
 0> <info> app: hr,480,-18888, 155.00 ,-1
 0> <info> app: hr,481,-18849, 139.00 ,-1
 0> <info> app: hr,482,-18717, 124.00 ,-1
 0> <info> app: hr,483,-18617, 108.00 ,-1
 0> <info> app: hr,484,-18540, 91.00 ,-1
 0> <info> app: hr,485,-18493, 75.00 ,-1
 0> <info> app: hr,486,-18387, 57.00 ,-1
 0> <info> app: hr,487,-18358, 38.00 ,-1
 0> <info> app: hr,488,-18314, 19.00 ,-1
 0> <info> app: hr,489,-18229, 0.00 ,-1
 0> <info> app: hr,490,-18139, -21.00 ,-1
 0> <info> app: hr,491,-18098, -43.00 ,-1
 0> <info> app: hr,492,-18070, -65.00 ,-1
 0> <info> app: hr,493,-18003, -87.00 ,-1
 0> <info> app: hr,494,-17968, -111.00 ,-1
 0> <info> app: hr,495,-17958, -134.00 ,-1
 0> <info> app: hr,496,-17947, -158.00 ,-1
 0> <info> app: hr,497,-17908, -182.00 ,-1
 0> <info> app: hr,498,-17826, -205.00 ,-1
 0> <info> app: hr,499,-17860, -228.00 ,-1
 0> <info> app: hr,500,-17841, -252.00 ,-1
 0> <info> app: hr,501,-17977, -274.00 ,-1
 0> <info> app: hr,502,-18170, -296.00 ,-1
 0> <info> app: hr,503,-18474, -315.00 ,-1
 0> <info> app: hr,504,-18767, -331.00 ,-1
 0> <info> app: hr,505,-19073, -343.00 ,-1
 0> <info> app: hr,506,-19358, -351.00 ,-1
 0> <info> app: hr,507,-19565, -354.00 ,-1
 0> <info> app: hr,508,-19732, -351.00 ,-1
 0> <info> app: hr,509,-19821, -342.00 ,-1
 0> <info> app: hr,510,-19875, -329.00 ,-1
 0> <info> app: hr,511,-19900, -311.00 ,-1
 0> <info> app: hr,512,-19895, -289.00 ,-1
 0> <info> app: hr,513,-19910, -264.00 ,-1
 0> <info> app: hr,514,-19916, -235.00 ,-1
 0> <info> app: hr,515,-19922, -205.00 ,-1
 0> <info> app: hr,516,-19963, -172.00 ,-1
 0> <info> app: hr,517,-19954, -139.00 ,-1
 0> <info> app: hr,518,-20042, -104.00 ,-1
 0> <info> app: hr,519,-20020, -68.00 ,-1
 0> <info> app: hr,520,-20046, -31.00 ,-1
 0> <info> app: hr,521,-19981, 4.00 ,0
 0> <info> app: hr,522,-19972, 40.00 ,1
 0> <info> app: hr,523,-19880, 76.00 ,1
 0> <info> app: hr,524,-19808, 110.00 ,1
 0> <info> app: hr,525,-19652, 144.00 ,1
 0> <info> app: hr,526,-19542, 175.00 ,1
 0> <info> app: hr,527,-19412, 202.00 ,1
 0> <info> app: hr,528,-19400, 228.00 ,1
 0> <info> app: hr,529,-19380, 249.00 ,1
 0> <info> app: hr,530,-19402, 269.00 ,1
 0> <info> app: hr,531,-19407, 285.00 ,1
 0> <info> app: hr,532,-19497, 300.00 ,1
 0> <info> app: hr,533,-19479, 312.00 ,1
 0> <info> app: hr,534,-19483, 322.00 ,1
 0> <info> app: hr,535,-19432, 331.00 ,1
 0> <info> app: hr,536,-19462, 339.00 ,1
 0> <info> app: hr,537,-19409, 344.00 ,1
 0> <info> app: hr,538,-19401, 346.00 ,1
 0> <info> app: hr,539,-19308, 349.00 ,1
 0> <info> app: hr,540,-19291, 349.00 ,1
 0> <info> app: hr,541,-19225, 347.00 ,0
 0> <info> app: hr,542,-19262, 344.00 ,0
 0> <info> app: hr,543,-19298, 339.00 ,0
 0> <info> app: hr,544,-19329, 333.00 ,0
 0> <info> app: hr,545,-19311, 325.00 ,-1
 0> <info> app: hr,546,-19259, 317.00 ,-1
 0> <info> app: hr,547,-19134, 308.00 ,-1
 0> <info> app: hr,548,-19113, 298.00 ,-1
 0> <info> app: hr,549,-19014, 286.00 ,-1
 0> <info> app: hr,550,-18929, 274.00 ,-1
 0> <info> app: hr,551,-18859, 259.00 ,-1
 0> <info> app: hr,552,-18810, 244.00 ,-1
 0> <info> app: hr,553,-18692, 227.00 ,-1
 0> <info> app: hr,554,-18635, 209.00 ,-1
 0> <info> app: hr,555,-18598, 188.00 ,-1
 0> <info> app: hr,556,-18544, 167.00 ,-1
 0> <info> app: hr,557,-18516, 145.00 ,-1
 0> <info> app: hr,558,-18459, 121.00 ,-1
 0> <info> app: hr,559,-18425, 97.00 ,-1
 0> <info> app: hr,560,-18403, 71.00 ,-1
 0> <info> app: hr,561,-18327, 46.00 ,-1
 0> <info> app: hr,562,-18315, 19.00 ,-1
 0> <info> app: hr,563,-18352, -6.00 ,-1
 0> <info> app: hr,564,-18347, -32.00 ,-1
 0> <info> app: hr,565,-18355, -59.00 ,-1
 0> <info> app: hr,566,-18329, -85.00 ,-1
 0> <info> app: hr,567,-18365, -110.00 ,-1
 0> <info> app: hr,568,-18285, -135.00 ,-1
 0> <info> app: hr,569,-18324, -158.00 ,-1
 0> <info> app: hr,570,-18274, -181.00 ,-1
 0> <info> app: hr,571,-18252, -204.00 ,-1
 0> <info> app: hr,572,-18217, -225.00 ,-1
 0> <info> app: hr,573,-18202, -246.00 ,-1
 0> <info> app: hr,574,-18112, -265.00 ,-1
 0> <info> app: hr,575,-18034, -285.00 ,-1
 0> <info> app: hr,576,-17967, -304.00 ,-1
 0> <info> app: hr,577,-17880, -322.00 ,-1
 0> <info> app: hr,578,-17776, -340.00 ,-1
 0> <info> app: hr,579,-17737, -358.00 ,-1
 0> <info> app: hr,580,-17613, -376.00 ,-1
 0> <info> app: hr,581,-17626, -396.00 ,-1
 0> <info> app: hr,582,-17557, -414.00 ,-1
 0> <info> app: hr,583,-17537, -432.00 ,-1
 0> <info> app: hr,584,-17447, -450.00 ,-1
 0> <info> app: hr,585,-17433, -468.00 ,-1
 0> <info> app: hr,586,-17375, -486.00 ,-1
 0> <info> app: hr,587,-17319, -504.00 ,-1
 0> <info> app: hr,588,-17225, -522.00 ,-1
 0> <info> app: hr,589,-17200, -540.00 ,-1
 0> <info> app: hr,590,-17225, -557.00 ,-1
 0> <info> app: hr,591,-17239, -573.00 ,-1
 0> <info> app: hr,592,-17210, -589.00 ,-1
 0> <info> app: hr,593,-17347, -605.00 ,-1
 0> <info> app: hr,594,-17462, -618.00 ,-1
 0> <info> app: hr,595,-17743, -631.00 ,-1
 0> <info> app: hr,596,-17961, -639.00 ,-1
 0> <info> app: hr,597,-18264, -645.00 ,-1
 0> <info> app: hr,598,-18513, -646.00 ,-1
 0> <info> app: hr,599,-18818, -642.00 ,-1
 0> <info> app: hr,600,-18999, -633.00 ,-1
 0> <info> app: hr,601,-19167, -618.00 ,-1
 0> <info> app: hr,602,-19216, -598.00 ,-1
 0> <info> app: hr,603,-19272, -573.00 ,-1
 0> <info> app: hr,604,-19330, -544.00 ,-1
 0> <info> app: hr,605,-19338, -511.00 ,-1
 0> <info> app: hr,606,-19286, -474.00 ,-1
 0> <info> app: hr,607,-19333, -436.00 ,-1
 0> <info> app: hr,608,-19282, -395.00 ,-1
 0> <info> app: hr,609,-19283, -353.00 ,-1
 0> <info> app: hr,610,-19257, -310.00 ,-1
 0> <info> app: hr,611,-19253, -267.00 ,-1
 0> <info> app: hr,612,-19227, -222.00 ,-1
 0> <info> app: hr,613,-19183, -179.00 ,-1
 0> <info> app: hr,614,-19147, -137.00 ,-1
 0> <info> app: hr,615,-19110, -96.00 ,-1
 0> <info> app: hr,616,-19076, -56.00 ,-1
 0> <info> app: hr,617,-19050, -18.00 ,-1
 0> <info> app: hr,618,-19025, 18.00 ,0
 0> <info> app: hr,619,-19015, 52.00 ,1
 0> <info> app: hr,620,-18948, 85.00 ,1
 0> <info> app: hr,621,-18946, 114.00 ,1
 0> <info> app: hr,622,-18856, 143.00 ,1
 0> <info> app: hr,623,-18826, 167.00 ,1
 0> <info> app: hr,624,-18807, 191.00 ,1
 0> <info> app: hr,625,-18828, 210.00 ,1
 0> <info> app: hr,626,-18786, 229.00 ,1
 0> <info> app: hr,627,-18804, 244.00 ,1
 0> <info> app: hr,628,-18837, 258.00 ,1
 0> <info> app: hr,629,-18823, 269.00 ,1
 0> <info> app: hr,630,-18853, 280.00 ,1
 0> <info> app: hr,631,-18828, 288.00 ,1
 0> <info> app: hr,632,-18832, 294.00 ,1
 0> <info> app: hr,633,-18736, 299.00 ,1
 0> <info> app: hr,634,-18694, 302.00 ,1
 0> <info> app: hr,635,-18645, 304.00 ,1
 0> <info> app: hr,636,-18627, 303.00 ,0
 0> <info> app: hr,637,-18555, 301.00 ,0
 0> <info> app: hr,638,-18594, 298.00 ,0
 0> <info> app: hr,639,-18546, 292.00 ,0
 0> <info> app: hr,640,-18566, 286.00 ,0
 0> <info> app: hr,641,-18552, 278.00 ,-1
 0> <info> app: hr,642,-18568, 269.00 ,-1
 0> <info> app: hr,643,-18531, 260.00 ,-1
 0> <info> app: hr,644,-18479, 249.00 ,-1
 0> <info> app: hr,645,-18391, 237.00 ,-1
 0> <info> app: hr,646,-18363, 225.00 ,-1
 0> <info> app: hr,647,-18277, 211.00 ,-1
 0> <info> app: hr,648,-18289, 197.00 ,-1
 0> <info> app: hr,649,-18252, 182.00 ,-1
 0> <info> app: hr,650,-18254, 166.00 ,-1
 0> <info> app: hr,651,-18276, 148.00 ,-1
 0> <info> app: hr,652,-18291, 132.00 ,-1
 0> <info> app: hr,653,-18246, 114.00 ,-1
 0> <info> app: hr,654,-18277, 96.00 ,-1
 0> <info> app: hr,655,-18171, 80.00 ,-1
 0> <info> app: hr,656,-18216, 62.00 ,-1
 0> <info> app: hr,657,-18162, 45.00 ,-1
 0> <info> app: hr,658,-18109, 27.00 ,-1
 0> <info> app: hr,659,-18102, 10.00 ,-1
 0> <info> app: hr,660,-18133, -7.00 ,-1
 0> <info> app: hr,661,-18091, -23.00 ,-1
 0> <info> app: hr,662,-18113, -40.00 ,-1
 0> <info> app: hr,663,-18142, -56.00 ,-1
 0> <info> app: hr,664,-18094, -71.00 ,-1
 0> <info> app: hr,665,-18036, -87.00 ,-1
 0> <info> app: hr,666,-18052, -101.00 ,-1
 0> <info> app: hr,667,-18031, -116.00 ,-1
 0> <info> app: hr,668,-18048, -129.00 ,-1
 0> <info> app: hr,669,-18042, -143.00 ,-1
 0> <info> app: hr,670,-18099, -155.00 ,-1
 0> <info> app: hr,671,-18064, -167.00 ,-1
 0> <info> app: hr,672,-18011, -178.00 ,-1
 0> <info> app: hr,673,-17988, -188.00 ,-1
 0> <info> app: hr,674,-17935, -197.00 ,-1
 0> <info> app: hr,675,-17884, -206.00 ,-1
 0> <info> app: hr,676,-17843, -216.00 ,-1
 0> <info> app: hr,677,-17784, -224.00 ,-1
 0> <info> app: hr,678,-17757, -234.00 ,-1
 0> <info> app: hr,679,-17702, -242.00 ,-1
 0> <info> app: hr,680,-17677, -251.00 ,-1
 0> <info> app: hr,681,-17620, -260.00 ,-1
 0> <info> app: hr,682,-17680, -269.00 ,-1
 0> <info> app: hr,683,-17807, -277.00 ,-1
 0> <info> app: hr,684,-18000, -285.00 ,-1
 0> <info> app: hr,685,-18272, -291.00 ,-1
 0> <info> app: hr,686,-18594, -294.00 ,-1
 0> <info> app: hr,687,-18899, -295.00 ,-1
 0> <info> app: hr,688,-19233, -291.00 ,-1
 0> <info> app: hr,689,-19467, -282.00 ,-1
 0> <info> app: hr,690,-19606, -268.00 ,-1
 0> <info> app: hr,691,-19702, -249.00 ,-1
 0> <info> app: hr,692,-19744, -225.00 ,-1
 0> <info> app: hr,693,-19753, -198.00 ,-1
 0> <info> app: hr,694,-19807, -168.00 ,-1
 0> <info> app: hr,695,-19836, -134.00 ,-1
 0> <info> app: hr,696,-19802, -98.00 ,-1
 0> <info> app: hr,697,-19788, -60.00 ,-1
 0> <info> app: hr,698,-19742, -22.00 ,-1
 0> <info> app: hr,699,-19716, 17.00 ,0
 0> <info> app: hr,700,-19659, 56.00 ,1
 0> <info> app: hr,701,-19695, 94.00 ,1
 0> <info> app: hr,702,-19655, 133.00 ,1
 0> <info> app: hr,703,-19602, 170.00 ,1
 0> <info> app: hr,704,-19569, 207.00 ,1
 0> <info> app: hr,705,-19472, 240.00 ,1
 0> <info> app: hr,706,-19336, 272.00 ,1
 0> <info> app: hr,707,-19296, 301.00 ,1
 0> <info> app: hr,708,-19237, 327.00 ,1
 0> <info> app: hr,709,-19249, 352.00 ,1
 0> <info> app: hr,710,-19240, 372.00 ,1
 0> <info> app: hr,711,-19247, 391.00 ,1
 0> <info> app: hr,712,-19238, 407.00 ,1
 0> <info> app: hr,713,-19263, 420.00 ,1
 0> <info> app: hr,714,-19256, 432.00 ,1
 0> <info> app: hr,715,-19286, 441.00 ,1
 0> <info> app: hr,716,-19263, 448.00 ,1
 0> <info> app: hr,717,-19263, 454.00 ,1
 0> <info> app: hr,718,-19220, 457.00 ,1
 0> <info> app: hr,719,-19256, 459.00 ,1
 0> <info> app: hr,720,-19212, 460.00 ,1
 0> <info> app: hr,721,-19198, 459.00 ,0
 0> <info> app: hr,722,-19151, 456.00 ,0
 0> <info> app: hr,723,-19145, 452.00 ,0
 0> <info> app: hr,724,-19064, 447.00 ,0
 0> <info> app: hr,725,-19040, 439.00 ,0
 0> <info> app: hr,726,-18939, 430.00 ,-1
 0> <info> app: hr,727,-18886, 421.00 ,-1
 0> <info> app: hr,728,-18788, 409.00 ,-1
 0> <info> app: hr,729,-18753, 394.00 ,-1
 0> <info> app: hr,730,-18700, 379.00 ,-1
 0> <info> app: hr,731,-18634, 362.00 ,-1
 0> <info> app: hr,732,-18545, 343.00 ,-1
 0> <info> app: hr,733,-18516, 323.00 ,-1
 0> <info> app: hr,734,-18477, 301.00 ,-1
 0> <info> app: hr,735,-18450, 279.00 ,-1
 0> <info> app: hr,736,-18421, 255.00 ,-1
 0> <info> app: hr,737,-18431, 229.00 ,-1
 0> <info> app: hr,738,-18394, 204.00 ,-1
 0> <info> app: hr,739,-18385, 178.00 ,-1
 0> <info> app: hr,740,-18350, 152.00 ,-1
 0> <info> app: hr,741,-18341, 125.00 ,-1
 0> <info> app: hr,742,-18243, 99.00 ,-1
 0> <info> app: hr,743,-18247, 72.00 ,-1
 0> <info> app: hr,744,-18152, 45.00 ,-1
 0> <info> app: hr,745,-18125, 18.00 ,-1
 0> <info> app: hr,746,-18065, -8.00 ,-1
 0> <info> app: hr,747,-18029, -35.00 ,-1
 0> <info> app: hr,748,-18045, -62.00 ,-1
 0> <info> app: hr,749,-17962, -88.00 ,-1
 0> <info> app: hr,750,-17904, -114.00 ,-1
 0> <info> app: hr,751,-17889, -141.00 ,-1
 0> <info> app: hr,752,-17813, -167.00 ,-1
 0> <info> app: hr,753,-17789, -192.00 ,-1
 0> <info> app: hr,754,-17789, -218.00 ,-1
 0> <info> app: hr,755,-17749, -242.00 ,-1
 0> <info> app: hr,756,-17742, -266.00 ,-1
 0> <info> app: hr,757,-17706, -289.00 ,-1
 0> <info> app: hr,758,-17686, -312.00 ,-1
 0> <info> app: hr,759,-17691, -334.00 ,-1
 0> <info> app: hr,760,-17724, -354.00 ,-1
 0> <info> app: hr,761,-17691, -375.00 ,-1
 0> <info> app: hr,762,-17726, -393.00 ,-1
 0> <info> app: hr,763,-17706, -410.00 ,-1
 0> <info> app: hr,764,-17710, -427.00 ,-1
 0> <info> app: hr,765,-17647, -441.00 ,-1
 0> <info> app: hr,766,-17594, -455.00 ,-1
 0> <info> app: hr,767,-17529, -467.00 ,-1
 0> <info> app: hr,768,-17472, -480.00 ,-1
 0> <info> app: hr,769,-17412, -491.00 ,-1
 0> <info> app: hr,770,-17400, -501.00 ,-1
 0> <info> app: hr,771,-17367, -511.00 ,-1
 0> <info> app: hr,772,-17349, -522.00 ,-1
 0> <info> app: hr,773,-17404, -530.00 ,-1
 0> <info> app: hr,774,-17494, -538.00 ,-1
 0> <info> app: hr,775,-17629, -545.00 ,-1
 0> <info> app: hr,776,-17884, -550.00 ,-1
 0> <info> app: hr,777,-18149, -551.00 ,-1
 0> <info> app: hr,778,-18502, -550.00 ,-1
 0> <info> app: hr,779,-18803, -544.00 ,-1
 0> <info> app: hr,780,-19128, -534.00 ,-1
 0> <info> app: hr,781,-19335, -517.00 ,-1
 0> <info> app: hr,782,-19552, -495.00 ,-1
 0> <info> app: hr,783,-19639, -469.00 ,-1
 0> <info> app: hr,784,-19690, -436.00 ,-1
 0> <info> app: hr,785,-19746, -399.00 ,-1
 0> <info> app: hr,786,-19741, -358.00 ,-1
 0> <info> app: hr,787,-19698, -314.00 ,-1
 0> <info> app: hr,788,-19717, -269.00 ,-1
 0> <info> app: hr,789,-19613, -221.00 ,-1
 0> <info> app: hr,790,-19584, -172.00 ,-1
 0> <info> app: hr,791,-19488, -123.00 ,-1
 0> <info> app: hr,792,-19538, -75.00 ,-1
 0> <info> app: hr,793,-19560, -28.00 ,-1
 0> <info> app: hr,794,-19584, 18.00 ,0
 0> <info> app: hr,795,-19578, 64.00 ,1
 0> <info> app: hr,796,-19578, 109.00 ,1
 0> <info> app: hr,797,-19543, 151.00 ,1
 0> <info> app: hr,798,-19508, 193.00 ,1
 0> <info> app: hr,799,-19441, 232.00 ,1
 0> <info> app: hr,800,-19335, 268.00 ,1
 0> <info> app: hr,801,-19227, 302.00 ,1
 0> <info> app: hr,802,-19228, 333.00 ,1
 0> <info> app: hr,803,-19196, 361.00 ,1
 0> <info> app: hr,804,-19180, 386.00 ,1
 0> <info> app: hr,805,-19211, 408.00 ,1
 0> <info> app: hr,806,-19240, 426.00 ,1
 0> <info> app: hr,807,-19267, 443.00 ,1
 0> <info> app: hr,808,-19281, 458.00 ,1
 0> <info> app: hr,809,-19214, 470.00 ,1
 0> <info> app: hr,810,-19194, 479.00 ,1
 0> <info> app: hr,811,-19151, 487.00 ,1
 0> <info> app: hr,812,-19090, 492.00 ,1
 0> <info> app: hr,813,-19020, 495.00 ,1
 0> <info> app: hr,814,-18950, 496.00 ,1
 0> <info> app: hr,815,-18951, 494.00 ,0
 0> <info> app: hr,816,-18909, 490.00 ,0
 0> <info> app: hr,817,-18916, 484.00 ,0
 0> <info> app: hr,818,-18874, 475.00 ,0
 0> <info> app: hr,819,-18863, 466.00 ,0
 0> <info> app: hr,820,-18785, 454.00 ,-1
 0> <info> app: hr,821,-18847, 442.00 ,-1
 0> <info> app: hr,822,-18734, 426.00 ,-1
 0> <info> app: hr,823,-18747, 411.00 ,-1
 0> <info> app: hr,824,-18718, 393.00 ,-1
 0> <info> app: hr,825,-18730, 376.00 ,-1
 0> <info> app: hr,826,-18690, 357.00 ,-1
 0> <info> app: hr,827,-18734, 337.00 ,-1
 0> <info> app: hr,828,-18727, 317.00 ,-1
 0> <info> app: hr,829,-18718, 296.00 ,-1
 0> <info> app: hr,830,-18697, 275.00 ,-1
 0> <info> app: hr,831,-18737, 255.00 ,-1
 0> <info> app: hr,832,-18723, 235.00 ,-1
 0> <info> app: hr,833,-18726, 214.00 ,-1
 0> <info> app: hr,834,-18718, 194.00 ,-1
 0> <info> app: hr,835,-18743, 175.00 ,-1
 0> <info> app: hr,836,-18627, 155.00 ,-1
 0> <info> app: hr,837,-18567, 136.00 ,-1
 0> <info> app: hr,838,-18518, 116.00 ,-1
 0> <info> app: hr,839,-18503, 97.00 ,-1
 0> <info> app: hr,840,-18420, 79.00 ,-1
 0> <info> app: hr,841,-18377, 59.00 ,-1
 0> <info> app: hr,842,-18290, 40.00 ,-1
 0> <info> app: hr,843,-18218, 20.00 ,-1
 0> <info> app: hr,844,-18177, 0.00 ,-1
 0> <info> app: hr,845,-18083, -19.00 ,-1
 0> <info> app: hr,846,-17988, -40.00 ,-1
 0> <info> app: hr,847,-17927, -62.00 ,-1
 0> <info> app: hr,848,-17812, -84.00 ,-1
 0> <info> app: hr,849,-17832, -107.00 ,-1
 0> <info> app: hr,850,-17796, -131.00 ,-1
 0> <info> app: hr,851,-17827, -154.00 ,-1
 0> <info> app: hr,852,-17867, -177.00 ,-1
 0> <info> app: hr,853,-17906, -199.00 ,-1
 0> <info> app: hr,854,-17945, -221.00 ,-1
 0> <info> app: hr,855,-17971, -243.00 ,-1
 0> <info> app: hr,856,-17937, -263.00 ,-1
 0> <info> app: hr,857,-17928, -282.00 ,-1
 0> <info> app: hr,858,-17855, -300.00 ,-1
 0> <info> app: hr,859,-17846, -316.00 ,-1
 0> <info> app: hr,860,-17744, -332.00 ,-1
 0> <info> app: hr,861,-17702, -347.00 ,-1
 0> <info> app: hr,862,-17677, -362.00 ,-1
 0> <info> app: hr,863,-17681, -376.00 ,-1
 0> <info> app: hr,864,-17708, -389.00 ,-1
 0> <info> app: hr,865,-17808, -402.00 ,-1
 0> <info> app: hr,866,-17963, -412.00 ,-1
 0> <info> app: hr,867,-18183, -421.00 ,-1
 0> <info> app: hr,868,-18506, -428.00 ,-1
 0> <info> app: hr,869,-18765, -430.00 ,-1
 0> <info> app: hr,870,-19086, -429.00 ,-1
 0> <info> app: hr,871,-19383, -422.00 ,-1
 0> <info> app: hr,872,-19593, -410.00 ,-1
 0> <info> app: hr,873,-19823, -393.00 ,-1
 0> <info> app: hr,874,-19949, -370.00 ,-1
 0> <info> app: hr,875,-20059, -342.00 ,-1
 0> <info> app: hr,876,-20181, -309.00 ,-1
 0> <info> app: hr,877,-20219, -272.00 ,-1
 0> <info> app: hr,878,-20299, -230.00 ,-1
 0> <info> app: hr,879,-20359, -186.00 ,-1
 0> <info> app: hr,880,-20435, -138.00 ,-1
 0> <info> app: hr,881,-20456, -89.00 ,-1
 0> <info> app: hr,882,-20533, -38.00 ,-1
 0> <info> app: hr,883,-20536, 14.00 ,0
 0> <info> app: hr,884,-20538, 68.00 ,1
 0> <info> app: hr,885,-20534, 122.00 ,1
 0> <info> app: hr,886,-20510, 176.00 ,1
 0> <info> app: hr,887,-20435, 228.00 ,1
 0> <info> app: hr,888,-20349, 280.00 ,1
 0> <info> app: hr,889,-20247, 329.00 ,1
 0> <info> app: hr,890,-20197, 377.00 ,1
 0> <info> app: hr,891,-20123, 421.00 ,1
 0> <info> app: hr,892,-20082, 462.00 ,1
 0> <info> app: hr,893,-20073, 500.00 ,1
 0> <info> app: hr,894,-20079, 535.00 ,1
 0> <info> app: hr,895,-20043, 566.00 ,1
 0> <info> app: hr,896,-20145, 594.00 ,1
 0> <info> app: hr,897,-20098, 619.00 ,1
 0> <info> app: hr,898,-20141, 641.00 ,1
 0> <info> app: hr,899,-20089, 661.00 ,1
 0> <info> app: hr,900,-20009, 678.00 ,1
 0> <info> app: hr,901,-19933, 691.00 ,1
 0> <info> app: hr,902,-19865, 701.00 ,1
 0> <info> app: hr,903,-19801, 709.00 ,1
 0> <info> app: hr,904,-19749, 714.00 ,1
 0> <info> app: hr,905,-19692, 714.00 ,1
 0> <info> app: hr,906,-19679, 712.00 ,0
 0> <info> app: hr,907,-19611, 708.00 ,0
 0> <info> app: hr,908,-19673, 699.00 ,0
 0> <info> app: hr,909,-19631, 689.00 ,0
 0> <info> app: hr,910,-19615, 677.00 ,0
 0> <info> app: hr,911,-19595, 663.00 ,-1
 0> <info> app: hr,912,-19534, 647.00 ,-1
 0> <info> app: hr,913,-19455, 628.00 ,-1
 0> <info> app: hr,914,-19452, 609.00 ,-1
 0> <info> app: hr,915,-19365, 588.00 ,-1
 0> <info> app: hr,916,-19317, 564.00 ,-1
 0> <info> app: hr,917,-19334, 540.00 ,-1
 0> <info> app: hr,918,-19277, 514.00 ,-1
 0> <info> app: hr,919,-19297, 487.00 ,-1
 0> <info> app: hr,920,-19220, 459.00 ,-1
 0> <info> app: hr,921,-19250, 430.00 ,-1
 0> <info> app: hr,922,-19252, 401.00 ,-1
 0> <info> app: hr,923,-19191, 372.00 ,-1
 0> <info> app: hr,924,-19171, 343.00 ,-1
 0> <info> app: hr,925,-19150, 312.00 ,-1
 0> <info> app: hr,926,-19064, 282.00 ,-1
 0> <info> app: hr,927,-18982, 252.00 ,-1
 0> <info> app: hr,928,-18967, 222.00 ,-1
 0> <info> app: hr,929,-18909, 191.00 ,-1
 0> <info> app: hr,930,-18812, 160.00 ,-1
 0> <info> app: hr,931,-18769, 130.00 ,-1
 0> <info> app: hr,932,-18742, 99.00 ,-1
 0> <info> app: hr,933,-18709, 68.00 ,-1
 0> <info> app: hr,934,-18614, 36.00 ,-1
 0> <info> app: hr,935,-18569, 6.00 ,-1
 0> <info> app: hr,936,-18462, -24.00 ,-1
 0> <info> app: hr,937,-18419, -56.00 ,-1
 0> <info> app: hr,938,-18386, -86.00 ,-1
 0> <info> app: hr,939,-18368, -117.00 ,-1
 0> <info> app: hr,940,-18315, -148.00 ,-1
 0> <info> app: hr,941,-18381, -178.00 ,-1
 0> <info> app: hr,942,-18382, -207.00 ,-1
 0> <info> app: hr,943,-18386, -236.00 ,-1
 0> <info> app: hr,944,-18364, -264.00 ,-1
 0> <info> app: hr,945,-18409, -290.00 ,-1
 0> <info> app: hr,946,-18370, -315.00 ,-1
 0> <info> app: hr,947,-18351, -338.00 ,-1
 0> <info> app: hr,948,-18277, -361.00 ,-1
 0> <info> app: hr,949,-18216, -381.00 ,-1
 0> <info> app: hr,950,-18154, -401.00 ,-1
 0> <info> app: hr,951,-18157, -420.00 ,-1
 0> <info> app: hr,952,-18068, -438.00 ,-1
 0> <info> app: hr,953,-18052, -456.00 ,-1
 0> <info> app: hr,954,-18020, -472.00 ,-1
 0> <info> app: hr,955,-18038, -488.00 ,-1
 0> <info> app: hr,956,-18068, -503.00 ,-1
 0> <info> app: hr,957,-18279, -516.00 ,-1
 0> <info> app: hr,958,-18444, -527.00 ,-1
 0> <info> app: hr,959,-18712, -536.00 ,-1
 0> <info> app: hr,960,-19022, -542.00 ,-1
 0> <info> app: hr,961,-19318, -543.00 ,-1
 0> <info> app: hr,962,-19587, -539.00 ,-1
 0> <info> app: hr,963,-19856, -530.00 ,-1
 0> <info> app: hr,964,-20020, -514.00 ,-1
 0> <info> app: hr,965,-20204, -495.00 ,-1
 0> <info> app: hr,966,-20248, -469.00 ,-1
 0> <info> app: hr,967,-20319, -438.00 ,-1
 0> <info> app: hr,968,-20302, -403.00 ,-1
 0> <info> app: hr,969,-20322, -364.00 ,-1
 0> <info> app: hr,970,-20314, -323.00 ,-1
 0> <info> app: hr,971,-20334, -280.00 ,-1
 0> <info> app: hr,972,-20274, -235.00 ,-1
 0> <info> app: hr,973,-20288, -189.00 ,-1
 0> <info> app: hr,974,-20284, -142.00 ,-1
 0> <info> app: hr,975,-20272, -95.00 ,-1
 0> <info> app: hr,976,-20249, -49.00 ,-1
 0> <info> app: hr,977,-20259, -2.00 ,0
 0> <info> app: hr,978,-20192, 41.00 ,0
 0> <info> app: hr,979,-20150, 85.00 ,1
 0> <info> app: hr,980,-20100, 127.00 ,1
 0> <info> app: hr,981,-19980, 166.00 ,1
 0> <info> app: hr,982,-19908, 203.00 ,1
 0> <info> app: hr,983,-19870, 238.00 ,1
 0> <info> app: hr,984,-19876, 269.00 ,1
 0> <info> app: hr,985,-19858, 297.00 ,1
 0> <info> app: hr,986,-19900, 323.00 ,1
 0> <info> app: hr,987,-19978, 346.00 ,1
 0> <info> app: hr,988,-19976, 367.00 ,1
 0> <info> app: hr,989,-19963, 387.00 ,1
 0> <info> app: hr,990,-19960, 403.00 ,1
 0> <info> app: hr,991,-19877, 418.00 ,1
 0> <info> app: hr,992,-19865, 430.00 ,1
 0> <info> app: hr,993,-19799, 441.00 ,1
 0> <info> app: hr,994,-19734, 449.00 ,1
 0> <info> app: hr,995,-19644, 453.00 ,1
 0> <info> app: hr,996,-19586, 456.00 ,1
 0> <info> app: hr,997,-19577, 457.00 ,1
 0> <info> app: hr,998,-19483, 455.00 ,0
 0> <info> app: hr,999,-19397, 450.00 ,0
 0> <info> app: hr,1000,-19444, 443.00 ,0
 0> <info> app: hr,1001,-19376, 434.00 ,0
 0> <info> app: hr,1002,-19393, 422.00 ,-1
 0> <info> app: hr,1003,-19322, 410.00 ,-1
 0> <info> app: hr,1004,-19317, 396.00 ,-1
 0> <info> app: hr,1005,-19264, 379.00 ,-1
 0> <info> app: hr,1006,-19203, 362.00 ,-1
 0> <info> app: hr,1007,-19168, 343.00 ,-1
 0> <info> app: hr,1008,-19112, 323.00 ,-1
 0> <info> app: hr,1009,-19042, 302.00 ,-1
 0> <info> app: hr,1010,-19043, 278.00 ,-1
 0> <info> app: hr,1011,-19037, 255.00 ,-1
 0> <info> app: hr,1012,-19000, 231.00 ,-1
 0> <info> app: hr,1013,-18960, 206.00 ,-1
 0> <info> app: hr,1014,-18987, 181.00 ,-1
 0> <info> app: hr,1015,-18897, 156.00 ,-1
 0> <info> app: hr,1016,-18899, 130.00 ,-1
 0> <info> app: [OK]	HR has been calculated
 0> <info> app: BATT Reading...
 0> <info> app: Raw 787,SOC 0,BattFullDetect 0, 348V
 0> <info> app: Save 1536337434, -929, 15010, -7384,
 0> <info> app: [OK]	HR Background stop
 0> <info> app: Show HR Result

# Logging stopped @ 26 Nov 2018 10:13:38
