# SEGGER J-Link RTT Viewer V6.16a Terminal Log File
# Compiled: 12:44:10 on Jun  6 2017
# Logging started @ 23 Nov 2018 11:37:01
 0> <info> app: ***********  Application started  ***********
 0> 
 0> <info> app: [OK] NRF Power ON 0x0004. 
 0> <info> app: Read MAC:CC34D2110EF6
 0> <info> app: ***********  Sensor initial ***********
 0> <info> app: [OK]	BMI160
 0> <info> app: [OK]	SETUP ACC
 0> <info> app: [OK]	SETUP STEP COUNT
 0> <info> app: [OK]	FLASH MEMORY
 0> <info> app: [OK]	OLED Initial
 0> <info> app: [OK]	Max30102 Initial, Temperature 33.56
 0> <info> app: ********** End sensor initial *********
 0> 
 0> <info> app: Max30102 Found
 0> 
 0> <info> app: HR Begin
 0> 
 0> <info> app: 1019
 0> <info> app: hr,0,20194, 2099740032.00 ,0
 0> <info> app: hr,1,20184, 1923578112.00 ,0
 0> <info> app: hr,2,20178, 2015852928.00 ,128
 0> <info> app: hr,3,20196, 1990682112.00 ,191
 0> <info> app: hr,4,20175, 2057795584.00 ,0
 0> <info> app: hr,5,20204, 1646752768.00 ,0
 0> <info> app: hr,6,20199, 1890021632.00 ,128
 0> <info> app: hr,7,20190, 1965518464.00 ,191
 0> <info> app: hr,8,20193, 1890019584.00 ,0
 0> <info> app: hr,9,20197, -2.00 ,0
 0> <info> app: hr,10,20195, -3.00 ,0
 0> <info> app: hr,11,20207, -3.00 ,192
 0> <info> app: hr,12,20207, -3.00 ,0
 0> <info> app: hr,13,20163, -4.00 ,0
 0> <info> app: hr,14,20203, -3.00 ,0
 0> <info> app: hr,15,20211, -3.00 ,192
 0> <info> app: hr,16,20200, -4.00 ,0
 0> <info> app: hr,17,20186, -4.00 ,0
 0> <info> app: hr,18,20199, -3.00 ,0
 0> <info> app: hr,19,20181, -4.00 ,192
 0> <info> app: hr,20,20202, -4.00 ,0
 0> <info> app: hr,21,20188, -4.00 ,0
 0> <info> app: hr,22,20187, -5.00 ,0
 0> <info> app: hr,23,20219, -4.00 ,192
 0> <info> app: hr,24,20180, -4.00 ,0
 0> <info> app: hr,25,20180, -5.00 ,0
 0> <info> app: hr,26,20189, -5.00 ,0
 0> <info> app: hr,27,20202, -4.00 ,192
 0> <info> app: hr,28,20210, -4.00 ,0
 0> <info> app: hr,29,20184, -5.00 ,0
 0> <info> app: hr,30,20186, -5.00 ,64
 0> <info> app: hr,31,20178, -4.00 ,192
 0> <info> app: hr,32,20188, -4.00 ,0
 0> <info> app: hr,33,20186, -4.00 ,0
 0> <info> app: hr,34,20177, -4.00 ,64
 0> <info> app: hr,35,20174, -3.00 ,192
 0> <info> app: hr,36,20193, -3.00 ,0
 0> <info> app: hr,37,20170, -3.00 ,0
 0> <info> app: hr,38,20199, -3.00 ,0
 0> <info> app: hr,39,20205, -3.00 ,192
 0> <info> app: hr,40,20209, -3.00 ,0
 0> <info> app: hr,41,20200, -2.00 ,0
 0> <info> app: hr,42,20181, -2.00 ,0
 0> <info> app: hr,43,20202, -2.00 ,192
 0> <info> app: hr,44,20189, -2.00 ,0
 0> <info> app: hr,45,20159, -2.00 ,0
 0> <info> app: hr,46,20168, -2.00 ,0
 0> <info> app: hr,47,20180, -2.00 ,192
 0> <info> app: hr,48,20190, -2.00 ,0
 0> <info> app: hr,49,20174, -1.00 ,0
 0> <info> app: hr,50,20181, 0.00 ,0
 0> <info> app: hr,51,20153, 0.00 ,192
 0> <info> app: hr,52,20167, 0.00 ,0
 0> <info> app: hr,53,20184, 0.00 ,0
 0> <info> app: hr,54,20190, 0.00 ,0
 0> <info> app: hr,55,20197, 0.00 ,192
 0> <info> app: hr,56,20181, 1.00 ,0
 0> <info> app: hr,57,20169, 1.00 ,0
 0> <info> app: hr,58,20161, 1.00 ,0
 0> <info> app: hr,59,20157, 2.00 ,192
 0> <info> app: hr,60,20176, 1.00 ,0
 0> <info> app: hr,61,20192, 2.00 ,0
 0> <info> app: hr,62,20170, 2.00 ,0
 0> <info> app: hr,63,20200, 3.00 ,192
 0> <info> app: hr,64,20172, 3.00 ,0
 0> <info> app: hr,65,20158, 4.00 ,0
 0> <info> app: hr,66,20194, 4.00 ,128
 0> <info> app: hr,67,20203, 3.00 ,191
 0> <info> app: hr,68,20184, 4.00 ,0
 0> <info> app: hr,69,20190, 4.00 ,0
 0> <info> app: hr,70,20179, 4.00 ,128
 0> <info> app: hr,71,20167, 3.00 ,191
 0> <info> app: hr,72,20190, 4.00 ,0
 0> <info> app: hr,73,20200, 4.00 ,0
 0> <info> app: hr,74,20198, 4.00 ,128
 0> <info> app: hr,75,20207, 4.00 ,191
 0> <info> app: hr,76,20174, 3.00 ,0
 0> <info> app: hr,77,20183, 3.00 ,0
 0> <info> app: hr,78,20173, 3.00 ,0
 0> <info> app: hr,79,20217, 3.00 ,0
 0> <info> app: hr,80,20153, 3.00 ,0
 0> <info> app: hr,81,20191, 3.00 ,0
 0> <info> app: hr,82,20156, 2.00 ,0
 0> <info> app: hr,83,20170, 2.00 ,0
 0> <info> app: hr,84,20194, 2.00 ,0
 0> <info> app: hr,85,20169, 2.00 ,0
 0> <info> app: hr,86,20184, 2.00 ,0
 0> <info> app: hr,87,20196, 2.00 ,0
 0> <info> app: hr,88,20177, 2.00 ,0
 0> <info> app: hr,89,20150, 2.00 ,0
 0> <info> app: hr,90,20176, 2.00 ,0
 0> <info> app: hr,91,20205, 2.00 ,0
 0> <info> app: hr,92,20159, 2.00 ,0
 0> <info> app: hr,93,20183, 2.00 ,0
 0> <info> app: hr,94,20167, 2.00 ,0
 0> <info> app: hr,95,20187, 2.00 ,0
 0> <info> app: hr,96,20187, 2.00 ,0
 0> <info> app: hr,97,20190, 2.00 ,0
 0> <info> app: hr,98,20174, 2.00 ,0
 0> <info> app: hr,99,20170, 2.00 ,0
 0> <info> app: hr,100,20165, 2.00 ,0
 0> <info> app: hr,101,20175, 2.00 ,0
 0> <info> app: hr,102,20172, 2.00 ,0
 0> <info> app: hr,103,20178, 2.00 ,0
 0> <info> app: hr,104,20176, 3.00 ,0
 0> <info> app: hr,105,20186, 2.00 ,0
 0> <info> app: hr,106,20153, 2.00 ,0
 0> <info> app: hr,107,20165, 2.00 ,0
 0> <info> app: hr,108,20180, 2.00 ,0
 0> <info> app: hr,109,20156, 3.00 ,0
 0> <info> app: hr,110,20181, 3.00 ,0
 0> <info> app: hr,111,20172, 3.00 ,0
 0> <info> app: hr,112,20177, 2.00 ,0
 0> <info> app: hr,113,20177, 3.00 ,0
 0> <info> app: hr,114,20156, 3.00 ,0
 0> <info> app: hr,115,20165, 3.00 ,0
 0> <info> app: hr,116,20171, 4.00 ,0
 0> <info> app: hr,117,20203, 4.00 ,0
 0> <info> app: hr,118,20206, 3.00 ,0
 0> <info> app: hr,119,20177, 3.00 ,0
 0> <info> app: hr,120,20171, 3.00 ,0
 0> <info> app: hr,121,20185, 3.00 ,0
 0> <info> app: hr,122,20178, 3.00 ,0
 0> <info> app: hr,123,20166, 2.00 ,0
 0> <info> app: hr,124,20203, 2.00 ,0
 0> <info> app: hr,125,20181, 2.00 ,0
 0> <info> app: hr,126,20175, 2.00 ,0
 0> <info> app: hr,127,20181, 2.00 ,0
 0> <info> app: hr,128,20163, 2.00 ,0
 0> <info> app: hr,129,20168, 2.00 ,0
 0> <info> app: hr,130,20175, 2.00 ,0
 0> <info> app: hr,131,20191, 1.00 ,0
 0> <info> app: hr,132,20177, 1.00 ,0
 0> <info> app: hr,133,20171, 1.00 ,0
 0> <info> app: hr,134,20177, 1.00 ,0
 0> <info> app: hr,135,20181, 1.00 ,0
 0> <info> app: hr,136,20182, 1.00 ,0
 0> <info> app: hr,137,20183, 1.00 ,0
 0> <info> app: hr,138,20181, 1.00 ,0
 0> <info> app: hr,139,20174, 1.00 ,0
 0> <info> app: hr,140,20150, 1.00 ,0
 0> <info> app: hr,141,20190, 1.00 ,0
 0> <info> app: hr,142,20158, 1.00 ,0
 0> <info> app: hr,143,20170, 1.00 ,0
 0> <info> app: hr,144,20193, 1.00 ,0
 0> <info> app: hr,145,20166, 0.00 ,0
 0> <info> app: hr,146,20155, 0.00 ,0
 0> <info> app: hr,147,20159, 0.00 ,0
 0> <info> app: hr,148,20187, 0.00 ,0
 0> <info> app: hr,149,20201, 0.00 ,0
 0> <info> app: hr,150,20153, 1.00 ,0
 0> <info> app: hr,151,20169, 1.00 ,0
 0> <info> app: hr,152,20181, 1.00 ,0
 0> <info> app: hr,153,20170, 1.00 ,0
 0> <info> app: hr,154,20162, 1.00 ,0
 0> <info> app: hr,155,20207, 1.00 ,0
 0> <info> app: hr,156,20184, 1.00 ,0
 0> <info> app: hr,157,20168, 1.00 ,0
 0> <info> app: hr,158,20194, 1.00 ,0
 0> <info> app: hr,159,20172, 1.00 ,0
 0> <info> app: hr,160,20163, 1.00 ,0
 0> <info> app: hr,161,20200, 0.00 ,0
 0> <info> app: hr,162,20179, 0.00 ,0
 0> <info> app: hr,163,20181, 0.00 ,0
 0> <info> app: hr,164,20174, 0.00 ,0
 0> <info> app: hr,165,20181, 0.00 ,0
 0> <info> app: hr,166,20183, 0.00 ,0
 0> <info> app: hr,167,20203, 0.00 ,0
 0> <info> app: hr,168,20168, 0.00 ,0
 0> <info> app: hr,169,20191, 0.00 ,0
 0> <info> app: hr,170,20191, 0.00 ,0
 0> <info> app: hr,171,20180, 0.00 ,0
 0> <info> app: hr,172,20178, -1.00 ,0
 0> <info> app: hr,173,20198, -1.00 ,0
 0> <info> app: hr,174,20174, -1.00 ,0
 0> <info> app: hr,175,20179, -1.00 ,0
 0> <info> app: hr,176,20170, -1.00 ,0
 0> <info> app: hr,177,20170, -1.00 ,0
 0> <info> app: hr,178,20192, -1.00 ,0
 0> <info> app: hr,179,20179, -1.00 ,0
 0> <info> app: hr,180,20186, -1.00 ,0
 0> <info> app: hr,181,20218, -1.00 ,0
 0> <info> app: hr,182,20206, -2.00 ,0
 0> <info> app: hr,183,20172, -2.00 ,0
 0> <info> app: hr,184,20177, -2.00 ,0
 0> <info> app: hr,185,20161, -3.00 ,0
 0> <info> app: hr,186,20203, -2.00 ,0
 0> <info> app: hr,187,20193, -2.00 ,0
 0> <info> app: hr,188,20180, -2.00 ,0
 0> <info> app: hr,189,20181, -3.00 ,0
 0> <info> app: hr,190,20194, -3.00 ,0
 0> <info> app: hr,191,20180, -3.00 ,0
 0> <info> app: hr,192,20198, -3.00 ,0
 0> <info> app: hr,193,20215, -3.00 ,0
 0> <info> app: hr,194,20152, -3.00 ,0
 0> <info> app: hr,195,20189, -3.00 ,0
 0> <info> app: hr,196,20189, -3.00 ,0
 0> <info> app: hr,197,20181, -4.00 ,0
 0> <info> app: hr,198,20193, -3.00 ,0
 0> <info> app: hr,199,20184, -3.00 ,0
 0> <info> app: hr,200,20163, -3.00 ,0
 0> <info> app: hr,201,20200, -3.00 ,0
 0> <info> app: hr,202,20185, -4.00 ,0
 0> <info> app: hr,203,20175, -4.00 ,0
 0> <info> app: hr,204,20168, -3.00 ,0
 0> <info> app: hr,205,20188, -3.00 ,0
 0> <info> app: hr,206,20194, -3.00 ,0
 0> <info> app: hr,207,20193, -3.00 ,0
 0> <info> app: hr,208,20200, -3.00 ,0
 0> <info> app: hr,209,20181, -2.00 ,0
 0> <info> app: hr,210,20152, -2.00 ,0
 0> <info> app: hr,211,20198, -2.00 ,0
 0> <info> app: hr,212,20182, -2.00 ,0
 0> <info> app: hr,213,20170, -2.00 ,0
 0> <info> app: hr,214,20188, -2.00 ,0
 0> <info> app: hr,215,20201, -2.00 ,0
 0> <info> app: hr,216,20186, -2.00 ,0
 0> <info> app: hr,217,20190, -1.00 ,0
 0> <info> app: hr,218,20234, -2.00 ,0
 0> <info> app: hr,219,20187, -2.00 ,0
 0> <info> app: hr,220,20200, -2.00 ,0
 0> <info> app: hr,221,20173, -2.00 ,0
 0> <info> app: hr,222,20190, -2.00 ,0
 0> <info> app: hr,223,20195, -3.00 ,0
 0> <info> app: hr,224,20181, -3.00 ,0
 0> <info> app: hr,225,20188, -2.00 ,0
 0> <info> app: hr,226,20160, -2.00 ,0
 0> <info> app: hr,227,20186, -2.00 ,0
 0> <info> app: hr,228,20175, -2.00 ,0
 0> <info> app: hr,229,20170, -2.00 ,0
 0> <info> app: hr,230,20189, -2.00 ,0
 0> <info> app: hr,231,20196, -2.00 ,0
 0> <info> app: hr,232,20194, -2.00 ,0
 0> <info> app: hr,233,20183, -1.00 ,0
 0> <info> app: hr,234,20166, -1.00 ,0
 0> <info> app: hr,235,20188, -1.00 ,0
 0> <info> app: hr,236,20186, -1.00 ,0
 0> <info> app: hr,237,20181, -1.00 ,0
 0> <info> app: hr,238,20180, -1.00 ,0
 0> <info> app: hr,239,20221, -1.00 ,0
 0> <info> app: hr,240,20141, -1.00 ,0
 0> <info> app: hr,241,20185, -1.00 ,0
 0> <info> app: hr,242,20194, -1.00 ,0
 0> <info> app: hr,243,20178, 0.00 ,0
 0> <info> app: hr,244,20167, 0.00 ,0
 0> <info> app: hr,245,20160, 0.00 ,0
 0> <info> app: hr,246,20183, 0.00 ,0
 0> <info> app: hr,247,20193, 0.00 ,0
 0> <info> app: hr,248,20169, 0.00 ,0
 0> <info> app: hr,249,20171, 0.00 ,0
 0> <info> app: hr,250,20183, 0.00 ,0
 0> <info> app: hr,251,20168, 0.00 ,0
 0> <info> app: hr,252,20159, 1.00 ,0
 0> <info> app: hr,253,20202, 1.00 ,0
 0> <info> app: hr,254,20174, 1.00 ,0
 0> <info> app: hr,255,20179, 1.00 ,0
 0> <info> app: hr,256,20180, 2.00 ,0
 0> <info> app: hr,257,20185, 2.00 ,0
 0> <info> app: hr,258,20172, 2.00 ,0
 0> <info> app: hr,259,20179, 2.00 ,0
 0> <info> app: hr,260,20168, 2.00 ,0
 0> <info> app: hr,261,20164, 2.00 ,0
 0> <info> app: hr,262,20175, 2.00 ,0
 0> <info> app: hr,263,20161, 3.00 ,0
 0> <info> app: hr,264,20168, 3.00 ,0
 0> <info> app: hr,265,20163, 3.00 ,0
 0> <info> app: hr,266,20188, 4.00 ,0
 0> <info> app: hr,267,20180, 3.00 ,0
 0> <info> app: hr,268,20178, 3.00 ,0
 0> <info> app: hr,269,20172, 4.00 ,0
 0> <info> app: hr,270,20158, 4.00 ,0
 0> <info> app: hr,271,20178, 4.00 ,0
 0> <info> app: hr,272,20171, 4.00 ,0
 0> <info> app: hr,273,20178, 4.00 ,0
 0> <info> app: hr,274,20159, 4.00 ,0
 0> <info> app: hr,275,20150, 5.00 ,0
 0> <info> app: hr,276,20186, 4.00 ,0
 0> <info> app: hr,277,20199, 4.00 ,0
 0> <info> app: hr,278,20149, 4.00 ,0
 0> <info> app: hr,279,20179, 5.00 ,0
 0> <info> app: hr,280,20170, 4.00 ,0
 0> <info> app: hr,281,20174, 4.00 ,0
 0> <info> app: hr,282,20162, 5.00 ,0
 0> <info> app: hr,283,20179, 5.00 ,0
 0> <info> app: hr,284,20194, 4.00 ,0
 0> <info> app: hr,285,20180, 4.00 ,0
 0> <info> app: hr,286,20181, 4.00 ,0
 0> <info> app: hr,287,20186, 4.00 ,0
 0> <info> app: hr,288,20167, 3.00 ,0
 0> <info> app: hr,289,20138, 3.00 ,0
 0> <info> app: hr,290,20177, 4.00 ,0
 0> <info> app: hr,291,20167, 4.00 ,0
 0> <info> app: hr,292,20184, 4.00 ,0
 0> <info> app: hr,293,20185, 3.00 ,0
 0> <info> app: hr,294,20189, 3.00 ,0
 0> <info> app: hr,295,20192, 3.00 ,0
 0> <info> app: hr,296,20171, 3.00 ,0
 0> <info> app: hr,297,20145, 3.00 ,0
 0> <info> app: hr,298,20170, 3.00 ,0
 0> <info> app: hr,299,20204, 2.00 ,0
 0> <info> app: hr,300,20188, 2.00 ,0
 0> <info> app: hr,301,20177, 2.00 ,0
 0> <info> app: hr,302,20172, 2.00 ,0
 0> <info> app: hr,303,20146, 2.00 ,0
 0> <info> app: hr,304,20193, 2.00 ,0
 0> <info> app: hr,305,20183, 2.00 ,0
 0> <info> app: hr,306,20152, 2.00 ,0
 0> <info> app: hr,307,20188, 1.00 ,0
 0> <info> app: hr,308,20183, 1.00 ,0
 0> <info> app: hr,309,20157, 0.00 ,0
 0> <info> app: hr,310,20170, 0.00 ,0
 0> <info> app: hr,311,20170, 0.00 ,0
 0> <info> app: hr,312,20169, 0.00 ,0
 0> <info> app: hr,313,20186, 0.00 ,0
 0> <info> app: hr,314,20161, 1.00 ,0
 0> <info> app: hr,315,20191, 1.00 ,0
 0> <info> app: hr,316,20163, 1.00 ,0
 0> <info> app: hr,317,20187, 1.00 ,0
 0> <info> app: hr,318,20176, 0.00 ,0
 0> <info> app: hr,319,20160, 0.00 ,0
 0> <info> app: hr,320,20183, 0.00 ,0
 0> <info> app: hr,321,20165, 0.00 ,0
 0> <info> app: hr,322,20177, 0.00 ,0
 0> <info> app: hr,323,20178, 0.00 ,0
 0> <info> app: hr,324,20189, 0.00 ,0
 0> <info> app: hr,325,20167, 0.00 ,0
 0> <info> app: hr,326,20191, 0.00 ,0
 0> <info> app: hr,327,20168, 0.00 ,0
 0> <info> app: hr,328,20179, 0.00 ,0
 0> <info> app: hr,329,20176, 0.00 ,0
 0> <info> app: hr,330,20174, 0.00 ,0
 0> <info> app: hr,331,20176, 0.00 ,0
 0> <info> app: hr,332,20165, 0.00 ,0
 0> <info> app: hr,333,20166, 0.00 ,0
 0> <info> app: hr,334,20175, 0.00 ,0
 0> <info> app: hr,335,20156, 0.00 ,0
 0> <info> app: hr,336,20194, 0.00 ,0
 0> <info> app: hr,337,20190, 0.00 ,0
 0> <info> app: hr,338,20166, 0.00 ,0
 0> <info> app: hr,339,20163, 0.00 ,0
 0> <info> app: hr,340,20207, 0.00 ,0
 0> <info> app: hr,341,20182, 0.00 ,0
 0> <info> app: hr,342,20182, 0.00 ,0
 0> <info> app: hr,343,20183, 0.00 ,0
 0> <info> app: hr,344,20205, 0.00 ,0
 0> <info> app: hr,345,20178, 0.00 ,0
 0> <info> app: hr,346,20166, 0.00 ,0
 0> <info> app: hr,347,20198, 0.00 ,0
 0> <info> app: hr,348,20192, -1.00 ,0
 0> <info> app: hr,349,20181, -1.00 ,0
 0> <info> app: hr,350,20192, -1.00 ,0
 0> <info> app: hr,351,20208, -1.00 ,0
 0> <info> app: hr,352,20203, -2.00 ,0
 0> <info> app: hr,353,20182, -2.00 ,0
 0> <info> app: hr,354,20158, -3.00 ,0
 0> <info> app: hr,355,20185, -3.00 ,0
 0> <info> app: hr,356,20190, -2.00 ,0
 0> <info> app: hr,357,20186, -3.00 ,0
 0> <info> app: hr,358,20160, -3.00 ,0
 0> <info> app: hr,359,20173, -3.00 ,0
 0> <info> app: hr,360,20180, -4.00 ,0
 0> <info> app: hr,361,20191, -3.00 ,0
 0> <info> app: hr,362,20206, -3.00 ,0
 0> <info> app: hr,363,20162, -3.00 ,0
 0> <info> app: hr,364,20166, -3.00 ,0
 0> <info> app: hr,365,20198, -4.00 ,0
 0> <info> app: hr,366,20190, -4.00 ,0
 0> <info> app: hr,367,20187, -3.00 ,0
 0> <info> app: hr,368,20183, -3.00 ,0
 0> <info> app: hr,369,20184, -3.00 ,0
 0> <info> app: hr,370,20185, -3.00 ,0
 0> <info> app: hr,371,20166, -4.00 ,0
 0> <info> app: hr,372,20178, -3.00 ,0
 0> <info> app: hr,373,20185, -3.00 ,0
 0> <info> app: hr,374,20204, -3.00 ,0
 0> <info> app: hr,375,20193, -3.00 ,0
 0> <info> app: hr,376,20174, -3.00 ,0
 0> <info> app: hr,377,20199, -3.00 ,0
 0> <info> app: hr,378,20185, -2.00 ,0
 0> <info> app: hr,379,20166, -3.00 ,0
 0> <info> app: hr,380,20185, -3.00 ,0
 0> <info> app: hr,381,20191, -3.00 ,0
 0> <info> app: hr,382,20178, -3.00 ,0
 0> <info> app: hr,383,20174, -3.00 ,0
 0> <info> app: hr,384,20187, -2.00 ,0
 0> <info> app: hr,385,20201, -2.00 ,0
 0> <info> app: hr,386,20183, -2.00 ,0
 0> <info> app: hr,387,20188, -2.00 ,0
 0> <info> app: hr,388,20198, -2.00 ,0
 0> <info> app: hr,389,20216, -3.00 ,0
 0> <info> app: hr,390,20173, -3.00 ,0
 0> <info> app: hr,391,20171, -2.00 ,0
 0> <info> app: hr,392,20192, -2.00 ,0
 0> <info> app: hr,393,20186, -2.00 ,0
 0> <info> app: hr,394,20193, -2.00 ,0
 0> <info> app: hr,395,20195, -3.00 ,0
 0> <info> app: hr,396,20177, -3.00 ,0
 0> <info> app: hr,397,20185, -3.00 ,0
 0> <info> app: hr,398,20191, -2.00 ,0
 0> <info> app: hr,399,20211, -2.00 ,0
 0> <info> app: hr,400,20196, -2.00 ,0
 0> <info> app: hr,401,20201, -3.00 ,0
 0> <info> app: hr,402,20159, -3.00 ,0
 0> <info> app: hr,403,20185, -3.00 ,0
 0> <info> app: hr,404,20182, -2.00 ,0
 0> <info> app: hr,405,20196, -2.00 ,0
 0> <info> app: hr,406,20184, -2.00 ,0
 0> <info> app: hr,407,20201, -2.00 ,0
 0> <info> app: hr,408,20189, -3.00 ,0
 0> <info> app: hr,409,20171, -3.00 ,0
 0> <info> app: hr,410,20216, -3.00 ,0
 0> <info> app: hr,411,20191, -2.00 ,0
 0> <info> app: hr,412,20197, -2.00 ,0
 0> <info> app: hr,413,20182, -2.00 ,0
 0> <info> app: hr,414,20189, -3.00 ,0
 0> <info> app: hr,415,20171, -3.00 ,0
 0> <info> app: hr,416,20190, -3.00 ,0
 0> <info> app: hr,417,20208, -3.00 ,0
 0> <info> app: hr,418,20186, -2.00 ,0
 0> <info> app: hr,419,20213, -2.00 ,0
 0> <info> app: hr,420,20187, -2.00 ,0
 0> <info> app: hr,421,20179, -2.00 ,0
 0> <info> app: hr,422,20208, -3.00 ,0
 0> <info> app: hr,423,20214, -3.00 ,0
 0> <info> app: hr,424,20187, -3.00 ,0
 0> <info> app: hr,425,20179, -2.00 ,0
 0> <info> app: hr,426,20178, -2.00 ,0
 0> <info> app: hr,427,20176, -2.00 ,0
 0> <info> app: hr,428,20196, -3.00 ,0
 0> <info> app: hr,429,20207, -3.00 ,0
 0> <info> app: hr,430,20175, -3.00 ,0
 0> <info> app: hr,431,20192, -2.00 ,0
 0> <info> app: hr,432,20178, -2.00 ,0
 0> <info> app: hr,433,20169, -2.00 ,0
 0> <info> app: hr,434,20205, -2.00 ,0
 0> <info> app: hr,435,20185, -2.00 ,0
 0> <info> app: hr,436,20189, -2.00 ,0
 0> <info> app: hr,437,20204, -2.00 ,0
 0> <info> app: hr,438,20184, -2.00 ,0
 0> <info> app: hr,439,20176, -1.00 ,0
 0> <info> app: hr,440,20183, -1.00 ,0
 0> <info> app: hr,441,20197, -1.00 ,0
 0> <info> app: hr,442,20189, -1.00 ,0
 0> <info> app: hr,443,20177, 0.00 ,0
 0> <info> app: hr,444,20160, 0.00 ,0
 0> <info> app: hr,445,20178, 0.00 ,0
 0> <info> app: hr,446,20191, 0.00 ,0
 0> <info> app: hr,447,20189, 0.00 ,0
 0> <info> app: hr,448,20178, 0.00 ,0
 0> <info> app: hr,449,20193, 0.00 ,0
 0> <info> app: hr,450,20176, 0.00 ,0
 0> <info> app: hr,451,20194, 0.00 ,0
 0> <info> app: hr,452,20200, 0.00 ,0
 0> <info> app: hr,453,20192, 0.00 ,0
 0> <info> app: hr,454,20192, 0.00 ,0
 0> <info> app: hr,455,20183, 0.00 ,0
 0> <info> app: hr,456,20201, 1.00 ,0
 0> <info> app: hr,457,20186, 1.00 ,0
 0> <info> app: hr,458,20196, 1.00 ,0
 0> <info> app: hr,459,20177, 1.00 ,0
 0> <info> app: hr,460,20180, 1.00 ,0
 0> <info> app: hr,461,20175, 1.00 ,0
 0> <info> app: hr,462,20188, 1.00 ,0
 0> <info> app: hr,463,20203, 0.00 ,0
 0> <info> app: hr,464,20165, 0.00 ,0
 0> <info> app: hr,465,20185, 0.00 ,0
 0> <info> app: hr,466,20178, 0.00 ,0
 0> <info> app: hr,467,20181, 0.00 ,0
 0> <info> app: hr,468,20201, 0.00 ,0
 0> <info> app: hr,469,20183, 1.00 ,0
 0> <info> app: hr,470,20203, 1.00 ,0
 0> <info> app: hr,471,20182, 1.00 ,0
 0> <info> app: hr,472,20183, 1.00 ,0
 0> <info> app: hr,473,20182, 1.00 ,0
 0> <info> app: hr,474,20203, 1.00 ,0
 0> <info> app: hr,475,20172, 1.00 ,0
 0> <info> app: hr,476,20177, 1.00 ,0
 0> <info> app: hr,477,20179, 1.00 ,0
 0> <info> app: hr,478,20182, 1.00 ,0
 0> <info> app: hr,479,20176, 1.00 ,0
 0> <info> app: hr,480,20175, 0.00 ,0
 0> <info> app: hr,481,20174, 0.00 ,0
 0> <info> app: hr,482,20177, 1.00 ,0
 0> <info> app: hr,483,20182, 1.00 ,0
 0> <info> app: hr,484,20197, 1.00 ,0
 0> <info> app: hr,485,20169, 1.00 ,0
 0> <info> app: hr,486,20185, 1.00 ,0
 0> <info> app: hr,487,20156, 2.00 ,0
 0> <info> app: hr,488,20181, 2.00 ,0
 0> <info> app: hr,489,20203, 2.00 ,0
 0> <info> app: hr,490,20174, 2.00 ,0
 0> <info> app: hr,491,20176, 2.00 ,0
 0> <info> app: hr,492,20158, 2.00 ,0
 0> <info> app: hr,493,20184, 2.00 ,0
 0> <info> app: hr,494,20198, 2.00 ,0
 0> <info> app: hr,495,20189, 3.00 ,0
 0> <info> app: hr,496,20186, 3.00 ,0
 0> <info> app: hr,497,20189, 3.00 ,0
 0> <info> app: hr,498,20168, 2.00 ,0
 0> <info> app: hr,499,20185, 2.00 ,0
 0> <info> app: hr,500,20174, 2.00 ,0
 0> <info> app: hr,501,20166, 2.00 ,0
 0> <info> app: hr,502,20179, 2.00 ,0
 0> <info> app: hr,503,20176, 3.00 ,0
 0> <info> app: hr,504,20164, 3.00 ,0
 0> <info> app: hr,505,20168, 2.00 ,0
 0> <info> app: hr,506,20181, 2.00 ,0
 0> <info> app: hr,507,20167, 3.00 ,0
 0> <info> app: hr,508,20180, 3.00 ,0
 0> <info> app: hr,509,20172, 3.00 ,0
 0> <info> app: hr,510,20178, 3.00 ,0
 0> <info> app: hr,511,20179, 3.00 ,0
 0> <info> app: hr,512,20184, 3.00 ,0
 0> <info> app: hr,513,20161, 3.00 ,0
 0> <info> app: hr,514,20209, 3.00 ,0
 0> <info> app: hr,515,20199, 3.00 ,0
 0> <info> app: hr,516,20184, 3.00 ,0
 0> <info> app: hr,517,20182, 2.00 ,0
 0> <info> app: hr,518,20204, 2.00 ,0
 0> <info> app: hr,519,20180, 2.00 ,0
 0> <info> app: hr,520,20186, 2.00 ,0
 0> <info> app: hr,521,20158, 2.00 ,0
 0> <info> app: hr,522,20195, 2.00 ,0
 0> <info> app: hr,523,20188, 2.00 ,0
 0> <info> app: hr,524,20202, 2.00 ,0
 0> <info> app: hr,525,20191, 1.00 ,0
 0> <info> app: hr,526,20172, 1.00 ,0
 0> <info> app: hr,527,20185, 0.00 ,0
 0> <info> app: hr,528,20150, 0.00 ,0
 0> <info> app: hr,529,20214, 0.00 ,0
 0> <info> app: hr,530,20170, 0.00 ,0
 0> <info> app: hr,531,20212, 0.00 ,0
 0> <info> app: hr,532,20184, 0.00 ,0
 0> <info> app: hr,533,20160, 0.00 ,0
 0> <info> app: hr,534,20185, 0.00 ,0
 0> <info> app: hr,535,20166, 0.00 ,0
 0> <info> app: hr,536,20186, 0.00 ,0
 0> <info> app: hr,537,20210, 0.00 ,0
 0> <info> app: hr,538,20188, 0.00 ,0
 0> <info> app: hr,539,20171, 0.00 ,0
 0> <info> app: hr,540,20188, 0.00 ,0
 0> <info> app: hr,541,20227, 0.00 ,0
 0> <info> app: hr,542,20192, -1.00 ,0
 0> <info> app: hr,543,20161, -1.00 ,0
 0> <info> app: hr,544,20197, -1.00 ,0
 0> <info> app: hr,545,20163, -1.00 ,0
 0> <info> app: hr,546,20203, -2.00 ,0
 0> <info> app: hr,547,20195, -1.00 ,0
 0> <info> app: hr,548,20205, -1.00 ,0
 0> <info> app: hr,549,20191, -1.00 ,0
 0> <info> app: hr,550,20149, -2.00 ,0
 0> <info> app: hr,551,20182, -2.00 ,0
 0> <info> app: hr,552,20183, -2.00 ,0
 0> <info> app: hr,553,20175, -2.00 ,0
 0> <info> app: hr,554,20168, -2.00 ,0
 0> <info> app: hr,555,20195, -2.00 ,0
 0> <info> app: hr,556,20168, -1.00 ,0
 0> <info> app: hr,557,20199, -1.00 ,0
 0> <info> app: hr,558,20184, -1.00 ,0
 0> <info> app: hr,559,20195, -1.00 ,0
 0> <info> app: hr,560,20193, -1.00 ,0
 0> <info> app: hr,561,20192, -1.00 ,0
 0> <info> app: hr,562,20168, -1.00 ,0
 0> <info> app: hr,563,20192, -1.00 ,0
 0> <info> app: hr,564,20206, -1.00 ,0
 0> <info> app: hr,565,20170, -2.00 ,0
 0> <info> app: hr,566,20192, -2.00 ,0
 0> <info> app: hr,567,20194, -2.00 ,0
 0> <info> app: hr,568,20188, -1.00 ,0
 0> <info> app: hr,569,20192, -1.00 ,0
 0> <info> app: hr,570,20201, -1.00 ,0
 0> <info> app: hr,571,20207, -1.00 ,0
 0> <info> app: hr,572,20198, -1.00 ,0
 0> <info> app: hr,573,20173, -2.00 ,0
 0> <info> app: hr,574,20205, -2.00 ,0
 0> <info> app: hr,575,20194, -2.00 ,0
 0> <info> app: hr,576,20192, -2.00 ,0
 0> <info> app: hr,577,20197, -3.00 ,0
 0> <info> app: hr,578,20185, -2.00 ,0
 0> <info> app: hr,579,20185, -2.00 ,0
 0> <info> app: hr,580,20199, -2.00 ,0
 0> <info> app: hr,581,20196, -3.00 ,0
 0> <info> app: hr,582,20167, -3.00 ,0
 0> <info> app: hr,583,20190, -3.00 ,0
 0> <info> app: hr,584,20162, -2.00 ,0
 0> <info> app: hr,585,20198, -2.00 ,0
 0> <info> app: hr,586,20196, -2.00 ,0
 0> <info> app: hr,587,20182, -2.00 ,0
 0> <info> app: hr,588,20206, -2.00 ,0
 0> <info> app: hr,589,20208, -2.00 ,0
 0> <info> app: hr,590,20192, -3.00 ,0
 0> <info> app: hr,591,20216, -3.00 ,0
 0> <info> app: hr,592,20204, -2.00 ,0
 0> <info> app: hr,593,20191, -2.00 ,0
 0> <info> app: hr,594,20193, -3.00 ,0
 0> <info> app: hr,595,20184, -3.00 ,0
 0> <info> app: hr,596,20183, -3.00 ,0
 0> <info> app: hr,597,20206, -3.00 ,0
 0> <info> app: hr,598,20196, -2.00 ,0
 0> <info> app: hr,599,20212, -3.00 ,0
 0> <info> app: hr,600,20214, -3.00 ,0
 0> <info> app: hr,601,20198, -3.00 ,0
 0> <info> app: hr,602,20171, -3.00 ,0
 0> <info> app: hr,603,20203, -4.00 ,0
 0> <info> app: hr,604,20199, -3.00 ,0
 0> <info> app: hr,605,20194, -3.00 ,0
 0> <info> app: hr,606,20206, -3.00 ,0
 0> <info> app: hr,607,20190, -4.00 ,0
 0> <info> app: hr,608,20179, -4.00 ,0
 0> <info> app: hr,609,20202, -3.00 ,0
 0> <info> app: hr,610,20207, -3.00 ,0
 0> <info> app: hr,611,20191, -3.00 ,0
 0> <info> app: hr,612,20193, -4.00 ,0
 0> <info> app: hr,613,20183, -4.00 ,0
 0> <info> app: hr,614,20216, -3.00 ,0
 0> <info> app: hr,615,20209, -3.00 ,0
 0> <info> app: hr,616,20175, -3.00 ,0
 0> <info> app: hr,617,20224, -3.00 ,0
 0> <info> app: hr,618,20189, -4.00 ,0
 0> <info> app: hr,619,20204, -3.00 ,0
 0> <info> app: hr,620,20201, -3.00 ,0
 0> <info> app: hr,621,20210, -3.00 ,0
 0> <info> app: hr,622,20196, -3.00 ,0
 0> <info> app: hr,623,20200, -4.00 ,0
 0> <info> app: hr,624,20197, -4.00 ,0
 0> <info> app: hr,625,20201, -3.00 ,0
 0> <info> app: hr,626,20225, -3.00 ,0
 0> <info> app: hr,627,20186, -4.00 ,0
 0> <info> app: hr,628,20207, -4.00 ,0
 0> <info> app: hr,629,20198, -4.00 ,0
 0> <info> app: hr,630,20176, -3.00 ,0
 0> <info> app: hr,631,20192, -3.00 ,0
 0> <info> app: hr,632,20184, -3.00 ,0
 0> <info> app: hr,633,20184, -3.00 ,0
 0> <info> app: hr,634,20187, -3.00 ,0
 0> <info> app: hr,635,20196, -2.00 ,0
 0> <info> app: hr,636,20184, -2.00 ,0
 0> <info> app: hr,637,20192, -2.00 ,0
 0> <info> app: hr,638,20222, -2.00 ,0
 0> <info> app: hr,639,20178, -2.00 ,0
 0> <info> app: hr,640,20169, -2.00 ,0
 0> <info> app: hr,641,20217, -2.00 ,0
 0> <info> app: hr,642,20205, -2.00 ,0
 0> <info> app: hr,643,20201, -1.00 ,0
 0> <info> app: hr,644,20186, -1.00 ,0
 0> <info> app: hr,645,20186, 0.00 ,0
 0> <info> app: hr,646,20173, 0.00 ,0
 0> <info> app: hr,647,20188, 0.00 ,0
 0> <info> app: hr,648,20211, 0.00 ,0
 0> <info> app: hr,649,20202, 0.00 ,0
 0> <info> app: hr,650,20186, 0.00 ,0
 0> <info> app: hr,651,20199, 0.00 ,0
 0> <info> app: hr,652,20183, 0.00 ,0
 0> <info> app: hr,653,20177, 0.00 ,0
 0> <info> app: hr,654,20210, 0.00 ,0
 0> <info> app: hr,655,20189, 0.00 ,0
 0> <info> app: hr,656,20165, 0.00 ,0
 0> <info> app: hr,657,20209, 0.00 ,0
 0> <info> app: hr,658,20194, 1.00 ,0
 0> <info> app: hr,659,20174, 1.00 ,0
 0> <info> app: hr,660,20181, 1.00 ,0
 0> <info> app: hr,661,20187, 1.00 ,0
 0> <info> app: hr,662,20197, 2.00 ,0
 0> <info> app: hr,663,20176, 1.00 ,0
 0> <info> app: hr,664,20172, 1.00 ,0
 0> <info> app: hr,665,20182, 1.00 ,0
 0> <info> app: hr,666,20179, 2.00 ,0
 0> <info> app: hr,667,20201, 2.00 ,0
 0> <info> app: hr,668,20177, 2.00 ,0
 0> <info> app: hr,669,20199, 3.00 ,0
 0> <info> app: hr,670,20186, 3.00 ,0
 0> <info> app: hr,671,20189, 2.00 ,0
 0> <info> app: hr,672,20187, 3.00 ,0
 0> <info> app: hr,673,20181, 3.00 ,0
 0> <info> app: hr,674,20199, 3.00 ,0
 0> <info> app: hr,675,20193, 3.00 ,0
 0> <info> app: hr,676,20172, 4.00 ,0
 0> <info> app: hr,677,20188, 3.00 ,0
 0> <info> app: hr,678,20184, 3.00 ,0
 0> <info> app: hr,679,20196, 3.00 ,0
 0> <info> app: hr,680,20183, 3.00 ,0
 0> <info> app: hr,681,20187, 4.00 ,0
 0> <info> app: hr,682,20175, 3.00 ,0
 0> <info> app: hr,683,20175, 3.00 ,0
 0> <info> app: hr,684,20169, 3.00 ,0
 0> <info> app: hr,685,20197, 4.00 ,0
 0> <info> app: hr,686,20181, 4.00 ,0
 0> <info> app: hr,687,20187, 3.00 ,0
 0> <info> app: hr,688,20181, 3.00 ,0
 0> <info> app: hr,689,20175, 3.00 ,0
 0> <info> app: hr,690,20208, 4.00 ,0
 0> <info> app: hr,691,20202, 4.00 ,0
 0> <info> app: hr,692,20206, 3.00 ,0
 0> <info> app: hr,693,20178, 3.00 ,0
 0> <info> app: hr,694,20198, 3.00 ,0
 0> <info> app: hr,695,20209, 3.00 ,0
 0> <info> app: hr,696,20164, 3.00 ,0
 0> <info> app: hr,697,20176, 3.00 ,0
 0> <info> app: hr,698,20185, 2.00 ,0
 0> <info> app: hr,699,20193, 2.00 ,0
 0> <info> app: hr,700,20184, 2.00 ,0
 0> <info> app: hr,701,20165, 2.00 ,0
 0> <info> app: hr,702,20187, 2.00 ,0
 0> <info> app: hr,703,20171, 2.00 ,0
 0> <info> app: hr,704,20158, 2.00 ,0
 0> <info> app: hr,705,20180, 3.00 ,0
 0> <info> app: hr,706,20185, 2.00 ,0
 0> <info> app: hr,707,20178, 2.00 ,0
 0> <info> app: hr,708,20153, 2.00 ,0
 0> <info> app: hr,709,20190, 3.00 ,0
 0> <info> app: hr,710,20163, 3.00 ,0
 0> <info> app: hr,711,20177, 3.00 ,0
 0> <info> app: hr,712,20185, 3.00 ,0
 0> <info> app: hr,713,20167, 3.00 ,0
 0> <info> app: hr,714,20179, 3.00 ,0
 0> <info> app: hr,715,20195, 4.00 ,0
 0> <info> app: hr,716,20177, 4.00 ,0
 0> <info> app: hr,717,20163, 3.00 ,0
 0> <info> app: hr,718,20170, 3.00 ,0
 0> <info> app: hr,719,20192, 4.00 ,0
 0> <info> app: hr,720,20178, 4.00 ,0
 0> <info> app: hr,721,20194, 4.00 ,0
 0> <info> app: hr,722,20199, 3.00 ,0
 0> <info> app: hr,723,20196, 3.00 ,0
 0> <info> app: hr,724,20197, 4.00 ,0
 0> <info> app: hr,725,20168, 4.00 ,0
 0> <info> app: hr,726,20189, 4.00 ,0
 0> <info> app: hr,727,20204, 2.00 ,0
 0> <info> app: hr,728,20181, 2.00 ,0
 0> <info> app: hr,729,20190, 2.00 ,0
 0> <info> app: hr,730,20189, 2.00 ,0
 0> <info> app: hr,731,20208, 2.00 ,0
 0> <info> app: hr,732,20189, 2.00 ,0
 0> <info> app: hr,733,20204, 2.00 ,0
 0> <info> app: hr,734,20212, 1.00 ,0
 0> <info> app: hr,735,20182, 0.00 ,0
 0> <info> app: hr,736,20172, 0.00 ,0
 0> <info> app: hr,737,20173, 0.00 ,0
 0> <info> app: hr,738,20197, 0.00 ,0
 0> <info> app: hr,739,20201, 0.00 ,0
 0> <info> app: hr,740,20176, 0.00 ,0
 0> <info> app: hr,741,20170, -1.00 ,0
 0> <info> app: hr,742,20175, -1.00 ,0
 0> <info> app: hr,743,20194, 0.00 ,0
 0> <info> app: hr,744,20186, 0.00 ,0
 0> <info> app: hr,745,20184, 0.00 ,0
 0> <info> app: hr,746,20194, 0.00 ,0
 0> <info> app: hr,747,20203, -1.00 ,0
 0> <info> app: hr,748,20193, -1.00 ,0
 0> <info> app: hr,749,20195, -1.00 ,0
 0> <info> app: hr,750,20188, -1.00 ,0
 0> <info> app: hr,751,20186, -1.00 ,0
 0> <info> app: hr,752,20208, -2.00 ,0
 0> <info> app: hr,753,20201, -2.00 ,0
 0> <info> app: hr,754,20201, -2.00 ,0
 0> <info> app: hr,755,20194, -2.00 ,0
 0> <info> app: hr,756,20183, -2.00 ,0
 0> <info> app: hr,757,20175, -2.00 ,0
 0> <info> app: hr,758,20202, -2.00 ,0
 0> <info> app: hr,759,20201, -3.00 ,0
 0> <info> app: hr,760,20215, -3.00 ,0
 0> <info> app: hr,761,20184, -3.00 ,0
 0> <info> app: hr,762,20200, -3.00 ,0
 0> <info> app: hr,763,20200, -3.00 ,0
 0> <info> app: hr,764,20227, -3.00 ,0
 0> <info> app: hr,765,20176, -4.00 ,0
 0> <info> app: hr,766,20201, -4.00 ,0
 0> <info> app: hr,767,20198, -4.00 ,0
 0> <info> app: hr,768,20203, -4.00 ,0
 0> <info> app: hr,769,20205, -4.00 ,0
 0> <info> app: hr,770,20194, -4.00 ,0
 0> <info> app: hr,771,20183, -5.00 ,0
 0> <info> app: hr,772,20212, -4.00 ,0
 0> <info> app: hr,773,20193, -4.00 ,0
 0> <info> app: hr,774,20181, -5.00 ,0
 0> <info> app: hr,775,20199, -5.00 ,0
 0> <info> app: hr,776,20196, -4.00 ,0
 0> <info> app: hr,777,20222, -5.00 ,0
 0> <info> app: hr,778,20204, -5.00 ,0
 0> <info> app: hr,779,20188, -5.00 ,0
 0> <info> app: hr,780,20211, -4.00 ,0
 0> <info> app: hr,781,20208, -5.00 ,0
 0> <info> app: hr,782,20206, -5.00 ,0
 0> <info> app: hr,783,20181, -5.00 ,0
 0> <info> app: hr,784,20189, -5.00 ,0
 0> <info> app: hr,785,20229, -5.00 ,0
 0> <info> app: hr,786,20204, -5.00 ,0
 0> <info> app: hr,787,20181, -4.00 ,0
 0> <info> app: hr,788,20196, -5.00 ,0
 0> <info> app: hr,789,20204, -5.00 ,0
 0> <info> app: hr,790,20194, -5.00 ,0
 0> <info> app: hr,791,20190, -4.00 ,0
 0> <info> app: hr,792,20209, -4.00 ,0
 0> <info> app: hr,793,20192, -5.00 ,0
 0> <info> app: hr,794,20212, -5.00 ,0
 0> <info> app: hr,795,20163, -4.00 ,0
 0> <info> app: hr,796,20202, -4.00 ,0
 0> <info> app: hr,797,20189, -4.00 ,0
 0> <info> app: hr,798,20197, -4.00 ,0
 0> <info> app: hr,799,20197, -3.00 ,0
 0> <info> app: hr,800,20210, -3.00 ,0
 0> <info> app: hr,801,20207, -3.00 ,0
 0> <info> app: hr,802,20198, -3.00 ,0
 0> <info> app: hr,803,20194, -3.00 ,0
 0> <info> app: hr,804,20198, -3.00 ,0
 0> <info> app: hr,805,20193, -2.00 ,0
 0> <info> app: hr,806,20190, -2.00 ,0
 0> <info> app: hr,807,20210, -2.00 ,0
 0> <info> app: hr,808,20200, -2.00 ,0
 0> <info> app: hr,809,20229, -2.00 ,0
 0> <info> app: hr,810,20198, -2.00 ,0
 0> <info> app: hr,811,20204, -2.00 ,0
 0> <info> app: hr,812,20203, -3.00 ,0
 0> <info> app: hr,813,20198, -2.00 ,0
 0> <info> app: hr,814,20173, -2.00 ,0
 0> <info> app: hr,815,20204, -2.00 ,0
 0> <info> app: hr,816,20219, -2.00 ,0
 0> <info> app: hr,817,20218, -2.00 ,0
 0> <info> app: hr,818,20211, -2.00 ,0
 0> <info> app: hr,819,20214, -2.00 ,0
 0> <info> app: hr,820,20171, -2.00 ,0
 0> <info> app: hr,821,20207, -2.00 ,0
 0> <info> app: hr,822,20189, -2.00 ,0
 0> <info> app: hr,823,20189, -2.00 ,0
 0> <info> app: hr,824,20200, -2.00 ,0
 0> <info> app: hr,825,20189, -2.00 ,0
 0> <info> app: hr,826,20183, -2.00 ,0
 0> <info> app: hr,827,20184, -2.00 ,0
 0> <info> app: hr,828,20195, -2.00 ,0
 0> <info> app: hr,829,20204, 0.00 ,0
 0> <info> app: hr,830,20196, 0.00 ,0
 0> <info> app: hr,831,20170, 0.00 ,0
 0> <info> app: hr,832,20199, 0.00 ,0
 0> <info> app: hr,833,20214, 0.00 ,0
 0> <info> app: hr,834,20189, 0.00 ,0
 0> <info> app: hr,835,20174, 0.00 ,0
 0> <info> app: hr,836,20187, 0.00 ,0
 0> <info> app: hr,837,20185, 0.00 ,0
 0> <info> app: hr,838,20176, 0.00 ,0
 0> <info> app: hr,839,20185, 1.00 ,0
 0> <info> app: hr,840,20189, 1.00 ,0
 0> <info> app: hr,841,20198, 2.00 ,0
 0> <info> app: hr,842,20196, 2.00 ,0
 0> <info> app: hr,843,20190, 1.00 ,0
 0> <info> app: hr,844,20187, 1.00 ,0
 0> <info> app: hr,845,20199, 2.00 ,0
 0> <info> app: hr,846,20168, 2.00 ,0
 0> <info> app: hr,847,20179, 2.00 ,0
 0> <info> app: hr,848,20187, 3.00 ,0
 0> <info> app: hr,849,20190, 3.00 ,0
 0> <info> app: hr,850,20202, 4.00 ,0
 0> <info> app: hr,851,20205, 3.00 ,0
 0> <info> app: hr,852,20196, 3.00 ,0
 0> <info> app: hr,853,20191, 3.00 ,0
 0> <info> app: hr,854,20191, 4.00 ,0
 0> <info> app: hr,855,20174, 4.00 ,0
 0> <info> app: hr,856,20185, 3.00 ,0
 0> <info> app: hr,857,20205, 3.00 ,0
 0> <info> app: hr,858,20204, 3.00 ,0
 0> <info> app: hr,859,20176, 4.00 ,0
 0> <info> app: hr,860,20183, 4.00 ,0
 0> <info> app: hr,861,20194, 3.00 ,0
 0> <info> app: hr,862,20201, 3.00 ,0
 0> <info> app: hr,863,20164, 3.00 ,0
 0> <info> app: hr,864,20207, 3.00 ,0
 0> <info> app: hr,865,20196, 3.00 ,0
 0> <info> app: hr,866,20188, 4.00 ,0
 0> <info> app: hr,867,20169, 3.00 ,0
 0> <info> app: hr,868,20179, 3.00 ,0
 0> <info> app: hr,869,20184, 3.00 ,0
 0> <info> app: hr,870,20177, 3.00 ,0
 0> <info> app: hr,871,20199, 4.00 ,0
 0> <info> app: hr,872,20184, 3.00 ,0
 0> <info> app: hr,873,20213, 3.00 ,0
 0> <info> app: hr,874,20177, 3.00 ,0
 0> <info> app: hr,875,20194, 3.00 ,0
 0> <info> app: hr,876,20181, 3.00 ,0
 0> <info> app: hr,877,20191, 3.00 ,0
 0> <info> app: hr,878,20192, 2.00 ,0
 0> <info> app: hr,879,20189, 3.00 ,0
 0> <info> app: hr,880,20191, 3.00 ,0
 0> <info> app: hr,881,20214, 3.00 ,0
 0> <info> app: hr,882,20195, 3.00 ,0
 0> <info> app: hr,883,20179, 3.00 ,0
 0> <info> app: hr,884,20208, 2.00 ,0
 0> <info> app: hr,885,20206, 1.00 ,0
 0> <info> app: hr,886,20214, 1.00 ,0
 0> <info> app: hr,887,20214, 1.00 ,0
 0> <info> app: hr,888,20157, 1.00 ,0
 0> <info> app: hr,889,20166, 1.00 ,0
 0> <info> app: hr,890,20191, 1.00 ,0
 0> <info> app: hr,891,20203, 1.00 ,0
 0> <info> app: hr,892,20196, 0.00 ,0
 0> <info> app: hr,893,20203, 0.00 ,0
 0> <info> app: hr,894,20181, 0.00 ,0
 0> <info> app: hr,895,20216, 0.00 ,0
 0> <info> app: hr,896,20186, 0.00 ,0
 0> <info> app: hr,897,20189, 0.00 ,0
 0> <info> app: hr,898,20182, 0.00 ,0
 0> <info> app: hr,899,20201, 0.00 ,0
 0> <info> app: hr,900,20190, 0.00 ,0
 0> <info> app: hr,901,20181, 0.00 ,0
 0> <info> app: hr,902,20194, 0.00 ,0
 0> <info> app: hr,903,20185, 0.00 ,0
 0> <info> app: hr,904,20190, 0.00 ,0
 0> <info> app: hr,905,20200, 0.00 ,0
 0> <info> app: hr,906,20191, 0.00 ,0
 0> <info> app: hr,907,20188, 0.00 ,0
 0> <info> app: hr,908,20210, 0.00 ,0
 0> <info> app: hr,909,20198, 0.00 ,0
 0> <info> app: hr,910,20175, 0.00 ,0
 0> <info> app: hr,911,20198, 0.00 ,0
 0> <info> app: hr,912,20196, 0.00 ,0
 0> <info> app: hr,913,20189, 0.00 ,0
 0> <info> app: hr,914,20199, 0.00 ,0
 0> <info> app: hr,915,20193, -1.00 ,0
 0> <info> app: hr,916,20186, -1.00 ,0
 0> <info> app: hr,917,20200, -1.00 ,0
 0> <info> app: hr,918,20206, -1.00 ,0
 0> <info> app: hr,919,20211, -1.00 ,0
 0> <info> app: hr,920,20165, -1.00 ,0
 0> <info> app: hr,921,20179, -1.00 ,0
 0> <info> app: hr,922,20200, 0.00 ,0
 0> <info> app: hr,923,20188, 0.00 ,0
 0> <info> app: hr,924,20184, 0.00 ,0
 0> <info> app: hr,925,20190, 0.00 ,0
 0> <info> app: hr,926,20217, 0.00 ,0
 0> <info> app: hr,927,20198, 0.00 ,0
 0> <info> app: hr,928,20201, 0.00 ,0
 0> <info> app: hr,929,20163, 0.00 ,0
 0> <info> app: hr,930,20184, 0.00 ,0
 0> <info> app: hr,931,20195, 0.00 ,0
 0> <info> app: hr,932,20182, 0.00 ,0
 0> <info> app: hr,933,20207, 0.00 ,0
 0> <info> app: hr,934,20198, 0.00 ,0
 0> <info> app: hr,935,20156, 0.00 ,0
 0> <info> app: hr,936,20216, 0.00 ,0
 0> <info> app: hr,937,20217, 0.00 ,0
 0> <info> app: hr,938,20211, 0.00 ,0
 0> <info> app: hr,939,20218, 0.00 ,0
 0> <info> app: hr,940,20184, 0.00 ,0
 0> <info> app: hr,941,20187, -1.00 ,0
 0> <info> app: hr,942,20199, -1.00 ,0
 0> <info> app: hr,943,20214, -1.00 ,0
 0> <info> app: hr,944,20220, -1.00 ,0
 0> <info> app: hr,945,20192, -1.00 ,0
 0> <info> app: hr,946,20153, -1.00 ,0
 0> <info> app: hr,947,20219, -2.00 ,0
 0> <info> app: hr,948,20182, -1.00 ,0
 0> <info> app: hr,949,20183, -1.00 ,0
 0> <info> app: hr,950,20193, -1.00 ,0
 0> <info> app: hr,951,20175, -1.00 ,0
 0> <info> app: hr,952,20195, -1.00 ,0
 0> <info> app: hr,953,20209, -1.00 ,0
 0> <info> app: hr,954,20201, -1.00 ,0
 0> <info> app: hr,955,20199, -1.00 ,0
 0> <info> app: hr,956,20207, -1.00 ,0
 0> <info> app: hr,957,20191, -1.00 ,0
 0> <info> app: hr,958,20184, -1.00 ,0
 0> <info> app: hr,959,20216, -1.00 ,0
 0> <info> app: hr,960,20174, -1.00 ,0
 0> <info> app: hr,961,20194, 0.00 ,0
 0> <info> app: hr,962,20213, 0.00 ,0
 0> <info> app: hr,963,20185, -1.00 ,0
 0> <info> app: hr,964,20212, -1.00 ,0
 0> <info> app: hr,965,20169, -1.00 ,0
 0> <info> app: hr,966,20207, -1.00 ,0
 0> <info> app: hr,967,20197, -1.00 ,0
 0> <info> app: hr,968,20202, -1.00 ,0
 0> <info> app: hr,969,20184, -1.00 ,0
 0> <info> app: hr,970,20199, -1.00 ,0
 0> <info> app: hr,971,20183, -1.00 ,0
 0> <info> app: hr,972,20209, -1.00 ,0
 0> <info> app: hr,973,20191, -1.00 ,0
 0> <info> app: hr,974,20198, -1.00 ,0
 0> <info> app: hr,975,20214, -1.00 ,0
 0> <info> app: hr,976,20191, 0.00 ,0
 0> <info> app: hr,977,20194, 0.00 ,0
 0> <info> app: hr,978,20207, 0.00 ,0
 0> <info> app: hr,979,20214, 0.00 ,0
 0> <info> app: hr,980,20199, 0.00 ,0
 0> <info> app: hr,981,20188, 0.00 ,0
 0> <info> app: hr,982,20187, -1.00 ,0
 0> <info> app: hr,983,20203, -1.00 ,0
 0> <info> app: hr,984,20193, -1.00 ,0
 0> <info> app: hr,985,20208, -1.00 ,0
 0> <info> app: hr,986,20213, -1.00 ,0
 0> <info> app: hr,987,20223, -1.00 ,0
 0> <info> app: hr,988,20204, -1.00 ,0
 0> <info> app: hr,989,20206, -2.00 ,0
 0> <info> app: hr,990,20187, -2.00 ,0
 0> <info> app: hr,991,20201, -1.00 ,0
 0> <info> app: hr,992,20193, -1.00 ,0
 0> <info> app: hr,993,20218, -1.00 ,0
 0> <info> app: hr,994,20200, -2.00 ,0
 0> <info> app: hr,995,20177, -2.00 ,0
 0> <info> app: hr,996,20194, -2.00 ,0
 0> <info> app: hr,997,20175, -2.00 ,0
 0> <info> app: hr,998,20214, -2.00 ,0
 0> <info> app: hr,999,20206, -2.00 ,0
 0> <info> app: hr,1000,20219, -1.00 ,0
 0> <info> app: hr,1001,20218, -1.00 ,0
 0> <info> app: hr,1002,20210, -2.00 ,0
 0> <info> app: hr,1003,20197, -2.00 ,0
 0> <info> app: hr,1004,20211, -2.00 ,0
 0> <info> app: hr,1005,20208, -2.00 ,0
 0> <info> app: hr,1006,20172, -2.00 ,0
 0> <info> app: hr,1007,20205, -3.00 ,0
 0> <info> app: hr,1008,20208, -3.00 ,0
 0> <info> app: hr,1009,20213, -2.00 ,0
 0> <info> app: hr,1010,20200, -2.00 ,0
 0> <info> app: hr,1011,20164, -2.00 ,0
 0> <info> app: hr,1012,20194, -2.00 ,0
 0> <info> app: hr,1013,20193, -2.00 ,0
 0> <info> app: hr,1014,20189, -2.00 ,0
 0> <info> app: hr,1015,20202, -2.00 ,0
 0> <info> app: hr,1016,20178, -1.00 ,0
 0> <info> app: hr,1017,20193, -1.00 ,0
 0> <info> app: hr,1018,20185, -1.00 ,0

# Logging stopped @ 23 Nov 2018 11:37:38
