# SEGGER J-Link RTT Viewer V6.16a Terminal Log File
# Compiled: 12:44:10 on Jun  6 2017
# Logging started @ 23 Nov 2018 10:02:42
 0> <info> app: ***********  Application started  ***********
 0> 
 0> <info> app: [OK] NRF Power ON 0x0004. 
 0> <info> app: Read MAC:CC34D2110EF6
 0> <info> app: ***********  Sensor initial ***********
 0> <info> app: [OK]	BMI160
 0> <info> app: [OK]	SETUP ACC
 0> <info> app: [OK]	SETUP STEP COUNT
 0> <info> app: [OK]	FLASH MEMORY
 0> <info> app: [OK]	OLED Initial
 0> <info> app: [OK]	Max30102 Initial, Temperature 34.50
 0> <info> app: ********** End sensor initial *********
 0> 
 0> <info> app: Max30102 Found
 0> 
 0> <info> app: HR Begin
 0> 
 0> <info> app: 2032
 0> <info> app: hr,0,20157,20157,-4
 0> <info> app: hr,1,20175,20158,-3
 0> <info> app: hr,2,20152,20123,-3
 0> <info> app: hr,3,20179,20168,-4
 0> <info> app: hr,4,20185,20136,-4
 0> <info> app: hr,5,20145,20144,-4
 0> <info> app: hr,6,20137,20166,-3
 0> <info> app: hr,7,20143,20162,-3
 0> <info> app: hr,8,20156,20126,-3
 0> <info> app: hr,9,20161,20148,-3
 0> <info> app: hr,10,20158,20132,-3
 0> <info> app: hr,11,20148,20127,-3
 0> <info> app: hr,12,20148,20158,-3
 0> <info> app: hr,13,20151,20157,-3
 0> <info> app: hr,14,20142,20136,-3
 0> <info> app: hr,15,20154,20135,-3
 0> <info> app: hr,16,20165,20163,-3
 0> <info> app: hr,17,20169,20146,-2
 0> <info> app: hr,18,20174,20139,-2
 0> <info> app: hr,19,20175,20150,-3
 0> <info> app: hr,20,20184,20152,-3
 0> <info> app: hr,21,20156,20130,-3
 0> <info> app: hr,22,20148,20160,-3
 0> <info> app: hr,23,20153,20128,-2
 0> <info> app: hr,24,20147,20129,-2
 0> <info> app: hr,25,20145,20153,-2
 0> <info> app: hr,26,20158,20166,-2
 0> <info> app: hr,27,20152,20114,-3
 0> <info> app: hr,28,20149,20156,-3
 0> <info> app: hr,29,20158,20144,-3
 0> <info> app: hr,30,20156,20154,-2
 0> <info> app: hr,31,20178,20159,-2
 0> <info> app: hr,32,20140,-2,20156
 0> <info> app: hr,33,20172,-1,20156
 0> <info> app: hr,34,20157,-1,20156
 0> <info> app: hr,35,20151,-1,20156
 0> <info> app: hr,36,20142,-1,20156
 0> <info> app: hr,37,20143,-1,20156
 0> <info> app: hr,38,20127,-1,20156
 0> <info> app: hr,39,20150,-1,20156
 0> <info> app: hr,40,20159,-1,20156
 0> <info> app: hr,41,20171,-1,20156
 0> <info> app: hr,42,20174,-2,20155
 0> <info> app: hr,43,20156,-2,20155
 0> <info> app: hr,44,20161,-1,20155
 0> <info> app: hr,45,20155,-1,20155
 0> <info> app: hr,46,20187,-1,20155
 0> <info> app: hr,47,20151,-1,20155
 0> <info> app: hr,48,20140,-1,20155
 0> <info> app: hr,49,20155,0,20156
 0> <info> app: hr,50,20180,0,20156
 0> <info> app: hr,51,20156,0,20156
 0> <info> app: hr,52,20159,0,20156
 0> <info> app: hr,53,20172,0,20156
 0> <info> app: hr,54,20172,0,20156
 0> <info> app: hr,55,20162,0,20156
 0> <info> app: hr,56,20161,0,20156
 0> <info> app: hr,57,20162,0,20157
 0> <info> app: hr,58,20141,0,20157
 0> <info> app: hr,59,20148,0,20157
 0> <info> app: hr,60,20159,0,20157
 0> <info> app: hr,61,20152,0,20157
 0> <info> app: hr,62,20123,0,20157
 0> <info> app: hr,63,20178,0,20157
 0> <info> app: hr,64,20158,0,20157
 0> <info> app: hr,65,20150,0,20157
 0> <info> app: hr,66,20147,0,20157
 0> <info> app: hr,67,20180,0,20157
 0> <info> app: hr,68,20164,0,20157
 0> <info> app: hr,69,20152,0,20157
 0> <info> app: hr,70,20158,0,20157
 0> <info> app: hr,71,20155,0,20157
 0> <info> app: hr,72,20167,0,20157
 0> <info> app: hr,73,20142,0,20157
 0> <info> app: hr,74,20163,0,20157
 0> <info> app: hr,75,20132,0,20157
 0> <info> app: hr,76,20144,0,20157
 0> <info> app: hr,77,20174,0,20157
 0> <info> app: hr,78,20172,0,20157
 0> <info> app: hr,79,20150,0,20157
 0> <info> app: hr,80,20171,0,20157
 0> <info> app: hr,81,20144,0,20157
 0> <info> app: hr,82,20160,0,20157
 0> <info> app: hr,83,20161,0,20157
 0> <info> app: hr,84,20167,0,20157
 0> <info> app: hr,85,20173,0,20157
 0> <info> app: hr,86,20132,0,20157
 0> <info> app: hr,87,20163,0,20157
 0> <info> app: hr,88,20152,0,20157
 0> <info> app: hr,89,20137,0,20157
 0> <info> app: hr,90,20186,0,20157
 0> <info> app: hr,91,20151,0,20157
 0> <info> app: hr,92,20162,0,20157
 0> <info> app: hr,93,20138,0,20157
 0> <info> app: hr,94,20155,0,20157
 0> <info> app: hr,95,20153,0,20157
 0> <info> app: hr,96,20156,0,20157
 0> <info> app: hr,97,20146,0,20157
 0> <info> app: hr,98,20153,0,20156
 0> <info> app: hr,99,20170,0,20156
 0> <info> app: hr,100,20161,0,20156
 0> <info> app: hr,101,20170,0,20156
 0> <info> app: hr,102,20166,0,20156
 0> <info> app: hr,103,20171,0,20156
 0> <info> app: hr,104,20135,0,20156
 0> <info> app: hr,105,20165,0,20156
 0> <info> app: hr,106,20159,0,20157
 0> <info> app: hr,107,20171,0,20157
 0> <info> app: hr,108,20147,0,20157
 0> <info> app: hr,109,20173,0,20157
 0> <info> app: hr,110,20145,0,20157
 0> <info> app: hr,111,20160,0,20157
 0> <info> app: hr,112,20169,0,20157
 0> <info> app: hr,113,20158,0,20157
 0> <info> app: hr,114,20125,0,20157
 0> <info> app: hr,115,20166,0,20157
 0> <info> app: hr,116,20156,0,20157
 0> <info> app: hr,117,20149,0,20157
 0> <info> app: hr,118,20166,0,20157
 0> <info> app: hr,119,20177,0,20157
 0> <info> app: hr,120,20149,0,20157
 0> <info> app: hr,121,20147,0,20157
 0> <info> app: hr,122,20166,0,20157
 0> <info> app: hr,123,20153,0,20157
 0> <info> app: hr,124,20155,0,20157
 0> <info> app: hr,125,20152,0,20157
 0> <info> app: hr,126,20165,0,20157
 0> <info> app: hr,127,20153,0,20157
 0> <info> app: hr,128,20176,0,20157
 0> <info> app: hr,129,20138,0,20157
 0> <info> app: hr,130,20177,0,20157
 0> <info> app: hr,131,20160,0,20157
 0> <info> app: hr,132,20181,0,20157
 0> <info> app: hr,133,20170,0,20157
 0> <info> app: hr,134,20157,0,20157
 0> <info> app: hr,135,20180,1,20158
 0> <info> app: hr,136,20139,1,20158
 0> <info> app: hr,137,20155,0,20158
 0> <info> app: hr,138,20139,0,20158
 0> <info> app: hr,139,20159,0,20158
 0> <info> app: hr,140,20154,0,20158
 0> <info> app: hr,141,20162,0,20158
 0> <info> app: hr,142,20171,0,20158
 0> <info> app: hr,143,20175,0,20158
 0> <info> app: hr,144,20159,0,20158
 0> <info> app: hr,145,20160,0,20158
 0> <info> app: hr,146,20164,1,20159
 0> <info> app: hr,147,20149,1,20159
 0> <info> app: hr,148,20145,1,20159
 0> <info> app: hr,149,20156,1,20159
 0> <info> app: hr,150,20158,1,20159
 0> <info> app: hr,151,20174,1,20159
 0> <info> app: hr,152,20163,1,20159
 0> <info> app: hr,153,20190,1,20159
 0> <info> app: hr,154,20152,1,20159
 0> <info> app: hr,155,20168,1,20159
 0> <info> app: hr,156,20173,0,20159
 0> <info> app: hr,157,20168,0,20159
 0> <info> app: hr,158,20171,1,20160
 0> <info> app: hr,159,20162,1,20160
 0> <info> app: hr,160,20140,1,20160
 0> <info> app: hr,161,20156,1,20160
 0> <info> app: hr,162,20182,1,20160
 0> <info> app: hr,163,20161,1,20160
 0> <info> app: hr,164,20154,2,20161
 0> <info> app: hr,165,20167,2,20161
 0> <info> app: hr,166,20179,2,20161
 0> <info> app: hr,167,20170,2,20161
 0> <info> app: hr,168,20151,1,20161
 0> <info> app: hr,169,20164,1,20161
 0> <info> app: hr,170,20155,1,20161
 0> <info> app: hr,171,20152,2,20162
 0> <info> app: hr,172,20160,2,20162
 0> <info> app: hr,173,20148,2,20162
 0> <info> app: hr,174,20180,2,20162
 0> <info> app: hr,175,20162,2,20162
 0> <info> app: hr,176,20154,2,20162
 0> <info> app: hr,177,20172,1,20162
 0> <info> app: hr,178,20128,1,20162
 0> <info> app: hr,179,20184,1,20162
 0> <info> app: hr,180,20153,1,20162
 0> <info> app: hr,181,20176,1,20162
 0> <info> app: hr,182,20173,1,20162
 0> <info> app: hr,183,20164,1,20162
 0> <info> app: hr,184,20171,1,20162
 0> <info> app: hr,185,20143,1,20162
 0> <info> app: hr,186,20147,1,20162
 0> <info> app: hr,187,20171,1,20162
 0> <info> app: hr,188,20169,1,20162
 0> <info> app: hr,189,20159,1,20162
 0> <info> app: hr,190,20149,1,20162
 0> <info> app: hr,191,20159,0,20162
 0> <info> app: hr,192,20162,0,20162
 0> <info> app: hr,193,20153,0,20162
 0> <info> app: hr,194,20155,0,20162
 0> <info> app: hr,195,20183,0,20162
 0> <info> app: hr,196,20147,0,20161
 0> <info> app: hr,197,20160,0,20161
 0> <info> app: hr,198,20145,0,20161
 0> <info> app: hr,199,20178,0,20161
 0> <info> app: hr,200,20155,0,20161
 0> <info> app: hr,201,20156,0,20161
 0> <info> app: hr,202,20166,0,20161
 0> <info> app: hr,203,20135,0,20161
 0> <info> app: hr,204,20153,0,20161
 0> <info> app: hr,205,20155,0,20161
 0> <info> app: hr,206,20142,-1,20160
 0> <info> app: hr,207,20163,-1,20160
 0> <info> app: hr,208,20177,-1,20160
 0> <info> app: hr,209,20160,0,20160
 0> <info> app: hr,210,20158,0,20160
 0> <info> app: hr,211,20155,0,20160
 0> <info> app: hr,212,20168,-1,20159
 0> <info> app: hr,213,20151,-1,20159
 0> <info> app: hr,214,20163,-1,20159
 0> <info> app: hr,215,20140,-1,20159
 0> <info> app: hr,216,20166,-1,20159
 0> <info> app: hr,217,20134,-1,20159
 0> <info> app: hr,218,20159,-1,20159
 0> <info> app: hr,219,20150,-2,20158
 0> <info> app: hr,220,20142,-2,20158
 0> <info> app: hr,221,20164,-2,20158
 0> <info> app: hr,222,20158,-1,20158
 0> <info> app: hr,223,20167,-1,20158
 0> <info> app: hr,224,20143,-2,20157
 0> <info> app: hr,225,20149,-2,20157
 0> <info> app: hr,226,20129,-2,20157
 0> <info> app: hr,227,20141,-2,20157
 0> <info> app: hr,228,20163,-3,20156
 0> <info> app: hr,229,20165,-3,20156
 0> <info> app: hr,230,20154,-2,20156
 0> <info> app: hr,231,20162,-2,20156
 0> <info> app: hr,232,20139,-2,20156
 0> <info> app: hr,233,20164,-3,20155
 0> <info> app: hr,234,20124,-3,20155
 0> <info> app: hr,235,20108,-3,20155
 0> <info> app: hr,236,20147,-4,20154
 0> <info> app: hr,237,20154,-3,20154
 0> <info> app: hr,238,20155,-3,20154
 0> <info> app: hr,239,20152,-4,20153
 0> <info> app: hr,240,20130,-4,20153
 0> <info> app: hr,241,20132,-4,20153
 0> <info> app: hr,242,20139,-4,20152
 0> <info> app: hr,243,20122,-4,20152
 0> <info> app: hr,244,20153,-5,20151
 0> <info> app: hr,245,20144,-5,20151
 0> <info> app: hr,246,20155,-5,20150
 0> <info> app: hr,247,20161,-5,20150
 0> <info> app: hr,248,20160,-6,20149
 0> <info> app: hr,249,20148,-5,20149
 0> <info> app: hr,250,20152,-5,20149
 0> <info> app: hr,251,20138,-5,20149
 0> <info> app: hr,252,20138,-6,20148
 0> <info> app: hr,253,20156,-5,20148
 0> <info> app: hr,254,20125,-5,20148
 0> <info> app: hr,255,20161,-5,20148
 0> <info> app: hr,256,20119,-5,20147
 0> <info> app: hr,257,20174,-5,20147
 0> <info> app: hr,258,20156,-5,20147
 0> <info> app: hr,259,20147,-5,20147
 0> <info> app: hr,260,20132,-4,20147
 0> <info> app: hr,261,20152,-4,20147
 0> <info> app: hr,262,20141,-5,20146
 0> <info> app: hr,263,20138,-5,20146
 0> <info> app: hr,264,20140,-4,20146
 0> <info> app: hr,265,20178,-4,20146
 0> <info> app: hr,266,20156,-4,20146
 0> <info> app: hr,267,20142,-4,20146
 0> <info> app: hr,268,20142,-3,20146
 0> <info> app: hr,269,20134,-3,20146
 0> <info> app: hr,270,20150,-3,20146
 0> <info> app: hr,271,20173,-3,20146
 0> <info> app: hr,272,20148,-3,20146
 0> <info> app: hr,273,20161,-3,20146
 0> <info> app: hr,274,20153,-2,20146
 0> <info> app: hr,275,20140,-2,20146
 0> <info> app: hr,276,20140,-2,20146
 0> <info> app: hr,277,20165,-2,20146
 0> <info> app: hr,278,20139,-2,20146
 0> <info> app: hr,279,20161,-2,20146
 0> <info> app: hr,280,20140,-2,20146
 0> <info> app: hr,281,20142,-1,20147
 0> <info> app: hr,282,20155,0,20147
 0> <info> app: hr,283,20148,0,20147
 0> <info> app: hr,284,20153,0,20147
 0> <info> app: hr,285,20171,0,20147
 0> <info> app: hr,286,20132,0,20147
 0> <info> app: hr,287,20156,0,20147
 0> <info> app: hr,288,20165,0,20147
 0> <info> app: hr,289,20132,0,20147
 0> <info> app: hr,290,20154,0,20148
 0> <info> app: hr,291,20136,0,20148
 0> <info> app: hr,292,20176,0,20148
 0> <info> app: hr,293,20136,0,20148
 0> <info> app: hr,294,20155,0,20148
 0> <info> app: hr,295,20145,0,20148
 0> <info> app: hr,296,20158,0,20148
 0> <info> app: hr,297,20140,0,20148
 0> <info> app: hr,298,20153,0,20148
 0> <info> app: hr,299,20155,1,20149
 0> <info> app: hr,300,20156,1,20149
 0> <info> app: hr,301,20160,1,20149
 0> <info> app: hr,302,20154,1,20149
 0> <info> app: hr,303,20155,0,20149
 0> <info> app: hr,304,20160,0,20149
 0> <info> app: hr,305,20144,0,20149
 0> <info> app: hr,306,20165,1,20150
 0> <info> app: hr,307,20169,1,20150
 0> <info> app: hr,308,20153,1,20150
 0> <info> app: hr,309,20159,1,20150
 0> <info> app: hr,310,20127,1,20150
 0> <info> app: hr,311,20152,2,20151
 0> <info> app: hr,312,20154,2,20151
 0> <info> app: hr,313,20157,2,20151
 0> <info> app: hr,314,20140,2,20151
 0> <info> app: hr,315,20143,1,20151
 0> <info> app: hr,316,20171,1,20151
 0> <info> app: hr,317,20136,1,20151
 0> <info> app: hr,318,20153,1,20151
 0> <info> app: hr,319,20137,1,20151
 0> <info> app: hr,320,20139,1,20151
 0> <info> app: hr,321,20150,1,20151
 0> <info> app: hr,322,20147,1,20151
 0> <info> app: hr,323,20151,1,20151
 0> <info> app: hr,324,20141,1,20151
 0> <info> app: hr,325,20168,1,20151
 0> <info> app: hr,326,20139,1,20151
 0> <info> app: hr,327,20153,1,20151
 0> <info> app: hr,328,20138,1,20151
 0> <info> app: hr,329,20157,0,20151
 0> <info> app: hr,330,20136,0,20151
 0> <info> app: hr,331,20173,0,20150
 0> <info> app: hr,332,20160,0,20150
 0> <info> app: hr,333,20160,0,20150
 0> <info> app: hr,334,20158,0,20150
 0> <info> app: hr,335,20156,0,20150
 0> <info> app: hr,336,20156,0,20151
 0> <info> app: hr,337,20151,0,20151
 0> <info> app: hr,338,20152,0,20151
 0> <info> app: hr,339,20157,0,20151
 0> <info> app: hr,340,20160,0,20151
 0> <info> app: hr,341,20168,0,20151
 0> <info> app: hr,342,20139,0,20151
 0> <info> app: hr,343,20151,0,20151
 0> <info> app: hr,344,20159,0,20151
 0> <info> app: hr,345,20153,0,20151
 0> <info> app: hr,346,20152,1,20152
 0> <info> app: hr,347,20164,1,20152
 0> <info> app: hr,348,20146,1,20152
 0> <info> app: hr,349,20170,1,20152
 0> <info> app: hr,350,20161,1,20152
 0> <info> app: hr,351,20163,1,20152
 0> <info> app: hr,352,20122,1,20152
 0> <info> app: hr,353,20166,2,20153
 0> <info> app: hr,354,20143,1,20153
 0> <info> app: hr,355,20161,1,20153
 0> <info> app: hr,356,20158,1,20153
 0> <info> app: hr,357,20160,1,20153
 0> <info> app: hr,358,20165,1,20153
 0> <info> app: hr,359,20164,1,20153
 0> <info> app: hr,360,20147,1,20153
 0> <info> app: hr,361,20139,1,20153
 0> <info> app: hr,362,20163,2,20154
 0> <info> app: hr,363,20176,2,20154
 0> <info> app: hr,364,20151,2,20154
 0> <info> app: hr,365,20165,1,20154
 0> <info> app: hr,366,20158,1,20154
 0> <info> app: hr,367,20138,1,20154
 0> <info> app: hr,368,20125,1,20154
 0> <info> app: hr,369,20157,1,20154
 0> <info> app: hr,370,20154,1,20154
 0> <info> app: hr,371,20156,1,20154
 0> <info> app: hr,372,20141,1,20154
 0> <info> app: hr,373,20165,1,20154
 0> <info> app: hr,374,20151,1,20154
 0> <info> app: hr,375,20159,1,20154
 0> <info> app: hr,376,20147,1,20154
 0> <info> app: hr,377,20154,1,20154
 0> <info> app: hr,378,20160,1,20154
 0> <info> app: hr,379,20159,0,20154
 0> <info> app: hr,380,20154,0,20154
 0> <info> app: hr,381,20176,0,20154
 0> <info> app: hr,382,20147,0,20154
 0> <info> app: hr,383,20140,0,20154
 0> <info> app: hr,384,20143,0,20154
 0> <info> app: hr,385,20134,0,20154
 0> <info> app: hr,386,20170,0,20154
 0> <info> app: hr,387,20170,0,20154
 0> <info> app: hr,388,20176,0,20154
 0> <info> app: hr,389,20140,0,20154
 0> <info> app: hr,390,20156,0,20154
 0> <info> app: hr,391,20153,0,20154
 0> <info> app: hr,392,20185,0,20154
 0> <info> app: hr,393,20167,0,20154
 0> <info> app: hr,394,20172,0,20154
 0> <info> app: hr,395,20183,1,20155
 0> <info> app: hr,396,20154,1,20155
 0> <info> app: hr,397,20156,1,20155
 0> <info> app: hr,398,20163,1,20155
 0> <info> app: hr,399,20154,2,20156
 0> <info> app: hr,400,20154,2,20156
 0> <info> app: hr,401,20155,1,20156
 0> <info> app: hr,402,20147,1,20156
 0> <info> app: hr,403,20139,1,20156
 0> <info> app: hr,404,20154,1,20156
 0> <info> app: hr,405,20174,1,20156
 0> <info> app: hr,406,20147,2,20157
 0> <info> app: hr,407,20162,2,20157
 0> <info> app: hr,408,20157,2,20157
 0> <info> app: hr,409,20161,2,20157
 0> <info> app: hr,410,20182,2,20157
 0> <info> app: hr,411,20178,1,20157
 0> <info> app: hr,412,20183,1,20157
 0> <info> app: hr,413,20159,1,20157
 0> <info> app: hr,414,20191,2,20158
 0> <info> app: hr,415,20183,2,20158
 0> <info> app: hr,416,20168,3,20159
 0> <info> app: hr,417,20148,3,20159
 0> <info> app: hr,418,20163,3,20159
 0> <info> app: hr,419,20153,3,20160
 0> <info> app: hr,420,20171,3,20160
 0> <info> app: hr,421,20175,3,20160
 0> <info> app: hr,422,20157,4,20161
 0> <info> app: hr,423,20151,4,20161
 0> <info> app: hr,424,20160,3,20161
 0> <info> app: hr,425,20159,3,20161
 0> <info> app: hr,426,20146,3,20161
 0> <info> app: hr,427,20173,4,20162
 0> <info> app: hr,428,20154,4,20162
 0> <info> app: hr,429,20165,3,20162
 0> <info> app: hr,430,20159,3,20162
 0> <info> app: hr,431,20150,3,20162
 0> <info> app: hr,432,20156,3,20162
 0> <info> app: hr,433,20142,3,20162
 0> <info> app: hr,434,20151,3,20162
 0> <info> app: hr,435,20175,2,20162
 0> <info> app: hr,436,20164,2,20162
 0> <info> app: hr,437,20159,2,20162
 0> <info> app: hr,438,20160,1,20161
 0> <info> app: hr,439,20137,1,20161
 0> <info> app: hr,440,20159,1,20161
 0> <info> app: hr,441,20138,1,20161
 0> <info> app: hr,442,20155,1,20161
 0> <info> app: hr,443,20142,1,20161
 0> <info> app: hr,444,20162,0,20160
 0> <info> app: hr,445,20160,0,20160
 0> <info> app: hr,446,20173,0,20160
 0> <info> app: hr,447,20164,0,20160
 0> <info> app: hr,448,20170,0,20160
 0> <info> app: hr,449,20144,0,20160
 0> <info> app: hr,450,20164,0,20159
 0> <info> app: hr,451,20195,0,20159
 0> <info> app: hr,452,20157,0,20159
 0> <info> app: hr,453,20167,0,20159
 0> <info> app: hr,454,20139,0,20159
 0> <info> app: hr,455,20161,0,20159
 0> <info> app: hr,456,20145,0,20159
 0> <info> app: hr,457,20149,0,20159
 0> <info> app: hr,458,20135,0,20159
 0> <info> app: hr,459,20150,0,20159
 0> <info> app: hr,460,20166,0,20159
 0> <info> app: hr,461,20176,-1,20158
 0> <info> app: hr,462,20156,-1,20158
 0> <info> app: hr,463,20149,-1,20158
 0> <info> app: hr,464,20159,-1,20158
 0> <info> app: hr,465,20156,-1,20158
 0> <info> app: hr,466,20156,-1,20158
 0> <info> app: hr,467,20161,-1,20158
 0> <info> app: hr,468,20146,-1,20158
 0> <info> app: hr,469,20140,-1,20158
 0> <info> app: hr,470,20158,-1,20157
 0> <info> app: hr,471,20146,-1,20157
 0> <info> app: hr,472,20174,-1,20157
 0> <info> app: hr,473,20145,-1,20157
 0> <info> app: hr,474,20163,-1,20157
 0> <info> app: hr,475,20158,-1,20157
 0> <info> app: hr,476,20164,-1,20157
 0> <info> app: hr,477,20165,-2,20156
 0> <info> app: hr,478,20155,-2,20156
 0> <info> app: hr,479,20157,-2,20156
 0> <info> app: hr,480,20146,-2,20156
 0> <info> app: hr,481,20161,-1,20156
 0> <info> app: hr,482,20162,-1,20156
 0> <info> app: hr,483,20161,-1,20156
 0> <info> app: hr,484,20153,-1,20156
 0> <info> app: hr,485,20141,-1,20156
 0> <info> app: hr,486,20141,-1,20156
 0> <info> app: hr,487,20140,-1,20156
 0> <info> app: hr,488,20162,-1,20156
 0> <info> app: hr,489,20169,-1,20156
 0> <info> app: hr,490,20140,-2,20155
 0> <info> app: hr,491,20168,-2,20155
 0> <info> app: hr,492,20148,-2,20155
 0> <info> app: hr,493,20153,-1,20155
 0> <info> app: hr,494,20136,-1,20155
 0> <info> app: hr,495,20142,-1,20155
 0> <info> app: hr,496,20174,-1,20155
 0> <info> app: hr,497,20176,-1,20155
 0> <info> app: hr,498,20153,-1,20155
 0> <info> app: hr,499,20150,-1,20155
 0> <info> app: hr,500,20168,-2,20154
 0> <info> app: hr,501,20167,-2,20154
 0> <info> app: hr,502,20177,-1,20155
 0> <info> app: hr,503,20146,-1,20155
 0> <info> app: hr,504,20151,0,20155
 0> <info> app: hr,505,20153,0,20155
 0> <info> app: hr,506,20151,0,20155
 0> <info> app: hr,507,20165,0,20155
 0> <info> app: hr,508,20159,0,20155
 0> <info> app: hr,509,20155,0,20155
 0> <info> app: hr,510,20150,0,20155
 0> <info> app: hr,511,20162,0,20155
 0> <info> app: hr,512,20159,0,20155
 0> <info> app: hr,513,20155,0,20155
 0> <info> app: hr,514,20151,0,20155
 0> <info> app: hr,515,20156,0,20155
 0> <info> app: hr,516,20157,0,20155
 0> <info> app: hr,517,20163,0,20155
 0> <info> app: hr,518,20167,0,20155
 0> <info> app: hr,519,20138,0,20155
 0> <info> app: hr,520,20137,0,20156
 0> <info> app: hr,521,20163,0,20155
 0> <info> app: hr,522,20137,0,20155
 0> <info> app: hr,523,20140,0,20155
 0> <info> app: hr,524,20167,0,20155
 0> <info> app: hr,525,20143,0,20155
 0> <info> app: hr,526,20132,0,20155
 0> <info> app: hr,527,20155,0,20155
 0> <info> app: hr,528,20165,0,20155
 0> <info> app: hr,529,20140,-1,20154
 0> <info> app: hr,530,20166,-1,20154
 0> <info> app: hr,531,20145,-1,20154
 0> <info> app: hr,532,20172,-1,20154
 0> <info> app: hr,533,20155,-1,20154
 0> <info> app: hr,534,20160,-1,20154
 0> <info> app: hr,535,20166,0,20154
 0> <info> app: hr,536,20161,0,20154
 0> <info> app: hr,537,20155,0,20154
 0> <info> app: hr,538,20151,0,20154
 0> <info> app: hr,539,20164,0,20154
 0> <info> app: hr,540,20145,0,20154
 0> <info> app: hr,541,20144,0,20154
 0> <info> app: hr,542,20149,0,20154
 0> <info> app: hr,543,20158,0,20154
 0> <info> app: hr,544,20165,0,20154
 0> <info> app: hr,545,20153,0,20154
 0> <info> app: hr,546,20153,0,20154
 0> <info> app: hr,547,20145,0,20154
 0> <info> app: hr,548,20139,0,20154
 0> <info> app: hr,549,20153,0,20154
 0> <info> app: hr,550,20151,0,20154
 0> <info> app: hr,551,20163,0,20154
 0> <info> app: hr,552,20142,0,20154
 0> <info> app: hr,553,20163,-1,20153
 0> <info> app: hr,554,20148,-1,20153
 0> <info> app: hr,555,20153,-1,20153
 0> <info> app: hr,556,20166,-1,20153
 0> <info> app: hr,557,20161,-1,20153
 0> <info> app: hr,558,20144,-1,20153
 0> <info> app: hr,559,20159,-1,20153
 0> <info> app: hr,560,20165,0,20153
 0> <info> app: hr,561,20146,0,20153
 0> <info> app: hr,562,20180,0,20153
 0> <info> app: hr,563,20141,0,20153
 0> <info> app: hr,564,20152,0,20153
 0> <info> app: hr,565,20151,0,20153
 0> <info> app: hr,566,20172,0,20154
 0> <info> app: hr,567,20165,0,20154
 0> <info> app: hr,568,20154,0,20154
 0> <info> app: hr,569,20156,0,20154
 0> <info> app: hr,570,20163,0,20154
 0> <info> app: hr,571,20157,0,20154
 0> <info> app: hr,572,20140,0,20154
 0> <info> app: hr,573,20162,0,20154
 0> <info> app: hr,574,20153,0,20154
 0> <info> app: hr,575,20182,0,20154
 0> <info> app: hr,576,20128,1,20155
 0> <info> app: hr,577,20154,1,20155
 0> <info> app: hr,578,20144,1,20155
 0> <info> app: hr,579,20150,1,20155
 0> <info> app: hr,580,20156,0,20155
 0> <info> app: hr,581,20152,0,20155
 0> <info> app: hr,582,20145,0,20155
 0> <info> app: hr,583,20131,0,20155
 0> <info> app: hr,584,20161,0,20154
 0> <info> app: hr,585,20175,0,20154
 0> <info> app: hr,586,20168,0,20154
 0> <info> app: hr,587,20158,0,20154
 0> <info> app: hr,588,20155,0,20154
 0> <info> app: hr,589,20154,0,20154
 0> <info> app: hr,590,20162,0,20154
 0> <info> app: hr,591,20152,0,20154
 0> <info> app: hr,592,20151,0,20154
 0> <info> app: hr,593,20157,0,20154
 0> <info> app: hr,594,20144,0,20154
 0> <info> app: hr,595,20149,0,20154
 0> <info> app: hr,596,20159,0,20154
 0> <info> app: hr,597,20171,0,20154
 0> <info> app: hr,598,20150,0,20154
 0> <info> app: hr,599,20145,0,20154
 0> <info> app: hr,600,20143,0,20154
 0> <info> app: hr,601,20164,0,20154
 0> <info> app: hr,602,20163,0,20154
 0> <info> app: hr,603,20164,0,20154
 0> <info> app: hr,604,20161,0,20154
 0> <info> app: hr,605,20155,0,20154
 0> <info> app: hr,606,20139,0,20155
 0> <info> app: hr,607,20150,0,20155
 0> <info> app: hr,608,20151,0,20154
 0> <info> app: hr,609,20174,0,20154
 0> <info> app: hr,610,20172,0,20155
 0> <info> app: hr,611,20180,0,20155
 0> <info> app: hr,612,20170,0,20155
 0> <info> app: hr,613,20156,0,20155
 0> <info> app: hr,614,20177,0,20155
 0> <info> app: hr,615,20175,0,20155
 0> <info> app: hr,616,20176,1,20156
 0> <info> app: hr,617,20177,1,20156
 0> <info> app: hr,618,20187,2,20157
 0> <info> app: hr,619,20164,2,20157
 0> <info> app: hr,620,20172,3,20158
 0> <info> app: hr,621,20138,3,20158
 0> <info> app: hr,622,20158,2,20158
 0> <info> app: hr,623,20160,3,20159
 0> <info> app: hr,624,20158,3,20159
 0> <info> app: hr,625,20180,3,20159
 0> <info> app: hr,626,20173,4,20160
 0> <info> app: hr,627,20173,4,20160
 0> <info> app: hr,628,20165,3,20160
 0> <info> app: hr,629,20154,4,20161
 0> <info> app: hr,630,20176,4,20161
 0> <info> app: hr,631,20173,4,20161
 0> <info> app: hr,632,20149,4,20162
 0> <info> app: hr,633,20152,4,20162
 0> <info> app: hr,634,20178,4,20162
 0> <info> app: hr,635,20159,4,20162
 0> <info> app: hr,636,20166,5,20163
 0> <info> app: hr,637,20161,4,20163
 0> <info> app: hr,638,20159,4,20163
 0> <info> app: hr,639,20181,4,20163
 0> <info> app: hr,640,20155,4,20163
 0> <info> app: hr,641,20167,3,20163
 0> <info> app: hr,642,20184,4,20164
 0> <info> app: hr,643,20162,4,20164
 0> <info> app: hr,644,20164,4,20164
 0> <info> app: hr,645,20181,4,20164
 0> <info> app: hr,646,20162,3,20164
 0> <info> app: hr,647,20169,3,20164
 0> <info> app: hr,648,20154,4,20165
 0> <info> app: hr,649,20161,4,20165
 0> <info> app: hr,650,20167,4,20165
 0> <info> app: hr,651,20167,3,20165
 0> <info> app: hr,652,20168,3,20165
 0> <info> app: hr,653,20166,3,20165
 0> <info> app: hr,654,20145,3,20165
 0> <info> app: hr,655,20167,3,20165
 0> <info> app: hr,656,20152,2,20165
 0> <info> app: hr,657,20161,2,20165
 0> <info> app: hr,658,20174,2,20165
 0> <info> app: hr,659,20164,2,20165
 0> <info> app: hr,660,20138,2,20165
 0> <info> app: hr,661,20193,2,20165
 0> <info> app: hr,662,20172,2,20165
 0> <info> app: hr,663,20188,2,20165
 0> <info> app: hr,664,20179,1,20165
 0> <info> app: hr,665,20150,1,20165
 0> <info> app: hr,666,20185,1,20165
 0> <info> app: hr,667,20170,1,20165
 0> <info> app: hr,668,20149,2,20166
 0> <info> app: hr,669,20151,2,20166
 0> <info> app: hr,670,20170,2,20166
 0> <info> app: hr,671,20176,2,20166
 0> <info> app: hr,672,20170,2,20166
 0> <info> app: hr,673,20161,2,20166
 0> <info> app: hr,674,20164,1,20166
 0> <info> app: hr,675,20123,1,20166
 0> <info> app: hr,676,20160,1,20166
 0> <info> app: hr,677,20156,1,20166
 0> <info> app: hr,678,20147,0,20165
 0> <info> app: hr,679,20148,0,20165
 0> <info> app: hr,680,20165,0,20165
 0> <info> app: hr,681,20140,0,20165
 0> <info> app: hr,682,20162,0,20164
 0> <info> app: hr,683,20168,0,20164
 0> <info> app: hr,684,20173,0,20164
 0> <info> app: hr,685,20151,-1,20163
 0> <info> app: hr,686,20175,-1,20163
 0> <info> app: hr,687,20160,-1,20163
 0> <info> app: hr,688,20156,-1,20163
 0> <info> app: hr,689,20190,-1,20163
 0> <info> app: hr,690,20157,-1,20163
 0> <info> app: hr,691,20163,-2,20162
 0> <info> app: hr,692,20131,-1,20162
 0> <info> app: hr,693,20154,-1,20162
 0> <info> app: hr,694,20157,-1,20162
 0> <info> app: hr,695,20172,-1,20162
 0> <info> app: hr,696,20173,-1,20162
 0> <info> app: hr,697,20144,-2,20161
 0> <info> app: hr,698,20156,-2,20161
 0> <info> app: hr,699,20158,-2,20161
 0> <info> app: hr,700,20161,-2,20161
 0> <info> app: hr,701,20165,-2,20161
 0> <info> app: hr,702,20162,-1,20161
 0> <info> app: hr,703,20152,-1,20161
 0> <info> app: hr,704,20161,-2,20160
 0> <info> app: hr,705,20171,-2,20160
 0> <info> app: hr,706,20165,-2,20160
 0> <info> app: hr,707,20143,-2,20160
 0> <info> app: hr,708,20161,-2,20160
 0> <info> app: hr,709,20164,-2,20160
 0> <info> app: hr,710,20169,-2,20160
 0> <info> app: hr,711,20147,-1,20160
 0> <info> app: hr,712,20175,-1,20160
 0> <info> app: hr,713,20174,-1,20160
 0> <info> app: hr,714,20152,-1,20160
 0> <info> app: hr,715,20165,-1,20160
 0> <info> app: hr,716,20172,-1,20160
 0> <info> app: hr,717,20196,-1,20160
 0> <info> app: hr,718,20140,-1,20160
 0> <info> app: hr,719,20154,-1,20160
 0> <info> app: hr,720,20131,-1,20160
 0> <info> app: hr,721,20153,-1,20160
 0> <info> app: hr,722,20137,-1,20160
 0> <info> app: hr,723,20137,-1,20160
 0> <info> app: hr,724,20163,0,20160
 0> <info> app: hr,725,20151,-1,20159
 0> <info> app: hr,726,20147,-1,20159
 0> <info> app: hr,727,20137,-1,20159
 0> <info> app: hr,728,20128,-1,20159
 0> <info> app: hr,729,20169,-2,20158
 0> <info> app: hr,730,20153,-2,20158
 0> <info> app: hr,731,20140,-2,20158
 0> <info> app: hr,732,20176,-3,20157
 0> <info> app: hr,733,20141,-3,20157
 0> <info> app: hr,734,20149,-2,20157
 0> <info> app: hr,735,20131,-3,20156
 0> <info> app: hr,736,20144,-3,20156
 0> <info> app: hr,737,20147,-3,20156
 0> <info> app: hr,738,20173,-4,20155
 0> <info> app: hr,739,20177,-4,20155
 0> <info> app: hr,740,20141,-3,20155
 0> <info> app: hr,741,20173,-4,20154
 0> <info> app: hr,742,20126,-4,20154
 0> <info> app: hr,743,20147,-4,20154
 0> <info> app: hr,744,20150,-3,20154
 0> <info> app: hr,745,20166,-3,20154
 0> <info> app: hr,746,20134,-4,20153
 0> <info> app: hr,747,20175,-4,20153
 0> <info> app: hr,748,20145,-4,20153
 0> <info> app: hr,749,20135,-3,20153
 0> <info> app: hr,750,20152,-3,20153
 0> <info> app: hr,751,20167,-4,20152
 0> <info> app: hr,752,20165,-4,20152
 0> <info> app: hr,753,20160,-4,20152
 0> <info> app: hr,754,20168,-3,20152
 0> <info> app: hr,755,20156,-3,20152
 0> <info> app: hr,756,20157,-3,20152
 0> <info> app: hr,757,20122,-3,20152
 0> <info> app: hr,758,20139,-3,20152
 0> <info> app: hr,759,20134,-3,20152
 0> <info> app: hr,760,20154,-2,20152
 0> <info> app: hr,761,20150,-2,20152
 0> <info> app: hr,762,20158,-2,20152
 0> <info> app: hr,763,20157,-2,20152
 0> <info> app: hr,764,20172,-3,20151
 0> <info> app: hr,765,20165,-3,20151
 0> <info> app: hr,766,20146,-3,20151
 0> <info> app: hr,767,20154,-2,20151
 0> <info> app: hr,768,20136,-2,20151
 0> <info> app: hr,769,20164,-2,20151
 0> <info> app: hr,770,20148,-2,20151
 0> <info> app: hr,771,20151,-2,20151
 0> <info> app: hr,772,20166,-2,20151
 0> <info> app: hr,773,20142,-1,20152
 0> <info> app: hr,774,20126,-2,20151
 0> <info> app: hr,775,20142,-1,20151
 0> <info> app: hr,776,20145,-1,20151
 0> <info> app: hr,777,20145,-1,20151
 0> <info> app: hr,778,20140,-1,20151
 0> <info> app: hr,779,20153,-1,20151
 0> <info> app: hr,780,20146,-1,20151
 0> <info> app: hr,781,20142,-2,20150
 0> <info> app: hr,782,20151,-2,20150
 0> <info> app: hr,783,20149,-2,20150
 0> <info> app: hr,784,20146,-2,20150
 0> <info> app: hr,785,20145,-1,20150
 0> <info> app: hr,786,20172,-1,20150
 0> <info> app: hr,787,20136,-1,20150
 0> <info> app: hr,788,20145,-2,20149
 0> <info> app: hr,789,20154,-2,20149
 0> <info> app: hr,790,20151,-2,20149
 0> <info> app: hr,791,20132,-2,20149
 0> <info> app: hr,792,20146,-2,20149
 0> <info> app: hr,793,20161,-2,20149
 0> <info> app: hr,794,20146,-1,20149
 0> <info> app: hr,795,20151,-1,20149
 0> <info> app: hr,796,20133,-1,20149
 0> <info> app: hr,797,20149,-2,20148
 0> <info> app: hr,798,20137,-2,20148
 0> <info> app: hr,799,20168,-2,20148
 0> <info> app: hr,800,20134,-2,20148
 0> <info> app: hr,801,20170,-2,20148
 0> <info> app: hr,802,20135,-2,20148
 0> <info> app: hr,803,20156,-1,20148
 0> <info> app: hr,804,20157,-1,20148
 0> <info> app: hr,805,20140,-1,20148
 0> <info> app: hr,806,20155,-1,20148
 0> <info> app: hr,807,20158,-1,20148
 0> <info> app: hr,808,20146,-1,20148
 0> <info> app: hr,809,20134,-1,20148
 0> <info> app: hr,810,20151,-1,20148
 0> <info> app: hr,811,20153,-1,20148
 0> <info> app: hr,812,20161,-1,20148
 0> <info> app: hr,813,20128,-1,20148
 0> <info> app: hr,814,20141,-1,20148
 0> <info> app: hr,815,20158,-1,20148
 0> <info> app: hr,816,20145,-1,20148
 0> <info> app: hr,817,20168,0,20148
 0> <info> app: hr,818,20134,0,20148
 0> <info> app: hr,819,20155,0,20148
 0> <info> app: hr,820,20173,0,20148
 0> <info> app: hr,821,20136,0,20148
 0> <info> app: hr,822,20147,0,20148
 0> <info> app: hr,823,20150,0,20148
 0> <info> app: hr,824,20134,0,20148
 0> <info> app: hr,825,20158,0,20148
 0> <info> app: hr,826,20167,0,20148
 0> <info> app: hr,827,20141,0,20148
 0> <info> app: hr,828,20131,0,20148
 0> <info> app: hr,829,20178,0,20148
 0> <info> app: hr,830,20136,0,20148
 0> <info> app: hr,831,20155,0,20148
 0> <info> app: hr,832,20156,0,20148
 0> <info> app: hr,833,20165,0,20148
 0> <info> app: hr,834,20146,0,20149
 0> <info> app: hr,835,20174,0,20149
 0> <info> app: hr,836,20165,0,20149
 0> <info> app: hr,837,20165,0,20149
 0> <info> app: hr,838,20140,0,20149
 0> <info> app: hr,839,20137,1,20150
 0> <info> app: hr,840,20152,1,20150
 0> <info> app: hr,841,20169,1,20150
 0> <info> app: hr,842,20151,1,20150
 0> <info> app: hr,843,20166,1,20150
 0> <info> app: hr,844,20186,2,20151
 0> <info> app: hr,845,20176,2,20151
 0> <info> app: hr,846,20160,1,20151
 0> <info> app: hr,847,20169,2,20152
 0> <info> app: hr,848,20162,2,20152
 0> <info> app: hr,849,20136,2,20152
 0> <info> app: hr,850,20173,3,20153
 0> <info> app: hr,851,20158,3,20153
 0> <info> app: hr,852,20183,4,20154
 0> <info> app: hr,853,20162,3,20154
 0> <info> app: hr,854,20132,3,20154
 0> <info> app: hr,855,20148,4,20155
 0> <info> app: hr,856,20158,4,20155
 0> <info> app: hr,857,20159,4,20155
 0> <info> app: hr,858,20171,3,20155
 0> <info> app: hr,859,20135,4,20156
 0> <info> app: hr,860,20173,4,20156
 0> <info> app: hr,861,20181,4,20156
 0> <info> app: hr,862,20155,4,20156
 0> <info> app: hr,863,20166,4,20157
 0> <info> app: hr,864,20145,4,20157
 0> <info> app: hr,865,20150,4,20157
 0> <info> app: hr,866,20188,4,20157
 0> <info> app: hr,867,20167,4,20158
 0> <info> app: hr,868,20174,4,20158
 0> <info> app: hr,869,20169,4,20158
 0> <info> app: hr,870,20143,4,20158
 0> <info> app: hr,871,20143,5,20159
 0> <info> app: hr,872,20130,4,20159
 0> <info> app: hr,873,20140,4,20159
 0> <info> app: hr,874,20159,4,20159
 0> <info> app: hr,875,20163,4,20159
 0> <info> app: hr,876,20155,3,20159
 0> <info> app: hr,877,20171,3,20159
 0> <info> app: hr,878,20160,3,20159
 0> <info> app: hr,879,20160,3,20159
 0> <info> app: hr,880,20156,3,20159
 0> <info> app: hr,881,20147,2,20159
 0> <info> app: hr,882,20179,2,20159
 0> <info> app: hr,883,20183,2,20159
 0> <info> app: hr,884,20159,2,20159
 0> <info> app: hr,885,20170,2,20159
 0> <info> app: hr,886,20186,2,20159
 0> <info> app: hr,887,20145,2,20159
 0> <info> app: hr,888,20188,2,20159
 0> <info> app: hr,889,20162,2,20160
 0> <info> app: hr,890,20149,2,20160
 0> <info> app: hr,891,20177,2,20160
 0> <info> app: hr,892,20144,2,20160
 0> <info> app: hr,893,20166,2,20160
 0> <info> app: hr,894,20171,3,20161
 0> <info> app: hr,895,20148,3,20161
 0> <info> app: hr,896,20162,2,20161
 0> <info> app: hr,897,20180,2,20161
 0> <info> app: hr,898,20155,2,20161
 0> <info> app: hr,899,20182,2,20161
 0> <info> app: hr,900,20169,2,20161
 0> <info> app: hr,901,20161,3,20162
 0> <info> app: hr,902,20159,3,20162
 0> <info> app: hr,903,20162,2,20162
 0> <info> app: hr,904,20179,2,20162
 0> <info> app: hr,905,20171,2,20162
 0> <info> app: hr,906,20178,2,20162
 0> <info> app: hr,907,20172,3,20163
 0> <info> app: hr,908,20177,3,20163
 0> <info> app: hr,909,20163,3,20163
 0> <info> app: hr,910,20184,2,20163
 0> <info> app: hr,911,20152,3,20164
 0> <info> app: hr,912,20165,3,20164
 0> <info> app: hr,913,20183,3,20164
 0> <info> app: hr,914,20162,4,20165
 0> <info> app: hr,915,20156,4,20165
 0> <info> app: hr,916,20188,3,20165
 0> <info> app: hr,917,20164,3,20165
 0> <info> app: hr,918,20178,3,20165
 0> <info> app: hr,919,20156,4,20166
 0> <info> app: hr,920,20188,4,20166
 0> <info> app: hr,921,20174,3,20166
 0> <info> app: hr,922,20165,3,20166
 0> <info> app: hr,923,20177,4,20167
 0> <info> app: hr,924,20145,4,20167
 0> <info> app: hr,925,20166,4,20167
 0> <info> app: hr,926,20154,3,20167
 0> <info> app: hr,927,20191,3,20167
 0> <info> app: hr,928,20159,3,20167
 0> <info> app: hr,929,20142,3,20167
 0> <info> app: hr,930,20174,3,20167
 0> <info> app: hr,931,20154,2,20167
 0> <info> app: hr,932,20149,2,20167
 0> <info> app: hr,933,20173,2,20167
 0> <info> app: hr,934,20156,2,20167
 0> <info> app: hr,935,20162,2,20167
 0> <info> app: hr,936,20162,2,20167
 0> <info> app: hr,937,20152,2,20167
 0> <info> app: hr,938,20129,2,20167
 0> <info> app: hr,939,20163,0,20166
 0> <info> app: hr,940,20162,0,20166
 0> <info> app: hr,941,20153,0,20166
 0> <info> app: hr,942,20170,0,20165
 0> <info> app: hr,943,20166,0,20165
 0> <info> app: hr,944,20162,0,20165
 0> <info> app: hr,945,20172,0,20165
 0> <info> app: hr,946,20150,-1,20164
 0> <info> app: hr,947,20167,-1,20164
 0> <info> app: hr,948,20176,-1,20164
 0> <info> app: hr,949,20148,0,20164
 0> <info> app: hr,950,20153,0,20164
 0> <info> app: hr,951,20151,-1,20163
 0> <info> app: hr,952,20160,-1,20163
 0> <info> app: hr,953,20143,-1,20163
 0> <info> app: hr,954,20130,-1,20163
 0> <info> app: hr,955,20155,-2,20162
 0> <info> app: hr,956,20180,-2,20162
 0> <info> app: hr,957,20161,-2,20162
 0> <info> app: hr,958,20161,-3,20161
 0> <info> app: hr,959,20160,-3,20161
 0> <info> app: hr,960,20164,-2,20161
 0> <info> app: hr,961,20142,-2,20161
 0> <info> app: hr,962,20155,-3,20160
 0> <info> app: hr,963,20156,-3,20160
 0> <info> app: hr,964,20159,-3,20160
 0> <info> app: hr,965,20146,-3,20160
 0> <info> app: hr,966,20143,-3,20159
 0> <info> app: hr,967,20159,-3,20159
 0> <info> app: hr,968,20147,-3,20159
 0> <info> app: hr,969,20156,-4,20158
 0> <info> app: hr,970,20137,-4,20158
 0> <info> app: hr,971,20160,-3,20158
 0> <info> app: hr,972,20162,-4,20157
 0> <info> app: hr,973,20143,-4,20157
 0> <info> app: hr,974,20148,-4,20157
 0> <info> app: hr,975,20155,-4,20157
 0> <info> app: hr,976,20138,-4,20156
 0> <info> app: hr,977,20155,-4,20156
 0> <info> app: hr,978,20152,-4,20156
 0> <info> app: hr,979,20138,-5,20155
 0> <info> app: hr,980,20128,-4,20155
 0> <info> app: hr,981,20159,-4,20155
 0> <info> app: hr,982,20155,-5,20154
 0> <info> app: hr,983,20148,-5,20154
 0> <info> app: hr,984,20156,-5,20153
 0> <info> app: hr,985,20159,-5,20153
 0> <info> app: hr,986,20126,-5,20153
 0> <info> app: hr,987,20135,-5,20153
 0> <info> app: hr,988,20140,-5,20152
 0> <info> app: hr,989,20132,-5,20152
 0> <info> app: hr,990,20149,-6,20151
 0> <info> app: hr,991,20162,-5,20151
 0> <info> app: hr,992,20159,-5,20151
 0> <info> app: hr,993,20157,-6,20150
 0> <info> app: hr,994,20151,-6,20150
 0> <info> app: hr,995,20142,-5,20150
 0> <info> app: hr,996,20154,-5,20150
 0> <info> app: hr,997,20144,-5,20150
 0> <info> app: hr,998,20163,-5,20149
 0> <info> app: hr,999,20144,-5,20149
 0> <info> app: hr,1000,20143,-5,20149
 0> <info> app: hr,1001,20141,-5,20149
 0> <info> app: hr,1002,20164,-4,20149
 0> <info> app: hr,1003,20167,-4,20149
 0> <info> app: hr,1004,20153,-4,20149
 0> <info> app: hr,1005,20160,-4,20149
 0> <info> app: hr,1006,20168,-3,20149
 0> <info> app: hr,1007,20158,-3,20149
 0> <info> app: hr,1008,20136,-3,20149
 0> <info> app: hr,1009,20145,-3,20149
 0> <info> app: hr,1010,20153,-3,20149
 0> <info> app: hr,1011,20126,-3,20149
 0> <info> app: hr,1012,20163,-2,20149
 0> <info> app: hr,1013,20169,-2,20149
 0> <info> app: hr,1014,20168,-2,20149
 0> <info> app: hr,1015,20155,-2,20149
 0> <info> app: hr,1016,20146,-2,20149
 0> <info> app: hr,1017,20161,-1,20150
 0> <info> app: hr,1018,20144,-1,20150
 0> <info> app: hr,1019,20180,-1,20150
 0> <info> app: hr,1020,20145,-1,20150
 0> <info> app: hr,1021,20160,-1,20150
 0> <info> app: hr,1022,20130,0,20150
 0> <info> app: hr,1023,20165,0,20151
 0> <info> app: hr,1024,20152,0,20151
 0> <info> app: hr,1025,20137,0,20151
 0> <info> app: hr,1026,20140,0,20151
 0> <info> app: hr,1027,20152,0,20151
 0> <info> app: hr,1028,20156,0,20151
 0> <info> app: hr,1029,20157,0,20151
 0> <info> app: hr,1030,20133,0,20151
 0> <info> app: hr,1031,20146,0,20151
 0> <info> app: hr,1032,20167,0,20151
 0> <info> app: hr,1033,20152,0,20151
 0> <info> app: hr,1034,20143,0,20151
 0> <info> app: hr,1035,20167,0,20151
 0> <info> app: hr,1036,20153,0,20151
 0> <info> app: hr,1037,20140,0,20151
 0> <info> app: hr,1038,20170,0,20151
 0> <info> app: hr,1039,20136,0,20151
 0> <info> app: hr,1040,20152,0,20151
 0> <info> app: hr,1041,20156,0,20151
 0> <info> app: hr,1042,20156,0,20151
 0> <info> app: hr,1043,20146,0,20151
 0> <info> app: hr,1044,20140,0,20151
 0> <info> app: hr,1045,20163,0,20151
 0> <info> app: hr,1046,20154,0,20151
 0> <info> app: hr,1047,20152,0,20151
 0> <info> app: hr,1048,20169,0,20151
 0> <info> app: hr,1049,20159,0,20151
 0> <info> app: hr,1050,20157,0,20151
 0> <info> app: hr,1051,20161,1,20152
 0> <info> app: hr,1052,20183,0,20152
 0> <info> app: hr,1053,20166,0,20152
 0> <info> app: hr,1054,20144,0,20152
 0> <info> app: hr,1055,20117,0,20152
 0> <info> app: hr,1056,20143,1,20153
 0> <info> app: hr,1057,20158,1,20153
 0> <info> app: hr,1058,20140,1,20153
 0> <info> app: hr,1059,20178,1,20153
 0> <info> app: hr,1060,20135,1,20153
 0> <info> app: hr,1061,20160,1,20153
 0> <info> app: hr,1062,20137,1,20153
 0> <info> app: hr,1063,20152,1,20153
 0> <info> app: hr,1064,20145,1,20153
 0> <info> app: hr,1065,20168,1,20153
 0> <info> app: hr,1066,20173,1,20153
 0> <info> app: hr,1067,20168,1,20153
 0> <info> app: hr,1068,20149,0,20153
 0> <info> app: hr,1069,20168,0,20153
 0> <info> app: hr,1070,20147,0,20153
 0> <info> app: hr,1071,20149,0,20153
 0> <info> app: hr,1072,20170,0,20153
 0> <info> app: hr,1073,20145,0,20153
 0> <info> app: hr,1074,20177,0,20153
 0> <info> app: hr,1075,20171,1,20154
 0> <info> app: hr,1076,20155,1,20154
 0> <info> app: hr,1077,20139,1,20154
 0> <info> app: hr,1078,20141,1,20154
 0> <info> app: hr,1079,20145,1,20154
 0> <info> app: hr,1080,20164,1,20154
 0> <info> app: hr,1081,20154,1,20154
 0> <info> app: hr,1082,20158,1,20154
 0> <info> app: hr,1083,20180,1,20154
 0> <info> app: hr,1084,20130,1,20154
 0> <info> app: hr,1085,20166,2,20155
 0> <info> app: hr,1086,20160,1,20155
 0> <info> app: hr,1087,20158,1,20155
 0> <info> app: hr,1088,20145,1,20155
 0> <info> app: hr,1089,20149,1,20155
 0> <info> app: hr,1090,20156,1,20155
 0> <info> app: hr,1091,20146,1,20155
 0> <info> app: hr,1092,20168,1,20155
 0> <info> app: hr,1093,20134,1,20155
 0> <info> app: hr,1094,20157,1,20155
 0> <info> app: hr,1095,20170,1,20155
 0> <info> app: hr,1096,20172,1,20155
 0> <info> app: hr,1097,20142,1,20155
 0> <info> app: hr,1098,20153,1,20155
 0> <info> app: hr,1099,20145,0,20155
 0> <info> app: hr,1100,20172,0,20155
 0> <info> app: hr,1101,20148,0,20155
 0> <info> app: hr,1102,20160,0,20155
 0> <info> app: hr,1103,20144,0,20155
 0> <info> app: hr,1104,20170,0,20155
 0> <info> app: hr,1105,20153,0,20155
 0> <info> app: hr,1106,20148,0,20155
 0> <info> app: hr,1107,20165,0,20155
 0> <info> app: hr,1108,20170,0,20155
 0> <info> app: hr,1109,20154,0,20155
 0> <info> app: hr,1110,20189,0,20155
 0> <info> app: hr,1111,20183,0,20155
 0> <info> app: hr,1112,20142,1,20156
 0> <info> app: hr,1113,20159,1,20156
 0> <info> app: hr,1114,20122,1,20156
 0> <info> app: hr,1115,20163,1,20156
 0> <info> app: hr,1116,20147,1,20156
 0> <info> app: hr,1117,20156,1,20156
 0> <info> app: hr,1118,20139,1,20156
 0> <info> app: hr,1119,20152,1,20156
 0> <info> app: hr,1120,20157,0,20156
 0> <info> app: hr,1121,20175,0,20156
 0> <info> app: hr,1122,20174,0,20156
 0> <info> app: hr,1123,20149,0,20156
 0> <info> app: hr,1124,20137,0,20156
 0> <info> app: hr,1125,20166,0,20156
 0> <info> app: hr,1126,20169,0,20156
 0> <info> app: hr,1127,20159,0,20156
 0> <info> app: hr,1128,20149,0,20156
 0> <info> app: hr,1129,20135,0,20156
 0> <info> app: hr,1130,20170,0,20156
 0> <info> app: hr,1131,20172,0,20156
 0> <info> app: hr,1132,20143,0,20156
 0> <info> app: hr,1133,20139,0,20156
 0> <info> app: hr,1134,20165,0,20156
 0> <info> app: hr,1135,20158,0,20156
 0> <info> app: hr,1136,20158,0,20156
 0> <info> app: hr,1137,20163,0,20156
 0> <info> app: hr,1138,20166,0,20156
 0> <info> app: hr,1139,20158,0,20156
 0> <info> app: hr,1140,20147,0,20156
 0> <info> app: hr,1141,20163,0,20156
 0> <info> app: hr,1142,20156,0,20156
 0> <info> app: hr,1143,20185,0,20156
 0> <info> app: hr,1144,20147,0,20156
 0> <info> app: hr,1145,20166,0,20156
 0> <info> app: hr,1146,20153,1,20157
 0> <info> app: hr,1147,20156,1,20157
 0> <info> app: hr,1148,20155,1,20157
 0> <info> app: hr,1149,20160,1,20157
 0> <info> app: hr,1150,20175,1,20157
 0> <info> app: hr,1151,20160,0,20157
 0> <info> app: hr,1152,20172,0,20157
 0> <info> app: hr,1153,20160,0,20157
 0> <info> app: hr,1154,20182,0,20157
 0> <info> app: hr,1155,20158,1,20158
 0> <info> app: hr,1156,20181,1,20158
 0> <info> app: hr,1157,20171,1,20158
 0> <info> app: hr,1158,20165,1,20158
 0> <info> app: hr,1159,20154,2,20159
 0> <info> app: hr,1160,20176,2,20159
 0> <info> app: hr,1161,20168,2,20159
 0> <info> app: hr,1162,20157,3,20160
 0> <info> app: hr,1163,20180,2,20160
 0> <info> app: hr,1164,20164,2,20160
 0> <info> app: hr,1165,20185,3,20161
 0> <info> app: hr,1166,20171,3,20161
 0> <info> app: hr,1167,20179,3,20161
 0> <info> app: hr,1168,20151,4,20162
 0> <info> app: hr,1169,20172,3,20162
 0> <info> app: hr,1170,20137,3,20162
 0> <info> app: hr,1171,20162,4,20163
 0> <info> app: hr,1172,20166,4,20163
 0> <info> app: hr,1173,20154,4,20163
 0> <info> app: hr,1174,20159,3,20163
 0> <info> app: hr,1175,20158,3,20163
 0> <info> app: hr,1176,20167,3,20163
 0> <info> app: hr,1177,20196,3,20163
 0> <info> app: hr,1178,20174,3,20163
 0> <info> app: hr,1179,20158,4,20164
 0> <info> app: hr,1180,20164,3,20164
 0> <info> app: hr,1181,20165,3,20164
 0> <info> app: hr,1182,20170,3,20164
 0> <info> app: hr,1183,20132,3,20164
 0> <info> app: hr,1184,20164,3,20164
 0> <info> app: hr,1185,20162,2,20164
 0> <info> app: hr,1186,20161,2,20164
 0> <info> app: hr,1187,20154,2,20164
 0> <info> app: hr,1188,20176,2,20164
 0> <info> app: hr,1189,20173,2,20164
 0> <info> app: hr,1190,20170,2,20164
 0> <info> app: hr,1191,20167,2,20164
 0> <info> app: hr,1192,20147,2,20164
 0> <info> app: hr,1193,20160,1,20164
 0> <info> app: hr,1194,20150,1,20164
 0> <info> app: hr,1195,20152,1,20164
 0> <info> app: hr,1196,20172,1,20164
 0> <info> app: hr,1197,20156,1,20164
 0> <info> app: hr,1198,20163,1,20164
 0> <info> app: hr,1199,20158,1,20164
 0> <info> app: hr,1200,20177,1,20164
 0> <info> app: hr,1201,20128,1,20164
 0> <info> app: hr,1202,20180,0,20163
 0> <info> app: hr,1203,20169,0,20163
 0> <info> app: hr,1204,20135,0,20163
 0> <info> app: hr,1205,20149,0,20163
 0> <info> app: hr,1206,20167,0,20163
 0> <info> app: hr,1207,20161,0,20163
 0> <info> app: hr,1208,20165,0,20162
 0> <info> app: hr,1209,20142,0,20162
 0> <info> app: hr,1210,20177,0,20162
 0> <info> app: hr,1211,20149,0,20162
 0> <info> app: hr,1212,20168,0,20162
 0> <info> app: hr,1213,20153,-1,20161
 0> <info> app: hr,1214,20134,-1,20161
 0> <info> app: hr,1215,20163,-1,20161
 0> <info> app: hr,1216,20162,-1,20161
 0> <info> app: hr,1217,20167,-1,20161
 0> <info> app: hr,1218,20161,-2,20160
 0> <info> app: hr,1219,20144,-2,20160
 0> <info> app: hr,1220,20159,-2,20160
 0> <info> app: hr,1221,20145,-1,20160
 0> <info> app: hr,1222,20156,-1,20160
 0> <info> app: hr,1223,20146,-2,20159
 0> <info> app: hr,1224,20153,-2,20159
 0> <info> app: hr,1225,20153,-2,20159
 0> <info> app: hr,1226,20140,-2,20159
 0> <info> app: hr,1227,20179,-3,20158
 0> <info> app: hr,1228,20171,-3,20158
 0> <info> app: hr,1229,20145,-2,20158
 0> <info> app: hr,1230,20146,-2,20158
 0> <info> app: hr,1231,20145,-3,20157
 0> <info> app: hr,1232,20146,-3,20157
 0> <info> app: hr,1233,20147,-3,20157
 0> <info> app: hr,1234,20147,-3,20157
 0> <info> app: hr,1235,20120,-3,20156
 0> <info> app: hr,1236,20139,-3,20156
 0> <info> app: hr,1237,20160,-3,20156
 0> <info> app: hr,1238,20144,-4,20155
 0> <info> app: hr,1239,20159,-4,20155
 0> <info> app: hr,1240,20150,-4,20154
 0> <info> app: hr,1241,20136,-4,20154
 0> <info> app: hr,1242,20158,-4,20154
 0> <info> app: hr,1243,20160,-5,20153
 0> <info> app: hr,1244,20161,-4,20153
 0> <info> app: hr,1245,20148,-4,20153
 0> <info> app: hr,1246,20144,-4,20153
 0> <info> app: hr,1247,20142,-5,20152
 0> <info> app: hr,1248,20160,-5,20152
 0> <info> app: hr,1249,20139,-4,20152
 0> <info> app: hr,1250,20147,-4,20152
 0> <info> app: hr,1251,20169,-5,20151
 0> <info> app: hr,1252,20141,-5,20151
 0> <info> app: hr,1253,20164,-4,20151
 0> <info> app: hr,1254,20150,-4,20151
 0> <info> app: hr,1255,20142,-4,20151
 0> <info> app: hr,1256,20139,-4,20151
 0> <info> app: hr,1257,20146,-4,20150
 0> <info> app: hr,1258,20144,-4,20150
 0> <info> app: hr,1259,20162,-4,20150
 0> <info> app: hr,1260,20160,-4,20150
 0> <info> app: hr,1261,20155,-3,20150
 0> <info> app: hr,1262,20165,-3,20150
 0> <info> app: hr,1263,20164,-3,20150
 0> <info> app: hr,1264,20141,-3,20150
 0> <info> app: hr,1265,20142,-3,20150
 0> <info> app: hr,1266,20157,-3,20150
 0> <info> app: hr,1267,20159,-2,20150
 0> <info> app: hr,1268,20154,-2,20150
 0> <info> app: hr,1269,20146,-2,20150
 0> <info> app: hr,1270,20158,-2,20150
 0> <info> app: hr,1271,20154,-2,20150
 0> <info> app: hr,1272,20153,-2,20150
 0> <info> app: hr,1273,20148,-2,20150
 0> <info> app: hr,1274,20168,-2,20150
 0> <info> app: hr,1275,20148,-1,20150
 0> <info> app: hr,1276,20149,-1,20150
 0> <info> app: hr,1277,20152,-1,20150
 0> <info> app: hr,1278,20141,0,20151
 0> <info> app: hr,1279,20152,0,20151
 0> <info> app: hr,1280,20132,0,20151
 0> <info> app: hr,1281,20170,0,20151
 0> <info> app: hr,1282,20150,0,20151
 0> <info> app: hr,1283,20160,0,20151
 0> <info> app: hr,1284,20153,0,20151
 0> <info> app: hr,1285,20156,0,20151
 0> <info> app: hr,1286,20166,0,20151
 0> <info> app: hr,1287,20160,0,20151
 0> <info> app: hr,1288,20141,0,20151
 0> <info> app: hr,1289,20144,0,20151
 0> <info> app: hr,1290,20146,0,20151
 0> <info> app: hr,1291,20153,0,20151
 0> <info> app: hr,1292,20166,0,20151
 0> <info> app: hr,1293,20162,0,20151
 0> <info> app: hr,1294,20148,0,20151
 0> <info> app: hr,1295,20159,0,20152
 0> <info> app: hr,1296,20175,0,20152
 0> <info> app: hr,1297,20183,0,20152
 0> <info> app: hr,1298,20145,0,20152
 0> <info> app: hr,1299,20171,0,20152
 0> <info> app: hr,1300,20126,1,20153
 0> <info> app: hr,1301,20182,1,20153
 0> <info> app: hr,1302,20145,1,20153
 0> <info> app: hr,1303,20157,1,20153
 0> <info> app: hr,1304,20160,1,20153
 0> <info> app: hr,1305,20160,2,20154
 0> <info> app: hr,1306,20164,2,20154
 0> <info> app: hr,1307,20145,1,20154
 0> <info> app: hr,1308,20178,1,20154
 0> <info> app: hr,1309,20172,1,20154
 0> <info> app: hr,1310,20147,2,20155
 0> <info> app: hr,1311,20138,2,20155
 0> <info> app: hr,1312,20180,2,20155
 0> <info> app: hr,1313,20173,2,20155
 0> <info> app: hr,1314,20153,3,20156
 0> <info> app: hr,1315,20161,3,20156
 0> <info> app: hr,1316,20156,2,20156
 0> <info> app: hr,1317,20148,2,20156
 0> <info> app: hr,1318,20158,2,20156
 0> <info> app: hr,1319,20151,3,20157
 0> <info> app: hr,1320,20147,3,20157
 0> <info> app: hr,1321,20159,3,20157
 0> <info> app: hr,1322,20170,2,20157
 0> <info> app: hr,1323,20161,2,20157
 0> <info> app: hr,1324,20166,2,20157
 0> <info> app: hr,1325,20153,2,20157
 0> <info> app: hr,1326,20129,2,20157
 0> <info> app: hr,1327,20169,2,20157
 0> <info> app: hr,1328,20156,2,20157
 0> <info> app: hr,1329,20176,2,20157
 0> <info> app: hr,1330,20162,1,20157
 0> <info> app: hr,1331,20174,2,20158
 0> <info> app: hr,1332,20152,2,20158
 0> <info> app: hr,1333,20160,2,20158
 0> <info> app: hr,1334,20162,2,20158
 0> <info> app: hr,1335,20152,2,20158
 0> <info> app: hr,1336,20149,2,20158
 0> <info> app: hr,1337,20143,2,20158
 0> <info> app: hr,1338,20154,2,20158
 0> <info> app: hr,1339,20161,1,20158
 0> <info> app: hr,1340,20174,1,20158
 0> <info> app: hr,1341,20191,1,20158
 0> <info> app: hr,1342,20159,1,20158
 0> <info> app: hr,1343,20148,1,20158
 0> <info> app: hr,1344,20147,1,20158
 0> <info> app: hr,1345,20160,1,20158
 0> <info> app: hr,1346,20146,2,20159
 0> <info> app: hr,1347,20182,2,20159
 0> <info> app: hr,1348,20170,2,20159
 0> <info> app: hr,1349,20172,2,20159
 0> <info> app: hr,1350,20163,1,20159
 0> <info> app: hr,1351,20181,1,20159
 0> <info> app: hr,1352,20160,1,20159
 0> <info> app: hr,1353,20165,1,20159
 0> <info> app: hr,1354,20155,2,20160
 0> <info> app: hr,1355,20167,2,20160
 0> <info> app: hr,1356,20143,2,20160
 0> <info> app: hr,1357,20157,2,20160
 0> <info> app: hr,1358,20139,2,20160
 0> <info> app: hr,1359,20173,1,20160
 0> <info> app: hr,1360,20140,1,20160
 0> <info> app: hr,1361,20180,1,20160
 0> <info> app: hr,1362,20184,1,20160
 0> <info> app: hr,1363,20177,1,20160
 0> <info> app: hr,1364,20151,1,20160
 0> <info> app: hr,1365,20174,2,20161
 0> <info> app: hr,1366,20164,2,20161
 0> <info> app: hr,1367,20152,2,20161
 0> <info> app: hr,1368,20155,2,20161
 0> <info> app: hr,1369,20152,1,20161
 0> <info> app: hr,1370,20140,1,20161
 0> <info> app: hr,1371,20146,1,20161
 0> <info> app: hr,1372,20166,1,20161
 0> <info> app: hr,1373,20151,1,20161
 0> <info> app: hr,1374,20170,1,20161
 0> <info> app: hr,1375,20164,1,20161
 0> <info> app: hr,1376,20186,1,20161
 0> <info> app: hr,1377,20175,1,20161
 0> <info> app: hr,1378,20158,1,20161
 0> <info> app: hr,1379,20151,1,20161
 0> <info> app: hr,1380,20150,1,20161
 0> <info> app: hr,1381,20193,1,20161
 0> <info> app: hr,1382,20152,1,20161
 0> <info> app: hr,1383,20151,0,20161
 0> <info> app: hr,1384,20159,0,20161
 0> <info> app: hr,1385,20170,0,20161
 0> <info> app: hr,1386,20154,0,20161
 0> <info> app: hr,1387,20184,0,20161
 0> <info> app: hr,1388,20160,0,20161
 0> <info> app: hr,1389,20136,0,20161
 0> <info> app: hr,1390,20162,0,20161
 0> <info> app: hr,1391,20156,0,20161
 0> <info> app: hr,1392,20183,0,20161
 0> <info> app: hr,1393,20157,0,20161
 0> <info> app: hr,1394,20179,0,20161
 0> <info> app: hr,1395,20149,0,20161
 0> <info> app: hr,1396,20172,0,20161
 0> <info> app: hr,1397,20173,0,20161
 0> <info> app: hr,1398,20171,0,20161
 0> <info> app: hr,1399,20150,1,20162
 0> <info> app: hr,1400,20174,1,20162
 0> <info> app: hr,1401,20188,1,20162
 0> <info> app: hr,1402,20153,1,20162
 0> <info> app: hr,1403,20158,1,20162
 0> <info> app: hr,1404,20136,1,20162
 0> <info> app: hr,1405,20169,1,20162
 0> <info> app: hr,1406,20147,0,20162
 0> <info> app: hr,1407,20163,0,20162
 0> <info> app: hr,1408,20173,0,20162
 0> <info> app: hr,1409,20172,0,20162
 0> <info> app: hr,1410,20149,0,20162
 0> <info> app: hr,1411,20165,0,20162
 0> <info> app: hr,1412,20143,0,20162
 0> <info> app: hr,1413,20129,0,20162
 0> <info> app: hr,1414,20163,0,20162
 0> <info> app: hr,1415,20155,0,20162
 0> <info> app: hr,1416,20193,0,20162
 0> <info> app: hr,1417,20164,0,20162
 0> <info> app: hr,1418,20179,0,20161
 0> <info> app: hr,1419,20147,0,20161
 0> <info> app: hr,1420,20169,0,20161
 0> <info> app: hr,1421,20159,0,20161
 0> <info> app: hr,1422,20185,0,20161
 0> <info> app: hr,1423,20186,0,20162
 0> <info> app: hr,1424,20160,0,20162
 0> <info> app: hr,1425,20161,0,20162
 0> <info> app: hr,1426,20142,0,20162
 0> <info> app: hr,1427,20158,0,20162
 0> <info> app: hr,1428,20159,0,20162
 0> <info> app: hr,1429,20170,0,20162
 0> <info> app: hr,1430,20151,0,20162
 0> <info> app: hr,1431,20164,0,20162
 0> <info> app: hr,1432,20157,0,20162
 0> <info> app: hr,1433,20167,0,20162
 0> <info> app: hr,1434,20161,0,20162
 0> <info> app: hr,1435,20174,0,20162
 0> <info> app: hr,1436,20156,0,20162
 0> <info> app: hr,1437,20152,0,20162
 0> <info> app: hr,1438,20151,0,20162
 0> <info> app: hr,1439,20164,0,20162
 0> <info> app: hr,1440,20178,0,20162
 0> <info> app: hr,1441,20151,0,20162
 0> <info> app: hr,1442,20165,0,20162
 0> <info> app: hr,1443,20164,0,20162
 0> <info> app: hr,1444,20160,0,20162
 0> <info> app: hr,1445,20169,0,20162
 0> <info> app: hr,1446,20166,0,20162
 0> <info> app: hr,1447,20160,0,20162
 0> <info> app: hr,1448,20164,0,20162
 0> <info> app: hr,1449,20156,0,20162
 0> <info> app: hr,1450,20135,0,20162
 0> <info> app: hr,1451,20162,0,20162
 0> <info> app: hr,1452,20151,0,20161
 0> <info> app: hr,1453,20167,0,20161
 0> <info> app: hr,1454,20143,0,20161
 0> <info> app: hr,1455,20161,0,20161
 0> <info> app: hr,1456,20164,0,20161
 0> <info> app: hr,1457,20149,0,20161
 0> <info> app: hr,1458,20161,0,20161
 0> <info> app: hr,1459,20173,-1,20160
 0> <info> app: hr,1460,20153,-1,20160
 0> <info> app: hr,1461,20153,-1,20160
 0> <info> app: hr,1462,20158,-1,20160
 0> <info> app: hr,1463,20148,-1,20160
 0> <info> app: hr,1464,20124,-1,20160
 0> <info> app: hr,1465,20144,-2,20159
 0> <info> app: hr,1466,20138,-2,20159
 0> <info> app: hr,1467,20166,-1,20159
 0> <info> app: hr,1468,20154,-2,20158
 0> <info> app: hr,1469,20161,-2,20158
 0> <info> app: hr,1470,20143,-2,20158
 0> <info> app: hr,1471,20165,-2,20158
 0> <info> app: hr,1472,20163,-3,20157
 0> <info> app: hr,1473,20156,-3,20157
 0> <info> app: hr,1474,20140,-3,20157
 0> <info> app: hr,1475,20140,-2,20157
 0> <info> app: hr,1476,20155,-3,20156
 0> <info> app: hr,1477,20171,-3,20156
 0> <info> app: hr,1478,20169,-3,20156
 0> <info> app: hr,1479,20159,-3,20156
 0> <info> app: hr,1480,20176,-3,20156
 0> <info> app: hr,1481,20144,-2,20156
 0> <info> app: hr,1482,20156,-3,20155
 0> <info> app: hr,1483,20183,-3,20155
 0> <info> app: hr,1484,20137,-3,20155
 0> <info> app: hr,1485,20149,-3,20155
 0> <info> app: hr,1486,20141,-3,20155
 0> <info> app: hr,1487,20167,-2,20155
 0> <info> app: hr,1488,20127,-2,20155
 0> <info> app: hr,1489,20152,-2,20155
 0> <info> app: hr,1490,20150,-2,20155
 0> <info> app: hr,1491,20170,-2,20155
 0> <info> app: hr,1492,20135,-2,20155
 0> <info> app: hr,1493,20134,-3,20154
 0> <info> app: hr,1494,20194,-2,20154
 0> <info> app: hr,1495,20147,-2,20154
 0> <info> app: hr,1496,20152,-2,20154
 0> <info> app: hr,1497,20168,-2,20154
 0> <info> app: hr,1498,20162,-2,20154
 0> <info> app: hr,1499,20162,-2,20154
 0> <info> app: hr,1500,20156,-2,20154
 0> <info> app: hr,1501,20151,-2,20154
 0> <info> app: hr,1502,20164,-1,20154
 0> <info> app: hr,1503,20161,-1,20154
 0> <info> app: hr,1504,20163,-1,20154
 0> <info> app: hr,1505,20150,-1,20154
 0> <info> app: hr,1506,20135,-1,20154
 0> <info> app: hr,1507,20147,-1,20154
 0> <info> app: hr,1508,20155,-1,20154
 0> <info> app: hr,1509,20152,-1,20154
 0> <info> app: hr,1510,20144,-1,20154
 0> <info> app: hr,1511,20145,-1,20154
 0> <info> app: hr,1512,20145,-1,20154
 0> <info> app: hr,1513,20155,-1,20154
 0> <info> app: hr,1514,20146,-1,20154
 0> <info> app: hr,1515,20150,-1,20154
 0> <info> app: hr,1516,20149,-1,20153
 0> <info> app: hr,1517,20140,-1,20153
 0> <info> app: hr,1518,20154,-1,20153
 0> <info> app: hr,1519,20118,-1,20153
 0> <info> app: hr,1520,20156,-1,20153
 0> <info> app: hr,1521,20144,-2,20152
 0> <info> app: hr,1522,20138,-2,20152
 0> <info> app: hr,1523,20139,-2,20152
 0> <info> app: hr,1524,20141,-2,20152
 0> <info> app: hr,1525,20129,-3,20151
 0> <info> app: hr,1526,20161,-2,20151
 0> <info> app: hr,1527,20138,-3,20150
 0> <info> app: hr,1528,20153,-3,20150
 0> <info> app: hr,1529,20158,-3,20150
 0> <info> app: hr,1530,20144,-3,20150
 0> <info> app: hr,1531,20154,-4,20149
 0> <info> app: hr,1532,20146,-3,20149
 0> <info> app: hr,1533,20136,-3,20149
 0> <info> app: hr,1534,20145,-3,20149
 0> <info> app: hr,1535,20161,-4,20148
 0> <info> app: hr,1536,20136,-4,20148
 0> <info> app: hr,1537,20124,-3,20148
 0> <info> app: hr,1538,20140,-3,20148
 0> <info> app: hr,1539,20143,-4,20147
 0> <info> app: hr,1540,20133,-4,20147
 0> <info> app: hr,1541,20130,-4,20147
 0> <info> app: hr,1542,20153,-4,20146
 0> <info> app: hr,1543,20139,-4,20146
 0> <info> app: hr,1544,20158,-4,20146
 0> <info> app: hr,1545,20146,-4,20146
 0> <info> app: hr,1546,20151,-4,20145
 0> <info> app: hr,1547,20145,-4,20145
 0> <info> app: hr,1548,20138,-4,20145
 0> <info> app: hr,1549,20137,-4,20145
 0> <info> app: hr,1550,20147,-4,20145
 0> <info> app: hr,1551,20126,-3,20145
 0> <info> app: hr,1552,20132,-4,20144
 0> <info> app: hr,1553,20148,-4,20144
 0> <info> app: hr,1554,20146,-4,20144
 0> <info> app: hr,1555,20176,-3,20144
 0> <info> app: hr,1556,20155,-3,20144
 0> <info> app: hr,1557,20159,-3,20144
 0> <info> app: hr,1558,20157,-3,20144
 0> <info> app: hr,1559,20129,-3,20144
 0> <info> app: hr,1560,20141,-3,20144
 0> <info> app: hr,1561,20121,-2,20144
 0> <info> app: hr,1562,20156,-2,20144
 0> <info> app: hr,1563,20132,-2,20144
 0> <info> app: hr,1564,20165,-2,20144
 0> <info> app: hr,1565,20160,-2,20144
 0> <info> app: hr,1566,20163,-2,20144
 0> <info> app: hr,1567,20150,-2,20144
 0> <info> app: hr,1568,20167,-2,20144
 0> <info> app: hr,1569,20157,-1,20144
 0> <info> app: hr,1570,20166,-1,20144
 0> <info> app: hr,1571,20147,0,20145
 0> <info> app: hr,1572,20132,0,20145
 0> <info> app: hr,1573,20161,0,20145
 0> <info> app: hr,1574,20124,0,20145
 0> <info> app: hr,1575,20142,0,20146
 0> <info> app: hr,1576,20148,0,20146
 0> <info> app: hr,1577,20172,0,20146
 0> <info> app: hr,1578,20154,0,20146
 0> <info> app: hr,1579,20146,0,20146
 0> <info> app: hr,1580,20163,0,20146
 0> <info> app: hr,1581,20179,1,20147
 0> <info> app: hr,1582,20178,1,20147
 0> <info> app: hr,1583,20140,1,20147
 0> <info> app: hr,1584,20150,2,20148
 0> <info> app: hr,1585,20144,1,20148
 0> <info> app: hr,1586,20131,1,20148
 0> <info> app: hr,1587,20151,2,20149
 0> <info> app: hr,1588,20144,2,20149
 0> <info> app: hr,1589,20143,2,20149
 0> <info> app: hr,1590,20151,2,20149
 0> <info> app: hr,1591,20164,2,20149
 0> <info> app: hr,1592,20130,2,20149
 0> <info> app: hr,1593,20134,2,20149
 0> <info> app: hr,1594,20169,1,20149
 0> <info> app: hr,1595,20125,1,20149
 0> <info> app: hr,1596,20152,1,20149
 0> <info> app: hr,1597,20152,1,20149
 0> <info> app: hr,1598,20162,1,20149
 0> <info> app: hr,1599,20165,1,20149
 0> <info> app: hr,1600,20164,2,20150
 0> <info> app: hr,1601,20163,2,20150
 0> <info> app: hr,1602,20118,2,20150
 0> <info> app: hr,1603,20141,2,20150
 0> <info> app: hr,1604,20193,1,20150
 0> <info> app: hr,1605,20144,1,20150
 0> <info> app: hr,1606,20169,1,20150
 0> <info> app: hr,1607,20155,1,20150
 0> <info> app: hr,1608,20149,2,20151
 0> <info> app: hr,1609,20147,2,20151
 0> <info> app: hr,1610,20131,2,20151
 0> <info> app: hr,1611,20179,2,20151
 0> <info> app: hr,1612,20155,2,20151
 0> <info> app: hr,1613,20141,2,20151
 0> <info> app: hr,1614,20121,1,20151
 0> <info> app: hr,1615,20141,1,20151
 0> <info> app: hr,1616,20142,1,20151
 0> <info> app: hr,1617,20139,1,20151
 0> <info> app: hr,1618,20154,1,20151
 0> <info> app: hr,1619,20147,1,20151
 0> <info> app: hr,1620,20165,1,20151
 0> <info> app: hr,1621,20180,1,20151
 0> <info> app: hr,1622,20159,1,20151
 0> <info> app: hr,1623,20148,1,20151
 0> <info> app: hr,1624,20166,1,20151
 0> <info> app: hr,1625,20163,1,20151
 0> <info> app: hr,1626,20155,1,20151
 0> <info> app: hr,1627,20146,0,20151
 0> <info> app: hr,1628,20152,0,20151
 0> <info> app: hr,1629,20164,0,20151
 0> <info> app: hr,1630,20174,1,20152
 0> <info> app: hr,1631,20161,1,20152
 0> <info> app: hr,1632,20164,1,20152
 0> <info> app: hr,1633,20154,1,20152
 0> <info> app: hr,1634,20145,1,20152
 0> <info> app: hr,1635,20175,2,20153
 0> <info> app: hr,1636,20188,2,20153
 0> <info> app: hr,1637,20161,2,20153
 0> <info> app: hr,1638,20162,3,20154
 0> <info> app: hr,1639,20159,2,20154
 0> <info> app: hr,1640,20150,2,20154
 0> <info> app: hr,1641,20142,3,20155
 0> <info> app: hr,1642,20156,3,20155
 0> <info> app: hr,1643,20161,3,20155
 0> <info> app: hr,1644,20155,3,20155
 0> <info> app: hr,1645,20159,2,20155
 0> <info> app: hr,1646,20168,3,20156
 0> <info> app: hr,1647,20162,3,20156
 0> <info> app: hr,1648,20163,3,20156
 0> <info> app: hr,1649,20154,3,20156
 0> <info> app: hr,1650,20176,3,20156
 0> <info> app: hr,1651,20158,3,20157
 0> <info> app: hr,1652,20176,3,20157
 0> <info> app: hr,1653,20167,3,20157
 0> <info> app: hr,1654,20165,4,20158
 0> <info> app: hr,1655,20161,4,20158
 0> <info> app: hr,1656,20138,3,20158
 0> <info> app: hr,1657,20162,3,20158
 0> <info> app: hr,1658,20173,3,20158
 0> <info> app: hr,1659,20177,4,20159
 0> <info> app: hr,1660,20152,4,20159
 0> <info> app: hr,1661,20164,3,20159
 0> <info> app: hr,1662,20157,3,20159
 0> <info> app: hr,1663,20179,4,20160
 0> <info> app: hr,1664,20166,4,20160
 0> <info> app: hr,1665,20188,4,20160
 0> <info> app: hr,1666,20156,3,20160
 0> <info> app: hr,1667,20133,4,20161
 0> <info> app: hr,1668,20168,4,20161
 0> <info> app: hr,1669,20160,4,20161
 0> <info> app: hr,1670,20189,4,20161
 0> <info> app: hr,1671,20152,3,20161
 0> <info> app: hr,1672,20170,3,20161
 0> <info> app: hr,1673,20177,4,20162
 0> <info> app: hr,1674,20172,4,20162
 0> <info> app: hr,1675,20165,4,20162
 0> <info> app: hr,1676,20158,3,20162
 0> <info> app: hr,1677,20160,4,20163
 0> <info> app: hr,1678,20164,4,20163
 0> <info> app: hr,1679,20156,4,20163
 0> <info> app: hr,1680,20156,3,20163
 0> <info> app: hr,1681,20137,3,20163
 0> <info> app: hr,1682,20155,3,20163
 0> <info> app: hr,1683,20147,3,20163
 0> <info> app: hr,1684,20170,3,20163
 0> <info> app: hr,1685,20146,3,20163
 0> <info> app: hr,1686,20159,2,20163
 0> <info> app: hr,1687,20165,2,20163
 0> <info> app: hr,1688,20138,1,20162
 0> <info> app: hr,1689,20172,1,20162
 0> <info> app: hr,1690,20162,1,20162
 0> <info> app: hr,1691,20152,1,20162
 0> <info> app: hr,1692,20151,1,20162
 0> <info> app: hr,1693,20146,1,20162
 0> <info> app: hr,1694,20151,0,20161
 0> <info> app: hr,1695,20147,0,20161
 0> <info> app: hr,1696,20149,0,20161
 0> <info> app: hr,1697,20166,0,20160
 0> <info> app: hr,1698,20143,0,20160
 0> <info> app: hr,1699,20138,0,20160
 0> <info> app: hr,1700,20168,-1,20159
 0> <info> app: hr,1701,20153,-1,20159
 0> <info> app: hr,1702,20163,-1,20159
 0> <info> app: hr,1703,20155,-1,20159
 0> <info> app: hr,1704,20163,-2,20158
 0> <info> app: hr,1705,20152,-2,20158
 0> <info> app: hr,1706,20155,-2,20158
 0> <info> app: hr,1707,20160,-2,20158
 0> <info> app: hr,1708,20183,-2,20157
 0> <info> app: hr,1709,20152,-2,20157
 0> <info> app: hr,1710,20129,-2,20157
 0> <info> app: hr,1711,20142,-2,20157
 0> <info> app: hr,1712,20151,-2,20157
 0> <info> app: hr,1713,20158,-2,20157
 0> <info> app: hr,1714,20149,-3,20156
 0> <info> app: hr,1715,20134,-3,20156
 0> <info> app: hr,1716,20120,-2,20156
 0> <info> app: hr,1717,20134,-3,20155
 0> <info> app: hr,1718,20139,-3,20155
 0> <info> app: hr,1719,20150,-4,20154
 0> <info> app: hr,1720,20157,-4,20154
 0> <info> app: hr,1721,20145,-3,20154
 0> <info> app: hr,1722,20149,-4,20153
 0> <info> app: hr,1723,20149,-4,20153
 0> <info> app: hr,1724,20131,-5,20152
 0> <info> app: hr,1725,20145,-5,20152
 0> <info> app: hr,1726,20146,-4,20152
 0> <info> app: hr,1727,20147,-5,20151
 0> <info> app: hr,1728,20148,-5,20151
 0> <info> app: hr,1729,20138,-5,20150
 0> <info> app: hr,1730,20138,-5,20150
 0> <info> app: hr,1731,20151,-5,20150
 0> <info> app: hr,1732,20156,-6,20149
 0> <info> app: hr,1733,20159,-5,20149
 0> <info> app: hr,1734,20145,-5,20149
 0> <info> app: hr,1735,20142,-6,20148
 0> <info> app: hr,1736,20145,-5,20148
 0> <info> app: hr,1737,20149,-5,20148
 0> <info> app: hr,1738,20139,-5,20148
 0> <info> app: hr,1739,20154,-5,20148
 0> <info> app: hr,1740,20156,-5,20147
 0> <info> app: hr,1741,20140,-5,20147
 0> <info> app: hr,1742,20139,-5,20147
 0> <info> app: hr,1743,20152,-5,20147
 0> <info> app: hr,1744,20157,-4,20147
 0> <info> app: hr,1745,20127,-4,20147
 0> <info> app: hr,1746,20144,-5,20146
 0> <info> app: hr,1747,20145,-5,20146
 0> <info> app: hr,1748,20165,-4,20146
 0> <info> app: hr,1749,20141,-4,20146
 0> <info> app: hr,1750,20168,-4,20146
 0> <info> app: hr,1751,20134,-4,20146
 0> <info> app: hr,1752,20124,-3,20146
 0> <info> app: hr,1753,20139,-3,20146
 0> <info> app: hr,1754,20134,-3,20146
 0> <info> app: hr,1755,20139,-4,20145
 0> <info> app: hr,1756,20163,-4,20145
 0> <info> app: hr,1757,20150,-3,20145
 0> <info> app: hr,1758,20142,-3,20145
 0> <info> app: hr,1759,20128,-3,20145
 0> <info> app: hr,1760,20159,-3,20145
 0> <info> app: hr,1761,20144,-3,20145
 0> <info> app: hr,1762,20143,-3,20145
 0> <info> app: hr,1763,20165,-2,20145
 0> <info> app: hr,1764,20165,-2,20145
 0> <info> app: hr,1765,20166,-2,20145
 0> <info> app: hr,1766,20149,-2,20145
 0> <info> app: hr,1767,20141,-2,20145
 0> <info> app: hr,1768,20130,-2,20145
 0> <info> app: hr,1769,20150,-2,20145
 0> <info> app: hr,1770,20145,-2,20145
 0> <info> app: hr,1771,20161,-1,20145
 0> <info> app: hr,1772,20146,-1,20145
 0> <info> app: hr,1773,20136,-1,20145
 0> <info> app: hr,1774,20149,0,20146
 0> <info> app: hr,1775,20147,0,20146
 0> <info> app: hr,1776,20163,0,20146
 0> <info> app: hr,1777,20154,0,20146
 0> <info> app: hr,1778,20143,0,20146
 0> <info> app: hr,1779,20167,0,20146
 0> <info> app: hr,1780,20143,0,20146
 0> <info> app: hr,1781,20148,0,20146
 0> <info> app: hr,1782,20124,0,20146
 0> <info> app: hr,1783,20128,0,20147
 0> <info> app: hr,1784,20145,0,20146
 0> <info> app: hr,1785,20157,0,20146
 0> <info> app: hr,1786,20153,0,20146
 0> <info> app: hr,1787,20143,0,20146
 0> <info> app: hr,1788,20147,0,20146
 0> <info> app: hr,1789,20139,0,20146
 0> <info> app: hr,1790,20152,0,20146
 0> <info> app: hr,1791,20142,0,20146
 0> <info> app: hr,1792,20146,0,20146
 0> <info> app: hr,1793,20154,0,20146
 0> <info> app: hr,1794,20135,0,20146
 0> <info> app: hr,1795,20142,0,20146
 0> <info> app: hr,1796,20145,0,20146
 0> <info> app: hr,1797,20150,0,20146
 0> <info> app: hr,1798,20154,0,20146
 0> <info> app: hr,1799,20133,0,20146
 0> <info> app: hr,1800,20142,0,20146
 0> <info> app: hr,1801,20141,0,20146
 0> <info> app: hr,1802,20142,0,20146
 0> <info> app: hr,1803,20164,0,20146
 0> <info> app: hr,1804,20124,0,20146
 0> <info> app: hr,1805,20120,0,20146
 0> <info> app: hr,1806,20131,0,20146
 0> <info> app: hr,1807,20170,-1,20145
 0> <info> app: hr,1808,20157,-1,20145
 0> <info> app: hr,1809,20131,-1,20145
 0> <info> app: hr,1810,20134,0,20145
 0> <info> app: hr,1811,20158,0,20145
 0> <info> app: hr,1812,20135,0,20145
 0> <info> app: hr,1813,20155,0,20145
 0> <info> app: hr,1814,20147,0,20145
 0> <info> app: hr,1815,20158,0,20145
 0> <info> app: hr,1816,20132,0,20145
 0> <info> app: hr,1817,20162,-1,20144
 0> <info> app: hr,1818,20136,-1,20144
 0> <info> app: hr,1819,20142,-1,20144
 0> <info> app: hr,1820,20166,-1,20144
 0> <info> app: hr,1821,20137,-1,20144
 0> <info> app: hr,1822,20140,-1,20144
 0> <info> app: hr,1823,20128,-1,20144
 0> <info> app: hr,1824,20129,-1,20144
 0> <info> app: hr,1825,20146,-1,20144
 0> <info> app: hr,1826,20147,-1,20144
 0> <info> app: hr,1827,20161,-1,20144
 0> <info> app: hr,1828,20151,0,20144
 0> <info> app: hr,1829,20141,0,20144
 0> <info> app: hr,1830,20140,0,20144
 0> <info> app: hr,1831,20165,0,20144
 0> <info> app: hr,1832,20142,0,20144
 0> <info> app: hr,1833,20156,0,20144
 0> <info> app: hr,1834,20147,0,20144
 0> <info> app: hr,1835,20157,0,20144
 0> <info> app: hr,1836,20151,0,20144
 0> <info> app: hr,1837,20138,0,20145
 0> <info> app: hr,1838,20144,0,20145
 0> <info> app: hr,1839,20154,0,20145
 0> <info> app: hr,1840,20148,0,20145
 0> <info> app: hr,1841,20152,0,20145
 0> <info> app: hr,1842,20165,0,20145
 0> <info> app: hr,1843,20154,0,20145
 0> <info> app: hr,1844,20175,0,20145
 0> <info> app: hr,1845,20148,1,20146
 0> <info> app: hr,1846,20149,1,20146
 0> <info> app: hr,1847,20169,1,20146
 0> <info> app: hr,1848,20141,2,20147
 0> <info> app: hr,1849,20158,1,20147
 0> <info> app: hr,1850,20170,1,20147
 0> <info> app: hr,1851,20154,2,20148
 0> <info> app: hr,1852,20139,2,20148
 0> <info> app: hr,1853,20146,2,20148
 0> <info> app: hr,1854,20144,2,20148
 0> <info> app: hr,1855,20176,3,20149
 0> <info> app: hr,1856,20135,3,20149
 0> <info> app: hr,1857,20147,2,20149
 0> <info> app: hr,1858,20125,2,20149
 0> <info> app: hr,1859,20165,2,20149
 0> <info> app: hr,1860,20150,2,20149
 0> <info> app: hr,1861,20149,3,20150
 0> <info> app: hr,1862,20154,3,20150
 0> <info> app: hr,1863,20162,3,20150
 0> <info> app: hr,1864,20153,2,20150
 0> <info> app: hr,1865,20145,2,20150
 0> <info> app: hr,1866,20147,2,20150
 0> <info> app: hr,1867,20134,2,20150
 0> <info> app: hr,1868,20155,2,20150
 0> <info> app: hr,1869,20158,2,20150
 0> <info> app: hr,1870,20164,2,20150
 0> <info> app: hr,1871,20154,2,20150
 0> <info> app: hr,1872,20161,2,20151
 0> <info> app: hr,1873,20131,2,20151
 0> <info> app: hr,1874,20151,2,20151
 0> <info> app: hr,1875,20150,2,20151
 0> <info> app: hr,1876,20162,2,20151
 0> <info> app: hr,1877,20175,2,20151
 0> <info> app: hr,1878,20141,2,20151
 0> <info> app: hr,1879,20174,2,20151
 0> <info> app: hr,1880,20133,1,20151
 0> <info> app: hr,1881,20150,1,20151
 0> <info> app: hr,1882,20146,1,20151
 0> <info> app: hr,1883,20174,2,20152
 0> <info> app: hr,1884,20175,2,20152
 0> <info> app: hr,1885,20157,2,20152
 0> <info> app: hr,1886,20157,2,20152
 0> <info> app: hr,1887,20170,2,20152
 0> <info> app: hr,1888,20143,2,20152
 0> <info> app: hr,1889,20139,2,20153
 0> <info> app: hr,1890,20192,2,20153
 0> <info> app: hr,1891,20153,2,20153
 0> <info> app: hr,1892,20159,2,20153
 0> <info> app: hr,1893,20156,3,20154
 0> <info> app: hr,1894,20175,3,20154
 0> <info> app: hr,1895,20161,3,20154
 0> <info> app: hr,1896,20152,2,20154
 0> <info> app: hr,1897,20159,3,20155
 0> <info> app: hr,1898,20162,3,20155
 0> <info> app: hr,1899,20172,3,20155
 0> <info> app: hr,1900,20154,3,20155
 0> <info> app: hr,1901,20166,4,20156
 0> <info> app: hr,1902,20145,3,20156
 0> <info> app: hr,1903,20169,3,20156
 0> <info> app: hr,1904,20155,3,20156
 0> <info> app: hr,1905,20155,3,20156
 0> <info> app: hr,1906,20152,4,20157
 0> <info> app: hr,1907,20155,3,20157
 0> <info> app: hr,1908,20160,3,20157
 0> <info> app: hr,1909,20153,3,20157
 0> <info> app: hr,1910,20128,3,20157
 0> <info> app: hr,1911,20147,3,20157
 0> <info> app: hr,1912,20151,3,20157
 0> <info> app: hr,1913,20176,2,20157
 0> <info> app: hr,1914,20169,2,20157
 0> <info> app: hr,1915,20175,2,20157
 0> <info> app: hr,1916,20166,2,20157
 0> <info> app: hr,1917,20181,2,20157
 0> <info> app: hr,1918,20180,2,20157
 0> <info> app: hr,1919,20148,3,20158
 0> <info> app: hr,1920,20185,2,20158
 0> <info> app: hr,1921,20166,2,20158
 0> <info> app: hr,1922,20164,3,20159
 0> <info> app: hr,1923,20148,3,20159
 0> <info> app: hr,1924,20143,3,20159
 0> <info> app: hr,1925,20168,3,20159
 0> <info> app: hr,1926,20156,3,20159
 0> <info> app: hr,1927,20156,2,20159
 0> <info> app: hr,1928,20176,3,20160
 0> <info> app: hr,1929,20165,3,20160
 0> <info> app: hr,1930,20156,3,20160
 0> <info> app: hr,1931,20167,3,20160
 0> <info> app: hr,1932,20178,3,20160
 0> <info> app: hr,1933,20164,2,20160
 0> <info> app: hr,1934,20178,3,20161
 0> <info> app: hr,1935,20146,3,20161
 0> <info> app: hr,1936,20164,3,20161
 0> <info> app: hr,1937,20158,3,20161
 0> <info> app: hr,1938,20156,3,20161
 0> <info> app: hr,1939,20147,2,20161
 0> <info> app: hr,1940,20175,2,20161
 0> <info> app: hr,1941,20161,2,20161
 0> <info> app: hr,1942,20149,2,20161
 0> <info> app: hr,1943,20160,3,20162
 0> <info> app: hr,1944,20165,3,20162
 0> <info> app: hr,1945,20161,3,20162
 0> <info> app: hr,1946,20135,2,20162
 0> <info> app: hr,1947,20154,1,20161
 0> <info> app: hr,1948,20156,1,20161
 0> <info> app: hr,1949,20153,1,20161
 0> <info> app: hr,1950,20140,1,20161
 0> <info> app: hr,1951,20152,1,20161
 0> <info> app: hr,1952,20166,1,20161
 0> <info> app: hr,1953,20148,0,20160
 0> <info> app: hr,1954,20144,0,20160
 0> <info> app: hr,1955,20152,0,20160
 0> <info> app: hr,1956,20160,0,20160
 0> <info> app: hr,1957,20163,0,20159
 0> <info> app: hr,1958,20160,0,20159
 0> <info> app: hr,1959,20113,0,20159
 0> <info> app: hr,1960,20147,0,20159
 0> <info> app: hr,1961,20168,-1,20158
 0> <info> app: hr,1962,20172,-1,20158
 0> <info> app: hr,1963,20150,-1,20158
 0> <info> app: hr,1964,20154,-2,20157
 0> <info> app: hr,1965,20154,-2,20157
 0> <info> app: hr,1966,20124,-2,20157
 0> <info> app: hr,1967,20168,-2,20157
 0> <info> app: hr,1968,20161,-2,20156
 0> <info> app: hr,1969,20120,-2,20156
 0> <info> app: hr,1970,20138,-2,20156
 0> <info> app: hr,1971,20156,-3,20155
 0> <info> app: hr,1972,20168,-3,20155
 0> <info> app: hr,1973,20167,-3,20155
 0> <info> app: hr,1974,20153,-3,20155
 0> <info> app: hr,1975,20152,-3,20154
 0> <info> app: hr,1976,20149,-3,20154
 0> <info> app: hr,1977,20156,-3,20154
 0> <info> app: hr,1978,20156,-3,20154
 0> <info> app: hr,1979,20149,-3,20154
 0> <info> app: hr,1980,20138,-4,20153
 0> <info> app: hr,1981,20147,-3,20153
 0> <info> app: hr,1982,20158,-3,20153
 0> <info> app: hr,1983,20150,-3,20153
 0> <info> app: hr,1984,20138,-3,20153
 0> <info> app: hr,1985,20154,-4,20152
 0> <info> app: hr,1986,20126,-3,20152
 0> <info> app: hr,1987,20147,-3,20152
 0> <info> app: hr,1988,20153,-3,20152
 0> <info> app: hr,1989,20140,-4,20151
 0> <info> app: hr,1990,20142,-4,20151
 0> <info> app: hr,1991,20150,-3,20151
 0> <info> app: hr,1992,20136,-3,20151
 0> <info> app: hr,1993,20135,-4,20150
 0> <info> app: hr,1994,20165,-4,20150
 0> <info> app: hr,1995,20172,-4,20150
 0> <info> app: hr,1996,20147,-3,20150
 0> <info> app: hr,1997,20142,-4,20149
 0> <info> app: hr,1998,20128,-4,20149
 0> <info> app: hr,1999,20152,-4,20149
 0> <info> app: hr,2000,20157,-4,20149
 0> <info> app: hr,2001,20158,-3,20149
 0> <info> app: hr,2002,20123,-3,20149
 0> <info> app: hr,2003,20168,-4,20148
 0> <info> app: hr,2004,20136,-4,20148
 0> <info> app: hr,2005,20144,-4,20148
 0> <info> app: hr,2006,20166,-3,20148
 0> <info> app: hr,2007,20162,-3,20148
 0> <info> app: hr,2008,20126,-3,20148
 0> <info> app: hr,2009,20148,-3,20148
 0> <info> app: hr,2010,20132,-3,20148
 0> <info> app: hr,2011,20127,-3,20147
 0> <info> app: hr,2012,20158,-3,20147
 0> <info> app: hr,2013,20157,-3,20147
 0> <info> app: hr,2014,20136,-3,20147
 0> <info> app: hr,2015,20135,-3,20147
 0> <info> app: hr,2016,20163,-3,20147
 0> <info> app: hr,2017,20146,-2,20147
 0> <info> app: hr,2018,20139,-2,20147
 0> <info> app: hr,2019,20150,-3,20146
 0> <info> app: hr,2020,20152,-3,20146
 0> <info> app: hr,2021,20130,-3,20146
 0> <info> app: hr,2022,20160,-3,20146
 0> <info> app: hr,2023,20128,-2,20146
 0> <info> app: hr,2024,20129,-2,20146
 0> <info> app: hr,2025,20153,-2,20146
 0> <info> app: hr,2026,20166,-2,20146
 0> <info> app: hr,2027,20114,-3,20145
 0> <info> app: hr,2028,20156,-3,20145
 0> <info> app: hr,2029,20144,-3,20145
 0> <info> app: hr,2030,20154,-2,20145
 0> <info> app: hr,2031,20159,-2,20145

# Logging stopped @ 23 Nov 2018 10:03:33
