# SEGGER J-Link RTT Viewer V6.16a Terminal Log File
# Compiled: 12:44:10 on Jun  6 2017
# Logging started @ 23 Nov 2018 09:57:05
 0> <info> app: ***********  Application started  ***********
 0> 
 0> <info> app: [OK] NRF Power ON 0x0004. 
 0> <info> app: Read MAC:CC34D2110EF6
 0> <info> app: ***********  Sensor initial ***********
 0> <info> app: [OK]	BMI160
 0> <info> app: [OK]	SETUP ACC
 0> <info> app: [OK]	SETUP STEP COUNT
 0> <info> app: [OK]	FLASH MEMORY
 0> <info> app: [OK]	OLED Initial
 0> <info> app: [OK]	Max30102 Initial, Temperature 34.18
 0> <info> app: ********** End sensor initial *********
 0> 
 0> <info> app: Max30102 Found
 0> 
 0> <info> app: HR Begin
 0> 
 0> <info> app: 2032
 0> <info> app: hr,0,20099,20073,0
 0> <info> app: hr,1,20069,20069,-3
 0> <info> app: hr,2,20088,20065,-7
 0> <info> app: hr,3,20090,20078,6
 0> <info> app: hr,4,20078,20092,19
 0> <info> app: hr,5,20075,20082,8
 0> <info> app: hr,6,20084,20103,29
 0> <info> app: hr,7,20071,20065,-10
 0> <info> app: hr,8,20078,20064,-10
 0> <info> app: hr,9,20080,20062,-12
 0> <info> app: hr,10,20090,20061,-12
 0> <info> app: hr,11,20075,20097,24
 0> <info> app: hr,12,20094,20079,4
 0> <info> app: hr,13,20096,20096,21
 0> <info> app: hr,14,20060,20059,-16
 0> <info> app: hr,15,20092,20065,-9
 0> <info> app: hr,16,20083,20088,13
 0> <info> app: hr,17,20081,20074,0
 0> <info> app: hr,18,20113,20076,1
 0> <info> app: hr,19,20078,20067,-7
 0> <info> app: hr,20,20051,20084,9
 0> <info> app: hr,21,20074,20056,-18
 0> <info> app: hr,22,20052,20067,-6
 0> <info> app: hr,23,20090,20095,21
 0> <info> app: hr,24,20099,20066,-8
 0> <info> app: hr,25,20090,20057,-17
 0> <info> app: hr,26,20075,20080,6
 0> <info> app: hr,27,20096,20061,-12
 0> <info> app: hr,28,20081,20067,-6
 0> <info> app: hr,29,20128,20077,4
 0> <info> app: hr,30,20096,20061,-11
 0> <info> app: hr,31,20082,20072,0
 0> <info> app: hr,32,20068,-16,0
 0> <info> app: hr,33,20067,-16,-1
 0> <info> app: hr,34,20062,-21,-1
 0> <info> app: hr,35,20068,-14,0
 0> <info> app: hr,36,20077,-4,0
 0> <info> app: hr,37,20081,0,0
 0> <info> app: hr,38,20077,-4,0
 0> <info> app: hr,39,20091,10,0
 0> <info> app: hr,40,20095,13,0
 0> <info> app: hr,41,20059,-23,0
 0> <info> app: hr,42,20095,14,0
 0> <info> app: hr,43,20067,-14,0
 0> <info> app: hr,44,20096,15,0
 0> <info> app: hr,45,20077,-4,0
 0> <info> app: hr,46,20068,-13,0
 0> <info> app: hr,47,20080,0,0
 0> <info> app: hr,48,20069,-11,0
 0> <info> app: hr,49,20081,0,0
 0> <info> app: hr,50,20054,-26,0
 0> <info> app: hr,51,20074,-4,0
 0> <info> app: hr,52,20100,21,0
 0> <info> app: hr,53,20090,10,0
 0> <info> app: hr,54,20090,9,0
 0> <info> app: hr,55,20097,16,0
 0> <info> app: hr,56,20107,25,0
 0> <info> app: hr,57,20066,-16,0
 0> <info> app: hr,58,20102,20,0
 0> <info> app: hr,59,20095,12,0
 0> <info> app: hr,60,20074,-9,0
 0> <info> app: hr,61,20085,1,0
 0> <info> app: hr,62,20090,6,0
 0> <info> app: hr,63,20087,3,0
 0> <info> app: hr,64,20083,0,0
 0> <info> app: hr,65,20082,-1,0
 0> <info> app: hr,66,20087,3,0
 0> <info> app: hr,67,20089,5,0
 0> <info> app: hr,68,20110,25,0
 0> <info> app: hr,69,20075,-10,0
 0> <info> app: hr,70,20098,13,-1
 0> <info> app: hr,71,20092,6,-1
 0> <info> app: hr,72,20081,-4,-1
 0> <info> app: hr,73,20086,0,-1
 0> <info> app: hr,74,20095,9,-1
 0> <info> app: hr,75,20087,0,-1
 0> <info> app: hr,76,20066,-20,-1
 0> <info> app: hr,77,20075,-10,-1
 0> <info> app: hr,78,20087,2,-1
 0> <info> app: hr,79,20107,22,-1
 0> <info> app: hr,80,20100,14,-2
 0> <info> app: hr,81,20096,9,-2
 0> <info> app: hr,82,20071,-15,-2
 0> <info> app: hr,83,20081,-5,-2
 0> <info> app: hr,84,20089,3,-2
 0> <info> app: hr,85,20088,1,-2
 0> <info> app: hr,86,20084,-2,-2
 0> <info> app: hr,87,20107,20,-2
 0> <info> app: hr,88,20089,1,-2
 0> <info> app: hr,89,20085,-2,-2
 0> <info> app: hr,90,20096,8,-2
 0> <info> app: hr,91,20078,-9,-2
 0> <info> app: hr,92,20092,4,-2
 0> <info> app: hr,93,20109,21,-2
 0> <info> app: hr,94,20096,7,-2
 0> <info> app: hr,95,20128,39,-2
 0> <info> app: hr,96,20081,-9,-2
 0> <info> app: hr,97,20067,-23,-2
 0> <info> app: hr,98,20087,-2,-3
 0> <info> app: hr,99,20085,-3,-3
 0> <info> app: hr,100,20082,-6,-3
 0> <info> app: hr,101,20103,14,-3
 0> <info> app: hr,102,20071,-18,-3
 0> <info> app: hr,103,20068,-20,-2
 0> <info> app: hr,104,20100,12,-2
 0> <info> app: hr,105,20096,8,-2
 0> <info> app: hr,106,20092,3,-2
 0> <info> app: hr,107,20103,14,-2
 0> <info> app: hr,108,20072,-17,-2
 0> <info> app: hr,109,20087,-1,-2
 0> <info> app: hr,110,20101,12,-2
 0> <info> app: hr,111,20072,-16,-2
 0> <info> app: hr,112,20096,7,-2
 0> <info> app: hr,113,20078,-10,-2
 0> <info> app: hr,114,20073,-14,-1
 0> <info> app: hr,115,20070,-17,-1
 0> <info> app: hr,116,20083,-3,-1
 0> <info> app: hr,117,20075,-11,-1
 0> <info> app: hr,118,20084,-1,-1
 0> <info> app: hr,119,20080,-5,0
 0> <info> app: hr,120,20084,-1,0
 0> <info> app: hr,121,20082,-3,0
 0> <info> app: hr,122,20100,14,0
 0> <info> app: hr,123,20049,-36,0
 0> <info> app: hr,124,20091,7,0
 0> <info> app: hr,125,20062,-22,0
 0> <info> app: hr,126,20085,1,0
 0> <info> app: hr,127,20083,0,1
 0> <info> app: hr,128,20098,14,1
 0> <info> app: hr,129,20081,-2,1
 0> <info> app: hr,130,20099,15,1
 0> <info> app: hr,131,20107,22,1
 0> <info> app: hr,132,20089,3,1
 0> <info> app: hr,133,20095,9,1
 0> <info> app: hr,134,20061,-25,1
 0> <info> app: hr,135,20080,-5,1
 0> <info> app: hr,136,20085,0,1
 0> <info> app: hr,137,20092,7,1
 0> <info> app: hr,138,20070,-15,1
 0> <info> app: hr,139,20071,-13,1
 0> <info> app: hr,140,20059,-24,1
 0> <info> app: hr,141,20060,-22,1
 0> <info> app: hr,142,20097,15,2
 0> <info> app: hr,143,20079,-3,2
 0> <info> app: hr,144,20086,3,2
 0> <info> app: hr,145,20082,0,2
 0> <info> app: hr,146,20064,-18,2
 0> <info> app: hr,147,20088,6,2
 0> <info> app: hr,148,20082,0,2
 0> <info> app: hr,149,20072,-9,2
 0> <info> app: hr,150,20096,14,2
 0> <info> app: hr,151,20062,-19,2
 0> <info> app: hr,152,20076,-4,2
 0> <info> app: hr,153,20060,-20,3
 0> <info> app: hr,154,20105,25,3
 0> <info> app: hr,155,20088,7,3
 0> <info> app: hr,156,20049,-32,3
 0> <info> app: hr,157,20099,19,3
 0> <info> app: hr,158,20100,19,3
 0> <info> app: hr,159,20080,-1,3
 0> <info> app: hr,160,20098,16,3
 0> <info> app: hr,161,20054,-28,2
 0> <info> app: hr,162,20066,-14,2
 0> <info> app: hr,163,20089,8,2
 0> <info> app: hr,164,20058,-22,2
 0> <info> app: hr,165,20062,-17,2
 0> <info> app: hr,166,20058,-20,2
 0> <info> app: hr,167,20068,-9,3
 0> <info> app: hr,168,20078,0,3
 0> <info> app: hr,169,20067,-10,3
 0> <info> app: hr,170,20090,13,3
 0> <info> app: hr,171,20103,25,3
 0> <info> app: hr,172,20080,1,3
 0> <info> app: hr,173,20068,-10,3
 0> <info> app: hr,174,20072,-6,3
 0> <info> app: hr,175,20060,-17,3
 0> <info> app: hr,176,20088,11,3
 0> <info> app: hr,177,20098,20,3
 0> <info> app: hr,178,20076,-2,3
 0> <info> app: hr,179,20067,-11,3
 0> <info> app: hr,180,20088,10,3
 0> <info> app: hr,181,20079,0,3
 0> <info> app: hr,182,20078,0,2
 0> <info> app: hr,183,20091,12,2
 0> <info> app: hr,184,20073,-5,2
 0> <info> app: hr,185,20058,-20,2
 0> <info> app: hr,186,20087,9,2
 0> <info> app: hr,187,20067,-11,2
 0> <info> app: hr,188,20050,-27,2
 0> <info> app: hr,189,20066,-10,2
 0> <info> app: hr,190,20068,-7,2
 0> <info> app: hr,191,20075,0,2
 0> <info> app: hr,192,20077,1,2
 0> <info> app: hr,193,20071,-4,2
 0> <info> app: hr,194,20083,7,2
 0> <info> app: hr,195,20092,16,2
 0> <info> app: hr,196,20063,-13,2
 0> <info> app: hr,197,20089,13,2
 0> <info> app: hr,198,20067,-9,2
 0> <info> app: hr,199,20056,-19,2
 0> <info> app: hr,200,20082,7,2
 0> <info> app: hr,201,20102,26,2
 0> <info> app: hr,202,20066,-10,2
 0> <info> app: hr,203,20082,5,2
 0> <info> app: hr,204,20080,3,2
 0> <info> app: hr,205,20061,-15,2
 0> <info> app: hr,206,20092,16,1
 0> <info> app: hr,207,20065,-11,1
 0> <info> app: hr,208,20063,-12,1
 0> <info> app: hr,209,20066,-9,1
 0> <info> app: hr,210,20067,-7,1
 0> <info> app: hr,211,20089,14,1
 0> <info> app: hr,212,20082,6,1
 0> <info> app: hr,213,20088,12,1
 0> <info> app: hr,214,20053,-23,1
 0> <info> app: hr,215,20078,2,1
 0> <info> app: hr,216,20079,3,1
 0> <info> app: hr,217,20067,-8,1
 0> <info> app: hr,218,20070,-4,1
 0> <info> app: hr,219,20063,-11,1
 0> <info> app: hr,220,20065,-9,1
 0> <info> app: hr,221,20036,-37,1
 0> <info> app: hr,222,20082,10,1
 0> <info> app: hr,223,20090,17,1
 0> <info> app: hr,224,20072,-1,1
 0> <info> app: hr,225,20095,21,1
 0> <info> app: hr,226,20060,-14,1
 0> <info> app: hr,227,20072,-1,1
 0> <info> app: hr,228,20072,-1,1
 0> <info> app: hr,229,20085,11,1
 0> <info> app: hr,230,20075,1,1
 0> <info> app: hr,231,20062,-11,1
 0> <info> app: hr,232,20093,19,1
 0> <info> app: hr,233,20099,24,1
 0> <info> app: hr,234,20082,6,1
 0> <info> app: hr,235,20080,4,1
 0> <info> app: hr,236,20086,9,0
 0> <info> app: hr,237,20078,1,0
 0> <info> app: hr,238,20072,-4,0
 0> <info> app: hr,239,20078,1,0
 0> <info> app: hr,240,20053,-23,0
 0> <info> app: hr,241,20101,25,0
 0> <info> app: hr,242,20077,0,0
 0> <info> app: hr,243,20080,3,0
 0> <info> app: hr,244,20100,23,0
 0> <info> app: hr,245,20088,10,0
 0> <info> app: hr,246,20085,6,0
 0> <info> app: hr,247,20074,-4,0
 0> <info> app: hr,248,20069,-9,-1
 0> <info> app: hr,249,20088,9,-1
 0> <info> app: hr,250,20059,-19,-1
 0> <info> app: hr,251,20099,21,-1
 0> <info> app: hr,252,20094,15,-1
 0> <info> app: hr,253,20053,-26,-1
 0> <info> app: hr,254,20087,8,-1
 0> <info> app: hr,255,20064,-14,-1
 0> <info> app: hr,256,20064,-13,-1
 0> <info> app: hr,257,20058,-19,-1
 0> <info> app: hr,258,20077,0,-1
 0> <info> app: hr,259,20089,12,-1
 0> <info> app: hr,260,20098,21,-1
 0> <info> app: hr,261,20075,-2,-1
 0> <info> app: hr,262,20079,1,-1
 0> <info> app: hr,263,20058,-19,-1
 0> <info> app: hr,264,20058,-18,-1
 0> <info> app: hr,265,20060,-15,-1
 0> <info> app: hr,266,20102,26,-1
 0> <info> app: hr,267,20081,4,-1
 0> <info> app: hr,268,20042,-34,0
 0> <info> app: hr,269,20078,3,0
 0> <info> app: hr,270,20046,-29,0
 0> <info> app: hr,271,20070,-3,0
 0> <info> app: hr,272,20088,14,0
 0> <info> app: hr,273,20064,-10,0
 0> <info> app: hr,274,20084,10,0
 0> <info> app: hr,275,20046,-28,0
 0> <info> app: hr,276,20093,20,0
 0> <info> app: hr,277,20099,25,0
 0> <info> app: hr,278,20059,-16,0
 0> <info> app: hr,279,20074,0,0
 0> <info> app: hr,280,20076,1,1
 0> <info> app: hr,281,20079,4,1
 0> <info> app: hr,282,20104,29,1
 0> <info> app: hr,283,20043,-33,1
 0> <info> app: hr,284,20097,22,1
 0> <info> app: hr,285,20071,-4,1
 0> <info> app: hr,286,20031,-44,1
 0> <info> app: hr,287,20065,-8,1
 0> <info> app: hr,288,20067,-5,1
 0> <info> app: hr,289,20088,15,1
 0> <info> app: hr,290,20080,6,1
 0> <info> app: hr,291,20064,-9,1
 0> <info> app: hr,292,20065,-8,1
 0> <info> app: hr,293,20075,2,1
 0> <info> app: hr,294,20107,34,1
 0> <info> app: hr,295,20075,0,1
 0> <info> app: hr,296,20076,1,1
 0> <info> app: hr,297,20078,3,1
 0> <info> app: hr,298,20077,2,1
 0> <info> app: hr,299,20086,11,1
 0> <info> app: hr,300,20082,6,1
 0> <info> app: hr,301,20086,10,1
 0> <info> app: hr,302,20109,32,0
 0> <info> app: hr,303,20032,-45,0
 0> <info> app: hr,304,20073,-2,0
 0> <info> app: hr,305,20097,21,0
 0> <info> app: hr,306,20087,10,0
 0> <info> app: hr,307,20092,14,0
 0> <info> app: hr,308,20100,22,0
 0> <info> app: hr,309,20073,-5,0
 0> <info> app: hr,310,20086,7,0
 0> <info> app: hr,311,20057,-21,0
 0> <info> app: hr,312,20075,-2,-1
 0> <info> app: hr,313,20088,10,-1
 0> <info> app: hr,314,20067,-11,-1
 0> <info> app: hr,315,20091,13,-1
 0> <info> app: hr,316,20082,3,-1
 0> <info> app: hr,317,20086,7,-1
 0> <info> app: hr,318,20095,16,-1
 0> <info> app: hr,319,20056,-23,-1
 0> <info> app: hr,320,20074,-4,-1
 0> <info> app: hr,321,20083,4,-1
 0> <info> app: hr,322,20081,2,-2
 0> <info> app: hr,323,20107,28,-2
 0> <info> app: hr,324,20094,13,-2
 0> <info> app: hr,325,20086,5,-2
 0> <info> app: hr,326,20098,16,-2
 0> <info> app: hr,327,20062,-19,-2
 0> <info> app: hr,328,20073,-7,-2
 0> <info> app: hr,329,20083,2,-2
 0> <info> app: hr,330,20089,8,-2
 0> <info> app: hr,331,20093,11,-2
 0> <info> app: hr,332,20065,-16,-3
 0> <info> app: hr,333,20093,12,-3
 0> <info> app: hr,334,20085,3,-3
 0> <info> app: hr,335,20084,2,-3
 0> <info> app: hr,336,20088,6,-3
 0> <info> app: hr,337,20067,-15,-3
 0> <info> app: hr,338,20082,0,-3
 0> <info> app: hr,339,20094,12,-3
 0> <info> app: hr,340,20084,2,-3
 0> <info> app: hr,341,20085,2,-3
 0> <info> app: hr,342,20083,0,-3
 0> <info> app: hr,343,20094,11,-3
 0> <info> app: hr,344,20091,8,-3
 0> <info> app: hr,345,20081,-2,-3
 0> <info> app: hr,346,20066,-17,-3
 0> <info> app: hr,347,20078,-4,-2
 0> <info> app: hr,348,20089,6,-2
 0> <info> app: hr,349,20093,10,-2
 0> <info> app: hr,350,20072,-10,-2
 0> <info> app: hr,351,20081,-1,-2
 0> <info> app: hr,352,20094,11,-2
 0> <info> app: hr,353,20090,7,-2
 0> <info> app: hr,354,20119,35,-2
 0> <info> app: hr,355,20093,7,-2
 0> <info> app: hr,356,20087,1,-2
 0> <info> app: hr,357,20078,-7,-2
 0> <info> app: hr,358,20106,20,-2
 0> <info> app: hr,359,20097,10,-2
 0> <info> app: hr,360,20102,15,-3
 0> <info> app: hr,361,20059,-28,-3
 0> <info> app: hr,362,20080,-6,-3
 0> <info> app: hr,363,20084,-1,-3
 0> <info> app: hr,364,20047,-38,-3
 0> <info> app: hr,365,20094,10,-3
 0> <info> app: hr,366,20087,2,-2
 0> <info> app: hr,367,20106,21,-2
 0> <info> app: hr,368,20090,4,-2
 0> <info> app: hr,369,20092,6,-2
 0> <info> app: hr,370,20101,14,-2
 0> <info> app: hr,371,20058,-28,-2
 0> <info> app: hr,372,20079,-6,-2
 0> <info> app: hr,373,20081,-4,-2
 0> <info> app: hr,374,20075,-9,-2
 0> <info> app: hr,375,20083,-1,-2
 0> <info> app: hr,376,20043,-41,-1
 0> <info> app: hr,377,20074,-8,-1
 0> <info> app: hr,378,20088,6,-1
 0> <info> app: hr,379,20050,-32,-1
 0> <info> app: hr,380,20093,12,0
 0> <info> app: hr,381,20077,-4,0
 0> <info> app: hr,382,20076,-4,0
 0> <info> app: hr,383,20085,4,0
 0> <info> app: hr,384,20066,-14,0
 0> <info> app: hr,385,20077,-3,0
 0> <info> app: hr,386,20055,-24,0
 0> <info> app: hr,387,20098,19,1
 0> <info> app: hr,388,20059,-20,1
 0> <info> app: hr,389,20056,-22,1
 0> <info> app: hr,390,20077,0,2
 0> <info> app: hr,391,20099,21,2
 0> <info> app: hr,392,20077,-1,2
 0> <info> app: hr,393,20061,-17,2
 0> <info> app: hr,394,20065,-12,2
 0> <info> app: hr,395,20062,-14,3
 0> <info> app: hr,396,20083,6,3
 0> <info> app: hr,397,20073,-3,3
 0> <info> app: hr,398,20048,-28,3
 0> <info> app: hr,399,20064,-10,3
 0> <info> app: hr,400,20056,-18,4
 0> <info> app: hr,401,20070,-3,4
 0> <info> app: hr,402,20074,0,4
 0> <info> app: hr,403,20046,-27,4
 0> <info> app: hr,404,20094,22,5
 0> <info> app: hr,405,20066,-7,5
 0> <info> app: hr,406,20065,-7,5
 0> <info> app: hr,407,20085,12,5
 0> <info> app: hr,408,20083,10,5
 0> <info> app: hr,409,20090,16,5
 0> <info> app: hr,410,20063,-11,5
 0> <info> app: hr,411,20100,26,5
 0> <info> app: hr,412,20077,1,5
 0> <info> app: hr,413,20073,-2,5
 0> <info> app: hr,414,20073,-2,4
 0> <info> app: hr,415,20081,6,4
 0> <info> app: hr,416,20051,-24,4
 0> <info> app: hr,417,20072,-2,4
 0> <info> app: hr,418,20065,-8,4
 0> <info> app: hr,419,20062,-11,4
 0> <info> app: hr,420,20087,14,4
 0> <info> app: hr,421,20067,-6,4
 0> <info> app: hr,422,20060,-13,4
 0> <info> app: hr,423,20058,-14,3
 0> <info> app: hr,424,20069,-2,3
 0> <info> app: hr,425,20060,-11,3
 0> <info> app: hr,426,20080,8,3
 0> <info> app: hr,427,20080,8,3
 0> <info> app: hr,428,20057,-15,3
 0> <info> app: hr,429,20087,15,3
 0> <info> app: hr,430,20075,2,3
 0> <info> app: hr,431,20053,-19,3
 0> <info> app: hr,432,20066,-5,3
 0> <info> app: hr,433,20058,-12,3
 0> <info> app: hr,434,20057,-13,3
 0> <info> app: hr,435,20076,6,3
 0> <info> app: hr,436,20067,-2,3
 0> <info> app: hr,437,20051,-18,3
 0> <info> app: hr,438,20064,-4,3
 0> <info> app: hr,439,20045,-23,3
 0> <info> app: hr,440,20065,-2,3
 0> <info> app: hr,441,20056,-11,3
 0> <info> app: hr,442,20069,2,3
 0> <info> app: hr,443,20071,4,3
 0> <info> app: hr,444,20053,-14,4
 0> <info> app: hr,445,20093,26,4
 0> <info> app: hr,446,20081,13,4
 0> <info> app: hr,447,20079,10,3
 0> <info> app: hr,448,20072,3,3
 0> <info> app: hr,449,20071,1,3
 0> <info> app: hr,450,20092,22,3
 0> <info> app: hr,451,20082,11,3
 0> <info> app: hr,452,20073,2,3
 0> <info> app: hr,453,20083,12,2
 0> <info> app: hr,454,20062,-9,2
 0> <info> app: hr,455,20078,6,2
 0> <info> app: hr,456,20047,-24,1
 0> <info> app: hr,457,20049,-21,1
 0> <info> app: hr,458,20084,14,1
 0> <info> app: hr,459,20071,1,1
 0> <info> app: hr,460,20078,8,1
 0> <info> app: hr,461,20074,3,1
 0> <info> app: hr,462,20088,17,1
 0> <info> app: hr,463,20076,4,0
 0> <info> app: hr,464,20085,13,0
 0> <info> app: hr,465,20064,-8,0
 0> <info> app: hr,466,20067,-4,0
 0> <info> app: hr,467,20077,5,0
 0> <info> app: hr,468,20034,-37,0
 0> <info> app: hr,469,20066,-4,0
 0> <info> app: hr,470,20068,-1,0
 0> <info> app: hr,471,20065,-4,0
 0> <info> app: hr,472,20070,0,0
 0> <info> app: hr,473,20080,10,0
 0> <info> app: hr,474,20070,0,0
 0> <info> app: hr,475,20077,6,0
 0> <info> app: hr,476,20077,6,0
 0> <info> app: hr,477,20097,26,0
 0> <info> app: hr,478,20059,-13,0
 0> <info> app: hr,479,20048,-23,0
 0> <info> app: hr,480,20061,-9,0
 0> <info> app: hr,481,20078,8,0
 0> <info> app: hr,482,20070,0,0
 0> <info> app: hr,483,20044,-26,0
 0> <info> app: hr,484,20078,9,0
 0> <info> app: hr,485,20054,-15,0
 0> <info> app: hr,486,20080,11,0
 0> <info> app: hr,487,20058,-11,0
 0> <info> app: hr,488,20099,30,0
 0> <info> app: hr,489,20072,1,0
 0> <info> app: hr,490,20071,0,0
 0> <info> app: hr,491,20051,-19,0
 0> <info> app: hr,492,20065,-4,0
 0> <info> app: hr,493,20076,6,0
 0> <info> app: hr,494,20052,-17,0
 0> <info> app: hr,495,20063,-5,0
 0> <info> app: hr,496,20071,2,0
 0> <info> app: hr,497,20085,16,0
 0> <info> app: hr,498,20060,-9,0
 0> <info> app: hr,499,20066,-2,0
 0> <info> app: hr,500,20047,-21,0
 0> <info> app: hr,501,20039,-28,0
 0> <info> app: hr,502,20078,11,0
 0> <info> app: hr,503,20076,9,1
 0> <info> app: hr,504,20069,1,1
 0> <info> app: hr,505,20050,-17,1
 0> <info> app: hr,506,20084,17,1
 0> <info> app: hr,507,20080,12,1
 0> <info> app: hr,508,20079,11,1
 0> <info> app: hr,509,20068,0,1
 0> <info> app: hr,510,20078,9,1
 0> <info> app: hr,511,20080,11,1
 0> <info> app: hr,512,20048,-21,1
 0> <info> app: hr,513,20086,17,1
 0> <info> app: hr,514,20076,6,1
 0> <info> app: hr,515,20072,2,0
 0> <info> app: hr,516,20085,15,0
 0> <info> app: hr,517,20052,-18,0
 0> <info> app: hr,518,20090,20,0
 0> <info> app: hr,519,20070,0,0
 0> <info> app: hr,520,20076,5,0
 0> <info> app: hr,521,20078,7,0
 0> <info> app: hr,522,20097,25,0
 0> <info> app: hr,523,20072,0,0
 0> <info> app: hr,524,20083,10,0
 0> <info> app: hr,525,20093,20,0
 0> <info> app: hr,526,20092,18,-1
 0> <info> app: hr,527,20045,-29,-1
 0> <info> app: hr,528,20099,25,-1
 0> <info> app: hr,529,20050,-24,-1
 0> <info> app: hr,530,20076,2,-2
 0> <info> app: hr,531,20078,4,-2
 0> <info> app: hr,532,20072,-1,-2
 0> <info> app: hr,533,20075,1,-2
 0> <info> app: hr,534,20055,-18,-2
 0> <info> app: hr,535,20075,2,-2
 0> <info> app: hr,536,20074,1,-2
 0> <info> app: hr,537,20067,-5,-2
 0> <info> app: hr,538,20072,0,-2
 0> <info> app: hr,539,20069,-3,-2
 0> <info> app: hr,540,20073,0,-2
 0> <info> app: hr,541,20077,4,-2
 0> <info> app: hr,542,20075,2,-2
 0> <info> app: hr,543,20071,-1,-2
 0> <info> app: hr,544,20086,13,-2
 0> <info> app: hr,545,20065,-8,-2
 0> <info> app: hr,546,20073,0,-2
 0> <info> app: hr,547,20059,-13,-2
 0> <info> app: hr,548,20069,-3,-1
 0> <info> app: hr,549,20065,-7,-1
 0> <info> app: hr,550,20098,26,-1
 0> <info> app: hr,551,20096,22,-1
 0> <info> app: hr,552,20038,-36,-1
 0> <info> app: hr,553,20083,10,-1
 0> <info> app: hr,554,20069,-3,-1
 0> <info> app: hr,555,20070,-2,-1
 0> <info> app: hr,556,20053,-19,-1
 0> <info> app: hr,557,20078,6,-1
 0> <info> app: hr,558,20098,26,-1
 0> <info> app: hr,559,20082,8,-1
 0> <info> app: hr,560,20071,-2,-1
 0> <info> app: hr,561,20089,15,-1
 0> <info> app: hr,562,20075,0,-1
 0> <info> app: hr,563,20078,3,-1
 0> <info> app: hr,564,20074,0,-1
 0> <info> app: hr,565,20078,3,-1
 0> <info> app: hr,566,20045,-29,-1
 0> <info> app: hr,567,20093,19,-1
 0> <info> app: hr,568,20088,13,-1
 0> <info> app: hr,569,20084,9,-1
 0> <info> app: hr,570,20080,4,-1
 0> <info> app: hr,571,20085,9,-1
 0> <info> app: hr,572,20055,-21,-1
 0> <info> app: hr,573,20080,5,-1
 0> <info> app: hr,574,20086,10,-1
 0> <info> app: hr,575,20062,-13,-1
 0> <info> app: hr,576,20053,-22,-1
 0> <info> app: hr,577,20069,-4,-1
 0> <info> app: hr,578,20080,6,-1
 0> <info> app: hr,579,20072,-2,-1
 0> <info> app: hr,580,20080,6,-1
 0> <info> app: hr,581,20089,14,-1
 0> <info> app: hr,582,20092,17,-1
 0> <info> app: hr,583,20079,3,-1
 0> <info> app: hr,584,20069,-6,-1
 0> <info> app: hr,585,20063,-12,-1
 0> <info> app: hr,586,20055,-20,-1
 0> <info> app: hr,587,20088,13,-1
 0> <info> app: hr,588,20069,-5,-1
 0> <info> app: hr,589,20077,2,0
 0> <info> app: hr,590,20072,-2,0
 0> <info> app: hr,591,20065,-9,0
 0> <info> app: hr,592,20083,9,0
 0> <info> app: hr,593,20079,4,0
 0> <info> app: hr,594,20078,3,0
 0> <info> app: hr,595,20090,15,0
 0> <info> app: hr,596,20092,16,0
 0> <info> app: hr,597,20081,4,0
 0> <info> app: hr,598,20108,31,0
 0> <info> app: hr,599,20084,5,0
 0> <info> app: hr,600,20068,-10,-1
 0> <info> app: hr,601,20077,0,-1
 0> <info> app: hr,602,20067,-10,-1
 0> <info> app: hr,603,20092,14,-1
 0> <info> app: hr,604,20084,5,-1
 0> <info> app: hr,605,20068,-10,-1
 0> <info> app: hr,606,20068,-9,-1
 0> <info> app: hr,607,20096,18,-1
 0> <info> app: hr,608,20078,0,-1
 0> <info> app: hr,609,20089,10,-1
 0> <info> app: hr,610,20062,-16,-1
 0> <info> app: hr,611,20099,21,-2
 0> <info> app: hr,612,20083,3,-2
 0> <info> app: hr,613,20080,0,-2
 0> <info> app: hr,614,20076,-3,-2
 0> <info> app: hr,615,20083,3,-2
 0> <info> app: hr,616,20090,10,-2
 0> <info> app: hr,617,20093,13,-2
 0> <info> app: hr,618,20067,-13,-2
 0> <info> app: hr,619,20075,-4,-2
 0> <info> app: hr,620,20077,-2,-2
 0> <info> app: hr,621,20082,2,-2
 0> <info> app: hr,622,20057,-22,-2
 0> <info> app: hr,623,20082,3,-2
 0> <info> app: hr,624,20072,-6,-2
 0> <info> app: hr,625,20059,-19,-2
 0> <info> app: hr,626,20090,12,-1
 0> <info> app: hr,627,20062,-15,-1
 0> <info> app: hr,628,20094,16,-1
 0> <info> app: hr,629,20061,-17,-1
 0> <info> app: hr,630,20073,-4,-1
 0> <info> app: hr,631,20099,22,-1
 0> <info> app: hr,632,20068,-10,-1
 0> <info> app: hr,633,20074,-3,0
 0> <info> app: hr,634,20080,2,0
 0> <info> app: hr,635,20078,0,0
 0> <info> app: hr,636,20042,-35,0
 0> <info> app: hr,637,20072,-3,0
 0> <info> app: hr,638,20087,11,0
 0> <info> app: hr,639,20090,13,0
 0> <info> app: hr,640,20054,-22,0
 0> <info> app: hr,641,20067,-8,0
 0> <info> app: hr,642,20084,8,0
 0> <info> app: hr,643,20084,8,0
 0> <info> app: hr,644,20049,-27,0
 0> <info> app: hr,645,20029,-45,0
 0> <info> app: hr,646,20083,10,1
 0> <info> app: hr,647,20060,-12,1
 0> <info> app: hr,648,20090,17,1
 0> <info> app: hr,649,20072,-1,1
 0> <info> app: hr,650,20087,13,2
 0> <info> app: hr,651,20066,-7,2
 0> <info> app: hr,652,20058,-15,2
 0> <info> app: hr,653,20062,-10,2
 0> <info> app: hr,654,20096,23,2
 0> <info> app: hr,655,20070,-3,2
 0> <info> app: hr,656,20068,-5,2
 0> <info> app: hr,657,20072,0,2
 0> <info> app: hr,658,20052,-20,2
 0> <info> app: hr,659,20057,-14,2
 0> <info> app: hr,660,20065,-6,3
 0> <info> app: hr,661,20084,13,3
 0> <info> app: hr,662,20080,8,3
 0> <info> app: hr,663,20064,-7,3
 0> <info> app: hr,664,20085,13,3
 0> <info> app: hr,665,20063,-9,3
 0> <info> app: hr,666,20082,10,3
 0> <info> app: hr,667,20080,7,3
 0> <info> app: hr,668,20060,-12,3
 0> <info> app: hr,669,20075,3,3
 0> <info> app: hr,670,20049,-23,2
 0> <info> app: hr,671,20053,-17,2
 0> <info> app: hr,672,20069,-1,3
 0> <info> app: hr,673,20065,-5,3
 0> <info> app: hr,674,20060,-9,3
 0> <info> app: hr,675,20073,3,3
 0> <info> app: hr,676,20057,-12,3
 0> <info> app: hr,677,20081,12,3
 0> <info> app: hr,678,20045,-24,3
 0> <info> app: hr,679,20074,5,3
 0> <info> app: hr,680,20051,-17,3
 0> <info> app: hr,681,20079,11,3
 0> <info> app: hr,682,20055,-13,3
 0> <info> app: hr,683,20074,6,3
 0> <info> app: hr,684,20072,4,3
 0> <info> app: hr,685,20076,7,3
 0> <info> app: hr,686,20061,-7,3
 0> <info> app: hr,687,20061,-7,3
 0> <info> app: hr,688,20054,-13,3
 0> <info> app: hr,689,20077,9,3
 0> <info> app: hr,690,20066,-1,3
 0> <info> app: hr,691,20079,11,3
 0> <info> app: hr,692,20064,-4,3
 0> <info> app: hr,693,20056,-11,3
 0> <info> app: hr,694,20061,-6,3
 0> <info> app: hr,695,20059,-7,3
 0> <info> app: hr,696,20074,7,3
 0> <info> app: hr,697,20072,5,3
 0> <info> app: hr,698,20058,-9,3
 0> <info> app: hr,699,20058,-8,3
 0> <info> app: hr,700,20054,-12,3
 0> <info> app: hr,701,20093,27,3
 0> <info> app: hr,702,20068,0,2
 0> <info> app: hr,703,20061,-6,2
 0> <info> app: hr,704,20066,0,2
 0> <info> app: hr,705,20072,5,2
 0> <info> app: hr,706,20049,-18,2
 0> <info> app: hr,707,20077,10,2
 0> <info> app: hr,708,20060,-6,2
 0> <info> app: hr,709,20050,-16,2
 0> <info> app: hr,710,20093,27,2
 0> <info> app: hr,711,20051,-15,2
 0> <info> app: hr,712,20065,-1,2
 0> <info> app: hr,713,20082,15,2
 0> <info> app: hr,714,20053,-13,2
 0> <info> app: hr,715,20069,2,1
 0> <info> app: hr,716,20059,-7,1
 0> <info> app: hr,717,20045,-20,1
 0> <info> app: hr,718,20059,-5,1
 0> <info> app: hr,719,20070,5,1
 0> <info> app: hr,720,20058,-6,1
 0> <info> app: hr,721,20070,5,1
 0> <info> app: hr,722,20047,-17,1
 0> <info> app: hr,723,20075,11,1
 0> <info> app: hr,724,20075,10,1
 0> <info> app: hr,725,20039,-25,1
 0> <info> app: hr,726,20066,2,1
 0> <info> app: hr,727,20063,0,1
 0> <info> app: hr,728,20047,-16,1
 0> <info> app: hr,729,20062,0,2
 0> <info> app: hr,730,20049,-13,2
 0> <info> app: hr,731,20049,-13,2
 0> <info> app: hr,732,20068,6,2
 0> <info> app: hr,733,20017,-44,2
 0> <info> app: hr,734,20082,22,2
 0> <info> app: hr,735,20051,-9,2
 0> <info> app: hr,736,20069,8,2
 0> <info> app: hr,737,20062,1,2
 0> <info> app: hr,738,20066,5,2
 0> <info> app: hr,739,20070,9,3
 0> <info> app: hr,740,20071,9,2
 0> <info> app: hr,741,20060,-1,2
 0> <info> app: hr,742,20070,8,2
 0> <info> app: hr,743,20051,-11,2
 0> <info> app: hr,744,20051,-10,2
 0> <info> app: hr,745,20055,-6,2
 0> <info> app: hr,746,20058,-2,2
 0> <info> app: hr,747,20052,-8,2
 0> <info> app: hr,748,20035,-25,2
 0> <info> app: hr,749,20048,-10,2
 0> <info> app: hr,750,20049,-9,2
 0> <info> app: hr,751,20055,-2,2
 0> <info> app: hr,752,20074,16,3
 0> <info> app: hr,753,20058,0,3
 0> <info> app: hr,754,20056,-2,3
 0> <info> app: hr,755,20053,-5,3
 0> <info> app: hr,756,20058,0,3
 0> <info> app: hr,757,20068,9,3
 0> <info> app: hr,758,20077,18,3
 0> <info> app: hr,759,20072,12,2
 0> <info> app: hr,760,20035,-25,2
 0> <info> app: hr,761,20065,6,2
 0> <info> app: hr,762,20066,6,2
 0> <info> app: hr,763,20055,-4,2
 0> <info> app: hr,764,20056,-3,2
 0> <info> app: hr,765,20063,3,2
 0> <info> app: hr,766,20053,-6,2
 0> <info> app: hr,767,20069,9,2
 0> <info> app: hr,768,20044,-15,2
 0> <info> app: hr,769,20057,-1,1
 0> <info> app: hr,770,20073,14,1
 0> <info> app: hr,771,20068,8,1
 0> <info> app: hr,772,20052,-7,1
 0> <info> app: hr,773,20082,22,1
 0> <info> app: hr,774,20069,8,1
 0> <info> app: hr,775,20061,0,1
 0> <info> app: hr,776,20064,3,0
 0> <info> app: hr,777,20072,10,0
 0> <info> app: hr,778,20067,5,0
 0> <info> app: hr,779,20063,1,0
 0> <info> app: hr,780,20060,-2,0
 0> <info> app: hr,781,20055,-6,0
 0> <info> app: hr,782,20086,24,0
 0> <info> app: hr,783,20067,4,0
 0> <info> app: hr,784,20064,1,0
 0> <info> app: hr,785,20064,0,0
 0> <info> app: hr,786,20059,-4,-1
 0> <info> app: hr,787,20062,0,-1
 0> <info> app: hr,788,20076,13,-1
 0> <info> app: hr,789,20076,12,-1
 0> <info> app: hr,790,20059,-5,-1
 0> <info> app: hr,791,20070,6,-1
 0> <info> app: hr,792,20067,2,-1
 0> <info> app: hr,793,20076,11,-2
 0> <info> app: hr,794,20079,14,-2
 0> <info> app: hr,795,20055,-10,-2
 0> <info> app: hr,796,20052,-13,-2
 0> <info> app: hr,797,20061,-3,-2
 0> <info> app: hr,798,20077,12,-2
 0> <info> app: hr,799,20056,-8,-2
 0> <info> app: hr,800,20051,-13,-2
 0> <info> app: hr,801,20063,0,-2
 0> <info> app: hr,802,20053,-10,-2
 0> <info> app: hr,803,20058,-5,-2
 0> <info> app: hr,804,20059,-3,-2
 0> <info> app: hr,805,20073,10,-2
 0> <info> app: hr,806,20091,27,-2
 0> <info> app: hr,807,20054,-10,-2
 0> <info> app: hr,808,20065,0,-2
 0> <info> app: hr,809,20079,14,-2
 0> <info> app: hr,810,20065,0,-2
 0> <info> app: hr,811,20050,-14,-2
 0> <info> app: hr,812,20070,5,-2
 0> <info> app: hr,813,20072,7,-2
 0> <info> app: hr,814,20074,9,-2
 0> <info> app: hr,815,20053,-12,-2
 0> <info> app: hr,816,20071,6,-2
 0> <info> app: hr,817,20070,5,-1
 0> <info> app: hr,818,20077,11,-1
 0> <info> app: hr,819,20063,-2,-1
 0> <info> app: hr,820,20078,12,-2
 0> <info> app: hr,821,20057,-9,-2
 0> <info> app: hr,822,20074,8,-2
 0> <info> app: hr,823,20066,0,-2
 0> <info> app: hr,824,20055,-11,-2
 0> <info> app: hr,825,20078,12,-2
 0> <info> app: hr,826,20053,-13,-2
 0> <info> app: hr,827,20056,-9,-1
 0> <info> app: hr,828,20068,2,-1
 0> <info> app: hr,829,20068,2,-1
 0> <info> app: hr,830,20068,2,-1
 0> <info> app: hr,831,20067,1,-1
 0> <info> app: hr,832,20069,3,-1
 0> <info> app: hr,833,20074,8,-1
 0> <info> app: hr,834,20069,2,-1
 0> <info> app: hr,835,20083,16,-1
 0> <info> app: hr,836,20067,0,-1
 0> <info> app: hr,837,20100,32,-1
 0> <info> app: hr,838,20063,-5,-1
 0> <info> app: hr,839,20073,4,-1
 0> <info> app: hr,840,20069,0,-1
 0> <info> app: hr,841,20072,3,-1
 0> <info> app: hr,842,20063,-5,-2
 0> <info> app: hr,843,20069,0,-2
 0> <info> app: hr,844,20062,-6,-2
 0> <info> app: hr,845,20067,-1,-2
 0> <info> app: hr,846,20061,-7,-2
 0> <info> app: hr,847,20075,7,-2
 0> <info> app: hr,848,20047,-21,-2
 0> <info> app: hr,849,20071,3,-1
 0> <info> app: hr,850,20062,-5,-1
 0> <info> app: hr,851,20065,-2,-1
 0> <info> app: hr,852,20069,2,-1
 0> <info> app: hr,853,20061,-6,-1
 0> <info> app: hr,854,20092,25,-1
 0> <info> app: hr,855,20077,8,-1
 0> <info> app: hr,856,20059,-9,-1
 0> <info> app: hr,857,20067,-1,-1
 0> <info> app: hr,858,20066,-1,-1
 0> <info> app: hr,859,20093,25,-1
 0> <info> app: hr,860,20045,-24,-1
 0> <info> app: hr,861,20068,0,-1
 0> <info> app: hr,862,20081,13,-1
 0> <info> app: hr,863,20072,3,-1
 0> <info> app: hr,864,20062,-6,-1
 0> <info> app: hr,865,20085,16,-1
 0> <info> app: hr,866,20084,14,-1
 0> <info> app: hr,867,20060,-9,-1
 0> <info> app: hr,868,20072,2,-1
 0> <info> app: hr,869,20079,9,-1
 0> <info> app: hr,870,20099,28,-1
 0> <info> app: hr,871,20092,20,-1
 0> <info> app: hr,872,20056,-16,-1
 0> <info> app: hr,873,20066,-5,-1
 0> <info> app: hr,874,20067,-4,-1
 0> <info> app: hr,875,20047,-24,-2
 0> <info> app: hr,876,20059,-11,-1
 0> <info> app: hr,877,20078,8,-1
 0> <info> app: hr,878,20071,1,-1
 0> <info> app: hr,879,20094,24,-1
 0> <info> app: hr,880,20073,1,-1
 0> <info> app: hr,881,20082,10,-1
 0> <info> app: hr,882,20075,3,-1
 0> <info> app: hr,883,20048,-23,-1
 0> <info> app: hr,884,20071,0,-1
 0> <info> app: hr,885,20095,24,-1
 0> <info> app: hr,886,20068,-3,-1
 0> <info> app: hr,887,20078,6,-1
 0> <info> app: hr,888,20073,0,-1
 0> <info> app: hr,889,20062,-10,-1
 0> <info> app: hr,890,20079,7,-1
 0> <info> app: hr,891,20072,0,-1
 0> <info> app: hr,892,20053,-18,-1
 0> <info> app: hr,893,20074,2,-1
 0> <info> app: hr,894,20054,-17,-1
 0> <info> app: hr,895,20095,24,-1
 0> <info> app: hr,896,20078,6,-1
 0> <info> app: hr,897,20059,-12,-1
 0> <info> app: hr,898,20059,-12,-1
 0> <info> app: hr,899,20077,6,-1
 0> <info> app: hr,900,20078,7,-1
 0> <info> app: hr,901,20065,-6,-1
 0> <info> app: hr,902,20077,6,-1
 0> <info> app: hr,903,20081,9,-1
 0> <info> app: hr,904,20052,-19,-1
 0> <info> app: hr,905,20076,5,0
 0> <info> app: hr,906,20074,2,0
 0> <info> app: hr,907,20077,5,0
 0> <info> app: hr,908,20056,-15,0
 0> <info> app: hr,909,20063,-7,0
 0> <info> app: hr,910,20070,0,0
 0> <info> app: hr,911,20067,-3,0
 0> <info> app: hr,912,20072,1,0
 0> <info> app: hr,913,20074,3,0
 0> <info> app: hr,914,20091,20,0
 0> <info> app: hr,915,20065,-6,0
 0> <info> app: hr,916,20062,-9,0
 0> <info> app: hr,917,20087,16,0
 0> <info> app: hr,918,20079,7,0
 0> <info> app: hr,919,20050,-21,0
 0> <info> app: hr,920,20067,-3,0
 0> <info> app: hr,921,20050,-20,0
 0> <info> app: hr,922,20078,8,0
 0> <info> app: hr,923,20047,-22,0
 0> <info> app: hr,924,20056,-12,0
 0> <info> app: hr,925,20058,-10,0
 0> <info> app: hr,926,20055,-12,0
 0> <info> app: hr,927,20051,-16,1
 0> <info> app: hr,928,20049,-17,1
 0> <info> app: hr,929,20051,-14,1
 0> <info> app: hr,930,20059,-5,1
 0> <info> app: hr,931,20074,9,2
 0> <info> app: hr,932,20055,-9,2
 0> <info> app: hr,933,20055,-9,2
 0> <info> app: hr,934,20047,-16,2
 0> <info> app: hr,935,20054,-9,3
 0> <info> app: hr,936,20084,21,3
 0> <info> app: hr,937,20054,-9,3
 0> <info> app: hr,938,20064,0,3
 0> <info> app: hr,939,20075,11,3
 0> <info> app: hr,940,20060,-3,4
 0> <info> app: hr,941,20072,8,4
 0> <info> app: hr,942,20070,5,4
 0> <info> app: hr,943,20053,-11,4
 0> <info> app: hr,944,20058,-5,4
 0> <info> app: hr,945,20054,-9,4
 0> <info> app: hr,946,20066,2,4
 0> <info> app: hr,947,20061,-2,4
 0> <info> app: hr,948,20064,0,4
 0> <info> app: hr,949,20063,0,4
 0> <info> app: hr,950,20038,-25,4
 0> <info> app: hr,951,20068,6,4
 0> <info> app: hr,952,20062,0,4
 0> <info> app: hr,953,20061,-1,4
 0> <info> app: hr,954,20058,-4,4
 0> <info> app: hr,955,20056,-5,4
 0> <info> app: hr,956,20040,-21,4
 0> <info> app: hr,957,20048,-12,4
 0> <info> app: hr,958,20062,2,4
 0> <info> app: hr,959,20052,-7,4
 0> <info> app: hr,960,20083,23,4
 0> <info> app: hr,961,20055,-5,4
 0> <info> app: hr,962,20073,12,4
 0> <info> app: hr,963,20061,0,4
 0> <info> app: hr,964,20050,-11,3
 0> <info> app: hr,965,20049,-11,3
 0> <info> app: hr,966,20070,10,3
 0> <info> app: hr,967,20070,9,3
 0> <info> app: hr,968,20096,35,3
 0> <info> app: hr,969,20043,-19,3
 0> <info> app: hr,970,20066,4,3
 0> <info> app: hr,971,20049,-12,2
 0> <info> app: hr,972,20059,-2,2
 0> <info> app: hr,973,20079,17,2
 0> <info> app: hr,974,20063,0,2
 0> <info> app: hr,975,20044,-18,2
 0> <info> app: hr,976,20058,-3,2
 0> <info> app: hr,977,20082,20,2
 0> <info> app: hr,978,20076,13,1
 0> <info> app: hr,979,20061,-1,1
 0> <info> app: hr,980,20047,-15,1
 0> <info> app: hr,981,20045,-16,1
 0> <info> app: hr,982,20067,5,1
 0> <info> app: hr,983,20056,-5,1
 0> <info> app: hr,984,20063,1,1
 0> <info> app: hr,985,20067,5,1
 0> <info> app: hr,986,20059,-2,0
 0> <info> app: hr,987,20050,-11,0
 0> <info> app: hr,988,20053,-7,0
 0> <info> app: hr,989,20068,7,0
 0> <info> app: hr,990,20024,-36,0
 0> <info> app: hr,991,20058,0,0
 0> <info> app: hr,992,20059,0,1
 0> <info> app: hr,993,20040,-18,1
 0> <info> app: hr,994,20059,1,1
 0> <info> app: hr,995,20078,19,1
 0> <info> app: hr,996,20061,1,1
 0> <info> app: hr,997,20055,-4,1
 0> <info> app: hr,998,20071,12,1
 0> <info> app: hr,999,20062,2,1
 0> <info> app: hr,1000,20060,0,1
 0> <info> app: hr,1001,20088,28,1
 0> <info> app: hr,1002,20053,-8,1
 0> <info> app: hr,1003,20054,-6,1
 0> <info> app: hr,1004,20069,8,0
 0> <info> app: hr,1005,20088,27,0
 0> <info> app: hr,1006,20074,11,0
 0> <info> app: hr,1007,20042,-20,0
 0> <info> app: hr,1008,20072,10,0
 0> <info> app: hr,1009,20095,32,0
 0> <info> app: hr,1010,20053,-10,0
 0> <info> app: hr,1011,20060,-3,0
 0> <info> app: hr,1012,20032,-31,0
 0> <info> app: hr,1013,20064,2,0
 0> <info> app: hr,1014,20066,4,0
 0> <info> app: hr,1015,20050,-11,0
 0> <info> app: hr,1016,20055,-6,0
 0> <info> app: hr,1017,20066,5,0
 0> <info> app: hr,1018,20062,0,0
 0> <info> app: hr,1019,20078,16,0
 0> <info> app: hr,1020,20068,5,0
 0> <info> app: hr,1021,20039,-23,0
 0> <info> app: hr,1022,20051,-10,0
 0> <info> app: hr,1023,20043,-17,0
 0> <info> app: hr,1024,20074,14,0
 0> <info> app: hr,1025,20085,24,0
 0> <info> app: hr,1026,20068,6,0
 0> <info> app: hr,1027,20049,-13,0
 0> <info> app: hr,1028,20051,-10,0
 0> <info> app: hr,1029,20057,-3,0
 0> <info> app: hr,1030,20051,-9,0
 0> <info> app: hr,1031,20072,11,0
 0> <info> app: hr,1032,20044,-16,0
 0> <info> app: hr,1033,20051,-8,0
 0> <info> app: hr,1034,20083,23,0
 0> <info> app: hr,1035,20074,13,0
 0> <info> app: hr,1036,20082,20,0
 0> <info> app: hr,1037,20076,13,0
 0> <info> app: hr,1038,20048,-15,0
 0> <info> app: hr,1039,20059,-3,0
 0> <info> app: hr,1040,20066,3,0
 0> <info> app: hr,1041,20040,-22,0
 0> <info> app: hr,1042,20067,5,0
 0> <info> app: hr,1043,20074,12,0
 0> <info> app: hr,1044,20039,-23,0
 0> <info> app: hr,1045,20073,12,0
 0> <info> app: hr,1046,20075,13,0
 0> <info> app: hr,1047,20051,-11,0
 0> <info> app: hr,1048,20082,20,0
 0> <info> app: hr,1049,20038,-24,0
 0> <info> app: hr,1050,20043,-18,0
 0> <info> app: hr,1051,20057,-3,0
 0> <info> app: hr,1052,20068,7,0
 0> <info> app: hr,1053,20084,23,0
 0> <info> app: hr,1054,20070,8,0
 0> <info> app: hr,1055,20079,16,0
 0> <info> app: hr,1056,20051,-12,0
 0> <info> app: hr,1057,20063,0,0
 0> <info> app: hr,1058,20062,0,0
 0> <info> app: hr,1059,20065,2,0
 0> <info> app: hr,1060,20063,0,0
 0> <info> app: hr,1061,20052,-10,0
 0> <info> app: hr,1062,20083,20,0
 0> <info> app: hr,1063,20077,13,0
 0> <info> app: hr,1064,20086,22,0
 0> <info> app: hr,1065,20063,-1,0
 0> <info> app: hr,1066,20071,6,-1
 0> <info> app: hr,1067,20075,9,-1
 0> <info> app: hr,1068,20031,-34,-1
 0> <info> app: hr,1069,20055,-8,-1
 0> <info> app: hr,1070,20057,-6,-1
 0> <info> app: hr,1071,20064,0,-1
 0> <info> app: hr,1072,20062,-1,-1
 0> <info> app: hr,1073,20065,1,-1
 0> <info> app: hr,1074,20056,-7,-1
 0> <info> app: hr,1075,20043,-19,-1
 0> <info> app: hr,1076,20061,0,-1
 0> <info> app: hr,1077,20067,5,0
 0> <info> app: hr,1078,20068,5,0
 0> <info> app: hr,1079,20092,29,0
 0> <info> app: hr,1080,20036,-27,0
 0> <info> app: hr,1081,20049,-13,0
 0> <info> app: hr,1082,20070,8,0
 0> <info> app: hr,1083,20041,-21,0
 0> <info> app: hr,1084,20062,0,0
 0> <info> app: hr,1085,20054,-7,0
 0> <info> app: hr,1086,20063,2,0
 0> <info> app: hr,1087,20057,-3,0
 0> <info> app: hr,1088,20046,-14,0
 0> <info> app: hr,1089,20078,17,0
 0> <info> app: hr,1090,20031,-29,0
 0> <info> app: hr,1091,20055,-4,0
 0> <info> app: hr,1092,20084,24,0
 0> <info> app: hr,1093,20032,-28,1
 0> <info> app: hr,1094,20067,7,1
 0> <info> app: hr,1095,20069,9,1
 0> <info> app: hr,1096,20059,0,1
 0> <info> app: hr,1097,20059,0,1
 0> <info> app: hr,1098,20040,-19,1
 0> <info> app: hr,1099,20049,-9,1
 0> <info> app: hr,1100,20074,15,1
 0> <info> app: hr,1101,20063,3,1
 0> <info> app: hr,1102,20071,11,1
 0> <info> app: hr,1103,20065,5,1
 0> <info> app: hr,1104,20067,6,1
 0> <info> app: hr,1105,20071,10,1
 0> <info> app: hr,1106,20079,17,1
 0> <info> app: hr,1107,20068,6,1
 0> <info> app: hr,1108,20094,31,1
 0> <info> app: hr,1109,20054,-9,1
 0> <info> app: hr,1110,20055,-8,0
 0> <info> app: hr,1111,20064,1,0
 0> <info> app: hr,1112,20055,-7,0
 0> <info> app: hr,1113,20060,-2,0
 0> <info> app: hr,1114,20063,0,0
 0> <info> app: hr,1115,20067,4,0
 0> <info> app: hr,1116,20053,-9,0
 0> <info> app: hr,1117,20047,-15,0
 0> <info> app: hr,1118,20046,-15,0
 0> <info> app: hr,1119,20066,5,0
 0> <info> app: hr,1120,20063,2,0
 0> <info> app: hr,1121,20034,-27,0
 0> <info> app: hr,1122,20056,-3,0
 0> <info> app: hr,1123,20057,-2,0
 0> <info> app: hr,1124,20048,-11,0
 0> <info> app: hr,1125,20078,19,0
 0> <info> app: hr,1126,20064,4,0
 0> <info> app: hr,1127,20067,7,0
 0> <info> app: hr,1128,20064,3,0
 0> <info> app: hr,1129,20071,10,0
 0> <info> app: hr,1130,20052,-9,0
 0> <info> app: hr,1131,20058,-2,0
 0> <info> app: hr,1132,20064,3,0
 0> <info> app: hr,1133,20057,-3,0
 0> <info> app: hr,1134,20084,23,0
 0> <info> app: hr,1135,20073,11,0
 0> <info> app: hr,1136,20088,25,0
 0> <info> app: hr,1137,20089,25,0
 0> <info> app: hr,1138,20053,-11,0
 0> <info> app: hr,1139,20063,-1,0
 0> <info> app: hr,1140,20076,11,0
 0> <info> app: hr,1141,20067,2,0
 0> <info> app: hr,1142,20092,27,-1
 0> <info> app: hr,1143,20050,-16,-1
 0> <info> app: hr,1144,20089,23,-1
 0> <info> app: hr,1145,20087,20,-1
 0> <info> app: hr,1146,20098,30,-2
 0> <info> app: hr,1147,20070,0,-2
 0> <info> app: hr,1148,20056,-13,-2
 0> <info> app: hr,1149,20077,8,-3
 0> <info> app: hr,1150,20071,2,-3
 0> <info> app: hr,1151,20065,-4,-3
 0> <info> app: hr,1152,20052,-16,-3
 0> <info> app: hr,1153,20076,8,-3
 0> <info> app: hr,1154,20075,6,-3
 0> <info> app: hr,1155,20053,-15,-4
 0> <info> app: hr,1156,20070,2,-4
 0> <info> app: hr,1157,20060,-8,-4
 0> <info> app: hr,1158,20060,-7,-4
 0> <info> app: hr,1159,20090,22,-3
 0> <info> app: hr,1160,20062,-6,-3
 0> <info> app: hr,1161,20072,3,-3
 0> <info> app: hr,1162,20077,8,-3
 0> <info> app: hr,1163,20068,0,-3
 0> <info> app: hr,1164,20076,7,-3
 0> <info> app: hr,1165,20066,-3,-3
 0> <info> app: hr,1166,20055,-13,-3
 0> <info> app: hr,1167,20088,19,-3
 0> <info> app: hr,1168,20060,-9,-3
 0> <info> app: hr,1169,20052,-16,-3
 0> <info> app: hr,1170,20061,-6,-3
 0> <info> app: hr,1171,20074,6,-3
 0> <info> app: hr,1172,20085,17,-3
 0> <info> app: hr,1173,20059,-9,-2
 0> <info> app: hr,1174,20063,-5,-2
 0> <info> app: hr,1175,20039,-28,-2
 0> <info> app: hr,1176,20054,-12,-2
 0> <info> app: hr,1177,20052,-13,-2
 0> <info> app: hr,1178,20073,7,-1
 0> <info> app: hr,1179,20077,11,-1
 0> <info> app: hr,1180,20064,-2,-1
 0> <info> app: hr,1181,20051,-15,-1
 0> <info> app: hr,1182,20075,9,0
 0> <info> app: hr,1183,20076,10,0
 0> <info> app: hr,1184,20068,1,0
 0> <info> app: hr,1185,20071,4,0
 0> <info> app: hr,1186,20061,-5,0
 0> <info> app: hr,1187,20064,-2,0
 0> <info> app: hr,1188,20065,-1,0
 0> <info> app: hr,1189,20070,3,0
 0> <info> app: hr,1190,20068,1,0
 0> <info> app: hr,1191,20060,-6,0
 0> <info> app: hr,1192,20056,-10,0
 0> <info> app: hr,1193,20067,1,0
 0> <info> app: hr,1194,20087,21,0
 0> <info> app: hr,1195,20073,6,0
 0> <info> app: hr,1196,20074,6,0
 0> <info> app: hr,1197,20085,17,0
 0> <info> app: hr,1198,20049,-19,0
 0> <info> app: hr,1199,20066,-1,0
 0> <info> app: hr,1200,20067,0,0
 0> <info> app: hr,1201,20059,-8,0
 0> <info> app: hr,1202,20074,7,0
 0> <info> app: hr,1203,20093,25,0
 0> <info> app: hr,1204,20051,-17,0
 0> <info> app: hr,1205,20057,-10,0
 0> <info> app: hr,1206,20080,12,0
 0> <info> app: hr,1207,20057,-10,0
 0> <info> app: hr,1208,20054,-13,0
 0> <info> app: hr,1209,20062,-4,0
 0> <info> app: hr,1210,20060,-6,0
 0> <info> app: hr,1211,20058,-7,0
 0> <info> app: hr,1212,20050,-15,0
 0> <info> app: hr,1213,20073,8,0
 0> <info> app: hr,1214,20041,-24,0
 0> <info> app: hr,1215,20075,10,0
 0> <info> app: hr,1216,20069,4,0
 0> <info> app: hr,1217,20037,-27,1
 0> <info> app: hr,1218,20060,-3,1
 0> <info> app: hr,1219,20052,-11,1
 0> <info> app: hr,1220,20082,19,1
 0> <info> app: hr,1221,20058,-5,1
 0> <info> app: hr,1222,20061,-2,1
 0> <info> app: hr,1223,20059,-4,1
 0> <info> app: hr,1224,20056,-7,1
 0> <info> app: hr,1225,20083,20,2
 0> <info> app: hr,1226,20051,-12,2
 0> <info> app: hr,1227,20067,3,2
 0> <info> app: hr,1228,20059,-4,2
 0> <info> app: hr,1229,20055,-8,2
 0> <info> app: hr,1230,20046,-16,2
 0> <info> app: hr,1231,20074,12,2
 0> <info> app: hr,1232,20088,25,2
 0> <info> app: hr,1233,20045,-18,2
 0> <info> app: hr,1234,20040,-22,2
 0> <info> app: hr,1235,20067,5,2
 0> <info> app: hr,1236,20040,-21,2
 0> <info> app: hr,1237,20075,14,2
 0> <info> app: hr,1238,20033,-28,2
 0> <info> app: hr,1239,20056,-4,2
 0> <info> app: hr,1240,20049,-10,2
 0> <info> app: hr,1241,20061,1,2
 0> <info> app: hr,1242,20045,-14,3
 0> <info> app: hr,1243,20061,2,3
 0> <info> app: hr,1244,20054,-4,3
 0> <info> app: hr,1245,20039,-19,3
 0> <info> app: hr,1246,20044,-13,3
 0> <info> app: hr,1247,20066,9,3
 0> <info> app: hr,1248,20054,-3,3
 0> <info> app: hr,1249,20096,38,3
 0> <info> app: hr,1250,20076,16,3
 0> <info> app: hr,1251,20073,13,3
 0> <info> app: hr,1252,20060,0,3
 0> <info> app: hr,1253,20067,6,3
 0> <info> app: hr,1254,20053,-7,3
 0> <info> app: hr,1255,20038,-22,3
 0> <info> app: hr,1256,20061,1,2
 0> <info> app: hr,1257,20025,-34,2
 0> <info> app: hr,1258,20043,-14,2
 0> <info> app: hr,1259,20033,-24,2
 0> <info> app: hr,1260,20047,-8,3
 0> <info> app: hr,1261,20044,-11,3
 0> <info> app: hr,1262,20054,0,3
 0> <info> app: hr,1263,20064,9,3
 0> <info> app: hr,1264,20037,-18,3
 0> <info> app: hr,1265,20074,19,3
 0> <info> app: hr,1266,20056,0,3
 0> <info> app: hr,1267,20055,0,3
 0> <info> app: hr,1268,20034,-21,3
 0> <info> app: hr,1269,20051,-3,3
 0> <info> app: hr,1270,20070,15,3
 0> <info> app: hr,1271,20055,0,3
 0> <info> app: hr,1272,20056,1,3
 0> <info> app: hr,1273,20053,-1,3
 0> <info> app: hr,1274,20032,-22,3
 0> <info> app: hr,1275,20081,27,3
 0> <info> app: hr,1276,20039,-16,3
 0> <info> app: hr,1277,20061,6,3
 0> <info> app: hr,1278,20064,9,3
 0> <info> app: hr,1279,20052,-3,3
 0> <info> app: hr,1280,20060,5,3
 0> <info> app: hr,1281,20058,2,3
 0> <info> app: hr,1282,20058,2,3
 0> <info> app: hr,1283,20062,6,2
 0> <info> app: hr,1284,20031,-24,2
 0> <info> app: hr,1285,20043,-11,2
 0> <info> app: hr,1286,20062,8,2
 0> <info> app: hr,1287,20065,10,2
 0> <info> app: hr,1288,20067,12,2
 0> <info> app: hr,1289,20062,6,2
 0> <info> app: hr,1290,20078,22,2
 0> <info> app: hr,1291,20054,-2,1
 0> <info> app: hr,1292,20071,14,1
 0> <info> app: hr,1293,20062,4,1
 0> <info> app: hr,1294,20062,4,1
 0> <info> app: hr,1295,20064,6,0
 0> <info> app: hr,1296,20065,6,0
 0> <info> app: hr,1297,20085,26,0
 0> <info> app: hr,1298,20043,-16,0
 0> <info> app: hr,1299,20059,0,0
 0> <info> app: hr,1300,20070,10,0
 0> <info> app: hr,1301,20042,-17,0
 0> <info> app: hr,1302,20059,0,0
 0> <info> app: hr,1303,20063,4,-1
 0> <info> app: hr,1304,20040,-18,-1
 0> <info> app: hr,1305,20078,20,-1
 0> <info> app: hr,1306,20047,-11,-1
 0> <info> app: hr,1307,20054,-4,-1
 0> <info> app: hr,1308,20049,-9,-1
 0> <info> app: hr,1309,20058,0,-1
 0> <info> app: hr,1310,20052,-5,-1
 0> <info> app: hr,1311,20049,-8,-1
 0> <info> app: hr,1312,20061,3,-1
 0> <info> app: hr,1313,20050,-7,-1
 0> <info> app: hr,1314,20068,11,-1
 0> <info> app: hr,1315,20054,-3,-1
 0> <info> app: hr,1316,20037,-20,-1
 0> <info> app: hr,1317,20057,0,-1
 0> <info> app: hr,1318,20041,-15,0
 0> <info> app: hr,1319,20050,-5,0
 0> <info> app: hr,1320,20047,-8,0
 0> <info> app: hr,1321,20053,-1,0
 0> <info> app: hr,1322,20079,24,0
 0> <info> app: hr,1323,20055,0,0
 0> <info> app: hr,1324,20065,9,0
 0> <info> app: hr,1325,20060,3,0
 0> <info> app: hr,1326,20044,-12,0
 0> <info> app: hr,1327,20064,8,0
 0> <info> app: hr,1328,20056,0,0
 0> <info> app: hr,1329,20060,3,0
 0> <info> app: hr,1330,20069,12,0
 0> <info> app: hr,1331,20057,0,0
 0> <info> app: hr,1332,20043,-14,0
 0> <info> app: hr,1333,20041,-15,0
 0> <info> app: hr,1334,20067,11,0
 0> <info> app: hr,1335,20040,-16,0
 0> <info> app: hr,1336,20056,0,0
 0> <info> app: hr,1337,20081,25,0
 0> <info> app: hr,1338,20053,-3,0
 0> <info> app: hr,1339,20060,3,0
 0> <info> app: hr,1340,20051,-5,0
 0> <info> app: hr,1341,20039,-17,0
 0> <info> app: hr,1342,20063,7,0
 0> <info> app: hr,1343,20052,-3,0
 0> <info> app: hr,1344,20043,-12,0
 0> <info> app: hr,1345,20041,-14,0
 0> <info> app: hr,1346,20065,10,0
 0> <info> app: hr,1347,20063,8,0
 0> <info> app: hr,1348,20083,27,0
 0> <info> app: hr,1349,20075,18,0
 0> <info> app: hr,1350,20067,9,0
 0> <info> app: hr,1351,20062,3,0
 0> <info> app: hr,1352,20046,-12,0
 0> <info> app: hr,1353,20047,-10,0
 0> <info> app: hr,1354,20073,15,0
 0> <info> app: hr,1355,20062,4,0
 0> <info> app: hr,1356,20065,6,0
 0> <info> app: hr,1357,20052,-6,0
 0> <info> app: hr,1358,20077,18,0
 0> <info> app: hr,1359,20071,11,0
 0> <info> app: hr,1360,20092,32,0
 0> <info> app: hr,1361,20094,32,-1
 0> <info> app: hr,1362,20055,-7,-1
 0> <info> app: hr,1363,20080,17,-1
 0> <info> app: hr,1364,20085,21,-2
 0> <info> app: hr,1365,20069,4,-2
 0> <info> app: hr,1366,20060,-4,-2
 0> <info> app: hr,1367,20055,-9,-3
 0> <info> app: hr,1368,20065,0,-3
 0> <info> app: hr,1369,20077,12,-3
 0> <info> app: hr,1370,20057,-7,-3
 0> <info> app: hr,1371,20067,2,-3
 0> <info> app: hr,1372,20052,-12,-4
 0> <info> app: hr,1373,20059,-4,-4
 0> <info> app: hr,1374,20076,12,-4
 0> <info> app: hr,1375,20060,-4,-4
 0> <info> app: hr,1376,20067,3,-4
 0> <info> app: hr,1377,20068,3,-4
 0> <info> app: hr,1378,20063,-1,-4
 0> <info> app: hr,1379,20052,-12,-4
 0> <info> app: hr,1380,20055,-8,-4
 0> <info> app: hr,1381,20068,4,-4
 0> <info> app: hr,1382,20072,8,-3
 0> <info> app: hr,1383,20076,12,-3
 0> <info> app: hr,1384,20066,1,-3
 0> <info> app: hr,1385,20043,-21,-3
 0> <info> app: hr,1386,20045,-18,-3
 0> <info> app: hr,1387,20058,-4,-3
 0> <info> app: hr,1388,20057,-5,-3
 0> <info> app: hr,1389,20075,12,-2
 0> <info> app: hr,1390,20063,0,-2
 0> <info> app: hr,1391,20062,0,-2
 0> <info> app: hr,1392,20079,16,-2
 0> <info> app: hr,1393,20068,4,-2
 0> <info> app: hr,1394,20049,-14,-2
 0> <info> app: hr,1395,20055,-8,-2
 0> <info> app: hr,1396,20065,2,-1
 0> <info> app: hr,1397,20049,-13,-1
 0> <info> app: hr,1398,20116,53,-1
 0> <info> app: hr,1399,20083,18,-1
 0> <info> app: hr,1400,20061,-4,-1
 0> <info> app: hr,1401,20073,7,-1
 0> <info> app: hr,1402,20082,16,-1
 0> <info> app: hr,1403,20062,-4,-1
 0> <info> app: hr,1404,20061,-5,-1
 0> <info> app: hr,1405,20056,-10,-2
 0> <info> app: hr,1406,20068,2,-2
 0> <info> app: hr,1407,20035,-30,-1
 0> <info> app: hr,1408,20082,17,-1
 0> <info> app: hr,1409,20077,11,-1
 0> <info> app: hr,1410,20077,11,-1
 0> <info> app: hr,1411,20080,13,-1
 0> <info> app: hr,1412,20071,4,-1
 0> <info> app: hr,1413,20063,-4,-1
 0> <info> app: hr,1414,20077,10,-2
 0> <info> app: hr,1415,20084,16,-2
 0> <info> app: hr,1416,20075,6,-2
 0> <info> app: hr,1417,20062,-6,-2
 0> <info> app: hr,1418,20082,13,-2
 0> <info> app: hr,1419,20050,-18,-2
 0> <info> app: hr,1420,20064,-4,-2
 0> <info> app: hr,1421,20061,-6,-2
 0> <info> app: hr,1422,20076,8,-2
 0> <info> app: hr,1423,20072,4,-2
 0> <info> app: hr,1424,20066,-2,-2
 0> <info> app: hr,1425,20073,5,-2
 0> <info> app: hr,1426,20061,-7,-2
 0> <info> app: hr,1427,20043,-24,-2
 0> <info> app: hr,1428,20082,15,-2
 0> <info> app: hr,1429,20075,7,-2
 0> <info> app: hr,1430,20087,19,-2
 0> <info> app: hr,1431,20078,9,-2
 0> <info> app: hr,1432,20086,16,-2
 0> <info> app: hr,1433,20058,-12,-2
 0> <info> app: hr,1434,20064,-5,-2
 0> <info> app: hr,1435,20066,-3,-2
 0> <info> app: hr,1436,20067,-2,-2
 0> <info> app: hr,1437,20073,4,-2
 0> <info> app: hr,1438,20071,1,-2
 0> <info> app: hr,1439,20062,-7,-2
 0> <info> app: hr,1440,20065,-3,-2
 0> <info> app: hr,1441,20070,1,-1
 0> <info> app: hr,1442,20059,-9,-1
 0> <info> app: hr,1443,20066,-2,-1
 0> <info> app: hr,1444,20062,-6,-1
 0> <info> app: hr,1445,20053,-14,-1
 0> <info> app: hr,1446,20081,13,-1
 0> <info> app: hr,1447,20070,2,-1
 0> <info> app: hr,1448,20071,3,-1
 0> <info> app: hr,1449,20082,13,-1
 0> <info> app: hr,1450,20062,-6,-1
 0> <info> app: hr,1451,20075,6,0
 0> <info> app: hr,1452,20059,-9,0
 0> <info> app: hr,1453,20065,-3,0
 0> <info> app: hr,1454,20072,3,0
 0> <info> app: hr,1455,20091,22,0
 0> <info> app: hr,1456,20062,-7,0
 0> <info> app: hr,1457,20043,-26,0
 0> <info> app: hr,1458,20065,-2,0
 0> <info> app: hr,1459,20059,-8,0
 0> <info> app: hr,1460,20060,-7,0
 0> <info> app: hr,1461,20064,-2,0
 0> <info> app: hr,1462,20063,-3,0
 0> <info> app: hr,1463,20059,-7,0
 0> <info> app: hr,1464,20073,6,0
 0> <info> app: hr,1465,20068,1,0
 0> <info> app: hr,1466,20054,-12,0
 0> <info> app: hr,1467,20066,0,0
 0> <info> app: hr,1468,20070,4,0
 0> <info> app: hr,1469,20063,-3,0
 0> <info> app: hr,1470,20067,1,0
 0> <info> app: hr,1471,20077,10,0
 0> <info> app: hr,1472,20083,16,1
 0> <info> app: hr,1473,20042,-25,1
 0> <info> app: hr,1474,20068,1,1
 0> <info> app: hr,1475,20072,5,1
 0> <info> app: hr,1476,20044,-22,1
 0> <info> app: hr,1477,20057,-8,1
 0> <info> app: hr,1478,20061,-3,1
 0> <info> app: hr,1479,20084,19,1
 0> <info> app: hr,1480,20065,0,1
 0> <info> app: hr,1481,20037,-28,1
 0> <info> app: hr,1482,20057,-7,1
 0> <info> app: hr,1483,20077,13,1
 0> <info> app: hr,1484,20058,-6,1
 0> <info> app: hr,1485,20077,12,1
 0> <info> app: hr,1486,20053,-11,1
 0> <info> app: hr,1487,20060,-4,1
 0> <info> app: hr,1488,20044,-20,1
 0> <info> app: hr,1489,20094,30,2
 0> <info> app: hr,1490,20064,0,2
 0> <info> app: hr,1491,20061,-3,2
 0> <info> app: hr,1492,20061,-3,2
 0> <info> app: hr,1493,20059,-5,2
 0> <info> app: hr,1494,20073,9,2
 0> <info> app: hr,1495,20061,-3,1
 0> <info> app: hr,1496,20051,-13,1
 0> <info> app: hr,1497,20065,1,1
 0> <info> app: hr,1498,20042,-21,1
 0> <info> app: hr,1499,20046,-16,2
 0> <info> app: hr,1500,20019,-42,2
 0> <info> app: hr,1501,20055,-4,2
 0> <info> app: hr,1502,20068,8,2
 0> <info> app: hr,1503,20065,5,2
 0> <info> app: hr,1504,20063,2,2
 0> <info> app: hr,1505,20080,19,3
 0> <info> app: hr,1506,20058,-3,3
 0> <info> app: hr,1507,20074,12,3
 0> <info> app: hr,1508,20043,-18,3
 0> <info> app: hr,1509,20074,13,3
 0> <info> app: hr,1510,20068,6,2
 0> <info> app: hr,1511,20064,2,2
 0> <info> app: hr,1512,20057,-4,2
 0> <info> app: hr,1513,20065,3,2
 0> <info> app: hr,1514,20059,-2,2
 0> <info> app: hr,1515,20045,-16,2
 0> <info> app: hr,1516,20056,-4,2
 0> <info> app: hr,1517,20038,-22,2
 0> <info> app: hr,1518,20042,-17,2
 0> <info> app: hr,1519,20043,-15,2
 0> <info> app: hr,1520,20058,0,2
 0> <info> app: hr,1521,20063,5,2
 0> <info> app: hr,1522,20045,-13,3
 0> <info> app: hr,1523,20065,7,3
 0> <info> app: hr,1524,20044,-13,3
 0> <info> app: hr,1525,20029,-28,3
 0> <info> app: hr,1526,20074,18,3
 0> <info> app: hr,1527,20034,-22,3
 0> <info> app: hr,1528,20058,2,3
 0> <info> app: hr,1529,20059,3,3
 0> <info> app: hr,1530,20060,4,3
 0> <info> app: hr,1531,20049,-6,3
 0> <info> app: hr,1532,20075,19,3
 0> <info> app: hr,1533,20061,4,3
 0> <info> app: hr,1534,20047,-9,3
 0> <info> app: hr,1535,20061,4,3
 0> <info> app: hr,1536,20053,-3,3
 0> <info> app: hr,1537,20046,-10,3
 0> <info> app: hr,1538,20066,10,3
 0> <info> app: hr,1539,20060,3,3
 0> <info> app: hr,1540,20058,1,3
 0> <info> app: hr,1541,20035,-21,3
 0> <info> app: hr,1542,20060,4,3
 0> <info> app: hr,1543,20071,15,3
 0> <info> app: hr,1544,20069,12,3
 0> <info> app: hr,1545,20058,0,2
 0> <info> app: hr,1546,20047,-10,2
 0> <info> app: hr,1547,20064,7,2
 0> <info> app: hr,1548,20054,-3,2
 0> <info> app: hr,1549,20042,-14,2
 0> <info> app: hr,1550,20065,8,2
 0> <info> app: hr,1551,20046,-10,2
 0> <info> app: hr,1552,20067,10,2
 0> <info> app: hr,1553,20039,-17,1
 0> <info> app: hr,1554,20083,27,1
 0> <info> app: hr,1555,20061,3,1
 0> <info> app: hr,1556,20053,-4,1
 0> <info> app: hr,1557,20069,11,1
 0> <info> app: hr,1558,20056,-1,1
 0> <info> app: hr,1559,20064,6,1
 0> <info> app: hr,1560,20052,-5,0
 0> <info> app: hr,1561,20037,-20,0
 0> <info> app: hr,1562,20048,-8,0
 0> <info> app: hr,1563,20076,19,0
 0> <info> app: hr,1564,20053,-4,0
 0> <info> app: hr,1565,20055,-1,0
 0> <info> app: hr,1566,20064,7,0
 0> <info> app: hr,1567,20043,-14,0
 0> <info> app: hr,1568,20053,-3,0
 0> <info> app: hr,1569,20072,15,0
 0> <info> app: hr,1570,20067,9,0
 0> <info> app: hr,1571,20077,19,0
 0> <info> app: hr,1572,20042,-16,0
 0> <info> app: hr,1573,20037,-20,0
 0> <info> app: hr,1574,20070,13,0
 0> <info> app: hr,1575,20049,-8,0
 0> <info> app: hr,1576,20064,7,0
 0> <info> app: hr,1577,20058,0,0
 0> <info> app: hr,1578,20057,0,0
 0> <info> app: hr,1579,20062,4,0
 0> <info> app: hr,1580,20058,0,0
 0> <info> app: hr,1581,20062,4,0
 0> <info> app: hr,1582,20026,-31,0
 0> <info> app: hr,1583,20059,2,0
 0> <info> app: hr,1584,20062,5,0
 0> <info> app: hr,1585,20064,7,0
 0> <info> app: hr,1586,20063,6,0
 0> <info> app: hr,1587,20047,-10,0
 0> <info> app: hr,1588,20037,-19,0
 0> <info> app: hr,1589,20050,-5,0
 0> <info> app: hr,1590,20071,15,0
 0> <info> app: hr,1591,20064,7,0
 0> <info> app: hr,1592,20052,-4,0
 0> <info> app: hr,1593,20082,25,0
 0> <info> app: hr,1594,20047,-10,0
 0> <info> app: hr,1595,20084,26,0
 0> <info> app: hr,1596,20057,-1,0
 0> <info> app: hr,1597,20039,-19,0
 0> <info> app: hr,1598,20040,-17,0
 0> <info> app: hr,1599,20053,-3,0
 0> <info> app: hr,1600,20082,25,0
 0> <info> app: hr,1601,20065,7,0
 0> <info> app: hr,1602,20040,-18,0
 0> <info> app: hr,1603,20050,-7,0
 0> <info> app: hr,1604,20040,-16,0
 0> <info> app: hr,1605,20073,17,0
 0> <info> app: hr,1606,20072,15,0
 0> <info> app: hr,1607,20047,-10,0
 0> <info> app: hr,1608,20068,10,0
 0> <info> app: hr,1609,20053,-4,0
 0> <info> app: hr,1610,20063,5,0
 0> <info> app: hr,1611,20038,-19,0
 0> <info> app: hr,1612,20066,9,0
 0> <info> app: hr,1613,20043,-14,0
 0> <info> app: hr,1614,20064,7,0
 0> <info> app: hr,1615,20041,-15,0
 0> <info> app: hr,1616,20068,11,0
 0> <info> app: hr,1617,20080,23,0
 0> <info> app: hr,1618,20063,5,0
 0> <info> app: hr,1619,20066,7,0
 0> <info> app: hr,1620,20063,4,0
 0> <info> app: hr,1621,20067,8,0
 0> <info> app: hr,1622,20065,5,0
 0> <info> app: hr,1623,20067,7,0
 0> <info> app: hr,1624,20033,-26,0
 0> <info> app: hr,1625,20049,-9,0
 0> <info> app: hr,1626,20067,9,0
 0> <info> app: hr,1627,20049,-9,0
 0> <info> app: hr,1628,20077,19,0
 0> <info> app: hr,1629,20065,6,0
 0> <info> app: hr,1630,20051,-8,0
 0> <info> app: hr,1631,20071,12,0
 0> <info> app: hr,1632,20066,6,0
 0> <info> app: hr,1633,20047,-12,0
 0> <info> app: hr,1634,20078,18,-1
 0> <info> app: hr,1635,20095,34,-1
 0> <info> app: hr,1636,20030,-31,-1
 0> <info> app: hr,1637,20066,5,-1
 0> <info> app: hr,1638,20062,1,-1
 0> <info> app: hr,1639,20055,-5,-1
 0> <info> app: hr,1640,20063,2,-1
 0> <info> app: hr,1641,20059,-1,-1
 0> <info> app: hr,1642,20063,2,-1
 0> <info> app: hr,1643,20050,-10,-1
 0> <info> app: hr,1644,20075,15,-1
 0> <info> app: hr,1645,20052,-8,-1
 0> <info> app: hr,1646,20058,-2,-1
 0> <info> app: hr,1647,20050,-10,-1
 0> <info> app: hr,1648,20048,-11,-1
 0> <info> app: hr,1649,20063,3,-1
 0> <info> app: hr,1650,20060,0,-1
 0> <info> app: hr,1651,20059,0,-1
 0> <info> app: hr,1652,20082,22,-1
 0> <info> app: hr,1653,20059,-1,-1
 0> <info> app: hr,1654,20095,34,-1
 0> <info> app: hr,1655,20063,0,-1
 0> <info> app: hr,1656,20068,5,-1
 0> <info> app: hr,1657,20073,10,-1
 0> <info> app: hr,1658,20059,-3,-1
 0> <info> app: hr,1659,20081,18,-1
 0> <info> app: hr,1660,20069,5,-1
 0> <info> app: hr,1661,20073,9,-2
 0> <info> app: hr,1662,20055,-9,-2
 0> <info> app: hr,1663,20068,4,-2
 0> <info> app: hr,1664,20070,5,-2
 0> <info> app: hr,1665,20081,16,-2
 0> <info> app: hr,1666,20087,21,-2
 0> <info> app: hr,1667,20055,-11,-2
 0> <info> app: hr,1668,20075,9,-2
 0> <info> app: hr,1669,20076,9,-3
 0> <info> app: hr,1670,20077,10,-3
 0> <info> app: hr,1671,20099,31,-3
 0> <info> app: hr,1672,20074,5,-3
 0> <info> app: hr,1673,20079,9,-3
 0> <info> app: hr,1674,20076,6,-4
 0> <info> app: hr,1675,20089,19,-4
 0> <info> app: hr,1676,20070,0,-4
 0> <info> app: hr,1677,20076,5,-4
 0> <info> app: hr,1678,20081,9,-5
 0> <info> app: hr,1679,20071,0,-5
 0> <info> app: hr,1680,20064,-7,-5
 0> <info> app: hr,1681,20088,16,-5
 0> <info> app: hr,1682,20067,-5,-5
 0> <info> app: hr,1683,20070,-1,-5
 0> <info> app: hr,1684,20066,-5,-5
 0> <info> app: hr,1685,20062,-9,-5
 0> <info> app: hr,1686,20075,4,-5
 0> <info> app: hr,1687,20064,-7,-5
 0> <info> app: hr,1688,20054,-16,-5
 0> <info> app: hr,1689,20068,-1,-5
 0> <info> app: hr,1690,20075,5,-5
 0> <info> app: hr,1691,20079,8,-5
 0> <info> app: hr,1692,20043,-27,-4
 0> <info> app: hr,1693,20038,-31,-4
 0> <info> app: hr,1694,20056,-11,-4
 0> <info> app: hr,1695,20061,-6,-3
 0> <info> app: hr,1696,20086,19,-3
 0> <info> app: hr,1697,20067,0,-3
 0> <info> app: hr,1698,20066,-1,-2
 0> <info> app: hr,1699,20085,17,-2
 0> <info> app: hr,1700,20055,-13,-2
 0> <info> app: hr,1701,20081,13,-2
 0> <info> app: hr,1702,20065,-3,-2
 0> <info> app: hr,1703,20078,9,-1
 0> <info> app: hr,1704,20030,-38,-1
 0> <info> app: hr,1705,20078,11,-1
 0> <info> app: hr,1706,20047,-20,-1
 0> <info> app: hr,1707,20058,-8,0
 0> <info> app: hr,1708,20086,20,0
 0> <info> app: hr,1709,20068,1,0
 0> <info> app: hr,1710,20079,12,0
 0> <info> app: hr,1711,20065,-2,0
 0> <info> app: hr,1712,20043,-24,0
 0> <info> app: hr,1713,20068,1,0
 0> <info> app: hr,1714,20079,12,0
 0> <info> app: hr,1715,20090,23,0
 0> <info> app: hr,1716,20087,18,0
 0> <info> app: hr,1717,20068,-1,0
 0> <info> app: hr,1718,20065,-4,0
 0> <info> app: hr,1719,20062,-6,0
 0> <info> app: hr,1720,20075,6,0
 0> <info> app: hr,1721,20060,-8,0
 0> <info> app: hr,1722,20048,-20,0
 0> <info> app: hr,1723,20065,-2,0
 0> <info> app: hr,1724,20053,-14,0
 0> <info> app: hr,1725,20059,-7,0
 0> <info> app: hr,1726,20048,-18,0
 0> <info> app: hr,1727,20081,15,0
 0> <info> app: hr,1728,20062,-4,0
 0> <info> app: hr,1729,20047,-18,1
 0> <info> app: hr,1730,20071,6,1
 0> <info> app: hr,1731,20055,-10,1
 0> <info> app: hr,1732,20069,4,1
 0> <info> app: hr,1733,20114,49,1
 0> <info> app: hr,1734,20086,18,1
 0> <info> app: hr,1735,20087,18,1
 0> <info> app: hr,1736,20054,-15,1
 0> <info> app: hr,1737,20070,1,1
 0> <info> app: hr,1738,20077,8,0
 0> <info> app: hr,1739,20045,-23,0
 0> <info> app: hr,1740,20067,0,0
 0> <info> app: hr,1741,20088,20,0
 0> <info> app: hr,1742,20071,2,0
 0> <info> app: hr,1743,20066,-2,0
 0> <info> app: hr,1744,20052,-16,0
 0> <info> app: hr,1745,20067,0,0
 0> <info> app: hr,1746,20067,0,0
 0> <info> app: hr,1747,20083,15,0
 0> <info> app: hr,1748,20051,-17,0
 0> <info> app: hr,1749,20063,-4,0
 0> <info> app: hr,1750,20053,-14,0
 0> <info> app: hr,1751,20070,3,0
 0> <info> app: hr,1752,20076,9,0
 0> <info> app: hr,1753,20085,17,0
 0> <info> app: hr,1754,20071,2,0
 0> <info> app: hr,1755,20052,-16,0
 0> <info> app: hr,1756,20044,-23,0
 0> <info> app: hr,1757,20060,-6,0
 0> <info> app: hr,1758,20047,-19,0
 0> <info> app: hr,1759,20052,-13,0
 0> <info> app: hr,1760,20034,-30,0
 0> <info> app: hr,1761,20078,15,0
 0> <info> app: hr,1762,20057,-6,0
 0> <info> app: hr,1763,20060,-3,1
 0> <info> app: hr,1764,20064,0,1
 0> <info> app: hr,1765,20029,-34,1
 0> <info> app: hr,1766,20047,-14,1
 0> <info> app: hr,1767,20054,-6,2
 0> <info> app: hr,1768,20061,0,2
 0> <info> app: hr,1769,20044,-16,2
 0> <info> app: hr,1770,20032,-27,3
 0> <info> app: hr,1771,20076,17,3
 0> <info> app: hr,1772,20063,3,3
 0> <info> app: hr,1773,20070,10,3
 0> <info> app: hr,1774,20049,-10,3
 0> <info> app: hr,1775,20053,-6,4
 0> <info> app: hr,1776,20042,-17,4
 0> <info> app: hr,1777,20053,-5,4
 0> <info> app: hr,1778,20071,13,4
 0> <info> app: hr,1779,20043,-15,4
 0> <info> app: hr,1780,20094,36,4
 0> <info> app: hr,1781,20031,-28,4
 0> <info> app: hr,1782,20085,26,4
 0> <info> app: hr,1783,20040,-19,4
 0> <info> app: hr,1784,20080,21,4
 0> <info> app: hr,1785,20054,-5,4
 0> <info> app: hr,1786,20052,-7,4
 0> <info> app: hr,1787,20062,3,4
 0> <info> app: hr,1788,20042,-17,4
 0> <info> app: hr,1789,20066,7,4
 0> <info> app: hr,1790,20036,-22,4
 0> <info> app: hr,1791,20069,11,4
 0> <info> app: hr,1792,20080,21,4
 0> <info> app: hr,1793,20046,-13,3
 0> <info> app: hr,1794,20038,-20,3
 0> <info> app: hr,1795,20069,11,3
 0> <info> app: hr,1796,20054,-4,3
 0> <info> app: hr,1797,20048,-9,3
 0> <info> app: hr,1798,20075,17,3
 0> <info> app: hr,1799,20043,-15,3
 0> <info> app: hr,1800,20022,-35,3
 0> <info> app: hr,1801,20089,33,3
 0> <info> app: hr,1802,20071,13,3
 0> <info> app: hr,1803,20068,9,3
 0> <info> app: hr,1804,20042,-16,2
 0> <info> app: hr,1805,20054,-3,2
 0> <info> app: hr,1806,20056,-1,2
 0> <info> app: hr,1807,20052,-5,2
 0> <info> app: hr,1808,20067,9,2
 0> <info> app: hr,1809,20057,0,2
 0> <info> app: hr,1810,20052,-5,2
 0> <info> app: hr,1811,20042,-15,2
 0> <info> app: hr,1812,20071,14,2
 0> <info> app: hr,1813,20054,-3,2
 0> <info> app: hr,1814,20070,12,2
 0> <info> app: hr,1815,20058,0,1
 0> <info> app: hr,1816,20047,-10,1
 0> <info> app: hr,1817,20054,-3,1
 0> <info> app: hr,1818,20037,-20,1
 0> <info> app: hr,1819,20055,-1,1
 0> <info> app: hr,1820,20046,-10,1
 0> <info> app: hr,1821,20052,-3,1
 0> <info> app: hr,1822,20059,3,1
 0> <info> app: hr,1823,20065,9,1
 0> <info> app: hr,1824,20089,32,1
 0> <info> app: hr,1825,20056,-1,1
 0> <info> app: hr,1826,20044,-13,1
 0> <info> app: hr,1827,20059,2,1
 0> <info> app: hr,1828,20077,19,1
 0> <info> app: hr,1829,20073,14,0
 0> <info> app: hr,1830,20074,15,0
 0> <info> app: hr,1831,20081,21,0
 0> <info> app: hr,1832,20040,-20,0
 0> <info> app: hr,1833,20072,12,0
 0> <info> app: hr,1834,20091,30,0
 0> <info> app: hr,1835,20041,-20,0
 0> <info> app: hr,1836,20052,-8,0
 0> <info> app: hr,1837,20062,1,0
 0> <info> app: hr,1838,20069,8,-1
 0> <info> app: hr,1839,20047,-13,-1
 0> <info> app: hr,1840,20064,3,-1
 0> <info> app: hr,1841,20048,-12,-1
 0> <info> app: hr,1842,20070,10,-1
 0> <info> app: hr,1843,20066,5,-1
 0> <info> app: hr,1844,20056,-4,-1
 0> <info> app: hr,1845,20050,-10,-1
 0> <info> app: hr,1846,20062,2,-1
 0> <info> app: hr,1847,20069,9,-1
 0> <info> app: hr,1848,20061,0,-1
 0> <info> app: hr,1849,20068,7,-1
 0> <info> app: hr,1850,20059,-1,-1
 0> <info> app: hr,1851,20024,-36,-1
 0> <info> app: hr,1852,20053,-5,-1
 0> <info> app: hr,1853,20033,-25,-1
 0> <info> app: hr,1854,20051,-6,-1
 0> <info> app: hr,1855,20070,13,-1
 0> <info> app: hr,1856,20049,-8,0
 0> <info> app: hr,1857,20079,21,0
 0> <info> app: hr,1858,20042,-16,0
 0> <info> app: hr,1859,20062,4,0
 0> <info> app: hr,1860,20041,-16,0
 0> <info> app: hr,1861,20055,-1,0
 0> <info> app: hr,1862,20073,16,0
 0> <info> app: hr,1863,20061,3,0
 0> <info> app: hr,1864,20052,-5,0
 0> <info> app: hr,1865,20042,-15,0
 0> <info> app: hr,1866,20057,0,0
 0> <info> app: hr,1867,20063,6,0
 0> <info> app: hr,1868,20070,13,0
 0> <info> app: hr,1869,20064,6,0
 0> <info> app: hr,1870,20063,5,0
 0> <info> app: hr,1871,20063,4,0
 0> <info> app: hr,1872,20038,-20,0
 0> <info> app: hr,1873,20059,1,0
 0> <info> app: hr,1874,20058,0,0
 0> <info> app: hr,1875,20046,-11,0
 0> <info> app: hr,1876,20047,-9,0
 0> <info> app: hr,1877,20061,4,0
 0> <info> app: hr,1878,20046,-10,0
 0> <info> app: hr,1879,20062,5,0
 0> <info> app: hr,1880,20065,8,0
 0> <info> app: hr,1881,20083,26,0
 0> <info> app: hr,1882,20064,5,0
 0> <info> app: hr,1883,20081,22,0
 0> <info> app: hr,1884,20051,-8,0
 0> <info> app: hr,1885,20051,-8,0
 0> <info> app: hr,1886,20030,-28,0
 0> <info> app: hr,1887,20037,-20,0
 0> <info> app: hr,1888,20068,11,0
 0> <info> app: hr,1889,20062,5,0
 0> <info> app: hr,1890,20075,17,0
 0> <info> app: hr,1891,20068,9,0
 0> <info> app: hr,1892,20059,0,0
 0> <info> app: hr,1893,20052,-6,0
 0> <info> app: hr,1894,20055,-3,0
 0> <info> app: hr,1895,20036,-22,0
 0> <info> app: hr,1896,20047,-9,0
 0> <info> app: hr,1897,20068,11,0
 0> <info> app: hr,1898,20046,-11,0
 0> <info> app: hr,1899,20039,-17,0
 0> <info> app: hr,1900,20053,-2,0
 0> <info> app: hr,1901,20071,15,0
 0> <info> app: hr,1902,20051,-5,0
 0> <info> app: hr,1903,20070,14,0
 0> <info> app: hr,1904,20066,9,0
 0> <info> app: hr,1905,20072,14,0
 0> <info> app: hr,1906,20069,11,0
 0> <info> app: hr,1907,20085,26,0
 0> <info> app: hr,1908,20066,6,0
 0> <info> app: hr,1909,20067,6,0
 0> <info> app: hr,1910,20046,-14,0
 0> <info> app: hr,1911,20048,-11,0
 0> <info> app: hr,1912,20064,4,0
 0> <info> app: hr,1913,20068,8,0
 0> <info> app: hr,1914,20075,15,0
 0> <info> app: hr,1915,20058,-2,0
 0> <info> app: hr,1916,20070,9,0
 0> <info> app: hr,1917,20039,-21,-1
 0> <info> app: hr,1918,20079,19,-1
 0> <info> app: hr,1919,20073,12,-1
 0> <info> app: hr,1920,20058,-3,-1
 0> <info> app: hr,1921,20081,19,-1
 0> <info> app: hr,1922,20064,1,-1
 0> <info> app: hr,1923,20069,6,-1
 0> <info> app: hr,1924,20076,13,-2
 0> <info> app: hr,1925,20060,-3,-2
 0> <info> app: hr,1926,20063,0,-2
 0> <info> app: hr,1927,20082,18,-2
 0> <info> app: hr,1928,20065,0,-2
 0> <info> app: hr,1929,20065,0,-2
 0> <info> app: hr,1930,20063,-1,-2
 0> <info> app: hr,1931,20054,-10,-3
 0> <info> app: hr,1932,20055,-8,-3
 0> <info> app: hr,1933,20055,-8,-3
 0> <info> app: hr,1934,20068,5,-3
 0> <info> app: hr,1935,20028,-35,-3
 0> <info> app: hr,1936,20078,16,-2
 0> <info> app: hr,1937,20072,9,-2
 0> <info> app: hr,1938,20067,4,-2
 0> <info> app: hr,1939,20068,5,-2
 0> <info> app: hr,1940,20066,2,-2
 0> <info> app: hr,1941,20068,4,-2
 0> <info> app: hr,1942,20089,25,-2
 0> <info> app: hr,1943,20075,10,-2
 0> <info> app: hr,1944,20067,1,-2
 0> <info> app: hr,1945,20065,0,-2
 0> <info> app: hr,1946,20058,-7,-2
 0> <info> app: hr,1947,20033,-31,-2
 0> <info> app: hr,1948,20067,3,-2
 0> <info> app: hr,1949,20063,0,-2
 0> <info> app: hr,1950,20061,-2,-2
 0> <info> app: hr,1951,20080,16,-2
 0> <info> app: hr,1952,20033,-31,-2
 0> <info> app: hr,1953,20077,14,-2
 0> <info> app: hr,1954,20096,32,-1
 0> <info> app: hr,1955,20049,-16,-1
 0> <info> app: hr,1956,20057,-7,-1
 0> <info> app: hr,1957,20074,10,-1
 0> <info> app: hr,1958,20062,-2,-1
 0> <info> app: hr,1959,20065,0,-1
 0> <info> app: hr,1960,20078,13,-1
 0> <info> app: hr,1961,20079,14,-1
 0> <info> app: hr,1962,20059,-6,-1
 0> <info> app: hr,1963,20078,12,-1
 0> <info> app: hr,1964,20065,0,-1
 0> <info> app: hr,1965,20047,-18,-1
 0> <info> app: hr,1966,20059,-5,-1
 0> <info> app: hr,1967,20078,13,-1
 0> <info> app: hr,1968,20059,-6,-1
 0> <info> app: hr,1969,20080,14,-1
 0> <info> app: hr,1970,20088,22,-1
 0> <info> app: hr,1971,20084,17,-1
 0> <info> app: hr,1972,20061,-6,-1
 0> <info> app: hr,1973,20076,8,-1
 0> <info> app: hr,1974,20068,0,-1
 0> <info> app: hr,1975,20074,6,-2
 0> <info> app: hr,1976,20075,6,-2
 0> <info> app: hr,1977,20086,17,-2
 0> <info> app: hr,1978,20093,23,-2
 0> <info> app: hr,1979,20078,7,-2
 0> <info> app: hr,1980,20087,16,-2
 0> <info> app: hr,1981,20080,8,-3
 0> <info> app: hr,1982,20089,16,-3
 0> <info> app: hr,1983,20068,-4,-3
 0> <info> app: hr,1984,20066,-6,-3
 0> <info> app: hr,1985,20083,10,-3
 0> <info> app: hr,1986,20081,8,-4
 0> <info> app: hr,1987,20071,-2,-4
 0> <info> app: hr,1988,20078,4,-4
 0> <info> app: hr,1989,20050,-23,-4
 0> <info> app: hr,1990,20056,-16,-4
 0> <info> app: hr,1991,20092,20,-4
 0> <info> app: hr,1992,20055,-17,-4
 0> <info> app: hr,1993,20072,0,-4
 0> <info> app: hr,1994,20079,7,-4
 0> <info> app: hr,1995,20081,8,-4
 0> <info> app: hr,1996,20057,-15,-4
 0> <info> app: hr,1997,20076,4,-4
 0> <info> app: hr,1998,20077,5,-3
 0> <info> app: hr,1999,20079,6,-3
 0> <info> app: hr,2000,20073,0,-3
 0> <info> app: hr,2001,20069,-3,-3
 0> <info> app: hr,2002,20065,-7,-3
 0> <info> app: hr,2003,20078,6,-3
 0> <info> app: hr,2004,20092,19,-3
 0> <info> app: hr,2005,20082,8,-3
 0> <info> app: hr,2006,20103,29,-3
 0> <info> app: hr,2007,20065,-10,-3
 0> <info> app: hr,2008,20064,-10,-3
 0> <info> app: hr,2009,20062,-12,-3
 0> <info> app: hr,2010,20061,-12,-3
 0> <info> app: hr,2011,20097,24,-3
 0> <info> app: hr,2012,20079,4,-3
 0> <info> app: hr,2013,20096,21,-2
 0> <info> app: hr,2014,20059,-16,-2
 0> <info> app: hr,2015,20065,-9,-2
 0> <info> app: hr,2016,20088,13,-2
 0> <info> app: hr,2017,20074,0,-2
 0> <info> app: hr,2018,20076,1,-2
 0> <info> app: hr,2019,20067,-7,-2
 0> <info> app: hr,2020,20084,9,-2
 0> <info> app: hr,2021,20056,-18,-2
 0> <info> app: hr,2022,20067,-6,-2
 0> <info> app: hr,2023,20095,21,-2
 0> <info> app: hr,2024,20066,-8,-2
 0> <info> app: hr,2025,20057,-17,-2
 0> <info> app: hr,2026,20080,6,-2
 0> <info> app: hr,2027,20061,-12,-1
 0> <info> app: hr,2028,20067,-6,-1
 0> <info> app: hr,2029,20077,4,-1
 0> <info> app: hr,2030,20061,-11,-1
 0> <info> app: hr,2031,20072,0,-1

# Logging stopped @ 23 Nov 2018 09:57:50
