# SEGGER J-Link RTT Viewer V6.16a Terminal Log File
# Compiled: 12:44:10 on Jun  6 2017
# Logging started @ 23 Nov 2018 10:09:44
 0> <info> app: ***********  Application started  ***********
 0> 
 0> <info> app: [OK] NRF Power ON 0x0004. 
 0> <info> app: Read MAC:CC34D2110EF6
 0> <info> app: ***********  Sensor initial ***********
 0> <info> app: [OK]	BMI160
 0> <info> app: [OK]	SETUP ACC
 0> <info> app: [OK]	SETUP STEP COUNT
 0> <info> app: [OK]	FLASH MEMORY
 0> <info> app: [OK]	OLED Initial
 0> <info> app: [OK]	Max30102 Initial, Temperature 34.93
 0> <info> app: ********** End sensor initial *********
 0> 
 0> <info> app: Max30102 Found
 0> 
 0> <info> app: HR Begin
 0> 
 0> <info> app: 2032
 0> <info> app: hr,0,18002,17972,0
 0> <info> app: hr,1,17988,17948,0
 0> <info> app: hr,2,17977,17963,0
 0> <info> app: hr,3,17997,17998,0
 0> <info> app: hr,4,18000,17973,0
 0> <info> app: hr,5,17972,17960,0
 0> <info> app: hr,6,17990,17972,0
 0> <info> app: hr,7,17969,17983,0
 0> <info> app: hr,8,17991,17972,0
 0> <info> app: hr,9,17970,17982,0
 0> <info> app: hr,10,17965,17972,0
 0> <info> app: hr,11,17984,17964,0
 0> <info> app: hr,12,18012,17992,0
 0> <info> app: hr,13,17993,17954,0
 0> <info> app: hr,14,17974,17967,0
 0> <info> app: hr,15,17977,17988,0
 0> <info> app: hr,16,17967,17954,0
 0> <info> app: hr,17,17991,17985,0
 0> <info> app: hr,18,17971,17945,0
 0> <info> app: hr,19,17975,17974,0
 0> <info> app: hr,20,17976,17947,0
 0> <info> app: hr,21,17991,17953,1
 0> <info> app: hr,22,17985,18004,1
 0> <info> app: hr,23,17947,17951,1
 0> <info> app: hr,24,17993,17969,1
 0> <info> app: hr,25,17990,17973,1
 0> <info> app: hr,26,17984,17995,2
 0> <info> app: hr,27,17968,17992,1
 0> <info> app: hr,28,17982,17969,1
 0> <info> app: hr,29,17983,17965,1
 0> <info> app: hr,30,17991,17965,1
 0> <info> app: hr,31,17985,17978,1
 0> <info> app: hr,32,17978,4,17981
 0> <info> app: hr,33,17980,5,17980
 0> <info> app: hr,34,17955,5,17980
 0> <info> app: hr,35,17971,4,17980
 0> <info> app: hr,36,17987,4,17980
 0> <info> app: hr,37,17996,4,17980
 0> <info> app: hr,38,17978,4,17980
 0> <info> app: hr,39,17979,3,17980
 0> <info> app: hr,40,17990,3,17980
 0> <info> app: hr,41,17967,3,17980
 0> <info> app: hr,42,17985,3,17980
 0> <info> app: hr,43,17977,4,17979
 0> <info> app: hr,44,17953,3,17979
 0> <info> app: hr,45,17968,3,17979
 0> <info> app: hr,46,17976,3,17979
 0> <info> app: hr,47,18004,3,17979
 0> <info> app: hr,48,17956,3,17979
 0> <info> app: hr,49,17982,3,17979
 0> <info> app: hr,50,17988,3,17978
 0> <info> app: hr,51,17989,3,17978
 0> <info> app: hr,52,17984,3,17978
 0> <info> app: hr,53,17971,3,17978
 0> <info> app: hr,54,17996,3,17978
 0> <info> app: hr,55,17968,3,17978
 0> <info> app: hr,56,17995,2,17978
 0> <info> app: hr,57,17975,2,17978
 0> <info> app: hr,58,18007,2,17978
 0> <info> app: hr,59,17975,2,17978
 0> <info> app: hr,60,17966,1,17979
 0> <info> app: hr,61,17983,1,17979
 0> <info> app: hr,62,17992,1,17979
 0> <info> app: hr,63,17986,1,17979
 0> <info> app: hr,64,17976,1,17979
 0> <info> app: hr,65,17969,1,17979
 0> <info> app: hr,66,17967,0,17979
 0> <info> app: hr,67,18007,0,17979
 0> <info> app: hr,68,17974,0,17979
 0> <info> app: hr,69,18002,0,17979
 0> <info> app: hr,70,17971,0,17979
 0> <info> app: hr,71,17982,0,17979
 0> <info> app: hr,72,17969,0,17980
 0> <info> app: hr,73,17983,0,17980
 0> <info> app: hr,74,17987,0,17980
 0> <info> app: hr,75,17994,0,17980
 0> <info> app: hr,76,17999,0,17980
 0> <info> app: hr,77,17983,0,17980
 0> <info> app: hr,78,18008,0,17980
 0> <info> app: hr,79,18013,0,17980
 0> <info> app: hr,80,17996,-1,17981
 0> <info> app: hr,81,17968,-1,17981
 0> <info> app: hr,82,17971,-2,17982
 0> <info> app: hr,83,17972,-1,17982
 0> <info> app: hr,84,17995,-1,17982
 0> <info> app: hr,85,17998,-1,17982
 0> <info> app: hr,86,17964,-1,17982
 0> <info> app: hr,87,17969,-2,17983
 0> <info> app: hr,88,17971,-2,17983
 0> <info> app: hr,89,17954,-2,17983
 0> <info> app: hr,90,18008,-2,17983
 0> <info> app: hr,91,18011,-2,17983
 0> <info> app: hr,92,17964,-2,17983
 0> <info> app: hr,93,17977,-1,17983
 0> <info> app: hr,94,17980,-1,17983
 0> <info> app: hr,95,17997,-1,17983
 0> <info> app: hr,96,17989,-1,17983
 0> <info> app: hr,97,17980,-1,17983
 0> <info> app: hr,98,17986,-1,17983
 0> <info> app: hr,99,17992,-1,17983
 0> <info> app: hr,100,17981,-1,17983
 0> <info> app: hr,101,17989,-1,17983
 0> <info> app: hr,102,17996,-1,17983
 0> <info> app: hr,103,17996,-1,17983
 0> <info> app: hr,104,17985,-2,17984
 0> <info> app: hr,105,17982,-1,17984
 0> <info> app: hr,106,17981,-1,17984
 0> <info> app: hr,107,17990,-1,17984
 0> <info> app: hr,108,18011,-1,17984
 0> <info> app: hr,109,17954,-1,17984
 0> <info> app: hr,110,17983,-1,17984
 0> <info> app: hr,111,17968,-1,17984
 0> <info> app: hr,112,17994,-1,17984
 0> <info> app: hr,113,17994,-1,17984
 0> <info> app: hr,114,17975,-1,17984
 0> <info> app: hr,115,18002,-1,17984
 0> <info> app: hr,116,17966,-2,17985
 0> <info> app: hr,117,17988,-2,17985
 0> <info> app: hr,118,17998,-1,17985
 0> <info> app: hr,119,17969,-1,17985
 0> <info> app: hr,120,17977,-1,17985
 0> <info> app: hr,121,17995,-1,17985
 0> <info> app: hr,122,17994,-1,17985
 0> <info> app: hr,123,17980,-1,17985
 0> <info> app: hr,124,17993,-1,17985
 0> <info> app: hr,125,17948,-1,17985
 0> <info> app: hr,126,17979,-1,17985
 0> <info> app: hr,127,17984,0,17984
 0> <info> app: hr,128,17988,0,17984
 0> <info> app: hr,129,17988,0,17984
 0> <info> app: hr,130,17986,0,17984
 0> <info> app: hr,131,17976,0,17984
 0> <info> app: hr,132,17977,0,17984
 0> <info> app: hr,133,17989,0,17984
 0> <info> app: hr,134,17976,0,17984
 0> <info> app: hr,135,17987,0,17984
 0> <info> app: hr,136,18015,0,17984
 0> <info> app: hr,137,17982,0,17984
 0> <info> app: hr,138,17996,0,17984
 0> <info> app: hr,139,17976,0,17984
 0> <info> app: hr,140,17993,0,17984
 0> <info> app: hr,141,17981,0,17984
 0> <info> app: hr,142,18012,0,17984
 0> <info> app: hr,143,17997,0,17984
 0> <info> app: hr,144,18001,0,17984
 0> <info> app: hr,145,17988,0,17984
 0> <info> app: hr,146,17989,-1,17985
 0> <info> app: hr,147,17993,-1,17985
 0> <info> app: hr,148,17977,0,17985
 0> <info> app: hr,149,17992,0,17985
 0> <info> app: hr,150,17972,0,17985
 0> <info> app: hr,151,17978,-1,17986
 0> <info> app: hr,152,17986,-1,17986
 0> <info> app: hr,153,17995,-1,17986
 0> <info> app: hr,154,17998,-1,17986
 0> <info> app: hr,155,18018,-1,17986
 0> <info> app: hr,156,17988,-1,17986
 0> <info> app: hr,157,17992,-1,17986
 0> <info> app: hr,158,17978,-2,17987
 0> <info> app: hr,159,17961,-2,17987
 0> <info> app: hr,160,17976,-2,17987
 0> <info> app: hr,161,18010,-1,17987
 0> <info> app: hr,162,17982,-1,17987
 0> <info> app: hr,163,17997,-1,17987
 0> <info> app: hr,164,17984,-1,17987
 0> <info> app: hr,165,17999,-1,17987
 0> <info> app: hr,166,17996,-1,17987
 0> <info> app: hr,167,17985,-1,17987
 0> <info> app: hr,168,18000,-2,17988
 0> <info> app: hr,169,17983,-2,17988
 0> <info> app: hr,170,18001,-2,17988
 0> <info> app: hr,171,17995,-2,17988
 0> <info> app: hr,172,17988,-1,17988
 0> <info> app: hr,173,17994,-1,17988
 0> <info> app: hr,174,17997,-1,17988
 0> <info> app: hr,175,17994,-2,17989
 0> <info> app: hr,176,18005,-2,17989
 0> <info> app: hr,177,17978,-2,17989
 0> <info> app: hr,178,17980,-2,17989
 0> <info> app: hr,179,17994,-2,17989
 0> <info> app: hr,180,17989,-2,17989
 0> <info> app: hr,181,17992,-1,17989
 0> <info> app: hr,182,17990,-2,17990
 0> <info> app: hr,183,17999,-2,17990
 0> <info> app: hr,184,17997,-2,17990
 0> <info> app: hr,185,17977,-2,17990
 0> <info> app: hr,186,18002,-2,17990
 0> <info> app: hr,187,17983,-2,17990
 0> <info> app: hr,188,17995,-2,17990
 0> <info> app: hr,189,17997,-1,17990
 0> <info> app: hr,190,17990,-1,17990
 0> <info> app: hr,191,17951,-1,17990
 0> <info> app: hr,192,17998,-1,17990
 0> <info> app: hr,193,17985,-1,17990
 0> <info> app: hr,194,18005,-1,17990
 0> <info> app: hr,195,17986,-1,17990
 0> <info> app: hr,196,17983,-1,17990
 0> <info> app: hr,197,17996,-1,17990
 0> <info> app: hr,198,17986,-1,17990
 0> <info> app: hr,199,18007,-1,17990
 0> <info> app: hr,200,17974,-1,17990
 0> <info> app: hr,201,17968,-1,17990
 0> <info> app: hr,202,17998,-1,17990
 0> <info> app: hr,203,17989,0,17990
 0> <info> app: hr,204,18018,0,17990
 0> <info> app: hr,205,18007,0,17990
 0> <info> app: hr,206,18008,0,17990
 0> <info> app: hr,207,17985,0,17990
 0> <info> app: hr,208,18008,0,17990
 0> <info> app: hr,209,17984,0,17990
 0> <info> app: hr,210,17986,-1,17991
 0> <info> app: hr,211,17985,-1,17991
 0> <info> app: hr,212,17989,-1,17991
 0> <info> app: hr,213,18019,-1,17991
 0> <info> app: hr,214,18003,-1,17991
 0> <info> app: hr,215,18011,-1,17991
 0> <info> app: hr,216,18003,-1,17991
 0> <info> app: hr,217,18003,-2,17992
 0> <info> app: hr,218,17996,-2,17992
 0> <info> app: hr,219,17993,-1,17992
 0> <info> app: hr,220,17997,-1,17992
 0> <info> app: hr,221,17991,-2,17993
 0> <info> app: hr,222,18002,-2,17993
 0> <info> app: hr,223,17965,-2,17993
 0> <info> app: hr,224,17998,-2,17993
 0> <info> app: hr,225,17972,-2,17993
 0> <info> app: hr,226,17988,-2,17993
 0> <info> app: hr,227,18011,-2,17993
 0> <info> app: hr,228,17969,-1,17993
 0> <info> app: hr,229,17993,-1,17993
 0> <info> app: hr,230,18022,-1,17993
 0> <info> app: hr,231,17970,-1,17993
 0> <info> app: hr,232,17989,-1,17993
 0> <info> app: hr,233,18007,-1,17993
 0> <info> app: hr,234,18003,-1,17993
 0> <info> app: hr,235,17987,-1,17993
 0> <info> app: hr,236,17963,-1,17993
 0> <info> app: hr,237,17996,-1,17993
 0> <info> app: hr,238,17976,-1,17993
 0> <info> app: hr,239,17986,-1,17993
 0> <info> app: hr,240,17947,-1,17993
 0> <info> app: hr,241,17977,0,17993
 0> <info> app: hr,242,17976,0,17992
 0> <info> app: hr,243,17973,0,17992
 0> <info> app: hr,244,17977,1,17991
 0> <info> app: hr,245,17969,0,17991
 0> <info> app: hr,246,17995,1,17990
 0> <info> app: hr,247,17987,1,17990
 0> <info> app: hr,248,17985,1,17990
 0> <info> app: hr,249,17964,2,17989
 0> <info> app: hr,250,17990,2,17989
 0> <info> app: hr,251,17999,3,17988
 0> <info> app: hr,252,17982,3,17988
 0> <info> app: hr,253,17975,3,17988
 0> <info> app: hr,254,17965,3,17987
 0> <info> app: hr,255,17987,3,17987
 0> <info> app: hr,256,17984,4,17986
 0> <info> app: hr,257,17980,4,17986
 0> <info> app: hr,258,17976,4,17986
 0> <info> app: hr,259,17979,4,17985
 0> <info> app: hr,260,17991,4,17985
 0> <info> app: hr,261,17993,4,17985
 0> <info> app: hr,262,17995,5,17984
 0> <info> app: hr,263,18000,4,17984
 0> <info> app: hr,264,17970,4,17984
 0> <info> app: hr,265,17985,4,17984
 0> <info> app: hr,266,17990,4,17984
 0> <info> app: hr,267,17979,4,17984
 0> <info> app: hr,268,17964,3,17984
 0> <info> app: hr,269,17967,4,17983
 0> <info> app: hr,270,17959,4,17983
 0> <info> app: hr,271,17989,4,17983
 0> <info> app: hr,272,18014,3,17983
 0> <info> app: hr,273,17993,4,17982
 0> <info> app: hr,274,17980,4,17982
 0> <info> app: hr,275,17961,4,17982
 0> <info> app: hr,276,17969,4,17982
 0> <info> app: hr,277,17957,3,17982
 0> <info> app: hr,278,17972,3,17982
 0> <info> app: hr,279,17987,4,17981
 0> <info> app: hr,280,17992,4,17981
 0> <info> app: hr,281,17997,4,17981
 0> <info> app: hr,282,17969,3,17981
 0> <info> app: hr,283,17986,3,17981
 0> <info> app: hr,284,17954,3,17981
 0> <info> app: hr,285,17988,4,17980
 0> <info> app: hr,286,17992,4,17980
 0> <info> app: hr,287,17948,3,17980
 0> <info> app: hr,288,17971,3,17980
 0> <info> app: hr,289,17984,3,17980
 0> <info> app: hr,290,17984,4,17979
 0> <info> app: hr,291,17996,4,17979
 0> <info> app: hr,292,17966,3,17979
 0> <info> app: hr,293,17976,3,17979
 0> <info> app: hr,294,17974,3,17979
 0> <info> app: hr,295,17975,3,17979
 0> <info> app: hr,296,17970,3,17979
 0> <info> app: hr,297,17978,4,17978
 0> <info> app: hr,298,17978,3,17978
 0> <info> app: hr,299,17952,3,17978
 0> <info> app: hr,300,17969,3,17978
 0> <info> app: hr,301,17990,3,17978
 0> <info> app: hr,302,17967,4,17977
 0> <info> app: hr,303,17970,3,17977
 0> <info> app: hr,304,17957,3,17977
 0> <info> app: hr,305,17981,3,17977
 0> <info> app: hr,306,17985,4,17976
 0> <info> app: hr,307,17976,4,17976
 0> <info> app: hr,308,17971,3,17976
 0> <info> app: hr,309,17989,3,17976
 0> <info> app: hr,310,17952,3,17976
 0> <info> app: hr,311,17998,3,17976
 0> <info> app: hr,312,17944,4,17975
 0> <info> app: hr,313,17977,3,17975
 0> <info> app: hr,314,17951,3,17975
 0> <info> app: hr,315,17982,3,17975
 0> <info> app: hr,316,17962,3,17975
 0> <info> app: hr,317,17943,4,17974
 0> <info> app: hr,318,17960,4,17974
 0> <info> app: hr,319,17969,3,17974
 0> <info> app: hr,320,17995,4,17973
 0> <info> app: hr,321,17966,4,17973
 0> <info> app: hr,322,17998,4,17973
 0> <info> app: hr,323,17981,3,17973
 0> <info> app: hr,324,17965,4,17972
 0> <info> app: hr,325,17980,4,17972
 0> <info> app: hr,326,17996,4,17972
 0> <info> app: hr,327,18002,4,17972
 0> <info> app: hr,328,18007,3,17972
 0> <info> app: hr,329,17965,2,17973
 0> <info> app: hr,330,17979,2,17973
 0> <info> app: hr,331,17952,2,17973
 0> <info> app: hr,332,17970,2,17973
 0> <info> app: hr,333,17971,2,17973
 0> <info> app: hr,334,17966,2,17973
 0> <info> app: hr,335,17990,1,17973
 0> <info> app: hr,336,17986,1,17973
 0> <info> app: hr,337,17957,1,17973
 0> <info> app: hr,338,17992,0,17974
 0> <info> app: hr,339,17982,0,17974
 0> <info> app: hr,340,17951,0,17974
 0> <info> app: hr,341,18005,0,17974
 0> <info> app: hr,342,17960,0,17974
 0> <info> app: hr,343,17982,0,17974
 0> <info> app: hr,344,17968,0,17974
 0> <info> app: hr,345,17983,0,17974
 0> <info> app: hr,346,17969,0,17974
 0> <info> app: hr,347,17983,0,17974
 0> <info> app: hr,348,17984,0,17974
 0> <info> app: hr,349,17982,0,17975
 0> <info> app: hr,350,17993,0,17975
 0> <info> app: hr,351,17973,0,17975
 0> <info> app: hr,352,17964,0,17975
 0> <info> app: hr,353,17956,0,17975
 0> <info> app: hr,354,17987,0,17975
 0> <info> app: hr,355,17974,0,17975
 0> <info> app: hr,356,18000,0,17975
 0> <info> app: hr,357,17971,0,17975
 0> <info> app: hr,358,18003,-1,17976
 0> <info> app: hr,359,17962,-1,17976
 0> <info> app: hr,360,17993,-1,17976
 0> <info> app: hr,361,17987,-1,17976
 0> <info> app: hr,362,17968,-1,17976
 0> <info> app: hr,363,17981,-1,17976
 0> <info> app: hr,364,17975,-2,17977
 0> <info> app: hr,365,17973,-1,17977
 0> <info> app: hr,366,17962,-1,17977
 0> <info> app: hr,367,17956,-1,17977
 0> <info> app: hr,368,17980,-1,17977
 0> <info> app: hr,369,17966,-1,17977
 0> <info> app: hr,370,17987,-1,17977
 0> <info> app: hr,371,17974,-1,17977
 0> <info> app: hr,372,17981,-1,17977
 0> <info> app: hr,373,17979,-1,17977
 0> <info> app: hr,374,17992,-1,17977
 0> <info> app: hr,375,18001,-1,17977
 0> <info> app: hr,376,17963,-1,17977
 0> <info> app: hr,377,17998,-1,17977
 0> <info> app: hr,378,17967,0,17977
 0> <info> app: hr,379,17972,0,17977
 0> <info> app: hr,380,17942,0,17977
 0> <info> app: hr,381,17988,0,17977
 0> <info> app: hr,382,17988,0,17977
 0> <info> app: hr,383,17987,0,17977
 0> <info> app: hr,384,18002,0,17977
 0> <info> app: hr,385,17960,0,17977
 0> <info> app: hr,386,17979,0,17977
 0> <info> app: hr,387,18007,0,17977
 0> <info> app: hr,388,17960,0,17977
 0> <info> app: hr,389,17990,-1,17978
 0> <info> app: hr,390,18016,-1,17978
 0> <info> app: hr,391,17978,-1,17978
 0> <info> app: hr,392,17972,-1,17978
 0> <info> app: hr,393,17995,-1,17978
 0> <info> app: hr,394,17978,-2,17979
 0> <info> app: hr,395,17992,-2,17979
 0> <info> app: hr,396,17997,-1,17979
 0> <info> app: hr,397,17990,-1,17979
 0> <info> app: hr,398,17987,-2,17980
 0> <info> app: hr,399,17998,-2,17980
 0> <info> app: hr,400,17990,-2,17980
 0> <info> app: hr,401,17982,-3,17981
 0> <info> app: hr,402,17991,-3,17981
 0> <info> app: hr,403,17999,-3,17981
 0> <info> app: hr,404,17967,-3,17982
 0> <info> app: hr,405,17995,-3,17982
 0> <info> app: hr,406,17982,-3,17982
 0> <info> app: hr,407,18003,-3,17982
 0> <info> app: hr,408,17978,-4,17983
 0> <info> app: hr,409,17996,-3,17983
 0> <info> app: hr,410,17972,-3,17983
 0> <info> app: hr,411,17997,-4,17984
 0> <info> app: hr,412,17973,-4,17984
 0> <info> app: hr,413,17991,-4,17984
 0> <info> app: hr,414,17986,-3,17984
 0> <info> app: hr,415,18002,-3,17984
 0> <info> app: hr,416,17993,-4,17985
 0> <info> app: hr,417,17983,-4,17985
 0> <info> app: hr,418,17995,-4,17985
 0> <info> app: hr,419,17994,-3,17985
 0> <info> app: hr,420,18007,-4,17986
 0> <info> app: hr,421,17993,-4,17986
 0> <info> app: hr,422,17974,-4,17986
 0> <info> app: hr,423,17965,-4,17986
 0> <info> app: hr,424,17999,-4,17987
 0> <info> app: hr,425,17980,-4,17987
 0> <info> app: hr,426,17980,-4,17987
 0> <info> app: hr,427,18004,-4,17987
 0> <info> app: hr,428,17973,-3,17987
 0> <info> app: hr,429,17978,-3,17987
 0> <info> app: hr,430,17969,-3,17987
 0> <info> app: hr,431,17980,-3,17987
 0> <info> app: hr,432,17989,-3,17987
 0> <info> app: hr,433,17979,-3,17987
 0> <info> app: hr,434,17984,-2,17987
 0> <info> app: hr,435,17996,-2,17987
 0> <info> app: hr,436,17984,-2,17987
 0> <info> app: hr,437,17984,-2,17987
 0> <info> app: hr,438,17990,-2,17987
 0> <info> app: hr,439,17967,-2,17987
 0> <info> app: hr,440,18001,-1,17986
 0> <info> app: hr,441,17991,-1,17986
 0> <info> app: hr,442,17963,-1,17986
 0> <info> app: hr,443,17997,0,17986
 0> <info> app: hr,444,17986,0,17986
 0> <info> app: hr,445,17999,0,17986
 0> <info> app: hr,446,18007,0,17986
 0> <info> app: hr,447,18016,0,17986
 0> <info> app: hr,448,17968,0,17986
 0> <info> app: hr,449,17966,0,17986
 0> <info> app: hr,450,17982,0,17986
 0> <info> app: hr,451,17996,0,17986
 0> <info> app: hr,452,17992,0,17986
 0> <info> app: hr,453,17981,0,17986
 0> <info> app: hr,454,18001,0,17986
 0> <info> app: hr,455,17978,0,17986
 0> <info> app: hr,456,18004,-1,17987
 0> <info> app: hr,457,17984,-1,17987
 0> <info> app: hr,458,17982,-1,17987
 0> <info> app: hr,459,17983,-1,17987
 0> <info> app: hr,460,17979,-1,17987
 0> <info> app: hr,461,18008,-1,17987
 0> <info> app: hr,462,18017,-1,17987
 0> <info> app: hr,463,17985,-1,17987
 0> <info> app: hr,464,17983,0,17987
 0> <info> app: hr,465,18002,0,17987
 0> <info> app: hr,466,17973,0,17987
 0> <info> app: hr,467,17992,0,17987
 0> <info> app: hr,468,17986,-1,17988
 0> <info> app: hr,469,18005,-1,17988
 0> <info> app: hr,470,17989,-1,17988
 0> <info> app: hr,471,17966,-1,17988
 0> <info> app: hr,472,17989,-1,17988
 0> <info> app: hr,473,17989,-1,17988
 0> <info> app: hr,474,17968,-1,17988
 0> <info> app: hr,475,17979,-1,17988
 0> <info> app: hr,476,17997,-1,17988
 0> <info> app: hr,477,17987,-1,17988
 0> <info> app: hr,478,17996,-1,17988
 0> <info> app: hr,479,17992,-1,17988
 0> <info> app: hr,480,17986,0,17988
 0> <info> app: hr,481,18000,0,17988
 0> <info> app: hr,482,17995,0,17988
 0> <info> app: hr,483,18004,0,17988
 0> <info> app: hr,484,17973,0,17988
 0> <info> app: hr,485,17998,0,17988
 0> <info> app: hr,486,17994,0,17988
 0> <info> app: hr,487,18003,0,17988
 0> <info> app: hr,488,17986,0,17988
 0> <info> app: hr,489,18010,-1,17989
 0> <info> app: hr,490,17997,-1,17989
 0> <info> app: hr,491,17972,-1,17989
 0> <info> app: hr,492,17983,-1,17989
 0> <info> app: hr,493,17976,-1,17989
 0> <info> app: hr,494,17966,-1,17989
 0> <info> app: hr,495,17973,-1,17989
 0> <info> app: hr,496,18004,-1,17989
 0> <info> app: hr,497,17980,-1,17989
 0> <info> app: hr,498,18017,-1,17989
 0> <info> app: hr,499,17972,0,17989
 0> <info> app: hr,500,17996,0,17989
 0> <info> app: hr,501,17975,0,17989
 0> <info> app: hr,502,17968,0,17989
 0> <info> app: hr,503,17987,0,17989
 0> <info> app: hr,504,17987,0,17988
 0> <info> app: hr,505,17991,0,17988
 0> <info> app: hr,506,17982,0,17988
 0> <info> app: hr,507,17973,0,17988
 0> <info> app: hr,508,17977,0,17988
 0> <info> app: hr,509,17986,0,17988
 0> <info> app: hr,510,17959,1,17987
 0> <info> app: hr,511,18003,1,17987
 0> <info> app: hr,512,18019,1,17987
 0> <info> app: hr,513,17956,1,17987
 0> <info> app: hr,514,17980,0,17987
 0> <info> app: hr,515,17976,0,17987
 0> <info> app: hr,516,17974,1,17986
 0> <info> app: hr,517,17993,1,17986
 0> <info> app: hr,518,17973,1,17986
 0> <info> app: hr,519,17987,1,17986
 0> <info> app: hr,520,17996,2,17985
 0> <info> app: hr,521,17968,2,17985
 0> <info> app: hr,522,17963,2,17985
 0> <info> app: hr,523,17982,2,17985
 0> <info> app: hr,524,17986,3,17984
 0> <info> app: hr,525,17969,2,17984
 0> <info> app: hr,526,17979,2,17984
 0> <info> app: hr,527,17960,2,17984
 0> <info> app: hr,528,17976,3,17983
 0> <info> app: hr,529,17970,3,17983
 0> <info> app: hr,530,17988,3,17983
 0> <info> app: hr,531,17966,3,17982
 0> <info> app: hr,532,17991,3,17982
 0> <info> app: hr,533,17966,3,17982
 0> <info> app: hr,534,17971,4,17981
 0> <info> app: hr,535,17998,4,17981
 0> <info> app: hr,536,17956,3,17981
 0> <info> app: hr,537,17964,4,17980
 0> <info> app: hr,538,17995,4,17980
 0> <info> app: hr,539,17978,4,17980
 0> <info> app: hr,540,17969,4,17980
 0> <info> app: hr,541,17994,4,17979
 0> <info> app: hr,542,17990,4,17979
 0> <info> app: hr,543,17956,4,17979
 0> <info> app: hr,544,17997,4,17979
 0> <info> app: hr,545,17979,3,17979
 0> <info> app: hr,546,17981,4,17978
 0> <info> app: hr,547,17988,4,17978
 0> <info> app: hr,548,17989,4,17978
 0> <info> app: hr,549,17989,4,17978
 0> <info> app: hr,550,17975,3,17978
 0> <info> app: hr,551,18019,3,17978
 0> <info> app: hr,552,17991,3,17978
 0> <info> app: hr,553,17968,2,17979
 0> <info> app: hr,554,17987,2,17979
 0> <info> app: hr,555,17989,2,17979
 0> <info> app: hr,556,17986,2,17979
 0> <info> app: hr,557,17971,1,17979
 0> <info> app: hr,558,17989,1,17979
 0> <info> app: hr,559,17973,0,17980
 0> <info> app: hr,560,17995,0,17980
 0> <info> app: hr,561,17954,0,17980
 0> <info> app: hr,562,17970,0,17980
 0> <info> app: hr,563,17957,0,17980
 0> <info> app: hr,564,17993,0,17980
 0> <info> app: hr,565,18000,0,17980
 0> <info> app: hr,566,17974,0,17980
 0> <info> app: hr,567,17978,0,17980
 0> <info> app: hr,568,17991,0,17980
 0> <info> app: hr,569,17991,0,17980
 0> <info> app: hr,570,17984,0,17980
 0> <info> app: hr,571,17959,0,17980
 0> <info> app: hr,572,17978,0,17980
 0> <info> app: hr,573,17991,0,17980
 0> <info> app: hr,574,17975,0,17980
 0> <info> app: hr,575,17972,0,17980
 0> <info> app: hr,576,17978,0,17980
 0> <info> app: hr,577,17986,0,17980
 0> <info> app: hr,578,17968,0,17980
 0> <info> app: hr,579,17971,0,17980
 0> <info> app: hr,580,17970,0,17980
 0> <info> app: hr,581,17958,0,17980
 0> <info> app: hr,582,17978,0,17980
 0> <info> app: hr,583,17997,1,17979
 0> <info> app: hr,584,17996,1,17979
 0> <info> app: hr,585,17975,1,17979
 0> <info> app: hr,586,17992,1,17979
 0> <info> app: hr,587,17971,0,17979
 0> <info> app: hr,588,17987,0,17979
 0> <info> app: hr,589,17977,0,17979
 0> <info> app: hr,590,17979,0,17979
 0> <info> app: hr,591,18006,0,17979
 0> <info> app: hr,592,17977,0,17979
 0> <info> app: hr,593,17994,0,17979
 0> <info> app: hr,594,17966,0,17979
 0> <info> app: hr,595,17984,0,17979
 0> <info> app: hr,596,17968,0,17980
 0> <info> app: hr,597,17987,0,17980
 0> <info> app: hr,598,17988,0,17980
 0> <info> app: hr,599,17977,0,17980
 0> <info> app: hr,600,17992,0,17980
 0> <info> app: hr,601,17967,0,17980
 0> <info> app: hr,602,17973,0,17980
 0> <info> app: hr,603,17971,0,17980
 0> <info> app: hr,604,17964,0,17980
 0> <info> app: hr,605,17958,0,17980
 0> <info> app: hr,606,17983,0,17980
 0> <info> app: hr,607,17985,0,17979
 0> <info> app: hr,608,17985,0,17979
 0> <info> app: hr,609,17987,0,17979
 0> <info> app: hr,610,17986,0,17979
 0> <info> app: hr,611,17969,0,17979
 0> <info> app: hr,612,17945,0,17979
 0> <info> app: hr,613,17977,0,17979
 0> <info> app: hr,614,17998,0,17979
 0> <info> app: hr,615,17974,0,17979
 0> <info> app: hr,616,17982,0,17979
 0> <info> app: hr,617,17975,1,17978
 0> <info> app: hr,618,17974,1,17978
 0> <info> app: hr,619,17954,1,17978
 0> <info> app: hr,620,17987,1,17978
 0> <info> app: hr,621,18004,1,17978
 0> <info> app: hr,622,17972,1,17978
 0> <info> app: hr,623,17976,1,17978
 0> <info> app: hr,624,17974,1,17978
 0> <info> app: hr,625,17994,0,17978
 0> <info> app: hr,626,17951,0,17978
 0> <info> app: hr,627,17953,0,17978
 0> <info> app: hr,628,17979,1,17977
 0> <info> app: hr,629,17970,1,17977
 0> <info> app: hr,630,17987,1,17977
 0> <info> app: hr,631,17971,1,17977
 0> <info> app: hr,632,17984,1,17977
 0> <info> app: hr,633,17972,1,17977
 0> <info> app: hr,634,17973,1,17977
 0> <info> app: hr,635,17996,2,17976
 0> <info> app: hr,636,17977,2,17976
 0> <info> app: hr,637,17969,2,17976
 0> <info> app: hr,638,17985,1,17976
 0> <info> app: hr,639,17992,1,17976
 0> <info> app: hr,640,17965,1,17976
 0> <info> app: hr,641,17982,1,17976
 0> <info> app: hr,642,17988,1,17976
 0> <info> app: hr,643,17972,1,17976
 0> <info> app: hr,644,17977,1,17976
 0> <info> app: hr,645,17965,1,17976
 0> <info> app: hr,646,17994,1,17976
 0> <info> app: hr,647,18017,1,17976
 0> <info> app: hr,648,17987,0,17977
 0> <info> app: hr,649,17970,0,17977
 0> <info> app: hr,650,17984,0,17977
 0> <info> app: hr,651,17971,0,17977
 0> <info> app: hr,652,17965,0,17977
 0> <info> app: hr,653,17993,0,17977
 0> <info> app: hr,654,17980,0,17977
 0> <info> app: hr,655,17966,0,17978
 0> <info> app: hr,656,17952,0,17978
 0> <info> app: hr,657,17994,0,17978
 0> <info> app: hr,658,18017,0,17978
 0> <info> app: hr,659,17988,0,17978
 0> <info> app: hr,660,17961,0,17978
 0> <info> app: hr,661,17968,0,17978
 0> <info> app: hr,662,17997,0,17978
 0> <info> app: hr,663,17987,0,17978
 0> <info> app: hr,664,17979,0,17978
 0> <info> app: hr,665,17990,-1,17979
 0> <info> app: hr,666,17997,-1,17979
 0> <info> app: hr,667,17991,-1,17979
 0> <info> app: hr,668,17973,-1,17979
 0> <info> app: hr,669,17996,-1,17979
 0> <info> app: hr,670,17963,-2,17980
 0> <info> app: hr,671,17984,-2,17980
 0> <info> app: hr,672,17963,-1,17980
 0> <info> app: hr,673,17992,-1,17980
 0> <info> app: hr,674,17964,-1,17980
 0> <info> app: hr,675,17994,-1,17980
 0> <info> app: hr,676,17964,-1,17980
 0> <info> app: hr,677,17965,-1,17980
 0> <info> app: hr,678,17964,-1,17980
 0> <info> app: hr,679,17980,-1,17980
 0> <info> app: hr,680,17993,-1,17980
 0> <info> app: hr,681,17996,-1,17980
 0> <info> app: hr,682,17983,-1,17980
 0> <info> app: hr,683,17983,-1,17980
 0> <info> app: hr,684,17989,-1,17980
 0> <info> app: hr,685,17960,-1,17980
 0> <info> app: hr,686,17985,0,17980
 0> <info> app: hr,687,17966,0,17980
 0> <info> app: hr,688,17986,0,17980
 0> <info> app: hr,689,18004,0,17980
 0> <info> app: hr,690,17994,0,17980
 0> <info> app: hr,691,17995,0,17980
 0> <info> app: hr,692,17972,0,17980
 0> <info> app: hr,693,18002,0,17980
 0> <info> app: hr,694,17982,-1,17981
 0> <info> app: hr,695,17988,-1,17981
 0> <info> app: hr,696,17983,-1,17981
 0> <info> app: hr,697,17989,-1,17981
 0> <info> app: hr,698,17988,-1,17981
 0> <info> app: hr,699,17974,-1,17981
 0> <info> app: hr,700,17990,-2,17982
 0> <info> app: hr,701,18013,-2,17982
 0> <info> app: hr,702,17989,-1,17982
 0> <info> app: hr,703,17975,-1,17982
 0> <info> app: hr,704,17996,-2,17983
 0> <info> app: hr,705,17980,-2,17983
 0> <info> app: hr,706,18006,-2,17983
 0> <info> app: hr,707,17996,-2,17983
 0> <info> app: hr,708,18010,-3,17984
 0> <info> app: hr,709,17990,-3,17984
 0> <info> app: hr,710,17994,-2,17984
 0> <info> app: hr,711,17980,-3,17985
 0> <info> app: hr,712,18002,-3,17985
 0> <info> app: hr,713,17977,-3,17985
 0> <info> app: hr,714,17985,-4,17986
 0> <info> app: hr,715,17983,-4,17986
 0> <info> app: hr,716,17970,-3,17986
 0> <info> app: hr,717,17990,-3,17986
 0> <info> app: hr,718,17979,-3,17986
 0> <info> app: hr,719,18009,-4,17987
 0> <info> app: hr,720,17981,-4,17987
 0> <info> app: hr,721,18001,-3,17987
 0> <info> app: hr,722,18018,-3,17987
 0> <info> app: hr,723,17989,-3,17987
 0> <info> app: hr,724,17980,-3,17987
 0> <info> app: hr,725,17978,-4,17988
 0> <info> app: hr,726,17992,-3,17988
 0> <info> app: hr,727,17998,-3,17988
 0> <info> app: hr,728,18015,-3,17988
 0> <info> app: hr,729,17988,-3,17988
 0> <info> app: hr,730,17985,-4,17989
 0> <info> app: hr,731,17975,-4,17989
 0> <info> app: hr,732,17948,-3,17989
 0> <info> app: hr,733,18011,-3,17989
 0> <info> app: hr,734,17974,-3,17989
 0> <info> app: hr,735,17995,-3,17989
 0> <info> app: hr,736,17973,-3,17989
 0> <info> app: hr,737,17996,-2,17989
 0> <info> app: hr,738,18006,-2,17989
 0> <info> app: hr,739,17994,-2,17989
 0> <info> app: hr,740,17993,-2,17989
 0> <info> app: hr,741,17996,-2,17989
 0> <info> app: hr,742,18009,-2,17989
 0> <info> app: hr,743,18004,-2,17989
 0> <info> app: hr,744,17991,-2,17989
 0> <info> app: hr,745,17969,-2,17990
 0> <info> app: hr,746,18006,-2,17990
 0> <info> app: hr,747,17995,-2,17990
 0> <info> app: hr,748,17975,-2,17990
 0> <info> app: hr,749,17991,-2,17990
 0> <info> app: hr,750,18004,-2,17990
 0> <info> app: hr,751,17994,-2,17990
 0> <info> app: hr,752,17984,-2,17990
 0> <info> app: hr,753,18018,-1,17990
 0> <info> app: hr,754,17992,-2,17991
 0> <info> app: hr,755,17989,-2,17991
 0> <info> app: hr,756,17982,-2,17991
 0> <info> app: hr,757,17983,-2,17991
 0> <info> app: hr,758,18001,-2,17991
 0> <info> app: hr,759,17987,-2,17991
 0> <info> app: hr,760,18006,-2,17991
 0> <info> app: hr,761,17982,-1,17991
 0> <info> app: hr,762,17994,-1,17991
 0> <info> app: hr,763,17973,-1,17991
 0> <info> app: hr,764,17975,-1,17991
 0> <info> app: hr,765,17992,-1,17991
 0> <info> app: hr,766,18002,-1,17991
 0> <info> app: hr,767,17991,-1,17991
 0> <info> app: hr,768,17985,-1,17991
 0> <info> app: hr,769,17978,-1,17991
 0> <info> app: hr,770,17999,-1,17991
 0> <info> app: hr,771,17986,-1,17991
 0> <info> app: hr,772,17978,-1,17991
 0> <info> app: hr,773,17990,-1,17991
 0> <info> app: hr,774,17998,-1,17991
 0> <info> app: hr,775,17974,0,17991
 0> <info> app: hr,776,18005,0,17991
 0> <info> app: hr,777,17998,0,17990
 0> <info> app: hr,778,17997,0,17990
 0> <info> app: hr,779,17988,0,17990
 0> <info> app: hr,780,17998,0,17990
 0> <info> app: hr,781,17989,0,17990
 0> <info> app: hr,782,17985,0,17990
 0> <info> app: hr,783,17983,0,17990
 0> <info> app: hr,784,17984,0,17990
 0> <info> app: hr,785,17971,0,17990
 0> <info> app: hr,786,17988,0,17990
 0> <info> app: hr,787,17970,0,17990
 0> <info> app: hr,788,17961,0,17990
 0> <info> app: hr,789,17976,1,17989
 0> <info> app: hr,790,17999,1,17989
 0> <info> app: hr,791,17993,0,17989
 0> <info> app: hr,792,18003,0,17989
 0> <info> app: hr,793,17983,1,17988
 0> <info> app: hr,794,17957,1,17988
 0> <info> app: hr,795,17976,1,17988
 0> <info> app: hr,796,17979,1,17988
 0> <info> app: hr,797,17954,2,17987
 0> <info> app: hr,798,17971,2,17987
 0> <info> app: hr,799,17964,2,17987
 0> <info> app: hr,800,17962,3,17986
 0> <info> app: hr,801,17978,3,17986
 0> <info> app: hr,802,17983,3,17985
 0> <info> app: hr,803,17976,3,17985
 0> <info> app: hr,804,17961,4,17984
 0> <info> app: hr,805,17989,4,17984
 0> <info> app: hr,806,17991,5,17983
 0> <info> app: hr,807,17979,4,17983
 0> <info> app: hr,808,17986,5,17982
 0> <info> app: hr,809,17965,5,17982
 0> <info> app: hr,810,17995,5,17982
 0> <info> app: hr,811,17970,5,17981
 0> <info> app: hr,812,17998,5,17981
 0> <info> app: hr,813,17995,5,17981
 0> <info> app: hr,814,17962,4,17981
 0> <info> app: hr,815,17974,5,17980
 0> <info> app: hr,816,17976,5,17980
 0> <info> app: hr,817,17971,5,17980
 0> <info> app: hr,818,18003,4,17980
 0> <info> app: hr,819,17961,4,17980
 0> <info> app: hr,820,17979,5,17979
 0> <info> app: hr,821,17943,5,17979
 0> <info> app: hr,822,17969,4,17979
 0> <info> app: hr,823,17988,4,17979
 0> <info> app: hr,824,17975,5,17978
 0> <info> app: hr,825,17989,5,17978
 0> <info> app: hr,826,17973,4,17978
 0> <info> app: hr,827,17977,4,17978
 0> <info> app: hr,828,17978,4,17978
 0> <info> app: hr,829,17972,5,17977
 0> <info> app: hr,830,17964,4,17977
 0> <info> app: hr,831,17962,4,17977
 0> <info> app: hr,832,17963,4,17977
 0> <info> app: hr,833,17995,4,17977
 0> <info> app: hr,834,17952,5,17976
 0> <info> app: hr,835,17964,4,17976
 0> <info> app: hr,836,17964,4,17976
 0> <info> app: hr,837,17987,5,17975
 0> <info> app: hr,838,17967,5,17975
 0> <info> app: hr,839,17980,4,17975
 0> <info> app: hr,840,17990,4,17975
 0> <info> app: hr,841,17977,4,17975
 0> <info> app: hr,842,17984,5,17974
 0> <info> app: hr,843,17979,4,17974
 0> <info> app: hr,844,18000,4,17974
 0> <info> app: hr,845,17956,4,17974
 0> <info> app: hr,846,17980,4,17974
 0> <info> app: hr,847,17998,3,17974
 0> <info> app: hr,848,17966,3,17974
 0> <info> app: hr,849,17973,3,17974
 0> <info> app: hr,850,17953,3,17974
 0> <info> app: hr,851,17975,3,17974
 0> <info> app: hr,852,17965,3,17974
 0> <info> app: hr,853,17986,2,17974
 0> <info> app: hr,854,17990,2,17974
 0> <info> app: hr,855,17979,2,17974
 0> <info> app: hr,856,17983,2,17974
 0> <info> app: hr,857,17982,2,17974
 0> <info> app: hr,858,17987,2,17974
 0> <info> app: hr,859,18002,1,17975
 0> <info> app: hr,860,17974,1,17975
 0> <info> app: hr,861,17971,1,17975
 0> <info> app: hr,862,17973,0,17975
 0> <info> app: hr,863,17979,0,17975
 0> <info> app: hr,864,17966,0,17975
 0> <info> app: hr,865,17970,0,17975
 0> <info> app: hr,866,17989,0,17976
 0> <info> app: hr,867,17964,0,17976
 0> <info> app: hr,868,17978,0,17976
 0> <info> app: hr,869,17990,0,17976
 0> <info> app: hr,870,17997,0,17976
 0> <info> app: hr,871,17972,0,17976
 0> <info> app: hr,872,17979,0,17976
 0> <info> app: hr,873,17986,0,17976
 0> <info> app: hr,874,17979,0,17976
 0> <info> app: hr,875,17997,-1,17977
 0> <info> app: hr,876,17978,-1,17977
 0> <info> app: hr,877,17986,-1,17977
 0> <info> app: hr,878,17967,0,17977
 0> <info> app: hr,879,17974,0,17977
 0> <info> app: hr,880,17967,0,17977
 0> <info> app: hr,881,17976,-1,17978
 0> <info> app: hr,882,17975,-1,17978
 0> <info> app: hr,883,17963,-1,17978
 0> <info> app: hr,884,17986,-1,17978
 0> <info> app: hr,885,17962,-1,17978
 0> <info> app: hr,886,17978,-1,17978
 0> <info> app: hr,887,17965,-1,17978
 0> <info> app: hr,888,17945,0,17977
 0> <info> app: hr,889,17994,0,17977
 0> <info> app: hr,890,17964,0,17977
 0> <info> app: hr,891,17983,0,17977
 0> <info> app: hr,892,17988,0,17977
 0> <info> app: hr,893,17983,0,17977
 0> <info> app: hr,894,17974,0,17977
 0> <info> app: hr,895,17962,0,17977
 0> <info> app: hr,896,17970,0,17977
 0> <info> app: hr,897,17989,0,17976
 0> <info> app: hr,898,17989,0,17976
 0> <info> app: hr,899,17971,0,17976
 0> <info> app: hr,900,17986,0,17976
 0> <info> app: hr,901,17983,0,17976
 0> <info> app: hr,902,17970,0,17976
 0> <info> app: hr,903,17955,0,17976
 0> <info> app: hr,904,17971,0,17976
 0> <info> app: hr,905,17975,0,17976
 0> <info> app: hr,906,17961,0,17976
 0> <info> app: hr,907,18003,0,17976
 0> <info> app: hr,908,17987,0,17976
 0> <info> app: hr,909,17971,0,17976
 0> <info> app: hr,910,17977,0,17976
 0> <info> app: hr,911,17981,0,17976
 0> <info> app: hr,912,17963,0,17976
 0> <info> app: hr,913,17975,0,17976
 0> <info> app: hr,914,17970,0,17976
 0> <info> app: hr,915,17973,0,17976
 0> <info> app: hr,916,17973,0,17976
 0> <info> app: hr,917,17982,0,17976
 0> <info> app: hr,918,17954,1,17975
 0> <info> app: hr,919,17977,1,17975
 0> <info> app: hr,920,17995,1,17975
 0> <info> app: hr,921,17966,1,17975
 0> <info> app: hr,922,17984,1,17975
 0> <info> app: hr,923,17962,0,17975
 0> <info> app: hr,924,17990,0,17975
 0> <info> app: hr,925,17961,0,17975
 0> <info> app: hr,926,17979,0,17975
 0> <info> app: hr,927,17956,0,17975
 0> <info> app: hr,928,17966,0,17975
 0> <info> app: hr,929,17993,0,17975
 0> <info> app: hr,930,17951,0,17975
 0> <info> app: hr,931,17964,1,17974
 0> <info> app: hr,932,17962,1,17974
 0> <info> app: hr,933,17966,1,17974
 0> <info> app: hr,934,17987,1,17974
 0> <info> app: hr,935,17999,1,17974
 0> <info> app: hr,936,17975,1,17974
 0> <info> app: hr,937,17968,1,17974
 0> <info> app: hr,938,17977,1,17974
 0> <info> app: hr,939,17985,2,17973
 0> <info> app: hr,940,17962,1,17973
 0> <info> app: hr,941,17971,1,17973
 0> <info> app: hr,942,17956,1,17973
 0> <info> app: hr,943,17989,1,17973
 0> <info> app: hr,944,17987,1,17973
 0> <info> app: hr,945,17965,1,17973
 0> <info> app: hr,946,17965,1,17973
 0> <info> app: hr,947,17987,1,17973
 0> <info> app: hr,948,17983,1,17973
 0> <info> app: hr,949,18000,1,17973
 0> <info> app: hr,950,17958,1,17973
 0> <info> app: hr,951,17970,1,17973
 0> <info> app: hr,952,17949,1,17973
 0> <info> app: hr,953,17979,1,17973
 0> <info> app: hr,954,17986,0,17973
 0> <info> app: hr,955,17994,0,17973
 0> <info> app: hr,956,17970,0,17973
 0> <info> app: hr,957,17983,0,17973
 0> <info> app: hr,958,17983,0,17974
 0> <info> app: hr,959,17993,0,17974
 0> <info> app: hr,960,17971,0,17974
 0> <info> app: hr,961,17965,0,17974
 0> <info> app: hr,962,17994,0,17974
 0> <info> app: hr,963,17981,0,17974
 0> <info> app: hr,964,17989,0,17974
 0> <info> app: hr,965,17982,-1,17975
 0> <info> app: hr,966,17981,-1,17975
 0> <info> app: hr,967,17981,-1,17975
 0> <info> app: hr,968,17980,0,17975
 0> <info> app: hr,969,17986,-1,17976
 0> <info> app: hr,970,17964,-1,17976
 0> <info> app: hr,971,17976,-1,17976
 0> <info> app: hr,972,17977,-1,17976
 0> <info> app: hr,973,17984,-1,17976
 0> <info> app: hr,974,17986,-1,17976
 0> <info> app: hr,975,17966,-2,17977
 0> <info> app: hr,976,17975,-2,17977
 0> <info> app: hr,977,17986,-2,17977
 0> <info> app: hr,978,17977,-2,17977
 0> <info> app: hr,979,17997,-1,17977
 0> <info> app: hr,980,17989,-1,17977
 0> <info> app: hr,981,17990,-2,17978
 0> <info> app: hr,982,17981,-2,17978
 0> <info> app: hr,983,17973,-2,17978
 0> <info> app: hr,984,17997,-2,17978
 0> <info> app: hr,985,18001,-2,17978
 0> <info> app: hr,986,17983,-3,17979
 0> <info> app: hr,987,17995,-2,17979
 0> <info> app: hr,988,17991,-2,17979
 0> <info> app: hr,989,18000,-3,17980
 0> <info> app: hr,990,17980,-3,17980
 0> <info> app: hr,991,17979,-3,17980
 0> <info> app: hr,992,17982,-4,17981
 0> <info> app: hr,993,17989,-3,17981
 0> <info> app: hr,994,17983,-3,17981
 0> <info> app: hr,995,17979,-4,17982
 0> <info> app: hr,996,18006,-4,17982
 0> <info> app: hr,997,17969,-4,17982
 0> <info> app: hr,998,18002,-3,17982
 0> <info> app: hr,999,17964,-4,17983
 0> <info> app: hr,1000,17988,-4,17983
 0> <info> app: hr,1001,17998,-4,17983
 0> <info> app: hr,1002,17983,-4,17983
 0> <info> app: hr,1003,17987,-3,17983
 0> <info> app: hr,1004,17971,-4,17984
 0> <info> app: hr,1005,18008,-4,17984
 0> <info> app: hr,1006,18017,-4,17984
 0> <info> app: hr,1007,18002,-3,17984
 0> <info> app: hr,1008,18002,-4,17985
 0> <info> app: hr,1009,17993,-4,17985
 0> <info> app: hr,1010,17986,-4,17985
 0> <info> app: hr,1011,17981,-5,17986
 0> <info> app: hr,1012,17977,-4,17986
 0> <info> app: hr,1013,17982,-4,17986
 0> <info> app: hr,1014,18002,-5,17987
 0> <info> app: hr,1015,17985,-5,17987
 0> <info> app: hr,1016,17981,-4,17987
 0> <info> app: hr,1017,17996,-4,17987
 0> <info> app: hr,1018,18008,-4,17987
 0> <info> app: hr,1019,17992,-5,17988
 0> <info> app: hr,1020,17992,-4,17988
 0> <info> app: hr,1021,17987,-4,17988
 0> <info> app: hr,1022,17996,-4,17988
 0> <info> app: hr,1023,17999,-4,17988
 0> <info> app: hr,1024,17998,-4,17989
 0> <info> app: hr,1025,18007,-4,17989
 0> <info> app: hr,1026,17982,-4,17989
 0> <info> app: hr,1027,18014,-5,17990
 0> <info> app: hr,1028,17974,-5,17990
 0> <info> app: hr,1029,17992,-4,17990
 0> <info> app: hr,1030,17973,-4,17990
 0> <info> app: hr,1031,18004,-4,17990
 0> <info> app: hr,1032,18030,-5,17991
 0> <info> app: hr,1033,17994,-4,17991
 0> <info> app: hr,1034,17966,-4,17991
 0> <info> app: hr,1035,17993,-4,17991
 0> <info> app: hr,1036,18003,-4,17991
 0> <info> app: hr,1037,17986,-4,17992
 0> <info> app: hr,1038,18009,-4,17992
 0> <info> app: hr,1039,17987,-4,17992
 0> <info> app: hr,1040,18006,-4,17992
 0> <info> app: hr,1041,17971,-4,17992
 0> <info> app: hr,1042,17996,-3,17992
 0> <info> app: hr,1043,17998,-3,17992
 0> <info> app: hr,1044,18010,-4,17993
 0> <info> app: hr,1045,17977,-4,17993
 0> <info> app: hr,1046,17986,-4,17993
 0> <info> app: hr,1047,17990,-3,17993
 0> <info> app: hr,1048,18000,-3,17993
 0> <info> app: hr,1049,17992,-3,17993
 0> <info> app: hr,1050,18010,-3,17993
 0> <info> app: hr,1051,17996,-3,17993
 0> <info> app: hr,1052,17989,-2,17993
 0> <info> app: hr,1053,18004,-2,17993
 0> <info> app: hr,1054,17971,-2,17993
 0> <info> app: hr,1055,17975,-2,17993
 0> <info> app: hr,1056,17998,-2,17993
 0> <info> app: hr,1057,17980,-2,17993
 0> <info> app: hr,1058,18014,-2,17993
 0> <info> app: hr,1059,17987,-2,17993
 0> <info> app: hr,1060,17991,-1,17993
 0> <info> app: hr,1061,17989,-1,17993
 0> <info> app: hr,1062,17987,-1,17993
 0> <info> app: hr,1063,17983,-1,17993
 0> <info> app: hr,1064,18002,-1,17993
 0> <info> app: hr,1065,18002,-1,17993
 0> <info> app: hr,1066,17985,-1,17993
 0> <info> app: hr,1067,17948,-1,17993
 0> <info> app: hr,1068,17987,-1,17993
 0> <info> app: hr,1069,17993,0,17992
 0> <info> app: hr,1070,17985,0,17992
 0> <info> app: hr,1071,17982,0,17992
 0> <info> app: hr,1072,17970,0,17992
 0> <info> app: hr,1073,17996,0,17991
 0> <info> app: hr,1074,18009,0,17991
 0> <info> app: hr,1075,17977,0,17991
 0> <info> app: hr,1076,17983,0,17991
 0> <info> app: hr,1077,17974,0,17991
 0> <info> app: hr,1078,17973,1,17990
 0> <info> app: hr,1079,17969,1,17990
 0> <info> app: hr,1080,17977,1,17990
 0> <info> app: hr,1081,17988,2,17989
 0> <info> app: hr,1082,17984,2,17989
 0> <info> app: hr,1083,17993,3,17988
 0> <info> app: hr,1084,17957,3,17988
 0> <info> app: hr,1085,17986,2,17988
 0> <info> app: hr,1086,17976,3,17987
 0> <info> app: hr,1087,17974,3,17987
 0> <info> app: hr,1088,17964,3,17987
 0> <info> app: hr,1089,17981,4,17986
 0> <info> app: hr,1090,17998,3,17986
 0> <info> app: hr,1091,17980,4,17985
 0> <info> app: hr,1092,17975,4,17985
 0> <info> app: hr,1093,17986,4,17985
 0> <info> app: hr,1094,17968,5,17984
 0> <info> app: hr,1095,17977,4,17984
 0> <info> app: hr,1096,17979,4,17984
 0> <info> app: hr,1097,17997,5,17983
 0> <info> app: hr,1098,17976,5,17983
 0> <info> app: hr,1099,17982,4,17983
 0> <info> app: hr,1100,17977,5,17982
 0> <info> app: hr,1101,17987,5,17982
 0> <info> app: hr,1102,17983,5,17982
 0> <info> app: hr,1103,18016,4,17982
 0> <info> app: hr,1104,17978,4,17982
 0> <info> app: hr,1105,17981,4,17982
 0> <info> app: hr,1106,17983,4,17982
 0> <info> app: hr,1107,17973,3,17982
 0> <info> app: hr,1108,17988,4,17981
 0> <info> app: hr,1109,17971,4,17981
 0> <info> app: hr,1110,17970,4,17981
 0> <info> app: hr,1111,17967,4,17981
 0> <info> app: hr,1112,17993,3,17981
 0> <info> app: hr,1113,17971,3,17981
 0> <info> app: hr,1114,17970,3,17981
 0> <info> app: hr,1115,17985,3,17981
 0> <info> app: hr,1116,17988,4,17980
 0> <info> app: hr,1117,17985,3,17980
 0> <info> app: hr,1118,17973,3,17980
 0> <info> app: hr,1119,18006,3,17980
 0> <info> app: hr,1120,17982,3,17980
 0> <info> app: hr,1121,17975,3,17980
 0> <info> app: hr,1122,17970,3,17980
 0> <info> app: hr,1123,17990,2,17980
 0> <info> app: hr,1124,17989,2,17980
 0> <info> app: hr,1125,17976,2,17980
 0> <info> app: hr,1126,17989,2,17980
 0> <info> app: hr,1127,17980,2,17980
 0> <info> app: hr,1128,17966,2,17980
 0> <info> app: hr,1129,17991,2,17980
 0> <info> app: hr,1130,18018,2,17980
 0> <info> app: hr,1131,17961,1,17980
 0> <info> app: hr,1132,17975,1,17980
 0> <info> app: hr,1133,17994,1,17980
 0> <info> app: hr,1134,17984,1,17980
 0> <info> app: hr,1135,17976,0,17981
 0> <info> app: hr,1136,17967,0,17981
 0> <info> app: hr,1137,17981,0,17981
 0> <info> app: hr,1138,17979,0,17981
 0> <info> app: hr,1139,18010,0,17981
 0> <info> app: hr,1140,17955,0,17981
 0> <info> app: hr,1141,17992,0,17981
 0> <info> app: hr,1142,17990,0,17981
 0> <info> app: hr,1143,17953,0,17981
 0> <info> app: hr,1144,18003,0,17981
 0> <info> app: hr,1145,18006,0,17981
 0> <info> app: hr,1146,17983,0,17981
 0> <info> app: hr,1147,17974,0,17981
 0> <info> app: hr,1148,17984,0,17981
 0> <info> app: hr,1149,17998,0,17981
 0> <info> app: hr,1150,17993,0,17981
 0> <info> app: hr,1151,17979,0,17982
 0> <info> app: hr,1152,17976,0,17982
 0> <info> app: hr,1153,17961,0,17982
 0> <info> app: hr,1154,18004,0,17982
 0> <info> app: hr,1155,17984,0,17982
 0> <info> app: hr,1156,17960,0,17982
 0> <info> app: hr,1157,17950,0,17982
 0> <info> app: hr,1158,17992,0,17982
 0> <info> app: hr,1159,17988,0,17982
 0> <info> app: hr,1160,17989,0,17982
 0> <info> app: hr,1161,17964,0,17982
 0> <info> app: hr,1162,17976,0,17982
 0> <info> app: hr,1163,17983,0,17982
 0> <info> app: hr,1164,17962,0,17981
 0> <info> app: hr,1165,17965,0,17981
 0> <info> app: hr,1166,18003,0,17981
 0> <info> app: hr,1167,17976,0,17981
 0> <info> app: hr,1168,18000,0,17981
 0> <info> app: hr,1169,17994,0,17981
 0> <info> app: hr,1170,17973,0,17981
 0> <info> app: hr,1171,17977,0,17981
 0> <info> app: hr,1172,17961,0,17981
 0> <info> app: hr,1173,17980,0,17981
 0> <info> app: hr,1174,17959,0,17981
 0> <info> app: hr,1175,18002,1,17980
 0> <info> app: hr,1176,17984,1,17980
 0> <info> app: hr,1177,17980,1,17980
 0> <info> app: hr,1178,17990,1,17980
 0> <info> app: hr,1179,17978,1,17980
 0> <info> app: hr,1180,17982,1,17980
 0> <info> app: hr,1181,17972,0,17980
 0> <info> app: hr,1182,17984,0,17980
 0> <info> app: hr,1183,17966,0,17980
 0> <info> app: hr,1184,18004,0,17980
 0> <info> app: hr,1185,17953,0,17980
 0> <info> app: hr,1186,17967,0,17980
 0> <info> app: hr,1187,17986,0,17980
 0> <info> app: hr,1188,17991,0,17980
 0> <info> app: hr,1189,17982,0,17980
 0> <info> app: hr,1190,17993,0,17980
 0> <info> app: hr,1191,17976,0,17980
 0> <info> app: hr,1192,17998,0,17980
 0> <info> app: hr,1193,17974,0,17980
 0> <info> app: hr,1194,17996,0,17980
 0> <info> app: hr,1195,17993,0,17980
 0> <info> app: hr,1196,17985,0,17980
 0> <info> app: hr,1197,17959,0,17980
 0> <info> app: hr,1198,17994,0,17980
 0> <info> app: hr,1199,17965,0,17980
 0> <info> app: hr,1200,18000,0,17980
 0> <info> app: hr,1201,17997,0,17980
 0> <info> app: hr,1202,17995,0,17980
 0> <info> app: hr,1203,18008,0,17981
 0> <info> app: hr,1204,17970,0,17981
 0> <info> app: hr,1205,17973,0,17981
 0> <info> app: hr,1206,17970,0,17981
 0> <info> app: hr,1207,18000,0,17981
 0> <info> app: hr,1208,17984,0,17981
 0> <info> app: hr,1209,17998,-1,17982
 0> <info> app: hr,1210,17967,-1,17982
 0> <info> app: hr,1211,17976,-1,17982
 0> <info> app: hr,1212,17985,-1,17982
 0> <info> app: hr,1213,17973,-1,17982
 0> <info> app: hr,1214,17988,-1,17982
 0> <info> app: hr,1215,18000,-1,17982
 0> <info> app: hr,1216,17981,-1,17982
 0> <info> app: hr,1217,17982,-1,17983
 0> <info> app: hr,1218,17955,-1,17983
 0> <info> app: hr,1219,18014,-1,17983
 0> <info> app: hr,1220,17999,-1,17983
 0> <info> app: hr,1221,18001,-1,17983
 0> <info> app: hr,1222,17980,-1,17983
 0> <info> app: hr,1223,17980,-1,17983
 0> <info> app: hr,1224,17966,-1,17983
 0> <info> app: hr,1225,17988,-1,17983
 0> <info> app: hr,1226,17981,-1,17983
 0> <info> app: hr,1227,17984,-2,17984
 0> <info> app: hr,1228,17991,-2,17984
 0> <info> app: hr,1229,17996,-1,17984
 0> <info> app: hr,1230,17983,-1,17984
 0> <info> app: hr,1231,17949,-1,17984
 0> <info> app: hr,1232,18026,-1,17984
 0> <info> app: hr,1233,17973,-1,17984
 0> <info> app: hr,1234,17957,-1,17984
 0> <info> app: hr,1235,17970,-1,17984
 0> <info> app: hr,1236,17992,-1,17984
 0> <info> app: hr,1237,17984,-1,17984
 0> <info> app: hr,1238,18005,-1,17984
 0> <info> app: hr,1239,18002,-1,17984
 0> <info> app: hr,1240,17972,-1,17984
 0> <info> app: hr,1241,17978,-1,17984
 0> <info> app: hr,1242,17990,-1,17984
 0> <info> app: hr,1243,18006,0,17984
 0> <info> app: hr,1244,17984,0,17984
 0> <info> app: hr,1245,18001,0,17984
 0> <info> app: hr,1246,17985,0,17984
 0> <info> app: hr,1247,17992,0,17984
 0> <info> app: hr,1248,17989,-1,17985
 0> <info> app: hr,1249,17991,-1,17985
 0> <info> app: hr,1250,17980,-1,17985
 0> <info> app: hr,1251,17995,-1,17985
 0> <info> app: hr,1252,17966,-1,17985
 0> <info> app: hr,1253,17978,-1,17985
 0> <info> app: hr,1254,17988,-1,17985
 0> <info> app: hr,1255,17992,-1,17985
 0> <info> app: hr,1256,17997,-1,17985
 0> <info> app: hr,1257,17997,-2,17986
 0> <info> app: hr,1258,17956,-1,17986
 0> <info> app: hr,1259,17995,-1,17986
 0> <info> app: hr,1260,17999,-1,17986
 0> <info> app: hr,1261,17985,-1,17986
 0> <info> app: hr,1262,17993,-1,17986
 0> <info> app: hr,1263,17962,-1,17986
 0> <info> app: hr,1264,17998,-1,17986
 0> <info> app: hr,1265,17977,-1,17986
 0> <info> app: hr,1266,18001,-1,17986
 0> <info> app: hr,1267,17996,-1,17986
 0> <info> app: hr,1268,18013,-1,17986
 0> <info> app: hr,1269,18013,-1,17986
 0> <info> app: hr,1270,17973,-1,17986
 0> <info> app: hr,1271,17991,-2,17987
 0> <info> app: hr,1272,17985,-1,17987
 0> <info> app: hr,1273,17985,-1,17987
 0> <info> app: hr,1274,18008,-1,17987
 0> <info> app: hr,1275,17975,-1,17987
 0> <info> app: hr,1276,17991,-1,17987
 0> <info> app: hr,1277,17998,-2,17988
 0> <info> app: hr,1278,18007,-2,17988
 0> <info> app: hr,1279,17987,-2,17988
 0> <info> app: hr,1280,17996,-2,17988
 0> <info> app: hr,1281,17994,-2,17988
 0> <info> app: hr,1282,17997,-2,17989
 0> <info> app: hr,1283,18005,-2,17989
 0> <info> app: hr,1284,17991,-2,17989
 0> <info> app: hr,1285,18005,-2,17989
 0> <info> app: hr,1286,17995,-3,17990
 0> <info> app: hr,1287,18010,-3,17990
 0> <info> app: hr,1288,17979,-3,17990
 0> <info> app: hr,1289,18004,-2,17990
 0> <info> app: hr,1290,18004,-3,17991
 0> <info> app: hr,1291,18002,-3,17991
 0> <info> app: hr,1292,17983,-3,17991
 0> <info> app: hr,1293,17961,-4,17992
 0> <info> app: hr,1294,18001,-4,17992
 0> <info> app: hr,1295,17976,-3,17992
 0> <info> app: hr,1296,18017,-3,17992
 0> <info> app: hr,1297,17992,-3,17992
 0> <info> app: hr,1298,17994,-3,17992
 0> <info> app: hr,1299,18020,-3,17992
 0> <info> app: hr,1300,17973,-3,17993
 0> <info> app: hr,1301,18000,-3,17993
 0> <info> app: hr,1302,17971,-3,17993
 0> <info> app: hr,1303,17991,-3,17993
 0> <info> app: hr,1304,17980,-3,17993
 0> <info> app: hr,1305,18004,-3,17993
 0> <info> app: hr,1306,18016,-2,17993
 0> <info> app: hr,1307,18015,-2,17993
 0> <info> app: hr,1308,18001,-2,17993
 0> <info> app: hr,1309,17996,-2,17993
 0> <info> app: hr,1310,17990,-3,17994
 0> <info> app: hr,1311,17971,-3,17994
 0> <info> app: hr,1312,18002,-3,17994
 0> <info> app: hr,1313,18016,-2,17994
 0> <info> app: hr,1314,17996,-2,17994
 0> <info> app: hr,1315,18007,-2,17994
 0> <info> app: hr,1316,17986,-2,17994
 0> <info> app: hr,1317,18012,-2,17994
 0> <info> app: hr,1318,17998,-3,17995
 0> <info> app: hr,1319,18009,-3,17995
 0> <info> app: hr,1320,17994,-2,17995
 0> <info> app: hr,1321,18016,-2,17995
 0> <info> app: hr,1322,18021,-3,17996
 0> <info> app: hr,1323,18007,-3,17996
 0> <info> app: hr,1324,18012,-3,17996
 0> <info> app: hr,1325,18004,-4,17997
 0> <info> app: hr,1326,18009,-3,17997
 0> <info> app: hr,1327,17986,-3,17997
 0> <info> app: hr,1328,18003,-4,17998
 0> <info> app: hr,1329,18005,-4,17998
 0> <info> app: hr,1330,18011,-4,17998
 0> <info> app: hr,1331,18009,-3,17998
 0> <info> app: hr,1332,17986,-4,17999
 0> <info> app: hr,1333,18016,-4,17999
 0> <info> app: hr,1334,17981,-4,17999
 0> <info> app: hr,1335,17999,-4,17999
 0> <info> app: hr,1336,18011,-4,18000
 0> <info> app: hr,1337,18021,-4,18000
 0> <info> app: hr,1338,17994,-4,18000
 0> <info> app: hr,1339,18000,-4,18000
 0> <info> app: hr,1340,18019,-4,18001
 0> <info> app: hr,1341,17995,-4,18001
 0> <info> app: hr,1342,18000,-4,18001
 0> <info> app: hr,1343,17981,-4,18001
 0> <info> app: hr,1344,17995,-4,18001
 0> <info> app: hr,1345,18022,-3,18001
 0> <info> app: hr,1346,18012,-3,18001
 0> <info> app: hr,1347,18001,-4,18002
 0> <info> app: hr,1348,18006,-4,18002
 0> <info> app: hr,1349,18009,-4,18002
 0> <info> app: hr,1350,17985,-3,18002
 0> <info> app: hr,1351,17993,-3,18002
 0> <info> app: hr,1352,17990,-3,18002
 0> <info> app: hr,1353,17984,-3,18002
 0> <info> app: hr,1354,17988,-3,18002
 0> <info> app: hr,1355,17976,-2,18002
 0> <info> app: hr,1356,17975,-2,18002
 0> <info> app: hr,1357,17992,-1,18001
 0> <info> app: hr,1358,17983,-1,18001
 0> <info> app: hr,1359,17992,-1,18001
 0> <info> app: hr,1360,17995,0,18000
 0> <info> app: hr,1361,17998,0,18000
 0> <info> app: hr,1362,17993,0,18000
 0> <info> app: hr,1363,18010,0,17999
 0> <info> app: hr,1364,17976,0,17999
 0> <info> app: hr,1365,17971,0,17999
 0> <info> app: hr,1366,17982,1,17998
 0> <info> app: hr,1367,17981,1,17998
 0> <info> app: hr,1368,18000,2,17997
 0> <info> app: hr,1369,17977,2,17997
 0> <info> app: hr,1370,18003,3,17996
 0> <info> app: hr,1371,17973,3,17996
 0> <info> app: hr,1372,17974,2,17996
 0> <info> app: hr,1373,17981,3,17995
 0> <info> app: hr,1374,17972,3,17995
 0> <info> app: hr,1375,18008,4,17994
 0> <info> app: hr,1376,17986,4,17994
 0> <info> app: hr,1377,17991,4,17993
 0> <info> app: hr,1378,18000,4,17993
 0> <info> app: hr,1379,17982,5,17992
 0> <info> app: hr,1380,17998,5,17992
 0> <info> app: hr,1381,17998,4,17992
 0> <info> app: hr,1382,17967,5,17991
 0> <info> app: hr,1383,17979,5,17991
 0> <info> app: hr,1384,17992,5,17991
 0> <info> app: hr,1385,17990,5,17990
 0> <info> app: hr,1386,17980,5,17990
 0> <info> app: hr,1387,17971,5,17990
 0> <info> app: hr,1388,17950,6,17989
 0> <info> app: hr,1389,18004,5,17989
 0> <info> app: hr,1390,17995,5,17989
 0> <info> app: hr,1391,17997,6,17988
 0> <info> app: hr,1392,17960,5,17988
 0> <info> app: hr,1393,17986,5,17988
 0> <info> app: hr,1394,17990,6,17987
 0> <info> app: hr,1395,18002,5,17987
 0> <info> app: hr,1396,17988,5,17987
 0> <info> app: hr,1397,17986,5,17987
 0> <info> app: hr,1398,17994,6,17986
 0> <info> app: hr,1399,17970,5,17986
 0> <info> app: hr,1400,17984,5,17986
 0> <info> app: hr,1401,17978,5,17986
 0> <info> app: hr,1402,17999,4,17986
 0> <info> app: hr,1403,17982,4,17986
 0> <info> app: hr,1404,17978,5,17985
 0> <info> app: hr,1405,17999,5,17985
 0> <info> app: hr,1406,17988,4,17985
 0> <info> app: hr,1407,17986,4,17985
 0> <info> app: hr,1408,17987,4,17985
 0> <info> app: hr,1409,18000,4,17985
 0> <info> app: hr,1410,17971,4,17985
 0> <info> app: hr,1411,17991,3,17985
 0> <info> app: hr,1412,17994,3,17985
 0> <info> app: hr,1413,17956,3,17985
 0> <info> app: hr,1414,18004,3,17985
 0> <info> app: hr,1415,17996,3,17985
 0> <info> app: hr,1416,18002,2,17985
 0> <info> app: hr,1417,17996,2,17985
 0> <info> app: hr,1418,17986,2,17985
 0> <info> app: hr,1419,17993,2,17985
 0> <info> app: hr,1420,17995,2,17985
 0> <info> app: hr,1421,18001,2,17985
 0> <info> app: hr,1422,17977,1,17986
 0> <info> app: hr,1423,17993,1,17986
 0> <info> app: hr,1424,17956,1,17986
 0> <info> app: hr,1425,18013,1,17986
 0> <info> app: hr,1426,17993,0,17986
 0> <info> app: hr,1427,17986,0,17986
 0> <info> app: hr,1428,17984,0,17986
 0> <info> app: hr,1429,17988,0,17986
 0> <info> app: hr,1430,17992,0,17986
 0> <info> app: hr,1431,17977,0,17987
 0> <info> app: hr,1432,18006,0,17987
 0> <info> app: hr,1433,17997,0,17987
 0> <info> app: hr,1434,17979,0,17987
 0> <info> app: hr,1435,17984,0,17987
 0> <info> app: hr,1436,17976,0,17987
 0> <info> app: hr,1437,17992,0,17987
 0> <info> app: hr,1438,17975,0,17987
 0> <info> app: hr,1439,17978,0,17987
 0> <info> app: hr,1440,18011,0,17987
 0> <info> app: hr,1441,17994,0,17987
 0> <info> app: hr,1442,17984,0,17987
 0> <info> app: hr,1443,17986,0,17987
 0> <info> app: hr,1444,17985,0,17987
 0> <info> app: hr,1445,17990,0,17987
 0> <info> app: hr,1446,17976,0,17987
 0> <info> app: hr,1447,17981,0,17987
 0> <info> app: hr,1448,17980,0,17987
 0> <info> app: hr,1449,18002,0,17987
 0> <info> app: hr,1450,17981,0,17987
 0> <info> app: hr,1451,18012,0,17987
 0> <info> app: hr,1452,17979,0,17987
 0> <info> app: hr,1453,17979,0,17987
 0> <info> app: hr,1454,17995,0,17987
 0> <info> app: hr,1455,18000,0,17987
 0> <info> app: hr,1456,17969,0,17987
 0> <info> app: hr,1457,17975,0,17987
 0> <info> app: hr,1458,17954,0,17987
 0> <info> app: hr,1459,17978,0,17987
 0> <info> app: hr,1460,18006,0,17987
 0> <info> app: hr,1461,17994,0,17987
 0> <info> app: hr,1462,18008,0,17987
 0> <info> app: hr,1463,17995,0,17987
 0> <info> app: hr,1464,17989,0,17987
 0> <info> app: hr,1465,17964,0,17987
 0> <info> app: hr,1466,17965,0,17987
 0> <info> app: hr,1467,18016,0,17987
 0> <info> app: hr,1468,17991,0,17987
 0> <info> app: hr,1469,17975,0,17987
 0> <info> app: hr,1470,17988,0,17987
 0> <info> app: hr,1471,17967,0,17987
 0> <info> app: hr,1472,17983,0,17986
 0> <info> app: hr,1473,17997,0,17986
 0> <info> app: hr,1474,17972,0,17986
 0> <info> app: hr,1475,17987,0,17986
 0> <info> app: hr,1476,17974,0,17986
 0> <info> app: hr,1477,17973,0,17986
 0> <info> app: hr,1478,18006,0,17986
 0> <info> app: hr,1479,17993,0,17986
 0> <info> app: hr,1480,18014,0,17986
 0> <info> app: hr,1481,17993,0,17986
 0> <info> app: hr,1482,17971,0,17986
 0> <info> app: hr,1483,18011,0,17986
 0> <info> app: hr,1484,17972,0,17986
 0> <info> app: hr,1485,18004,0,17986
 0> <info> app: hr,1486,17979,0,17986
 0> <info> app: hr,1487,17974,0,17986
 0> <info> app: hr,1488,17987,0,17986
 0> <info> app: hr,1489,17984,0,17986
 0> <info> app: hr,1490,17999,0,17986
 0> <info> app: hr,1491,18007,0,17986
 0> <info> app: hr,1492,17999,0,17986
 0> <info> app: hr,1493,17975,0,17986
 0> <info> app: hr,1494,18003,0,17986
 0> <info> app: hr,1495,17977,0,17987
 0> <info> app: hr,1496,17974,0,17987
 0> <info> app: hr,1497,17978,0,17987
 0> <info> app: hr,1498,18000,0,17987
 0> <info> app: hr,1499,17987,0,17987
 0> <info> app: hr,1500,17999,0,17987
 0> <info> app: hr,1501,17997,0,17987
 0> <info> app: hr,1502,18021,0,17987
 0> <info> app: hr,1503,18005,0,17987
 0> <info> app: hr,1504,17982,-1,17988
 0> <info> app: hr,1505,18006,-1,17988
 0> <info> app: hr,1506,17996,-1,17988
 0> <info> app: hr,1507,17967,-1,17988
 0> <info> app: hr,1508,18019,-2,17989
 0> <info> app: hr,1509,18004,-2,17989
 0> <info> app: hr,1510,18028,-1,17989
 0> <info> app: hr,1511,17971,-2,17990
 0> <info> app: hr,1512,17989,-2,17990
 0> <info> app: hr,1513,17999,-2,17990
 0> <info> app: hr,1514,18011,-2,17990
 0> <info> app: hr,1515,18014,-3,17991
 0> <info> app: hr,1516,17993,-3,17991
 0> <info> app: hr,1517,17970,-4,17992
 0> <info> app: hr,1518,17982,-3,17992
 0> <info> app: hr,1519,17992,-3,17992
 0> <info> app: hr,1520,17997,-3,17992
 0> <info> app: hr,1521,17994,-3,17992
 0> <info> app: hr,1522,17992,-4,17993
 0> <info> app: hr,1523,18003,-3,17993
 0> <info> app: hr,1524,17980,-3,17993
 0> <info> app: hr,1525,18010,-3,17993
 0> <info> app: hr,1526,18004,-3,17993
 0> <info> app: hr,1527,18018,-3,17993
 0> <info> app: hr,1528,18003,-4,17994
 0> <info> app: hr,1529,17979,-3,17994
 0> <info> app: hr,1530,17988,-3,17994
 0> <info> app: hr,1531,17973,-3,17994
 0> <info> app: hr,1532,17997,-3,17994
 0> <info> app: hr,1533,17989,-3,17994
 0> <info> app: hr,1534,17976,-2,17994
 0> <info> app: hr,1535,17996,-2,17994
 0> <info> app: hr,1536,17980,-2,17994
 0> <info> app: hr,1537,18000,-2,17994
 0> <info> app: hr,1538,17985,-2,17994
 0> <info> app: hr,1539,18023,-2,17994
 0> <info> app: hr,1540,17995,-2,17994
 0> <info> app: hr,1541,17981,-2,17994
 0> <info> app: hr,1542,18017,-1,17994
 0> <info> app: hr,1543,17984,-1,17994
 0> <info> app: hr,1544,18008,-1,17994
 0> <info> app: hr,1545,18019,-1,17994
 0> <info> app: hr,1546,18002,-1,17994
 0> <info> app: hr,1547,18023,-2,17995
 0> <info> app: hr,1548,17984,-2,17995
 0> <info> app: hr,1549,17984,-2,17995
 0> <info> app: hr,1550,18012,-2,17995
 0> <info> app: hr,1551,18018,-2,17995
 0> <info> app: hr,1552,17993,-2,17996
 0> <info> app: hr,1553,18010,-2,17996
 0> <info> app: hr,1554,17998,-2,17996
 0> <info> app: hr,1555,17988,-2,17996
 0> <info> app: hr,1556,17994,-2,17996
 0> <info> app: hr,1557,18024,-3,17997
 0> <info> app: hr,1558,18008,-3,17997
 0> <info> app: hr,1559,18005,-2,17997
 0> <info> app: hr,1560,18013,-2,17997
 0> <info> app: hr,1561,17991,-3,17998
 0> <info> app: hr,1562,17962,-3,17998
 0> <info> app: hr,1563,18009,-3,17998
 0> <info> app: hr,1564,18014,-3,17998
 0> <info> app: hr,1565,17973,-2,17998
 0> <info> app: hr,1566,17981,-2,17998
 0> <info> app: hr,1567,18002,-2,17998
 0> <info> app: hr,1568,18004,-2,17998
 0> <info> app: hr,1569,17998,-2,17998
 0> <info> app: hr,1570,17999,-2,17998
 0> <info> app: hr,1571,18009,-2,17998
 0> <info> app: hr,1572,17982,-2,17998
 0> <info> app: hr,1573,18001,-1,17998
 0> <info> app: hr,1574,18020,-1,17998
 0> <info> app: hr,1575,17989,-1,17998
 0> <info> app: hr,1576,18010,-2,17999
 0> <info> app: hr,1577,17968,-2,17999
 0> <info> app: hr,1578,18009,-2,17999
 0> <info> app: hr,1579,18015,-2,17999
 0> <info> app: hr,1580,17985,-2,17999
 0> <info> app: hr,1581,18015,-2,17999
 0> <info> app: hr,1582,18008,-1,17999
 0> <info> app: hr,1583,18010,-1,17999
 0> <info> app: hr,1584,18001,-1,17999
 0> <info> app: hr,1585,17997,-1,17999
 0> <info> app: hr,1586,18005,-1,17999
 0> <info> app: hr,1587,17989,-1,17999
 0> <info> app: hr,1588,18000,-1,17999
 0> <info> app: hr,1589,18013,-1,17999
 0> <info> app: hr,1590,18002,-1,17999
 0> <info> app: hr,1591,18036,-1,17999
 0> <info> app: hr,1592,18002,-2,18000
 0> <info> app: hr,1593,18012,-2,18000
 0> <info> app: hr,1594,18017,-1,18000
 0> <info> app: hr,1595,18006,-1,18000
 0> <info> app: hr,1596,17998,-2,18001
 0> <info> app: hr,1597,17991,-2,18001
 0> <info> app: hr,1598,18011,-2,18001
 0> <info> app: hr,1599,18038,-2,18001
 0> <info> app: hr,1600,18021,-3,18002
 0> <info> app: hr,1601,17997,-3,18002
 0> <info> app: hr,1602,18004,-2,18002
 0> <info> app: hr,1603,18003,-3,18003
 0> <info> app: hr,1604,18000,-3,18003
 0> <info> app: hr,1605,17969,-3,18003
 0> <info> app: hr,1606,18020,-3,18003
 0> <info> app: hr,1607,17989,-3,18003
 0> <info> app: hr,1608,17999,-2,18003
 0> <info> app: hr,1609,18004,-2,18003
 0> <info> app: hr,1610,18014,-2,18003
 0> <info> app: hr,1611,17991,-3,18004
 0> <info> app: hr,1612,17966,-3,18004
 0> <info> app: hr,1613,18017,-2,18003
 0> <info> app: hr,1614,17972,-2,18003
 0> <info> app: hr,1615,17998,-1,18003
 0> <info> app: hr,1616,18001,-1,18003
 0> <info> app: hr,1617,17987,-1,18003
 0> <info> app: hr,1618,17999,-1,18003
 0> <info> app: hr,1619,17996,0,18002
 0> <info> app: hr,1620,18006,0,18002
 0> <info> app: hr,1621,17997,0,18002
 0> <info> app: hr,1622,18006,0,18002
 0> <info> app: hr,1623,17995,0,18002
 0> <info> app: hr,1624,17967,0,18001
 0> <info> app: hr,1625,17980,0,18001
 0> <info> app: hr,1626,17999,0,18001
 0> <info> app: hr,1627,18012,1,18000
 0> <info> app: hr,1628,17971,1,18000
 0> <info> app: hr,1629,17981,1,18000
 0> <info> app: hr,1630,17980,2,17999
 0> <info> app: hr,1631,18001,2,17999
 0> <info> app: hr,1632,17991,2,17999
 0> <info> app: hr,1633,17997,2,17998
 0> <info> app: hr,1634,17987,2,17998
 0> <info> app: hr,1635,17985,3,17997
 0> <info> app: hr,1636,17971,3,17997
 0> <info> app: hr,1637,17984,3,17997
 0> <info> app: hr,1638,17977,4,17996
 0> <info> app: hr,1639,17997,3,17996
 0> <info> app: hr,1640,18022,4,17995
 0> <info> app: hr,1641,17988,4,17995
 0> <info> app: hr,1642,17975,5,17994
 0> <info> app: hr,1643,17996,4,17994
 0> <info> app: hr,1644,17986,4,17994
 0> <info> app: hr,1645,17973,5,17993
 0> <info> app: hr,1646,17990,5,17993
 0> <info> app: hr,1647,18007,4,17993
 0> <info> app: hr,1648,17973,5,17992
 0> <info> app: hr,1649,18006,5,17992
 0> <info> app: hr,1650,17986,5,17992
 0> <info> app: hr,1651,17973,4,17992
 0> <info> app: hr,1652,17987,5,17991
 0> <info> app: hr,1653,17990,5,17991
 0> <info> app: hr,1654,18009,5,17991
 0> <info> app: hr,1655,17999,4,17991
 0> <info> app: hr,1656,17983,5,17990
 0> <info> app: hr,1657,17977,5,17990
 0> <info> app: hr,1658,17994,5,17990
 0> <info> app: hr,1659,17993,4,17990
 0> <info> app: hr,1660,17968,4,17990
 0> <info> app: hr,1661,17990,5,17989
 0> <info> app: hr,1662,17988,5,17989
 0> <info> app: hr,1663,17987,4,17989
 0> <info> app: hr,1664,18000,4,17989
 0> <info> app: hr,1665,17988,4,17989
 0> <info> app: hr,1666,17987,4,17989
 0> <info> app: hr,1667,18010,3,17989
 0> <info> app: hr,1668,17983,3,17989
 0> <info> app: hr,1669,18000,4,17988
 0> <info> app: hr,1670,17975,4,17988
 0> <info> app: hr,1671,17987,4,17988
 0> <info> app: hr,1672,17960,3,17988
 0> <info> app: hr,1673,18015,3,17988
 0> <info> app: hr,1674,17980,3,17988
 0> <info> app: hr,1675,17984,3,17988
 0> <info> app: hr,1676,17990,3,17988
 0> <info> app: hr,1677,18004,3,17988
 0> <info> app: hr,1678,17985,2,17988
 0> <info> app: hr,1679,17964,2,17988
 0> <info> app: hr,1680,17973,2,17988
 0> <info> app: hr,1681,17989,2,17988
 0> <info> app: hr,1682,17970,3,17987
 0> <info> app: hr,1683,18003,3,17987
 0> <info> app: hr,1684,18002,3,17987
 0> <info> app: hr,1685,17977,2,17987
 0> <info> app: hr,1686,17970,2,17987
 0> <info> app: hr,1687,17997,2,17987
 0> <info> app: hr,1688,17992,2,17987
 0> <info> app: hr,1689,17987,2,17987
 0> <info> app: hr,1690,18003,2,17987
 0> <info> app: hr,1691,17984,2,17987
 0> <info> app: hr,1692,17987,1,17987
 0> <info> app: hr,1693,17981,1,17987
 0> <info> app: hr,1694,17991,1,17987
 0> <info> app: hr,1695,18001,1,17987
 0> <info> app: hr,1696,17997,1,17987
 0> <info> app: hr,1697,18006,1,17987
 0> <info> app: hr,1698,18005,1,17987
 0> <info> app: hr,1699,17988,1,17987
 0> <info> app: hr,1700,17989,1,17987
 0> <info> app: hr,1701,17985,1,17987
 0> <info> app: hr,1702,17988,1,17987
 0> <info> app: hr,1703,17988,0,17988
 0> <info> app: hr,1704,17980,0,17988
 0> <info> app: hr,1705,17978,0,17988
 0> <info> app: hr,1706,17992,0,17988
 0> <info> app: hr,1707,17963,0,17988
 0> <info> app: hr,1708,17995,0,17988
 0> <info> app: hr,1709,17961,0,17988
 0> <info> app: hr,1710,17992,0,17988
 0> <info> app: hr,1711,17985,0,17988
 0> <info> app: hr,1712,18001,1,17987
 0> <info> app: hr,1713,17977,1,17987
 0> <info> app: hr,1714,17986,0,17987
 0> <info> app: hr,1715,17987,0,17987
 0> <info> app: hr,1716,17967,0,17987
 0> <info> app: hr,1717,17964,0,17987
 0> <info> app: hr,1718,18009,0,17987
 0> <info> app: hr,1719,18007,0,17987
 0> <info> app: hr,1720,18005,0,17987
 0> <info> app: hr,1721,17991,0,17987
 0> <info> app: hr,1722,17986,0,17987
 0> <info> app: hr,1723,17964,0,17987
 0> <info> app: hr,1724,17986,0,17987
 0> <info> app: hr,1725,17990,0,17987
 0> <info> app: hr,1726,17980,0,17987
 0> <info> app: hr,1727,18003,0,17987
 0> <info> app: hr,1728,17975,1,17986
 0> <info> app: hr,1729,17988,1,17986
 0> <info> app: hr,1730,17974,1,17986
 0> <info> app: hr,1731,17999,1,17986
 0> <info> app: hr,1732,17996,1,17986
 0> <info> app: hr,1733,17985,1,17986
 0> <info> app: hr,1734,17982,1,17986
 0> <info> app: hr,1735,17996,1,17986
 0> <info> app: hr,1736,18004,0,17986
 0> <info> app: hr,1737,17987,0,17986
 0> <info> app: hr,1738,17989,0,17986
 0> <info> app: hr,1739,17993,0,17987
 0> <info> app: hr,1740,17994,0,17987
 0> <info> app: hr,1741,17982,0,17987
 0> <info> app: hr,1742,17967,0,17987
 0> <info> app: hr,1743,17994,0,17987
 0> <info> app: hr,1744,17978,0,17987
 0> <info> app: hr,1745,17994,0,17987
 0> <info> app: hr,1746,17986,0,17987
 0> <info> app: hr,1747,17991,0,17987
 0> <info> app: hr,1748,17985,0,17987
 0> <info> app: hr,1749,17989,0,17987
 0> <info> app: hr,1750,17958,0,17987
 0> <info> app: hr,1751,17982,0,17987
 0> <info> app: hr,1752,18004,0,17987
 0> <info> app: hr,1753,17998,0,17987
 0> <info> app: hr,1754,17999,0,17987
 0> <info> app: hr,1755,18003,0,17987
 0> <info> app: hr,1756,17983,0,17987
 0> <info> app: hr,1757,17997,0,17987
 0> <info> app: hr,1758,17990,0,17987
 0> <info> app: hr,1759,17984,0,17987
 0> <info> app: hr,1760,17990,0,17987
 0> <info> app: hr,1761,18013,0,17987
 0> <info> app: hr,1762,17997,0,17987
 0> <info> app: hr,1763,17973,-1,17988
 0> <info> app: hr,1764,18015,0,17988
 0> <info> app: hr,1765,18005,0,17988
 0> <info> app: hr,1766,18000,0,17988
 0> <info> app: hr,1767,18000,-1,17989
 0> <info> app: hr,1768,17979,-1,17989
 0> <info> app: hr,1769,17977,-1,17989
 0> <info> app: hr,1770,18005,-1,17989
 0> <info> app: hr,1771,18006,-1,17989
 0> <info> app: hr,1772,17977,-2,17990
 0> <info> app: hr,1773,17973,-2,17990
 0> <info> app: hr,1774,18004,-2,17990
 0> <info> app: hr,1775,17984,-2,17990
 0> <info> app: hr,1776,17996,-1,17990
 0> <info> app: hr,1777,17972,-1,17990
 0> <info> app: hr,1778,18008,-1,17990
 0> <info> app: hr,1779,17969,-1,17990
 0> <info> app: hr,1780,18003,-1,17990
 0> <info> app: hr,1781,18004,-2,17991
 0> <info> app: hr,1782,17980,-2,17991
 0> <info> app: hr,1783,18000,-2,17991
 0> <info> app: hr,1784,17960,-2,17991
 0> <info> app: hr,1785,17997,-2,17991
 0> <info> app: hr,1786,17992,-1,17991
 0> <info> app: hr,1787,18003,-1,17991
 0> <info> app: hr,1788,18001,-1,17991
 0> <info> app: hr,1789,17999,-1,17991
 0> <info> app: hr,1790,18004,-1,17991
 0> <info> app: hr,1791,17980,-1,17991
 0> <info> app: hr,1792,18001,-1,17991
 0> <info> app: hr,1793,17997,-1,17991
 0> <info> app: hr,1794,17993,-1,17991
 0> <info> app: hr,1795,18011,-1,17991
 0> <info> app: hr,1796,17991,-2,17992
 0> <info> app: hr,1797,17999,-2,17992
 0> <info> app: hr,1798,17991,-1,17992
 0> <info> app: hr,1799,17998,-1,17992
 0> <info> app: hr,1800,17979,-1,17992
 0> <info> app: hr,1801,17988,-1,17992
 0> <info> app: hr,1802,17989,-1,17992
 0> <info> app: hr,1803,17987,-1,17992
 0> <info> app: hr,1804,17999,-1,17992
 0> <info> app: hr,1805,17976,-1,17992
 0> <info> app: hr,1806,17988,-1,17992
 0> <info> app: hr,1807,17988,-1,17992
 0> <info> app: hr,1808,17994,-1,17992
 0> <info> app: hr,1809,17991,-1,17992
 0> <info> app: hr,1810,18024,-1,17992
 0> <info> app: hr,1811,18010,-1,17992
 0> <info> app: hr,1812,17962,0,17992
 0> <info> app: hr,1813,18007,0,17992
 0> <info> app: hr,1814,17985,0,17992
 0> <info> app: hr,1815,18003,0,17992
 0> <info> app: hr,1816,18019,-1,17993
 0> <info> app: hr,1817,18012,-1,17993
 0> <info> app: hr,1818,18013,-1,17993
 0> <info> app: hr,1819,17992,-1,17993
 0> <info> app: hr,1820,17993,-1,17993
 0> <info> app: hr,1821,17981,-2,17994
 0> <info> app: hr,1822,18008,-2,17994
 0> <info> app: hr,1823,17996,-2,17994
 0> <info> app: hr,1824,18006,-2,17994
 0> <info> app: hr,1825,18005,-1,17994
 0> <info> app: hr,1826,17979,-2,17995
 0> <info> app: hr,1827,17988,-2,17995
 0> <info> app: hr,1828,17982,-2,17995
 0> <info> app: hr,1829,18004,-2,17995
 0> <info> app: hr,1830,17995,-2,17995
 0> <info> app: hr,1831,17981,-2,17995
 0> <info> app: hr,1832,18008,-2,17995
 0> <info> app: hr,1833,17991,-1,17995
 0> <info> app: hr,1834,17989,-1,17995
 0> <info> app: hr,1835,18006,-1,17995
 0> <info> app: hr,1836,18011,-1,17995
 0> <info> app: hr,1837,17986,-1,17995
 0> <info> app: hr,1838,17995,-1,17995
 0> <info> app: hr,1839,18017,-1,17995
 0> <info> app: hr,1840,17994,-1,17995
 0> <info> app: hr,1841,17982,-2,17996
 0> <info> app: hr,1842,18001,-2,17996
 0> <info> app: hr,1843,17985,-2,17996
 0> <info> app: hr,1844,18001,-1,17996
 0> <info> app: hr,1845,17987,-1,17996
 0> <info> app: hr,1846,17999,-1,17996
 0> <info> app: hr,1847,17978,-1,17996
 0> <info> app: hr,1848,17999,-1,17996
 0> <info> app: hr,1849,17972,-1,17996
 0> <info> app: hr,1850,17992,0,17995
 0> <info> app: hr,1851,18012,0,17995
 0> <info> app: hr,1852,17999,0,17995
 0> <info> app: hr,1853,17988,0,17995
 0> <info> app: hr,1854,17991,0,17995
 0> <info> app: hr,1855,18018,0,17995
 0> <info> app: hr,1856,17989,0,17995
 0> <info> app: hr,1857,17990,0,17995
 0> <info> app: hr,1858,17997,0,17995
 0> <info> app: hr,1859,17986,0,17995
 0> <info> app: hr,1860,17991,0,17995
 0> <info> app: hr,1861,17998,0,17995
 0> <info> app: hr,1862,17995,0,17995
 0> <info> app: hr,1863,17994,0,17995
 0> <info> app: hr,1864,18015,0,17995
 0> <info> app: hr,1865,17990,0,17995
 0> <info> app: hr,1866,18004,0,17995
 0> <info> app: hr,1867,18015,0,17995
 0> <info> app: hr,1868,17988,0,17995
 0> <info> app: hr,1869,18000,0,17995
 0> <info> app: hr,1870,18000,0,17995
 0> <info> app: hr,1871,18019,0,17995
 0> <info> app: hr,1872,17984,0,17995
 0> <info> app: hr,1873,18003,0,17995
 0> <info> app: hr,1874,18004,0,17995
 0> <info> app: hr,1875,17992,-1,17996
 0> <info> app: hr,1876,18017,-1,17996
 0> <info> app: hr,1877,17992,-1,17996
 0> <info> app: hr,1878,17988,0,17996
 0> <info> app: hr,1879,17994,0,17996
 0> <info> app: hr,1880,18008,0,17996
 0> <info> app: hr,1881,17993,0,17996
 0> <info> app: hr,1882,18007,-1,17997
 0> <info> app: hr,1883,18001,-1,17997
 0> <info> app: hr,1884,17968,-1,17997
 0> <info> app: hr,1885,17969,-1,17997
 0> <info> app: hr,1886,17982,-1,17997
 0> <info> app: hr,1887,17992,-1,17997
 0> <info> app: hr,1888,17991,0,17996
 0> <info> app: hr,1889,18010,0,17996
 0> <info> app: hr,1890,17979,0,17996
 0> <info> app: hr,1891,17983,0,17996
 0> <info> app: hr,1892,17983,0,17996
 0> <info> app: hr,1893,17970,0,17996
 0> <info> app: hr,1894,18006,0,17995
 0> <info> app: hr,1895,18010,0,17995
 0> <info> app: hr,1896,17994,0,17995
 0> <info> app: hr,1897,17979,0,17995
 0> <info> app: hr,1898,17974,1,17994
 0> <info> app: hr,1899,17969,1,17994
 0> <info> app: hr,1900,17963,1,17994
 0> <info> app: hr,1901,17977,2,17993
 0> <info> app: hr,1902,17947,2,17993
 0> <info> app: hr,1903,17978,3,17992
 0> <info> app: hr,1904,18009,3,17992
 0> <info> app: hr,1905,17982,3,17991
 0> <info> app: hr,1906,17981,3,17991
 0> <info> app: hr,1907,17958,4,17990
 0> <info> app: hr,1908,17985,4,17990
 0> <info> app: hr,1909,17976,5,17989
 0> <info> app: hr,1910,17988,4,17989
 0> <info> app: hr,1911,17982,5,17988
 0> <info> app: hr,1912,18002,5,17988
 0> <info> app: hr,1913,17974,6,17987
 0> <info> app: hr,1914,17998,5,17987
 0> <info> app: hr,1915,17978,5,17987
 0> <info> app: hr,1916,17979,6,17986
 0> <info> app: hr,1917,17961,5,17986
 0> <info> app: hr,1918,17987,5,17986
 0> <info> app: hr,1919,17973,6,17985
 0> <info> app: hr,1920,17969,5,17985
 0> <info> app: hr,1921,17977,6,17984
 0> <info> app: hr,1922,17992,6,17984
 0> <info> app: hr,1923,17963,6,17984
 0> <info> app: hr,1924,17991,6,17983
 0> <info> app: hr,1925,17983,6,17983
 0> <info> app: hr,1926,17969,6,17983
 0> <info> app: hr,1927,17982,6,17982
 0> <info> app: hr,1928,17981,6,17982
 0> <info> app: hr,1929,17988,6,17982
 0> <info> app: hr,1930,17968,6,17981
 0> <info> app: hr,1931,17971,6,17981
 0> <info> app: hr,1932,17953,6,17981
 0> <info> app: hr,1933,17995,6,17980
 0> <info> app: hr,1934,17964,6,17980
 0> <info> app: hr,1935,17973,6,17980
 0> <info> app: hr,1936,17991,5,17980
 0> <info> app: hr,1937,17972,6,17979
 0> <info> app: hr,1938,17982,6,17979
 0> <info> app: hr,1939,17983,5,17979
 0> <info> app: hr,1940,17990,5,17979
 0> <info> app: hr,1941,17987,6,17978
 0> <info> app: hr,1942,17987,6,17978
 0> <info> app: hr,1943,17964,5,17978
 0> <info> app: hr,1944,17961,5,17978
 0> <info> app: hr,1945,17967,5,17978
 0> <info> app: hr,1946,17961,4,17978
 0> <info> app: hr,1947,17981,4,17978
 0> <info> app: hr,1948,17957,5,17977
 0> <info> app: hr,1949,17964,5,17977
 0> <info> app: hr,1950,17962,4,17977
 0> <info> app: hr,1951,17977,5,17976
 0> <info> app: hr,1952,17962,5,17976
 0> <info> app: hr,1953,17984,5,17976
 0> <info> app: hr,1954,17972,4,17976
 0> <info> app: hr,1955,17942,5,17975
 0> <info> app: hr,1956,18000,5,17975
 0> <info> app: hr,1957,17955,5,17975
 0> <info> app: hr,1958,17969,5,17974
 0> <info> app: hr,1959,17972,5,17974
 0> <info> app: hr,1960,17974,5,17974
 0> <info> app: hr,1961,17965,5,17973
 0> <info> app: hr,1962,17983,5,17973
 0> <info> app: hr,1963,17965,5,17973
 0> <info> app: hr,1964,17972,5,17973
 0> <info> app: hr,1965,17971,4,17973
 0> <info> app: hr,1966,17970,5,17972
 0> <info> app: hr,1967,17975,5,17972
 0> <info> app: hr,1968,17964,5,17972
 0> <info> app: hr,1969,17963,4,17972
 0> <info> app: hr,1970,18001,4,17972
 0> <info> app: hr,1971,17981,4,17972
 0> <info> app: hr,1972,17951,5,17971
 0> <info> app: hr,1973,17988,4,17971
 0> <info> app: hr,1974,18001,4,17971
 0> <info> app: hr,1975,17998,4,17971
 0> <info> app: hr,1976,17980,3,17972
 0> <info> app: hr,1977,17978,3,17972
 0> <info> app: hr,1978,17951,2,17972
 0> <info> app: hr,1979,17982,2,17972
 0> <info> app: hr,1980,17967,2,17972
 0> <info> app: hr,1981,18000,2,17972
 0> <info> app: hr,1982,17981,2,17972
 0> <info> app: hr,1983,17968,1,17973
 0> <info> app: hr,1984,17970,1,17973
 0> <info> app: hr,1985,17981,1,17973
 0> <info> app: hr,1986,17973,1,17973
 0> <info> app: hr,1987,17965,0,17973
 0> <info> app: hr,1988,17969,0,17973
 0> <info> app: hr,1989,17973,0,17973
 0> <info> app: hr,1990,17969,0,17973
 0> <info> app: hr,1991,17979,0,17973
 0> <info> app: hr,1992,17953,0,17973
 0> <info> app: hr,1993,17996,0,17973
 0> <info> app: hr,1994,17975,0,17973
 0> <info> app: hr,1995,17965,0,17974
 0> <info> app: hr,1996,17983,0,17974
 0> <info> app: hr,1997,17989,0,17974
 0> <info> app: hr,1998,17973,0,17974
 0> <info> app: hr,1999,17953,0,17974
 0> <info> app: hr,2000,17972,0,17974
 0> <info> app: hr,2001,17948,0,17974
 0> <info> app: hr,2002,17963,0,17974
 0> <info> app: hr,2003,17998,0,17974
 0> <info> app: hr,2004,17973,0,17973
 0> <info> app: hr,2005,17960,0,17973
 0> <info> app: hr,2006,17972,0,17973
 0> <info> app: hr,2007,17983,0,17973
 0> <info> app: hr,2008,17972,0,17973
 0> <info> app: hr,2009,17982,0,17973
 0> <info> app: hr,2010,17972,0,17973
 0> <info> app: hr,2011,17964,0,17973
 0> <info> app: hr,2012,17992,0,17973
 0> <info> app: hr,2013,17954,0,17973
 0> <info> app: hr,2014,17967,0,17973
 0> <info> app: hr,2015,17988,0,17973
 0> <info> app: hr,2016,17954,0,17973
 0> <info> app: hr,2017,17985,0,17973
 0> <info> app: hr,2018,17945,0,17973
 0> <info> app: hr,2019,17974,0,17973
 0> <info> app: hr,2020,17947,0,17973
 0> <info> app: hr,2021,17953,1,17972
 0> <info> app: hr,2022,18004,1,17972
 0> <info> app: hr,2023,17951,1,17972
 0> <info> app: hr,2024,17969,1,17972
 0> <info> app: hr,2025,17973,1,17972
 0> <info> app: hr,2026,17995,2,17971
 0> <info> app: hr,2027,17992,1,17971
 0> <info> app: hr,2028,17969,1,17971
 0> <info> app: hr,2029,17965,1,17971
 0> <info> app: hr,2030,17965,1,17971
 0> <info> app: hr,2031,17978,1,17971

# Logging stopped @ 23 Nov 2018 10:10:31
