# SEGGER J-Link RTT Viewer V6.16a Terminal Log File
# Compiled: 12:44:10 on Jun  6 2017
# Logging started @ 23 Nov 2018 10:05:22
 0> <info> app: ***********  Application started  ***********
 0> 
 0> <info> app: [OK] NRF Power ON 0x0004. 
 0> <info> app: Read MAC:CC34D2110EF6
 0> <info> app: ***********  Sensor initial ***********
 0> <info> app: [OK]	BMI160
 0> <info> app: [OK]	SETUP ACC
 0> <info> app: [OK]	SETUP STEP COUNT
 0> <info> app: [OK]	FLASH MEMORY
 0> <info> app: [OK]	OLED Initial
 0> <info> app: [OK]	Max30102 Initial, Temperature 34.68
 0> <info> app: ********** End sensor initial *********
 0> 
 0> <info> app: Max30102 Found
 0> 
 0> <info> app: HR Begin
 0> 
 0> <info> app: 2032
 0> <info> app: hr,0,20106,20092,-1
 0> <info> app: hr,1,20100,20077,-1
 0> <info> app: hr,2,20111,20086,-1
 0> <info> app: hr,3,20096,20055,-1
 0> <info> app: hr,4,20102,20063,-1
 0> <info> app: hr,5,20078,20065,-1
 0> <info> app: hr,6,20097,20048,0
 0> <info> app: hr,7,20102,20062,0
 0> <info> app: hr,8,20092,20065,0
 0> <info> app: hr,9,20071,20083,0
 0> <info> app: hr,10,20111,20062,0
 0> <info> app: hr,11,20106,20033,0
 0> <info> app: hr,12,20086,20073,0
 0> <info> app: hr,13,20091,20047,0
 0> <info> app: hr,14,20071,20099,0
 0> <info> app: hr,15,20084,20076,0
 0> <info> app: hr,16,20088,20073,0
 0> <info> app: hr,17,20100,20067,0
 0> <info> app: hr,18,20095,20070,-1
 0> <info> app: hr,19,20093,20081,-1
 0> <info> app: hr,20,20101,20056,-1
 0> <info> app: hr,21,20085,20069,-1
 0> <info> app: hr,22,20107,20036,-1
 0> <info> app: hr,23,20089,20073,-1
 0> <info> app: hr,24,20108,20071,-1
 0> <info> app: hr,25,20102,20056,-1
 0> <info> app: hr,26,20085,20046,-1
 0> <info> app: hr,27,20097,20078,0
 0> <info> app: hr,28,20095,20069,0
 0> <info> app: hr,29,20098,20073,0
 0> <info> app: hr,30,20086,20065,0
 0> <info> app: hr,31,20120,20067,0
 0> <info> app: hr,32,20093,-1,20094
 0> <info> app: hr,33,20108,-1,20094
 0> <info> app: hr,34,20128,-1,20094
 0> <info> app: hr,35,20080,-2,20095
 0> <info> app: hr,36,20114,-2,20095
 0> <info> app: hr,37,20112,-1,20095
 0> <info> app: hr,38,20082,-1,20095
 0> <info> app: hr,39,20118,-2,20096
 0> <info> app: hr,40,20104,-2,20096
 0> <info> app: hr,41,20092,-2,20096
 0> <info> app: hr,42,20092,-2,20096
 0> <info> app: hr,43,20095,-3,20097
 0> <info> app: hr,44,20080,-3,20097
 0> <info> app: hr,45,20089,-2,20097
 0> <info> app: hr,46,20110,-2,20097
 0> <info> app: hr,47,20120,-2,20097
 0> <info> app: hr,48,20113,-2,20097
 0> <info> app: hr,49,20100,-2,20097
 0> <info> app: hr,50,20085,-3,20098
 0> <info> app: hr,51,20109,-3,20098
 0> <info> app: hr,52,20114,-2,20098
 0> <info> app: hr,53,20092,-2,20098
 0> <info> app: hr,54,20091,-2,20098
 0> <info> app: hr,55,20113,-2,20098
 0> <info> app: hr,56,20119,-3,20099
 0> <info> app: hr,57,20107,-3,20099
 0> <info> app: hr,58,20109,-3,20099
 0> <info> app: hr,59,20089,-2,20099
 0> <info> app: hr,60,20118,-2,20099
 0> <info> app: hr,61,20116,-3,20100
 0> <info> app: hr,62,20133,-3,20100
 0> <info> app: hr,63,20088,-3,20100
 0> <info> app: hr,64,20096,-4,20101
 0> <info> app: hr,65,20099,-3,20101
 0> <info> app: hr,66,20103,-3,20101
 0> <info> app: hr,67,20101,-3,20101
 0> <info> app: hr,68,20125,-4,20102
 0> <info> app: hr,69,20118,-4,20102
 0> <info> app: hr,70,20103,-3,20102
 0> <info> app: hr,71,20099,-3,20102
 0> <info> app: hr,72,20105,-4,20103
 0> <info> app: hr,73,20078,-4,20103
 0> <info> app: hr,74,20112,-4,20103
 0> <info> app: hr,75,20081,-3,20103
 0> <info> app: hr,76,20097,-3,20103
 0> <info> app: hr,77,20106,-3,20103
 0> <info> app: hr,78,20124,-3,20103
 0> <info> app: hr,79,20102,-3,20103
 0> <info> app: hr,80,20114,-3,20103
 0> <info> app: hr,81,20094,-2,20103
 0> <info> app: hr,82,20101,-2,20103
 0> <info> app: hr,83,20082,-2,20103
 0> <info> app: hr,84,20105,-2,20103
 0> <info> app: hr,85,20124,-2,20103
 0> <info> app: hr,86,20112,-2,20103
 0> <info> app: hr,87,20126,-3,20104
 0> <info> app: hr,88,20095,-2,20104
 0> <info> app: hr,89,20099,-2,20104
 0> <info> app: hr,90,20106,-2,20104
 0> <info> app: hr,91,20089,-2,20104
 0> <info> app: hr,92,20113,-2,20104
 0> <info> app: hr,93,20135,-2,20104
 0> <info> app: hr,94,20097,-2,20104
 0> <info> app: hr,95,20099,-2,20104
 0> <info> app: hr,96,20109,-1,20104
 0> <info> app: hr,97,20111,-1,20104
 0> <info> app: hr,98,20118,-2,20105
 0> <info> app: hr,99,20112,-2,20105
 0> <info> app: hr,100,20115,-2,20105
 0> <info> app: hr,101,20095,-2,20105
 0> <info> app: hr,102,20098,-2,20105
 0> <info> app: hr,103,20109,-2,20105
 0> <info> app: hr,104,20098,-2,20105
 0> <info> app: hr,105,20126,-1,20105
 0> <info> app: hr,106,20113,-1,20105
 0> <info> app: hr,107,20105,-2,20106
 0> <info> app: hr,108,20115,-2,20106
 0> <info> app: hr,109,20094,-2,20106
 0> <info> app: hr,110,20096,-2,20106
 0> <info> app: hr,111,20109,-2,20106
 0> <info> app: hr,112,20077,-2,20106
 0> <info> app: hr,113,20125,-2,20106
 0> <info> app: hr,114,20117,-1,20106
 0> <info> app: hr,115,20074,-1,20106
 0> <info> app: hr,116,20116,-1,20106
 0> <info> app: hr,117,20102,-1,20106
 0> <info> app: hr,118,20102,-1,20106
 0> <info> app: hr,119,20094,-1,20106
 0> <info> app: hr,120,20099,-1,20106
 0> <info> app: hr,121,20114,-1,20106
 0> <info> app: hr,122,20113,-1,20106
 0> <info> app: hr,123,20090,0,20105
 0> <info> app: hr,124,20110,0,20105
 0> <info> app: hr,125,20111,0,20105
 0> <info> app: hr,126,20100,0,20105
 0> <info> app: hr,127,20081,0,20105
 0> <info> app: hr,128,20082,0,20105
 0> <info> app: hr,129,20114,0,20105
 0> <info> app: hr,130,20135,0,20105
 0> <info> app: hr,131,20106,0,20105
 0> <info> app: hr,132,20096,0,20104
 0> <info> app: hr,133,20115,0,20104
 0> <info> app: hr,134,20129,0,20104
 0> <info> app: hr,135,20102,0,20104
 0> <info> app: hr,136,20090,0,20104
 0> <info> app: hr,137,20119,0,20104
 0> <info> app: hr,138,20101,0,20105
 0> <info> app: hr,139,20083,0,20105
 0> <info> app: hr,140,20092,0,20104
 0> <info> app: hr,141,20111,0,20104
 0> <info> app: hr,142,20100,0,20104
 0> <info> app: hr,143,20099,0,20104
 0> <info> app: hr,144,20074,0,20104
 0> <info> app: hr,145,20104,0,20104
 0> <info> app: hr,146,20109,0,20104
 0> <info> app: hr,147,20116,0,20104
 0> <info> app: hr,148,20112,1,20103
 0> <info> app: hr,149,20068,1,20103
 0> <info> app: hr,150,20100,1,20103
 0> <info> app: hr,151,20097,1,20103
 0> <info> app: hr,152,20081,1,20103
 0> <info> app: hr,153,20112,1,20103
 0> <info> app: hr,154,20092,2,20102
 0> <info> app: hr,155,20115,1,20102
 0> <info> app: hr,156,20088,1,20102
 0> <info> app: hr,157,20099,1,20102
 0> <info> app: hr,158,20101,1,20102
 0> <info> app: hr,159,20096,2,20101
 0> <info> app: hr,160,20086,2,20101
 0> <info> app: hr,161,20087,2,20101
 0> <info> app: hr,162,20099,2,20101
 0> <info> app: hr,163,20060,3,20100
 0> <info> app: hr,164,20080,2,20100
 0> <info> app: hr,165,20080,2,20100
 0> <info> app: hr,166,20099,3,20099
 0> <info> app: hr,167,20089,3,20099
 0> <info> app: hr,168,20107,4,20098
 0> <info> app: hr,169,20115,4,20098
 0> <info> app: hr,170,20087,3,20098
 0> <info> app: hr,171,20093,4,20097
 0> <info> app: hr,172,20057,4,20097
 0> <info> app: hr,173,20078,4,20097
 0> <info> app: hr,174,20074,5,20096
 0> <info> app: hr,175,20087,4,20096
 0> <info> app: hr,176,20091,5,20095
 0> <info> app: hr,177,20109,5,20095
 0> <info> app: hr,178,20086,5,20094
 0> <info> app: hr,179,20088,5,20094
 0> <info> app: hr,180,20087,5,20094
 0> <info> app: hr,181,20104,6,20093
 0> <info> app: hr,182,20074,5,20093
 0> <info> app: hr,183,20100,5,20093
 0> <info> app: hr,184,20093,6,20092
 0> <info> app: hr,185,20091,5,20092
 0> <info> app: hr,186,20090,5,20092
 0> <info> app: hr,187,20083,5,20092
 0> <info> app: hr,188,20080,6,20091
 0> <info> app: hr,189,20101,5,20091
 0> <info> app: hr,190,20107,5,20091
 0> <info> app: hr,191,20129,5,20091
 0> <info> app: hr,192,20081,4,20091
 0> <info> app: hr,193,20089,4,20091
 0> <info> app: hr,194,20088,4,20091
 0> <info> app: hr,195,20117,4,20091
 0> <info> app: hr,196,20071,4,20091
 0> <info> app: hr,197,20080,3,20091
 0> <info> app: hr,198,20104,3,20091
 0> <info> app: hr,199,20104,3,20091
 0> <info> app: hr,200,20081,3,20091
 0> <info> app: hr,201,20086,3,20091
 0> <info> app: hr,202,20113,2,20091
 0> <info> app: hr,203,20069,2,20091
 0> <info> app: hr,204,20123,2,20091
 0> <info> app: hr,205,20077,2,20091
 0> <info> app: hr,206,20104,2,20091
 0> <info> app: hr,207,20110,2,20091
 0> <info> app: hr,208,20081,2,20091
 0> <info> app: hr,209,20089,2,20091
 0> <info> app: hr,210,20093,1,20091
 0> <info> app: hr,211,20082,1,20091
 0> <info> app: hr,212,20091,1,20091
 0> <info> app: hr,213,20097,1,20091
 0> <info> app: hr,214,20093,1,20091
 0> <info> app: hr,215,20077,1,20091
 0> <info> app: hr,216,20095,1,20091
 0> <info> app: hr,217,20068,1,20091
 0> <info> app: hr,218,20071,1,20091
 0> <info> app: hr,219,20113,1,20091
 0> <info> app: hr,220,20082,1,20091
 0> <info> app: hr,221,20086,1,20091
 0> <info> app: hr,222,20067,1,20091
 0> <info> app: hr,223,20101,1,20091
 0> <info> app: hr,224,20092,0,20091
 0> <info> app: hr,225,20079,1,20090
 0> <info> app: hr,226,20103,1,20090
 0> <info> app: hr,227,20093,1,20090
 0> <info> app: hr,228,20106,1,20090
 0> <info> app: hr,229,20090,1,20090
 0> <info> app: hr,230,20104,1,20090
 0> <info> app: hr,231,20101,1,20090
 0> <info> app: hr,232,20075,1,20090
 0> <info> app: hr,233,20095,1,20090
 0> <info> app: hr,234,20083,1,20090
 0> <info> app: hr,235,20091,1,20090
 0> <info> app: hr,236,20095,1,20090
 0> <info> app: hr,237,20105,1,20090
 0> <info> app: hr,238,20101,0,20090
 0> <info> app: hr,239,20070,0,20090
 0> <info> app: hr,240,20093,0,20090
 0> <info> app: hr,241,20110,0,20090
 0> <info> app: hr,242,20118,0,20090
 0> <info> app: hr,243,20100,0,20091
 0> <info> app: hr,244,20109,0,20091
 0> <info> app: hr,245,20107,0,20091
 0> <info> app: hr,246,20095,0,20091
 0> <info> app: hr,247,20079,-1,20092
 0> <info> app: hr,248,20098,-1,20092
 0> <info> app: hr,249,20090,-1,20092
 0> <info> app: hr,250,20095,-1,20092
 0> <info> app: hr,251,20087,0,20092
 0> <info> app: hr,252,20090,-1,20093
 0> <info> app: hr,253,20106,-1,20093
 0> <info> app: hr,254,20096,-1,20093
 0> <info> app: hr,255,20078,-1,20093
 0> <info> app: hr,256,20099,-1,20093
 0> <info> app: hr,257,20105,-1,20093
 0> <info> app: hr,258,20075,-1,20093
 0> <info> app: hr,259,20103,-1,20093
 0> <info> app: hr,260,20087,-1,20093
 0> <info> app: hr,261,20108,-1,20093
 0> <info> app: hr,262,20083,-1,20093
 0> <info> app: hr,263,20102,-2,20094
 0> <info> app: hr,264,20103,-1,20094
 0> <info> app: hr,265,20097,-1,20094
 0> <info> app: hr,266,20076,-1,20094
 0> <info> app: hr,267,20093,-1,20094
 0> <info> app: hr,268,20094,-1,20094
 0> <info> app: hr,269,20099,-1,20094
 0> <info> app: hr,270,20126,-1,20094
 0> <info> app: hr,271,20091,-1,20094
 0> <info> app: hr,272,20073,-1,20094
 0> <info> app: hr,273,20106,-1,20094
 0> <info> app: hr,274,20075,-1,20094
 0> <info> app: hr,275,20121,-1,20094
 0> <info> app: hr,276,20089,-1,20094
 0> <info> app: hr,277,20113,-1,20094
 0> <info> app: hr,278,20104,-1,20095
 0> <info> app: hr,279,20124,-1,20095
 0> <info> app: hr,280,20098,-1,20095
 0> <info> app: hr,281,20118,-1,20095
 0> <info> app: hr,282,20082,-1,20095
 0> <info> app: hr,283,20096,-2,20096
 0> <info> app: hr,284,20100,-2,20096
 0> <info> app: hr,285,20081,-2,20096
 0> <info> app: hr,286,20113,-2,20096
 0> <info> app: hr,287,20102,-2,20096
 0> <info> app: hr,288,20092,-2,20097
 0> <info> app: hr,289,20097,-2,20097
 0> <info> app: hr,290,20097,-2,20097
 0> <info> app: hr,291,20107,-2,20097
 0> <info> app: hr,292,20098,-2,20097
 0> <info> app: hr,293,20109,-2,20097
 0> <info> app: hr,294,20102,-2,20097
 0> <info> app: hr,295,20097,-3,20098
 0> <info> app: hr,296,20108,-2,20098
 0> <info> app: hr,297,20092,-2,20098
 0> <info> app: hr,298,20090,-2,20098
 0> <info> app: hr,299,20089,-2,20098
 0> <info> app: hr,300,20107,-2,20098
 0> <info> app: hr,301,20111,-2,20098
 0> <info> app: hr,302,20115,-2,20098
 0> <info> app: hr,303,20114,-2,20098
 0> <info> app: hr,304,20093,-2,20099
 0> <info> app: hr,305,20124,-2,20099
 0> <info> app: hr,306,20116,-2,20099
 0> <info> app: hr,307,20098,-2,20099
 0> <info> app: hr,308,20104,-3,20100
 0> <info> app: hr,309,20090,-3,20100
 0> <info> app: hr,310,20126,-3,20100
 0> <info> app: hr,311,20127,-2,20100
 0> <info> app: hr,312,20092,-3,20101
 0> <info> app: hr,313,20093,-3,20101
 0> <info> app: hr,314,20100,-3,20101
 0> <info> app: hr,315,20099,-3,20101
 0> <info> app: hr,316,20091,-4,20102
 0> <info> app: hr,317,20104,-3,20102
 0> <info> app: hr,318,20108,-3,20102
 0> <info> app: hr,319,20128,-3,20102
 0> <info> app: hr,320,20098,-3,20102
 0> <info> app: hr,321,20109,-3,20102
 0> <info> app: hr,322,20090,-2,20102
 0> <info> app: hr,323,20092,-3,20103
 0> <info> app: hr,324,20105,-3,20103
 0> <info> app: hr,325,20105,-3,20103
 0> <info> app: hr,326,20118,-3,20103
 0> <info> app: hr,327,20113,-3,20103
 0> <info> app: hr,328,20134,-2,20103
 0> <info> app: hr,329,20099,-2,20103
 0> <info> app: hr,330,20099,-3,20104
 0> <info> app: hr,331,20089,-3,20104
 0> <info> app: hr,332,20117,-3,20104
 0> <info> app: hr,333,20107,-3,20104
 0> <info> app: hr,334,20098,-2,20104
 0> <info> app: hr,335,20117,-2,20104
 0> <info> app: hr,336,20090,-2,20104
 0> <info> app: hr,337,20127,-2,20104
 0> <info> app: hr,338,20116,-3,20105
 0> <info> app: hr,339,20109,-3,20105
 0> <info> app: hr,340,20129,-3,20105
 0> <info> app: hr,341,20104,-2,20105
 0> <info> app: hr,342,20108,-2,20105
 0> <info> app: hr,343,20121,-3,20106
 0> <info> app: hr,344,20117,-3,20106
 0> <info> app: hr,345,20094,-3,20106
 0> <info> app: hr,346,20099,-3,20106
 0> <info> app: hr,347,20110,-2,20106
 0> <info> app: hr,348,20122,-3,20107
 0> <info> app: hr,349,20116,-3,20107
 0> <info> app: hr,350,20115,-3,20107
 0> <info> app: hr,351,20137,-3,20107
 0> <info> app: hr,352,20102,-4,20108
 0> <info> app: hr,353,20124,-3,20108
 0> <info> app: hr,354,20105,-3,20108
 0> <info> app: hr,355,20121,-3,20108
 0> <info> app: hr,356,20116,-4,20109
 0> <info> app: hr,357,20092,-4,20109
 0> <info> app: hr,358,20131,-3,20109
 0> <info> app: hr,359,20102,-3,20109
 0> <info> app: hr,360,20105,-4,20110
 0> <info> app: hr,361,20106,-4,20110
 0> <info> app: hr,362,20087,-4,20110
 0> <info> app: hr,363,20136,-3,20110
 0> <info> app: hr,364,20111,-3,20110
 0> <info> app: hr,365,20115,-3,20110
 0> <info> app: hr,366,20117,-3,20110
 0> <info> app: hr,367,20119,-3,20110
 0> <info> app: hr,368,20093,-4,20111
 0> <info> app: hr,369,20109,-3,20111
 0> <info> app: hr,370,20107,-3,20111
 0> <info> app: hr,371,20098,-3,20111
 0> <info> app: hr,372,20105,-3,20111
 0> <info> app: hr,373,20116,-3,20111
 0> <info> app: hr,374,20115,-2,20111
 0> <info> app: hr,375,20084,-2,20111
 0> <info> app: hr,376,20129,-2,20111
 0> <info> app: hr,377,20068,-2,20111
 0> <info> app: hr,378,20093,-1,20110
 0> <info> app: hr,379,20106,-1,20110
 0> <info> app: hr,380,20082,-1,20110
 0> <info> app: hr,381,20120,-1,20110
 0> <info> app: hr,382,20096,0,20109
 0> <info> app: hr,383,20107,0,20109
 0> <info> app: hr,384,20109,0,20109
 0> <info> app: hr,385,20112,0,20109
 0> <info> app: hr,386,20102,0,20108
 0> <info> app: hr,387,20114,0,20108
 0> <info> app: hr,388,20107,0,20108
 0> <info> app: hr,389,20092,0,20108
 0> <info> app: hr,390,20106,0,20108
 0> <info> app: hr,391,20106,1,20107
 0> <info> app: hr,392,20107,1,20107
 0> <info> app: hr,393,20110,1,20107
 0> <info> app: hr,394,20093,1,20107
 0> <info> app: hr,395,20124,1,20107
 0> <info> app: hr,396,20087,2,20106
 0> <info> app: hr,397,20090,2,20106
 0> <info> app: hr,398,20099,2,20106
 0> <info> app: hr,399,20104,1,20106
 0> <info> app: hr,400,20100,1,20106
 0> <info> app: hr,401,20100,2,20105
 0> <info> app: hr,402,20068,2,20105
 0> <info> app: hr,403,20104,2,20105
 0> <info> app: hr,404,20108,3,20104
 0> <info> app: hr,405,20085,3,20104
 0> <info> app: hr,406,20097,3,20104
 0> <info> app: hr,407,20076,3,20103
 0> <info> app: hr,408,20093,3,20103
 0> <info> app: hr,409,20075,3,20103
 0> <info> app: hr,410,20075,4,20102
 0> <info> app: hr,411,20093,4,20102
 0> <info> app: hr,412,20078,4,20101
 0> <info> app: hr,413,20100,5,20100
 0> <info> app: hr,414,20085,5,20100
 0> <info> app: hr,415,20101,6,20099
 0> <info> app: hr,416,20073,5,20099
 0> <info> app: hr,417,20064,6,20098
 0> <info> app: hr,418,20087,6,20098
 0> <info> app: hr,419,20099,6,20097
 0> <info> app: hr,420,20094,7,20096
 0> <info> app: hr,421,20078,7,20096
 0> <info> app: hr,422,20087,7,20095
 0> <info> app: hr,423,20088,7,20095
 0> <info> app: hr,424,20102,8,20094
 0> <info> app: hr,425,20094,7,20094
 0> <info> app: hr,426,20090,8,20093
 0> <info> app: hr,427,20097,7,20093
 0> <info> app: hr,428,20097,7,20093
 0> <info> app: hr,429,20083,8,20092
 0> <info> app: hr,430,20074,7,20092
 0> <info> app: hr,431,20113,7,20092
 0> <info> app: hr,432,20100,7,20091
 0> <info> app: hr,433,20098,7,20091
 0> <info> app: hr,434,20114,7,20091
 0> <info> app: hr,435,20075,6,20091
 0> <info> app: hr,436,20081,6,20091
 0> <info> app: hr,437,20084,6,20091
 0> <info> app: hr,438,20086,5,20091
 0> <info> app: hr,439,20087,6,20090
 0> <info> app: hr,440,20097,6,20090
 0> <info> app: hr,441,20091,5,20090
 0> <info> app: hr,442,20090,5,20090
 0> <info> app: hr,443,20108,5,20090
 0> <info> app: hr,444,20062,5,20090
 0> <info> app: hr,445,20099,4,20090
 0> <info> app: hr,446,20074,4,20090
 0> <info> app: hr,447,20092,4,20090
 0> <info> app: hr,448,20078,5,20089
 0> <info> app: hr,449,20086,4,20089
 0> <info> app: hr,450,20093,4,20089
 0> <info> app: hr,451,20105,4,20089
 0> <info> app: hr,452,20088,4,20089
 0> <info> app: hr,453,20081,3,20089
 0> <info> app: hr,454,20102,3,20089
 0> <info> app: hr,455,20098,3,20089
 0> <info> app: hr,456,20089,3,20089
 0> <info> app: hr,457,20097,3,20089
 0> <info> app: hr,458,20106,3,20089
 0> <info> app: hr,459,20094,2,20089
 0> <info> app: hr,460,20109,2,20089
 0> <info> app: hr,461,20107,2,20089
 0> <info> app: hr,462,20071,2,20089
 0> <info> app: hr,463,20104,2,20089
 0> <info> app: hr,464,20081,1,20090
 0> <info> app: hr,465,20092,1,20090
 0> <info> app: hr,466,20068,1,20090
 0> <info> app: hr,467,20098,1,20090
 0> <info> app: hr,468,20088,1,20090
 0> <info> app: hr,469,20091,0,20090
 0> <info> app: hr,470,20119,0,20090
 0> <info> app: hr,471,20092,0,20090
 0> <info> app: hr,472,20091,0,20090
 0> <info> app: hr,473,20093,0,20090
 0> <info> app: hr,474,20114,0,20091
 0> <info> app: hr,475,20072,0,20091
 0> <info> app: hr,476,20087,0,20091
 0> <info> app: hr,477,20099,0,20091
 0> <info> app: hr,478,20086,0,20091
 0> <info> app: hr,479,20117,0,20091
 0> <info> app: hr,480,20089,0,20091
 0> <info> app: hr,481,20092,0,20091
 0> <info> app: hr,482,20094,-1,20092
 0> <info> app: hr,483,20109,-1,20092
 0> <info> app: hr,484,20090,-1,20092
 0> <info> app: hr,485,20103,0,20092
 0> <info> app: hr,486,20123,0,20092
 0> <info> app: hr,487,20087,0,20092
 0> <info> app: hr,488,20099,-1,20093
 0> <info> app: hr,489,20080,-1,20093
 0> <info> app: hr,490,20091,-1,20093
 0> <info> app: hr,491,20092,-1,20093
 0> <info> app: hr,492,20098,-1,20093
 0> <info> app: hr,493,20127,-1,20093
 0> <info> app: hr,494,20098,-2,20094
 0> <info> app: hr,495,20096,-2,20094
 0> <info> app: hr,496,20096,-2,20094
 0> <info> app: hr,497,20090,-2,20094
 0> <info> app: hr,498,20094,-2,20095
 0> <info> app: hr,499,20110,-2,20095
 0> <info> app: hr,500,20074,-2,20095
 0> <info> app: hr,501,20079,-2,20095
 0> <info> app: hr,502,20103,-2,20095
 0> <info> app: hr,503,20101,-2,20095
 0> <info> app: hr,504,20098,-2,20095
 0> <info> app: hr,505,20085,-2,20095
 0> <info> app: hr,506,20100,-1,20095
 0> <info> app: hr,507,20101,-1,20095
 0> <info> app: hr,508,20106,-1,20095
 0> <info> app: hr,509,20104,-1,20095
 0> <info> app: hr,510,20090,-2,20096
 0> <info> app: hr,511,20108,-2,20096
 0> <info> app: hr,512,20101,-2,20096
 0> <info> app: hr,513,20097,-2,20096
 0> <info> app: hr,514,20121,-2,20096
 0> <info> app: hr,515,20077,-1,20096
 0> <info> app: hr,516,20096,-1,20096
 0> <info> app: hr,517,20116,-1,20096
 0> <info> app: hr,518,20116,-2,20097
 0> <info> app: hr,519,20123,-2,20097
 0> <info> app: hr,520,20108,-2,20097
 0> <info> app: hr,521,20109,-2,20097
 0> <info> app: hr,522,20097,-3,20098
 0> <info> app: hr,523,20107,-3,20098
 0> <info> app: hr,524,20108,-2,20098
 0> <info> app: hr,525,20100,-3,20099
 0> <info> app: hr,526,20089,-3,20099
 0> <info> app: hr,527,20119,-3,20099
 0> <info> app: hr,528,20078,-3,20099
 0> <info> app: hr,529,20096,-4,20100
 0> <info> app: hr,530,20102,-3,20100
 0> <info> app: hr,531,20090,-3,20100
 0> <info> app: hr,532,20099,-3,20100
 0> <info> app: hr,533,20108,-3,20100
 0> <info> app: hr,534,20132,-3,20100
 0> <info> app: hr,535,20082,-2,20100
 0> <info> app: hr,536,20093,-2,20100
 0> <info> app: hr,537,20096,-3,20101
 0> <info> app: hr,538,20114,-3,20101
 0> <info> app: hr,539,20112,-3,20101
 0> <info> app: hr,540,20095,-3,20101
 0> <info> app: hr,541,20103,-3,20101
 0> <info> app: hr,542,20099,-2,20101
 0> <info> app: hr,543,20120,-2,20101
 0> <info> app: hr,544,20108,-2,20101
 0> <info> app: hr,545,20125,-2,20101
 0> <info> app: hr,546,20106,-3,20102
 0> <info> app: hr,547,20103,-3,20102
 0> <info> app: hr,548,20094,-3,20102
 0> <info> app: hr,549,20115,-2,20102
 0> <info> app: hr,550,20108,-2,20102
 0> <info> app: hr,551,20099,-3,20103
 0> <info> app: hr,552,20125,-3,20103
 0> <info> app: hr,553,20104,-3,20103
 0> <info> app: hr,554,20081,-3,20103
 0> <info> app: hr,555,20113,-2,20103
 0> <info> app: hr,556,20103,-2,20103
 0> <info> app: hr,557,20118,-3,20104
 0> <info> app: hr,558,20099,-3,20104
 0> <info> app: hr,559,20096,-3,20104
 0> <info> app: hr,560,20097,-3,20104
 0> <info> app: hr,561,20098,-2,20104
 0> <info> app: hr,562,20108,-2,20104
 0> <info> app: hr,563,20106,-2,20104
 0> <info> app: hr,564,20103,-2,20104
 0> <info> app: hr,565,20115,-2,20104
 0> <info> app: hr,566,20111,-2,20104
 0> <info> app: hr,567,20116,-2,20104
 0> <info> app: hr,568,20103,-2,20104
 0> <info> app: hr,569,20115,-1,20104
 0> <info> app: hr,570,20135,-2,20105
 0> <info> app: hr,571,20112,-2,20105
 0> <info> app: hr,572,20121,-2,20105
 0> <info> app: hr,573,20111,-2,20105
 0> <info> app: hr,574,20100,-3,20106
 0> <info> app: hr,575,20136,-3,20106
 0> <info> app: hr,576,20109,-3,20106
 0> <info> app: hr,577,20126,-2,20106
 0> <info> app: hr,578,20108,-3,20107
 0> <info> app: hr,579,20112,-3,20107
 0> <info> app: hr,580,20115,-3,20107
 0> <info> app: hr,581,20121,-4,20108
 0> <info> app: hr,582,20118,-3,20108
 0> <info> app: hr,583,20119,-3,20108
 0> <info> app: hr,584,20116,-4,20109
 0> <info> app: hr,585,20132,-4,20109
 0> <info> app: hr,586,20111,-4,20109
 0> <info> app: hr,587,20102,-4,20110
 0> <info> app: hr,588,20112,-4,20110
 0> <info> app: hr,589,20132,-4,20110
 0> <info> app: hr,590,20133,-5,20111
 0> <info> app: hr,591,20098,-4,20111
 0> <info> app: hr,592,20113,-4,20111
 0> <info> app: hr,593,20109,-5,20112
 0> <info> app: hr,594,20107,-5,20112
 0> <info> app: hr,595,20113,-4,20112
 0> <info> app: hr,596,20113,-4,20112
 0> <info> app: hr,597,20112,-5,20113
 0> <info> app: hr,598,20118,-5,20113
 0> <info> app: hr,599,20104,-4,20113
 0> <info> app: hr,600,20139,-4,20113
 0> <info> app: hr,601,20097,-4,20113
 0> <info> app: hr,602,20112,-4,20113
 0> <info> app: hr,603,20107,-4,20113
 0> <info> app: hr,604,20126,-4,20114
 0> <info> app: hr,605,20114,-4,20114
 0> <info> app: hr,606,20121,-4,20114
 0> <info> app: hr,607,20122,-4,20114
 0> <info> app: hr,608,20102,-3,20114
 0> <info> app: hr,609,20121,-3,20114
 0> <info> app: hr,610,20131,-3,20114
 0> <info> app: hr,611,20122,-3,20114
 0> <info> app: hr,612,20095,-3,20114
 0> <info> app: hr,613,20098,-3,20114
 0> <info> app: hr,614,20085,-2,20114
 0> <info> app: hr,615,20135,-2,20114
 0> <info> app: hr,616,20119,-2,20114
 0> <info> app: hr,617,20104,-2,20114
 0> <info> app: hr,618,20112,-2,20114
 0> <info> app: hr,619,20112,-2,20114
 0> <info> app: hr,620,20108,-2,20114
 0> <info> app: hr,621,20109,-2,20114
 0> <info> app: hr,622,20110,-1,20114
 0> <info> app: hr,623,20111,-1,20114
 0> <info> app: hr,624,20109,-1,20114
 0> <info> app: hr,625,20116,-1,20114
 0> <info> app: hr,626,20105,-1,20114
 0> <info> app: hr,627,20104,0,20113
 0> <info> app: hr,628,20096,0,20113
 0> <info> app: hr,629,20122,0,20113
 0> <info> app: hr,630,20115,0,20113
 0> <info> app: hr,631,20109,0,20113
 0> <info> app: hr,632,20111,0,20113
 0> <info> app: hr,633,20108,0,20113
 0> <info> app: hr,634,20114,0,20112
 0> <info> app: hr,635,20117,0,20112
 0> <info> app: hr,636,20110,0,20112
 0> <info> app: hr,637,20100,0,20112
 0> <info> app: hr,638,20092,0,20112
 0> <info> app: hr,639,20117,0,20112
 0> <info> app: hr,640,20101,0,20112
 0> <info> app: hr,641,20130,1,20111
 0> <info> app: hr,642,20104,1,20111
 0> <info> app: hr,643,20108,1,20111
 0> <info> app: hr,644,20108,1,20111
 0> <info> app: hr,645,20105,1,20111
 0> <info> app: hr,646,20124,1,20111
 0> <info> app: hr,647,20127,1,20111
 0> <info> app: hr,648,20113,1,20111
 0> <info> app: hr,649,20107,0,20111
 0> <info> app: hr,650,20106,1,20110
 0> <info> app: hr,651,20102,1,20110
 0> <info> app: hr,652,20105,1,20110
 0> <info> app: hr,653,20089,1,20110
 0> <info> app: hr,654,20088,1,20110
 0> <info> app: hr,655,20117,1,20110
 0> <info> app: hr,656,20103,1,20110
 0> <info> app: hr,657,20110,1,20110
 0> <info> app: hr,658,20101,2,20109
 0> <info> app: hr,659,20094,2,20109
 0> <info> app: hr,660,20133,2,20109
 0> <info> app: hr,661,20088,1,20109
 0> <info> app: hr,662,20101,1,20109
 0> <info> app: hr,663,20122,2,20108
 0> <info> app: hr,664,20122,2,20108
 0> <info> app: hr,665,20093,2,20108
 0> <info> app: hr,666,20101,2,20108
 0> <info> app: hr,667,20114,2,20108
 0> <info> app: hr,668,20112,2,20108
 0> <info> app: hr,669,20095,2,20108
 0> <info> app: hr,670,20114,2,20107
 0> <info> app: hr,671,20100,2,20107
 0> <info> app: hr,672,20081,2,20107
 0> <info> app: hr,673,20084,2,20107
 0> <info> app: hr,674,20093,2,20107
 0> <info> app: hr,675,20136,3,20106
 0> <info> app: hr,676,20114,3,20106
 0> <info> app: hr,677,20105,2,20106
 0> <info> app: hr,678,20111,2,20106
 0> <info> app: hr,679,20122,2,20106
 0> <info> app: hr,680,20097,2,20106
 0> <info> app: hr,681,20078,2,20106
 0> <info> app: hr,682,20082,2,20106
 0> <info> app: hr,683,20101,3,20105
 0> <info> app: hr,684,20115,3,20105
 0> <info> app: hr,685,20108,2,20105
 0> <info> app: hr,686,20109,2,20105
 0> <info> app: hr,687,20101,2,20105
 0> <info> app: hr,688,20094,2,20105
 0> <info> app: hr,689,20107,3,20104
 0> <info> app: hr,690,20094,3,20104
 0> <info> app: hr,691,20091,3,20104
 0> <info> app: hr,692,20111,2,20104
 0> <info> app: hr,693,20084,2,20104
 0> <info> app: hr,694,20109,3,20103
 0> <info> app: hr,695,20096,3,20103
 0> <info> app: hr,696,20105,3,20103
 0> <info> app: hr,697,20109,3,20103
 0> <info> app: hr,698,20100,2,20103
 0> <info> app: hr,699,20111,2,20103
 0> <info> app: hr,700,20115,3,20102
 0> <info> app: hr,701,20088,3,20102
 0> <info> app: hr,702,20098,3,20102
 0> <info> app: hr,703,20106,3,20102
 0> <info> app: hr,704,20087,2,20102
 0> <info> app: hr,705,20089,2,20102
 0> <info> app: hr,706,20109,2,20102
 0> <info> app: hr,707,20088,2,20102
 0> <info> app: hr,708,20116,2,20102
 0> <info> app: hr,709,20092,3,20101
 0> <info> app: hr,710,20105,3,20101
 0> <info> app: hr,711,20100,2,20101
 0> <info> app: hr,712,20105,2,20101
 0> <info> app: hr,713,20108,2,20101
 0> <info> app: hr,714,20111,2,20101
 0> <info> app: hr,715,20127,2,20101
 0> <info> app: hr,716,20108,2,20101
 0> <info> app: hr,717,20117,2,20101
 0> <info> app: hr,718,20090,2,20101
 0> <info> app: hr,719,20115,1,20101
 0> <info> app: hr,720,20106,1,20101
 0> <info> app: hr,721,20111,0,20102
 0> <info> app: hr,722,20111,0,20102
 0> <info> app: hr,723,20110,0,20102
 0> <info> app: hr,724,20105,0,20102
 0> <info> app: hr,725,20113,0,20102
 0> <info> app: hr,726,20109,0,20102
 0> <info> app: hr,727,20096,0,20103
 0> <info> app: hr,728,20122,0,20103
 0> <info> app: hr,729,20107,0,20103
 0> <info> app: hr,730,20105,0,20103
 0> <info> app: hr,731,20106,-1,20104
 0> <info> app: hr,732,20110,-1,20104
 0> <info> app: hr,733,20118,-1,20104
 0> <info> app: hr,734,20099,-1,20104
 0> <info> app: hr,735,20121,-1,20104
 0> <info> app: hr,736,20096,-2,20105
 0> <info> app: hr,737,20098,-1,20105
 0> <info> app: hr,738,20106,-1,20105
 0> <info> app: hr,739,20100,-1,20105
 0> <info> app: hr,740,20133,-1,20105
 0> <info> app: hr,741,20113,-1,20105
 0> <info> app: hr,742,20125,-2,20106
 0> <info> app: hr,743,20088,-2,20106
 0> <info> app: hr,744,20116,-2,20106
 0> <info> app: hr,745,20115,-2,20106
 0> <info> app: hr,746,20102,-2,20106
 0> <info> app: hr,747,20108,-2,20107
 0> <info> app: hr,748,20089,-2,20107
 0> <info> app: hr,749,20124,-2,20107
 0> <info> app: hr,750,20109,-2,20107
 0> <info> app: hr,751,20126,-2,20107
 0> <info> app: hr,752,20120,-2,20107
 0> <info> app: hr,753,20105,-2,20107
 0> <info> app: hr,754,20105,-3,20108
 0> <info> app: hr,755,20101,-2,20108
 0> <info> app: hr,756,20090,-2,20108
 0> <info> app: hr,757,20084,-2,20108
 0> <info> app: hr,758,20111,-2,20108
 0> <info> app: hr,759,20111,-2,20108
 0> <info> app: hr,760,20131,-2,20108
 0> <info> app: hr,761,20113,-2,20108
 0> <info> app: hr,762,20100,-2,20108
 0> <info> app: hr,763,20103,-1,20108
 0> <info> app: hr,764,20096,-1,20108
 0> <info> app: hr,765,20096,-1,20108
 0> <info> app: hr,766,20089,-1,20108
 0> <info> app: hr,767,20097,-1,20108
 0> <info> app: hr,768,20110,-1,20108
 0> <info> app: hr,769,20106,0,20107
 0> <info> app: hr,770,20117,0,20107
 0> <info> app: hr,771,20119,0,20107
 0> <info> app: hr,772,20112,0,20107
 0> <info> app: hr,773,20089,0,20107
 0> <info> app: hr,774,20100,0,20107
 0> <info> app: hr,775,20114,0,20107
 0> <info> app: hr,776,20112,0,20107
 0> <info> app: hr,777,20099,0,20107
 0> <info> app: hr,778,20078,0,20107
 0> <info> app: hr,779,20123,0,20106
 0> <info> app: hr,780,20102,0,20106
 0> <info> app: hr,781,20100,0,20106
 0> <info> app: hr,782,20106,0,20106
 0> <info> app: hr,783,20114,0,20106
 0> <info> app: hr,784,20125,0,20106
 0> <info> app: hr,785,20075,0,20106
 0> <info> app: hr,786,20110,0,20106
 0> <info> app: hr,787,20111,0,20106
 0> <info> app: hr,788,20118,0,20106
 0> <info> app: hr,789,20111,0,20106
 0> <info> app: hr,790,20129,0,20106
 0> <info> app: hr,791,20112,0,20106
 0> <info> app: hr,792,20101,0,20106
 0> <info> app: hr,793,20100,0,20106
 0> <info> app: hr,794,20084,0,20106
 0> <info> app: hr,795,20139,0,20106
 0> <info> app: hr,796,20121,0,20106
 0> <info> app: hr,797,20113,0,20106
 0> <info> app: hr,798,20120,0,20106
 0> <info> app: hr,799,20087,0,20106
 0> <info> app: hr,800,20117,0,20106
 0> <info> app: hr,801,20100,0,20107
 0> <info> app: hr,802,20104,0,20107
 0> <info> app: hr,803,20100,0,20107
 0> <info> app: hr,804,20107,0,20107
 0> <info> app: hr,805,20078,0,20107
 0> <info> app: hr,806,20104,0,20107
 0> <info> app: hr,807,20106,0,20107
 0> <info> app: hr,808,20120,0,20107
 0> <info> app: hr,809,20127,0,20106
 0> <info> app: hr,810,20133,0,20107
 0> <info> app: hr,811,20103,0,20107
 0> <info> app: hr,812,20096,0,20107
 0> <info> app: hr,813,20103,0,20107
 0> <info> app: hr,814,20123,0,20107
 0> <info> app: hr,815,20098,0,20107
 0> <info> app: hr,816,20097,0,20107
 0> <info> app: hr,817,20088,0,20107
 0> <info> app: hr,818,20105,0,20107
 0> <info> app: hr,819,20110,0,20107
 0> <info> app: hr,820,20120,0,20107
 0> <info> app: hr,821,20121,0,20107
 0> <info> app: hr,822,20108,0,20107
 0> <info> app: hr,823,20103,0,20107
 0> <info> app: hr,824,20113,0,20107
 0> <info> app: hr,825,20103,0,20107
 0> <info> app: hr,826,20110,0,20107
 0> <info> app: hr,827,20108,0,20107
 0> <info> app: hr,828,20115,0,20107
 0> <info> app: hr,829,20100,0,20107
 0> <info> app: hr,830,20112,0,20107
 0> <info> app: hr,831,20134,0,20107
 0> <info> app: hr,832,20101,0,20107
 0> <info> app: hr,833,20130,0,20107
 0> <info> app: hr,834,20108,-1,20108
 0> <info> app: hr,835,20120,-1,20108
 0> <info> app: hr,836,20098,-1,20108
 0> <info> app: hr,837,20103,0,20108
 0> <info> app: hr,838,20116,0,20108
 0> <info> app: hr,839,20104,0,20108
 0> <info> app: hr,840,20116,0,20108
 0> <info> app: hr,841,20120,-1,20109
 0> <info> app: hr,842,20110,-1,20109
 0> <info> app: hr,843,20111,-1,20109
 0> <info> app: hr,844,20115,-1,20109
 0> <info> app: hr,845,20106,-1,20109
 0> <info> app: hr,846,20116,-1,20109
 0> <info> app: hr,847,20108,-1,20109
 0> <info> app: hr,848,20108,-1,20109
 0> <info> app: hr,849,20134,-2,20110
 0> <info> app: hr,850,20102,-2,20110
 0> <info> app: hr,851,20140,-1,20110
 0> <info> app: hr,852,20098,-1,20110
 0> <info> app: hr,853,20107,-1,20110
 0> <info> app: hr,854,20089,-1,20110
 0> <info> app: hr,855,20111,-1,20110
 0> <info> app: hr,856,20105,-1,20110
 0> <info> app: hr,857,20071,-1,20110
 0> <info> app: hr,858,20132,-1,20110
 0> <info> app: hr,859,20126,-1,20110
 0> <info> app: hr,860,20112,-1,20110
 0> <info> app: hr,861,20108,-1,20110
 0> <info> app: hr,862,20106,-1,20110
 0> <info> app: hr,863,20110,-1,20110
 0> <info> app: hr,864,20114,-1,20110
 0> <info> app: hr,865,20121,0,20110
 0> <info> app: hr,866,20089,0,20110
 0> <info> app: hr,867,20111,0,20110
 0> <info> app: hr,868,20126,0,20110
 0> <info> app: hr,869,20111,0,20110
 0> <info> app: hr,870,20114,0,20110
 0> <info> app: hr,871,20132,0,20110
 0> <info> app: hr,872,20089,0,20110
 0> <info> app: hr,873,20066,0,20110
 0> <info> app: hr,874,20097,0,20110
 0> <info> app: hr,875,20116,0,20110
 0> <info> app: hr,876,20095,0,20110
 0> <info> app: hr,877,20122,0,20110
 0> <info> app: hr,878,20079,0,20110
 0> <info> app: hr,879,20097,0,20109
 0> <info> app: hr,880,20089,0,20109
 0> <info> app: hr,881,20111,0,20109
 0> <info> app: hr,882,20102,1,20108
 0> <info> app: hr,883,20123,1,20108
 0> <info> app: hr,884,20093,1,20108
 0> <info> app: hr,885,20090,1,20108
 0> <info> app: hr,886,20112,2,20107
 0> <info> app: hr,887,20103,2,20107
 0> <info> app: hr,888,20109,1,20107
 0> <info> app: hr,889,20104,1,20107
 0> <info> app: hr,890,20099,2,20106
 0> <info> app: hr,891,20114,2,20106
 0> <info> app: hr,892,20086,2,20106
 0> <info> app: hr,893,20100,2,20106
 0> <info> app: hr,894,20090,3,20105
 0> <info> app: hr,895,20081,3,20105
 0> <info> app: hr,896,20096,2,20105
 0> <info> app: hr,897,20077,3,20104
 0> <info> app: hr,898,20105,3,20104
 0> <info> app: hr,899,20081,3,20104
 0> <info> app: hr,900,20098,4,20103
 0> <info> app: hr,901,20118,4,20103
 0> <info> app: hr,902,20088,4,20102
 0> <info> app: hr,903,20093,4,20102
 0> <info> app: hr,904,20098,4,20102
 0> <info> app: hr,905,20082,5,20101
 0> <info> app: hr,906,20066,4,20101
 0> <info> app: hr,907,20071,5,20100
 0> <info> app: hr,908,20095,5,20100
 0> <info> app: hr,909,20083,6,20099
 0> <info> app: hr,910,20103,5,20099
 0> <info> app: hr,911,20084,6,20098
 0> <info> app: hr,912,20086,6,20098
 0> <info> app: hr,913,20085,6,20097
 0> <info> app: hr,914,20089,6,20097
 0> <info> app: hr,915,20087,7,20096
 0> <info> app: hr,916,20101,6,20096
 0> <info> app: hr,917,20081,7,20095
 0> <info> app: hr,918,20087,7,20095
 0> <info> app: hr,919,20103,7,20094
 0> <info> app: hr,920,20074,7,20094
 0> <info> app: hr,921,20105,7,20094
 0> <info> app: hr,922,20096,7,20093
 0> <info> app: hr,923,20067,7,20093
 0> <info> app: hr,924,20107,6,20093
 0> <info> app: hr,925,20063,7,20092
 0> <info> app: hr,926,20103,7,20092
 0> <info> app: hr,927,20087,7,20091
 0> <info> app: hr,928,20092,7,20091
 0> <info> app: hr,929,20099,7,20091
 0> <info> app: hr,930,20087,6,20091
 0> <info> app: hr,931,20088,7,20090
 0> <info> app: hr,932,20088,7,20090
 0> <info> app: hr,933,20075,6,20090
 0> <info> app: hr,934,20096,6,20090
 0> <info> app: hr,935,20074,6,20090
 0> <info> app: hr,936,20106,6,20089
 0> <info> app: hr,937,20083,6,20089
 0> <info> app: hr,938,20072,6,20089
 0> <info> app: hr,939,20109,5,20089
 0> <info> app: hr,940,20087,5,20089
 0> <info> app: hr,941,20072,5,20089
 0> <info> app: hr,942,20107,5,20088
 0> <info> app: hr,943,20088,5,20088
 0> <info> app: hr,944,20098,5,20088
 0> <info> app: hr,945,20107,5,20088
 0> <info> app: hr,946,20118,4,20088
 0> <info> app: hr,947,20094,4,20088
 0> <info> app: hr,948,20079,4,20088
 0> <info> app: hr,949,20081,4,20088
 0> <info> app: hr,950,20099,2,20089
 0> <info> app: hr,951,20116,2,20089
 0> <info> app: hr,952,20105,2,20089
 0> <info> app: hr,953,20078,2,20089
 0> <info> app: hr,954,20093,2,20089
 0> <info> app: hr,955,20088,2,20089
 0> <info> app: hr,956,20107,2,20089
 0> <info> app: hr,957,20103,1,20090
 0> <info> app: hr,958,20110,0,20090
 0> <info> app: hr,959,20094,0,20090
 0> <info> app: hr,960,20100,0,20090
 0> <info> app: hr,961,20100,0,20091
 0> <info> app: hr,962,20109,0,20091
 0> <info> app: hr,963,20075,0,20091
 0> <info> app: hr,964,20136,-1,20092
 0> <info> app: hr,965,20113,-1,20092
 0> <info> app: hr,966,20103,-1,20092
 0> <info> app: hr,967,20087,-1,20093
 0> <info> app: hr,968,20074,-1,20093
 0> <info> app: hr,969,20088,-1,20093
 0> <info> app: hr,970,20093,-2,20094
 0> <info> app: hr,971,20117,-2,20094
 0> <info> app: hr,972,20104,-2,20094
 0> <info> app: hr,973,20113,-2,20094
 0> <info> app: hr,974,20103,-3,20095
 0> <info> app: hr,975,20086,-3,20095
 0> <info> app: hr,976,20094,-2,20095
 0> <info> app: hr,977,20111,-3,20096
 0> <info> app: hr,978,20093,-3,20096
 0> <info> app: hr,979,20115,-3,20096
 0> <info> app: hr,980,20102,-3,20096
 0> <info> app: hr,981,20096,-4,20097
 0> <info> app: hr,982,20091,-3,20097
 0> <info> app: hr,983,20105,-3,20097
 0> <info> app: hr,984,20111,-3,20097
 0> <info> app: hr,985,20100,-4,20098
 0> <info> app: hr,986,20098,-4,20098
 0> <info> app: hr,987,20100,-3,20098
 0> <info> app: hr,988,20078,-3,20098
 0> <info> app: hr,989,20103,-3,20098
 0> <info> app: hr,990,20098,-3,20098
 0> <info> app: hr,991,20101,-4,20099
 0> <info> app: hr,992,20089,-3,20099
 0> <info> app: hr,993,20091,-3,20099
 0> <info> app: hr,994,20107,-3,20099
 0> <info> app: hr,995,20087,-3,20099
 0> <info> app: hr,996,20098,-3,20099
 0> <info> app: hr,997,20094,-3,20099
 0> <info> app: hr,998,20106,-2,20099
 0> <info> app: hr,999,20101,-2,20099
 0> <info> app: hr,1000,20088,-2,20099
 0> <info> app: hr,1001,20107,-2,20099
 0> <info> app: hr,1002,20096,-2,20099
 0> <info> app: hr,1003,20076,-2,20099
 0> <info> app: hr,1004,20096,-2,20099
 0> <info> app: hr,1005,20110,-1,20098
 0> <info> app: hr,1006,20121,0,20098
 0> <info> app: hr,1007,20089,0,20098
 0> <info> app: hr,1008,20113,0,20098
 0> <info> app: hr,1009,20113,0,20098
 0> <info> app: hr,1010,20076,-1,20099
 0> <info> app: hr,1011,20105,-1,20099
 0> <info> app: hr,1012,20134,-1,20099
 0> <info> app: hr,1013,20106,-1,20099
 0> <info> app: hr,1014,20079,-1,20099
 0> <info> app: hr,1015,20114,-1,20099
 0> <info> app: hr,1016,20114,-1,20099
 0> <info> app: hr,1017,20087,-1,20099
 0> <info> app: hr,1018,20082,-1,20099
 0> <info> app: hr,1019,20084,-1,20099
 0> <info> app: hr,1020,20105,-1,20099
 0> <info> app: hr,1021,20074,-1,20099
 0> <info> app: hr,1022,20098,0,20099
 0> <info> app: hr,1023,20089,0,20099
 0> <info> app: hr,1024,20102,0,20099
 0> <info> app: hr,1025,20096,0,20099
 0> <info> app: hr,1026,20100,0,20099
 0> <info> app: hr,1027,20098,0,20099
 0> <info> app: hr,1028,20104,0,20099
 0> <info> app: hr,1029,20098,0,20098
 0> <info> app: hr,1030,20087,0,20098
 0> <info> app: hr,1031,20126,0,20098
 0> <info> app: hr,1032,20119,0,20098
 0> <info> app: hr,1033,20111,0,20098
 0> <info> app: hr,1034,20115,0,20099
 0> <info> app: hr,1035,20125,0,20099
 0> <info> app: hr,1036,20095,0,20099
 0> <info> app: hr,1037,20096,0,20099
 0> <info> app: hr,1038,20112,0,20099
 0> <info> app: hr,1039,20122,-1,20100
 0> <info> app: hr,1040,20098,-1,20100
 0> <info> app: hr,1041,20109,-1,20100
 0> <info> app: hr,1042,20092,-1,20100
 0> <info> app: hr,1043,20095,-1,20100
 0> <info> app: hr,1044,20102,-2,20101
 0> <info> app: hr,1045,20103,-2,20101
 0> <info> app: hr,1046,20106,-2,20101
 0> <info> app: hr,1047,20101,-1,20101
 0> <info> app: hr,1048,20095,-1,20101
 0> <info> app: hr,1049,20107,-1,20101
 0> <info> app: hr,1050,20100,-1,20101
 0> <info> app: hr,1051,20105,-2,20102
 0> <info> app: hr,1052,20103,-2,20102
 0> <info> app: hr,1053,20098,-2,20102
 0> <info> app: hr,1054,20096,-2,20102
 0> <info> app: hr,1055,20090,-2,20102
 0> <info> app: hr,1056,20104,-1,20102
 0> <info> app: hr,1057,20118,-1,20102
 0> <info> app: hr,1058,20107,-1,20102
 0> <info> app: hr,1059,20116,-1,20102
 0> <info> app: hr,1060,20130,-1,20102
 0> <info> app: hr,1061,20109,-1,20102
 0> <info> app: hr,1062,20103,-1,20102
 0> <info> app: hr,1063,20093,-2,20103
 0> <info> app: hr,1064,20103,-2,20103
 0> <info> app: hr,1065,20107,-2,20103
 0> <info> app: hr,1066,20126,-2,20103
 0> <info> app: hr,1067,20110,-1,20103
 0> <info> app: hr,1068,20075,-1,20103
 0> <info> app: hr,1069,20103,-2,20104
 0> <info> app: hr,1070,20086,-2,20104
 0> <info> app: hr,1071,20114,-2,20104
 0> <info> app: hr,1072,20089,-2,20104
 0> <info> app: hr,1073,20102,-2,20104
 0> <info> app: hr,1074,20122,-2,20104
 0> <info> app: hr,1075,20098,-2,20104
 0> <info> app: hr,1076,20100,-1,20104
 0> <info> app: hr,1077,20111,-1,20104
 0> <info> app: hr,1078,20107,-1,20104
 0> <info> app: hr,1079,20117,-1,20104
 0> <info> app: hr,1080,20089,-1,20104
 0> <info> app: hr,1081,20125,-1,20104
 0> <info> app: hr,1082,20112,-1,20104
 0> <info> app: hr,1083,20123,-1,20104
 0> <info> app: hr,1084,20120,-1,20104
 0> <info> app: hr,1085,20105,-1,20104
 0> <info> app: hr,1086,20115,-2,20105
 0> <info> app: hr,1087,20118,-2,20105
 0> <info> app: hr,1088,20105,-1,20105
 0> <info> app: hr,1089,20110,-1,20105
 0> <info> app: hr,1090,20103,-1,20105
 0> <info> app: hr,1091,20106,-2,20106
 0> <info> app: hr,1092,20119,-2,20106
 0> <info> app: hr,1093,20111,-2,20106
 0> <info> app: hr,1094,20113,-2,20106
 0> <info> app: hr,1095,20112,-2,20106
 0> <info> app: hr,1096,20115,-3,20107
 0> <info> app: hr,1097,20114,-2,20107
 0> <info> app: hr,1098,20124,-2,20107
 0> <info> app: hr,1099,20104,-2,20107
 0> <info> app: hr,1100,20118,-3,20108
 0> <info> app: hr,1101,20096,-3,20108
 0> <info> app: hr,1102,20104,-3,20108
 0> <info> app: hr,1103,20119,-2,20108
 0> <info> app: hr,1104,20116,-2,20108
 0> <info> app: hr,1105,20084,-3,20109
 0> <info> app: hr,1106,20113,-3,20109
 0> <info> app: hr,1107,20136,-3,20109
 0> <info> app: hr,1108,20101,-3,20109
 0> <info> app: hr,1109,20124,-3,20109
 0> <info> app: hr,1110,20131,-2,20109
 0> <info> app: hr,1111,20097,-2,20109
 0> <info> app: hr,1112,20109,-3,20110
 0> <info> app: hr,1113,20101,-3,20110
 0> <info> app: hr,1114,20094,-3,20110
 0> <info> app: hr,1115,20106,-3,20110
 0> <info> app: hr,1116,20079,-2,20110
 0> <info> app: hr,1117,20099,-2,20110
 0> <info> app: hr,1118,20110,-2,20110
 0> <info> app: hr,1119,20110,-2,20110
 0> <info> app: hr,1120,20083,-1,20109
 0> <info> app: hr,1121,20138,-1,20109
 0> <info> app: hr,1122,20092,-1,20109
 0> <info> app: hr,1123,20107,-1,20109
 0> <info> app: hr,1124,20100,-1,20109
 0> <info> app: hr,1125,20107,-1,20109
 0> <info> app: hr,1126,20087,-1,20109
 0> <info> app: hr,1127,20090,0,20108
 0> <info> app: hr,1128,20099,0,20108
 0> <info> app: hr,1129,20097,0,20108
 0> <info> app: hr,1130,20081,1,20107
 0> <info> app: hr,1131,20104,0,20107
 0> <info> app: hr,1132,20107,0,20107
 0> <info> app: hr,1133,20092,1,20106
 0> <info> app: hr,1134,20097,1,20106
 0> <info> app: hr,1135,20072,1,20106
 0> <info> app: hr,1136,20077,2,20105
 0> <info> app: hr,1137,20096,2,20105
 0> <info> app: hr,1138,20110,3,20104
 0> <info> app: hr,1139,20099,3,20104
 0> <info> app: hr,1140,20088,4,20103
 0> <info> app: hr,1141,20081,3,20103
 0> <info> app: hr,1142,20085,4,20102
 0> <info> app: hr,1143,20076,4,20102
 0> <info> app: hr,1144,20077,5,20101
 0> <info> app: hr,1145,20086,5,20100
 0> <info> app: hr,1146,20086,5,20100
 0> <info> app: hr,1147,20051,6,20099
 0> <info> app: hr,1148,20072,7,20098
 0> <info> app: hr,1149,20084,6,20098
 0> <info> app: hr,1150,20090,7,20097
 0> <info> app: hr,1151,20102,7,20096
 0> <info> app: hr,1152,20088,8,20095
 0> <info> app: hr,1153,20093,8,20095
 0> <info> app: hr,1154,20067,8,20094
 0> <info> app: hr,1155,20093,8,20094
 0> <info> app: hr,1156,20089,8,20093
 0> <info> app: hr,1157,20075,9,20092
 0> <info> app: hr,1158,20104,8,20092
 0> <info> app: hr,1159,20097,9,20091
 0> <info> app: hr,1160,20096,9,20091
 0> <info> app: hr,1161,20093,8,20091
 0> <info> app: hr,1162,20065,9,20090
 0> <info> app: hr,1163,20079,8,20090
 0> <info> app: hr,1164,20070,9,20089
 0> <info> app: hr,1165,20082,8,20089
 0> <info> app: hr,1166,20084,8,20089
 0> <info> app: hr,1167,20090,8,20088
 0> <info> app: hr,1168,20080,8,20088
 0> <info> app: hr,1169,20092,9,20087
 0> <info> app: hr,1170,20095,8,20087
 0> <info> app: hr,1171,20076,8,20087
 0> <info> app: hr,1172,20084,8,20086
 0> <info> app: hr,1173,20062,8,20086
 0> <info> app: hr,1174,20082,7,20086
 0> <info> app: hr,1175,20080,8,20085
 0> <info> app: hr,1176,20114,8,20085
 0> <info> app: hr,1177,20096,7,20085
 0> <info> app: hr,1178,20094,7,20085
 0> <info> app: hr,1179,20093,6,20085
 0> <info> app: hr,1180,20068,6,20085
 0> <info> app: hr,1181,20095,6,20085
 0> <info> app: hr,1182,20087,6,20084
 0> <info> app: hr,1183,20077,6,20084
 0> <info> app: hr,1184,20092,6,20084
 0> <info> app: hr,1185,20080,5,20084
 0> <info> app: hr,1186,20086,5,20084
 0> <info> app: hr,1187,20053,5,20084
 0> <info> app: hr,1188,20088,5,20084
 0> <info> app: hr,1189,20076,4,20084
 0> <info> app: hr,1190,20091,4,20084
 0> <info> app: hr,1191,20079,4,20084
 0> <info> app: hr,1192,20090,5,20083
 0> <info> app: hr,1193,20077,4,20083
 0> <info> app: hr,1194,20077,4,20083
 0> <info> app: hr,1195,20088,4,20083
 0> <info> app: hr,1196,20077,4,20083
 0> <info> app: hr,1197,20074,3,20083
 0> <info> app: hr,1198,20062,3,20083
 0> <info> app: hr,1199,20078,3,20083
 0> <info> app: hr,1200,20063,4,20082
 0> <info> app: hr,1201,20097,4,20082
 0> <info> app: hr,1202,20075,3,20082
 0> <info> app: hr,1203,20073,3,20082
 0> <info> app: hr,1204,20069,4,20081
 0> <info> app: hr,1205,20108,4,20081
 0> <info> app: hr,1206,20082,4,20081
 0> <info> app: hr,1207,20083,3,20081
 0> <info> app: hr,1208,20084,3,20081
 0> <info> app: hr,1209,20090,3,20081
 0> <info> app: hr,1210,20079,3,20081
 0> <info> app: hr,1211,20091,3,20081
 0> <info> app: hr,1212,20072,3,20081
 0> <info> app: hr,1213,20073,2,20081
 0> <info> app: hr,1214,20093,2,20081
 0> <info> app: hr,1215,20074,2,20081
 0> <info> app: hr,1216,20079,2,20081
 0> <info> app: hr,1217,20077,3,20080
 0> <info> app: hr,1218,20098,3,20080
 0> <info> app: hr,1219,20091,3,20080
 0> <info> app: hr,1220,20084,2,20080
 0> <info> app: hr,1221,20076,1,20081
 0> <info> app: hr,1222,20085,1,20081
 0> <info> app: hr,1223,20076,1,20081
 0> <info> app: hr,1224,20098,1,20081
 0> <info> app: hr,1225,20074,1,20081
 0> <info> app: hr,1226,20070,1,20081
 0> <info> app: hr,1227,20097,1,20081
 0> <info> app: hr,1228,20051,1,20081
 0> <info> app: hr,1229,20086,1,20081
 0> <info> app: hr,1230,20091,1,20081
 0> <info> app: hr,1231,20107,1,20081
 0> <info> app: hr,1232,20091,0,20081
 0> <info> app: hr,1233,20076,0,20081
 0> <info> app: hr,1234,20087,0,20081
 0> <info> app: hr,1235,20075,0,20081
 0> <info> app: hr,1236,20083,0,20081
 0> <info> app: hr,1237,20098,0,20081
 0> <info> app: hr,1238,20089,0,20081
 0> <info> app: hr,1239,20093,0,20082
 0> <info> app: hr,1240,20080,0,20082
 0> <info> app: hr,1241,20082,0,20082
 0> <info> app: hr,1242,20069,0,20082
 0> <info> app: hr,1243,20090,0,20082
 0> <info> app: hr,1244,20098,0,20082
 0> <info> app: hr,1245,20080,0,20082
 0> <info> app: hr,1246,20088,0,20082
 0> <info> app: hr,1247,20093,-1,20083
 0> <info> app: hr,1248,20099,-1,20083
 0> <info> app: hr,1249,20081,-1,20083
 0> <info> app: hr,1250,20120,-1,20083
 0> <info> app: hr,1251,20077,0,20083
 0> <info> app: hr,1252,20112,-1,20084
 0> <info> app: hr,1253,20093,-1,20084
 0> <info> app: hr,1254,20076,-1,20084
 0> <info> app: hr,1255,20074,-2,20085
 0> <info> app: hr,1256,20098,-2,20085
 0> <info> app: hr,1257,20109,-2,20085
 0> <info> app: hr,1258,20061,-2,20085
 0> <info> app: hr,1259,20090,-3,20086
 0> <info> app: hr,1260,20077,-3,20086
 0> <info> app: hr,1261,20088,-2,20086
 0> <info> app: hr,1262,20110,-2,20086
 0> <info> app: hr,1263,20086,-2,20086
 0> <info> app: hr,1264,20088,-2,20086
 0> <info> app: hr,1265,20083,-3,20087
 0> <info> app: hr,1266,20100,-3,20087
 0> <info> app: hr,1267,20066,-3,20087
 0> <info> app: hr,1268,20094,-2,20087
 0> <info> app: hr,1269,20079,-2,20087
 0> <info> app: hr,1270,20075,-2,20087
 0> <info> app: hr,1271,20093,-2,20087
 0> <info> app: hr,1272,20088,-2,20087
 0> <info> app: hr,1273,20085,-2,20087
 0> <info> app: hr,1274,20083,-2,20087
 0> <info> app: hr,1275,20085,-1,20087
 0> <info> app: hr,1276,20075,-1,20087
 0> <info> app: hr,1277,20084,-1,20087
 0> <info> app: hr,1278,20077,-1,20087
 0> <info> app: hr,1279,20076,-1,20087
 0> <info> app: hr,1280,20095,-1,20087
 0> <info> app: hr,1281,20075,-1,20087
 0> <info> app: hr,1282,20092,-1,20087
 0> <info> app: hr,1283,20098,-1,20087
 0> <info> app: hr,1284,20059,0,20086
 0> <info> app: hr,1285,20073,0,20086
 0> <info> app: hr,1286,20076,0,20086
 0> <info> app: hr,1287,20086,0,20086
 0> <info> app: hr,1288,20091,0,20086
 0> <info> app: hr,1289,20079,0,20085
 0> <info> app: hr,1290,20094,0,20085
 0> <info> app: hr,1291,20097,0,20085
 0> <info> app: hr,1292,20068,0,20085
 0> <info> app: hr,1293,20101,0,20085
 0> <info> app: hr,1294,20091,0,20085
 0> <info> app: hr,1295,20083,0,20085
 0> <info> app: hr,1296,20110,0,20085
 0> <info> app: hr,1297,20093,0,20085
 0> <info> app: hr,1298,20099,0,20085
 0> <info> app: hr,1299,20073,0,20085
 0> <info> app: hr,1300,20097,0,20085
 0> <info> app: hr,1301,20078,0,20085
 0> <info> app: hr,1302,20102,0,20085
 0> <info> app: hr,1303,20085,0,20085
 0> <info> app: hr,1304,20076,0,20086
 0> <info> app: hr,1305,20088,0,20086
 0> <info> app: hr,1306,20102,0,20086
 0> <info> app: hr,1307,20108,0,20086
 0> <info> app: hr,1308,20097,0,20086
 0> <info> app: hr,1309,20092,0,20086
 0> <info> app: hr,1310,20063,0,20086
 0> <info> app: hr,1311,20097,0,20086
 0> <info> app: hr,1312,20088,-1,20087
 0> <info> app: hr,1313,20080,-1,20087
 0> <info> app: hr,1314,20085,-1,20087
 0> <info> app: hr,1315,20102,-1,20087
 0> <info> app: hr,1316,20098,-1,20087
 0> <info> app: hr,1317,20097,-1,20087
 0> <info> app: hr,1318,20071,-1,20087
 0> <info> app: hr,1319,20090,0,20087
 0> <info> app: hr,1320,20067,0,20087
 0> <info> app: hr,1321,20117,-1,20088
 0> <info> app: hr,1322,20113,-1,20088
 0> <info> app: hr,1323,20108,-1,20088
 0> <info> app: hr,1324,20097,-1,20088
 0> <info> app: hr,1325,20111,-1,20088
 0> <info> app: hr,1326,20095,-2,20089
 0> <info> app: hr,1327,20096,-2,20089
 0> <info> app: hr,1328,20070,-2,20089
 0> <info> app: hr,1329,20082,-3,20090
 0> <info> app: hr,1330,20090,-2,20090
 0> <info> app: hr,1331,20092,-2,20090
 0> <info> app: hr,1332,20110,-2,20090
 0> <info> app: hr,1333,20099,-2,20090
 0> <info> app: hr,1334,20110,-2,20090
 0> <info> app: hr,1335,20086,-3,20091
 0> <info> app: hr,1336,20080,-3,20091
 0> <info> app: hr,1337,20067,-2,20091
 0> <info> app: hr,1338,20080,-2,20091
 0> <info> app: hr,1339,20086,-2,20091
 0> <info> app: hr,1340,20098,-2,20091
 0> <info> app: hr,1341,20097,-2,20091
 0> <info> app: hr,1342,20078,-2,20091
 0> <info> app: hr,1343,20110,-2,20091
 0> <info> app: hr,1344,20077,-2,20091
 0> <info> app: hr,1345,20083,-1,20091
 0> <info> app: hr,1346,20075,-1,20091
 0> <info> app: hr,1347,20085,-1,20091
 0> <info> app: hr,1348,20072,-1,20091
 0> <info> app: hr,1349,20106,-1,20091
 0> <info> app: hr,1350,20076,-1,20091
 0> <info> app: hr,1351,20081,-1,20091
 0> <info> app: hr,1352,20098,0,20090
 0> <info> app: hr,1353,20071,0,20090
 0> <info> app: hr,1354,20107,0,20090
 0> <info> app: hr,1355,20087,0,20090
 0> <info> app: hr,1356,20087,0,20090
 0> <info> app: hr,1357,20096,0,20090
 0> <info> app: hr,1358,20064,0,20090
 0> <info> app: hr,1359,20085,0,20089
 0> <info> app: hr,1360,20081,0,20089
 0> <info> app: hr,1361,20092,0,20089
 0> <info> app: hr,1362,20068,0,20089
 0> <info> app: hr,1363,20097,0,20089
 0> <info> app: hr,1364,20077,1,20088
 0> <info> app: hr,1365,20078,1,20088
 0> <info> app: hr,1366,20086,1,20088
 0> <info> app: hr,1367,20080,1,20088
 0> <info> app: hr,1368,20089,2,20087
 0> <info> app: hr,1369,20060,2,20087
 0> <info> app: hr,1370,20086,2,20087
 0> <info> app: hr,1371,20072,1,20087
 0> <info> app: hr,1372,20079,2,20086
 0> <info> app: hr,1373,20076,2,20086
 0> <info> app: hr,1374,20079,2,20086
 0> <info> app: hr,1375,20089,3,20085
 0> <info> app: hr,1376,20096,3,20085
 0> <info> app: hr,1377,20081,3,20085
 0> <info> app: hr,1378,20065,2,20085
 0> <info> app: hr,1379,20098,3,20084
 0> <info> app: hr,1380,20064,3,20084
 0> <info> app: hr,1381,20094,3,20084
 0> <info> app: hr,1382,20082,3,20084
 0> <info> app: hr,1383,20062,4,20083
 0> <info> app: hr,1384,20086,3,20083
 0> <info> app: hr,1385,20053,3,20083
 0> <info> app: hr,1386,20088,3,20083
 0> <info> app: hr,1387,20063,4,20082
 0> <info> app: hr,1388,20081,4,20082
 0> <info> app: hr,1389,20070,3,20082
 0> <info> app: hr,1390,20089,4,20081
 0> <info> app: hr,1391,20081,4,20081
 0> <info> app: hr,1392,20085,4,20081
 0> <info> app: hr,1393,20088,4,20081
 0> <info> app: hr,1394,20060,4,20080
 0> <info> app: hr,1395,20074,4,20080
 0> <info> app: hr,1396,20068,4,20080
 0> <info> app: hr,1397,20052,4,20080
 0> <info> app: hr,1398,20071,4,20079
 0> <info> app: hr,1399,20083,4,20079
 0> <info> app: hr,1400,20076,4,20079
 0> <info> app: hr,1401,20051,5,20078
 0> <info> app: hr,1402,20077,4,20078
 0> <info> app: hr,1403,20082,4,20078
 0> <info> app: hr,1404,20067,5,20077
 0> <info> app: hr,1405,20070,5,20077
 0> <info> app: hr,1406,20064,4,20077
 0> <info> app: hr,1407,20077,5,20076
 0> <info> app: hr,1408,20057,5,20076
 0> <info> app: hr,1409,20062,5,20076
 0> <info> app: hr,1410,20032,5,20075
 0> <info> app: hr,1411,20059,5,20075
 0> <info> app: hr,1412,20067,6,20074
 0> <info> app: hr,1413,20046,6,20074
 0> <info> app: hr,1414,20065,6,20073
 0> <info> app: hr,1415,20068,6,20073
 0> <info> app: hr,1416,20071,7,20072
 0> <info> app: hr,1417,20065,6,20072
 0> <info> app: hr,1418,20080,7,20071
 0> <info> app: hr,1419,20086,6,20071
 0> <info> app: hr,1420,20082,7,20070
 0> <info> app: hr,1421,20048,7,20070
 0> <info> app: hr,1422,20074,6,20070
 0> <info> app: hr,1423,20074,6,20070
 0> <info> app: hr,1424,20071,7,20069
 0> <info> app: hr,1425,20058,6,20069
 0> <info> app: hr,1426,20071,6,20069
 0> <info> app: hr,1427,20065,6,20069
 0> <info> app: hr,1428,20068,6,20068
 0> <info> app: hr,1429,20070,6,20068
 0> <info> app: hr,1430,20046,6,20068
 0> <info> app: hr,1431,20059,5,20068
 0> <info> app: hr,1432,20060,5,20068
 0> <info> app: hr,1433,20063,6,20067
 0> <info> app: hr,1434,20087,6,20067
 0> <info> app: hr,1435,20061,5,20067
 0> <info> app: hr,1436,20070,5,20067
 0> <info> app: hr,1437,20070,5,20067
 0> <info> app: hr,1438,20052,5,20066
 0> <info> app: hr,1439,20069,5,20066
 0> <info> app: hr,1440,20052,5,20066
 0> <info> app: hr,1441,20077,5,20066
 0> <info> app: hr,1442,20070,4,20066
 0> <info> app: hr,1443,20063,4,20066
 0> <info> app: hr,1444,20065,4,20066
 0> <info> app: hr,1445,20061,5,20065
 0> <info> app: hr,1446,20036,4,20065
 0> <info> app: hr,1447,20078,4,20065
 0> <info> app: hr,1448,20071,4,20065
 0> <info> app: hr,1449,20089,4,20065
 0> <info> app: hr,1450,20066,3,20065
 0> <info> app: hr,1451,20065,3,20065
 0> <info> app: hr,1452,20060,3,20065
 0> <info> app: hr,1453,20068,3,20065
 0> <info> app: hr,1454,20069,3,20065
 0> <info> app: hr,1455,20072,3,20065
 0> <info> app: hr,1456,20062,2,20065
 0> <info> app: hr,1457,20082,2,20065
 0> <info> app: hr,1458,20053,2,20065
 0> <info> app: hr,1459,20073,2,20065
 0> <info> app: hr,1460,20048,2,20065
 0> <info> app: hr,1461,20061,2,20065
 0> <info> app: hr,1462,20061,2,20065
 0> <info> app: hr,1463,20075,2,20065
 0> <info> app: hr,1464,20059,1,20065
 0> <info> app: hr,1465,20069,1,20065
 0> <info> app: hr,1466,20080,1,20065
 0> <info> app: hr,1467,20053,1,20065
 0> <info> app: hr,1468,20088,1,20065
 0> <info> app: hr,1469,20071,1,20065
 0> <info> app: hr,1470,20057,1,20065
 0> <info> app: hr,1471,20083,1,20065
 0> <info> app: hr,1472,20079,1,20065
 0> <info> app: hr,1473,20086,1,20065
 0> <info> app: hr,1474,20065,1,20065
 0> <info> app: hr,1475,20065,0,20066
 0> <info> app: hr,1476,20082,0,20066
 0> <info> app: hr,1477,20076,0,20066
 0> <info> app: hr,1478,20074,0,20066
 0> <info> app: hr,1479,20072,0,20067
 0> <info> app: hr,1480,20071,0,20067
 0> <info> app: hr,1481,20097,0,20067
 0> <info> app: hr,1482,20095,0,20067
 0> <info> app: hr,1483,20069,-1,20068
 0> <info> app: hr,1484,20062,-1,20068
 0> <info> app: hr,1485,20057,-1,20068
 0> <info> app: hr,1486,20049,-2,20069
 0> <info> app: hr,1487,20067,-2,20069
 0> <info> app: hr,1488,20065,-2,20069
 0> <info> app: hr,1489,20085,-2,20069
 0> <info> app: hr,1490,20063,-2,20069
 0> <info> app: hr,1491,20077,-1,20069
 0> <info> app: hr,1492,20066,-1,20069
 0> <info> app: hr,1493,20077,-2,20070
 0> <info> app: hr,1494,20088,-2,20070
 0> <info> app: hr,1495,20085,-2,20070
 0> <info> app: hr,1496,20066,-2,20070
 0> <info> app: hr,1497,20083,-2,20070
 0> <info> app: hr,1498,20078,-2,20070
 0> <info> app: hr,1499,20071,-3,20071
 0> <info> app: hr,1500,20084,-2,20071
 0> <info> app: hr,1501,20076,-2,20071
 0> <info> app: hr,1502,20081,-2,20071
 0> <info> app: hr,1503,20045,-3,20072
 0> <info> app: hr,1504,20076,-3,20072
 0> <info> app: hr,1505,20069,-3,20072
 0> <info> app: hr,1506,20080,-2,20072
 0> <info> app: hr,1507,20073,-2,20072
 0> <info> app: hr,1508,20066,-2,20072
 0> <info> app: hr,1509,20048,-2,20072
 0> <info> app: hr,1510,20107,-2,20072
 0> <info> app: hr,1511,20043,-2,20072
 0> <info> app: hr,1512,20075,-2,20072
 0> <info> app: hr,1513,20071,-2,20072
 0> <info> app: hr,1514,20079,-1,20072
 0> <info> app: hr,1515,20075,-1,20072
 0> <info> app: hr,1516,20085,-1,20072
 0> <info> app: hr,1517,20040,-1,20072
 0> <info> app: hr,1518,20067,-1,20072
 0> <info> app: hr,1519,20075,-1,20072
 0> <info> app: hr,1520,20073,-1,20072
 0> <info> app: hr,1521,20085,-1,20072
 0> <info> app: hr,1522,20100,-1,20072
 0> <info> app: hr,1523,20068,-1,20072
 0> <info> app: hr,1524,20080,-1,20072
 0> <info> app: hr,1525,20095,-1,20072
 0> <info> app: hr,1526,20092,-2,20073
 0> <info> app: hr,1527,20084,-1,20073
 0> <info> app: hr,1528,20074,-1,20073
 0> <info> app: hr,1529,20085,-1,20073
 0> <info> app: hr,1530,20077,-1,20073
 0> <info> app: hr,1531,20074,-2,20074
 0> <info> app: hr,1532,20088,-2,20074
 0> <info> app: hr,1533,20074,-2,20074
 0> <info> app: hr,1534,20084,-2,20074
 0> <info> app: hr,1535,20054,-3,20075
 0> <info> app: hr,1536,20086,-2,20075
 0> <info> app: hr,1537,20093,-2,20075
 0> <info> app: hr,1538,20080,-2,20075
 0> <info> app: hr,1539,20067,-2,20075
 0> <info> app: hr,1540,20069,-3,20076
 0> <info> app: hr,1541,20096,-3,20076
 0> <info> app: hr,1542,20089,-3,20076
 0> <info> app: hr,1543,20077,-2,20076
 0> <info> app: hr,1544,20060,-2,20076
 0> <info> app: hr,1545,20082,-2,20076
 0> <info> app: hr,1546,20088,-3,20077
 0> <info> app: hr,1547,20067,-3,20077
 0> <info> app: hr,1548,20091,-3,20077
 0> <info> app: hr,1549,20086,-3,20077
 0> <info> app: hr,1550,20087,-2,20077
 0> <info> app: hr,1551,20093,-2,20077
 0> <info> app: hr,1552,20086,-3,20078
 0> <info> app: hr,1553,20078,-3,20078
 0> <info> app: hr,1554,20072,-3,20078
 0> <info> app: hr,1555,20101,-3,20078
 0> <info> app: hr,1556,20080,-2,20078
 0> <info> app: hr,1557,20087,-3,20079
 0> <info> app: hr,1558,20090,-3,20079
 0> <info> app: hr,1559,20098,-3,20079
 0> <info> app: hr,1560,20079,-4,20080
 0> <info> app: hr,1561,20082,-4,20080
 0> <info> app: hr,1562,20103,-3,20080
 0> <info> app: hr,1563,20091,-3,20080
 0> <info> app: hr,1564,20073,-4,20081
 0> <info> app: hr,1565,20103,-4,20081
 0> <info> app: hr,1566,20054,-4,20081
 0> <info> app: hr,1567,20077,-4,20082
 0> <info> app: hr,1568,20087,-4,20082
 0> <info> app: hr,1569,20078,-4,20082
 0> <info> app: hr,1570,20089,-4,20082
 0> <info> app: hr,1571,20100,-3,20082
 0> <info> app: hr,1572,20095,-3,20082
 0> <info> app: hr,1573,20104,-4,20083
 0> <info> app: hr,1574,20079,-4,20083
 0> <info> app: hr,1575,20098,-4,20083
 0> <info> app: hr,1576,20078,-3,20083
 0> <info> app: hr,1577,20089,-4,20084
 0> <info> app: hr,1578,20077,-4,20084
 0> <info> app: hr,1579,20088,-4,20084
 0> <info> app: hr,1580,20085,-4,20084
 0> <info> app: hr,1581,20088,-3,20084
 0> <info> app: hr,1582,20068,-4,20085
 0> <info> app: hr,1583,20076,-4,20085
 0> <info> app: hr,1584,20070,-4,20085
 0> <info> app: hr,1585,20066,-3,20085
 0> <info> app: hr,1586,20101,-3,20085
 0> <info> app: hr,1587,20087,-3,20085
 0> <info> app: hr,1588,20098,-3,20085
 0> <info> app: hr,1589,20076,-3,20085
 0> <info> app: hr,1590,20105,-3,20085
 0> <info> app: hr,1591,20070,-2,20085
 0> <info> app: hr,1592,20093,-2,20085
 0> <info> app: hr,1593,20081,-2,20085
 0> <info> app: hr,1594,20057,-2,20085
 0> <info> app: hr,1595,20063,-2,20085
 0> <info> app: hr,1596,20096,-2,20085
 0> <info> app: hr,1597,20095,-1,20084
 0> <info> app: hr,1598,20076,-1,20084
 0> <info> app: hr,1599,20089,-1,20084
 0> <info> app: hr,1600,20093,0,20084
 0> <info> app: hr,1601,20106,0,20084
 0> <info> app: hr,1602,20090,0,20084
 0> <info> app: hr,1603,20107,0,20084
 0> <info> app: hr,1604,20078,0,20084
 0> <info> app: hr,1605,20076,-1,20085
 0> <info> app: hr,1606,20076,-1,20085
 0> <info> app: hr,1607,20093,-1,20085
 0> <info> app: hr,1608,20072,-1,20085
 0> <info> app: hr,1609,20073,-1,20085
 0> <info> app: hr,1610,20092,-1,20085
 0> <info> app: hr,1611,20068,-1,20085
 0> <info> app: hr,1612,20061,-1,20085
 0> <info> app: hr,1613,20092,0,20084
 0> <info> app: hr,1614,20080,0,20084
 0> <info> app: hr,1615,20070,0,20084
 0> <info> app: hr,1616,20075,0,20084
 0> <info> app: hr,1617,20072,0,20084
 0> <info> app: hr,1618,20074,0,20084
 0> <info> app: hr,1619,20049,0,20083
 0> <info> app: hr,1620,20076,0,20083
 0> <info> app: hr,1621,20086,0,20083
 0> <info> app: hr,1622,20055,1,20082
 0> <info> app: hr,1623,20069,1,20082
 0> <info> app: hr,1624,20070,2,20081
 0> <info> app: hr,1625,20083,2,20081
 0> <info> app: hr,1626,20085,2,20081
 0> <info> app: hr,1627,20103,3,20080
 0> <info> app: hr,1628,20073,3,20080
 0> <info> app: hr,1629,20055,2,20080
 0> <info> app: hr,1630,20105,2,20080
 0> <info> app: hr,1631,20046,3,20079
 0> <info> app: hr,1632,20075,3,20079
 0> <info> app: hr,1633,20062,3,20079
 0> <info> app: hr,1634,20068,4,20078
 0> <info> app: hr,1635,20079,3,20078
 0> <info> app: hr,1636,20056,3,20078
 0> <info> app: hr,1637,20068,4,20077
 0> <info> app: hr,1638,20070,4,20077
 0> <info> app: hr,1639,20055,4,20077
 0> <info> app: hr,1640,20063,4,20076
 0> <info> app: hr,1641,20055,4,20076
 0> <info> app: hr,1642,20055,5,20075
 0> <info> app: hr,1643,20045,5,20075
 0> <info> app: hr,1644,20089,5,20074
 0> <info> app: hr,1645,20047,5,20074
 0> <info> app: hr,1646,20069,6,20073
 0> <info> app: hr,1647,20071,5,20073
 0> <info> app: hr,1648,20048,6,20072
 0> <info> app: hr,1649,20056,6,20072
 0> <info> app: hr,1650,20067,7,20071
 0> <info> app: hr,1651,20063,6,20071
 0> <info> app: hr,1652,20050,7,20070
 0> <info> app: hr,1653,20058,6,20070
 0> <info> app: hr,1654,20054,7,20069
 0> <info> app: hr,1655,20068,8,20068
 0> <info> app: hr,1656,20078,7,20068
 0> <info> app: hr,1657,20077,7,20068
 0> <info> app: hr,1658,20074,8,20067
 0> <info> app: hr,1659,20054,7,20067
 0> <info> app: hr,1660,20060,8,20066
 0> <info> app: hr,1661,20067,7,20066
 0> <info> app: hr,1662,20055,7,20066
 0> <info> app: hr,1663,20078,7,20066
 0> <info> app: hr,1664,20054,7,20065
 0> <info> app: hr,1665,20078,7,20065
 0> <info> app: hr,1666,20038,6,20065
 0> <info> app: hr,1667,20060,6,20065
 0> <info> app: hr,1668,20077,7,20064
 0> <info> app: hr,1669,20052,6,20064
 0> <info> app: hr,1670,20046,6,20064
 0> <info> app: hr,1671,20045,6,20064
 0> <info> app: hr,1672,20061,6,20063
 0> <info> app: hr,1673,20048,6,20063
 0> <info> app: hr,1674,20070,6,20063
 0> <info> app: hr,1675,20057,6,20062
 0> <info> app: hr,1676,20081,6,20062
 0> <info> app: hr,1677,20050,6,20062
 0> <info> app: hr,1678,20056,5,20062
 0> <info> app: hr,1679,20053,6,20061
 0> <info> app: hr,1680,20066,6,20061
 0> <info> app: hr,1681,20061,6,20061
 0> <info> app: hr,1682,20061,5,20061
 0> <info> app: hr,1683,20077,5,20061
 0> <info> app: hr,1684,20062,6,20060
 0> <info> app: hr,1685,20077,5,20060
 0> <info> app: hr,1686,20065,5,20060
 0> <info> app: hr,1687,20056,5,20060
 0> <info> app: hr,1688,20057,5,20060
 0> <info> app: hr,1689,20049,4,20060
 0> <info> app: hr,1690,20078,4,20060
 0> <info> app: hr,1691,20076,4,20060
 0> <info> app: hr,1692,20061,4,20060
 0> <info> app: hr,1693,20051,3,20060
 0> <info> app: hr,1694,20064,3,20060
 0> <info> app: hr,1695,20048,3,20060
 0> <info> app: hr,1696,20041,3,20060
 0> <info> app: hr,1697,20051,3,20060
 0> <info> app: hr,1698,20058,3,20060
 0> <info> app: hr,1699,20054,2,20060
 0> <info> app: hr,1700,20075,2,20060
 0> <info> app: hr,1701,20054,2,20060
 0> <info> app: hr,1702,20044,2,20060
 0> <info> app: hr,1703,20073,2,20060
 0> <info> app: hr,1704,20056,3,20059
 0> <info> app: hr,1705,20059,3,20059
 0> <info> app: hr,1706,20025,2,20059
 0> <info> app: hr,1707,20076,2,20059
 0> <info> app: hr,1708,20065,2,20059
 0> <info> app: hr,1709,20035,2,20059
 0> <info> app: hr,1710,20080,2,20059
 0> <info> app: hr,1711,20064,2,20059
 0> <info> app: hr,1712,20038,3,20058
 0> <info> app: hr,1713,20060,2,20058
 0> <info> app: hr,1714,20058,2,20058
 0> <info> app: hr,1715,20060,2,20058
 0> <info> app: hr,1716,20066,2,20058
 0> <info> app: hr,1717,20058,2,20058
 0> <info> app: hr,1718,20035,2,20058
 0> <info> app: hr,1719,20058,2,20058
 0> <info> app: hr,1720,20068,2,20058
 0> <info> app: hr,1721,20054,1,20058
 0> <info> app: hr,1722,20063,2,20057
 0> <info> app: hr,1723,20055,2,20057
 0> <info> app: hr,1724,20056,2,20057
 0> <info> app: hr,1725,20055,2,20057
 0> <info> app: hr,1726,20053,2,20057
 0> <info> app: hr,1727,20037,2,20057
 0> <info> app: hr,1728,20056,2,20057
 0> <info> app: hr,1729,20068,2,20057
 0> <info> app: hr,1730,20072,1,20057
 0> <info> app: hr,1731,20078,1,20057
 0> <info> app: hr,1732,20062,1,20057
 0> <info> app: hr,1733,20070,1,20057
 0> <info> app: hr,1734,20049,1,20057
 0> <info> app: hr,1735,20059,1,20057
 0> <info> app: hr,1736,20061,1,20057
 0> <info> app: hr,1737,20071,1,20057
 0> <info> app: hr,1738,20070,1,20057
 0> <info> app: hr,1739,20069,1,20057
 0> <info> app: hr,1740,20063,0,20058
 0> <info> app: hr,1741,20064,0,20058
 0> <info> app: hr,1742,20065,0,20058
 0> <info> app: hr,1743,20066,0,20058
 0> <info> app: hr,1744,20079,0,20058
 0> <info> app: hr,1745,20072,0,20059
 0> <info> app: hr,1746,20064,0,20059
 0> <info> app: hr,1747,20039,0,20059
 0> <info> app: hr,1748,20052,0,20059
 0> <info> app: hr,1749,20058,-1,20060
 0> <info> app: hr,1750,20051,-1,20060
 0> <info> app: hr,1751,20070,-1,20060
 0> <info> app: hr,1752,20073,-1,20060
 0> <info> app: hr,1753,20078,-1,20060
 0> <info> app: hr,1754,20059,-1,20060
 0> <info> app: hr,1755,20089,-1,20060
 0> <info> app: hr,1756,20060,-2,20061
 0> <info> app: hr,1757,20071,-2,20061
 0> <info> app: hr,1758,20090,-1,20061
 0> <info> app: hr,1759,20064,-1,20061
 0> <info> app: hr,1760,20077,-2,20062
 0> <info> app: hr,1761,20073,-2,20062
 0> <info> app: hr,1762,20078,-2,20062
 0> <info> app: hr,1763,20047,-3,20063
 0> <info> app: hr,1764,20067,-3,20063
 0> <info> app: hr,1765,20058,-3,20063
 0> <info> app: hr,1766,20077,-3,20064
 0> <info> app: hr,1767,20057,-3,20064
 0> <info> app: hr,1768,20052,-3,20064
 0> <info> app: hr,1769,20088,-3,20064
 0> <info> app: hr,1770,20064,-3,20064
 0> <info> app: hr,1771,20066,-4,20065
 0> <info> app: hr,1772,20041,-3,20065
 0> <info> app: hr,1773,20078,-3,20065
 0> <info> app: hr,1774,20075,-3,20065
 0> <info> app: hr,1775,20053,-3,20065
 0> <info> app: hr,1776,20078,-3,20065
 0> <info> app: hr,1777,20068,-2,20065
 0> <info> app: hr,1778,20089,-3,20066
 0> <info> app: hr,1779,20075,-3,20066
 0> <info> app: hr,1780,20086,-3,20066
 0> <info> app: hr,1781,20102,-3,20066
 0> <info> app: hr,1782,20075,-4,20067
 0> <info> app: hr,1783,20066,-3,20067
 0> <info> app: hr,1784,20092,-3,20067
 0> <info> app: hr,1785,20070,-4,20068
 0> <info> app: hr,1786,20059,-4,20068
 0> <info> app: hr,1787,20084,-4,20068
 0> <info> app: hr,1788,20061,-4,20069
 0> <info> app: hr,1789,20074,-4,20069
 0> <info> app: hr,1790,20072,-4,20069
 0> <info> app: hr,1791,20068,-5,20070
 0> <info> app: hr,1792,20077,-4,20070
 0> <info> app: hr,1793,20072,-4,20070
 0> <info> app: hr,1794,20083,-4,20070
 0> <info> app: hr,1795,20078,-4,20070
 0> <info> app: hr,1796,20072,-5,20071
 0> <info> app: hr,1797,20054,-4,20071
 0> <info> app: hr,1798,20077,-4,20071
 0> <info> app: hr,1799,20107,-4,20071
 0> <info> app: hr,1800,20072,-5,20072
 0> <info> app: hr,1801,20080,-4,20072
 0> <info> app: hr,1802,20086,-4,20072
 0> <info> app: hr,1803,20069,-4,20072
 0> <info> app: hr,1804,20068,-5,20073
 0> <info> app: hr,1805,20090,-4,20073
 0> <info> app: hr,1806,20077,-4,20073
 0> <info> app: hr,1807,20055,-4,20073
 0> <info> app: hr,1808,20093,-4,20073
 0> <info> app: hr,1809,20069,-4,20074
 0> <info> app: hr,1810,20102,-4,20074
 0> <info> app: hr,1811,20103,-4,20074
 0> <info> app: hr,1812,20064,-4,20074
 0> <info> app: hr,1813,20090,-5,20075
 0> <info> app: hr,1814,20072,-4,20075
 0> <info> app: hr,1815,20061,-4,20075
 0> <info> app: hr,1816,20076,-4,20075
 0> <info> app: hr,1817,20096,-5,20076
 0> <info> app: hr,1818,20115,-4,20076
 0> <info> app: hr,1819,20099,-4,20076
 0> <info> app: hr,1820,20070,-5,20077
 0> <info> app: hr,1821,20082,-5,20077
 0> <info> app: hr,1822,20091,-4,20077
 0> <info> app: hr,1823,20069,-5,20078
 0> <info> app: hr,1824,20078,-5,20078
 0> <info> app: hr,1825,20090,-5,20078
 0> <info> app: hr,1826,20099,-5,20079
 0> <info> app: hr,1827,20083,-5,20079
 0> <info> app: hr,1828,20099,-5,20079
 0> <info> app: hr,1829,20073,-5,20080
 0> <info> app: hr,1830,20092,-5,20080
 0> <info> app: hr,1831,20077,-5,20080
 0> <info> app: hr,1832,20074,-6,20081
 0> <info> app: hr,1833,20103,-5,20081
 0> <info> app: hr,1834,20064,-5,20081
 0> <info> app: hr,1835,20090,-5,20081
 0> <info> app: hr,1836,20077,-4,20081
 0> <info> app: hr,1837,20090,-5,20082
 0> <info> app: hr,1838,20094,-5,20082
 0> <info> app: hr,1839,20084,-5,20082
 0> <info> app: hr,1840,20064,-4,20082
 0> <info> app: hr,1841,20080,-4,20082
 0> <info> app: hr,1842,20092,-5,20083
 0> <info> app: hr,1843,20096,-5,20083
 0> <info> app: hr,1844,20110,-4,20083
 0> <info> app: hr,1845,20094,-4,20083
 0> <info> app: hr,1846,20085,-4,20083
 0> <info> app: hr,1847,20068,-5,20084
 0> <info> app: hr,1848,20094,-4,20084
 0> <info> app: hr,1849,20068,-4,20084
 0> <info> app: hr,1850,20100,-4,20084
 0> <info> app: hr,1851,20093,-4,20084
 0> <info> app: hr,1852,20078,-4,20084
 0> <info> app: hr,1853,20088,-4,20085
 0> <info> app: hr,1854,20051,-4,20085
 0> <info> app: hr,1855,20089,-4,20085
 0> <info> app: hr,1856,20081,-4,20085
 0> <info> app: hr,1857,20068,-3,20085
 0> <info> app: hr,1858,20081,-3,20085
 0> <info> app: hr,1859,20101,-3,20085
 0> <info> app: hr,1860,20080,-2,20084
 0> <info> app: hr,1861,20084,-2,20084
 0> <info> app: hr,1862,20084,-2,20084
 0> <info> app: hr,1863,20087,-2,20084
 0> <info> app: hr,1864,20079,-1,20084
 0> <info> app: hr,1865,20079,-1,20084
 0> <info> app: hr,1866,20078,-1,20084
 0> <info> app: hr,1867,20081,-1,20084
 0> <info> app: hr,1868,20069,-1,20084
 0> <info> app: hr,1869,20067,-1,20084
 0> <info> app: hr,1870,20041,-1,20084
 0> <info> app: hr,1871,20073,0,20083
 0> <info> app: hr,1872,20058,0,20083
 0> <info> app: hr,1873,20096,0,20083
 0> <info> app: hr,1874,20076,0,20082
 0> <info> app: hr,1875,20067,0,20082
 0> <info> app: hr,1876,20063,0,20082
 0> <info> app: hr,1877,20085,1,20081
 0> <info> app: hr,1878,20067,1,20081
 0> <info> app: hr,1879,20046,2,20080
 0> <info> app: hr,1880,20073,2,20080
 0> <info> app: hr,1881,20087,2,20080
 0> <info> app: hr,1882,20047,3,20079
 0> <info> app: hr,1883,20071,2,20079
 0> <info> app: hr,1884,20074,3,20078
 0> <info> app: hr,1885,20069,3,20078
 0> <info> app: hr,1886,20059,4,20077
 0> <info> app: hr,1887,20085,4,20077
 0> <info> app: hr,1888,20066,4,20076
 0> <info> app: hr,1889,20061,4,20076
 0> <info> app: hr,1890,20051,5,20075
 0> <info> app: hr,1891,20058,5,20075
 0> <info> app: hr,1892,20041,5,20074
 0> <info> app: hr,1893,20043,5,20074
 0> <info> app: hr,1894,20053,6,20073
 0> <info> app: hr,1895,20090,6,20073
 0> <info> app: hr,1896,20077,6,20072
 0> <info> app: hr,1897,20050,7,20071
 0> <info> app: hr,1898,20073,7,20071
 0> <info> app: hr,1899,20072,7,20070
 0> <info> app: hr,1900,20061,7,20070
 0> <info> app: hr,1901,20073,7,20069
 0> <info> app: hr,1902,20064,7,20069
 0> <info> app: hr,1903,20064,7,20069
 0> <info> app: hr,1904,20043,7,20068
 0> <info> app: hr,1905,20071,7,20068
 0> <info> app: hr,1906,20058,7,20068
 0> <info> app: hr,1907,20062,7,20067
 0> <info> app: hr,1908,20052,7,20067
 0> <info> app: hr,1909,20033,7,20066
 0> <info> app: hr,1910,20055,7,20066
 0> <info> app: hr,1911,20061,8,20065
 0> <info> app: hr,1912,20035,7,20065
 0> <info> app: hr,1913,20070,8,20064
 0> <info> app: hr,1914,20057,7,20064
 0> <info> app: hr,1915,20067,8,20063
 0> <info> app: hr,1916,20057,8,20063
 0> <info> app: hr,1917,20059,7,20063
 0> <info> app: hr,1918,20072,8,20062
 0> <info> app: hr,1919,20080,7,20062
 0> <info> app: hr,1920,20047,7,20062
 0> <info> app: hr,1921,20072,8,20061
 0> <info> app: hr,1922,20054,7,20061
 0> <info> app: hr,1923,20077,7,20061
 0> <info> app: hr,1924,20052,6,20061
 0> <info> app: hr,1925,20053,6,20061
 0> <info> app: hr,1926,20041,7,20060
 0> <info> app: hr,1927,20061,6,20060
 0> <info> app: hr,1928,20052,6,20060
 0> <info> app: hr,1929,20060,6,20060
 0> <info> app: hr,1930,20081,5,20060
 0> <info> app: hr,1931,20060,6,20059
 0> <info> app: hr,1932,20051,6,20059
 0> <info> app: hr,1933,20074,6,20059
 0> <info> app: hr,1934,20047,5,20059
 0> <info> app: hr,1935,20067,5,20059
 0> <info> app: hr,1936,20046,5,20059
 0> <info> app: hr,1937,20065,4,20059
 0> <info> app: hr,1938,20048,4,20059
 0> <info> app: hr,1939,20057,4,20059
 0> <info> app: hr,1940,20050,4,20059
 0> <info> app: hr,1941,20060,4,20058
 0> <info> app: hr,1942,20057,4,20058
 0> <info> app: hr,1943,20058,4,20058
 0> <info> app: hr,1944,20078,4,20058
 0> <info> app: hr,1945,20075,4,20058
 0> <info> app: hr,1946,20065,3,20058
 0> <info> app: hr,1947,20080,3,20058
 0> <info> app: hr,1948,20053,3,20058
 0> <info> app: hr,1949,20051,3,20058
 0> <info> app: hr,1950,20067,3,20058
 0> <info> app: hr,1951,20066,2,20058
 0> <info> app: hr,1952,20079,1,20059
 0> <info> app: hr,1953,20067,1,20059
 0> <info> app: hr,1954,20046,1,20059
 0> <info> app: hr,1955,20067,1,20059
 0> <info> app: hr,1956,20055,1,20059
 0> <info> app: hr,1957,20077,1,20059
 0> <info> app: hr,1958,20061,1,20059
 0> <info> app: hr,1959,20061,0,20060
 0> <info> app: hr,1960,20060,0,20060
 0> <info> app: hr,1961,20055,0,20060
 0> <info> app: hr,1962,20050,0,20060
 0> <info> app: hr,1963,20073,0,20060
 0> <info> app: hr,1964,20062,0,20060
 0> <info> app: hr,1965,20088,0,20060
 0> <info> app: hr,1966,20055,0,20060
 0> <info> app: hr,1967,20061,0,20061
 0> <info> app: hr,1968,20071,0,20061
 0> <info> app: hr,1969,20066,0,20061
 0> <info> app: hr,1970,20055,0,20061
 0> <info> app: hr,1971,20069,0,20061
 0> <info> app: hr,1972,20059,0,20061
 0> <info> app: hr,1973,20057,0,20061
 0> <info> app: hr,1974,20078,-1,20062
 0> <info> app: hr,1975,20049,-1,20062
 0> <info> app: hr,1976,20064,-1,20062
 0> <info> app: hr,1977,20060,-1,20062
 0> <info> app: hr,1978,20071,-1,20062
 0> <info> app: hr,1979,20083,-1,20062
 0> <info> app: hr,1980,20079,-1,20062
 0> <info> app: hr,1981,20065,-1,20062
 0> <info> app: hr,1982,20081,-2,20063
 0> <info> app: hr,1983,20057,-1,20063
 0> <info> app: hr,1984,20058,-1,20063
 0> <info> app: hr,1985,20080,-1,20063
 0> <info> app: hr,1986,20061,-1,20063
 0> <info> app: hr,1987,20064,-2,20064
 0> <info> app: hr,1988,20042,-2,20064
 0> <info> app: hr,1989,20049,-2,20064
 0> <info> app: hr,1990,20085,-2,20064
 0> <info> app: hr,1991,20057,-2,20064
 0> <info> app: hr,1992,20085,-1,20064
 0> <info> app: hr,1993,20055,-1,20064
 0> <info> app: hr,1994,20068,-1,20064
 0> <info> app: hr,1995,20042,-1,20064
 0> <info> app: hr,1996,20049,-1,20064
 0> <info> app: hr,1997,20048,-1,20064
 0> <info> app: hr,1998,20076,-1,20064
 0> <info> app: hr,1999,20058,-1,20064
 0> <info> app: hr,2000,20092,-1,20064
 0> <info> app: hr,2001,20077,-1,20064
 0> <info> app: hr,2002,20086,-1,20064
 0> <info> app: hr,2003,20055,-1,20064
 0> <info> app: hr,2004,20063,-1,20064
 0> <info> app: hr,2005,20065,-1,20064
 0> <info> app: hr,2006,20048,0,20064
 0> <info> app: hr,2007,20062,0,20064
 0> <info> app: hr,2008,20065,0,20064
 0> <info> app: hr,2009,20083,0,20064
 0> <info> app: hr,2010,20062,0,20064
 0> <info> app: hr,2011,20033,0,20064
 0> <info> app: hr,2012,20073,0,20064
 0> <info> app: hr,2013,20047,0,20064
 0> <info> app: hr,2014,20099,0,20064
 0> <info> app: hr,2015,20076,0,20064
 0> <info> app: hr,2016,20073,0,20064
 0> <info> app: hr,2017,20067,0,20064
 0> <info> app: hr,2018,20070,-1,20065
 0> <info> app: hr,2019,20081,-1,20065
 0> <info> app: hr,2020,20056,-1,20065
 0> <info> app: hr,2021,20069,-1,20065
 0> <info> app: hr,2022,20036,-1,20065
 0> <info> app: hr,2023,20073,-1,20065
 0> <info> app: hr,2024,20071,-1,20065
 0> <info> app: hr,2025,20056,-1,20065
 0> <info> app: hr,2026,20046,-1,20065
 0> <info> app: hr,2027,20078,0,20065
 0> <info> app: hr,2028,20069,0,20065
 0> <info> app: hr,2029,20073,0,20065
 0> <info> app: hr,2030,20065,0,20065
 0> <info> app: hr,2031,20067,0,20065

# Logging stopped @ 23 Nov 2018 10:06:09
