# SEGGER J-Link RTT Viewer V6.16a Terminal Log File
# Compiled: 12:44:10 on Jun  6 2017
# Logging started @ 23 Nov 2018 11:32:25
 0> <info> app: ***********  Application started  ***********
 0> 
 0> <info> app: [OK] NRF Power ON 0x0004. 
 0> <info> app: Read MAC:CC34D2110EF6
 0> <info> app: ***********  Sensor initial ***********
 0> <info> app: [OK]	BMI160
 0> <info> app: [OK]	SETUP ACC
 0> <info> app: [OK]	SETUP STEP COUNT
 0> <info> app: [OK]	FLASH MEMORY
 0> <info> app: [OK]	OLED Initial
 0> <info> app: [OK]	Max30102 Initial, Temperature 33.18
 0> <info> app: ********** End sensor initial *********
 0> 
 0> <info> app: Max30102 Found
 0> 
 0> <info> app: HR Begin
 0> 
 0> <info> app: 1019
 0> <info> app: hr,0,18480, 190752.56 ,0
 0> <info> app: hr,1,18517, 166176.51 ,0
 0> <info> app: hr,2,18477, 176416.65 ,128
 0> <info> app: hr,3,18483, 153888.62 ,63
 0> <info> app: hr,4,18489, 194848.31 ,0
 0> <info> app: hr,5,18469, 189728.53 ,0
 0> <info> app: hr,6,18476, 168224.73 ,128
 0> <info> app: hr,7,18492, 183584.89 ,63
 0> <info> app: hr,8,18488, 162080.76 ,0
 0> <info> app: hr,9,18502, 1.00 ,0
 0> <info> app: hr,10,18502, 1.00 ,0
 0> <info> app: hr,11,18453, 1.00 ,0
 0> <info> app: hr,12,18492, 1.00 ,0
 0> <info> app: hr,13,18484, 2.00 ,0
 0> <info> app: hr,14,18497, 2.00 ,0
 0> <info> app: hr,15,18525, 2.00 ,0
 0> <info> app: hr,16,18483, 2.00 ,0
 0> <info> app: hr,17,18502, 2.00 ,0
 0> <info> app: hr,18,18500, 1.00 ,0
 0> <info> app: hr,19,18492, 0.00 ,0
 0> <info> app: hr,20,18493, 0.00 ,0
 0> <info> app: hr,21,18496, 0.00 ,0
 0> <info> app: hr,22,18487, 0.00 ,0
 0> <info> app: hr,23,18504, 0.00 ,0
 0> <info> app: hr,24,18482, 0.00 ,0
 0> <info> app: hr,25,18481, 0.00 ,0
 0> <info> app: hr,26,18513, 0.00 ,0
 0> <info> app: hr,27,18487, 0.00 ,0
 0> <info> app: hr,28,18510, 0.00 ,0
 0> <info> app: hr,29,18472, 0.00 ,0
 0> <info> app: hr,30,18482, 0.00 ,0
 0> <info> app: hr,31,18468, 0.00 ,0
 0> <info> app: hr,32,18491, 0.00 ,0
 0> <info> app: hr,33,18489, 0.00 ,0
 0> <info> app: hr,34,18497, 0.00 ,0
 0> <info> app: hr,35,18482, 0.00 ,0
 0> <info> app: hr,36,18481, 0.00 ,0
 0> <info> app: hr,37,18477, 0.00 ,0
 0> <info> app: hr,38,18498, 0.00 ,0
 0> <info> app: hr,39,18480, 0.00 ,0
 0> <info> app: hr,40,18505, 0.00 ,0
 0> <info> app: hr,41,18471, 0.00 ,0
 0> <info> app: hr,42,18491, 0.00 ,0
 0> <info> app: hr,43,18483, 0.00 ,0
 0> <info> app: hr,44,18493, 0.00 ,0
 0> <info> app: hr,45,18502, 0.00 ,0
 0> <info> app: hr,46,18486, 0.00 ,0
 0> <info> app: hr,47,18485, 0.00 ,0
 0> <info> app: hr,48,18485, 0.00 ,0
 0> <info> app: hr,49,18482, 0.00 ,0
 0> <info> app: hr,50,18482, 0.00 ,0
 0> <info> app: hr,51,18471, 0.00 ,0
 0> <info> app: hr,52,18484, 0.00 ,0
 0> <info> app: hr,53,18466, 1.00 ,0
 0> <info> app: hr,54,18492, 1.00 ,0
 0> <info> app: hr,55,18504, 1.00 ,0
 0> <info> app: hr,56,18474, 1.00 ,0
 0> <info> app: hr,57,18485, 1.00 ,0
 0> <info> app: hr,58,18484, 2.00 ,0
 0> <info> app: hr,59,18502, 1.00 ,0
 0> <info> app: hr,60,18512, 1.00 ,0
 0> <info> app: hr,61,18511, 1.00 ,0
 0> <info> app: hr,62,18489, 1.00 ,0
 0> <info> app: hr,63,18508, 1.00 ,0
 0> <info> app: hr,64,18462, 1.00 ,0
 0> <info> app: hr,65,18492, 1.00 ,0
 0> <info> app: hr,66,18500, 0.00 ,0
 0> <info> app: hr,67,18456, 0.00 ,0
 0> <info> app: hr,68,18509, 0.00 ,0
 0> <info> app: hr,69,18491, 0.00 ,0
 0> <info> app: hr,70,18510, 0.00 ,0
 0> <info> app: hr,71,18522, 0.00 ,0
 0> <info> app: hr,72,18476, 0.00 ,0
 0> <info> app: hr,73,18482, 0.00 ,0
 0> <info> app: hr,74,18503, 0.00 ,0
 0> <info> app: hr,75,18506, 0.00 ,0
 0> <info> app: hr,76,18489, 0.00 ,0
 0> <info> app: hr,77,18472, 0.00 ,0
 0> <info> app: hr,78,18483, 0.00 ,0
 0> <info> app: hr,79,18459, 0.00 ,0
 0> <info> app: hr,80,18518, 0.00 ,0
 0> <info> app: hr,81,18490, 0.00 ,0
 0> <info> app: hr,82,18509, 0.00 ,0
 0> <info> app: hr,83,18468, 0.00 ,0
 0> <info> app: hr,84,18457, 0.00 ,0
 0> <info> app: hr,85,18476, 0.00 ,0
 0> <info> app: hr,86,18479, 0.00 ,0
 0> <info> app: hr,87,18495, 0.00 ,0
 0> <info> app: hr,88,18489, 0.00 ,0
 0> <info> app: hr,89,18502, 0.00 ,0
 0> <info> app: hr,90,18500, 0.00 ,0
 0> <info> app: hr,91,18484, 0.00 ,0
 0> <info> app: hr,92,18472, 0.00 ,0
 0> <info> app: hr,93,18479, 0.00 ,0
 0> <info> app: hr,94,18484, 0.00 ,0
 0> <info> app: hr,95,18499, 0.00 ,0
 0> <info> app: hr,96,18493, 0.00 ,0
 0> <info> app: hr,97,18490, 0.00 ,0
 0> <info> app: hr,98,18474, 0.00 ,0
 0> <info> app: hr,99,18456, 0.00 ,0
 0> <info> app: hr,100,18515, 0.00 ,0
 0> <info> app: hr,101,18491, 0.00 ,0
 0> <info> app: hr,102,18505, 0.00 ,0
 0> <info> app: hr,103,18488, 0.00 ,0
 0> <info> app: hr,104,18487, 0.00 ,0
 0> <info> app: hr,105,18498, 0.00 ,0
 0> <info> app: hr,106,18510, 0.00 ,0
 0> <info> app: hr,107,18500, 0.00 ,0
 0> <info> app: hr,108,18485, 0.00 ,0
 0> <info> app: hr,109,18461, 0.00 ,0
 0> <info> app: hr,110,18502, 0.00 ,0
 0> <info> app: hr,111,18501, 0.00 ,0
 0> <info> app: hr,112,18501, 0.00 ,0
 0> <info> app: hr,113,18506, 0.00 ,0
 0> <info> app: hr,114,18518, 0.00 ,0
 0> <info> app: hr,115,18476, 0.00 ,0
 0> <info> app: hr,116,18477, 0.00 ,0
 0> <info> app: hr,117,18465, 0.00 ,0
 0> <info> app: hr,118,18478, 0.00 ,0
 0> <info> app: hr,119,18505, 0.00 ,0
 0> <info> app: hr,120,18474, 0.00 ,0
 0> <info> app: hr,121,18511, 0.00 ,0
 0> <info> app: hr,122,18505, 0.00 ,0
 0> <info> app: hr,123,18479, 0.00 ,0
 0> <info> app: hr,124,18517, 0.00 ,0
 0> <info> app: hr,125,18479, -1.00 ,0
 0> <info> app: hr,126,18492, -1.00 ,0
 0> <info> app: hr,127,18486, -1.00 ,0
 0> <info> app: hr,128,18474, -1.00 ,0
 0> <info> app: hr,129,18465, -1.00 ,0
 0> <info> app: hr,130,18481, -1.00 ,0
 0> <info> app: hr,131,18479, -1.00 ,0
 0> <info> app: hr,132,18478, 0.00 ,0
 0> <info> app: hr,133,18486, 0.00 ,0
 0> <info> app: hr,134,18478, 0.00 ,0
 0> <info> app: hr,135,18489, 0.00 ,0
 0> <info> app: hr,136,18492, 0.00 ,0
 0> <info> app: hr,137,18486, 0.00 ,0
 0> <info> app: hr,138,18502, 0.00 ,0
 0> <info> app: hr,139,18491, 1.00 ,0
 0> <info> app: hr,140,18494, 0.00 ,0
 0> <info> app: hr,141,18509, 0.00 ,0
 0> <info> app: hr,142,18464, 0.00 ,0
 0> <info> app: hr,143,18501, 0.00 ,0
 0> <info> app: hr,144,18491, 0.00 ,0
 0> <info> app: hr,145,18503, 0.00 ,0
 0> <info> app: hr,146,18483, 0.00 ,0
 0> <info> app: hr,147,18479, 0.00 ,0
 0> <info> app: hr,148,18472, 0.00 ,0
 0> <info> app: hr,149,18504, 0.00 ,0
 0> <info> app: hr,150,18507, 0.00 ,0
 0> <info> app: hr,151,18494, 0.00 ,0
 0> <info> app: hr,152,18494, 0.00 ,0
 0> <info> app: hr,153,18481, 0.00 ,0
 0> <info> app: hr,154,18482, 0.00 ,0
 0> <info> app: hr,155,18473, 0.00 ,0
 0> <info> app: hr,156,18484, 0.00 ,0
 0> <info> app: hr,157,18506, 0.00 ,0
 0> <info> app: hr,158,18493, 0.00 ,0
 0> <info> app: hr,159,18494, 0.00 ,0
 0> <info> app: hr,160,18513, 0.00 ,0
 0> <info> app: hr,161,18488, 0.00 ,0
 0> <info> app: hr,162,18470, 0.00 ,0
 0> <info> app: hr,163,18494, 0.00 ,0
 0> <info> app: hr,164,18510, 0.00 ,0
 0> <info> app: hr,165,18497, 0.00 ,0
 0> <info> app: hr,166,18497, 0.00 ,0
 0> <info> app: hr,167,18495, 0.00 ,0
 0> <info> app: hr,168,18499, 0.00 ,0
 0> <info> app: hr,169,18485, 0.00 ,0
 0> <info> app: hr,170,18467, -1.00 ,0
 0> <info> app: hr,171,18488, -1.00 ,0
 0> <info> app: hr,172,18484, -1.00 ,0
 0> <info> app: hr,173,18500, -1.00 ,0
 0> <info> app: hr,174,18525, -1.00 ,0
 0> <info> app: hr,175,18498, -1.00 ,0
 0> <info> app: hr,176,18484, -1.00 ,0
 0> <info> app: hr,177,18508, 0.00 ,0
 0> <info> app: hr,178,18501, -1.00 ,0
 0> <info> app: hr,179,18484, -1.00 ,0
 0> <info> app: hr,180,18492, -1.00 ,0
 0> <info> app: hr,181,18504, -1.00 ,0
 0> <info> app: hr,182,18505, -1.00 ,0
 0> <info> app: hr,183,18509, -1.00 ,0
 0> <info> app: hr,184,18490, -2.00 ,0
 0> <info> app: hr,185,18491, -2.00 ,0
 0> <info> app: hr,186,18516, -2.00 ,0
 0> <info> app: hr,187,18483, -2.00 ,0
 0> <info> app: hr,188,18513, -2.00 ,0
 0> <info> app: hr,189,18500, -2.00 ,0
 0> <info> app: hr,190,18489, -2.00 ,0
 0> <info> app: hr,191,18504, -3.00 ,0
 0> <info> app: hr,192,18505, -3.00 ,0
 0> <info> app: hr,193,18499, -3.00 ,0
 0> <info> app: hr,194,18491, -3.00 ,0
 0> <info> app: hr,195,18489, -3.00 ,0
 0> <info> app: hr,196,18491, -3.00 ,0
 0> <info> app: hr,197,18493, -3.00 ,0
 0> <info> app: hr,198,18511, -3.00 ,0
 0> <info> app: hr,199,18471, -3.00 ,0
 0> <info> app: hr,200,18511, -3.00 ,0
 0> <info> app: hr,201,18493, -2.00 ,0
 0> <info> app: hr,202,18499, -3.00 ,0
 0> <info> app: hr,203,18497, -3.00 ,0
 0> <info> app: hr,204,18498, -3.00 ,0
 0> <info> app: hr,205,18491, -3.00 ,0
 0> <info> app: hr,206,18498, -3.00 ,0
 0> <info> app: hr,207,18479, -2.00 ,0
 0> <info> app: hr,208,18505, -2.00 ,0
 0> <info> app: hr,209,18488, -2.00 ,0
 0> <info> app: hr,210,18511, -2.00 ,0
 0> <info> app: hr,211,18500, -2.00 ,0
 0> <info> app: hr,212,18494, -2.00 ,0
 0> <info> app: hr,213,18497, -2.00 ,0
 0> <info> app: hr,214,18508, -2.00 ,0
 0> <info> app: hr,215,18483, -1.00 ,0
 0> <info> app: hr,216,18481, -1.00 ,0
 0> <info> app: hr,217,18475, -1.00 ,0
 0> <info> app: hr,218,18481, -1.00 ,0
 0> <info> app: hr,219,18512, -1.00 ,0
 0> <info> app: hr,220,18506, -1.00 ,0
 0> <info> app: hr,221,18484, -1.00 ,0
 0> <info> app: hr,222,18500, -1.00 ,0
 0> <info> app: hr,223,18454, -1.00 ,0
 0> <info> app: hr,224,18495, 0.00 ,0
 0> <info> app: hr,225,18545, 0.00 ,0
 0> <info> app: hr,226,18490, 0.00 ,0
 0> <info> app: hr,227,18521, 0.00 ,0
 0> <info> app: hr,228,18456, 0.00 ,0
 0> <info> app: hr,229,18481, 0.00 ,0
 0> <info> app: hr,230,18523, 0.00 ,0
 0> <info> app: hr,231,18501, 0.00 ,0
 0> <info> app: hr,232,18510, 0.00 ,0
 0> <info> app: hr,233,18488, 0.00 ,0
 0> <info> app: hr,234,18505, 0.00 ,0
 0> <info> app: hr,235,18513, 0.00 ,0
 0> <info> app: hr,236,18505, 0.00 ,0
 0> <info> app: hr,237,18490, 0.00 ,0
 0> <info> app: hr,238,18509, -1.00 ,0
 0> <info> app: hr,239,18502, -1.00 ,0
 0> <info> app: hr,240,18528, 0.00 ,0
 0> <info> app: hr,241,18488, 0.00 ,0
 0> <info> app: hr,242,18478, 0.00 ,0
 0> <info> app: hr,243,18482, 0.00 ,0
 0> <info> app: hr,244,18485, 0.00 ,0
 0> <info> app: hr,245,18480, 0.00 ,0
 0> <info> app: hr,246,18509, 0.00 ,0
 0> <info> app: hr,247,18475, 0.00 ,0
 0> <info> app: hr,248,18495, 0.00 ,0
 0> <info> app: hr,249,18487, 0.00 ,0
 0> <info> app: hr,250,18467, 0.00 ,0
 0> <info> app: hr,251,18510, 0.00 ,0
 0> <info> app: hr,252,18503, 0.00 ,0
 0> <info> app: hr,253,18482, 0.00 ,0
 0> <info> app: hr,254,18506, 0.00 ,0
 0> <info> app: hr,255,18469, 0.00 ,0
 0> <info> app: hr,256,18507, 0.00 ,0
 0> <info> app: hr,257,18494, 0.00 ,0
 0> <info> app: hr,258,18493, 0.00 ,0
 0> <info> app: hr,259,18499, 0.00 ,0
 0> <info> app: hr,260,18480, 0.00 ,0
 0> <info> app: hr,261,18473, 0.00 ,0
 0> <info> app: hr,262,18511, 1.00 ,0
 0> <info> app: hr,263,18500, 1.00 ,0
 0> <info> app: hr,264,18490, 1.00 ,0
 0> <info> app: hr,265,18523, 1.00 ,0
 0> <info> app: hr,266,18485, 1.00 ,0
 0> <info> app: hr,267,18511, 1.00 ,0
 0> <info> app: hr,268,18467, 1.00 ,0
 0> <info> app: hr,269,18489, 0.00 ,0
 0> <info> app: hr,270,18507, 0.00 ,0
 0> <info> app: hr,271,18507, 0.00 ,0
 0> <info> app: hr,272,18506, 0.00 ,0
 0> <info> app: hr,273,18487, 0.00 ,0
 0> <info> app: hr,274,18480, 0.00 ,0
 0> <info> app: hr,275,18496, 0.00 ,0
 0> <info> app: hr,276,18474, 0.00 ,0
 0> <info> app: hr,277,18492, 0.00 ,0
 0> <info> app: hr,278,18512, 0.00 ,0
 0> <info> app: hr,279,18509, 0.00 ,0
 0> <info> app: hr,280,18528, 0.00 ,0
 0> <info> app: hr,281,18514, 0.00 ,0
 0> <info> app: hr,282,18468, 0.00 ,0
 0> <info> app: hr,283,18477, 0.00 ,0
 0> <info> app: hr,284,18506, 0.00 ,0
 0> <info> app: hr,285,18507, 0.00 ,0
 0> <info> app: hr,286,18465, 0.00 ,0
 0> <info> app: hr,287,18503, 0.00 ,0
 0> <info> app: hr,288,18479, 0.00 ,0
 0> <info> app: hr,289,18505, 0.00 ,0
 0> <info> app: hr,290,18508, 0.00 ,0
 0> <info> app: hr,291,18481, 0.00 ,0
 0> <info> app: hr,292,18492, 0.00 ,0
 0> <info> app: hr,293,18494, 0.00 ,0
 0> <info> app: hr,294,18495, 0.00 ,0
 0> <info> app: hr,295,18490, 0.00 ,0
 0> <info> app: hr,296,18498, 0.00 ,0
 0> <info> app: hr,297,18509, 0.00 ,0
 0> <info> app: hr,298,18487, 0.00 ,0
 0> <info> app: hr,299,18493, 0.00 ,0
 0> <info> app: hr,300,18481, 0.00 ,0
 0> <info> app: hr,301,18500, 0.00 ,0
 0> <info> app: hr,302,18480, 0.00 ,0
 0> <info> app: hr,303,18489, 0.00 ,0
 0> <info> app: hr,304,18489, 0.00 ,0
 0> <info> app: hr,305,18477, 0.00 ,0
 0> <info> app: hr,306,18477, 0.00 ,0
 0> <info> app: hr,307,18505, 0.00 ,0
 0> <info> app: hr,308,18497, 1.00 ,0
 0> <info> app: hr,309,18483, 1.00 ,0
 0> <info> app: hr,310,18497, 1.00 ,0
 0> <info> app: hr,311,18478, 0.00 ,0
 0> <info> app: hr,312,18488, 0.00 ,0
 0> <info> app: hr,313,18481, 0.00 ,0
 0> <info> app: hr,314,18488, 1.00 ,0
 0> <info> app: hr,315,18508, 1.00 ,0
 0> <info> app: hr,316,18492, 1.00 ,0
 0> <info> app: hr,317,18488, 1.00 ,0
 0> <info> app: hr,318,18490, 1.00 ,0
 0> <info> app: hr,319,18479, 1.00 ,0
 0> <info> app: hr,320,18518, 2.00 ,0
 0> <info> app: hr,321,18467, 2.00 ,0
 0> <info> app: hr,322,18496, 2.00 ,0
 0> <info> app: hr,323,18491, 2.00 ,0
 0> <info> app: hr,324,18480, 1.00 ,0
 0> <info> app: hr,325,18498, 1.00 ,0
 0> <info> app: hr,326,18499, 1.00 ,0
 0> <info> app: hr,327,18472, 1.00 ,0
 0> <info> app: hr,328,18486, 1.00 ,0
 0> <info> app: hr,329,18469, 2.00 ,0
 0> <info> app: hr,330,18514, 2.00 ,0
 0> <info> app: hr,331,18533, 2.00 ,0
 0> <info> app: hr,332,18484, 2.00 ,0
 0> <info> app: hr,333,18483, 2.00 ,0
 0> <info> app: hr,334,18486, 1.00 ,0
 0> <info> app: hr,335,18458, 1.00 ,0
 0> <info> app: hr,336,18515, 1.00 ,0
 0> <info> app: hr,337,18529, 1.00 ,0
 0> <info> app: hr,338,18449, 1.00 ,0
 0> <info> app: hr,339,18477, 1.00 ,0
 0> <info> app: hr,340,18481, 1.00 ,0
 0> <info> app: hr,341,18481, 1.00 ,0
 0> <info> app: hr,342,18499, 1.00 ,0
 0> <info> app: hr,343,18482, 1.00 ,0
 0> <info> app: hr,344,18494, 2.00 ,0
 0> <info> app: hr,345,18490, 2.00 ,0
 0> <info> app: hr,346,18484, 1.00 ,0
 0> <info> app: hr,347,18476, 1.00 ,0
 0> <info> app: hr,348,18492, 1.00 ,0
 0> <info> app: hr,349,18477, 1.00 ,0
 0> <info> app: hr,350,18495, 1.00 ,0
 0> <info> app: hr,351,18476, 1.00 ,0
 0> <info> app: hr,352,18481, 2.00 ,0
 0> <info> app: hr,353,18500, 2.00 ,0
 0> <info> app: hr,354,18472, 2.00 ,0
 0> <info> app: hr,355,18499, 2.00 ,0
 0> <info> app: hr,356,18487, 1.00 ,0
 0> <info> app: hr,357,18473, 1.00 ,0
 0> <info> app: hr,358,18491, 1.00 ,0
 0> <info> app: hr,359,18510, 2.00 ,0
 0> <info> app: hr,360,18475, 2.00 ,0
 0> <info> app: hr,361,18477, 2.00 ,0
 0> <info> app: hr,362,18482, 2.00 ,0
 0> <info> app: hr,363,18483, 2.00 ,0
 0> <info> app: hr,364,18507, 2.00 ,0
 0> <info> app: hr,365,18492, 1.00 ,0
 0> <info> app: hr,366,18445, 1.00 ,0
 0> <info> app: hr,367,18478, 1.00 ,0
 0> <info> app: hr,368,18514, 2.00 ,0
 0> <info> app: hr,369,18494, 2.00 ,0
 0> <info> app: hr,370,18496, 2.00 ,0
 0> <info> app: hr,371,18499, 2.00 ,0
 0> <info> app: hr,372,18462, 2.00 ,0
 0> <info> app: hr,373,18482, 2.00 ,0
 0> <info> app: hr,374,18466, 1.00 ,0
 0> <info> app: hr,375,18487, 1.00 ,0
 0> <info> app: hr,376,18506, 1.00 ,0
 0> <info> app: hr,377,18493, 1.00 ,0
 0> <info> app: hr,378,18493, 1.00 ,0
 0> <info> app: hr,379,18499, 1.00 ,0
 0> <info> app: hr,380,18462, 1.00 ,0
 0> <info> app: hr,381,18516, 1.00 ,0
 0> <info> app: hr,382,18501, 1.00 ,0
 0> <info> app: hr,383,18504, 1.00 ,0
 0> <info> app: hr,384,18530, 1.00 ,0
 0> <info> app: hr,385,18523, 0.00 ,0
 0> <info> app: hr,386,18482, 0.00 ,0
 0> <info> app: hr,387,18477, 0.00 ,0
 0> <info> app: hr,388,18474, 0.00 ,0
 0> <info> app: hr,389,18481, 0.00 ,0
 0> <info> app: hr,390,18515, 0.00 ,0
 0> <info> app: hr,391,18481, 0.00 ,0
 0> <info> app: hr,392,18519, -1.00 ,0
 0> <info> app: hr,393,18503, -1.00 ,0
 0> <info> app: hr,394,18493, -1.00 ,0
 0> <info> app: hr,395,18518, -2.00 ,0
 0> <info> app: hr,396,18496, -2.00 ,0
 0> <info> app: hr,397,18482, -2.00 ,0
 0> <info> app: hr,398,18500, -3.00 ,0
 0> <info> app: hr,399,18470, -2.00 ,0
 0> <info> app: hr,400,18471, -2.00 ,0
 0> <info> app: hr,401,18502, -2.00 ,0
 0> <info> app: hr,402,18496, -2.00 ,0
 0> <info> app: hr,403,18478, -3.00 ,0
 0> <info> app: hr,404,18507, -3.00 ,0
 0> <info> app: hr,405,18487, -3.00 ,0
 0> <info> app: hr,406,18483, -2.00 ,0
 0> <info> app: hr,407,18486, -2.00 ,0
 0> <info> app: hr,408,18496, -2.00 ,0
 0> <info> app: hr,409,18491, -2.00 ,0
 0> <info> app: hr,410,18481, -2.00 ,0
 0> <info> app: hr,411,18490, -2.00 ,0
 0> <info> app: hr,412,18491, -2.00 ,0
 0> <info> app: hr,413,18487, -2.00 ,0
 0> <info> app: hr,414,18507, -1.00 ,0
 0> <info> app: hr,415,18471, -1.00 ,0
 0> <info> app: hr,416,18501, -1.00 ,0
 0> <info> app: hr,417,18489, -1.00 ,0
 0> <info> app: hr,418,18490, -1.00 ,0
 0> <info> app: hr,419,18496, -1.00 ,0
 0> <info> app: hr,420,18495, -1.00 ,0
 0> <info> app: hr,421,18507, -1.00 ,0
 0> <info> app: hr,422,18474, -1.00 ,0
 0> <info> app: hr,423,18485, -1.00 ,0
 0> <info> app: hr,424,18495, -1.00 ,0
 0> <info> app: hr,425,18481, -1.00 ,0
 0> <info> app: hr,426,18481, -1.00 ,0
 0> <info> app: hr,427,18488, 0.00 ,0
 0> <info> app: hr,428,18497, 0.00 ,0
 0> <info> app: hr,429,18505, 0.00 ,0
 0> <info> app: hr,430,18489, 0.00 ,0
 0> <info> app: hr,431,18511, 0.00 ,0
 0> <info> app: hr,432,18492, 0.00 ,0
 0> <info> app: hr,433,18469, 0.00 ,0
 0> <info> app: hr,434,18488, 0.00 ,0
 0> <info> app: hr,435,18487, 0.00 ,0
 0> <info> app: hr,436,18478, 0.00 ,0
 0> <info> app: hr,437,18517, 0.00 ,0
 0> <info> app: hr,438,18486, 0.00 ,0
 0> <info> app: hr,439,18464, 0.00 ,0
 0> <info> app: hr,440,18474, 0.00 ,0
 0> <info> app: hr,441,18478, 0.00 ,0
 0> <info> app: hr,442,18498, 1.00 ,0
 0> <info> app: hr,443,18484, 0.00 ,0
 0> <info> app: hr,444,18494, 0.00 ,0
 0> <info> app: hr,445,18490, 0.00 ,0
 0> <info> app: hr,446,18513, 0.00 ,0
 0> <info> app: hr,447,18492, 0.00 ,0
 0> <info> app: hr,448,18486, 0.00 ,0
 0> <info> app: hr,449,18509, 0.00 ,0
 0> <info> app: hr,450,18499, 0.00 ,0
 0> <info> app: hr,451,18487, 0.00 ,0
 0> <info> app: hr,452,18485, 0.00 ,0
 0> <info> app: hr,453,18492, 0.00 ,0
 0> <info> app: hr,454,18502, 0.00 ,0
 0> <info> app: hr,455,18501, 0.00 ,0
 0> <info> app: hr,456,18508, 0.00 ,0
 0> <info> app: hr,457,18497, 0.00 ,0
 0> <info> app: hr,458,18485, 0.00 ,0
 0> <info> app: hr,459,18485, 0.00 ,0
 0> <info> app: hr,460,18472, 0.00 ,0
 0> <info> app: hr,461,18506, 0.00 ,0
 0> <info> app: hr,462,18465, 0.00 ,0
 0> <info> app: hr,463,18494, 0.00 ,0
 0> <info> app: hr,464,18519, 0.00 ,0
 0> <info> app: hr,465,18488, 0.00 ,0
 0> <info> app: hr,466,18490, 0.00 ,0
 0> <info> app: hr,467,18479, 0.00 ,0
 0> <info> app: hr,468,18476, 0.00 ,0
 0> <info> app: hr,469,18489, 0.00 ,0
 0> <info> app: hr,470,18508, 0.00 ,0
 0> <info> app: hr,471,18520, 0.00 ,0
 0> <info> app: hr,472,18492, 0.00 ,0
 0> <info> app: hr,473,18481, 0.00 ,0
 0> <info> app: hr,474,18476, 0.00 ,0
 0> <info> app: hr,475,18516, 0.00 ,0
 0> <info> app: hr,476,18490, 0.00 ,0
 0> <info> app: hr,477,18512, 0.00 ,0
 0> <info> app: hr,478,18471, 0.00 ,0
 0> <info> app: hr,479,18506, 0.00 ,0
 0> <info> app: hr,480,18498, 0.00 ,0
 0> <info> app: hr,481,18512, -1.00 ,0
 0> <info> app: hr,482,18526, -1.00 ,0
 0> <info> app: hr,483,18489, -1.00 ,0
 0> <info> app: hr,484,18483, -1.00 ,0
 0> <info> app: hr,485,18505, -2.00 ,0
 0> <info> app: hr,486,18489, -1.00 ,0
 0> <info> app: hr,487,18465, -1.00 ,0
 0> <info> app: hr,488,18476, -1.00 ,0
 0> <info> app: hr,489,18478, -1.00 ,0
 0> <info> app: hr,490,18472, -1.00 ,0
 0> <info> app: hr,491,18490, -1.00 ,0
 0> <info> app: hr,492,18456, -1.00 ,0
 0> <info> app: hr,493,18486, 0.00 ,0
 0> <info> app: hr,494,18473, 0.00 ,0
 0> <info> app: hr,495,18469, 0.00 ,0
 0> <info> app: hr,496,18507, 0.00 ,0
 0> <info> app: hr,497,18498, 0.00 ,0
 0> <info> app: hr,498,18478, 0.00 ,0
 0> <info> app: hr,499,18473, 0.00 ,0
 0> <info> app: hr,500,18510, 1.00 ,0
 0> <info> app: hr,501,18497, 1.00 ,0
 0> <info> app: hr,502,18471, 1.00 ,0
 0> <info> app: hr,503,18483, 1.00 ,0
 0> <info> app: hr,504,18467, 2.00 ,0
 0> <info> app: hr,505,18469, 2.00 ,0
 0> <info> app: hr,506,18484, 2.00 ,0
 0> <info> app: hr,507,18495, 2.00 ,0
 0> <info> app: hr,508,18485, 2.00 ,0
 0> <info> app: hr,509,18483, 2.00 ,0
 0> <info> app: hr,510,18492, 2.00 ,0
 0> <info> app: hr,511,18489, 3.00 ,0
 0> <info> app: hr,512,18524, 3.00 ,0
 0> <info> app: hr,513,18497, 3.00 ,0
 0> <info> app: hr,514,18480, 2.00 ,0
 0> <info> app: hr,515,18501, 2.00 ,0
 0> <info> app: hr,516,18478, 2.00 ,0
 0> <info> app: hr,517,18516, 2.00 ,0
 0> <info> app: hr,518,18496, 2.00 ,0
 0> <info> app: hr,519,18496, 2.00 ,0
 0> <info> app: hr,520,18475, 2.00 ,0
 0> <info> app: hr,521,18487, 2.00 ,0
 0> <info> app: hr,522,18501, 1.00 ,0
 0> <info> app: hr,523,18488, 0.00 ,0
 0> <info> app: hr,524,18529, 0.00 ,0
 0> <info> app: hr,525,18473, 0.00 ,0
 0> <info> app: hr,526,18465, 0.00 ,0
 0> <info> app: hr,527,18493, 0.00 ,0
 0> <info> app: hr,528,18495, 0.00 ,0
 0> <info> app: hr,529,18476, 0.00 ,0
 0> <info> app: hr,530,18502, 0.00 ,0
 0> <info> app: hr,531,18493, 0.00 ,0
 0> <info> app: hr,532,18497, 0.00 ,0
 0> <info> app: hr,533,18490, 0.00 ,0
 0> <info> app: hr,534,18510, 0.00 ,0
 0> <info> app: hr,535,18488, 0.00 ,0
 0> <info> app: hr,536,18485, 0.00 ,0
 0> <info> app: hr,537,18464, 0.00 ,0
 0> <info> app: hr,538,18501, 0.00 ,0
 0> <info> app: hr,539,18467, 0.00 ,0
 0> <info> app: hr,540,18473, 0.00 ,0
 0> <info> app: hr,541,18496, 0.00 ,0
 0> <info> app: hr,542,18509, 0.00 ,0
 0> <info> app: hr,543,18484, 0.00 ,0
 0> <info> app: hr,544,18479, 0.00 ,0
 0> <info> app: hr,545,18466, 0.00 ,0
 0> <info> app: hr,546,18495, 0.00 ,0
 0> <info> app: hr,547,18459, 0.00 ,0
 0> <info> app: hr,548,18511, 0.00 ,0
 0> <info> app: hr,549,18529, 0.00 ,0
 0> <info> app: hr,550,18505, 0.00 ,0
 0> <info> app: hr,551,18468, 0.00 ,0
 0> <info> app: hr,552,18521, 0.00 ,0
 0> <info> app: hr,553,18466, 0.00 ,0
 0> <info> app: hr,554,18478, 0.00 ,0
 0> <info> app: hr,555,18493, 0.00 ,0
 0> <info> app: hr,556,18501, 0.00 ,0
 0> <info> app: hr,557,18486, 0.00 ,0
 0> <info> app: hr,558,18496, 0.00 ,0
 0> <info> app: hr,559,18493, 0.00 ,0
 0> <info> app: hr,560,18486, 0.00 ,0
 0> <info> app: hr,561,18501, 0.00 ,0
 0> <info> app: hr,562,18490, 0.00 ,0
 0> <info> app: hr,563,18507, 0.00 ,0
 0> <info> app: hr,564,18491, 0.00 ,0
 0> <info> app: hr,565,18468, -1.00 ,0
 0> <info> app: hr,566,18502, -1.00 ,0
 0> <info> app: hr,567,18481, 0.00 ,0
 0> <info> app: hr,568,18471, 0.00 ,0
 0> <info> app: hr,569,18485, 0.00 ,0
 0> <info> app: hr,570,18512, 0.00 ,0
 0> <info> app: hr,571,18490, 0.00 ,0
 0> <info> app: hr,572,18481, 0.00 ,0
 0> <info> app: hr,573,18497, 0.00 ,0
 0> <info> app: hr,574,18486, 0.00 ,0
 0> <info> app: hr,575,18480, 0.00 ,0
 0> <info> app: hr,576,18487, 0.00 ,0
 0> <info> app: hr,577,18490, 0.00 ,0
 0> <info> app: hr,578,18503, 0.00 ,0
 0> <info> app: hr,579,18492, 0.00 ,0
 0> <info> app: hr,580,18509, 0.00 ,0
 0> <info> app: hr,581,18491, 0.00 ,0
 0> <info> app: hr,582,18494, 0.00 ,0
 0> <info> app: hr,583,18483, 0.00 ,0
 0> <info> app: hr,584,18491, 0.00 ,0
 0> <info> app: hr,585,18480, 0.00 ,0
 0> <info> app: hr,586,18515, 0.00 ,0
 0> <info> app: hr,587,18521, 0.00 ,0
 0> <info> app: hr,588,18502, 0.00 ,0
 0> <info> app: hr,589,18491, 0.00 ,0
 0> <info> app: hr,590,18462, -1.00 ,0
 0> <info> app: hr,591,18472, -1.00 ,0
 0> <info> app: hr,592,18498, -1.00 ,0
 0> <info> app: hr,593,18478, -1.00 ,0
 0> <info> app: hr,594,18505, -1.00 ,0
 0> <info> app: hr,595,18486, -1.00 ,0
 0> <info> app: hr,596,18500, 0.00 ,0
 0> <info> app: hr,597,18511, 0.00 ,0
 0> <info> app: hr,598,18463, 0.00 ,0
 0> <info> app: hr,599,18500, 0.00 ,0
 0> <info> app: hr,600,18499, 0.00 ,0
 0> <info> app: hr,601,18467, 0.00 ,0
 0> <info> app: hr,602,18513, 0.00 ,0
 0> <info> app: hr,603,18483, 0.00 ,0
 0> <info> app: hr,604,18492, 0.00 ,0
 0> <info> app: hr,605,18489, 0.00 ,0
 0> <info> app: hr,606,18518, 0.00 ,0
 0> <info> app: hr,607,18477, 0.00 ,0
 0> <info> app: hr,608,18484, 0.00 ,0
 0> <info> app: hr,609,18492, 0.00 ,0
 0> <info> app: hr,610,18505, 0.00 ,0
 0> <info> app: hr,611,18466, 0.00 ,0
 0> <info> app: hr,612,18469, 0.00 ,0
 0> <info> app: hr,613,18505, 0.00 ,0
 0> <info> app: hr,614,18493, 0.00 ,0
 0> <info> app: hr,615,18477, 0.00 ,0
 0> <info> app: hr,616,18491, 0.00 ,0
 0> <info> app: hr,617,18477, 0.00 ,0
 0> <info> app: hr,618,18487, 0.00 ,0
 0> <info> app: hr,619,18462, 0.00 ,0
 0> <info> app: hr,620,18485, 0.00 ,0
 0> <info> app: hr,621,18491, 0.00 ,0
 0> <info> app: hr,622,18500, 0.00 ,0
 0> <info> app: hr,623,18480, 0.00 ,0
 0> <info> app: hr,624,18490, 1.00 ,0
 0> <info> app: hr,625,18499, 1.00 ,0
 0> <info> app: hr,626,18494, 1.00 ,0
 0> <info> app: hr,627,18469, 1.00 ,0
 0> <info> app: hr,628,18499, 1.00 ,0
 0> <info> app: hr,629,18480, 1.00 ,0
 0> <info> app: hr,630,18469, 1.00 ,0
 0> <info> app: hr,631,18491, 2.00 ,0
 0> <info> app: hr,632,18482, 1.00 ,0
 0> <info> app: hr,633,18479, 1.00 ,0
 0> <info> app: hr,634,18476, 1.00 ,0
 0> <info> app: hr,635,18449, 2.00 ,0
 0> <info> app: hr,636,18492, 2.00 ,0
 0> <info> app: hr,637,18493, 2.00 ,0
 0> <info> app: hr,638,18484, 2.00 ,0
 0> <info> app: hr,639,18486, 3.00 ,0
 0> <info> app: hr,640,18465, 3.00 ,0
 0> <info> app: hr,641,18477, 2.00 ,0
 0> <info> app: hr,642,18496, 3.00 ,0
 0> <info> app: hr,643,18478, 3.00 ,0
 0> <info> app: hr,644,18485, 3.00 ,0
 0> <info> app: hr,645,18491, 3.00 ,0
 0> <info> app: hr,646,18478, 3.00 ,0
 0> <info> app: hr,647,18484, 3.00 ,0
 0> <info> app: hr,648,18492, 3.00 ,0
 0> <info> app: hr,649,18464, 3.00 ,0
 0> <info> app: hr,650,18483, 3.00 ,0
 0> <info> app: hr,651,18464, 3.00 ,0
 0> <info> app: hr,652,18478, 4.00 ,0
 0> <info> app: hr,653,18510, 3.00 ,0
 0> <info> app: hr,654,18469, 3.00 ,0
 0> <info> app: hr,655,18529, 3.00 ,0
 0> <info> app: hr,656,18474, 3.00 ,0
 0> <info> app: hr,657,18482, 3.00 ,0
 0> <info> app: hr,658,18511, 2.00 ,0
 0> <info> app: hr,659,18493, 2.00 ,0
 0> <info> app: hr,660,18457, 2.00 ,0
 0> <info> app: hr,661,18456, 2.00 ,0
 0> <info> app: hr,662,18497, 2.00 ,0
 0> <info> app: hr,663,18493, 2.00 ,0
 0> <info> app: hr,664,18493, 2.00 ,0
 0> <info> app: hr,665,18478, 2.00 ,0
 0> <info> app: hr,666,18462, 1.00 ,0
 0> <info> app: hr,667,18464, 1.00 ,0
 0> <info> app: hr,668,18502, 1.00 ,0
 0> <info> app: hr,669,18468, 1.00 ,0
 0> <info> app: hr,670,18495, 2.00 ,0
 0> <info> app: hr,671,18483, 2.00 ,0
 0> <info> app: hr,672,18479, 2.00 ,0
 0> <info> app: hr,673,18463, 2.00 ,0
 0> <info> app: hr,674,18468, 2.00 ,0
 0> <info> app: hr,675,18487, 2.00 ,0
 0> <info> app: hr,676,18477, 1.00 ,0
 0> <info> app: hr,677,18472, 1.00 ,0
 0> <info> app: hr,678,18488, 1.00 ,0
 0> <info> app: hr,679,18476, 2.00 ,0
 0> <info> app: hr,680,18483, 2.00 ,0
 0> <info> app: hr,681,18491, 2.00 ,0
 0> <info> app: hr,682,18479, 2.00 ,0
 0> <info> app: hr,683,18501, 2.00 ,0
 0> <info> app: hr,684,18493, 2.00 ,0
 0> <info> app: hr,685,18483, 1.00 ,0
 0> <info> app: hr,686,18471, 1.00 ,0
 0> <info> app: hr,687,18466, 1.00 ,0
 0> <info> app: hr,688,18491, 1.00 ,0
 0> <info> app: hr,689,18463, 1.00 ,0
 0> <info> app: hr,690,18509, 1.00 ,0
 0> <info> app: hr,691,18477, 1.00 ,0
 0> <info> app: hr,692,18476, 1.00 ,0
 0> <info> app: hr,693,18475, 1.00 ,0
 0> <info> app: hr,694,18502, 1.00 ,0
 0> <info> app: hr,695,18494, 1.00 ,0
 0> <info> app: hr,696,18474, 1.00 ,0
 0> <info> app: hr,697,18490, 1.00 ,0
 0> <info> app: hr,698,18488, 0.00 ,0
 0> <info> app: hr,699,18479, 0.00 ,0
 0> <info> app: hr,700,18492, 0.00 ,0
 0> <info> app: hr,701,18476, 0.00 ,0
 0> <info> app: hr,702,18478, 0.00 ,0
 0> <info> app: hr,703,18507, 0.00 ,0
 0> <info> app: hr,704,18463, 0.00 ,0
 0> <info> app: hr,705,18490, 0.00 ,0
 0> <info> app: hr,706,18515, 0.00 ,0
 0> <info> app: hr,707,18461, 0.00 ,0
 0> <info> app: hr,708,18486, 0.00 ,0
 0> <info> app: hr,709,18483, 0.00 ,0
 0> <info> app: hr,710,18472, 0.00 ,0
 0> <info> app: hr,711,18489, 0.00 ,0
 0> <info> app: hr,712,18503, 0.00 ,0
 0> <info> app: hr,713,18462, -1.00 ,0
 0> <info> app: hr,714,18475, -1.00 ,0
 0> <info> app: hr,715,18501, -1.00 ,0
 0> <info> app: hr,716,18513, 0.00 ,0
 0> <info> app: hr,717,18489, 0.00 ,0
 0> <info> app: hr,718,18503, 0.00 ,0
 0> <info> app: hr,719,18465, 0.00 ,0
 0> <info> app: hr,720,18491, -1.00 ,0
 0> <info> app: hr,721,18488, -1.00 ,0
 0> <info> app: hr,722,18479, -1.00 ,0
 0> <info> app: hr,723,18498, -1.00 ,0
 0> <info> app: hr,724,18489, -1.00 ,0
 0> <info> app: hr,725,18488, -1.00 ,0
 0> <info> app: hr,726,18471, -1.00 ,0
 0> <info> app: hr,727,18493, -2.00 ,0
 0> <info> app: hr,728,18514, -2.00 ,0
 0> <info> app: hr,729,18466, -2.00 ,0
 0> <info> app: hr,730,18499, -1.00 ,0
 0> <info> app: hr,731,18482, -1.00 ,0
 0> <info> app: hr,732,18495, -1.00 ,0
 0> <info> app: hr,733,18472, -2.00 ,0
 0> <info> app: hr,734,18481, -2.00 ,0
 0> <info> app: hr,735,18517, -2.00 ,0
 0> <info> app: hr,736,18462, -2.00 ,0
 0> <info> app: hr,737,18491, -2.00 ,0
 0> <info> app: hr,738,18480, -2.00 ,0
 0> <info> app: hr,739,18483, -1.00 ,0
 0> <info> app: hr,740,18514, -1.00 ,0
 0> <info> app: hr,741,18469, -1.00 ,0
 0> <info> app: hr,742,18468, -1.00 ,0
 0> <info> app: hr,743,18490, -1.00 ,0
 0> <info> app: hr,744,18491, -1.00 ,0
 0> <info> app: hr,745,18497, -1.00 ,0
 0> <info> app: hr,746,18499, -1.00 ,0
 0> <info> app: hr,747,18448, -1.00 ,0
 0> <info> app: hr,748,18498, -1.00 ,0
 0> <info> app: hr,749,18440, -1.00 ,0
 0> <info> app: hr,750,18490, -1.00 ,0
 0> <info> app: hr,751,18501, -1.00 ,0
 0> <info> app: hr,752,18466, -1.00 ,0
 0> <info> app: hr,753,18494, 0.00 ,0
 0> <info> app: hr,754,18485, 0.00 ,0
 0> <info> app: hr,755,18480, 0.00 ,0
 0> <info> app: hr,756,18474, 0.00 ,0
 0> <info> app: hr,757,18484, 0.00 ,0
 0> <info> app: hr,758,18489, 0.00 ,0
 0> <info> app: hr,759,18491, 0.00 ,0
 0> <info> app: hr,760,18463, 0.00 ,0
 0> <info> app: hr,761,18494, 0.00 ,0
 0> <info> app: hr,762,18486, 0.00 ,0
 0> <info> app: hr,763,18457, 1.00 ,0
 0> <info> app: hr,764,18503, 1.00 ,0
 0> <info> app: hr,765,18500, 1.00 ,0
 0> <info> app: hr,766,18481, 0.00 ,0
 0> <info> app: hr,767,18484, 0.00 ,0
 0> <info> app: hr,768,18473, 0.00 ,0
 0> <info> app: hr,769,18502, 0.00 ,0
 0> <info> app: hr,770,18505, 0.00 ,0
 0> <info> app: hr,771,18484, 0.00 ,0
 0> <info> app: hr,772,18477, 0.00 ,0
 0> <info> app: hr,773,18461, 0.00 ,0
 0> <info> app: hr,774,18448, 0.00 ,0
 0> <info> app: hr,775,18493, 0.00 ,0
 0> <info> app: hr,776,18484, 0.00 ,0
 0> <info> app: hr,777,18482, 1.00 ,0
 0> <info> app: hr,778,18493, 1.00 ,0
 0> <info> app: hr,779,18488, 1.00 ,0
 0> <info> app: hr,780,18479, 1.00 ,0
 0> <info> app: hr,781,18473, 1.00 ,0
 0> <info> app: hr,782,18483, 1.00 ,0
 0> <info> app: hr,783,18453, 1.00 ,0
 0> <info> app: hr,784,18481, 1.00 ,0
 0> <info> app: hr,785,18463, 2.00 ,0
 0> <info> app: hr,786,18461, 1.00 ,0
 0> <info> app: hr,787,18511, 1.00 ,0
 0> <info> app: hr,788,18462, 1.00 ,0
 0> <info> app: hr,789,18480, 2.00 ,0
 0> <info> app: hr,790,18467, 2.00 ,0
 0> <info> app: hr,791,18462, 2.00 ,0
 0> <info> app: hr,792,18467, 2.00 ,0
 0> <info> app: hr,793,18477, 3.00 ,0
 0> <info> app: hr,794,18493, 3.00 ,0
 0> <info> app: hr,795,18457, 2.00 ,0
 0> <info> app: hr,796,18475, 3.00 ,0
 0> <info> app: hr,797,18498, 3.00 ,0
 0> <info> app: hr,798,18491, 3.00 ,0
 0> <info> app: hr,799,18498, 3.00 ,0
 0> <info> app: hr,800,18470, 3.00 ,0
 0> <info> app: hr,801,18481, 2.00 ,0
 0> <info> app: hr,802,18494, 3.00 ,0
 0> <info> app: hr,803,18491, 3.00 ,0
 0> <info> app: hr,804,18520, 2.00 ,0
 0> <info> app: hr,805,18498, 2.00 ,0
 0> <info> app: hr,806,18472, 2.00 ,0
 0> <info> app: hr,807,18493, 2.00 ,0
 0> <info> app: hr,808,18498, 1.00 ,0
 0> <info> app: hr,809,18496, 0.00 ,0
 0> <info> app: hr,810,18461, 0.00 ,0
 0> <info> app: hr,811,18472, 0.00 ,0
 0> <info> app: hr,812,18495, 0.00 ,0
 0> <info> app: hr,813,18480, 0.00 ,0
 0> <info> app: hr,814,18469, 0.00 ,0
 0> <info> app: hr,815,18463, 0.00 ,0
 0> <info> app: hr,816,18463, 0.00 ,0
 0> <info> app: hr,817,18470, 0.00 ,0
 0> <info> app: hr,818,18477, 0.00 ,0
 0> <info> app: hr,819,18462, 0.00 ,0
 0> <info> app: hr,820,18454, 0.00 ,0
 0> <info> app: hr,821,18479, 0.00 ,0
 0> <info> app: hr,822,18484, 0.00 ,0
 0> <info> app: hr,823,18463, 0.00 ,0
 0> <info> app: hr,824,18503, 0.00 ,0
 0> <info> app: hr,825,18467, 1.00 ,0
 0> <info> app: hr,826,18468, 1.00 ,0
 0> <info> app: hr,827,18473, 1.00 ,0
 0> <info> app: hr,828,18471, 1.00 ,0
 0> <info> app: hr,829,18490, 1.00 ,0
 0> <info> app: hr,830,18486, 2.00 ,0
 0> <info> app: hr,831,18481, 2.00 ,0
 0> <info> app: hr,832,18501, 1.00 ,0
 0> <info> app: hr,833,18497, 1.00 ,0
 0> <info> app: hr,834,18461, 1.00 ,0
 0> <info> app: hr,835,18459, 1.00 ,0
 0> <info> app: hr,836,18451, 1.00 ,0
 0> <info> app: hr,837,18481, 1.00 ,0
 0> <info> app: hr,838,18479, 1.00 ,0
 0> <info> app: hr,839,18471, 1.00 ,0
 0> <info> app: hr,840,18482, 1.00 ,0
 0> <info> app: hr,841,18484, 2.00 ,0
 0> <info> app: hr,842,18488, 2.00 ,0
 0> <info> app: hr,843,18475, 2.00 ,0
 0> <info> app: hr,844,18506, 1.00 ,0
 0> <info> app: hr,845,18491, 1.00 ,0
 0> <info> app: hr,846,18501, 1.00 ,0
 0> <info> app: hr,847,18464, 0.00 ,0
 0> <info> app: hr,848,18488, 0.00 ,0
 0> <info> app: hr,849,18507, 0.00 ,0
 0> <info> app: hr,850,18493, 0.00 ,0
 0> <info> app: hr,851,18486, 0.00 ,0
 0> <info> app: hr,852,18472, 0.00 ,0
 0> <info> app: hr,853,18449, 0.00 ,0
 0> <info> app: hr,854,18466, 0.00 ,0
 0> <info> app: hr,855,18499, 0.00 ,0
 0> <info> app: hr,856,18460, 0.00 ,0
 0> <info> app: hr,857,18495, 0.00 ,0
 0> <info> app: hr,858,18484, 0.00 ,0
 0> <info> app: hr,859,18469, 0.00 ,0
 0> <info> app: hr,860,18488, 0.00 ,0
 0> <info> app: hr,861,18458, 0.00 ,0
 0> <info> app: hr,862,18483, 0.00 ,0
 0> <info> app: hr,863,18472, 0.00 ,0
 0> <info> app: hr,864,18451, 0.00 ,0
 0> <info> app: hr,865,18486, 0.00 ,0
 0> <info> app: hr,866,18471, 0.00 ,0
 0> <info> app: hr,867,18470, 0.00 ,0
 0> <info> app: hr,868,18465, 0.00 ,0
 0> <info> app: hr,869,18469, 0.00 ,0
 0> <info> app: hr,870,18489, 0.00 ,0
 0> <info> app: hr,871,18476, 0.00 ,0
 0> <info> app: hr,872,18454, 0.00 ,0
 0> <info> app: hr,873,18482, 0.00 ,0
 0> <info> app: hr,874,18489, 0.00 ,0
 0> <info> app: hr,875,18481, 1.00 ,0
 0> <info> app: hr,876,18483, 1.00 ,0
 0> <info> app: hr,877,18485, 1.00 ,0
 0> <info> app: hr,878,18456, 1.00 ,0
 0> <info> app: hr,879,18502, 1.00 ,0
 0> <info> app: hr,880,18485, 1.00 ,0
 0> <info> app: hr,881,18511, 1.00 ,0
 0> <info> app: hr,882,18487, 1.00 ,0
 0> <info> app: hr,883,18489, 1.00 ,0
 0> <info> app: hr,884,18479, 1.00 ,0
 0> <info> app: hr,885,18508, 0.00 ,0
 0> <info> app: hr,886,18485, 0.00 ,0
 0> <info> app: hr,887,18460, 0.00 ,0
 0> <info> app: hr,888,18489, 0.00 ,0
 0> <info> app: hr,889,18486, -1.00 ,0
 0> <info> app: hr,890,18498, 0.00 ,0
 0> <info> app: hr,891,18477, 0.00 ,0
 0> <info> app: hr,892,18485, 0.00 ,0
 0> <info> app: hr,893,18473, 0.00 ,0
 0> <info> app: hr,894,18464, -1.00 ,0
 0> <info> app: hr,895,18458, -1.00 ,0
 0> <info> app: hr,896,18505, -1.00 ,0
 0> <info> app: hr,897,18483, -1.00 ,0
 0> <info> app: hr,898,18467, -1.00 ,0
 0> <info> app: hr,899,18494, -1.00 ,0
 0> <info> app: hr,900,18475, -1.00 ,0
 0> <info> app: hr,901,18470, -1.00 ,0
 0> <info> app: hr,902,18495, -1.00 ,0
 0> <info> app: hr,903,18500, -1.00 ,0
 0> <info> app: hr,904,18468, -1.00 ,0
 0> <info> app: hr,905,18468, -2.00 ,0
 0> <info> app: hr,906,18475, -1.00 ,0
 0> <info> app: hr,907,18466, -1.00 ,0
 0> <info> app: hr,908,18467, 0.00 ,0
 0> <info> app: hr,909,18466, 0.00 ,0
 0> <info> app: hr,910,18488, 0.00 ,0
 0> <info> app: hr,911,18464, 0.00 ,0
 0> <info> app: hr,912,18467, 0.00 ,0
 0> <info> app: hr,913,18508, 0.00 ,0
 0> <info> app: hr,914,18455, 0.00 ,0
 0> <info> app: hr,915,18475, 0.00 ,0
 0> <info> app: hr,916,18482, 0.00 ,0
 0> <info> app: hr,917,18488, 0.00 ,0
 0> <info> app: hr,918,18510, 0.00 ,0
 0> <info> app: hr,919,18485, 0.00 ,0
 0> <info> app: hr,920,18458, 0.00 ,0
 0> <info> app: hr,921,18482, 0.00 ,0
 0> <info> app: hr,922,18443, 0.00 ,0
 0> <info> app: hr,923,18493, 0.00 ,0
 0> <info> app: hr,924,18517, 0.00 ,0
 0> <info> app: hr,925,18473, 0.00 ,0
 0> <info> app: hr,926,18448, 0.00 ,0
 0> <info> app: hr,927,18469, 0.00 ,0
 0> <info> app: hr,928,18481, 0.00 ,0
 0> <info> app: hr,929,18472, 1.00 ,0
 0> <info> app: hr,930,18483, 1.00 ,0
 0> <info> app: hr,931,18472, 1.00 ,0
 0> <info> app: hr,932,18489, 1.00 ,0
 0> <info> app: hr,933,18476, 1.00 ,0
 0> <info> app: hr,934,18491, 0.00 ,0
 0> <info> app: hr,935,18464, 0.00 ,0
 0> <info> app: hr,936,18461, 0.00 ,0
 0> <info> app: hr,937,18483, 0.00 ,0
 0> <info> app: hr,938,18469, 0.00 ,0
 0> <info> app: hr,939,18473, 0.00 ,0
 0> <info> app: hr,940,18464, 1.00 ,0
 0> <info> app: hr,941,18479, 1.00 ,0
 0> <info> app: hr,942,18473, 1.00 ,0
 0> <info> app: hr,943,18454, 1.00 ,0
 0> <info> app: hr,944,18476, 1.00 ,0
 0> <info> app: hr,945,18477, 2.00 ,0
 0> <info> app: hr,946,18453, 2.00 ,0
 0> <info> app: hr,947,18474, 2.00 ,0
 0> <info> app: hr,948,18467, 1.00 ,0
 0> <info> app: hr,949,18464, 2.00 ,0
 0> <info> app: hr,950,18478, 2.00 ,0
 0> <info> app: hr,951,18473, 2.00 ,0
 0> <info> app: hr,952,18470, 2.00 ,0
 0> <info> app: hr,953,18485, 3.00 ,0
 0> <info> app: hr,954,18472, 3.00 ,0
 0> <info> app: hr,955,18484, 3.00 ,0
 0> <info> app: hr,956,18496, 2.00 ,0
 0> <info> app: hr,957,18481, 2.00 ,0
 0> <info> app: hr,958,18497, 2.00 ,0
 0> <info> app: hr,959,18470, 2.00 ,0
 0> <info> app: hr,960,18463, 2.00 ,0
 0> <info> app: hr,961,18468, 2.00 ,0
 0> <info> app: hr,962,18504, 2.00 ,0
 0> <info> app: hr,963,18475, 2.00 ,0
 0> <info> app: hr,964,18495, 1.00 ,0
 0> <info> app: hr,965,18443, 1.00 ,0
 0> <info> app: hr,966,18488, 1.00 ,0
 0> <info> app: hr,967,18462, 1.00 ,0
 0> <info> app: hr,968,18474, 1.00 ,0
 0> <info> app: hr,969,18473, 1.00 ,0
 0> <info> app: hr,970,18475, 1.00 ,0
 0> <info> app: hr,971,18513, 1.00 ,0
 0> <info> app: hr,972,18472, 0.00 ,0
 0> <info> app: hr,973,18433, 0.00 ,0
 0> <info> app: hr,974,18482, 0.00 ,0
 0> <info> app: hr,975,18473, 0.00 ,0
 0> <info> app: hr,976,18457, 0.00 ,0
 0> <info> app: hr,977,18481, 0.00 ,0
 0> <info> app: hr,978,18465, 1.00 ,0
 0> <info> app: hr,979,18469, 1.00 ,0
 0> <info> app: hr,980,18492, 1.00 ,0
 0> <info> app: hr,981,18446, 1.00 ,0
 0> <info> app: hr,982,18488, 0.00 ,0
 0> <info> app: hr,983,18455, 0.00 ,0
 0> <info> app: hr,984,18479, 0.00 ,0
 0> <info> app: hr,985,18487, 0.00 ,0
 0> <info> app: hr,986,18487, 0.00 ,0
 0> <info> app: hr,987,18477, 0.00 ,0
 0> <info> app: hr,988,18456, 0.00 ,0
 0> <info> app: hr,989,18477, 0.00 ,0
 0> <info> app: hr,990,18475, 0.00 ,0
 0> <info> app: hr,991,18463, 0.00 ,0
 0> <info> app: hr,992,18497, 0.00 ,0
 0> <info> app: hr,993,18452, 1.00 ,0
 0> <info> app: hr,994,18486, 1.00 ,0
 0> <info> app: hr,995,18472, 1.00 ,0
 0> <info> app: hr,996,18485, 1.00 ,0
 0> <info> app: hr,997,18476, 1.00 ,0
 0> <info> app: hr,998,18462, 1.00 ,0
 0> <info> app: hr,999,18480, 1.00 ,0
 0> <info> app: hr,1000,18468, 1.00 ,0
 0> <info> app: hr,1001,18490, 1.00 ,0
 0> <info> app: hr,1002,18465, 0.00 ,0
 0> <info> app: hr,1003,18466, 0.00 ,0
 0> <info> app: hr,1004,18474, 0.00 ,0
 0> <info> app: hr,1005,18476, 0.00 ,0
 0> <info> app: hr,1006,18472, 0.00 ,0
 0> <info> app: hr,1007,18454, 0.00 ,0
 0> <info> app: hr,1008,18452, 0.00 ,0
 0> <info> app: hr,1009,18494, 0.00 ,0
 0> <info> app: hr,1010,18466, 0.00 ,0
 0> <info> app: hr,1011,18489, 0.00 ,0
 0> <info> app: hr,1012,18479, 0.00 ,0
 0> <info> app: hr,1013,18468, 0.00 ,0
 0> <info> app: hr,1014,18489, 0.00 ,0
 0> <info> app: hr,1015,18483, 0.00 ,0
 0> <info> app: hr,1016,18481, 0.00 ,0
 0> <info> app: hr,1017,18462, 0.00 ,0
 0> <info> app: hr,1018,18471, 0.00 ,0

# Logging stopped @ 23 Nov 2018 11:33:19
