# SEGGER J-Link RTT Viewer V6.16a Terminal Log File
# Compiled: 12:44:10 on Jun  6 2017
# Logging started @ 23 Nov 2018 11:38:43
 0> <info> app: ***********  Application started  ***********
 0> 
 0> <info> app: [OK] NRF Power ON 0x0004. 
 0> <info> app: Read MAC:CC34D2110EF6
 0> <info> app: ***********  Sensor initial ***********
 0> <info> app: [OK]	BMI160
 0> <info> app: [OK]	SETUP ACC
 0> <info> app: [OK]	SETUP STEP COUNT
 0> <info> app: [OK]	FLASH MEMORY
 0> <info> app: [OK]	OLED Initial
 0> <info> app: [OK]	Max30102 Initial, Temperature 33.62
 0> <info> app: ********** End sensor initial *********
 0> 
 0> <info> app: Max30102 Found
 0> 
 0> <info> app: HR Begin
 0> 
 0> <info> app: 1019
 0> <info> app: hr,0,22577, 2147483647.2147483647 ,0
 0> <info> app: hr,1,22543, 2147483647.2147483647 ,0
 0> <info> app: hr,2,22535, 2147483647.2147483647 ,0
 0> <info> app: hr,3,22554, 2147483647.2147483647 ,193
 0> <info> app: hr,4,22549, 2147483647.2147483647 ,0
 0> <info> app: hr,5,22549, 2147483647.2147483647 ,0
 0> <info> app: hr,6,22571, 2147483647.2147483647 ,0
 0> <info> app: hr,7,22583, 2147483647.2147483647 ,193
 0> <info> app: hr,8,22566, 2147483647.2147483647 ,0
 0> <info> app: hr,9,22567, 3.00 ,0
 0> <info> app: hr,10,22561, 1.00 ,224
 0> <info> app: hr,11,22549, 1.00 ,192
 0> <info> app: hr,12,22587, 1.00 ,0
 0> <info> app: hr,13,22554, 1.00 ,0
 0> <info> app: hr,14,22557, 1.00 ,224
 0> <info> app: hr,15,22600, 1.00 ,192
 0> <info> app: hr,16,22576, 0.00 ,0
 0> <info> app: hr,17,22574, 0.00 ,0
 0> <info> app: hr,18,22565, 0.00 ,0
 0> <info> app: hr,19,22558, 0.00 ,193
 0> <info> app: hr,20,22571, 0.00 ,0
 0> <info> app: hr,21,22563, -1.00 ,0
 0> <info> app: hr,22,22559, -1.00 ,224
 0> <info> app: hr,23,22577, -1.00 ,192
 0> <info> app: hr,24,22559, -2.00 ,0
 0> <info> app: hr,25,22562, -2.00 ,0
 0> <info> app: hr,26,22556, -2.00 ,224
 0> <info> app: hr,27,22568, -3.00 ,192
 0> <info> app: hr,28,22577, -2.00 ,0
 0> <info> app: hr,29,22570, -2.00 ,0
 0> <info> app: hr,30,22562, -3.00 ,224
 0> <info> app: hr,31,22546, -3.00 ,192
 0> <info> app: hr,32,22558, -3.00 ,0
 0> <info> app: hr,33,22548, -3.00 ,0
 0> <info> app: hr,34,22579, -2.00 ,192
 0> <info> app: hr,35,22572, -3.00 ,192
 0> <info> app: hr,36,22596, -3.00 ,0
 0> <info> app: hr,37,22556, -3.00 ,0
 0> <info> app: hr,38,22564, -3.00 ,192
 0> <info> app: hr,39,22572, -4.00 ,192
 0> <info> app: hr,40,22586, -3.00 ,0
 0> <info> app: hr,41,22573, -3.00 ,0
 0> <info> app: hr,42,22585, -4.00 ,192
 0> <info> app: hr,43,22555, -4.00 ,192
 0> <info> app: hr,44,22556, -4.00 ,0
 0> <info> app: hr,45,22567, -3.00 ,0
 0> <info> app: hr,46,22583, -4.00 ,160
 0> <info> app: hr,47,22575, -4.00 ,192
 0> <info> app: hr,48,22583, -4.00 ,0
 0> <info> app: hr,49,22551, -5.00 ,0
 0> <info> app: hr,50,22557, -4.00 ,160
 0> <info> app: hr,51,22579, -4.00 ,192
 0> <info> app: hr,52,22563, -4.00 ,0
 0> <info> app: hr,53,22560, -4.00 ,0
 0> <info> app: hr,54,22576, -4.00 ,160
 0> <info> app: hr,55,22551, -4.00 ,192
 0> <info> app: hr,56,22569, -4.00 ,0
 0> <info> app: hr,57,22533, -4.00 ,0
 0> <info> app: hr,58,22582, -3.00 ,128
 0> <info> app: hr,59,22574, -3.00 ,192
 0> <info> app: hr,60,22587, -3.00 ,0
 0> <info> app: hr,61,22561, -3.00 ,0
 0> <info> app: hr,62,22600, -3.00 ,128
 0> <info> app: hr,63,22596, -3.00 ,192
 0> <info> app: hr,64,22601, -3.00 ,0
 0> <info> app: hr,65,22563, -3.00 ,0
 0> <info> app: hr,66,22568, -3.00 ,64
 0> <info> app: hr,67,22597, -4.00 ,192
 0> <info> app: hr,68,22592, -4.00 ,0
 0> <info> app: hr,69,22615, -3.00 ,0
 0> <info> app: hr,70,22588, -4.00 ,64
 0> <info> app: hr,71,22574, -5.00 ,192
 0> <info> app: hr,72,22584, -5.00 ,0
 0> <info> app: hr,73,22588, -5.00 ,0
 0> <info> app: hr,74,22594, -5.00 ,0
 0> <info> app: hr,75,22593, -6.00 ,192
 0> <info> app: hr,76,22588, -6.00 ,0
 0> <info> app: hr,77,22577, -6.00 ,0
 0> <info> app: hr,78,22556, -7.00 ,0
 0> <info> app: hr,79,22591, -7.00 ,0
 0> <info> app: hr,80,22565, -7.00 ,0
 0> <info> app: hr,81,22585, -7.00 ,0
 0> <info> app: hr,82,22596, -6.00 ,0
 0> <info> app: hr,83,22571, -7.00 ,0
 0> <info> app: hr,84,22576, -7.00 ,0
 0> <info> app: hr,85,22538, -6.00 ,0
 0> <info> app: hr,86,22579, -7.00 ,0
 0> <info> app: hr,87,22580, -7.00 ,0
 0> <info> app: hr,88,22571, -6.00 ,0
 0> <info> app: hr,89,22582, -6.00 ,0
 0> <info> app: hr,90,22555, -6.00 ,0
 0> <info> app: hr,91,22542, -5.00 ,0
 0> <info> app: hr,92,22579, -5.00 ,0
 0> <info> app: hr,93,22584, -5.00 ,0
 0> <info> app: hr,94,22573, -4.00 ,0
 0> <info> app: hr,95,22589, -4.00 ,0
 0> <info> app: hr,96,22588, -4.00 ,0
 0> <info> app: hr,97,22579, -4.00 ,0
 0> <info> app: hr,98,22600, -4.00 ,0
 0> <info> app: hr,99,22577, -3.00 ,0
 0> <info> app: hr,100,22580, -3.00 ,0
 0> <info> app: hr,101,22562, -3.00 ,0
 0> <info> app: hr,102,22561, -3.00 ,0
 0> <info> app: hr,103,22578, -3.00 ,0
 0> <info> app: hr,104,22545, -2.00 ,0
 0> <info> app: hr,105,22575, -1.00 ,0
 0> <info> app: hr,106,22562, -1.00 ,0
 0> <info> app: hr,107,22559, -1.00 ,0
 0> <info> app: hr,108,22575, -1.00 ,0
 0> <info> app: hr,109,22561, -1.00 ,0
 0> <info> app: hr,110,22581, 0.00 ,0
 0> <info> app: hr,111,22556, 0.00 ,0
 0> <info> app: hr,112,22563, 0.00 ,0
 0> <info> app: hr,113,22561, 0.00 ,0
 0> <info> app: hr,114,22549, 0.00 ,0
 0> <info> app: hr,115,22560, 0.00 ,0
 0> <info> app: hr,116,22592, 1.00 ,0
 0> <info> app: hr,117,22558, 1.00 ,0
 0> <info> app: hr,118,22536, 2.00 ,0
 0> <info> app: hr,119,22555, 2.00 ,0
 0> <info> app: hr,120,22561, 3.00 ,0
 0> <info> app: hr,121,22584, 3.00 ,0
 0> <info> app: hr,122,22581, 3.00 ,0
 0> <info> app: hr,123,22574, 3.00 ,0
 0> <info> app: hr,124,22577, 3.00 ,0
 0> <info> app: hr,125,22557, 4.00 ,0
 0> <info> app: hr,126,22527, 4.00 ,0
 0> <info> app: hr,127,22561, 3.00 ,0
 0> <info> app: hr,128,22569, 4.00 ,0
 0> <info> app: hr,129,22566, 4.00 ,0
 0> <info> app: hr,130,22565, 4.00 ,0
 0> <info> app: hr,131,22529, 5.00 ,0
 0> <info> app: hr,132,22554, 4.00 ,0
 0> <info> app: hr,133,22574, 5.00 ,0
 0> <info> app: hr,134,22565, 5.00 ,0
 0> <info> app: hr,135,22538, 5.00 ,0
 0> <info> app: hr,136,22561, 5.00 ,0
 0> <info> app: hr,137,22600, 6.00 ,0
 0> <info> app: hr,138,22568, 6.00 ,0
 0> <info> app: hr,139,22585, 5.00 ,0
 0> <info> app: hr,140,22562, 5.00 ,0
 0> <info> app: hr,141,22579, 5.00 ,0
 0> <info> app: hr,142,22551, 5.00 ,0
 0> <info> app: hr,143,22552, 5.00 ,0
 0> <info> app: hr,144,22548, 5.00 ,0
 0> <info> app: hr,145,22571, 5.00 ,0
 0> <info> app: hr,146,22532, 4.00 ,0
 0> <info> app: hr,147,22557, 5.00 ,0
 0> <info> app: hr,148,22564, 5.00 ,0
 0> <info> app: hr,149,22547, 5.00 ,0
 0> <info> app: hr,150,22546, 4.00 ,0
 0> <info> app: hr,151,22561, 5.00 ,0
 0> <info> app: hr,152,22565, 5.00 ,0
 0> <info> app: hr,153,22554, 5.00 ,0
 0> <info> app: hr,154,22573, 5.00 ,0
 0> <info> app: hr,155,22571, 5.00 ,0
 0> <info> app: hr,156,22578, 5.00 ,0
 0> <info> app: hr,157,22582, 4.00 ,0
 0> <info> app: hr,158,22591, 4.00 ,0
 0> <info> app: hr,159,22560, 4.00 ,0
 0> <info> app: hr,160,22562, 4.00 ,0
 0> <info> app: hr,161,22565, 4.00 ,0
 0> <info> app: hr,162,22563, 3.00 ,0
 0> <info> app: hr,163,22573, 3.00 ,0
 0> <info> app: hr,164,22554, 3.00 ,0
 0> <info> app: hr,165,22562, 2.00 ,0
 0> <info> app: hr,166,22548, 2.00 ,0
 0> <info> app: hr,167,22575, 2.00 ,0
 0> <info> app: hr,168,22558, 1.00 ,0
 0> <info> app: hr,169,22549, 1.00 ,0
 0> <info> app: hr,170,22568, 1.00 ,0
 0> <info> app: hr,171,22558, 1.00 ,0
 0> <info> app: hr,172,22575, 1.00 ,0
 0> <info> app: hr,173,22548, 1.00 ,0
 0> <info> app: hr,174,22561, 1.00 ,0
 0> <info> app: hr,175,22564, 1.00 ,0
 0> <info> app: hr,176,22570, 1.00 ,0
 0> <info> app: hr,177,22573, 1.00 ,0
 0> <info> app: hr,178,22579, 1.00 ,0
 0> <info> app: hr,179,22573, 1.00 ,0
 0> <info> app: hr,180,22551, 1.00 ,0
 0> <info> app: hr,181,22554, 1.00 ,0
 0> <info> app: hr,182,22590, 0.00 ,0
 0> <info> app: hr,183,22559, 0.00 ,0
 0> <info> app: hr,184,22587, 0.00 ,0
 0> <info> app: hr,185,22555, 0.00 ,0
 0> <info> app: hr,186,22556, 0.00 ,0
 0> <info> app: hr,187,22579, 0.00 ,0
 0> <info> app: hr,188,22569, 0.00 ,0
 0> <info> app: hr,189,22585, 0.00 ,0
 0> <info> app: hr,190,22565, -1.00 ,0
 0> <info> app: hr,191,22561, -1.00 ,0
 0> <info> app: hr,192,22563, 0.00 ,0
 0> <info> app: hr,193,22559, 0.00 ,0
 0> <info> app: hr,194,22568, 0.00 ,0
 0> <info> app: hr,195,22563, 0.00 ,0
 0> <info> app: hr,196,22560, 0.00 ,0
 0> <info> app: hr,197,22574, -1.00 ,0
 0> <info> app: hr,198,22539, -1.00 ,0
 0> <info> app: hr,199,22542, -1.00 ,0
 0> <info> app: hr,200,22557, -1.00 ,0
 0> <info> app: hr,201,22553, 0.00 ,0
 0> <info> app: hr,202,22569, 0.00 ,0
 0> <info> app: hr,203,22534, 0.00 ,0
 0> <info> app: hr,204,22537, 0.00 ,0
 0> <info> app: hr,205,22536, 0.00 ,0
 0> <info> app: hr,206,22558, 0.00 ,0
 0> <info> app: hr,207,22556, 0.00 ,0
 0> <info> app: hr,208,22561, 0.00 ,0
 0> <info> app: hr,209,22548, 1.00 ,0
 0> <info> app: hr,210,22550, 1.00 ,0
 0> <info> app: hr,211,22567, 2.00 ,0
 0> <info> app: hr,212,22568, 2.00 ,0
 0> <info> app: hr,213,22563, 2.00 ,0
 0> <info> app: hr,214,22586, 2.00 ,0
 0> <info> app: hr,215,22566, 2.00 ,0
 0> <info> app: hr,216,22574, 2.00 ,0
 0> <info> app: hr,217,22565, 2.00 ,0
 0> <info> app: hr,218,22587, 2.00 ,0
 0> <info> app: hr,219,22576, 2.00 ,0
 0> <info> app: hr,220,22561, 2.00 ,0
 0> <info> app: hr,221,22581, 1.00 ,0
 0> <info> app: hr,222,22600, 1.00 ,0
 0> <info> app: hr,223,22592, 1.00 ,0
 0> <info> app: hr,224,22570, 1.00 ,0
 0> <info> app: hr,225,22567, 0.00 ,0
 0> <info> app: hr,226,22577, 0.00 ,0
 0> <info> app: hr,227,22581, -1.00 ,0
 0> <info> app: hr,228,22567, 0.00 ,0
 0> <info> app: hr,229,22574, 0.00 ,0
 0> <info> app: hr,230,22549, -1.00 ,0
 0> <info> app: hr,231,22580, -1.00 ,0
 0> <info> app: hr,232,22583, -2.00 ,0
 0> <info> app: hr,233,22566, -2.00 ,0
 0> <info> app: hr,234,22571, -2.00 ,0
 0> <info> app: hr,235,22566, -3.00 ,0
 0> <info> app: hr,236,22541, -3.00 ,0
 0> <info> app: hr,237,22579, -2.00 ,0
 0> <info> app: hr,238,22577, -2.00 ,0
 0> <info> app: hr,239,22574, -3.00 ,0
 0> <info> app: hr,240,22585, -3.00 ,0
 0> <info> app: hr,241,22571, -3.00 ,0
 0> <info> app: hr,242,22555, -3.00 ,0
 0> <info> app: hr,243,22576, -4.00 ,0
 0> <info> app: hr,244,22585, -3.00 ,0
 0> <info> app: hr,245,22583, -3.00 ,0
 0> <info> app: hr,246,22603, -3.00 ,0
 0> <info> app: hr,247,22584, -4.00 ,0
 0> <info> app: hr,248,22581, -4.00 ,0
 0> <info> app: hr,249,22582, -4.00 ,0
 0> <info> app: hr,250,22566, -4.00 ,0
 0> <info> app: hr,251,22585, -5.00 ,0
 0> <info> app: hr,252,22568, -5.00 ,0
 0> <info> app: hr,253,22572, -4.00 ,0
 0> <info> app: hr,254,22545, -5.00 ,0
 0> <info> app: hr,255,22607, -5.00 ,0
 0> <info> app: hr,256,22578, -5.00 ,0
 0> <info> app: hr,257,22601, -4.00 ,0
 0> <info> app: hr,258,22589, -5.00 ,0
 0> <info> app: hr,259,22558, -5.00 ,0
 0> <info> app: hr,260,22561, -5.00 ,0
 0> <info> app: hr,261,22591, -5.00 ,0
 0> <info> app: hr,262,22593, -5.00 ,0
 0> <info> app: hr,263,22602, -5.00 ,0
 0> <info> app: hr,264,22592, -5.00 ,0
 0> <info> app: hr,265,22579, -5.00 ,0
 0> <info> app: hr,266,22573, -6.00 ,0
 0> <info> app: hr,267,22568, -6.00 ,0
 0> <info> app: hr,268,22569, -5.00 ,0
 0> <info> app: hr,269,22564, -6.00 ,0
 0> <info> app: hr,270,22586, -6.00 ,0
 0> <info> app: hr,271,22592, -5.00 ,0
 0> <info> app: hr,272,22558, -5.00 ,0
 0> <info> app: hr,273,22586, -5.00 ,0
 0> <info> app: hr,274,22579, -5.00 ,0
 0> <info> app: hr,275,22566, -5.00 ,0
 0> <info> app: hr,276,22568, -5.00 ,0
 0> <info> app: hr,277,22587, -5.00 ,0
 0> <info> app: hr,278,22598, -4.00 ,0
 0> <info> app: hr,279,22579, -4.00 ,0
 0> <info> app: hr,280,22560, -4.00 ,0
 0> <info> app: hr,281,22564, -4.00 ,0
 0> <info> app: hr,282,22569, -4.00 ,0
 0> <info> app: hr,283,22564, -3.00 ,0
 0> <info> app: hr,284,22571, -3.00 ,0
 0> <info> app: hr,285,22561, -3.00 ,0
 0> <info> app: hr,286,22519, -3.00 ,0
 0> <info> app: hr,287,22573, -2.00 ,0
 0> <info> app: hr,288,22544, -2.00 ,0
 0> <info> app: hr,289,22547, 0.00 ,0
 0> <info> app: hr,290,22540, 0.00 ,0
 0> <info> app: hr,291,22538, 0.00 ,0
 0> <info> app: hr,292,22555, 0.00 ,0
 0> <info> app: hr,293,22573, 1.00 ,0
 0> <info> app: hr,294,22551, 2.00 ,0
 0> <info> app: hr,295,22535, 3.00 ,0
 0> <info> app: hr,296,22568, 2.00 ,0
 0> <info> app: hr,297,22544, 3.00 ,0
 0> <info> app: hr,298,22552, 4.00 ,0
 0> <info> app: hr,299,22561, 5.00 ,0
 0> <info> app: hr,300,22559, 5.00 ,0
 0> <info> app: hr,301,22545, 5.00 ,0
 0> <info> app: hr,302,22550, 6.00 ,0
 0> <info> app: hr,303,22512, 7.00 ,0
 0> <info> app: hr,304,22554, 6.00 ,0
 0> <info> app: hr,305,22548, 7.00 ,0
 0> <info> app: hr,306,22567, 8.00 ,0
 0> <info> app: hr,307,22546, 8.00 ,0
 0> <info> app: hr,308,22535, 9.00 ,0
 0> <info> app: hr,309,22550, 9.00 ,0
 0> <info> app: hr,310,22551, 9.00 ,0
 0> <info> app: hr,311,22545, 9.00 ,0
 0> <info> app: hr,312,22570, 10.00 ,0
 0> <info> app: hr,313,22554, 10.00 ,0
 0> <info> app: hr,314,22539, 10.00 ,0
 0> <info> app: hr,315,22558, 10.00 ,0
 0> <info> app: hr,316,22555, 10.00 ,0
 0> <info> app: hr,317,22561, 10.00 ,0
 0> <info> app: hr,318,22529, 10.00 ,0
 0> <info> app: hr,319,22552, 10.00 ,0
 0> <info> app: hr,320,22532, 10.00 ,0
 0> <info> app: hr,321,22554, 10.00 ,0
 0> <info> app: hr,322,22568, 10.00 ,0
 0> <info> app: hr,323,22552, 10.00 ,0
 0> <info> app: hr,324,22568, 10.00 ,0
 0> <info> app: hr,325,22538, 10.00 ,0
 0> <info> app: hr,326,22542, 10.00 ,0
 0> <info> app: hr,327,22549, 9.00 ,0
 0> <info> app: hr,328,22560, 10.00 ,0
 0> <info> app: hr,329,22549, 9.00 ,0
 0> <info> app: hr,330,22562, 9.00 ,0
 0> <info> app: hr,331,22529, 8.00 ,0
 0> <info> app: hr,332,22551, 8.00 ,0
 0> <info> app: hr,333,22558, 8.00 ,0
 0> <info> app: hr,334,22577, 8.00 ,0
 0> <info> app: hr,335,22528, 7.00 ,0
 0> <info> app: hr,336,22562, 7.00 ,0
 0> <info> app: hr,337,22563, 7.00 ,0
 0> <info> app: hr,338,22561, 6.00 ,0
 0> <info> app: hr,339,22552, 6.00 ,0
 0> <info> app: hr,340,22571, 6.00 ,0
 0> <info> app: hr,341,22549, 5.00 ,0
 0> <info> app: hr,342,22524, 5.00 ,0
 0> <info> app: hr,343,22550, 5.00 ,0
 0> <info> app: hr,344,22556, 4.00 ,0
 0> <info> app: hr,345,22569, 4.00 ,0
 0> <info> app: hr,346,22537, 4.00 ,0
 0> <info> app: hr,347,22535, 4.00 ,0
 0> <info> app: hr,348,22518, 4.00 ,0
 0> <info> app: hr,349,22559, 3.00 ,0
 0> <info> app: hr,350,22529, 3.00 ,0
 0> <info> app: hr,351,22538, 4.00 ,0
 0> <info> app: hr,352,22540, 4.00 ,0
 0> <info> app: hr,353,22552, 4.00 ,0
 0> <info> app: hr,354,22544, 3.00 ,0
 0> <info> app: hr,355,22569, 3.00 ,0
 0> <info> app: hr,356,22579, 4.00 ,0
 0> <info> app: hr,357,22563, 4.00 ,0
 0> <info> app: hr,358,22559, 4.00 ,0
 0> <info> app: hr,359,22567, 2.00 ,0
 0> <info> app: hr,360,22540, 2.00 ,0
 0> <info> app: hr,361,22563, 2.00 ,0
 0> <info> app: hr,362,22559, 2.00 ,0
 0> <info> app: hr,363,22567, 2.00 ,0
 0> <info> app: hr,364,22560, 2.00 ,0
 0> <info> app: hr,365,22560, 1.00 ,0
 0> <info> app: hr,366,22542, 1.00 ,0
 0> <info> app: hr,367,22561, 0.00 ,0
 0> <info> app: hr,368,22547, 0.00 ,0
 0> <info> app: hr,369,22567, 0.00 ,0
 0> <info> app: hr,370,22550, 0.00 ,0
 0> <info> app: hr,371,22527, 0.00 ,0
 0> <info> app: hr,372,22532, 0.00 ,0
 0> <info> app: hr,373,22552, 0.00 ,0
 0> <info> app: hr,374,22558, 0.00 ,0
 0> <info> app: hr,375,22555, 0.00 ,0
 0> <info> app: hr,376,22538, 0.00 ,0
 0> <info> app: hr,377,22534, 0.00 ,0
 0> <info> app: hr,378,22574, 0.00 ,0
 0> <info> app: hr,379,22545, 0.00 ,0
 0> <info> app: hr,380,22507, 0.00 ,0
 0> <info> app: hr,381,22539, 0.00 ,0
 0> <info> app: hr,382,22559, 0.00 ,0
 0> <info> app: hr,383,22563, 0.00 ,0
 0> <info> app: hr,384,22575, 0.00 ,0
 0> <info> app: hr,385,22569, 0.00 ,0
 0> <info> app: hr,386,22550, 0.00 ,0
 0> <info> app: hr,387,22573, 0.00 ,0
 0> <info> app: hr,388,22544, 0.00 ,0
 0> <info> app: hr,389,22567, 0.00 ,0
 0> <info> app: hr,390,22565, 0.00 ,0
 0> <info> app: hr,391,22557, 0.00 ,0
 0> <info> app: hr,392,22533, 0.00 ,0
 0> <info> app: hr,393,22550, 0.00 ,0
 0> <info> app: hr,394,22563, -1.00 ,0
 0> <info> app: hr,395,22532, -1.00 ,0
 0> <info> app: hr,396,22554, 0.00 ,0
 0> <info> app: hr,397,22561, 0.00 ,0
 0> <info> app: hr,398,22563, 0.00 ,0
 0> <info> app: hr,399,22555, 0.00 ,0
 0> <info> app: hr,400,22566, 0.00 ,0
 0> <info> app: hr,401,22541, 0.00 ,0
 0> <info> app: hr,402,22540, 0.00 ,0
 0> <info> app: hr,403,22549, 0.00 ,0
 0> <info> app: hr,404,22565, 0.00 ,0
 0> <info> app: hr,405,22571, 0.00 ,0
 0> <info> app: hr,406,22560, 0.00 ,0
 0> <info> app: hr,407,22555, -1.00 ,0
 0> <info> app: hr,408,22570, -1.00 ,0
 0> <info> app: hr,409,22551, -1.00 ,0
 0> <info> app: hr,410,22582, -1.00 ,0
 0> <info> app: hr,411,22571, -1.00 ,0
 0> <info> app: hr,412,22579, -2.00 ,0
 0> <info> app: hr,413,22547, -2.00 ,0
 0> <info> app: hr,414,22552, -1.00 ,0
 0> <info> app: hr,415,22572, -2.00 ,0
 0> <info> app: hr,416,22544, -2.00 ,0
 0> <info> app: hr,417,22546, -2.00 ,0
 0> <info> app: hr,418,22557, -2.00 ,0
 0> <info> app: hr,419,22556, -3.00 ,0
 0> <info> app: hr,420,22572, -3.00 ,0
 0> <info> app: hr,421,22539, -3.00 ,0
 0> <info> app: hr,422,22569, -2.00 ,0
 0> <info> app: hr,423,22554, -2.00 ,0
 0> <info> app: hr,424,22567, -2.00 ,0
 0> <info> app: hr,425,22571, -2.00 ,0
 0> <info> app: hr,426,22552, -3.00 ,0
 0> <info> app: hr,427,22556, -3.00 ,0
 0> <info> app: hr,428,22567, -3.00 ,0
 0> <info> app: hr,429,22570, -2.00 ,0
 0> <info> app: hr,430,22573, -2.00 ,0
 0> <info> app: hr,431,22577, -3.00 ,0
 0> <info> app: hr,432,22574, -3.00 ,0
 0> <info> app: hr,433,22548, -3.00 ,0
 0> <info> app: hr,434,22551, -3.00 ,0
 0> <info> app: hr,435,22568, -3.00 ,0
 0> <info> app: hr,436,22561, -3.00 ,0
 0> <info> app: hr,437,22572, -3.00 ,0
 0> <info> app: hr,438,22566, -3.00 ,0
 0> <info> app: hr,439,22563, -4.00 ,0
 0> <info> app: hr,440,22564, -3.00 ,0
 0> <info> app: hr,441,22590, -3.00 ,0
 0> <info> app: hr,442,22591, -3.00 ,0
 0> <info> app: hr,443,22577, -4.00 ,0
 0> <info> app: hr,444,22587, -4.00 ,0
 0> <info> app: hr,445,22590, -4.00 ,0
 0> <info> app: hr,446,22607, -4.00 ,0
 0> <info> app: hr,447,22580, -5.00 ,0
 0> <info> app: hr,448,22574, -6.00 ,0
 0> <info> app: hr,449,22586, -5.00 ,0
 0> <info> app: hr,450,22588, -6.00 ,0
 0> <info> app: hr,451,22571, -7.00 ,0
 0> <info> app: hr,452,22588, -6.00 ,0
 0> <info> app: hr,453,22584, -7.00 ,0
 0> <info> app: hr,454,22582, -8.00 ,0
 0> <info> app: hr,455,22582, -7.00 ,0
 0> <info> app: hr,456,22577, -8.00 ,0
 0> <info> app: hr,457,22578, -8.00 ,0
 0> <info> app: hr,458,22569, -8.00 ,0
 0> <info> app: hr,459,22594, -9.00 ,0
 0> <info> app: hr,460,22577, -8.00 ,0
 0> <info> app: hr,461,22579, -9.00 ,0
 0> <info> app: hr,462,22556, -9.00 ,0
 0> <info> app: hr,463,22563, -9.00 ,0
 0> <info> app: hr,464,22580, -8.00 ,0
 0> <info> app: hr,465,22567, -9.00 ,0
 0> <info> app: hr,466,22571, -8.00 ,0
 0> <info> app: hr,467,22544, -8.00 ,0
 0> <info> app: hr,468,22531, -8.00 ,0
 0> <info> app: hr,469,22563, -7.00 ,0
 0> <info> app: hr,470,22537, -7.00 ,0
 0> <info> app: hr,471,22558, -6.00 ,0
 0> <info> app: hr,472,22546, -6.00 ,0
 0> <info> app: hr,473,22530, -5.00 ,0
 0> <info> app: hr,474,22560, -4.00 ,0
 0> <info> app: hr,475,22551, -3.00 ,0
 0> <info> app: hr,476,22546, -3.00 ,0
 0> <info> app: hr,477,22532, -2.00 ,0
 0> <info> app: hr,478,22547, -2.00 ,0
 0> <info> app: hr,479,22544, -1.00 ,0
 0> <info> app: hr,480,22523, 0.00 ,0
 0> <info> app: hr,481,22550, 0.00 ,0
 0> <info> app: hr,482,22560, 1.00 ,0
 0> <info> app: hr,483,22553, 2.00 ,0
 0> <info> app: hr,484,22534, 2.00 ,0
 0> <info> app: hr,485,22544, 3.00 ,0
 0> <info> app: hr,486,22558, 4.00 ,0
 0> <info> app: hr,487,22531, 5.00 ,0
 0> <info> app: hr,488,22547, 5.00 ,0
 0> <info> app: hr,489,22517, 6.00 ,0
 0> <info> app: hr,490,22515, 7.00 ,0
 0> <info> app: hr,491,22548, 7.00 ,0
 0> <info> app: hr,492,22520, 8.00 ,0
 0> <info> app: hr,493,22525, 9.00 ,0
 0> <info> app: hr,494,22547, 9.00 ,0
 0> <info> app: hr,495,22548, 10.00 ,0
 0> <info> app: hr,496,22535, 10.00 ,0
 0> <info> app: hr,497,22542, 11.00 ,0
 0> <info> app: hr,498,22523, 11.00 ,0
 0> <info> app: hr,499,22538, 11.00 ,0
 0> <info> app: hr,500,22545, 12.00 ,0
 0> <info> app: hr,501,22559, 11.00 ,0
 0> <info> app: hr,502,22530, 12.00 ,0
 0> <info> app: hr,503,22540, 12.00 ,0
 0> <info> app: hr,504,22547, 12.00 ,0
 0> <info> app: hr,505,22534, 12.00 ,0
 0> <info> app: hr,506,22582, 12.00 ,0
 0> <info> app: hr,507,22551, 13.00 ,0
 0> <info> app: hr,508,22552, 12.00 ,0
 0> <info> app: hr,509,22531, 11.00 ,0
 0> <info> app: hr,510,22541, 12.00 ,0
 0> <info> app: hr,511,22538, 11.00 ,0
 0> <info> app: hr,512,22543, 11.00 ,0
 0> <info> app: hr,513,22550, 11.00 ,0
 0> <info> app: hr,514,22576, 10.00 ,0
 0> <info> app: hr,515,22552, 10.00 ,0
 0> <info> app: hr,516,22526, 9.00 ,0
 0> <info> app: hr,517,22531, 10.00 ,0
 0> <info> app: hr,518,22534, 9.00 ,0
 0> <info> app: hr,519,22560, 9.00 ,0
 0> <info> app: hr,520,22555, 8.00 ,0
 0> <info> app: hr,521,22535, 8.00 ,0
 0> <info> app: hr,522,22540, 7.00 ,0
 0> <info> app: hr,523,22561, 7.00 ,0
 0> <info> app: hr,524,22552, 7.00 ,0
 0> <info> app: hr,525,22532, 6.00 ,0
 0> <info> app: hr,526,22553, 6.00 ,0
 0> <info> app: hr,527,22567, 6.00 ,0
 0> <info> app: hr,528,22560, 5.00 ,0
 0> <info> app: hr,529,22534, 5.00 ,0
 0> <info> app: hr,530,22534, 5.00 ,0
 0> <info> app: hr,531,22569, 5.00 ,0
 0> <info> app: hr,532,22550, 3.00 ,0
 0> <info> app: hr,533,22522, 3.00 ,0
 0> <info> app: hr,534,22557, 3.00 ,0
 0> <info> app: hr,535,22541, 3.00 ,0
 0> <info> app: hr,536,22537, 3.00 ,0
 0> <info> app: hr,537,22531, 2.00 ,0
 0> <info> app: hr,538,22561, 2.00 ,0
 0> <info> app: hr,539,22525, 2.00 ,0
 0> <info> app: hr,540,22532, 2.00 ,0
 0> <info> app: hr,541,22558, 2.00 ,0
 0> <info> app: hr,542,22551, 2.00 ,0
 0> <info> app: hr,543,22569, 2.00 ,0
 0> <info> app: hr,544,22544, 2.00 ,0
 0> <info> app: hr,545,22526, 0.00 ,0
 0> <info> app: hr,546,22557, 0.00 ,0
 0> <info> app: hr,547,22550, 0.00 ,0
 0> <info> app: hr,548,22548, 0.00 ,0
 0> <info> app: hr,549,22572, 0.00 ,0
 0> <info> app: hr,550,22524, 0.00 ,0
 0> <info> app: hr,551,22560, 0.00 ,0
 0> <info> app: hr,552,22573, 0.00 ,0
 0> <info> app: hr,553,22548, 0.00 ,0
 0> <info> app: hr,554,22563, 0.00 ,0
 0> <info> app: hr,555,22535, 0.00 ,0
 0> <info> app: hr,556,22544, 0.00 ,0
 0> <info> app: hr,557,22533, -1.00 ,0
 0> <info> app: hr,558,22543, -1.00 ,0
 0> <info> app: hr,559,22547, -1.00 ,0
 0> <info> app: hr,560,22546, -1.00 ,0
 0> <info> app: hr,561,22561, -1.00 ,0
 0> <info> app: hr,562,22560, -1.00 ,0
 0> <info> app: hr,563,22573, 0.00 ,0
 0> <info> app: hr,564,22565, -1.00 ,0
 0> <info> app: hr,565,22536, -1.00 ,0
 0> <info> app: hr,566,22538, -1.00 ,0
 0> <info> app: hr,567,22545, -1.00 ,0
 0> <info> app: hr,568,22558, -1.00 ,0
 0> <info> app: hr,569,22541, -2.00 ,0
 0> <info> app: hr,570,22554, -2.00 ,0
 0> <info> app: hr,571,22534, -2.00 ,0
 0> <info> app: hr,572,22575, -2.00 ,0
 0> <info> app: hr,573,22568, -2.00 ,0
 0> <info> app: hr,574,22556, -1.00 ,0
 0> <info> app: hr,575,22537, -2.00 ,0
 0> <info> app: hr,576,22553, -2.00 ,0
 0> <info> app: hr,577,22555, -2.00 ,0
 0> <info> app: hr,578,22554, -2.00 ,0
 0> <info> app: hr,579,22532, -2.00 ,0
 0> <info> app: hr,580,22567, -2.00 ,0
 0> <info> app: hr,581,22559, -3.00 ,0
 0> <info> app: hr,582,22546, -2.00 ,0
 0> <info> app: hr,583,22561, -2.00 ,0
 0> <info> app: hr,584,22566, -2.00 ,0
 0> <info> app: hr,585,22571, -2.00 ,0
 0> <info> app: hr,586,22575, -3.00 ,0
 0> <info> app: hr,587,22551, -3.00 ,0
 0> <info> app: hr,588,22539, -3.00 ,0
 0> <info> app: hr,589,22526, -2.00 ,0
 0> <info> app: hr,590,22534, -3.00 ,0
 0> <info> app: hr,591,22566, -3.00 ,0
 0> <info> app: hr,592,22553, -3.00 ,0
 0> <info> app: hr,593,22582, -3.00 ,0
 0> <info> app: hr,594,22556, -3.00 ,0
 0> <info> app: hr,595,22544, -2.00 ,0
 0> <info> app: hr,596,22556, -2.00 ,0
 0> <info> app: hr,597,22587, -2.00 ,0
 0> <info> app: hr,598,22576, -3.00 ,0
 0> <info> app: hr,599,22548, -3.00 ,0
 0> <info> app: hr,600,22541, -3.00 ,0
 0> <info> app: hr,601,22559, -2.00 ,0
 0> <info> app: hr,602,22540, -3.00 ,0
 0> <info> app: hr,603,22595, -3.00 ,0
 0> <info> app: hr,604,22584, -3.00 ,0
 0> <info> app: hr,605,22574, -3.00 ,0
 0> <info> app: hr,606,22567, -4.00 ,0
 0> <info> app: hr,607,22536, -3.00 ,0
 0> <info> app: hr,608,22546, -4.00 ,0
 0> <info> app: hr,609,22593, -4.00 ,0
 0> <info> app: hr,610,22571, -4.00 ,0
 0> <info> app: hr,611,22538, -5.00 ,0
 0> <info> app: hr,612,22569, -4.00 ,0
 0> <info> app: hr,613,22565, -4.00 ,0
 0> <info> app: hr,614,22560, -4.00 ,0
 0> <info> app: hr,615,22569, -5.00 ,0
 0> <info> app: hr,616,22585, -4.00 ,0
 0> <info> app: hr,617,22572, -4.00 ,0
 0> <info> app: hr,618,22571, -5.00 ,0
 0> <info> app: hr,619,22557, -5.00 ,0
 0> <info> app: hr,620,22574, -5.00 ,0
 0> <info> app: hr,621,22566, -5.00 ,0
 0> <info> app: hr,622,22581, -5.00 ,0
 0> <info> app: hr,623,22581, -6.00 ,0
 0> <info> app: hr,624,22574, -5.00 ,0
 0> <info> app: hr,625,22563, -6.00 ,0
 0> <info> app: hr,626,22570, -6.00 ,0
 0> <info> app: hr,627,22558, -5.00 ,0
 0> <info> app: hr,628,22567, -6.00 ,0
 0> <info> app: hr,629,22567, -6.00 ,0
 0> <info> app: hr,630,22582, -6.00 ,0
 0> <info> app: hr,631,22570, -6.00 ,0
 0> <info> app: hr,632,22581, -6.00 ,0
 0> <info> app: hr,633,22572, -6.00 ,0
 0> <info> app: hr,634,22589, -6.00 ,0
 0> <info> app: hr,635,22570, -6.00 ,0
 0> <info> app: hr,636,22563, -6.00 ,0
 0> <info> app: hr,637,22585, -6.00 ,0
 0> <info> app: hr,638,22560, -7.00 ,0
 0> <info> app: hr,639,22582, -6.00 ,0
 0> <info> app: hr,640,22574, -6.00 ,0
 0> <info> app: hr,641,22573, -7.00 ,0
 0> <info> app: hr,642,22578, -6.00 ,0
 0> <info> app: hr,643,22565, -6.00 ,0
 0> <info> app: hr,644,22558, -7.00 ,0
 0> <info> app: hr,645,22561, -6.00 ,0
 0> <info> app: hr,646,22545, -6.00 ,0
 0> <info> app: hr,647,22538, -6.00 ,0
 0> <info> app: hr,648,22553, -5.00 ,0
 0> <info> app: hr,649,22554, -5.00 ,0
 0> <info> app: hr,650,22556, -5.00 ,0
 0> <info> app: hr,651,22538, -5.00 ,0
 0> <info> app: hr,652,22547, -3.00 ,0
 0> <info> app: hr,653,22533, -3.00 ,0
 0> <info> app: hr,654,22522, -3.00 ,0
 0> <info> app: hr,655,22560, -2.00 ,0
 0> <info> app: hr,656,22560, -1.00 ,0
 0> <info> app: hr,657,22549, -1.00 ,0
 0> <info> app: hr,658,22545, 0.00 ,0
 0> <info> app: hr,659,22548, 0.00 ,0
 0> <info> app: hr,660,22549, 0.00 ,0
 0> <info> app: hr,661,22562, 0.00 ,0
 0> <info> app: hr,662,22564, 1.00 ,0
 0> <info> app: hr,663,22549, 2.00 ,0
 0> <info> app: hr,664,22549, 2.00 ,0
 0> <info> app: hr,665,22553, 3.00 ,0
 0> <info> app: hr,666,22551, 3.00 ,0
 0> <info> app: hr,667,22573, 4.00 ,0
 0> <info> app: hr,668,22542, 3.00 ,0
 0> <info> app: hr,669,22542, 4.00 ,0
 0> <info> app: hr,670,22566, 4.00 ,0
 0> <info> app: hr,671,22557, 4.00 ,0
 0> <info> app: hr,672,22548, 5.00 ,0
 0> <info> app: hr,673,22557, 4.00 ,0
 0> <info> app: hr,674,22548, 5.00 ,0
 0> <info> app: hr,675,22566, 5.00 ,0
 0> <info> app: hr,676,22568, 5.00 ,0
 0> <info> app: hr,677,22532, 5.00 ,0
 0> <info> app: hr,678,22547, 5.00 ,0
 0> <info> app: hr,679,22552, 5.00 ,0
 0> <info> app: hr,680,22541, 5.00 ,0
 0> <info> app: hr,681,22582, 5.00 ,0
 0> <info> app: hr,682,22557, 5.00 ,0
 0> <info> app: hr,683,22559, 5.00 ,0
 0> <info> app: hr,684,22548, 4.00 ,0
 0> <info> app: hr,685,22570, 5.00 ,0
 0> <info> app: hr,686,22569, 5.00 ,0
 0> <info> app: hr,687,22534, 5.00 ,0
 0> <info> app: hr,688,22573, 4.00 ,0
 0> <info> app: hr,689,22585, 4.00 ,0
 0> <info> app: hr,690,22551, 4.00 ,0
 0> <info> app: hr,691,22558, 4.00 ,0
 0> <info> app: hr,692,22560, 3.00 ,0
 0> <info> app: hr,693,22564, 3.00 ,0
 0> <info> app: hr,694,22585, 3.00 ,0
 0> <info> app: hr,695,22562, 2.00 ,0
 0> <info> app: hr,696,22545, 2.00 ,0
 0> <info> app: hr,697,22552, 2.00 ,0
 0> <info> app: hr,698,22558, 2.00 ,0
 0> <info> app: hr,699,22559, 1.00 ,0
 0> <info> app: hr,700,22563, 1.00 ,0
 0> <info> app: hr,701,22544, 0.00 ,0
 0> <info> app: hr,702,22570, 0.00 ,0
 0> <info> app: hr,703,22563, 0.00 ,0
 0> <info> app: hr,704,22540, 0.00 ,0
 0> <info> app: hr,705,22586, 0.00 ,0
 0> <info> app: hr,706,22525, 0.00 ,0
 0> <info> app: hr,707,22554, 0.00 ,0
 0> <info> app: hr,708,22571, 0.00 ,0
 0> <info> app: hr,709,22533, 0.00 ,0
 0> <info> app: hr,710,22559, 0.00 ,0
 0> <info> app: hr,711,22568, 0.00 ,0
 0> <info> app: hr,712,22555, 0.00 ,0
 0> <info> app: hr,713,22547, 0.00 ,0
 0> <info> app: hr,714,22559, 0.00 ,0
 0> <info> app: hr,715,22550, 0.00 ,0
 0> <info> app: hr,716,22577, 0.00 ,0
 0> <info> app: hr,717,22578, 0.00 ,0
 0> <info> app: hr,718,22570, 0.00 ,0
 0> <info> app: hr,719,22569, 0.00 ,0
 0> <info> app: hr,720,22548, 0.00 ,0
 0> <info> app: hr,721,22565, 0.00 ,0
 0> <info> app: hr,722,22585, 0.00 ,0
 0> <info> app: hr,723,22547, 0.00 ,0
 0> <info> app: hr,724,22579, -1.00 ,0
 0> <info> app: hr,725,22549, -1.00 ,0
 0> <info> app: hr,726,22551, -1.00 ,0
 0> <info> app: hr,727,22561, -1.00 ,0
 0> <info> app: hr,728,22602, -1.00 ,0
 0> <info> app: hr,729,22552, -2.00 ,0
 0> <info> app: hr,730,22563, -2.00 ,0
 0> <info> app: hr,731,22563, -1.00 ,0
 0> <info> app: hr,732,22563, -1.00 ,0
 0> <info> app: hr,733,22565, -2.00 ,0
 0> <info> app: hr,734,22568, -2.00 ,0
 0> <info> app: hr,735,22584, -2.00 ,0
 0> <info> app: hr,736,22586, -2.00 ,0
 0> <info> app: hr,737,22558, -3.00 ,0
 0> <info> app: hr,738,22553, -3.00 ,0
 0> <info> app: hr,739,22570, -2.00 ,0
 0> <info> app: hr,740,22564, -3.00 ,0
 0> <info> app: hr,741,22572, -3.00 ,0
 0> <info> app: hr,742,22595, -3.00 ,0
 0> <info> app: hr,743,22581, -3.00 ,0
 0> <info> app: hr,744,22591, -4.00 ,0
 0> <info> app: hr,745,22554, -3.00 ,0
 0> <info> app: hr,746,22579, -4.00 ,0
 0> <info> app: hr,747,22587, -4.00 ,0
 0> <info> app: hr,748,22566, -5.00 ,0
 0> <info> app: hr,749,22583, -4.00 ,0
 0> <info> app: hr,750,22580, -5.00 ,0
 0> <info> app: hr,751,22571, -5.00 ,0
 0> <info> app: hr,752,22541, -5.00 ,0
 0> <info> app: hr,753,22555, -5.00 ,0
 0> <info> app: hr,754,22537, -5.00 ,0
 0> <info> app: hr,755,22562, -5.00 ,0
 0> <info> app: hr,756,22572, -5.00 ,0
 0> <info> app: hr,757,22569, -4.00 ,0
 0> <info> app: hr,758,22557, -4.00 ,0
 0> <info> app: hr,759,22562, -4.00 ,0
 0> <info> app: hr,760,22594, -4.00 ,0
 0> <info> app: hr,761,22579, -4.00 ,0
 0> <info> app: hr,762,22563, -4.00 ,0
 0> <info> app: hr,763,22559, -4.00 ,0
 0> <info> app: hr,764,22583, -4.00 ,0
 0> <info> app: hr,765,22586, -4.00 ,0
 0> <info> app: hr,766,22578, -3.00 ,0
 0> <info> app: hr,767,22570, -3.00 ,0
 0> <info> app: hr,768,22577, -4.00 ,0
 0> <info> app: hr,769,22576, -4.00 ,0
 0> <info> app: hr,770,22567, -4.00 ,0
 0> <info> app: hr,771,22586, -3.00 ,0
 0> <info> app: hr,772,22614, -3.00 ,0
 0> <info> app: hr,773,22594, -4.00 ,0
 0> <info> app: hr,774,22605, -4.00 ,0
 0> <info> app: hr,775,22578, -4.00 ,0
 0> <info> app: hr,776,22572, -4.00 ,0
 0> <info> app: hr,777,22568, -5.00 ,0
 0> <info> app: hr,778,22587, -5.00 ,0
 0> <info> app: hr,779,22588, -4.00 ,0
 0> <info> app: hr,780,22589, -5.00 ,0
 0> <info> app: hr,781,22568, -5.00 ,0
 0> <info> app: hr,782,22578, -6.00 ,0
 0> <info> app: hr,783,22576, -5.00 ,0
 0> <info> app: hr,784,22595, -6.00 ,0
 0> <info> app: hr,785,22570, -6.00 ,0
 0> <info> app: hr,786,22557, -5.00 ,0
 0> <info> app: hr,787,22558, -5.00 ,0
 0> <info> app: hr,788,22560, -6.00 ,0
 0> <info> app: hr,789,22578, -6.00 ,0
 0> <info> app: hr,790,22598, -5.00 ,0
 0> <info> app: hr,791,22584, -5.00 ,0
 0> <info> app: hr,792,22566, -5.00 ,0
 0> <info> app: hr,793,22593, -4.00 ,0
 0> <info> app: hr,794,22603, -4.00 ,0
 0> <info> app: hr,795,22598, -5.00 ,0
 0> <info> app: hr,796,22595, -5.00 ,0
 0> <info> app: hr,797,22597, -4.00 ,0
 0> <info> app: hr,798,22603, -5.00 ,0
 0> <info> app: hr,799,22601, -5.00 ,0
 0> <info> app: hr,800,22602, -6.00 ,0
 0> <info> app: hr,801,22590, -5.00 ,0
 0> <info> app: hr,802,22595, -6.00 ,0
 0> <info> app: hr,803,22618, -6.00 ,0
 0> <info> app: hr,804,22610, -6.00 ,0
 0> <info> app: hr,805,22585, -7.00 ,0
 0> <info> app: hr,806,22577, -7.00 ,0
 0> <info> app: hr,807,22591, -7.00 ,0
 0> <info> app: hr,808,22587, -7.00 ,0
 0> <info> app: hr,809,22612, -8.00 ,0
 0> <info> app: hr,810,22601, -8.00 ,0
 0> <info> app: hr,811,22620, -8.00 ,0
 0> <info> app: hr,812,22600, -8.00 ,0
 0> <info> app: hr,813,22582, -8.00 ,0
 0> <info> app: hr,814,22579, -8.00 ,0
 0> <info> app: hr,815,22582, -9.00 ,0
 0> <info> app: hr,816,22591, -9.00 ,0
 0> <info> app: hr,817,22576, -8.00 ,0
 0> <info> app: hr,818,22573, -9.00 ,0
 0> <info> app: hr,819,22567, -8.00 ,0
 0> <info> app: hr,820,22584, -8.00 ,0
 0> <info> app: hr,821,22575, -7.00 ,0
 0> <info> app: hr,822,22556, -7.00 ,0
 0> <info> app: hr,823,22573, -7.00 ,0
 0> <info> app: hr,824,22563, -6.00 ,0
 0> <info> app: hr,825,22561, -6.00 ,0
 0> <info> app: hr,826,22577, -5.00 ,0
 0> <info> app: hr,827,22571, -4.00 ,0
 0> <info> app: hr,828,22570, -4.00 ,0
 0> <info> app: hr,829,22591, -3.00 ,0
 0> <info> app: hr,830,22560, -3.00 ,0
 0> <info> app: hr,831,22560, -2.00 ,0
 0> <info> app: hr,832,22576, -1.00 ,0
 0> <info> app: hr,833,22532, 0.00 ,0
 0> <info> app: hr,834,22583, 0.00 ,0
 0> <info> app: hr,835,22589, 0.00 ,0
 0> <info> app: hr,836,22564, 0.00 ,0
 0> <info> app: hr,837,22590, 1.00 ,0
 0> <info> app: hr,838,22588, 1.00 ,0
 0> <info> app: hr,839,22561, 2.00 ,0
 0> <info> app: hr,840,22569, 2.00 ,0
 0> <info> app: hr,841,22563, 2.00 ,0
 0> <info> app: hr,842,22583, 2.00 ,0
 0> <info> app: hr,843,22562, 3.00 ,0
 0> <info> app: hr,844,22558, 3.00 ,0
 0> <info> app: hr,845,22571, 4.00 ,0
 0> <info> app: hr,846,22563, 4.00 ,0
 0> <info> app: hr,847,22543, 4.00 ,0
 0> <info> app: hr,848,22566, 5.00 ,0
 0> <info> app: hr,849,22586, 5.00 ,0
 0> <info> app: hr,850,22567, 6.00 ,0
 0> <info> app: hr,851,22563, 5.00 ,0
 0> <info> app: hr,852,22568, 6.00 ,0
 0> <info> app: hr,853,22552, 6.00 ,0
 0> <info> app: hr,854,22562, 6.00 ,0
 0> <info> app: hr,855,22545, 6.00 ,0
 0> <info> app: hr,856,22544, 7.00 ,0
 0> <info> app: hr,857,22560, 7.00 ,0
 0> <info> app: hr,858,22561, 7.00 ,0
 0> <info> app: hr,859,22557, 8.00 ,0
 0> <info> app: hr,860,22562, 8.00 ,0
 0> <info> app: hr,861,22577, 8.00 ,0
 0> <info> app: hr,862,22583, 8.00 ,0
 0> <info> app: hr,863,22596, 8.00 ,0
 0> <info> app: hr,864,22601, 8.00 ,0
 0> <info> app: hr,865,22575, 8.00 ,0
 0> <info> app: hr,866,22597, 8.00 ,0
 0> <info> app: hr,867,22585, 7.00 ,0
 0> <info> app: hr,868,22581, 7.00 ,0
 0> <info> app: hr,869,22587, 6.00 ,0
 0> <info> app: hr,870,22590, 6.00 ,0
 0> <info> app: hr,871,22596, 5.00 ,0
 0> <info> app: hr,872,22586, 4.00 ,0
 0> <info> app: hr,873,22567, 4.00 ,0
 0> <info> app: hr,874,22574, 4.00 ,0
 0> <info> app: hr,875,22573, 3.00 ,0
 0> <info> app: hr,876,22556, 3.00 ,0
 0> <info> app: hr,877,22559, 2.00 ,0
 0> <info> app: hr,878,22560, 2.00 ,0
 0> <info> app: hr,879,22555, 2.00 ,0
 0> <info> app: hr,880,22573, 1.00 ,0
 0> <info> app: hr,881,22566, 1.00 ,0
 0> <info> app: hr,882,22574, 1.00 ,0
 0> <info> app: hr,883,22562, 1.00 ,0
 0> <info> app: hr,884,22589, 1.00 ,0
 0> <info> app: hr,885,22541, 1.00 ,0
 0> <info> app: hr,886,22565, 2.00 ,0
 0> <info> app: hr,887,22602, 2.00 ,0
 0> <info> app: hr,888,22583, 1.00 ,0
 0> <info> app: hr,889,22558, 0.00 ,0
 0> <info> app: hr,890,22604, 0.00 ,0
 0> <info> app: hr,891,22563, 0.00 ,0
 0> <info> app: hr,892,22584, 0.00 ,0
 0> <info> app: hr,893,22574, 0.00 ,0
 0> <info> app: hr,894,22559, 0.00 ,0
 0> <info> app: hr,895,22585, 0.00 ,0
 0> <info> app: hr,896,22604, 0.00 ,0
 0> <info> app: hr,897,22580, 0.00 ,0
 0> <info> app: hr,898,22572, 0.00 ,0
 0> <info> app: hr,899,22559, 0.00 ,0
 0> <info> app: hr,900,22586, 0.00 ,0
 0> <info> app: hr,901,22575, 0.00 ,0
 0> <info> app: hr,902,22583, -1.00 ,0
 0> <info> app: hr,903,22608, -1.00 ,0
 0> <info> app: hr,904,22556, -1.00 ,0
 0> <info> app: hr,905,22562, -1.00 ,0
 0> <info> app: hr,906,22584, -1.00 ,0
 0> <info> app: hr,907,22558, -2.00 ,0
 0> <info> app: hr,908,22569, -1.00 ,0
 0> <info> app: hr,909,22571, -1.00 ,0
 0> <info> app: hr,910,22597, -1.00 ,0
 0> <info> app: hr,911,22572, -1.00 ,0
 0> <info> app: hr,912,22571, -1.00 ,0
 0> <info> app: hr,913,22579, -1.00 ,0
 0> <info> app: hr,914,22568, -1.00 ,0
 0> <info> app: hr,915,22588, -1.00 ,0
 0> <info> app: hr,916,22581, -2.00 ,0
 0> <info> app: hr,917,22572, -2.00 ,0
 0> <info> app: hr,918,22572, -2.00 ,0
 0> <info> app: hr,919,22554, -1.00 ,0
 0> <info> app: hr,920,22583, -1.00 ,0
 0> <info> app: hr,921,22583, -1.00 ,0
 0> <info> app: hr,922,22579, -1.00 ,0
 0> <info> app: hr,923,22566, -1.00 ,0
 0> <info> app: hr,924,22591, -1.00 ,0
 0> <info> app: hr,925,22588, -1.00 ,0
 0> <info> app: hr,926,22578, -1.00 ,0
 0> <info> app: hr,927,22594, -1.00 ,0
 0> <info> app: hr,928,22592, -1.00 ,0
 0> <info> app: hr,929,22574, -2.00 ,0
 0> <info> app: hr,930,22581, -2.00 ,0
 0> <info> app: hr,931,22580, -1.00 ,0
 0> <info> app: hr,932,22581, -1.00 ,0
 0> <info> app: hr,933,22581, -1.00 ,0
 0> <info> app: hr,934,22588, -2.00 ,0
 0> <info> app: hr,935,22569, -2.00 ,0
 0> <info> app: hr,936,22598, -2.00 ,0
 0> <info> app: hr,937,22578, -2.00 ,0
 0> <info> app: hr,938,22572, -2.00 ,0
 0> <info> app: hr,939,22604, -3.00 ,0
 0> <info> app: hr,940,22581, -2.00 ,0
 0> <info> app: hr,941,22584, -2.00 ,0
 0> <info> app: hr,942,22567, -2.00 ,0
 0> <info> app: hr,943,22566, -3.00 ,0
 0> <info> app: hr,944,22563, -3.00 ,0
 0> <info> app: hr,945,22585, -3.00 ,0
 0> <info> app: hr,946,22581, -3.00 ,0
 0> <info> app: hr,947,22602, -2.00 ,0
 0> <info> app: hr,948,22579, -2.00 ,0
 0> <info> app: hr,949,22603, -2.00 ,0
 0> <info> app: hr,950,22567, -2.00 ,0
 0> <info> app: hr,951,22594, -2.00 ,0
 0> <info> app: hr,952,22592, -3.00 ,0
 0> <info> app: hr,953,22571, -3.00 ,0
 0> <info> app: hr,954,22579, -2.00 ,0
 0> <info> app: hr,955,22582, -2.00 ,0
 0> <info> app: hr,956,22561, -2.00 ,0
 0> <info> app: hr,957,22599, -2.00 ,0
 0> <info> app: hr,958,22577, -2.00 ,0
 0> <info> app: hr,959,22607, -3.00 ,0
 0> <info> app: hr,960,22585, -3.00 ,0
 0> <info> app: hr,961,22592, -2.00 ,0
 0> <info> app: hr,962,22569, -2.00 ,0
 0> <info> app: hr,963,22599, -2.00 ,0
 0> <info> app: hr,964,22601, -2.00 ,0
 0> <info> app: hr,965,22587, -3.00 ,0
 0> <info> app: hr,966,22605, -3.00 ,0
 0> <info> app: hr,967,22606, -3.00 ,0
 0> <info> app: hr,968,22607, -3.00 ,0
 0> <info> app: hr,969,22586, -3.00 ,0
 0> <info> app: hr,970,22594, -3.00 ,0
 0> <info> app: hr,971,22602, -4.00 ,0
 0> <info> app: hr,972,22600, -4.00 ,0
 0> <info> app: hr,973,22603, -4.00 ,0
 0> <info> app: hr,974,22595, -4.00 ,0
 0> <info> app: hr,975,22602, -5.00 ,0
 0> <info> app: hr,976,22598, -5.00 ,0
 0> <info> app: hr,977,22590, -5.00 ,0
 0> <info> app: hr,978,22618, -5.00 ,0
 0> <info> app: hr,979,22616, -6.00 ,0
 0> <info> app: hr,980,22622, -6.00 ,0
 0> <info> app: hr,981,22597, -6.00 ,0
 0> <info> app: hr,982,22594, -7.00 ,0
 0> <info> app: hr,983,22605, -7.00 ,0
 0> <info> app: hr,984,22615, -7.00 ,0
 0> <info> app: hr,985,22609, -7.00 ,0
 0> <info> app: hr,986,22614, -7.00 ,0
 0> <info> app: hr,987,22598, -8.00 ,0
 0> <info> app: hr,988,22595, -8.00 ,0
 0> <info> app: hr,989,22597, -8.00 ,0
 0> <info> app: hr,990,22624, -9.00 ,0
 0> <info> app: hr,991,22592, -8.00 ,0
 0> <info> app: hr,992,22607, -9.00 ,0
 0> <info> app: hr,993,22584, -8.00 ,0
 0> <info> app: hr,994,22593, -9.00 ,0
 0> <info> app: hr,995,22579, -8.00 ,0
 0> <info> app: hr,996,22607, -8.00 ,0
 0> <info> app: hr,997,22604, -9.00 ,0
 0> <info> app: hr,998,22614, -8.00 ,0
 0> <info> app: hr,999,22605, -8.00 ,0
 0> <info> app: hr,1000,22592, -8.00 ,0
 0> <info> app: hr,1001,22589, -8.00 ,0
 0> <info> app: hr,1002,22621, -7.00 ,0
 0> <info> app: hr,1003,22590, -7.00 ,0
 0> <info> app: hr,1004,22592, -8.00 ,0
 0> <info> app: hr,1005,22608, -7.00 ,0
 0> <info> app: hr,1006,22600, -7.00 ,0
 0> <info> app: hr,1007,22593, -7.00 ,0
 0> <info> app: hr,1008,22585, -6.00 ,0
 0> <info> app: hr,1009,22597, -6.00 ,0
 0> <info> app: hr,1010,22598, -6.00 ,0
 0> <info> app: hr,1011,22603, -5.00 ,0
 0> <info> app: hr,1012,22560, -5.00 ,0
 0> <info> app: hr,1013,22583, -5.00 ,0
 0> <info> app: hr,1014,22582, -4.00 ,0
 0> <info> app: hr,1015,22571, -4.00 ,0
 0> <info> app: hr,1016,22568, -3.00 ,0
 0> <info> app: hr,1017,22556, -3.00 ,0
 0> <info> app: hr,1018,22590, -2.00 ,0

# Logging stopped @ 23 Nov 2018 11:39:21
