# SEGGER J-Link RTT Viewer V6.16a Terminal Log File
# Compiled: 12:44:10 on Jun  6 2017
# Logging started @ 23 Nov 2018 10:00:08
 0> <info> app: ***********  Application started  ***********
 0> 
 0> <info> app: [OK] NRF Power ON 0x0004. 
 0> <info> app: Read MAC:CC34D2110EF6
 0> <info> app: ***********  Sensor initial ***********
 0> <info> app: [OK]	BMI160
 0> <info> app: [OK]	SETUP ACC
 0> <info> app: [OK]	SETUP STEP COUNT
 0> <info> app: [OK]	FLASH MEMORY
 0> <info> app: [OK]	OLED Initial
 0> <info> app: [OK]	Max30102 Initial, Temperature 34.37
 0> <info> app: ********** End sensor initial *********
 0> 
 0> <info> app: Max30102 Found
 0> 
 0> <info> app: HR Begin
 0> 
 0> <info> app: 2032
 0> <info> app: hr,0,20186,20178,-28
 0> <info> app: hr,1,20194,20235,29
 0> <info> app: hr,2,20208,20224,17
 0> <info> app: hr,3,20211,20203,-4
 0> <info> app: hr,4,20203,20222,14
 0> <info> app: hr,5,20182,20198,-10
 0> <info> app: hr,6,20191,20201,-6
 0> <info> app: hr,7,20205,20204,-3
 0> <info> app: hr,8,20198,20206,-1
 0> <info> app: hr,9,20172,20215,7
 0> <info> app: hr,10,20191,20185,-22
 0> <info> app: hr,11,20212,20215,8
 0> <info> app: hr,12,20188,20176,-30
 0> <info> app: hr,13,20192,20218,12
 0> <info> app: hr,14,20191,20201,-4
 0> <info> app: hr,15,20184,20217,11
 0> <info> app: hr,16,20185,20217,10
 0> <info> app: hr,17,20195,20198,-8
 0> <info> app: hr,18,20209,20197,-9
 0> <info> app: hr,19,20187,20207,1
 0> <info> app: hr,20,20194,20212,6
 0> <info> app: hr,21,20219,20201,-5
 0> <info> app: hr,22,20209,20206,0
 0> <info> app: hr,23,20194,20206,0
 0> <info> app: hr,24,20189,20210,3
 0> <info> app: hr,25,20201,20204,-2
 0> <info> app: hr,26,20188,20194,-12
 0> <info> app: hr,27,20199,20197,-8
 0> <info> app: hr,28,20216,20199,-6
 0> <info> app: hr,29,20197,20206,1
 0> <info> app: hr,30,20220,20215,10
 0> <info> app: hr,31,20201,20207,1
 0> <info> app: hr,32,20233,33,20196
 0> <info> app: hr,33,20224,23,20196
 0> <info> app: hr,34,20207,4,20197
 0> <info> app: hr,35,20214,11,20197
 0> <info> app: hr,36,20185,-17,20197
 0> <info> app: hr,37,20217,15,20198
 0> <info> app: hr,38,20175,-27,20198
 0> <info> app: hr,39,20211,9,20198
 0> <info> app: hr,40,20199,-2,20198
 0> <info> app: hr,41,20186,-15,20199
 0> <info> app: hr,42,20203,2,20199
 0> <info> app: hr,43,20197,-3,20199
 0> <info> app: hr,44,20193,-7,20199
 0> <info> app: hr,45,20172,-28,20199
 0> <info> app: hr,46,20200,1,20199
 0> <info> app: hr,47,20198,-1,20199
 0> <info> app: hr,48,20199,0,20199
 0> <info> app: hr,49,20215,16,20199
 0> <info> app: hr,50,20213,13,20199
 0> <info> app: hr,51,20193,-7,20199
 0> <info> app: hr,52,20205,4,20199
 0> <info> app: hr,53,20201,0,20199
 0> <info> app: hr,54,20195,-5,20199
 0> <info> app: hr,55,20204,3,20199
 0> <info> app: hr,56,20188,-12,20199
 0> <info> app: hr,57,20201,1,20200
 0> <info> app: hr,58,20203,3,20200
 0> <info> app: hr,59,20191,-8,20200
 0> <info> app: hr,60,20186,-13,20200
 0> <info> app: hr,61,20203,4,20199
 0> <info> app: hr,62,20197,-1,20199
 0> <info> app: hr,63,20209,10,20199
 0> <info> app: hr,64,20193,-6,20199
 0> <info> app: hr,65,20203,3,20199
 0> <info> app: hr,66,20198,-1,20199
 0> <info> app: hr,67,20199,0,20199
 0> <info> app: hr,68,20178,-21,20199
 0> <info> app: hr,69,20226,27,20199
 0> <info> app: hr,70,20211,11,20199
 0> <info> app: hr,71,20186,-14,20199
 0> <info> app: hr,72,20195,-4,20199
 0> <info> app: hr,73,20213,13,20199
 0> <info> app: hr,74,20201,1,20199
 0> <info> app: hr,75,20215,15,20199
 0> <info> app: hr,76,20202,1,20199
 0> <info> app: hr,77,20207,6,20199
 0> <info> app: hr,78,20204,2,20199
 0> <info> app: hr,79,20183,-18,20200
 0> <info> app: hr,80,20191,-9,20200
 0> <info> app: hr,81,20209,9,20200
 0> <info> app: hr,82,20228,27,20200
 0> <info> app: hr,83,20200,-1,20200
 0> <info> app: hr,84,20197,-4,20200
 0> <info> app: hr,85,20220,18,20200
 0> <info> app: hr,86,20197,-5,20200
 0> <info> app: hr,87,20200,-2,20200
 0> <info> app: hr,88,20208,6,20200
 0> <info> app: hr,89,20211,8,20201
 0> <info> app: hr,90,20213,10,20201
 0> <info> app: hr,91,20182,-21,20201
 0> <info> app: hr,92,20228,25,20201
 0> <info> app: hr,93,20208,4,20201
 0> <info> app: hr,94,20190,-13,20201
 0> <info> app: hr,95,20200,-2,20202
 0> <info> app: hr,96,20234,31,20202
 0> <info> app: hr,97,20223,18,20202
 0> <info> app: hr,98,20188,-17,20202
 0> <info> app: hr,99,20217,12,20202
 0> <info> app: hr,100,20204,-1,20203
 0> <info> app: hr,101,20212,6,20203
 0> <info> app: hr,102,20200,-5,20203
 0> <info> app: hr,103,20198,-7,20203
 0> <info> app: hr,104,20231,26,20204
 0> <info> app: hr,105,20193,-13,20204
 0> <info> app: hr,106,20210,4,20204
 0> <info> app: hr,107,20213,7,20204
 0> <info> app: hr,108,20214,7,20204
 0> <info> app: hr,109,20223,16,20205
 0> <info> app: hr,110,20202,-5,20205
 0> <info> app: hr,111,20201,-5,20205
 0> <info> app: hr,112,20197,-9,20205
 0> <info> app: hr,113,20201,-5,20205
 0> <info> app: hr,114,20191,-14,20206
 0> <info> app: hr,115,20192,-13,20206
 0> <info> app: hr,116,20204,0,20206
 0> <info> app: hr,117,20213,8,20206
 0> <info> app: hr,118,20210,5,20206
 0> <info> app: hr,119,20222,16,20206
 0> <info> app: hr,120,20214,7,20206
 0> <info> app: hr,121,20198,-8,20206
 0> <info> app: hr,122,20214,8,20206
 0> <info> app: hr,123,20214,7,20206
 0> <info> app: hr,124,20188,-18,20206
 0> <info> app: hr,125,20217,11,20206
 0> <info> app: hr,126,20231,24,20206
 0> <info> app: hr,127,20197,-10,20206
 0> <info> app: hr,128,20199,-8,20206
 0> <info> app: hr,129,20215,8,20207
 0> <info> app: hr,130,20227,19,20207
 0> <info> app: hr,131,20194,-14,20207
 0> <info> app: hr,132,20213,5,20207
 0> <info> app: hr,133,20202,-5,20207
 0> <info> app: hr,134,20214,6,20207
 0> <info> app: hr,135,20214,6,20207
 0> <info> app: hr,136,20204,-4,20207
 0> <info> app: hr,137,20224,16,20207
 0> <info> app: hr,138,20234,25,20207
 0> <info> app: hr,139,20214,4,20208
 0> <info> app: hr,140,20177,-33,20208
 0> <info> app: hr,141,20206,-2,20208
 0> <info> app: hr,142,20229,20,20208
 0> <info> app: hr,143,20222,12,20208
 0> <info> app: hr,144,20228,17,20208
 0> <info> app: hr,145,20214,3,20209
 0> <info> app: hr,146,20222,10,20209
 0> <info> app: hr,147,20227,15,20209
 0> <info> app: hr,148,20189,-23,20209
 0> <info> app: hr,149,20213,1,20210
 0> <info> app: hr,150,20191,-20,20210
 0> <info> app: hr,151,20220,9,20210
 0> <info> app: hr,152,20203,-7,20210
 0> <info> app: hr,153,20209,-1,20210
 0> <info> app: hr,154,20207,-3,20210
 0> <info> app: hr,155,20193,-17,20210
 0> <info> app: hr,156,20216,6,20210
 0> <info> app: hr,157,20195,-14,20210
 0> <info> app: hr,158,20218,9,20210
 0> <info> app: hr,159,20210,0,20210
 0> <info> app: hr,160,20205,-4,20210
 0> <info> app: hr,161,20217,7,20210
 0> <info> app: hr,162,20164,-45,20210
 0> <info> app: hr,163,20200,-7,20210
 0> <info> app: hr,164,20187,-19,20210
 0> <info> app: hr,165,20233,27,20210
 0> <info> app: hr,166,20207,0,20209
 0> <info> app: hr,167,20227,19,20209
 0> <info> app: hr,168,20201,-7,20209
 0> <info> app: hr,169,20205,-2,20209
 0> <info> app: hr,170,20236,28,20209
 0> <info> app: hr,171,20211,1,20209
 0> <info> app: hr,172,20212,2,20209
 0> <info> app: hr,173,20205,-4,20209
 0> <info> app: hr,174,20191,-18,20209
 0> <info> app: hr,175,20201,-7,20209
 0> <info> app: hr,176,20225,17,20209
 0> <info> app: hr,177,20220,11,20209
 0> <info> app: hr,178,20214,4,20209
 0> <info> app: hr,179,20198,-11,20209
 0> <info> app: hr,180,20210,1,20209
 0> <info> app: hr,181,20209,0,20209
 0> <info> app: hr,182,20219,9,20209
 0> <info> app: hr,183,20197,-12,20209
 0> <info> app: hr,184,20216,7,20209
 0> <info> app: hr,185,20209,0,20209
 0> <info> app: hr,186,20190,-19,20209
 0> <info> app: hr,187,20215,6,20209
 0> <info> app: hr,188,20201,-7,20209
 0> <info> app: hr,189,20215,6,20208
 0> <info> app: hr,190,20197,-11,20208
 0> <info> app: hr,191,20223,15,20208
 0> <info> app: hr,192,20203,-5,20208
 0> <info> app: hr,193,20206,-2,20208
 0> <info> app: hr,194,20216,7,20208
 0> <info> app: hr,195,20204,-4,20208
 0> <info> app: hr,196,20193,-15,20208
 0> <info> app: hr,197,20197,-10,20208
 0> <info> app: hr,198,20219,11,20208
 0> <info> app: hr,199,20219,11,20208
 0> <info> app: hr,200,20218,9,20208
 0> <info> app: hr,201,20195,-13,20208
 0> <info> app: hr,202,20203,-5,20208
 0> <info> app: hr,203,20211,3,20208
 0> <info> app: hr,204,20203,-5,20208
 0> <info> app: hr,205,20199,-8,20208
 0> <info> app: hr,206,20203,-4,20208
 0> <info> app: hr,207,20198,-9,20207
 0> <info> app: hr,208,20198,-8,20207
 0> <info> app: hr,209,20198,-8,20207
 0> <info> app: hr,210,20200,-5,20207
 0> <info> app: hr,211,20198,-7,20207
 0> <info> app: hr,212,20192,-13,20207
 0> <info> app: hr,213,20186,-18,20206
 0> <info> app: hr,214,20190,-13,20206
 0> <info> app: hr,215,20214,11,20206
 0> <info> app: hr,216,20198,-5,20205
 0> <info> app: hr,217,20195,-8,20205
 0> <info> app: hr,218,20212,9,20205
 0> <info> app: hr,219,20220,16,20205
 0> <info> app: hr,220,20195,-9,20204
 0> <info> app: hr,221,20182,-21,20204
 0> <info> app: hr,222,20210,7,20204
 0> <info> app: hr,223,20178,-24,20204
 0> <info> app: hr,224,20207,5,20203
 0> <info> app: hr,225,20189,-12,20203
 0> <info> app: hr,226,20209,7,20203
 0> <info> app: hr,227,20198,-3,20203
 0> <info> app: hr,228,20177,-24,20202
 0> <info> app: hr,229,20177,-23,20202
 0> <info> app: hr,230,20216,16,20202
 0> <info> app: hr,231,20216,16,20201
 0> <info> app: hr,232,20221,20,20201
 0> <info> app: hr,233,20191,-10,20201
 0> <info> app: hr,234,20174,-27,20201
 0> <info> app: hr,235,20209,9,20201
 0> <info> app: hr,236,20203,2,20200
 0> <info> app: hr,237,20196,-4,20200
 0> <info> app: hr,238,20196,-4,20200
 0> <info> app: hr,239,20187,-13,20200
 0> <info> app: hr,240,20181,-18,20200
 0> <info> app: hr,241,20218,19,20199
 0> <info> app: hr,242,20193,-6,20199
 0> <info> app: hr,243,20169,-30,20199
 0> <info> app: hr,244,20211,13,20199
 0> <info> app: hr,245,20177,-21,20198
 0> <info> app: hr,246,20177,-20,20198
 0> <info> app: hr,247,20181,-15,20198
 0> <info> app: hr,248,20208,12,20197
 0> <info> app: hr,249,20211,14,20197
 0> <info> app: hr,250,20195,-1,20197
 0> <info> app: hr,251,20204,7,20197
 0> <info> app: hr,252,20177,-20,20196
 0> <info> app: hr,253,20195,-1,20196
 0> <info> app: hr,254,20186,-10,20196
 0> <info> app: hr,255,20211,15,20196
 0> <info> app: hr,256,20207,10,20196
 0> <info> app: hr,257,20182,-14,20196
 0> <info> app: hr,258,20200,3,20195
 0> <info> app: hr,259,20213,16,20195
 0> <info> app: hr,260,20200,2,20195
 0> <info> app: hr,261,20194,-3,20195
 0> <info> app: hr,262,20197,0,20195
 0> <info> app: hr,263,20212,14,20195
 0> <info> app: hr,264,20216,18,20195
 0> <info> app: hr,265,20202,3,20195
 0> <info> app: hr,266,20190,-8,20195
 0> <info> app: hr,267,20176,-22,20195
 0> <info> app: hr,268,20175,-22,20195
 0> <info> app: hr,269,20193,-3,20195
 0> <info> app: hr,270,20216,19,20195
 0> <info> app: hr,271,20203,5,20195
 0> <info> app: hr,272,20211,13,20195
 0> <info> app: hr,273,20182,-16,20195
 0> <info> app: hr,274,20200,2,20195
 0> <info> app: hr,275,20188,-9,20196
 0> <info> app: hr,276,20200,3,20196
 0> <info> app: hr,277,20180,-17,20196
 0> <info> app: hr,278,20195,-1,20196
 0> <info> app: hr,279,20183,-13,20195
 0> <info> app: hr,280,20186,-9,20195
 0> <info> app: hr,281,20186,-9,20195
 0> <info> app: hr,282,20202,7,20195
 0> <info> app: hr,283,20193,-1,20195
 0> <info> app: hr,284,20195,0,20195
 0> <info> app: hr,285,20199,4,20195
 0> <info> app: hr,286,20218,22,20195
 0> <info> app: hr,287,20193,-3,20195
 0> <info> app: hr,288,20201,4,20195
 0> <info> app: hr,289,20204,7,20195
 0> <info> app: hr,290,20198,1,20195
 0> <info> app: hr,291,20188,-8,20195
 0> <info> app: hr,292,20199,2,20195
 0> <info> app: hr,293,20214,17,20195
 0> <info> app: hr,294,20179,-18,20195
 0> <info> app: hr,295,20170,-26,20195
 0> <info> app: hr,296,20194,-1,20195
 0> <info> app: hr,297,20189,-6,20195
 0> <info> app: hr,298,20197,2,20195
 0> <info> app: hr,299,20205,10,20195
 0> <info> app: hr,300,20186,-9,20195
 0> <info> app: hr,301,20194,0,20195
 0> <info> app: hr,302,20211,16,20195
 0> <info> app: hr,303,20199,3,20195
 0> <info> app: hr,304,20185,-10,20195
 0> <info> app: hr,305,20193,-2,20195
 0> <info> app: hr,306,20205,9,20195
 0> <info> app: hr,307,20208,12,20195
 0> <info> app: hr,308,20191,-5,20195
 0> <info> app: hr,309,20200,3,20195
 0> <info> app: hr,310,20190,-6,20195
 0> <info> app: hr,311,20186,-9,20195
 0> <info> app: hr,312,20172,-23,20195
 0> <info> app: hr,313,20197,2,20195
 0> <info> app: hr,314,20186,-8,20195
 0> <info> app: hr,315,20230,36,20195
 0> <info> app: hr,316,20199,3,20195
 0> <info> app: hr,317,20225,29,20195
 0> <info> app: hr,318,20198,0,20195
 0> <info> app: hr,319,20204,6,20195
 0> <info> app: hr,320,20184,-13,20195
 0> <info> app: hr,321,20220,22,20195
 0> <info> app: hr,322,20180,-18,20195
 0> <info> app: hr,323,20205,7,20196
 0> <info> app: hr,324,20206,8,20196
 0> <info> app: hr,325,20196,-2,20196
 0> <info> app: hr,326,20195,-2,20196
 0> <info> app: hr,327,20200,2,20196
 0> <info> app: hr,328,20212,14,20196
 0> <info> app: hr,329,20189,-9,20196
 0> <info> app: hr,330,20201,2,20197
 0> <info> app: hr,331,20200,1,20197
 0> <info> app: hr,332,20198,0,20197
 0> <info> app: hr,333,20200,1,20197
 0> <info> app: hr,334,20195,-3,20197
 0> <info> app: hr,335,20212,13,20197
 0> <info> app: hr,336,20185,-13,20197
 0> <info> app: hr,337,20208,9,20197
 0> <info> app: hr,338,20207,8,20198
 0> <info> app: hr,339,20191,-8,20198
 0> <info> app: hr,340,20187,-11,20198
 0> <info> app: hr,341,20192,-6,20198
 0> <info> app: hr,342,20211,13,20198
 0> <info> app: hr,343,20190,-8,20198
 0> <info> app: hr,344,20214,15,20198
 0> <info> app: hr,345,20194,-4,20198
 0> <info> app: hr,346,20178,-20,20198
 0> <info> app: hr,347,20210,12,20198
 0> <info> app: hr,348,20216,17,20198
 0> <info> app: hr,349,20194,-5,20198
 0> <info> app: hr,350,20176,-22,20198
 0> <info> app: hr,351,20203,5,20198
 0> <info> app: hr,352,20183,-14,20198
 0> <info> app: hr,353,20199,1,20198
 0> <info> app: hr,354,20202,4,20198
 0> <info> app: hr,355,20224,26,20198
 0> <info> app: hr,356,20228,29,20198
 0> <info> app: hr,357,20199,-1,20198
 0> <info> app: hr,358,20199,-1,20198
 0> <info> app: hr,359,20199,-1,20199
 0> <info> app: hr,360,20220,19,20199
 0> <info> app: hr,361,20187,-14,20199
 0> <info> app: hr,362,20221,20,20199
 0> <info> app: hr,363,20212,10,20199
 0> <info> app: hr,364,20202,0,20199
 0> <info> app: hr,365,20205,3,20200
 0> <info> app: hr,366,20166,-36,20200
 0> <info> app: hr,367,20202,1,20200
 0> <info> app: hr,368,20190,-10,20200
 0> <info> app: hr,369,20224,24,20200
 0> <info> app: hr,370,20202,0,20200
 0> <info> app: hr,371,20181,-20,20200
 0> <info> app: hr,372,20217,16,20200
 0> <info> app: hr,373,20194,-6,20200
 0> <info> app: hr,374,20201,0,20200
 0> <info> app: hr,375,20208,7,20200
 0> <info> app: hr,376,20207,5,20201
 0> <info> app: hr,377,20186,-15,20201
 0> <info> app: hr,378,20210,9,20201
 0> <info> app: hr,379,20210,8,20201
 0> <info> app: hr,380,20208,6,20201
 0> <info> app: hr,381,20225,23,20201
 0> <info> app: hr,382,20234,31,20201
 0> <info> app: hr,383,20205,0,20201
 0> <info> app: hr,384,20199,-5,20202
 0> <info> app: hr,385,20187,-17,20202
 0> <info> app: hr,386,20211,7,20202
 0> <info> app: hr,387,20190,-13,20202
 0> <info> app: hr,388,20201,-2,20202
 0> <info> app: hr,389,20217,14,20202
 0> <info> app: hr,390,20210,6,20203
 0> <info> app: hr,391,20197,-6,20203
 0> <info> app: hr,392,20193,-10,20203
 0> <info> app: hr,393,20194,-9,20203
 0> <info> app: hr,394,20198,-4,20203
 0> <info> app: hr,395,20212,9,20203
 0> <info> app: hr,396,20176,-26,20203
 0> <info> app: hr,397,20207,5,20203
 0> <info> app: hr,398,20196,-5,20203
 0> <info> app: hr,399,20180,-21,20203
 0> <info> app: hr,400,20201,0,20203
 0> <info> app: hr,401,20193,-7,20202
 0> <info> app: hr,402,20189,-11,20202
 0> <info> app: hr,403,20210,10,20202
 0> <info> app: hr,404,20186,-14,20202
 0> <info> app: hr,405,20209,9,20202
 0> <info> app: hr,406,20189,-10,20202
 0> <info> app: hr,407,20212,12,20201
 0> <info> app: hr,408,20191,-8,20201
 0> <info> app: hr,409,20193,-6,20201
 0> <info> app: hr,410,20191,-8,20201
 0> <info> app: hr,411,20220,21,20201
 0> <info> app: hr,412,20214,14,20200
 0> <info> app: hr,413,20194,-6,20200
 0> <info> app: hr,414,20207,6,20200
 0> <info> app: hr,415,20196,-4,20200
 0> <info> app: hr,416,20195,-5,20200
 0> <info> app: hr,417,20196,-4,20200
 0> <info> app: hr,418,20206,6,20200
 0> <info> app: hr,419,20213,12,20200
 0> <info> app: hr,420,20217,16,20200
 0> <info> app: hr,421,20211,9,20200
 0> <info> app: hr,422,20200,-2,20200
 0> <info> app: hr,423,20214,12,20200
 0> <info> app: hr,424,20241,38,20200
 0> <info> app: hr,425,20192,-12,20201
 0> <info> app: hr,426,20222,18,20201
 0> <info> app: hr,427,20191,-13,20201
 0> <info> app: hr,428,20195,-9,20201
 0> <info> app: hr,429,20229,25,20201
 0> <info> app: hr,430,20195,-9,20202
 0> <info> app: hr,431,20210,5,20202
 0> <info> app: hr,432,20199,-5,20202
 0> <info> app: hr,433,20202,-2,20202
 0> <info> app: hr,434,20198,-6,20202
 0> <info> app: hr,435,20205,1,20203
 0> <info> app: hr,436,20182,-22,20203
 0> <info> app: hr,437,20187,-15,20203
 0> <info> app: hr,438,20218,15,20203
 0> <info> app: hr,439,20186,-16,20203
 0> <info> app: hr,440,20224,21,20203
 0> <info> app: hr,441,20206,2,20203
 0> <info> app: hr,442,20208,4,20203
 0> <info> app: hr,443,20195,-8,20203
 0> <info> app: hr,444,20187,-16,20203
 0> <info> app: hr,445,20206,3,20203
 0> <info> app: hr,446,20202,0,20203
 0> <info> app: hr,447,20193,-9,20203
 0> <info> app: hr,448,20192,-9,20203
 0> <info> app: hr,449,20209,7,20203
 0> <info> app: hr,450,20186,-15,20203
 0> <info> app: hr,451,20186,-15,20202
 0> <info> app: hr,452,20219,18,20202
 0> <info> app: hr,453,20202,0,20202
 0> <info> app: hr,454,20183,-18,20202
 0> <info> app: hr,455,20199,-1,20202
 0> <info> app: hr,456,20226,25,20202
 0> <info> app: hr,457,20210,8,20202
 0> <info> app: hr,458,20200,-2,20202
 0> <info> app: hr,459,20194,-7,20202
 0> <info> app: hr,460,20183,-18,20202
 0> <info> app: hr,461,20210,9,20201
 0> <info> app: hr,462,20172,-29,20201
 0> <info> app: hr,463,20208,8,20201
 0> <info> app: hr,464,20204,3,20201
 0> <info> app: hr,465,20210,9,20201
 0> <info> app: hr,466,20197,-3,20201
 0> <info> app: hr,467,20184,-16,20201
 0> <info> app: hr,468,20183,-16,20201
 0> <info> app: hr,469,20184,-14,20200
 0> <info> app: hr,470,20207,8,20200
 0> <info> app: hr,471,20211,12,20200
 0> <info> app: hr,472,20197,-2,20200
 0> <info> app: hr,473,20188,-11,20200
 0> <info> app: hr,474,20212,13,20199
 0> <info> app: hr,475,20182,-17,20199
 0> <info> app: hr,476,20185,-13,20199
 0> <info> app: hr,477,20206,8,20199
 0> <info> app: hr,478,20196,-2,20199
 0> <info> app: hr,479,20209,11,20199
 0> <info> app: hr,480,20221,22,20198
 0> <info> app: hr,481,20207,7,20198
 0> <info> app: hr,482,20212,11,20198
 0> <info> app: hr,483,20185,-15,20198
 0> <info> app: hr,484,20210,10,20198
 0> <info> app: hr,485,20190,-10,20198
 0> <info> app: hr,486,20201,1,20199
 0> <info> app: hr,487,20219,19,20199
 0> <info> app: hr,488,20212,11,20199
 0> <info> app: hr,489,20190,-11,20199
 0> <info> app: hr,490,20197,-3,20199
 0> <info> app: hr,491,20205,4,20199
 0> <info> app: hr,492,20188,-12,20199
 0> <info> app: hr,493,20200,0,20199
 0> <info> app: hr,494,20203,2,20199
 0> <info> app: hr,495,20178,-22,20199
 0> <info> app: hr,496,20205,5,20199
 0> <info> app: hr,497,20160,-39,20199
 0> <info> app: hr,498,20206,8,20199
 0> <info> app: hr,499,20160,-37,20199
 0> <info> app: hr,500,20201,4,20198
 0> <info> app: hr,501,20182,-14,20198
 0> <info> app: hr,502,20194,-1,20198
 0> <info> app: hr,503,20207,11,20198
 0> <info> app: hr,504,20183,-13,20197
 0> <info> app: hr,505,20213,17,20197
 0> <info> app: hr,506,20176,-20,20197
 0> <info> app: hr,507,20190,-5,20197
 0> <info> app: hr,508,20199,3,20197
 0> <info> app: hr,509,20201,5,20196
 0> <info> app: hr,510,20223,27,20196
 0> <info> app: hr,511,20182,-14,20196
 0> <info> app: hr,512,20200,3,20196
 0> <info> app: hr,513,20185,-11,20196
 0> <info> app: hr,514,20204,8,20196
 0> <info> app: hr,515,20201,4,20196
 0> <info> app: hr,516,20219,22,20196
 0> <info> app: hr,517,20201,3,20196
 0> <info> app: hr,518,20176,-21,20196
 0> <info> app: hr,519,20193,-3,20196
 0> <info> app: hr,520,20217,20,20196
 0> <info> app: hr,521,20195,-2,20196
 0> <info> app: hr,522,20203,5,20196
 0> <info> app: hr,523,20194,-3,20196
 0> <info> app: hr,524,20192,-5,20196
 0> <info> app: hr,525,20198,0,20196
 0> <info> app: hr,526,20211,13,20196
 0> <info> app: hr,527,20163,-34,20196
 0> <info> app: hr,528,20200,3,20196
 0> <info> app: hr,529,20193,-3,20196
 0> <info> app: hr,530,20203,6,20196
 0> <info> app: hr,531,20190,-6,20196
 0> <info> app: hr,532,20184,-12,20196
 0> <info> app: hr,533,20196,0,20196
 0> <info> app: hr,534,20158,-37,20195
 0> <info> app: hr,535,20184,-9,20195
 0> <info> app: hr,536,20194,0,20195
 0> <info> app: hr,537,20197,3,20195
 0> <info> app: hr,538,20210,16,20195
 0> <info> app: hr,539,20206,11,20195
 0> <info> app: hr,540,20214,19,20194
 0> <info> app: hr,541,20202,6,20194
 0> <info> app: hr,542,20198,1,20194
 0> <info> app: hr,543,20210,13,20195
 0> <info> app: hr,544,20190,-6,20195
 0> <info> app: hr,545,20183,-13,20195
 0> <info> app: hr,546,20198,2,20195
 0> <info> app: hr,547,20206,9,20195
 0> <info> app: hr,548,20183,-13,20195
 0> <info> app: hr,549,20193,-2,20195
 0> <info> app: hr,550,20179,-16,20195
 0> <info> app: hr,551,20187,-7,20195
 0> <info> app: hr,552,20209,14,20195
 0> <info> app: hr,553,20205,9,20195
 0> <info> app: hr,554,20207,11,20195
 0> <info> app: hr,555,20188,-8,20195
 0> <info> app: hr,556,20201,5,20195
 0> <info> app: hr,557,20184,-12,20195
 0> <info> app: hr,558,20205,9,20195
 0> <info> app: hr,559,20197,1,20195
 0> <info> app: hr,560,20178,-18,20195
 0> <info> app: hr,561,20182,-13,20195
 0> <info> app: hr,562,20220,25,20195
 0> <info> app: hr,563,20217,21,20195
 0> <info> app: hr,564,20188,-8,20195
 0> <info> app: hr,565,20223,26,20195
 0> <info> app: hr,566,20200,2,20195
 0> <info> app: hr,567,20193,-4,20195
 0> <info> app: hr,568,20206,8,20195
 0> <info> app: hr,569,20204,6,20196
 0> <info> app: hr,570,20183,-15,20196
 0> <info> app: hr,571,20203,5,20196
 0> <info> app: hr,572,20186,-11,20196
 0> <info> app: hr,573,20183,-14,20196
 0> <info> app: hr,574,20162,-34,20196
 0> <info> app: hr,575,20196,1,20196
 0> <info> app: hr,576,20195,0,20196
 0> <info> app: hr,577,20176,-18,20196
 0> <info> app: hr,578,20218,24,20196
 0> <info> app: hr,579,20197,1,20196
 0> <info> app: hr,580,20196,0,20196
 0> <info> app: hr,581,20177,-18,20195
 0> <info> app: hr,582,20208,13,20195
 0> <info> app: hr,583,20205,9,20195
 0> <info> app: hr,584,20196,0,20195
 0> <info> app: hr,585,20203,7,20195
 0> <info> app: hr,586,20207,11,20195
 0> <info> app: hr,587,20197,0,20195
 0> <info> app: hr,588,20208,11,20195
 0> <info> app: hr,589,20203,5,20195
 0> <info> app: hr,590,20199,1,20196
 0> <info> app: hr,591,20209,11,20196
 0> <info> app: hr,592,20196,-2,20196
 0> <info> app: hr,593,20210,12,20196
 0> <info> app: hr,594,20172,-26,20196
 0> <info> app: hr,595,20178,-19,20196
 0> <info> app: hr,596,20204,7,20196
 0> <info> app: hr,597,20204,7,20196
 0> <info> app: hr,598,20205,8,20196
 0> <info> app: hr,599,20184,-13,20196
 0> <info> app: hr,600,20227,30,20196
 0> <info> app: hr,601,20211,12,20196
 0> <info> app: hr,602,20191,-7,20197
 0> <info> app: hr,603,20197,-1,20197
 0> <info> app: hr,604,20206,7,20197
 0> <info> app: hr,605,20187,-11,20197
 0> <info> app: hr,606,20190,-8,20197
 0> <info> app: hr,607,20198,0,20197
 0> <info> app: hr,608,20195,-2,20197
 0> <info> app: hr,609,20193,-4,20197
 0> <info> app: hr,610,20210,12,20197
 0> <info> app: hr,611,20202,3,20197
 0> <info> app: hr,612,20216,17,20197
 0> <info> app: hr,613,20192,-7,20198
 0> <info> app: hr,614,20205,6,20198
 0> <info> app: hr,615,20193,-6,20198
 0> <info> app: hr,616,20186,-12,20198
 0> <info> app: hr,617,20215,16,20198
 0> <info> app: hr,618,20187,-11,20198
 0> <info> app: hr,619,20204,5,20198
 0> <info> app: hr,620,20196,-2,20198
 0> <info> app: hr,621,20212,13,20198
 0> <info> app: hr,622,20200,0,20198
 0> <info> app: hr,623,20195,-4,20198
 0> <info> app: hr,624,20208,8,20198
 0> <info> app: hr,625,20200,0,20198
 0> <info> app: hr,626,20205,5,20199
 0> <info> app: hr,627,20199,0,20199
 0> <info> app: hr,628,20196,-3,20199
 0> <info> app: hr,629,20205,5,20199
 0> <info> app: hr,630,20200,0,20199
 0> <info> app: hr,631,20194,-5,20199
 0> <info> app: hr,632,20181,-18,20199
 0> <info> app: hr,633,20218,19,20199
 0> <info> app: hr,634,20194,-5,20199
 0> <info> app: hr,635,20209,9,20199
 0> <info> app: hr,636,20180,-19,20199
 0> <info> app: hr,637,20192,-6,20199
 0> <info> app: hr,638,20196,-2,20199
 0> <info> app: hr,639,20200,1,20199
 0> <info> app: hr,640,20230,31,20199
 0> <info> app: hr,641,20173,-27,20199
 0> <info> app: hr,642,20199,0,20199
 0> <info> app: hr,643,20207,8,20199
 0> <info> app: hr,644,20191,-8,20199
 0> <info> app: hr,645,20201,2,20199
 0> <info> app: hr,646,20221,22,20199
 0> <info> app: hr,647,20214,14,20199
 0> <info> app: hr,648,20198,-2,20199
 0> <info> app: hr,649,20228,27,20199
 0> <info> app: hr,650,20194,-7,20199
 0> <info> app: hr,651,20205,3,20200
 0> <info> app: hr,652,20209,7,20200
 0> <info> app: hr,653,20218,15,20200
 0> <info> app: hr,654,20202,0,20200
 0> <info> app: hr,655,20213,10,20200
 0> <info> app: hr,656,20213,9,20201
 0> <info> app: hr,657,20193,-10,20201
 0> <info> app: hr,658,20194,-9,20201
 0> <info> app: hr,659,20221,18,20201
 0> <info> app: hr,660,20209,5,20201
 0> <info> app: hr,661,20218,14,20202
 0> <info> app: hr,662,20206,1,20202
 0> <info> app: hr,663,20232,27,20202
 0> <info> app: hr,664,20203,-3,20203
 0> <info> app: hr,665,20223,17,20203
 0> <info> app: hr,666,20225,18,20203
 0> <info> app: hr,667,20217,9,20204
 0> <info> app: hr,668,20196,-12,20204
 0> <info> app: hr,669,20227,19,20204
 0> <info> app: hr,670,20185,-23,20205
 0> <info> app: hr,671,20224,16,20205
 0> <info> app: hr,672,20228,19,20206
 0> <info> app: hr,673,20210,0,20206
 0> <info> app: hr,674,20200,-9,20206
 0> <info> app: hr,675,20192,-16,20207
 0> <info> app: hr,676,20203,-4,20207
 0> <info> app: hr,677,20192,-15,20207
 0> <info> app: hr,678,20192,-14,20207
 0> <info> app: hr,679,20201,-5,20207
 0> <info> app: hr,680,20202,-3,20207
 0> <info> app: hr,681,20213,7,20207
 0> <info> app: hr,682,20204,-2,20207
 0> <info> app: hr,683,20198,-7,20207
 0> <info> app: hr,684,20206,0,20207
 0> <info> app: hr,685,20218,12,20207
 0> <info> app: hr,686,20218,11,20207
 0> <info> app: hr,687,20203,-3,20207
 0> <info> app: hr,688,20213,6,20207
 0> <info> app: hr,689,20198,-8,20207
 0> <info> app: hr,690,20210,3,20207
 0> <info> app: hr,691,20207,0,20207
 0> <info> app: hr,692,20222,15,20207
 0> <info> app: hr,693,20223,15,20207
 0> <info> app: hr,694,20194,-14,20207
 0> <info> app: hr,695,20184,-23,20208
 0> <info> app: hr,696,20221,14,20208
 0> <info> app: hr,697,20193,-14,20207
 0> <info> app: hr,698,20203,-3,20207
 0> <info> app: hr,699,20207,0,20207
 0> <info> app: hr,700,20213,6,20207
 0> <info> app: hr,701,20210,3,20207
 0> <info> app: hr,702,20217,10,20207
 0> <info> app: hr,703,20227,19,20207
 0> <info> app: hr,704,20214,5,20207
 0> <info> app: hr,705,20216,7,20207
 0> <info> app: hr,706,20226,17,20208
 0> <info> app: hr,707,20212,2,20208
 0> <info> app: hr,708,20217,7,20208
 0> <info> app: hr,709,20221,10,20208
 0> <info> app: hr,710,20194,-16,20208
 0> <info> app: hr,711,20207,-2,20208
 0> <info> app: hr,712,20189,-20,20209
 0> <info> app: hr,713,20182,-26,20209
 0> <info> app: hr,714,20226,18,20209
 0> <info> app: hr,715,20214,5,20209
 0> <info> app: hr,716,20196,-12,20209
 0> <info> app: hr,717,20224,16,20209
 0> <info> app: hr,718,20169,-39,20209
 0> <info> app: hr,719,20192,-14,20208
 0> <info> app: hr,720,20187,-19,20208
 0> <info> app: hr,721,20198,-7,20208
 0> <info> app: hr,722,20206,1,20208
 0> <info> app: hr,723,20213,8,20208
 0> <info> app: hr,724,20215,9,20207
 0> <info> app: hr,725,20201,-4,20207
 0> <info> app: hr,726,20207,1,20207
 0> <info> app: hr,727,20192,-13,20207
 0> <info> app: hr,728,20197,-7,20207
 0> <info> app: hr,729,20214,9,20206
 0> <info> app: hr,730,20191,-13,20206
 0> <info> app: hr,731,20192,-12,20206
 0> <info> app: hr,732,20185,-18,20206
 0> <info> app: hr,733,20223,20,20205
 0> <info> app: hr,734,20219,15,20205
 0> <info> app: hr,735,20206,1,20205
 0> <info> app: hr,736,20221,16,20205
 0> <info> app: hr,737,20181,-24,20205
 0> <info> app: hr,738,20196,-8,20205
 0> <info> app: hr,739,20210,6,20204
 0> <info> app: hr,740,20202,-2,20204
 0> <info> app: hr,741,20178,-25,20204
 0> <info> app: hr,742,20199,-3,20204
 0> <info> app: hr,743,20206,3,20204
 0> <info> app: hr,744,20201,-1,20204
 0> <info> app: hr,745,20201,-1,20203
 0> <info> app: hr,746,20199,-3,20203
 0> <info> app: hr,747,20214,11,20203
 0> <info> app: hr,748,20182,-20,20203
 0> <info> app: hr,749,20191,-10,20203
 0> <info> app: hr,750,20218,16,20202
 0> <info> app: hr,751,20210,7,20202
 0> <info> app: hr,752,20180,-22,20202
 0> <info> app: hr,753,20169,-32,20202
 0> <info> app: hr,754,20197,-2,20202
 0> <info> app: hr,755,20197,-2,20201
 0> <info> app: hr,756,20207,7,20201
 0> <info> app: hr,757,20199,0,20201
 0> <info> app: hr,758,20190,-9,20201
 0> <info> app: hr,759,20190,-9,20200
 0> <info> app: hr,760,20219,20,20200
 0> <info> app: hr,761,20207,7,20200
 0> <info> app: hr,762,20175,-25,20200
 0> <info> app: hr,763,20209,10,20199
 0> <info> app: hr,764,20205,5,20199
 0> <info> app: hr,765,20206,6,20199
 0> <info> app: hr,766,20213,12,20199
 0> <info> app: hr,767,20210,9,20199
 0> <info> app: hr,768,20198,-3,20199
 0> <info> app: hr,769,20187,-14,20199
 0> <info> app: hr,770,20194,-6,20199
 0> <info> app: hr,771,20216,15,20199
 0> <info> app: hr,772,20203,2,20199
 0> <info> app: hr,773,20198,-2,20199
 0> <info> app: hr,774,20178,-22,20199
 0> <info> app: hr,775,20201,1,20199
 0> <info> app: hr,776,20216,16,20199
 0> <info> app: hr,777,20201,0,20199
 0> <info> app: hr,778,20181,-19,20199
 0> <info> app: hr,779,20217,17,20199
 0> <info> app: hr,780,20200,0,20199
 0> <info> app: hr,781,20195,-5,20199
 0> <info> app: hr,782,20196,-4,20199
 0> <info> app: hr,783,20199,0,20199
 0> <info> app: hr,784,20224,24,20199
 0> <info> app: hr,785,20183,-18,20199
 0> <info> app: hr,786,20203,2,20199
 0> <info> app: hr,787,20191,-9,20199
 0> <info> app: hr,788,20192,-7,20199
 0> <info> app: hr,789,20196,-3,20199
 0> <info> app: hr,790,20187,-12,20199
 0> <info> app: hr,791,20222,23,20199
 0> <info> app: hr,792,20223,23,20199
 0> <info> app: hr,793,20208,6,20199
 0> <info> app: hr,794,20185,-16,20199
 0> <info> app: hr,795,20184,-16,20199
 0> <info> app: hr,796,20199,0,20199
 0> <info> app: hr,797,20176,-23,20199
 0> <info> app: hr,798,20193,-5,20199
 0> <info> app: hr,799,20206,7,20199
 0> <info> app: hr,800,20196,-2,20199
 0> <info> app: hr,801,20196,-2,20199
 0> <info> app: hr,802,20193,-5,20198
 0> <info> app: hr,803,20205,6,20198
 0> <info> app: hr,804,20190,-8,20198
 0> <info> app: hr,805,20197,-1,20198
 0> <info> app: hr,806,20203,5,20198
 0> <info> app: hr,807,20211,12,20198
 0> <info> app: hr,808,20177,-21,20198
 0> <info> app: hr,809,20197,0,20198
 0> <info> app: hr,810,20225,27,20198
 0> <info> app: hr,811,20209,9,20198
 0> <info> app: hr,812,20208,8,20198
 0> <info> app: hr,813,20181,-19,20198
 0> <info> app: hr,814,20217,17,20198
 0> <info> app: hr,815,20179,-20,20198
 0> <info> app: hr,816,20184,-14,20198
 0> <info> app: hr,817,20186,-12,20198
 0> <info> app: hr,818,20161,-36,20198
 0> <info> app: hr,819,20186,-9,20198
 0> <info> app: hr,820,20191,-4,20197
 0> <info> app: hr,821,20204,8,20197
 0> <info> app: hr,822,20192,-3,20197
 0> <info> app: hr,823,20199,3,20197
 0> <info> app: hr,824,20184,-11,20197
 0> <info> app: hr,825,20203,8,20196
 0> <info> app: hr,826,20209,13,20196
 0> <info> app: hr,827,20208,12,20196
 0> <info> app: hr,828,20193,-3,20196
 0> <info> app: hr,829,20178,-18,20196
 0> <info> app: hr,830,20192,-3,20196
 0> <info> app: hr,831,20191,-4,20196
 0> <info> app: hr,832,20194,-1,20195
 0> <info> app: hr,833,20203,7,20195
 0> <info> app: hr,834,20207,11,20195
 0> <info> app: hr,835,20210,13,20195
 0> <info> app: hr,836,20198,1,20195
 0> <info> app: hr,837,20204,7,20195
 0> <info> app: hr,838,20204,6,20195
 0> <info> app: hr,839,20187,-10,20195
 0> <info> app: hr,840,20200,3,20195
 0> <info> app: hr,841,20169,-28,20195
 0> <info> app: hr,842,20208,12,20195
 0> <info> app: hr,843,20210,13,20195
 0> <info> app: hr,844,20222,24,20195
 0> <info> app: hr,845,20230,31,20196
 0> <info> app: hr,846,20186,-13,20196
 0> <info> app: hr,847,20188,-11,20196
 0> <info> app: hr,848,20221,22,20196
 0> <info> app: hr,849,20183,-16,20196
 0> <info> app: hr,850,20208,9,20196
 0> <info> app: hr,851,20179,-20,20197
 0> <info> app: hr,852,20227,28,20197
 0> <info> app: hr,853,20197,-2,20197
 0> <info> app: hr,854,20219,19,20197
 0> <info> app: hr,855,20209,8,20197
 0> <info> app: hr,856,20207,5,20198
 0> <info> app: hr,857,20195,-6,20198
 0> <info> app: hr,858,20214,13,20198
 0> <info> app: hr,859,20179,-22,20198
 0> <info> app: hr,860,20209,8,20199
 0> <info> app: hr,861,20201,0,20199
 0> <info> app: hr,862,20203,2,20199
 0> <info> app: hr,863,20193,-8,20199
 0> <info> app: hr,864,20208,7,20199
 0> <info> app: hr,865,20192,-9,20200
 0> <info> app: hr,866,20194,-6,20200
 0> <info> app: hr,867,20179,-21,20200
 0> <info> app: hr,868,20188,-11,20200
 0> <info> app: hr,869,20166,-32,20200
 0> <info> app: hr,870,20192,-4,20200
 0> <info> app: hr,871,20211,14,20199
 0> <info> app: hr,872,20192,-5,20199
 0> <info> app: hr,873,20191,-6,20199
 0> <info> app: hr,874,20179,-17,20199
 0> <info> app: hr,875,20206,10,20199
 0> <info> app: hr,876,20172,-24,20198
 0> <info> app: hr,877,20205,9,20198
 0> <info> app: hr,878,20196,0,20198
 0> <info> app: hr,879,20212,16,20198
 0> <info> app: hr,880,20210,13,20198
 0> <info> app: hr,881,20183,-14,20198
 0> <info> app: hr,882,20222,25,20197
 0> <info> app: hr,883,20187,-10,20197
 0> <info> app: hr,884,20192,-5,20197
 0> <info> app: hr,885,20200,3,20197
 0> <info> app: hr,886,20218,20,20197
 0> <info> app: hr,887,20201,2,20197
 0> <info> app: hr,888,20186,-12,20197
 0> <info> app: hr,889,20205,7,20197
 0> <info> app: hr,890,20194,-4,20197
 0> <info> app: hr,891,20211,13,20197
 0> <info> app: hr,892,20216,17,20197
 0> <info> app: hr,893,20214,14,20197
 0> <info> app: hr,894,20190,-10,20197
 0> <info> app: hr,895,20208,8,20198
 0> <info> app: hr,896,20201,0,20198
 0> <info> app: hr,897,20200,0,20198
 0> <info> app: hr,898,20204,3,20198
 0> <info> app: hr,899,20185,-15,20198
 0> <info> app: hr,900,20195,-4,20198
 0> <info> app: hr,901,20209,9,20198
 0> <info> app: hr,902,20185,-14,20198
 0> <info> app: hr,903,20203,3,20198
 0> <info> app: hr,904,20205,5,20198
 0> <info> app: hr,905,20214,14,20199
 0> <info> app: hr,906,20219,18,20199
 0> <info> app: hr,907,20185,-16,20199
 0> <info> app: hr,908,20184,-16,20199
 0> <info> app: hr,909,20226,26,20199
 0> <info> app: hr,910,20197,-3,20199
 0> <info> app: hr,911,20191,-9,20199
 0> <info> app: hr,912,20203,2,20199
 0> <info> app: hr,913,20229,28,20199
 0> <info> app: hr,914,20201,0,20200
 0> <info> app: hr,915,20186,-15,20200
 0> <info> app: hr,916,20193,-7,20200
 0> <info> app: hr,917,20212,11,20200
 0> <info> app: hr,918,20209,7,20200
 0> <info> app: hr,919,20202,0,20200
 0> <info> app: hr,920,20210,8,20200
 0> <info> app: hr,921,20191,-10,20200
 0> <info> app: hr,922,20198,-3,20201
 0> <info> app: hr,923,20188,-13,20201
 0> <info> app: hr,924,20205,4,20201
 0> <info> app: hr,925,20203,2,20201
 0> <info> app: hr,926,20214,13,20201
 0> <info> app: hr,927,20203,1,20201
 0> <info> app: hr,928,20194,-7,20201
 0> <info> app: hr,929,20193,-8,20201
 0> <info> app: hr,930,20209,8,20201
 0> <info> app: hr,931,20231,29,20201
 0> <info> app: hr,932,20194,-8,20201
 0> <info> app: hr,933,20222,19,20201
 0> <info> app: hr,934,20206,2,20201
 0> <info> app: hr,935,20188,-15,20202
 0> <info> app: hr,936,20194,-8,20202
 0> <info> app: hr,937,20206,3,20202
 0> <info> app: hr,938,20204,1,20202
 0> <info> app: hr,939,20222,19,20202
 0> <info> app: hr,940,20204,0,20202
 0> <info> app: hr,941,20223,19,20202
 0> <info> app: hr,942,20207,2,20202
 0> <info> app: hr,943,20226,21,20203
 0> <info> app: hr,944,20207,1,20203
 0> <info> app: hr,945,20198,-7,20203
 0> <info> app: hr,946,20224,18,20203
 0> <info> app: hr,947,20184,-22,20204
 0> <info> app: hr,948,20219,13,20204
 0> <info> app: hr,949,20195,-10,20204
 0> <info> app: hr,950,20219,13,20204
 0> <info> app: hr,951,20239,33,20204
 0> <info> app: hr,952,20205,-2,20205
 0> <info> app: hr,953,20213,5,20205
 0> <info> app: hr,954,20230,22,20205
 0> <info> app: hr,955,20193,-15,20206
 0> <info> app: hr,956,20207,-1,20206
 0> <info> app: hr,957,20217,8,20206
 0> <info> app: hr,958,20183,-25,20206
 0> <info> app: hr,959,20208,0,20207
 0> <info> app: hr,960,20211,3,20207
 0> <info> app: hr,961,20219,11,20207
 0> <info> app: hr,962,20206,-2,20207
 0> <info> app: hr,963,20194,-13,20207
 0> <info> app: hr,964,20199,-8,20207
 0> <info> app: hr,965,20210,3,20207
 0> <info> app: hr,966,20229,22,20207
 0> <info> app: hr,967,20210,1,20208
 0> <info> app: hr,968,20190,-18,20208
 0> <info> app: hr,969,20234,26,20208
 0> <info> app: hr,970,20180,-28,20208
 0> <info> app: hr,971,20182,-25,20208
 0> <info> app: hr,972,20208,2,20208
 0> <info> app: hr,973,20209,2,20208
 0> <info> app: hr,974,20218,11,20208
 0> <info> app: hr,975,20210,3,20208
 0> <info> app: hr,976,20194,-12,20208
 0> <info> app: hr,977,20198,-8,20208
 0> <info> app: hr,978,20206,0,20207
 0> <info> app: hr,979,20194,-11,20207
 0> <info> app: hr,980,20203,-2,20207
 0> <info> app: hr,981,20218,12,20207
 0> <info> app: hr,982,20195,-10,20207
 0> <info> app: hr,983,20191,-14,20207
 0> <info> app: hr,984,20208,3,20207
 0> <info> app: hr,985,20185,-19,20207
 0> <info> app: hr,986,20208,4,20206
 0> <info> app: hr,987,20192,-11,20206
 0> <info> app: hr,988,20203,0,20206
 0> <info> app: hr,989,20216,12,20206
 0> <info> app: hr,990,20212,8,20205
 0> <info> app: hr,991,20203,-1,20205
 0> <info> app: hr,992,20166,-38,20205
 0> <info> app: hr,993,20207,4,20205
 0> <info> app: hr,994,20177,-25,20205
 0> <info> app: hr,995,20202,0,20204
 0> <info> app: hr,996,20181,-20,20204
 0> <info> app: hr,997,20198,-2,20204
 0> <info> app: hr,998,20191,-9,20203
 0> <info> app: hr,999,20204,4,20203
 0> <info> app: hr,1000,20206,6,20202
 0> <info> app: hr,1001,20212,11,20202
 0> <info> app: hr,1002,20195,-5,20202
 0> <info> app: hr,1003,20197,-3,20202
 0> <info> app: hr,1004,20195,-5,20201
 0> <info> app: hr,1005,20197,-3,20201
 0> <info> app: hr,1006,20200,0,20201
 0> <info> app: hr,1007,20183,-16,20201
 0> <info> app: hr,1008,20185,-14,20200
 0> <info> app: hr,1009,20183,-15,20200
 0> <info> app: hr,1010,20204,6,20200
 0> <info> app: hr,1011,20204,6,20199
 0> <info> app: hr,1012,20218,19,20199
 0> <info> app: hr,1013,20196,-3,20199
 0> <info> app: hr,1014,20203,3,20199
 0> <info> app: hr,1015,20214,14,20199
 0> <info> app: hr,1016,20174,-26,20198
 0> <info> app: hr,1017,20198,0,20198
 0> <info> app: hr,1018,20205,6,20198
 0> <info> app: hr,1019,20181,-17,20198
 0> <info> app: hr,1020,20198,0,20198
 0> <info> app: hr,1021,20205,6,20198
 0> <info> app: hr,1022,20177,-21,20198
 0> <info> app: hr,1023,20177,-20,20197
 0> <info> app: hr,1024,20196,0,20197
 0> <info> app: hr,1025,20219,22,20197
 0> <info> app: hr,1026,20213,15,20197
 0> <info> app: hr,1027,20181,-17,20197
 0> <info> app: hr,1028,20212,14,20197
 0> <info> app: hr,1029,20196,-2,20197
 0> <info> app: hr,1030,20225,26,20197
 0> <info> app: hr,1031,20194,-5,20197
 0> <info> app: hr,1032,20186,-13,20197
 0> <info> app: hr,1033,20190,-8,20197
 0> <info> app: hr,1034,20205,6,20197
 0> <info> app: hr,1035,20196,-2,20197
 0> <info> app: hr,1036,20212,13,20197
 0> <info> app: hr,1037,20209,10,20197
 0> <info> app: hr,1038,20194,-5,20197
 0> <info> app: hr,1039,20195,-4,20197
 0> <info> app: hr,1040,20198,0,20197
 0> <info> app: hr,1041,20223,24,20197
 0> <info> app: hr,1042,20187,-13,20197
 0> <info> app: hr,1043,20216,16,20197
 0> <info> app: hr,1044,20191,-9,20197
 0> <info> app: hr,1045,20187,-12,20197
 0> <info> app: hr,1046,20188,-11,20197
 0> <info> app: hr,1047,20187,-11,20197
 0> <info> app: hr,1048,20170,-28,20197
 0> <info> app: hr,1049,20200,3,20197
 0> <info> app: hr,1050,20203,6,20197
 0> <info> app: hr,1051,20204,6,20197
 0> <info> app: hr,1052,20203,5,20197
 0> <info> app: hr,1053,20196,-1,20197
 0> <info> app: hr,1054,20215,17,20197
 0> <info> app: hr,1055,20206,7,20197
 0> <info> app: hr,1056,20204,5,20197
 0> <info> app: hr,1057,20214,14,20197
 0> <info> app: hr,1058,20211,11,20197
 0> <info> app: hr,1059,20186,-14,20198
 0> <info> app: hr,1060,20218,18,20198
 0> <info> app: hr,1061,20200,0,20198
 0> <info> app: hr,1062,20202,1,20198
 0> <info> app: hr,1063,20184,-16,20198
 0> <info> app: hr,1064,20209,9,20198
 0> <info> app: hr,1065,20213,12,20198
 0> <info> app: hr,1066,20199,-1,20199
 0> <info> app: hr,1067,20212,11,20199
 0> <info> app: hr,1068,20205,3,20199
 0> <info> app: hr,1069,20192,-9,20199
 0> <info> app: hr,1070,20190,-11,20199
 0> <info> app: hr,1071,20206,5,20199
 0> <info> app: hr,1072,20203,2,20200
 0> <info> app: hr,1073,20202,1,20200
 0> <info> app: hr,1074,20184,-16,20200
 0> <info> app: hr,1075,20182,-18,20200
 0> <info> app: hr,1076,20201,1,20200
 0> <info> app: hr,1077,20200,0,20200
 0> <info> app: hr,1078,20199,0,20200
 0> <info> app: hr,1079,20202,2,20200
 0> <info> app: hr,1080,20198,-1,20200
 0> <info> app: hr,1081,20222,22,20200
 0> <info> app: hr,1082,20189,-11,20200
 0> <info> app: hr,1083,20210,10,20200
 0> <info> app: hr,1084,20185,-15,20200
 0> <info> app: hr,1085,20215,15,20200
 0> <info> app: hr,1086,20207,6,20200
 0> <info> app: hr,1087,20212,11,20200
 0> <info> app: hr,1088,20202,0,20200
 0> <info> app: hr,1089,20204,2,20200
 0> <info> app: hr,1090,20207,5,20200
 0> <info> app: hr,1091,20203,1,20200
 0> <info> app: hr,1092,20210,8,20200
 0> <info> app: hr,1093,20208,5,20201
 0> <info> app: hr,1094,20209,6,20201
 0> <info> app: hr,1095,20199,-3,20201
 0> <info> app: hr,1096,20195,-7,20201
 0> <info> app: hr,1097,20189,-13,20201
 0> <info> app: hr,1098,20194,-7,20201
 0> <info> app: hr,1099,20206,4,20201
 0> <info> app: hr,1100,20192,-9,20201
 0> <info> app: hr,1101,20219,18,20201
 0> <info> app: hr,1102,20189,-12,20201
 0> <info> app: hr,1103,20214,12,20201
 0> <info> app: hr,1104,20200,-1,20201
 0> <info> app: hr,1105,20207,5,20201
 0> <info> app: hr,1106,20187,-15,20201
 0> <info> app: hr,1107,20202,0,20201
 0> <info> app: hr,1108,20206,4,20201
 0> <info> app: hr,1109,20202,0,20201
 0> <info> app: hr,1110,20212,10,20202
 0> <info> app: hr,1111,20201,-1,20202
 0> <info> app: hr,1112,20220,17,20202
 0> <info> app: hr,1113,20212,9,20202
 0> <info> app: hr,1114,20184,-19,20202
 0> <info> app: hr,1115,20210,7,20202
 0> <info> app: hr,1116,20224,21,20202
 0> <info> app: hr,1117,20196,-7,20202
 0> <info> app: hr,1118,20197,-6,20202
 0> <info> app: hr,1119,20205,1,20202
 0> <info> app: hr,1120,20203,0,20202
 0> <info> app: hr,1121,20170,-33,20202
 0> <info> app: hr,1122,20190,-11,20202
 0> <info> app: hr,1123,20188,-12,20202
 0> <info> app: hr,1124,20194,-6,20202
 0> <info> app: hr,1125,20216,15,20202
 0> <info> app: hr,1126,20202,1,20202
 0> <info> app: hr,1127,20206,5,20202
 0> <info> app: hr,1128,20178,-23,20202
 0> <info> app: hr,1129,20225,25,20202
 0> <info> app: hr,1130,20216,14,20202
 0> <info> app: hr,1131,20191,-10,20201
 0> <info> app: hr,1132,20215,13,20201
 0> <info> app: hr,1133,20216,13,20201
 0> <info> app: hr,1134,20184,-18,20202
 0> <info> app: hr,1135,20208,6,20202
 0> <info> app: hr,1136,20207,4,20202
 0> <info> app: hr,1137,20204,1,20202
 0> <info> app: hr,1138,20210,7,20202
 0> <info> app: hr,1139,20229,26,20202
 0> <info> app: hr,1140,20222,17,20202
 0> <info> app: hr,1141,20212,6,20202
 0> <info> app: hr,1142,20207,1,20202
 0> <info> app: hr,1143,20230,24,20203
 0> <info> app: hr,1144,20188,-18,20203
 0> <info> app: hr,1145,20195,-10,20203
 0> <info> app: hr,1146,20210,4,20203
 0> <info> app: hr,1147,20197,-8,20203
 0> <info> app: hr,1148,20217,11,20204
 0> <info> app: hr,1149,20226,20,20204
 0> <info> app: hr,1150,20210,3,20204
 0> <info> app: hr,1151,20212,5,20204
 0> <info> app: hr,1152,20189,-18,20204
 0> <info> app: hr,1153,20189,-17,20205
 0> <info> app: hr,1154,20207,1,20205
 0> <info> app: hr,1155,20196,-9,20205
 0> <info> app: hr,1156,20222,17,20205
 0> <info> app: hr,1157,20192,-13,20205
 0> <info> app: hr,1158,20188,-17,20205
 0> <info> app: hr,1159,20205,0,20205
 0> <info> app: hr,1160,20227,22,20205
 0> <info> app: hr,1161,20217,11,20205
 0> <info> app: hr,1162,20222,15,20205
 0> <info> app: hr,1163,20206,0,20205
 0> <info> app: hr,1164,20213,6,20205
 0> <info> app: hr,1165,20199,-8,20206
 0> <info> app: hr,1166,20201,-5,20206
 0> <info> app: hr,1167,20227,20,20206
 0> <info> app: hr,1168,20188,-19,20206
 0> <info> app: hr,1169,20209,2,20206
 0> <info> app: hr,1170,20229,22,20206
 0> <info> app: hr,1171,20190,-17,20206
 0> <info> app: hr,1172,20228,21,20206
 0> <info> app: hr,1173,20199,-8,20207
 0> <info> app: hr,1174,20215,7,20207
 0> <info> app: hr,1175,20177,-30,20207
 0> <info> app: hr,1176,20193,-13,20207
 0> <info> app: hr,1177,20190,-15,20207
 0> <info> app: hr,1178,20202,-2,20207
 0> <info> app: hr,1179,20232,27,20207
 0> <info> app: hr,1180,20206,0,20206
 0> <info> app: hr,1181,20199,-7,20206
 0> <info> app: hr,1182,20204,-1,20206
 0> <info> app: hr,1183,20220,14,20206
 0> <info> app: hr,1184,20214,7,20206
 0> <info> app: hr,1185,20201,-5,20206
 0> <info> app: hr,1186,20208,1,20206
 0> <info> app: hr,1187,20202,-4,20206
 0> <info> app: hr,1188,20218,11,20206
 0> <info> app: hr,1189,20202,-4,20206
 0> <info> app: hr,1190,20224,17,20206
 0> <info> app: hr,1191,20213,5,20206
 0> <info> app: hr,1192,20197,-10,20207
 0> <info> app: hr,1193,20191,-16,20207
 0> <info> app: hr,1194,20224,17,20207
 0> <info> app: hr,1195,20235,27,20207
 0> <info> app: hr,1196,20222,13,20207
 0> <info> app: hr,1197,20220,10,20207
 0> <info> app: hr,1198,20229,19,20207
 0> <info> app: hr,1199,20195,-15,20207
 0> <info> app: hr,1200,20209,-1,20208
 0> <info> app: hr,1201,20207,-2,20208
 0> <info> app: hr,1202,20221,11,20208
 0> <info> app: hr,1203,20211,0,20208
 0> <info> app: hr,1204,20213,2,20208
 0> <info> app: hr,1205,20236,25,20209
 0> <info> app: hr,1206,20218,6,20209
 0> <info> app: hr,1207,20219,6,20209
 0> <info> app: hr,1208,20216,3,20210
 0> <info> app: hr,1209,20217,4,20210
 0> <info> app: hr,1210,20232,19,20210
 0> <info> app: hr,1211,20220,6,20210
 0> <info> app: hr,1212,20228,13,20211
 0> <info> app: hr,1213,20192,-22,20211
 0> <info> app: hr,1214,20220,6,20211
 0> <info> app: hr,1215,20198,-16,20212
 0> <info> app: hr,1216,20225,11,20212
 0> <info> app: hr,1217,20208,-5,20212
 0> <info> app: hr,1218,20208,-5,20212
 0> <info> app: hr,1219,20237,23,20213
 0> <info> app: hr,1220,20219,4,20213
 0> <info> app: hr,1221,20212,-2,20213
 0> <info> app: hr,1222,20203,-11,20213
 0> <info> app: hr,1223,20199,-14,20213
 0> <info> app: hr,1224,20215,1,20214
 0> <info> app: hr,1225,20219,5,20214
 0> <info> app: hr,1226,20203,-10,20214
 0> <info> app: hr,1227,20205,-8,20214
 0> <info> app: hr,1228,20214,1,20214
 0> <info> app: hr,1229,20209,-3,20214
 0> <info> app: hr,1230,20234,21,20214
 0> <info> app: hr,1231,20229,15,20214
 0> <info> app: hr,1232,20215,0,20214
 0> <info> app: hr,1233,20228,13,20214
 0> <info> app: hr,1234,20206,-9,20214
 0> <info> app: hr,1235,20211,-3,20214
 0> <info> app: hr,1236,20230,15,20214
 0> <info> app: hr,1237,20222,6,20214
 0> <info> app: hr,1238,20216,0,20215
 0> <info> app: hr,1239,20217,1,20215
 0> <info> app: hr,1240,20199,-16,20215
 0> <info> app: hr,1241,20200,-14,20215
 0> <info> app: hr,1242,20230,15,20215
 0> <info> app: hr,1243,20201,-13,20215
 0> <info> app: hr,1244,20195,-19,20215
 0> <info> app: hr,1245,20202,-11,20215
 0> <info> app: hr,1246,20211,-1,20215
 0> <info> app: hr,1247,20207,-5,20215
 0> <info> app: hr,1248,20199,-13,20214
 0> <info> app: hr,1249,20231,19,20214
 0> <info> app: hr,1250,20221,8,20214
 0> <info> app: hr,1251,20199,-14,20214
 0> <info> app: hr,1252,20225,12,20214
 0> <info> app: hr,1253,20207,-5,20214
 0> <info> app: hr,1254,20219,6,20214
 0> <info> app: hr,1255,20206,-6,20214
 0> <info> app: hr,1256,20218,5,20214
 0> <info> app: hr,1257,20199,-13,20213
 0> <info> app: hr,1258,20207,-5,20213
 0> <info> app: hr,1259,20212,0,20213
 0> <info> app: hr,1260,20205,-6,20213
 0> <info> app: hr,1261,20211,0,20213
 0> <info> app: hr,1262,20203,-8,20213
 0> <info> app: hr,1263,20204,-7,20213
 0> <info> app: hr,1264,20216,5,20212
 0> <info> app: hr,1265,20210,-1,20212
 0> <info> app: hr,1266,20212,1,20212
 0> <info> app: hr,1267,20185,-26,20212
 0> <info> app: hr,1268,20218,8,20212
 0> <info> app: hr,1269,20216,5,20211
 0> <info> app: hr,1270,20195,-15,20211
 0> <info> app: hr,1271,20228,18,20211
 0> <info> app: hr,1272,20209,-1,20211
 0> <info> app: hr,1273,20229,18,20211
 0> <info> app: hr,1274,20195,-16,20211
 0> <info> app: hr,1275,20186,-24,20211
 0> <info> app: hr,1276,20203,-6,20210
 0> <info> app: hr,1277,20195,-14,20210
 0> <info> app: hr,1278,20209,0,20210
 0> <info> app: hr,1279,20213,4,20210
 0> <info> app: hr,1280,20196,-12,20209
 0> <info> app: hr,1281,20205,-2,20209
 0> <info> app: hr,1282,20209,1,20209
 0> <info> app: hr,1283,20216,8,20209
 0> <info> app: hr,1284,20207,-1,20209
 0> <info> app: hr,1285,20191,-17,20208
 0> <info> app: hr,1286,20194,-13,20208
 0> <info> app: hr,1287,20232,25,20208
 0> <info> app: hr,1288,20201,-6,20208
 0> <info> app: hr,1289,20219,11,20208
 0> <info> app: hr,1290,20213,4,20208
 0> <info> app: hr,1291,20229,20,20207
 0> <info> app: hr,1292,20229,19,20207
 0> <info> app: hr,1293,20175,-35,20208
 0> <info> app: hr,1294,20210,1,20208
 0> <info> app: hr,1295,20208,0,20207
 0> <info> app: hr,1296,20218,9,20207
 0> <info> app: hr,1297,20207,-2,20207
 0> <info> app: hr,1298,20224,14,20207
 0> <info> app: hr,1299,20209,0,20208
 0> <info> app: hr,1300,20178,-31,20208
 0> <info> app: hr,1301,20185,-23,20208
 0> <info> app: hr,1302,20199,-8,20207
 0> <info> app: hr,1303,20194,-12,20207
 0> <info> app: hr,1304,20201,-4,20207
 0> <info> app: hr,1305,20211,5,20207
 0> <info> app: hr,1306,20216,10,20207
 0> <info> app: hr,1307,20181,-25,20206
 0> <info> app: hr,1308,20212,6,20206
 0> <info> app: hr,1309,20215,9,20206
 0> <info> app: hr,1310,20194,-12,20206
 0> <info> app: hr,1311,20205,0,20206
 0> <info> app: hr,1312,20226,20,20206
 0> <info> app: hr,1313,20201,-5,20206
 0> <info> app: hr,1314,20200,-6,20206
 0> <info> app: hr,1315,20191,-14,20205
 0> <info> app: hr,1316,20211,5,20205
 0> <info> app: hr,1317,20210,4,20205
 0> <info> app: hr,1318,20221,15,20205
 0> <info> app: hr,1319,20198,-8,20205
 0> <info> app: hr,1320,20246,40,20205
 0> <info> app: hr,1321,20190,-17,20205
 0> <info> app: hr,1322,20228,20,20205
 0> <info> app: hr,1323,20202,-6,20205
 0> <info> app: hr,1324,20224,16,20205
 0> <info> app: hr,1325,20223,14,20206
 0> <info> app: hr,1326,20209,0,20206
 0> <info> app: hr,1327,20203,-6,20206
 0> <info> app: hr,1328,20209,0,20206
 0> <info> app: hr,1329,20212,2,20206
 0> <info> app: hr,1330,20189,-20,20206
 0> <info> app: hr,1331,20185,-23,20207
 0> <info> app: hr,1332,20216,8,20207
 0> <info> app: hr,1333,20224,16,20207
 0> <info> app: hr,1334,20216,7,20207
 0> <info> app: hr,1335,20226,17,20207
 0> <info> app: hr,1336,20217,7,20207
 0> <info> app: hr,1337,20196,-13,20207
 0> <info> app: hr,1338,20182,-27,20207
 0> <info> app: hr,1339,20208,0,20207
 0> <info> app: hr,1340,20209,1,20207
 0> <info> app: hr,1341,20204,-3,20207
 0> <info> app: hr,1342,20214,6,20207
 0> <info> app: hr,1343,20215,6,20207
 0> <info> app: hr,1344,20202,-6,20207
 0> <info> app: hr,1345,20206,-2,20208
 0> <info> app: hr,1346,20219,11,20208
 0> <info> app: hr,1347,20231,22,20208
 0> <info> app: hr,1348,20234,24,20208
 0> <info> app: hr,1349,20211,0,20208
 0> <info> app: hr,1350,20210,0,20208
 0> <info> app: hr,1351,20208,-2,20208
 0> <info> app: hr,1352,20218,7,20209
 0> <info> app: hr,1353,20216,4,20209
 0> <info> app: hr,1354,20210,-1,20209
 0> <info> app: hr,1355,20195,-16,20209
 0> <info> app: hr,1356,20201,-9,20209
 0> <info> app: hr,1357,20225,15,20209
 0> <info> app: hr,1358,20206,-4,20209
 0> <info> app: hr,1359,20230,19,20210
 0> <info> app: hr,1360,20210,-1,20210
 0> <info> app: hr,1361,20217,5,20210
 0> <info> app: hr,1362,20205,-6,20210
 0> <info> app: hr,1363,20215,3,20210
 0> <info> app: hr,1364,20213,1,20210
 0> <info> app: hr,1365,20218,6,20210
 0> <info> app: hr,1366,20207,-4,20211
 0> <info> app: hr,1367,20208,-3,20211
 0> <info> app: hr,1368,20226,14,20211
 0> <info> app: hr,1369,20206,-6,20211
 0> <info> app: hr,1370,20228,16,20211
 0> <info> app: hr,1371,20190,-22,20211
 0> <info> app: hr,1372,20219,7,20211
 0> <info> app: hr,1373,20191,-20,20211
 0> <info> app: hr,1374,20223,12,20211
 0> <info> app: hr,1375,20193,-18,20211
 0> <info> app: hr,1376,20228,17,20211
 0> <info> app: hr,1377,20224,12,20211
 0> <info> app: hr,1378,20210,-2,20212
 0> <info> app: hr,1379,20219,7,20212
 0> <info> app: hr,1380,20209,-3,20212
 0> <info> app: hr,1381,20199,-13,20212
 0> <info> app: hr,1382,20218,6,20212
 0> <info> app: hr,1383,20206,-5,20212
 0> <info> app: hr,1384,20219,7,20212
 0> <info> app: hr,1385,20219,7,20212
 0> <info> app: hr,1386,20231,18,20212
 0> <info> app: hr,1387,20190,-23,20212
 0> <info> app: hr,1388,20198,-14,20212
 0> <info> app: hr,1389,20211,0,20212
 0> <info> app: hr,1390,20194,-17,20212
 0> <info> app: hr,1391,20208,-2,20212
 0> <info> app: hr,1392,20219,8,20212
 0> <info> app: hr,1393,20240,29,20212
 0> <info> app: hr,1394,20206,-6,20212
 0> <info> app: hr,1395,20204,-7,20212
 0> <info> app: hr,1396,20216,4,20212
 0> <info> app: hr,1397,20228,16,20212
 0> <info> app: hr,1398,20213,0,20212
 0> <info> app: hr,1399,20214,1,20212
 0> <info> app: hr,1400,20225,12,20212
 0> <info> app: hr,1401,20201,-12,20212
 0> <info> app: hr,1402,20238,25,20212
 0> <info> app: hr,1403,20203,-10,20212
 0> <info> app: hr,1404,20227,13,20212
 0> <info> app: hr,1405,20217,2,20212
 0> <info> app: hr,1406,20208,-6,20212
 0> <info> app: hr,1407,20202,-11,20213
 0> <info> app: hr,1408,20223,9,20213
 0> <info> app: hr,1409,20213,0,20213
 0> <info> app: hr,1410,20237,23,20213
 0> <info> app: hr,1411,20220,5,20213
 0> <info> app: hr,1412,20197,-18,20213
 0> <info> app: hr,1413,20210,-4,20213
 0> <info> app: hr,1414,20208,-6,20213
 0> <info> app: hr,1415,20209,-4,20213
 0> <info> app: hr,1416,20230,16,20213
 0> <info> app: hr,1417,20199,-15,20213
 0> <info> app: hr,1418,20217,3,20214
 0> <info> app: hr,1419,20243,29,20214
 0> <info> app: hr,1420,20220,4,20214
 0> <info> app: hr,1421,20209,-6,20214
 0> <info> app: hr,1422,20212,-3,20214
 0> <info> app: hr,1423,20235,20,20214
 0> <info> app: hr,1424,20219,3,20214
 0> <info> app: hr,1425,20201,-15,20214
 0> <info> app: hr,1426,20216,0,20214
 0> <info> app: hr,1427,20216,0,20215
 0> <info> app: hr,1428,20225,9,20215
 0> <info> app: hr,1429,20184,-31,20215
 0> <info> app: hr,1430,20220,5,20215
 0> <info> app: hr,1431,20222,7,20215
 0> <info> app: hr,1432,20228,13,20215
 0> <info> app: hr,1433,20211,-4,20215
 0> <info> app: hr,1434,20218,2,20215
 0> <info> app: hr,1435,20229,13,20215
 0> <info> app: hr,1436,20213,-3,20215
 0> <info> app: hr,1437,20217,0,20215
 0> <info> app: hr,1438,20210,-6,20215
 0> <info> app: hr,1439,20206,-9,20215
 0> <info> app: hr,1440,20221,5,20215
 0> <info> app: hr,1441,20236,20,20215
 0> <info> app: hr,1442,20206,-10,20215
 0> <info> app: hr,1443,20201,-15,20216
 0> <info> app: hr,1444,20229,13,20216
 0> <info> app: hr,1445,20215,0,20216
 0> <info> app: hr,1446,20228,12,20216
 0> <info> app: hr,1447,20242,25,20216
 0> <info> app: hr,1448,20223,5,20216
 0> <info> app: hr,1449,20191,-27,20216
 0> <info> app: hr,1450,20221,4,20216
 0> <info> app: hr,1451,20216,0,20216
 0> <info> app: hr,1452,20231,14,20216
 0> <info> app: hr,1453,20216,-1,20216
 0> <info> app: hr,1454,20211,-6,20217
 0> <info> app: hr,1455,20234,16,20217
 0> <info> app: hr,1456,20250,31,20217
 0> <info> app: hr,1457,20212,-7,20217
 0> <info> app: hr,1458,20216,-3,20217
 0> <info> app: hr,1459,20212,-7,20217
 0> <info> app: hr,1460,20234,15,20217
 0> <info> app: hr,1461,20223,3,20218
 0> <info> app: hr,1462,20211,-8,20218
 0> <info> app: hr,1463,20221,1,20218
 0> <info> app: hr,1464,20214,-5,20218
 0> <info> app: hr,1465,20224,4,20218
 0> <info> app: hr,1466,20234,14,20218
 0> <info> app: hr,1467,20218,-2,20219
 0> <info> app: hr,1468,20224,4,20219
 0> <info> app: hr,1469,20214,-6,20219
 0> <info> app: hr,1470,20235,15,20219
 0> <info> app: hr,1471,20226,5,20219
 0> <info> app: hr,1472,20208,-12,20219
 0> <info> app: hr,1473,20238,17,20219
 0> <info> app: hr,1474,20185,-36,20220
 0> <info> app: hr,1475,20226,6,20220
 0> <info> app: hr,1476,20220,0,20220
 0> <info> app: hr,1477,20220,0,20220
 0> <info> app: hr,1478,20204,-15,20220
 0> <info> app: hr,1479,20214,-4,20220
 0> <info> app: hr,1480,20222,3,20220
 0> <info> app: hr,1481,20218,0,20220
 0> <info> app: hr,1482,20219,0,20220
 0> <info> app: hr,1483,20228,9,20220
 0> <info> app: hr,1484,20192,-27,20220
 0> <info> app: hr,1485,20220,2,20220
 0> <info> app: hr,1486,20212,-5,20219
 0> <info> app: hr,1487,20209,-8,20219
 0> <info> app: hr,1488,20208,-9,20219
 0> <info> app: hr,1489,20238,21,20219
 0> <info> app: hr,1490,20208,-9,20219
 0> <info> app: hr,1491,20225,7,20219
 0> <info> app: hr,1492,20208,-9,20219
 0> <info> app: hr,1493,20188,-29,20218
 0> <info> app: hr,1494,20212,-3,20218
 0> <info> app: hr,1495,20209,-6,20218
 0> <info> app: hr,1496,20204,-11,20218
 0> <info> app: hr,1497,20203,-11,20217
 0> <info> app: hr,1498,20210,-4,20217
 0> <info> app: hr,1499,20222,8,20217
 0> <info> app: hr,1500,20178,-36,20216
 0> <info> app: hr,1501,20215,2,20216
 0> <info> app: hr,1502,20192,-20,20216
 0> <info> app: hr,1503,20211,0,20215
 0> <info> app: hr,1504,20221,9,20215
 0> <info> app: hr,1505,20208,-4,20215
 0> <info> app: hr,1506,20215,3,20214
 0> <info> app: hr,1507,20205,-6,20214
 0> <info> app: hr,1508,20223,11,20214
 0> <info> app: hr,1509,20219,6,20213
 0> <info> app: hr,1510,20197,-15,20213
 0> <info> app: hr,1511,20218,6,20213
 0> <info> app: hr,1512,20200,-12,20213
 0> <info> app: hr,1513,20207,-4,20212
 0> <info> app: hr,1514,20211,0,20212
 0> <info> app: hr,1515,20204,-7,20212
 0> <info> app: hr,1516,20215,4,20212
 0> <info> app: hr,1517,20218,6,20211
 0> <info> app: hr,1518,20201,-10,20211
 0> <info> app: hr,1519,20222,11,20211
 0> <info> app: hr,1520,20230,18,20211
 0> <info> app: hr,1521,20219,6,20211
 0> <info> app: hr,1522,20215,2,20211
 0> <info> app: hr,1523,20202,-10,20211
 0> <info> app: hr,1524,20204,-8,20211
 0> <info> app: hr,1525,20241,29,20211
 0> <info> app: hr,1526,20218,4,20211
 0> <info> app: hr,1527,20208,-5,20211
 0> <info> app: hr,1528,20187,-26,20211
 0> <info> app: hr,1529,20220,8,20211
 0> <info> app: hr,1530,20198,-14,20211
 0> <info> app: hr,1531,20196,-15,20211
 0> <info> app: hr,1532,20223,12,20211
 0> <info> app: hr,1533,20205,-6,20210
 0> <info> app: hr,1534,20222,10,20210
 0> <info> app: hr,1535,20222,10,20210
 0> <info> app: hr,1536,20214,1,20210
 0> <info> app: hr,1537,20223,10,20210
 0> <info> app: hr,1538,20217,4,20211
 0> <info> app: hr,1539,20210,-3,20211
 0> <info> app: hr,1540,20208,-4,20211
 0> <info> app: hr,1541,20208,-4,20211
 0> <info> app: hr,1542,20232,19,20211
 0> <info> app: hr,1543,20208,-5,20211
 0> <info> app: hr,1544,20217,3,20211
 0> <info> app: hr,1545,20218,4,20211
 0> <info> app: hr,1546,20211,-2,20211
 0> <info> app: hr,1547,20202,-11,20211
 0> <info> app: hr,1548,20199,-13,20211
 0> <info> app: hr,1549,20224,11,20211
 0> <info> app: hr,1550,20198,-14,20211
 0> <info> app: hr,1551,20215,2,20211
 0> <info> app: hr,1552,20212,0,20211
 0> <info> app: hr,1553,20207,-5,20211
 0> <info> app: hr,1554,20219,7,20211
 0> <info> app: hr,1555,20225,12,20211
 0> <info> app: hr,1556,20195,-17,20212
 0> <info> app: hr,1557,20209,-2,20212
 0> <info> app: hr,1558,20195,-16,20211
 0> <info> app: hr,1559,20206,-5,20211
 0> <info> app: hr,1560,20196,-14,20211
 0> <info> app: hr,1561,20209,-1,20211
 0> <info> app: hr,1562,20224,14,20211
 0> <info> app: hr,1563,20199,-11,20211
 0> <info> app: hr,1564,20202,-8,20211
 0> <info> app: hr,1565,20213,3,20211
 0> <info> app: hr,1566,20230,20,20211
 0> <info> app: hr,1567,20217,6,20211
 0> <info> app: hr,1568,20220,8,20210
 0> <info> app: hr,1569,20229,17,20211
 0> <info> app: hr,1570,20200,-12,20211
 0> <info> app: hr,1571,20213,1,20211
 0> <info> app: hr,1572,20221,9,20211
 0> <info> app: hr,1573,20250,37,20211
 0> <info> app: hr,1574,20229,14,20211
 0> <info> app: hr,1575,20210,-4,20211
 0> <info> app: hr,1576,20197,-17,20211
 0> <info> app: hr,1577,20232,18,20212
 0> <info> app: hr,1578,20221,6,20212
 0> <info> app: hr,1579,20213,-2,20212
 0> <info> app: hr,1580,20207,-7,20212
 0> <info> app: hr,1581,20234,19,20212
 0> <info> app: hr,1582,20211,-4,20213
 0> <info> app: hr,1583,20210,-5,20213
 0> <info> app: hr,1584,20197,-18,20213
 0> <info> app: hr,1585,20218,3,20213
 0> <info> app: hr,1586,20242,27,20213
 0> <info> app: hr,1587,20185,-30,20213
 0> <info> app: hr,1588,20230,15,20214
 0> <info> app: hr,1589,20211,-3,20214
 0> <info> app: hr,1590,20207,-7,20214
 0> <info> app: hr,1591,20210,-4,20214
 0> <info> app: hr,1592,20193,-21,20214
 0> <info> app: hr,1593,20226,12,20214
 0> <info> app: hr,1594,20208,-5,20214
 0> <info> app: hr,1595,20220,6,20214
 0> <info> app: hr,1596,20204,-9,20214
 0> <info> app: hr,1597,20210,-3,20214
 0> <info> app: hr,1598,20209,-4,20214
 0> <info> app: hr,1599,20202,-10,20214
 0> <info> app: hr,1600,20212,0,20214
 0> <info> app: hr,1601,20246,33,20214
 0> <info> app: hr,1602,20225,10,20214
 0> <info> app: hr,1603,20204,-10,20214
 0> <info> app: hr,1604,20223,8,20214
 0> <info> app: hr,1605,20203,-11,20214
 0> <info> app: hr,1606,20220,6,20214
 0> <info> app: hr,1607,20221,6,20214
 0> <info> app: hr,1608,20230,15,20214
 0> <info> app: hr,1609,20222,6,20214
 0> <info> app: hr,1610,20214,-1,20214
 0> <info> app: hr,1611,20196,-19,20214
 0> <info> app: hr,1612,20214,0,20214
 0> <info> app: hr,1613,20236,21,20214
 0> <info> app: hr,1614,20221,5,20214
 0> <info> app: hr,1615,20230,14,20214
 0> <info> app: hr,1616,20218,1,20215
 0> <info> app: hr,1617,20235,18,20215
 0> <info> app: hr,1618,20234,16,20215
 0> <info> app: hr,1619,20210,-8,20215
 0> <info> app: hr,1620,20237,18,20216
 0> <info> app: hr,1621,20208,-10,20216
 0> <info> app: hr,1622,20216,-2,20216
 0> <info> app: hr,1623,20227,8,20216
 0> <info> app: hr,1624,20218,0,20216
 0> <info> app: hr,1625,20221,2,20217
 0> <info> app: hr,1626,20233,14,20217
 0> <info> app: hr,1627,20217,-2,20217
 0> <info> app: hr,1628,20217,-2,20217
 0> <info> app: hr,1629,20213,-6,20218
 0> <info> app: hr,1630,20190,-28,20218
 0> <info> app: hr,1631,20228,10,20218
 0> <info> app: hr,1632,20226,7,20218
 0> <info> app: hr,1633,20228,9,20218
 0> <info> app: hr,1634,20221,2,20218
 0> <info> app: hr,1635,20212,-7,20218
 0> <info> app: hr,1636,20196,-22,20218
 0> <info> app: hr,1637,20229,11,20218
 0> <info> app: hr,1638,20217,-1,20218
 0> <info> app: hr,1639,20214,-4,20218
 0> <info> app: hr,1640,20213,-4,20218
 0> <info> app: hr,1641,20237,19,20218
 0> <info> app: hr,1642,20230,11,20218
 0> <info> app: hr,1643,20209,-10,20219
 0> <info> app: hr,1644,20213,-5,20219
 0> <info> app: hr,1645,20209,-9,20219
 0> <info> app: hr,1646,20189,-28,20219
 0> <info> app: hr,1647,20210,-6,20218
 0> <info> app: hr,1648,20230,13,20218
 0> <info> app: hr,1649,20210,-6,20218
 0> <info> app: hr,1650,20225,8,20218
 0> <info> app: hr,1651,20229,12,20218
 0> <info> app: hr,1652,20221,3,20218
 0> <info> app: hr,1653,20211,-6,20218
 0> <info> app: hr,1654,20223,5,20218
 0> <info> app: hr,1655,20227,9,20218
 0> <info> app: hr,1656,20207,-11,20218
 0> <info> app: hr,1657,20234,16,20218
 0> <info> app: hr,1658,20221,2,20218
 0> <info> app: hr,1659,20240,21,20218
 0> <info> app: hr,1660,20197,-22,20218
 0> <info> app: hr,1661,20214,-4,20218
 0> <info> app: hr,1662,20206,-12,20218
 0> <info> app: hr,1663,20231,13,20218
 0> <info> app: hr,1664,20215,-3,20218
 0> <info> app: hr,1665,20225,6,20218
 0> <info> app: hr,1666,20211,-7,20218
 0> <info> app: hr,1667,20206,-12,20218
 0> <info> app: hr,1668,20206,-11,20218
 0> <info> app: hr,1669,20242,25,20218
 0> <info> app: hr,1670,20219,0,20218
 0> <info> app: hr,1671,20221,2,20218
 0> <info> app: hr,1672,20243,24,20218
 0> <info> app: hr,1673,20196,-23,20218
 0> <info> app: hr,1674,20223,4,20218
 0> <info> app: hr,1675,20230,11,20218
 0> <info> app: hr,1676,20211,-8,20218
 0> <info> app: hr,1677,20228,9,20218
 0> <info> app: hr,1678,20218,-1,20218
 0> <info> app: hr,1679,20210,-9,20218
 0> <info> app: hr,1680,20222,3,20218
 0> <info> app: hr,1681,20220,1,20218
 0> <info> app: hr,1682,20197,-21,20218
 0> <info> app: hr,1683,20200,-17,20218
 0> <info> app: hr,1684,20211,-5,20218
 0> <info> app: hr,1685,20222,5,20218
 0> <info> app: hr,1686,20238,21,20218
 0> <info> app: hr,1687,20231,13,20218
 0> <info> app: hr,1688,20228,9,20218
 0> <info> app: hr,1689,20223,3,20218
 0> <info> app: hr,1690,20200,-19,20218
 0> <info> app: hr,1691,20203,-15,20218
 0> <info> app: hr,1692,20226,8,20218
 0> <info> app: hr,1693,20208,-9,20218
 0> <info> app: hr,1694,20236,18,20218
 0> <info> app: hr,1695,20210,-8,20218
 0> <info> app: hr,1696,20232,14,20218
 0> <info> app: hr,1697,20227,8,20218
 0> <info> app: hr,1698,20226,6,20218
 0> <info> app: hr,1699,20212,-7,20218
 0> <info> app: hr,1700,20218,-1,20218
 0> <info> app: hr,1701,20232,12,20218
 0> <info> app: hr,1702,20221,1,20218
 0> <info> app: hr,1703,20207,-12,20218
 0> <info> app: hr,1704,20219,0,20218
 0> <info> app: hr,1705,20201,-18,20218
 0> <info> app: hr,1706,20211,-7,20218
 0> <info> app: hr,1707,20241,23,20218
 0> <info> app: hr,1708,20238,19,20218
 0> <info> app: hr,1709,20211,-8,20218
 0> <info> app: hr,1710,20232,12,20218
 0> <info> app: hr,1711,20244,23,20219
 0> <info> app: hr,1712,20195,-26,20219
 0> <info> app: hr,1713,20223,3,20219
 0> <info> app: hr,1714,20215,-5,20219
 0> <info> app: hr,1715,20230,10,20219
 0> <info> app: hr,1716,20199,-21,20219
 0> <info> app: hr,1717,20218,-1,20219
 0> <info> app: hr,1718,20213,-6,20219
 0> <info> app: hr,1719,20212,-6,20219
 0> <info> app: hr,1720,20218,0,20219
 0> <info> app: hr,1721,20187,-31,20219
 0> <info> app: hr,1722,20224,7,20219
 0> <info> app: hr,1723,20213,-4,20219
 0> <info> app: hr,1724,20191,-26,20218
 0> <info> app: hr,1725,20195,-20,20218
 0> <info> app: hr,1726,20205,-9,20218
 0> <info> app: hr,1727,20214,0,20218
 0> <info> app: hr,1728,20199,-15,20217
 0> <info> app: hr,1729,20214,0,20217
 0> <info> app: hr,1730,20217,3,20217
 0> <info> app: hr,1731,20193,-20,20216
 0> <info> app: hr,1732,20199,-13,20216
 0> <info> app: hr,1733,20214,2,20216
 0> <info> app: hr,1734,20189,-23,20215
 0> <info> app: hr,1735,20202,-8,20215
 0> <info> app: hr,1736,20212,1,20214
 0> <info> app: hr,1737,20207,-3,20214
 0> <info> app: hr,1738,20223,12,20213
 0> <info> app: hr,1739,20235,23,20213
 0> <info> app: hr,1740,20183,-29,20213
 0> <info> app: hr,1741,20205,-5,20212
 0> <info> app: hr,1742,20217,6,20212
 0> <info> app: hr,1743,20199,-11,20212
 0> <info> app: hr,1744,20229,18,20211
 0> <info> app: hr,1745,20215,3,20211
 0> <info> app: hr,1746,20223,11,20211
 0> <info> app: hr,1747,20228,16,20211
 0> <info> app: hr,1748,20206,-6,20211
 0> <info> app: hr,1749,20215,2,20211
 0> <info> app: hr,1750,20215,2,20211
 0> <info> app: hr,1751,20195,-17,20211
 0> <info> app: hr,1752,20195,-16,20211
 0> <info> app: hr,1753,20202,-8,20210
 0> <info> app: hr,1754,20186,-24,20210
 0> <info> app: hr,1755,20201,-8,20210
 0> <info> app: hr,1756,20212,3,20210
 0> <info> app: hr,1757,20204,-4,20210
 0> <info> app: hr,1758,20222,13,20209
 0> <info> app: hr,1759,20216,6,20209
 0> <info> app: hr,1760,20212,2,20209
 0> <info> app: hr,1761,20203,-6,20209
 0> <info> app: hr,1762,20220,10,20209
 0> <info> app: hr,1763,20199,-11,20209
 0> <info> app: hr,1764,20204,-5,20209
 0> <info> app: hr,1765,20215,5,20208
 0> <info> app: hr,1766,20219,9,20208
 0> <info> app: hr,1767,20200,-9,20208
 0> <info> app: hr,1768,20180,-29,20208
 0> <info> app: hr,1769,20210,1,20208
 0> <info> app: hr,1770,20211,2,20208
 0> <info> app: hr,1771,20198,-10,20208
 0> <info> app: hr,1772,20219,11,20208
 0> <info> app: hr,1773,20204,-4,20208
 0> <info> app: hr,1774,20214,5,20207
 0> <info> app: hr,1775,20228,19,20207
 0> <info> app: hr,1776,20177,-32,20207
 0> <info> app: hr,1777,20224,16,20207
 0> <info> app: hr,1778,20173,-35,20207
 0> <info> app: hr,1779,20196,-10,20207
 0> <info> app: hr,1780,20206,0,20207
 0> <info> app: hr,1781,20214,7,20207
 0> <info> app: hr,1782,20217,10,20207
 0> <info> app: hr,1783,20212,4,20206
 0> <info> app: hr,1784,20213,5,20206
 0> <info> app: hr,1785,20198,-9,20206
 0> <info> app: hr,1786,20200,-7,20206
 0> <info> app: hr,1787,20207,0,20206
 0> <info> app: hr,1788,20189,-17,20206
 0> <info> app: hr,1789,20228,22,20206
 0> <info> app: hr,1790,20203,-4,20206
 0> <info> app: hr,1791,20213,6,20206
 0> <info> app: hr,1792,20227,19,20206
 0> <info> app: hr,1793,20220,11,20206
 0> <info> app: hr,1794,20219,10,20206
 0> <info> app: hr,1795,20201,-8,20206
 0> <info> app: hr,1796,20206,-2,20206
 0> <info> app: hr,1797,20211,2,20206
 0> <info> app: hr,1798,20208,0,20206
 0> <info> app: hr,1799,20204,-4,20207
 0> <info> app: hr,1800,20232,23,20207
 0> <info> app: hr,1801,20223,13,20207
 0> <info> app: hr,1802,20219,8,20207
 0> <info> app: hr,1803,20218,7,20207
 0> <info> app: hr,1804,20191,-20,20207
 0> <info> app: hr,1805,20199,-11,20208
 0> <info> app: hr,1806,20225,15,20208
 0> <info> app: hr,1807,20205,-5,20208
 0> <info> app: hr,1808,20219,8,20208
 0> <info> app: hr,1809,20217,6,20208
 0> <info> app: hr,1810,20194,-16,20208
 0> <info> app: hr,1811,20217,6,20209
 0> <info> app: hr,1812,20217,6,20209
 0> <info> app: hr,1813,20182,-28,20209
 0> <info> app: hr,1814,20223,13,20209
 0> <info> app: hr,1815,20220,10,20209
 0> <info> app: hr,1816,20200,-10,20209
 0> <info> app: hr,1817,20216,6,20209
 0> <info> app: hr,1818,20214,3,20209
 0> <info> app: hr,1819,20215,4,20209
 0> <info> app: hr,1820,20211,0,20209
 0> <info> app: hr,1821,20203,-7,20210
 0> <info> app: hr,1822,20193,-17,20210
 0> <info> app: hr,1823,20212,2,20210
 0> <info> app: hr,1824,20224,14,20210
 0> <info> app: hr,1825,20192,-18,20210
 0> <info> app: hr,1826,20198,-11,20210
 0> <info> app: hr,1827,20216,7,20210
 0> <info> app: hr,1828,20186,-23,20210
 0> <info> app: hr,1829,20221,13,20209
 0> <info> app: hr,1830,20205,-3,20209
 0> <info> app: hr,1831,20233,24,20209
 0> <info> app: hr,1832,20200,-9,20209
 0> <info> app: hr,1833,20217,7,20209
 0> <info> app: hr,1834,20225,15,20209
 0> <info> app: hr,1835,20202,-8,20209
 0> <info> app: hr,1836,20213,3,20209
 0> <info> app: hr,1837,20184,-26,20209
 0> <info> app: hr,1838,20220,11,20209
 0> <info> app: hr,1839,20203,-6,20209
 0> <info> app: hr,1840,20215,5,20209
 0> <info> app: hr,1841,20229,19,20209
 0> <info> app: hr,1842,20193,-17,20209
 0> <info> app: hr,1843,20229,19,20209
 0> <info> app: hr,1844,20187,-23,20209
 0> <info> app: hr,1845,20216,6,20209
 0> <info> app: hr,1846,20199,-10,20209
 0> <info> app: hr,1847,20215,5,20209
 0> <info> app: hr,1848,20195,-14,20209
 0> <info> app: hr,1849,20209,0,20209
 0> <info> app: hr,1850,20221,12,20209
 0> <info> app: hr,1851,20197,-12,20209
 0> <info> app: hr,1852,20190,-18,20209
 0> <info> app: hr,1853,20199,-8,20209
 0> <info> app: hr,1854,20213,5,20209
 0> <info> app: hr,1855,20209,1,20209
 0> <info> app: hr,1856,20212,4,20208
 0> <info> app: hr,1857,20214,6,20208
 0> <info> app: hr,1858,20209,0,20208
 0> <info> app: hr,1859,20191,-17,20208
 0> <info> app: hr,1860,20220,12,20208
 0> <info> app: hr,1861,20188,-19,20208
 0> <info> app: hr,1862,20204,-2,20208
 0> <info> app: hr,1863,20201,-5,20208
 0> <info> app: hr,1864,20207,0,20208
 0> <info> app: hr,1865,20205,-1,20207
 0> <info> app: hr,1866,20212,5,20207
 0> <info> app: hr,1867,20214,7,20207
 0> <info> app: hr,1868,20218,10,20207
 0> <info> app: hr,1869,20205,-2,20207
 0> <info> app: hr,1870,20212,4,20207
 0> <info> app: hr,1871,20198,-9,20207
 0> <info> app: hr,1872,20215,7,20207
 0> <info> app: hr,1873,20208,0,20207
 0> <info> app: hr,1874,20228,20,20207
 0> <info> app: hr,1875,20217,8,20207
 0> <info> app: hr,1876,20215,5,20207
 0> <info> app: hr,1877,20216,6,20207
 0> <info> app: hr,1878,20223,13,20207
 0> <info> app: hr,1879,20191,-19,20207
 0> <info> app: hr,1880,20221,11,20207
 0> <info> app: hr,1881,20219,8,20208
 0> <info> app: hr,1882,20224,13,20208
 0> <info> app: hr,1883,20228,16,20208
 0> <info> app: hr,1884,20197,-14,20208
 0> <info> app: hr,1885,20222,10,20208
 0> <info> app: hr,1886,20192,-19,20209
 0> <info> app: hr,1887,20227,16,20209
 0> <info> app: hr,1888,20219,7,20209
 0> <info> app: hr,1889,20219,7,20209
 0> <info> app: hr,1890,20215,2,20210
 0> <info> app: hr,1891,20221,8,20210
 0> <info> app: hr,1892,20201,-11,20210
 0> <info> app: hr,1893,20192,-20,20210
 0> <info> app: hr,1894,20199,-12,20210
 0> <info> app: hr,1895,20232,21,20210
 0> <info> app: hr,1896,20231,19,20211
 0> <info> app: hr,1897,20223,10,20211
 0> <info> app: hr,1898,20220,6,20211
 0> <info> app: hr,1899,20227,13,20211
 0> <info> app: hr,1900,20185,-29,20211
 0> <info> app: hr,1901,20227,14,20212
 0> <info> app: hr,1902,20239,25,20212
 0> <info> app: hr,1903,20216,1,20212
 0> <info> app: hr,1904,20224,9,20212
 0> <info> app: hr,1905,20181,-34,20213
 0> <info> app: hr,1906,20215,1,20213
 0> <info> app: hr,1907,20223,9,20213
 0> <info> app: hr,1908,20231,16,20213
 0> <info> app: hr,1909,20212,-2,20213
 0> <info> app: hr,1910,20202,-12,20213
 0> <info> app: hr,1911,20228,13,20214
 0> <info> app: hr,1912,20211,-3,20214
 0> <info> app: hr,1913,20212,-2,20214
 0> <info> app: hr,1914,20235,20,20214
 0> <info> app: hr,1915,20216,0,20214
 0> <info> app: hr,1916,20203,-12,20214
 0> <info> app: hr,1917,20221,6,20215
 0> <info> app: hr,1918,20211,-4,20215
 0> <info> app: hr,1919,20221,5,20215
 0> <info> app: hr,1920,20215,0,20215
 0> <info> app: hr,1921,20225,9,20215
 0> <info> app: hr,1922,20219,3,20215
 0> <info> app: hr,1923,20209,-6,20215
 0> <info> app: hr,1924,20201,-14,20215
 0> <info> app: hr,1925,20205,-9,20215
 0> <info> app: hr,1926,20216,1,20215
 0> <info> app: hr,1927,20215,0,20215
 0> <info> app: hr,1928,20231,16,20215
 0> <info> app: hr,1929,20199,-16,20215
 0> <info> app: hr,1930,20244,29,20215
 0> <info> app: hr,1931,20219,3,20215
 0> <info> app: hr,1932,20226,9,20216
 0> <info> app: hr,1933,20239,22,20216
 0> <info> app: hr,1934,20209,-8,20216
 0> <info> app: hr,1935,20211,-6,20216
 0> <info> app: hr,1936,20199,-17,20216
 0> <info> app: hr,1937,20224,7,20216
 0> <info> app: hr,1938,20207,-9,20216
 0> <info> app: hr,1939,20219,2,20216
 0> <info> app: hr,1940,20241,24,20216
 0> <info> app: hr,1941,20204,-13,20216
 0> <info> app: hr,1942,20220,3,20216
 0> <info> app: hr,1943,20222,5,20217
 0> <info> app: hr,1944,20248,30,20217
 0> <info> app: hr,1945,20219,0,20217
 0> <info> app: hr,1946,20225,6,20217
 0> <info> app: hr,1947,20218,-1,20217
 0> <info> app: hr,1948,20201,-17,20217
 0> <info> app: hr,1949,20224,5,20217
 0> <info> app: hr,1950,20219,0,20218
 0> <info> app: hr,1951,20202,-16,20218
 0> <info> app: hr,1952,20220,2,20218
 0> <info> app: hr,1953,20210,-7,20218
 0> <info> app: hr,1954,20223,5,20218
 0> <info> app: hr,1955,20217,0,20218
 0> <info> app: hr,1956,20227,9,20218
 0> <info> app: hr,1957,20224,5,20218
 0> <info> app: hr,1958,20228,9,20218
 0> <info> app: hr,1959,20211,-7,20218
 0> <info> app: hr,1960,20209,-9,20218
 0> <info> app: hr,1961,20235,17,20218
 0> <info> app: hr,1962,20217,-1,20218
 0> <info> app: hr,1963,20202,-16,20218
 0> <info> app: hr,1964,20226,8,20218
 0> <info> app: hr,1965,20227,8,20218
 0> <info> app: hr,1966,20218,0,20218
 0> <info> app: hr,1967,20198,-20,20218
 0> <info> app: hr,1968,20223,5,20218
 0> <info> app: hr,1969,20215,-2,20218
 0> <info> app: hr,1970,20228,10,20218
 0> <info> app: hr,1971,20226,7,20218
 0> <info> app: hr,1972,20208,-10,20218
 0> <info> app: hr,1973,20210,-8,20218
 0> <info> app: hr,1974,20195,-22,20218
 0> <info> app: hr,1975,20219,2,20218
 0> <info> app: hr,1976,20185,-31,20218
 0> <info> app: hr,1977,20200,-15,20218
 0> <info> app: hr,1978,20227,12,20218
 0> <info> app: hr,1979,20203,-12,20217
 0> <info> app: hr,1980,20211,-3,20217
 0> <info> app: hr,1981,20211,-3,20217
 0> <info> app: hr,1982,20193,-21,20216
 0> <info> app: hr,1983,20210,-3,20216
 0> <info> app: hr,1984,20211,-1,20216
 0> <info> app: hr,1985,20200,-12,20215
 0> <info> app: hr,1986,20196,-16,20215
 0> <info> app: hr,1987,20211,0,20215
 0> <info> app: hr,1988,20195,-16,20214
 0> <info> app: hr,1989,20175,-35,20214
 0> <info> app: hr,1990,20210,1,20213
 0> <info> app: hr,1991,20197,-11,20213
 0> <info> app: hr,1992,20226,17,20212
 0> <info> app: hr,1993,20218,8,20212
 0> <info> app: hr,1994,20215,5,20212
 0> <info> app: hr,1995,20209,0,20211
 0> <info> app: hr,1996,20229,19,20211
 0> <info> app: hr,1997,20172,-38,20211
 0> <info> app: hr,1998,20191,-17,20210
 0> <info> app: hr,1999,20189,-18,20210
 0> <info> app: hr,2000,20178,-28,20210
 0> <info> app: hr,2001,20235,29,20209
 0> <info> app: hr,2002,20224,17,20209
 0> <info> app: hr,2003,20203,-4,20208
 0> <info> app: hr,2004,20222,14,20208
 0> <info> app: hr,2005,20198,-10,20208
 0> <info> app: hr,2006,20201,-6,20208
 0> <info> app: hr,2007,20204,-3,20207
 0> <info> app: hr,2008,20206,-1,20207
 0> <info> app: hr,2009,20215,7,20207
 0> <info> app: hr,2010,20185,-22,20207
 0> <info> app: hr,2011,20215,8,20206
 0> <info> app: hr,2012,20176,-30,20206
 0> <info> app: hr,2013,20218,12,20206
 0> <info> app: hr,2014,20201,-4,20206
 0> <info> app: hr,2015,20217,11,20206
 0> <info> app: hr,2016,20217,10,20205
 0> <info> app: hr,2017,20198,-8,20205
 0> <info> app: hr,2018,20197,-9,20205
 0> <info> app: hr,2019,20207,1,20205
 0> <info> app: hr,2020,20212,6,20205
 0> <info> app: hr,2021,20201,-5,20205
 0> <info> app: hr,2022,20206,0,20205
 0> <info> app: hr,2023,20206,0,20205
 0> <info> app: hr,2024,20210,3,20204
 0> <info> app: hr,2025,20204,-2,20204
 0> <info> app: hr,2026,20194,-12,20204
 0> <info> app: hr,2027,20197,-8,20204
 0> <info> app: hr,2028,20199,-6,20204
 0> <info> app: hr,2029,20206,1,20204
 0> <info> app: hr,2030,20215,10,20204
 0> <info> app: hr,2031,20207,1,20204

# Logging stopped @ 23 Nov 2018 10:01:02
