# SEGGER J-Link RTT Viewer V6.16a Terminal Log File
# Compiled: 12:44:10 on Jun  6 2017
# Logging started @ 23 Nov 2018 11:58:50
 9> <info> app: ***********  Application started  ***********
 9> 
 9> <info> app: [OK] NRF Power ON 0x0004. 
 9> <info> app: Read MAC:CC34D2110EF6
 9> <info> app: ***********  Sensor initial ***********
 9> <info> app: [OK]	BMI160
 9> <info> app: [OK]	SETUP ACC
 9> <info> app: [OK]	SETUP STEP COUNT
 9> <info> app: [OK]	FLASH MEMORY
 9> <info> app: [OK]	OLED Initial
 9> <info> app: [OK]	Max30102 Initial, Temperature 33.68
 9> <info> app: ********** End sensor initial *********
 9> 
 9> <info> app: Max30102 Found
 9> 
 9> <info> app: HR Begin
 9> 
 9> <info> app: 1019
 9> <info> app: hr,50,18908, 1.00 ,0
 9> <info> app: hr,51,18889, 1.00 ,0
 9> <info> app: hr,52,18874, 1.00 ,0
 9> <info> app: hr,53,18887, 1.00 ,0
 9> <info> app: hr,54,18864, 1.00 ,0
 9> <info> app: hr,55,18871, 1.00 ,0
 9> <info> app: hr,56,18867, 1.00 ,0
 9> <info> app: hr,57,18869, 1.00 ,0
 9> <info> app: hr,58,18874, 2.00 ,0
 9> <info> app: hr,59,18874, 2.00 ,0
 9> <info> app: hr,60,18878, 2.00 ,0
 9> <info> app: hr,61,18864, 1.00 ,0
 9> <info> app: hr,62,18893, 1.00 ,0
 9> <info> app: hr,63,18856, 1.00 ,0
 9> <info> app: hr,64,18869, 1.00 ,0
 9> <info> app: hr,65,18860, 1.00 ,0
 9> <info> app: hr,66,18897, 1.00 ,0
 9> <info> app: hr,67,18861, 1.00 ,0
 9> <info> app: hr,68,18845, 1.00 ,0
 9> <info> app: hr,69,18875, 1.00 ,0
 9> <info> app: hr,70,18853, 1.00 ,0
 9> <info> app: hr,71,18872, 2.00 ,0
 9> <info> app: hr,72,18850, 2.00 ,0
 9> <info> app: hr,73,18882, 1.00 ,0
 9> <info> app: hr,74,18872, 1.00 ,0
 9> <info> app: hr,75,18860, 1.00 ,0
 9> <info> app: hr,76,18838, 2.00 ,0
 9> <info> app: hr,77,18861, 2.00 ,0
 9> <info> app: hr,78,18881, 2.00 ,0
 9> <info> app: hr,79,18875, 2.00 ,0
 9> <info> app: hr,80,18866, 3.00 ,0
 9> <info> app: hr,81,18871, 3.00 ,0
 9> <info> app: hr,82,18873, 2.00 ,0
 9> <info> app: hr,83,18883, 2.00 ,0
 9> <info> app: hr,84,18880, 2.00 ,0
 9> <info> app: hr,85,18864, 2.00 ,0
 9> <info> app: hr,86,18868, 2.00 ,0
 9> <info> app: hr,87,18874, 2.00 ,0
 9> <info> app: hr,88,18870, 2.00 ,0
 9> <info> app: hr,89,18878, 1.00 ,0
 9> <info> app: hr,90,18864, 1.00 ,0
 9> <info> app: hr,91,18884, 1.00 ,0
 9> <info> app: hr,92,18864, 1.00 ,0
 9> <info> app: hr,93,18816, 1.00 ,0
 9> <info> app: hr,94,18867, 2.00 ,0
 9> <info> app: hr,95,18858, 2.00 ,0
 9> <info> app: hr,96,18861, 2.00 ,0
 9> <info> app: hr,97,18870, 2.00 ,0
 9> <info> app: hr,98,18873, 2.00 ,0
 9> <info> app: hr,99,18855, 1.00 ,0
 9> <info> app: hr,100,18864, 2.00 ,0
 9> <info> app: hr,101,18868, 2.00 ,0
 9> <info> app: hr,102,18850, 2.00 ,0
 9> <info> app: hr,103,18868, 2.00 ,0
 9> <info> app: hr,104,18869, 2.00 ,0
 9> <info> app: hr,105,18853, 3.00 ,0
 9> <info> app: hr,106,18872, 3.00 ,0
 9> <info> app: hr,107,18890, 2.00 ,0
 9> <info> app: hr,108,18872, 2.00 ,0
 9> <info> app: hr,109,18879, 2.00 ,0
 9> <info> app: hr,110,18850, 2.00 ,0
 9> <info> app: hr,111,18898, 2.00 ,0
 9> <info> app: hr,112,18874, 2.00 ,0
 9> <info> app: hr,113,18854, 2.00 ,0
 9> <info> app: hr,114,18884, 2.00 ,0
 9> <info> app: hr,115,18863, 1.00 ,-1
 9> <info> app: hr,116,18872, 1.00 ,-1
 9> <info> app: hr,117,18869, 1.00 ,0
 9> <info> app: hr,118,18862, 1.00 ,0
 9> <info> app: hr,119,18846, 1.00 ,0
 9> <info> app: hr,120,18883, 1.00 ,0
 9> <info> app: hr,121,18895, 0.00 ,0
 9> <info> app: hr,122,18881, 0.00 ,0
 9> <info> app: hr,123,18877, 0.00 ,0
 9> <info> app: hr,124,18868, 0.00 ,0
 9> <info> app: hr,125,18875, 0.00 ,0
 9> <info> app: hr,126,18847, 0.00 ,0
 9> <info> app: hr,127,18883, 0.00 ,0
 9> <info> app: hr,128,18857, 0.00 ,0
 9> <info> app: hr,129,18877, 0.00 ,0
 9> <info> app: hr,130,18858, 0.00 ,0
 9> <info> app: hr,131,18860, 0.00 ,0
 9> <info> app: hr,132,18883, 0.00 ,0
 9> <info> app: hr,133,18877, 0.00 ,0
 9> <info> app: hr,134,18878, 0.00 ,0
 9> <info> app: hr,135,18894, 0.00 ,0
 9> <info> app: hr,136,18879, -1.00 ,0
 9> <info> app: hr,137,18862, -1.00 ,0
 9> <info> app: hr,138,18876, -1.00 ,0
 9> <info> app: hr,139,18879, -1.00 ,0
 9> <info> app: hr,140,18883, -1.00 ,0
 9> <info> app: hr,141,18845, -2.00 ,0
 9> <info> app: hr,142,18912, -2.00 ,0
 9> <info> app: hr,143,18883, -1.00 ,0
 9> <info> app: hr,144,18865, -1.00 ,0
 9> <info> app: hr,145,18868, -2.00 ,0
 9> <info> app: hr,146,18881, -2.00 ,0
 9> <info> app: hr,147,18864, -2.00 ,0
 9> <info> app: hr,148,18869, -2.00 ,0
 9> <info> app: hr,149,18859, -2.00 ,0
 9> <info> app: hr,150,18860, -3.00 ,0
 9> <info> app: hr,151,18871, -2.00 ,0
 9> <info> app: hr,152,18867, -2.00 ,0
 9> <info> app: hr,153,18896, -2.00 ,0
 9> <info> app: hr,154,18882, -2.00 ,0
 9> <info> app: hr,155,18876, -2.00 ,0
 9> <info> app: hr,156,18869, -2.00 ,0
 9> <info> app: hr,157,18894, -2.00 ,0
 9> <info> app: hr,158,18869, -2.00 ,0
 9> <info> app: hr,159,18889, -1.00 ,0
 9> <info> app: hr,160,18894, -2.00 ,0
 9> <info> app: hr,161,18855, -2.00 ,0
 9> <info> app: hr,162,18874, -2.00 ,0
 9> <info> app: hr,163,18853, -2.00 ,0
 9> <info> app: hr,164,18887, -2.00 ,0
 9> <info> app: hr,165,18891, -2.00 ,0
 9> <info> app: hr,166,18872, -3.00 ,-1
 9> <info> app: hr,167,18863, -2.00 ,0
 9> <info> app: hr,168,18860, -2.00 ,0
 9> <info> app: hr,169,18853, -2.00 ,0
 9> <info> app: hr,170,18847, -2.00 ,0
 9> <info> app: hr,171,18855, -2.00 ,0
 9> <info> app: hr,172,18866, -1.00 ,0
 9> <info> app: hr,173,18863, -1.00 ,0
 9> <info> app: hr,174,18843, -1.00 ,0
 9> <info> app: hr,175,18885, -1.00 ,0
 9> <info> app: hr,176,18909, 0.00 ,0
 9> <info> app: hr,177,18859, 0.00 ,0
 9> <info> app: hr,178,18893, 0.00 ,0
 9> <info> app: hr,179,18881, 0.00 ,0
 9> <info> app: hr,180,18866, 0.00 ,0
 9> <info> app: hr,181,18901, 0.00 ,0
 9> <info> app: hr,182,18872, 0.00 ,0
 9> <info> app: hr,183,18886, 0.00 ,0
 9> <info> app: hr,184,18886, 0.00 ,0
 9> <info> app: hr,185,18889, 0.00 ,0
 9> <info> app: hr,186,18873, -1.00 ,0
 9> <info> app: hr,187,18866, 0.00 ,0
 9> <info> app: hr,188,18864, 0.00 ,0
 9> <info> app: hr,189,18869, 0.00 ,0
 9> <info> app: hr,190,18852, 0.00 ,0
 9> <info> app: hr,191,18880, 0.00 ,0
 9> <info> app: hr,192,18889, 0.00 ,0
 9> <info> app: hr,193,18870, 0.00 ,0
 9> <info> app: hr,194,18871, 0.00 ,0
 9> <info> app: hr,195,18860, 0.00 ,0
 9> <info> app: hr,196,18865, 0.00 ,0
 9> <info> app: hr,197,18866, 0.00 ,0
 9> <info> app: hr,198,18875, 0.00 ,0
 9> <info> app: hr,199,18841, 0.00 ,0
 9> <info> app: hr,200,18866, 0.00 ,0
 9> <info> app: hr,201,18879, 0.00 ,0
 9> <info> app: hr,202,18875, 0.00 ,0
 9> <info> app: hr,203,18856, 0.00 ,0
 9> <info> app: hr,204,18853, 0.00 ,0
 9> <info> app: hr,205,18876, 0.00 ,0
 9> <info> app: hr,206,18858, 0.00 ,0
 9> <info> app: hr,207,18871, 1.00 ,1
 9> <info> app: hr,208,18845, 1.00 ,1
 9> <info> app: hr,209,18865, 1.00 ,1
 9> <info> app: hr,210,18868, 1.00 ,1
 9> <info> app: hr,211,18868, 2.00 ,1
 9> <info> app: hr,212,18866, 2.00 ,1
 9> <info> app: hr,213,18861, 1.00 ,0
 9> <info> app: hr,214,18864, 2.00 ,1
 9> <info> app: hr,215,18871, 2.00 ,1
 9> <info> app: hr,216,18841, 2.00 ,0
 9> <info> app: hr,217,18887, 2.00 ,0
 9> <info> app: hr,218,18871, 3.00 ,1
 9> <info> app: hr,219,18868, 3.00 ,1
 9> <info> app: hr,220,18882, 2.00 ,0
 9> <info> app: hr,221,18869, 2.00 ,0
 9> <info> app: hr,222,18874, 2.00 ,0
 9> <info> app: hr,223,18876, 2.00 ,0
 9> <info> app: hr,224,18858, 3.00 ,0
 9> <info> app: hr,225,18847, 3.00 ,0
 9> <info> app: hr,226,18870, 3.00 ,0
 9> <info> app: hr,227,18867, 2.00 ,0
 9> <info> app: hr,228,18843, 2.00 ,0
 9> <info> app: hr,229,18883, 2.00 ,0
 9> <info> app: hr,230,18851, 2.00 ,0
 9> <info> app: hr,231,18881, 2.00 ,0
 9> <info> app: hr,232,18872, 3.00 ,0
 9> <info> app: hr,233,18871, 3.00 ,0
 9> <info> app: hr,234,18863, 2.00 ,0
 9> <info> app: hr,235,18869, 2.00 ,0
 9> <info> app: hr,236,18857, 2.00 ,0
 9> <info> app: hr,237,18889, 2.00 ,0
 9> <info> app: hr,238,18856, 2.00 ,0
 9> <info> app: hr,239,18871, 2.00 ,0
 9> <info> app: hr,240,18867, 2.00 ,0
 9> <info> app: hr,241,18857, 2.00 ,0
 9> <info> app: hr,242,18861, 1.00 ,0
 9> <info> app: hr,243,18887, 1.00 ,0
 9> <info> app: hr,244,18866, 1.00 ,0
 9> <info> app: hr,245,18869, 1.00 ,0
 9> <info> app: hr,246,18860, 1.00 ,0
 9> <info> app: hr,247,18868, 1.00 ,0
 9> <info> app: hr,248,18878, 1.00 ,0
 9> <info> app: hr,249,18876, 1.00 ,0
 9> <info> app: hr,250,18860, 1.00 ,0
 9> <info> app: hr,251,18886, 1.00 ,0
 9> <info> app: hr,252,18879, 1.00 ,0
 9> <info> app: hr,253,18900, 1.00 ,0
 9> <info> app: hr,254,18863, 0.00 ,0
 9> <info> app: hr,255,18874, 0.00 ,0
 9> <info> app: hr,256,18894, 0.00 ,0
 9> <info> app: hr,257,18875, 0.00 ,0
 9> <info> app: hr,258,18860, 0.00 ,0
 9> <info> app: hr,259,18878, 0.00 ,0
 9> <info> app: hr,260,18886, 0.00 ,0
 9> <info> app: hr,261,18876, -1.00 ,0
 9> <info> app: hr,262,18875, -1.00 ,0
 9> <info> app: hr,263,18894, -1.00 ,0
 9> <info> app: hr,264,18862, -2.00 ,-1
 9> <info> app: hr,265,18878, -2.00 ,-1
 9> <info> app: hr,266,18865, -2.00 ,-1
 9> <info> app: hr,267,18877, -2.00 ,-1
 9> <info> app: hr,268,18881, -3.00 ,-1
 9> <info> app: hr,269,18870, -2.00 ,-1
 9> <info> app: hr,270,18870, -2.00 ,-1
 9> <info> app: hr,271,18890, -2.00 ,-1
 9> <info> app: hr,272,18875, -3.00 ,-1
 9> <info> app: hr,273,18883, -3.00 ,-1
 9> <info> app: hr,274,18874, -3.00 ,-1
 9> <info> app: hr,275,18873, -4.00 ,-1
 9> <info> app: hr,276,18857, -3.00 ,-1
 9> <info> app: hr,277,18867, -3.00 ,-1
 9> <info> app: hr,278,18888, -3.00 ,-1
 9> <info> app: hr,279,18895, -3.00 ,-1
 9> <info> app: hr,280,18878, -3.00 ,-1
 9> <info> app: hr,281,18867, -3.00 ,-1
 9> <info> app: hr,282,18896, -3.00 ,-1
 9> <info> app: hr,283,18846, -3.00 ,-1
 9> <info> app: hr,284,18886, -3.00 ,-1
 9> <info> app: hr,285,18879, -3.00 ,-1
 9> <info> app: hr,286,18857, -3.00 ,-1
 9> <info> app: hr,287,18873, -3.00 ,-1
 9> <info> app: hr,288,18886, -3.00 ,-1
 9> <info> app: hr,289,18877, -3.00 ,-1
 9> <info> app: hr,290,18859, -3.00 ,-1
 9> <info> app: hr,291,18875, -3.00 ,-1
 9> <info> app: hr,292,18888, -3.00 ,-1
 9> <info> app: hr,293,18865, -2.00 ,-1
 9> <info> app: hr,294,18857, -2.00 ,-1
 9> <info> app: hr,295,18886, -2.00 ,-1
 9> <info> app: hr,296,18883, -2.00 ,-1
 9> <info> app: hr,297,18867, -2.00 ,-1
 9> <info> app: hr,298,18932, -2.00 ,-1
 9> <info> app: hr,299,18874, -2.00 ,-1
 9> <info> app: hr,300,18849, -2.00 ,-1
 9> <info> app: hr,301,18876, -1.00 ,0
 9> <info> app: hr,302,18898, -1.00 ,0
 9> <info> app: hr,303,18859, -2.00 ,-1
 9> <info> app: hr,304,18861, -2.00 ,-1
 9> <info> app: hr,305,18875, -2.00 ,-1
 9> <info> app: hr,306,18881, -2.00 ,-1
 9> <info> app: hr,307,18860, -2.00 ,-1
 9> <info> app: hr,308,18868, -2.00 ,-1
 9> <info> app: hr,309,18881, 0.00 ,0
 9> <info> app: hr,310,18874, 0.00 ,0
 9> <info> app: hr,311,18858, 0.00 ,0
 9> <info> app: hr,312,18854, 0.00 ,0
 9> <info> app: hr,313,18881, 0.00 ,0
 9> <info> app: hr,314,18854, 0.00 ,0
 9> <info> app: hr,315,18863, 0.00 ,0
 9> <info> app: hr,316,18889, 0.00 ,0
 9> <info> app: hr,317,18895, 0.00 ,0
 9> <info> app: hr,318,18886, 0.00 ,0
 9> <info> app: hr,319,18876, 0.00 ,0
 9> <info> app: hr,320,18894, 0.00 ,0
 9> <info> app: hr,321,18879, 0.00 ,0
 9> <info> app: hr,322,18867, 0.00 ,0
 9> <info> app: hr,323,18870, 0.00 ,0
 9> <info> app: hr,324,18869, 0.00 ,0
 9> <info> app: hr,325,18861, 0.00 ,0
 9> <info> app: hr,326,18900, 0.00 ,0
 9> <info> app: hr,327,18858, 0.00 ,0
 9> <info> app: hr,328,18882, 0.00 ,0
 9> <info> app: hr,329,18865, 0.00 ,0
 9> <info> app: hr,330,18878, 0.00 ,0
 9> <info> app: hr,331,18878, 0.00 ,0
 9> <info> app: hr,332,18882, 0.00 ,0
 9> <info> app: hr,333,18865, 0.00 ,0
 9> <info> app: hr,334,18889, 0.00 ,0
 9> <info> app: hr,335,18873, 0.00 ,0
 9> <info> app: hr,336,18881, 0.00 ,0
 9> <info> app: hr,337,18899, 0.00 ,0
 9> <info> app: hr,338,18867, 0.00 ,0
 9> <info> app: hr,339,18868, 0.00 ,0
 9> <info> app: hr,340,18857, 0.00 ,0
 9> <info> app: hr,341,18862, 0.00 ,0
 9> <info> app: hr,342,18870, 0.00 ,0
 9> <info> app: hr,343,18837, 0.00 ,0
 9> <info> app: hr,344,18866, 0.00 ,0
 9> <info> app: hr,345,18907, 0.00 ,0
 9> <info> app: hr,346,18878, 0.00 ,0
 9> <info> app: hr,347,18874, 0.00 ,0
 9> <info> app: hr,348,18873, 0.00 ,0
 9> <info> app: hr,349,18868, 0.00 ,0
 9> <info> app: hr,350,18843, 0.00 ,0
 9> <info> app: hr,351,18889, 1.00 ,1
 9> <info> app: hr,352,18853, 1.00 ,1
 9> <info> app: hr,353,18869, 1.00 ,1
 9> <info> app: hr,354,18853, 0.00 ,0
 9> <info> app: hr,355,18863, 0.00 ,0
 9> <info> app: hr,356,18876, 1.00 ,1
 9> <info> app: hr,357,18847, 1.00 ,1
 9> <info> app: hr,358,18869, 1.00 ,1
 9> <info> app: hr,359,18906, 1.00 ,1
 9> <info> app: hr,360,18871, 2.00 ,1
 9> <info> app: hr,361,18871, 2.00 ,1
 9> <info> app: hr,362,18883, 2.00 ,1
 9> <info> app: hr,363,18859, 2.00 ,1
 9> <info> app: hr,364,18865, 2.00 ,1
 9> <info> app: hr,365,18882, 1.00 ,0
 9> <info> app: hr,366,18865, 1.00 ,0
 9> <info> app: hr,367,18837, 1.00 ,0
 9> <info> app: hr,368,18868, 1.00 ,0
 9> <info> app: hr,369,18878, 2.00 ,0
 9> <info> app: hr,370,18879, 2.00 ,0
 9> <info> app: hr,371,18862, 2.00 ,0
 9> <info> app: hr,372,18887, 2.00 ,0
 9> <info> app: hr,373,18867, 2.00 ,0
 9> <info> app: hr,374,18888, 2.00 ,0
 9> <info> app: hr,375,18857, 1.00 ,0
 9> <info> app: hr,376,18880, 1.00 ,0
 9> <info> app: hr,377,18851, 1.00 ,0
 9> <info> app: hr,378,18887, 1.00 ,0
 9> <info> app: hr,379,18882, 1.00 ,0
 9> <info> app: hr,380,18874, 1.00 ,0
 9> <info> app: hr,381,18878, 1.00 ,0
 9> <info> app: hr,382,18878, 1.00 ,0
 9> <info> app: hr,383,18878, 1.00 ,0
 9> <info> app: hr,384,18876, 1.00 ,0
 9> <info> app: hr,385,18859, 1.00 ,0
 9> <info> app: hr,386,18857, 1.00 ,0
 9> <info> app: hr,387,18866, 1.00 ,0
 9> <info> app: hr,388,18860, 0.00 ,0
 9> <info> app: hr,389,18864, 0.00 ,0
 9> <info> app: hr,390,18868, 0.00 ,0
 9> <info> app: hr,391,18875, 0.00 ,0
 9> <info> app: hr,392,18855, 0.00 ,0
 9> <info> app: hr,393,18875, 0.00 ,0
 9> <info> app: hr,394,18883, 0.00 ,0
 9> <info> app: hr,395,18895, 0.00 ,0
 9> <info> app: hr,396,18864, 0.00 ,0
 9> <info> app: hr,397,18854, 0.00 ,0
 9> <info> app: hr,398,18866, 0.00 ,0
 9> <info> app: hr,399,18864, 0.00 ,0
 9> <info> app: hr,400,18871, 0.00 ,0
 9> <info> app: hr,401,18884, 0.00 ,0
 9> <info> app: hr,402,18849, 0.00 ,0
 9> <info> app: hr,403,18885, 0.00 ,0
 9> <info> app: hr,404,18855, 0.00 ,0
 9> <info> app: hr,405,18874, 0.00 ,0
 9> <info> app: hr,406,18873, 0.00 ,0
 9> <info> app: hr,407,18868, 1.00 ,0
 9> <info> app: hr,408,18861, 1.00 ,0
 9> <info> app: hr,409,18881, 1.00 ,0
 9> <info> app: hr,410,18883, 1.00 ,0
 9> <info> app: hr,411,18844, 1.00 ,0
 9> <info> app: hr,412,18894, 1.00 ,0
 9> <info> app: hr,413,18872, 1.00 ,0
 9> <info> app: hr,414,18859, 0.00 ,0
 9> <info> app: hr,415,18873, 0.00 ,0
 9> <info> app: hr,416,18862, 0.00 ,0
 9> <info> app: hr,417,18902, 0.00 ,0
 9> <info> app: hr,418,18875, 0.00 ,0
 9> <info> app: hr,419,18875, 0.00 ,0
 9> <info> app: hr,420,18892, 0.00 ,0
 9> <info> app: hr,421,18888, 0.00 ,0
 9> <info> app: hr,422,18868, 0.00 ,0
 9> <info> app: hr,423,18887, 0.00 ,0
 9> <info> app: hr,424,18868, -1.00 ,0
 9> <info> app: hr,425,18869, -1.00 ,0
 9> <info> app: hr,426,18833, -1.00 ,0
 9> <info> app: hr,427,18873, -1.00 ,0
 9> <info> app: hr,428,18872, 0.00 ,0
 9> <info> app: hr,429,18885, 0.00 ,0
 9> <info> app: hr,430,18856, 0.00 ,0
 9> <info> app: hr,431,18879, 0.00 ,0
 9> <info> app: hr,432,18897, 0.00 ,0
 9> <info> app: hr,433,18889, 0.00 ,0
 9> <info> app: hr,434,18864, -1.00 ,0
 9> <info> app: hr,435,18855, -1.00 ,0
 9> <info> app: hr,436,18884, -1.00 ,0
 9> <info> app: hr,437,18872, -1.00 ,0
 9> <info> app: hr,438,18898, -1.00 ,0
 9> <info> app: hr,439,18885, -1.00 ,0
 9> <info> app: hr,440,18865, -1.00 ,0
 9> <info> app: hr,441,18905, -2.00 ,0
 9> <info> app: hr,442,18865, -2.00 ,0
 9> <info> app: hr,443,18868, -1.00 ,0
 9> <info> app: hr,444,18882, -1.00 ,0
 9> <info> app: hr,445,18893, -1.00 ,0
 9> <info> app: hr,446,18865, -2.00 ,0
 9> <info> app: hr,447,18884, -2.00 ,0
 9> <info> app: hr,448,18863, -2.00 ,0
 9> <info> app: hr,449,18879, -2.00 ,0
 9> <info> app: hr,450,18874, -2.00 ,0
 9> <info> app: hr,451,18900, -2.00 ,0
 9> <info> app: hr,452,18872, -2.00 ,0
 9> <info> app: hr,453,18876, -2.00 ,0
 9> <info> app: hr,454,18866, -2.00 ,0
 9> <info> app: hr,455,18882, -2.00 ,0
 9> <info> app: hr,456,18883, -2.00 ,0
 9> <info> app: hr,457,18876, -2.00 ,0
 9> <info> app: hr,458,18860, -3.00 ,0
 9> <info> app: hr,459,18895, -3.00 ,0
 9> <info> app: hr,460,18870, -2.00 ,0
 9> <info> app: hr,461,18854, -2.00 ,0
 9> <info> app: hr,462,18889, -2.00 ,0
 9> <info> app: hr,463,18879, -2.00 ,0
 9> <info> app: hr,464,18859, -2.00 ,0
 9> <info> app: hr,465,18867, -2.00 ,0
 9> <info> app: hr,466,18885, -2.00 ,0
 9> <info> app: hr,467,18860, -2.00 ,0
 9> <info> app: hr,468,18878, -1.00 ,1
 9> <info> app: hr,469,18850, -1.00 ,1
 9> <info> app: hr,470,18889, -1.00 ,0
 9> <info> app: hr,471,18889, -1.00 ,0
 9> <info> app: hr,472,18856, -1.00 ,0
 9> <info> app: hr,473,18879, 0.00 ,0
 9> <info> app: hr,474,18875, 0.00 ,0
 9> <info> app: hr,475,18842, 0.00 ,0
 9> <info> app: hr,476,18868, 0.00 ,0
 9> <info> app: hr,477,18853, 0.00 ,0
 9> <info> app: hr,478,18872, 0.00 ,0
 9> <info> app: hr,479,18865, 0.00 ,0
 9> <info> app: hr,480,18864, 0.00 ,0
 9> <info> app: hr,481,18892, 0.00 ,0
 9> <info> app: hr,482,18849, 1.00 ,0
 9> <info> app: hr,483,18844, 1.00 ,0
 9> <info> app: hr,484,18868, 1.00 ,0
 9> <info> app: hr,485,18854, 2.00 ,0
 9> <info> app: hr,486,18869, 2.00 ,0
 9> <info> app: hr,487,18860, 2.00 ,0
 9> <info> app: hr,488,18854, 3.00 ,0
 9> <info> app: hr,489,18896, 2.00 ,0
 9> <info> app: hr,490,18874, 2.00 ,0
 9> <info> app: hr,491,18869, 3.00 ,0
 9> <info> app: hr,492,18854, 3.00 ,0
 9> <info> app: hr,493,18874, 3.00 ,0
 9> <info> app: hr,494,18860, 3.00 ,0
 9> <info> app: hr,495,18877, 3.00 ,0
 9> <info> app: hr,496,18887, 3.00 ,0
 9> <info> app: hr,497,18843, 3.00 ,0
 9> <info> app: hr,498,18878, 3.00 ,0
 9> <info> app: hr,499,18873, 3.00 ,0
 9> <info> app: hr,500,18849, 4.00 ,0
 9> <info> app: hr,501,18877, 3.00 ,0
 9> <info> app: hr,502,18853, 3.00 ,0
 9> <info> app: hr,503,18866, 3.00 ,0
 9> <info> app: hr,504,18883, 3.00 ,0
 9> <info> app: hr,505,18858, 3.00 ,0
 9> <info> app: hr,506,18884, 3.00 ,0
 9> <info> app: hr,507,18873, 3.00 ,0
 9> <info> app: hr,508,18864, 3.00 ,0
 9> <info> app: hr,509,18877, 3.00 ,0
 9> <info> app: hr,510,18867, 3.00 ,0
 9> <info> app: hr,511,18867, 3.00 ,0
 9> <info> app: hr,512,18886, 2.00 ,-1
 9> <info> app: hr,513,18884, 2.00 ,-1
 9> <info> app: hr,514,18841, 2.00 ,-1
 9> <info> app: hr,515,18894, 2.00 ,0
 9> <info> app: hr,516,18888, 2.00 ,0
 9> <info> app: hr,517,18878, 1.00 ,0
 9> <info> app: hr,518,18878, 1.00 ,0
 9> <info> app: hr,519,18873, 1.00 ,0
 9> <info> app: hr,520,18875, 1.00 ,0
 9> <info> app: hr,521,18897, 1.00 ,0
 9> <info> app: hr,522,18874, 0.00 ,-1
 9> <info> app: hr,523,18859, 0.00 ,0
 9> <info> app: hr,524,18864, 0.00 ,0
 9> <info> app: hr,525,18866, 0.00 ,0
 9> <info> app: hr,526,18848, -1.00 ,0
 9> <info> app: hr,527,18871, 0.00 ,0
 9> <info> app: hr,528,18886, 0.00 ,0
 9> <info> app: hr,529,18884, 0.00 ,0
 9> <info> app: hr,530,18887, 0.00 ,0
 9> <info> app: hr,531,18862, 0.00 ,0
 9> <info> app: hr,532,18896, 0.00 ,0
 9> <info> app: hr,533,18840, -1.00 ,0
 9> <info> app: hr,534,18869, -1.00 ,0
 9> <info> app: hr,535,18850, -1.00 ,0
 9> <info> app: hr,536,18856, -1.00 ,0
 9> <info> app: hr,537,18879, -1.00 ,0
 9> <info> app: hr,538,18851, -1.00 ,0
 9> <info> app: hr,539,18867, -1.00 ,0
 9> <info> app: hr,540,18876, 0.00 ,0
 9> <info> app: hr,541,18876, 0.00 ,0
 9> <info> app: hr,542,18879, 0.00 ,0
 9> <info> app: hr,543,18862, 0.00 ,0
 9> <info> app: hr,544,18875, 0.00 ,0
 9> <info> app: hr,545,18866, 0.00 ,0
 9> <info> app: hr,546,18894, 0.00 ,0
 9> <info> app: hr,547,18868, 0.00 ,0
 9> <info> app: hr,548,18862, 0.00 ,0
 9> <info> app: hr,549,18865, 0.00 ,0
 9> <info> app: hr,550,18843, 0.00 ,0
 9> <info> app: hr,551,18869, 0.00 ,0
 9> <info> app: hr,552,18851, 0.00 ,0
 9> <info> app: hr,553,18891, 0.00 ,0
 9> <info> app: hr,554,18874, 0.00 ,0
 9> <info> app: hr,555,18870, 0.00 ,0
 9> <info> app: hr,556,18867, 0.00 ,0
 9> <info> app: hr,557,18855, 0.00 ,0
 9> <info> app: hr,558,18861, 0.00 ,0
 9> <info> app: hr,559,18873, 0.00 ,0
 9> <info> app: hr,560,18865, 0.00 ,0
 9> <info> app: hr,561,18877, 0.00 ,0
 9> <info> app: hr,562,18860, 0.00 ,0
 9> <info> app: hr,563,18875, 0.00 ,0
 9> <info> app: hr,564,18866, 0.00 ,0
 9> <info> app: hr,565,18863, 0.00 ,0
 9> <info> app: hr,566,18858, 1.00 ,1
 9> <info> app: hr,567,18844, 1.00 ,1
 9> <info> app: hr,568,18876, 1.00 ,1
 9> <info> app: hr,569,18853, 1.00 ,1
 9> <info> app: hr,570,18858, 1.00 ,1
 9> <info> app: hr,571,18857, 1.00 ,1
 9> <info> app: hr,572,18880, 2.00 ,1
 9> <info> app: hr,573,18858, 2.00 ,1
 9> <info> app: hr,574,18841, 1.00 ,0
 9> <info> app: hr,575,18864, 1.00 ,0
 9> <info> app: hr,576,18867, 2.00 ,1
 9> <info> app: hr,577,18853, 2.00 ,0
 9> <info> app: hr,578,18855, 2.00 ,0
 9> <info> app: hr,579,18863, 3.00 ,1
 9> <info> app: hr,580,18861, 3.00 ,1
 9> <info> app: hr,581,18859, 3.00 ,1
 9> <info> app: hr,582,18862, 2.00 ,0
 9> <info> app: hr,583,18838, 3.00 ,0
 9> <info> app: hr,584,18869, 3.00 ,0
 9> <info> app: hr,585,18865, 3.00 ,0
 9> <info> app: hr,586,18876, 4.00 ,0
 9> <info> app: hr,587,18857, 3.00 ,0
 9> <info> app: hr,588,18866, 3.00 ,0
 9> <info> app: hr,589,18864, 3.00 ,0
 9> <info> app: hr,590,18868, 3.00 ,0
 9> <info> app: hr,591,18872, 3.00 ,0
 9> <info> app: hr,592,18865, 4.00 ,0
 9> <info> app: hr,593,18866, 3.00 ,0
 9> <info> app: hr,594,18846, 3.00 ,0
 9> <info> app: hr,595,18871, 3.00 ,0
 9> <info> app: hr,596,18862, 3.00 ,0
 9> <info> app: hr,597,18843, 3.00 ,0
 9> <info> app: hr,598,18867, 3.00 ,0
 9> <info> app: hr,599,18853, 2.00 ,0
 9> <info> app: hr,600,18872, 2.00 ,0
 9> <info> app: hr,601,18870, 2.00 ,0
 9> <info> app: hr,602,18859, 2.00 ,0
 9> <info> app: hr,603,18895, 2.00 ,0
 9> <info> app: hr,604,18875, 2.00 ,0
 9> <info> app: hr,605,18851, 2.00 ,0
 9> <info> app: hr,606,18858, 1.00 ,0
 9> <info> app: hr,607,18858, 1.00 ,0
 9> <info> app: hr,608,18842, 1.00 ,0
 9> <info> app: hr,609,18858, 1.00 ,0
 9> <info> app: hr,610,18876, 1.00 ,0
 9> <info> app: hr,611,18877, 1.00 ,0
 9> <info> app: hr,612,18858, 1.00 ,0
 9> <info> app: hr,613,18819, 1.00 ,0
 9> <info> app: hr,614,18865, 1.00 ,0
 9> <info> app: hr,615,18857, 2.00 ,0
 9> <info> app: hr,616,18864, 2.00 ,0
 9> <info> app: hr,617,18852, 2.00 ,0
 9> <info> app: hr,618,18853, 1.00 ,0
 9> <info> app: hr,619,18874, 1.00 ,0
 9> <info> app: hr,620,18878, 1.00 ,0
 9> <info> app: hr,621,18878, 1.00 ,0
 9> <info> app: hr,622,18863, 1.00 ,0
 9> <info> app: hr,623,18862, 1.00 ,0
 9> <info> app: hr,624,18860, 1.00 ,0
 9> <info> app: hr,625,18854, 1.00 ,0
 9> <info> app: hr,626,18867, 1.00 ,0
 9> <info> app: hr,627,18844, 1.00 ,0
 9> <info> app: hr,628,18878, 1.00 ,0
 9> <info> app: hr,629,18870, 1.00 ,0
 9> <info> app: hr,630,18872, 1.00 ,0
 9> <info> app: hr,631,18833, 0.00 ,-1
 9> <info> app: hr,632,18848, 0.00 ,-1
 9> <info> app: hr,633,18865, 0.00 ,0
 9> <info> app: hr,634,18860, 0.00 ,0
 9> <info> app: hr,635,18847, 0.00 ,0
 9> <info> app: hr,636,18864, 0.00 ,0
 9> <info> app: hr,637,18874, 0.00 ,0
 9> <info> app: hr,638,18869, 0.00 ,0
 9> <info> app: hr,639,18847, 0.00 ,0
 9> <info> app: hr,640,18839, 0.00 ,0
 9> <info> app: hr,641,18847, 1.00 ,0
 9> <info> app: hr,642,18862, 1.00 ,0
 9> <info> app: hr,643,18854, 1.00 ,0
 9> <info> app: hr,644,18867, 1.00 ,0
 9> <info> app: hr,645,18840, 1.00 ,0
 9> <info> app: hr,646,18847, 1.00 ,0
 9> <info> app: hr,647,18849, 2.00 ,0
 9> <info> app: hr,648,18831, 2.00 ,0
 9> <info> app: hr,649,18850, 1.00 ,0
 9> <info> app: hr,650,18846, 1.00 ,0
 9> <info> app: hr,651,18883, 2.00 ,0
 9> <info> app: hr,652,18867, 2.00 ,0
 9> <info> app: hr,653,18859, 2.00 ,0
 9> <info> app: hr,654,18830, 2.00 ,0
 9> <info> app: hr,655,18819, 3.00 ,1
 9> <info> app: hr,656,18858, 3.00 ,1
 9> <info> app: hr,657,18865, 2.00 ,0
 9> <info> app: hr,658,18850, 3.00 ,0
 9> <info> app: hr,659,18853, 3.00 ,0
 9> <info> app: hr,660,18823, 3.00 ,0
 9> <info> app: hr,661,18848, 4.00 ,1
 9> <info> app: hr,662,18863, 4.00 ,1
 9> <info> app: hr,663,18854, 3.00 ,0
 9> <info> app: hr,664,18874, 4.00 ,1
 9> <info> app: hr,665,18865, 4.00 ,0
 9> <info> app: hr,666,18858, 4.00 ,0
 9> <info> app: hr,667,18849, 3.00 ,0
 9> <info> app: hr,668,18851, 3.00 ,0
 9> <info> app: hr,669,18824, 3.00 ,0
 9> <info> app: hr,670,18882, 4.00 ,0
 9> <info> app: hr,671,18847, 4.00 ,0
 9> <info> app: hr,672,18845, 3.00 ,0
 9> <info> app: hr,673,18852, 3.00 ,0
 9> <info> app: hr,674,18844, 3.00 ,0
 9> <info> app: hr,675,18855, 3.00 ,0
 9> <info> app: hr,676,18827, 3.00 ,0
 9> <info> app: hr,677,18837, 4.00 ,0
 9> <info> app: hr,678,18859, 3.00 ,0
 9> <info> app: hr,679,18869, 3.00 ,0
 9> <info> app: hr,680,18842, 3.00 ,0
 9> <info> app: hr,681,18860, 3.00 ,0
 9> <info> app: hr,682,18861, 4.00 ,0
 9> <info> app: hr,683,18857, 3.00 ,0
 9> <info> app: hr,684,18877, 3.00 ,0
 9> <info> app: hr,685,18860, 3.00 ,0
 9> <info> app: hr,686,18861, 3.00 ,0
 9> <info> app: hr,687,18838, 2.00 ,0
 9> <info> app: hr,688,18842, 2.00 ,-1
 9> <info> app: hr,689,18857, 2.00 ,0
 9> <info> app: hr,690,18836, 1.00 ,-1
 9> <info> app: hr,691,18855, 1.00 ,-1
 9> <info> app: hr,692,18877, 1.00 ,0
 9> <info> app: hr,693,18871, 1.00 ,0
 9> <info> app: hr,694,18852, 1.00 ,0
 9> <info> app: hr,695,18842, 1.00 ,0
 9> <info> app: hr,696,18884, 1.00 ,0
 9> <info> app: hr,697,18858, 1.00 ,0
 9> <info> app: hr,698,18870, 1.00 ,0
 9> <info> app: hr,699,18840, 0.00 ,0
 9> <info> app: hr,700,18856, 0.00 ,0
 9> <info> app: hr,701,18836, 0.00 ,0
 9> <info> app: hr,702,18864, 0.00 ,0
 9> <info> app: hr,703,18840, 0.00 ,0
 9> <info> app: hr,704,18828, 0.00 ,0
 9> <info> app: hr,705,18852, 0.00 ,0
 9> <info> app: hr,706,18861, 0.00 ,0
 9> <info> app: hr,707,18856, 0.00 ,0
 9> <info> app: hr,708,18859, 0.00 ,0
 9> <info> app: hr,709,18846, 0.00 ,0
 9> <info> app: hr,710,18831, 0.00 ,0
 9> <info> app: hr,711,18866, 0.00 ,0
 9> <info> app: hr,712,18877, 0.00 ,0
 9> <info> app: hr,713,18870, 0.00 ,0
 9> <info> app: hr,714,18850, 0.00 ,0
 9> <info> app: hr,715,18879, 0.00 ,0
 9> <info> app: hr,716,18834, 0.00 ,0
 9> <info> app: hr,717,18847, 0.00 ,0
 9> <info> app: hr,718,18849, 0.00 ,0
 9> <info> app: hr,719,18847, 0.00 ,0
 9> <info> app: hr,720,18860, 0.00 ,0
 9> <info> app: hr,721,18856, 0.00 ,0
 9> <info> app: hr,722,18862, 0.00 ,0
 9> <info> app: hr,723,18857, 0.00 ,0
 9> <info> app: hr,724,18871, 0.00 ,0
 9> <info> app: hr,725,18878, 0.00 ,0
 9> <info> app: hr,726,18865, 0.00 ,0
 9> <info> app: hr,727,18865, 0.00 ,0
 9> <info> app: hr,728,18862, 0.00 ,0
 9> <info> app: hr,729,18860, -1.00 ,-1
 9> <info> app: hr,730,18838, -1.00 ,-1
 9> <info> app: hr,731,18875, -1.00 ,-1
 9> <info> app: hr,732,18859, -1.00 ,-1
 9> <info> app: hr,733,18839, -1.00 ,-1
 9> <info> app: hr,734,18851, -2.00 ,-1
 9> <info> app: hr,735,18849, -2.00 ,-1
 9> <info> app: hr,736,18842, -2.00 ,-1
 9> <info> app: hr,737,18841, -1.00 ,-1
 9> <info> app: hr,738,18852, -1.00 ,-1
 9> <info> app: hr,739,18869, -1.00 ,-1
 9> <info> app: hr,740,18870, -1.00 ,-1
 9> <info> app: hr,741,18867, -1.00 ,-1
 9> <info> app: hr,742,18882, -1.00 ,-1
 9> <info> app: hr,743,18848, -1.00 ,-1
 9> <info> app: hr,744,18852, -1.00 ,-1
 9> <info> app: hr,745,18865, -1.00 ,-1
 9> <info> app: hr,746,18844, -1.00 ,-1
 9> <info> app: hr,747,18841, -1.00 ,-1
 9> <info> app: hr,748,18847, -1.00 ,-1
 9> <info> app: hr,749,18845, -1.00 ,-1
 9> <info> app: hr,750,18854, -1.00 ,-1
 9> <info> app: hr,751,18847, 0.00 ,0
 9> <info> app: hr,752,18862, 0.00 ,0
 9> <info> app: hr,753,18856, 0.00 ,0
 9> <info> app: hr,754,18851, 0.00 ,0
 9> <info> app: hr,755,18870, 0.00 ,0
 9> <info> app: hr,756,18844, 0.00 ,0
 9> <info> app: hr,757,18842, 0.00 ,0
 9> <info> app: hr,758,18854, 0.00 ,0
 9> <info> app: hr,759,18851, 0.00 ,0
 9> <info> app: hr,760,18884, 0.00 ,0
 9> <info> app: hr,761,18848, 0.00 ,0
 9> <info> app: hr,762,18842, 0.00 ,0
 9> <info> app: hr,763,18862, 0.00 ,0
 9> <info> app: hr,764,18851, 0.00 ,0
 9> <info> app: hr,765,18854, 0.00 ,0
 9> <info> app: hr,766,18853, 0.00 ,0
 9> <info> app: hr,767,18879, 0.00 ,0
 9> <info> app: hr,768,18852, 0.00 ,0
 9> <info> app: hr,769,18856, 0.00 ,0
 9> <info> app: hr,770,18862, 0.00 ,0
 9> <info> app: hr,771,18871, 0.00 ,0
 9> <info> app: hr,772,18854, 0.00 ,0
 9> <info> app: hr,773,18858, 0.00 ,0
 9> <info> app: hr,774,18887, 0.00 ,0
 9> <info> app: hr,775,18865, 0.00 ,0
 9> <info> app: hr,776,18882, 0.00 ,0
 9> <info> app: hr,777,18842, 0.00 ,0
 9> <info> app: hr,778,18863, 0.00 ,0
 9> <info> app: hr,779,18854, 0.00 ,0
 9> <info> app: hr,780,18842, 0.00 ,0
 9> <info> app: hr,781,18862, -1.00 ,-1
 9> <info> app: hr,782,18853, -1.00 ,-1
 9> <info> app: hr,783,18821, -1.00 ,-1
 9> <info> app: hr,784,18855, -1.00 ,-1
 9> <info> app: hr,785,18851, -1.00 ,-1
 9> <info> app: hr,786,18884, -1.00 ,-1
 9> <info> app: hr,787,18843, -1.00 ,-1
 9> <info> app: hr,788,18841, -1.00 ,-1
 9> <info> app: hr,789,18864, -1.00 ,-1
 9> <info> app: hr,790,18840, -1.00 ,-1
 9> <info> app: hr,791,18872, 0.00 ,0
 9> <info> app: hr,792,18832, 0.00 ,0
 9> <info> app: hr,793,18849, 0.00 ,0
 9> <info> app: hr,794,18822, 0.00 ,0
 9> <info> app: hr,795,18873, 0.00 ,0
 9> <info> app: hr,796,18867, 0.00 ,0
 9> <info> app: hr,797,18853, 0.00 ,0
 9> <info> app: hr,798,18841, 1.00 ,1
 9> <info> app: hr,799,18856, 0.00 ,0
 9> <info> app: hr,800,18860, 0.00 ,0
 9> <info> app: hr,801,18849, 0.00 ,0
 9> <info> app: hr,802,18870, 0.00 ,0
 9> <info> app: hr,803,18861, 0.00 ,0
 9> <info> app: hr,804,18830, 0.00 ,0
 9> <info> app: hr,805,18864, 0.00 ,0
 9> <info> app: hr,806,18853, 1.00 ,1
 9> <info> app: hr,807,18850, 1.00 ,1
 9> <info> app: hr,808,18848, 1.00 ,1
 9> <info> app: hr,809,18837, 1.00 ,1
 9> <info> app: hr,810,18884, 1.00 ,1
 9> <info> app: hr,811,18866, 1.00 ,1
 9> <info> app: hr,812,18842, 1.00 ,1
 9> <info> app: hr,813,18845, 1.00 ,1
 9> <info> app: hr,814,18834, 1.00 ,1
 9> <info> app: hr,815,18833, 1.00 ,1
 9> <info> app: hr,816,18830, 1.00 ,1
 9> <info> app: hr,817,18836, 1.00 ,1
 9> <info> app: hr,818,18862, 1.00 ,1
 9> <info> app: hr,819,18860, 1.00 ,1
 9> <info> app: hr,820,18848, 2.00 ,1
 9> <info> app: hr,821,18843, 2.00 ,1
 9> <info> app: hr,822,18844, 2.00 ,1
 9> <info> app: hr,823,18849, 2.00 ,1
 9> <info> app: hr,824,18857, 3.00 ,1
 9> <info> app: hr,825,18880, 2.00 ,0
 9> <info> app: hr,826,18836, 2.00 ,0
 9> <info> app: hr,827,18845, 2.00 ,0
 9> <info> app: hr,828,18870, 2.00 ,0
 9> <info> app: hr,829,18841, 2.00 ,0
 9> <info> app: hr,830,18849, 2.00 ,0
 9> <info> app: hr,831,18831, 2.00 ,0
 9> <info> app: hr,832,18849, 3.00 ,0
 9> <info> app: hr,833,18865, 2.00 ,0
 9> <info> app: hr,834,18862, 2.00 ,0
 9> <info> app: hr,835,18849, 2.00 ,0
 9> <info> app: hr,836,18847, 2.00 ,0
 9> <info> app: hr,837,18859, 2.00 ,0
 9> <info> app: hr,838,18831, 2.00 ,0
 9> <info> app: hr,839,18870, 2.00 ,0
 9> <info> app: hr,840,18835, 2.00 ,0
 9> <info> app: hr,841,18856, 1.00 ,0
 9> <info> app: hr,842,18863, 1.00 ,0
 9> <info> app: hr,843,18840, 1.00 ,0
 9> <info> app: hr,844,18860, 1.00 ,0
 9> <info> app: hr,845,18864, 1.00 ,0
 9> <info> app: hr,846,18865, 1.00 ,0
 9> <info> app: hr,847,18865, 1.00 ,0
 9> <info> app: hr,848,18867, 1.00 ,0
 9> <info> app: hr,849,18840, 1.00 ,0
 9> <info> app: hr,850,18880, 0.00 ,0
 9> <info> app: hr,851,18869, 0.00 ,0
 9> <info> app: hr,852,18862, 0.00 ,0
 9> <info> app: hr,853,18864, 0.00 ,0
 9> <info> app: hr,854,18868, 0.00 ,0
 9> <info> app: hr,855,18848, 0.00 ,0
 9> <info> app: hr,856,18877, 0.00 ,0
 9> <info> app: hr,857,18852, -1.00 ,0
 9> <info> app: hr,858,18865, -1.00 ,0
 9> <info> app: hr,859,18868, -1.00 ,0
 9> <info> app: hr,860,18862, -2.00 ,0
 9> <info> app: hr,861,18843, -2.00 ,0
 9> <info> app: hr,862,18874, -2.00 ,0
 9> <info> app: hr,863,18824, -3.00 ,-1
 9> <info> app: hr,864,18852, -2.00 ,0
 9> <info> app: hr,865,18848, -2.00 ,0
 9> <info> app: hr,866,18846, -2.00 ,0
 9> <info> app: hr,867,18855, -2.00 ,0
 9> <info> app: hr,868,18823, -2.00 ,0
 9> <info> app: hr,869,18882, -2.00 ,0
 9> <info> app: hr,870,18851, -2.00 ,0
 9> <info> app: hr,871,18840, -2.00 ,0
 9> <info> app: hr,872,18850, -1.00 ,0
 9> <info> app: hr,873,18853, -1.00 ,0
 9> <info> app: hr,874,18875, -1.00 ,0
 9> <info> app: hr,875,18847, -1.00 ,0
 9> <info> app: hr,876,18857, -1.00 ,0
 9> <info> app: hr,877,18868, -1.00 ,0
 9> <info> app: hr,878,18877, -1.00 ,0
 9> <info> app: hr,879,18847, -1.00 ,0
 9> <info> app: hr,880,18858, -1.00 ,0
 9> <info> app: hr,881,18852, -2.00 ,0
 9> <info> app: hr,882,18867, -2.00 ,0
 9> <info> app: hr,883,18820, -2.00 ,0
 9> <info> app: hr,884,18862, -1.00 ,0
 9> <info> app: hr,885,18835, -1.00 ,0
 9> <info> app: hr,886,18883, 0.00 ,0
 9> <info> app: hr,887,18870, 0.00 ,0
 9> <info> app: hr,888,18857, 0.00 ,0
 9> <info> app: hr,889,18865, -1.00 ,0
 9> <info> app: hr,890,18865, -1.00 ,0
 9> <info> app: hr,891,18855, -1.00 ,0
 9> <info> app: hr,892,18881, -1.00 ,0
 9> <info> app: hr,893,18862, -1.00 ,0
 9> <info> app: hr,894,18867, -1.00 ,0
 9> <info> app: hr,895,18877, -1.00 ,0
 9> <info> app: hr,896,18857, -2.00 ,0
 9> <info> app: hr,897,18853, -2.00 ,0
 9> <info> app: hr,898,18861, -1.00 ,0
 9> <info> app: hr,899,18856, -1.00 ,0
 9> <info> app: hr,900,18852, -2.00 ,0
 9> <info> app: hr,901,18851, -2.00 ,0
 9> <info> app: hr,902,18857, -2.00 ,0
 9> <info> app: hr,903,18845, -2.00 ,0
 9> <info> app: hr,904,18859, -2.00 ,0
 9> <info> app: hr,905,18873, -2.00 ,0
 9> <info> app: hr,906,18874, -2.00 ,0
 9> <info> app: hr,907,18855, -1.00 ,0
 9> <info> app: hr,908,18871, -1.00 ,0
 9> <info> app: hr,909,18851, -1.00 ,0
 9> <info> app: hr,910,18816, -1.00 ,0
 9> <info> app: hr,911,18869, -1.00 ,0
 9> <info> app: hr,912,18856, -1.00 ,0
 9> <info> app: hr,913,18836, -1.00 ,0
 9> <info> app: hr,914,18874, -1.00 ,0
 9> <info> app: hr,915,18843, -1.00 ,0
 9> <info> app: hr,916,18828, -1.00 ,0
 9> <info> app: hr,917,18847, -1.00 ,0
 9> <info> app: hr,918,18847, -1.00 ,0
 9> <info> app: hr,919,18855, 0.00 ,0
 9> <info> app: hr,920,18846, 0.00 ,0
 9> <info> app: hr,921,18866, 0.00 ,0
 9> <info> app: hr,922,18856, 0.00 ,0
 9> <info> app: hr,923,18857, 0.00 ,0
 9> <info> app: hr,924,18879, 0.00 ,0
 9> <info> app: hr,925,18866, 0.00 ,0
 9> <info> app: hr,926,18846, 0.00 ,0
 9> <info> app: hr,927,18862, 0.00 ,0
 9> <info> app: hr,928,18870, 0.00 ,0
 9> <info> app: hr,929,18850, 0.00 ,0
 9> <info> app: hr,930,18836, 0.00 ,0
 9> <info> app: hr,931,18860, 0.00 ,0
 9> <info> app: hr,932,18873, 0.00 ,0
 9> <info> app: hr,933,18856, 0.00 ,0
 9> <info> app: hr,934,18830, 0.00 ,0
 9> <info> app: hr,935,18836, 0.00 ,0
 9> <info> app: hr,936,18848, 0.00 ,0
 9> <info> app: hr,937,18872, 1.00 ,1
 9> <info> app: hr,938,18834, 1.00 ,1
 9> <info> app: hr,939,18876, 1.00 ,1
 9> <info> app: hr,940,18841, 1.00 ,1
 9> <info> app: hr,941,18880, 1.00 ,1
 9> <info> app: hr,942,18855, 1.00 ,1
 9> <info> app: hr,943,18843, 1.00 ,1
 9> <info> app: hr,944,18871, 1.00 ,1
 9> <info> app: hr,945,18854, 0.00 ,0
 9> <info> app: hr,946,18871, 0.00 ,0
 9> <info> app: hr,947,18860, 0.00 ,0
 9> <info> app: hr,948,18830, 0.00 ,0
 9> <info> app: hr,949,18869, 0.00 ,0
 9> <info> app: hr,950,18870, 0.00 ,0
 9> <info> app: hr,951,18839, 0.00 ,0
 9> <info> app: hr,952,18825, 0.00 ,0
 9> <info> app: hr,953,18841, 0.00 ,0
 9> <info> app: hr,954,18849, 0.00 ,0
 9> <info> app: hr,955,18853, 1.00 ,1
 9> <info> app: hr,956,18858, 1.00 ,1
 9> <info> app: hr,957,18851, 1.00 ,1
 9> <info> app: hr,958,18836, 1.00 ,1
 9> <info> app: hr,959,18863, 1.00 ,1
 9> <info> app: hr,960,18826, 1.00 ,1
 9> <info> app: hr,961,18858, 2.00 ,1
 9> <info> app: hr,962,18868, 2.00 ,1
 9> <info> app: hr,963,18840, 1.00 ,0
 9> <info> app: hr,964,18838, 1.00 ,0
 9> <info> app: hr,965,18870, 1.00 ,0
 9> <info> app: hr,966,18874, 1.00 ,0
 9> <info> app: hr,967,18854, 1.00 ,0
 9> <info> app: hr,968,18819, 2.00 ,0
 9> <info> app: hr,969,18869, 2.00 ,0
 9> <info> app: hr,970,18856, 2.00 ,0
 9> <info> app: hr,971,18848, 2.00 ,0
 9> <info> app: hr,972,18879, 2.00 ,0
 9> <info> app: hr,973,18859, 1.00 ,0
 9> <info> app: hr,974,18860, 1.00 ,0
 9> <info> app: hr,975,18859, 1.00 ,0
 9> <info> app: hr,976,18861, 1.00 ,0
 9> <info> app: hr,977,18842, 1.00 ,0
 9> <info> app: hr,978,18858, 0.00 ,0
 9> <info> app: hr,979,18861, 0.00 ,0
 9> <info> app: hr,980,18850, 0.00 ,0
 9> <info> app: hr,981,18869, 0.00 ,0
 9> <info> app: hr,982,18851, 0.00 ,0
 9> <info> app: hr,983,18878, 0.00 ,0
 9> <info> app: hr,984,18870, 0.00 ,0
 9> <info> app: hr,985,18869, 0.00 ,0
 9> <info> app: hr,986,18867, 0.00 ,0
 9> <info> app: hr,987,18845, 0.00 ,0
 9> <info> app: hr,988,18867, 0.00 ,0
 9> <info> app: hr,989,18857, -1.00 ,0
 9> <info> app: hr,990,18861, -1.00 ,0
 9> <info> app: hr,991,18863, -1.00 ,0
 9> <info> app: hr,992,18875, -1.00 ,0
 9> <info> app: hr,993,18846, -2.00 ,-1
 9> <info> app: hr,994,18851, -2.00 ,-1
 9> <info> app: hr,995,18862, -2.00 ,-1
 9> <info> app: hr,996,18866, -1.00 ,0
 9> <info> app: hr,997,18855, -1.00 ,0
 9> <info> app: hr,998,18868, -2.00 ,0
 9> <info> app: hr,999,18843, -2.00 ,0
 9> <info> app: hr,1000,18844, -2.00 ,0
 9> <info> app: hr,1001,18808, -2.00 ,0
 9> <info> app: hr,1002,18850, -2.00 ,0
 9> <info> app: hr,1003,18875, -2.00 ,0
 9> <info> app: hr,1004,18840, -2.00 ,0
 9> <info> app: hr,1005,18878, -1.00 ,0
 9> <info> app: hr,1006,18844, -1.00 ,0
 9> <info> app: hr,1007,18864, -1.00 ,0
 9> <info> app: hr,1008,18859, -1.00 ,0
 9> <info> app: hr,1009,18857, -1.00 ,0
 9> <info> app: hr,1010,18853, -1.00 ,0
 9> <info> app: hr,1011,18857, 0.00 ,0
 9> <info> app: hr,1012,18858, 0.00 ,0
 9> <info> app: hr,1013,18840, 0.00 ,0
 9> <info> app: hr,1014,18868, 0.00 ,0
 9> <info> app: hr,1015,18852, 0.00 ,0
 9> <info> app: hr,1016,18853, 0.00 ,0
 9> <info> app: hr,1017,18856, 0.00 ,0
 9> <info> app: hr,1018,18878, 0.00 ,0

# Logging stopped @ 23 Nov 2018 11:59:28
