 9> <info> app: hr	50	18584	-3.62	0
 9> <info> app: hr	51	18584	-3.43	0
 9> <info> app: hr	52	18596	-3.28	0
 9> <info> app: hr	53	18619	-3.12	0
 9> <info> app: hr	54	18577	-3.96	0
 9> <info> app: hr	55	18584	-3.75	0
 9> <info> app: hr	56	18580	-3.56	0
 9> <info> app: hr	57	18583	-3.4	0
 9> <info> app: hr	58	18587	-3.21	0
 9> <info> app: hr	59	18561	-3.06	0
 9> <info> app: hr	60	18573	-2.9	0
 9> <info> app: hr	61	18591	-2.75	0
 9> <info> app: hr	62	18572	-2.62	0
 9> <info> app: hr	63	18601	-2.5	0
 9> <info> app: hr	64	18565	-2.37	0
 9> <info> app: hr	65	18567	-1.25	0
 9> <info> app: hr	66	18584	-1.18	0
 9> <info> app: hr	67	18614	-1.12	0
 9> <info> app: hr	68	18606	-1.06	0
 9> <info> app: hr	69	18598	-1.03	0
 9> <info> app: hr	70	18608	-0.96	0
 9> <info> app: hr	71	18604	-0.9	0
 9> <info> app: hr	72	18558	-0.87	0
 9> <info> app: hr	73	18604	-0.84	0
 9> <info> app: hr	74	18611	-1.78	0
 9> <info> app: hr	75	18566	-1.68	0
 9> <info> app: hr	76	18608	-1.62	0
 9> <info> app: hr	77	18601	-1.53	0
 9> <info> app: hr	78	18582	-1.46	0
 9> <info> app: hr	79	18611	-1.37	0
 9> <info> app: hr	80	18590	-2.31	0
 9> <info> app: hr	81	18589	-2.18	0
 9> <info> app: hr	82	18596	-2.09	0
 9> <info> app: hr	83	18570	-1.96	0
 9> <info> app: hr	84	18568	-1.87	0
 9> <info> app: hr	85	18590	-1.78	0
 9> <info> app: hr	86	18588	-1.68	0
 9> <info> app: hr	87	18574	-1.62	0
 9> <info> app: hr	88	18599	-1.53	0
 9> <info> app: hr	89	18618	-2.46	0
 9> <info> app: hr	90	18584	-2.34	0
 9> <info> app: hr	91	18621	-2.21	0
 9> <info> app: hr	92	18606	-2.09	0
 9> <info> app: hr	93	18600	-2	0
 9> <info> app: hr	94	18612	-1.9	0
 9> <info> app: hr	95	18607	-2.81	0
 9> <info> app: hr	96	18604	-2.65	0
 9> <info> app: hr	97	18593	-3.53	-1
 9> <info> app: hr	98	18610	-3.34	-1
 9> <info> app: hr	99	18595	-3.18	0
 9> <info> app: hr	100	18616	-4.03	0
 9> <info> app: hr	101	18623	-3.84	0
 9> <info> app: hr	102	18582	-4.62	0
 9> <info> app: hr	103	18594	-4.4	0
 9> <info> app: hr	104	18588	-4.18	0
 9> <info> app: hr	105	18586	-4.96	0
 9> <info> app: hr	106	18586	-4.71	0
 9> <info> app: hr	107	18587	-4.5	0
 9> <info> app: hr	108	18575	-4.28	0
 9> <info> app: hr	109	18610	-5.06	0
 9> <info> app: hr	110	18570	-4.81	0
 9> <info> app: hr	111	18604	-4.56	0
 9> <info> app: hr	112	18586	-4.34	0
 9> <info> app: hr	113	18609	-4.12	0
 9> <info> app: hr	114	18609	-3.9	0
 9> <info> app: hr	115	18587	-3.71	0
 9> <info> app: hr	116	18585	-3.53	0
 9> <info> app: hr	117	18592	-3.34	0
 9> <info> app: hr	118	18611	-3.18	0
 9> <info> app: hr	119	18611	-3.03	0
 9> <info> app: hr	120	18616	-2.87	0
 9> <info> app: hr	121	18599	-2.71	0
 9> <info> app: hr	122	18582	-3.59	0
 9> <info> app: hr	123	18599	-3.4	0
 9> <info> app: hr	124	18583	-3.25	0
 9> <info> app: hr	125	18613	-3.09	0
 9> <info> app: hr	126	18581	-2.93	0
 9> <info> app: hr	127	18573	-2.78	0
 9> <info> app: hr	128	18588	-2.62	0
 9> <info> app: hr	129	18582	-2.5	0
 9> <info> app: hr	130	18584	-2.37	0
 9> <info> app: hr	131	18626	-2.25	0
 9> <info> app: hr	132	18598	-2.15	0
 9> <info> app: hr	133	18602	-2.03	0
 9> <info> app: hr	134	18597	-1.93	0
 9> <info> app: hr	135	18592	-1.84	0
 9> <info> app: hr	136	18571	-1.75	0
 9> <info> app: hr	137	18597	-0.65	1
 9> <info> app: hr	138	18603	-0.62	1
 9> <info> app: hr	139	18591	-0.59	0
 9> <info> app: hr	140	18580	-0.56	0
 9> <info> app: hr	141	18605	-0.53	0
 9> <info> app: hr	142	18590	-0.53	0
 9> <info> app: hr	143	18599	-0.5	0
 9> <info> app: hr	144	18584	-0.46	0
 9> <info> app: hr	145	18578	-0.43	0
 9> <info> app: hr	146	18592	-0.4	0
 9> <info> app: hr	147	18603	0.59	0
 9> <info> app: hr	148	18602	0.56	0
 9> <info> app: hr	149	18603	0.53	0
 9> <info> app: hr	150	18595	0.5	0
 9> <info> app: hr	151	18584	0.5	0
 9> <info> app: hr	152	18604	0.46	0
 9> <info> app: hr	153	18623	0.43	0
 9> <info> app: hr	154	18591	0.4	0
 9> <info> app: hr	155	18564	0.4	0
 9> <info> app: hr	156	18610	0.37	0
 9> <info> app: hr	157	18584	0.37	0
 9> <info> app: hr	158	18572	0.34	0
 9> <info> app: hr	159	18594	0.31	0
 9> <info> app: hr	160	18593	0.31	0
 9> <info> app: hr	161	18570	0.28	0
 9> <info> app: hr	162	18593	0.28	0
 9> <info> app: hr	163	18607	1.25	1
 9> <info> app: hr	164	18583	1.18	0
 9> <info> app: hr	165	18606	1.15	0
 9> <info> app: hr	166	18558	1.09	0
 9> <info> app: hr	167	18557	1.03	0
 9> <info> app: hr	168	18621	0.96	0
 9> <info> app: hr	169	18600	1.93	1
 9> <info> app: hr	170	18575	1.84	1
 9> <info> app: hr	171	18604	1.75	1
 9> <info> app: hr	172	18571	1.65	1
 9> <info> app: hr	173	18580	1.56	0
 9> <info> app: hr	174	18586	2.5	1
 9> <info> app: hr	175	18587	2.37	0
 9> <info> app: hr	176	18602	2.25	0
 9> <info> app: hr	177	18577	2.12	0
 9> <info> app: hr	178	18567	3.03	1
 9> <info> app: hr	179	18590	2.87	0
 9> <info> app: hr	180	18564	2.75	0
 9> <info> app: hr	181	18577	2.59	0
 9> <info> app: hr	182	18603	3.46	1
 9> <info> app: hr	183	18552	3.28	0
 9> <info> app: hr	184	18556	4.12	1
 9> <info> app: hr	185	18563	3.93	1
 9> <info> app: hr	186	18565	4.71	1
 9> <info> app: hr	187	18580	4.5	0
 9> <info> app: hr	188	18581	5.28	1
 9> <info> app: hr	189	18581	5	0
 9> <info> app: hr	190	18564	5.75	1
 9> <info> app: hr	191	18547	5.46	0
 9> <info> app: hr	192	18571	6.18	1
 9> <info> app: hr	193	18534	6.87	0
 9> <info> app: hr	194	18527	6.53	0
 9> <info> app: hr	195	18541	7.21	0
 9> <info> app: hr	196	18568	7.84	1
 9> <info> app: hr	197	18557	8.46	0
 9> <info> app: hr	198	18587	9.03	0
 9> <info> app: hr	199	18570	9.59	1
 9> <info> app: hr	200	18551	10.09	0
 9> <info> app: hr	201	18536	10.59	0
 9> <info> app: hr	202	18565	11.06	0
 9> <info> app: hr	203	18548	11.53	0
 9> <info> app: hr	204	18592	10.93	0
 9> <info> app: hr	205	18579	11.4	0
 9> <info> app: hr	206	18565	11.81	0
 9> <info> app: hr	207	18582	12.21	0
 9> <info> app: hr	208	18587	11.62	0
 9> <info> app: hr	209	18560	12.03	0
 9> <info> app: hr	210	18600	11.43	0
 9> <info> app: hr	211	18570	10.87	0
 9> <info> app: hr	212	18569	11.31	0
 9> <info> app: hr	213	18607	10.75	0
 9> <info> app: hr	214	18596	10.21	0
 9> <info> app: hr	215	18582	9.71	0
 9> <info> app: hr	216	18581	9.21	0
 9> <info> app: hr	217	18597	8.75	0
 9> <info> app: hr	218	18589	8.31	0
 9> <info> app: hr	219	18591	6.9	-1
 9> <info> app: hr	220	18599	6.56	-1
 9> <info> app: hr	221	18598	6.25	-1
 9> <info> app: hr	222	18619	4.93	-1
 9> <info> app: hr	223	18592	4.68	-1
 9> <info> app: hr	224	18609	3.43	-1
 9> <info> app: hr	225	18616	2.28	-1
 9> <info> app: hr	226	18601	2.15	0
 9> <info> app: hr	227	18626	1.06	0
 9> <info> app: hr	228	18606	0	0
 9> <info> app: hr	229	18621	-1	0
 9> <info> app: hr	230	18615	-1.96	0
 9> <info> app: hr	231	18574	-2.84	0
 9> <info> app: hr	232	18600	-4.71	0
 9> <info> app: hr	233	18615	-5.46	0
 9> <info> app: hr	234	18618	-6.21	0
 9> <info> app: hr	235	18659	-6.9	0
 9> <info> app: hr	236	18628	-7.56	0
 9> <info> app: hr	237	18632	-8.15	0
 9> <info> app: hr	238	18647	-9.75	0
 9> <info> app: hr	239	18594	-10.28	0
 9> <info> app: hr	240	18623	-11.75	0
 9> <info> app: hr	241	18649	-12.18	0
 9> <info> app: hr	242	18632	-13.56	0
 9> <info> app: hr	243	18638	-13.87	0
 9> <info> app: hr	244	18665	-15.18	0
 9> <info> app: hr	245	18625	-15.43	0
 9> <info> app: hr	246	18623	-16.65	0
 9> <info> app: hr	247	18615	-16.84	0
 9> <info> app: hr	248	18628	-18	0
 9> <info> app: hr	249	18661	-19.09	0
 9> <info> app: hr	250	18625	-19.12	0
 9> <info> app: hr	251	18607	-20.18	0
 9> <info> app: hr	252	18614	-20.15	0
 9> <info> app: hr	253	18629	-20.15	0
 9> <info> app: hr	254	18637	-20.15	0
 9> <info> app: hr	255	18639	-21.15	0
 9> <info> app: hr	256	18664	-21.09	0
 9> <info> app: hr	257	18625	-21.03	0
 9> <info> app: hr	258	18654	-21.96	0
 9> <info> app: hr	259	18651	-21.87	0
 9> <info> app: hr	260	18656	-21.78	0
 9> <info> app: hr	261	18633	-21.68	0
 9> <info> app: hr	262	18637	-22.62	0
 9> <info> app: hr	263	18620	-22.46	0
 9> <info> app: hr	264	18660	-22.34	0
 9> <info> app: hr	265	18653	-22.25	0
 9> <info> app: hr	266	18636	-22.12	0
 9> <info> app: hr	267	18655	-22.03	0
 9> <info> app: hr	268	18649	-22.9	0
 9> <info> app: hr	269	18645	-22.78	0
 9> <info> app: hr	270	18637	-22.62	0
 9> <info> app: hr	271	18604	-22.5	0
 9> <info> app: hr	272	18637	-22.37	0
 9> <info> app: hr	273	18652	-21.25	0
 9> <info> app: hr	274	18662	-21.18	0
 9> <info> app: hr	275	18659	-21.12	0
 9> <info> app: hr	276	18646	-21.09	0
 9> <info> app: hr	277	18640	-21.03	0
 9> <info> app: hr	278	18657	-19.96	1
 9> <info> app: hr	279	18631	-19.96	1
 9> <info> app: hr	280	18631	-19.96	0
 9> <info> app: hr	281	18643	-18.96	0
 9> <info> app: hr	282	18622	-19.03	0
 9> <info> app: hr	283	18666	-18.09	0
 9> <info> app: hr	284	18652	-18.18	0
 9> <info> app: hr	285	18640	-17.28	0
 9> <info> app: hr	286	18662	-17.4	0
 9> <info> app: hr	287	18655	-16.53	0
 9> <info> app: hr	288	18644	-16.71	0
 9> <info> app: hr	289	18678	-15.87	0
 9> <info> app: hr	290	18658	-16.06	0
 9> <info> app: hr	291	18664	-15.28	0
 9> <info> app: hr	292	18689	-15.5	0
 9> <info> app: hr	293	18653	-15.75	0
 9> <info> app: hr	294	18642	-14.93	0
 9> <info> app: hr	295	18683	-15.18	0
 9> <info> app: hr	296	18670	-15.43	0
 9> <info> app: hr	297	18681	-14.65	0
 9> <info> app: hr	298	18655	-14.93	0
 9> <info> app: hr	299	18682	-15.18	0
 9> <info> app: hr	300	18682	-15.43	0
 9> <info> app: hr	301	18621	-15.65	0
 9> <info> app: hr	302	18693	-14.87	0
 9> <info> app: hr	303	18650	-15.12	0
 9> <info> app: hr	304	18633	-15.37	0
 9> <info> app: hr	305	18693	-14.59	0
 9> <info> app: hr	306	18647	-14.87	0
 9> <info> app: hr	307	18677	-15.12	0
 9> <info> app: hr	308	18657	-14.37	0
 9> <info> app: hr	309	18662	-14.65	0
 9> <info> app: hr	310	18657	-13.93	0
 9> <info> app: hr	311	18671	-14.21	0
 9> <info> app: hr	312	18683	-13.53	0
 9> <info> app: hr	313	18683	-13.84	0
 9> <info> app: hr	314	18705	-13.15	0
 9> <info> app: hr	315	18670	-13.5	0
 9> <info> app: hr	316	18681	-13.81	0
 9> <info> app: hr	317	18680	-14.12	0
 9> <info> app: hr	318	18677	-13.4	0
 9> <info> app: hr	319	18678	-13.75	0
 9> <info> app: hr	320	18699	-14.06	0
 9> <info> app: hr	321	18697	-14.34	0
 9> <info> app: hr	322	18699	-13.65	0
 9> <info> app: hr	323	18686	-13.96	0
 9> <info> app: hr	324	18676	-14.25	0
 9> <info> app: hr	325	18668	-14.56	0
 9> <info> app: hr	326	18680	-14.81	0
 9> <info> app: hr	327	18673	-15.09	0
 9> <info> app: hr	328	18689	-14.31	0
 9> <info> app: hr	329	18696	-14.59	0
 9> <info> app: hr	330	18706	-14.87	0
 9> <info> app: hr	331	18690	-15.12	0
 9> <info> app: hr	332	18700	-14.37	0
 9> <info> app: hr	333	18694	-14.65	0
 9> <info> app: hr	334	18685	-14.93	0
 9> <info> app: hr	335	18729	-15.18	0
 9> <info> app: hr	336	18701	-15.4	0
 9> <info> app: hr	337	18696	-15.65	0
 9> <info> app: hr	338	18687	-15.87	0
 9> <info> app: hr	339	18703	-16.06	0
 9> <info> app: hr	340	18680	-16.28	0
 9> <info> app: hr	341	18655	-16.46	0
 9> <info> app: hr	342	18681	-15.62	0
 9> <info> app: hr	343	18735	-15.84	0
 9> <info> app: hr	344	18718	-16.06	0
 9> <info> app: hr	345	18720	-15.25	0
 9> <info> app: hr	346	18708	-15.5	0
 9> <info> app: hr	347	18687	-15.71	0
 9> <info> app: hr	348	18725	-15.93	0
 9> <info> app: hr	349	18709	-16.12	0
 9> <info> app: hr	350	18696	-16.34	0
 9> <info> app: hr	351	18686	-16.5	0
 9> <info> app: hr	352	18669	-16.68	0
 9> <info> app: hr	353	18679	-15.84	0
 9> <info> app: hr	354	18698	-16.06	0
 9> <info> app: hr	355	18716	-15.25	0
 9> <info> app: hr	356	18732	-15.5	0
 9> <info> app: hr	357	18713	-14.71	1
 9> <info> app: hr	358	18710	-15	0
 9> <info> app: hr	359	18703	-15.25	0
 9> <info> app: hr	360	18680	-14.46	0
 9> <info> app: hr	361	18702	-14.75	0
 9> <info> app: hr	362	18705	-15	0
 9> <info> app: hr	363	18702	-14.25	0
 9> <info> app: hr	364	18699	-14.56	0
 9> <info> app: hr	365	18715	-13.81	0
 9> <info> app: hr	366	18697	-13.12	0
 9> <info> app: hr	367	18703	-13.46	0
 9> <info> app: hr	368	18707	-12.81	0
 9> <info> app: hr	369	18686	-13.15	0
 9> <info> app: hr	370	18720	-12.5	0
 9> <info> app: hr	371	18746	-12.87	0
 9> <info> app: hr	372	18719	-12.21	0
 9> <info> app: hr	373	18749	-12.62	0
 9> <info> app: hr	374	18720	-12	0
 9> <info> app: hr	375	18723	-12.4	0
 9> <info> app: hr	376	18745	-12.78	0
 9> <info> app: hr	377	18729	-12.12	0
 9> <info> app: hr	378	18744	-12.53	0
 9> <info> app: hr	379	18706	-12.9	0
 9> <info> app: hr	380	18759	-13.25	0
 9> <info> app: hr	381	18740	-13.59	0
 9> <info> app: hr	382	18723	-13.9	0
 9> <info> app: hr	383	18767	-14.21	0
 9> <info> app: hr	384	18729	-14.5	0
 9> <info> app: hr	385	18760	-14.78	0
 9> <info> app: hr	386	18748	-15.03	0
 9> <info> app: hr	387	18737	-16.28	-1
 9> <info> app: hr	388	18750	-16.46	-1
 9> <info> app: hr	389	18750	-16.65	0
 9> <info> app: hr	390	18731	-16.81	0
 9> <info> app: hr	391	18757	-16.96	0
 9> <info> app: hr	392	18768	-18.12	0
 9> <info> app: hr	393	18762	-18.21	0
 9> <info> app: hr	394	18774	-18.31	0
 9> <info> app: hr	395	18764	-19.4	0
 9> <info> app: hr	396	18801	-19.43	0
 9> <info> app: hr	397	18790	-20.46	0
 9> <info> app: hr	398	18764	-20.43	0
 9> <info> app: hr	399	18784	-21.4	0
 9> <info> app: hr	400	18766	-22.34	0
 9> <info> app: hr	401	18799	-23.21	0
 9> <info> app: hr	402	18809	-24.06	0
 9> <info> app: hr	403	18787	-23.84	0
 9> <info> app: hr	404	18817	-24.65	0
 9> <info> app: hr	405	18834	-26.43	0
 9> <info> app: hr	406	18821	-27.12	0
 9> <info> app: hr	407	18819	-27.75	0
 9> <info> app: hr	408	18814	-29.37	0
 9> <info> app: hr	409	18799	-29.9	0
 9> <info> app: hr	410	18809	-31.4	0
 9> <info> app: hr	411	18818	-31.84	0
 9> <info> app: hr	412	18822	-32.25	0
 9> <info> app: hr	413	18818	-33.62	0
 9> <info> app: hr	414	18836	-33.93	0
 9> <info> app: hr	415	18816	-35.25	0
 9> <info> app: hr	416	18822	-36.5	0
 9> <info> app: hr	417	18836	-36.65	0
 9> <info> app: hr	418	18827	-37.84	0
 9> <info> app: hr	419	18822	-37.93	0
 9> <info> app: hr	420	18869	-39.03	0
 9> <info> app: hr	421	18846	-39.09	0
 9> <info> app: hr	422	18837	-40.12	0
 9> <info> app: hr	423	18821	-40.12	0
 9> <info> app: hr	424	18857	-41.12	0
 9> <info> app: hr	425	18846	-42.06	0
 9> <info> app: hr	426	18850	-41.96	0
 9> <info> app: hr	427	18843	-42.87	0
 9> <info> app: hr	428	18859	-42.71	0
 9> <info> app: hr	429	18878	-43.59	0
 9> <info> app: hr	430	18834	-43.4	0
 9> <info> app: hr	431	18833	-44.25	0
 9> <info> app: hr	432	18854	-44.03	0
 9> <info> app: hr	433	18871	-43.81	0
 9> <info> app: hr	434	18855	-44.62	0
 9> <info> app: hr	435	18852	-44.4	0
 9> <info> app: hr	436	18854	-44.18	0
 9> <info> app: hr	437	18863	-43.96	0
 9> <info> app: hr	438	18876	-44.78	0
 9> <info> app: hr	439	18863	-44.53	0
 9> <info> app: hr	440	18873	-44.31	0
 9> <info> app: hr	441	18861	-44.09	0
 9> <info> app: hr	442	18865	-43.87	0
 9> <info> app: hr	443	18857	-43.68	0
 9> <info> app: hr	444	18852	-43.5	0
 9> <info> app: hr	445	18861	-43.34	0
 9> <info> app: hr	446	18856	-43.15	0
 9> <info> app: hr	447	18875	-42	0
 9> <info> app: hr	448	18866	-41.9	0
 9> <info> app: hr	449	18858	-41.81	1
 9> <info> app: hr	450	18870	-40.71	1
 9> <info> app: hr	451	18875	-40.68	0
 9> <info> app: hr	452	18868	-39.65	0
 9> <info> app: hr	453	18939	-39.65	0
 9> <info> app: hr	454	18902	-38.68	0
 9> <info> app: hr	455	18887	-38.75	0
 9> <info> app: hr	456	18884	-37.81	0
 9> <info> app: hr	457	18872	-37.93	0
 9> <info> app: hr	458	18888	-38.03	0
 9> <info> app: hr	459	18868	-37.12	0
 9> <info> app: hr	460	18873	-37.28	0
 9> <info> app: hr	461	18890	-36.4	0
 9> <info> app: hr	462	18880	-35.59	0
 9> <info> app: hr	463	18867	-35.81	0
 9> <info> app: hr	464	18897	-35	0
 9> <info> app: hr	465	18894	-34.25	0
 9> <info> app: hr	466	18900	-33.56	0
 9> <info> app: hr	467	18888	-32.87	0
 9> <info> app: hr	468	18896	-33.21	0
 9> <info> app: hr	469	18871	-32.56	0
 9> <info> app: hr	470	18885	-31.93	0
 9> <info> app: hr	471	18892	-31.34	0
 9> <info> app: hr	472	18901	-30.78	0
 9> <info> app: hr	473	18905	-30.25	0
 9> <info> app: hr	474	18887	-29.71	0
 9> <info> app: hr	475	18897	-29.25	0
 9> <info> app: hr	476	18899	-28.78	0
 9> <info> app: hr	477	18893	-28.34	0
 9> <info> app: hr	478	18883	-27.9	0
 9> <info> app: hr	479	18873	-27.53	0
 9> <info> app: hr	480	18903	-26.15	0
 9> <info> app: hr	481	18916	-25.84	0
 9> <info> app: hr	482	18880	-25.56	0
 9> <info> app: hr	483	18906	-25.28	0
 9> <info> app: hr	484	18907	-24	0
 9> <info> app: hr	485	18894	-23.81	0
 9> <info> app: hr	486	18902	-23.62	0
 9> <info> app: hr	487	18913	-23.43	0
 9> <info> app: hr	488	18880	-22.25	0
 9> <info> app: hr	489	18883	-22.15	0
 9> <info> app: hr	490	18901	-22.03	0
 9> <info> app: hr	491	18890	-20.93	0
 9> <info> app: hr	492	18887	-20.9	0
 9> <info> app: hr	493	18891	-19.84	0
 9> <info> app: hr	494	18874	-19.84	0
 9> <info> app: hr	495	18870	-18.87	0
 9> <info> app: hr	496	18905	-17.9	0
 9> <info> app: hr	497	18872	-17.03	0
 9> <info> app: hr	498	18882	-16.18	0
 9> <info> app: hr	499	18905	-16.37	0
 9> <info> app: hr	500	18865	-15.53	0
 9> <info> app: hr	501	18897	-14.78	0
 9> <info> app: hr	502	18884	-14.03	0
 9> <info> app: hr	503	18865	-13.31	0
 9> <info> app: hr	504	18874	-12.65	0
 9> <info> app: hr	505	18887	-11.03	0
 9> <info> app: hr	506	18887	-10.46	0
 9> <info> app: hr	507	18892	-9.96	0
 9> <info> app: hr	508	18848	-9.46	0
 9> <info> app: hr	509	18857	-7.96	0
 9> <info> app: hr	510	18873	-7.59	0
 9> <info> app: hr	511	18869	-7.21	0
 9> <info> app: hr	512	18860	-5.84	0
 9> <info> app: hr	513	18872	-4.56	0
 9> <info> app: hr	514	18853	-4.31	0
 9> <info> app: hr	515	18877	-3.09	0
 9> <info> app: hr	516	18887	-1.93	0
 9> <info> app: hr	517	18873	-1.84	0
 9> <info> app: hr	518	18874	-0.75	0
 9> <info> app: hr	519	18854	-0.71	0
 9> <info> app: hr	520	18851	0.31	0
 9> <info> app: hr	521	18845	1.28	0
 9> <info> app: hr	522	18847	2.21	0
 9> <info> app: hr	523	18856	3.12	0
 9> <info> app: hr	524	18846	3.96	0
 9> <info> app: hr	525	18836	4.75	0
 9> <info> app: hr	526	18847	5.53	0
 9> <info> app: hr	527	18825	6.25	0
 9> <info> app: hr	528	18853	6.93	0
 9> <info> app: hr	529	18849	7.59	0
 9> <info> app: hr	530	18845	8.21	0
 9> <info> app: hr	531	18862	9.81	0
 9> <info> app: hr	532	18831	10.31	0
 9> <info> app: hr	533	18862	10.78	0
 9> <info> app: hr	534	18855	11.25	0
 9> <info> app: hr	535	18842	11.68	0
 9> <info> app: hr	536	18830	12.09	0
 9> <info> app: hr	537	18864	12.5	0
 9> <info> app: hr	538	18860	13.87	0
 9> <info> app: hr	539	18847	14.18	0
 9> <info> app: hr	540	18848	14.46	0
 9> <info> app: hr	541	18866	14.75	0
 9> <info> app: hr	542	18849	14	0
 9> <info> app: hr	543	18855	14.31	0
 9> <info> app: hr	544	18854	14.59	0
 9> <info> app: hr	545	18846	14.87	0
 9> <info> app: hr	546	18852	15.12	0
 9> <info> app: hr	547	18869	14.37	0
 9> <info> app: hr	548	18823	14.65	0
 9> <info> app: hr	549	18842	14.9	0
 9> <info> app: hr	550	18850	14.18	0
 9> <info> app: hr	551	18819	14.46	0
 9> <info> app: hr	552	18851	14.75	0
 9> <info> app: hr	553	18850	14	0
 9> <info> app: hr	554	18841	14.31	0
 9> <info> app: hr	555	18855	14.59	0
 9> <info> app: hr	556	18855	13.84	0
 9> <info> app: hr	557	18816	14.15	0
 9> <info> app: hr	558	18825	13.46	0
 9> <info> app: hr	559	18833	13.78	0
 9> <info> app: hr	560	18812	14.09	0
 9> <info> app: hr	561	18813	13.37	0
 9> <info> app: hr	562	18845	13.71	0
 9> <info> app: hr	563	18829	14.03	0
 9> <info> app: hr	564	18851	14.34	0
 9> <info> app: hr	565	18820	13.62	0
 9> <info> app: hr	566	18848	13.93	0
 9> <info> app: hr	567	18821	14.25	0
 9> <info> app: hr	568	18832	13.53	0
 9> <info> app: hr	569	18855	13.84	0
 9> <info> app: hr	570	18826	14.15	0
 9> <info> app: hr	571	18825	13.43	0
 9> <info> app: hr	572	18825	13.78	0
 9> <info> app: hr	573	18844	14.09	0
 9> <info> app: hr	574	18833	13.37	0
 9> <info> app: hr	575	18794	13.71	0
 9> <info> app: hr	576	18867	13.03	0
 9> <info> app: hr	577	18808	13.37	0
 9> <info> app: hr	578	18796	12.71	-1
 9> <info> app: hr	579	18841	13.06	0
 9> <info> app: hr	580	18792	13.4	0
 9> <info> app: hr	581	18835	12.75	0
 9> <info> app: hr	582	18788	13.12	0
 9> <info> app: hr	583	18817	13.46	0
 9> <info> app: hr	584	18821	13.78	0
 9> <info> app: hr	585	18815	13.09	0
 9> <info> app: hr	586	18818	13.43	0
 9> <info> app: hr	587	18847	13.78	0
 9> <info> app: hr	588	18815	14.06	0
 9> <info> app: hr	589	18814	13.37	0
 9> <info> app: hr	590	18788	13.71	0
 9> <info> app: hr	591	18808	14.03	0
 9> <info> app: hr	592	18798	13.31	0
 9> <info> app: hr	593	18798	13.65	0
 9> <info> app: hr	594	18805	13.96	0
 9> <info> app: hr	595	18828	14.28	0
 9> <info> app: hr	596	18792	14.56	1
 9> <info> app: hr	597	18814	14.84	0
 9> <info> app: hr	598	18824	14.09	0
 9> <info> app: hr	599	18799	14.37	0
 9> <info> app: hr	600	18781	14.65	0
 9> <info> app: hr	601	18782	14.93	0
 9> <info> app: hr	602	18783	15.18	0
 9> <info> app: hr	603	18809	15.43	0
 9> <info> app: hr	604	18815	15.65	0
 9> <info> app: hr	605	18789	14.87	0
 9> <info> app: hr	606	18771	15.12	0
 9> <info> app: hr	607	18806	15.37	0
 9> <info> app: hr	608	18798	15.59	0
 9> <info> app: hr	609	18804	15.81	0
 9> <info> app: hr	610	18784	16.03	0
 9> <info> app: hr	611	18774	16.21	0
 9> <info> app: hr	612	18814	16.4	0
 9> <info> app: hr	613	18784	16.59	0
 9> <info> app: hr	614	18802	16.78	0
 9> <info> app: hr	615	18791	16.93	0
 9> <info> app: hr	616	18773	16.09	0
 9> <info> app: hr	617	18803	16.28	0
 9> <info> app: hr	618	18730	16.46	0
 9> <info> app: hr	619	18786	16.62	0
 9> <info> app: hr	620	18784	16.81	0
 9> <info> app: hr	621	18791	16.96	0
 9> <info> app: hr	622	18798	17.12	0
 9> <info> app: hr	623	18783	17.25	0
 9> <info> app: hr	624	18770	17.4	0
 9> <info> app: hr	625	18795	17.53	0
 9> <info> app: hr	626	18809	17.65	0
 9> <info> app: hr	627	18745	17.78	0
 9> <info> app: hr	628	18748	16.87	0
 9> <info> app: hr	629	18764	17.03	0
 9> <info> app: hr	630	18781	17.18	0
 9> <info> app: hr	631	18779	17.31	0
 9> <info> app: hr	632	18773	17.46	0
 9> <info> app: hr	633	18777	17.59	0
 9> <info> app: hr	634	18747	17.71	0
 9> <info> app: hr	635	18747	17.81	0
 9> <info> app: hr	636	18788	17.93	0
 9> <info> app: hr	637	18743	18.03	0
 9> <info> app: hr	638	18765	18.12	0
 9> <info> app: hr	639	18778	18.21	0
 9> <info> app: hr	640	18761	18.31	0
 9> <info> app: hr	641	18798	18.4	0
 9> <info> app: hr	642	18784	18.46	0
 9> <info> app: hr	643	18765	18.56	0
 9> <info> app: hr	644	18797	18.62	0
 9> <info> app: hr	645	18786	17.68	0
 9> <info> app: hr	646	18764	17.81	0
 9> <info> app: hr	647	18791	17.93	0
 9> <info> app: hr	648	18800	17.03	0
 9> <info> app: hr	649	18767	16.18	0
 9> <info> app: hr	650	18771	16.37	0
 9> <info> app: hr	651	18764	15.53	-1
 9> <info> app: hr	652	18776	15.78	-1
 9> <info> app: hr	653	18788	14.96	-1
 9> <info> app: hr	654	18797	14.21	-1
 9> <info> app: hr	655	18769	13.53	0
 9> <info> app: hr	656	18788	13.84	0
 9> <info> app: hr	657	18814	13.15	0
 9> <info> app: hr	658	18796	12.5	0
 9> <info> app: hr	659	18802	11.87	0
 9> <info> app: hr	660	18812	10.28	-1
 9> <info> app: hr	661	18796	9.75	-1
 9> <info> app: hr	662	18805	9.28	0
 9> <info> app: hr	663	18787	7.81	-1
 9> <info> app: hr	664	18802	7.4	-1
 9> <info> app: hr	665	18806	6.06	-1
 9> <info> app: hr	666	18817	5.75	0
 9> <info> app: hr	667	18793	4.46	0
 9> <info> app: hr	668	18815	3.25	0
 9> <info> app: hr	669	18806	3.06	0
 9> <info> app: hr	670	18802	1.9	0
 9> <info> app: hr	671	18798	0.81	0
 9> <info> app: hr	672	18832	-0.21	0
 9> <info> app: hr	673	18822	-0.21	0
 9> <info> app: hr	674	18829	-1.18	0
 9> <info> app: hr	675	18801	-2.12	0
 9> <info> app: hr	676	18834	-3.03	0
 9> <info> app: hr	677	18798	-3.87	0
 9> <info> app: hr	678	18845	-5.68	0
 9> <info> app: hr	679	18835	-6.4	0
 9> <info> app: hr	680	18821	-7.09	0
 9> <info> app: hr	681	18811	-7.71	0
 9> <info> app: hr	682	18848	-8.34	0
 9> <info> app: hr	683	18835	-9.9	0
 9> <info> app: hr	684	18853	-10.43	0
 9> <info> app: hr	685	18832	-10.9	0
 9> <info> app: hr	686	18835	-12.34	0
 9> <info> app: hr	687	18853	-12.75	0
 9> <info> app: hr	688	18815	-14.09	0
 9> <info> app: hr	689	18839	-14.4	0
 9> <info> app: hr	690	18827	-15.68	0
 9> <info> app: hr	691	18850	-15.9	0
 9> <info> app: hr	692	18832	-17.09	0
 9> <info> app: hr	693	18860	-17.25	0
 9> <info> app: hr	694	18845	-18.37	0
 9> <info> app: hr	695	18861	-18.46	0
 9> <info> app: hr	696	18846	-19.53	0
 9> <info> app: hr	697	18862	-19.56	0
 9> <info> app: hr	698	18857	-20.59	0
 9> <info> app: hr	699	18859	-20.56	0
 9> <info> app: hr	700	18873	-21.53	0
 9> <info> app: hr	701	18862	-22.43	0
 9> <info> app: hr	702	18870	-22.34	0
 9> <info> app: hr	703	18865	-23.21	0
 9> <info> app: hr	704	18869	-24.06	0
 9> <info> app: hr	705	18880	-24.84	0
 9> <info> app: hr	706	18877	-24.59	0
 9> <info> app: hr	707	18861	-25.37	0
 9> <info> app: hr	708	18866	-26.09	0
 9> <info> app: hr	709	18890	-26.81	0
 9> <info> app: hr	710	18864	-26.46	0
 9> <info> app: hr	711	18891	-27.12	0
 9> <info> app: hr	712	18889	-27.78	0
 9> <info> app: hr	713	18883	-28.4	0
 9> <info> app: hr	714	18900	-28.96	0
 9> <info> app: hr	715	18861	-28.53	0
 9> <info> app: hr	716	18903	-29.09	0
 9> <info> app: hr	717	18905	-29.65	0
 9> <info> app: hr	718	18870	-30.15	0
 9> <info> app: hr	719	18879	-30.65	0
 9> <info> app: hr	720	18899	-30.12	0
 9> <info> app: hr	721	18881	-30.62	0
 9> <info> app: hr	722	18899	-31.09	0
 9> <info> app: hr	723	18878	-30.53	0
 9> <info> app: hr	724	18904	-31	0
 9> <info> app: hr	725	18903	-31.43	0
 9> <info> app: hr	726	18881	-30.87	0
 9> <info> app: hr	727	18931	-31.34	0
 9> <info> app: hr	728	18869	-30.78	0
 9> <info> app: hr	729	18896	-31.21	0
 9> <info> app: hr	730	18940	-30.65	0
 9> <info> app: hr	731	18903	-31.12	0
 9> <info> app: hr	732	18903	-31.59	0
 9> <info> app: hr	733	18921	-31	0
 9> <info> app: hr	734	18902	-31.43	0
 9> <info> app: hr	735	18891	-30.87	0
 9> <info> app: hr	736	18914	-31.34	0
 9> <info> app: hr	737	18906	-30.78	0
 9> <info> app: hr	738	18911	-31.21	0
 9> <info> app: hr	739	18915	-30.65	0
 9> <info> app: hr	740	18934	-30.12	0
 9> <info> app: hr	741	18927	-30.62	0
 9> <info> app: hr	742	18884	-30.09	0
 9> <info> app: hr	743	18921	-30.59	0
 9> <info> app: hr	744	18895	-30.06	0
 9> <info> app: hr	745	18893	-29.56	0
 9> <info> app: hr	746	18907	-29.09	0
 9> <info> app: hr	747	18913	-28.62	1
 9> <info> app: hr	748	18935	-29.18	0
 9> <info> app: hr	749	18931	-28.75	0
 9> <info> app: hr	750	18936	-28.31	0
 9> <info> app: hr	751	18936	-27.87	0
 9> <info> app: hr	752	18931	-27.5	0
 9> <info> app: hr	753	18974	-27.12	0
 9> <info> app: hr	754	18964	-27.75	0
 9> <info> app: hr	755	18996	-27.37	0
 9> <info> app: hr	756	18957	-28	0
 9> <info> app: hr	757	18956	-28.59	0
 9> <info> app: hr	758	18964	-28.15	0
 9> <info> app: hr	759	18991	-28.75	0
 9> <info> app: hr	760	18985	-29.31	0
 9> <info> app: hr	761	18972	-29.87	0
 9> <info> app: hr	762	18996	-30.37	0
 9> <info> app: hr	763	18998	-31.84	0
 9> <info> app: hr	764	18981	-32.25	0
 9> <info> app: hr	765	18982	-32.65	0
 9> <info> app: hr	766	19014	-34	0
 9> <info> app: hr	767	19009	-34.31	0
 9> <info> app: hr	768	18996	-35.59	0
 9> <info> app: hr	769	18984	-35.81	-1
 9> <info> app: hr	770	19032	-37.03	-1
 9> <info> app: hr	771	19018	-37.18	0
 9> <info> app: hr	772	19027	-38.31	0
 9> <info> app: hr	773	19018	-39.4	0
 9> <info> app: hr	774	18978	-40.43	0
 9> <info> app: hr	775	18998	-41.4	0
 9> <info> app: hr	776	19007	-41.34	0
 9> <info> app: hr	777	18990	-42.28	0
 9> <info> app: hr	778	19017	-42.15	0
 9> <info> app: hr	779	18999	-43.03	0
 9> <info> app: hr	780	19002	-42.9	0
 9> <info> app: hr	781	19017	-43.75	0
 9> <info> app: hr	782	19036	-43.56	0
 9> <info> app: hr	783	19031	-44.37	0
 9> <info> app: hr	784	19005	-44.15	0
 9> <info> app: hr	785	18989	-43.96	0
 9> <info> app: hr	786	19013	-44.75	0
 9> <info> app: hr	787	18997	-44.53	0
 9> <info> app: hr	788	19009	-44.28	0
 9> <info> app: hr	789	19020	-44.09	0
 9> <info> app: hr	790	19013	-43.87	0
 9> <info> app: hr	791	18980	-42.68	0
 9> <info> app: hr	792	19010	-42.56	0
 9> <info> app: hr	793	19022	-42.4	0
 9> <info> app: hr	794	19014	-41.31	0
 9> <info> app: hr	795	19038	-41.21	0
 9> <info> app: hr	796	19025	-40.18	0
 9> <info> app: hr	797	19006	-40.15	1
 9> <info> app: hr	798	19004	-39.15	0
 9> <info> app: hr	799	19027	-38.18	0
 9> <info> app: hr	800	19011	-38.28	0
 9> <info> app: hr	801	19015	-37.37	0
 9> <info> app: hr	802	18997	-36.5	0
 9> <info> app: hr	803	19016	-35.68	0
 9> <info> app: hr	804	19002	-34.9	0
 9> <info> app: hr	805	19014	-34.15	0
 9> <info> app: hr	806	18992	-33.43	0
 9> <info> app: hr	807	19029	-32.78	0
 9> <info> app: hr	808	19003	-31.12	0
 9> <info> app: hr	809	19009	-30.56	0
 9> <info> app: hr	810	19027	-30.06	0
 9> <info> app: hr	811	19007	-28.53	0
 9> <info> app: hr	812	19033	-28.12	0
 9> <info> app: hr	813	19023	-26.71	0
 9> <info> app: hr	814	19009	-26.37	0
 9> <info> app: hr	815	19033	-25.06	0
 9> <info> app: hr	816	19016	-24.81	0
 9> <info> app: hr	817	19020	-23.56	0
 9> <info> app: hr	818	19007	-23.37	0
 9> <info> app: hr	819	18997	-22.21	0
 9> <info> app: hr	820	19008	-21.09	0
 9> <info> app: hr	821	19014	-21.06	0
 9> <info> app: hr	822	18987	-20	0
 9> <info> app: hr	823	19017	-19	0
 9> <info> app: hr	824	19022	-18.06	0
 9> <info> app: hr	825	19003	-17.15	0
 9> <info> app: hr	826	19027	-16.28	0
 9> <info> app: hr	827	19018	-15.46	0
 9> <info> app: hr	828	19019	-14.68	0
 9> <info> app: hr	829	19024	-13.96	0
 9> <info> app: hr	830	19010	-13.28	0
 9> <info> app: hr	831	19014	-12.59	0
 9> <info> app: hr	832	19025	-11.96	0
 9> <info> app: hr	833	19010	-11.37	0
 9> <info> app: hr	834	19023	-10.81	0
 9> <info> app: hr	835	19035	-11.25	0
 9> <info> app: hr	836	19018	-10.68	0
 9> <info> app: hr	837	19052	-10.15	0
 9> <info> app: hr	838	19012	-9.65	0
 9> <info> app: hr	839	19019	-9.18	0
 9> <info> app: hr	840	19057	-8.71	0
 9> <info> app: hr	841	19032	-9.28	0
 9> <info> app: hr	842	19053	-8.81	0
 9> <info> app: hr	843	19029	-8.37	0
 9> <info> app: hr	844	19020	-8.96	0
 9> <info> app: hr	845	19049	-8.5	0
 9> <info> app: hr	846	19013	-9.09	0
 9> <info> app: hr	847	19011	-8.62	0
 9> <info> app: hr	848	19031	-9.18	0
 9> <info> app: hr	849	19028	-8.75	0
 9> <info> app: hr	850	19027	-8.31	0
 9> <info> app: hr	851	19041	-8.87	0
 9> <info> app: hr	852	19015	-8.43	0
 9> <info> app: hr	853	19027	-8.03	0
 9> <info> app: hr	854	19046	-8.62	0
 9> <info> app: hr	855	19026	-8.18	0
 9> <info> app: hr	856	19040	-7.78	0
 9> <info> app: hr	857	19041	-8.37	0
 9> <info> app: hr	858	19060	-7.96	0
 9> <info> app: hr	859	19047	-8.56	0
 9> <info> app: hr	860	19038	-8.15	0
 9> <info> app: hr	861	19034	-8.75	0
 9> <info> app: hr	862	19044	-8.31	0
 9> <info> app: hr	863	19054	-8.87	0
 9> <info> app: hr	864	19031	-8.43	0
 9> <info> app: hr	865	19034	-9.03	0
 9> <info> app: hr	866	19044	-8.56	0
 9> <info> app: hr	867	19032	-9.12	0
 9> <info> app: hr	868	19033	-9.68	-1
 9> <info> app: hr	869	19056	-9.18	0
 9> <info> app: hr	870	19028	-9.75	0
 9> <info> app: hr	871	19042	-9.25	0
 9> <info> app: hr	872	19034	-9.78	0
 9> <info> app: hr	873	19034	-9.31	0
 9> <info> app: hr	874	19023	-8.84	0
 9> <info> app: hr	875	19027	-9.4	0
 9> <info> app: hr	876	19034	-8.9	0
 9> <info> app: hr	877	19032	-8.46	0
 9> <info> app: hr	878	19021	-8.06	0
 9> <info> app: hr	879	19011	-8.65	0
 9> <info> app: hr	880	19024	-8.21	0
 9> <info> app: hr	881	19012	-7.81	0
 9> <info> app: hr	882	19030	-7.4	0
 9> <info> app: hr	883	19020	-7.03	0
 9> <info> app: hr	884	19023	-5.68	0
 9> <info> app: hr	885	19008	-5.4	0
 9> <info> app: hr	886	19042	-5.12	0
 9> <info> app: hr	887	19012	-4.87	0
 9> <info> app: hr	888	19023	-4.62	0
 9> <info> app: hr	889	19015	-3.4	0
 9> <info> app: hr	890	19016	-3.25	0
 9> <info> app: hr	891	19026	-3.06	0
 9> <info> app: hr	892	19051	-1.9	0
 9> <info> app: hr	893	19026	-1.81	0
 9> <info> app: hr	894	19044	-1.75	0
 9> <info> app: hr	895	18992	-1.65	0
 9> <info> app: hr	896	19025	-0.56	0
 9> <info> app: hr	897	19010	-0.53	0
 9> <info> app: hr	898	18990	-0.5	0
 9> <info> app: hr	899	19053	0.5	0
 9> <info> app: hr	900	19024	0.5	0
 9> <info> app: hr	901	19016	0.46	0
 9> <info> app: hr	902	19041	1.43	0
 9> <info> app: hr	903	19035	1.37	0
 9> <info> app: hr	904	18980	1.31	0
 9> <info> app: hr	905	19004	2.25	0
 9> <info> app: hr	906	19004	2.12	0
 9> <info> app: hr	907	19010	3.03	0
 9> <info> app: hr	908	19001	2.87	0
 9> <info> app: hr	909	19014	3.71	0
 9> <info> app: hr	910	18984	3.53	0
 9> <info> app: hr	911	19013	4.34	0
 9> <info> app: hr	912	18992	5.15	0
 9> <info> app: hr	913	19007	4.87	0
 9> <info> app: hr	914	19019	5.62	0
 9> <info> app: hr	915	19015	6.34	0
 9> <info> app: hr	916	19002	6.03	0
 9> <info> app: hr	917	19005	6.75	0
 9> <info> app: hr	918	18986	7.4	0
 9> <info> app: hr	919	18988	8.03	0
 9> <info> app: hr	920	19005	7.62	0
 9> <info> app: hr	921	18994	8.25	0
 9> <info> app: hr	922	18966	8.84	0
 9> <info> app: hr	923	18975	9.4	0
 9> <info> app: hr	924	18982	9.93	0
 9> <info> app: hr	925	18978	10.43	0
 9> <info> app: hr	926	18981	10.9	0
 9> <info> app: hr	927	18982	11.37	0
 9> <info> app: hr	928	18998	11.78	0
 9> <info> app: hr	929	18983	12.18	0
 9> <info> app: hr	930	18996	12.59	0
 9> <info> app: hr	931	18984	12.96	0
 9> <info> app: hr	932	18964	13.31	0
 9> <info> app: hr	933	18978	13.65	0
 9> <info> app: hr	934	18987	14.96	0
 9> <info> app: hr	935	18997	15.21	0
 9> <info> app: hr	936	18992	15.46	0
 9> <info> app: hr	937	19004	15.68	0
 9> <info> app: hr	938	18977	15.9	0
 9> <info> app: hr	939	19001	15.09	0
 9> <info> app: hr	940	18992	15.34	0
 9> <info> app: hr	941	18998	15.59	0
 9> <info> app: hr	942	19004	15.81	0
 9> <info> app: hr	943	18960	15	0
 9> <info> app: hr	944	18979	15.25	0
 9> <info> app: hr	945	19007	15.5	0
 9> <info> app: hr	946	18994	14.71	0
 9> <info> app: hr	947	18969	15	0
 9> <info> app: hr	948	18975	14.25	0
 9> <info> app: hr	949	18980	14.53	0
 9> <info> app: hr	950	19019	14.81	0
 9> <info> app: hr	951	18998	14.06	0
 9> <info> app: hr	952	18991	13.34	0
 9> <info> app: hr	953	18999	13.68	0
 9> <info> app: hr	954	18988	13	0
 9> <info> app: hr	955	18980	12.34	-1
 9> <info> app: hr	956	19002	12.75	0
 9> <info> app: hr	957	18998	12.09	0
 9> <info> app: hr	958	18964	11.5	-1
 9> <info> app: hr	959	18986	10.9	-1
 9> <info> app: hr	960	19002	10.37	0
 9> <info> app: hr	961	19007	10.84	0
 9> <info> app: hr	962	18976	10.31	0
 9> <info> app: hr	963	19010	9.81	0
 9> <info> app: hr	964	19006	9.31	0
 9> <info> app: hr	965	18971	8.84	0
 9> <info> app: hr	966	18998	8.4	0
 9> <info> app: hr	967	18973	7.96	0
 9> <info> app: hr	968	18969	7.59	0
 9> <info> app: hr	969	18998	7.18	0
 9> <info> app: hr	970	18999	6.84	0
 9> <info> app: hr	971	19005	6.5	0
 9> <info> app: hr	972	18966	6.18	0
 9> <info> app: hr	973	18990	5.87	0
 9> <info> app: hr	974	18986	5.56	0
 9> <info> app: hr	975	18990	5.28	0
 9> <info> app: hr	976	19018	5.03	0
 9> <info> app: hr	977	18981	4.78	0
 9> <info> app: hr	978	18981	4.53	0
 9> <info> app: hr	979	19013	4.31	0
 9> <info> app: hr	980	18982	4.09	0
 9> <info> app: hr	981	19027	3.9	0
 9> <info> app: hr	982	18998	3.68	0
 9> <info> app: hr	983	18986	3.5	0
 9> <info> app: hr	984	18978	2.34	0
 9> <info> app: hr	985	18982	2.21	0
 9> <info> app: hr	986	18961	2.09	0
 9> <info> app: hr	987	18987	2	0
 9> <info> app: hr	988	18996	1.9	0
 9> <info> app: hr	989	18962	1.81	0
 9> <info> app: hr	990	19009	1.71	0
 9> <info> app: hr	991	19003	1.62	0
 9> <info> app: hr	992	18946	1.56	0
 9> <info> app: hr	993	18989	1.46	0
 9> <info> app: hr	994	18977	2.4	0
 9> <info> app: hr	995	18991	2.28	0
 9> <info> app: hr	996	18995	2.15	0
 9> <info> app: hr	997	18971	2.06	0
 9> <info> app: hr	998	18968	1.96	0
 9> <info> app: hr	999	18999	1.84	0
 9> <info> app: hr	1000	18980	1.75	0
 9> <info> app: hr	1001	18995	2.68	0
 9> <info> app: hr	1002	19016	2.53	0
 9> <info> app: hr	1003	18991	2.4	0
 9> <info> app: hr	1004	18992	2.28	0
 9> <info> app: hr	1005	18976	2.18	0
 9> <info> app: hr	1006	18974	2.06	0
 9> <info> app: hr	1007	18998	1.96	0
 9> <info> app: hr	1008	18982	1.87	0
 9> <info> app: hr	1009	19017	1.78	0
 9> <info> app: hr	1010	19008	1.68	0
 9> <info> app: hr	1011	18987	1.59	0
 9> <info> app: hr	1012	19007	1.53	0
 9> <info> app: hr	1013	19018	0.43	-1
 9> <info> app: hr	1014	18988	0.43	-1
 9> <info> app: hr	1015	19008	0.4	-1
 9> <info> app: hr	1016	18941	0.37	0
 9> <info> app: hr	1017	18996	0.37	0
 9> <info> app: hr	1018	18995	-0.65	-1
# Logging stopped @ 23 Nov 2018 13:17:38				
