# SEGGER J-Link RTT Viewer V6.16a Terminal Log File
# Compiled: 12:44:10 on Jun  6 2017
# Logging started @ 23 Nov 2018 13:24:55
 9> <info> app: ***********  Application started  ***********
 9> 
 9> <info> app: [OK] NRF Power ON 0x0004. 
 9> <info> app: Read MAC:CC34D2110EF6
 9> <info> app: ***********  Sensor initial ***********
 9> <info> app: [OK]	BMI160
 9> <info> app: [OK]	SETUP ACC
 9> <info> app: [OK]	SETUP STEP COUNT
 9> <info> app: [OK]	FLASH MEMORY
 9> <info> app: [OK]	OLED Initial
 9> <info> app: [OK]	Max30102 Initial, Temperature 34.37
 9> <info> app: ********** End sensor initial *********
 9> 
 9> <info> app: Max30102 Found
 9> 
 9> <info> app: HR Begin
 9> 
 9> <info> app: 1019
 9> <info> app: hr,50,18544, 0.62 ,0
 9> <info> app: hr,51,18572, 0.59 ,0
 9> <info> app: hr,52,18555, 1.56 ,0
 9> <info> app: hr,53,18548, 1.46 ,0
 9> <info> app: hr,54,18579, 1.40 ,0
 9> <info> app: hr,55,18557, 1.34 ,0
 9> <info> app: hr,56,18563, 1.25 ,0
 9> <info> app: hr,57,18539, 1.18 ,0
 9> <info> app: hr,58,18569, 1.15 ,0
 9> <info> app: hr,59,18549, 1.09 ,0
 9> <info> app: hr,60,18553, 1.03 ,0
 9> <info> app: hr,61,18548, 0.96 ,0
 9> <info> app: hr,62,18550, 0.93 ,0
 9> <info> app: hr,63,18566, 0.87 ,0
 9> <info> app: hr,64,18568, 0.84 ,0
 9> <info> app: hr,65,18553, 0.78 ,0
 9> <info> app: hr,66,18558, 0.75 ,0
 9> <info> app: hr,67,18559, 0.71 ,0
 9> <info> app: hr,68,18556, 1.68 ,0
 9> <info> app: hr,69,18542, 1.59 ,0
 9> <info> app: hr,70,18567, 1.53 ,0
 9> <info> app: hr,71,18545, 1.43 ,0
 9> <info> app: hr,72,18582, 1.37 ,0
 9> <info> app: hr,73,18553, 1.31 ,0
 9> <info> app: hr,74,18565, 1.25 ,0
 9> <info> app: hr,75,18564, 1.18 ,0
 9> <info> app: hr,76,18565, 1.12 ,0
 9> <info> app: hr,77,18555, 1.06 ,0
 9> <info> app: hr,78,18565, 1.00 ,0
 9> <info> app: hr,79,18548, 0.96 ,0
 9> <info> app: hr,80,18540, 0.90 ,0
 9> <info> app: hr,81,18567, 0.87 ,0
 9> <info> app: hr,82,18570, 0.81 ,0
 9> <info> app: hr,83,18567, 0.78 ,0
 9> <info> app: hr,84,18566, 0.75 ,0
 9> <info> app: hr,85,18561, 0.68 ,0
 9> <info> app: hr,86,18573, -0.34 ,-1
 9> <info> app: hr,87,18567, -0.31 ,-1
 9> <info> app: hr,88,18566, -0.31 ,-1
 9> <info> app: hr,89,18553, -0.28 ,0
 9> <info> app: hr,90,18570, -0.28 ,0
 9> <info> app: hr,91,18552, -0.25 ,0
 9> <info> app: hr,92,18574, -1.25 ,0
 9> <info> app: hr,93,18573, -1.18 ,0
 9> <info> app: hr,94,18547, -1.12 ,0
 9> <info> app: hr,95,18576, -1.06 ,0
 9> <info> app: hr,96,18534, -1.00 ,0
 9> <info> app: hr,97,18556, -0.96 ,0
 9> <info> app: hr,98,18560, -0.90 ,0
 9> <info> app: hr,99,18559, -0.87 ,0
 9> <info> app: hr,100,18567, -1.81 ,0
 9> <info> app: hr,101,18560, -1.75 ,0
 9> <info> app: hr,102,18554, -1.65 ,0
 9> <info> app: hr,103,18577, -1.56 ,0
 9> <info> app: hr,104,18546, -1.50 ,0
 9> <info> app: hr,105,18551, -1.40 ,0
 9> <info> app: hr,106,18529, -1.34 ,0
 9> <info> app: hr,107,18554, -1.28 ,0
 9> <info> app: hr,108,18533, -1.21 ,0
 9> <info> app: hr,109,18550, -0.15 ,0
 9> <info> app: hr,110,18586, -0.15 ,0
 9> <info> app: hr,111,18554, -0.12 ,0
 9> <info> app: hr,112,18552, -0.12 ,0
 9> <info> app: hr,113,18557, -0.12 ,0
 9> <info> app: hr,114,18543, -0.12 ,0
 9> <info> app: hr,115,18551, 0.90 ,0
 9> <info> app: hr,116,18573, 0.84 ,0
 9> <info> app: hr,117,18560, 0.81 ,0
 9> <info> app: hr,118,18541, 0.75 ,0
 9> <info> app: hr,119,18549, 0.71 ,0
 9> <info> app: hr,120,18555, 0.68 ,0
 9> <info> app: hr,121,18556, 1.65 ,0
 9> <info> app: hr,122,18578, 1.56 ,0
 9> <info> app: hr,123,18556, 1.50 ,0
 9> <info> app: hr,124,18545, 1.40 ,0
 9> <info> app: hr,125,18546, 1.34 ,0
 9> <info> app: hr,126,18552, 1.28 ,0
 9> <info> app: hr,127,18571, 1.21 ,0
 9> <info> app: hr,128,18569, 2.15 ,0
 9> <info> app: hr,129,18541, 2.06 ,0
 9> <info> app: hr,130,18541, 1.93 ,0
 9> <info> app: hr,131,18562, 1.84 ,0
 9> <info> app: hr,132,18550, 1.75 ,0
 9> <info> app: hr,133,18542, 1.65 ,0
 9> <info> app: hr,134,18581, 1.59 ,0
 9> <info> app: hr,135,18540, 1.50 ,0
 9> <info> app: hr,136,18538, 1.43 ,0
 9> <info> app: hr,137,18569, 2.37 ,0
 9> <info> app: hr,138,18571, 2.25 ,0
 9> <info> app: hr,139,18554, 2.12 ,0
 9> <info> app: hr,140,18545, 2.03 ,0
 9> <info> app: hr,141,18553, 1.90 ,0
 9> <info> app: hr,142,18562, 1.81 ,0
 9> <info> app: hr,143,18575, 1.75 ,0
 9> <info> app: hr,144,18546, 1.65 ,0
 9> <info> app: hr,145,18544, 1.56 ,0
 9> <info> app: hr,146,18558, 1.50 ,0
 9> <info> app: hr,147,18568, 1.40 ,0
 9> <info> app: hr,148,18546, 1.34 ,0
 9> <info> app: hr,149,18561, 1.28 ,0
 9> <info> app: hr,150,18555, 1.21 ,0
 9> <info> app: hr,151,18556, 1.15 ,0
 9> <info> app: hr,152,18568, 1.09 ,0
 9> <info> app: hr,153,18572, 1.03 ,0
 9> <info> app: hr,154,18552, 1.00 ,0
 9> <info> app: hr,155,18546, 0.93 ,0
 9> <info> app: hr,156,18555, 0.87 ,0
 9> <info> app: hr,157,18548, 0.84 ,0
 9> <info> app: hr,158,18569, 0.81 ,0
 9> <info> app: hr,159,18561, 0.75 ,0
 9> <info> app: hr,160,18564, 0.71 ,0
 9> <info> app: hr,161,18559, 0.68 ,0
 9> <info> app: hr,162,18560, 0.65 ,0
 9> <info> app: hr,163,18558, -0.37 ,-1
 9> <info> app: hr,164,18562, -0.37 ,-1
 9> <info> app: hr,165,18560, -0.34 ,-1
 9> <info> app: hr,166,18582, -0.31 ,0
 9> <info> app: hr,167,18555, -0.31 ,0
 9> <info> app: hr,168,18556, -0.28 ,0
 9> <info> app: hr,169,18564, -0.28 ,0
 9> <info> app: hr,170,18528, -1.25 ,0
 9> <info> app: hr,171,18574, -1.18 ,0
 9> <info> app: hr,172,18569, -1.15 ,0
 9> <info> app: hr,173,18544, -1.09 ,0
 9> <info> app: hr,174,18550, -1.03 ,0
 9> <info> app: hr,175,18576, -0.96 ,0
 9> <info> app: hr,176,18549, -0.93 ,0
 9> <info> app: hr,177,18553, -0.87 ,0
 9> <info> app: hr,178,18542, -0.84 ,0
 9> <info> app: hr,179,18562, -0.81 ,0
 9> <info> app: hr,180,18563, -0.75 ,0
 9> <info> app: hr,181,18584, -0.71 ,0
 9> <info> app: hr,182,18559, -0.68 ,0
 9> <info> app: hr,183,18580, -1.65 ,0
 9> <info> app: hr,184,18576, -1.56 ,0
 9> <info> app: hr,185,18572, -1.50 ,0
 9> <info> app: hr,186,18548, -1.40 ,0
 9> <info> app: hr,187,18549, -1.34 ,0
 9> <info> app: hr,188,18577, -2.28 ,-1
 9> <info> app: hr,189,18555, -2.15 ,-1
 9> <info> app: hr,190,18537, -2.06 ,0
 9> <info> app: hr,191,18562, -1.93 ,0
 9> <info> app: hr,192,18538, -1.84 ,0
 9> <info> app: hr,193,18559, -1.75 ,0
 9> <info> app: hr,194,18558, -1.68 ,0
 9> <info> app: hr,195,18569, -1.59 ,0
 9> <info> app: hr,196,18563, -1.50 ,0
 9> <info> app: hr,197,18584, -1.43 ,0
 9> <info> app: hr,198,18553, -1.37 ,0
 9> <info> app: hr,199,18563, -1.28 ,0
 9> <info> app: hr,200,18575, -1.21 ,0
 9> <info> app: hr,201,18560, -2.15 ,0
 9> <info> app: hr,202,18550, -2.06 ,0
 9> <info> app: hr,203,18555, -1.96 ,0
 9> <info> app: hr,204,18555, -1.87 ,0
 9> <info> app: hr,205,18533, -1.78 ,0
 9> <info> app: hr,206,18581, -1.68 ,0
 9> <info> app: hr,207,18538, -1.59 ,0
 9> <info> app: hr,208,18550, -1.50 ,0
 9> <info> app: hr,209,18556, -1.43 ,0
 9> <info> app: hr,210,18568, -0.37 ,0
 9> <info> app: hr,211,18558, -0.34 ,1
 9> <info> app: hr,212,18555, -0.34 ,1
 9> <info> app: hr,213,18581, -0.31 ,0
 9> <info> app: hr,214,18557, -0.31 ,0
 9> <info> app: hr,215,18562, -0.28 ,0
 9> <info> app: hr,216,18551, -0.28 ,0
 9> <info> app: hr,217,18561, -0.25 ,0
 9> <info> app: hr,218,18536, -0.25 ,0
 9> <info> app: hr,219,18566, -0.21 ,0
 9> <info> app: hr,220,18554, -0.21 ,0
 9> <info> app: hr,221,18568, -0.21 ,0
 9> <info> app: hr,222,18550, -0.18 ,0
 9> <info> app: hr,223,18557, -0.18 ,0
 9> <info> app: hr,224,18570, -0.18 ,0
 9> <info> app: hr,225,18569, -0.15 ,0
 9> <info> app: hr,226,18552, -0.15 ,0
 9> <info> app: hr,227,18558, -0.15 ,0
 9> <info> app: hr,228,18544, -0.15 ,0
 9> <info> app: hr,229,18542, 0.87 ,1
 9> <info> app: hr,230,18581, 0.81 ,1
 9> <info> app: hr,231,18561, 0.78 ,0
 9> <info> app: hr,232,18571, 0.75 ,0
 9> <info> app: hr,233,18551, 0.68 ,0
 9> <info> app: hr,234,18546, 0.65 ,0
 9> <info> app: hr,235,18563, 0.62 ,0
 9> <info> app: hr,236,18558, 0.59 ,0
 9> <info> app: hr,237,18552, 0.56 ,0
 9> <info> app: hr,238,18556, 0.53 ,0
 9> <info> app: hr,239,18550, 0.53 ,0
 9> <info> app: hr,240,18545, 0.50 ,0
 9> <info> app: hr,241,18559, 0.46 ,0
 9> <info> app: hr,242,18551, 0.43 ,0
 9> <info> app: hr,243,18548, 0.43 ,0
 9> <info> app: hr,244,18571, 1.40 ,1
 9> <info> app: hr,245,18563, 1.34 ,1
 9> <info> app: hr,246,18570, 1.25 ,0
 9> <info> app: hr,247,18571, 1.18 ,0
 9> <info> app: hr,248,18543, 1.15 ,0
 9> <info> app: hr,249,18559, 1.09 ,0
 9> <info> app: hr,250,18550, 1.03 ,0
 9> <info> app: hr,251,18562, 0.96 ,0
 9> <info> app: hr,252,18550, 0.93 ,0
 9> <info> app: hr,253,18570, 0.87 ,0
 9> <info> app: hr,254,18548, 0.84 ,0
 9> <info> app: hr,255,18560, 0.78 ,0
 9> <info> app: hr,256,18563, 0.75 ,0
 9> <info> app: hr,257,18559, 0.71 ,0
 9> <info> app: hr,258,18529, 0.68 ,0
 9> <info> app: hr,259,18537, 0.65 ,0
 9> <info> app: hr,260,18558, 0.62 ,0
 9> <info> app: hr,261,18552, 0.59 ,0
 9> <info> app: hr,262,18554, 1.56 ,0
 9> <info> app: hr,263,18537, 1.46 ,0
 9> <info> app: hr,264,18544, 1.40 ,0
 9> <info> app: hr,265,18557, 1.34 ,0
 9> <info> app: hr,266,18523, 1.28 ,0
 9> <info> app: hr,267,18554, 2.18 ,1
 9> <info> app: hr,268,18540, 2.09 ,1
 9> <info> app: hr,269,18529, 2.00 ,1
 9> <info> app: hr,270,18556, 2.87 ,1
 9> <info> app: hr,271,18525, 2.75 ,1
 9> <info> app: hr,272,18522, 3.59 ,1
 9> <info> app: hr,273,18570, 3.43 ,1
 9> <info> app: hr,274,18567, 4.25 ,1
 9> <info> app: hr,275,18587, 4.03 ,1
 9> <info> app: hr,276,18548, 3.84 ,1
 9> <info> app: hr,277,18524, 3.65 ,1
 9> <info> app: hr,278,18528, 4.46 ,1
 9> <info> app: hr,279,18570, 4.25 ,1
 9> <info> app: hr,280,18564, 4.03 ,1
 9> <info> app: hr,281,18546, 3.84 ,1
 9> <info> app: hr,282,18556, 3.62 ,1
 9> <info> app: hr,283,18561, 4.46 ,1
 9> <info> app: hr,284,18547, 4.21 ,1
 9> <info> app: hr,285,18541, 4.03 ,1
 9> <info> app: hr,286,18540, 3.81 ,1
 9> <info> app: hr,287,18561, 3.62 ,1
 9> <info> app: hr,288,18534, 3.43 ,0
 9> <info> app: hr,289,18575, 3.28 ,0
 9> <info> app: hr,290,18531, 3.12 ,0
 9> <info> app: hr,291,18540, 3.96 ,1
 9> <info> app: hr,292,18560, 3.75 ,0
 9> <info> app: hr,293,18545, 3.56 ,0
 9> <info> app: hr,294,18534, 3.40 ,0
 9> <info> app: hr,295,18552, 3.21 ,0
 9> <info> app: hr,296,18544, 3.06 ,0
 9> <info> app: hr,297,18564, 2.90 ,0
 9> <info> app: hr,298,18579, 2.75 ,0
 9> <info> app: hr,299,18536, 2.62 ,0
 9> <info> app: hr,300,18542, 2.50 ,0
 9> <info> app: hr,301,18541, 2.37 ,0
 9> <info> app: hr,302,18557, 2.25 ,0
 9> <info> app: hr,303,18545, 2.12 ,0
 9> <info> app: hr,304,18551, 2.03 ,0
 9> <info> app: hr,305,18561, 1.93 ,0
 9> <info> app: hr,306,18546, 1.84 ,0
 9> <info> app: hr,307,18565, 1.75 ,0
 9> <info> app: hr,308,18544, 1.65 ,0
 9> <info> app: hr,309,18555, 1.56 ,0
 9> <info> app: hr,310,18550, 1.50 ,0
 9> <info> app: hr,311,18538, 1.40 ,0
 9> <info> app: hr,312,18536, 1.34 ,0
 9> <info> app: hr,313,18548, 1.28 ,0
 9> <info> app: hr,314,18554, 1.21 ,0
 9> <info> app: hr,315,18552, 1.15 ,0
 9> <info> app: hr,316,18546, 1.09 ,0
 9> <info> app: hr,317,18544, 1.03 ,0
 9> <info> app: hr,318,18547, 1.00 ,0
 9> <info> app: hr,319,18556, 0.93 ,0
 9> <info> app: hr,320,18556, 0.90 ,0
 9> <info> app: hr,321,18534, 0.84 ,0
 9> <info> app: hr,322,18553, 0.81 ,0
 9> <info> app: hr,323,18563, 0.75 ,0
 9> <info> app: hr,324,18541, 0.71 ,0
 9> <info> app: hr,325,18558, 0.68 ,0
 9> <info> app: hr,326,18552, 0.65 ,0
 9> <info> app: hr,327,18557, 0.62 ,0
 9> <info> app: hr,328,18552, 0.59 ,0
 9> <info> app: hr,329,18563, 0.56 ,0
 9> <info> app: hr,330,18570, 0.53 ,0
 9> <info> app: hr,331,18547, 0.50 ,0
 9> <info> app: hr,332,18560, 0.46 ,0
 9> <info> app: hr,333,18560, 0.46 ,0
 9> <info> app: hr,334,18571, -0.56 ,-1
 9> <info> app: hr,335,18546, -0.53 ,-1
 9> <info> app: hr,336,18573, -0.50 ,-1
 9> <info> app: hr,337,18554, -0.46 ,-1
 9> <info> app: hr,338,18580, -1.46 ,-1
 9> <info> app: hr,339,18558, -1.37 ,-1
 9> <info> app: hr,340,18558, -1.31 ,-1
 9> <info> app: hr,341,18538, -2.25 ,-1
 9> <info> app: hr,342,18543, -2.12 ,-1
 9> <info> app: hr,343,18554, -2.03 ,-1
 9> <info> app: hr,344,18550, -1.93 ,-1
 9> <info> app: hr,345,18554, -2.84 ,-1
 9> <info> app: hr,346,18542, -2.68 ,-1
 9> <info> app: hr,347,18534, -2.56 ,-1
 9> <info> app: hr,348,18568, -2.43 ,-1
 9> <info> app: hr,349,18573, -2.31 ,-1
 9> <info> app: hr,350,18552, -2.18 ,-1
 9> <info> app: hr,351,18533, -2.09 ,-1
 9> <info> app: hr,352,18553, -1.96 ,-1
 9> <info> app: hr,353,18570, -1.87 ,-1
 9> <info> app: hr,354,18555, -1.78 ,-1
 9> <info> app: hr,355,18551, -1.68 ,-1
 9> <info> app: hr,356,18565, -2.62 ,-1
 9> <info> app: hr,357,18556, -2.46 ,-1
 9> <info> app: hr,358,18534, -2.34 ,-1
 9> <info> app: hr,359,18567, -2.25 ,-1
 9> <info> app: hr,360,18530, -2.12 ,-1
 9> <info> app: hr,361,18534, -2.03 ,-1
 9> <info> app: hr,362,18556, -1.90 ,-1
 9> <info> app: hr,363,18537, -1.81 ,-1
 9> <info> app: hr,364,18556, -0.75 ,0
 9> <info> app: hr,365,18568, -0.68 ,0
 9> <info> app: hr,366,18558, -0.65 ,0
 9> <info> app: hr,367,18550, -0.62 ,0
 9> <info> app: hr,368,18534, -0.59 ,0
 9> <info> app: hr,369,18565, -0.56 ,0
 9> <info> app: hr,370,18534, -0.53 ,0
 9> <info> app: hr,371,18574, -0.50 ,0
 9> <info> app: hr,372,18539, -0.50 ,0
 9> <info> app: hr,373,18546, -0.46 ,0
 9> <info> app: hr,374,18529, -0.43 ,0
 9> <info> app: hr,375,18560, 0.59 ,0
 9> <info> app: hr,376,18519, 0.56 ,0
 9> <info> app: hr,377,18559, 0.53 ,0
 9> <info> app: hr,378,18579, 0.50 ,0
 9> <info> app: hr,379,18547, 0.46 ,0
 9> <info> app: hr,380,18556, 0.43 ,0
 9> <info> app: hr,381,18585, 1.43 ,0
 9> <info> app: hr,382,18550, 1.34 ,0
 9> <info> app: hr,383,18555, 1.28 ,0
 9> <info> app: hr,384,18557, 0.21 ,0
 9> <info> app: hr,385,18546, 0.21 ,0
 9> <info> app: hr,386,18547, 0.18 ,0
 9> <info> app: hr,387,18557, 0.18 ,0
 9> <info> app: hr,388,18533, 0.18 ,0
 9> <info> app: hr,389,18528, 0.18 ,0
 9> <info> app: hr,390,18551, 1.15 ,0
 9> <info> app: hr,391,18539, 1.09 ,0
 9> <info> app: hr,392,18546, 1.06 ,0
 9> <info> app: hr,393,18547, 1.00 ,0
 9> <info> app: hr,394,18551, 0.93 ,0
 9> <info> app: hr,395,18553, 0.90 ,0
 9> <info> app: hr,396,18562, 0.84 ,0
 9> <info> app: hr,397,18531, 1.81 ,0
 9> <info> app: hr,398,18534, 1.71 ,0
 9> <info> app: hr,399,18571, 1.62 ,0
 9> <info> app: hr,400,18557, 1.56 ,0
 9> <info> app: hr,401,18556, 1.46 ,0
 9> <info> app: hr,402,18548, 1.40 ,0
 9> <info> app: hr,403,18542, 1.34 ,0
 9> <info> app: hr,404,18568, 1.28 ,0
 9> <info> app: hr,405,18554, 1.18 ,0
 9> <info> app: hr,406,18556, 1.15 ,0
 9> <info> app: hr,407,18555, 1.09 ,0
 9> <info> app: hr,408,18570, 1.03 ,0
 9> <info> app: hr,409,18545, 0.96 ,0
 9> <info> app: hr,410,18560, 0.93 ,0
 9> <info> app: hr,411,18543, 0.87 ,0
 9> <info> app: hr,412,18549, 0.84 ,0
 9> <info> app: hr,413,18560, 0.81 ,0
 9> <info> app: hr,414,18568, 0.75 ,0
 9> <info> app: hr,415,18534, 0.71 ,0
 9> <info> app: hr,416,18553, -0.31 ,-1
 9> <info> app: hr,417,18562, -0.31 ,-1
 9> <info> app: hr,418,18554, -0.28 ,0
 9> <info> app: hr,419,18533, -0.28 ,0
 9> <info> app: hr,420,18538, -0.25 ,0
 9> <info> app: hr,421,18579, -0.25 ,0
 9> <info> app: hr,422,18559, -0.21 ,0
 9> <info> app: hr,423,18561, -0.21 ,0
 9> <info> app: hr,424,18554, -0.21 ,0
 9> <info> app: hr,425,18534, -0.18 ,0
 9> <info> app: hr,426,18534, -0.18 ,0
 9> <info> app: hr,427,18537, -0.18 ,0
 9> <info> app: hr,428,18546, -0.15 ,0
 9> <info> app: hr,429,18568, -0.15 ,0
 9> <info> app: hr,430,18530, -0.15 ,0
 9> <info> app: hr,431,18541, -0.15 ,0
 9> <info> app: hr,432,18571, -0.12 ,0
 9> <info> app: hr,433,18582, -0.12 ,0
 9> <info> app: hr,434,18565, -0.12 ,0
 9> <info> app: hr,435,18565, -0.12 ,0
 9> <info> app: hr,436,18547, -0.12 ,0
 9> <info> app: hr,437,18533, -0.09 ,0
 9> <info> app: hr,438,18535, -0.09 ,0
 9> <info> app: hr,439,18550, -0.09 ,0
 9> <info> app: hr,440,18530, -0.09 ,0
 9> <info> app: hr,441,18565, -0.09 ,0
 9> <info> app: hr,442,18547, -0.09 ,0
 9> <info> app: hr,443,18546, -0.09 ,0
 9> <info> app: hr,444,18557, -0.06 ,0
 9> <info> app: hr,445,18545, -0.06 ,0
 9> <info> app: hr,446,18562, -0.06 ,0
 9> <info> app: hr,447,18564, -0.06 ,0
 9> <info> app: hr,448,18556, -0.06 ,0
 9> <info> app: hr,449,18580, -0.06 ,0
 9> <info> app: hr,450,18529, -0.06 ,0
 9> <info> app: hr,451,18557, -0.06 ,0
 9> <info> app: hr,452,18543, -0.06 ,0
 9> <info> app: hr,453,18572, -0.06 ,0
 9> <info> app: hr,454,18550, -0.03 ,0
 9> <info> app: hr,455,18545, -0.03 ,0
 9> <info> app: hr,456,18553, -0.03 ,0
 9> <info> app: hr,457,18565, -1.03 ,0
 9> <info> app: hr,458,18550, -1.00 ,0
 9> <info> app: hr,459,18570, -0.93 ,0
 9> <info> app: hr,460,18565, -0.90 ,0
 9> <info> app: hr,461,18569, -0.84 ,0
 9> <info> app: hr,462,18580, -0.81 ,0
 9> <info> app: hr,463,18530, -1.75 ,-1
 9> <info> app: hr,464,18553, -1.68 ,-1
 9> <info> app: hr,465,18560, -1.59 ,0
 9> <info> app: hr,466,18549, -1.50 ,0
 9> <info> app: hr,467,18556, -1.43 ,0
 9> <info> app: hr,468,18575, -1.37 ,0
 9> <info> app: hr,469,18543, -2.28 ,0
 9> <info> app: hr,470,18534, -2.18 ,0
 9> <info> app: hr,471,18562, -2.06 ,0
 9> <info> app: hr,472,18561, -1.96 ,0
 9> <info> app: hr,473,18539, -1.87 ,0
 9> <info> app: hr,474,18551, -1.78 ,0
 9> <info> app: hr,475,18549, -1.68 ,0
 9> <info> app: hr,476,18533, -1.59 ,0
 9> <info> app: hr,477,18558, -1.53 ,0
 9> <info> app: hr,478,18541, -1.43 ,0
 9> <info> app: hr,479,18572, -1.37 ,0
 9> <info> app: hr,480,18558, -1.31 ,0
 9> <info> app: hr,481,18572, -1.25 ,0
 9> <info> app: hr,482,18552, -1.18 ,0
 9> <info> app: hr,483,18570, -1.12 ,0
 9> <info> app: hr,484,18567, -1.06 ,0
 9> <info> app: hr,485,18565, -1.00 ,0
 9> <info> app: hr,486,18563, -0.96 ,0
 9> <info> app: hr,487,18563, -0.90 ,0
 9> <info> app: hr,488,18560, -1.87 ,0
 9> <info> app: hr,489,18539, -1.78 ,0
 9> <info> app: hr,490,18562, -1.68 ,0
 9> <info> app: hr,491,18574, -1.59 ,0
 9> <info> app: hr,492,18548, -1.53 ,0
 9> <info> app: hr,493,18525, -1.43 ,0
 9> <info> app: hr,494,18572, -1.37 ,0
 9> <info> app: hr,495,18573, -2.31 ,0
 9> <info> app: hr,496,18563, -2.18 ,0
 9> <info> app: hr,497,18566, -2.06 ,0
 9> <info> app: hr,498,18564, -1.96 ,0
 9> <info> app: hr,499,18567, -1.87 ,0
 9> <info> app: hr,500,18534, -1.78 ,0
 9> <info> app: hr,501,18551, -1.68 ,0
 9> <info> app: hr,502,18544, -2.59 ,0
 9> <info> app: hr,503,18551, -2.46 ,0
 9> <info> app: hr,504,18538, -2.34 ,0
 9> <info> app: hr,505,18555, -1.25 ,0
 9> <info> app: hr,506,18543, -1.18 ,0
 9> <info> app: hr,507,18571, -1.12 ,0
 9> <info> app: hr,508,18551, -1.06 ,0
 9> <info> app: hr,509,18567, -1.00 ,0
 9> <info> app: hr,510,18549, -0.96 ,0
 9> <info> app: hr,511,18563, -0.90 ,0
 9> <info> app: hr,512,18556, -0.87 ,0
 9> <info> app: hr,513,18566, -0.81 ,0
 9> <info> app: hr,514,18554, -0.78 ,0
 9> <info> app: hr,515,18534, -0.75 ,0
 9> <info> app: hr,516,18567, -0.68 ,0
 9> <info> app: hr,517,18552, -0.65 ,0
 9> <info> app: hr,518,18556, -0.62 ,0
 9> <info> app: hr,519,18553, -0.59 ,0
 9> <info> app: hr,520,18560, -0.56 ,0
 9> <info> app: hr,521,18548, -0.53 ,0
 9> <info> app: hr,522,18566, -0.53 ,0
 9> <info> app: hr,523,18565, -0.50 ,0
 9> <info> app: hr,524,18545, -0.46 ,0
 9> <info> app: hr,525,18564, -0.43 ,0
 9> <info> app: hr,526,18543, -0.43 ,0
 9> <info> app: hr,527,18553, -0.40 ,0
 9> <info> app: hr,528,18558, 0.62 ,1
 9> <info> app: hr,529,18529, 0.59 ,1
 9> <info> app: hr,530,18546, 0.56 ,1
 9> <info> app: hr,531,18547, 0.53 ,1
 9> <info> app: hr,532,18560, 0.50 ,1
 9> <info> app: hr,533,18552, 0.46 ,0
 9> <info> app: hr,534,18549, 0.46 ,0
 9> <info> app: hr,535,18541, 1.43 ,1
 9> <info> app: hr,536,18542, 1.37 ,1
 9> <info> app: hr,537,18561, 1.28 ,1
 9> <info> app: hr,538,18542, 1.21 ,1
 9> <info> app: hr,539,18569, 1.15 ,1
 9> <info> app: hr,540,18554, 1.09 ,1
 9> <info> app: hr,541,18527, 2.06 ,1
 9> <info> app: hr,542,18575, 1.93 ,1
 9> <info> app: hr,543,18535, 1.84 ,1
 9> <info> app: hr,544,18568, 1.75 ,1
 9> <info> app: hr,545,18544, 1.68 ,1
 9> <info> app: hr,546,18543, 1.59 ,1
 9> <info> app: hr,547,18533, 2.50 ,1
 9> <info> app: hr,548,18549, 2.37 ,1
 9> <info> app: hr,549,18549, 2.28 ,1
 9> <info> app: hr,550,18549, 2.15 ,1
 9> <info> app: hr,551,18553, 2.03 ,1
 9> <info> app: hr,552,18551, 2.93 ,1
 9> <info> app: hr,553,18539, 2.78 ,1
 9> <info> app: hr,554,18546, 2.65 ,1
 9> <info> app: hr,555,18525, 2.53 ,1
 9> <info> app: hr,556,18551, 2.40 ,1
 9> <info> app: hr,557,18545, 3.28 ,1
 9> <info> app: hr,558,18531, 3.12 ,1
 9> <info> app: hr,559,18578, 2.96 ,1
 9> <info> app: hr,560,18566, 3.81 ,1
 9> <info> app: hr,561,18554, 3.62 ,1
 9> <info> app: hr,562,18556, 3.43 ,1
 9> <info> app: hr,563,18537, 3.25 ,1
 9> <info> app: hr,564,18536, 3.09 ,1
 9> <info> app: hr,565,18554, 2.93 ,1
 9> <info> app: hr,566,18582, 2.81 ,1
 9> <info> app: hr,567,18554, 2.65 ,1
 9> <info> app: hr,568,18553, 2.53 ,1
 9> <info> app: hr,569,18550, 2.40 ,1
 9> <info> app: hr,570,18577, 2.28 ,0
 9> <info> app: hr,571,18533, 2.15 ,0
 9> <info> app: hr,572,18518, 2.06 ,0
 9> <info> app: hr,573,18537, 1.96 ,0
 9> <info> app: hr,574,18542, 1.84 ,0
 9> <info> app: hr,575,18546, 1.75 ,0
 9> <info> app: hr,576,18546, 1.68 ,0
 9> <info> app: hr,577,18552, 1.59 ,0
 9> <info> app: hr,578,18553, 1.50 ,0
 9> <info> app: hr,579,18556, 1.43 ,0
 9> <info> app: hr,580,18562, 1.37 ,0
 9> <info> app: hr,581,18541, 2.31 ,0
 9> <info> app: hr,582,18577, 2.18 ,0
 9> <info> app: hr,583,18578, 1.06 ,0
 9> <info> app: hr,584,18560, 1.03 ,0
 9> <info> app: hr,585,18563, 0.96 ,0
 9> <info> app: hr,586,18541, 0.90 ,0
 9> <info> app: hr,587,18556, 0.87 ,0
 9> <info> app: hr,588,18554, -0.15 ,0
 9> <info> app: hr,589,18571, -0.15 ,0
 9> <info> app: hr,590,18559, -0.15 ,0
 9> <info> app: hr,591,18554, -0.15 ,0
 9> <info> app: hr,592,18555, -1.12 ,-1
 9> <info> app: hr,593,18548, -1.09 ,-1
 9> <info> app: hr,594,18532, -1.03 ,0
 9> <info> app: hr,595,18577, -0.96 ,0
 9> <info> app: hr,596,18544, -0.93 ,0
 9> <info> app: hr,597,18563, -1.87 ,0
 9> <info> app: hr,598,18545, -1.78 ,0
 9> <info> app: hr,599,18556, -1.68 ,0
 9> <info> app: hr,600,18542, -1.62 ,0
 9> <info> app: hr,601,18542, -1.53 ,0
 9> <info> app: hr,602,18543, -1.46 ,0
 9> <info> app: hr,603,18556, -1.37 ,0
 9> <info> app: hr,604,18548, -1.31 ,0
 9> <info> app: hr,605,18541, -1.25 ,0
 9> <info> app: hr,606,18568, -1.18 ,0
 9> <info> app: hr,607,18557, -1.12 ,0
 9> <info> app: hr,608,18580, -1.06 ,0
 9> <info> app: hr,609,18532, -1.03 ,0
 9> <info> app: hr,610,18549, -0.96 ,0
 9> <info> app: hr,611,18563, -0.90 ,0
 9> <info> app: hr,612,18537, -0.87 ,0
 9> <info> app: hr,613,18548, -0.81 ,0
 9> <info> app: hr,614,18557, -0.78 ,0
 9> <info> app: hr,615,18552, -0.75 ,0
 9> <info> app: hr,616,18558, -0.71 ,0
 9> <info> app: hr,617,18578, -0.68 ,0
 9> <info> app: hr,618,18558, -1.62 ,0
 9> <info> app: hr,619,18555, -1.56 ,0
 9> <info> app: hr,620,18557, -1.46 ,0
 9> <info> app: hr,621,18545, -1.40 ,0
 9> <info> app: hr,622,18568, -1.34 ,0
 9> <info> app: hr,623,18552, -1.28 ,0
 9> <info> app: hr,624,18565, -1.21 ,0
 9> <info> app: hr,625,18554, -1.15 ,0
 9> <info> app: hr,626,18537, -1.09 ,0
 9> <info> app: hr,627,18559, -1.03 ,0
 9> <info> app: hr,628,18566, -1.96 ,0
 9> <info> app: hr,629,18564, -1.87 ,0
 9> <info> app: hr,630,18555, -1.78 ,0
 9> <info> app: hr,631,18542, -1.68 ,0
 9> <info> app: hr,632,18578, -1.62 ,0
 9> <info> app: hr,633,18543, -1.53 ,0
 9> <info> app: hr,634,18560, -1.46 ,0
 9> <info> app: hr,635,18553, -1.37 ,0
 9> <info> app: hr,636,18557, -1.31 ,0
 9> <info> app: hr,637,18553, -2.25 ,0
 9> <info> app: hr,638,18550, -2.12 ,0
 9> <info> app: hr,639,18571, -2.03 ,0
 9> <info> app: hr,640,18561, -1.93 ,0
 9> <info> app: hr,641,18565, -1.84 ,0
 9> <info> app: hr,642,18561, -1.75 ,0
 9> <info> app: hr,643,18575, -1.65 ,0
 9> <info> app: hr,644,18551, -1.56 ,0
 9> <info> app: hr,645,18563, -2.50 ,0
 9> <info> app: hr,646,18557, -2.37 ,0
 9> <info> app: hr,647,18571, -2.25 ,0
 9> <info> app: hr,648,18557, -2.12 ,0
 9> <info> app: hr,649,18556, -2.03 ,0
 9> <info> app: hr,650,18559, -2.93 ,-1
 9> <info> app: hr,651,18553, -2.78 ,0
 9> <info> app: hr,652,18551, -2.65 ,0
 9> <info> app: hr,653,18569, -2.50 ,0
 9> <info> app: hr,654,18559, -2.37 ,0
 9> <info> app: hr,655,18571, -2.25 ,0
 9> <info> app: hr,656,18547, -2.15 ,0
 9> <info> app: hr,657,18575, -3.03 ,0
 9> <info> app: hr,658,18535, -2.90 ,0
 9> <info> app: hr,659,18533, -2.75 ,0
 9> <info> app: hr,660,18569, -2.62 ,0
 9> <info> app: hr,661,18553, -2.46 ,0
 9> <info> app: hr,662,18542, -2.34 ,0
 9> <info> app: hr,663,18560, -2.25 ,0
 9> <info> app: hr,664,18546, -2.12 ,0
 9> <info> app: hr,665,18543, -1.03 ,0
 9> <info> app: hr,666,18535, -0.96 ,0
 9> <info> app: hr,667,18543, -0.90 ,0
 9> <info> app: hr,668,18565, -0.87 ,0
 9> <info> app: hr,669,18551, -0.84 ,0
 9> <info> app: hr,670,18545, 0.21 ,0
 9> <info> app: hr,671,18570, 0.18 ,0
 9> <info> app: hr,672,18559, 0.18 ,0
 9> <info> app: hr,673,18548, 0.18 ,0
 9> <info> app: hr,674,18566, 0.18 ,0
 9> <info> app: hr,675,18547, 0.15 ,0
 9> <info> app: hr,676,18548, 1.15 ,0
 9> <info> app: hr,677,18584, 1.09 ,0
 9> <info> app: hr,678,18538, 1.03 ,0
 9> <info> app: hr,679,18560, 1.00 ,0
 9> <info> app: hr,680,18551, 0.93 ,0
 9> <info> app: hr,681,18546, 0.90 ,0
 9> <info> app: hr,682,18542, 0.84 ,0
 9> <info> app: hr,683,18552, 0.81 ,0
 9> <info> app: hr,684,18553, 0.78 ,0
 9> <info> app: hr,685,18564, 1.71 ,0
 9> <info> app: hr,686,18558, 1.65 ,0
 9> <info> app: hr,687,18556, 1.56 ,0
 9> <info> app: hr,688,18544, 1.46 ,0
 9> <info> app: hr,689,18556, 1.40 ,0
 9> <info> app: hr,690,18561, 1.34 ,0
 9> <info> app: hr,691,18558, 1.28 ,0
 9> <info> app: hr,692,18567, 1.21 ,0
 9> <info> app: hr,693,18542, 1.15 ,0
 9> <info> app: hr,694,18562, 1.09 ,0
 9> <info> app: hr,695,18564, 1.03 ,0
 9> <info> app: hr,696,18556, 0.96 ,0
 9> <info> app: hr,697,18561, 0.93 ,0
 9> <info> app: hr,698,18557, 0.87 ,0
 9> <info> app: hr,699,18566, 0.84 ,0
 9> <info> app: hr,700,18594, 0.81 ,0
 9> <info> app: hr,701,18568, 0.75 ,0
 9> <info> app: hr,702,18567, -0.28 ,-1
 9> <info> app: hr,703,18521, -0.25 ,-1
 9> <info> app: hr,704,18524, -0.25 ,-1
 9> <info> app: hr,705,18563, -0.25 ,0
 9> <info> app: hr,706,18569, -0.21 ,0
 9> <info> app: hr,707,18550, -0.21 ,0
 9> <info> app: hr,708,18558, -0.21 ,0
 9> <info> app: hr,709,18565, -0.18 ,0
 9> <info> app: hr,710,18545, -0.18 ,0
 9> <info> app: hr,711,18552, -0.18 ,0
 9> <info> app: hr,712,18537, -0.15 ,0
 9> <info> app: hr,713,18565, -0.15 ,0
 9> <info> app: hr,714,18554, -0.15 ,0
 9> <info> app: hr,715,18533, -0.15 ,0
 9> <info> app: hr,716,18556, -0.12 ,0
 9> <info> app: hr,717,18558, -0.12 ,0
 9> <info> app: hr,718,18529, -0.12 ,0
 9> <info> app: hr,719,18565, -0.12 ,0
 9> <info> app: hr,720,18580, -0.12 ,0
 9> <info> app: hr,721,18571, -0.09 ,0
 9> <info> app: hr,722,18556, -0.09 ,0
 9> <info> app: hr,723,18549, -0.09 ,0
 9> <info> app: hr,724,18562, -0.09 ,0
 9> <info> app: hr,725,18562, -0.09 ,0
 9> <info> app: hr,726,18571, -0.09 ,0
 9> <info> app: hr,727,18550, -0.06 ,0
 9> <info> app: hr,728,18578, -0.06 ,0
 9> <info> app: hr,729,18554, -0.06 ,0
 9> <info> app: hr,730,18574, -0.06 ,0
 9> <info> app: hr,731,18586, -1.06 ,0
 9> <info> app: hr,732,18590, -1.00 ,0
 9> <info> app: hr,733,18572, -0.96 ,0
 9> <info> app: hr,734,18558, -1.90 ,-1
 9> <info> app: hr,735,18583, -1.81 ,-1
 9> <info> app: hr,736,18541, -2.71 ,-1
 9> <info> app: hr,737,18547, -2.59 ,-1
 9> <info> app: hr,738,18574, -2.46 ,-1
 9> <info> app: hr,739,18565, -3.34 ,-1
 9> <info> app: hr,740,18567, -3.15 ,-1
 9> <info> app: hr,741,18550, -3.00 ,-1
 9> <info> app: hr,742,18578, -2.87 ,-1
 9> <info> app: hr,743,18541, -3.71 ,-1
 9> <info> app: hr,744,18563, -3.53 ,-1
 9> <info> app: hr,745,18556, -3.34 ,-1
 9> <info> app: hr,746,18555, -3.18 ,-1
 9> <info> app: hr,747,18563, -3.03 ,-1
 9> <info> app: hr,748,18566, -2.87 ,-1
 9> <info> app: hr,749,18578, -3.71 ,-1
 9> <info> app: hr,750,18549, -3.56 ,-1
 9> <info> app: hr,751,18558, -3.37 ,-1
 9> <info> app: hr,752,18572, -3.18 ,-1
 9> <info> app: hr,753,18553, -3.03 ,-1
 9> <info> app: hr,754,18560, -2.87 ,-1
 9> <info> app: hr,755,18555, -2.75 ,-1
 9> <info> app: hr,756,18571, -2.59 ,-1
 9> <info> app: hr,757,18557, -2.46 ,-1
 9> <info> app: hr,758,18586, -2.34 ,-1
 9> <info> app: hr,759,18556, -3.25 ,-1
 9> <info> app: hr,760,18534, -3.06 ,-1
 9> <info> app: hr,761,18567, -2.93 ,-1
 9> <info> app: hr,762,18549, -2.78 ,-1
 9> <info> app: hr,763,18546, -2.62 ,-1
 9> <info> app: hr,764,18575, -1.50 ,-1
 9> <info> app: hr,765,18571, -1.43 ,-1
 9> <info> app: hr,766,18549, -1.34 ,-1
 9> <info> app: hr,767,18566, -1.28 ,-1
 9> <info> app: hr,768,18555, -1.21 ,-1
 9> <info> app: hr,769,18577, -1.15 ,-1
 9> <info> app: hr,770,18541, -1.09 ,-1
 9> <info> app: hr,771,18575, -1.06 ,-1
 9> <info> app: hr,772,18552, -1.00 ,-1
 9> <info> app: hr,773,18565, -0.93 ,0
 9> <info> app: hr,774,18547, -0.90 ,0
 9> <info> app: hr,775,18556, -0.84 ,0
 9> <info> app: hr,776,18546, -0.81 ,0
 9> <info> app: hr,777,18552, -0.78 ,0
 9> <info> app: hr,778,18571, -0.75 ,0
 9> <info> app: hr,779,18549, 0.31 ,0
 9> <info> app: hr,780,18552, 0.28 ,0
 9> <info> app: hr,781,18576, 0.28 ,0
 9> <info> app: hr,782,18532, 0.25 ,0
 9> <info> app: hr,783,18561, 0.25 ,0
 9> <info> app: hr,784,18557, 0.21 ,0
 9> <info> app: hr,785,18543, 1.21 ,0
 9> <info> app: hr,786,18563, 1.15 ,0
 9> <info> app: hr,787,18585, 1.09 ,0
 9> <info> app: hr,788,18548, 1.06 ,0
 9> <info> app: hr,789,18566, 1.00 ,0
 9> <info> app: hr,790,18564, 0.93 ,0
 9> <info> app: hr,791,18544, 0.90 ,0
 9> <info> app: hr,792,18567, 0.84 ,0
 9> <info> app: hr,793,18543, 0.81 ,0
 9> <info> app: hr,794,18568, 1.78 ,0
 9> <info> app: hr,795,18573, 1.68 ,0
 9> <info> app: hr,796,18562, 1.59 ,0
 9> <info> app: hr,797,18549, 1.53 ,0
 9> <info> app: hr,798,18567, 1.43 ,0
 9> <info> app: hr,799,18550, 1.37 ,0
 9> <info> app: hr,800,18534, 1.31 ,0
 9> <info> app: hr,801,18570, 1.21 ,0
 9> <info> app: hr,802,18558, 1.18 ,0
 9> <info> app: hr,803,18534, 1.12 ,0
 9> <info> app: hr,804,18559, 1.06 ,0
 9> <info> app: hr,805,18560, 1.00 ,0
 9> <info> app: hr,806,18535, 1.96 ,0
 9> <info> app: hr,807,18560, 1.84 ,0
 9> <info> app: hr,808,18557, 1.75 ,0
 9> <info> app: hr,809,18566, 1.68 ,0
 9> <info> app: hr,810,18558, 1.59 ,0
 9> <info> app: hr,811,18549, 1.50 ,0
 9> <info> app: hr,812,18557, 1.43 ,0
 9> <info> app: hr,813,18546, 2.37 ,0
 9> <info> app: hr,814,18562, 2.25 ,0
 9> <info> app: hr,815,18547, 2.12 ,0
 9> <info> app: hr,816,18564, 2.03 ,0
 9> <info> app: hr,817,18543, 1.93 ,0
 9> <info> app: hr,818,18536, 1.84 ,0
 9> <info> app: hr,819,18521, 1.75 ,0
 9> <info> app: hr,820,18538, 2.65 ,0
 9> <info> app: hr,821,18544, 2.53 ,0
 9> <info> app: hr,822,18559, 2.37 ,0
 9> <info> app: hr,823,18549, 3.28 ,0
 9> <info> app: hr,824,18565, 3.09 ,0
 9> <info> app: hr,825,18522, 2.93 ,0
 9> <info> app: hr,826,18555, 3.81 ,0
 9> <info> app: hr,827,18522, 3.62 ,0
 9> <info> app: hr,828,18551, 3.43 ,0
 9> <info> app: hr,829,18550, 4.25 ,0
 9> <info> app: hr,830,18543, 4.06 ,0
 9> <info> app: hr,831,18544, 4.84 ,1
 9> <info> app: hr,832,18552, 4.59 ,0
 9> <info> app: hr,833,18553, 4.37 ,0
 9> <info> app: hr,834,18556, 5.15 ,0
 9> <info> app: hr,835,18557, 4.90 ,0
 9> <info> app: hr,836,18552, 4.65 ,0
 9> <info> app: hr,837,18557, 4.40 ,0
 9> <info> app: hr,838,18578, 4.18 ,0
 9> <info> app: hr,839,18536, 4.00 ,0
 9> <info> app: hr,840,18559, 3.78 ,0
 9> <info> app: hr,841,18554, 3.59 ,0
 9> <info> app: hr,842,18563, 3.40 ,0
 9> <info> app: hr,843,18564, 3.25 ,0
 9> <info> app: hr,844,18582, 3.09 ,0
 9> <info> app: hr,845,18573, 2.93 ,0
 9> <info> app: hr,846,18536, 2.78 ,0
 9> <info> app: hr,847,18561, 2.65 ,0
 9> <info> app: hr,848,18543, 2.50 ,0
 9> <info> app: hr,849,18541, 1.37 ,-1
 9> <info> app: hr,850,18527, 1.31 ,-1
 9> <info> app: hr,851,18544, 1.25 ,0
 9> <info> app: hr,852,18549, 1.18 ,0
 9> <info> app: hr,853,18569, 1.12 ,0
 9> <info> app: hr,854,18551, 1.06 ,0
 9> <info> app: hr,855,18553, 1.03 ,0
 9> <info> app: hr,856,18559, 0.96 ,0
 9> <info> app: hr,857,18542, 0.93 ,0
 9> <info> app: hr,858,18560, 0.87 ,0
 9> <info> app: hr,859,18538, 0.84 ,0
 9> <info> app: hr,860,18558, 0.78 ,0
 9> <info> app: hr,861,18579, 0.75 ,0
 9> <info> app: hr,862,18548, 0.71 ,0
 9> <info> app: hr,863,18592, 0.68 ,0
 9> <info> app: hr,864,18583, -0.34 ,0
 9> <info> app: hr,865,18552, -0.34 ,0
 9> <info> app: hr,866,18562, -0.31 ,0
 9> <info> app: hr,867,18539, -0.31 ,0
 9> <info> app: hr,868,18577, -1.28 ,-1
 9> <info> app: hr,869,18552, -1.21 ,-1
 9> <info> app: hr,870,18581, -1.15 ,0
 9> <info> app: hr,871,18552, -2.09 ,-1
 9> <info> app: hr,872,18557, -2.00 ,-1
 9> <info> app: hr,873,18539, -1.90 ,-1
 9> <info> app: hr,874,18560, -1.81 ,-1
 9> <info> app: hr,875,18552, -2.71 ,-1
 9> <info> app: hr,876,18556, -2.59 ,-1
 9> <info> app: hr,877,18538, -2.43 ,-1
 9> <info> app: hr,878,18562, -2.34 ,-1
 9> <info> app: hr,879,18562, -2.21 ,-1
 9> <info> app: hr,880,18560, -2.09 ,-1
 9> <info> app: hr,881,18547, -2.00 ,-1
 9> <info> app: hr,882,18540, -2.90 ,-1
 9> <info> app: hr,883,18548, -2.75 ,-1
 9> <info> app: hr,884,18562, -2.62 ,-1
 9> <info> app: hr,885,18569, -2.46 ,-1
 9> <info> app: hr,886,18565, -2.34 ,-1
 9> <info> app: hr,887,18570, -2.25 ,-1
 9> <info> app: hr,888,18543, -2.12 ,-1
 9> <info> app: hr,889,18537, -2.03 ,-1
 9> <info> app: hr,890,18537, -1.90 ,-1
 9> <info> app: hr,891,18561, -1.81 ,-1
 9> <info> app: hr,892,18545, -1.75 ,-1
 9> <info> app: hr,893,18544, -1.65 ,-1
 9> <info> app: hr,894,18542, -1.56 ,-1
 9> <info> app: hr,895,18558, -0.50 ,0
 9> <info> app: hr,896,18546, -0.46 ,0
 9> <info> app: hr,897,18579, -0.43 ,0
 9> <info> app: hr,898,18542, -0.40 ,0
 9> <info> app: hr,899,18575, -0.40 ,0
 9> <info> app: hr,900,18545, -0.37 ,0
 9> <info> app: hr,901,18546, -0.34 ,0
 9> <info> app: hr,902,18530, -0.34 ,0
 9> <info> app: hr,903,18534, 0.68 ,0
 9> <info> app: hr,904,18559, 0.65 ,0
 9> <info> app: hr,905,18554, 0.62 ,0
 9> <info> app: hr,906,18564, 0.59 ,0
 9> <info> app: hr,907,18539, 0.56 ,0
 9> <info> app: hr,908,18544, 1.53 ,1
 9> <info> app: hr,909,18563, 1.43 ,0
 9> <info> app: hr,910,18537, 1.37 ,0
 9> <info> app: hr,911,18560, 1.31 ,0
 9> <info> app: hr,912,18572, 1.25 ,0
 9> <info> app: hr,913,18575, 1.18 ,0
 9> <info> app: hr,914,18565, 1.12 ,0
 9> <info> app: hr,915,18570, 1.06 ,0
 9> <info> app: hr,916,18552, 1.00 ,0
 9> <info> app: hr,917,18552, 0.96 ,0
 9> <info> app: hr,918,18544, 0.90 ,0
 9> <info> app: hr,919,18591, 0.87 ,0
 9> <info> app: hr,920,18560, 0.81 ,0
 9> <info> app: hr,921,18566, 0.78 ,0
 9> <info> app: hr,922,18568, -0.25 ,0
 9> <info> app: hr,923,18553, -0.25 ,0
 9> <info> app: hr,924,18539, -0.25 ,0
 9> <info> app: hr,925,18553, -0.21 ,0
 9> <info> app: hr,926,18561, -0.21 ,0
 9> <info> app: hr,927,18537, -1.18 ,0
 9> <info> app: hr,928,18546, -1.15 ,0
 9> <info> app: hr,929,18546, -1.09 ,0
 9> <info> app: hr,930,18562, -1.03 ,0
 9> <info> app: hr,931,18551, -0.96 ,0
 9> <info> app: hr,932,18558, -0.93 ,0
 9> <info> app: hr,933,18562, -0.87 ,0
 9> <info> app: hr,934,18532, -0.84 ,0
 9> <info> app: hr,935,18574, -0.78 ,0
 9> <info> app: hr,936,18553, -0.75 ,0
 9> <info> app: hr,937,18561, -0.71 ,0
 9> <info> app: hr,938,18557, -0.68 ,0
 9> <info> app: hr,939,18560, -0.65 ,0
 9> <info> app: hr,940,18538, -0.62 ,0
 9> <info> app: hr,941,18537, -0.59 ,0
 9> <info> app: hr,942,18562, -0.56 ,0
 9> <info> app: hr,943,18545, -0.53 ,0
 9> <info> app: hr,944,18560, 0.50 ,1
 9> <info> app: hr,945,18559, 0.46 ,1
 9> <info> app: hr,946,18545, 0.43 ,1
 9> <info> app: hr,947,18554, 0.43 ,1
 9> <info> app: hr,948,18553, 0.40 ,1
 9> <info> app: hr,949,18547, 0.37 ,1
 9> <info> app: hr,950,18560, 0.37 ,0
 9> <info> app: hr,951,18547, 0.34 ,0
 9> <info> app: hr,952,18583, 0.34 ,0
 9> <info> app: hr,953,18553, 0.31 ,0
 9> <info> app: hr,954,18555, 0.31 ,0
 9> <info> app: hr,955,18554, 0.28 ,0
 9> <info> app: hr,956,18558, 0.28 ,0
 9> <info> app: hr,957,18540, 0.25 ,0
 9> <info> app: hr,958,18568, 0.25 ,0
 9> <info> app: hr,959,18520, 0.21 ,0
 9> <info> app: hr,960,18539, 0.21 ,0
 9> <info> app: hr,961,18553, 0.21 ,0
 9> <info> app: hr,962,18556, 0.18 ,0
 9> <info> app: hr,963,18569, 1.18 ,1
 9> <info> app: hr,964,18541, 1.12 ,0
 9> <info> app: hr,965,18568, 1.06 ,0
 9> <info> app: hr,966,18556, 1.03 ,0
 9> <info> app: hr,967,18554, 0.96 ,0
 9> <info> app: hr,968,18551, 0.90 ,0
 9> <info> app: hr,969,18571, 0.87 ,0
 9> <info> app: hr,970,18581, 0.84 ,0
 9> <info> app: hr,971,18554, 0.78 ,0
 9> <info> app: hr,972,18559, 0.75 ,0
 9> <info> app: hr,973,18555, -0.28 ,0
 9> <info> app: hr,974,18549, -0.28 ,0
 9> <info> app: hr,975,18548, -0.25 ,0
 9> <info> app: hr,976,18563, -0.25 ,0
 9> <info> app: hr,977,18552, -0.25 ,0
 9> <info> app: hr,978,18559, -0.21 ,0
 9> <info> app: hr,979,18585, -0.21 ,0
 9> <info> app: hr,980,18563, -0.18 ,0
 9> <info> app: hr,981,18551, -1.18 ,0
 9> <info> app: hr,982,18571, -1.12 ,0
 9> <info> app: hr,983,18540, -1.06 ,0
 9> <info> app: hr,984,18542, -1.03 ,0
 9> <info> app: hr,985,18563, -0.96 ,0
 9> <info> app: hr,986,18535, -0.93 ,0
 9> <info> app: hr,987,18572, -0.87 ,0
 9> <info> app: hr,988,18567, -0.84 ,0
 9> <info> app: hr,989,18537, -0.78 ,0
 9> <info> app: hr,990,18547, -0.75 ,0
 9> <info> app: hr,991,18564, -0.71 ,0
 9> <info> app: hr,992,18561, -0.68 ,0
 9> <info> app: hr,993,18541, -0.65 ,0
 9> <info> app: hr,994,18588, -1.62 ,0
 9> <info> app: hr,995,18565, -1.53 ,0
 9> <info> app: hr,996,18552, -1.43 ,0
 9> <info> app: hr,997,18543, -1.37 ,0
 9> <info> app: hr,998,18572, -1.31 ,0
 9> <info> app: hr,999,18580, -1.25 ,0
 9> <info> app: hr,1000,18551, -1.18 ,0
 9> <info> app: hr,1001,18531, -1.12 ,0
 9> <info> app: hr,1002,18558, -1.06 ,0
 9> <info> app: hr,1003,18535, -1.00 ,0
 9> <info> app: hr,1004,18549, -0.96 ,0
 9> <info> app: hr,1005,18556, -0.90 ,0
 9> <info> app: hr,1006,18555, -0.87 ,0
 9> <info> app: hr,1007,18557, -0.81 ,0
 9> <info> app: hr,1008,18563, -0.78 ,0
 9> <info> app: hr,1009,18560, -0.75 ,0
 9> <info> app: hr,1010,18558, -0.71 ,0
 9> <info> app: hr,1011,18563, -0.68 ,0
 9> <info> app: hr,1012,18570, -0.62 ,0
 9> <info> app: hr,1013,18557, -0.59 ,0
 9> <info> app: hr,1014,18549, -0.59 ,0
 9> <info> app: hr,1015,18577, -0.56 ,0
 9> <info> app: hr,1016,18587, -0.53 ,0
 9> <info> app: hr,1017,18546, -0.50 ,0
 9> <info> app: hr,1018,18546, -1.46 ,0

# Logging stopped @ 23 Nov 2018 13:25:35
