# SEGGER J-Link RTT Viewer V6.16a Terminal Log File
# Compiled: 12:44:10 on Jun  6 2017
# Logging started @ 23 Nov 2018 13:21:52
 9> <info> app: ***********  Application started  ***********
 9> 
 9> <info> app: [OK] NRF Power ON 0x0004. 
 9> <info> app: Read MAC:CC34D2110EF6
 9> <info> app: ***********  Sensor initial ***********
 9> <info> app: [OK]	BMI160
 9> <info> app: [OK]	SETUP ACC
 9> <info> app: [OK]	SETUP STEP COUNT
 9> <info> app: [OK]	FLASH MEMORY
 9> <info> app: [OK]	OLED Initial
 9> <info> app: [OK]	Max30102 Initial, Temperature 34.18
 9> <info> app: ********** End sensor initial *********
 9> 
 9> <info> app: Max30102 Found
 9> 
 9> <info> app: HR Begin
 9> 
 9> <info> app: 1019
 9> <info> app: hr,50,18781, 0.03 ,0
 9> <info> app: hr,51,18809, 0.03 ,0
 9> <info> app: hr,52,18804, 0.03 ,0
 9> <info> app: hr,53,18798, 0.03 ,0
 9> <info> app: hr,54,18793, 0.03 ,0
 9> <info> app: hr,55,18771, 0.03 ,0
 9> <info> app: hr,56,18792, 0.03 ,0
 9> <info> app: hr,57,18795, 1.03 ,0
 9> <info> app: hr,58,18784, 0.96 ,0
 9> <info> app: hr,59,18771, 0.90 ,0
 9> <info> app: hr,60,18782, 0.87 ,0
 9> <info> app: hr,61,18775, 0.81 ,0
 9> <info> app: hr,62,18814, 0.78 ,0
 9> <info> app: hr,63,18841, 0.75 ,0
 9> <info> app: hr,64,18777, 0.71 ,0
 9> <info> app: hr,65,18811, 0.68 ,0
 9> <info> app: hr,66,18802, 0.62 ,0
 9> <info> app: hr,67,18798, 0.59 ,0
 9> <info> app: hr,68,18781, 0.59 ,0
 9> <info> app: hr,69,18810, 0.56 ,0
 9> <info> app: hr,70,18768, 0.53 ,0
 9> <info> app: hr,71,18801, 0.50 ,0
 9> <info> app: hr,72,18800, -0.53 ,-1
 9> <info> app: hr,73,18809, -0.50 ,-1
 9> <info> app: hr,74,18790, -0.46 ,-1
 9> <info> app: hr,75,18783, -0.46 ,-1
 9> <info> app: hr,76,18798, -0.43 ,0
 9> <info> app: hr,77,18818, -0.40 ,0
 9> <info> app: hr,78,18769, -0.37 ,0
 9> <info> app: hr,79,18775, -0.37 ,0
 9> <info> app: hr,80,18787, -0.34 ,0
 9> <info> app: hr,81,18797, -0.34 ,0
 9> <info> app: hr,82,18787, -0.31 ,0
 9> <info> app: hr,83,18799, -0.31 ,0
 9> <info> app: hr,84,18788, -0.28 ,0
 9> <info> app: hr,85,18776, -0.28 ,0
 9> <info> app: hr,86,18801, -0.25 ,0
 9> <info> app: hr,87,18799, -0.25 ,0
 9> <info> app: hr,88,18788, -0.21 ,0
 9> <info> app: hr,89,18797, -0.21 ,0
 9> <info> app: hr,90,18787, -0.21 ,0
 9> <info> app: hr,91,18800, -0.18 ,0
 9> <info> app: hr,92,18789, -0.18 ,0
 9> <info> app: hr,93,18775, -0.18 ,0
 9> <info> app: hr,94,18793, -0.18 ,0
 9> <info> app: hr,95,18792, -0.15 ,0
 9> <info> app: hr,96,18804, -0.15 ,0
 9> <info> app: hr,97,18801, -0.15 ,0
 9> <info> app: hr,98,18795, -0.12 ,0
 9> <info> app: hr,99,18790, -0.12 ,0
 9> <info> app: hr,100,18793, -0.12 ,0
 9> <info> app: hr,101,18794, -0.12 ,0
 9> <info> app: hr,102,18811, -0.12 ,0
 9> <info> app: hr,103,18791, -0.09 ,0
 9> <info> app: hr,104,18801, -0.09 ,0
 9> <info> app: hr,105,18788, -0.09 ,0
 9> <info> app: hr,106,18809, -0.09 ,0
 9> <info> app: hr,107,18761, -0.09 ,0
 9> <info> app: hr,108,18762, -0.09 ,0
 9> <info> app: hr,109,18797, -0.09 ,0
 9> <info> app: hr,110,18785, -0.06 ,0
 9> <info> app: hr,111,18807, -0.06 ,0
 9> <info> app: hr,112,18784, -0.06 ,0
 9> <info> app: hr,113,18803, -0.06 ,0
 9> <info> app: hr,114,18774, -0.06 ,0
 9> <info> app: hr,115,18790, -0.06 ,0
 9> <info> app: hr,116,18785, -0.06 ,0
 9> <info> app: hr,117,18804, -0.06 ,0
 9> <info> app: hr,118,18763, -0.06 ,0
 9> <info> app: hr,119,18792, 0.93 ,1
 9> <info> app: hr,120,18779, 0.90 ,0
 9> <info> app: hr,121,18785, 0.87 ,0
 9> <info> app: hr,122,18824, 0.81 ,0
 9> <info> app: hr,123,18781, 0.78 ,0
 9> <info> app: hr,124,18773, 0.75 ,0
 9> <info> app: hr,125,18784, 0.68 ,0
 9> <info> app: hr,126,18773, 1.65 ,1
 9> <info> app: hr,127,18793, 1.59 ,0
 9> <info> app: hr,128,18777, 1.50 ,1
 9> <info> app: hr,129,18780, 1.43 ,0
 9> <info> app: hr,130,18785, 1.34 ,0
 9> <info> app: hr,131,18807, 2.28 ,0
 9> <info> app: hr,132,18792, 2.18 ,0
 9> <info> app: hr,133,18806, 2.06 ,0
 9> <info> app: hr,134,18805, 1.96 ,0
 9> <info> app: hr,135,18801, 1.87 ,0
 9> <info> app: hr,136,18817, 1.78 ,0
 9> <info> app: hr,137,18793, 1.68 ,0
 9> <info> app: hr,138,18772, 1.59 ,0
 9> <info> app: hr,139,18788, 1.53 ,0
 9> <info> app: hr,140,18800, 1.43 ,0
 9> <info> app: hr,141,18784, 1.37 ,0
 9> <info> app: hr,142,18806, 0.31 ,0
 9> <info> app: hr,143,18775, 0.28 ,0
 9> <info> app: hr,144,18793, 0.28 ,0
 9> <info> app: hr,145,18780, 0.25 ,0
 9> <info> app: hr,146,18808, 0.25 ,0
 9> <info> app: hr,147,18785, 0.21 ,0
 9> <info> app: hr,148,18796, 0.21 ,0
 9> <info> app: hr,149,18807, 0.21 ,0
 9> <info> app: hr,150,18787, 0.18 ,0
 9> <info> app: hr,151,18788, 0.18 ,0
 9> <info> app: hr,152,18811, 0.18 ,0
 9> <info> app: hr,153,18789, 0.15 ,0
 9> <info> app: hr,154,18784, -0.84 ,0
 9> <info> app: hr,155,18786, -0.78 ,0
 9> <info> app: hr,156,18772, -0.75 ,0
 9> <info> app: hr,157,18798, -0.71 ,0
 9> <info> app: hr,158,18813, -0.68 ,0
 9> <info> app: hr,159,18775, -0.65 ,0
 9> <info> app: hr,160,18789, -0.62 ,0
 9> <info> app: hr,161,18770, -0.59 ,0
 9> <info> app: hr,162,18787, -0.56 ,0
 9> <info> app: hr,163,18797, -0.53 ,0
 9> <info> app: hr,164,18799, -0.50 ,0
 9> <info> app: hr,165,18794, -0.46 ,0
 9> <info> app: hr,166,18788, -0.43 ,0
 9> <info> app: hr,167,18786, -0.43 ,0
 9> <info> app: hr,168,18795, -0.40 ,0
 9> <info> app: hr,169,18785, -0.37 ,0
 9> <info> app: hr,170,18763, 0.62 ,1
 9> <info> app: hr,171,18776, 0.59 ,1
 9> <info> app: hr,172,18808, 0.56 ,1
 9> <info> app: hr,173,18770, 0.53 ,0
 9> <info> app: hr,174,18778, 0.50 ,0
 9> <info> app: hr,175,18801, 0.50 ,0
 9> <info> app: hr,176,18785, 0.46 ,0
 9> <info> app: hr,177,18787, 1.43 ,0
 9> <info> app: hr,178,18803, 1.37 ,0
 9> <info> app: hr,179,18799, 1.31 ,0
 9> <info> app: hr,180,18795, 1.25 ,0
 9> <info> app: hr,181,18785, 1.18 ,0
 9> <info> app: hr,182,18799, 1.12 ,0
 9> <info> app: hr,183,18779, 1.06 ,0
 9> <info> app: hr,184,18781, 1.00 ,0
 9> <info> app: hr,185,18788, 0.96 ,0
 9> <info> app: hr,186,18779, 0.90 ,0
 9> <info> app: hr,187,18788, 0.87 ,0
 9> <info> app: hr,188,18787, 0.81 ,0
 9> <info> app: hr,189,18783, 0.78 ,0
 9> <info> app: hr,190,18777, 1.75 ,0
 9> <info> app: hr,191,18777, 1.65 ,0
 9> <info> app: hr,192,18786, 1.56 ,0
 9> <info> app: hr,193,18773, 1.50 ,0
 9> <info> app: hr,194,18796, 1.40 ,0
 9> <info> app: hr,195,18784, 1.34 ,0
 9> <info> app: hr,196,18779, 2.28 ,1
 9> <info> app: hr,197,18789, 2.15 ,0
 9> <info> app: hr,198,18779, 2.06 ,0
 9> <info> app: hr,199,18749, 1.93 ,0
 9> <info> app: hr,200,18776, 1.84 ,0
 9> <info> app: hr,201,18782, 2.75 ,0
 9> <info> app: hr,202,18769, 2.62 ,0
 9> <info> app: hr,203,18792, 2.50 ,0
 9> <info> app: hr,204,18769, 3.37 ,0
 9> <info> app: hr,205,18806, 3.18 ,0
 9> <info> app: hr,206,18780, 3.03 ,0
 9> <info> app: hr,207,18782, 3.87 ,1
 9> <info> app: hr,208,18786, 3.68 ,0
 9> <info> app: hr,209,18805, 3.50 ,0
 9> <info> app: hr,210,18780, 3.34 ,0
 9> <info> app: hr,211,18788, 3.15 ,0
 9> <info> app: hr,212,18787, 3.00 ,0
 9> <info> app: hr,213,18796, 2.87 ,0
 9> <info> app: hr,214,18792, 2.71 ,0
 9> <info> app: hr,215,18813, 2.59 ,0
 9> <info> app: hr,216,18755, 2.43 ,0
 9> <info> app: hr,217,18792, 2.34 ,0
 9> <info> app: hr,218,18771, 2.21 ,0
 9> <info> app: hr,219,18758, 2.09 ,0
 9> <info> app: hr,220,18775, 2.00 ,0
 9> <info> app: hr,221,18779, 2.90 ,0
 9> <info> app: hr,222,18782, 2.75 ,0
 9> <info> app: hr,223,18783, 2.62 ,0
 9> <info> app: hr,224,18775, 2.46 ,0
 9> <info> app: hr,225,18794, 2.34 ,0
 9> <info> app: hr,226,18797, 2.25 ,0
 9> <info> app: hr,227,18788, 2.12 ,0
 9> <info> app: hr,228,18788, 2.03 ,0
 9> <info> app: hr,229,18779, 1.90 ,0
 9> <info> app: hr,230,18780, 1.81 ,0
 9> <info> app: hr,231,18777, 1.75 ,0
 9> <info> app: hr,232,18786, 1.65 ,0
 9> <info> app: hr,233,18774, 1.56 ,0
 9> <info> app: hr,234,18787, 1.50 ,0
 9> <info> app: hr,235,18771, 2.40 ,0
 9> <info> app: hr,236,18768, 2.28 ,0
 9> <info> app: hr,237,18781, 2.18 ,0
 9> <info> app: hr,238,18777, 2.06 ,0
 9> <info> app: hr,239,18816, 1.96 ,0
 9> <info> app: hr,240,18785, 1.87 ,0
 9> <info> app: hr,241,18799, 1.78 ,0
 9> <info> app: hr,242,18782, 1.68 ,0
 9> <info> app: hr,243,18812, 1.59 ,0
 9> <info> app: hr,244,18781, 1.53 ,0
 9> <info> app: hr,245,18787, 1.43 ,0
 9> <info> app: hr,246,18773, 0.37 ,-1
 9> <info> app: hr,247,18803, 0.34 ,-1
 9> <info> app: hr,248,18775, 0.34 ,-1
 9> <info> app: hr,249,18797, 0.31 ,0
 9> <info> app: hr,250,18802, 0.31 ,0
 9> <info> app: hr,251,18759, 0.28 ,0
 9> <info> app: hr,252,18781, 0.28 ,0
 9> <info> app: hr,253,18787, -0.75 ,-1
 9> <info> app: hr,254,18777, -0.71 ,-1
 9> <info> app: hr,255,18782, -0.65 ,0
 9> <info> app: hr,256,18777, -0.62 ,0
 9> <info> app: hr,257,18786, -0.59 ,0
 9> <info> app: hr,258,18778, -0.56 ,0
 9> <info> app: hr,259,18794, -0.53 ,0
 9> <info> app: hr,260,18794, -0.53 ,0
 9> <info> app: hr,261,18776, -0.50 ,0
 9> <info> app: hr,262,18788, -0.46 ,0
 9> <info> app: hr,263,18794, -0.43 ,0
 9> <info> app: hr,264,18772, -0.43 ,0
 9> <info> app: hr,265,18800, -0.40 ,0
 9> <info> app: hr,266,18805, -0.37 ,0
 9> <info> app: hr,267,18771, -0.37 ,0
 9> <info> app: hr,268,18798, -0.34 ,0
 9> <info> app: hr,269,18795, -0.31 ,0
 9> <info> app: hr,270,18777, -1.31 ,-1
 9> <info> app: hr,271,18756, -1.25 ,0
 9> <info> app: hr,272,18791, -1.18 ,0
 9> <info> app: hr,273,18793, -1.12 ,0
 9> <info> app: hr,274,18772, -1.06 ,0
 9> <info> app: hr,275,18811, -1.00 ,0
 9> <info> app: hr,276,18793, -0.96 ,0
 9> <info> app: hr,277,18790, -0.90 ,0
 9> <info> app: hr,278,18785, -0.87 ,0
 9> <info> app: hr,279,18762, -0.81 ,0
 9> <info> app: hr,280,18775, -0.78 ,0
 9> <info> app: hr,281,18763, -0.75 ,0
 9> <info> app: hr,282,18789, -0.71 ,0
 9> <info> app: hr,283,18762, -0.68 ,0
 9> <info> app: hr,284,18802, -0.62 ,0
 9> <info> app: hr,285,18800, -0.59 ,0
 9> <info> app: hr,286,18798, -0.56 ,0
 9> <info> app: hr,287,18784, -0.56 ,0
 9> <info> app: hr,288,18779, -0.53 ,0
 9> <info> app: hr,289,18794, -0.50 ,0
 9> <info> app: hr,290,18766, -0.46 ,0
 9> <info> app: hr,291,18787, -0.43 ,0
 9> <info> app: hr,292,18789, -0.43 ,0
 9> <info> app: hr,293,18765, 0.59 ,1
 9> <info> app: hr,294,18805, 0.56 ,1
 9> <info> app: hr,295,18771, 0.53 ,1
 9> <info> app: hr,296,18771, 0.50 ,1
 9> <info> app: hr,297,18800, 0.50 ,1
 9> <info> app: hr,298,18767, 0.46 ,0
 9> <info> app: hr,299,18792, 0.43 ,0
 9> <info> app: hr,300,18778, 0.40 ,0
 9> <info> app: hr,301,18811, 0.40 ,0
 9> <info> app: hr,302,18801, 0.37 ,0
 9> <info> app: hr,303,18791, 0.34 ,0
 9> <info> app: hr,304,18793, 0.34 ,0
 9> <info> app: hr,305,18778, 0.31 ,0
 9> <info> app: hr,306,18800, 0.31 ,0
 9> <info> app: hr,307,18788, 0.28 ,0
 9> <info> app: hr,308,18768, -0.71 ,0
 9> <info> app: hr,309,18775, -0.68 ,0
 9> <info> app: hr,310,18781, -0.65 ,0
 9> <info> app: hr,311,18805, -0.62 ,0
 9> <info> app: hr,312,18774, -0.59 ,0
 9> <info> app: hr,313,18788, -0.56 ,0
 9> <info> app: hr,314,18783, -0.53 ,0
 9> <info> app: hr,315,18784, -0.50 ,0
 9> <info> app: hr,316,18781, -0.46 ,0
 9> <info> app: hr,317,18776, -0.46 ,0
 9> <info> app: hr,318,18785, -0.43 ,0
 9> <info> app: hr,319,18792, -0.40 ,0
 9> <info> app: hr,320,18790, -0.37 ,0
 9> <info> app: hr,321,18776, -0.37 ,0
 9> <info> app: hr,322,18779, -0.34 ,0
 9> <info> app: hr,323,18776, -0.34 ,0
 9> <info> app: hr,324,18795, -0.31 ,0
 9> <info> app: hr,325,18782, -0.31 ,0
 9> <info> app: hr,326,18775, -0.28 ,0
 9> <info> app: hr,327,18779, 0.71 ,1
 9> <info> app: hr,328,18778, 0.68 ,1
 9> <info> app: hr,329,18783, 0.65 ,1
 9> <info> app: hr,330,18778, 0.62 ,1
 9> <info> app: hr,331,18769, 0.59 ,0
 9> <info> app: hr,332,18794, 0.56 ,0
 9> <info> app: hr,333,18799, 0.53 ,0
 9> <info> app: hr,334,18758, 0.50 ,0
 9> <info> app: hr,335,18770, 0.50 ,0
 9> <info> app: hr,336,18781, 1.46 ,1
 9> <info> app: hr,337,18807, 1.37 ,1
 9> <info> app: hr,338,18773, 1.31 ,1
 9> <info> app: hr,339,18767, 1.25 ,1
 9> <info> app: hr,340,18782, 1.18 ,1
 9> <info> app: hr,341,18802, 1.12 ,1
 9> <info> app: hr,342,18760, 1.06 ,1
 9> <info> app: hr,343,18789, 2.03 ,1
 9> <info> app: hr,344,18793, 1.90 ,1
 9> <info> app: hr,345,18763, 1.81 ,1
 9> <info> app: hr,346,18795, 1.71 ,1
 9> <info> app: hr,347,18781, 1.65 ,1
 9> <info> app: hr,348,18799, 1.56 ,1
 9> <info> app: hr,349,18799, 1.50 ,1
 9> <info> app: hr,350,18776, 1.40 ,1
 9> <info> app: hr,351,18777, 1.34 ,1
 9> <info> app: hr,352,18784, 1.28 ,1
 9> <info> app: hr,353,18786, 1.21 ,1
 9> <info> app: hr,354,18776, 1.15 ,1
 9> <info> app: hr,355,18778, 1.09 ,1
 9> <info> app: hr,356,18772, 1.03 ,1
 9> <info> app: hr,357,18794, 1.00 ,1
 9> <info> app: hr,358,18782, 0.93 ,0
 9> <info> app: hr,359,18793, 0.87 ,0
 9> <info> app: hr,360,18781, 0.84 ,0
 9> <info> app: hr,361,18759, 0.81 ,0
 9> <info> app: hr,362,18777, 0.75 ,0
 9> <info> app: hr,363,18776, 0.71 ,0
 9> <info> app: hr,364,18776, 0.68 ,0
 9> <info> app: hr,365,18794, 0.65 ,0
 9> <info> app: hr,366,18762, 0.62 ,0
 9> <info> app: hr,367,18769, 1.59 ,1
 9> <info> app: hr,368,18819, 1.50 ,1
 9> <info> app: hr,369,18761, 1.43 ,1
 9> <info> app: hr,370,18786, 1.37 ,1
 9> <info> app: hr,371,18770, 1.28 ,0
 9> <info> app: hr,372,18777, 1.21 ,0
 9> <info> app: hr,373,18782, 1.15 ,0
 9> <info> app: hr,374,18780, 1.12 ,0
 9> <info> app: hr,375,18764, 1.06 ,0
 9> <info> app: hr,376,18775, 2.00 ,0
 9> <info> app: hr,377,18771, 1.90 ,0
 9> <info> app: hr,378,18783, 1.81 ,0
 9> <info> app: hr,379,18780, 1.71 ,0
 9> <info> app: hr,380,18824, 1.62 ,0
 9> <info> app: hr,381,18772, 1.56 ,0
 9> <info> app: hr,382,18765, 1.46 ,0
 9> <info> app: hr,383,18801, 1.40 ,0
 9> <info> app: hr,384,18791, 1.31 ,0
 9> <info> app: hr,385,18794, 1.25 ,0
 9> <info> app: hr,386,18787, 1.18 ,0
 9> <info> app: hr,387,18768, 1.12 ,0
 9> <info> app: hr,388,18766, 1.09 ,0
 9> <info> app: hr,389,18786, 1.03 ,0
 9> <info> app: hr,390,18762, 0.96 ,0
 9> <info> app: hr,391,18776, 0.93 ,0
 9> <info> app: hr,392,18789, 0.87 ,0
 9> <info> app: hr,393,18764, 0.84 ,0
 9> <info> app: hr,394,18795, 0.78 ,0
 9> <info> app: hr,395,18806, 0.75 ,0
 9> <info> app: hr,396,18795, 0.71 ,0
 9> <info> app: hr,397,18786, 0.68 ,0
 9> <info> app: hr,398,18774, 0.65 ,0
 9> <info> app: hr,399,18791, 0.62 ,0
 9> <info> app: hr,400,18789, 0.59 ,0
 9> <info> app: hr,401,18769, -0.43 ,-1
 9> <info> app: hr,402,18788, -0.43 ,-1
 9> <info> app: hr,403,18782, -0.40 ,-1
 9> <info> app: hr,404,18780, -0.37 ,-1
 9> <info> app: hr,405,18791, -0.37 ,-1
 9> <info> app: hr,406,18767, -0.34 ,-1
 9> <info> app: hr,407,18755, -0.31 ,0
 9> <info> app: hr,408,18778, -0.31 ,0
 9> <info> app: hr,409,18773, -0.28 ,0
 9> <info> app: hr,410,18785, -0.28 ,0
 9> <info> app: hr,411,18769, -0.28 ,0
 9> <info> app: hr,412,18771, -0.25 ,0
 9> <info> app: hr,413,18778, -0.25 ,0
 9> <info> app: hr,414,18774, 0.78 ,0
 9> <info> app: hr,415,18801, 0.71 ,0
 9> <info> app: hr,416,18816, 0.68 ,0
 9> <info> app: hr,417,18775, 0.65 ,0
 9> <info> app: hr,418,18795, 0.62 ,0
 9> <info> app: hr,419,18774, 0.59 ,0
 9> <info> app: hr,420,18786, -0.43 ,0
 9> <info> app: hr,421,18809, -0.40 ,0
 9> <info> app: hr,422,18797, -0.37 ,0
 9> <info> app: hr,423,18755, -0.37 ,0
 9> <info> app: hr,424,18799, -0.34 ,0
 9> <info> app: hr,425,18773, -0.34 ,0
 9> <info> app: hr,426,18773, -0.31 ,0
 9> <info> app: hr,427,18796, -0.31 ,0
 9> <info> app: hr,428,18780, -1.28 ,0
 9> <info> app: hr,429,18788, -1.21 ,0
 9> <info> app: hr,430,18797, -1.15 ,0
 9> <info> app: hr,431,18776, -1.09 ,0
 9> <info> app: hr,432,18767, -1.06 ,0
 9> <info> app: hr,433,18776, -1.00 ,0
 9> <info> app: hr,434,18793, -0.93 ,0
 9> <info> app: hr,435,18777, -0.90 ,0
 9> <info> app: hr,436,18789, -0.84 ,0
 9> <info> app: hr,437,18784, -0.81 ,0
 9> <info> app: hr,438,18788, -0.78 ,0
 9> <info> app: hr,439,18760, -0.71 ,0
 9> <info> app: hr,440,18784, -0.68 ,0
 9> <info> app: hr,441,18787, -0.65 ,0
 9> <info> app: hr,442,18797, -0.62 ,0
 9> <info> app: hr,443,18777, -0.59 ,0
 9> <info> app: hr,444,18777, -0.56 ,0
 9> <info> app: hr,445,18767, -0.53 ,0
 9> <info> app: hr,446,18788, -0.50 ,0
 9> <info> app: hr,447,18799, -0.50 ,0
 9> <info> app: hr,448,18783, -0.46 ,0
 9> <info> app: hr,449,18757, -0.43 ,0
 9> <info> app: hr,450,18773, -0.40 ,0
 9> <info> app: hr,451,18774, -0.40 ,0
 9> <info> app: hr,452,18779, -0.37 ,0
 9> <info> app: hr,453,18778, -0.34 ,0
 9> <info> app: hr,454,18757, -0.34 ,0
 9> <info> app: hr,455,18782, -0.31 ,0
 9> <info> app: hr,456,18774, 0.68 ,1
 9> <info> app: hr,457,18764, 0.65 ,1
 9> <info> app: hr,458,18771, 0.62 ,1
 9> <info> app: hr,459,18797, 0.59 ,1
 9> <info> app: hr,460,18781, 1.56 ,1
 9> <info> app: hr,461,18768, 1.50 ,1
 9> <info> app: hr,462,18776, 1.40 ,1
 9> <info> app: hr,463,18763, 1.34 ,1
 9> <info> app: hr,464,18769, 1.28 ,1
 9> <info> app: hr,465,18789, 2.21 ,1
 9> <info> app: hr,466,18786, 2.09 ,1
 9> <info> app: hr,467,18793, 2.00 ,1
 9> <info> app: hr,468,18773, 1.90 ,1
 9> <info> app: hr,469,18791, 1.81 ,1
 9> <info> app: hr,470,18764, 1.71 ,1
 9> <info> app: hr,471,18778, 2.62 ,1
 9> <info> app: hr,472,18797, 2.50 ,1
 9> <info> app: hr,473,18758, 2.37 ,1
 9> <info> app: hr,474,18780, 2.25 ,1
 9> <info> app: hr,475,18800, 2.12 ,1
 9> <info> app: hr,476,18772, 2.03 ,1
 9> <info> app: hr,477,18799, 1.93 ,1
 9> <info> app: hr,478,18749, 1.84 ,1
 9> <info> app: hr,479,18787, 1.75 ,1
 9> <info> app: hr,480,18784, 1.65 ,1
 9> <info> app: hr,481,18778, 1.56 ,1
 9> <info> app: hr,482,18780, 1.50 ,1
 9> <info> app: hr,483,18759, 1.40 ,1
 9> <info> app: hr,484,18783, 1.34 ,1
 9> <info> app: hr,485,18781, 1.28 ,1
 9> <info> app: hr,486,18775, 1.21 ,1
 9> <info> app: hr,487,18791, 1.15 ,1
 9> <info> app: hr,488,18796, 1.09 ,1
 9> <info> app: hr,489,18776, 1.03 ,1
 9> <info> app: hr,490,18777, 1.00 ,1
 9> <info> app: hr,491,18784, 0.93 ,0
 9> <info> app: hr,492,18763, 0.90 ,0
 9> <info> app: hr,493,18788, 0.84 ,0
 9> <info> app: hr,494,18765, 0.81 ,0
 9> <info> app: hr,495,18793, 0.75 ,0
 9> <info> app: hr,496,18790, 0.71 ,0
 9> <info> app: hr,497,18789, 0.68 ,0
 9> <info> app: hr,498,18784, 0.65 ,0
 9> <info> app: hr,499,18766, 0.62 ,0
 9> <info> app: hr,500,18789, 0.59 ,0
 9> <info> app: hr,501,18790, -0.43 ,0
 9> <info> app: hr,502,18772, -0.40 ,0
 9> <info> app: hr,503,18781, -0.40 ,0
 9> <info> app: hr,504,18809, -0.37 ,0
 9> <info> app: hr,505,18773, -0.34 ,0
 9> <info> app: hr,506,18791, -0.34 ,0
 9> <info> app: hr,507,18786, -0.31 ,0
 9> <info> app: hr,508,18811, -1.31 ,0
 9> <info> app: hr,509,18796, -1.25 ,0
 9> <info> app: hr,510,18795, -1.18 ,0
 9> <info> app: hr,511,18782, -2.12 ,-1
 9> <info> app: hr,512,18773, -2.00 ,-1
 9> <info> app: hr,513,18771, -1.90 ,0
 9> <info> app: hr,514,18785, -1.81 ,0
 9> <info> app: hr,515,18769, -2.71 ,0
 9> <info> app: hr,516,18768, -2.59 ,0
 9> <info> app: hr,517,18774, -2.46 ,0
 9> <info> app: hr,518,18785, -2.34 ,0
 9> <info> app: hr,519,18760, -2.21 ,0
 9> <info> app: hr,520,18793, -2.12 ,0
 9> <info> app: hr,521,18780, -2.00 ,0
 9> <info> app: hr,522,18770, -1.90 ,0
 9> <info> app: hr,523,18792, -1.81 ,0
 9> <info> app: hr,524,18770, -1.71 ,0
 9> <info> app: hr,525,18779, -1.62 ,0
 9> <info> app: hr,526,18781, -1.56 ,0
 9> <info> app: hr,527,18784, -0.46 ,0
 9> <info> app: hr,528,18795, -0.43 ,0
 9> <info> app: hr,529,18783, -0.43 ,0
 9> <info> app: hr,530,18793, -0.40 ,0
 9> <info> app: hr,531,18779, -0.37 ,0
 9> <info> app: hr,532,18783, -0.37 ,0
 9> <info> app: hr,533,18788, -1.34 ,0
 9> <info> app: hr,534,18782, -1.28 ,0
 9> <info> app: hr,535,18787, -1.21 ,0
 9> <info> app: hr,536,18790, -1.15 ,0
 9> <info> app: hr,537,18750, -1.09 ,0
 9> <info> app: hr,538,18778, -1.03 ,0
 9> <info> app: hr,539,18786, -1.00 ,0
 9> <info> app: hr,540,18776, -0.93 ,0
 9> <info> app: hr,541,18773, -0.90 ,0
 9> <info> app: hr,542,18770, 0.15 ,0
 9> <info> app: hr,543,18786, 0.15 ,0
 9> <info> app: hr,544,18782, 0.12 ,0
 9> <info> app: hr,545,18773, 0.12 ,0
 9> <info> app: hr,546,18770, 0.12 ,0
 9> <info> app: hr,547,18791, 0.12 ,0
 9> <info> app: hr,548,18789, 0.12 ,0
 9> <info> app: hr,549,18805, 0.09 ,0
 9> <info> app: hr,550,18769, 0.09 ,0
 9> <info> app: hr,551,18754, 0.09 ,0
 9> <info> app: hr,552,18765, 0.09 ,0
 9> <info> app: hr,553,18802, 0.09 ,0
 9> <info> app: hr,554,18801, 1.09 ,0
 9> <info> app: hr,555,18785, 1.03 ,0
 9> <info> app: hr,556,18766, 0.96 ,0
 9> <info> app: hr,557,18787, 0.93 ,0
 9> <info> app: hr,558,18779, 0.87 ,0
 9> <info> app: hr,559,18779, 0.84 ,0
 9> <info> app: hr,560,18777, 0.78 ,0
 9> <info> app: hr,561,18804, 0.75 ,0
 9> <info> app: hr,562,18788, 0.71 ,0
 9> <info> app: hr,563,18773, 0.68 ,0
 9> <info> app: hr,564,18774, 0.65 ,0
 9> <info> app: hr,565,18773, -0.37 ,0
 9> <info> app: hr,566,18771, 0.62 ,0
 9> <info> app: hr,567,18782, 0.59 ,0
 9> <info> app: hr,568,18769, 0.56 ,0
 9> <info> app: hr,569,18798, 0.53 ,0
 9> <info> app: hr,570,18780, 0.53 ,0
 9> <info> app: hr,571,18798, 0.50 ,0
 9> <info> app: hr,572,18784, 0.46 ,0
 9> <info> app: hr,573,18781, 0.43 ,0
 9> <info> app: hr,574,18771, 0.40 ,0
 9> <info> app: hr,575,18806, 0.40 ,0
 9> <info> app: hr,576,18783, -0.62 ,-1
 9> <info> app: hr,577,18798, -0.59 ,-1
 9> <info> app: hr,578,18785, -0.56 ,-1
 9> <info> app: hr,579,18791, -0.53 ,-1
 9> <info> app: hr,580,18778, -0.50 ,0
 9> <info> app: hr,581,18782, -0.46 ,0
 9> <info> app: hr,582,18777, -0.46 ,0
 9> <info> app: hr,583,18786, -1.43 ,-1
 9> <info> app: hr,584,18767, -1.37 ,0
 9> <info> app: hr,585,18778, -1.28 ,-1
 9> <info> app: hr,586,18792, -1.21 ,0
 9> <info> app: hr,587,18783, -1.15 ,0
 9> <info> app: hr,588,18790, -1.12 ,0
 9> <info> app: hr,589,18778, -1.06 ,0
 9> <info> app: hr,590,18773, -1.00 ,0
 9> <info> app: hr,591,18782, -0.93 ,0
 9> <info> app: hr,592,18772, -0.90 ,0
 9> <info> app: hr,593,18809, -0.84 ,0
 9> <info> app: hr,594,18781, -0.81 ,0
 9> <info> app: hr,595,18763, -0.78 ,0
 9> <info> app: hr,596,18770, -0.75 ,0
 9> <info> app: hr,597,18795, -0.68 ,0
 9> <info> app: hr,598,18776, -0.65 ,0
 9> <info> app: hr,599,18792, -0.62 ,0
 9> <info> app: hr,600,18770, -0.59 ,0
 9> <info> app: hr,601,18763, -0.56 ,0
 9> <info> app: hr,602,18778, -0.53 ,0
 9> <info> app: hr,603,18756, -0.53 ,0
 9> <info> app: hr,604,18754, -0.50 ,0
 9> <info> app: hr,605,18762, 0.53 ,0
 9> <info> app: hr,606,18764, 0.50 ,0
 9> <info> app: hr,607,18790, 0.46 ,1
 9> <info> app: hr,608,18777, 1.46 ,1
 9> <info> app: hr,609,18765, 1.37 ,0
 9> <info> app: hr,610,18771, 1.31 ,0
 9> <info> app: hr,611,18774, 2.25 ,1
 9> <info> app: hr,612,18790, 2.12 ,1
 9> <info> app: hr,613,18780, 2.03 ,1
 9> <info> app: hr,614,18773, 2.93 ,1
 9> <info> app: hr,615,18779, 2.78 ,1
 9> <info> app: hr,616,18797, 2.65 ,1
 9> <info> app: hr,617,18770, 2.50 ,1
 9> <info> app: hr,618,18774, 2.37 ,1
 9> <info> app: hr,619,18791, 2.28 ,0
 9> <info> app: hr,620,18791, 3.15 ,1
 9> <info> app: hr,621,18798, 3.00 ,1
 9> <info> app: hr,622,18762, 2.84 ,0
 9> <info> app: hr,623,18774, 2.71 ,0
 9> <info> app: hr,624,18760, 2.56 ,0
 9> <info> app: hr,625,18767, 2.43 ,0
 9> <info> app: hr,626,18776, 2.31 ,0
 9> <info> app: hr,627,18761, 2.21 ,0
 9> <info> app: hr,628,18777, 2.09 ,0
 9> <info> app: hr,629,18771, 2.00 ,0
 9> <info> app: hr,630,18777, 2.87 ,0
 9> <info> app: hr,631,18784, 2.75 ,0
 9> <info> app: hr,632,18790, 2.59 ,0
 9> <info> app: hr,633,18795, 2.46 ,0
 9> <info> app: hr,634,18769, 2.34 ,0
 9> <info> app: hr,635,18744, 2.25 ,0
 9> <info> app: hr,636,18793, 2.12 ,0
 9> <info> app: hr,637,18778, 2.03 ,0
 9> <info> app: hr,638,18761, 1.90 ,0
 9> <info> app: hr,639,18767, 1.81 ,0
 9> <info> app: hr,640,18767, 1.71 ,0
 9> <info> app: hr,641,18777, 1.65 ,0
 9> <info> app: hr,642,18787, 2.56 ,0
 9> <info> app: hr,643,18778, 2.43 ,0
 9> <info> app: hr,644,18778, 2.31 ,0
 9> <info> app: hr,645,18803, 2.18 ,0
 9> <info> app: hr,646,18784, 2.09 ,0
 9> <info> app: hr,647,18745, 1.96 ,0
 9> <info> app: hr,648,18779, 1.87 ,0
 9> <info> app: hr,649,18796, 1.78 ,0
 9> <info> app: hr,650,18748, 1.68 ,0
 9> <info> app: hr,651,18752, 1.62 ,0
 9> <info> app: hr,652,18775, 1.53 ,0
 9> <info> app: hr,653,18763, 1.46 ,0
 9> <info> app: hr,654,18759, 1.37 ,0
 9> <info> app: hr,655,18793, 1.31 ,0
 9> <info> app: hr,656,18761, 2.25 ,0
 9> <info> app: hr,657,18787, 2.12 ,0
 9> <info> app: hr,658,18760, 2.03 ,0
 9> <info> app: hr,659,18780, 1.93 ,0
 9> <info> app: hr,660,18770, 1.84 ,0
 9> <info> app: hr,661,18802, 1.75 ,0
 9> <info> app: hr,662,18808, 1.65 ,0
 9> <info> app: hr,663,18767, 1.56 ,0
 9> <info> app: hr,664,18790, 1.50 ,0
 9> <info> app: hr,665,18774, 1.40 ,0
 9> <info> app: hr,666,18749, 1.34 ,0
 9> <info> app: hr,667,18782, 1.28 ,0
 9> <info> app: hr,668,18795, 1.21 ,0
 9> <info> app: hr,669,18777, 1.15 ,0
 9> <info> app: hr,670,18781, 1.09 ,0
 9> <info> app: hr,671,18784, 0.03 ,-1
 9> <info> app: hr,672,18777, 0.03 ,-1
 9> <info> app: hr,673,18818, 0.03 ,0
 9> <info> app: hr,674,18766, 0.03 ,0
 9> <info> app: hr,675,18757, 0.03 ,0
 9> <info> app: hr,676,18790, -0.96 ,-1
 9> <info> app: hr,677,18782, -0.90 ,-1
 9> <info> app: hr,678,18778, -0.87 ,0
 9> <info> app: hr,679,18777, -0.81 ,0
 9> <info> app: hr,680,18753, -0.78 ,0
 9> <info> app: hr,681,18802, -0.75 ,0
 9> <info> app: hr,682,18747, -0.71 ,0
 9> <info> app: hr,683,18761, -0.68 ,0
 9> <info> app: hr,684,18757, -0.62 ,0
 9> <info> app: hr,685,18780, -0.59 ,0
 9> <info> app: hr,686,18788, -0.59 ,0
 9> <info> app: hr,687,18784, -0.56 ,0
 9> <info> app: hr,688,18777, -0.53 ,0
 9> <info> app: hr,689,18779, -0.50 ,0
 9> <info> app: hr,690,18777, -0.46 ,0
 9> <info> app: hr,691,18762, -0.43 ,0
 9> <info> app: hr,692,18765, -0.43 ,0
 9> <info> app: hr,693,18779, -0.40 ,0
 9> <info> app: hr,694,18787, -0.37 ,0
 9> <info> app: hr,695,18768, -0.37 ,0
 9> <info> app: hr,696,18795, -0.34 ,0
 9> <info> app: hr,697,18790, -0.31 ,0
 9> <info> app: hr,698,18795, -0.31 ,0
 9> <info> app: hr,699,18773, -0.28 ,0
 9> <info> app: hr,700,18774, -0.28 ,0
 9> <info> app: hr,701,18773, -0.28 ,0
 9> <info> app: hr,702,18785, -0.25 ,0
 9> <info> app: hr,703,18768, -0.25 ,0
 9> <info> app: hr,704,18770, -0.21 ,0
 9> <info> app: hr,705,18784, -1.21 ,0
 9> <info> app: hr,706,18780, -1.15 ,0
 9> <info> app: hr,707,18771, -1.09 ,0
 9> <info> app: hr,708,18765, -1.03 ,0
 9> <info> app: hr,709,18758, -1.00 ,0
 9> <info> app: hr,710,18805, -0.93 ,0
 9> <info> app: hr,711,18766, -0.90 ,0
 9> <info> app: hr,712,18761, 0.15 ,0
 9> <info> app: hr,713,18778, 0.15 ,0
 9> <info> app: hr,714,18780, 0.12 ,0
 9> <info> app: hr,715,18780, 0.12 ,0
 9> <info> app: hr,716,18799, 0.12 ,0
 9> <info> app: hr,717,18770, 0.12 ,0
 9> <info> app: hr,718,18773, 0.09 ,0
 9> <info> app: hr,719,18801, 0.09 ,0
 9> <info> app: hr,720,18756, 0.09 ,0
 9> <info> app: hr,721,18792, 0.09 ,0
 9> <info> app: hr,722,18783, -0.90 ,0
 9> <info> app: hr,723,18760, -0.87 ,0
 9> <info> app: hr,724,18778, -0.81 ,0
 9> <info> app: hr,725,18772, -0.78 ,0
 9> <info> app: hr,726,18789, -0.75 ,0
 9> <info> app: hr,727,18794, -0.71 ,0
 9> <info> app: hr,728,18762, -0.65 ,0
 9> <info> app: hr,729,18789, -0.62 ,0
 9> <info> app: hr,730,18797, -0.59 ,0
 9> <info> app: hr,731,18775, -0.56 ,0
 9> <info> app: hr,732,18785, -0.53 ,0
 9> <info> app: hr,733,18769, -0.53 ,0
 9> <info> app: hr,734,18795, -0.50 ,0
 9> <info> app: hr,735,18766, -0.46 ,0
 9> <info> app: hr,736,18753, -1.43 ,-1
 9> <info> app: hr,737,18770, -1.37 ,0
 9> <info> app: hr,738,18752, -1.31 ,0
 9> <info> app: hr,739,18767, -0.25 ,0
 9> <info> app: hr,740,18793, -0.21 ,0
 9> <info> app: hr,741,18773, -0.21 ,0
 9> <info> app: hr,742,18755, -0.21 ,0
 9> <info> app: hr,743,18783, -0.18 ,0
 9> <info> app: hr,744,18776, -0.18 ,0
 9> <info> app: hr,745,18775, -0.18 ,0
 9> <info> app: hr,746,18787, 0.84 ,1
 9> <info> app: hr,747,18773, 0.78 ,1
 9> <info> app: hr,748,18754, 0.75 ,1
 9> <info> app: hr,749,18776, 0.71 ,1
 9> <info> app: hr,750,18781, 0.68 ,1
 9> <info> app: hr,751,18763, 0.65 ,1
 9> <info> app: hr,752,18751, 0.62 ,0
 9> <info> app: hr,753,18750, 1.59 ,1
 9> <info> app: hr,754,18781, 1.50 ,0
 9> <info> app: hr,755,18771, 1.43 ,0
 9> <info> app: hr,756,18787, 1.34 ,0
 9> <info> app: hr,757,18773, 2.28 ,1
 9> <info> app: hr,758,18765, 2.18 ,1
 9> <info> app: hr,759,18790, 2.06 ,0
 9> <info> app: hr,760,18758, 1.96 ,0
 9> <info> app: hr,761,18766, 1.87 ,0
 9> <info> app: hr,762,18764, 2.78 ,1
 9> <info> app: hr,763,18788, 2.62 ,0
 9> <info> app: hr,764,18759, 2.50 ,0
 9> <info> app: hr,765,18775, 2.37 ,0
 9> <info> app: hr,766,18779, 2.25 ,0
 9> <info> app: hr,767,18785, 2.15 ,0
 9> <info> app: hr,768,18770, 3.03 ,0
 9> <info> app: hr,769,18786, 2.87 ,0
 9> <info> app: hr,770,18757, 2.75 ,0
 9> <info> app: hr,771,18765, 2.59 ,0
 9> <info> app: hr,772,18780, 2.46 ,0
 9> <info> app: hr,773,18763, 2.34 ,0
 9> <info> app: hr,774,18785, 2.21 ,0
 9> <info> app: hr,775,18764, 2.12 ,0
 9> <info> app: hr,776,18769, 2.00 ,0
 9> <info> app: hr,777,18761, 1.90 ,0
 9> <info> app: hr,778,18771, 1.81 ,0
 9> <info> app: hr,779,18773, 1.71 ,0
 9> <info> app: hr,780,18756, 1.65 ,0
 9> <info> app: hr,781,18795, 2.56 ,0
 9> <info> app: hr,782,18761, 2.43 ,0
 9> <info> app: hr,783,18782, 2.31 ,0
 9> <info> app: hr,784,18780, 2.18 ,0
 9> <info> app: hr,785,18779, 2.09 ,0
 9> <info> app: hr,786,18785, 1.96 ,0
 9> <info> app: hr,787,18772, 1.87 ,0
 9> <info> app: hr,788,18776, 1.78 ,0
 9> <info> app: hr,789,18776, 1.68 ,0
 9> <info> app: hr,790,18766, 0.62 ,-1
 9> <info> app: hr,791,18785, 0.59 ,-1
 9> <info> app: hr,792,18779, 0.56 ,-1
 9> <info> app: hr,793,18753, 0.53 ,0
 9> <info> app: hr,794,18747, 0.50 ,0
 9> <info> app: hr,795,18781, 0.46 ,0
 9> <info> app: hr,796,18801, 0.43 ,0
 9> <info> app: hr,797,18785, 0.43 ,0
 9> <info> app: hr,798,18786, 0.40 ,0
 9> <info> app: hr,799,18758, 0.37 ,0
 9> <info> app: hr,800,18776, 0.37 ,0
 9> <info> app: hr,801,18775, 0.34 ,0
 9> <info> app: hr,802,18791, 0.34 ,0
 9> <info> app: hr,803,18773, -0.68 ,0
 9> <info> app: hr,804,18757, -0.65 ,0
 9> <info> app: hr,805,18768, -0.62 ,0
 9> <info> app: hr,806,18762, -0.59 ,0
 9> <info> app: hr,807,18767, -0.56 ,0
 9> <info> app: hr,808,18772, -0.53 ,0
 9> <info> app: hr,809,18775, -0.50 ,0
 9> <info> app: hr,810,18781, -0.46 ,0
 9> <info> app: hr,811,18792, -0.46 ,0
 9> <info> app: hr,812,18800, -0.43 ,0
 9> <info> app: hr,813,18786, -0.40 ,0
 9> <info> app: hr,814,18755, -0.37 ,0
 9> <info> app: hr,815,18784, -0.37 ,0
 9> <info> app: hr,816,18786, -1.34 ,0
 9> <info> app: hr,817,18779, -1.28 ,0
 9> <info> app: hr,818,18778, -1.21 ,0
 9> <info> app: hr,819,18760, -1.15 ,0
 9> <info> app: hr,820,18762, -1.09 ,0
 9> <info> app: hr,821,18786, -1.03 ,0
 9> <info> app: hr,822,18781, -1.00 ,0
 9> <info> app: hr,823,18792, -0.93 ,0
 9> <info> app: hr,824,18762, -1.90 ,-1
 9> <info> app: hr,825,18801, -1.81 ,-1
 9> <info> app: hr,826,18783, -1.71 ,0
 9> <info> app: hr,827,18783, -1.62 ,0
 9> <info> app: hr,828,18789, -1.53 ,0
 9> <info> app: hr,829,18760, -2.46 ,0
 9> <info> app: hr,830,18770, -2.34 ,0
 9> <info> app: hr,831,18774, -2.21 ,0
 9> <info> app: hr,832,18780, -2.12 ,0
 9> <info> app: hr,833,18767, -2.00 ,0
 9> <info> app: hr,834,18778, -1.90 ,0
 9> <info> app: hr,835,18765, -1.81 ,0
 9> <info> app: hr,836,18788, -1.71 ,0
 9> <info> app: hr,837,18803, -1.62 ,0
 9> <info> app: hr,838,18792, -1.56 ,0
 9> <info> app: hr,839,18769, -2.46 ,0
 9> <info> app: hr,840,18773, -2.34 ,0
 9> <info> app: hr,841,18767, -2.25 ,0
 9> <info> app: hr,842,18760, -2.12 ,0
 9> <info> app: hr,843,18786, -2.03 ,0
 9> <info> app: hr,844,18781, -1.90 ,0
 9> <info> app: hr,845,18784, -1.81 ,0
 9> <info> app: hr,846,18785, -1.71 ,0
 9> <info> app: hr,847,18779, -1.65 ,0
 9> <info> app: hr,848,18791, -1.56 ,0
 9> <info> app: hr,849,18790, -1.50 ,0
 9> <info> app: hr,850,18818, -2.40 ,0
 9> <info> app: hr,851,18773, -2.28 ,0
 9> <info> app: hr,852,18770, -2.18 ,0
 9> <info> app: hr,853,18775, -2.06 ,0
 9> <info> app: hr,854,18780, -1.96 ,0
 9> <info> app: hr,855,18766, -2.87 ,0
 9> <info> app: hr,856,18783, -2.71 ,0
 9> <info> app: hr,857,18778, -2.59 ,0
 9> <info> app: hr,858,18792, -2.46 ,0
 9> <info> app: hr,859,18785, -2.34 ,0
 9> <info> app: hr,860,18773, -2.21 ,0
 9> <info> app: hr,861,18785, -2.09 ,0
 9> <info> app: hr,862,18777, -2.00 ,0
 9> <info> app: hr,863,18814, -1.90 ,0
 9> <info> app: hr,864,18753, -2.81 ,0
 9> <info> app: hr,865,18804, -2.65 ,0
 9> <info> app: hr,866,18774, -2.53 ,0
 9> <info> app: hr,867,18791, -2.40 ,0
 9> <info> app: hr,868,18783, -2.28 ,0
 9> <info> app: hr,869,18774, -2.15 ,0
 9> <info> app: hr,870,18779, -2.06 ,0
 9> <info> app: hr,871,18770, -2.96 ,0
 9> <info> app: hr,872,18796, -2.81 ,0
 9> <info> app: hr,873,18784, -2.65 ,0
 9> <info> app: hr,874,18781, -2.53 ,0
 9> <info> app: hr,875,18770, -2.40 ,0
 9> <info> app: hr,876,18768, -2.28 ,0
 9> <info> app: hr,877,18774, -2.18 ,0
 9> <info> app: hr,878,18800, -2.06 ,0
 9> <info> app: hr,879,18807, -1.96 ,0
 9> <info> app: hr,880,18776, -1.87 ,0
 9> <info> app: hr,881,18771, -1.78 ,0
 9> <info> app: hr,882,18776, -1.68 ,0
 9> <info> app: hr,883,18772, -1.59 ,0
 9> <info> app: hr,884,18778, -1.53 ,0
 9> <info> app: hr,885,18773, -1.43 ,0
 9> <info> app: hr,886,18775, -1.37 ,0
 9> <info> app: hr,887,18770, -1.31 ,0
 9> <info> app: hr,888,18781, -1.25 ,0
 9> <info> app: hr,889,18767, -1.18 ,0
 9> <info> app: hr,890,18758, -1.12 ,0
 9> <info> app: hr,891,18782, -0.06 ,0
 9> <info> app: hr,892,18788, -0.06 ,0
 9> <info> app: hr,893,18780, -0.06 ,0
 9> <info> app: hr,894,18774, -0.06 ,0
 9> <info> app: hr,895,18784, -0.03 ,0
 9> <info> app: hr,896,18779, -0.03 ,0
 9> <info> app: hr,897,18774, -0.03 ,0
 9> <info> app: hr,898,18770, 0.96 ,1
 9> <info> app: hr,899,18786, 0.90 ,0
 9> <info> app: hr,900,18781, 0.87 ,0
 9> <info> app: hr,901,18802, 0.81 ,0
 9> <info> app: hr,902,18779, 0.78 ,0
 9> <info> app: hr,903,18787, 0.75 ,0
 9> <info> app: hr,904,18778, 0.71 ,0
 9> <info> app: hr,905,18777, 0.65 ,0
 9> <info> app: hr,906,18766, 0.62 ,0
 9> <info> app: hr,907,18787, 0.59 ,0
 9> <info> app: hr,908,18773, 0.56 ,0
 9> <info> app: hr,909,18772, 0.56 ,0
 9> <info> app: hr,910,18803, 0.53 ,0
 9> <info> app: hr,911,18769, 0.50 ,0
 9> <info> app: hr,912,18771, 0.46 ,0
 9> <info> app: hr,913,18771, 0.43 ,0
 9> <info> app: hr,914,18750, 0.43 ,0
 9> <info> app: hr,915,18779, 0.40 ,0
 9> <info> app: hr,916,18794, 1.37 ,0
 9> <info> app: hr,917,18774, 1.31 ,0
 9> <info> app: hr,918,18761, 1.25 ,0
 9> <info> app: hr,919,18788, 1.18 ,0
 9> <info> app: hr,920,18790, 1.12 ,0
 9> <info> app: hr,921,18790, 1.06 ,0
 9> <info> app: hr,922,18774, 1.00 ,0
 9> <info> app: hr,923,18771, 0.96 ,0
 9> <info> app: hr,924,18786, 0.90 ,0
 9> <info> app: hr,925,18763, 0.87 ,0
 9> <info> app: hr,926,18791, 0.81 ,0
 9> <info> app: hr,927,18784, 0.78 ,0
 9> <info> app: hr,928,18798, 0.75 ,0
 9> <info> app: hr,929,18798, 0.71 ,0
 9> <info> app: hr,930,18788, 0.68 ,0
 9> <info> app: hr,931,18777, 0.62 ,0
 9> <info> app: hr,932,18765, 0.59 ,0
 9> <info> app: hr,933,18781, 0.59 ,0
 9> <info> app: hr,934,18788, 0.56 ,0
 9> <info> app: hr,935,18780, -0.46 ,-1
 9> <info> app: hr,936,18790, -0.46 ,-1
 9> <info> app: hr,937,18768, -0.43 ,-1
 9> <info> app: hr,938,18782, -0.40 ,-1
 9> <info> app: hr,939,18785, -0.37 ,-1
 9> <info> app: hr,940,18760, -0.37 ,-1
 9> <info> app: hr,941,18793, -0.34 ,0
 9> <info> app: hr,942,18780, -0.34 ,0
 9> <info> app: hr,943,18779, -0.31 ,0
 9> <info> app: hr,944,18769, -0.31 ,0
 9> <info> app: hr,945,18769, -0.28 ,0
 9> <info> app: hr,946,18770, -0.28 ,0
 9> <info> app: hr,947,18761, -0.25 ,0
 9> <info> app: hr,948,18762, -0.25 ,0
 9> <info> app: hr,949,18766, -0.21 ,0
 9> <info> app: hr,950,18774, -0.21 ,0
 9> <info> app: hr,951,18785, 0.78 ,0
 9> <info> app: hr,952,18786, 0.75 ,0
 9> <info> app: hr,953,18757, 0.71 ,0
 9> <info> app: hr,954,18797, 0.68 ,0
 9> <info> app: hr,955,18771, 0.65 ,0
 9> <info> app: hr,956,18790, 0.59 ,0
 9> <info> app: hr,957,18809, 0.59 ,0
 9> <info> app: hr,958,18794, 0.56 ,0
 9> <info> app: hr,959,18786, 0.53 ,0
 9> <info> app: hr,960,18796, 0.50 ,0
 9> <info> app: hr,961,18789, 0.46 ,0
 9> <info> app: hr,962,18781, 0.43 ,0
 9> <info> app: hr,963,18773, 0.43 ,0
 9> <info> app: hr,964,18774, -0.59 ,0
 9> <info> app: hr,965,18776, -0.56 ,0
 9> <info> app: hr,966,18771, -0.53 ,0
 9> <info> app: hr,967,18772, -0.50 ,0
 9> <info> app: hr,968,18781, -0.50 ,0
 9> <info> app: hr,969,18801, -0.46 ,0
 9> <info> app: hr,970,18765, -0.43 ,0
 9> <info> app: hr,971,18774, -0.40 ,0
 9> <info> app: hr,972,18792, -0.40 ,0
 9> <info> app: hr,973,18802, -0.37 ,0
 9> <info> app: hr,974,18786, -0.34 ,0
 9> <info> app: hr,975,18770, -0.34 ,0
 9> <info> app: hr,976,18793, -1.31 ,0
 9> <info> app: hr,977,18784, -1.25 ,0
 9> <info> app: hr,978,18789, -1.18 ,0
 9> <info> app: hr,979,18777, -1.12 ,0
 9> <info> app: hr,980,18796, -1.09 ,0
 9> <info> app: hr,981,18795, -1.03 ,0
 9> <info> app: hr,982,18784, -1.96 ,0
 9> <info> app: hr,983,18778, -1.87 ,0
 9> <info> app: hr,984,18788, -1.78 ,0
 9> <info> app: hr,985,18797, -1.68 ,0
 9> <info> app: hr,986,18793, -1.59 ,0
 9> <info> app: hr,987,18770, -2.53 ,0
 9> <info> app: hr,988,18762, -2.40 ,0
 9> <info> app: hr,989,18781, -2.28 ,0
 9> <info> app: hr,990,18799, -2.15 ,0
 9> <info> app: hr,991,18784, -2.06 ,0
 9> <info> app: hr,992,18792, -1.96 ,0
 9> <info> app: hr,993,18753, -1.84 ,0
 9> <info> app: hr,994,18792, -1.78 ,0
 9> <info> app: hr,995,18760, -2.68 ,0
 9> <info> app: hr,996,18772, -1.53 ,0
 9> <info> app: hr,997,18778, -1.46 ,0
 9> <info> app: hr,998,18792, -1.40 ,0
 9> <info> app: hr,999,18778, -1.31 ,0
 9> <info> app: hr,1000,18806, -1.25 ,0
 9> <info> app: hr,1001,18774, -1.18 ,0
 9> <info> app: hr,1002,18799, -1.12 ,0
 9> <info> app: hr,1003,18787, -1.09 ,0
 9> <info> app: hr,1004,18768, -1.03 ,0
 9> <info> app: hr,1005,18774, -0.96 ,0
 9> <info> app: hr,1006,18786, -0.93 ,0
 9> <info> app: hr,1007,18808, -0.87 ,0
 9> <info> app: hr,1008,18781, -0.84 ,0
 9> <info> app: hr,1009,18780, -1.78 ,0
 9> <info> app: hr,1010,18791, -1.68 ,0
 9> <info> app: hr,1011,18805, -1.62 ,0
 9> <info> app: hr,1012,18783, -1.53 ,0
 9> <info> app: hr,1013,18784, -1.46 ,0
 9> <info> app: hr,1014,18800, -1.37 ,0
 9> <info> app: hr,1015,18780, -1.31 ,0
 9> <info> app: hr,1016,18782, -1.25 ,0
 9> <info> app: hr,1017,18773, -2.18 ,0
 9> <info> app: hr,1018,18787, -2.09 ,0

# Logging stopped @ 23 Nov 2018 13:22:35
