# SEGGER J-Link RTT Viewer V6.16a Terminal Log File
# Compiled: 12:44:10 on Jun  6 2017
# Logging started @ 23 Nov 2018 13:10:54
 9> <info> app: ***********  Application started  ***********
 9> 
 9> <info> app: [OK] NRF Power ON 0x0004. 
 9> <info> app: Read MAC:CC34D2110EF6
 9> <info> app: ***********  Sensor initial ***********
 9> <info> app: [OK]	BMI160
 9> <info> app: [OK]	SETUP ACC
 9> <info> app: [OK]	SETUP STEP COUNT
 9> <info> app: [OK]	FLASH MEMORY
 9> <info> app: [OK]	OLED Initial
 9> <info> app: [OK]	Max30102 Initial, Temperature 34.37
 9> <info> app: ********** End sensor initial *********
 9> 
 9> <info> app: Max30102 Found
 9> 
 9> <info> app: HR Begin
 9> 
 9> <info> app: 1019
 9> <info> app: hr,50,17970, -1.00 ,0
 9> <info> app: hr,51,17969, -1.00 ,0
 9> <info> app: hr,52,17962, -1.00 ,0
 9> <info> app: hr,53,17979, 0.00 ,0
 9> <info> app: hr,54,17977, 0.00 ,0
 9> <info> app: hr,55,17971, 0.00 ,0
 9> <info> app: hr,56,17985, 0.00 ,0
 9> <info> app: hr,57,17992, 0.00 ,0
 9> <info> app: hr,58,17980, 0.00 ,0
 9> <info> app: hr,59,17992, 0.00 ,0
 9> <info> app: hr,60,17998, 0.00 ,0
 9> <info> app: hr,61,17977, -1.00 ,0
 9> <info> app: hr,62,17977, -1.00 ,0
 9> <info> app: hr,63,17969, -1.00 ,0
 9> <info> app: hr,64,17987, -1.00 ,0
 9> <info> app: hr,65,17978, -1.00 ,0
 9> <info> app: hr,66,17976, -1.00 ,0
 9> <info> app: hr,67,17972, -2.00 ,0
 9> <info> app: hr,68,17994, -2.00 ,0
 9> <info> app: hr,69,17972, -1.00 ,0
 9> <info> app: hr,70,17954, -1.00 ,0
 9> <info> app: hr,71,17954, -1.00 ,0
 9> <info> app: hr,72,17971, -1.00 ,0
 9> <info> app: hr,73,17994, -1.00 ,0
 9> <info> app: hr,74,17935, -1.00 ,0
 9> <info> app: hr,75,17971, -1.00 ,0
 9> <info> app: hr,76,17972, -1.00 ,0
 9> <info> app: hr,77,17947, 0.00 ,0
 9> <info> app: hr,78,17988, 0.00 ,0
 9> <info> app: hr,79,17981, 0.00 ,0
 9> <info> app: hr,80,17979, 0.00 ,0
 9> <info> app: hr,81,17945, 0.00 ,0
 9> <info> app: hr,82,17986, 0.00 ,0
 9> <info> app: hr,83,17940, 0.00 ,0
 9> <info> app: hr,84,17958, 0.00 ,0
 9> <info> app: hr,85,17955, 0.00 ,0
 9> <info> app: hr,86,18009, 1.00 ,0
 9> <info> app: hr,87,17990, 1.00 ,0
 9> <info> app: hr,88,17981, 1.00 ,0
 9> <info> app: hr,89,18009, 1.00 ,0
 9> <info> app: hr,90,17950, 1.00 ,0
 9> <info> app: hr,91,17966, 1.00 ,0
 9> <info> app: hr,92,17996, 1.00 ,0
 9> <info> app: hr,93,17978, 2.00 ,0
 9> <info> app: hr,94,17979, 2.00 ,0
 9> <info> app: hr,95,17954, 0.00 ,0
 9> <info> app: hr,96,17970, 1.00 ,0
 9> <info> app: hr,97,17974, 1.00 ,0
 9> <info> app: hr,98,17967, 1.00 ,0
 9> <info> app: hr,99,17956, 1.00 ,0
 9> <info> app: hr,100,17974, 1.00 ,0
 9> <info> app: hr,101,17992, 1.00 ,0
 9> <info> app: hr,102,17959, 1.00 ,0
 9> <info> app: hr,103,17984, 1.00 ,0
 9> <info> app: hr,104,17960, 1.00 ,0
 9> <info> app: hr,105,17968, 1.00 ,0
 9> <info> app: hr,106,17942, 1.00 ,0
 9> <info> app: hr,107,17973, 2.00 ,0
 9> <info> app: hr,108,17988, 1.00 ,0
 9> <info> app: hr,109,17958, 1.00 ,0
 9> <info> app: hr,110,17970, 1.00 ,0
 9> <info> app: hr,111,17949, 1.00 ,0
 9> <info> app: hr,112,17987, 1.00 ,0
 9> <info> app: hr,113,17960, 2.00 ,0
 9> <info> app: hr,114,17951, 2.00 ,0
 9> <info> app: hr,115,17967, 2.00 ,0
 9> <info> app: hr,116,17995, 2.00 ,0
 9> <info> app: hr,117,17950, 2.00 ,0
 9> <info> app: hr,118,17954, 2.00 ,0
 9> <info> app: hr,119,17959, 2.00 ,0
 9> <info> app: hr,120,17952, 2.00 ,0
 9> <info> app: hr,121,17993, 2.00 ,0
 9> <info> app: hr,122,17967, 3.00 ,0
 9> <info> app: hr,123,17986, 3.00 ,0
 9> <info> app: hr,124,17977, 3.00 ,0
 9> <info> app: hr,125,17963, 2.00 ,0
 9> <info> app: hr,126,17989, 2.00 ,0
 9> <info> app: hr,127,17989, 2.00 ,0
 9> <info> app: hr,128,17937, 2.00 ,0
 9> <info> app: hr,129,17971, 2.00 ,0
 9> <info> app: hr,130,17989, 2.00 ,0
 9> <info> app: hr,131,17991, 2.00 ,0
 9> <info> app: hr,132,17980, 2.00 ,0
 9> <info> app: hr,133,17963, 1.00 ,0
 9> <info> app: hr,134,17931, 1.00 ,0
 9> <info> app: hr,135,17947, 1.00 ,0
 9> <info> app: hr,136,17955, 1.00 ,0
 9> <info> app: hr,137,17967, 1.00 ,0
 9> <info> app: hr,138,17962, 1.00 ,0
 9> <info> app: hr,139,17971, 2.00 ,0
 9> <info> app: hr,140,17965, 2.00 ,0
 9> <info> app: hr,141,17956, 2.00 ,0
 9> <info> app: hr,142,17949, 2.00 ,0
 9> <info> app: hr,143,17939, 1.00 ,0
 9> <info> app: hr,144,17937, 2.00 ,0
 9> <info> app: hr,145,17952, 2.00 ,0
 9> <info> app: hr,146,17967, 3.00 ,0
 9> <info> app: hr,147,17949, 3.00 ,0
 9> <info> app: hr,148,17954, 3.00 ,0
 9> <info> app: hr,149,17967, 4.00 ,0
 9> <info> app: hr,150,17966, 3.00 ,0
 9> <info> app: hr,151,17970, 4.00 ,0
 9> <info> app: hr,152,17978, 4.00 ,0
 9> <info> app: hr,153,17985, 4.00 ,0
 9> <info> app: hr,154,17968, 4.00 ,0
 9> <info> app: hr,155,17963, 3.00 ,0
 9> <info> app: hr,156,17957, 4.00 ,0
 9> <info> app: hr,157,17946, 4.00 ,0
 9> <info> app: hr,158,17972, 4.00 ,0
 9> <info> app: hr,159,17956, 3.00 ,0
 9> <info> app: hr,160,17992, 3.00 ,0
 9> <info> app: hr,161,17958, 3.00 ,0
 9> <info> app: hr,162,17973, 3.00 ,0
 9> <info> app: hr,163,17970, 3.00 ,0
 9> <info> app: hr,164,17971, 3.00 ,0
 9> <info> app: hr,165,17957, 2.00 ,0
 9> <info> app: hr,166,17983, 2.00 ,0
 9> <info> app: hr,167,17959, 2.00 ,0
 9> <info> app: hr,168,17938, 2.00 ,0
 9> <info> app: hr,169,17977, 2.00 ,0
 9> <info> app: hr,170,17960, 2.00 ,0
 9> <info> app: hr,171,17958, 2.00 ,0
 9> <info> app: hr,172,17965, 2.00 ,0
 9> <info> app: hr,173,17938, 1.00 ,0
 9> <info> app: hr,174,17966, 1.00 ,0
 9> <info> app: hr,175,17976, 1.00 ,0
 9> <info> app: hr,176,17945, 1.00 ,0
 9> <info> app: hr,177,17984, 1.00 ,0
 9> <info> app: hr,178,17954, 1.00 ,0
 9> <info> app: hr,179,17958, 1.00 ,0
 9> <info> app: hr,180,17957, 1.00 ,0
 9> <info> app: hr,181,17922, 2.00 ,0
 9> <info> app: hr,182,17978, 2.00 ,0
 9> <info> app: hr,183,17977, 2.00 ,0
 9> <info> app: hr,184,17964, 1.00 ,0
 9> <info> app: hr,185,17978, 1.00 ,0
 9> <info> app: hr,186,17986, 1.00 ,0
 9> <info> app: hr,187,17982, 1.00 ,0
 9> <info> app: hr,188,17950, 1.00 ,0
 9> <info> app: hr,189,17978, 1.00 ,0
 9> <info> app: hr,190,17982, 1.00 ,0
 9> <info> app: hr,191,18005, 0.00 ,0
 9> <info> app: hr,192,17988, 0.00 ,0
 9> <info> app: hr,193,17983, 0.00 ,0
 9> <info> app: hr,194,17973, 0.00 ,0
 9> <info> app: hr,195,17987, 0.00 ,0
 9> <info> app: hr,196,17970, -1.00 ,0
 9> <info> app: hr,197,17976, -1.00 ,0
 9> <info> app: hr,198,17969, -2.00 ,0
 9> <info> app: hr,199,17965, -2.00 ,0
 9> <info> app: hr,200,17967, -2.00 ,0
 9> <info> app: hr,201,17941, -3.00 ,0
 9> <info> app: hr,202,17959, -2.00 ,0
 9> <info> app: hr,203,17959, -2.00 ,0
 9> <info> app: hr,204,17986, -2.00 ,0
 9> <info> app: hr,205,17978, -3.00 ,0
 9> <info> app: hr,206,17959, -3.00 ,0
 9> <info> app: hr,207,17967, -3.00 ,0
 9> <info> app: hr,208,17978, -3.00 ,0
 9> <info> app: hr,209,17950, -2.00 ,0
 9> <info> app: hr,210,17962, -2.00 ,0
 9> <info> app: hr,211,17963, -2.00 ,0
 9> <info> app: hr,212,17985, -2.00 ,0
 9> <info> app: hr,213,17954, -2.00 ,0
 9> <info> app: hr,214,17977, -2.00 ,0
 9> <info> app: hr,215,17978, -2.00 ,0
 9> <info> app: hr,216,17982, -3.00 ,0
 9> <info> app: hr,217,17959, -2.00 ,0
 9> <info> app: hr,218,17963, -2.00 ,0
 9> <info> app: hr,219,17947, -2.00 ,0
 9> <info> app: hr,220,17965, -2.00 ,0
 9> <info> app: hr,221,17977, -2.00 ,0
 9> <info> app: hr,222,17983, -2.00 ,0
 9> <info> app: hr,223,17975, -2.00 ,0
 9> <info> app: hr,224,17972, -1.00 ,0
 9> <info> app: hr,225,17953, -1.00 ,0
 9> <info> app: hr,226,17947, -1.00 ,0
 9> <info> app: hr,227,17966, -1.00 ,0
 9> <info> app: hr,228,17988, -1.00 ,0
 9> <info> app: hr,229,17954, -1.00 ,0
 9> <info> app: hr,230,17969, 0.00 ,0
 9> <info> app: hr,231,17977, 0.00 ,0
 9> <info> app: hr,232,17960, 0.00 ,0
 9> <info> app: hr,233,17999, 0.00 ,0
 9> <info> app: hr,234,17940, 0.00 ,0
 9> <info> app: hr,235,17958, 0.00 ,0
 9> <info> app: hr,236,17972, 0.00 ,0
 9> <info> app: hr,237,17976, 0.00 ,0
 9> <info> app: hr,238,17973, 0.00 ,0
 9> <info> app: hr,239,17990, 0.00 ,0
 9> <info> app: hr,240,17940, 0.00 ,0
 9> <info> app: hr,241,17999, 0.00 ,0
 9> <info> app: hr,242,17998, 0.00 ,0
 9> <info> app: hr,243,17960, 0.00 ,0
 9> <info> app: hr,244,17956, 0.00 ,0
 9> <info> app: hr,245,17966, -1.00 ,0
 9> <info> app: hr,246,17966, -1.00 ,0
 9> <info> app: hr,247,17956, -1.00 ,0
 9> <info> app: hr,248,17955, -1.00 ,0
 9> <info> app: hr,249,17982, 0.00 ,0
 9> <info> app: hr,250,17980, 0.00 ,0
 9> <info> app: hr,251,17966, 0.00 ,0
 9> <info> app: hr,252,17960, 0.00 ,0
 9> <info> app: hr,253,17956, 0.00 ,0
 9> <info> app: hr,254,17956, 0.00 ,0
 9> <info> app: hr,255,17964, 0.00 ,0
 9> <info> app: hr,256,17966, 0.00 ,0
 9> <info> app: hr,257,17925, 0.00 ,0
 9> <info> app: hr,258,17976, 0.00 ,0
 9> <info> app: hr,259,17963, 0.00 ,0
 9> <info> app: hr,260,17963, 1.00 ,0
 9> <info> app: hr,261,17968, 1.00 ,0
 9> <info> app: hr,262,17955, 1.00 ,0
 9> <info> app: hr,263,17982, 1.00 ,0
 9> <info> app: hr,264,17968, 0.00 ,0
 9> <info> app: hr,265,17974, 1.00 ,0
 9> <info> app: hr,266,17974, 1.00 ,0
 9> <info> app: hr,267,17989, 1.00 ,0
 9> <info> app: hr,268,17945, 1.00 ,0
 9> <info> app: hr,269,17951, 1.00 ,0
 9> <info> app: hr,270,17966, 1.00 ,0
 9> <info> app: hr,271,17963, 1.00 ,0
 9> <info> app: hr,272,17981, 1.00 ,0
 9> <info> app: hr,273,17957, 1.00 ,0
 9> <info> app: hr,274,17965, 1.00 ,0
 9> <info> app: hr,275,17968, 1.00 ,0
 9> <info> app: hr,276,17956, 1.00 ,0
 9> <info> app: hr,277,17942, 1.00 ,0
 9> <info> app: hr,278,17957, 1.00 ,0
 9> <info> app: hr,279,17975, 1.00 ,0
 9> <info> app: hr,280,17961, 1.00 ,0
 9> <info> app: hr,281,17982, 1.00 ,0
 9> <info> app: hr,282,17968, 1.00 ,0
 9> <info> app: hr,283,17965, 1.00 ,0
 9> <info> app: hr,284,17965, 1.00 ,0
 9> <info> app: hr,285,17987, 1.00 ,0
 9> <info> app: hr,286,17978, 1.00 ,0
 9> <info> app: hr,287,17986, 1.00 ,0
 9> <info> app: hr,288,17960, 1.00 ,0
 9> <info> app: hr,289,17983, 1.00 ,0
 9> <info> app: hr,290,17946, 1.00 ,0
 9> <info> app: hr,291,17957, 1.00 ,0
 9> <info> app: hr,292,17944, 0.00 ,-1
 9> <info> app: hr,293,17961, 0.00 ,-1
 9> <info> app: hr,294,17951, 0.00 ,0
 9> <info> app: hr,295,17991, 0.00 ,0
 9> <info> app: hr,296,17960, 0.00 ,0
 9> <info> app: hr,297,17978, 0.00 ,0
 9> <info> app: hr,298,17965, 0.00 ,0
 9> <info> app: hr,299,17990, 0.00 ,0
 9> <info> app: hr,300,17962, 0.00 ,0
 9> <info> app: hr,301,17929, 0.00 ,0
 9> <info> app: hr,302,17984, 0.00 ,0
 9> <info> app: hr,303,17959, 0.00 ,0
 9> <info> app: hr,304,17965, 0.00 ,0
 9> <info> app: hr,305,17953, 0.00 ,0
 9> <info> app: hr,306,17947, 0.00 ,0
 9> <info> app: hr,307,17982, 0.00 ,0
 9> <info> app: hr,308,17952, 0.00 ,0
 9> <info> app: hr,309,17992, 0.00 ,0
 9> <info> app: hr,310,17974, 0.00 ,0
 9> <info> app: hr,311,17969, 0.00 ,0
 9> <info> app: hr,312,17977, 0.00 ,0
 9> <info> app: hr,313,17957, 0.00 ,0
 9> <info> app: hr,314,17961, 0.00 ,0
 9> <info> app: hr,315,17985, 0.00 ,0
 9> <info> app: hr,316,17995, 0.00 ,0
 9> <info> app: hr,317,17967, 0.00 ,0
 9> <info> app: hr,318,17957, 0.00 ,0
 9> <info> app: hr,319,17980, 0.00 ,0
 9> <info> app: hr,320,17952, 0.00 ,0
 9> <info> app: hr,321,17967, 0.00 ,0
 9> <info> app: hr,322,17966, 0.00 ,0
 9> <info> app: hr,323,17949, 0.00 ,0
 9> <info> app: hr,324,17983, 0.00 ,0
 9> <info> app: hr,325,17953, 0.00 ,0
 9> <info> app: hr,326,17950, 0.00 ,0
 9> <info> app: hr,327,17971, 0.00 ,0
 9> <info> app: hr,328,17957, 0.00 ,0
 9> <info> app: hr,329,18006, 0.00 ,0
 9> <info> app: hr,330,17982, 0.00 ,0
 9> <info> app: hr,331,17970, 0.00 ,0
 9> <info> app: hr,332,17982, -1.00 ,-1
 9> <info> app: hr,333,17956, -1.00 ,-1
 9> <info> app: hr,334,17975, -1.00 ,0
 9> <info> app: hr,335,17959, -1.00 ,0
 9> <info> app: hr,336,17969, -1.00 ,0
 9> <info> app: hr,337,17969, -1.00 ,0
 9> <info> app: hr,338,17949, 0.00 ,0
 9> <info> app: hr,339,17947, 0.00 ,0
 9> <info> app: hr,340,17986, 0.00 ,0
 9> <info> app: hr,341,17964, 0.00 ,0
 9> <info> app: hr,342,17953, 0.00 ,0
 9> <info> app: hr,343,17968, 0.00 ,0
 9> <info> app: hr,344,17919, 0.00 ,0
 9> <info> app: hr,345,17983, 0.00 ,0
 9> <info> app: hr,346,17960, 0.00 ,0
 9> <info> app: hr,347,17984, 0.00 ,0
 9> <info> app: hr,348,18000, 0.00 ,0
 9> <info> app: hr,349,17964, 0.00 ,0
 9> <info> app: hr,350,17958, 0.00 ,0
 9> <info> app: hr,351,17968, 0.00 ,0
 9> <info> app: hr,352,17968, 0.00 ,0
 9> <info> app: hr,353,17946, 0.00 ,0
 9> <info> app: hr,354,17966, 0.00 ,0
 9> <info> app: hr,355,17977, 0.00 ,0
 9> <info> app: hr,356,17982, 0.00 ,0
 9> <info> app: hr,357,17953, 0.00 ,0
 9> <info> app: hr,358,17991, 0.00 ,0
 9> <info> app: hr,359,17993, 0.00 ,0
 9> <info> app: hr,360,17943, 0.00 ,0
 9> <info> app: hr,361,17953, 0.00 ,0
 9> <info> app: hr,362,17963, 0.00 ,0
 9> <info> app: hr,363,17968, 0.00 ,0
 9> <info> app: hr,364,17958, 0.00 ,0
 9> <info> app: hr,365,17990, 0.00 ,0
 9> <info> app: hr,366,17981, 0.00 ,0
 9> <info> app: hr,367,17955, 0.00 ,0
 9> <info> app: hr,368,17980, 0.00 ,0
 9> <info> app: hr,369,17941, 0.00 ,0
 9> <info> app: hr,370,17973, 0.00 ,0
 9> <info> app: hr,371,17963, 0.00 ,0
 9> <info> app: hr,372,17963, 0.00 ,0
 9> <info> app: hr,373,17973, 0.00 ,0
 9> <info> app: hr,374,17986, 0.00 ,0
 9> <info> app: hr,375,17974, 0.00 ,0
 9> <info> app: hr,376,17973, 0.00 ,0
 9> <info> app: hr,377,17970, 0.00 ,0
 9> <info> app: hr,378,17942, 0.00 ,0
 9> <info> app: hr,379,17960, 0.00 ,0
 9> <info> app: hr,380,17951, 0.00 ,0
 9> <info> app: hr,381,17961, 0.00 ,0
 9> <info> app: hr,382,17977, 0.00 ,0
 9> <info> app: hr,383,17973, 0.00 ,0
 9> <info> app: hr,384,17948, 0.00 ,0
 9> <info> app: hr,385,17963, 0.00 ,0
 9> <info> app: hr,386,17979, 0.00 ,0
 9> <info> app: hr,387,17971, 0.00 ,0
 9> <info> app: hr,388,17969, 0.00 ,0
 9> <info> app: hr,389,17971, 0.00 ,0
 9> <info> app: hr,390,17964, 0.00 ,0
 9> <info> app: hr,391,17971, 0.00 ,0
 9> <info> app: hr,392,17951, 0.00 ,0
 9> <info> app: hr,393,17939, 0.00 ,0
 9> <info> app: hr,394,17956, 0.00 ,0
 9> <info> app: hr,395,17962, 0.00 ,0
 9> <info> app: hr,396,17975, 0.00 ,0
 9> <info> app: hr,397,17940, 0.00 ,0
 9> <info> app: hr,398,17950, 1.00 ,1
 9> <info> app: hr,399,17997, 1.00 ,1
 9> <info> app: hr,400,17975, 1.00 ,0
 9> <info> app: hr,401,17969, 1.00 ,0
 9> <info> app: hr,402,17978, 1.00 ,0
 9> <info> app: hr,403,17941, 1.00 ,0
 9> <info> app: hr,404,17978, 1.00 ,0
 9> <info> app: hr,405,17973, 1.00 ,0
 9> <info> app: hr,406,17977, 0.00 ,0
 9> <info> app: hr,407,17985, 0.00 ,0
 9> <info> app: hr,408,17942, 0.00 ,0
 9> <info> app: hr,409,17985, 0.00 ,0
 9> <info> app: hr,410,17991, 0.00 ,0
 9> <info> app: hr,411,17965, 0.00 ,0
 9> <info> app: hr,412,17998, 0.00 ,0
 9> <info> app: hr,413,17953, 0.00 ,0
 9> <info> app: hr,414,17953, 0.00 ,0
 9> <info> app: hr,415,17981, 0.00 ,0
 9> <info> app: hr,416,17959, 0.00 ,0
 9> <info> app: hr,417,17958, 0.00 ,0
 9> <info> app: hr,418,17996, 0.00 ,0
 9> <info> app: hr,419,17958, 0.00 ,0
 9> <info> app: hr,420,17976, -1.00 ,0
 9> <info> app: hr,421,17983, -1.00 ,0
 9> <info> app: hr,422,17972, -1.00 ,0
 9> <info> app: hr,423,17971, -1.00 ,0
 9> <info> app: hr,424,17971, 0.00 ,0
 9> <info> app: hr,425,17954, -1.00 ,0
 9> <info> app: hr,426,17956, -1.00 ,0
 9> <info> app: hr,427,17979, -1.00 ,0
 9> <info> app: hr,428,17968, -1.00 ,0
 9> <info> app: hr,429,17984, -1.00 ,0
 9> <info> app: hr,430,17958, -1.00 ,0
 9> <info> app: hr,431,17970, -1.00 ,0
 9> <info> app: hr,432,17953, -1.00 ,0
 9> <info> app: hr,433,17971, -1.00 ,0
 9> <info> app: hr,434,17991, -1.00 ,0
 9> <info> app: hr,435,17969, -1.00 ,0
 9> <info> app: hr,436,17969, -2.00 ,0
 9> <info> app: hr,437,17965, -1.00 ,0
 9> <info> app: hr,438,17967, -1.00 ,0
 9> <info> app: hr,439,17968, -1.00 ,0
 9> <info> app: hr,440,17984, -1.00 ,0
 9> <info> app: hr,441,17992, -1.00 ,0
 9> <info> app: hr,442,17986, -1.00 ,0
 9> <info> app: hr,443,17965, -1.00 ,0
 9> <info> app: hr,444,17980, -1.00 ,0
 9> <info> app: hr,445,17951, -2.00 ,0
 9> <info> app: hr,446,17931, -2.00 ,0
 9> <info> app: hr,447,17967, -2.00 ,0
 9> <info> app: hr,448,17985, -1.00 ,0
 9> <info> app: hr,449,17963, -1.00 ,0
 9> <info> app: hr,450,17966, -1.00 ,0
 9> <info> app: hr,451,17969, -1.00 ,0
 9> <info> app: hr,452,17979, -1.00 ,0
 9> <info> app: hr,453,17994, -1.00 ,0
 9> <info> app: hr,454,17949, -1.00 ,0
 9> <info> app: hr,455,17950, -1.00 ,0
 9> <info> app: hr,456,17978, -1.00 ,0
 9> <info> app: hr,457,17974, -1.00 ,0
 9> <info> app: hr,458,17983, -1.00 ,0
 9> <info> app: hr,459,17967, -1.00 ,0
 9> <info> app: hr,460,17979, -1.00 ,0
 9> <info> app: hr,461,17982, -1.00 ,0
 9> <info> app: hr,462,17985, 0.00 ,0
 9> <info> app: hr,463,17984, 0.00 ,0
 9> <info> app: hr,464,17972, 0.00 ,0
 9> <info> app: hr,465,17998, 0.00 ,0
 9> <info> app: hr,466,17977, -1.00 ,0
 9> <info> app: hr,467,17994, -1.00 ,0
 9> <info> app: hr,468,17963, -1.00 ,0
 9> <info> app: hr,469,17982, -1.00 ,0
 9> <info> app: hr,470,17940, -2.00 ,0
 9> <info> app: hr,471,17962, -2.00 ,0
 9> <info> app: hr,472,17963, -2.00 ,0
 9> <info> app: hr,473,17995, -2.00 ,0
 9> <info> app: hr,474,17947, -2.00 ,0
 9> <info> app: hr,475,17962, -1.00 ,0
 9> <info> app: hr,476,17978, -1.00 ,0
 9> <info> app: hr,477,17941, -1.00 ,0
 9> <info> app: hr,478,17980, -1.00 ,0
 9> <info> app: hr,479,17975, -1.00 ,0
 9> <info> app: hr,480,17972, -1.00 ,0
 9> <info> app: hr,481,17952, -1.00 ,0
 9> <info> app: hr,482,17980, -1.00 ,0
 9> <info> app: hr,483,17968, 0.00 ,0
 9> <info> app: hr,484,17990, 0.00 ,0
 9> <info> app: hr,485,17957, 0.00 ,0
 9> <info> app: hr,486,17969, 0.00 ,0
 9> <info> app: hr,487,17976, 0.00 ,0
 9> <info> app: hr,488,17948, 0.00 ,0
 9> <info> app: hr,489,18001, 0.00 ,0
 9> <info> app: hr,490,17967, 0.00 ,0
 9> <info> app: hr,491,17985, 0.00 ,0
 9> <info> app: hr,492,17993, 0.00 ,0
 9> <info> app: hr,493,17969, 0.00 ,0
 9> <info> app: hr,494,17959, 0.00 ,0
 9> <info> app: hr,495,17976, 0.00 ,0
 9> <info> app: hr,496,17976, 0.00 ,0
 9> <info> app: hr,497,17962, 0.00 ,0
 9> <info> app: hr,498,17974, 0.00 ,0
 9> <info> app: hr,499,17968, 0.00 ,0
 9> <info> app: hr,500,17980, 0.00 ,0
 9> <info> app: hr,501,17981, 0.00 ,0
 9> <info> app: hr,502,17971, 0.00 ,0
 9> <info> app: hr,503,17968, 0.00 ,0
 9> <info> app: hr,504,17981, -1.00 ,-1
 9> <info> app: hr,505,17963, -1.00 ,-1
 9> <info> app: hr,506,17969, 0.00 ,0
 9> <info> app: hr,507,17941, 0.00 ,0
 9> <info> app: hr,508,17971, 0.00 ,0
 9> <info> app: hr,509,18001, 0.00 ,0
 9> <info> app: hr,510,17965, 0.00 ,0
 9> <info> app: hr,511,17966, 0.00 ,0
 9> <info> app: hr,512,17975, 0.00 ,0
 9> <info> app: hr,513,17961, 0.00 ,0
 9> <info> app: hr,514,17973, 0.00 ,0
 9> <info> app: hr,515,17956, 0.00 ,0
 9> <info> app: hr,516,17988, 0.00 ,0
 9> <info> app: hr,517,17961, 0.00 ,0
 9> <info> app: hr,518,17980, 0.00 ,0
 9> <info> app: hr,519,17956, 0.00 ,0
 9> <info> app: hr,520,17938, 0.00 ,0
 9> <info> app: hr,521,17962, 0.00 ,0
 9> <info> app: hr,522,17980, 0.00 ,0
 9> <info> app: hr,523,17974, 1.00 ,0
 9> <info> app: hr,524,17942, 1.00 ,0
 9> <info> app: hr,525,17974, 0.00 ,0
 9> <info> app: hr,526,17955, 0.00 ,0
 9> <info> app: hr,527,17986, 0.00 ,0
 9> <info> app: hr,528,17955, 1.00 ,0
 9> <info> app: hr,529,17982, 1.00 ,0
 9> <info> app: hr,530,17974, 1.00 ,0
 9> <info> app: hr,531,17989, 1.00 ,0
 9> <info> app: hr,532,17982, 1.00 ,0
 9> <info> app: hr,533,17979, 1.00 ,0
 9> <info> app: hr,534,17959, 1.00 ,0
 9> <info> app: hr,535,17980, 1.00 ,0
 9> <info> app: hr,536,17996, 1.00 ,0
 9> <info> app: hr,537,17954, 1.00 ,0
 9> <info> app: hr,538,17963, 1.00 ,0
 9> <info> app: hr,539,17951, 1.00 ,0
 9> <info> app: hr,540,17976, 0.00 ,0
 9> <info> app: hr,541,17979, 0.00 ,0
 9> <info> app: hr,542,17982, 0.00 ,0
 9> <info> app: hr,543,17976, 0.00 ,0
 9> <info> app: hr,544,17989, 0.00 ,0
 9> <info> app: hr,545,17961, 0.00 ,0
 9> <info> app: hr,546,17966, 0.00 ,0
 9> <info> app: hr,547,17991, 0.00 ,0
 9> <info> app: hr,548,17963, 0.00 ,0
 9> <info> app: hr,549,17981, 0.00 ,0
 9> <info> app: hr,550,17970, 0.00 ,0
 9> <info> app: hr,551,17975, 0.00 ,0
 9> <info> app: hr,552,17981, 0.00 ,0
 9> <info> app: hr,553,17961, -1.00 ,0
 9> <info> app: hr,554,17963, -1.00 ,0
 9> <info> app: hr,555,17964, -1.00 ,0
 9> <info> app: hr,556,17945, 0.00 ,0
 9> <info> app: hr,557,17966, 0.00 ,0
 9> <info> app: hr,558,17975, 0.00 ,0
 9> <info> app: hr,559,17974, 0.00 ,0
 9> <info> app: hr,560,17974, 0.00 ,0
 9> <info> app: hr,561,17986, 0.00 ,0
 9> <info> app: hr,562,17980, 0.00 ,0
 9> <info> app: hr,563,17965, 0.00 ,0
 9> <info> app: hr,564,17957, 0.00 ,0
 9> <info> app: hr,565,17967, 0.00 ,0
 9> <info> app: hr,566,17967, 0.00 ,0
 9> <info> app: hr,567,17974, 0.00 ,0
 9> <info> app: hr,568,17980, 0.00 ,0
 9> <info> app: hr,569,17949, 0.00 ,0
 9> <info> app: hr,570,17970, 0.00 ,0
 9> <info> app: hr,571,17995, 0.00 ,0
 9> <info> app: hr,572,17971, 0.00 ,0
 9> <info> app: hr,573,17985, 0.00 ,0
 9> <info> app: hr,574,17987, 0.00 ,0
 9> <info> app: hr,575,17996, 0.00 ,0
 9> <info> app: hr,576,18009, 0.00 ,0
 9> <info> app: hr,577,17983, 0.00 ,0
 9> <info> app: hr,578,17974, 0.00 ,0
 9> <info> app: hr,579,17965, -1.00 ,-1
 9> <info> app: hr,580,17980, -1.00 ,-1
 9> <info> app: hr,581,17974, -1.00 ,0
 9> <info> app: hr,582,17952, -2.00 ,-1
 9> <info> app: hr,583,17982, -2.00 ,-1
 9> <info> app: hr,584,17958, -2.00 ,0
 9> <info> app: hr,585,17955, -1.00 ,0
 9> <info> app: hr,586,17968, -1.00 ,0
 9> <info> app: hr,587,17977, -1.00 ,0
 9> <info> app: hr,588,17972, -1.00 ,0
 9> <info> app: hr,589,17980, -1.00 ,0
 9> <info> app: hr,590,17992, -1.00 ,0
 9> <info> app: hr,591,17975, -1.00 ,0
 9> <info> app: hr,592,17985, -1.00 ,0
 9> <info> app: hr,593,17987, -1.00 ,0
 9> <info> app: hr,594,17978, -2.00 ,0
 9> <info> app: hr,595,18000, -2.00 ,0
 9> <info> app: hr,596,18002, -2.00 ,0
 9> <info> app: hr,597,17978, -1.00 ,0
 9> <info> app: hr,598,17989, -2.00 ,0
 9> <info> app: hr,599,17967, -2.00 ,0
 9> <info> app: hr,600,18000, -2.00 ,0
 9> <info> app: hr,601,17967, -3.00 ,0
 9> <info> app: hr,602,17962, -3.00 ,0
 9> <info> app: hr,603,17964, -3.00 ,0
 9> <info> app: hr,604,17978, -2.00 ,0
 9> <info> app: hr,605,17982, -2.00 ,0
 9> <info> app: hr,606,17964, -3.00 ,0
 9> <info> app: hr,607,17974, -3.00 ,0
 9> <info> app: hr,608,18006, -3.00 ,0
 9> <info> app: hr,609,17947, -3.00 ,0
 9> <info> app: hr,610,17993, -2.00 ,0
 9> <info> app: hr,611,17982, -2.00 ,0
 9> <info> app: hr,612,17959, -2.00 ,0
 9> <info> app: hr,613,17984, -2.00 ,0
 9> <info> app: hr,614,17963, -2.00 ,0
 9> <info> app: hr,615,17992, -2.00 ,0
 9> <info> app: hr,616,17988, -2.00 ,0
 9> <info> app: hr,617,17939, -2.00 ,0
 9> <info> app: hr,618,17995, -1.00 ,0
 9> <info> app: hr,619,17992, -1.00 ,0
 9> <info> app: hr,620,17978, -1.00 ,0
 9> <info> app: hr,621,18013, -1.00 ,0
 9> <info> app: hr,622,17986, -1.00 ,0
 9> <info> app: hr,623,17960, -2.00 ,0
 9> <info> app: hr,624,18000, -2.00 ,0
 9> <info> app: hr,625,18006, -2.00 ,0
 9> <info> app: hr,626,17979, -2.00 ,0
 9> <info> app: hr,627,17974, -2.00 ,0
 9> <info> app: hr,628,17986, -2.00 ,0
 9> <info> app: hr,629,17993, -2.00 ,0
 9> <info> app: hr,630,17969, -2.00 ,0
 9> <info> app: hr,631,17968, -2.00 ,0
 9> <info> app: hr,632,17980, -2.00 ,0
 9> <info> app: hr,633,17973, -3.00 ,0
 9> <info> app: hr,634,17969, -3.00 ,0
 9> <info> app: hr,635,18002, -2.00 ,0
 9> <info> app: hr,636,17973, -2.00 ,0
 9> <info> app: hr,637,17972, -2.00 ,0
 9> <info> app: hr,638,17975, -2.00 ,0
 9> <info> app: hr,639,17981, -2.00 ,0
 9> <info> app: hr,640,17976, -2.00 ,0
 9> <info> app: hr,641,17972, -2.00 ,0
 9> <info> app: hr,642,17980, -2.00 ,0
 9> <info> app: hr,643,17980, -1.00 ,0
 9> <info> app: hr,644,17987, -1.00 ,0
 9> <info> app: hr,645,17961, -1.00 ,0
 9> <info> app: hr,646,17959, -1.00 ,0
 9> <info> app: hr,647,17992, -1.00 ,0
 9> <info> app: hr,648,17972, 0.00 ,0
 9> <info> app: hr,649,17963, 0.00 ,0
 9> <info> app: hr,650,17958, 0.00 ,0
 9> <info> app: hr,651,17979, 0.00 ,0
 9> <info> app: hr,652,17966, 0.00 ,0
 9> <info> app: hr,653,17993, 0.00 ,0
 9> <info> app: hr,654,17974, 0.00 ,0
 9> <info> app: hr,655,17992, 0.00 ,0
 9> <info> app: hr,656,17970, 0.00 ,0
 9> <info> app: hr,657,17958, 0.00 ,0
 9> <info> app: hr,658,17977, 0.00 ,0
 9> <info> app: hr,659,17974, 1.00 ,0
 9> <info> app: hr,660,17972, 1.00 ,0
 9> <info> app: hr,661,17986, 1.00 ,0
 9> <info> app: hr,662,17954, 1.00 ,0
 9> <info> app: hr,663,17977, 1.00 ,0
 9> <info> app: hr,664,17985, 1.00 ,0
 9> <info> app: hr,665,17975, 2.00 ,0
 9> <info> app: hr,666,17976, 1.00 ,0
 9> <info> app: hr,667,17979, 1.00 ,0
 9> <info> app: hr,668,17946, 1.00 ,0
 9> <info> app: hr,669,17999, 1.00 ,0
 9> <info> app: hr,670,17960, 1.00 ,0
 9> <info> app: hr,671,17981, 2.00 ,0
 9> <info> app: hr,672,17981, 2.00 ,0
 9> <info> app: hr,673,17994, 2.00 ,0
 9> <info> app: hr,674,17960, 2.00 ,0
 9> <info> app: hr,675,17979, 2.00 ,0
 9> <info> app: hr,676,17987, 1.00 ,0
 9> <info> app: hr,677,17994, 1.00 ,0
 9> <info> app: hr,678,18008, 1.00 ,0
 9> <info> app: hr,679,17993, 1.00 ,0
 9> <info> app: hr,680,17969, 1.00 ,0
 9> <info> app: hr,681,17978, 0.00 ,0
 9> <info> app: hr,682,17970, 0.00 ,0
 9> <info> app: hr,683,17977, 0.00 ,0
 9> <info> app: hr,684,17967, 0.00 ,0
 9> <info> app: hr,685,18006, 0.00 ,0
 9> <info> app: hr,686,17986, 0.00 ,0
 9> <info> app: hr,687,17968, 0.00 ,0
 9> <info> app: hr,688,17983, 0.00 ,0
 9> <info> app: hr,689,17959, 0.00 ,0
 9> <info> app: hr,690,17986, 0.00 ,0
 9> <info> app: hr,691,17984, 0.00 ,0
 9> <info> app: hr,692,17973, 0.00 ,0
 9> <info> app: hr,693,17980, 0.00 ,0
 9> <info> app: hr,694,17974, 0.00 ,0
 9> <info> app: hr,695,17984, 0.00 ,0
 9> <info> app: hr,696,17973, 0.00 ,0
 9> <info> app: hr,697,17982, -1.00 ,0
 9> <info> app: hr,698,17964, -1.00 ,0
 9> <info> app: hr,699,17959, -1.00 ,0
 9> <info> app: hr,700,17967, -1.00 ,0
 9> <info> app: hr,701,17986, 0.00 ,0
 9> <info> app: hr,702,17971, 0.00 ,0
 9> <info> app: hr,703,18015, 0.00 ,0
 9> <info> app: hr,704,17978, 0.00 ,0
 9> <info> app: hr,705,17978, 0.00 ,0
 9> <info> app: hr,706,17981, 0.00 ,0
 9> <info> app: hr,707,18005, -1.00 ,0
 9> <info> app: hr,708,17973, -1.00 ,0
 9> <info> app: hr,709,17955, 0.00 ,0
 9> <info> app: hr,710,17980, 0.00 ,0
 9> <info> app: hr,711,17955, 0.00 ,0
 9> <info> app: hr,712,17994, 0.00 ,0
 9> <info> app: hr,713,17991, 0.00 ,0
 9> <info> app: hr,714,17975, 0.00 ,0
 9> <info> app: hr,715,18000, 0.00 ,0
 9> <info> app: hr,716,17946, 0.00 ,0
 9> <info> app: hr,717,17985, 0.00 ,0
 9> <info> app: hr,718,17978, 0.00 ,0
 9> <info> app: hr,719,17956, 0.00 ,0
 9> <info> app: hr,720,17989, 0.00 ,0
 9> <info> app: hr,721,17972, 0.00 ,0
 9> <info> app: hr,722,17976, 0.00 ,0
 9> <info> app: hr,723,18009, 0.00 ,0
 9> <info> app: hr,724,17979, 0.00 ,0
 9> <info> app: hr,725,17995, 0.00 ,0
 9> <info> app: hr,726,17971, 0.00 ,0
 9> <info> app: hr,727,17959, 0.00 ,0
 9> <info> app: hr,728,17974, 0.00 ,0
 9> <info> app: hr,729,18005, 0.00 ,0
 9> <info> app: hr,730,17987, 0.00 ,0
 9> <info> app: hr,731,18019, 0.00 ,0
 9> <info> app: hr,732,17982, -1.00 ,-1
 9> <info> app: hr,733,17996, -1.00 ,-1
 9> <info> app: hr,734,17985, -1.00 ,0
 9> <info> app: hr,735,17986, -1.00 ,0
 9> <info> app: hr,736,18000, -2.00 ,-1
 9> <info> app: hr,737,17980, -1.00 ,0
 9> <info> app: hr,738,18000, -1.00 ,0
 9> <info> app: hr,739,17972, -2.00 ,0
 9> <info> app: hr,740,17982, -2.00 ,0
 9> <info> app: hr,741,17982, -2.00 ,0
 9> <info> app: hr,742,17982, -2.00 ,0
 9> <info> app: hr,743,17965, -3.00 ,0
 9> <info> app: hr,744,17975, -3.00 ,0
 9> <info> app: hr,745,17993, -2.00 ,0
 9> <info> app: hr,746,17956, -2.00 ,0
 9> <info> app: hr,747,17961, -2.00 ,0
 9> <info> app: hr,748,17990, -2.00 ,0
 9> <info> app: hr,749,17976, -2.00 ,0
 9> <info> app: hr,750,17979, -2.00 ,0
 9> <info> app: hr,751,17959, -2.00 ,0
 9> <info> app: hr,752,17975, -2.00 ,0
 9> <info> app: hr,753,17988, 0.00 ,0
 9> <info> app: hr,754,17987, 0.00 ,0
 9> <info> app: hr,755,17978, 0.00 ,0
 9> <info> app: hr,756,17992, 0.00 ,0
 9> <info> app: hr,757,17985, 0.00 ,0
 9> <info> app: hr,758,17970, 0.00 ,0
 9> <info> app: hr,759,17991, 0.00 ,0
 9> <info> app: hr,760,17952, 0.00 ,0
 9> <info> app: hr,761,17967, 0.00 ,0
 9> <info> app: hr,762,17991, 0.00 ,0
 9> <info> app: hr,763,17972, 0.00 ,0
 9> <info> app: hr,764,17985, 0.00 ,0
 9> <info> app: hr,765,17972, 0.00 ,0
 9> <info> app: hr,766,18007, 0.00 ,0
 9> <info> app: hr,767,17977, 0.00 ,0
 9> <info> app: hr,768,17978, 0.00 ,0
 9> <info> app: hr,769,17978, 0.00 ,0
 9> <info> app: hr,770,17965, 0.00 ,0
 9> <info> app: hr,771,17995, 0.00 ,0
 9> <info> app: hr,772,17975, 0.00 ,0
 9> <info> app: hr,773,17987, 0.00 ,0
 9> <info> app: hr,774,17963, 0.00 ,0
 9> <info> app: hr,775,17961, 0.00 ,0
 9> <info> app: hr,776,17999, 1.00 ,1
 9> <info> app: hr,777,17982, 1.00 ,1
 9> <info> app: hr,778,17942, 1.00 ,0
 9> <info> app: hr,779,17975, 1.00 ,0
 9> <info> app: hr,780,17937, 1.00 ,0
 9> <info> app: hr,781,17966, 0.00 ,0
 9> <info> app: hr,782,18007, 1.00 ,0
 9> <info> app: hr,783,17969, 1.00 ,0
 9> <info> app: hr,784,17971, 1.00 ,0
 9> <info> app: hr,785,17975, 2.00 ,0
 9> <info> app: hr,786,17961, 2.00 ,0
 9> <info> app: hr,787,18001, 2.00 ,0
 9> <info> app: hr,788,17998, 2.00 ,0
 9> <info> app: hr,789,17983, 2.00 ,0
 9> <info> app: hr,790,17967, 2.00 ,0
 9> <info> app: hr,791,17967, 1.00 ,0
 9> <info> app: hr,792,18003, 1.00 ,0
 9> <info> app: hr,793,17996, 1.00 ,0
 9> <info> app: hr,794,17982, 1.00 ,0
 9> <info> app: hr,795,17989, 1.00 ,0
 9> <info> app: hr,796,17957, 1.00 ,0
 9> <info> app: hr,797,17986, 1.00 ,0
 9> <info> app: hr,798,17967, 1.00 ,0
 9> <info> app: hr,799,17978, 1.00 ,0
 9> <info> app: hr,800,17960, 1.00 ,0
 9> <info> app: hr,801,17959, 1.00 ,0
 9> <info> app: hr,802,17982, 1.00 ,0
 9> <info> app: hr,803,17991, 1.00 ,0
 9> <info> app: hr,804,17990, 0.00 ,0
 9> <info> app: hr,805,17975, 0.00 ,0
 9> <info> app: hr,806,17975, 0.00 ,0
 9> <info> app: hr,807,17970, 0.00 ,0
 9> <info> app: hr,808,17973, 0.00 ,0
 9> <info> app: hr,809,18014, 0.00 ,0
 9> <info> app: hr,810,17970, 0.00 ,0
 9> <info> app: hr,811,17965, 0.00 ,0
 9> <info> app: hr,812,17998, 0.00 ,0
 9> <info> app: hr,813,17972, 0.00 ,0
 9> <info> app: hr,814,17985, 0.00 ,0
 9> <info> app: hr,815,17998, 0.00 ,0
 9> <info> app: hr,816,17985, 0.00 ,0
 9> <info> app: hr,817,17986, 0.00 ,0
 9> <info> app: hr,818,17967, 0.00 ,0
 9> <info> app: hr,819,17974, 0.00 ,0
 9> <info> app: hr,820,17979, 0.00 ,0
 9> <info> app: hr,821,17953, 0.00 ,0
 9> <info> app: hr,822,18008, 0.00 ,0
 9> <info> app: hr,823,17981, 0.00 ,0
 9> <info> app: hr,824,17999, 0.00 ,0
 9> <info> app: hr,825,17977, 0.00 ,0
 9> <info> app: hr,826,17966, 0.00 ,0
 9> <info> app: hr,827,17994, -1.00 ,-1
 9> <info> app: hr,828,17980, -1.00 ,-1
 9> <info> app: hr,829,17962, -1.00 ,0
 9> <info> app: hr,830,17976, -1.00 ,0
 9> <info> app: hr,831,17958, -1.00 ,0
 9> <info> app: hr,832,17978, -1.00 ,0
 9> <info> app: hr,833,18005, 0.00 ,0
 9> <info> app: hr,834,17965, 0.00 ,0
 9> <info> app: hr,835,17990, 0.00 ,0
 9> <info> app: hr,836,17970, 0.00 ,0
 9> <info> app: hr,837,17953, 0.00 ,0
 9> <info> app: hr,838,17982, 0.00 ,0
 9> <info> app: hr,839,17974, 0.00 ,0
 9> <info> app: hr,840,18001, 0.00 ,0
 9> <info> app: hr,841,17977, 0.00 ,0
 9> <info> app: hr,842,17976, 0.00 ,0
 9> <info> app: hr,843,17971, 0.00 ,0
 9> <info> app: hr,844,17987, 0.00 ,0
 9> <info> app: hr,845,18012, 0.00 ,0
 9> <info> app: hr,846,17982, 0.00 ,0
 9> <info> app: hr,847,18013, 0.00 ,0
 9> <info> app: hr,848,17978, 0.00 ,0
 9> <info> app: hr,849,17994, 0.00 ,0
 9> <info> app: hr,850,17994, 0.00 ,0
 9> <info> app: hr,851,17994, -1.00 ,0
 9> <info> app: hr,852,17979, -1.00 ,0
 9> <info> app: hr,853,17966, -1.00 ,0
 9> <info> app: hr,854,17991, -1.00 ,0
 9> <info> app: hr,855,17978, -2.00 ,0
 9> <info> app: hr,856,17964, -2.00 ,0
 9> <info> app: hr,857,17972, -1.00 ,0
 9> <info> app: hr,858,17971, -1.00 ,0
 9> <info> app: hr,859,17985, -1.00 ,0
 9> <info> app: hr,860,17981, -1.00 ,0
 9> <info> app: hr,861,17999, -1.00 ,0
 9> <info> app: hr,862,17964, -1.00 ,0
 9> <info> app: hr,863,17975, -1.00 ,0
 9> <info> app: hr,864,17989, -1.00 ,0
 9> <info> app: hr,865,17956, -1.00 ,0
 9> <info> app: hr,866,17994, -1.00 ,0
 9> <info> app: hr,867,17988, -1.00 ,0
 9> <info> app: hr,868,17995, -1.00 ,0
 9> <info> app: hr,869,17992, -1.00 ,0
 9> <info> app: hr,870,18031, 0.00 ,0
 9> <info> app: hr,871,17978, 0.00 ,0
 9> <info> app: hr,872,18003, -1.00 ,0
 9> <info> app: hr,873,17980, -1.00 ,0
 9> <info> app: hr,874,17970, -1.00 ,0
 9> <info> app: hr,875,17979, -1.00 ,0
 9> <info> app: hr,876,17995, -2.00 ,0
 9> <info> app: hr,877,18006, -2.00 ,0
 9> <info> app: hr,878,18011, -2.00 ,0
 9> <info> app: hr,879,17994, -2.00 ,0
 9> <info> app: hr,880,17976, -3.00 ,0
 9> <info> app: hr,881,17986, -2.00 ,0
 9> <info> app: hr,882,17956, -2.00 ,0
 9> <info> app: hr,883,18001, -2.00 ,0
 9> <info> app: hr,884,18013, -3.00 ,0
 9> <info> app: hr,885,17977, -3.00 ,0
 9> <info> app: hr,886,17997, -3.00 ,0
 9> <info> app: hr,887,17968, -3.00 ,0
 9> <info> app: hr,888,17969, -2.00 ,0
 9> <info> app: hr,889,17991, -3.00 ,0
 9> <info> app: hr,890,17958, -3.00 ,0
 9> <info> app: hr,891,17988, -3.00 ,0
 9> <info> app: hr,892,17995, -3.00 ,0
 9> <info> app: hr,893,17959, -3.00 ,0
 9> <info> app: hr,894,17991, -2.00 ,0
 9> <info> app: hr,895,17984, -1.00 ,0
 9> <info> app: hr,896,17960, -1.00 ,0
 9> <info> app: hr,897,17983, -1.00 ,0
 9> <info> app: hr,898,17996, -1.00 ,0
 9> <info> app: hr,899,18011, -1.00 ,0
 9> <info> app: hr,900,17974, -1.00 ,0
 9> <info> app: hr,901,18008, -1.00 ,0
 9> <info> app: hr,902,17984, -1.00 ,0
 9> <info> app: hr,903,17958, -1.00 ,0
 9> <info> app: hr,904,17975, -1.00 ,0
 9> <info> app: hr,905,17984, -1.00 ,0
 9> <info> app: hr,906,17956, 0.00 ,0
 9> <info> app: hr,907,17974, 0.00 ,0
 9> <info> app: hr,908,17974, 0.00 ,0
 9> <info> app: hr,909,17982, 0.00 ,0
 9> <info> app: hr,910,17989, 0.00 ,0
 9> <info> app: hr,911,17972, 0.00 ,0
 9> <info> app: hr,912,17988, 1.00 ,0
 9> <info> app: hr,913,17982, 1.00 ,0
 9> <info> app: hr,914,17983, 0.00 ,0
 9> <info> app: hr,915,17976, 0.00 ,0
 9> <info> app: hr,916,17994, 0.00 ,0
 9> <info> app: hr,917,17974, 0.00 ,0
 9> <info> app: hr,918,17971, 1.00 ,0
 9> <info> app: hr,919,17978, 1.00 ,0
 9> <info> app: hr,920,17978, 1.00 ,0
 9> <info> app: hr,921,17974, 1.00 ,0
 9> <info> app: hr,922,17978, 1.00 ,0
 9> <info> app: hr,923,17963, 2.00 ,0
 9> <info> app: hr,924,17991, 2.00 ,0
 9> <info> app: hr,925,17987, 2.00 ,0
 9> <info> app: hr,926,17984, 2.00 ,0
 9> <info> app: hr,927,17991, 1.00 ,0
 9> <info> app: hr,928,17972, 1.00 ,0
 9> <info> app: hr,929,18004, 1.00 ,0
 9> <info> app: hr,930,17987, 1.00 ,0
 9> <info> app: hr,931,17974, 1.00 ,0
 9> <info> app: hr,932,17970, 2.00 ,0
 9> <info> app: hr,933,17964, 2.00 ,0
 9> <info> app: hr,934,17980, 2.00 ,0
 9> <info> app: hr,935,17995, 2.00 ,0
 9> <info> app: hr,936,17970, 2.00 ,0
 9> <info> app: hr,937,17972, 1.00 ,0
 9> <info> app: hr,938,17987, 1.00 ,0
 9> <info> app: hr,939,17942, 1.00 ,0
 9> <info> app: hr,940,17991, 1.00 ,0
 9> <info> app: hr,941,17974, 1.00 ,0
 9> <info> app: hr,942,17983, 2.00 ,0
 9> <info> app: hr,943,18000, 2.00 ,0
 9> <info> app: hr,944,17969, 2.00 ,0
 9> <info> app: hr,945,17993, 2.00 ,0
 9> <info> app: hr,946,17981, 2.00 ,0
 9> <info> app: hr,947,17972, 1.00 ,0
 9> <info> app: hr,948,17975, 1.00 ,0
 9> <info> app: hr,949,17962, 1.00 ,0
 9> <info> app: hr,950,17956, 1.00 ,0
 9> <info> app: hr,951,17994, 1.00 ,0
 9> <info> app: hr,952,17970, 2.00 ,0
 9> <info> app: hr,953,18035, 2.00 ,0
 9> <info> app: hr,954,17966, 2.00 ,0
 9> <info> app: hr,955,17992, 2.00 ,0
 9> <info> app: hr,956,17985, 2.00 ,0
 9> <info> app: hr,957,18002, 0.00 ,0
 9> <info> app: hr,958,18000, 0.00 ,0
 9> <info> app: hr,959,17983, 0.00 ,0
 9> <info> app: hr,960,17951, 0.00 ,0
 9> <info> app: hr,961,17971, 0.00 ,0
 9> <info> app: hr,962,17974, 0.00 ,0
 9> <info> app: hr,963,17977, 0.00 ,0
 9> <info> app: hr,964,18011, 0.00 ,0
 9> <info> app: hr,965,17959, 0.00 ,0
 9> <info> app: hr,966,17986, 0.00 ,0
 9> <info> app: hr,967,18000, 0.00 ,0
 9> <info> app: hr,968,17992, 0.00 ,0
 9> <info> app: hr,969,17978, 0.00 ,0
 9> <info> app: hr,970,17954, 0.00 ,0
 9> <info> app: hr,971,17967, 0.00 ,0
 9> <info> app: hr,972,18001, 0.00 ,0
 9> <info> app: hr,973,17983, 0.00 ,0
 9> <info> app: hr,974,17957, 0.00 ,0
 9> <info> app: hr,975,17983, 0.00 ,0
 9> <info> app: hr,976,17977, 0.00 ,0
 9> <info> app: hr,977,17960, 0.00 ,0
 9> <info> app: hr,978,17977, 0.00 ,0
 9> <info> app: hr,979,17978, 0.00 ,0
 9> <info> app: hr,980,17989, 0.00 ,0
 9> <info> app: hr,981,17972, 0.00 ,0
 9> <info> app: hr,982,17968, 0.00 ,0
 9> <info> app: hr,983,17979, 0.00 ,0
 9> <info> app: hr,984,17975, 0.00 ,0
 9> <info> app: hr,985,17973, 0.00 ,0
 9> <info> app: hr,986,17986, 0.00 ,0
 9> <info> app: hr,987,17964, 0.00 ,0
 9> <info> app: hr,988,17992, 0.00 ,0
 9> <info> app: hr,989,17976, 0.00 ,0
 9> <info> app: hr,990,17972, 0.00 ,0
 9> <info> app: hr,991,18023, 1.00 ,1
 9> <info> app: hr,992,17973, 1.00 ,1
 9> <info> app: hr,993,17984, 0.00 ,0
 9> <info> app: hr,994,17997, 0.00 ,0
 9> <info> app: hr,995,17996, 0.00 ,0
 9> <info> app: hr,996,18005, 0.00 ,0
 9> <info> app: hr,997,17984, 0.00 ,0
 9> <info> app: hr,998,17959, 0.00 ,0
 9> <info> app: hr,999,17967, 0.00 ,0
 9> <info> app: hr,1000,17927, 0.00 ,0
 9> <info> app: hr,1001,17968, 0.00 ,0
 9> <info> app: hr,1002,18003, 0.00 ,0
 9> <info> app: hr,1003,17969, 0.00 ,0
 9> <info> app: hr,1004,18009, 0.00 ,0
 9> <info> app: hr,1005,17992, 0.00 ,0
 9> <info> app: hr,1006,17965, 0.00 ,0
 9> <info> app: hr,1007,17951, 0.00 ,0
 9> <info> app: hr,1008,17972, 0.00 ,0
 9> <info> app: hr,1009,17989, 0.00 ,0
 9> <info> app: hr,1010,17979, 0.00 ,0
 9> <info> app: hr,1011,17979, 0.00 ,0
 9> <info> app: hr,1012,17981, 0.00 ,0
 9> <info> app: hr,1013,17984, 0.00 ,0
 9> <info> app: hr,1014,17979, 0.00 ,0
 9> <info> app: hr,1015,17991, 0.00 ,0
 9> <info> app: hr,1016,17985, 0.00 ,0
 9> <info> app: hr,1017,17957, 0.00 ,0
 9> <info> app: hr,1018,17981, 0.00 ,0

# Logging stopped @ 23 Nov 2018 13:11:32
