Time	Raw Data				
0	29383.00		29974576		0
0.004032258	29392.00		10950.9149618847-23785.0783589662i	0.12109375	26184.96689
0.008064516	29382.00		2311.25714234677-4539.0319790778i	0.2421875	5093.596066
0.012096774	29393.00		2928.78416025019+19.0466658388077i	0.36328125	2928.846092
0.016129032	29389.00		3288.36533415076-4564.73083568758i	0.484375	5625.843419
0.02016129	29382.00		-3578.73406959642+1811.28910865284i	0.60546875	4010.998102
0.024193548	29401.00		645.283552997663-2852.20383894954i	0.7265625	2924.287538
0.028225806	29399.00		-2599.79729959192+498.454445685182i	0.84765625	2647.149945
0.032258065	29406.00		1644.30829757565-3367.14701948172i	0.96875	3747.189457
0.036290323	29405.00		-1268.48197355716+3419.48858604739i	1.08984375	3647.183668
0.040322581	29400.00		9064.72200917056-4418.13068977619i	1.2109375	10084.09956
0.044354839	29402.00		2295.69778611808-2065.17841550977i	1.33203125	3087.910331
0.048387097	29395.00		8779.85131830923+7184.10261883762i	1.453125	11344.47529
0.052419355	29392.00		-7757.40781233418-7065.07022204613i	1.57421875	10492.50176
0.056451613	29381.00		17676.7823465319-27735.7402910429i	1.6953125	32889.81489
0.060483871	29376.00		-2331.72935713317+8323.3069892588i	1.81640625	8643.749246
0.064516129	29379.00		2625.06479224479+9650.93318194823i	1.9375	10001.5737
0.068548387	29369.00		7368.50512962624+1265.96873868037i	2.05859375	7476.466056
0.072580645	29371.00		-5369.68396167359+306.367690611897i	2.1796875	5378.416775
0.076612903	29368.00		-5974.56030077394-1689.21455351339i	2.30078125	6208.76933
0.080645161	29362.00		566.229613620302-942.305350895406i	2.421875	1099.343145
0.084677419	29346.00		2346.38772326702-571.095642238144i	2.54296875	2414.888316
0.088709677	29326.00		-3264.80102640623+1736.77017521163i	2.6640625	3698.012491
0.092741935	29306.00		2243.56482507281-2286.86195220514i	2.78515625	3203.641789
0.096774194	29289.00		-1785.8744668565-480.555693320899i	2.90625	1849.400277
0.100806452	29289.00		-2548.15039959523-516.27332301486i	3.02734375	2599.92473
0.10483871	29287.00		-506.878033738972-1892.61700219229i	3.1484375	1959.317345
0.108870968	29295.00		550.670112797201-891.712012169022i	3.26953125	1048.040021
0.112903226	29295.00		-1842.49796840903+156.859849544725i	3.390625	1849.162993
0.116935484	29312.00		224.792042472468-2658.46455614754i	3.51171875	2667.95151
0.120967742	29330.00		1193.4069299832-3013.13650540504i	3.6328125	3240.865887
0.125	29335.00		461.907333333705-1217.83634244641i	3.75390625	1302.491359
0.129032258	29330.00		-2135.9773952584-2731.60284925674i	3.875	3467.571709
0.133064516	29316.00		2873.41397076652-1329.37545787103i	3.99609375	3166.030157
0.137096774	29311.00		83.5967714207734-556.998316245793i	4.1171875	563.2366683
0.141129032	29294.00		-132.15007975546-1683.61919352559i	4.23828125	1688.79757
0.14516129	29274.00		926.146638297031-900.821902268471i	4.359375	1291.98595
0.149193548	29288.00		-1424.18894635677+81.8389450997072i	4.48046875	1426.538386
0.153225806	29291.00		-8.02677254960311-1302.58640450102i	4.6015625	1302.611135
0.157258065	29300.00		-218.861961152464+1877.02129751098i	4.72265625	1889.737947
0.161290323	29309.00		2991.07116894865-3905.40352993453i	4.84375	4919.215737
0.165322581	29301.00		-51.4669882952202+1022.51656246792i	4.96484375	1023.811004
0.169354839	29288.00		-648.746599367562+1988.42927753078i	5.0859375	2091.583884
0.173387097	29277.00		-1323.28471282069+932.325111054935i	5.20703125	1618.737948
0.177419355	29271.00		-182.987848767331-327.204013087495i	5.328125	374.8960109
0.181451613	29267.00		1429.93811820045-950.010621418874i	5.44921875	1716.753681
0.185483871	29244.00		-1489.29554474177+1183.18732501114i	5.5703125	1902.086608
0.189516129	29246.00		-1494.54661465892-685.716467256002i	5.69140625	1644.346879
0.193548387	29258.00		-2021.53922599571-2586.17412293912i	5.8125	3282.516936
0.197580645	29272.00		346.768315379232+1263.82672642484i	5.93359375	1310.53663
0.201612903	29275.00		-400.938778018178-1115.72018487591i	6.0546875	1185.573041
0.205645161	29275.00		-974.330310561461+2275.29904498982i	6.17578125	2475.13743
0.209677419	29282.00		-941.888704835657-498.734435440913i	6.296875	1065.781577
0.213709677	29296.00		947.201901169138-322.894858406151i	6.41796875	1000.726002
0.217741935	29284.00		2204.54943607862+697.67605467927i	6.5390625	2312.312715
0.221774194	29278.00		1209.60856306193-1176.53412019512i	6.66015625	1687.41975
0.225806452	29274.00		-319.998309907441+610.297702163259i	6.78125	689.1024623
0.22983871	29280.00		515.531310081121+356.871790551849i	6.90234375	627.0008027
0.233870968	29291.00		694.932330804383-823.73685473272i	7.0234375	1077.71673
0.237903226	29293.00		-62.9767201940766+576.270470352818i	7.14453125	579.7014079
0.241935484	29298.00		-230.868682199-77.9443058901876i	7.265625	243.6712196
0.245967742	29293.00		701.005610500331+910.537702864769i	7.38671875	1149.124786
0.25	29299.00		-661.187977424973-115.886398055121i	7.5078125	671.2668611
0.254032258	29295.00		-602.887102465925+41.8122087425413i	7.62890625	604.3352705
0.258064516	29283.00		-340.273653321556-652.146345749632i	7.75	735.5820929
0.262096774	29288.00		-606.401498034655-496.330023579293i	7.87109375	783.6238059
0.266129032	29285.00		-383.849479057838-867.261843573172i	7.9921875	948.4110543
0.27016129	29296.00		-1518.19647258906+236.083949794367i	8.11328125	1536.442697
0.274193548	29321.00		30.4271587984561+222.344406182946i	8.234375	224.4166815
0.278225806	29345.00		-42.9366231984664-1122.07722841245i	8.35546875	1122.898419
0.282258065	29366.00		463.477542062332+162.280251475063i	8.4765625	491.0665047
0.286290323	29385.00		-483.22774243951-556.82536028477i	8.59765625	737.2676128
0.290322581	29384.00		427.639778103323-875.242240928959i	8.71875	974.1276919
0.294354839	29381.00		1160.34395495793+573.846435160386i	8.83984375	1294.487476
0.298387097	29369.00		-378.44285682684-1868.31956351407i	8.9609375	1906.26257
0.302419355	29355.00		-181.669636972613-941.149160780225i	9.08203125	958.5226131
0.306451613	29353.00		181.795163714601-1544.3567962515i	9.203125	1555.020063
0.310483871	29347.00		-1491.22072218999-273.690289907622i	9.32421875	1516.128496
0.314516129	29350.00		-92.5968537381609-1880.81390933681i	9.4453125	1883.091909
0.318548387	29356.00		-516.724181731547+126.686409514039i	9.56640625	532.0275616
0.322580645	29354.00		-33.5751843885147-628.882908386979i	9.6875	629.7785368
0.326612903	29358.00		2008.0474429372+380.612742039372i	9.80859375	2043.800527
0.330645161	29356.00		700.228572668121-599.570551715668i	9.9296875	921.8486321
0.334677419	29363.00		-818.123040027966+1013.39593520695i	10.05078125	1302.419529
0.338709677	29368.00		-1175.29015436375-1664.02948081853i	10.171875	2037.22877
0.342741935	29374.00		-172.751753671002-598.372570531924i	10.29296875	622.8104861
0.346774194	29376.00		1139.43568848535+755.882265693331i	10.4140625	1367.359385
0.350806452	29368.00		946.235935587677-583.809349905226i	10.53515625	1111.843426
0.35483871	29380.00		401.776122587502+691.844908806044i	10.65625	800.0458928
0.358870968	29373.00		-783.047653905679-421.493704251202i	10.77734375	889.2809292
0.362903226	29376.00		623.327935193729+1435.59548848885i	10.8984375	1565.078951
0.366935484	29367.00		206.623801177795-496.652956871048i	11.01953125	537.9196546
0.370967742	29376.00		-941.724197361636-861.585776825771i	11.140625	1276.391208
0.375	29393.00		-515.443248916388+1428.84702373116i	11.26171875	1518.975168
0.379032258	29401.00		218.819977124056+195.322268633505i	11.3828125	293.3137757
0.383064516	29403.00		-351.996505260608+925.809527569523i	11.50390625	990.4669712
0.387096774	29400.00		389.649598686609+288.582952571201i	11.625	484.8782634
0.391129032	29388.00		-811.933155278849+1023.1629876721i	11.74609375	1306.176844
0.39516129	29387.00		1302.14957426476-524.659299419153i	11.8671875	1403.873532
0.399193548	29385.00		1249.26867694616-814.51043261522i	11.98828125	1491.341501
0.403225806	29379.00		-14.0264495859259-462.434538516541i	12.109375	462.647213
0.407258065	29375.00		443.782287802463-670.957636958624i	12.23046875	804.4419616
0.411290323	29375.00		-53.1587133556243-391.39486482281i	12.3515625	394.9883404
0.415322581	29362.00		1596.59312745847+387.318227224656i	12.47265625	1642.901404
0.419354839	29354.00		1257.63799699052-1253.97862480624i	12.59375	1775.98303
0.423387097	29345.00		-70.8399860569837-560.813326357139i	12.71484375	565.2697503
0.427419355	29334.00		-55.6162701427924-518.167286608524i	12.8359375	521.1434605
0.431451613	29332.00		867.694746338625+2.60297332717397i	12.95703125	867.6986506
0.435483871	29327.00		-377.88190962749+918.302600524687i	13.078125	993.0127913
0.439516129	29330.00		489.736738900801-447.32309595571i	13.19921875	663.2797491
0.443548387	29335.00		-1012.72737528058-320.061726416727i	13.3203125	1062.099922
0.447580645	29344.00		-404.394465360716+677.907573244266i	13.44140625	789.3627566
0.451612903	29353.00		355.159439798325-633.827700955781i	13.5625	726.5506054
0.455645161	29351.00		-798.490449926532+90.1346185014132i	13.68359375	803.5616019
0.459677419	29356.00		-153.602194672193-457.462664781368i	13.8046875	482.561627
0.463709677	29343.00		-92.8837895019963+51.644818347453i	13.92578125	106.2759879
0.467741935	29337.00		299.998488321672-196.350846783715i	14.046875	358.5425331
0.471774194	29317.00		291.825581818723-120.215296166357i	14.16796875	315.6166783
0.475806452	29301.00		644.416621860453+456.740677507441i	14.2890625	789.8638041
0.47983871	29284.00		-385.789178350479-234.044974991699i	14.41015625	451.2320251
0.483870968	29271.00		-24.9764033666339-98.521598283963i	14.53125	101.6382116
0.487903226	29261.00		-487.79789403615-80.2561851710806i	14.65234375	494.3559858
0.491935484	29265.00		-189.646739040149-703.309867647861i	14.7734375	728.4302682
0.495967742	29267.00		17.0846533597655-380.485089765751i	14.89453125	380.8684667
0.5	29266.00		143.588438827083-341.71762726423i	15.015625	370.6596506
0.504032258	29273.00		-288.965878928908+312.674941067895i	15.13671875	425.7545043
0.508064516	29285.00		81.3849880555714-29.260181948481i	15.2578125	86.4851116
0.512096774	29283.00		275.282797519337+235.175855797188i	15.37890625	362.0611851
0.516129032	29286.00		297.400540957138-131.513239329346i	15.5	325.1812016
0.52016129	29287.00		46.5650629350277-368.897885355696i	15.62109375	371.8251671
0.524193548	29287.00		-47.5328983982508-382.238722512975i	15.7421875	385.1828363
0.528225806	29277.00		274.357801455972+29.5819044839501i	15.86328125	275.9479884
0.532258065	29269.00		123.539086488706-188.733813240029i	15.984375	225.571182
0.536290323	29265.00		234.017068049002-293.818789666998i	16.10546875	375.6241064
0.540322581	29275.00		-77.9141012207877-83.8080444948025i	16.2265625	114.4307454
0.544354839	29281.00		93.1242284530643-776.121395166355i	16.34765625	781.6882639
0.548387097	29294.00		8.37410653607637-292.888025251829i	16.46875	293.0077149
0.552419355	29305.00		-122.337376544914+7.20990696137645i	16.58984375	122.549649
0.556451613	29295.00		320.941799558652-252.021924067831i	16.7109375	408.0670152
0.560483871	29301.00		234.273121011483+49.0667831334544i	16.83203125	239.3563127
0.564516129	29278.00		281.513785909209+244.022707345323i	16.953125	372.5548193
0.568548387	29266.00		125.988947582294-100.310894948054i	17.07421875	161.0449954
0.572580645	29260.00		169.728289057558+15.7592394745713i	17.1953125	170.4583402
0.576612903	29262.00		-31.5667369181297+71.9684714488647i	17.31640625	78.58702032
0.580645161	29258.00		177.069200736777-102.853981218461i	17.4375	204.7741275
0.584677419	29263.00		209.298777966334-88.101048056646i	17.55859375	227.0853873
0.588709677	29267.00		-219.22131938425+169.814093501402i	17.6796875	277.2991403
0.592741935	29280.00		-239.114669413594-122.475115038677i	17.80078125	268.6558746
0.596774194	29292.00		59.517404687716-29.8731816477986i	17.921875	66.59375678
0.600806452	29295.00		-13.7380527850034+195.129230863178i	18.04296875	195.6122461
0.60483871	29299.00		179.948894567665-209.214328700924i	18.1640625	275.9569531
0.608870968	29302.00		171.762568528163+5.52078855280939i	18.28515625	171.8512702
0.612903226	29303.00		148.690406862742-86.9834589503807i	18.40625	172.2642134
0.616935484	29310.00		30.3261791947946+236.086729882444i	18.52734375	238.0265136
0.620967742	29308.00		-430.431316034177-134.215831696655i	18.6484375	450.8713867
0.625	29302.00		376.325344849117-58.666836825162i	18.76953125	380.8707956
0.629032258	29314.00		86.0316623625708-145.071431360363i	18.890625	168.6628801
0.633064516	29312.00		183.840153044532-34.4587498600872i	19.01171875	187.0417261
0.637096774	29321.00		112.013882655246-70.9263683054024i	19.1328125	132.5807664
0.641129032	29314.00		2.47289392006761-173.593978715597i	19.25390625	173.6115913
0.64516129	29320.00		248.820762920514-2.6021070183634i	19.375	248.8343686
0.649193548	29327.00		-72.5371559201262+44.1768910265148i	19.49609375	84.93077587
0.653225806	29326.00		-145.837017717591-261.8180731492i	19.6171875	299.695077
0.657258065	29328.00		153.905477222689-392.811450934583i	19.73828125	421.8859229
0.661290323	29328.00		60.2353909173915+10.1901612942615i	19.859375	61.0912572
0.665322581	29340.00		60.1272694727816-293.364413350448i	19.98046875	299.4627983
0.669354839	29347.00		8.18176942397093-152.127710326308i	20.1015625	152.3475684
0.673387097	29348.00		-73.4974328919873-215.165946947414i	20.22265625	227.3725079
0.677419355	29350.00		132.884715617378-161.761456620926i	20.34375	209.3444924
0.681451613	29348.00		-11.7283888385333-86.861883555748i	20.46484375	87.65011078
0.685483871	29347.00		-203.969627874423-52.9002224929608i	20.5859375	210.717922
0.689516129	29344.00		278.646770120205-28.4499815370731i	20.70703125	280.0953837
0.693548387	29341.00		56.9277316877935-70.2415462567066i	20.828125	90.41372382
0.697580645	29336.00		22.7279234830233-66.8440477890497i	20.94921875	70.6023033
0.701612903	29363.00		74.3731230524424-197.64952696977i	21.0703125	211.1793005
0.705645161	29373.00		78.8278751833508+14.6661724315891i	21.19140625	80.18061187
0.709677419	29389.00		-27.2917442452485-180.291515241589i	21.3125	182.3454682
0.713709677	29406.00		-57.1791400372577-210.643596550296i	21.43359375	218.2663025
0.717741935	29409.00		68.4489137528566+153.979186224068i	21.5546875	168.5076959
0.721774194	29393.00		-48.4831874486728-101.404216418725i	21.67578125	112.3985524
0.725806452	29386.00		-83.9076996296849-21.2385059201182i	21.796875	86.55389183
0.72983871	29367.00		-55.6261932352118+37.3078332111494i	21.91796875	66.97871149
0.733870968	29369.00		206.390158282234-212.094131163423i	22.0390625	295.9405648
0.737903226	29360.00		-98.5965214196551-9.914707078234i	22.16015625	99.09377101
0.741935484	29357.00		1.45031973752712-63.5608716469028i	22.28125	63.57741605
0.745967742	29348.00		75.960369561972+156.11666180959i	22.40234375	173.6156382
0.75	29350.00		55.1960974220771-82.9027639773286i	22.5234375	99.59657346
0.754032258	29349.00		78.9480772358757-286.686534261484i	22.64453125	297.3583155
0.758064516	29340.00		-78.7586863446684-159.379130112463i	22.765625	177.7769327
0.762096774	29336.00		-45.0681667971657+47.313975688708i	22.88671875	65.34333902
0.766129032	29328.00		186.1655302925+12.4568501434824i	23.0078125	186.581826
0.77016129	29313.00		-38.0234828616198-41.4272372601629i	23.12890625	56.23167467
0.774193548	29303.00		39.994833404413-47.8854101510312i	23.25	62.39069806
0.778225806	29289.00		21.9333374127575-166.179196134396i	23.37109375	167.6203941
0.782258065	29267.00		54.4184847474004-55.0229002357834i	23.4921875	77.38792563
0.786290323	29253.00		-73.6230392249441-145.723780335035i	23.61328125	163.265955
0.790322581	29252.00		154.12471760591-41.9505740582931i	23.734375	159.731898
0.794354839	29252.00		-23.911718465053-202.148579034625i	23.85546875	203.5578991
0.798387097	29262.00		26.0726718926164-323.617987233932i	23.9765625	324.6665765
0.802419355	29260.00		-137.393246381756-183.173563057925i	24.09765625	228.9747985
0.806451613	29252.00		94.934433714878+76.7448521606255i	24.21875	122.0750549
0.810483871	29247.00		70.3003449708398-152.265822568094i	24.33984375	167.7111184
0.814516129	29242.00		125.912786612763+33.6113940057816i	24.4609375	130.3217389
0.818548387	29249.00		26.8305383875601-148.971020398863i	24.58203125	151.3679051
0.822580645	29252.00		173.641437144193+96.5122291780073i	24.703125	198.6604114
0.826612903	29252.00		119.687752997694-81.7901250067798i	24.82421875	144.9647639
0.830645161	29254.00		123.33237936838+538.682519546394i	24.9453125	552.6207856
0.834677419	29274.00		33.4891652251641-260.90937967652i	25.06640625	263.0498595
0.838709677	29282.00		219.238311520524+24.8207021539063i	25.1875	220.6388554
0.842741935	29281.00		-77.8545121055683-171.75049488181i	25.30859375	188.5724199
0.846774194	29276.00		-43.7251784250588-100.917861136293i	25.4296875	109.9832075
0.850806452	29268.00		189.89517389725-127.049946887786i	25.55078125	228.4772769
0.85483871	29258.00		-57.1708498688489-237.56368473998i	25.671875	244.3460873
0.858870968	29263.00		111.308401426557-177.902134755601i	25.79296875	209.8540678
0.862903226	29260.00		-29.2068203258475+50.6094025036823i	25.9140625	58.43243941
0.866935484	29263.00		-188.883011274721-136.903360689702i	26.03515625	233.2794936
0.870967742	29269.00		127.156640575656-237.10497854i	26.15625	269.0494046
0.875	29263.00		5.01495965081338-129.520395281551i	26.27734375	129.6174472
0.879032258	29276.00		-74.0730684603803-134.183764688307i	26.3984375	153.2713351
0.883064516	29260.00		16.9580461174239+66.9347782601499i	26.51953125	69.04954648
0.887096774	29266.00		-85.4462726222136-80.9463077746905i	26.640625	117.7003409
0.891129032	29264.00		-64.7578387830009-39.1644578340844i	26.76171875	75.67980207
0.89516129	29263.00		14.6407095506322-56.5703820641907i	26.8828125	58.43422373
0.899193548	29292.00		-44.319687401011-34.8766754458929i	27.00390625	56.39696075
0.903225806	29308.00		-211.241470158596+27.9171372183631i	27.125	213.078214
0.907258065	29337.00		51.7043328129613-10.878129167003i	27.24609375	52.83627282
0.911290323	29355.00		-70.5320719128297+195.408600515123i	27.3671875	207.7481512
0.915322581	29366.00		68.3263683381724+89.8169877958166i	27.48828125	112.8520443
0.919354839	29380.00		31.8347259423028-50.6547688021727i	27.609375	59.82771413
0.923387097	29373.00		288.953697260659-136.753182677419i	27.73046875	319.6805783
0.927419355	29362.00		236.972593784599-68.2915898365389i	27.8515625	246.6166082
0.931451613	29363.00		29.7099561308859-20.063286083872i	27.97265625	35.84992248
0.935483871	29370.00		33.0302709650406-129.680773960754i	28.09375	133.8211565
0.939516129	29374.00		92.5784664519608-56.4962340636393i	28.21484375	108.4555066
0.943548387	29381.00		260.739164447265-1.66743669855434i	28.3359375	260.7444961
0.947580645	29405.00		-9.05547837577133-45.1020726715188i	28.45703125	46.00215917
0.951612903	29425.00		138.971707630555-47.8845371597792i	28.578125	146.9900147
0.955645161	29431.00		74.2592313786319-150.131252546398i	28.69921875	167.4927653
0.959677419	29431.00		-43.0725517738162+57.4159927988586i	28.8203125	71.7763258
0.963709677	29429.00		-71.1215277084665+46.5632437450823i	28.94140625	85.00827825
0.967741935	29406.00		-37.6694015945513+5.98164868087087i	29.0625	38.1413678
0.971774194	29390.00		80.0260279674266-96.9602994898213i	29.18359375	125.7197869
0.975806452	29379.00		124.953166376657+100.606191737771i	29.3046875	160.4210074
0.97983871	29367.00		33.7695696446782-121.126234337003i	29.42578125	125.7455704
0.983870968	29362.00		-105.804444393547+3.70982505118538i	29.546875	105.8694633
0.987903226	29366.00		-81.7078524048432-61.8149818652807i	29.66796875	102.456162
0.991935484	29381.00		4.81979692131158-51.2107326967013i	29.7890625	51.43704488
0.995967742	29386.00		163.601999387766+7.95408941346254i	29.91015625	163.7952433
1	29395.00		141.223788143392-56.6116660650677i	30.03125	152.1480827
1.004032258	29390.00		-19.7798766523594-72.9009212162261i	30.15234375	75.5366655
1.008064516	29378.00		129.564845410549+181.060033125924i	30.2734375	222.642729
1.012096774	29362.00		30.8079940794857-59.7123455683015i	30.39453125	67.19149286
1.016129032	29343.00		183.446985692396-35.7416069796486i	30.515625	186.8963858
1.02016129	29335.00		-73.0970356524814-41.9370797904168i	30.63671875	84.27274341
1.024193548	29320.00		84.8536005098096-199.113441970887i	30.7578125	216.4400524
1.028225806	29305.00		-108.658821301175-38.3156545557041i	30.87890625	115.2164434
1.032258065	29316.00		113-92.9999999999999i	31	146.3488982
1.036290323	29302.00		-78.3132051303644+13.4779417751882i	31.12109375	79.46453934
1.040322581	29301.00		-25.6972310467159-76.3315216562468i	31.2421875	80.54097641
1.044354839	29290.00		-135.835745354968-14.0331686532573i	31.36328125	136.5587036
1.048387097	29281.00		65.4886322174848-133.750110033739i	31.484375	148.9223049
1.052419355	29275.00		34.2077301208005-168.938181701554i	31.60546875	172.3666964
1.056451613	29260.00		-99.6690042549724-95.6688207869994i	31.7265625	138.1536597
1.060483871	29256.00		134.432594975427-25.0415211623396i	31.84765625	136.7450196
1.064516129	29258.00		-22.8365279260641+64.6527663487464i	31.96875	68.5673917
1.068548387	29244.00		106.607152705679-178.217372155343i	32.08984375	207.6692484
1.072580645	29245.00		260.293240675968-13.898085238933i	32.2109375	260.6640135
1.076612903	29239.00		182.440181708414+126.599303396126i	32.33203125	222.0626117
1.080645161	29230.00		4.28349395651154+1.40004726206745i	32.453125	4.506490077
1.084677419	29232.00		77.3920554192561+22.1261780941637i	32.57421875	80.4928444
1.088709677	29221.00		106.263974090782-38.7319960172835i	32.6953125	113.102607
1.092741935	29217.00		148.366546104787+2.17587194642412i	32.81640625	148.3825004
1.096774194	29205.00		-81.3542869829598-58.444875559269i	32.9375	100.1714704
1.100806452	29202.00		71.3560176160873-22.5859157142343i	33.05859375	74.84520585
1.10483871	29198.00		55.6615812432843-126.41580241849i	33.1796875	138.1273569
1.108870968	29200.00		205.197068419646-106.716620647216i	33.30078125	231.288292
1.112903226	29201.00		55.117676578089-68.382434594508i	33.421875	87.83003833
1.116935484	29198.00		90.2719413768125-103.749578044723i	33.54296875	137.5245372
1.120967742	29206.00		44.1467389258215-116.826293227888i	33.6640625	124.8892203
1.125	29217.00		121.657726800989-164.203070940239i	33.78515625	204.3605906
1.129032258	29241.00		82.3094386169648-82.6533325033754i	33.90625	116.6465476
1.133064516	29264.00		-8.4003236356093+19.3820869245876i	34.02734375	21.12417408
1.137096774	29272.00		63.8989550686873-67.0148057100058i	34.1484375	92.5962237
1.141129032	29278.00		32.7686629051667-25.4748564255353i	34.26953125	41.50606677
1.14516129	29288.00		-18.5751404197188-86.6258924388404i	34.390625	88.59503983
1.149193548	29283.00		-27.6840442871207-46.5254161381592i	34.51171875	54.13890149
1.153225806	29290.00		0.925771355987436+68.7754518494573i	34.6328125	68.78168237
1.157258065	29283.00		118.764942005518-90.4061023718002i	34.75390625	149.2594211
1.161290323	29277.00		4.81947050149736-52.2568161344283i	34.875	52.47858733
1.165322581	29278.00		-58.4026185871365-41.1513661308447i	34.99609375	71.44438951
1.169354839	29288.00		-133.239996406219+49.6123406166406i	35.1171875	142.1769355
1.173387097	29310.00		89.7819017337433+27.1842910956648i	35.23828125	93.80711893
1.177419355	29312.00		311.534873956093-91.7817861912074i	35.359375	324.7735734
1.181451613	29326.00		-99.0081864132129+198.76560230019i	35.48046875	222.0594192
1.185483871	29332.00		-14.0340902598585-112.520359909971i	35.6015625	113.3921826
1.189516129	29337.00		92.0918988746779-31.4755632279156i	35.72265625	97.32229405
1.193548387	29347.00		143.796853868034+137.211468973868i	35.84375	198.7574462
1.197580645	29349.00		-116.983095148729+54.2331672755886i	35.96484375	128.9429369
1.201612903	29364.00		-114.552081516022-186.036982767192i	36.0859375	218.4764022
1.205645161	29362.00		93.1204872886796+31.4346452117921i	36.20703125	98.28307114
1.209677419	29387.00		301.509962326388-85.6425891362537i	36.328125	313.4372512
1.213709677	29394.00		75.4992332393213-155.961725326574i	36.44921875	173.2749087
1.217741935	29423.00		21.3908667041395+22.4683941203332i	36.5703125	31.02253879
1.221774194	29444.00		76.6276540949159-111.653366339482i	36.69140625	135.4188746
1.225806452	29453.00		-23.034743035401-161.124068184443i	36.8125	162.7622952
1.22983871	29455.00		118.946313838266-25.3256538074497i	36.93359375	121.6125582
1.233870968	29454.00		26.4422710987759+5.23821541287975i	37.0546875	26.95612364
1.237903226	29448.00		96.4161985803742-5.33319922264394i	37.17578125	96.56358715
1.241935484	29441.00		100.863499203365-38.2058605383063i	37.296875	107.8570037
1.245967742	29428.00		25.7596097349677-87.0215569960046i	37.41796875	90.75411217
1.25	29436.00		226.057491890293+53.0689282037412i	37.5390625	232.2031455
1.254032258	29432.00		-11.6119961732948-30.4587455973518i	37.66015625	32.59714157
1.258064516	29428.00		79.5401095937314+122.150593486099i	37.78125	145.7648672
1.262096774	29423.00		-106.633128128585-225.515855399585i	37.90234375	249.455457
1.266129032	29420.00		154.360122986059-30.607476781767i	38.0234375	157.3653876
1.27016129	29413.00		14.8151395001637-54.5383252400113i	38.14453125	56.51475275
1.274193548	29411.00		-10.4364719890741+19.3887345775079i	38.265625	22.01915021
1.278225806	29402.00		97.69762311755+42.44255011062i	38.38671875	106.5185224
1.282258065	29392.00		9.83921341665124-170.625968160143i	38.5078125	170.9094238
1.286290323	29377.00		-35.9385289790578+3.15320771550144i	38.62890625	36.0765933
1.290322581	29357.00		20.4387161417156-43.4030873696229i	38.75	47.97467155
1.294354839	29345.00		10.4193229032327-105.318714593698i	38.87109375	105.8328585
1.298387097	29323.00		142.847018537754+88.1956137796559i	38.9921875	167.8801269
1.302419355	29307.00		43.2008516147778-157.542237198489i	39.11328125	163.3581038
1.306451613	29298.00		116.269671916694+34.5073412111575i	39.234375	121.2822873
1.310483871	29285.00		147.173573719227-145.289877830194i	39.35546875	206.8071793
1.314516129	29296.00		74.1111719063705-41.9729537998335i	39.4765625	85.17156011
1.318548387	29291.00		128.077488379176-11.5739490206424i	39.59765625	128.5993753
1.322580645	29289.00		100.977863545367+56.4465908918473i	39.71875	115.6838215
1.326612903	29283.00		42.3790535058529-55.4803685874292i	39.83984375	69.814436
1.330645161	29266.00		125.72825382422+52.1772694679723i	39.9609375	136.1251676
1.334677419	29260.00		155.565094903305-103.423703423719i	40.08203125	186.8072835
1.338709677	29251.00		-63.5488463126471-203.668046525943i	40.203125	213.3521245
1.342741935	29239.00		119.453691225013-33.0067721090182i	40.32421875	123.9299453
1.346774194	29248.00		199.337598115893-129.889665647575i	40.4453125	237.9218428
1.350806452	29250.00		132.260060875439+38.8194995510962i	40.56640625	137.8393168
1.35483871	29246.00		37.242019319462-76.7698129870396i	40.6875	85.32626904
1.358870968	29256.00		-65.0023966557511-108.337827021088i	40.80859375	126.3423774
1.362903226	29252.00		-57.2786724817469-46.8960811161666i	40.9296875	74.0276215
1.366935484	29250.00		60.4602690839504+53.0277480138324i	41.05078125	80.42006091
1.370967742	29242.00		27.7975531677068-114.172033972618i	41.171875	117.5072649
1.375	29243.00		84.5769541880126-67.6002289784918i	41.29296875	108.2730444
1.379032258	29237.00		157.434707651123-41.2742221057157i	41.4140625	162.7551799
1.383064516	29225.00		-13.6672654353199-22.5253838199299i	41.53515625	26.34742987
1.387096774	29231.00		-27.7133332748599-30.2359253556928i	41.65625	41.01511945
1.391129032	29222.00		106.299485623155-46.206611832917i	41.77734375	115.9078583
1.39516129	29235.00		44.2877473659689+33.6198223358165i	41.8984375	55.60303068
1.399193548	29238.00		61.1844840848336-269.566904767857i	42.01953125	276.4233298
1.403225806	29245.00		108.566366176546-10.9478921239231i	42.140625	109.1169657
1.407258065	29251.00		84.4282526459048+11.6334001113431i	42.26171875	85.2259693
1.411290323	29255.00		-27.8958131519349+33.4071655602818i	42.3828125	43.52258152
1.415322581	29256.00		-22.9493850874813-11.9218476124467i	42.50390625	25.86125918
1.419354839	29260.00		165.653642698825-145.358190243398i	42.625	220.3863263
1.423387097	29265.00		129.908809639889-150.243683323758i	42.74609375	198.6188893
1.427419355	29276.00		49.0478490306231-25.236739941568i	42.8671875	55.15962779
1.431451613	29300.00		-11.9886018741404-31.6667525664072i	42.98828125	33.86015052
1.435483871	29306.00		-44.3148075853434-97.0367945817417i	43.109375	106.6768094
1.439516129	29304.00		66.7415980364778+72.1287466982191i	43.23046875	98.27002091
1.443548387	29307.00		71.3712002155477-125.091582731812i	43.3515625	144.0199718
1.447580645	29304.00		122.833577324283-49.5327441828971i	43.47265625	132.4446317
1.451612903	29299.00		228.669620141508+131.9099806883i	43.59375	263.9887084
1.455645161	29295.00		135.731190443296-88.1053576369413i	43.71484375	161.8193749
1.459677419	29306.00		133.826117016356-60.2257985290686i	43.8359375	146.7534545
1.463709677	29310.00		101.631445971063+25.1105212332347i	43.95703125	104.6875785
1.467741935	29320.00		10.4247511781522-52.7280336979281i	44.078125	53.74868347
1.471774194	29325.00		120.134693766042+16.6386569347296i	44.19921875	121.2814477
1.475806452	29327.00		-9.5166378678768-63.6242740730079i	44.3203125	64.33206547
1.47983871	29318.00		-11.9171116601243-7.810083269134i	44.44140625	14.24833152
1.483870968	29315.00		84.7693213727543-136.5402274508i	44.5625	160.7142544
1.487903226	29306.00		-4.55205326896617-107.378963003222i	44.68359375	107.475406
1.491935484	29292.00		128.957831590209+82.3531762852793i	44.8046875	153.0103525
1.495967742	29299.00		-151.186670660758+69.8668164392137i	44.92578125	166.5496365
1.5	29309.00		-6.07780996651627-33.5174683597787i	45.046875	34.06406404
1.504032258	29311.00		144.17934259187-124.555973200225i	45.16796875	190.5305049
1.508064516	29314.00		3.97893235400136+81.3079769618679i	45.2890625	81.40527637
1.512096774	29320.00		32.5730863458405+146.984949036046i	45.41015625	150.5509256
1.516129032	29318.00		85.7943997619127-86.3692614257857i	45.53125	121.7387709
1.52016129	29314.00		33.5986616182449-195.311262637745i	45.65234375	198.1801185
1.524193548	29305.00		-15.027482686159-145.806323774756i	45.7734375	146.5786795
1.528225806	29291.00		-77.5408504611333+108.782621118249i	45.89453125	133.589828
1.532258065	29275.00		73.136129577+12.9352439944043i	46.015625	74.2712191
1.536290323	29275.00		-17.2058507921192+17.6695055772308i	46.13671875	24.66278023
1.540322581	29274.00		41.4690804258103-221.749419391842i	46.2578125	225.5936383
1.544354839	29282.00		150.185629370829+9.18705571546127i	46.37890625	150.4663592
1.548387097	29289.00		38.5994590428616-189.513239329346i	46.5	193.404204
1.552419355	29285.00		96.74793024197-12.1189761710421i	46.62109375	97.50400807
1.556451613	29284.00		80.9196422417508+24.6975666377505i	46.7421875	84.60471794
1.560483871	29289.00		40.0804946489305-117.963327148644i	46.86328125	124.5864864
1.564516129	29290.00		11.9335637480613-18.1847745130532i	46.984375	21.75076936
1.568548387	29290.00		321.128431046861-126.98533304416i	47.10546875	345.3241145
1.572580645	29306.00		65.5003855545102-145.127780638792i	47.2265625	159.2242859
1.576612903	29293.00		147.889455885026-19.0419645708402i	47.34765625	149.1103202
1.580645161	29312.00		22.3250781499868-36.0004754343506i	47.46875	42.36087046
1.584677419	29324.00		159.282276120544-43.0598897660353i	47.58984375	164.9999927
1.588709677	29322.00		-11.3765900570096-73.4449407698174i	47.7109375	74.32083238
1.592741935	29315.00		184.871255809665+27.9116663714539i	47.83203125	186.9664204
1.596774194	29305.00		-111.698579613781-187.11197228497i	47.953125	217.9161831
1.600806452	29279.00		-6.92048906618274-284.291766783514i	48.07421875	284.3759867
1.60483871	29248.00		49.2572566678554+69.0282319346044i	48.1953125	84.80079091
1.608870968	29223.00		51.5645872520503+82.352914389113i	48.31640625	97.16434103
1.612903226	29216.00		23.7190125572945-43.3807370102267i	48.4375	49.44168181
1.616935484	29225.00		-171.836922480064+101.484301614418i	48.55859375	199.5670098
1.620967742	29228.00		-73.8233025795753-41.5580084376147i	48.6796875	84.71687004
1.625	29254.00		-102.59856559179+135.093591706426i	48.80078125	169.6370955
1.629032258	29261.00		82.2826461838349+47.6049836982427i	48.921875	95.06139246
1.633064516	29271.00		79.1018638804688-120.606460764668i	49.04296875	144.2325319
1.637096774	29275.00		-43.1973364326171-110.642099131194i	49.1640625	118.7757718
1.641129032	29268.00		31.9625343488869+143.940794351241i	49.28515625	147.44679
1.64516129	29252.00		93.5498476704729-96.5223295846101i	49.40625	134.4177596
1.649193548	29238.00		133.15978012587-137.10798789963i	49.52734375	191.1285625
1.653225806	29238.00		-89.9330001489864-155.562685637402i	49.6484375	179.6877672
1.657258065	29233.00		157.205066236502+10.9282996558828i	49.76953125	157.5844554
1.661290323	29246.00		118.616419220111+132.781194324071i	49.890625	178.0469053
1.665322581	29264.00		-136.552883210291-99.2128036359045i	50.01171875	168.789426
1.669354839	29275.00		57.8527356300001-198.91915514114i	50.1328125	207.1612157
1.673387097	29292.00		38.0654092256506-40.1158848254177i	50.25390625	55.30153339
1.677419355	29294.00		44.6824871797091-44.2093516427925i	50.375	62.85691237
1.681451613	29291.00		-20.0187833760731-18.9198186441925i	50.49609375	27.5447132
1.685483871	29272.00		-39.1647508967598-103.47896537634i	50.6171875	110.6425505
1.689516129	29255.00		97.9536215233866-45.828774911373i	50.73828125	108.1442952
1.693548387	29244.00		177.847560468481+7.74552576719583i	50.859375	178.0161451
1.697580645	29229.00		-217.451669559229-118.747979628377i	50.98046875	247.7626107
1.701612903	29227.00		224.477823586627-14.7363425225282i	51.1015625	224.9610034
1.705645161	29225.00		-3.96273808192865-92.0527890633575i	51.22265625	92.13804463
1.709677419	29229.00		41.1209013056948-121.758589007452i	51.34375	128.5149117
1.713709677	29230.00		-205.922663554759+45.6944740983574i	51.46484375	210.9315726
1.717741935	29244.00		-40.1716899341135-36.4954603357673i	51.5859375	54.27414944
1.721774194	29242.00		243.805752375862-9.00796980366215i	51.70703125	243.9721058
1.725806452	29257.00		42.4831873863739+13.6757329588961i	51.828125	44.63011184
1.72983871	29278.00		82.2881418734344+23.3365433884413i	51.94921875	85.53322483
1.733870968	29291.00		52.7265665885005-78.6816403795716i	52.0703125	94.71478954
1.737903226	29299.00		23.2842994433649+221.657413331431i	52.19140625	222.8770232
1.741935484	29319.00		-19.5526744184972+93.255328848721i	52.3125	95.28307004
1.745967742	29323.00		-7.99143801355871+34.5937111332219i	52.43359375	35.50475928
1.75	29322.00		-54.0081957990097-167.542599486722i	52.5546875	176.0324057
1.754032258	29331.00		-42.5167382226831+12.2965106119763i	52.67578125	44.25920472
1.758064516	29333.00		52.161986519787+97.1093960914945i	52.796875	110.2320627
1.762096774	29339.00		-142.011537394343+68.9824016298884i	52.91796875	157.8792212
1.766129032	29328.00		-126.798786996435+51.2448538798981i	53.0390625	136.7624489
1.77016129	29328.00		-157.737990199768+23.731164238106i	53.16015625	159.5131396
1.774193548	29319.00		220.781340221261+59.8627285538061i	53.28125	228.753025
1.778225806	29304.00		124.025382285663-60.5656549652661i	53.40234375	138.023527
1.782258065	29291.00		147.755692525541+23.0773504109368i	53.5234375	149.5470119
1.786290323	29273.00		5.18015308025564-47.7888555011311i	53.64453125	48.06879129
1.790322581	29247.00		153.399444061728+37.5585061160317i	53.765625	157.930462
1.794354839	29244.00		-16.6871827712819-71.6938820526988i	53.88671875	73.61028999
1.798387097	29254.00		44.6217887957107+119.434006537016i	54.0078125	127.4973959
1.802419355	29258.00		128.347049485585-176.28733869858i	54.12890625	218.0600626
1.806451613	29267.00		35.8401037754256+36.3359770317762i	54.25	51.03740065
1.810483871	29277.00		45.4785972030452+222.02142435387i	54.37109375	226.6314534
1.814516129	29274.00		148.014907188658-28.6326417024194i	54.4921875	150.7588834
1.818548387	29280.00		-23.7885589635389+65.0854827044285i	54.61328125	69.29657709
1.822580645	29265.00		-29.3399436133221+18.2729643063155i	54.734375	34.56491741
1.826612903	29254.00		31.8176483978738+54.3462495425536i	54.85546875	62.97521408
1.830645161	29244.00		7.51683950056758E-004+92.2375759909266i	54.9765625	92.23757599
1.834677419	29235.00		49.2129266645187-34.177739321831i	55.09765625	59.9168592
1.838709677	29239.00		24.951213961859+89.7967095930543i	55.21875	93.19877752
1.842741935	29224.00		44.9143714515993+1.23827367120759i	55.33984375	44.9314376
1.846774194	29230.00		24.59622235558+46.049657095034i	55.4609375	52.20675313
1.850806452	29232.00		19.1093039914128+57.575043543645i	55.58203125	60.66342504
1.85483871	29240.00		-31.7748798173717-89.3458216847144i	55.703125	94.8278379
1.858870968	29242.00		8.28469780003343-91.6148636186906i	55.82421875	91.98869199
1.862903226	29220.00		109.503220016494-141.834421738278i	55.9453125	179.186937
1.866935484	29211.00		-142.504597765758+119.749768339811i	56.06640625	186.1385704
1.870967742	29204.00		8.01714072637765+53.1605618156063i	56.1875	53.76169527
1.875	29192.00		213.75938943931-179.663246778776i	56.30859375	279.2345946
1.879032258	29184.00		152.411275261326-21.8379019505751i	56.4296875	153.9678239
1.883064516	29177.00		-2.49446416856711+141.022286034983i	56.55078125	141.0443459
1.887096774	29169.00		16.9511631418281-98.4819091254872i	56.671875	99.93011737
1.891129032	29152.00		-12.2634287327065+50.2980663864877i	56.79296875	51.7714899
1.89516129	29147.00		9.4420949452998+89.9818301236471i	56.9140625	90.47586921
1.899193548	29136.00		-46.742093372458+112.658904927364i	57.03515625	121.970702
1.903225806	29134.00		-32.1728304909045-11.5719561915284i	57.15625	34.19065942
1.907258065	29134.00		-122.089465550217-15.0298370929404i	57.27734375	123.0111117
1.911290323	29132.00		-28.6631094532022-211.814872609975i	57.3984375	213.7454423
1.915322581	29144.00		145.416151461076+102.077876993034i	57.51953125	177.6675268
1.919354839	29149.00		9.20920946927475-36.4563351021354i	57.640625	37.60151471
1.923387097	29155.00		102.158759037751+103.016365373806i	57.76171875	145.0819892
1.927419355	29146.00		78.9785931617967+172.21077285419i	57.8828125	189.4575638
1.931451613	29157.00		-5.08240808475671-68.4725119608904i	58.00390625	68.66087508
1.935483871	29157.00		85.5929034298267-81.8130235984916i	58.125	118.4040369
1.939516129	29156.00		56.1604581261436-35.0324598018161i	58.24609375	66.19116479
1.943548387	29158.00		-195.77010385441+41.5757575873261i	58.3671875	200.1361466
1.947580645	29159.00		3.0325270462796-10.6595268766887i	58.48828125	11.08249672
1.951612903	29174.00		22.3069185638949-51.0785974412996i	58.609375	55.73707682
1.955645161	29199.00		-2.86946556771125+22.1173473953383i	58.73046875	22.30271034
1.959677419	29212.00		113.587685698098-101.85900382907i	58.8515625	152.5693908
1.963709677	29225.00		-23.2360201562612+158.480796529345i	58.97265625	160.1751401
1.967741935	29228.00		113.516573409144-32.8309089646238i	59.09375	118.1688666
1.971774194	29236.00		58.0722480003267-82.9180228282819i	59.21484375	101.2313415
1.975806452	29238.00		46.1301438923883+28.7207600673321i	59.3359375	54.34033708
1.97983871	29249.00		-83.9731067153489+66.6489898954549i	59.45703125	107.2080711
1.983870968	29247.00		90.309576332784-30.5507507276347i	59.578125	95.33712785
1.987903226	29250.00		36.2108823528574+78.7136830139572i	59.69921875	86.64336036
1.991935484	29254.00		-43.529770320265+74.8367343651513i	59.8203125	86.57584949
1.995967742	29285.00		89.9617519860035-163.368563922641i	59.94140625	186.5004142
2	29288.00		185.738022384602-62.6972120020919i	60.0625	196.0345718
2.004032258	29289.00		-22.7587976753132+69.8488403910242i	60.18359375	73.46307491
2.008064516	29294.00		-7.66376426576608+79.175456914676i	60.3046875	79.54549805
2.012096774	29295.00		99.2295657210288+96.6523566408691i	60.42578125	138.5214235
2.016129032	29304.00		30.8073689590237+83.0888664990598i	60.546875	88.61632873
2.02016129	29306.00		173.980034324427-25.8497560834334i	60.66796875	175.8899151
2.024193548	29313.00		19.5434988549296+92.1652309849374i	60.7890625	94.21453258
2.028225806	29304.00		-15.0317224507766-178.599849421154i	60.91015625	179.2313
2.032258065	29295.00		62.0605852181127+50.6058631241087i	61.03125	80.0778972
2.036290323	29300.00		36.3659200820946-67.3190029480146i	61.15234375	76.51358246
2.040322581	29289.00		98.5302572464089-14.365993171298i	61.2734375	99.57205106
2.044354839	29282.00		-28.8165555357416-61.8846735334145i	61.39453125	68.26497412
2.048387097	29279.00		20.5319029095083+38.1707299524528i	61.515625	43.34240028
2.052419355	29276.00		45.7440036159371+15.2741601027548i	61.63671875	48.22669213
2.056451613	29298.00		-71.2417961490889+67.8198375537841i	61.7578125	98.36119095
2.060483871	29315.00		-35.2008811481992+202.686722492301i	61.87890625	205.7207075
2.064516129	29340.00		-10	62	10
2.068548387	29351.00		-35.2008811481837-202.686722492268i	62.12109375	205.7207075
2.072580645	29364.00		-71.2417961490873-67.8198375537777i	62.2421875	98.36119095
2.076612903	29378.00		45.7440036159346-15.2741601027528i	62.36328125	48.22669213
2.080645161	29377.00		20.5319029095099-38.1707299524451i	62.484375	43.34240028
2.084677419	29370.00		-28.8165555357398+61.8846735334092i	62.60546875	68.26497412
2.088709677	29359.00		98.5302572464116+14.3659931713005i	62.7265625	99.57205106
2.092741935	29355.00		36.3659200820962+67.3190029480111i	62.84765625	76.51358246
2.096774194	29353.00		62.060585218115-50.6058631241042i	62.96875	80.0778972
2.100806452	29360.00		-15.0317224507779+178.599849421151i	63.08984375	179.2313
2.10483871	29351.00		19.5434988549268-92.1652309849242i	63.2109375	94.21453258
2.108870968	29351.00		173.980034324429+25.8497560834362i	63.33203125	175.8899151
2.112903226	29353.00		30.8073689590092-83.0888664990557i	63.453125	88.61632873
2.116935484	29348.00		99.2295657210416-96.6523566408723i	63.57421875	138.5214235
2.120967742	29349.00		-7.66376426575152-79.1754569146342i	63.6953125	79.54549805
2.125	29343.00		-22.7587976753209-69.8488403910324i	63.81640625	73.46307491
2.129032258	29342.00		185.738022384591+62.6972120020846i	63.9375	196.0345718
2.133064516	29333.00		89.9617519859999+163.368563922647i	64.05859375	186.5004142
2.137096774	29321.00		-43.5297703202627-74.8367343651565i	64.1796875	86.57584949
2.141129032	29317.00		36.2108823528611-78.7136830139632i	64.30078125	86.64336036
2.14516129	29320.00		90.3095763327858+30.5507507276359i	64.421875	95.33712785
2.149193548	29308.00		-83.97310671535-66.6489898954515i	64.54296875	107.2080711
2.153225806	29312.00		46.1301438923881-28.7207600673366i	64.6640625	54.34033708
2.157258065	29306.00		58.0722480003278+82.9180228282858i	64.78515625	101.2313415
2.161290323	29312.00		113.516573409145+32.8309089646221i	64.90625	118.1688666
2.165322581	29312.00		-23.2360201562599-158.480796529347i	65.02734375	160.1751401
2.169354839	29298.00		113.5876856981+101.859003829071i	65.1484375	152.5693908
2.173387097	29297.00		-2.86946556771073-22.117347395337i	65.26953125	22.30271034
2.177419355	29302.00		22.306918563896+51.0785974412977i	65.390625	55.73707682
2.181451613	29298.00		3.03252704628215+10.6595268766916i	65.51171875	11.08249672
2.185483871	29284.00		-195.770103854407-41.5757575873204i	65.6328125	200.1361466
2.189516129	29271.00		56.1604581261437+35.0324598018185i	65.75390625	66.19116479
2.193548387	29267.00		85.5929034298315+81.8130235984906i	65.875	118.4040369
2.197580645	29255.00		-5.08240808475557+68.472511960895i	65.99609375	68.66087508
2.201612903	29241.00		78.9785931617948-172.21077285419i	66.1171875	189.4575638
2.205645161	29223.00		102.158759037753-103.016365373806i	66.23828125	145.0819892
2.209677419	29202.00		9.20920946927572+36.4563351021371i	66.359375	37.60151471
2.213709677	29173.00		145.416151461076-102.077876993037i	66.48046875	177.6675268
2.217741935	29163.00		-28.6631094531992+211.814872609976i	66.6015625	213.7454423
2.221774194	29158.00		-122.089465550219+15.0298370929388i	66.72265625	123.0111117
2.225806452	29162.00		-32.1728304909016+11.5719561915353i	66.84375	34.19065942
2.22983871	29175.00		-46.7420933724598-112.658904927364i	66.96484375	121.970702
2.233870968	29185.00		9.44209494529804-89.9818301236489i	67.0859375	90.47586921
2.237903226	29193.00		-12.2634287327071-50.2980663864892i	67.20703125	51.7714899
2.241935484	29196.00		16.9511631418289+98.4819091254872i	67.328125	99.93011737
2.245967742	29170.00		-2.49446416856767-141.022286034982i	67.44921875	141.0443459
2.25	29168.00		152.411275261326+21.8379019505714i	67.5703125	153.9678239
2.254032258	29143.00		213.759389439313+179.663246778775i	67.69140625	279.2345946
2.258064516	29148.00		8.01714072638231-53.1605618156063i	67.8125	53.76169527
2.262096774	29156.00		-142.504597765759-119.74976833981i	67.93359375	186.1385704
2.266129032	29153.00		109.503220016493+141.834421738279i	68.0546875	179.186937
2.27016129	29166.00		8.28469780003155+91.6148636186867i	68.17578125	91.98869199
2.274193548	29182.00		-31.7748798173695+89.3458216847152i	68.296875	94.8278379
2.278225806	29199.00		19.1093039914114-57.5750435436439i	68.41796875	60.66342504
2.282258065	29200.00		24.5962223555775-46.0496570950301i	68.5390625	52.20675313
2.286290323	29209.00		44.9143714515997-1.23827367120589i	68.66015625	44.9314376
2.290322581	29218.00		24.9512139618572-89.7967095930545i	68.78125	93.19877752
2.294354839	29213.00		49.2129266645186+34.1777393218298i	68.90234375	59.9168592
2.298387097	29205.00		7.51683949317794E-004-92.2375759909252i	69.0234375	92.23757599
2.302419355	29199.00		31.8176483978725-54.3462495425549i	69.14453125	62.97521408
2.306451613	29189.00		-29.339943613323-18.2729643063146i	69.265625	34.56491741
2.310483871	29197.00		-23.7885589635406-65.0854827044286i	69.38671875	69.29657709
2.314516129	29204.00		148.014907188659+28.6326417024183i	69.5078125	150.7588834
2.318548387	29211.00		45.4785972030406-222.02142435387i	69.62890625	226.6314534
2.322580645	29220.00		35.8401037754264-36.3359770317764i	69.75	51.03740065
2.326612903	29237.00		128.347049485589+176.28733869858i	69.87109375	218.0600626
2.330645161	29249.00		44.6217887957117-119.434006537015i	69.9921875	127.4973959
2.334677419	29260.00		-16.6871827712803+71.6938820526968i	70.11328125	73.61028999
2.338709677	29271.00		153.399444061728-37.5585061160322i	70.234375	157.930462
2.342741935	29277.00		5.18015308025755+47.7888555011311i	70.35546875	48.06879129
2.346774194	29271.00		147.755692525541-23.0773504109373i	70.4765625	149.5470119
2.350806452	29270.00		124.025382285665+60.5656549652647i	70.59765625	138.023527
2.35483871	29279.00		220.781340221262-59.8627285538056i	70.71875	228.753025
2.358870968	29293.00		-157.73799019977-23.7311642381037i	70.83984375	159.5131396
2.362903226	29302.00		-126.798786996434-51.244853879895i	70.9609375	136.7624489
2.366935484	29311.00		-142.011537394343-68.9824016298867i	71.08203125	157.8792212
2.370967742	29320.00		52.1619865197864-97.1093960914931i	71.203125	110.2320627
2.375	29323.00		-42.5167382226792-12.2965106119782i	71.32421875	44.25920472
2.379032258	29328.00		-54.0081957990033+167.542599486727i	71.4453125	176.0324057
2.383064516	29336.00		-7.99143801356058-34.5937111332224i	71.56640625	35.50475928
2.387096774	29339.00		-19.5526744184976-93.2553288487209i	71.6875	95.28307004
2.391129032	29343.00		23.2842994433614-221.657413331428i	71.80859375	222.8770232
2.39516129	29341.00		52.726566588499+78.681640379572i	71.9296875	94.71478954
2.399193548	29338.00		82.2881418734331-23.3365433884449i	72.05078125	85.53322483
2.403225806	29343.00		42.4831873863764-13.6757329588962i	72.171875	44.63011184
2.407258065	29339.00		243.805752375863+9.00796980366044i	72.29296875	243.9721058
2.411290323	29317.00		-40.1716899341151+36.4954603357684i	72.4140625	54.27414944
2.415322581	29325.00		-205.922663554759-45.694474098354i	72.53515625	210.9315726
2.419354839	29322.00		41.1209013056929+121.758589007452i	72.65625	128.5149117
2.423387097	29329.00		-3.96273808192655+92.052789063356i	72.77734375	92.13804463
2.427419355	29311.00		224.477823586626+14.736342522526i	72.8984375	224.9610034
2.431451613	29303.00		-217.451669559229+118.747979628379i	73.01953125	247.7626107
2.435483871	29283.00		177.847560468482-7.74552576719731i	73.140625	178.0161451
2.439516129	29256.00		97.9536215233854+45.8287749113712i	73.26171875	108.1442952
2.443548387	29240.00		-39.1647508967596+103.478965376342i	73.3828125	110.6425505
2.447580645	29225.00		-20.0187833760759+18.9198186441914i	73.50390625	27.5447132
2.451612903	29209.00		44.682487179709+44.209351642792i	73.625	62.85691237
2.455645161	29206.00		38.0654092256505+40.1158848254171i	73.74609375	55.30153339
2.459677419	29198.00		57.8527356300008+198.919155141142i	73.8671875	207.1612157
2.463709677	29203.00		-136.552883210291+99.2128036359067i	73.98828125	168.789426
2.467741935	29205.00		118.616419220111-132.781194324072i	74.109375	178.0469053
2.471774194	29211.00		157.205066236503-10.928299655884i	74.23046875	157.5844554
2.475806452	29226.00		-89.9330001489849+155.562685637402i	74.3515625	179.6877672
2.47983871	29227.00		133.159780125869+137.10798789963i	74.47265625	191.1285625
2.483870968	29223.00		93.5498476704748+96.5223295846127i	74.59375	134.4177596
2.487903226	29220.00		31.9625343488862-143.940794351241i	74.71484375	147.44679
2.491935484	29203.00		-43.1973364326156+110.642099131196i	74.8359375	118.7757718
2.495967742	29207.00		79.1018638804687+120.606460764669i	74.95703125	144.2325319
2.5	29208.00		82.2826461838331-47.6049836982443i	75.078125	95.06139246
2.504032258	29209.00		-102.598565591789-135.093591706425i	75.19921875	169.6370955
2.508064516	29198.00		-73.8233025795731+41.5580084376161i	75.3203125	84.71687004
2.512096774	29188.00		-171.836922480068-101.484301614416i	75.44140625	199.5670098
2.516129032	29171.00		23.7190125572961+43.3807370102282i	75.5625	49.44168181
2.52016129	29159.00		51.5645872520508-82.3529143891139i	75.68359375	97.16434103
2.524193548	29148.00		49.2572566678476-69.0282319346053i	75.8046875	84.80079091
2.528225806	29127.00		-6.92048906618228+284.291766783511i	75.92578125	284.3759867
2.532258065	29125.00		-111.69857961378+187.111972284974i	76.046875	217.9161831
2.536290323	29120.00		184.871255809664-27.9116663714546i	76.16796875	186.9664204
2.540322581	29118.00		-11.3765900570127+73.4449407698203i	76.2890625	74.32083238
2.544354839	29116.00		159.282276120546+43.0598897660341i	76.41015625	164.9999927
2.548387097	29101.00		22.3250781499856+36.0004754343506i	76.53125	42.36087046
2.552419355	29104.00		147.889455885027+19.0419645708376i	76.65234375	149.1103202
2.556451613	29101.00		65.5003855545116+145.127780638792i	76.7734375	159.2242859
2.560483871	29109.00		321.128431046862+126.985333044157i	76.89453125	345.3241145
2.564516129	29117.00		11.9335637480604+18.1847745130535i	77.015625	21.75076936
2.568548387	29115.00		40.080494648931+117.963327148644i	77.13671875	124.5864864
2.572580645	29139.00		80.919642241749-24.6975666377504i	77.2578125	84.60471794
2.576612903	29153.00		96.7479302419645+12.1189761710417i	77.37890625	97.50400807
2.580645161	29173.00		38.599459042862+189.513239329346i	77.5	193.404204
2.584677419	29178.00		150.185629370835-9.18705571545749i	77.62109375	150.4663592
2.588709677	29182.00		41.4690804258127+221.749419391843i	77.7421875	225.5936383
2.592741935	29174.00		-17.2058507921188-17.6695055772299i	77.86328125	24.66278023
2.596774194	29168.00		73.1361295770006-12.9352439944039i	77.984375	74.2712191
2.600806452	29178.00		-77.5408504611337-108.782621118249i	78.10546875	133.589828
2.60483871	29194.00		-15.027482686158+145.806323774757i	78.2265625	146.5786795
2.608870968	29206.00		33.5986616182479+195.311262637745i	78.34765625	198.1801185
2.612903226	29227.00		85.7943997619143+86.3692614257866i	78.46875	121.7387709
2.616935484	29230.00		32.5730863458385-146.984949036047i	78.58984375	150.5509256
2.620967742	29243.00		3.97893235400105-81.3079769618649i	78.7109375	81.40527637
2.625	29242.00		144.179342591871+124.555973200225i	78.83203125	190.5305049
2.629032258	29239.00		-6.07780996651925+33.5174683597802i	78.953125	34.06406404
2.633064516	29257.00		-151.186670660755-69.8668164392144i	79.07421875	166.5496365
2.637096774	29265.00		128.957831590212-82.3531762852732i	79.1953125	153.0103525
2.641129032	29277.00		-4.55205326896723+107.378963003221i	79.31640625	107.475406
2.64516129	29282.00		84.7693213727528+136.540227450799i	79.4375	160.7142544
2.649193548	29290.00		-11.9171116601238+7.8100832691368i	79.55859375	14.24833152
2.653225806	29315.00		-9.51663786787842+63.6242740730066i	79.6796875	64.33206547
2.657258065	29323.00		120.134693766041-16.6386569347324i	79.80078125	121.2814477
2.661290323	29325.00		10.4247511781535+52.7280336979292i	79.921875	53.74868347
2.665322581	29313.00		101.631445971062-25.1105212332348i	80.04296875	104.6875785
2.669354839	29308.00		133.826117016355+60.2257985290681i	80.1640625	146.7534545
2.673387097	29301.00		135.731190443296+88.1053576369412i	80.28515625	161.8193749
2.677419355	29300.00		228.669620141506-131.909980688301i	80.40625	263.9887084
2.681451613	29300.00		122.833577324283+49.5327441828966i	80.52734375	132.4446317
2.685483871	29303.00		71.371200215548+125.09158273181i	80.6484375	144.0199718
2.689516129	29311.00		66.7415980364769-72.1287466982196i	80.76953125	98.27002091
2.693548387	29332.00		-44.3148075853436+97.0367945817417i	80.890625	106.6768094
2.697580645	29342.00		-11.9886018741415+31.6667525664071i	81.01171875	33.86015052
2.701612903	29361.00		49.0478490306225+25.2367399415693i	81.1328125	55.15962779
2.705645161	29361.00		129.908809639888+150.243683323756i	81.25390625	198.6188893
2.709677419	29353.00		165.653642698826+145.358190243397i	81.375	220.3863263
2.713709677	29355.00		-22.9493850874795+11.9218476124489i	81.49609375	25.86125918
2.717741935	29350.00		-27.8958131519355-33.4071655602822i	81.6171875	43.52258152
2.721774194	29332.00		84.4282526459063-11.6334001113433i	81.73828125	85.2259693
2.725806452	29327.00		108.566366176547+10.947892123922i	81.859375	109.1169657
2.72983871	29325.00		61.1844840848358+269.566904767856i	81.98046875	276.4233298
2.733870968	29319.00		44.2877473659694-33.6198223358147i	82.1015625	55.60303068
2.737903226	29320.00		106.299485623156+46.2066118329152i	82.22265625	115.9078583
2.741935484	29298.00		-27.7133332748584+30.2359253556947i	82.34375	41.01511945
2.745967742	29301.00		-13.6672654353215+22.5253838199296i	82.46484375	26.34742987
2.75	29288.00		157.434707651122+41.2742221057164i	82.5859375	162.7551799
2.754032258	29299.00		84.5769541880126+67.6002289784916i	82.70703125	108.2730444
2.758064516	29288.00		27.7975531677067+114.172033972617i	82.828125	117.5072649
2.762096774	29279.00		60.460269083952-53.0277480138339i	82.94921875	80.42006091
2.766129032	29245.00		-57.2786724817465+46.8960811161678i	83.0703125	74.0276215
2.77016129	29224.00		-65.0023966557518+108.33782702109i	83.19140625	126.3423774
2.774193548	29197.00		37.2420193194634+76.7698129870395i	83.3125	85.32626904
2.778225806	29178.00		132.260060875439-38.8194995510967i	83.43359375	137.8393168
2.782258065	29155.00		199.337598115888+129.889665647573i	83.5546875	237.9218428
2.786290323	29143.00		119.453691225013+33.0067721090144i	83.67578125	123.9299453
2.790322581	29129.00		-63.5488463126467+203.668046525945i	83.796875	213.3521245
2.794354839	29112.00		155.565094903305+103.423703423717i	83.91796875	186.8072835
2.798387097	29107.00		125.728253824218-52.1772694679724i	84.0390625	136.1251676
2.802419355	29091.00		42.3790535058535+55.4803685874304i	84.16015625	69.814436
2.806451613	29085.00		100.977863545366-56.4465908918479i	84.28125	115.6838215
2.810483871	29085.00		128.077488379177+11.5739490206401i	84.40234375	128.5993753
2.814516129	29095.00		74.1111719063703+41.9729537998337i	84.5234375	85.17156011
2.818548387	29090.00		147.173573719229+145.289877830192i	84.64453125	206.8071793
2.822580645	29096.00		116.269671916693-34.507341211158i	84.765625	121.2822873
2.826612903	29092.00		43.2008516147797+157.542237198488i	84.88671875	163.3581038
2.830645161	29087.00		142.847018537753-88.195613779657i	85.0078125	167.8801269
2.834677419	29075.00		10.4193229032302+105.318714593696i	85.12890625	105.8328585
2.838709677	29073.00		20.4387161417158+43.4030873696223i	85.25	47.97467155
2.842741935	29082.00		-35.9385289790548-3.15320771549867i	85.37109375	36.0765933
2.846774194	29085.00		9.83921341665262+170.625968160145i	85.4921875	170.9094238
2.850806452	29095.00		97.6976231175501-42.4425501106201i	85.61328125	106.5185224
2.85483871	29116.00		-10.4364719890742-19.3887345775071i	85.734375	22.01915021
2.858870968	29123.00		14.815139500165+54.5383252400113i	85.85546875	56.51475275
2.862903226	29133.00		154.360122986058+30.6074767817666i	85.9765625	157.3653876
2.866935484	29149.00		-106.633128128582+225.515855399586i	86.09765625	249.455457
2.870967742	29168.00		79.5401095937314-122.150593486098i	86.21875	145.7648672
2.875	29178.00		-11.6119961732965+30.4587455973515i	86.33984375	32.59714157
2.879032258	29184.00		226.057491890291-53.0689282037395i	86.4609375	232.2031455
2.883064516	29194.00		25.7596097349678+87.0215569960055i	86.58203125	90.75411217
2.887096774	29200.00		100.863499203364+38.2058605383055i	86.703125	107.8570037
2.891129032	29199.00		96.416198580378+5.33319922264396i	86.82421875	96.56358715
2.89516129	29207.00		26.4422710987787-5.23821541287748i	86.9453125	26.95612364
2.899193548	29217.00		118.946313838264+25.3256538074491i	87.06640625	121.6125582
2.903225806	29227.00		-23.0347430354005+161.124068184441i	87.1875	162.7622952
2.907258065	29238.00		76.6276540949175+111.653366339482i	87.30859375	135.4188746
2.911290323	29252.00		21.3908667041394-22.4683941203337i	87.4296875	31.02253879
2.915322581	29266.00		75.4992332393223+155.961725326572i	87.55078125	173.2749087
2.919354839	29280.00		301.509962326389+85.6425891362522i	87.671875	313.4372512
2.923387097	29294.00		93.1204872886809-31.4346452117918i	87.79296875	98.28307114
2.927419355	29290.00		-114.552081516021+186.036982767195i	87.9140625	218.4764022
2.931451613	29293.00		-116.983095148729-54.2331672755865i	88.03515625	128.9429369
2.935483871	29283.00		143.796853868029-137.211468973871i	88.15625	198.7574462
2.939516129	29279.00		92.0918988746804+31.4755632279161i	88.27734375	97.32229405
2.943548387	29273.00		-14.0340902598581+112.52035990997i	88.3984375	113.3921826
2.947580645	29268.00		-99.0081864132136-198.765602300189i	88.51953125	222.0594192
2.951612903	29264.00		311.534873956092+91.7817861912048i	88.640625	324.7735734
2.955645161	29283.00		89.7819017337427-27.1842910956667i	88.76171875	93.80711893
2.959677419	29288.00		-133.239996406221-49.6123406166387i	88.8828125	142.1769355
2.963709677	29295.00		-58.4026185871407+41.1513661308448i	89.00390625	71.44438951
2.967741935	29307.00		4.81947050149873+52.2568161344251i	89.125	52.47858733
2.971774194	29293.00		118.764942005519+90.4061023718005i	89.24609375	149.2594211
2.975806452	29291.00		0.925771355983478-68.7754518494591i	89.3671875	68.78168237
2.97983871	29293.00		-27.6840442871217+46.5254161381582i	89.48828125	54.13890149
2.983870968	29294.00		-18.575140419716+86.6258924388405i	89.609375	88.59503983
2.987903226	29296.00		32.7686629051666+25.4748564255351i	89.73046875	41.50606677
2.991935484	29301.00		63.8989550686873+67.0148057100048i	89.8515625	92.5962237
2.995967742	29315.00		-8.40032363560875-19.3820869245888i	89.97265625	21.12417408
3	29311.00		82.309438616967+82.6533325033754i	90.09375	116.6465476
3.004032258	29315.00		121.657726800987+164.203070940238i	90.21484375	204.3605906
3.008064516	29316.00		44.1467389258246+116.826293227888i	90.3359375	124.8892203
3.012096774	29333.00		90.2719413768111+103.749578044723i	90.45703125	137.5245372
3.016129032	29333.00		55.1176765780879+68.3824345945071i	90.578125	87.83003833
3.02016129	29324.00		205.197068419652+106.716620647211i	90.69921875	231.288292
3.024193548	29322.00		55.6615812432898+126.41580241849i	90.8203125	138.1273569
3.028225806	29318.00		71.3560176160821+22.5859157142368i	90.94140625	74.84520585
3.032258065	29309.00		-81.3542869829567+58.4448755592762i	91.0625	100.1714704
3.036290323	29312.00		148.366546104792-2.17587194641975i	91.18359375	148.3825004
3.040322581	29312.00		106.26397409076+38.7319960172713i	91.3046875	113.102607
3.044354839	29301.00		77.3920554192586-22.1261780941737i	91.42578125	80.4928444
3.048387097	29294.00		4.28349395650866-1.40004726205964i	91.546875	4.506490077
3.052419355	29278.00		182.440181708411-126.599303396128i	91.66796875	222.0626117
3.056451613	29268.00		260.29324067596+13.8980852389333i	91.7890625	260.6640135
3.060483871	29245.00		106.607152705682+178.217372155344i	91.91015625	207.6692484
3.064516129	29250.00		-22.8365279260674-64.6527663487478i	92.03125	68.5673917
3.068548387	29228.00		134.43259497543+25.0415211623371i	92.15234375	136.7450196
3.072580645	29212.00		-99.669004254974+95.6688207869992i	92.2734375	138.1536597
3.076612903	29200.00		34.2077301208052+168.938181701553i	92.39453125	172.3666964
3.080645161	29195.00		65.4886322174824+133.750110033738i	92.515625	148.9223049
3.084677419	29190.00		-135.835745354969+14.0331686532594i	92.63671875	136.5587036
3.088709677	29190.00		-25.6972310467188+76.3315216562452i	92.7578125	80.54097641
3.092741935	29194.00		-78.3132051303834-13.4779417752005i	92.87890625	79.46453934
3.096774194	29189.00		113+92.9999999999999i	93	146.3488982
3.100806452	29193.00		-108.658821301165+38.3156545557219i	93.12109375	115.2164434
3.10483871	29194.00		84.8536005098129+199.11344197089i	93.2421875	216.4400524
3.108870968	29190.00		-73.0970356524817+41.9370797904188i	93.36328125	84.27274341
3.112903226	29202.00		183.446985692398+35.7416069796513i	93.484375	186.8963858
3.116935484	29207.00		30.8079940794865+59.7123455682978i	93.60546875	67.19149286
3.120967742	29219.00		129.564845410549-181.060033125923i	93.7265625	222.642729
3.125	29215.00		-19.779876652358+72.9009212162243i	93.84765625	75.5366655
3.129032258	29178.00		141.223788143394+56.6116660650696i	93.96875	152.1480827
3.133064516	29172.00		163.601999387765-7.95408941346587i	94.08984375	163.7952433
3.137096774	29155.00		4.8197969213101+51.2107326967101i	94.2109375	51.43704488
3.141129032	29140.00		-81.7078524048429+61.8149818652842i	94.33203125	102.456162
3.14516129	29130.00		-105.804444393557-3.70982505118138i	94.453125	105.8694633
3.149193548	29116.00		33.7695696446888+121.126234337i	94.57421875	125.7455704
3.153225806	29133.00		124.95316637667-100.606191737746i	94.6953125	160.4210074
3.157258065	29125.00		80.0260279674218+96.960299489816i	94.81640625	125.7197869
3.161290323	29123.00		-37.6694015945579-5.9816486808735i	94.9375	38.1413678
3.165322581	29130.00		-71.1215277084703-46.5632437450757i	95.05859375	85.00827825
3.169354839	29124.00		-43.0725517738165-57.415992798862i	95.1796875	71.7763258
3.173387097	29127.00		74.2592313786364+150.131252546393i	95.30078125	167.4927653
3.177419355	29123.00		138.971707630556+47.8845371597808i	95.421875	146.9900147
3.181451613	29131.00		-9.05547837577143+45.102072671521i	95.54296875	46.00215917
3.185483871	29118.00		260.739164447263+1.6674366985503i	95.6640625	260.7444961
3.189516129	29136.00		92.5784664519619+56.4962340636417i	95.78515625	108.4555066
3.193548387	29156.00		33.0302709650408+129.680773960752i	95.90625	133.8211565
3.197580645	29177.00		29.7099561308882+20.0632860838709i	96.02734375	35.84992248
3.201612903	29189.00		236.9725937846+68.2915898365378i	96.1484375	246.6166082
3.205645161	29206.00		288.95369726066+136.753182677416i	96.26953125	319.6805783
3.209677419	29220.00		31.8347259423031+50.654768802171i	96.390625	59.82771413
3.213709677	29226.00		68.3263683381727-89.816987795816i	96.51171875	112.8520443
3.217741935	29223.00		-70.5320719128307-195.40860051512i	96.6328125	207.7481512
3.221774194	29219.00		51.70433281296+10.8781291670024i	96.75390625	52.83627282
3.225806452	29215.00		-211.241470158593-27.9171372183631i	96.875	213.078214
3.22983871	29199.00		-44.3196874010104+34.8766754458974i	96.99609375	56.39696075
3.233870968	29198.00		14.6407095506315+56.5703820641913i	97.1171875	58.43422373
3.237903226	29197.00		-64.7578387829988+39.1644578340857i	97.23828125	75.67980207
3.241935484	29200.00		-85.4462726222119+80.9463077746924i	97.359375	117.7003409
3.245967742	29212.00		16.9580461174241-66.9347782601519i	97.48046875	69.04954648
3.25	29215.00		-74.0730684603782+134.183764688308i	97.6015625	153.2713351
3.254032258	29225.00		5.01495965081364+129.520395281549i	97.72265625	129.6174472
3.258064516	29232.00		127.156640575659+237.104978540003i	97.84375	269.0494046
3.262096774	29245.00		-188.883011274722+136.903360689703i	97.96484375	233.2794936
3.266129032	29249.00		-29.2068203258489-50.6094025036818i	98.0859375	58.43243941
3.27016129	29260.00		111.308401426557+177.9021347556i	98.20703125	209.8540678
3.274193548	29279.00		-57.1708498688481+237.56368473998i	98.328125	244.3460873
3.278225806	29301.00		189.895173897254+127.049946887785i	98.44921875	228.4772769
3.282258065	29293.00		-43.7251784250585+100.917861136293i	98.5703125	109.9832075
3.286290323	29315.00		-77.8545121055685+171.750494881811i	98.69140625	188.5724199
3.290322581	29330.00		219.238311520526-24.8207021539069i	98.8125	220.6388554
3.294354839	29337.00		33.4891652251671+260.909379676521i	98.93359375	263.0498595
3.298387097	29344.00		123.332379368369-538.682519546398i	99.0546875	552.6207856
3.302419355	29359.00		119.687752997695+81.7901250067741i	99.17578125	144.9647639
3.306451613	29357.00		173.641437144192-96.512229178006i	99.296875	198.6604114
3.310483871	29360.00		26.8305383875609+148.971020398863i	99.41796875	151.3679051
3.314516129	29360.00		125.912786612759-33.6113940057821i	99.5390625	130.3217389
3.318548387	29349.00		70.3003449708418+152.265822568095i	99.66015625	167.7111184
3.322580645	29347.00		94.9344337148756-76.7448521606275i	99.78125	122.0750549
3.326612903	29317.00		-137.393246381754+183.173563057926i	99.90234375	228.9747985
3.330645161	29309.00		26.0726718926177+323.617987233931i	100.0234375	324.6665765
3.334677419	29297.00		-23.9117184650508+202.148579034625i	100.1445313	203.5578991
3.338709677	29282.00		154.124717605909+41.9505740582917i	100.265625	159.731898
3.342741935	29283.00		-73.6230392249436+145.723780335036i	100.3867188	163.265955
3.346774194	29282.00		54.4184847473995+55.0229002357823i	100.5078125	77.38792563
3.350806452	29279.00		21.9333374127537+166.179196134393i	100.6289063	167.6203941
3.35483871	29292.00		39.9948334044139+47.8854101510309i	100.75	62.39069806
3.358870968	29292.00		-38.0234828616177+41.4272372601689i	100.8710938	56.23167467
3.362903226	29290.00		186.1655302925-12.4568501434833i	100.9921875	186.581826
3.366935484	29283.00		-45.0681667971658-47.3139756887075i	101.1132813	65.34333902
3.370967742	29272.00		-78.7586863446674+159.379130112465i	101.234375	177.7769327
3.375	29256.00		78.9480772358793+286.686534261484i	101.3554688	297.3583155
3.379032258	29244.00		55.1960974220777+82.9027639773289i	101.4765625	99.59657346
3.383064516	29235.00		75.9603695619721-156.116661809591i	101.5976563	173.6156382
3.387096774	29221.00		1.4503197375281+63.5608716469052i	101.71875	63.57741605
3.391129032	29210.00		-98.5965214196574+9.9147070782349i	101.8398438	99.09377101
3.39516129	29194.00		206.390158282233+212.094131163425i	101.9609375	295.9405648
3.399193548	29186.00		-55.6261932352124-37.3078332111479i	102.0820313	66.97871149
3.403225806	29176.00		-83.9076996296867+21.2385059201181i	102.203125	86.55389183
3.407258065	29177.00		-48.4831874486675+101.404216418726i	102.3242188	112.3985524
3.411290323	29169.00		68.4489137528563-153.979186224061i	102.4453125	168.5076959
3.415322581	29166.00		-57.1791400372581+210.643596550295i	102.5664063	218.2663025
3.419354839	29155.00		-27.2917442452479+180.291515241587i	102.6875	182.3454682
3.423387097	29152.00		78.8278751833494-14.6661724315867i	102.8085938	80.18061187
3.427419355	29144.00		74.3731230524439+197.649526969766i	102.9296875	211.1793005
3.431451613	29127.00		22.7279234830238+66.8440477890464i	103.0507813	70.6023033
3.435483871	29116.00		56.9277316877953+70.2415462567083i	103.171875	90.41372382
3.439516129	29107.00		278.646770120205+28.4499815370723i	103.2929688	280.0953837
3.443548387	29109.00		-203.969627874424+52.900222492962i	103.4140625	210.717922
3.447580645	29115.00		-11.7283888385326+86.8618835557502i	103.5351563	87.65011078
3.451612903	29117.00		132.884715617376+161.761456620923i	103.65625	209.3444924
3.455645161	29122.00		-73.4974328919851+215.165946947415i	103.7773438	227.3725079
3.459677419	29125.00		8.18176942397067+152.127710326307i	103.8984375	152.3475684
3.463709677	29143.00		60.1272694727844+293.364413350448i	104.0195313	299.4627983
3.467741935	29135.00		60.2353909173914-10.1901612942624i	104.140625	61.0912572
3.471774194	29128.00		153.905477222691+392.811450934581i	104.2617188	421.8859229
3.475806452	29128.00		-145.837017717591+261.818073149201i	104.3828125	299.695077
3.47983871	29115.00		-72.5371559201299-44.1768910265164i	104.5039063	84.93077587
3.483870968	29125.00		248.820762920515+2.60210701836176i	104.625	248.8343686
3.487903226	29130.00		2.47289392006893+173.593978715601i	104.7460938	173.6115913
3.491935484	29146.00		112.013882655245+70.9263683054014i	104.8671875	132.5807664
3.495967742	29182.00		183.840153044532+34.4587498600874i	104.9882813	187.0417261
3.5	29200.00		86.0316623625727+145.071431360363i	105.109375	168.6628801
3.504032258	29215.00		376.325344849118+58.6668368251597i	105.2304688	380.8707956
3.508064516	29220.00		-430.431316034177+134.21583169666i	105.3515625	450.8713867
3.512096774	29237.00		30.3261791947929-236.086729882444i	105.4726563	238.0265136
3.516129032	29236.00		148.690406862743+86.9834589503836i	105.59375	172.2642134
3.52016129	29249.00		171.762568528162-5.52078855281101i	105.7148438	171.8512702
3.524193548	29256.00		179.948894567666+209.214328700925i	105.8359375	275.9569531
3.528225806	29254.00		-13.7380527850069-195.129230863177i	105.9570313	195.6122461
3.532258065	29250.00		59.5174046877145+29.8731816477962i	106.078125	66.59375678
3.536290323	29251.00		-239.114669413588+122.47511503868i	106.1992188	268.6558746
3.540322581	29254.00		-219.221319384249-169.814093501398i	106.3203125	277.2991403
3.544354839	29258.00		209.298777966329+88.1010480566445i	106.4414063	227.0853873
3.548387097	29280.00		177.069200736778+102.853981218464i	106.5625	204.7741275
3.552419355	29286.00		-31.5667369181272-71.9684714488583i	106.6835938	78.58702032
3.556451613	29301.00		169.728289057546-15.7592394745859i	106.8046875	170.4583402
3.560483871	29309.00		125.988947582299+100.310894948047i	106.9257813	161.0449954
3.564516129	29303.00		281.513785909204-244.02270734532i	107.046875	372.5548193
3.568548387	29299.00		234.273121011482-49.0667831334561i	107.1679688	239.3563127
3.572580645	29284.00		320.941799558647+252.021924067827i	107.2890625	408.0670152
3.576612903	29280.00		-122.337376544913-7.20990696137336i	107.4101563	122.549649
3.580645161	29287.00		8.37410653607535+292.888025251826i	107.53125	293.0077149
3.584677419	29285.00		93.1242284530716+776.121395166355i	107.6523438	781.6882639
3.588709677	29292.00		-77.9141012207889+83.8080444948029i	107.7734375	114.4307454
3.592741935	29302.00		234.017068049007+293.818789666996i	107.8945313	375.6241064
3.596774194	29312.00		123.539086488706+188.733813240026i	108.015625	225.571182
3.600806452	29318.00		274.357801455971-29.5819044839518i	108.1367188	275.9479884
3.60483871	29317.00		-47.5328983982503+382.238722512974i	108.2578125	385.1828363
3.608870968	29316.00		46.565062935023+368.897885355685i	108.3789063	371.8251671
3.612903226	29306.00		297.400540957138+131.513239329346i	108.5	325.1812016
3.616935484	29300.00		275.282797519339-235.175855797175i	108.6210938	362.0611851
3.620967742	29296.00		81.3849880555708+29.2601819484833i	108.7421875	86.4851116
3.625	29291.00		-288.965878928911-312.674941067891i	108.8632813	425.7545043
3.629032258	29279.00		143.588438827086+341.717627264232i	108.984375	370.6596506
3.633064516	29276.00		17.0846533597709+380.485089765751i	109.1054688	380.8684667
3.637096774	29257.00		-189.646739040145+703.309867647864i	109.2265625	728.4302682
3.641129032	29244.00		-487.797894036147+80.2561851710838i	109.3476563	494.3559858
3.64516129	29239.00		-24.9764033666333+98.5215982839663i	109.46875	101.6382116
3.649193548	29234.00		-385.789178350479+234.044974991701i	109.5898438	451.2320251
3.653225806	29229.00		644.416621860444-456.740677507439i	109.7109375	789.8638041
3.657258065	29232.00		291.825581818723+120.215296166357i	109.8320313	315.6166783
3.661290323	29233.00		299.998488321668+196.350846783712i	109.953125	358.5425331
3.665322581	29220.00		-92.8837895019892-51.6448183474482i	110.0742188	106.2759879
3.669354839	29205.00		-153.602194672191+457.462664781385i	110.1953125	482.561627
3.673387097	29194.00		-798.490449926538-90.1346185014097i	110.3164063	803.5616019
3.677419355	29184.00		355.159439798327+633.827700955776i	110.4375	726.5506054
3.681451613	29178.00		-404.394465360725-677.907573244257i	110.5585938	789.3627566
3.685483871	29177.00		-1012.72737528058+320.061726416728i	110.6796875	1062.099922
3.689516129	29175.00		489.736738900807+447.323095955702i	110.8007813	663.2797491
3.693548387	29187.00		-377.881909627496-918.302600524683i	110.921875	993.0127913
3.697580645	29198.00		867.694746338624-2.60297332717968i	111.0429688	867.6986506
3.701612903	29200.00		-55.6162701427918+518.167286608524i	111.1640625	521.1434605
3.705645161	29216.00		-70.8399860569807+560.813326357143i	111.2851563	565.2697503
3.709677419	29208.00		1257.63799699052+1253.97862480623i	111.40625	1775.98303
3.713709677	29217.00		1596.59312745847-387.318227224667i	111.5273438	1642.901404
3.717741935	29208.00		-53.1587133556245+391.39486482281i	111.6484375	394.9883404
3.721774194	29216.00		443.782287802472+670.957636958621i	111.7695313	804.4419616
3.725806452	29214.00		-14.0264495859233+462.434538516539i	111.890625	462.647213
3.72983871	29223.00		1249.26867694616+814.510432615211i	112.0117188	1491.341501
3.733870968	29226.00		1302.14957426476+524.659299419146i	112.1328125	1403.873532
3.737903226	29237.00		-811.933155278861-1023.1629876721i	112.2539063	1306.176844
3.741935484	29232.00		389.64959868661-288.582952571204i	112.375	484.8782634
3.745967742	29236.00		-351.996505260614-925.809527569514i	112.4960938	990.4669712
3.75	29227.00		218.819977124051-195.322268633508i	112.6171875	293.3137757
3.754032258	29235.00		-515.443248916398-1428.84702373116i	112.7382813	1518.975168
3.758064516	29246.00		-941.724197361629+861.585776825778i	112.859375	1276.391208
3.762096774	29258.00		206.623801177801+496.652956871046i	112.9804688	537.9196546
3.766129032	29269.00		623.327935193717-1435.59548848886i	113.1015625	1565.078951
3.77016129	29274.00		-783.047653905677+421.493704251206i	113.2226563	889.2809292
3.774193548	29284.00		401.776122587498-691.844908806042i	113.34375	800.0458928
3.778225806	29272.00		946.235935587679+583.809349905217i	113.4648438	1111.843426
3.782258065	29271.00		1139.43568848534-755.882265693339i	113.5859375	1367.359385
3.786290323	29267.00		-172.751753670999+598.372570531925i	113.7070313	622.8104861
3.790322581	29264.00		-1175.29015436375+1664.02948081853i	113.828125	2037.22877
3.794354839	29271.00		-818.123040027966-1013.39593520694i	113.9492188	1302.419529
3.798387097	29288.00		700.228572668127+599.570551715663i	114.0703125	921.8486321
3.802419355	29306.00		2008.04744293719-380.612742039387i	114.1914063	2043.800527
3.806451613	29316.00		-33.5751843885097+628.882908386983i	114.3125	629.7785368
3.810483871	29321.00		-516.724181731544-126.68640951403i	114.4335938	532.0275616
3.814516129	29321.00		-92.5968537381605+1880.8139093368i	114.5546875	1883.091909
3.818548387	29329.00		-1491.22072218999+273.690289907625i	114.6757813	1516.128496
3.822580645	29322.00		181.795163714606+1544.3567962515i	114.796875	1555.020063
3.826612903	29325.00		-181.669636972606+941.149160780227i	114.9179688	958.5226131
3.830645161	29330.00		-378.442856826833+1868.31956351407i	115.0390625	1906.26257
3.834677419	29332.00		1160.34395495792-573.846435160392i	115.1601563	1294.487476
3.838709677	29332.00		427.639778103326+875.242240928954i	115.28125	974.1276919
3.842741935	29339.00		-483.227742439502+556.825360284776i	115.4023438	737.2676128
3.846774194	29338.00		463.477542062328-162.280251475065i	115.5234375	491.0665047
3.850806452	29329.00		-42.9366231984545+1122.07722841246i	115.6445313	1122.898419
3.85483871	29314.00		30.4271587984507-222.344406182946i	115.765625	224.4166815
3.858870968	29313.00		-1518.19647258906-236.083949794352i	115.8867188	1536.442697
3.862903226	29309.00		-383.849479057834+867.261843573175i	116.0078125	948.4110543
3.866935484	29295.00		-606.401498034663+496.330023579286i	116.1289063	783.6238059
3.870967742	29284.00		-340.273653321554+652.146345749633i	116.25	735.5820929
3.875	29288.00		-602.887102465931-41.8122087425197i	116.3710938	604.3352705
3.879032258	29309.00		-661.187977424976+115.886398055127i	116.4921875	671.2668611
3.883064516	29319.00		701.005610500321-910.537702864775i	116.6132813	1149.124786
3.887096774	29334.00		-230.868682199002+77.9443058901945i	116.734375	243.6712196
3.891129032	29331.00		-62.9767201940796-576.270470352816i	116.8554688	579.7014079
3.89516129	29330.00		694.932330804385+823.736854732719i	116.9765625	1077.71673
3.899193548	29326.00		515.531310081118-356.871790551854i	117.0976563	627.0008027
3.903225806	29303.00		-319.998309907445-610.297702163255i	117.21875	689.1024623
3.907258065	29296.00		1209.60856306194+1176.53412019511i	117.3398438	1687.41975
3.911290323	29282.00		2204.54943607862-697.676054679283i	117.4609375	2312.312715
3.915322581	29281.00		947.20190116914+322.894858406146i	117.5820313	1000.726002
3.919354839	29268.00		-941.888704835662+498.734435440918i	117.703125	1065.781577
3.923387097	29265.00		-974.330310561469-2275.29904498981i	117.8242188	2475.13743
3.927419355	29258.00		-400.938778018175+1115.72018487593i	117.9453125	1185.573041
3.931451613	29233.00		346.768315379217-1263.82672642485i	118.0664063	1310.53663
3.935483871	29217.00		-2021.5392259957+2586.17412293914i	118.1875	3282.516936
3.939516129	29197.00		-1494.54661465892+685.716467256019i	118.3085938	1644.346879
3.943548387	29181.00		-1489.29554474179-1183.18732501115i	118.4296875	1902.086608
3.947580645	29161.00		1429.93811820047+950.010621418858i	118.5507813	1716.753681
3.951612903	29155.00		-182.987848767335+327.204013087503i	118.671875	374.8960109
3.955645161	29154.00		-1323.28471282069-932.325111054923i	118.7929688	1618.737948
3.959677419	29161.00		-648.746599367584-1988.42927753078i	118.9140625	2091.583884
3.963709677	29177.00		-51.4669882952291-1022.51656246792i	119.0351563	1023.811004
3.967741935	29193.00		2991.07116894867+3905.40352993451i	119.15625	4919.215737
3.971774194	29211.00		-218.861961152477-1877.02129751097i	119.2773438	1889.737947
3.975806452	29213.00		-8.02677254959782+1302.58640450101i	119.3984375	1302.611135
3.97983871	29230.00		-1424.18894635677-81.8389450996982i	119.5195313	1426.538386
3.983870968	29224.00		926.146638297033+900.821902268465i	119.640625	1291.98595
3.987903226	29218.00		-132.15007975545+1683.61919352558i	119.7617188	1688.79757
3.991935484	29216.00		83.5967714207724+556.998316245792i	119.8828125	563.2366683
3.995967742	29204.00		2873.41397076652+1329.375457871i	120.0039063	3166.030157
4	29215.00		-2135.97739525838+2731.60284925675i	120.125	3467.571709
4.004032258	29235.00		461.907333333707+1217.83634244642i	120.2460938	1302.491359
4.008064516	29241.00		1193.40692998321+3013.13650540503i	120.3671875	3240.865887
4.012096774	29255.00		224.792042472491+2658.46455614754i	120.4882813	2667.95151
4.016129032	29254.00		-1842.49796840904-156.859849544706i	120.609375	1849.162993
4.02016129	29266.00		550.670112797212+891.712012169018i	120.7304688	1048.040021
4.024193548	29280.00		-506.878033738961+1892.61700219229i	120.8515625	1959.317345
4.028225806	29287.00		-2548.15039959522+516.273323014877i	120.9726563	2599.92473
4.032258065	29297.00		-1785.8744668565+480.555693320915i	121.09375	1849.400277
4.036290323	29309.00		2243.56482507283+2286.86195220513i	121.2148438	3203.641789
4.040322581	29306.00		-3264.80102640625-1736.77017521161i	121.3359375	3698.012491
4.044354839	29299.00		2346.38772326703+571.095642238127i	121.4570313	2414.888316
4.048387097	29282.00		566.229613620294+942.305350895404i	121.578125	1099.343145
4.052419355	29273.00		-5974.56030077393+1689.21455351345i	121.6992188	6208.76933
4.056451613	29263.00		-5369.68396167361-306.367690611853i	121.8203125	5378.416775
4.060483871	29259.00		7368.50512962622-1265.96873868043i	121.9414063	7476.466056
4.064516129	29261.00		2625.06479224474-9650.93318194824i	122.0625	10001.5737
4.068548387	29271.00		-2331.72935713324-8323.30698925877i	122.1835938	8643.749246
4.072580645	29279.00		17676.782346532+27735.7402910428i	122.3046875	32889.81489
4.076612903	29281.00		-7757.40781233411+7065.07022204619i	122.4257813	10492.50176
4.080645161	29291.00		8779.85131830917-7184.10261883767i	122.546875	11344.47529
4.084677419	29294.00		2295.69778611809+2065.17841550976i	122.6679688	3087.910331
4.088709677	29300.00		9064.72200917059+4418.13068977614i	122.7890625	10084.09956
4.092741935	29302.00		-1268.48197355719-3419.48858604738i	122.9101563	3647.183668
4.096774194	29299.00		1644.30829757567+3367.14701948172i	123.03125	3747.189457
4.100806452	29296.00		-2599.79729959193-498.454445685156i	123.1523438	2647.149945
4.10483871	29290.00		645.283552997689+2852.20383894955i	123.2734375	2924.287538
4.108870968	29289.00		-3578.73406959644-1811.28910865281i	123.3945313	4010.998102
4.112903226	29282.00		3288.36533415079+4564.73083568755i	123.515625	5625.843419
4.116935484	29292.00		2928.78416025017-19.0466658388258i	123.6367188	2928.846092
4.120967742	29290.00		2311.25714234679+4539.03197907781i	123.7578125	5093.596066
4.125	29293.00		10950.9149618849+23785.0783589661i	123.8789063	26184.96689
4.129032258	29292.00				
4.133064516	29294.00				
4.137096774	29282.00				
4.141129032	29267.00				
4.14516129	29251.00				
4.149193548	29238.00				
4.153225806	29233.00				
4.157258065	29238.00				
4.161290323	29234.00				
4.165322581	29229.00				
4.169354839	29231.00				
4.173387097	29229.00				
4.177419355	29231.00				
4.181451613	29233.00				
4.185483871	29220.00				
4.189516129	29211.00				
4.193548387	29218.00				
4.197580645	29213.00				
4.201612903	29201.00				
4.205645161	29192.00				
4.209677419	29192.00				
4.213709677	29195.00				
4.217741935	29191.00				
4.221774194	29188.00				
4.225806452	29184.00				
4.22983871	29162.00				
4.233870968	29161.00				
4.237903226	29170.00				
4.241935484	29169.00				
4.245967742	29164.00				
4.25	29170.00				
4.254032258	29175.00				
4.258064516	29183.00				
4.262096774	29175.00				
4.266129032	29159.00				
4.27016129	29153.00				
4.274193548	29157.00				
4.278225806	29166.00				
4.282258065	29183.00				
4.286290323	29197.00				
4.290322581	29203.00				
4.294354839	29223.00				
4.298387097	29219.00				
4.302419355	29232.00				
4.306451613	29229.00				
4.310483871	29226.00				
4.314516129	29229.00				
4.318548387	29228.00				
4.322580645	29239.00				
4.326612903	29241.00				
4.330645161	29244.00				
4.334677419	29247.00				
4.338709677	29260.00				
4.342741935	29268.00				
4.346774194	29266.00				
4.350806452	29255.00				
4.35483871	29254.00				
4.358870968	29258.00				
4.362903226	29242.00				
4.366935484	29234.00				
4.370967742	29238.00				
4.375	29243.00				
4.379032258	29271.00				
4.383064516	29281.00				
4.387096774	29293.00				
4.391129032	29312.00				
4.39516129	29305.00				
4.399193548	29315.00				
4.403225806	29315.00				
4.407258065	29300.00				
4.411290323	29296.00				
4.415322581	29293.00				
4.419354839	29273.00				
4.423387097	29281.00				
4.427419355	29269.00				
4.431451613	29258.00				
4.435483871	29258.00				
4.439516129	29256.00				
4.443548387	29261.00				
4.447580645	29263.00				
4.451612903	29258.00				
4.455645161	29257.00				
4.459677419	29236.00				
4.463709677	29219.00				
4.467741935	29201.00				
4.471774194	29191.00				
4.475806452	29192.00				
4.47983871	29194.00				
4.483870968	29198.00				
4.487903226	29209.00				
4.491935484	29210.00				
4.495967742	29219.00				
4.5	29223.00				
4.504032258	29212.00				
4.508064516	29206.00				
4.512096774	29195.00				
4.516129032	29189.00				
4.52016129	29198.00				
4.524193548	29178.00				
4.528225806	29184.00				
4.532258065	29197.00				
4.536290323	29202.00				
4.540322581	29214.00				
4.544354839	29218.00				
4.548387097	29216.00				
4.552419355	29214.00				
4.556451613	29204.00				
4.560483871	29206.00				
4.564516129	29222.00				
4.568548387	29223.00				
4.572580645	29240.00				
4.576612903	29257.00				
4.580645161	29275.00				
4.584677419	29293.00				
4.588709677	29286.00				
4.592741935	29287.00				
4.596774194	29302.00				
4.600806452	29298.00				
4.60483871	29300.00				
4.608870968	29299.00				
4.612903226	29282.00				
4.616935484	29283.00				
4.620967742	29277.00				
4.625	29271.00				
4.629032258	29257.00				
4.633064516	29272.00				
4.637096774	29282.00				
4.641129032	29302.00				
4.64516129	29298.00				
4.649193548	29297.00				
4.653225806	29294.00				
4.657258065	29287.00				
4.661290323	29280.00				
4.665322581	29278.00				
4.669354839	29287.00				
4.673387097	29292.00				
4.677419355	29290.00				
4.681451613	29282.00				
4.685483871	29262.00				
4.689516129	29249.00				
4.693548387	29239.00				
4.697580645	29236.00				
4.701612903	29233.00				
4.705645161	29235.00				
4.709677419	29228.00				
4.713709677	29222.00				
4.717741935	29220.00				
4.721774194	29211.00				
4.725806452	29205.00				
4.72983871	29194.00				
4.733870968	29189.00				
4.737903226	29169.00				
4.741935484	29155.00				
4.745967742	29153.00				
4.75	29163.00				
4.754032258	29165.00				
4.758064516	29181.00				
4.762096774	29179.00				
4.766129032	29185.00				
4.77016129	29179.00				
4.774193548	29178.00				
4.778225806	29190.00				
4.782258065	29197.00				
4.786290323	29202.00				
4.790322581	29208.00				
4.794354839	29207.00				
4.798387097	29204.00				
4.802419355	29209.00				
4.806451613	29219.00				
4.810483871	29224.00				
4.814516129	29236.00				
4.818548387	29249.00				
4.822580645	29264.00				
4.826612903	29268.00				
4.830645161	29269.00				
4.834677419	29277.00				
4.838709677	29271.00				
4.842741935	29266.00				
4.846774194	29265.00				
4.850806452	29272.00				
4.85483871	29272.00				
4.858870968	29293.00				
4.862903226	29298.00				
4.866935484	29310.00				
4.870967742	29314.00				
4.875	29325.00				
4.879032258	29323.00				
4.883064516	29328.00				
4.887096774	29326.00				
4.891129032	29330.00				
4.89516129	29330.00				
4.899193548	29328.00				
4.903225806	29329.00				
4.907258065	29321.00				
4.911290323	29325.00				
4.915322581	29321.00				
4.919354839	29322.00				
4.923387097	29322.00				
4.927419355	29318.00				
4.931451613	29315.00				
4.935483871	29291.00				
4.939516129	29272.00				
4.943548387	29250.00				
4.947580645	29231.00				
4.951612903	29219.00				
4.955645161	29218.00				
4.959677419	29209.00				
4.963709677	29201.00				
4.967741935	29187.00				
4.971774194	29188.00				
4.975806452	29189.00				
4.97983871	29185.00				
4.983870968	29190.00				
4.987903226	29187.00				
4.991935484	29194.00				
4.995967742	29187.00				
5	29184.00				
