# SEGGER J-Link RTT Viewer V6.16a Terminal Log File
# Compiled: 12:44:10 on Jun  6 2017
# Logging started @ 23 Nov 2018 13:48:59
 9> <info> app: hr,706,18665, 1.00 ,1
 9> <info> app: hr,707,18650, 1.00 ,1
 9> <info> app: hr,708,18670, 1.00 ,1
 9> <info> app: hr,709,18665, 1.00 ,1
 9> <info> app: hr,710,18662, 1.00 ,1
 9> <info> app: hr,711,18633, 0.00 ,0
 9> <info> app: hr,712,18651, 0.00 ,0
 9> <info> app: hr,713,18660, 0.00 ,0
 9> <info> app: hr,714,18668, 0.00 ,0
 9> <info> app: hr,715,18661, 0.00 ,0
 9> <info> app: hr,716,18653, -1.00 ,-1
 9> <info> app: hr,717,18666, 0.00 ,0
 9> <info> app: hr,718,18618, 0.00 ,0
 9> <info> app: hr,719,18632, 0.00 ,0
 9> <info> app: hr,720,18649, 0.00 ,0
 9> <info> app: hr,721,18644, 0.00 ,0
 9> <info> app: hr,722,18652, 0.00 ,0
 9> <info> app: hr,723,18653, 0.00 ,0
 9> <info> app: hr,724,18650, 0.00 ,0
 9> <info> app: hr,725,18651, 0.00 ,0
 9> <info> app: hr,726,18662, 0.00 ,0
 9> <info> app: hr,727,18643, 0.00 ,0
 9> <info> app: hr,728,18649, 0.00 ,0
 9> <info> app: hr,729,18632, 0.00 ,0
 9> <info> app: hr,730,18634, 0.00 ,0
 9> <info> app: hr,731,18644, 0.00 ,0
 9> <info> app: hr,732,18665, 0.00 ,0
 9> <info> app: hr,733,18656, 0.00 ,0
 9> <info> app: hr,734,18627, 0.00 ,0
 9> <info> app: hr,735,18651, 0.00 ,0
 9> <info> app: hr,736,18624, 0.00 ,0
 9> <info> app: hr,737,18654, 0.00 ,0
 9> <info> app: hr,738,18648, 1.00 ,1
 9> <info> app: hr,739,18636, 1.00 ,1
 9> <info> app: hr,740,18634, 1.00 ,1
 9> <info> app: hr,741,18648, 1.00 ,1
 9> <info> app: hr,742,18632, 2.00 ,1
 9> <info> app: hr,743,18658, 2.00 ,1
 9> <info> app: hr,744,18641, 1.00 ,1
 9> <info> app: hr,745,18659, 2.00 ,1
 9> <info> app: hr,746,18633, 2.00 ,1
 9> <info> app: hr,747,18645, 2.00 ,1
 9> <info> app: hr,748,18627, 2.00 ,1
 9> <info> app: hr,749,18625, 3.00 ,1
 9> <info> app: hr,750,18647, 3.00 ,1
 9> <info> app: hr,751,18629, 3.00 ,1
 9> <info> app: hr,752,18658, 3.00 ,1
 9> <info> app: hr,753,18626, 3.00 ,1
 9> <info> app: hr,754,18665, 3.00 ,1
 9> <info> app: hr,755,18631, 4.00 ,1
 9> <info> app: hr,756,18639, 4.00 ,1
 9> <info> app: hr,757,18632, 3.00 ,1
 9> <info> app: hr,758,18648, 3.00 ,1
 9> <info> app: hr,759,18647, 4.00 ,1
 9> <info> app: hr,760,18653, 4.00 ,1
 9> <info> app: hr,761,18647, 4.00 ,1
 9> <info> app: hr,762,18643, 3.00 ,1
 9> <info> app: hr,763,18641, 3.00 ,1
 9> <info> app: hr,764,18671, 4.00 ,1
 9> <info> app: hr,765,18678, 4.00 ,1
 9> <info> app: hr,766,18652, 4.00 ,1
 9> <info> app: hr,767,18644, 2.00 ,1
 9> <info> app: hr,768,18646, 2.00 ,1
 9> <info> app: hr,769,18643, 2.00 ,1
 9> <info> app: hr,770,18652, 2.00 ,1
 9> <info> app: hr,771,18656, 2.00 ,1
 9> <info> app: hr,772,18646, 2.00 ,1
 9> <info> app: hr,773,18637, 2.00 ,1
 9> <info> app: hr,774,18654, 1.00 ,0
 9> <info> app: hr,775,18646, 1.00 ,0
 9> <info> app: hr,776,18646, 0.00 ,-1
 9> <info> app: hr,777,18650, 0.00 ,-1
 9> <info> app: hr,778,18669, 0.00 ,0
 9> <info> app: hr,779,18647, 0.00 ,0
 9> <info> app: hr,780,18633, 0.00 ,0
 9> <info> app: hr,781,18638, 0.00 ,0
 9> <info> app: hr,782,18663, 0.00 ,0
 9> <info> app: hr,783,18643, 0.00 ,0
 9> <info> app: hr,784,18661, 0.00 ,0
 9> <info> app: hr,785,18650, 0.00 ,0
 9> <info> app: hr,786,18638, 0.00 ,0
 9> <info> app: hr,787,18630, 0.00 ,0
 9> <info> app: hr,788,18657, 0.00 ,0
 9> <info> app: hr,789,18661, 0.00 ,0
 9> <info> app: hr,790,18639, 0.00 ,0
 9> <info> app: hr,791,18632, 0.00 ,0
 9> <info> app: hr,792,18638, 0.00 ,0
 9> <info> app: hr,793,18625, 0.00 ,0
 9> <info> app: hr,794,18663, 0.00 ,0
 9> <info> app: hr,795,18667, 0.00 ,0
 9> <info> app: hr,796,18669, 0.00 ,0
 9> <info> app: hr,797,18654, -1.00 ,-1
 9> <info> app: hr,798,18628, -1.00 ,-1
 9> <info> app: hr,799,18644, -1.00 ,-1
 9> <info> app: hr,800,18612, -1.00 ,-1
 9> <info> app: hr,801,18652, 0.00 ,0
 9> <info> app: hr,802,18660, 0.00 ,0
 9> <info> app: hr,803,18626, 0.00 ,0
 9> <info> app: hr,804,18648, 0.00 ,0
 9> <info> app: hr,805,18628, 0.00 ,0
 9> <info> app: hr,806,18674, 0.00 ,0
 9> <info> app: hr,807,18648, 0.00 ,0
 9> <info> app: hr,808,18665, 0.00 ,0
 9> <info> app: hr,809,18650, 0.00 ,0
 9> <info> app: hr,810,18635, 0.00 ,0
 9> <info> app: hr,811,18652, 0.00 ,0
 9> <info> app: hr,812,18640, 0.00 ,0
 9> <info> app: hr,813,18624, 0.00 ,0
 9> <info> app: hr,814,18644, 0.00 ,0
 9> <info> app: hr,815,18657, 0.00 ,0
 9> <info> app: hr,816,18644, 0.00 ,0
 9> <info> app: hr,817,18649, 0.00 ,0
 9> <info> app: hr,818,18629, 0.00 ,0
 9> <info> app: hr,819,18628, 0.00 ,0
 9> <info> app: hr,820,18639, 0.00 ,0
 9> <info> app: hr,821,18661, 0.00 ,0
 9> <info> app: hr,822,18640, 0.00 ,0
 9> <info> app: hr,823,18630, 1.00 ,1
 9> <info> app: hr,824,18634, 1.00 ,1
 9> <info> app: hr,825,18644, 0.00 ,0
 9> <info> app: hr,826,18655, 0.00 ,0
 9> <info> app: hr,827,18629, 0.00 ,0
 9> <info> app: hr,828,18644, 0.00 ,0
 9> <info> app: hr,829,18646, 1.00 ,1
 9> <info> app: hr,830,18648, 1.00 ,1
 9> <info> app: hr,831,18621, 1.00 ,1
 9> <info> app: hr,832,18629, 1.00 ,1
 9> <info> app: hr,833,18599, 1.00 ,1
 9> <info> app: hr,834,18632, 2.00 ,1
 9> <info> app: hr,835,18634, 2.00 ,1
 9> <info> app: hr,836,18628, 3.00 ,1
 9> <info> app: hr,837,18649, 2.00 ,1
 9> <info> app: hr,838,18636, 2.00 ,1
 9> <info> app: hr,839,18631, 3.00 ,1
 9> <info> app: hr,840,18650, 3.00 ,1
 9> <info> app: hr,841,18637, 3.00 ,1
 9> <info> app: hr,842,18619, 4.00 ,1
 9> <info> app: hr,843,18626, 3.00 ,1
 9> <info> app: hr,844,18665, 3.00 ,1
 9> <info> app: hr,845,18633, 4.00 ,1
 9> <info> app: hr,846,18659, 4.00 ,1
 9> <info> app: hr,847,18631, 4.00 ,1
 9> <info> app: hr,848,18637, 3.00 ,1
 9> <info> app: hr,849,18627, 3.00 ,1
 9> <info> app: hr,850,18645, 4.00 ,1
 9> <info> app: hr,851,18647, 4.00 ,1
 9> <info> app: hr,852,18637, 4.00 ,1
 9> <info> app: hr,853,18657, 3.00 ,1
 9> <info> app: hr,854,18639, 3.00 ,1
 9> <info> app: hr,855,18665, 3.00 ,1
 9> <info> app: hr,856,18642, 3.00 ,1
 9> <info> app: hr,857,18655, 3.00 ,1
 9> <info> app: hr,858,18669, 3.00 ,1
 9> <info> app: hr,859,18657, 2.00 ,1
 9> <info> app: hr,860,18637, 1.00 ,0
 9> <info> app: hr,861,18625, 1.00 ,0
 9> <info> app: hr,862,18632, 1.00 ,0
 9> <info> app: hr,863,18651, 1.00 ,0
 9> <info> app: hr,864,18639, 1.00 ,0
 9> <info> app: hr,865,18649, 0.00 ,-1
 9> <info> app: hr,866,18628, 0.00 ,-1
 9> <info> app: hr,867,18658, 0.00 ,0
 9> <info> app: hr,868,18637, 0.00 ,0
 9> <info> app: hr,869,18670, 0.00 ,0
 9> <info> app: hr,870,18649, 0.00 ,0
 9> <info> app: hr,871,18631, 0.00 ,0
 9> <info> app: hr,872,18639, 0.00 ,0
 9> <info> app: hr,873,18653, 0.00 ,0
 9> <info> app: hr,874,18642, 0.00 ,0
 9> <info> app: hr,875,18641, 0.00 ,0
 9> <info> app: hr,876,18640, -1.00 ,-1
 9> <info> app: hr,877,18630, -1.00 ,-1
 9> <info> app: hr,878,18650, -1.00 ,-1
 9> <info> app: hr,879,18644, -1.00 ,-1
 9> <info> app: hr,880,18653, -1.00 ,-1
 9> <info> app: hr,881,18637, -1.00 ,-1
 9> <info> app: hr,882,18623, -1.00 ,-1
 9> <info> app: hr,883,18643, -1.00 ,-1
 9> <info> app: hr,884,18636, -1.00 ,-1
 9> <info> app: hr,885,18653, 0.00 ,0
 9> <info> app: hr,886,18653, 0.00 ,0
 9> <info> app: hr,887,18650, 0.00 ,0
 9> <info> app: hr,888,18656, 0.00 ,0
 9> <info> app: hr,889,18639, -1.00 ,-1
 9> <info> app: hr,890,18637, -1.00 ,-1
 9> <info> app: hr,891,18618, -1.00 ,-1
 9> <info> app: hr,892,18667, -1.00 ,-1
 9> <info> app: hr,893,18648, -1.00 ,-1
 9> <info> app: hr,894,18644, -1.00 ,-1
 9> <info> app: hr,895,18652, -1.00 ,-1
 9> <info> app: hr,896,18639, -1.00 ,-1
 9> <info> app: hr,897,18651, -1.00 ,-1
 9> <info> app: hr,898,18644, -1.00 ,-1
 9> <info> app: hr,899,18655, -1.00 ,-1
 9> <info> app: hr,900,18633, -1.00 ,-1
 9> <info> app: hr,901,18645, 0.00 ,0
 9> <info> app: hr,902,18648, 0.00 ,0
 9> <info> app: hr,903,18654, -1.00 ,-1
 9> <info> app: hr,904,18647, -1.00 ,-1
 9> <info> app: hr,905,18638, -1.00 ,-1
 9> <info> app: hr,906,18673, -1.00 ,-1
 9> <info> app: hr,907,18650, -1.00 ,-1
 9> <info> app: hr,908,18653, -1.00 ,-1
 9> <info> app: hr,909,18643, -1.00 ,-1
 9> <info> app: hr,910,18665, -2.00 ,-1
 9> <info> app: hr,911,18642, -2.00 ,-1
 9> <info> app: hr,912,18633, -2.00 ,-1
 9> <info> app: hr,913,18664, -1.00 ,-1
 9> <info> app: hr,914,18651, -1.00 ,-1
 9> <info> app: hr,915,18646, -2.00 ,-1
 9> <info> app: hr,916,18662, -2.00 ,-1
 9> <info> app: hr,917,18654, -2.00 ,-1
 9> <info> app: hr,918,18641, -2.00 ,-1
 9> <info> app: hr,919,18657, -2.00 ,-1
 9> <info> app: hr,920,18631, -3.00 ,-1
 9> <info> app: hr,921,18647, -3.00 ,-1
 9> <info> app: hr,922,18661, -2.00 ,-1
 9> <info> app: hr,923,18640, -2.00 ,-1
 9> <info> app: hr,924,18657, -2.00 ,-1
 9> <info> app: hr,925,18643, -2.00 ,-1
 9> <info> app: hr,926,18666, -2.00 ,-1
 9> <info> app: hr,927,18639, -3.00 ,-1
 9> <info> app: hr,928,18633, -3.00 ,-1
 9> <info> app: hr,929,18653, -2.00 ,-1
 9> <info> app: hr,930,18635, -2.00 ,-1
 9> <info> app: hr,931,18632, -2.00 ,-1
 9> <info> app: hr,932,18640, -2.00 ,-1
 9> <info> app: hr,933,18652, -2.00 ,-1
 9> <info> app: hr,934,18644, -2.00 ,-1
 9> <info> app: hr,935,18658, -2.00 ,-1
 9> <info> app: hr,936,18662, -2.00 ,-1
 9> <info> app: hr,937,18656, -1.00 ,-1
 9> <info> app: hr,938,18653, -1.00 ,-1
 9> <info> app: hr,939,18629, -1.00 ,-1
 9> <info> app: hr,940,18643, -1.00 ,-1
 9> <info> app: hr,941,18630, -1.00 ,-1
 9> <info> app: hr,942,18649, -1.00 ,-1
 9> <info> app: hr,943,18662, -1.00 ,-1
 9> <info> app: hr,944,18632, -1.00 ,-1
 9> <info> app: hr,945,18656, 0.00 ,0
 9> <info> app: hr,946,18654, 0.00 ,0
 9> <info> app: hr,947,18637, 0.00 ,0
 9> <info> app: hr,948,18630, 0.00 ,0
 9> <info> app: hr,949,18637, 0.00 ,0
 9> <info> app: hr,950,18605, 0.00 ,0
 9> <info> app: hr,951,18649, 0.00 ,0
 9> <info> app: hr,952,18655, 0.00 ,0
 9> <info> app: hr,953,18652, 0.00 ,0
 9> <info> app: hr,954,18651, 0.00 ,0
 9> <info> app: hr,955,18654, 0.00 ,0
 9> <info> app: hr,956,18653, 0.00 ,0
 9> <info> app: hr,957,18647, 0.00 ,0
 9> <info> app: hr,958,18640, 0.00 ,0
 9> <info> app: hr,959,18633, 0.00 ,0
 9> <info> app: hr,960,18637, 0.00 ,0
 9> <info> app: hr,961,18632, 1.00 ,1
 9> <info> app: hr,962,18641, 1.00 ,1
 9> <info> app: hr,963,18616, 1.00 ,1
 9> <info> app: hr,964,18645, 1.00 ,1
 9> <info> app: hr,965,18662, 2.00 ,1
 9> <info> app: hr,966,18626, 2.00 ,1
 9> <info> app: hr,967,18644, 2.00 ,1
 9> <info> app: hr,968,18617, 1.00 ,1
 9> <info> app: hr,969,18622, 1.00 ,1
 9> <info> app: hr,970,18659, 2.00 ,1
 9> <info> app: hr,971,18646, 2.00 ,1
 9> <info> app: hr,972,18638, 2.00 ,1
 9> <info> app: hr,973,18630, 3.00 ,1
 9> <info> app: hr,974,18649, 3.00 ,1
 9> <info> app: hr,975,18662, 3.00 ,1
 9> <info> app: hr,976,18653, 2.00 ,1
 9> <info> app: hr,977,18642, 2.00 ,1
 9> <info> app: hr,978,18660, 2.00 ,1
 9> <info> app: hr,979,18639, 2.00 ,1
 9> <info> app: hr,980,18634, 2.00 ,1
 9> <info> app: hr,981,18624, 2.00 ,1
 9> <info> app: hr,982,18638, 2.00 ,1
 9> <info> app: hr,983,18648, 3.00 ,1
 9> <info> app: hr,984,18657, 2.00 ,1
 9> <info> app: hr,985,18645, 2.00 ,1
 9> <info> app: hr,986,18646, 2.00 ,1
 9> <info> app: hr,987,18667, 2.00 ,1
 9> <info> app: hr,988,18648, 2.00 ,1
 9> <info> app: hr,989,18641, 1.00 ,1
 9> <info> app: hr,990,18650, 1.00 ,1
 9> <info> app: hr,991,18645, 1.00 ,1
 9> <info> app: hr,1017,18671, 0.00 ,0
 9> <info> app: ***********  Application started  ***********
 9> 
 9> <info> app: [OK] NRF Power ON 0x0004. 
 9> <info> app: Read MAC:CC34D2110EF6
 9> <info> app: ***********  Sensor initial ***********
 9> <info> app: [OK]	BMI160
 9> <info> app: [OK]	SETUP ACC
 9> <info> app: [OK]	SETUP STEP COUNT
 9> <info> app: [OK]	FLASH MEMORY
 9> <info> app: [OK]	OLED Initial
 9> <info> app: [OK]	Max30102 Initial, Temperature 34.56
 9> <info> app: ********** End sensor initial *********
 9> 
 9> <info> app: Max30102 Found
 9> 
 9> <info> app: HR Begin
 9> 
  < 
 9> <info> app: 1019
 9> <info> app: hr,50,18694, -1.00 ,0
 9> <info> app: hr,51,18663, -2.00 ,0
 9> <info> app: hr,52,18721, -2.00 ,0
 9> <info> app: hr,53,18674, -2.00 ,0
 9> <info> app: hr,54,18681, -2.00 ,0
 9> <info> app: hr,55,18699, -2.00 ,0
 9> <info> app: hr,56,18680, -1.00 ,0
 9> <info> app: hr,57,18689, -1.00 ,0
 9> <info> app: hr,58,18687, -2.00 ,0
 9> <info> app: hr,59,18680, -2.00 ,0
 9> <info> app: hr,60,18650, -2.00 ,0
 9> <info> app: hr,61,18683, -2.00 ,0
 9> <info> app: hr,62,18694, -2.00 ,0
 9> <info> app: hr,63,18685, -2.00 ,0
 9> <info> app: hr,64,18667, -3.00 ,0
 9> <info> app: hr,65,18687, -2.00 ,0
 9> <info> app: hr,66,18684, -2.00 ,0
 9> <info> app: hr,67,18669, -2.00 ,0
 9> <info> app: hr,68,18692, -2.00 ,0
 9> <info> app: hr,69,18694, -2.00 ,0
 9> <info> app: hr,70,18680, -2.00 ,0
 9> <info> app: hr,71,18677, -2.00 ,0
 9> <info> app: hr,72,18706, -2.00 ,0
 9> <info> app: hr,73,18670, -2.00 ,0
 9> <info> app: hr,74,18700, -2.00 ,0
 9> <info> app: hr,75,18665, -2.00 ,0
 9> <info> app: hr,76,18689, -2.00 ,0
 9> <info> app: hr,77,18673, -3.00 ,-1
 9> <info> app: hr,78,18671, -3.00 ,-1
 9> <info> app: hr,79,18667, -2.00 ,0
 9> <info> app: hr,80,18685, -2.00 ,0
 9> <info> app: hr,81,18675, -2.00 ,0
 9> <info> app: hr,82,18686, -2.00 ,0
 9> <info> app: hr,83,18676, -2.00 ,0
 9> <info> app: hr,84,18680, -2.00 ,0
 9> <info> app: hr,85,18677, -2.00 ,0
 9> <info> app: hr,86,18646, -2.00 ,0
 9> <info> app: hr,87,18686, -1.00 ,0
 9> <info> app: hr,88,18677, 0.00 ,0
 9> <info> app: hr,89,18687, 0.00 ,0
 9> <info> app: hr,90,18671, 0.00 ,0
 9> <info> app: hr,91,18687, 0.00 ,0
 9> <info> app: hr,92,18643, 0.00 ,0
 9> <info> app: hr,93,18679, 0.00 ,0
 9> <info> app: hr,94,18669, 0.00 ,0
 9> <info> app: hr,95,18676, 0.00 ,0
 9> <info> app: hr,96,18672, 0.00 ,0
 9> <info> app: hr,97,18683, 0.00 ,0
 9> <info> app: hr,98,18668, 0.00 ,0
 9> <info> app: hr,99,18682, 1.00 ,1
 9> <info> app: hr,100,18657, 1.00 ,1
 9> <info> app: hr,101,18675, 1.00 ,1
 9> <info> app: hr,102,18680, 1.00 ,1
 9> <info> app: hr,103,18693, 1.00 ,1
 9> <info> app: hr,104,18692, 2.00 ,1
 9> <info> app: hr,105,18674, 1.00 ,1
 9> <info> app: hr,106,18669, 1.00 ,1
 9> <info> app: hr,107,18687, 1.00 ,1
 9> <info> app: hr,108,18674, 1.00 ,1
 9> <info> app: hr,109,18672, 1.00 ,1
 9> <info> app: hr,110,18671, 1.00 ,1
 9> <info> app: hr,111,18678, 1.00 ,1
 9> <info> app: hr,112,18679, 1.00 ,1
 9> <info> app: hr,113,18700, 1.00 ,1
 9> <info> app: hr,114,18682, 1.00 ,1
 9> <info> app: hr,115,18684, 1.00 ,1
 9> <info> app: hr,116,18677, 1.00 ,1
 9> <info> app: hr,117,18665, 1.00 ,1
 9> <info> app: hr,118,18678, 0.00 ,0
 9> <info> app: hr,119,18656, 0.00 ,0
 9> <info> app: hr,120,18693, 0.00 ,0
 9> <info> app: hr,121,18674, 0.00 ,0
 9> <info> app: hr,122,18675, 0.00 ,0
 9> <info> app: hr,123,18665, 0.00 ,0
 9> <info> app: hr,124,18678, 1.00 ,1
 9> <info> app: hr,125,18682, 1.00 ,1
 9> <info> app: hr,126,18682, 1.00 ,1
 9> <info> app: hr,127,18658, 1.00 ,1
 9> <info> app: hr,128,18673, 1.00 ,1
 9> <info> app: hr,129,18698, 1.00 ,1
 9> <info> app: hr,130,18665, 1.00 ,1
 9> <info> app: hr,131,18694, 1.00 ,1
 9> <info> app: hr,132,18659, 1.00 ,1
 9> <info> app: hr,133,18657, 1.00 ,1
 9> <info> app: hr,134,18663, 1.00 ,1
 9> <info> app: hr,135,18698, 0.00 ,0
 9> <info> app: hr,136,18694, 0.00 ,0
 9> <info> app: hr,137,18682, 0.00 ,0
 9> <info> app: hr,138,18678, 0.00 ,0
 9> <info> app: hr,139,18690, 0.00 ,0
 9> <info> app: hr,140,18689, 0.00 ,0
 9> <info> app: hr,141,18678, 0.00 ,0
 9> <info> app: hr,142,18696, 0.00 ,0
 9> <info> app: hr,143,18666, 0.00 ,0
 9> <info> app: hr,144,18687, 0.00 ,0
 9> <info> app: hr,145,18665, 0.00 ,0
 9> <info> app: hr,146,18689, 0.00 ,0
 9> <info> app: hr,147,18678, 0.00 ,0
 9> <info> app: hr,148,18665, 0.00 ,0
 9> <info> app: hr,149,18670, 0.00 ,0
 9> <info> app: hr,150,18689, 0.00 ,0
 9> <info> app: hr,151,18660, 0.00 ,0
 9> <info> app: hr,152,18679, 0.00 ,0
 9> <info> app: hr,153,18670, 0.00 ,0
 9> <info> app: hr,154,18704, 0.00 ,0
 9> <info> app: hr,155,18660, 0.00 ,0
 9> <info> app: hr,156,18667, 0.00 ,0
 9> <info> app: hr,157,18695, 0.00 ,0
 9> <info> app: hr,158,18692, 0.00 ,0
 9> <info> app: hr,159,18691, 0.00 ,0
 9> <info> app: hr,160,18644, 0.00 ,0
 9> <info> app: hr,161,18658, 0.00 ,0
 9> <info> app: hr,162,18714, 0.00 ,0
 9> <info> app: hr,163,18697, 0.00 ,0
 9> <info> app: hr,164,18672, 0.00 ,0
 9> <info> app: hr,165,18665, -1.00 ,-1
 9> <info> app: hr,166,18701, -1.00 ,-1
 9> <info> app: hr,167,18677, -1.00 ,-1
 9> <info> app: hr,168,18676, 0.00 ,0
 9> <info> app: hr,169,18686, 0.00 ,0
 9> <info> app: hr,170,18653, 0.00 ,0
 9> <info> app: hr,171,18695, 0.00 ,0
 9> <info> app: hr,172,18648, 0.00 ,0
 9> <info> app: hr,173,18682, 0.00 ,0
 9> <info> app: hr,174,18675, 0.00 ,0
 9> <info> app: hr,175,18694, 0.00 ,0
 9> <info> app: hr,176,18676, 0.00 ,0
 9> <info> app: hr,177,18665, 0.00 ,0
 9> <info> app: hr,178,18679, 0.00 ,0
 9> <info> app: hr,179,18670, 0.00 ,0
 9> <info> app: hr,180,18679, 0.00 ,0
 9> <info> app: hr,181,18690, 0.00 ,0
 9> <info> app: hr,182,18685, 0.00 ,0
 9> <info> app: hr,183,18698, 0.00 ,0
 9> <info> app: hr,184,18688, 0.00 ,0
 9> <info> app: hr,185,18700, 0.00 ,0
 9> <info> app: hr,186,18674, 0.00 ,0
 9> <info> app: hr,187,18685, 0.00 ,0
 9> <info> app: hr,188,18679, 0.00 ,0
 9> <info> app: hr,189,18670, -1.00 ,-1
 9> <info> app: hr,190,18681, -1.00 ,-1
 9> <info> app: hr,191,18668, -1.00 ,-1
 9> <info> app: hr,192,18691, -1.00 ,-1
 9> <info> app: hr,193,18695, -1.00 ,-1
 9> <info> app: hr,194,18682, -1.00 ,-1
 9> <info> app: hr,195,18668, 0.00 ,0
 9> <info> app: hr,196,18690, 0.00 ,0
 9> <info> app: hr,197,18687, 0.00 ,0
 9> <info> app: hr,198,18668, -1.00 ,-1
 9> <info> app: hr,199,18672, -1.00 ,-1
 9> <info> app: hr,200,18663, -1.00 ,-1
 9> <info> app: hr,201,18693, -1.00 ,-1
 9> <info> app: hr,202,18679, -1.00 ,-1
 9> <info> app: hr,203,18676, -1.00 ,-1
 9> <info> app: hr,204,18692, -1.00 ,-1
 9> <info> app: hr,205,18680, -1.00 ,-1
 9> <info> app: hr,206,18675, -1.00 ,-1
 9> <info> app: hr,207,18690, -1.00 ,-1
 9> <info> app: hr,208,18683, -1.00 ,-1
 9> <info> app: hr,209,18679, -1.00 ,-1
 9> <info> app: hr,210,18699, 0.00 ,0
 9> <info> app: hr,211,18680, 0.00 ,0
 9> <info> app: hr,212,18685, 0.00 ,0
 9> <info> app: hr,213,18681, 0.00 ,0
 9> <info> app: hr,214,18684, 0.00 ,0
 9> <info> app: hr,215,18668, 0.00 ,0
 9> <info> app: hr,216,18696, -1.00 ,-1
 9> <info> app: hr,217,18679, -1.00 ,-1
 9> <info> app: hr,218,18673, -1.00 ,-1
 9> <info> app: hr,219,18666, -1.00 ,-1
 9> <info> app: hr,220,18674, -1.00 ,-1
 9> <info> app: hr,221,18652, -1.00 ,-1
 9> <info> app: hr,222,18669, -1.00 ,-1
 9> <info> app: hr,223,18686, 0.00 ,0
 9> <info> app: hr,224,18687, 0.00 ,0
 9> <info> app: hr,225,18682, 0.00 ,0
 9> <info> app: hr,226,18699, 0.00 ,0
 9> <info> app: hr,227,18672, 0.00 ,0
 9> <info> app: hr,228,18689, 0.00 ,0
 9> <info> app: hr,229,18674, 0.00 ,0
 9> <info> app: hr,230,18674, 0.00 ,0
 9> <info> app: hr,231,18674, 0.00 ,0
 9> <info> app: hr,232,18678, 0.00 ,0
 9> <info> app: hr,233,18670, 0.00 ,0
 9> <info> app: hr,234,18701, 0.00 ,0
 9> <info> app: hr,235,18678, 0.00 ,0
 9> <info> app: hr,236,18681, 0.00 ,0
 9> <info> app: hr,237,18668, 0.00 ,0
 9> <info> app: hr,238,18651, 0.00 ,0
 9> <info> app: hr,239,18699, 0.00 ,0
 9> <info> app: hr,240,18704, 0.00 ,0
 9> <info> app: hr,241,18683, 0.00 ,0
 9> <info> app: hr,242,18667, 0.00 ,0
 9> <info> app: hr,243,18685, 0.00 ,0
 9> <info> app: hr,244,18684, 0.00 ,0
 9> <info> app: hr,245,18674, 0.00 ,0
 9> <info> app: hr,246,18675, 0.00 ,0
 9> <info> app: hr,247,18681, 0.00 ,0
 9> <info> app: hr,248,18685, 0.00 ,0
 9> <info> app: hr,249,18665, 0.00 ,0
 9> <info> app: hr,250,18697, 0.00 ,0
 9> <info> app: hr,251,18653, 0.00 ,0
 9> <info> app: hr,252,18671, 0.00 ,0
 9> <info> app: hr,253,18679, 0.00 ,0
 9> <info> app: hr,254,18709, 0.00 ,0
 9> <info> app: hr,255,18665, 0.00 ,0
 9> <info> app: hr,256,18683, 0.00 ,0
 9> <info> app: hr,257,18652, 0.00 ,0
 9> <info> app: hr,258,18667, 0.00 ,0
 9> <info> app: hr,259,18674, 0.00 ,0
 9> <info> app: hr,260,18668, 1.00 ,1
 9> <info> app: hr,261,18687, 1.00 ,1
 9> <info> app: hr,262,18671, 1.00 ,1
 9> <info> app: hr,263,18665, 1.00 ,1
 9> <info> app: hr,264,18669, 1.00 ,1
 9> <info> app: hr,265,18667, 1.00 ,1
 9> <info> app: hr,266,18670, 1.00 ,1
 9> <info> app: hr,267,18678, 1.00 ,1
 9> <info> app: hr,268,18672, 1.00 ,1
 9> <info> app: hr,269,18688, 1.00 ,1
 9> <info> app: hr,270,18685, 2.00 ,1
 9> <info> app: hr,271,18707, 2.00 ,1
 9> <info> app: hr,272,18700, 2.00 ,1
 9> <info> app: hr,273,18681, 2.00 ,1
 9> <info> app: hr,274,18673, 2.00 ,1
 9> <info> app: hr,275,18669, 0.00 ,0
 9> <info> app: hr,276,18667, 0.00 ,0
 9> <info> app: hr,277,18644, 0.00 ,0
 9> <info> app: hr,278,18675, 1.00 ,1
 9> <info> app: hr,279,18688, 1.00 ,1
 9> <info> app: hr,280,18663, 1.00 ,1
 9> <info> app: hr,281,18673, 1.00 ,1
 9> <info> app: hr,282,18685, 1.00 ,1
 9> <info> app: hr,283,18681, 1.00 ,1
 9> <info> app: hr,284,18656, 1.00 ,1
 9> <info> app: hr,285,18681, 1.00 ,1
 9> <info> app: hr,286,18683, 1.00 ,1
 9> <info> app: hr,287,18675, 1.00 ,1
 9> <info> app: hr,288,18664, 1.00 ,1
 9> <info> app: hr,289,18690, 2.00 ,1
 9> <info> app: hr,290,18668, 1.00 ,1
 9> <info> app: hr,291,18693, 1.00 ,1
 9> <info> app: hr,292,18694, 1.00 ,1
 9> <info> app: hr,293,18680, 1.00 ,1
 9> <info> app: hr,294,18692, 1.00 ,1
 9> <info> app: hr,295,18695, 0.00 ,0
 9> <info> app: hr,296,18689, 0.00 ,0
 9> <info> app: hr,297,18669, 0.00 ,0
 9> <info> app: hr,298,18700, 0.00 ,0
 9> <info> app: hr,299,18678, 0.00 ,0
 9> <info> app: hr,300,18710, 0.00 ,0
 9> <info> app: hr,301,18658, 0.00 ,0
 9> <info> app: hr,302,18690, 0.00 ,0
 9> <info> app: hr,303,18662, -1.00 ,-1
 9> <info> app: hr,304,18690, -1.00 ,-1
 9> <info> app: hr,305,18724, -1.00 ,-1
 9> <info> app: hr,306,18674, -1.00 ,-1
 9> <info> app: hr,307,18672, -2.00 ,-1
 9> <info> app: hr,308,18698, -2.00 ,-1
 9> <info> app: hr,309,18700, -2.00 ,-1
 9> <info> app: hr,310,18677, -2.00 ,-1
 9> <info> app: hr,311,18679, -2.00 ,-1
 9> <info> app: hr,312,18674, -2.00 ,-1
 9> <info> app: hr,313,18663, -2.00 ,-1
 9> <info> app: hr,314,18668, -2.00 ,-1
 9> <info> app: hr,315,18683, -3.00 ,-1
 9> <info> app: hr,316,18678, -3.00 ,-1
 9> <info> app: hr,317,18676, -2.00 ,-1
 9> <info> app: hr,318,18666, -2.00 ,-1
 9> <info> app: hr,319,18686, -2.00 ,-1
 9> <info> app: hr,320,18670, -2.00 ,-1
 9> <info> app: hr,321,18676, -2.00 ,-1
 9> <info> app: hr,322,18672, -2.00 ,-1
 9> <info> app: hr,323,18674, -2.00 ,-1
 9> <info> app: hr,324,18694, -1.00 ,-1
 9> <info> app: hr,325,18698, -1.00 ,-1
 9> <info> app: hr,326,18705, 0.00 ,0
 9> <info> app: hr,327,18681, -1.00 ,-1
 9> <info> app: hr,328,18691, -1.00 ,-1
 9> <info> app: hr,329,18697, -1.00 ,-1
 9> <info> app: hr,330,18701, -1.00 ,-1
 9> <info> app: hr,331,18674, -1.00 ,-1
 9> <info> app: hr,332,18686, -1.00 ,-1
 9> <info> app: hr,333,18678, -2.00 ,-1
 9> <info> app: hr,334,18691, -2.00 ,-1
 9> <info> app: hr,335,18681, -2.00 ,-1
 9> <info> app: hr,336,18696, -2.00 ,-1
 9> <info> app: hr,337,18676, -1.00 ,-1
 9> <info> app: hr,338,18681, -1.00 ,-1
 9> <info> app: hr,339,18664, -2.00 ,-1
 9> <info> app: hr,340,18680, -2.00 ,-1
 9> <info> app: hr,341,18684, -2.00 ,-1
 9> <info> app: hr,342,18672, -2.00 ,-1
 9> <info> app: hr,343,18655, -2.00 ,-1
 9> <info> app: hr,344,18685, -2.00 ,-1
 9> <info> app: hr,345,18690, -1.00 ,-1
 9> <info> app: hr,346,18669, 0.00 ,0
 9> <info> app: hr,347,18682, 0.00 ,0
 9> <info> app: hr,348,18686, 0.00 ,0
 9> <info> app: hr,349,18684, 0.00 ,0
 9> <info> app: hr,350,18666, 0.00 ,0
 9> <info> app: hr,351,18684, 0.00 ,0
 9> <info> app: hr,352,18673, 0.00 ,0
 9> <info> app: hr,353,18698, 0.00 ,0
 9> <info> app: hr,354,18666, 0.00 ,0
 9> <info> app: hr,355,18677, 0.00 ,0
 9> <info> app: hr,356,18681, 0.00 ,0
 9> <info> app: hr,357,18669, 0.00 ,0
 9> <info> app: hr,358,18666, 0.00 ,0
 9> <info> app: hr,359,18707, 0.00 ,0
 9> <info> app: hr,360,18682, 0.00 ,0
 9> <info> app: hr,361,18700, 0.00 ,0
 9> <info> app: hr,362,18672, 0.00 ,0
 9> <info> app: hr,363,18687, 0.00 ,0
 9> <info> app: hr,364,18696, 0.00 ,0
 9> <info> app: hr,365,18675, 0.00 ,0
 9> <info> app: hr,366,18686, 0.00 ,0
 9> <info> app: hr,367,18697, 0.00 ,0
 9> <info> app: hr,368,18683, 0.00 ,0
 9> <info> app: hr,369,18682, 0.00 ,0
 9> <info> app: hr,370,18692, 0.00 ,0
 9> <info> app: hr,371,18684, 0.00 ,0
 9> <info> app: hr,372,18665, 0.00 ,0
 9> <info> app: hr,373,18696, 0.00 ,0
 9> <info> app: hr,374,18659, 0.00 ,0
 9> <info> app: hr,375,18672, 0.00 ,0
 9> <info> app: hr,376,18678, 0.00 ,0
 9> <info> app: hr,377,18677, 0.00 ,0
 9> <info> app: hr,378,18688, 0.00 ,0
 9> <info> app: hr,379,18680, 0.00 ,0
 9> <info> app: hr,380,18667, 0.00 ,0
 9> <info> app: hr,381,18697, 0.00 ,0
 9> <info> app: hr,382,18682, 0.00 ,0
 9> <info> app: hr,383,18673, 0.00 ,0
 9> <info> app: hr,384,18677, 0.00 ,0
 9> <info> app: hr,385,18684, 0.00 ,0
 9> <info> app: hr,386,18675, 0.00 ,0
 9> <info> app: hr,387,18680, 0.00 ,0
 9> <info> app: hr,388,18698, 0.00 ,0
 9> <info> app: hr,389,18676, 0.00 ,0
 9> <info> app: hr,390,18680, 0.00 ,0
 9> <info> app: hr,391,18695, 0.00 ,0
 9> <info> app: hr,392,18684, 0.00 ,0
 9> <info> app: hr,393,18688, 0.00 ,0
 9> <info> app: hr,394,18695, 0.00 ,0
 9> <info> app: hr,395,18672, 0.00 ,0
 9> <info> app: hr,396,18686, 0.00 ,0
 9> <info> app: hr,397,18669, 0.00 ,0
 9> <info> app: hr,398,18680, 0.00 ,0
 9> <info> app: hr,399,18712, 0.00 ,0
 9> <info> app: hr,400,18662, 0.00 ,0
 9> <info> app: hr,401,18686, 0.00 ,0
 9> <info> app: hr,402,18683, 0.00 ,0
 9> <info> app: hr,403,18647, 0.00 ,0
 9> <info> app: hr,404,18677, 0.00 ,0
 9> <info> app: hr,405,18687, 0.00 ,0
 9> <info> app: hr,406,18675, 0.00 ,0
 9> <info> app: hr,407,18695, 0.00 ,0
 9> <info> app: hr,408,18681, 0.00 ,0
 9> <info> app: hr,409,18684, 0.00 ,0
 9> <info> app: hr,410,18687, 0.00 ,0
 9> <info> app: hr,411,18674, 0.00 ,0
 9> <info> app: hr,412,18661, 0.00 ,0
 9> <info> app: hr,413,18687, 0.00 ,0
 9> <info> app: hr,414,18679, 0.00 ,0
 9> <info> app: hr,415,18695, 0.00 ,0
 9> <info> app: hr,416,18649, 0.00 ,0
 9> <info> app: hr,417,18685, 0.00 ,0
 9> <info> app: hr,418,18666, 1.00 ,1
 9> <info> app: hr,419,18662, 0.00 ,0
 9> <info> app: hr,420,18694, 0.00 ,0
 9> <info> app: hr,421,18675, 0.00 ,0
 9> <info> app: hr,422,18687, 0.00 ,0
 9> <info> app: hr,423,18684, 0.00 ,0
 9> <info> app: hr,424,18660, 0.00 ,0
 9> <info> app: hr,425,18686, 1.00 ,1
 9> <info> app: hr,426,18676, 1.00 ,1
 9> <info> app: hr,427,18697, 1.00 ,1
 9> <info> app: hr,428,18653, 1.00 ,1
 9> <info> app: hr,429,18681, 1.00 ,1
 9> <info> app: hr,430,18689, 1.00 ,1
 9> <info> app: hr,431,18690, 1.00 ,1
 9> <info> app: hr,432,18704, 1.00 ,1
 9> <info> app: hr,433,18674, 1.00 ,1
 9> <info> app: hr,434,18695, 1.00 ,1
 9> <info> app: hr,435,18691, 1.00 ,1
 9> <info> app: hr,436,18680, 0.00 ,0
 9> <info> app: hr,437,18675, 0.00 ,0
 9> <info> app: hr,438,18674, 0.00 ,0
 9> <info> app: hr,439,18703, 0.00 ,0
 9> <info> app: hr,440,18676, 0.00 ,0
 9> <info> app: hr,441,18695, 0.00 ,0
 9> <info> app: hr,442,18687, 0.00 ,0
 9> <info> app: hr,443,18669, 0.00 ,0
 9> <info> app: hr,444,18698, 0.00 ,0
 9> <info> app: hr,445,18693, 0.00 ,0
 9> <info> app: hr,446,18678, 0.00 ,0
 9> <info> app: hr,447,18698, -1.00 ,-1
 9> <info> app: hr,448,18664, -1.00 ,-1
 9> <info> app: hr,449,18693, -1.00 ,-1
 9> <info> app: hr,450,18701, -1.00 ,-1
 9> <info> app: hr,451,18675, 0.00 ,0
 9> <info> app: hr,452,18674, -1.00 ,-1
 9> <info> app: hr,453,18687, -1.00 ,-1
 9> <info> app: hr,454,18700, -1.00 ,-1
 9> <info> app: hr,455,18685, -1.00 ,-1
 9> <info> app: hr,456,18696, -1.00 ,-1
 9> <info> app: hr,457,18699, -1.00 ,-1
 9> <info> app: hr,458,18683, -2.00 ,-1
 9> <info> app: hr,459,18713, -2.00 ,-1
 9> <info> app: hr,460,18680, -2.00 ,-1
 9> <info> app: hr,461,18691, -3.00 ,-1
 9> <info> app: hr,462,18705, -2.00 ,-1
 9> <info> app: hr,463,18701, -2.00 ,-1
 9> <info> app: hr,464,18687, -3.00 ,-1
 9> <info> app: hr,465,18702, -3.00 ,-1
 9> <info> app: hr,466,18684, -3.00 ,-1
 9> <info> app: hr,467,18693, -4.00 ,-1
 9> <info> app: hr,468,18702, -3.00 ,-1
 9> <info> app: hr,469,18679, -3.00 ,-1
 9> <info> app: hr,470,18693, -4.00 ,-1
 9> <info> app: hr,471,18708, -4.00 ,-1
 9> <info> app: hr,472,18683, -4.00 ,-1
 9> <info> app: hr,473,18694, -4.00 ,-1
 9> <info> app: hr,474,18676, -4.00 ,-1
 9> <info> app: hr,475,18677, -4.00 ,-1
 9> <info> app: hr,476,18680, -4.00 ,-1
 9> <info> app: hr,477,18701, -4.00 ,-1
 9> <info> app: hr,478,18678, -4.00 ,-1
 9> <info> app: hr,479,18684, -4.00 ,-1
 9> <info> app: hr,480,18679, -4.00 ,-1
 9> <info> app: hr,481,18709, -4.00 ,-1
 9> <info> app: hr,482,18692, -3.00 ,-1
 9> <info> app: hr,483,18682, -3.00 ,-1
 9> <info> app: hr,484,18700, -3.00 ,-1
 9> <info> app: hr,485,18692, -3.00 ,-1
 9> <info> app: hr,486,18701, -3.00 ,-1
 9> <info> app: hr,487,18668, -2.00 ,-1
 9> <info> app: hr,488,18701, -2.00 ,-1
 9> <info> app: hr,489,18688, -3.00 ,-1
 9> <info> app: hr,490,18705, -3.00 ,-1
 9> <info> app: hr,491,18690, -3.00 ,-1
 9> <info> app: hr,492,18685, -3.00 ,-1
 9> <info> app: hr,493,18667, -3.00 ,-1
 9> <info> app: hr,494,18696, -2.00 ,-1
 9> <info> app: hr,495,18682, -2.00 ,-1
 9> <info> app: hr,496,18686, -2.00 ,-1
 9> <info> app: hr,497,18708, -2.00 ,-1
 9> <info> app: hr,498,18675, -2.00 ,-1
 9> <info> app: hr,499,18693, -2.00 ,-1
 9> <info> app: hr,500,18700, -2.00 ,-1
 9> <info> app: hr,501,18684, -1.00 ,-1
 9> <info> app: hr,502,18692, -1.00 ,-1
 9> <info> app: hr,503,18688, -1.00 ,-1
 9> <info> app: hr,504,18678, -1.00 ,-1
 9> <info> app: hr,505,18675, -1.00 ,-1
 9> <info> app: hr,506,18668, -1.00 ,-1
 9> <info> app: hr,507,18675, 0.00 ,0
 9> <info> app: hr,508,18677, 0.00 ,0
 9> <info> app: hr,509,18675, 0.00 ,0
 9> <info> app: hr,510,18683, 0.00 ,0
 9> <info> app: hr,511,18685, 0.00 ,0
 9> <info> app: hr,512,18680, 0.00 ,0
 9> <info> app: hr,513,18683, 0.00 ,0
 9> <info> app: hr,514,18688, 0.00 ,0
 9> <info> app: hr,515,18689, 1.00 ,1
 9> <info> app: hr,516,18659, 1.00 ,1
 9> <info> app: hr,517,18687, 1.00 ,1
 9> <info> app: hr,518,18695, 2.00 ,1
 9> <info> app: hr,519,18668, 2.00 ,1
 9> <info> app: hr,520,18680, 2.00 ,1
 9> <info> app: hr,521,18707, 1.00 ,1
 9> <info> app: hr,522,18665, 2.00 ,1
 9> <info> app: hr,523,18686, 2.00 ,1
 9> <info> app: hr,524,18684, 2.00 ,1
 9> <info> app: hr,525,18683, 2.00 ,1
 9> <info> app: hr,526,18690, 2.00 ,1
 9> <info> app: hr,527,18682, 3.00 ,1
 9> <info> app: hr,528,18679, 3.00 ,1
 9> <info> app: hr,529,18697, 2.00 ,1
 9> <info> app: hr,530,18690, 2.00 ,1
 9> <info> app: hr,531,18690, 2.00 ,1
 9> <info> app: hr,532,18688, 2.00 ,1
 9> <info> app: hr,533,18690, 2.00 ,1
 9> <info> app: hr,534,18690, 2.00 ,1
 9> <info> app: hr,535,18694, 2.00 ,1
 9> <info> app: hr,536,18685, 2.00 ,1
 9> <info> app: hr,537,18681, 1.00 ,1
 9> <info> app: hr,538,18695, 1.00 ,1
 9> <info> app: hr,539,18681, 1.00 ,1
 9> <info> app: hr,540,18695, 1.00 ,1
 9> <info> app: hr,541,18694, 1.00 ,1
 9> <info> app: hr,542,18702, 1.00 ,1
 9> <info> app: hr,543,18705, 1.00 ,1
 9> <info> app: hr,544,18659, 0.00 ,0
 9> <info> app: hr,545,18683, 0.00 ,0
 9> <info> app: hr,546,18691, 0.00 ,0
 9> <info> app: hr,547,18691, 0.00 ,0
 9> <info> app: hr,548,18691, 0.00 ,0
 9> <info> app: hr,549,18689, 0.00 ,0
 9> <info> app: hr,550,18699, 0.00 ,0
 9> <info> app: hr,551,18689, 0.00 ,0
 9> <info> app: hr,552,18673, 0.00 ,0
 9> <info> app: hr,553,18701, 0.00 ,0
 9> <info> app: hr,554,18694, 0.00 ,0
 9> <info> app: hr,555,18677, 0.00 ,0
 9> <info> app: hr,556,18705, 0.00 ,0
 9> <info> app: hr,557,18680, 0.00 ,0
 9> <info> app: hr,558,18683, 0.00 ,0
 9> <info> app: hr,559,18688, -1.00 ,-1
 9> <info> app: hr,560,18708, -1.00 ,-1
 9> <info> app: hr,561,18673, -1.00 ,-1
 9> <info> app: hr,562,18678, -1.00 ,-1
 9> <info> app: hr,563,18679, -1.00 ,-1
 9> <info> app: hr,564,18677, -1.00 ,-1
 9> <info> app: hr,565,18687, -1.00 ,-1
 9> <info> app: hr,566,18679, -1.00 ,-1
 9> <info> app: hr,567,18694, -1.00 ,-1
 9> <info> app: hr,568,18676, 0.00 ,0
 9> <info> app: hr,569,18706, 0.00 ,0
 9> <info> app: hr,570,18690, 0.00 ,0
 9> <info> app: hr,571,18708, 0.00 ,0
 9> <info> app: hr,572,18679, 0.00 ,0
 9> <info> app: hr,573,18713, 0.00 ,0
 9> <info> app: hr,574,18711, 0.00 ,0
 9> <info> app: hr,575,18696, 0.00 ,0
 9> <info> app: hr,576,18688, -1.00 ,-1
 9> <info> app: hr,577,18687, -1.00 ,-1
 9> <info> app: hr,578,18695, -1.00 ,-1
 9> <info> app: hr,579,18678, -1.00 ,-1
 9> <info> app: hr,580,18674, -1.00 ,-1
 9> <info> app: hr,581,18688, -1.00 ,-1
 9> <info> app: hr,582,18693, -2.00 ,-1
 9> <info> app: hr,583,18705, -2.00 ,-1
 9> <info> app: hr,584,18673, -1.00 ,-1
 9> <info> app: hr,585,18699, -1.00 ,-1
 9> <info> app: hr,586,18703, -1.00 ,-1
 9> <info> app: hr,587,18683, -1.00 ,-1
 9> <info> app: hr,588,18692, -1.00 ,-1
 9> <info> app: hr,589,18702, -1.00 ,-1
 9> <info> app: hr,590,18705, -1.00 ,-1
 9> <info> app: hr,591,18701, -2.00 ,-1
 9> <info> app: hr,592,18690, -2.00 ,-1
 9> <info> app: hr,593,18673, -2.00 ,-1
 9> <info> app: hr,594,18677, -2.00 ,-1
 9> <info> app: hr,595,18692, -1.00 ,-1
 9> <info> app: hr,596,18678, -1.00 ,-1
 9> <info> app: hr,597,18688, -1.00 ,-1
 9> <info> app: hr,598,18685, -1.00 ,-1
 9> <info> app: hr,599,18690, -1.00 ,-1
 9> <info> app: hr,600,18684, -1.00 ,-1
 9> <info> app: hr,601,18701, -1.00 ,-1
 9> <info> app: hr,602,18699, -1.00 ,-1
 9> <info> app: hr,603,18701, -1.00 ,-1
 9> <info> app: hr,604,18689, -1.00 ,-1
 9> <info> app: hr,605,18710, -1.00 ,-1
 9> <info> app: hr,606,18670, -1.00 ,-1
 9> <info> app: hr,607,18718, -1.00 ,-1
 9> <info> app: hr,608,18673, 0.00 ,0
 9> <info> app: hr,609,18687, 0.00 ,0
 9> <info> app: hr,610,18688, 0.00 ,0
 9> <info> app: hr,611,18702, 0.00 ,0
 9> <info> app: hr,612,18663, -1.00 ,-1
 9> <info> app: hr,613,18707, -1.00 ,-1
 9> <info> app: hr,614,18679, 0.00 ,0
 9> <info> app: hr,615,18678, 0.00 ,0
 9> <info> app: hr,616,18699, 0.00 ,0
 9> <info> app: hr,617,18692, 0.00 ,0
 9> <info> app: hr,618,18679, 0.00 ,0
 9> <info> app: hr,619,18696, 0.00 ,0
 9> <info> app: hr,620,18697, 0.00 ,0
 9> <info> app: hr,621,18703, 0.00 ,0
 9> <info> app: hr,622,18688, 0.00 ,0
 9> <info> app: hr,623,18690, 0.00 ,0
 9> <info> app: hr,624,18685, 0.00 ,0
 9> <info> app: hr,625,18669, 0.00 ,0
 9> <info> app: hr,626,18692, 0.00 ,0
 9> <info> app: hr,627,18708, 0.00 ,0
 9> <info> app: hr,628,18695, 0.00 ,0
 9> <info> app: hr,629,18699, 0.00 ,0
 9> <info> app: hr,630,18702, 0.00 ,0
 9> <info> app: hr,631,18695, 0.00 ,0
 9> <info> app: hr,632,18695, 0.00 ,0
 9> <info> app: hr,633,18697, 0.00 ,0
 9> <info> app: hr,634,18693, 0.00 ,0
 9> <info> app: hr,635,18696, -1.00 ,-1
 9> <info> app: hr,636,18668, -1.00 ,-1
 9> <info> app: hr,637,18703, -1.00 ,-1
 9> <info> app: hr,638,18688, -1.00 ,-1
 9> <info> app: hr,639,18676, 0.00 ,0
 9> <info> app: hr,640,18670, 0.00 ,0
 9> <info> app: hr,641,18690, 0.00 ,0
 9> <info> app: hr,642,18693, 0.00 ,0
 9> <info> app: hr,643,18703, 0.00 ,0
 9> <info> app: hr,644,18684, 0.00 ,0
 9> <info> app: hr,645,18710, 0.00 ,0
 9> <info> app: hr,646,18686, 0.00 ,0
 9> <info> app: hr,647,18679, 0.00 ,0
 9> <info> app: hr,648,18701, 0.00 ,0
 9> <info> app: hr,649,18686, 0.00 ,0
 9> <info> app: hr,650,18698, 0.00 ,0
 9> <info> app: hr,651,18698, 0.00 ,0
 9> <info> app: hr,652,18673, 0.00 ,0
 9> <info> app: hr,653,18673, 0.00 ,0
 9> <info> app: hr,654,18720, 0.00 ,0
 9> <info> app: hr,655,18696, 0.00 ,0
 9> <info> app: hr,656,18672, 0.00 ,0
 9> <info> app: hr,657,18670, 0.00 ,0
 9> <info> app: hr,658,18694, 0.00 ,0
 9> <info> app: hr,659,18674, 0.00 ,0
 9> <info> app: hr,660,18671, 0.00 ,0
 9> <info> app: hr,661,18714, 0.00 ,0
 9> <info> app: hr,662,18688, 0.00 ,0
 9> <info> app: hr,663,18699, 0.00 ,0
 9> <info> app: hr,664,18681, 0.00 ,0
 9> <info> app: hr,665,18677, 1.00 ,1
 9> <info> app: hr,666,18691, 1.00 ,1
 9> <info> app: hr,667,18689, 1.00 ,1
 9> <info> app: hr,668,18671, 0.00 ,0
 9> <info> app: hr,669,18683, 0.00 ,0
 9> <info> app: hr,670,18686, 0.00 ,0
 9> <info> app: hr,671,18690, 0.00 ,0
 9> <info> app: hr,672,18690, 1.00 ,1
 9> <info> app: hr,673,18686, 1.00 ,1
 9> <info> app: hr,674,18663, 1.00 ,1
 9> <info> app: hr,675,18705, 1.00 ,1
 9> <info> app: hr,676,18656, 1.00 ,1
 9> <info> app: hr,677,18696, 1.00 ,1
 9> <info> app: hr,678,18713, 2.00 ,1
 9> <info> app: hr,679,18675, 2.00 ,1
 9> <info> app: hr,680,18692, 2.00 ,1
 9> <info> app: hr,681,18676, 1.00 ,1
 9> <info> app: hr,682,18688, 1.00 ,1
 9> <info> app: hr,683,18710, 1.00 ,1
 9> <info> app: hr,684,18695, 1.00 ,1
 9> <info> app: hr,685,18678, 1.00 ,1
 9> <info> app: hr,686,18687, 1.00 ,1
 9> <info> app: hr,687,18715, 1.00 ,1
 9> <info> app: hr,688,18695, 1.00 ,1
 9> <info> app: hr,689,18680, 1.00 ,1
 9> <info> app: hr,690,18654, 1.00 ,1
 9> <info> app: hr,691,18679, 1.00 ,1
 9> <info> app: hr,692,18676, 1.00 ,1
 9> <info> app: hr,693,18661, 1.00 ,1
 9> <info> app: hr,694,18675, 2.00 ,1
 9> <info> app: hr,695,18698, 1.00 ,1
 9> <info> app: hr,696,18694, 1.00 ,1
 9> <info> app: hr,697,18674, 1.00 ,1
 9> <info> app: hr,698,18678, 1.00 ,1
 9> <info> app: hr,699,18674, 1.00 ,1
 9> <info> app: hr,700,18683, 2.00 ,1
 9> <info> app: hr,701,18704, 2.00 ,1
 9> <info> app: hr,702,18670, 2.00 ,1
 9> <info> app: hr,703,18685, 2.00 ,1
 9> <info> app: hr,704,18697, 2.00 ,1
 9> <info> app: hr,705,18678, 1.00 ,1
 9> <info> app: hr,706,18681, 2.00 ,1
 9> <info> app: hr,707,18698, 2.00 ,1
 9> <info> app: hr,708,18694, 2.00 ,1
 9> <info> app: hr,709,18689, 2.00 ,1
 9> <info> app: hr,710,18679, 2.00 ,1
 9> <info> app: hr,711,18681, 2.00 ,1
 9> <info> app: hr,712,18700, 2.00 ,1
 9> <info> app: hr,713,18709, 1.00 ,1
 9> <info> app: hr,714,18673, 1.00 ,1
 9> <info> app: hr,715,18688, 1.00 ,1
 9> <info> app: hr,716,18674, 1.00 ,1
 9> <info> app: hr,717,18691, 1.00 ,1
 9> <info> app: hr,718,18699, 0.00 ,0
 9> <info> app: hr,719,18683, 0.00 ,0
 9> <info> app: hr,720,18686, 0.00 ,0
 9> <info> app: hr,721,18683, 0.00 ,0
 9> <info> app: hr,722,18665, 0.00 ,0
 9> <info> app: hr,723,18691, 0.00 ,0
 9> <info> app: hr,724,18704, 0.00 ,0
 9> <info> app: hr,725,18709, 0.00 ,0
 9> <info> app: hr,726,18688, 0.00 ,0
 9> <info> app: hr,727,18678, 0.00 ,0
 9> <info> app: hr,728,18690, 0.00 ,0
 9> <info> app: hr,729,18700, 0.00 ,0
 9> <info> app: hr,730,18699, 0.00 ,0
 9> <info> app: hr,731,18709, 0.00 ,0
 9> <info> app: hr,732,18685, 0.00 ,0
 9> <info> app: hr,733,18675, 0.00 ,0
 9> <info> app: hr,734,18680, 0.00 ,0
 9> <info> app: hr,735,18685, -1.00 ,-1
 9> <info> app: hr,736,18684, -1.00 ,-1
 9> <info> app: hr,737,18693, -1.00 ,-1
 9> <info> app: hr,738,18696, -1.00 ,-1
 9> <info> app: hr,739,18687, -1.00 ,-1
 9> <info> app: hr,740,18683, -1.00 ,-1
 9> <info> app: hr,741,18712, -1.00 ,-1
 9> <info> app: hr,742,18684, -1.00 ,-1
 9> <info> app: hr,743,18677, -1.00 ,-1
 9> <info> app: hr,744,18703, -1.00 ,-1
 9> <info> app: hr,745,18684, -1.00 ,-1
 9> <info> app: hr,746,18685, -1.00 ,-1
 9> <info> app: hr,747,18694, -1.00 ,-1
 9> <info> app: hr,748,18698, -1.00 ,-1
 9> <info> app: hr,749,18706, -1.00 ,-1
 9> <info> app: hr,750,18697, -1.00 ,-1
 9> <info> app: hr,751,18699, -2.00 ,-1
 9> <info> app: hr,752,18679, -2.00 ,-1
 9> <info> app: hr,753,18708, -2.00 ,-1
 9> <info> app: hr,754,18700, -2.00 ,-1
 9> <info> app: hr,755,18680, -1.00 ,-1
 9> <info> app: hr,756,18689, -2.00 ,-1
 9> <info> app: hr,757,18677, -2.00 ,-1
 9> <info> app: hr,758,18702, -2.00 ,-1
 9> <info> app: hr,759,18704, -2.00 ,-1
 9> <info> app: hr,760,18681, -2.00 ,-1
 9> <info> app: hr,761,18706, -2.00 ,-1
 9> <info> app: hr,762,18719, -2.00 ,-1
 9> <info> app: hr,763,18678, -2.00 ,-1
 9> <info> app: hr,764,18676, -2.00 ,-1
 9> <info> app: hr,765,18700, -2.00 ,-1
 9> <info> app: hr,766,18692, -2.00 ,-1
 9> <info> app: hr,767,18701, -2.00 ,-1
 9> <info> app: hr,768,18683, -2.00 ,-1
 9> <info> app: hr,769,18685, -2.00 ,-1
 9> <info> app: hr,770,18687, -3.00 ,-1
 9> <info> app: hr,771,18695, -2.00 ,-1
 9> <info> app: hr,772,18695, -2.00 ,-1
 9> <info> app: hr,773,18680, -2.00 ,-1
 9> <info> app: hr,774,18694, -2.00 ,-1
 9> <info> app: hr,775,18677, -2.00 ,-1
 9> <info> app: hr,776,18700, -2.00 ,-1
 9> <info> app: hr,777,18698, -2.00 ,-1
 9> <info> app: hr,778,18701, -2.00 ,-1
 9> <info> app: hr,779,18699, -1.00 ,-1
 9> <info> app: hr,780,18713, -1.00 ,-1
 9> <info> app: hr,781,18705, -1.00 ,-1
 9> <info> app: hr,782,18676, -1.00 ,-1
 9> <info> app: hr,783,18682, -1.00 ,-1
 9> <info> app: hr,784,18681, -1.00 ,-1
 9> <info> app: hr,785,18715, -1.00 ,-1
 9> <info> app: hr,786,18711, -1.00 ,-1
 9> <info> app: hr,787,18714, -2.00 ,-1
 9> <info> app: hr,788,18698, -2.00 ,-1
 9> <info> app: hr,789,18694, -2.00 ,-1
 9> <info> app: hr,790,18700, -1.00 ,-1
 9> <info> app: hr,791,18686, -1.00 ,-1
 9> <info> app: hr,792,18666, -1.00 ,-1
 9> <info> app: hr,793,18696, -2.00 ,-1
 9> <info> app: hr,794,18687, -2.00 ,-1
 9> <info> app: hr,795,18685, -2.00 ,-1
 9> <info> app: hr,796,18694, -2.00 ,-1
 9> <info> app: hr,797,18689, -2.00 ,-1
 9> <info> app: hr,798,18709, -1.00 ,-1
 9> <info> app: hr,799,18698, -2.00 ,-1
 9> <info> app: hr,800,18694, -1.00 ,-1
 9> <info> app: hr,801,18709, -1.00 ,-1
 9> <info> app: hr,802,18673, -1.00 ,-1
 9> <info> app: hr,803,18724, -1.00 ,-1
 9> <info> app: hr,804,18701, -1.00 ,-1
 9> <info> app: hr,805,18666, -1.00 ,-1
 9> <info> app: hr,806,18717, -1.00 ,-1
 9> <info> app: hr,807,18699, -1.00 ,-1
 9> <info> app: hr,808,18690, -1.00 ,-1
 9> <info> app: hr,809,18697, -1.00 ,-1
 9> <info> app: hr,810,18677, -1.00 ,-1
 9> <info> app: hr,811,18693, -1.00 ,-1
 9> <info> app: hr,812,18671, -1.00 ,-1
 9> <info> app: hr,813,18695, 0.00 ,0
 9> <info> app: hr,814,18698, 0.00 ,0
 9> <info> app: hr,815,18688, 0.00 ,0
 9> <info> app: hr,816,18680, 0.00 ,0
 9> <info> app: hr,817,18689, 0.00 ,0
 9> <info> app: hr,818,18692, 0.00 ,0
 9> <info> app: hr,819,18696, 0.00 ,0
 9> <info> app: hr,820,18689, 0.00 ,0
 9> <info> app: hr,821,18697, 0.00 ,0
 9> <info> app: hr,822,18693, 0.00 ,0
 9> <info> app: hr,823,18661, 0.00 ,0
 9> <info> app: hr,824,18695, 0.00 ,0
 9> <info> app: hr,825,18704, 0.00 ,0
 9> <info> app: hr,826,18669, 0.00 ,0
 9> <info> app: hr,827,18712, 1.00 ,1
 9> <info> app: hr,828,18699, 1.00 ,1
 9> <info> app: hr,829,18698, 1.00 ,1
 9> <info> app: hr,830,18683, 1.00 ,1
 9> <info> app: hr,831,18662, 0.00 ,0
 9> <info> app: hr,832,18687, 0.00 ,0
 9> <info> app: hr,833,18688, 0.00 ,0
 9> <info> app: hr,834,18693, 1.00 ,1
 9> <info> app: hr,835,18679, 1.00 ,1
 9> <info> app: hr,836,18680, 1.00 ,1
 9> <info> app: hr,837,18698, 1.00 ,1
 9> <info> app: hr,838,18682, 1.00 ,1
 9> <info> app: hr,839,18692, 2.00 ,1
 9> <info> app: hr,840,18705, 2.00 ,1
 9> <info> app: hr,841,18685, 2.00 ,1
 9> <info> app: hr,842,18668, 2.00 ,1
 9> <info> app: hr,843,18700, 1.00 ,1
 9> <info> app: hr,844,18669, 1.00 ,1
 9> <info> app: hr,845,18662, 2.00 ,1
 9> <info> app: hr,846,18691, 2.00 ,1
 9> <info> app: hr,847,18684, 2.00 ,1
 9> <info> app: hr,848,18688, 2.00 ,1
 9> <info> app: hr,849,18686, 3.00 ,1
 9> <info> app: hr,850,18686, 3.00 ,1
 9> <info> app: hr,851,18685, 2.00 ,1
 9> <info> app: hr,852,18709, 2.00 ,1
 9> <info> app: hr,853,18679, 3.00 ,1
 9> <info> app: hr,854,18692, 3.00 ,1
 9> <info> app: hr,855,18681, 3.00 ,1
 9> <info> app: hr,856,18679, 3.00 ,1
 9> <info> app: hr,857,18693, 2.00 ,1
 9> <info> app: hr,858,18693, 2.00 ,1
 9> <info> app: hr,859,18688, 2.00 ,1
 9> <info> app: hr,860,18698, 2.00 ,1
 9> <info> app: hr,861,18703, 2.00 ,1
 9> <info> app: hr,862,18696, 2.00 ,1
 9> <info> app: hr,863,18674, 2.00 ,1
 9> <info> app: hr,864,18662, 2.00 ,1
 9> <info> app: hr,865,18687, 1.00 ,1
 9> <info> app: hr,866,18681, 1.00 ,1
 9> <info> app: hr,867,18689, 2.00 ,1
 9> <info> app: hr,868,18681, 2.00 ,1
 9> <info> app: hr,869,18679, 2.00 ,1
 9> <info> app: hr,870,18697, 2.00 ,1
 9> <info> app: hr,871,18692, 2.00 ,1
 9> <info> app: hr,872,18687, 2.00 ,1
 9> <info> app: hr,873,18676, 2.00 ,1
 9> <info> app: hr,874,18698, 1.00 ,1
 9> <info> app: hr,875,18689, 1.00 ,1
 9> <info> app: hr,876,18692, 1.00 ,1
 9> <info> app: hr,877,18674, 1.00 ,1
 9> <info> app: hr,878,18675, 1.00 ,1
 9> <info> app: hr,879,18697, 1.00 ,1
 9> <info> app: hr,880,18675, 1.00 ,1
 9> <info> app: hr,881,18707, 1.00 ,1
 9> <info> app: hr,882,18692, 1.00 ,1
 9> <info> app: hr,883,18689, 1.00 ,1
 9> <info> app: hr,884,18697, 1.00 ,1
 9> <info> app: hr,885,18689, 1.00 ,1
 9> <info> app: hr,886,18705, 1.00 ,1
 9> <info> app: hr,887,18691, 0.00 ,0
 9> <info> app: hr,888,18701, 0.00 ,0
 9> <info> app: hr,889,18682, 0.00 ,0
 9> <info> app: hr,890,18704, 0.00 ,0
 9> <info> app: hr,891,18679, 0.00 ,0
 9> <info> app: hr,892,18678, 0.00 ,0
 9> <info> app: hr,893,18703, 0.00 ,0
 9> <info> app: hr,894,18681, 0.00 ,0
 9> <info> app: hr,895,18701, 0.00 ,0
 9> <info> app: hr,896,18695, -1.00 ,-1
 9> <info> app: hr,897,18696, -1.00 ,-1
 9> <info> app: hr,898,18692, 0.00 ,0
 9> <info> app: hr,899,18703, 0.00 ,0
 9> <info> app: hr,900,18696, 0.00 ,0
 9> <info> app: hr,901,18684, 0.00 ,0
 9> <info> app: hr,902,18705, -1.00 ,-1
 9> <info> app: hr,903,18687, -1.00 ,-1
 9> <info> app: hr,904,18680, -1.00 ,-1
 9> <info> app: hr,905,18687, -1.00 ,-1
 9> <info> app: hr,906,18682, -1.00 ,-1
 9> <info> app: hr,907,18690, -2.00 ,-1
 9> <info> app: hr,908,18694, -2.00 ,-1
 9> <info> app: hr,909,18672, -2.00 ,-1
 9> <info> app: hr,910,18697, -2.00 ,-1
 9> <info> app: hr,911,18707, -1.00 ,-1
 9> <info> app: hr,912,18698, -1.00 ,-1
 9> <info> app: hr,913,18705, -1.00 ,-1
 9> <info> app: hr,914,18707, -1.00 ,-1
 9> <info> app: hr,915,18700, -1.00 ,-1
 9> <info> app: hr,916,18677, -2.00 ,-1
 9> <info> app: hr,917,18683, -2.00 ,-1
 9> <info> app: hr,918,18698, -2.00 ,-1
 9> <info> app: hr,919,18707, -2.00 ,-1
 9> <info> app: hr,920,18684, -2.00 ,-1
 9> <info> app: hr,921,18697, -1.00 ,-1
 9> <info> app: hr,922,18706, -1.00 ,-1
 9> <info> app: hr,923,18712, -2.00 ,-1
 9> <info> app: hr,924,18712, -2.00 ,-1
 9> <info> app: hr,925,18703, -2.00 ,-1
 9> <info> app: hr,926,18694, -2.00 ,-1
 9> <info> app: hr,927,18716, -3.00 ,-1
 9> <info> app: hr,928,18697, -3.00 ,-1
 9> <info> app: hr,929,18709, -2.00 ,-1
 9> <info> app: hr,930,18708, -3.00 ,-1
 9> <info> app: hr,931,18679, -3.00 ,-1
 9> <info> app: hr,932,18687, -3.00 ,-1
 9> <info> app: hr,933,18661, -4.00 ,-1
 9> <info> app: hr,934,18693, -4.00 ,-1
 9> <info> app: hr,935,18679, -3.00 ,-1
 9> <info> app: hr,936,18696, -3.00 ,-1
 9> <info> app: hr,937,18691, -3.00 ,-1
 9> <info> app: hr,938,18706, -3.00 ,-1
 9> <info> app: hr,939,18703, -3.00 ,-1
 9> <info> app: hr,940,18692, -2.00 ,-1
 9> <info> app: hr,941,18694, -2.00 ,-1
 9> <info> app: hr,942,18702, -2.00 ,-1
 9> <info> app: hr,943,18695, -2.00 ,-1
 9> <info> app: hr,944,18691, -2.00 ,-1
 9> <info> app: hr,945,18690, -2.00 ,-1
 9> <info> app: hr,946,18706, -2.00 ,-1
 9> <info> app: hr,947,18721, -2.00 ,-1
 9> <info> app: hr,948,18693, -1.00 ,-1
 9> <info> app: hr,949,18686, -1.00 ,-1
 9> <info> app: hr,950,18688, -1.00 ,-1
 9> <info> app: hr,951,18703, -1.00 ,-1
 9> <info> app: hr,952,18691, -2.00 ,-1
 9> <info> app: hr,953,18713, -2.00 ,-1
 9> <info> app: hr,954,18686, -2.00 ,-1
 9> <info> app: hr,955,18708, -2.00 ,-1
 9> <info> app: hr,956,18687, -2.00 ,-1
 9> <info> app: hr,957,18690, -2.00 ,-1
 9> <info> app: hr,958,18703, -1.00 ,-1
 9> <info> app: hr,959,18665, -1.00 ,-1
 9> <info> app: hr,960,18691, -1.00 ,-1
 9> <info> app: hr,961,18704, -1.00 ,-1
 9> <info> app: hr,962,18696, -1.00 ,-1
 9> <info> app: hr,963,18703, -1.00 ,-1
 9> <info> app: hr,964,18679, -1.00 ,-1
 9> <info> app: hr,965,18688, 0.00 ,0
 9> <info> app: hr,966,18665, 0.00 ,0
 9> <info> app: hr,967,18721, 0.00 ,0
 9> <info> app: hr,968,18678, 0.00 ,0
 9> <info> app: hr,969,18688, 0.00 ,0
 9> <info> app: hr,970,18690, 0.00 ,0
 9> <info> app: hr,971,18715, 0.00 ,0
 9> <info> app: hr,972,18697, 0.00 ,0
 9> <info> app: hr,973,18684, 0.00 ,0
 9> <info> app: hr,974,18691, 0.00 ,0
 9> <info> app: hr,975,18673, 0.00 ,0
 9> <info> app: hr,976,18692, 0.00 ,0
 9> <info> app: hr,977,18685, 0.00 ,0
 9> <info> app: hr,978,18693, 0.00 ,0
 9> <info> app: hr,979,18684, 1.00 ,1
 9> <info> app: hr,980,18673, 1.00 ,1
 9> <info> app: hr,981,18683, 1.00 ,1
 9> <info> app: hr,982,18678, 1.00 ,1
 9> <info> app: hr,983,18687, 2.00 ,1
 9> <info> app: hr,984,18672, 2.00 ,1
 9> <info> app: hr,985,18684, 2.00 ,1
 9> <info> app: hr,986,18666, 2.00 ,1
 9> <info> app: hr,987,18693, 2.00 ,1
 9> <info> app: hr,988,18689, 3.00 ,1
 9> <info> app: hr,989,18687, 3.00 ,1
 9> <info> app: hr,990,18698, 3.00 ,1
 9> <info> app: hr,991,18688, 4.00 ,1
 9> <info> app: hr,992,18674, 3.00 ,1
 9> <info> app: hr,993,18719, 3.00 ,1
 9> <info> app: hr,994,18675, 3.00 ,1
 9> <info> app: hr,995,18714, 3.00 ,1
 9> <info> app: hr,996,18681, 4.00 ,1
 9> <info> app: hr,997,18699, 3.00 ,1
 9> <info> app: hr,998,18699, 3.00 ,1
 9> <info> app: hr,999,18687, 3.00 ,1
 9> <info> app: hr,1000,18680, 3.00 ,1
 9> <info> app: hr,1001,18677, 3.00 ,1
 9> <info> app: hr,1002,18689, 3.00 ,1
 9> <info> app: hr,1003,18692, 2.00 ,1
 9> <info> app: hr,1004,18678, 2.00 ,1
 9> <info> app: hr,1005,18671, 2.00 ,1
 9> <info> app: hr,1006,18676, 2.00 ,1
 9> <info> app: hr,1007,18697, 3.00 ,1
 9> <info> app: hr,1008,18683, 3.00 ,1
 9> <info> app: hr,1009,18692, 3.00 ,1
 9> <info> app: hr,1010,18674, 2.00 ,1
 9> <info> app: hr,1011,18698, 2.00 ,1
 9> <info> app: hr,1012,18680, 2.00 ,1
 9> <info> app: hr,1013,18666, 2.00 ,1
 9> <info> app: hr,1014,18700, 3.00 ,1
 9> <info> app: hr,1015,18702, 3.00 ,1
 9> <info> app: hr,1016,18708, 3.00 ,1
 9> <info> app: hr,1017,18690, 2.00 ,1
 9> <info> app: hr,1018,18663, 2.00 ,1

# Logging stopped @ 23 Nov 2018 13:49:34
