# SEGGER J-Link RTT Viewer V6.16a Terminal Log File
# Compiled: 12:44:10 on Jun  6 2017
# Logging started @ 23 Nov 2018 14:23:20
<info> app: ***********  Application started  ***********
 9> 
 9> <info> app: [OK] NRF Power ON 0x0004. 
 9> <info> app: Read MAC:CC34D2110EF6
 9> <info> app: ***********  Sensor initial ***********
 9> <info> app: [OK]	BMI160
 9> <info> app: [OK]	SETUP ACC
 9> <info> app: [OK]	SETUP STEP COUNT
 9> <info> app: [OK]	FLASH MEMORY
 9> <info> app: [OK]	OLED Initial
 9> <info> app: [OK]	Max30102 Initial, Temperature 34.43
 9> <info> app: ********** End sensor initial *********
 9> 
 9> <info> app: Max30102 Found
 9> 
 9> <info> app: HR Begin
 9> 
 9> <info> app: 1019
 9> <info> app: hr,50,17656, 3.00 ,0
 9> <info> app: hr,51,17660, 3.00 ,0
 9> <info> app: hr,52,17669, 2.00 ,0
 9> <info> app: hr,53,17660, 2.00 ,0
 9> <info> app: hr,54,17657, 2.00 ,0
 9> <info> app: hr,55,17659, 2.00 ,0
 9> <info> app: hr,56,17655, 2.00 ,0
 9> <info> app: hr,57,17660, 2.00 ,0
 9> <info> app: hr,58,17664, 2.00 ,0
 9> <info> app: hr,59,17667, 2.00 ,0
 9> <info> app: hr,60,17655, 1.00 ,0
 9> <info> app: hr,61,17680, 1.00 ,0
 9> <info> app: hr,62,17671, 1.00 ,0
 9> <info> app: hr,63,17656, 1.00 ,0
 9> <info> app: hr,64,17651, 1.00 ,0
 9> <info> app: hr,65,17644, 1.00 ,0
 9> <info> app: hr,66,17653, 1.00 ,0
 9> <info> app: hr,67,17676, 1.00 ,0
 9> <info> app: hr,68,17643, 1.00 ,0
 9> <info> app: hr,69,17657, 1.00 ,0
 9> <info> app: hr,70,17661, 1.00 ,0
 9> <info> app: hr,71,17665, 1.00 ,0
 9> <info> app: hr,72,17667, 1.00 ,0
 9> <info> app: hr,73,17656, 1.00 ,0
 9> <info> app: hr,74,17659, 1.00 ,0
 9> <info> app: hr,75,17681, 1.00 ,0
 9> <info> app: hr,76,17684, 0.00 ,-1
 9> <info> app: hr,77,17659, 0.00 ,-1
 9> <info> app: hr,78,17667, 0.00 ,0
 9> <info> app: hr,79,17647, 0.00 ,0
 9> <info> app: hr,80,17668, 0.00 ,0
 9> <info> app: hr,81,17665, 0.00 ,0
 9> <info> app: hr,82,17651, 0.00 ,0
 9> <info> app: hr,83,17668, 0.00 ,0
 9> <info> app: hr,84,17683, 0.00 ,0
 9> <info> app: hr,85,17655, 0.00 ,0
 9> <info> app: hr,86,17644, 0.00 ,0
 9> <info> app: hr,87,17675, 0.00 ,0
 9> <info> app: hr,88,17669, 0.00 ,0
 9> <info> app: hr,89,17653, 0.00 ,0
 9> <info> app: hr,90,17660, 0.00 ,0
 9> <info> app: hr,91,17653, 0.00 ,0
 9> <info> app: hr,92,17661, 0.00 ,0
 9> <info> app: hr,93,17637, 0.00 ,0
 9> <info> app: hr,94,17673, 0.00 ,0
 9> <info> app: hr,95,17671, 0.00 ,0
 9> <info> app: hr,96,17673, 0.00 ,0
 9> <info> app: hr,97,17663, 0.00 ,0
 9> <info> app: hr,98,17657, 0.00 ,0
 9> <info> app: hr,99,17652, 0.00 ,0
 9> <info> app: hr,100,17675, 0.00 ,0
 9> <info> app: hr,101,17651, 0.00 ,0
 9> <info> app: hr,102,17671, 0.00 ,0
 9> <info> app: hr,103,17655, 0.00 ,0
 9> <info> app: hr,104,17664, 0.00 ,0
 9> <info> app: hr,105,17654, 0.00 ,0
 9> <info> app: hr,106,17663, 0.00 ,0
 9> <info> app: hr,107,17673, 0.00 ,0
 9> <info> app: hr,108,17651, 0.00 ,0
 9> <info> app: hr,109,17664, 0.00 ,0
 9> <info> app: hr,110,17657, 0.00 ,0
 9> <info> app: hr,111,17651, 0.00 ,0
 9> <info> app: hr,112,17651, 0.00 ,0
 9> <info> app: hr,113,17675, 0.00 ,0
 9> <info> app: hr,114,17689, 0.00 ,0
 9> <info> app: hr,115,17682, 0.00 ,0
 9> <info> app: hr,116,17658, 0.00 ,0
 9> <info> app: hr,117,17658, 0.00 ,0
 9> <info> app: hr,118,17687, 0.00 ,0
 9> <info> app: hr,119,17684, -1.00 ,-1
 9> <info> app: hr,120,17655, -1.00 ,-1
 9> <info> app: hr,121,17693, 0.00 ,0
 9> <info> app: hr,122,17680, 0.00 ,0
 9> <info> app: hr,123,17665, -1.00 ,-1
 9> <info> app: hr,124,17691, -1.00 ,-1
 9> <info> app: hr,125,17670, -1.00 ,-1
 9> <info> app: hr,126,17672, -2.00 ,-1
 9> <info> app: hr,127,17671, -2.00 ,-1
 9> <info> app: hr,128,17686, -3.00 ,-1
 9> <info> app: hr,129,17671, -3.00 ,-1
 9> <info> app: hr,130,17680, -3.00 ,-1
 9> <info> app: hr,131,17689, -3.00 ,-1
 9> <info> app: hr,132,17693, -3.00 ,-1
 9> <info> app: hr,133,17671, -4.00 ,-1
 9> <info> app: hr,134,17665, -4.00 ,-1
 9> <info> app: hr,135,17669, -5.00 ,-1
 9> <info> app: hr,136,17681, -4.00 ,-1
 9> <info> app: hr,137,17682, -5.00 ,-1
 9> <info> app: hr,138,17675, -5.00 ,-1
 9> <info> app: hr,139,17676, -5.00 ,-1
 9> <info> app: hr,140,17679, -5.00 ,-1
 9> <info> app: hr,141,17673, -5.00 ,-1
 9> <info> app: hr,142,17640, -6.00 ,-1
 9> <info> app: hr,143,17656, -5.00 ,-1
 9> <info> app: hr,144,17679, -5.00 ,-1
 9> <info> app: hr,145,17659, -5.00 ,-1
 9> <info> app: hr,146,17664, -5.00 ,-1
 9> <info> app: hr,147,17674, -4.00 ,-1
 9> <info> app: hr,148,17660, -4.00 ,-1
 9> <info> app: hr,149,17660, -4.00 ,-1
 9> <info> app: hr,150,17664, -4.00 ,-1
 9> <info> app: hr,151,17654, -3.00 ,-1
 9> <info> app: hr,152,17666, -3.00 ,-1
 9> <info> app: hr,153,17674, -3.00 ,-1
 9> <info> app: hr,154,17654, -3.00 ,-1
 9> <info> app: hr,155,17641, -3.00 ,-1
 9> <info> app: hr,156,17639, -3.00 ,-1
 9> <info> app: hr,157,17645, -1.00 ,0
 9> <info> app: hr,158,17647, -1.00 ,0
 9> <info> app: hr,159,17635, 0.00 ,0
 9> <info> app: hr,160,17653, 0.00 ,0
 9> <info> app: hr,161,17668, 0.00 ,0
 9> <info> app: hr,162,17675, 0.00 ,0
 9> <info> app: hr,163,17654, 1.00 ,0
 9> <info> app: hr,164,17669, 1.00 ,0
 9> <info> app: hr,165,17663, 2.00 ,1
 9> <info> app: hr,166,17651, 2.00 ,1
 9> <info> app: hr,167,17652, 2.00 ,0
 9> <info> app: hr,168,17651, 2.00 ,0
 9> <info> app: hr,169,17651, 3.00 ,0
 9> <info> app: hr,170,17631, 3.00 ,0
 9> <info> app: hr,171,17644, 4.00 ,0
 9> <info> app: hr,172,17672, 4.00 ,0
 9> <info> app: hr,173,17655, 4.00 ,0
 9> <info> app: hr,174,17654, 4.00 ,0
 9> <info> app: hr,175,17649, 5.00 ,0
 9> <info> app: hr,176,17660, 5.00 ,0
 9> <info> app: hr,177,17673, 5.00 ,0
 9> <info> app: hr,178,17671, 5.00 ,0
 9> <info> app: hr,179,17682, 5.00 ,0
 9> <info> app: hr,180,17653, 5.00 ,0
 9> <info> app: hr,181,17668, 5.00 ,0
 9> <info> app: hr,182,17643, 5.00 ,0
 9> <info> app: hr,183,17655, 5.00 ,0
 9> <info> app: hr,184,17636, 4.00 ,0
 9> <info> app: hr,185,17648, 4.00 ,0
 9> <info> app: hr,186,17682, 5.00 ,0
 9> <info> app: hr,187,17657, 5.00 ,0
 9> <info> app: hr,188,17656, 4.00 ,0
 9> <info> app: hr,189,17663, 4.00 ,0
 9> <info> app: hr,190,17667, 4.00 ,0
 9> <info> app: hr,191,17673, 5.00 ,0
 9> <info> app: hr,192,17659, 4.00 ,0
 9> <info> app: hr,193,17649, 4.00 ,0
 9> <info> app: hr,194,17683, 4.00 ,0
 9> <info> app: hr,195,17668, 4.00 ,0
 9> <info> app: hr,196,17661, 3.00 ,0
 9> <info> app: hr,197,17668, 2.00 ,-1
 9> <info> app: hr,198,17642, 2.00 ,-1
 9> <info> app: hr,199,17666, 2.00 ,0
 9> <info> app: hr,200,17650, 2.00 ,0
 9> <info> app: hr,201,17665, 2.00 ,0
 9> <info> app: hr,202,17659, 2.00 ,0
 9> <info> app: hr,203,17666, 2.00 ,0
 9> <info> app: hr,204,17666, 2.00 ,0
 9> <info> app: hr,205,17663, 1.00 ,0
 9> <info> app: hr,206,17671, 1.00 ,0
 9> <info> app: hr,207,17654, 1.00 ,0
 9> <info> app: hr,208,17659, 0.00 ,0
 9> <info> app: hr,209,17659, 0.00 ,0
 9> <info> app: hr,210,17654, 0.00 ,0
 9> <info> app: hr,211,17654, 0.00 ,0
 9> <info> app: hr,212,17672, 0.00 ,0
 9> <info> app: hr,213,17654, 0.00 ,0
 9> <info> app: hr,214,17684, 0.00 ,0
 9> <info> app: hr,215,17654, 0.00 ,0
 9> <info> app: hr,216,17669, 0.00 ,0
 9> <info> app: hr,217,17647, 0.00 ,0
 9> <info> app: hr,218,17663, 0.00 ,0
 9> <info> app: hr,219,17663, 0.00 ,0
 9> <info> app: hr,220,17683, 0.00 ,0
 9> <info> app: hr,221,17669, 0.00 ,0
 9> <info> app: hr,222,17664, 0.00 ,0
 9> <info> app: hr,223,17664, 0.00 ,0
 9> <info> app: hr,224,17676, 0.00 ,0
 9> <info> app: hr,225,17663, -1.00 ,-1
 9> <info> app: hr,226,17670, -1.00 ,-1
 9> <info> app: hr,227,17683, -1.00 ,-1
 9> <info> app: hr,228,17662, -1.00 ,-1
 9> <info> app: hr,229,17663, -2.00 ,-1
 9> <info> app: hr,230,17655, -2.00 ,-1
 9> <info> app: hr,231,17675, -1.00 ,-1
 9> <info> app: hr,232,17669, -1.00 ,-1
 9> <info> app: hr,233,17684, -1.00 ,-1
 9> <info> app: hr,234,17673, -2.00 ,-1
 9> <info> app: hr,235,17686, -2.00 ,-1
 9> <info> app: hr,236,17680, -2.00 ,-1
 9> <info> app: hr,237,17675, -3.00 ,-1
 9> <info> app: hr,238,17674, -3.00 ,-1
 9> <info> app: hr,239,17687, -3.00 ,-1
 9> <info> app: hr,240,17675, -3.00 ,-1
 9> <info> app: hr,241,17665, -3.00 ,-1
 9> <info> app: hr,242,17669, -4.00 ,-1
 9> <info> app: hr,243,17663, -4.00 ,-1
 9> <info> app: hr,244,17685, -4.00 ,-1
 9> <info> app: hr,245,17672, -4.00 ,-1
 9> <info> app: hr,246,17650, -4.00 ,-1
 9> <info> app: hr,247,17680, -5.00 ,-1
 9> <info> app: hr,248,17674, -5.00 ,-1
 9> <info> app: hr,249,17672, -4.00 ,-1
 9> <info> app: hr,250,17671, -4.00 ,-1
 9> <info> app: hr,251,17675, -5.00 ,-1
 9> <info> app: hr,252,17671, -5.00 ,-1
 9> <info> app: hr,253,17680, -4.00 ,-1
 9> <info> app: hr,254,17692, -4.00 ,-1
 9> <info> app: hr,255,17674, -5.00 ,-1
 9> <info> app: hr,256,17674, -5.00 ,-1
 9> <info> app: hr,257,17675, -4.00 ,-1
 9> <info> app: hr,258,17676, -5.00 ,-1
 9> <info> app: hr,259,17684, -5.00 ,-1
 9> <info> app: hr,260,17687, -5.00 ,-1
 9> <info> app: hr,261,17676, -5.00 ,-1
 9> <info> app: hr,262,17667, -5.00 ,-1
 9> <info> app: hr,263,17657, -5.00 ,-1
 9> <info> app: hr,264,17658, -4.00 ,-1
 9> <info> app: hr,265,17693, -4.00 ,-1
 9> <info> app: hr,266,17667, -5.00 ,-1
 9> <info> app: hr,267,17678, -5.00 ,-1
 9> <info> app: hr,268,17676, -4.00 ,-1
 9> <info> app: hr,269,17662, -4.00 ,-1
 9> <info> app: hr,270,17679, -4.00 ,-1
 9> <info> app: hr,271,17674, -4.00 ,-1
 9> <info> app: hr,272,17673, -4.00 ,-1
 9> <info> app: hr,273,17661, -3.00 ,-1
 9> <info> app: hr,274,17660, -3.00 ,-1
 9> <info> app: hr,275,17676, -3.00 ,-1
 9> <info> app: hr,276,17637, -3.00 ,-1
 9> <info> app: hr,277,17655, -3.00 ,-1
 9> <info> app: hr,278,17655, -2.00 ,-1
 9> <info> app: hr,279,17657, -2.00 ,-1
 9> <info> app: hr,280,17653, -1.00 ,0
 9> <info> app: hr,281,17627, -1.00 ,0
 9> <info> app: hr,282,17653, -1.00 ,0
 9> <info> app: hr,283,17656, 0.00 ,0
 9> <info> app: hr,284,17660, 0.00 ,0
 9> <info> app: hr,285,17675, 0.00 ,0
 9> <info> app: hr,286,17658, 0.00 ,0
 9> <info> app: hr,287,17633, 1.00 ,0
 9> <info> app: hr,288,17647, 1.00 ,0
 9> <info> app: hr,289,17648, 2.00 ,1
 9> <info> app: hr,290,17665, 3.00 ,1
 9> <info> app: hr,291,17649, 3.00 ,1
 9> <info> app: hr,292,17660, 3.00 ,0
 9> <info> app: hr,293,17667, 4.00 ,1
 9> <info> app: hr,294,17669, 4.00 ,1
 9> <info> app: hr,295,17646, 5.00 ,0
 9> <info> app: hr,296,17656, 5.00 ,0
 9> <info> app: hr,297,17662, 5.00 ,0
 9> <info> app: hr,298,17656, 5.00 ,0
 9> <info> app: hr,299,17664, 5.00 ,0
 9> <info> app: hr,300,17668, 5.00 ,0
 9> <info> app: hr,301,17655, 5.00 ,0
 9> <info> app: hr,302,17654, 6.00 ,0
 9> <info> app: hr,303,17649, 6.00 ,0
 9> <info> app: hr,304,17661, 5.00 ,0
 9> <info> app: hr,305,17670, 6.00 ,0
 9> <info> app: hr,306,17662, 6.00 ,0
 9> <info> app: hr,307,17660, 5.00 ,0
 9> <info> app: hr,308,17664, 5.00 ,0
 9> <info> app: hr,309,17659, 6.00 ,0
 9> <info> app: hr,310,17654, 5.00 ,0
 9> <info> app: hr,311,17690, 5.00 ,0
 9> <info> app: hr,312,17665, 5.00 ,0
 9> <info> app: hr,313,17658, 5.00 ,0
 9> <info> app: hr,314,17653, 4.00 ,0
 9> <info> app: hr,315,17639, 4.00 ,0
 9> <info> app: hr,316,17675, 4.00 ,0
 9> <info> app: hr,317,17657, 4.00 ,0
 9> <info> app: hr,318,17656, 3.00 ,0
 9> <info> app: hr,319,17673, 3.00 ,0
 9> <info> app: hr,320,17675, 3.00 ,0
 9> <info> app: hr,321,17669, 3.00 ,0
 9> <info> app: hr,322,17692, 3.00 ,0
 9> <info> app: hr,323,17656, 3.00 ,0
 9> <info> app: hr,324,17672, 2.00 ,0
 9> <info> app: hr,325,17651, 2.00 ,0
 9> <info> app: hr,326,17639, 2.00 ,0
 9> <info> app: hr,327,17661, 1.00 ,-1
 9> <info> app: hr,328,17663, 1.00 ,0
 9> <info> app: hr,329,17643, 1.00 ,0
 9> <info> app: hr,330,17680, 1.00 ,0
 9> <info> app: hr,331,17664, 1.00 ,0
 9> <info> app: hr,332,17650, 1.00 ,0
 9> <info> app: hr,333,17664, 1.00 ,0
 9> <info> app: hr,334,17677, 1.00 ,0
 9> <info> app: hr,335,17664, 0.00 ,0
 9> <info> app: hr,336,17666, 0.00 ,0
 9> <info> app: hr,337,17668, 0.00 ,0
 9> <info> app: hr,338,17657, 0.00 ,0
 9> <info> app: hr,339,17674, 0.00 ,0
 9> <info> app: hr,340,17650, 0.00 ,0
 9> <info> app: hr,341,17669, 0.00 ,0
 9> <info> app: hr,342,17652, 0.00 ,0
 9> <info> app: hr,343,17683, 0.00 ,0
 9> <info> app: hr,344,17671, 0.00 ,0
 9> <info> app: hr,345,17647, 0.00 ,0
 9> <info> app: hr,346,17664, 0.00 ,0
 9> <info> app: hr,347,17670, 0.00 ,0
 9> <info> app: hr,348,17670, -1.00 ,-1
 9> <info> app: hr,349,17659, -1.00 ,-1
 9> <info> app: hr,350,17658, -1.00 ,-1
 9> <info> app: hr,351,17653, 0.00 ,0
 9> <info> app: hr,352,17655, 0.00 ,0
 9> <info> app: hr,353,17686, 0.00 ,0
 9> <info> app: hr,354,17644, 0.00 ,0
 9> <info> app: hr,355,17668, 0.00 ,0
 9> <info> app: hr,356,17684, 0.00 ,0
 9> <info> app: hr,357,17667, 0.00 ,0
 9> <info> app: hr,358,17671, 0.00 ,0
 9> <info> app: hr,359,17661, -1.00 ,-1
 9> <info> app: hr,360,17661, -1.00 ,-1
 9> <info> app: hr,361,17673, -1.00 ,-1
 9> <info> app: hr,362,17682, -1.00 ,-1
 9> <info> app: hr,363,17672, -1.00 ,-1
 9> <info> app: hr,364,17673, -1.00 ,-1
 9> <info> app: hr,365,17683, -2.00 ,-1
 9> <info> app: hr,366,17670, -2.00 ,-1
 9> <info> app: hr,367,17673, -2.00 ,-1
 9> <info> app: hr,368,17677, -1.00 ,-1
 9> <info> app: hr,369,17663, -2.00 ,-1
 9> <info> app: hr,370,17671, -2.00 ,-1
 9> <info> app: hr,371,17650, -2.00 ,-1
 9> <info> app: hr,372,17662, -2.00 ,-1
 9> <info> app: hr,373,17658, -3.00 ,-1
 9> <info> app: hr,374,17686, -3.00 ,-1
 9> <info> app: hr,375,17673, -2.00 ,-1
 9> <info> app: hr,376,17668, -2.00 ,-1
 9> <info> app: hr,377,17680, -2.00 ,-1
 9> <info> app: hr,378,17681, -2.00 ,-1
 9> <info> app: hr,379,17672, -3.00 ,-1
 9> <info> app: hr,380,17665, -3.00 ,-1
 9> <info> app: hr,381,17675, -3.00 ,-1
 9> <info> app: hr,382,17668, -2.00 ,-1
 9> <info> app: hr,383,17690, -3.00 ,-1
 9> <info> app: hr,384,17698, -3.00 ,-1
 9> <info> app: hr,385,17683, -3.00 ,-1
 9> <info> app: hr,386,17657, -4.00 ,-1
 9> <info> app: hr,387,17663, -4.00 ,-1
 9> <info> app: hr,388,17671, -3.00 ,-1
 9> <info> app: hr,389,17666, -3.00 ,-1
 9> <info> app: hr,390,17670, -4.00 ,-1
 9> <info> app: hr,391,17670, -4.00 ,-1
 9> <info> app: hr,392,17669, -4.00 ,-1
 9> <info> app: hr,393,17666, -3.00 ,-1
 9> <info> app: hr,394,17672, -3.00 ,-1
 9> <info> app: hr,395,17661, -3.00 ,-1
 9> <info> app: hr,396,17686, -3.00 ,-1
 9> <info> app: hr,397,17671, -4.00 ,-1
 9> <info> app: hr,398,17669, -3.00 ,-1
 9> <info> app: hr,399,17639, -3.00 ,-1
 9> <info> app: hr,400,17647, -3.00 ,-1
 9> <info> app: hr,401,17653, -3.00 ,-1
 9> <info> app: hr,402,17676, -2.00 ,-1
 9> <info> app: hr,403,17660, -2.00 ,-1
 9> <info> app: hr,404,17663, -1.00 ,-1
 9> <info> app: hr,405,17655, -1.00 ,-1
 9> <info> app: hr,406,17680, -1.00 ,-1
 9> <info> app: hr,407,17677, 0.00 ,0
 9> <info> app: hr,408,17665, 0.00 ,0
 9> <info> app: hr,409,17666, 0.00 ,0
 9> <info> app: hr,410,17648, 0.00 ,0
 9> <info> app: hr,411,17643, 0.00 ,0
 9> <info> app: hr,412,17663, 0.00 ,0
 9> <info> app: hr,413,17653, 0.00 ,0
 9> <info> app: hr,414,17654, 0.00 ,0
 9> <info> app: hr,415,17660, 0.00 ,0
 9> <info> app: hr,416,17676, 1.00 ,1
 9> <info> app: hr,417,17656, 1.00 ,1
 9> <info> app: hr,418,17656, 1.00 ,1
 9> <info> app: hr,419,17642, 2.00 ,1
 9> <info> app: hr,420,17668, 2.00 ,1
 9> <info> app: hr,421,17669, 2.00 ,1
 9> <info> app: hr,422,17644, 2.00 ,1
 9> <info> app: hr,423,17652, 2.00 ,1
 9> <info> app: hr,424,17655, 3.00 ,1
 9> <info> app: hr,425,17674, 3.00 ,1
 9> <info> app: hr,426,17649, 3.00 ,1
 9> <info> app: hr,427,17641, 4.00 ,1
 9> <info> app: hr,428,17668, 3.00 ,1
 9> <info> app: hr,429,17647, 3.00 ,1
 9> <info> app: hr,430,17627, 4.00 ,1
 9> <info> app: hr,431,17636, 4.00 ,1
 9> <info> app: hr,432,17663, 5.00 ,1
 9> <info> app: hr,433,17660, 4.00 ,1
 9> <info> app: hr,434,17674, 5.00 ,1
 9> <info> app: hr,435,17686, 5.00 ,1
 9> <info> app: hr,436,17659, 5.00 ,1
 9> <info> app: hr,437,17686, 5.00 ,1
 9> <info> app: hr,438,17666, 5.00 ,1
 9> <info> app: hr,439,17659, 5.00 ,1
 9> <info> app: hr,440,17673, 4.00 ,1
 9> <info> app: hr,441,17644, 4.00 ,1
 9> <info> app: hr,442,17663, 4.00 ,1
 9> <info> app: hr,443,17645, 4.00 ,1
 9> <info> app: hr,444,17669, 4.00 ,1
 9> <info> app: hr,445,17656, 3.00 ,1
 9> <info> app: hr,446,17670, 3.00 ,1
 9> <info> app: hr,447,17676, 3.00 ,1
 9> <info> app: hr,448,17652, 3.00 ,1
 9> <info> app: hr,449,17666, 3.00 ,1
 9> <info> app: hr,450,17636, 2.00 ,0
 9> <info> app: hr,451,17650, 2.00 ,0
 9> <info> app: hr,452,17670, 2.00 ,0
 9> <info> app: hr,453,17659, 2.00 ,0
 9> <info> app: hr,454,17636, 2.00 ,0
 9> <info> app: hr,455,17661, 2.00 ,0
 9> <info> app: hr,456,17649, 3.00 ,1
 9> <info> app: hr,457,17651, 3.00 ,1
 9> <info> app: hr,458,17664, 2.00 ,0
 9> <info> app: hr,459,17639, 2.00 ,0
 9> <info> app: hr,460,17659, 2.00 ,0
 9> <info> app: hr,461,17653, 2.00 ,0
 9> <info> app: hr,462,17659, 2.00 ,0
 9> <info> app: hr,463,17670, 3.00 ,1
 9> <info> app: hr,464,17645, 3.00 ,1
 9> <info> app: hr,465,17659, 2.00 ,0
 9> <info> app: hr,466,17666, 2.00 ,0
 9> <info> app: hr,467,17680, 2.00 ,0
 9> <info> app: hr,468,17668, 2.00 ,0
 9> <info> app: hr,469,17671, 2.00 ,0
 9> <info> app: hr,470,17648, 2.00 ,0
 9> <info> app: hr,471,17672, 2.00 ,0
 9> <info> app: hr,472,17653, 2.00 ,0
 9> <info> app: hr,473,17674, 1.00 ,-1
 9> <info> app: hr,474,17680, 0.00 ,-1
 9> <info> app: hr,475,17669, 0.00 ,-1
 9> <info> app: hr,476,17664, 0.00 ,0
 9> <info> app: hr,477,17659, 0.00 ,0
 9> <info> app: hr,478,17652, 0.00 ,0
 9> <info> app: hr,479,17659, 0.00 ,0
 9> <info> app: hr,480,17663, 0.00 ,0
 9> <info> app: hr,481,17667, 0.00 ,0
 9> <info> app: hr,482,17676, 0.00 ,0
 9> <info> app: hr,483,17657, 0.00 ,0
 9> <info> app: hr,484,17671, 0.00 ,0
 9> <info> app: hr,485,17654, -1.00 ,-1
 9> <info> app: hr,486,17628, -1.00 ,-1
 9> <info> app: hr,487,17671, -1.00 ,-1
 9> <info> app: hr,488,17677, -1.00 ,-1
 9> <info> app: hr,489,17675, -1.00 ,-1
 9> <info> app: hr,490,17674, 0.00 ,0
 9> <info> app: hr,491,17657, 0.00 ,0
 9> <info> app: hr,492,17669, -1.00 ,-1
 9> <info> app: hr,493,17672, -1.00 ,-1
 9> <info> app: hr,494,17674, -1.00 ,-1
 9> <info> app: hr,495,17668, -1.00 ,-1
 9> <info> app: hr,496,17669, -2.00 ,-1
 9> <info> app: hr,497,17682, -2.00 ,-1
 9> <info> app: hr,498,17670, -2.00 ,-1
 9> <info> app: hr,499,17694, -2.00 ,-1
 9> <info> app: hr,500,17673, -3.00 ,-1
 9> <info> app: hr,501,17663, -2.00 ,-1
 9> <info> app: hr,502,17675, -3.00 ,-1
 9> <info> app: hr,503,17665, -3.00 ,-1
 9> <info> app: hr,504,17675, -3.00 ,-1
 9> <info> app: hr,505,17696, -4.00 ,-1
 9> <info> app: hr,506,17663, -4.00 ,-1
 9> <info> app: hr,507,17662, -3.00 ,-1
 9> <info> app: hr,508,17669, -4.00 ,-1
 9> <info> app: hr,509,17663, -4.00 ,-1
 9> <info> app: hr,510,17670, -4.00 ,-1
 9> <info> app: hr,511,17651, -4.00 ,-1
 9> <info> app: hr,512,17685, -4.00 ,-1
 9> <info> app: hr,513,17679, -4.00 ,-1
 9> <info> app: hr,514,17684, -4.00 ,-1
 9> <info> app: hr,515,17672, -5.00 ,-1
 9> <info> app: hr,516,17680, -4.00 ,-1
 9> <info> app: hr,517,17653, -4.00 ,-1
 9> <info> app: hr,518,17667, -4.00 ,-1
 9> <info> app: hr,519,17655, -5.00 ,-1
 9> <info> app: hr,520,17678, -4.00 ,-1
 9> <info> app: hr,521,17683, -4.00 ,-1
 9> <info> app: hr,522,17680, -4.00 ,-1
 9> <info> app: hr,523,17662, -4.00 ,-1
 9> <info> app: hr,524,17674, -4.00 ,-1
 9> <info> app: hr,525,17674, -4.00 ,-1
 9> <info> app: hr,526,17659, -4.00 ,-1
 9> <info> app: hr,527,17652, -4.00 ,-1
 9> <info> app: hr,528,17675, -4.00 ,-1
 9> <info> app: hr,529,17655, -3.00 ,-1
 9> <info> app: hr,530,17672, -3.00 ,-1
 9> <info> app: hr,531,17652, -3.00 ,-1
 9> <info> app: hr,532,17657, -3.00 ,-1
 9> <info> app: hr,533,17637, -3.00 ,-1
 9> <info> app: hr,534,17658, -2.00 ,-1
 9> <info> app: hr,535,17637, -1.00 ,0
 9> <info> app: hr,536,17654, -1.00 ,0
 9> <info> app: hr,537,17665, -1.00 ,0
 9> <info> app: hr,538,17647, 0.00 ,0
 9> <info> app: hr,539,17658, 0.00 ,0
 9> <info> app: hr,540,17656, 0.00 ,0
 9> <info> app: hr,541,17628, 0.00 ,0
 9> <info> app: hr,542,17664, 1.00 ,0
 9> <info> app: hr,543,17642, 1.00 ,0
 9> <info> app: hr,544,17657, 2.00 ,1
 9> <info> app: hr,545,17666, 2.00 ,0
 9> <info> app: hr,546,17646, 3.00 ,1
 9> <info> app: hr,547,17652, 2.00 ,0
 9> <info> app: hr,548,17639, 3.00 ,0
 9> <info> app: hr,549,17632, 3.00 ,0
 9> <info> app: hr,550,17662, 4.00 ,0
 9> <info> app: hr,551,17655, 5.00 ,0
 9> <info> app: hr,552,17664, 4.00 ,0
 9> <info> app: hr,553,17660, 5.00 ,0
 9> <info> app: hr,554,17659, 5.00 ,0
 9> <info> app: hr,555,17651, 6.00 ,0
 9> <info> app: hr,556,17644, 5.00 ,0
 9> <info> app: hr,557,17667, 5.00 ,0
 9> <info> app: hr,558,17663, 6.00 ,0
 9> <info> app: hr,559,17628, 5.00 ,0
 9> <info> app: hr,560,17653, 6.00 ,0
 9> <info> app: hr,561,17635, 6.00 ,0
 9> <info> app: hr,562,17653, 5.00 ,0
 9> <info> app: hr,563,17652, 6.00 ,0
 9> <info> app: hr,564,17634, 6.00 ,0
 9> <info> app: hr,565,17643, 7.00 ,0
 9> <info> app: hr,566,17653, 6.00 ,0
 9> <info> app: hr,567,17665, 7.00 ,0
 9> <info> app: hr,568,17661, 6.00 ,0
 9> <info> app: hr,569,17637, 6.00 ,0
 9> <info> app: hr,570,17658, 7.00 ,0
 9> <info> app: hr,571,17679, 6.00 ,0
 9> <info> app: hr,572,17663, 6.00 ,0
 9> <info> app: hr,573,17653, 6.00 ,0
 9> <info> app: hr,574,17648, 5.00 ,0
 9> <info> app: hr,575,17663, 6.00 ,0
 9> <info> app: hr,576,17660, 6.00 ,0
 9> <info> app: hr,577,17651, 6.00 ,0
 9> <info> app: hr,578,17657, 5.00 ,0
 9> <info> app: hr,579,17639, 5.00 ,0
 9> <info> app: hr,580,17644, 5.00 ,0
 9> <info> app: hr,581,17651, 4.00 ,0
 9> <info> app: hr,582,17659, 4.00 ,0
 9> <info> app: hr,583,17654, 4.00 ,0
 9> <info> app: hr,584,17681, 4.00 ,0
 9> <info> app: hr,585,17674, 3.00 ,0
 9> <info> app: hr,586,17667, 3.00 ,0
 9> <info> app: hr,587,17641, 3.00 ,0
 9> <info> app: hr,588,17667, 3.00 ,0
 9> <info> app: hr,589,17662, 2.00 ,0
 9> <info> app: hr,590,17645, 2.00 ,0
 9> <info> app: hr,591,17630, 2.00 ,0
 9> <info> app: hr,592,17631, 1.00 ,0
 9> <info> app: hr,593,17650, 1.00 ,0
 9> <info> app: hr,594,17656, 1.00 ,0
 9> <info> app: hr,595,17666, 1.00 ,0
 9> <info> app: hr,596,17638, 1.00 ,0
 9> <info> app: hr,597,17653, 1.00 ,0
 9> <info> app: hr,598,17672, 1.00 ,0
 9> <info> app: hr,599,17657, 1.00 ,0
 9> <info> app: hr,600,17633, 1.00 ,0
 9> <info> app: hr,601,17650, 1.00 ,0
 9> <info> app: hr,602,17651, 1.00 ,0
 9> <info> app: hr,603,17649, 1.00 ,0
 9> <info> app: hr,604,17679, 1.00 ,0
 9> <info> app: hr,605,17658, 0.00 ,-1
 9> <info> app: hr,606,17647, 0.00 ,-1
 9> <info> app: hr,607,17678, 0.00 ,0
 9> <info> app: hr,608,17658, 0.00 ,0
 9> <info> app: hr,609,17672, 0.00 ,0
 9> <info> app: hr,610,17660, 0.00 ,0
 9> <info> app: hr,611,17666, 0.00 ,0
 9> <info> app: hr,612,17675, 0.00 ,0
 9> <info> app: hr,613,17658, 0.00 ,0
 9> <info> app: hr,614,17680, 0.00 ,0
 9> <info> app: hr,615,17664, 0.00 ,0
 9> <info> app: hr,616,17673, -1.00 ,-1
 9> <info> app: hr,617,17678, -1.00 ,-1
 9> <info> app: hr,618,17652, -2.00 ,-1
 9> <info> app: hr,619,17673, -2.00 ,-1
 9> <info> app: hr,620,17669, -1.00 ,-1
 9> <info> app: hr,621,17685, -2.00 ,-1
 9> <info> app: hr,622,17671, -2.00 ,-1
 9> <info> app: hr,623,17655, -3.00 ,-1
 9> <info> app: hr,624,17665, -3.00 ,-1
 9> <info> app: hr,625,17669, -4.00 ,-1
 9> <info> app: hr,626,17661, -4.00 ,-1
 9> <info> app: hr,627,17655, -4.00 ,-1
 9> <info> app: hr,628,17667, -4.00 ,-1
 9> <info> app: hr,629,17679, -4.00 ,-1
 9> <info> app: hr,630,17670, -5.00 ,-1
 9> <info> app: hr,631,17662, -4.00 ,-1
 9> <info> app: hr,632,17695, -4.00 ,-1
 9> <info> app: hr,633,17664, -5.00 ,-1
 9> <info> app: hr,634,17680, -5.00 ,-1
 9> <info> app: hr,635,17668, -5.00 ,-1
 9> <info> app: hr,636,17662, -5.00 ,-1
 9> <info> app: hr,637,17662, -5.00 ,-1
 9> <info> app: hr,638,17669, -6.00 ,-1
 9> <info> app: hr,639,17658, -5.00 ,-1
 9> <info> app: hr,640,17664, -5.00 ,-1
 9> <info> app: hr,641,17662, -6.00 ,-1
 9> <info> app: hr,642,17690, -5.00 ,-1
 9> <info> app: hr,643,17664, -5.00 ,-1
 9> <info> app: hr,644,17664, -5.00 ,-1
 9> <info> app: hr,645,17657, -6.00 ,-1
 9> <info> app: hr,646,17671, -5.00 ,-1
 9> <info> app: hr,647,17665, -5.00 ,-1
 9> <info> app: hr,648,17686, -5.00 ,-1
 9> <info> app: hr,649,17646, -4.00 ,-1
 9> <info> app: hr,650,17673, -5.00 ,-1
 9> <info> app: hr,651,17678, -5.00 ,-1
 9> <info> app: hr,652,17662, -5.00 ,-1
 9> <info> app: hr,653,17659, -4.00 ,-1
 9> <info> app: hr,654,17650, -4.00 ,-1
 9> <info> app: hr,655,17666, -4.00 ,-1
 9> <info> app: hr,656,17661, -4.00 ,-1
 9> <info> app: hr,657,17658, -3.00 ,-1
 9> <info> app: hr,658,17676, -3.00 ,-1
 9> <info> app: hr,659,17675, -3.00 ,-1
 9> <info> app: hr,660,17695, -3.00 ,-1
 9> <info> app: hr,661,17670, -3.00 ,-1
 9> <info> app: hr,662,17666, -3.00 ,-1
 9> <info> app: hr,663,17665, -2.00 ,-1
 9> <info> app: hr,664,17668, -2.00 ,-1
 9> <info> app: hr,665,17660, -2.00 ,-1
 9> <info> app: hr,666,17661, -3.00 ,-1
 9> <info> app: hr,667,17650, -3.00 ,-1
 9> <info> app: hr,668,17670, -2.00 ,-1
 9> <info> app: hr,669,17651, -2.00 ,-1
 9> <info> app: hr,670,17666, -1.00 ,-1
 9> <info> app: hr,671,17671, -1.00 ,-1
 9> <info> app: hr,672,17673, -1.00 ,-1
 9> <info> app: hr,673,17655, -1.00 ,-1
 9> <info> app: hr,674,17669, -1.00 ,-1
 9> <info> app: hr,675,17639, -1.00 ,-1
 9> <info> app: hr,676,17674, -1.00 ,-1
 9> <info> app: hr,677,17654, -1.00 ,-1
 9> <info> app: hr,678,17651, 0.00 ,0
 9> <info> app: hr,679,17656, 0.00 ,0
 9> <info> app: hr,680,17657, 0.00 ,0
 9> <info> app: hr,681,17657, 0.00 ,0
 9> <info> app: hr,682,17661, 0.00 ,0
 9> <info> app: hr,683,17676, 0.00 ,0
 9> <info> app: hr,684,17656, 0.00 ,0
 9> <info> app: hr,685,17669, 0.00 ,0
 9> <info> app: hr,686,17675, 1.00 ,1
 9> <info> app: hr,687,17643, 1.00 ,1
 9> <info> app: hr,688,17662, 1.00 ,1
 9> <info> app: hr,689,17662, 1.00 ,1
 9> <info> app: hr,690,17661, 1.00 ,1
 9> <info> app: hr,691,17669, 1.00 ,1
 9> <info> app: hr,692,17635, 2.00 ,1
 9> <info> app: hr,693,17633, 2.00 ,1
 9> <info> app: hr,694,17653, 1.00 ,1
 9> <info> app: hr,695,17634, 2.00 ,1
 9> <info> app: hr,696,17685, 2.00 ,1
 9> <info> app: hr,697,17661, 2.00 ,1
 9> <info> app: hr,698,17655, 3.00 ,1
 9> <info> app: hr,699,17664, 3.00 ,1
 9> <info> app: hr,700,17658, 3.00 ,1
 9> <info> app: hr,701,17668, 2.00 ,1
 9> <info> app: hr,702,17646, 3.00 ,1
 9> <info> app: hr,703,17634, 3.00 ,1
 9> <info> app: hr,704,17660, 3.00 ,1
 9> <info> app: hr,705,17654, 3.00 ,1
 9> <info> app: hr,706,17665, 4.00 ,1
 9> <info> app: hr,707,17639, 3.00 ,1
 9> <info> app: hr,708,17653, 3.00 ,1
 9> <info> app: hr,709,17663, 4.00 ,1
 9> <info> app: hr,710,17672, 4.00 ,1
 9> <info> app: hr,711,17680, 4.00 ,1
 9> <info> app: hr,712,17667, 3.00 ,1
 9> <info> app: hr,713,17658, 3.00 ,1
 9> <info> app: hr,714,17669, 3.00 ,1
 9> <info> app: hr,715,17676, 3.00 ,1
 9> <info> app: hr,716,17671, 3.00 ,1
 9> <info> app: hr,717,17653, 3.00 ,1
 9> <info> app: hr,718,17657, 2.00 ,1
 9> <info> app: hr,719,17644, 2.00 ,1
 9> <info> app: hr,720,17675, 2.00 ,1
 9> <info> app: hr,721,17653, 2.00 ,1
 9> <info> app: hr,722,17679, 2.00 ,1
 9> <info> app: hr,723,17662, 2.00 ,1
 9> <info> app: hr,724,17649, 2.00 ,1
 9> <info> app: hr,725,17658, 1.00 ,0
 9> <info> app: hr,726,17676, 0.00 ,-1
 9> <info> app: hr,727,17662, 0.00 ,-1
 9> <info> app: hr,728,17652, 0.00 ,0
 9> <info> app: hr,729,17673, 0.00 ,0
 9> <info> app: hr,730,17661, 0.00 ,0
 9> <info> app: hr,731,17661, 0.00 ,0
 9> <info> app: hr,732,17678, 0.00 ,0
 9> <info> app: hr,733,17654, 0.00 ,0
 9> <info> app: hr,734,17665, 0.00 ,0
 9> <info> app: hr,735,17685, 0.00 ,0
 9> <info> app: hr,736,17683, 0.00 ,0
 9> <info> app: hr,737,17650, 0.00 ,0
 9> <info> app: hr,738,17674, 0.00 ,0
 9> <info> app: hr,739,17664, -1.00 ,-1
 9> <info> app: hr,740,17648, -1.00 ,-1
 9> <info> app: hr,741,17655, -1.00 ,-1
 9> <info> app: hr,742,17671, -1.00 ,-1
 9> <info> app: hr,743,17673, -1.00 ,-1
 9> <info> app: hr,744,17655, -2.00 ,-1
 9> <info> app: hr,745,17669, -1.00 ,-1
 9> <info> app: hr,746,17685, -1.00 ,-1
 9> <info> app: hr,747,17666, -1.00 ,-1
 9> <info> app: hr,748,17652, -1.00 ,-1
 9> <info> app: hr,749,17664, -1.00 ,-1
 9> <info> app: hr,750,17669, -2.00 ,-1
 9> <info> app: hr,751,17675, -2.00 ,-1
 9> <info> app: hr,752,17650, -2.00 ,-1
 9> <info> app: hr,753,17652, -2.00 ,-1
 9> <info> app: hr,754,17652, -2.00 ,-1
 9> <info> app: hr,755,17678, -1.00 ,-1
 9> <info> app: hr,756,17693, -1.00 ,-1
 9> <info> app: hr,757,17670, -1.00 ,-1
 9> <info> app: hr,758,17673, -2.00 ,-1
 9> <info> app: hr,759,17687, -2.00 ,-1
 9> <info> app: hr,760,17662, -2.00 ,-1
 9> <info> app: hr,761,17659, -2.00 ,-1
 9> <info> app: hr,762,17663, -3.00 ,-1
 9> <info> app: hr,763,17664, -2.00 ,-1
 9> <info> app: hr,764,17687, -2.00 ,-1
 9> <info> app: hr,765,17662, -2.00 ,-1
 9> <info> app: hr,766,17669, -2.00 ,-1
 9> <info> app: hr,767,17696, -2.00 ,-1
 9> <info> app: hr,768,17653, -3.00 ,-1
 9> <info> app: hr,769,17663, -3.00 ,-1
 9> <info> app: hr,770,17667, -2.00 ,-1
 9> <info> app: hr,771,17675, -2.00 ,-1
 9> <info> app: hr,772,17679, -2.00 ,-1
 9> <info> app: hr,773,17699, -3.00 ,-1
 9> <info> app: hr,774,17667, -3.00 ,-1
 9> <info> app: hr,775,17711, -3.00 ,-1
 9> <info> app: hr,776,17686, -4.00 ,-1
 9> <info> app: hr,777,17673, -3.00 ,-1
 9> <info> app: hr,778,17689, -4.00 ,-1
 9> <info> app: hr,779,17691, -4.00 ,-1
 9> <info> app: hr,780,17680, -5.00 ,-1
 9> <info> app: hr,781,17653, -4.00 ,-1
 9> <info> app: hr,782,17675, -4.00 ,-1
 9> <info> app: hr,783,17693, -5.00 ,-1
 9> <info> app: hr,784,17674, -5.00 ,-1
 9> <info> app: hr,785,17657, -5.00 ,-1
 9> <info> app: hr,786,17690, -5.00 ,-1
 9> <info> app: hr,787,17684, -5.00 ,-1
 9> <info> app: hr,788,17680, -6.00 ,-1
 9> <info> app: hr,789,17672, -5.00 ,-1
 9> <info> app: hr,790,17682, -5.00 ,-1
 9> <info> app: hr,791,17674, -6.00 ,-1
 9> <info> app: hr,792,17659, -5.00 ,-1
 9> <info> app: hr,793,17677, -5.00 ,-1
 9> <info> app: hr,794,17670, -5.00 ,-1
 9> <info> app: hr,795,17685, -6.00 ,-1
 9> <info> app: hr,796,17657, -5.00 ,-1
 9> <info> app: hr,797,17667, -5.00 ,-1
 9> <info> app: hr,798,17659, -5.00 ,-1
 9> <info> app: hr,799,17669, -4.00 ,-1
 9> <info> app: hr,800,17675, -4.00 ,-1
 9> <info> app: hr,801,17661, -4.00 ,-1
 9> <info> app: hr,802,17644, -4.00 ,-1
 9> <info> app: hr,803,17677, -4.00 ,-1
 9> <info> app: hr,804,17670, -2.00 ,-1
 9> <info> app: hr,805,17638, -2.00 ,-1
 9> <info> app: hr,806,17674, -2.00 ,-1
 9> <info> app: hr,807,17666, -2.00 ,-1
 9> <info> app: hr,808,17674, -1.00 ,0
 9> <info> app: hr,809,17655, -1.00 ,0
 9> <info> app: hr,810,17630, -1.00 ,0
 9> <info> app: hr,811,17674, 0.00 ,0
 9> <info> app: hr,812,17661, 0.00 ,0
 9> <info> app: hr,813,17664, 0.00 ,0
 9> <info> app: hr,814,17682, 0.00 ,0
 9> <info> app: hr,815,17657, 0.00 ,0
 9> <info> app: hr,816,17670, 0.00 ,0
 9> <info> app: hr,817,17660, 1.00 ,0
 9> <info> app: hr,818,17660, 1.00 ,0
 9> <info> app: hr,819,17657, 2.00 ,1
 9> <info> app: hr,820,17675, 2.00 ,1
 9> <info> app: hr,821,17661, 2.00 ,0
 9> <info> app: hr,822,17668, 3.00 ,1
 9> <info> app: hr,823,17646, 3.00 ,1
 9> <info> app: hr,824,17662, 2.00 ,0
 9> <info> app: hr,825,17663, 3.00 ,0
 9> <info> app: hr,826,17655, 3.00 ,0
 9> <info> app: hr,827,17664, 3.00 ,0
 9> <info> app: hr,828,17663, 4.00 ,0
 9> <info> app: hr,829,17648, 4.00 ,0
 9> <info> app: hr,830,17673, 3.00 ,0
 9> <info> app: hr,831,17663, 4.00 ,0
 9> <info> app: hr,832,17669, 4.00 ,0
 9> <info> app: hr,833,17677, 4.00 ,0
 9> <info> app: hr,834,17666, 3.00 ,0
 9> <info> app: hr,835,17668, 4.00 ,0
 9> <info> app: hr,836,17662, 4.00 ,0
 9> <info> app: hr,837,17637, 4.00 ,0
 9> <info> app: hr,838,17653, 4.00 ,0
 9> <info> app: hr,839,17661, 3.00 ,0
 9> <info> app: hr,840,17652, 4.00 ,0
 9> <info> app: hr,841,17645, 4.00 ,0
 9> <info> app: hr,842,17678, 4.00 ,0
 9> <info> app: hr,843,17651, 4.00 ,0
 9> <info> app: hr,844,17656, 4.00 ,0
 9> <info> app: hr,845,17666, 4.00 ,0
 9> <info> app: hr,846,17655, 4.00 ,0
 9> <info> app: hr,847,17679, 4.00 ,0
 9> <info> app: hr,848,17650, 4.00 ,0
 9> <info> app: hr,849,17681, 4.00 ,0
 9> <info> app: hr,850,17658, 4.00 ,0
 9> <info> app: hr,851,17679, 4.00 ,0
 9> <info> app: hr,852,17654, 4.00 ,0
 9> <info> app: hr,853,17669, 3.00 ,-1
 9> <info> app: hr,854,17662, 3.00 ,-1
 9> <info> app: hr,855,17693, 3.00 ,0
 9> <info> app: hr,856,17671, 3.00 ,0
 9> <info> app: hr,857,17660, 3.00 ,0
 9> <info> app: hr,858,17655, 2.00 ,0
 9> <info> app: hr,859,17669, 2.00 ,0
 9> <info> app: hr,860,17657, 2.00 ,0
 9> <info> app: hr,861,17668, 1.00 ,0
 9> <info> app: hr,862,17683, 1.00 ,0
 9> <info> app: hr,863,17677, 1.00 ,0
 9> <info> app: hr,864,17663, 1.00 ,0
 9> <info> app: hr,865,17670, 1.00 ,0
 9> <info> app: hr,866,17657, 1.00 ,0
 9> <info> app: hr,867,17680, 0.00 ,0
 9> <info> app: hr,868,17676, 0.00 ,0
 9> <info> app: hr,869,17650, 0.00 ,0
 9> <info> app: hr,870,17666, 0.00 ,0
 9> <info> app: hr,871,17663, 0.00 ,0
 9> <info> app: hr,872,17679, 0.00 ,0
 9> <info> app: hr,873,17670, 0.00 ,0
 9> <info> app: hr,874,17669, 0.00 ,0
 9> <info> app: hr,875,17665, 0.00 ,0
 9> <info> app: hr,876,17678, 0.00 ,0
 9> <info> app: hr,877,17662, 0.00 ,0
 9> <info> app: hr,878,17653, -1.00 ,-1
 9> <info> app: hr,879,17672, -1.00 ,-1
 9> <info> app: hr,880,17672, -1.00 ,-1
 9> <info> app: hr,881,17688, -1.00 ,-1
 9> <info> app: hr,882,17683, -1.00 ,-1
 9> <info> app: hr,883,17661, -2.00 ,-1
 9> <info> app: hr,884,17683, -2.00 ,-1
 9> <info> app: hr,885,17673, -2.00 ,-1
 9> <info> app: hr,886,17671, -1.00 ,-1
 9> <info> app: hr,887,17671, -2.00 ,-1
 9> <info> app: hr,888,17669, -2.00 ,-1
 9> <info> app: hr,889,17662, -2.00 ,-1
 9> <info> app: hr,890,17665, -2.00 ,-1
 9> <info> app: hr,891,17667, -2.00 ,-1
 9> <info> app: hr,892,17673, -3.00 ,-1
 9> <info> app: hr,893,17668, -3.00 ,-1
 9> <info> app: hr,894,17670, -2.00 ,-1
 9> <info> app: hr,895,17678, -2.00 ,-1
 9> <info> app: hr,896,17680, -2.00 ,-1
 9> <info> app: hr,897,17659, -2.00 ,-1
 9> <info> app: hr,898,17671, -3.00 ,-1
 9> <info> app: hr,899,17667, -3.00 ,-1
 9> <info> app: hr,900,17682, -3.00 ,-1
 9> <info> app: hr,901,17662, -2.00 ,-1
 9> <info> app: hr,902,17689, -2.00 ,-1
 9> <info> app: hr,903,17677, -2.00 ,-1
 9> <info> app: hr,904,17654, -2.00 ,-1
 9> <info> app: hr,905,17683, -3.00 ,-1
 9> <info> app: hr,906,17668, -3.00 ,-1
 9> <info> app: hr,907,17659, -3.00 ,-1
 9> <info> app: hr,908,17671, -2.00 ,-1
 9> <info> app: hr,909,17686, -2.00 ,-1
 9> <info> app: hr,910,17661, -2.00 ,-1
 9> <info> app: hr,911,17685, -2.00 ,-1
 9> <info> app: hr,912,17656, -2.00 ,-1
 9> <info> app: hr,913,17686, -2.00 ,-1
 9> <info> app: hr,914,17659, -2.00 ,-1
 9> <info> app: hr,915,17681, -3.00 ,-1
 9> <info> app: hr,916,17674, -2.00 ,-1
 9> <info> app: hr,917,17669, -2.00 ,-1
 9> <info> app: hr,918,17673, -2.00 ,-1
 9> <info> app: hr,919,17699, -2.00 ,-1
 9> <info> app: hr,920,17678, -2.00 ,-1
 9> <info> app: hr,921,17690, -2.00 ,-1
 9> <info> app: hr,922,17691, -2.00 ,-1
 9> <info> app: hr,923,17690, -2.00 ,-1
 9> <info> app: hr,924,17663, -2.00 ,-1
 9> <info> app: hr,925,17703, -2.00 ,-1
 9> <info> app: hr,926,17678, -3.00 ,-1
 9> <info> app: hr,927,17682, -3.00 ,-1
 9> <info> app: hr,928,17668, -3.00 ,-1
 9> <info> app: hr,929,17675, -4.00 ,-1
 9> <info> app: hr,930,17691, -3.00 ,-1
 9> <info> app: hr,931,17677, -3.00 ,-1
 9> <info> app: hr,932,17658, -4.00 ,-1
 9> <info> app: hr,933,17670, -4.00 ,-1
 9> <info> app: hr,934,17682, -4.00 ,-1
 9> <info> app: hr,935,17658, -3.00 ,-1
 9> <info> app: hr,936,17666, -3.00 ,-1
 9> <info> app: hr,937,17699, -3.00 ,-1
 9> <info> app: hr,938,17652, -3.00 ,-1
 9> <info> app: hr,939,17653, -3.00 ,-1
 9> <info> app: hr,940,17682, -2.00 ,-1
 9> <info> app: hr,941,17647, -2.00 ,-1
 9> <info> app: hr,942,17651, -2.00 ,-1
 9> <info> app: hr,943,17680, -2.00 ,-1
 9> <info> app: hr,944,17652, -2.00 ,-1
 9> <info> app: hr,945,17684, -2.00 ,-1
 9> <info> app: hr,946,17678, -1.00 ,-1
 9> <info> app: hr,947,17675, -1.00 ,-1
 9> <info> app: hr,948,17633, -1.00 ,-1
 9> <info> app: hr,949,17661, -1.00 ,-1
 9> <info> app: hr,950,17677, 0.00 ,0
 9> <info> app: hr,951,17662, 0.00 ,0
 9> <info> app: hr,952,17647, 0.00 ,0
 9> <info> app: hr,953,17660, 1.00 ,1
 9> <info> app: hr,954,17648, 0.00 ,0
 9> <info> app: hr,955,17660, 0.00 ,0
 9> <info> app: hr,956,17657, 1.00 ,1
 9> <info> app: hr,957,17667, 1.00 ,1
 9> <info> app: hr,958,17676, 2.00 ,1
 9> <info> app: hr,959,17668, 2.00 ,1
 9> <info> app: hr,960,17649, 3.00 ,1
 9> <info> app: hr,961,17646, 3.00 ,1
 9> <info> app: hr,962,17667, 3.00 ,1
 9> <info> app: hr,963,17671, 3.00 ,1
 9> <info> app: hr,964,17645, 3.00 ,1
 9> <info> app: hr,965,17648, 4.00 ,1
 9> <info> app: hr,966,17662, 4.00 ,1
 9> <info> app: hr,967,17653, 5.00 ,1
 9> <info> app: hr,968,17643, 4.00 ,1
 9> <info> app: hr,969,17663, 5.00 ,1
 9> <info> app: hr,970,17679, 5.00 ,1
 9> <info> app: hr,971,17666, 6.00 ,1
 9> <info> app: hr,972,17683, 5.00 ,1
 9> <info> app: hr,973,17657, 5.00 ,0
 9> <info> app: hr,974,17673, 5.00 ,0
 9> <info> app: hr,975,17653, 5.00 ,0
 9> <info> app: hr,976,17634, 5.00 ,0
 9> <info> app: hr,977,17668, 5.00 ,0
 9> <info> app: hr,978,17638, 5.00 ,0
 9> <info> app: hr,979,17654, 5.00 ,0
 9> <info> app: hr,980,17647, 5.00 ,0
 9> <info> app: hr,981,17670, 6.00 ,0
 9> <info> app: hr,982,17652, 5.00 ,0
 9> <info> app: hr,983,17652, 5.00 ,0
 9> <info> app: hr,984,17659, 6.00 ,0
 9> <info> app: hr,985,17642, 6.00 ,0
 9> <info> app: hr,986,17665, 5.00 ,0
 9> <info> app: hr,987,17679, 5.00 ,0
 9> <info> app: hr,988,17683, 6.00 ,0
 9> <info> app: hr,989,17660, 5.00 ,0
 9> <info> app: hr,990,17672, 5.00 ,0
 9> <info> app: hr,991,17663, 5.00 ,0
 9> <info> app: hr,992,17641, 5.00 ,0
 9> <info> app: hr,993,17660, 4.00 ,0
 9> <info> app: hr,994,17671, 4.00 ,0
 9> <info> app: hr,995,17641, 4.00 ,0
 9> <info> app: hr,996,17647, 4.00 ,0
 9> <info> app: hr,997,17654, 3.00 ,0
 9> <info> app: hr,998,17671, 4.00 ,0
 9> <info> app: hr,999,17652, 4.00 ,0
 9> <info> app: hr,1000,17659, 4.00 ,0
 9> <info> app: hr,1001,17649, 4.00 ,0
 9> <info> app: hr,1002,17693, 3.00 ,0
 9> <info> app: hr,1003,17654, 3.00 ,0
 9> <info> app: hr,1004,17670, 3.00 ,0
 9> <info> app: hr,1005,17662, 3.00 ,0
 9> <info> app: hr,1006,17666, 3.00 ,0
 9> <info> app: hr,1007,17676, 2.00 ,0
 9> <info> app: hr,1008,17647, 2.00 ,0
 9> <info> app: hr,1009,17658, 2.00 ,0
 9> <info> app: hr,1010,17665, 1.00 ,0
 9> <info> app: hr,1011,17671, 1.00 ,0
 9> <info> app: hr,1012,17662, 1.00 ,0
 9> <info> app: hr,1013,17661, 1.00 ,0
 9> <info> app: hr,1014,17654, 1.00 ,0
 9> <info> app: hr,1015,17665, 1.00 ,0
 9> <info> app: hr,1016,17668, 1.00 ,0
 9> <info> app: hr,1017,17685, 1.00 ,0
 9> <info> app: hr,1018,17665, 1.00 ,0
 9> 
 9> Peak Index, 165,
 9> Peak Index, 289,
 9> Peak Index, 293,
 9> Peak Index, 416,
 9> Peak Index, 419,
 9> Peak Index, 422,
 9> Peak Index, 425,
 9> Peak Index, 428,
 9> Peak Index, 431,
 9> Peak Index, 434,
 9> Peak Index, 437,
 9> Peak Index, 440,
 9> Peak Index, 443,
 9> Peak Index, 446,
 9> Peak Index, 449,
 9> Peak Index, 463,
 9> Peak Index, 544,545,
 9> Peak Index, 686,
 9> Peak Index, 689,
 9> Peak Index, 692,
 9> Peak Index, 695,
 9> Peak Index, 698,
 9> Peak Index, 701,
 9> Peak Index, 704,
 9> Peak Index, 707,
 9> Peak Index, 710,
 9> Peak Index, 713,
 9> Peak Index, 716,
 9> Peak Index, 719,
 9> Peak Index, 722,
 9> Peak Index, 819,
 9> Peak Index, 822,
 9> Peak Index, 953,
 9> Peak Index, 958,
 9> Peak Index, 961,
 9> Peak Index, 964,
 9> Peak Index, 967,
 9> Peak Index, 970,
# Logging stopped @ 23 Nov 2018 14:23:59
