# SEGGER J-Link RTT Viewer V6.16a Terminal Log File
# Compiled: 12:44:10 on Jun  6 2017
# Logging started @ 23 Nov 2018 13:45:46
 9> <info> app: ***********  Application started  ***********
 9> 
 9> <info> app: [OK] NRF Power ON 0x0004. 
 9> <info> app: Read MAC:CC34D2110EF6
 9> <info> app: ***********  Sensor initial ***********
 9> <info> app: [OK]	BMI160
 9> <info> app: [OK]	SETUP ACC
 9> <info> app: [OK]	SETUP STEP COUNT
 9> <info> app: [OK]	FLASH MEMORY
 9> <info> app: [OK]	OLED Initial
 9> <info> app: [OK]	Max30102 Initial, Temperature 34.50
 9> <info> app: ********** End sensor initial *********
 9> 
 9> <info> app: Max30102 Found
 9> 
 9> <info> app: HR Begin
 9> 
 9> <info> app: 1019
 9> <info> app: hr,50,18544, -2.00 ,0
 9> <info> app: hr,51,18538, -3.00 ,0
 9> <info> app: hr,52,18532, -3.00 ,0
 9> <info> app: hr,53,18529, -3.00 ,0
 9> <info> app: hr,54,18539, -2.00 ,0
 9> <info> app: hr,55,18549, -2.00 ,0
 9> <info> app: hr,56,18546, -2.00 ,0
 9> <info> app: hr,57,18531, -2.00 ,0
 9> <info> app: hr,58,18535, -2.00 ,0
 9> <info> app: hr,59,18525, -2.00 ,0
 9> <info> app: hr,60,18535, -2.00 ,0
 9> <info> app: hr,61,18548, -2.00 ,0
 9> <info> app: hr,62,18554, -1.00 ,0
 9> <info> app: hr,63,18529, -1.00 ,0
 9> <info> app: hr,64,18520, -1.00 ,0
 9> <info> app: hr,65,18527, -1.00 ,0
 9> <info> app: hr,66,18522, -1.00 ,0
 9> <info> app: hr,67,18531, -1.00 ,0
 9> <info> app: hr,68,18534, -1.00 ,0
 9> <info> app: hr,69,18523, -1.00 ,0
 9> <info> app: hr,70,18551, 0.00 ,0
 9> <info> app: hr,71,18538, 0.00 ,0
 9> <info> app: hr,72,18527, 0.00 ,0
 9> <info> app: hr,73,18557, 0.00 ,0
 9> <info> app: hr,74,18520, 0.00 ,0
 9> <info> app: hr,75,18531, 0.00 ,0
 9> <info> app: hr,76,18525, 0.00 ,0
 9> <info> app: hr,77,18517, 0.00 ,0
 9> <info> app: hr,78,18542, 0.00 ,0
 9> <info> app: hr,79,18537, 0.00 ,0
 9> <info> app: hr,80,18538, 0.00 ,0
 9> <info> app: hr,81,18541, 1.00 ,1
 9> <info> app: hr,82,18526, 1.00 ,1
 9> <info> app: hr,83,18518, 1.00 ,1
 9> <info> app: hr,84,18525, 1.00 ,1
 9> <info> app: hr,85,18539, 2.00 ,1
 9> <info> app: hr,86,18543, 2.00 ,1
 9> <info> app: hr,87,18535, 2.00 ,1
 9> <info> app: hr,88,18529, 1.00 ,1
 9> <info> app: hr,89,18517, 1.00 ,1
 9> <info> app: hr,90,18530, 1.00 ,1
 9> <info> app: hr,91,18551, 2.00 ,1
 9> <info> app: hr,92,18503, 2.00 ,1
 9> <info> app: hr,93,18543, 2.00 ,1
 9> <info> app: hr,94,18521, 2.00 ,1
 9> <info> app: hr,95,18522, 3.00 ,1
 9> <info> app: hr,96,18542, 3.00 ,1
 9> <info> app: hr,97,18518, 2.00 ,1
 9> <info> app: hr,98,18528, 2.00 ,1
 9> <info> app: hr,99,18552, 3.00 ,1
 9> <info> app: hr,100,18531, 3.00 ,1
 9> <info> app: hr,101,18525, 3.00 ,1
 9> <info> app: hr,102,18516, 3.00 ,1
 9> <info> app: hr,103,18522, 2.00 ,1
 9> <info> app: hr,104,18498, 2.00 ,1
 9> <info> app: hr,105,18517, 3.00 ,1
 9> <info> app: hr,106,18517, 3.00 ,1
 9> <info> app: hr,107,18539, 4.00 ,1
 9> <info> app: hr,108,18531, 4.00 ,1
 9> <info> app: hr,109,18533, 3.00 ,1
 9> <info> app: hr,110,18483, 3.00 ,1
 9> <info> app: hr,111,18547, 4.00 ,1
 9> <info> app: hr,112,18529, 4.00 ,1
 9> <info> app: hr,113,18527, 4.00 ,1
 9> <info> app: hr,114,18537, 4.00 ,1
 9> <info> app: hr,115,18531, 4.00 ,1
 9> <info> app: hr,116,18531, 4.00 ,1
 9> <info> app: hr,117,18502, 4.00 ,1
 9> <info> app: hr,118,18541, 4.00 ,1
 9> <info> app: hr,119,18530, 4.00 ,1
 9> <info> app: hr,120,18526, 4.00 ,1
 9> <info> app: hr,121,18544, 4.00 ,1
 9> <info> app: hr,122,18517, 4.00 ,1
 9> <info> app: hr,123,18517, 3.00 ,1
 9> <info> app: hr,124,18522, 3.00 ,1
 9> <info> app: hr,125,18534, 3.00 ,1
 9> <info> app: hr,126,18519, 4.00 ,1
 9> <info> app: hr,127,18522, 4.00 ,1
 9> <info> app: hr,128,18532, 3.00 ,1
 9> <info> app: hr,129,18548, 3.00 ,1
 9> <info> app: hr,130,18535, 3.00 ,1
 9> <info> app: hr,131,18536, 3.00 ,1
 9> <info> app: hr,132,18534, 3.00 ,1
 9> <info> app: hr,133,18540, 2.00 ,1
 9> <info> app: hr,134,18554, 2.00 ,1
 9> <info> app: hr,135,18536, 1.00 ,0
 9> <info> app: hr,136,18554, 1.00 ,0
 9> <info> app: hr,137,18539, 1.00 ,0
 9> <info> app: hr,138,18540, 1.00 ,0
 9> <info> app: hr,139,18548, 0.00 ,-1
 9> <info> app: hr,140,18531, 0.00 ,-1
 9> <info> app: hr,141,18507, 0.00 ,0
 9> <info> app: hr,142,18551, 0.00 ,0
 9> <info> app: hr,143,18542, 0.00 ,0
 9> <info> app: hr,144,18553, 0.00 ,0
 9> <info> app: hr,145,18534, -1.00 ,0
 9> <info> app: hr,146,18538, -1.00 ,0
 9> <info> app: hr,147,18558, -2.00 ,-1
 9> <info> app: hr,148,18538, -2.00 ,-1
 9> <info> app: hr,149,18529, -2.00 ,-1
 9> <info> app: hr,150,18540, -3.00 ,-1
 9> <info> app: hr,151,18570, -2.00 ,0
 9> <info> app: hr,152,18550, -3.00 ,-1
 9> <info> app: hr,153,18539, -3.00 ,0
 9> <info> app: hr,154,18537, -4.00 ,0
 9> <info> app: hr,155,18537, -4.00 ,0
 9> <info> app: hr,156,18551, -4.00 ,0
 9> <info> app: hr,157,18543, -4.00 ,0
 9> <info> app: hr,158,18559, -4.00 ,0
 9> <info> app: hr,159,18550, -5.00 ,0
 9> <info> app: hr,160,18564, -5.00 ,0
 9> <info> app: hr,161,18553, -5.00 ,0
 9> <info> app: hr,162,18551, -6.00 ,0
 9> <info> app: hr,163,18547, -6.00 ,0
 9> <info> app: hr,164,18550, -6.00 ,0
 9> <info> app: hr,165,18549, -6.00 ,0
 9> <info> app: hr,166,18569, -7.00 ,0
 9> <info> app: hr,167,18573, -6.00 ,0
 9> <info> app: hr,168,18541, -7.00 ,0
 9> <info> app: hr,169,18555, -8.00 ,0
 9> <info> app: hr,170,18563, -7.00 ,0
 9> <info> app: hr,171,18541, -8.00 ,0
 9> <info> app: hr,172,18557, -7.00 ,0
 9> <info> app: hr,173,18532, -8.00 ,0
 9> <info> app: hr,174,18558, -8.00 ,0
 9> <info> app: hr,175,18566, -8.00 ,0
 9> <info> app: hr,176,18560, -8.00 ,0
 9> <info> app: hr,177,18538, -8.00 ,0
 9> <info> app: hr,178,18539, -8.00 ,0
 9> <info> app: hr,179,18564, -8.00 ,0
 9> <info> app: hr,180,18553, -8.00 ,0
 9> <info> app: hr,181,18566, -9.00 ,0
 9> <info> app: hr,182,18556, -8.00 ,0
 9> <info> app: hr,183,18553, -9.00 ,0
 9> <info> app: hr,184,18557, -8.00 ,0
 9> <info> app: hr,185,18574, -8.00 ,0
 9> <info> app: hr,186,18551, -8.00 ,0
 9> <info> app: hr,187,18541, -8.00 ,0
 9> <info> app: hr,188,18561, -9.00 ,0
 9> <info> app: hr,189,18545, -8.00 ,0
 9> <info> app: hr,190,18569, -8.00 ,0
 9> <info> app: hr,191,18553, -8.00 ,0
 9> <info> app: hr,192,18547, -8.00 ,0
 9> <info> app: hr,193,18561, -7.00 ,0
 9> <info> app: hr,194,18530, -7.00 ,0
 9> <info> app: hr,195,18544, -8.00 ,0
 9> <info> app: hr,196,18535, -7.00 ,0
 9> <info> app: hr,197,18562, -7.00 ,0
 9> <info> app: hr,198,18552, -6.00 ,0
 9> <info> app: hr,199,18566, -6.00 ,0
 9> <info> app: hr,200,18536, -6.00 ,0
 9> <info> app: hr,201,18528, -5.00 ,0
 9> <info> app: hr,202,18552, -5.00 ,0
 9> <info> app: hr,203,18563, -5.00 ,0
 9> <info> app: hr,204,18554, -5.00 ,0
 9> <info> app: hr,205,18544, -4.00 ,0
 9> <info> app: hr,206,18580, -4.00 ,0
 9> <info> app: hr,207,18558, -4.00 ,0
 9> <info> app: hr,208,18579, -4.00 ,0
 9> <info> app: hr,209,18556, -3.00 ,0
 9> <info> app: hr,210,18541, -3.00 ,0
 9> <info> app: hr,211,18553, -3.00 ,0
 9> <info> app: hr,212,18538, -3.00 ,0
 9> <info> app: hr,213,18559, -3.00 ,0
 9> <info> app: hr,214,18582, -3.00 ,0
 9> <info> app: hr,215,18562, -2.00 ,0
 9> <info> app: hr,216,18557, -3.00 ,0
 9> <info> app: hr,217,18548, -3.00 ,0
 9> <info> app: hr,218,18561, -3.00 ,0
 9> <info> app: hr,219,18577, -3.00 ,0
 9> <info> app: hr,220,18554, -3.00 ,0
 9> <info> app: hr,221,18565, -2.00 ,0
 9> <info> app: hr,222,18570, -3.00 ,0
 9> <info> app: hr,223,18559, -3.00 ,0
 9> <info> app: hr,224,18576, -3.00 ,0
 9> <info> app: hr,225,18593, -3.00 ,0
 9> <info> app: hr,226,18578, -4.00 ,0
 9> <info> app: hr,227,18578, -3.00 ,0
 9> <info> app: hr,228,18583, -4.00 ,0
 9> <info> app: hr,229,18581, -4.00 ,0
 9> <info> app: hr,230,18611, -5.00 ,0
 9> <info> app: hr,231,18601, -5.00 ,0
 9> <info> app: hr,232,18581, -6.00 ,0
 9> <info> app: hr,233,18571, -6.00 ,0
 9> <info> app: hr,234,18592, -7.00 ,0
 9> <info> app: hr,235,18583, -7.00 ,0
 9> <info> app: hr,236,18585, -8.00 ,0
 9> <info> app: hr,237,18579, -8.00 ,0
 9> <info> app: hr,238,18584, -9.00 ,0
 9> <info> app: hr,239,18571, -8.00 ,0
 9> <info> app: hr,240,18588, -9.00 ,0
 9> <info> app: hr,241,18607, -10.00 ,0
 9> <info> app: hr,242,18547, -10.00 ,0
 9> <info> app: hr,243,18594, -10.00 ,0
 9> <info> app: hr,244,18578, -10.00 ,0
 9> <info> app: hr,245,18593, -10.00 ,0
 9> <info> app: hr,246,18571, -11.00 ,0
 9> <info> app: hr,247,18582, -11.00 ,0
 9> <info> app: hr,248,18576, -11.00 ,0
 9> <info> app: hr,249,18577, -11.00 ,0
 9> <info> app: hr,250,18582, -11.00 ,0
 9> <info> app: hr,251,18614, -11.00 ,0
 9> <info> app: hr,252,18600, -11.00 ,0
 9> <info> app: hr,253,18578, -11.00 ,0
 9> <info> app: hr,254,18596, -11.00 ,0
 9> <info> app: hr,255,18576, -12.00 ,0
 9> <info> app: hr,256,18592, -11.00 ,0
 9> <info> app: hr,257,18586, -12.00 ,0
 9> <info> app: hr,258,18576, -12.00 ,0
 9> <info> app: hr,259,18593, -11.00 ,0
 9> <info> app: hr,260,18604, -12.00 ,0
 9> <info> app: hr,261,18603, -11.00 ,0
 9> <info> app: hr,262,18603, -12.00 ,0
 9> <info> app: hr,263,18575, -11.00 ,0
 9> <info> app: hr,264,18589, -11.00 ,0
 9> <info> app: hr,265,18576, -11.00 ,0
 9> <info> app: hr,266,18588, -11.00 ,0
 9> <info> app: hr,267,18566, -11.00 ,0
 9> <info> app: hr,268,18594, -11.00 ,0
 9> <info> app: hr,269,18580, -10.00 ,0
 9> <info> app: hr,270,18591, -10.00 ,0
 9> <info> app: hr,271,18626, -10.00 ,0
 9> <info> app: hr,272,18598, -10.00 ,0
 9> <info> app: hr,273,18589, -10.00 ,0
 9> <info> app: hr,274,18600, -10.00 ,0
 9> <info> app: hr,275,18583, -9.00 ,0
 9> <info> app: hr,276,18599, -10.00 ,0
 9> <info> app: hr,277,18609, -9.00 ,0
 9> <info> app: hr,278,18589, -10.00 ,0
 9> <info> app: hr,279,18586, -9.00 ,0
 9> <info> app: hr,280,18572, -9.00 ,0
 9> <info> app: hr,281,18601, -9.00 ,0
 9> <info> app: hr,282,18578, -9.00 ,0
 9> <info> app: hr,283,18599, -8.00 ,0
 9> <info> app: hr,284,18594, -8.00 ,0
 9> <info> app: hr,285,18589, -8.00 ,0
 9> <info> app: hr,286,18581, -8.00 ,0
 9> <info> app: hr,287,18609, -8.00 ,0
 9> <info> app: hr,288,18599, -7.00 ,0
 9> <info> app: hr,289,18568, -7.00 ,0
 9> <info> app: hr,290,18620, -7.00 ,0
 9> <info> app: hr,291,18595, -7.00 ,0
 9> <info> app: hr,292,18584, -7.00 ,0
 9> <info> app: hr,293,18611, -6.00 ,0
 9> <info> app: hr,294,18600, -6.00 ,0
 9> <info> app: hr,295,18603, -7.00 ,0
 9> <info> app: hr,296,18605, -6.00 ,0
 9> <info> app: hr,297,18603, -6.00 ,0
 9> <info> app: hr,298,18567, -6.00 ,0
 9> <info> app: hr,299,18596, -6.00 ,0
 9> <info> app: hr,300,18621, -6.00 ,0
 9> <info> app: hr,301,18612, -6.00 ,0
 9> <info> app: hr,302,18603, -5.00 ,0
 9> <info> app: hr,303,18616, -6.00 ,0
 9> <info> app: hr,304,18607, -6.00 ,0
 9> <info> app: hr,305,18575, -5.00 ,0
 9> <info> app: hr,306,18622, -6.00 ,0
 9> <info> app: hr,307,18608, -6.00 ,0
 9> <info> app: hr,308,18602, -5.00 ,0
 9> <info> app: hr,309,18601, -6.00 ,0
 9> <info> app: hr,310,18610, -6.00 ,0
 9> <info> app: hr,311,18598, -7.00 ,0
 9> <info> app: hr,312,18606, -6.00 ,0
 9> <info> app: hr,313,18624, -6.00 ,0
 9> <info> app: hr,314,18612, -7.00 ,0
 9> <info> app: hr,315,18588, -6.00 ,0
 9> <info> app: hr,316,18600, -6.00 ,0
 9> <info> app: hr,317,18593, -7.00 ,0
 9> <info> app: hr,318,18610, -6.00 ,0
 9> <info> app: hr,319,18605, -6.00 ,0
 9> <info> app: hr,320,18600, -7.00 ,0
 9> <info> app: hr,321,18632, -6.00 ,0
 9> <info> app: hr,322,18597, -6.00 ,0
 9> <info> app: hr,323,18613, -7.00 ,0
 9> <info> app: hr,324,18610, -6.00 ,0
 9> <info> app: hr,325,18607, -6.00 ,0
 9> <info> app: hr,326,18595, -7.00 ,0
 9> <info> app: hr,327,18608, -6.00 ,0
 9> <info> app: hr,328,18609, -6.00 ,0
 9> <info> app: hr,329,18608, -6.00 ,0
 9> <info> app: hr,330,18613, -6.00 ,0
 9> <info> app: hr,331,18609, -6.00 ,0
 9> <info> app: hr,332,18594, -6.00 ,0
 9> <info> app: hr,333,18626, -5.00 ,0
 9> <info> app: hr,334,18631, -6.00 ,0
 9> <info> app: hr,335,18600, -6.00 ,0
 9> <info> app: hr,336,18608, -5.00 ,0
 9> <info> app: hr,337,18602, -6.00 ,0
 9> <info> app: hr,338,18601, -6.00 ,0
 9> <info> app: hr,339,18603, -5.00 ,0
 9> <info> app: hr,340,18626, -5.00 ,0
 9> <info> app: hr,341,18619, -6.00 ,0
 9> <info> app: hr,342,18604, -6.00 ,0
 9> <info> app: hr,343,18600, -5.00 ,0
 9> <info> app: hr,344,18602, -5.00 ,0
 9> <info> app: hr,345,18608, -6.00 ,0
 9> <info> app: hr,346,18614, -5.00 ,0
 9> <info> app: hr,347,18625, -5.00 ,0
 9> <info> app: hr,348,18591, -5.00 ,0
 9> <info> app: hr,349,18610, -5.00 ,0
 9> <info> app: hr,350,18630, -4.00 ,0
 9> <info> app: hr,351,18609, -5.00 ,0
 9> <info> app: hr,352,18613, -5.00 ,0
 9> <info> app: hr,353,18598, -4.00 ,0
 9> <info> app: hr,354,18617, -4.00 ,0
 9> <info> app: hr,355,18591, -4.00 ,0
 9> <info> app: hr,356,18630, -4.00 ,0
 9> <info> app: hr,357,18616, -4.00 ,0
 9> <info> app: hr,358,18613, -4.00 ,0
 9> <info> app: hr,359,18607, -4.00 ,0
 9> <info> app: hr,360,18620, -4.00 ,0
 9> <info> app: hr,361,18619, -4.00 ,0
 9> <info> app: hr,362,18608, -3.00 ,0
 9> <info> app: hr,363,18624, -3.00 ,1
 9> <info> app: hr,364,18597, -4.00 ,0
 9> <info> app: hr,365,18606, -4.00 ,0
 9> <info> app: hr,366,18633, -4.00 ,0
 9> <info> app: hr,367,18617, -3.00 ,0
 9> <info> app: hr,368,18616, -3.00 ,0
 9> <info> app: hr,369,18623, -4.00 ,0
 9> <info> app: hr,370,18585, -4.00 ,0
 9> <info> app: hr,371,18598, -4.00 ,0
 9> <info> app: hr,372,18622, -3.00 ,0
 9> <info> app: hr,373,18581, -3.00 ,0
 9> <info> app: hr,374,18639, -3.00 ,0
 9> <info> app: hr,375,18624, -3.00 ,0
 9> <info> app: hr,376,18616, -3.00 ,0
 9> <info> app: hr,377,18614, -3.00 ,0
 9> <info> app: hr,378,18614, -2.00 ,0
 9> <info> app: hr,379,18610, -2.00 ,0
 9> <info> app: hr,380,18610, -3.00 ,0
 9> <info> app: hr,381,18614, -3.00 ,0
 9> <info> app: hr,382,18599, -3.00 ,0
 9> <info> app: hr,383,18614, -3.00 ,0
 9> <info> app: hr,384,18614, -2.00 ,0
 9> <info> app: hr,385,18613, -2.00 ,0
 9> <info> app: hr,386,18623, -2.00 ,0
 9> <info> app: hr,387,18620, -2.00 ,0
 9> <info> app: hr,388,18610, -2.00 ,0
 9> <info> app: hr,389,18610, -2.00 ,0
 9> <info> app: hr,390,18603, -2.00 ,0
 9> <info> app: hr,391,18595, -2.00 ,0
 9> <info> app: hr,392,18622, -1.00 ,0
 9> <info> app: hr,393,18600, -1.00 ,0
 9> <info> app: hr,394,18586, -1.00 ,0
 9> <info> app: hr,395,18619, -1.00 ,0
 9> <info> app: hr,396,18625, -1.00 ,0
 9> <info> app: hr,397,18618, -1.00 ,0
 9> <info> app: hr,398,18576, -1.00 ,0
 9> <info> app: hr,399,18609, -1.00 ,0
 9> <info> app: hr,400,18602, 0.00 ,0
 9> <info> app: hr,401,18612, 0.00 ,0
 9> <info> app: hr,402,18611, 0.00 ,0
 9> <info> app: hr,403,18617, 0.00 ,0
 9> <info> app: hr,404,18606, 0.00 ,0
 9> <info> app: hr,405,18621, 0.00 ,0
 9> <info> app: hr,406,18621, 0.00 ,0
 9> <info> app: hr,407,18606, 0.00 ,0
 9> <info> app: hr,408,18623, 0.00 ,0
 9> <info> app: hr,409,18609, 0.00 ,0
 9> <info> app: hr,410,18612, 0.00 ,0
 9> <info> app: hr,411,18615, 0.00 ,0
 9> <info> app: hr,412,18637, 0.00 ,0
 9> <info> app: hr,413,18634, 0.00 ,0
 9> <info> app: hr,414,18589, 0.00 ,0
 9> <info> app: hr,415,18619, 0.00 ,0
 9> <info> app: hr,416,18632, 0.00 ,0
 9> <info> app: hr,417,18600, 0.00 ,0
 9> <info> app: hr,418,18618, 0.00 ,0
 9> <info> app: hr,419,18601, 0.00 ,0
 9> <info> app: hr,420,18621, 0.00 ,0
 9> <info> app: hr,421,18626, -1.00 ,-1
 9> <info> app: hr,422,18621, -1.00 ,-1
 9> <info> app: hr,423,18603, -1.00 ,-1
 9> <info> app: hr,424,18569, -1.00 ,-1
 9> <info> app: hr,425,18605, -1.00 ,-1
 9> <info> app: hr,426,18605, 0.00 ,0
 9> <info> app: hr,427,18607, 0.00 ,0
 9> <info> app: hr,428,18608, 0.00 ,0
 9> <info> app: hr,429,18605, 0.00 ,0
 9> <info> app: hr,430,18596, 0.00 ,0
 9> <info> app: hr,431,18594, 0.00 ,0
 9> <info> app: hr,432,18617, 0.00 ,0
 9> <info> app: hr,433,18608, 0.00 ,0
 9> <info> app: hr,434,18603, 0.00 ,0
 9> <info> app: hr,435,18595, 1.00 ,1
 9> <info> app: hr,436,18595, 1.00 ,1
 9> <info> app: hr,437,18604, 1.00 ,1
 9> <info> app: hr,438,18606, 0.00 ,0
 9> <info> app: hr,439,18590, 1.00 ,1
 9> <info> app: hr,440,18601, 1.00 ,1
 9> <info> app: hr,441,18617, 1.00 ,1
 9> <info> app: hr,442,18607, 2.00 ,1
 9> <info> app: hr,443,18585, 2.00 ,1
 9> <info> app: hr,444,18599, 2.00 ,1
 9> <info> app: hr,445,18608, 3.00 ,1
 9> <info> app: hr,446,18591, 3.00 ,1
 9> <info> app: hr,447,18563, 2.00 ,1
 9> <info> app: hr,448,18598, 3.00 ,1
 9> <info> app: hr,449,18603, 3.00 ,1
 9> <info> app: hr,450,18607, 4.00 ,1
 9> <info> app: hr,451,18577, 4.00 ,1
 9> <info> app: hr,452,18593, 4.00 ,1
 9> <info> app: hr,453,18601, 4.00 ,1
 9> <info> app: hr,454,18579, 4.00 ,1
 9> <info> app: hr,455,18592, 5.00 ,1
 9> <info> app: hr,456,18559, 5.00 ,1
 9> <info> app: hr,457,18574, 5.00 ,1
 9> <info> app: hr,458,18591, 6.00 ,1
 9> <info> app: hr,459,18597, 6.00 ,1
 9> <info> app: hr,460,18583, 6.00 ,1
 9> <info> app: hr,461,18608, 7.00 ,1
 9> <info> app: hr,462,18592, 7.00 ,1
 9> <info> app: hr,463,18615, 7.00 ,1
 9> <info> app: hr,464,18587, 7.00 ,1
 9> <info> app: hr,465,18578, 8.00 ,1
 9> <info> app: hr,466,18605, 7.00 ,1
 9> <info> app: hr,467,18619, 7.00 ,1
 9> <info> app: hr,468,18592, 7.00 ,1
 9> <info> app: hr,469,18579, 7.00 ,1
 9> <info> app: hr,470,18587, 7.00 ,0
 9> <info> app: hr,471,18584, 7.00 ,1
 9> <info> app: hr,472,18593, 7.00 ,0
 9> <info> app: hr,473,18596, 7.00 ,0
 9> <info> app: hr,474,18583, 7.00 ,0
 9> <info> app: hr,475,18588, 7.00 ,0
 9> <info> app: hr,476,18593, 6.00 ,0
 9> <info> app: hr,477,18585, 7.00 ,0
 9> <info> app: hr,478,18598, 7.00 ,0
 9> <info> app: hr,479,18579, 6.00 ,0
 9> <info> app: hr,480,18585, 6.00 ,0
 9> <info> app: hr,481,18596, 7.00 ,0
 9> <info> app: hr,482,18565, 6.00 ,0
 9> <info> app: hr,483,18582, 6.00 ,0
 9> <info> app: hr,484,18592, 7.00 ,0
 9> <info> app: hr,485,18602, 6.00 ,0
 9> <info> app: hr,486,18592, 6.00 ,0
 9> <info> app: hr,487,18600, 6.00 ,0
 9> <info> app: hr,488,18574, 6.00 ,0
 9> <info> app: hr,489,18581, 6.00 ,0
 9> <info> app: hr,490,18585, 6.00 ,0
 9> <info> app: hr,491,18606, 5.00 ,0
 9> <info> app: hr,492,18579, 6.00 ,0
 9> <info> app: hr,493,18597, 6.00 ,0
 9> <info> app: hr,494,18576, 5.00 ,0
 9> <info> app: hr,495,18568, 5.00 ,0
 9> <info> app: hr,496,18580, 5.00 ,0
 9> <info> app: hr,497,18584, 6.00 ,0
 9> <info> app: hr,498,18579, 5.00 ,0
 9> <info> app: hr,499,18557, 5.00 ,0
 9> <info> app: hr,500,18565, 5.00 ,0
 9> <info> app: hr,501,18602, 5.00 ,0
 9> <info> app: hr,502,18581, 5.00 ,0
 9> <info> app: hr,503,18572, 6.00 ,0
 9> <info> app: hr,504,18581, 6.00 ,0
 9> <info> app: hr,505,18594, 5.00 ,0
 9> <info> app: hr,506,18572, 6.00 ,0
 9> <info> app: hr,507,18568, 6.00 ,0
 9> <info> app: hr,508,18574, 5.00 ,0
 9> <info> app: hr,509,18562, 6.00 ,0
 9> <info> app: hr,510,18577, 6.00 ,0
 9> <info> app: hr,511,18584, 5.00 ,0
 9> <info> app: hr,512,18565, 6.00 ,0
 9> <info> app: hr,513,18581, 6.00 ,0
 9> <info> app: hr,514,18586, 6.00 ,0
 9> <info> app: hr,515,18583, 6.00 ,0
 9> <info> app: hr,516,18578, 6.00 ,0
 9> <info> app: hr,517,18552, 6.00 ,0
 9> <info> app: hr,518,18572, 6.00 ,0
 9> <info> app: hr,519,18566, 6.00 ,0
 9> <info> app: hr,520,18567, 6.00 ,0
 9> <info> app: hr,521,18575, 6.00 ,0
 9> <info> app: hr,522,18571, 7.00 ,1
 9> <info> app: hr,523,18552, 6.00 ,0
 9> <info> app: hr,524,18584, 7.00 ,1
 9> <info> app: hr,525,18565, 7.00 ,1
 9> <info> app: hr,526,18572, 6.00 ,0
 9> <info> app: hr,527,18532, 7.00 ,1
 9> <info> app: hr,528,18562, 7.00 ,1
 9> <info> app: hr,529,18588, 7.00 ,1
 9> <info> app: hr,530,18565, 7.00 ,1
 9> <info> app: hr,531,18575, 8.00 ,1
 9> <info> app: hr,532,18563, 7.00 ,1
 9> <info> app: hr,533,18560, 8.00 ,1
 9> <info> app: hr,534,18566, 7.00 ,1
 9> <info> app: hr,535,18579, 8.00 ,1
 9> <info> app: hr,536,18563, 8.00 ,1
 9> <info> app: hr,537,18589, 8.00 ,1
 9> <info> app: hr,538,18544, 8.00 ,1
 9> <info> app: hr,539,18583, 7.00 ,1
 9> <info> app: hr,540,18570, 8.00 ,1
 9> <info> app: hr,541,18555, 7.00 ,1
 9> <info> app: hr,542,18570, 7.00 ,1
 9> <info> app: hr,543,18549, 8.00 ,1
 9> <info> app: hr,544,18582, 7.00 ,1
 9> <info> app: hr,545,18566, 7.00 ,1
 9> <info> app: hr,546,18572, 7.00 ,1
 9> <info> app: hr,547,18560, 7.00 ,1
 9> <info> app: hr,548,18581, 7.00 ,1
 9> <info> app: hr,549,18552, 6.00 ,0
 9> <info> app: hr,550,18564, 6.00 ,0
 9> <info> app: hr,551,18563, 7.00 ,1
 9> <info> app: hr,552,18535, 6.00 ,0
 9> <info> app: hr,553,18569, 6.00 ,0
 9> <info> app: hr,554,18543, 7.00 ,1
 9> <info> app: hr,555,18562, 6.00 ,0
 9> <info> app: hr,556,18566, 6.00 ,0
 9> <info> app: hr,557,18559, 7.00 ,1
 9> <info> app: hr,558,18536, 6.00 ,0
 9> <info> app: hr,559,18567, 6.00 ,0
 9> <info> app: hr,560,18576, 7.00 ,1
 9> <info> app: hr,561,18546, 6.00 ,0
 9> <info> app: hr,562,18553, 7.00 ,1
 9> <info> app: hr,563,18553, 7.00 ,1
 9> <info> app: hr,564,18546, 6.00 ,0
 9> <info> app: hr,565,18533, 7.00 ,1
 9> <info> app: hr,566,18548, 7.00 ,1
 9> <info> app: hr,567,18554, 7.00 ,1
 9> <info> app: hr,568,18546, 7.00 ,1
 9> <info> app: hr,569,18552, 7.00 ,1
 9> <info> app: hr,570,18555, 7.00 ,1
 9> <info> app: hr,571,18538, 8.00 ,1
 9> <info> app: hr,572,18555, 7.00 ,1
 9> <info> app: hr,573,18553, 8.00 ,1
 9> <info> app: hr,574,18533, 7.00 ,1
 9> <info> app: hr,575,18554, 8.00 ,1
 9> <info> app: hr,576,18538, 8.00 ,1
 9> <info> app: hr,577,18534, 8.00 ,1
 9> <info> app: hr,578,18555, 9.00 ,1
 9> <info> app: hr,579,18546, 8.00 ,1
 9> <info> app: hr,580,18551, 9.00 ,1
 9> <info> app: hr,581,18544, 8.00 ,1
 9> <info> app: hr,582,18530, 9.00 ,1
 9> <info> app: hr,583,18553, 8.00 ,1
 9> <info> app: hr,584,18536, 9.00 ,1
 9> <info> app: hr,585,18559, 9.00 ,1
 9> <info> app: hr,586,18540, 9.00 ,1
 9> <info> app: hr,587,18529, 9.00 ,1
 9> <info> app: hr,588,18540, 9.00 ,1
 9> <info> app: hr,589,18542, 9.00 ,1
 9> <info> app: hr,590,18549, 9.00 ,1
 9> <info> app: hr,591,18527, 9.00 ,1
 9> <info> app: hr,592,18506, 9.00 ,1
 9> <info> app: hr,593,18534, 10.00 ,1
 9> <info> app: hr,594,18544, 9.00 ,1
 9> <info> app: hr,595,18538, 10.00 ,1
 9> <info> app: hr,596,18551, 9.00 ,1
 9> <info> app: hr,597,18544, 10.00 ,1
 9> <info> app: hr,598,18519, 9.00 ,1
 9> <info> app: hr,599,18525, 10.00 ,1
 9> <info> app: hr,600,18508, 10.00 ,1
 9> <info> app: hr,601,18524, 10.00 ,1
 9> <info> app: hr,602,18517, 10.00 ,1
 9> <info> app: hr,603,18544, 11.00 ,1
 9> <info> app: hr,604,18548, 10.00 ,1
 9> <info> app: hr,605,18560, 11.00 ,1
 9> <info> app: hr,606,18541, 10.00 ,1
 9> <info> app: hr,607,18546, 11.00 ,1
 9> <info> app: hr,608,18550, 10.00 ,1
 9> <info> app: hr,609,18532, 10.00 ,1
 9> <info> app: hr,610,18542, 10.00 ,1
 9> <info> app: hr,611,18550, 9.00 ,0
 9> <info> app: hr,612,18531, 9.00 ,0
 9> <info> app: hr,613,18509, 9.00 ,0
 9> <info> app: hr,614,18534, 9.00 ,0
 9> <info> app: hr,615,18528, 8.00 ,0
 9> <info> app: hr,616,18531, 8.00 ,0
 9> <info> app: hr,617,18521, 9.00 ,0
 9> <info> app: hr,618,18517, 8.00 ,0
 9> <info> app: hr,619,18521, 9.00 ,0
 9> <info> app: hr,620,18526, 8.00 ,0
 9> <info> app: hr,621,18527, 8.00 ,0
 9> <info> app: hr,622,18515, 8.00 ,0
 9> <info> app: hr,623,18540, 8.00 ,0
 9> <info> app: hr,624,18526, 9.00 ,0
 9> <info> app: hr,625,18518, 8.00 ,0
 9> <info> app: hr,626,18538, 9.00 ,0
 9> <info> app: hr,627,18540, 8.00 ,0
 9> <info> app: hr,628,18516, 8.00 ,0
 9> <info> app: hr,629,18520, 8.00 ,0
 9> <info> app: hr,630,18538, 8.00 ,0
 9> <info> app: hr,631,18523, 7.00 ,0
 9> <info> app: hr,632,18527, 8.00 ,0
 9> <info> app: hr,633,18515, 8.00 ,0
 9> <info> app: hr,634,18534, 7.00 ,0
 9> <info> app: hr,635,18529, 8.00 ,0
 9> <info> app: hr,636,18522, 7.00 ,0
 9> <info> app: hr,637,18546, 7.00 ,0
 9> <info> app: hr,638,18525, 8.00 ,0
 9> <info> app: hr,639,18532, 7.00 ,0
 9> <info> app: hr,640,18528, 7.00 ,0
 9> <info> app: hr,641,18539, 6.00 ,0
 9> <info> app: hr,642,18542, 6.00 ,0
 9> <info> app: hr,643,18535, 6.00 ,0
 9> <info> app: hr,644,18540, 5.00 ,0
 9> <info> app: hr,645,18511, 5.00 ,0
 9> <info> app: hr,646,18514, 5.00 ,0
 9> <info> app: hr,647,18525, 6.00 ,0
 9> <info> app: hr,648,18536, 5.00 ,0
 9> <info> app: hr,649,18517, 5.00 ,0
 9> <info> app: hr,650,18541, 5.00 ,0
 9> <info> app: hr,651,18526, 5.00 ,0
 9> <info> app: hr,652,18560, 4.00 ,0
 9> <info> app: hr,653,18518, 4.00 ,0
 9> <info> app: hr,654,18517, 4.00 ,0
 9> <info> app: hr,655,18550, 4.00 ,0
 9> <info> app: hr,656,18530, 3.00 ,0
 9> <info> app: hr,657,18526, 3.00 ,0
 9> <info> app: hr,658,18533, 3.00 ,0
 9> <info> app: hr,659,18536, 3.00 ,0
 9> <info> app: hr,660,18539, 3.00 ,0
 9> <info> app: hr,661,18527, 2.00 ,0
 9> <info> app: hr,662,18526, 2.00 ,0
 9> <info> app: hr,663,18522, 1.00 ,-1
 9> <info> app: hr,664,18503, 1.00 ,0
 9> <info> app: hr,665,18528, 1.00 ,0
 9> <info> app: hr,666,18537, 2.00 ,0
 9> <info> app: hr,667,18528, 2.00 ,0
 9> <info> app: hr,668,18551, 2.00 ,0
 9> <info> app: hr,669,18522, 2.00 ,0
 9> <info> app: hr,670,18547, 1.00 ,0
 9> <info> app: hr,671,18529, 0.00 ,0
 9> <info> app: hr,672,18543, 0.00 ,0
 9> <info> app: hr,673,18514, 0.00 ,0
 9> <info> app: hr,674,18518, 0.00 ,0
 9> <info> app: hr,675,18544, 0.00 ,0
 9> <info> app: hr,676,18519, 0.00 ,0
 9> <info> app: hr,677,18519, 0.00 ,0
 9> <info> app: hr,678,18514, 0.00 ,0
 9> <info> app: hr,679,18503, 0.00 ,0
 9> <info> app: hr,680,18517, 0.00 ,0
 9> <info> app: hr,681,18539, 0.00 ,0
 9> <info> app: hr,682,18514, 1.00 ,1
 9> <info> app: hr,683,18523, 1.00 ,1
 9> <info> app: hr,684,18549, 1.00 ,1
 9> <info> app: hr,685,18514, 1.00 ,1
 9> <info> app: hr,686,18513, 1.00 ,1
 9> <info> app: hr,687,18530, 1.00 ,1
 9> <info> app: hr,688,18511, 2.00 ,1
 9> <info> app: hr,689,18545, 2.00 ,1
 9> <info> app: hr,690,18519, 1.00 ,1
 9> <info> app: hr,691,18511, 1.00 ,1
 9> <info> app: hr,692,18513, 1.00 ,1
 9> <info> app: hr,693,18535, 2.00 ,1
 9> <info> app: hr,694,18522, 2.00 ,1
 9> <info> app: hr,695,18510, 2.00 ,1
 9> <info> app: hr,696,18525, 2.00 ,1
 9> <info> app: hr,697,18502, 2.00 ,1
 9> <info> app: hr,698,18495, 3.00 ,1
 9> <info> app: hr,699,18519, 2.00 ,1
 9> <info> app: hr,700,18513, 2.00 ,1
 9> <info> app: hr,701,18542, 3.00 ,1
 9> <info> app: hr,702,18536, 3.00 ,1
 9> <info> app: hr,703,18513, 3.00 ,1
 9> <info> app: hr,704,18508, 4.00 ,1
 9> <info> app: hr,705,18527, 3.00 ,1
 9> <info> app: hr,706,18505, 3.00 ,1
 9> <info> app: hr,707,18518, 3.00 ,1
 9> <info> app: hr,708,18522, 4.00 ,1
 9> <info> app: hr,709,18510, 4.00 ,1
 9> <info> app: hr,710,18507, 3.00 ,1
 9> <info> app: hr,711,18511, 4.00 ,1
 9> <info> app: hr,712,18540, 4.00 ,1
 9> <info> app: hr,713,18531, 4.00 ,1
 9> <info> app: hr,714,18544, 4.00 ,1
 9> <info> app: hr,715,18531, 3.00 ,1
 9> <info> app: hr,716,18516, 4.00 ,1
 9> <info> app: hr,717,18513, 4.00 ,1
 9> <info> app: hr,718,18526, 4.00 ,1
 9> <info> app: hr,719,18514, 3.00 ,1
 9> <info> app: hr,720,18511, 3.00 ,1
 9> <info> app: hr,721,18520, 3.00 ,1
 9> <info> app: hr,722,18528, 3.00 ,1
 9> <info> app: hr,723,18522, 3.00 ,1
 9> <info> app: hr,724,18499, 3.00 ,1
 9> <info> app: hr,725,18517, 2.00 ,1
 9> <info> app: hr,726,18507, 2.00 ,1
 9> <info> app: hr,727,18510, 2.00 ,1
 9> <info> app: hr,728,18522, 3.00 ,1
 9> <info> app: hr,729,18516, 3.00 ,1
 9> <info> app: hr,730,18529, 3.00 ,1
 9> <info> app: hr,731,18511, 3.00 ,1
 9> <info> app: hr,732,18517, 2.00 ,1
 9> <info> app: hr,733,18504, 2.00 ,1
 9> <info> app: hr,734,18520, 3.00 ,1
 9> <info> app: hr,735,18527, 3.00 ,1
 9> <info> app: hr,736,18528, 3.00 ,1
 9> <info> app: hr,737,18519, 3.00 ,1
 9> <info> app: hr,738,18527, 2.00 ,1
 9> <info> app: hr,739,18510, 2.00 ,1
 9> <info> app: hr,740,18521, 2.00 ,1
 9> <info> app: hr,741,18501, 2.00 ,1
 9> <info> app: hr,742,18527, 2.00 ,1
 9> <info> app: hr,743,18504, 2.00 ,1
 9> <info> app: hr,744,18493, 2.00 ,1
 9> <info> app: hr,745,18535, 3.00 ,1
 9> <info> app: hr,746,18548, 2.00 ,1
 9> <info> app: hr,747,18519, 2.00 ,1
 9> <info> app: hr,748,18532, 2.00 ,1
 9> <info> app: hr,749,18542, 2.00 ,1
 9> <info> app: hr,750,18530, 1.00 ,0
 9> <info> app: hr,751,18515, 1.00 ,0
 9> <info> app: hr,752,18514, 1.00 ,0
 9> <info> app: hr,753,18523, 1.00 ,0
 9> <info> app: hr,754,18499, 1.00 ,0
 9> <info> app: hr,755,18495, 1.00 ,0
 9> <info> app: hr,756,18520, 0.00 ,-1
 9> <info> app: hr,757,18489, 0.00 ,-1
 9> <info> app: hr,758,18517, 0.00 ,0
 9> <info> app: hr,759,18525, 0.00 ,0
 9> <info> app: hr,760,18539, 0.00 ,0
 9> <info> app: hr,761,18536, 0.00 ,0
 9> <info> app: hr,762,18519, 0.00 ,0
 9> <info> app: hr,763,18527, 0.00 ,0
 9> <info> app: hr,764,18511, 0.00 ,0
 9> <info> app: hr,765,18519, 0.00 ,0
 9> <info> app: hr,766,18522, 0.00 ,0
 9> <info> app: hr,767,18545, 0.00 ,0
 9> <info> app: hr,768,18517, 0.00 ,0
 9> <info> app: hr,769,18542, 0.00 ,0
 9> <info> app: hr,770,18520, 0.00 ,0
 9> <info> app: hr,771,18547, 0.00 ,0
 9> <info> app: hr,772,18535, 0.00 ,0
 9> <info> app: hr,773,18507, 0.00 ,0
 9> <info> app: hr,774,18517, -1.00 ,-1
 9> <info> app: hr,775,18513, -1.00 ,-1
 9> <info> app: hr,776,18525, -1.00 ,-1
 9> <info> app: hr,777,18519, -1.00 ,-1
 9> <info> app: hr,778,18515, -1.00 ,-1
 9> <info> app: hr,779,18515, -1.00 ,-1
 9> <info> app: hr,780,18530, -1.00 ,-1
 9> <info> app: hr,781,18548, -1.00 ,-1
 9> <info> app: hr,782,18529, -1.00 ,-1
 9> <info> app: hr,783,18532, -1.00 ,-1
 9> <info> app: hr,784,18506, -1.00 ,-1
 9> <info> app: hr,785,18526, -1.00 ,-1
 9> <info> app: hr,786,18527, -1.00 ,-1
 9> <info> app: hr,787,18531, -2.00 ,-1
 9> <info> app: hr,788,18522, -2.00 ,-1
 9> <info> app: hr,789,18536, -2.00 ,-1
 9> <info> app: hr,790,18524, -2.00 ,-1
 9> <info> app: hr,791,18529, -2.00 ,-1
 9> <info> app: hr,792,18539, -2.00 ,-1
 9> <info> app: hr,793,18534, -2.00 ,-1
 9> <info> app: hr,794,18539, -2.00 ,-1
 9> <info> app: hr,795,18531, -2.00 ,-1
 9> <info> app: hr,796,18514, -3.00 ,-1
 9> <info> app: hr,797,18547, -3.00 ,-1
 9> <info> app: hr,798,18538, -3.00 ,-1
 9> <info> app: hr,799,18529, -3.00 ,-1
 9> <info> app: hr,800,18519, -3.00 ,-1
 9> <info> app: hr,801,18540, -3.00 ,-1
 9> <info> app: hr,802,18523, -3.00 ,-1
 9> <info> app: hr,803,18536, -4.00 ,-1
 9> <info> app: hr,804,18527, -3.00 ,-1
 9> <info> app: hr,805,18553, -3.00 ,-1
 9> <info> app: hr,806,18547, -4.00 ,-1
 9> <info> app: hr,807,18531, -4.00 ,-1
 9> <info> app: hr,808,18497, -4.00 ,-1
 9> <info> app: hr,809,18534, -3.00 ,-1
 9> <info> app: hr,810,18510, -4.00 ,-1
 9> <info> app: hr,811,18536, -4.00 ,-1
 9> <info> app: hr,812,18536, -4.00 ,-1
 9> <info> app: hr,813,18512, -4.00 ,-1
 9> <info> app: hr,814,18536, -3.00 ,-1
 9> <info> app: hr,815,18522, -3.00 ,-1
 9> <info> app: hr,816,18521, -3.00 ,-1
 9> <info> app: hr,817,18506, -3.00 ,-1
 9> <info> app: hr,818,18551, -3.00 ,-1
 9> <info> app: hr,819,18503, -2.00 ,-1
 9> <info> app: hr,820,18554, -2.00 ,-1
 9> <info> app: hr,821,18504, -2.00 ,-1
 9> <info> app: hr,822,18503, -2.00 ,-1
 9> <info> app: hr,823,18516, -2.00 ,-1
 9> <info> app: hr,824,18503, -2.00 ,-1
 9> <info> app: hr,825,18515, -2.00 ,-1
 9> <info> app: hr,826,18514, -1.00 ,-1
 9> <info> app: hr,827,18511, -1.00 ,-1
 9> <info> app: hr,828,18521, 0.00 ,0
 9> <info> app: hr,829,18519, 0.00 ,0
 9> <info> app: hr,830,18514, 0.00 ,0
 9> <info> app: hr,831,18538, 0.00 ,0
 9> <info> app: hr,832,18544, 1.00 ,1
 9> <info> app: hr,833,18531, 1.00 ,1
 9> <info> app: hr,834,18534, 0.00 ,0
 9> <info> app: hr,835,18511, 0.00 ,0
 9> <info> app: hr,836,18543, 0.00 ,0
 9> <info> app: hr,837,18520, 0.00 ,0
 9> <info> app: hr,838,18535, 0.00 ,0
 9> <info> app: hr,839,18533, 0.00 ,0
 9> <info> app: hr,840,18534, 1.00 ,1
 9> <info> app: hr,841,18522, 0.00 ,0
 9> <info> app: hr,842,18497, 1.00 ,1
 9> <info> app: hr,843,18511, 1.00 ,1
 9> <info> app: hr,844,18521, 1.00 ,1
 9> <info> app: hr,845,18508, 1.00 ,1
 9> <info> app: hr,846,18530, 1.00 ,1
 9> <info> app: hr,847,18521, 1.00 ,1
 9> <info> app: hr,848,18523, 1.00 ,1
 9> <info> app: hr,849,18513, 2.00 ,1
 9> <info> app: hr,850,18517, 2.00 ,1
 9> <info> app: hr,851,18525, 1.00 ,1
 9> <info> app: hr,852,18536, 1.00 ,1
 9> <info> app: hr,853,18503, 1.00 ,1
 9> <info> app: hr,854,18508, 1.00 ,1
 9> <info> app: hr,855,18522, 2.00 ,1
 9> <info> app: hr,856,18519, 2.00 ,1
 9> <info> app: hr,857,18513, 2.00 ,1
 9> <info> app: hr,858,18531, 2.00 ,1
 9> <info> app: hr,859,18532, 2.00 ,1
 9> <info> app: hr,860,18524, 1.00 ,1
 9> <info> app: hr,861,18520, 2.00 ,1
 9> <info> app: hr,862,18512, 2.00 ,1
 9> <info> app: hr,863,18530, 2.00 ,1
 9> <info> app: hr,864,18521, 2.00 ,1
 9> <info> app: hr,865,18528, 2.00 ,1
 9> <info> app: hr,866,18554, 2.00 ,1
 9> <info> app: hr,867,18519, 2.00 ,1
 9> <info> app: hr,868,18512, 2.00 ,1
 9> <info> app: hr,869,18520, 1.00 ,1
 9> <info> app: hr,870,18527, 1.00 ,1
 9> <info> app: hr,871,18526, 1.00 ,1
 9> <info> app: hr,872,18549, 1.00 ,1
 9> <info> app: hr,873,18516, 1.00 ,1
 9> <info> app: hr,874,18521, 0.00 ,0
 9> <info> app: hr,875,18517, 0.00 ,0
 9> <info> app: hr,876,18514, 0.00 ,0
 9> <info> app: hr,877,18532, 0.00 ,0
 9> <info> app: hr,878,18536, 0.00 ,0
 9> <info> app: hr,879,18551, 0.00 ,0
 9> <info> app: hr,880,18510, 0.00 ,0
 9> <info> app: hr,881,18545, 0.00 ,0
 9> <info> app: hr,882,18519, 0.00 ,0
 9> <info> app: hr,883,18553, 0.00 ,0
 9> <info> app: hr,884,18538, 0.00 ,0
 9> <info> app: hr,885,18513, 0.00 ,0
 9> <info> app: hr,886,18512, 0.00 ,0
 9> <info> app: hr,887,18516, -1.00 ,-1
 9> <info> app: hr,888,18535, -1.00 ,-1
 9> <info> app: hr,889,18522, -1.00 ,-1
 9> <info> app: hr,890,18547, -1.00 ,-1
 9> <info> app: hr,891,18521, -1.00 ,-1
 9> <info> app: hr,892,18516, -1.00 ,-1
 9> <info> app: hr,893,18537, -2.00 ,-1
 9> <info> app: hr,894,18549, -2.00 ,-1
 9> <info> app: hr,895,18536, -1.00 ,-1
 9> <info> app: hr,896,18496, -1.00 ,-1
 9> <info> app: hr,897,18531, -1.00 ,-1
 9> <info> app: hr,898,18506, -2.00 ,-1
 9> <info> app: hr,899,18519, -2.00 ,-1
 9> <info> app: hr,900,18496, -2.00 ,-1
 9> <info> app: hr,901,18508, -1.00 ,-1
 9> <info> app: hr,902,18564, -1.00 ,-1
 9> <info> app: hr,903,18545, -1.00 ,-1
 9> <info> app: hr,904,18520, -1.00 ,-1
 9> <info> app: hr,905,18543, -1.00 ,-1
 9> <info> app: hr,906,18530, -1.00 ,-1
 9> <info> app: hr,907,18533, -1.00 ,-1
 9> <info> app: hr,908,18559, -1.00 ,-1
 9> <info> app: hr,909,18525, -1.00 ,-1
 9> <info> app: hr,910,18515, -1.00 ,-1
 9> <info> app: hr,911,18514, -1.00 ,-1
 9> <info> app: hr,912,18521, -1.00 ,-1
 9> <info> app: hr,913,18546, -2.00 ,-1
 9> <info> app: hr,914,18545, -2.00 ,-1
 9> <info> app: hr,915,18525, -2.00 ,-1
 9> <info> app: hr,916,18520, -2.00 ,-1
 9> <info> app: hr,917,18540, -1.00 ,-1
 9> <info> app: hr,918,18519, -1.00 ,-1
 9> <info> app: hr,919,18503, -1.00 ,-1
 9> <info> app: hr,920,18528, -1.00 ,-1
 9> <info> app: hr,921,18541, -1.00 ,-1
 9> <info> app: hr,922,18543, -1.00 ,-1
 9> <info> app: hr,923,18538, -2.00 ,-1
 9> <info> app: hr,924,18549, -2.00 ,-1
 9> <info> app: hr,925,18541, -2.00 ,-1
 9> <info> app: hr,926,18531, -2.00 ,-1
 9> <info> app: hr,927,18514, -1.00 ,-1
 9> <info> app: hr,928,18528, -1.00 ,-1
 9> <info> app: hr,929,18514, -2.00 ,-1
 9> <info> app: hr,930,18519, -2.00 ,-1
 9> <info> app: hr,931,18546, -2.00 ,-1
 9> <info> app: hr,932,18523, -2.00 ,-1
 9> <info> app: hr,933,18531, -2.00 ,-1
 9> <info> app: hr,934,18528, -2.00 ,-1
 9> <info> app: hr,935,18544, -2.00 ,-1
 9> <info> app: hr,936,18518, -1.00 ,-1
 9> <info> app: hr,937,18516, -1.00 ,-1
 9> <info> app: hr,938,18509, -1.00 ,-1
 9> <info> app: hr,939,18503, -1.00 ,-1
 9> <info> app: hr,940,18528, -1.00 ,-1
 9> <info> app: hr,941,18519, -1.00 ,-1
 9> <info> app: hr,942,18520, 0.00 ,0
 9> <info> app: hr,943,18530, 0.00 ,0
 9> <info> app: hr,944,18522, 0.00 ,0
 9> <info> app: hr,945,18530, 0.00 ,0
 9> <info> app: hr,946,18522, 0.00 ,0
 9> <info> app: hr,947,18503, 0.00 ,0
 9> <info> app: hr,948,18524, 0.00 ,0
 9> <info> app: hr,949,18548, 0.00 ,0
 9> <info> app: hr,950,18520, 0.00 ,0
 9> <info> app: hr,951,18510, 0.00 ,0
 9> <info> app: hr,952,18539, 1.00 ,1
 9> <info> app: hr,953,18512, 1.00 ,1
 9> <info> app: hr,954,18535, 1.00 ,1
 9> <info> app: hr,955,18515, 1.00 ,1
 9> <info> app: hr,956,18533, 1.00 ,1
 9> <info> app: hr,957,18510, 1.00 ,1
 9> <info> app: hr,958,18514, 2.00 ,1
 9> <info> app: hr,959,18495, 2.00 ,1
 9> <info> app: hr,960,18508, 1.00 ,1
 9> <info> app: hr,961,18521, 1.00 ,1
 9> <info> app: hr,962,18533, 2.00 ,1
 9> <info> app: hr,963,18539, 2.00 ,1
 9> <info> app: hr,964,18531, 2.00 ,1
 9> <info> app: hr,965,18521, 2.00 ,1
 9> <info> app: hr,966,18553, 3.00 ,1
 9> <info> app: hr,967,18552, 3.00 ,1
 9> <info> app: hr,968,18523, 2.00 ,1
 9> <info> app: hr,969,18529, 1.00 ,1
 9> <info> app: hr,970,18533, 1.00 ,1
 9> <info> app: hr,971,18519, 1.00 ,1
 9> <info> app: hr,972,18541, 1.00 ,1
 9> <info> app: hr,973,18516, 1.00 ,1
 9> <info> app: hr,974,18528, 1.00 ,1
 9> <info> app: hr,975,18520, 1.00 ,1
 9> <info> app: hr,976,18541, 1.00 ,1
 9> <info> app: hr,977,18537, 1.00 ,1
 9> <info> app: hr,978,18516, 1.00 ,1
 9> <info> app: hr,979,18538, 0.00 ,0
 9> <info> app: hr,980,18502, 0.00 ,0
 9> <info> app: hr,981,18527, 0.00 ,0
 9> <info> app: hr,982,18531, 0.00 ,0
 9> <info> app: hr,983,18546, 0.00 ,0
 9> <info> app: hr,984,18551, 0.00 ,0
 9> <info> app: hr,985,18542, 0.00 ,0
 9> <info> app: hr,986,18530, 0.00 ,0
 9> <info> app: hr,987,18524, 0.00 ,0
 9> <info> app: hr,988,18536, 0.00 ,0
 9> <info> app: hr,989,18517, 0.00 ,0
 9> <info> app: hr,990,18539, 0.00 ,0
 9> <info> app: hr,991,18500, -1.00 ,-1
 9> <info> app: hr,992,18523, -1.00 ,-1
 9> <info> app: hr,993,18524, -1.00 ,-1
 9> <info> app: hr,994,18547, -1.00 ,-1
 9> <info> app: hr,995,18522, -1.00 ,-1
 9> <info> app: hr,996,18558, -1.00 ,-1
 9> <info> app: hr,997,18529, -1.00 ,-1
 9> <info> app: hr,998,18520, -2.00 ,-1
 9> <info> app: hr,999,18517, -2.00 ,-1
 9> <info> app: hr,1000,18515, -2.00 ,-1
 9> <info> app: hr,1001,18538, -1.00 ,-1
 9> <info> app: hr,1002,18531, -1.00 ,-1
 9> <info> app: hr,1003,18539, -1.00 ,-1
 9> <info> app: hr,1004,18520, -1.00 ,-1
 9> <info> app: hr,1005,18546, -1.00 ,-1
 9> <info> app: hr,1006,18537, -1.00 ,-1
 9> <info> app: hr,1007,18544, -1.00 ,-1
 9> <info> app: hr,1008,18526, -2.00 ,-1
 9> <info> app: hr,1009,18530, -2.00 ,-1
 9> <info> app: hr,1010,18511, -2.00 ,-1
 9> <info> app: hr,1011,18523, -1.00 ,-1
 9> <info> app: hr,1012,18541, -1.00 ,-1
 9> <info> app: hr,1013,18525, -1.00 ,-1
 9> <info> app: hr,1014,18535, -1.00 ,-1
 9> <info> app: hr,1015,18534, -1.00 ,-1
 9> <info> app: hr,1016,18529, -1.00 ,-1
 9> <info> app: hr,1017,18547, -1.00 ,-1
 9> <info> app: hr,1018,18529, -1.00 ,-1

# Logging stopped @ 23 Nov 2018 13:46:25
