# SEGGER J-Link RTT Viewer V6.16a Terminal Log File
# Compiled: 12:44:10 on Jun  6 2017
# Logging started @ 23 Nov 2018 13:49:42
 9> <info> app: ***********  Application started  ***********
 9> 
 9> <info> app: [OK] NRF Power ON 0x0004. 
 9> <info> app: Read MAC:CC34D2110EF6
 9> <info> app: ***********  Sensor initial ***********
 9> <info> app: [OK]	BMI160
 9> <info> app: [OK]	SETUP ACC
 9> <info> app: [OK]	SETUP STEP COUNT
 9> <info> app: [OK]	FLASH MEMORY
 9> <info> app: [OK]	OLED Initial
 9> <info> app: [OK]	Max30102 Initial, Temperature 34.62
 9> <info> app: ********** End sensor initial *********
 9> 
 9> <info> app: Max30102 Found
 9> 
 9> <info> app: HR Begin
 9> 
 9> <info> app: 1019
 9> <info> app: hr,50,18671, 3.00 ,0
 9> <info> app: hr,51,18631, 3.00 ,0
 9> <info> app: hr,52,18645, 3.00 ,0
 9> <info> app: hr,53,18663, 3.00 ,0
 9> <info> app: hr,54,18644, 3.00 ,0
 9> <info> app: hr,55,18641, 3.00 ,0
 9> <info> app: hr,56,18646, 4.00 ,0
 9> <info> app: hr,57,18655, 4.00 ,0
 9> <info> app: hr,58,18663, 3.00 ,0
 9> <info> app: hr,59,18678, 3.00 ,0
 9> <info> app: hr,60,18657, 3.00 ,0
 9> <info> app: hr,61,18678, 3.00 ,0
 9> <info> app: hr,62,18658, 3.00 ,0
 9> <info> app: hr,63,18669, 2.00 ,0
 9> <info> app: hr,64,18644, 1.00 ,-1
 9> <info> app: hr,65,18646, 1.00 ,-1
 9> <info> app: hr,66,18641, 1.00 ,0
 9> <info> app: hr,67,18651, 1.00 ,0
 9> <info> app: hr,68,18680, 1.00 ,0
 9> <info> app: hr,69,18673, 1.00 ,0
 9> <info> app: hr,70,18635, 0.00 ,0
 9> <info> app: hr,71,18666, 0.00 ,0
 9> <info> app: hr,72,18633, 0.00 ,0
 9> <info> app: hr,73,18657, 0.00 ,0
 9> <info> app: hr,74,18645, 0.00 ,0
 9> <info> app: hr,75,18636, 0.00 ,0
 9> <info> app: hr,76,18651, 0.00 ,0
 9> <info> app: hr,77,18651, 0.00 ,0
 9> <info> app: hr,78,18664, 0.00 ,0
 9> <info> app: hr,79,18644, 0.00 ,0
 9> <info> app: hr,80,18655, 0.00 ,0
 9> <info> app: hr,81,18630, 0.00 ,0
 9> <info> app: hr,82,18667, 0.00 ,0
 9> <info> app: hr,83,18653, 0.00 ,0
 9> <info> app: hr,84,18674, 0.00 ,0
 9> <info> app: hr,85,18658, 0.00 ,0
 9> <info> app: hr,86,18653, 0.00 ,0
 9> <info> app: hr,87,18666, 0.00 ,0
 9> <info> app: hr,88,18655, 0.00 ,0
 9> <info> app: hr,89,18654, 0.00 ,0
 9> <info> app: hr,90,18642, 0.00 ,0
 9> <info> app: hr,91,18648, 0.00 ,0
 9> <info> app: hr,92,18656, 0.00 ,0
 9> <info> app: hr,93,18640, 0.00 ,0
 9> <info> app: hr,94,18656, -1.00 ,-1
 9> <info> app: hr,95,18649, -1.00 ,-1
 9> <info> app: hr,96,18669, -1.00 ,-1
 9> <info> app: hr,97,18657, -1.00 ,-1
 9> <info> app: hr,98,18668, -1.00 ,-1
 9> <info> app: hr,99,18651, -1.00 ,-1
 9> <info> app: hr,100,18645, -1.00 ,-1
 9> <info> app: hr,101,18638, 0.00 ,0
 9> <info> app: hr,102,18668, 0.00 ,0
 9> <info> app: hr,103,18615, 0.00 ,0
 9> <info> app: hr,104,18660, 0.00 ,0
 9> <info> app: hr,105,18643, 0.00 ,0
 9> <info> app: hr,106,18662, 0.00 ,0
 9> <info> app: hr,107,18663, 0.00 ,0
 9> <info> app: hr,108,18656, 0.00 ,0
 9> <info> app: hr,109,18646, 0.00 ,0
 9> <info> app: hr,110,18665, 0.00 ,0
 9> <info> app: hr,111,18664, 0.00 ,0
 9> <info> app: hr,112,18665, 0.00 ,0
 9> <info> app: hr,113,18676, 0.00 ,0
 9> <info> app: hr,114,18664, 0.00 ,0
 9> <info> app: hr,115,18662, 0.00 ,0
 9> <info> app: hr,116,18687, 0.00 ,0
 9> <info> app: hr,117,18661, -1.00 ,-1
 9> <info> app: hr,118,18658, -1.00 ,-1
 9> <info> app: hr,119,18647, -1.00 ,-1
 9> <info> app: hr,120,18651, -2.00 ,-1
 9> <info> app: hr,121,18643, -2.00 ,-1
 9> <info> app: hr,122,18660, -2.00 ,-1
 9> <info> app: hr,123,18663, -1.00 ,-1
 9> <info> app: hr,124,18661, -1.00 ,-1
 9> <info> app: hr,125,18644, -1.00 ,-1
 9> <info> app: hr,126,18664, -2.00 ,-1
 9> <info> app: hr,127,18659, -2.00 ,-1
 9> <info> app: hr,128,18676, -2.00 ,-1
 9> <info> app: hr,129,18649, -2.00 ,-1
 9> <info> app: hr,130,18651, -2.00 ,-1
 9> <info> app: hr,131,18675, -2.00 ,-1
 9> <info> app: hr,132,18648, -1.00 ,-1
 9> <info> app: hr,133,18654, -2.00 ,-1
 9> <info> app: hr,134,18662, -2.00 ,-1
 9> <info> app: hr,135,18667, -2.00 ,-1
 9> <info> app: hr,136,18679, -2.00 ,-1
 9> <info> app: hr,137,18657, -2.00 ,-1
 9> <info> app: hr,138,18648, -2.00 ,-1
 9> <info> app: hr,139,18638, -2.00 ,-1
 9> <info> app: hr,140,18676, -2.00 ,-1
 9> <info> app: hr,141,18642, -2.00 ,-1
 9> <info> app: hr,142,18647, -2.00 ,-1
 9> <info> app: hr,143,18638, -2.00 ,-1
 9> <info> app: hr,144,18660, -2.00 ,-1
 9> <info> app: hr,145,18659, -2.00 ,-1
 9> <info> app: hr,146,18668, -2.00 ,-1
 9> <info> app: hr,147,18653, -1.00 ,-1
 9> <info> app: hr,148,18646, -1.00 ,-1
 9> <info> app: hr,149,18645, 0.00 ,0
 9> <info> app: hr,150,18643, 0.00 ,0
 9> <info> app: hr,151,18674, 0.00 ,0
 9> <info> app: hr,152,18649, 0.00 ,0
 9> <info> app: hr,153,18655, 0.00 ,0
 9> <info> app: hr,154,18665, 0.00 ,0
 9> <info> app: hr,155,18657, 0.00 ,0
 9> <info> app: hr,156,18647, 0.00 ,0
 9> <info> app: hr,157,18647, 0.00 ,0
 9> <info> app: hr,158,18662, 0.00 ,0
 9> <info> app: hr,159,18655, 0.00 ,0
 9> <info> app: hr,160,18653, 0.00 ,0
 9> <info> app: hr,161,18661, 0.00 ,0
 9> <info> app: hr,162,18649, 0.00 ,0
 9> <info> app: hr,163,18638, 0.00 ,0
 9> <info> app: hr,164,18658, 0.00 ,0
 9> <info> app: hr,165,18654, 0.00 ,0
 9> <info> app: hr,166,18666, 0.00 ,0
 9> <info> app: hr,167,18628, 1.00 ,1
 9> <info> app: hr,168,18641, 1.00 ,1
 9> <info> app: hr,169,18653, 1.00 ,1
 9> <info> app: hr,170,18644, 1.00 ,1
 9> <info> app: hr,171,18665, 1.00 ,1
 9> <info> app: hr,172,18646, 1.00 ,1
 9> <info> app: hr,173,18660, 1.00 ,1
 9> <info> app: hr,174,18658, 1.00 ,1
 9> <info> app: hr,175,18648, 1.00 ,1
 9> <info> app: hr,176,18651, 1.00 ,1
 9> <info> app: hr,177,18648, 1.00 ,1
 9> <info> app: hr,178,18646, 2.00 ,1
 9> <info> app: hr,179,18643, 2.00 ,1
 9> <info> app: hr,180,18663, 2.00 ,1
 9> <info> app: hr,181,18634, 2.00 ,1
 9> <info> app: hr,182,18663, 1.00 ,1
 9> <info> app: hr,183,18649, 1.00 ,1
 9> <info> app: hr,184,18676, 2.00 ,1
 9> <info> app: hr,185,18658, 2.00 ,1
 9> <info> app: hr,186,18670, 2.00 ,1
 9> <info> app: hr,187,18656, 2.00 ,1
 9> <info> app: hr,188,18647, 2.00 ,1
 9> <info> app: hr,189,18663, 2.00 ,1
 9> <info> app: hr,190,18654, 2.00 ,1
 9> <info> app: hr,191,18649, 1.00 ,1
 9> <info> app: hr,192,18647, 0.00 ,0
 9> <info> app: hr,193,18656, 0.00 ,0
 9> <info> app: hr,194,18640, 0.00 ,0
 9> <info> app: hr,195,18655, 0.00 ,0
 9> <info> app: hr,196,18638, 1.00 ,1
 9> <info> app: hr,197,18669, 1.00 ,1
 9> <info> app: hr,198,18649, 1.00 ,1
 9> <info> app: hr,199,18669, 1.00 ,1
 9> <info> app: hr,200,18636, 1.00 ,1
 9> <info> app: hr,201,18647, 1.00 ,1
 9> <info> app: hr,202,18649, 1.00 ,1
 9> <info> app: hr,203,18662, 1.00 ,1
 9> <info> app: hr,204,18643, 1.00 ,1
 9> <info> app: hr,205,18630, 1.00 ,1
 9> <info> app: hr,206,18652, 1.00 ,1
 9> <info> app: hr,207,18638, 0.00 ,0
 9> <info> app: hr,208,18662, 0.00 ,0
 9> <info> app: hr,209,18665, 0.00 ,0
 9> <info> app: hr,210,18647, 0.00 ,0
 9> <info> app: hr,211,18640, 0.00 ,0
 9> <info> app: hr,212,18659, 1.00 ,1
 9> <info> app: hr,213,18663, 1.00 ,1
 9> <info> app: hr,214,18656, 1.00 ,1
 9> <info> app: hr,215,18657, 1.00 ,1
 9> <info> app: hr,216,18637, 1.00 ,1
 9> <info> app: hr,217,18680, 1.00 ,1
 9> <info> app: hr,218,18644, 1.00 ,1
 9> <info> app: hr,219,18632, 1.00 ,1
 9> <info> app: hr,220,18642, 1.00 ,1
 9> <info> app: hr,221,18648, 1.00 ,1
 9> <info> app: hr,222,18657, 1.00 ,1
 9> <info> app: hr,223,18644, 0.00 ,0
 9> <info> app: hr,224,18649, 0.00 ,0
 9> <info> app: hr,225,18658, 0.00 ,0
 9> <info> app: hr,226,18661, 0.00 ,0
 9> <info> app: hr,227,18648, 0.00 ,0
 9> <info> app: hr,228,18669, 0.00 ,0
 9> <info> app: hr,229,18666, 0.00 ,0
 9> <info> app: hr,230,18639, 0.00 ,0
 9> <info> app: hr,231,18676, 0.00 ,0
 9> <info> app: hr,232,18668, 0.00 ,0
 9> <info> app: hr,233,18642, 0.00 ,0
 9> <info> app: hr,234,18673, 0.00 ,0
 9> <info> app: hr,235,18654, 0.00 ,0
 9> <info> app: hr,236,18652, 0.00 ,0
 9> <info> app: hr,237,18648, 0.00 ,0
 9> <info> app: hr,238,18640, 0.00 ,0
 9> <info> app: hr,239,18681, 0.00 ,0
 9> <info> app: hr,240,18661, 0.00 ,0
 9> <info> app: hr,241,18636, -1.00 ,-1
 9> <info> app: hr,242,18650, -1.00 ,-1
 9> <info> app: hr,243,18655, -1.00 ,-1
 9> <info> app: hr,244,18661, -1.00 ,-1
 9> <info> app: hr,245,18661, -1.00 ,-1
 9> <info> app: hr,246,18646, -1.00 ,-1
 9> <info> app: hr,247,18638, 0.00 ,0
 9> <info> app: hr,248,18654, 0.00 ,0
 9> <info> app: hr,249,18642, 0.00 ,0
 9> <info> app: hr,250,18672, 0.00 ,0
 9> <info> app: hr,251,18622, 0.00 ,0
 9> <info> app: hr,252,18630, 0.00 ,0
 9> <info> app: hr,253,18635, 0.00 ,0
 9> <info> app: hr,254,18632, 0.00 ,0
 9> <info> app: hr,255,18659, 0.00 ,0
 9> <info> app: hr,256,18664, 0.00 ,0
 9> <info> app: hr,257,18678, 0.00 ,0
 9> <info> app: hr,258,18646, 0.00 ,0
 9> <info> app: hr,259,18641, 0.00 ,0
 9> <info> app: hr,260,18633, 0.00 ,0
 9> <info> app: hr,261,18652, 0.00 ,0
 9> <info> app: hr,262,18648, 0.00 ,0
 9> <info> app: hr,263,18635, 1.00 ,1
 9> <info> app: hr,264,18672, 1.00 ,1
 9> <info> app: hr,265,18644, 1.00 ,1
 9> <info> app: hr,266,18690, 1.00 ,1
 9> <info> app: hr,267,18632, 1.00 ,1
 9> <info> app: hr,268,18642, 0.00 ,0
 9> <info> app: hr,269,18637, 0.00 ,0
 9> <info> app: hr,270,18658, 0.00 ,0
 9> <info> app: hr,271,18659, 0.00 ,0
 9> <info> app: hr,272,18665, 0.00 ,0
 9> <info> app: hr,273,18629, 1.00 ,1
 9> <info> app: hr,274,18630, 1.00 ,1
 9> <info> app: hr,275,18648, 1.00 ,1
 9> <info> app: hr,276,18639, 1.00 ,1
 9> <info> app: hr,277,18650, 1.00 ,1
 9> <info> app: hr,278,18621, 1.00 ,1
 9> <info> app: hr,279,18647, 2.00 ,1
 9> <info> app: hr,280,18653, 2.00 ,1
 9> <info> app: hr,281,18627, 2.00 ,1
 9> <info> app: hr,282,18664, 1.00 ,1
 9> <info> app: hr,283,18654, 1.00 ,1
 9> <info> app: hr,284,18655, 2.00 ,1
 9> <info> app: hr,285,18626, 2.00 ,1
 9> <info> app: hr,286,18642, 2.00 ,1
 9> <info> app: hr,287,18638, 2.00 ,1
 9> <info> app: hr,288,18668, 2.00 ,1
 9> <info> app: hr,289,18641, 3.00 ,1
 9> <info> app: hr,290,18640, 2.00 ,1
 9> <info> app: hr,291,18651, 2.00 ,1
 9> <info> app: hr,292,18663, 2.00 ,1
 9> <info> app: hr,293,18651, 2.00 ,1
 9> <info> app: hr,294,18623, 2.00 ,1
 9> <info> app: hr,295,18616, 2.00 ,1
 9> <info> app: hr,296,18625, 3.00 ,1
 9> <info> app: hr,297,18669, 3.00 ,1
 9> <info> app: hr,298,18620, 2.00 ,1
 9> <info> app: hr,299,18693, 2.00 ,1
 9> <info> app: hr,300,18646, 2.00 ,1
 9> <info> app: hr,301,18636, 3.00 ,1
 9> <info> app: hr,302,18638, 3.00 ,1
 9> <info> app: hr,303,18652, 3.00 ,1
 9> <info> app: hr,304,18674, 2.00 ,1
 9> <info> app: hr,305,18645, 2.00 ,1
 9> <info> app: hr,306,18648, 2.00 ,1
 9> <info> app: hr,307,18633, 2.00 ,1
 9> <info> app: hr,308,18662, 2.00 ,1
 9> <info> app: hr,309,18632, 2.00 ,1
 9> <info> app: hr,310,18633, 2.00 ,1
 9> <info> app: hr,311,18652, 2.00 ,1
 9> <info> app: hr,312,18637, 1.00 ,1
 9> <info> app: hr,313,18653, 1.00 ,1
 9> <info> app: hr,314,18646, 1.00 ,1
 9> <info> app: hr,315,18657, 1.00 ,1
 9> <info> app: hr,316,18637, 1.00 ,1
 9> <info> app: hr,317,18664, 1.00 ,1
 9> <info> app: hr,318,18647, 1.00 ,1
 9> <info> app: hr,319,18666, 1.00 ,1
 9> <info> app: hr,320,18641, 1.00 ,1
 9> <info> app: hr,321,18666, 1.00 ,1
 9> <info> app: hr,322,18636, 0.00 ,0
 9> <info> app: hr,323,18651, 0.00 ,0
 9> <info> app: hr,324,18635, 0.00 ,0
 9> <info> app: hr,325,18645, 0.00 ,0
 9> <info> app: hr,326,18632, 0.00 ,0
 9> <info> app: hr,327,18645, 0.00 ,0
 9> <info> app: hr,328,18668, 0.00 ,0
 9> <info> app: hr,329,18659, 0.00 ,0
 9> <info> app: hr,330,18634, 0.00 ,0
 9> <info> app: hr,331,18640, 0.00 ,0
 9> <info> app: hr,332,18655, 0.00 ,0
 9> <info> app: hr,333,18642, 0.00 ,0
 9> <info> app: hr,334,18635, 0.00 ,0
 9> <info> app: hr,335,18634, 0.00 ,0
 9> <info> app: hr,336,18640, 0.00 ,0
 9> <info> app: hr,337,18663, 0.00 ,0
 9> <info> app: hr,338,18642, 0.00 ,0
 9> <info> app: hr,339,18661, 0.00 ,0
 9> <info> app: hr,340,18634, 0.00 ,0
 9> <info> app: hr,341,18628, 0.00 ,0
 9> <info> app: hr,342,18630, 0.00 ,0
 9> <info> app: hr,343,18638, 0.00 ,0
 9> <info> app: hr,344,18661, 0.00 ,0
 9> <info> app: hr,345,18640, 0.00 ,0
 9> <info> app: hr,346,18641, 0.00 ,0
 9> <info> app: hr,347,18628, 1.00 ,1
 9> <info> app: hr,348,18642, 0.00 ,0
 9> <info> app: hr,349,18622, 0.00 ,0
 9> <info> app: hr,350,18638, 0.00 ,0
 9> <info> app: hr,351,18657, 0.00 ,0
 9> <info> app: hr,352,18639, 1.00 ,1
 9> <info> app: hr,353,18663, 1.00 ,1
 9> <info> app: hr,354,18643, 1.00 ,1
 9> <info> app: hr,355,18647, 1.00 ,1
 9> <info> app: hr,356,18648, 1.00 ,1
 9> <info> app: hr,357,18642, 1.00 ,1
 9> <info> app: hr,358,18646, 1.00 ,1
 9> <info> app: hr,359,18634, 1.00 ,1
 9> <info> app: hr,360,18612, 1.00 ,1
 9> <info> app: hr,361,18649, 2.00 ,1
 9> <info> app: hr,362,18624, 2.00 ,1
 9> <info> app: hr,363,18666, 1.00 ,1
 9> <info> app: hr,364,18637, 1.00 ,1
 9> <info> app: hr,365,18638, 1.00 ,1
 9> <info> app: hr,366,18654, 1.00 ,1
 9> <info> app: hr,367,18661, 2.00 ,1
 9> <info> app: hr,368,18649, 2.00 ,1
 9> <info> app: hr,369,18637, 2.00 ,1
 9> <info> app: hr,370,18652, 2.00 ,1
 9> <info> app: hr,371,18654, 2.00 ,1
 9> <info> app: hr,372,18638, 0.00 ,0
 9> <info> app: hr,373,18655, 0.00 ,0
 9> <info> app: hr,374,18675, 0.00 ,0
 9> <info> app: hr,375,18634, 0.00 ,0
 9> <info> app: hr,376,18653, 0.00 ,0
 9> <info> app: hr,377,18636, 0.00 ,0
 9> <info> app: hr,378,18635, 0.00 ,0
 9> <info> app: hr,379,18655, 0.00 ,0
 9> <info> app: hr,380,18652, 0.00 ,0
 9> <info> app: hr,381,18652, 0.00 ,0
 9> <info> app: hr,382,18646, 0.00 ,0
 9> <info> app: hr,383,18664, 0.00 ,0
 9> <info> app: hr,384,18623, 0.00 ,0
 9> <info> app: hr,385,18644, 0.00 ,0
 9> <info> app: hr,386,18628, 0.00 ,0
 9> <info> app: hr,387,18674, 0.00 ,0
 9> <info> app: hr,388,18632, 0.00 ,0
 9> <info> app: hr,389,18638, -1.00 ,-1
 9> <info> app: hr,390,18648, -1.00 ,-1
 9> <info> app: hr,391,18639, -1.00 ,-1
 9> <info> app: hr,392,18629, -1.00 ,-1
 9> <info> app: hr,393,18683, -1.00 ,-1
 9> <info> app: hr,394,18647, 0.00 ,0
 9> <info> app: hr,395,18665, 0.00 ,0
 9> <info> app: hr,396,18647, 0.00 ,0
 9> <info> app: hr,397,18653, 0.00 ,0
 9> <info> app: hr,398,18636, 0.00 ,0
 9> <info> app: hr,399,18655, 0.00 ,0
 9> <info> app: hr,400,18655, -1.00 ,-1
 9> <info> app: hr,401,18651, -1.00 ,-1
 9> <info> app: hr,402,18634, -1.00 ,-1
 9> <info> app: hr,403,18648, -1.00 ,-1
 9> <info> app: hr,404,18638, -1.00 ,-1
 9> <info> app: hr,405,18643, -1.00 ,-1
 9> <info> app: hr,406,18646, -1.00 ,-1
 9> <info> app: hr,407,18634, -1.00 ,-1
 9> <info> app: hr,408,18659, -1.00 ,-1
 9> <info> app: hr,409,18648, -1.00 ,-1
 9> <info> app: hr,410,18648, -1.00 ,-1
 9> <info> app: hr,411,18659, 0.00 ,0
 9> <info> app: hr,412,18649, 0.00 ,0
 9> <info> app: hr,413,18638, -1.00 ,-1
 9> <info> app: hr,414,18653, -1.00 ,-1
 9> <info> app: hr,415,18644, -1.00 ,-1
 9> <info> app: hr,416,18652, -1.00 ,-1
 9> <info> app: hr,417,18645, -1.00 ,-1
 9> <info> app: hr,418,18655, -1.00 ,-1
 9> <info> app: hr,419,18652, -1.00 ,-1
 9> <info> app: hr,420,18650, -1.00 ,-1
 9> <info> app: hr,421,18643, -1.00 ,-1
 9> <info> app: hr,422,18637, -1.00 ,-1
 9> <info> app: hr,423,18653, -1.00 ,-1
 9> <info> app: hr,424,18633, -1.00 ,-1
 9> <info> app: hr,425,18637, -1.00 ,-1
 9> <info> app: hr,426,18646, 0.00 ,0
 9> <info> app: hr,427,18625, 0.00 ,0
 9> <info> app: hr,428,18613, 0.00 ,0
 9> <info> app: hr,429,18644, 0.00 ,0
 9> <info> app: hr,430,18631, 0.00 ,0
 9> <info> app: hr,431,18632, 0.00 ,0
 9> <info> app: hr,432,18655, 0.00 ,0
 9> <info> app: hr,433,18646, 1.00 ,1
 9> <info> app: hr,434,18625, 1.00 ,1
 9> <info> app: hr,435,18631, 1.00 ,1
 9> <info> app: hr,436,18636, 1.00 ,1
 9> <info> app: hr,437,18645, 1.00 ,1
 9> <info> app: hr,438,18640, 1.00 ,1
 9> <info> app: hr,439,18625, 1.00 ,1
 9> <info> app: hr,440,18624, 2.00 ,1
 9> <info> app: hr,441,18619, 2.00 ,1
 9> <info> app: hr,442,18658, 2.00 ,1
 9> <info> app: hr,443,18628, 3.00 ,1
 9> <info> app: hr,444,18643, 3.00 ,1
 9> <info> app: hr,445,18649, 3.00 ,1
 9> <info> app: hr,446,18646, 3.00 ,1
 9> <info> app: hr,447,18647, 3.00 ,1
 9> <info> app: hr,448,18630, 3.00 ,1
 9> <info> app: hr,449,18625, 4.00 ,1
 9> <info> app: hr,450,18638, 4.00 ,1
 9> <info> app: hr,451,18639, 3.00 ,1
 9> <info> app: hr,452,18637, 3.00 ,1
 9> <info> app: hr,453,18633, 4.00 ,1
 9> <info> app: hr,454,18644, 4.00 ,1
 9> <info> app: hr,455,18656, 4.00 ,1
 9> <info> app: hr,456,18648, 3.00 ,1
 9> <info> app: hr,457,18653, 3.00 ,1
 9> <info> app: hr,458,18635, 3.00 ,1
 9> <info> app: hr,459,18626, 3.00 ,1
 9> <info> app: hr,460,18650, 3.00 ,1
 9> <info> app: hr,461,18624, 2.00 ,1
 9> <info> app: hr,462,18658, 2.00 ,1
 9> <info> app: hr,463,18622, 2.00 ,1
 9> <info> app: hr,464,18630, 3.00 ,1
 9> <info> app: hr,465,18631, 3.00 ,1
 9> <info> app: hr,466,18647, 3.00 ,1
 9> <info> app: hr,467,18629, 3.00 ,1
 9> <info> app: hr,468,18617, 2.00 ,1
 9> <info> app: hr,469,18644, 2.00 ,1
 9> <info> app: hr,470,18634, 2.00 ,1
 9> <info> app: hr,471,18651, 2.00 ,1
 9> <info> app: hr,472,18637, 3.00 ,1
 9> <info> app: hr,473,18655, 3.00 ,1
 9> <info> app: hr,474,18641, 3.00 ,1
 9> <info> app: hr,475,18611, 2.00 ,1
 9> <info> app: hr,476,18630, 2.00 ,1
 9> <info> app: hr,477,18650, 2.00 ,1
 9> <info> app: hr,478,18612, 2.00 ,1
 9> <info> app: hr,479,18650, 2.00 ,1
 9> <info> app: hr,480,18621, 2.00 ,1
 9> <info> app: hr,481,18632, 2.00 ,1
 9> <info> app: hr,482,18644, 2.00 ,1
 9> <info> app: hr,483,18644, 2.00 ,1
 9> <info> app: hr,484,18647, 2.00 ,1
 9> <info> app: hr,485,18628, 2.00 ,1
 9> <info> app: hr,486,18645, 2.00 ,1
 9> <info> app: hr,487,18639, 2.00 ,1
 9> <info> app: hr,488,18642, 2.00 ,1
 9> <info> app: hr,489,18649, 2.00 ,1
 9> <info> app: hr,490,18651, 2.00 ,1
 9> <info> app: hr,491,18660, 1.00 ,0
 9> <info> app: hr,492,18639, 0.00 ,-1
 9> <info> app: hr,493,18632, 0.00 ,-1
 9> <info> app: hr,494,18649, 0.00 ,0
 9> <info> app: hr,495,18641, 0.00 ,0
 9> <info> app: hr,496,18654, 0.00 ,0
 9> <info> app: hr,497,18636, 0.00 ,0
 9> <info> app: hr,498,18631, 0.00 ,0
 9> <info> app: hr,499,18631, 0.00 ,0
 9> <info> app: hr,500,18645, 0.00 ,0
 9> <info> app: hr,501,18641, 0.00 ,0
 9> <info> app: hr,502,18629, 0.00 ,0
 9> <info> app: hr,503,18626, 0.00 ,0
 9> <info> app: hr,504,18625, 0.00 ,0
 9> <info> app: hr,505,18636, 0.00 ,0
 9> <info> app: hr,506,18643, 0.00 ,0
 9> <info> app: hr,507,18653, 0.00 ,0
 9> <info> app: hr,508,18634, 0.00 ,0
 9> <info> app: hr,509,18653, 0.00 ,0
 9> <info> app: hr,510,18662, 0.00 ,0
 9> <info> app: hr,511,18652, 0.00 ,0
 9> <info> app: hr,512,18650, -1.00 ,-1
 9> <info> app: hr,513,18633, -1.00 ,-1
 9> <info> app: hr,514,18632, -1.00 ,-1
 9> <info> app: hr,515,18618, -1.00 ,-1
 9> <info> app: hr,516,18653, 0.00 ,0
 9> <info> app: hr,517,18643, 0.00 ,0
 9> <info> app: hr,518,18635, 0.00 ,0
 9> <info> app: hr,519,18661, 0.00 ,0
 9> <info> app: hr,520,18632, 0.00 ,0
 9> <info> app: hr,521,18645, -1.00 ,-1
 9> <info> app: hr,522,18630, -1.00 ,-1
 9> <info> app: hr,523,18645, -1.00 ,-1
 9> <info> app: hr,524,18629, -1.00 ,-1
 9> <info> app: hr,525,18614, -1.00 ,-1
 9> <info> app: hr,526,18628, -1.00 ,-1
 9> <info> app: hr,527,18633, -1.00 ,-1
 9> <info> app: hr,528,18645, -1.00 ,-1
 9> <info> app: hr,529,18654, 0.00 ,0
 9> <info> app: hr,530,18633, 0.00 ,0
 9> <info> app: hr,531,18627, 0.00 ,0
 9> <info> app: hr,532,18623, 0.00 ,0
 9> <info> app: hr,533,18634, 0.00 ,0
 9> <info> app: hr,534,18636, 0.00 ,0
 9> <info> app: hr,535,18661, 0.00 ,0
 9> <info> app: hr,536,18620, 0.00 ,0
 9> <info> app: hr,537,18620, 0.00 ,0
 9> <info> app: hr,538,18631, 0.00 ,0
 9> <info> app: hr,539,18616, 0.00 ,0
 9> <info> app: hr,540,18637, 0.00 ,0
 9> <info> app: hr,541,18645, 0.00 ,0
 9> <info> app: hr,542,18631, 1.00 ,1
 9> <info> app: hr,543,18628, 1.00 ,1
 9> <info> app: hr,544,18646, 1.00 ,1
 9> <info> app: hr,545,18633, 1.00 ,1
 9> <info> app: hr,546,18640, 1.00 ,1
 9> <info> app: hr,547,18639, 2.00 ,1
 9> <info> app: hr,548,18612, 2.00 ,1
 9> <info> app: hr,549,18640, 2.00 ,1
 9> <info> app: hr,550,18642, 1.00 ,1
 9> <info> app: hr,551,18636, 1.00 ,1
 9> <info> app: hr,552,18654, 1.00 ,1
 9> <info> app: hr,553,18640, 2.00 ,1
 9> <info> app: hr,554,18632, 2.00 ,1
 9> <info> app: hr,555,18625, 2.00 ,1
 9> <info> app: hr,556,18630, 2.00 ,1
 9> <info> app: hr,557,18630, 2.00 ,1
 9> <info> app: hr,558,18623, 2.00 ,1
 9> <info> app: hr,559,18627, 1.00 ,1
 9> <info> app: hr,560,18639, 1.00 ,1
 9> <info> app: hr,561,18651, 1.00 ,1
 9> <info> app: hr,562,18641, 1.00 ,1
 9> <info> app: hr,563,18627, 1.00 ,1
 9> <info> app: hr,564,18624, 2.00 ,1
 9> <info> app: hr,565,18616, 2.00 ,1
 9> <info> app: hr,566,18627, 2.00 ,1
 9> <info> app: hr,567,18637, 2.00 ,1
 9> <info> app: hr,568,18633, 2.00 ,1
 9> <info> app: hr,569,18646, 1.00 ,1
 9> <info> app: hr,570,18620, 1.00 ,1
 9> <info> app: hr,571,18632, 2.00 ,1
 9> <info> app: hr,572,18643, 2.00 ,1
 9> <info> app: hr,573,18636, 2.00 ,1
 9> <info> app: hr,574,18636, 2.00 ,1
 9> <info> app: hr,575,18642, 2.00 ,1
 9> <info> app: hr,576,18638, 2.00 ,1
 9> <info> app: hr,577,18622, 2.00 ,1
 9> <info> app: hr,578,18645, 1.00 ,1
 9> <info> app: hr,579,18623, 1.00 ,1
 9> <info> app: hr,580,18643, 1.00 ,1
 9> <info> app: hr,581,18634, 1.00 ,1
 9> <info> app: hr,582,18638, 1.00 ,1
 9> <info> app: hr,583,18643, 1.00 ,1
 9> <info> app: hr,584,18619, 1.00 ,1
 9> <info> app: hr,585,18617, 1.00 ,1
 9> <info> app: hr,586,18645, 1.00 ,1
 9> <info> app: hr,587,18642, 1.00 ,1
 9> <info> app: hr,588,18611, 1.00 ,1
 9> <info> app: hr,589,18642, 1.00 ,1
 9> <info> app: hr,590,18627, 1.00 ,1
 9> <info> app: hr,591,18628, 0.00 ,0
 9> <info> app: hr,592,18636, 0.00 ,0
 9> <info> app: hr,593,18632, 0.00 ,0
 9> <info> app: hr,594,18625, 0.00 ,0
 9> <info> app: hr,595,18629, 0.00 ,0
 9> <info> app: hr,596,18656, 0.00 ,0
 9> <info> app: hr,597,18634, 0.00 ,0
 9> <info> app: hr,598,18628, 0.00 ,0
 9> <info> app: hr,599,18636, 0.00 ,0
 9> <info> app: hr,600,18631, 0.00 ,0
 9> <info> app: hr,601,18642, 0.00 ,0
 9> <info> app: hr,602,18653, 0.00 ,0
 9> <info> app: hr,603,18635, 0.00 ,0
 9> <info> app: hr,604,18624, 0.00 ,0
 9> <info> app: hr,605,18609, 0.00 ,0
 9> <info> app: hr,606,18658, 0.00 ,0
 9> <info> app: hr,607,18614, 0.00 ,0
 9> <info> app: hr,608,18620, 0.00 ,0
 9> <info> app: hr,609,18643, 0.00 ,0
 9> <info> app: hr,610,18632, 0.00 ,0
 9> <info> app: hr,611,18632, 0.00 ,0
 9> <info> app: hr,612,18635, 0.00 ,0
 9> <info> app: hr,613,18656, 0.00 ,0
 9> <info> app: hr,614,18634, 0.00 ,0
 9> <info> app: hr,615,18614, 0.00 ,0
 9> <info> app: hr,616,18643, 0.00 ,0
 9> <info> app: hr,617,18664, 0.00 ,0
 9> <info> app: hr,618,18613, 0.00 ,0
 9> <info> app: hr,619,18626, 0.00 ,0
 9> <info> app: hr,620,18608, 0.00 ,0
 9> <info> app: hr,621,18629, 0.00 ,0
 9> <info> app: hr,622,18634, 0.00 ,0
 9> <info> app: hr,623,18636, 0.00 ,0
 9> <info> app: hr,624,18648, 0.00 ,0
 9> <info> app: hr,625,18656, 0.00 ,0
 9> <info> app: hr,626,18631, 0.00 ,0
 9> <info> app: hr,627,18623, 0.00 ,0
 9> <info> app: hr,628,18639, 0.00 ,0
 9> <info> app: hr,629,18646, 0.00 ,0
 9> <info> app: hr,630,18646, 0.00 ,0
 9> <info> app: hr,631,18637, 0.00 ,0
 9> <info> app: hr,632,18621, 0.00 ,0
 9> <info> app: hr,633,18622, 0.00 ,0
 9> <info> app: hr,634,18618, 0.00 ,0
 9> <info> app: hr,635,18614, 0.00 ,0
 9> <info> app: hr,636,18628, 0.00 ,0
 9> <info> app: hr,637,18620, 0.00 ,0
 9> <info> app: hr,638,18638, 0.00 ,0
 9> <info> app: hr,639,18634, 0.00 ,0
 9> <info> app: hr,640,18628, 0.00 ,0
 9> <info> app: hr,641,18615, 1.00 ,1
 9> <info> app: hr,642,18646, 1.00 ,1
 9> <info> app: hr,643,18646, 0.00 ,0
 9> <info> app: hr,644,18598, 0.00 ,0
 9> <info> app: hr,645,18666, 0.00 ,0
 9> <info> app: hr,646,18624, 0.00 ,0
 9> <info> app: hr,647,18641, 0.00 ,0
 9> <info> app: hr,648,18639, 0.00 ,0
 9> <info> app: hr,649,18628, 0.00 ,0
 9> <info> app: hr,650,18639, 0.00 ,0
 9> <info> app: hr,651,18650, 0.00 ,0
 9> <info> app: hr,652,18641, 0.00 ,0
 9> <info> app: hr,653,18622, 0.00 ,0
 9> <info> app: hr,654,18638, 0.00 ,0
 9> <info> app: hr,655,18641, 0.00 ,0
 9> <info> app: hr,656,18635, 0.00 ,0
 9> <info> app: hr,657,18619, 0.00 ,0
 9> <info> app: hr,658,18655, 0.00 ,0
 9> <info> app: hr,659,18631, 0.00 ,0
 9> <info> app: hr,660,18635, 0.00 ,0
 9> <info> app: hr,661,18643, 0.00 ,0
 9> <info> app: hr,662,18634, 0.00 ,0
 9> <info> app: hr,663,18649, 0.00 ,0
 9> <info> app: hr,664,18647, 0.00 ,0
 9> <info> app: hr,665,18625, 0.00 ,0
 9> <info> app: hr,666,18648, 0.00 ,0
 9> <info> app: hr,667,18631, -1.00 ,-1
 9> <info> app: hr,668,18643, -1.00 ,-1
 9> <info> app: hr,669,18629, -1.00 ,-1
 9> <info> app: hr,670,18630, -1.00 ,-1
 9> <info> app: hr,671,18664, -1.00 ,-1
 9> <info> app: hr,672,18621, -1.00 ,-1
 9> <info> app: hr,673,18617, -2.00 ,-1
 9> <info> app: hr,674,18622, -1.00 ,-1
 9> <info> app: hr,675,18615, -1.00 ,-1
 9> <info> app: hr,676,18623, -1.00 ,-1
 9> <info> app: hr,677,18639, 0.00 ,0
 9> <info> app: hr,678,18629, 0.00 ,0
 9> <info> app: hr,679,18644, 0.00 ,0
 9> <info> app: hr,680,18649, 0.00 ,0
 9> <info> app: hr,681,18639, 0.00 ,0
 9> <info> app: hr,682,18643, 0.00 ,0
 9> <info> app: hr,683,18621, 0.00 ,0
 9> <info> app: hr,684,18624, 0.00 ,0
 9> <info> app: hr,685,18646, 0.00 ,0
 9> <info> app: hr,686,18665, 0.00 ,0
 9> <info> app: hr,687,18634, 0.00 ,0
 9> <info> app: hr,688,18642, 0.00 ,0
 9> <info> app: hr,689,18651, -1.00 ,-1
 9> <info> app: hr,690,18639, -1.00 ,-1
 9> <info> app: hr,691,18628, -1.00 ,-1
 9> <info> app: hr,692,18610, -1.00 ,-1
 9> <info> app: hr,693,18624, -1.00 ,-1
 9> <info> app: hr,694,18643, -1.00 ,-1
 9> <info> app: hr,695,18621, 0.00 ,0
 9> <info> app: hr,696,18630, 0.00 ,0
 9> <info> app: hr,697,18617, 0.00 ,0
 9> <info> app: hr,698,18617, 0.00 ,0
 9> <info> app: hr,699,18613, 0.00 ,0
 9> <info> app: hr,700,18653, 0.00 ,0
 9> <info> app: hr,701,18619, 0.00 ,0
 9> <info> app: hr,702,18627, 0.00 ,0
 9> <info> app: hr,703,18620, 0.00 ,0
 9> <info> app: hr,704,18623, 1.00 ,1
 9> <info> app: hr,705,18646, 1.00 ,1
 9> <info> app: hr,706,18611, 1.00 ,1
 9> <info> app: hr,707,18637, 1.00 ,1
 9> <info> app: hr,708,18587, 1.00 ,1
 9> <info> app: hr,709,18658, 1.00 ,1
 9> <info> app: hr,710,18630, 1.00 ,1
 9> <info> app: hr,711,18639, 1.00 ,1
 9> <info> app: hr,712,18626, 2.00 ,1
 9> <info> app: hr,713,18648, 2.00 ,1
 9> <info> app: hr,714,18632, 2.00 ,1
 9> <info> app: hr,715,18635, 2.00 ,1
 9> <info> app: hr,716,18656, 2.00 ,1
 9> <info> app: hr,717,18646, 2.00 ,1
 9> <info> app: hr,718,18629, 1.00 ,1
 9> <info> app: hr,719,18620, 1.00 ,1
 9> <info> app: hr,720,18642, 1.00 ,1
 9> <info> app: hr,721,18612, 1.00 ,1
 9> <info> app: hr,722,18632, 1.00 ,1
 9> <info> app: hr,723,18632, 1.00 ,1
 9> <info> app: hr,724,18649, 1.00 ,1
 9> <info> app: hr,725,18650, 1.00 ,1
 9> <info> app: hr,726,18643, 1.00 ,1
 9> <info> app: hr,727,18623, 1.00 ,1
 9> <info> app: hr,728,18648, 1.00 ,1
 9> <info> app: hr,729,18620, 1.00 ,1
 9> <info> app: hr,730,18632, 0.00 ,0
 9> <info> app: hr,731,18625, 0.00 ,0
 9> <info> app: hr,732,18630, 0.00 ,0
 9> <info> app: hr,733,18630, 0.00 ,0
 9> <info> app: hr,734,18641, 0.00 ,0
 9> <info> app: hr,735,18662, 0.00 ,0
 9> <info> app: hr,736,18612, 0.00 ,0
 9> <info> app: hr,737,18640, 0.00 ,0
 9> <info> app: hr,738,18626, 0.00 ,0
 9> <info> app: hr,739,18632, 0.00 ,0
 9> <info> app: hr,740,18627, 0.00 ,0
 9> <info> app: hr,741,18615, 0.00 ,0
 9> <info> app: hr,742,18644, 0.00 ,0
 9> <info> app: hr,743,18643, 0.00 ,0
 9> <info> app: hr,744,18628, 0.00 ,0
 9> <info> app: hr,745,18619, 0.00 ,0
 9> <info> app: hr,746,18638, 0.00 ,0
 9> <info> app: hr,747,18618, 0.00 ,0
 9> <info> app: hr,748,18628, 0.00 ,0
 9> <info> app: hr,749,18630, 0.00 ,0
 9> <info> app: hr,750,18626, 0.00 ,0
 9> <info> app: hr,751,18616, 0.00 ,0
 9> <info> app: hr,752,18628, 0.00 ,0
 9> <info> app: hr,753,18647, 0.00 ,0
 9> <info> app: hr,754,18646, 0.00 ,0
 9> <info> app: hr,755,18627, 0.00 ,0
 9> <info> app: hr,756,18635, 1.00 ,1
 9> <info> app: hr,757,18627, 0.00 ,0
 9> <info> app: hr,758,18633, 0.00 ,0
 9> <info> app: hr,759,18647, 0.00 ,0
 9> <info> app: hr,760,18608, 0.00 ,0
 9> <info> app: hr,761,18621, 0.00 ,0
 9> <info> app: hr,762,18614, 0.00 ,0
 9> <info> app: hr,763,18645, 0.00 ,0
 9> <info> app: hr,764,18631, 0.00 ,0
 9> <info> app: hr,765,18636, 0.00 ,0
 9> <info> app: hr,766,18642, 0.00 ,0
 9> <info> app: hr,767,18640, 0.00 ,0
 9> <info> app: hr,768,18638, 0.00 ,0
 9> <info> app: hr,769,18632, 0.00 ,0
 9> <info> app: hr,770,18650, 0.00 ,0
 9> <info> app: hr,771,18648, 0.00 ,0
 9> <info> app: hr,772,18631, 0.00 ,0
 9> <info> app: hr,773,18656, 0.00 ,0
 9> <info> app: hr,774,18637, 0.00 ,0
 9> <info> app: hr,775,18631, 0.00 ,0
 9> <info> app: hr,776,18647, 0.00 ,0
 9> <info> app: hr,777,18642, 0.00 ,0
 9> <info> app: hr,778,18622, 0.00 ,0
 9> <info> app: hr,779,18616, -1.00 ,-1
 9> <info> app: hr,780,18637, -1.00 ,-1
 9> <info> app: hr,781,18637, -1.00 ,-1
 9> <info> app: hr,782,18665, -1.00 ,-1
 9> <info> app: hr,783,18622, -1.00 ,-1
 9> <info> app: hr,784,18648, -1.00 ,-1
 9> <info> app: hr,785,18649, -2.00 ,-1
 9> <info> app: hr,786,18631, -1.00 ,-1
 9> <info> app: hr,787,18637, -1.00 ,-1
 9> <info> app: hr,788,18633, -1.00 ,-1
 9> <info> app: hr,789,18648, -1.00 ,-1
 9> <info> app: hr,790,18659, -2.00 ,-1
 9> <info> app: hr,791,18651, -2.00 ,-1
 9> <info> app: hr,792,18612, -2.00 ,-1
 9> <info> app: hr,793,18642, -2.00 ,-1
 9> <info> app: hr,794,18607, -3.00 ,-1
 9> <info> app: hr,795,18655, -2.00 ,-1
 9> <info> app: hr,796,18622, -2.00 ,-1
 9> <info> app: hr,797,18646, -2.00 ,-1
 9> <info> app: hr,798,18634, -2.00 ,-1
 9> <info> app: hr,799,18639, -2.00 ,-1
 9> <info> app: hr,800,18641, -2.00 ,-1
 9> <info> app: hr,801,18648, -2.00 ,-1
 9> <info> app: hr,802,18632, -2.00 ,-1
 9> <info> app: hr,803,18652, -2.00 ,-1
 9> <info> app: hr,804,18632, -2.00 ,-1
 9> <info> app: hr,805,18636, -2.00 ,-1
 9> <info> app: hr,806,18651, -2.00 ,-1
 9> <info> app: hr,807,18636, -2.00 ,-1
 9> <info> app: hr,808,18650, -2.00 ,-1
 9> <info> app: hr,809,18629, -2.00 ,-1
 9> <info> app: hr,810,18639, -2.00 ,-1
 9> <info> app: hr,811,18617, -2.00 ,-1
 9> <info> app: hr,812,18632, -2.00 ,-1
 9> <info> app: hr,813,18648, -2.00 ,-1
 9> <info> app: hr,814,18638, -2.00 ,-1
 9> <info> app: hr,815,18644, -2.00 ,-1
 9> <info> app: hr,816,18629, -2.00 ,-1
 9> <info> app: hr,817,18637, -2.00 ,-1
 9> <info> app: hr,818,18630, -2.00 ,-1
 9> <info> app: hr,819,18643, -1.00 ,-1
 9> <info> app: hr,820,18641, -1.00 ,-1
 9> <info> app: hr,821,18646, -1.00 ,-1
 9> <info> app: hr,822,18645, -1.00 ,-1
 9> <info> app: hr,823,18639, -1.00 ,-1
 9> <info> app: hr,824,18638, -1.00 ,-1
 9> <info> app: hr,825,18630, -1.00 ,-1
 9> <info> app: hr,826,18630, -1.00 ,-1
 9> <info> app: hr,827,18631, -1.00 ,-1
 9> <info> app: hr,828,18648, -1.00 ,-1
 9> <info> app: hr,829,18643, -1.00 ,-1
 9> <info> app: hr,830,18638, -1.00 ,-1
 9> <info> app: hr,831,18625, -1.00 ,-1
 9> <info> app: hr,832,18627, -1.00 ,-1
 9> <info> app: hr,833,18631, 0.00 ,0
 9> <info> app: hr,834,18628, 0.00 ,0
 9> <info> app: hr,835,18637, 0.00 ,0
 9> <info> app: hr,836,18613, 0.00 ,0
 9> <info> app: hr,837,18615, 0.00 ,0
 9> <info> app: hr,838,18623, 0.00 ,0
 9> <info> app: hr,839,18646, 0.00 ,0
 9> <info> app: hr,840,18634, 1.00 ,1
 9> <info> app: hr,841,18652, 1.00 ,1
 9> <info> app: hr,842,18637, 1.00 ,1
 9> <info> app: hr,843,18634, 0.00 ,0
 9> <info> app: hr,844,18635, 0.00 ,0
 9> <info> app: hr,845,18652, 0.00 ,0
 9> <info> app: hr,846,18623, 1.00 ,1
 9> <info> app: hr,847,18631, 1.00 ,1
 9> <info> app: hr,848,18643, 1.00 ,1
 9> <info> app: hr,849,18650, 1.00 ,1
 9> <info> app: hr,850,18635, 1.00 ,1
 9> <info> app: hr,851,18632, 1.00 ,1
 9> <info> app: hr,852,18624, 1.00 ,1
 9> <info> app: hr,853,18621, 1.00 ,1
 9> <info> app: hr,854,18639, 1.00 ,1
 9> <info> app: hr,855,18636, 1.00 ,1
 9> <info> app: hr,856,18648, 1.00 ,1
 9> <info> app: hr,857,18629, 1.00 ,1
 9> <info> app: hr,858,18662, 0.00 ,0
 9> <info> app: hr,859,18624, 0.00 ,0
 9> <info> app: hr,860,18655, 0.00 ,0
 9> <info> app: hr,861,18627, 0.00 ,0
 9> <info> app: hr,862,18624, 0.00 ,0
 9> <info> app: hr,863,18644, 0.00 ,0
 9> <info> app: hr,864,18638, 0.00 ,0
 9> <info> app: hr,865,18643, 0.00 ,0
 9> <info> app: hr,866,18627, 0.00 ,0
 9> <info> app: hr,867,18638, 0.00 ,0
 9> <info> app: hr,868,18637, 0.00 ,0
 9> <info> app: hr,869,18626, 0.00 ,0
 9> <info> app: hr,870,18618, 0.00 ,0
 9> <info> app: hr,871,18625, 0.00 ,0
 9> <info> app: hr,872,18640, 0.00 ,0
 9> <info> app: hr,873,18615, 0.00 ,0
 9> <info> app: hr,874,18637, 0.00 ,0
 9> <info> app: hr,875,18636, 0.00 ,0
 9> <info> app: hr,876,18642, 1.00 ,1
 9> <info> app: hr,877,18623, 1.00 ,1
 9> <info> app: hr,878,18625, 1.00 ,1
 9> <info> app: hr,879,18636, 1.00 ,1
 9> <info> app: hr,880,18637, 1.00 ,1
 9> <info> app: hr,881,18623, 1.00 ,1
 9> <info> app: hr,882,18650, 1.00 ,1
 9> <info> app: hr,883,18635, 0.00 ,0
 9> <info> app: hr,884,18633, 0.00 ,0
 9> <info> app: hr,885,18650, 0.00 ,0
 9> <info> app: hr,886,18617, 0.00 ,0
 9> <info> app: hr,887,18633, 1.00 ,1
 9> <info> app: hr,888,18631, 1.00 ,1
 9> <info> app: hr,889,18640, 1.00 ,1
 9> <info> app: hr,890,18624, 1.00 ,1
 9> <info> app: hr,891,18638, 1.00 ,1
 9> <info> app: hr,892,18647, 1.00 ,1
 9> <info> app: hr,893,18638, 1.00 ,1
 9> <info> app: hr,894,18628, 1.00 ,1
 9> <info> app: hr,895,18619, 1.00 ,1
 9> <info> app: hr,896,18632, 1.00 ,1
 9> <info> app: hr,897,18633, 1.00 ,1
 9> <info> app: hr,898,18662, 1.00 ,1
 9> <info> app: hr,899,18609, 0.00 ,0
 9> <info> app: hr,900,18638, 0.00 ,0
 9> <info> app: hr,901,18660, 0.00 ,0
 9> <info> app: hr,902,18615, 0.00 ,0
 9> <info> app: hr,903,18655, 0.00 ,0
 9> <info> app: hr,904,18643, 0.00 ,0
 9> <info> app: hr,905,18616, 0.00 ,0
 9> <info> app: hr,906,18624, 0.00 ,0
 9> <info> app: hr,907,18615, 0.00 ,0
 9> <info> app: hr,908,18651, 0.00 ,0
 9> <info> app: hr,909,18651, 0.00 ,0
 9> <info> app: hr,910,18625, 0.00 ,0
 9> <info> app: hr,911,18634, 0.00 ,0
 9> <info> app: hr,912,18623, 0.00 ,0
 9> <info> app: hr,913,18645, 0.00 ,0
 9> <info> app: hr,914,18620, 0.00 ,0
 9> <info> app: hr,915,18653, 0.00 ,0
 9> <info> app: hr,916,18636, 0.00 ,0
 9> <info> app: hr,917,18633, 0.00 ,0
 9> <info> app: hr,918,18645, 0.00 ,0
 9> <info> app: hr,919,18640, 0.00 ,0
 9> <info> app: hr,920,18637, 0.00 ,0
 9> <info> app: hr,921,18663, 0.00 ,0
 9> <info> app: hr,922,18631, 0.00 ,0
 9> <info> app: hr,923,18627, 0.00 ,0
 9> <info> app: hr,924,18642, 0.00 ,0
 9> <info> app: hr,925,18636, 0.00 ,0
 9> <info> app: hr,926,18619, -1.00 ,-1
 9> <info> app: hr,927,18645, -1.00 ,-1
 9> <info> app: hr,928,18637, -1.00 ,-1
 9> <info> app: hr,929,18647, -1.00 ,-1
 9> <info> app: hr,930,18654, -1.00 ,-1
 9> <info> app: hr,931,18633, -1.00 ,-1
 9> <info> app: hr,932,18628, -1.00 ,-1
 9> <info> app: hr,933,18648, 0.00 ,0
 9> <info> app: hr,934,18651, -1.00 ,-1
 9> <info> app: hr,935,18630, -1.00 ,-1
 9> <info> app: hr,936,18633, -1.00 ,-1
 9> <info> app: hr,937,18640, -1.00 ,-1
 9> <info> app: hr,938,18636, -1.00 ,-1
 9> <info> app: hr,939,18635, -1.00 ,-1
 9> <info> app: hr,940,18641, -1.00 ,-1
 9> <info> app: hr,941,18669, -2.00 ,-1
 9> <info> app: hr,942,18633, -2.00 ,-1
 9> <info> app: hr,943,18660, -2.00 ,-1
 9> <info> app: hr,944,18657, -2.00 ,-1
 9> <info> app: hr,945,18639, -1.00 ,-1
 9> <info> app: hr,946,18628, -2.00 ,-1
 9> <info> app: hr,947,18643, -2.00 ,-1
 9> <info> app: hr,948,18640, -2.00 ,-1
 9> <info> app: hr,949,18640, -2.00 ,-1
 9> <info> app: hr,950,18652, -3.00 ,-1
 9> <info> app: hr,951,18662, -3.00 ,-1
 9> <info> app: hr,952,18647, -2.00 ,-1
 9> <info> app: hr,953,18616, -2.00 ,-1
 9> <info> app: hr,954,18618, -3.00 ,-1
 9> <info> app: hr,955,18649, -3.00 ,-1
 9> <info> app: hr,956,18633, -3.00 ,-1
 9> <info> app: hr,957,18643, -3.00 ,-1
 9> <info> app: hr,958,18637, -3.00 ,-1
 9> <info> app: hr,959,18620, -2.00 ,-1
 9> <info> app: hr,960,18638, -2.00 ,-1
 9> <info> app: hr,961,18634, -2.00 ,-1
 9> <info> app: hr,962,18645, -2.00 ,-1
 9> <info> app: hr,963,18628, -2.00 ,-1
 9> <info> app: hr,964,18632, -2.00 ,-1
 9> <info> app: hr,965,18623, -2.00 ,-1
 9> <info> app: hr,966,18638, 0.00 ,0
 9> <info> app: hr,967,18632, 0.00 ,0
 9> <info> app: hr,968,18637, 0.00 ,0
 9> <info> app: hr,969,18614, 0.00 ,0
 9> <info> app: hr,970,18633, 0.00 ,0
 9> <info> app: hr,971,18633, 0.00 ,0
 9> <info> app: hr,972,18626, 0.00 ,0
 9> <info> app: hr,973,18640, 0.00 ,0
 9> <info> app: hr,974,18637, 0.00 ,0
 9> <info> app: hr,975,18640, 0.00 ,0
 9> <info> app: hr,976,18625, 1.00 ,1
 9> <info> app: hr,977,18639, 1.00 ,1
 9> <info> app: hr,978,18641, 1.00 ,1
 9> <info> app: hr,979,18632, 1.00 ,1
 9> <info> app: hr,980,18640, 1.00 ,1
 9> <info> app: hr,981,18641, 1.00 ,1
 9> <info> app: hr,982,18620, 1.00 ,1
 9> <info> app: hr,983,18625, 1.00 ,1
 9> <info> app: hr,984,18645, 1.00 ,1
 9> <info> app: hr,985,18626, 1.00 ,1
 9> <info> app: hr,986,18647, 2.00 ,1
 9> <info> app: hr,987,18655, 2.00 ,1
 9> <info> app: hr,988,18626, 2.00 ,1
 9> <info> app: hr,989,18652, 2.00 ,1
 9> <info> app: hr,990,18640, 2.00 ,1
 9> <info> app: hr,991,18653, 1.00 ,1
 9> <info> app: hr,992,18631, 1.00 ,1
 9> <info> app: hr,993,18630, 1.00 ,1
 9> <info> app: hr,994,18636, 1.00 ,1
 9> <info> app: hr,995,18657, 1.00 ,1
 9> <info> app: hr,996,18650, 0.00 ,0
 9> <info> app: hr,997,18626, 0.00 ,0
 9> <info> app: hr,998,18653, 0.00 ,0
 9> <info> app: hr,999,18652, 0.00 ,0
 9> <info> app: hr,1000,18620, 0.00 ,0
 9> <info> app: hr,1001,18647, 0.00 ,0
 9> <info> app: hr,1002,18622, 0.00 ,0
 9> <info> app: hr,1003,18621, 0.00 ,0
 9> <info> app: hr,1004,18628, 0.00 ,0
 9> <info> app: hr,1005,18671, 0.00 ,0
 9> <info> app: hr,1006,18628, 0.00 ,0
 9> <info> app: hr,1007,18635, 0.00 ,0
 9> <info> app: hr,1008,18645, 0.00 ,0
 9> <info> app: hr,1009,18630, 0.00 ,0
 9> <info> app: hr,1010,18643, 0.00 ,0
 9> <info> app: hr,1011,18634, 0.00 ,0
 9> <info> app: hr,1012,18611, 0.00 ,0
 9> <info> app: hr,1013,18612, 0.00 ,0
 9> <info> app: hr,1014,18618, 0.00 ,0
 9> <info> app: hr,1015,18626, 0.00 ,0
 9> <info> app: hr,1016,18623, 0.00 ,0
 9> <info> app: hr,1017,18621, 0.00 ,0
 9> <info> app: hr,1018,18650, 0.00 ,0
