 9> <info> app: hr	50	17930	0	0		" 9> plus_index 68, minus_index 143, Peak Index, 85,89,90,91,92,93,94,95,96,97,99,100,101,102,103,110,111,"
 9> <info> app: hr	51	17928	0	0		" 9> plus_index 217, minus_index 286, Peak Index, 241,"
 9> <info> app: hr	52	17892	-1	0		" 9> plus_index 490, minus_index 531, Peak Index, 510,513,516,"
 9> <info> app: hr	53	17917	-1	0		" 9> plus_index 613, minus_index 680, Peak Index, 642,643,644,645,647,648,649,650,651,655,656,657,"
 9> <info> app: hr	54	17917	-1	0		" 9> plus_index 769, minus_index 843, Peak Index, 790,"
 9> <info> app: hr	55	17917	0	0		" 9> plus_index 898, minus_index 963, Peak Index, 907,908,911,912,913,914,915,916,917,918,919,920,921,922,923,924,925,926,"
 9> <info> app: hr	56	17919	-1	0		
 9> <info> app: hr	57	17919	-1	0		
 9> <info> app: hr	58	17895	-1	0		
 9> <info> app: hr	59	17904	-2	0		
 9> <info> app: hr	60	17892	-2	0		
 9> <info> app: hr	61	17925	-2	0		
 9> <info> app: hr	62	17913	-2	0		
 9> <info> app: hr	63	17914	-3	0		
 9> <info> app: hr	64	17936	-2	0		
 9> <info> app: hr	65	17893	-2	0		
 9> <info> app: hr	66	17917	-3	0		
 9> <info> app: hr	67	17890	-3	0		
 9> <info> app: hr	68	17898	-3	0		
 9> <info> app: hr	69	17926	-3	0		
 9> <info> app: hr	70	17932	-3	0		
 9> <info> app: hr	71	17925	-3	0		
 9> <info> app: hr	72	17922	-3	0		
 9> <info> app: hr	73	17910	-3	0		
 9> <info> app: hr	74	17899	-4	0		
 9> <info> app: hr	75	17921	-4	0		
 9> <info> app: hr	76	17921	-3	0		
 9> <info> app: hr	77	17921	-3	0		
 9> <info> app: hr	78	17910	-4	0		
 9> <info> app: hr	79	17901	-4	0		
 9> <info> app: hr	80	17907	-4	0		
 9> <info> app: hr	81	17916	-3	0		
 9> <info> app: hr	82	17941	-4	0		
 9> <info> app: hr	83	17914	-4	0		
 9> <info> app: hr	84	17917	-4	0		
 9> <info> app: hr	85	17931	-4	0		
 9> <info> app: hr	86	17898	-4	0		
 9> <info> app: hr	87	17907	-4	0		
 9> <info> app: hr	88	17932	-4	0		
 9> <info> app: hr	89	17923	-4	0		
 9> <info> app: hr	90	17928	-4	0		
 9> <info> app: hr	91	17914	-4	0		
 9> <info> app: hr	92	17920	-4	0		
 9> <info> app: hr	93	17921	-5	-1		
 9> <info> app: hr	94	17897	-4	0		
 9> <info> app: hr	95	17895	-4	0		
 9> <info> app: hr	96	17939	-4	0		
 9> <info> app: hr	97	17930	-4	0		
 9> <info> app: hr	98	17910	-5	0		
 9> <info> app: hr	99	17919	-4	0		
 9> <info> app: hr	100	17929	-4	0		
 9> <info> app: hr	101	17912	-4	0		
 9> <info> app: hr	102	17906	-4	0		
 9> <info> app: hr	103	17918	-4	0		
 9> <info> app: hr	104	17911	-4	0		
 9> <info> app: hr	105	17909	-4	0		
 9> <info> app: hr	106	17900	-4	0		
 9> <info> app: hr	107	17903	-3	1		
 9> <info> app: hr	108	17913	-3	1		
 9> <info> app: hr	109	17893	-3	0		
 9> <info> app: hr	110	17909	-3	0		
 9> <info> app: hr	111	17919	-2	0		
 9> <info> app: hr	112	17902	-2	0		
 9> <info> app: hr	113	17907	-2	0		
 9> <info> app: hr	114	17902	-1	0		
 9> <info> app: hr	115	17894	-1	0		
 9> <info> app: hr	116	17895	0	0		
 9> <info> app: hr	117	17900	0	0		
 9> <info> app: hr	118	17895	0	0		
 9> <info> app: hr	119	17909	0	0		
 9> <info> app: hr	120	17895	0	0		
 9> <info> app: hr	121	17917	1	0		
 9> <info> app: hr	122	17895	1	0		
 9> <info> app: hr	123	17902	1	0		
 9> <info> app: hr	124	17915	2	0		
 9> <info> app: hr	125	17899	2	0		
 9> <info> app: hr	126	17889	1	0		
 9> <info> app: hr	127	17903	2	0		
 9> <info> app: hr	128	17905	2	0		
 9> <info> app: hr	129	17911	3	0		
 9> <info> app: hr	130	17902	3	0		
 9> <info> app: hr	131	17902	3	0		
 9> <info> app: hr	132	17909	4	0		
 9> <info> app: hr	133	17913	3	0		
 9> <info> app: hr	134	17889	3	0		
 9> <info> app: hr	135	17900	4	0		
 9> <info> app: hr	136	17883	4	0		
 9> <info> app: hr	137	17913	4	0		
 9> <info> app: hr	138	17928	4	0		
 9> <info> app: hr	139	17888	4	0		
 9> <info> app: hr	140	17904	4	0		
 9> <info> app: hr	141	17913	5	0		
 9> <info> app: hr	142	17892	4	0		
 9> <info> app: hr	143	17907	4	0		
 9> <info> app: hr	144	17913	4	0		
 9> <info> app: hr	145	17913	4	0		
 9> <info> app: hr	146	17912	4	0		
 9> <info> app: hr	147	17903	4	0		
 9> <info> app: hr	148	17917	4	0		
 9> <info> app: hr	149	17902	4	0		
 9> <info> app: hr	150	17892	4	0		
 9> <info> app: hr	151	17912	3	-1		
 9> <info> app: hr	152	17905	3	-1		
 9> <info> app: hr	153	17910	3	0		
 9> <info> app: hr	154	17905	3	0		
 9> <info> app: hr	155	17921	3	0		
 9> <info> app: hr	156	17913	2	0		
 9> <info> app: hr	157	17901	2	0		
 9> <info> app: hr	158	17886	2	0		
 9> <info> app: hr	159	17914	2	0		
 9> <info> app: hr	160	17916	2	0		
 9> <info> app: hr	161	17905	2	0		
 9> <info> app: hr	162	17913	2	0		
 9> <info> app: hr	163	17914	2	0		
 9> <info> app: hr	164	17902	1	0		
 9> <info> app: hr	165	17890	1	0		
 9> <info> app: hr	166	17909	0	-1		
 9> <info> app: hr	167	17922	0	0		
 9> <info> app: hr	168	17906	0	0		
 9> <info> app: hr	169	17907	0	0		
 9> <info> app: hr	170	17914	0	0		
 9> <info> app: hr	171	17920	0	0		
 9> <info> app: hr	172	17906	0	0		
 9> <info> app: hr	173	17905	0	0		
 9> <info> app: hr	174	17910	0	0		
 9> <info> app: hr	175	17918	0	0		
 9> <info> app: hr	176	17913	0	0		
 9> <info> app: hr	177	17913	0	0		
 9> <info> app: hr	178	17910	0	0		
 9> <info> app: hr	179	17884	0	0		
 9> <info> app: hr	180	17936	0	0		
 9> <info> app: hr	181	17903	-1	-1		
 9> <info> app: hr	182	17941	-1	-1		
 9> <info> app: hr	183	17906	-1	-1		
 9> <info> app: hr	184	17918	-1	-1		
 9> <info> app: hr	185	17904	-1	-1		
 9> <info> app: hr	186	17924	-2	-1		
 9> <info> app: hr	187	17920	-1	-1		
 9> <info> app: hr	188	17911	-1	-1		
 9> <info> app: hr	189	17918	-2	-1		
 9> <info> app: hr	190	17927	-2	-1		
 9> <info> app: hr	191	17907	-2	-1		
 9> <info> app: hr	192	17903	-2	-1		
 9> <info> app: hr	193	17921	-3	-1		
 9> <info> app: hr	194	17911	-3	-1		
 9> <info> app: hr	195	17908	-2	-1		
 9> <info> app: hr	196	17931	-2	-1		
 9> <info> app: hr	197	17905	-3	-1		
 9> <info> app: hr	198	17909	-3	-1		
 9> <info> app: hr	199	17918	-3	-1		
 9> <info> app: hr	200	17902	-3	-1		
 9> <info> app: hr	201	17907	-2	-1		
 9> <info> app: hr	202	17922	-3	-1		
 9> <info> app: hr	203	17905	-3	-1		
 9> <info> app: hr	204	17915	-3	-1		
 9> <info> app: hr	205	17910	-3	-1		
 9> <info> app: hr	206	17927	-3	-1		
 9> <info> app: hr	207	17929	-2	-1		
 9> <info> app: hr	208	17919	-2	-1		
 9> <info> app: hr	209	17920	-2	-1		
 9> <info> app: hr	210	17917	-3	-1		
 9> <info> app: hr	211	17929	-3	-1		
 9> <info> app: hr	212	17922	-3	-1		
 9> <info> app: hr	213	17931	-3	-1		
 9> <info> app: hr	214	17916	-3	-1		
 9> <info> app: hr	215	17932	-3	-1		
 9> <info> app: hr	216	17892	-3	-1		
 9> <info> app: hr	217	17919	-3	-1		
 9> <info> app: hr	218	17915	-4	-1		
 9> <info> app: hr	219	17924	-3	-1		
 9> <info> app: hr	220	17928	-3	-1		
 9> <info> app: hr	221	17908	-3	-1		
 9> <info> app: hr	222	17942	-4	-1		
 9> <info> app: hr	223	17925	-4	-1		
 9> <info> app: hr	224	17934	-3	-1		
 9> <info> app: hr	225	17916	-3	-1		
 9> <info> app: hr	226	17926	-4	-1		
 9> <info> app: hr	227	17901	-4	-1		
 9> <info> app: hr	228	17914	-4	-1		
 9> <info> app: hr	229	17914	-3	-1		
 9> <info> app: hr	230	17912	-3	-1		
 9> <info> app: hr	231	17901	-4	-1		
 9> <info> app: hr	232	17905	-4	-1		
 9> <info> app: hr	233	17895	-4	-1		
 9> <info> app: hr	234	17914	-3	-1		
 9> <info> app: hr	235	17921	-2	-1		
 9> <info> app: hr	236	17918	-2	-1		
 9> <info> app: hr	237	17905	-2	-1		
 9> <info> app: hr	238	17913	-2	-1		
 9> <info> app: hr	239	17884	-2	-1		
 9> <info> app: hr	240	17900	-2	-1		
 9> <info> app: hr	241	17912	0	0		
 9> <info> app: hr	242	17904	0	0		
 9> <info> app: hr	243	17909	0	0		
 9> <info> app: hr	244	17894	0	0		
 9> <info> app: hr	245	17894	0	0		
 9> <info> app: hr	246	17885	0	0		
 9> <info> app: hr	247	17905	1	1		
 9> <info> app: hr	248	17899	1	1		
 9> <info> app: hr	249	17922	2	1		
 9> <info> app: hr	250	17895	1	1		
 9> <info> app: hr	251	17905	2	1		
 9> <info> app: hr	252	17898	2	1		
 9> <info> app: hr	253	17912	3	1		
 9> <info> app: hr	254	17911	3	1		
 9> <info> app: hr	255	17899	3	1		
 9> <info> app: hr	256	17903	4	1		
 9> <info> app: hr	257	17885	3	1		
 9> <info> app: hr	258	17910	4	1		
 9> <info> app: hr	259	17907	4	1		
 9> <info> app: hr	260	17885	4	1		
 9> <info> app: hr	261	17888	5	1		
 9> <info> app: hr	262	17912	4	1		
 9> <info> app: hr	263	17904	5	1		
 9> <info> app: hr	264	17895	5	1		
 9> <info> app: hr	265	17920	5	1		
 9> <info> app: hr	266	17905	5	1		
 9> <info> app: hr	267	17900	5	1		
 9> <info> app: hr	268	17896	6	1		
 9> <info> app: hr	269	17906	5	1		
 9> <info> app: hr	270	17913	5	1		
 9> <info> app: hr	271	17910	5	1		
 9> <info> app: hr	272	17897	5	1		
 9> <info> app: hr	273	17910	5	1		
 9> <info> app: hr	274	17915	5	1		
 9> <info> app: hr	275	17913	5	1		
 9> <info> app: hr	276	17899	4	0		
 9> <info> app: hr	277	17912	4	0		
 9> <info> app: hr	278	17922	4	0		
 9> <info> app: hr	279	17895	4	0		
 9> <info> app: hr	280	17919	3	0		
 9> <info> app: hr	281	17908	3	0		
 9> <info> app: hr	282	17907	3	0		
 9> <info> app: hr	283	17912	3	0		
 9> <info> app: hr	284	17889	3	0		
 9> <info> app: hr	285	17916	3	0		
 9> <info> app: hr	286	17917	2	0		
 9> <info> app: hr	287	17907	2	0		
 9> <info> app: hr	288	17917	2	0		
 9> <info> app: hr	289	17905	2	0		
 9> <info> app: hr	290	17903	2	0		
 9> <info> app: hr	291	17913	2	0		
 9> <info> app: hr	292	17903	1	0		
 9> <info> app: hr	293	17902	1	0		
 9> <info> app: hr	294	17929	1	0		
 9> <info> app: hr	295	17894	0	-1		
 9> <info> app: hr	296	17907	0	0		
 9> <info> app: hr	297	17897	0	0		
 9> <info> app: hr	298	17890	0	0		
 9> <info> app: hr	299	17909	0	0		
 9> <info> app: hr	300	17899	0	0		
 9> <info> app: hr	301	17917	0	0		
 9> <info> app: hr	302	17889	0	0		
 9> <info> app: hr	303	17916	0	0		
 9> <info> app: hr	304	17915	0	0		
 9> <info> app: hr	305	17892	0	0		
 9> <info> app: hr	306	17922	0	0		
 9> <info> app: hr	307	17888	0	0		
 9> <info> app: hr	308	17910	0	0		
 9> <info> app: hr	309	17915	0	0		
 9> <info> app: hr	310	17896	0	0		
 9> <info> app: hr	311	17908	0	0		
 9> <info> app: hr	312	17898	0	0		
 9> <info> app: hr	313	17921	0	0		
 9> <info> app: hr	314	17884	0	0		
 9> <info> app: hr	315	17911	0	0		
 9> <info> app: hr	316	17906	0	0		
 9> <info> app: hr	317	17909	0	0		
 9> <info> app: hr	318	17911	0	0		
 9> <info> app: hr	319	17893	0	0		
 9> <info> app: hr	320	17923	0	0		
 9> <info> app: hr	321	17902	0	0		
 9> <info> app: hr	322	17925	0	0		
 9> <info> app: hr	323	17921	0	0		
 9> <info> app: hr	324	17912	0	0		
 9> <info> app: hr	325	17917	0	0		
 9> <info> app: hr	326	17928	0	0		
 9> <info> app: hr	327	17939	0	0		
 9> <info> app: hr	328	17916	0	0		
 9> <info> app: hr	329	17936	-1	-1		
 9> <info> app: hr	330	17916	-1	-1		
 9> <info> app: hr	331	17915	-2	-1		
 9> <info> app: hr	332	17903	-2	-1		
 9> <info> app: hr	333	17934	-2	-1		
 9> <info> app: hr	334	17936	-3	-1		
 9> <info> app: hr	335	17915	-2	-1		
 9> <info> app: hr	336	17922	-3	-1		
 9> <info> app: hr	337	17913	-3	-1		
 9> <info> app: hr	338	17915	-4	-1		
 9> <info> app: hr	339	17906	-4	-1		
 9> <info> app: hr	340	17907	-4	-1		
 9> <info> app: hr	341	17907	-4	-1		
 9> <info> app: hr	342	17932	-4	-1		
 9> <info> app: hr	343	17932	-4	-1		
 9> <info> app: hr	344	17908	-5	-1		
 9> <info> app: hr	345	17891	-4	-1		
 9> <info> app: hr	346	17906	-4	-1		
 9> <info> app: hr	347	17941	-4	-1		
 9> <info> app: hr	348	17932	-5	-1		
 9> <info> app: hr	349	17956	-4	-1		
 9> <info> app: hr	350	17938	-4	-1		
 9> <info> app: hr	351	17902	-5	-1		
 9> <info> app: hr	352	17920	-5	-1		
 9> <info> app: hr	353	17914	-4	-1		
 9> <info> app: hr	354	17933	-5	-1		
 9> <info> app: hr	355	17917	-5	-1		
 9> <info> app: hr	356	17885	-5	-1		
 9> <info> app: hr	357	17910	-5	-1		
 9> <info> app: hr	358	17919	-5	-1		
 9> <info> app: hr	359	17915	-5	-1		
 9> <info> app: hr	360	17900	-5	-1		
 9> <info> app: hr	361	17898	-4	-1		
 9> <info> app: hr	362	17939	-4	-1		
 9> <info> app: hr	363	17906	-4	-1		
 9> <info> app: hr	364	17914	-4	-1		
 9> <info> app: hr	365	17927	-3	-1		
 9> <info> app: hr	366	17909	-3	-1		
 9> <info> app: hr	367	17904	-3	-1		
 9> <info> app: hr	368	17907	-3	-1		
 9> <info> app: hr	369	17902	-3	-1		
 9> <info> app: hr	370	17906	-3	-1		
 9> <info> app: hr	371	17919	-2	-1		
 9> <info> app: hr	372	17928	-2	-1		
 9> <info> app: hr	373	17907	-1	0		
 9> <info> app: hr	374	17905	-1	-1		
 9> <info> app: hr	375	17895	-1	0		
 9> <info> app: hr	376	17892	-1	0		
 9> <info> app: hr	377	17904	-1	0		
 9> <info> app: hr	378	17915	0	0		
 9> <info> app: hr	379	17921	0	0		
 9> <info> app: hr	380	17884	0	0		
 9> <info> app: hr	381	17922	0	0		
 9> <info> app: hr	382	17924	0	0		
 9> <info> app: hr	383	17900	0	0		
 9> <info> app: hr	384	17907	0	0		
 9> <info> app: hr	385	17891	1	0		
 9> <info> app: hr	386	17923	1	0		
 9> <info> app: hr	387	17890	1	0		
 9> <info> app: hr	388	17904	2	0		
 9> <info> app: hr	389	17899	2	0		
 9> <info> app: hr	390	17889	2	0		
 9> <info> app: hr	391	17915	3	0		
 9> <info> app: hr	392	17887	2	0		
 9> <info> app: hr	393	17882	3	0		
 9> <info> app: hr	394	17892	3	0		
 9> <info> app: hr	395	17919	4	0		
 9> <info> app: hr	396	17905	4	0		
 9> <info> app: hr	397	17923	3	0		
 9> <info> app: hr	398	17911	4	0		
 9> <info> app: hr	399	17878	4	0		
 9> <info> app: hr	400	17888	5	0		
 9> <info> app: hr	401	17906	5	0		
 9> <info> app: hr	402	17897	4	0		
 9> <info> app: hr	403	17908	5	0		
 9> <info> app: hr	404	17887	5	0		
 9> <info> app: hr	405	17885	6	0		
 9> <info> app: hr	406	17915	5	0		
 9> <info> app: hr	407	17915	5	0		
 9> <info> app: hr	408	17916	6	0		
 9> <info> app: hr	409	17915	5	0		
 9> <info> app: hr	410	17914	5	0		
 9> <info> app: hr	411	17900	5	0		
 9> <info> app: hr	412	17915	5	0		
 9> <info> app: hr	413	17909	4	0		
 9> <info> app: hr	414	17894	5	0		
 9> <info> app: hr	415	17905	5	0		
 9> <info> app: hr	416	17914	4	0		
 9> <info> app: hr	417	17930	4	0		
 9> <info> app: hr	418	17901	4	0		
 9> <info> app: hr	419	17923	4	0		
 9> <info> app: hr	420	17922	3	0		
 9> <info> app: hr	421	17919	2	-1		
 9> <info> app: hr	422	17878	2	-1		
 9> <info> app: hr	423	17895	2	0		
 9> <info> app: hr	424	17925	2	0		
 9> <info> app: hr	425	17915	2	0		
 9> <info> app: hr	426	17921	2	0		
 9> <info> app: hr	427	17903	1	0		
 9> <info> app: hr	428	17908	1	0		
 9> <info> app: hr	429	17918	1	0		
 9> <info> app: hr	430	17918	0	0		
 9> <info> app: hr	431	17907	0	0		
 9> <info> app: hr	432	17903	0	0		
 9> <info> app: hr	433	17883	0	0		
 9> <info> app: hr	434	17916	0	0		
 9> <info> app: hr	435	17923	0	0		
 9> <info> app: hr	436	17897	0	0		
 9> <info> app: hr	437	17913	0	0		
 9> <info> app: hr	438	17897	0	0		
 9> <info> app: hr	439	17899	0	0		
 9> <info> app: hr	440	17899	-1	-1		
 9> <info> app: hr	441	17913	-1	-1		
 9> <info> app: hr	442	17931	0	0		
 9> <info> app: hr	443	17922	0	0		
 9> <info> app: hr	444	17932	0	0		
 9> <info> app: hr	445	17908	0	0		
 9> <info> app: hr	446	17927	0	0		
 9> <info> app: hr	447	17905	-1	-1		
 9> <info> app: hr	448	17932	-1	-1		
 9> <info> app: hr	449	17925	-1	-1		
 9> <info> app: hr	450	17927	-2	-1		
 9> <info> app: hr	451	17912	-2	-1		
 9> <info> app: hr	452	17905	-2	-1		
 9> <info> app: hr	453	17926	-3	-1		
 9> <info> app: hr	454	17912	-2	-1		
 9> <info> app: hr	455	17897	-2	-1		
 9> <info> app: hr	456	17931	-2	-1		
 9> <info> app: hr	457	17911	-3	-1		
 9> <info> app: hr	458	17920	-3	-1		
 9> <info> app: hr	459	17921	-3	-1		
 9> <info> app: hr	460	17898	-4	-1		
 9> <info> app: hr	461	17907	-3	-1		
 9> <info> app: hr	462	17897	-3	-1		
 9> <info> app: hr	463	17926	-3	-1		
 9> <info> app: hr	464	17915	-3	-1		
 9> <info> app: hr	465	17932	-3	-1		
 9> <info> app: hr	466	17935	-3	-1		
 9> <info> app: hr	467	17912	-3	-1		
 9> <info> app: hr	468	17921	-3	-1		
 9> <info> app: hr	469	17931	-3	-1		
 9> <info> app: hr	470	17922	-4	-1		
 9> <info> app: hr	471	17921	-4	-1		
 9> <info> app: hr	472	17924	-3	-1		
 9> <info> app: hr	473	17909	-4	-1		
 9> <info> app: hr	474	17900	-4	-1		
 9> <info> app: hr	475	17922	-4	-1		
 9> <info> app: hr	476	17934	-3	-1		
 9> <info> app: hr	477	17907	-3	-1		
 9> <info> app: hr	478	17915	-4	-1		
 9> <info> app: hr	479	17892	-4	-1		
 9> <info> app: hr	480	17917	-4	-1		
 9> <info> app: hr	481	17900	-3	-1		
 9> <info> app: hr	482	17916	-3	-1		
 9> <info> app: hr	483	17934	-3	-1		
 9> <info> app: hr	484	17934	-3	-1		
 9> <info> app: hr	485	17906	-3	-1		
 9> <info> app: hr	486	17919	-3	-1		
 9> <info> app: hr	487	17913	-2	-1		
 9> <info> app: hr	488	17906	-2	-1		
 9> <info> app: hr	489	17906	-2	-1		
 9> <info> app: hr	490	17930	-2	-1		
 9> <info> app: hr	491	17913	-2	-1		
 9> <info> app: hr	492	17891	-2	-1		
 9> <info> app: hr	493	17908	-2	-1		
 9> <info> app: hr	494	17919	-2	-1		
 9> <info> app: hr	495	17912	-1	-1		
 9> <info> app: hr	496	17909	-1	-1		
 9> <info> app: hr	497	17897	-1	-1		
 9> <info> app: hr	498	17903	0	0		
 9> <info> app: hr	499	17909	0	0		
 9> <info> app: hr	500	17907	0	0		
 9> <info> app: hr	501	17911	0	0		
 9> <info> app: hr	502	17878	0	0		
 9> <info> app: hr	503	17894	0	0		
 9> <info> app: hr	504	17879	0	0		
 9> <info> app: hr	505	17911	1	1		
 9> <info> app: hr	506	17905	1	1		
 9> <info> app: hr	507	17902	2	1		
 9> <info> app: hr	508	17917	2	1		
 9> <info> app: hr	509	17911	2	1		
 9> <info> app: hr	510	17879	2	1		
 9> <info> app: hr	511	17893	2	1		
 9> <info> app: hr	512	17881	3	1		
 9> <info> app: hr	513	17915	3	1		
 9> <info> app: hr	514	17893	4	1		
 9> <info> app: hr	515	17886	4	1		
 9> <info> app: hr	516	17895	4	1		
 9> <info> app: hr	517	17902	5	1		
 9> <info> app: hr	518	17908	5	1		
 9> <info> app: hr	519	17878	6	1		
 9> <info> app: hr	520	17894	5	1		
 9> <info> app: hr	521	17880	6	1		
 9> <info> app: hr	522	17913	6	1		
 9> <info> app: hr	523	17902	6	1		
 9> <info> app: hr	524	17924	6	1		
 9> <info> app: hr	525	17925	7	1		
 9> <info> app: hr	526	17885	6	1		
 9> <info> app: hr	527	17891	6	1		
 9> <info> app: hr	528	17897	7	1		
 9> <info> app: hr	529	17914	6	1		
 9> <info> app: hr	530	17885	6	1		
 9> <info> app: hr	531	17896	6	1		
 9> <info> app: hr	532	17887	6	1		
 9> <info> app: hr	533	17908	6	1		
 9> <info> app: hr	534	17915	6	1		
 9> <info> app: hr	535	17924	6	1		
 9> <info> app: hr	536	17914	6	1		
 9> <info> app: hr	537	17941	6	1		
 9> <info> app: hr	538	17896	5	1		
 9> <info> app: hr	539	17905	5	1		
 9> <info> app: hr	540	17903	4	0		
 9> <info> app: hr	541	17884	4	0		
 9> <info> app: hr	542	17918	3	-1		
 9> <info> app: hr	543	17912	3	-1		
 9> <info> app: hr	544	17900	3	0		
 9> <info> app: hr	545	17917	3	0		
 9> <info> app: hr	546	17884	3	0		
 9> <info> app: hr	547	17905	3	0		
 9> <info> app: hr	548	17915	2	0		
 9> <info> app: hr	549	17912	2	0		
 9> <info> app: hr	550	17913	1	0		
 9> <info> app: hr	551	17892	1	0		
 9> <info> app: hr	552	17894	1	0		
 9> <info> app: hr	553	17902	1	0		
 9> <info> app: hr	554	17929	1	0		
 9> <info> app: hr	555	17900	1	0		
 9> <info> app: hr	556	17913	1	0		
 9> <info> app: hr	557	17908	0	0		
 9> <info> app: hr	558	17922	0	0		
 9> <info> app: hr	559	17899	0	0		
 9> <info> app: hr	560	17934	0	0		
 9> <info> app: hr	561	17905	0	0		
 9> <info> app: hr	562	17907	0	0		
 9> <info> app: hr	563	17890	0	0		
 9> <info> app: hr	564	17905	0	0		
 9> <info> app: hr	565	17932	0	0		
 9> <info> app: hr	566	17914	-1	0		
 9> <info> app: hr	567	17909	-1	-1		
 9> <info> app: hr	568	17906	-1	0		
 9> <info> app: hr	569	17916	-1	0		
 9> <info> app: hr	570	17901	-2	0		
 9> <info> app: hr	571	17913	-2	0		
 9> <info> app: hr	572	17908	-2	0		
 9> <info> app: hr	573	17909	-2	0		
 9> <info> app: hr	574	17902	-1	0		
 9> <info> app: hr	575	17932	-2	0		
 9> <info> app: hr	576	17908	-2	0		
 9> <info> app: hr	577	17891	-2	0		
 9> <info> app: hr	578	17910	-2	0		
 9> <info> app: hr	579	17905	-2	0		
 9> <info> app: hr	580	17895	-2	0		
 9> <info> app: hr	581	17914	-3	-1		
 9> <info> app: hr	582	17905	-2	0		
 9> <info> app: hr	583	17916	-2	0		
 9> <info> app: hr	584	17897	-2	0		
 9> <info> app: hr	585	17909	-2	0		
 9> <info> app: hr	586	17906	-2	0		
 9> <info> app: hr	587	17908	-2	0		
 9> <info> app: hr	588	17904	-2	0		
 9> <info> app: hr	589	17913	-2	0		
 9> <info> app: hr	590	17909	-1	0		
 9> <info> app: hr	591	17898	-1	0		
 9> <info> app: hr	592	17925	-1	0		
 9> <info> app: hr	593	17889	-1	0		
 9> <info> app: hr	594	17904	-1	0		
 9> <info> app: hr	595	17892	-1	0		
 9> <info> app: hr	596	17927	-1	0		
 9> <info> app: hr	597	17911	-1	0		
 9> <info> app: hr	598	17920	-1	0		
 9> <info> app: hr	599	17914	-1	0		
 9> <info> app: hr	600	17911	-1	0		
 9> <info> app: hr	601	17902	-1	0		
 9> <info> app: hr	602	17924	-1	0		
 9> <info> app: hr	603	17927	-1	0		
 9> <info> app: hr	604	17919	0	1		
 9> <info> app: hr	605	17910	0	1		
 9> <info> app: hr	606	17928	0	0		
 9> <info> app: hr	607	17916	-1	0		
 9> <info> app: hr	608	17941	-1	0		
 9> <info> app: hr	609	17926	-1	0		
 9> <info> app: hr	610	17916	-2	0		
 9> <info> app: hr	611	17916	-2	0		
 9> <info> app: hr	612	17912	-2	0		
 9> <info> app: hr	613	17908	-3	0		
 9> <info> app: hr	614	17915	-3	0		
 9> <info> app: hr	615	17927	-2	0		
 9> <info> app: hr	616	17915	-2	0		
 9> <info> app: hr	617	17917	-3	0		
 9> <info> app: hr	618	17923	-3	0		
 9> <info> app: hr	619	17893	-3	0		
 9> <info> app: hr	620	17923	-4	0		
 9> <info> app: hr	621	17913	-3	0		
 9> <info> app: hr	622	17915	-3	0		
 9> <info> app: hr	623	17911	-3	0		
 9> <info> app: hr	624	17914	-3	0		
 9> <info> app: hr	625	17896	-3	0		
 9> <info> app: hr	626	17892	-4	0		
 9> <info> app: hr	627	17896	-2	0		
 9> <info> app: hr	628	17892	-2	0		
 9> <info> app: hr	629	17893	-2	0		
 9> <info> app: hr	630	17912	-2	0		
 9> <info> app: hr	631	17919	-2	0		
 9> <info> app: hr	632	17890	-2	0		
 9> <info> app: hr	633	17879	-1	0		
 9> <info> app: hr	634	17904	-1	0		
 9> <info> app: hr	635	17900	0	0		
 9> <info> app: hr	636	17893	0	0		
 9> <info> app: hr	637	17886	0	0		
 9> <info> app: hr	638	17912	1	0		
 9> <info> app: hr	639	17907	1	0		
 9> <info> app: hr	640	17900	0	0		
 9> <info> app: hr	641	17897	1	0		
 9> <info> app: hr	642	17897	1	0		
 9> <info> app: hr	643	17906	2	0		
 9> <info> app: hr	644	17887	2	0		
 9> <info> app: hr	645	17894	3	0		
 9> <info> app: hr	646	17885	3	0		
 9> <info> app: hr	647	17913	3	0		
 9> <info> app: hr	648	17902	3	0		
 9> <info> app: hr	649	17911	3	0		
 9> <info> app: hr	650	17907	4	0		
 9> <info> app: hr	651	17874	4	0		
 9> <info> app: hr	652	17900	4	0		
 9> <info> app: hr	653	17886	4	0		
 9> <info> app: hr	654	17890	4	0		
 9> <info> app: hr	655	17881	5	0		
 9> <info> app: hr	656	17896	5	0		
 9> <info> app: hr	657	17902	5	0		
 9> <info> app: hr	658	17898	5	0		
 9> <info> app: hr	659	17919	6	0		
 9> <info> app: hr	660	17884	6	0		
 9> <info> app: hr	661	17908	5	0		
 9> <info> app: hr	662	17871	6	0		
 9> <info> app: hr	663	17908	6	0		
 9> <info> app: hr	664	17910	5	0		
 9> <info> app: hr	665	17891	6	0		
 9> <info> app: hr	666	17895	6	0		
 9> <info> app: hr	667	17888	5	0		
 9> <info> app: hr	668	17899	6	0		
 9> <info> app: hr	669	17882	6	0		
 9> <info> app: hr	670	17918	5	0		
 9> <info> app: hr	671	17921	5	0		
 9> <info> app: hr	672	17902	5	0		
 9> <info> app: hr	673	17900	5	0		
 9> <info> app: hr	674	17905	5	0		
 9> <info> app: hr	675	17877	5	0		
 9> <info> app: hr	676	17915	5	0		
 9> <info> app: hr	677	17896	5	0		
 9> <info> app: hr	678	17881	4	0		
 9> <info> app: hr	679	17902	4	0		
 9> <info> app: hr	680	17890	4	0		
 9> <info> app: hr	681	17905	4	0		
 9> <info> app: hr	682	17918	3	0		
 9> <info> app: hr	683	17897	3	0		
 9> <info> app: hr	684	17880	3	0		
 9> <info> app: hr	685	17922	3	0		
 9> <info> app: hr	686	17924	3	0		
 9> <info> app: hr	687	17889	3	0		
 9> <info> app: hr	688	17930	2	0		
 9> <info> app: hr	689	17906	2	0		
 9> <info> app: hr	690	17907	1	-1		
 9> <info> app: hr	691	17895	1	-1		
 9> <info> app: hr	692	17912	1	0		
 9> <info> app: hr	693	17898	1	0		
 9> <info> app: hr	694	17908	0	0		
 9> <info> app: hr	695	17905	0	0		
 9> <info> app: hr	696	17905	0	0		
 9> <info> app: hr	697	17905	0	0		
 9> <info> app: hr	698	17897	0	0		
 9> <info> app: hr	699	17952	0	0		
 9> <info> app: hr	700	17908	0	0		
 9> <info> app: hr	701	17916	0	0		
 9> <info> app: hr	702	17875	-1	0		
 9> <info> app: hr	703	17902	-1	0		
 9> <info> app: hr	704	17887	-1	0		
 9> <info> app: hr	705	17932	-2	0		
 9> <info> app: hr	706	17908	-2	0		
 9> <info> app: hr	707	17937	-2	0		
 9> <info> app: hr	708	17903	-2	0		
 9> <info> app: hr	709	17893	-2	0		
 9> <info> app: hr	710	17886	-2	0		
 9> <info> app: hr	711	17917	-2	0		
 9> <info> app: hr	712	17918	-2	0		
 9> <info> app: hr	713	17902	-3	0		
 9> <info> app: hr	714	17890	-3	0		
 9> <info> app: hr	715	17903	-3	0		
 9> <info> app: hr	716	17880	-2	0		
 9> <info> app: hr	717	17910	-2	0		
 9> <info> app: hr	718	17901	-2	0		
 9> <info> app: hr	719	17917	-2	0		
 9> <info> app: hr	720	17868	-2	0		
 9> <info> app: hr	721	17908	-2	0		
 9> <info> app: hr	722	17902	-2	0		
 9> <info> app: hr	723	17886	-2	0		
 9> <info> app: hr	724	17907	-1	0		
 9> <info> app: hr	725	17910	-1	0		
 9> <info> app: hr	726	17926	-1	0		
 9> <info> app: hr	727	17917	-1	0		
 9> <info> app: hr	728	17904	-1	0		
 9> <info> app: hr	729	17902	-1	0		
 9> <info> app: hr	730	17905	-1	0		
 9> <info> app: hr	731	17903	-1	0		
 9> <info> app: hr	732	17909	-1	0		
 9> <info> app: hr	733	17920	-1	0		
 9> <info> app: hr	734	17921	-1	0		
 9> <info> app: hr	735	17918	-1	0		
 9> <info> app: hr	736	17886	-2	-1		
 9> <info> app: hr	737	17927	-1	0		
 9> <info> app: hr	738	17903	-1	0		
 9> <info> app: hr	739	17912	-1	0		
 9> <info> app: hr	740	17915	-1	0		
 9> <info> app: hr	741	17914	-1	0		
 9> <info> app: hr	742	17917	-2	0		
 9> <info> app: hr	743	17897	-2	0		
 9> <info> app: hr	744	17905	-2	0		
 9> <info> app: hr	745	17902	-2	0		
 9> <info> app: hr	746	17900	-2	0		
 9> <info> app: hr	747	17915	-1	0		
 9> <info> app: hr	748	17918	-1	0		
 9> <info> app: hr	749	17914	-2	0		
 9> <info> app: hr	750	17924	-2	0		
 9> <info> app: hr	751	17929	-2	0		
 9> <info> app: hr	752	17911	-2	0		
 9> <info> app: hr	753	17903	-2	0		
 9> <info> app: hr	754	17901	-3	0		
 9> <info> app: hr	755	17916	-2	0		
 9> <info> app: hr	756	17898	-2	0		
 9> <info> app: hr	757	17876	-2	0		
 9> <info> app: hr	758	17890	-2	0		
 9> <info> app: hr	759	17895	-2	0		
 9> <info> app: hr	760	17888	-2	0		
 9> <info> app: hr	761	17877	-2	0		
 9> <info> app: hr	762	17896	-1	1		
 9> <info> app: hr	763	17890	-1	1		
 9> <info> app: hr	764	17904	0	0		
 9> <info> app: hr	765	17897	0	0		
 9> <info> app: hr	766	17881	0	0		
 9> <info> app: hr	767	17910	0	0		
 9> <info> app: hr	768	17882	1	0		
 9> <info> app: hr	769	17891	1	0		
 9> <info> app: hr	770	17905	0	0		
 9> <info> app: hr	771	17874	1	0		
 9> <info> app: hr	772	17897	1	0		
 9> <info> app: hr	773	17892	2	0		
 9> <info> app: hr	774	17903	2	0		
 9> <info> app: hr	775	17874	3	1		
 9> <info> app: hr	776	17902	3	0		
 9> <info> app: hr	777	17901	4	1		
 9> <info> app: hr	778	17903	3	0		
 9> <info> app: hr	779	17898	4	0		
 9> <info> app: hr	780	17891	4	0		
 9> <info> app: hr	781	17886	4	0		
 9> <info> app: hr	782	17884	5	0		
 9> <info> app: hr	783	17894	4	0		
 9> <info> app: hr	784	17881	4	0		
 9> <info> app: hr	785	17881	5	0		
 9> <info> app: hr	786	17883	5	0		
 9> <info> app: hr	787	17906	5	0		
 9> <info> app: hr	788	17905	5	0		
 9> <info> app: hr	789	17893	6	0		
 9> <info> app: hr	790	17897	5	0		
 9> <info> app: hr	791	17882	5	0		
 9> <info> app: hr	792	17906	6	0		
 9> <info> app: hr	793	17885	6	0		
 9> <info> app: hr	794	17879	5	0		
 9> <info> app: hr	795	17897	5	0		
 9> <info> app: hr	796	17903	6	0		
 9> <info> app: hr	797	17895	5	0		
 9> <info> app: hr	798	17879	5	0		
 9> <info> app: hr	799	17907	5	0		
 9> <info> app: hr	800	17913	6	0		
 9> <info> app: hr	801	17912	5	0		
 9> <info> app: hr	802	17890	5	0		
 9> <info> app: hr	803	17898	5	0		
 9> <info> app: hr	804	17919	4	0		
 9> <info> app: hr	805	17913	4	0		
 9> <info> app: hr	806	17894	4	0		
 9> <info> app: hr	807	17907	3	-1		
 9> <info> app: hr	808	17920	3	0		
 9> <info> app: hr	809	17901	2	0		
 9> <info> app: hr	810	17902	2	0		
 9> <info> app: hr	811	17910	1	0		
 9> <info> app: hr	812	17911	1	0		
 9> <info> app: hr	813	17883	1	0		
 9> <info> app: hr	814	17913	1	0		
 9> <info> app: hr	815	17878	0	0		
 9> <info> app: hr	816	17880	0	0		
 9> <info> app: hr	817	17904	0	0		
 9> <info> app: hr	818	17889	0	0		
 9> <info> app: hr	819	17899	0	0		
 9> <info> app: hr	820	17895	0	0		
 9> <info> app: hr	821	17902	0	0		
 9> <info> app: hr	822	17900	0	0		
 9> <info> app: hr	823	17899	0	0		
 9> <info> app: hr	824	17893	0	0		
 9> <info> app: hr	825	17904	0	0		
 9> <info> app: hr	826	17910	0	0		
 9> <info> app: hr	827	17892	0	0		
 9> <info> app: hr	828	17896	0	0		
 9> <info> app: hr	829	17918	0	0		
 9> <info> app: hr	830	17892	0	0		
 9> <info> app: hr	831	17902	-1	-1		
 9> <info> app: hr	832	17915	-1	-1		
 9> <info> app: hr	833	17903	-1	-1		
 9> <info> app: hr	834	17898	-1	-1		
 9> <info> app: hr	835	17896	-1	-1		
 9> <info> app: hr	836	17928	-1	-1		
 9> <info> app: hr	837	17887	-2	-1		
 9> <info> app: hr	838	17907	-1	-1		
 9> <info> app: hr	839	17906	-1	-1		
 9> <info> app: hr	840	17918	-1	-1		
 9> <info> app: hr	841	17885	-1	-1		
 9> <info> app: hr	842	17885	-2	-1		
 9> <info> app: hr	843	17880	-2	-1		
 9> <info> app: hr	844	17901	-2	-1		
 9> <info> app: hr	845	17903	-2	-1		
 9> <info> app: hr	846	17904	-2	-1		
 9> <info> app: hr	847	17881	-2	-1		
 9> <info> app: hr	848	17921	-1	-1		
 9> <info> app: hr	849	17914	-1	-1		
 9> <info> app: hr	850	17925	-1	-1		
 9> <info> app: hr	851	17892	-1	-1		
 9> <info> app: hr	852	17923	-1	-1		
 9> <info> app: hr	853	17893	-1	-1		
 9> <info> app: hr	854	17918	-2	-1		
 9> <info> app: hr	855	17901	-2	-1		
 9> <info> app: hr	856	17908	-2	-1		
 9> <info> app: hr	857	17898	-2	-1		
 9> <info> app: hr	858	17908	-1	-1		
 9> <info> app: hr	859	17916	-1	-1		
 9> <info> app: hr	860	17907	-2	-1		
 9> <info> app: hr	861	17901	-2	-1		
 9> <info> app: hr	862	17906	-2	-1		
 9> <info> app: hr	863	17902	-2	-1		
 9> <info> app: hr	864	17897	-2	-1		
 9> <info> app: hr	865	17911	-3	-1		
 9> <info> app: hr	866	17902	-2	-1		
 9> <info> app: hr	867	17913	-2	-1		
 9> <info> app: hr	868	17925	-2	-1		
 9> <info> app: hr	869	17913	-2	-1		
 9> <info> app: hr	870	17927	-2	-1		
 9> <info> app: hr	871	17919	-3	-1		
 9> <info> app: hr	872	17897	-3	-1		
 9> <info> app: hr	873	17943	-2	-1		
 9> <info> app: hr	874	17921	-3	-1		
 9> <info> app: hr	875	17909	-3	-1		
 9> <info> app: hr	876	17909	-4	-1		
 9> <info> app: hr	877	17915	-4	-1		
 9> <info> app: hr	878	17912	-4	-1		
 9> <info> app: hr	879	17872	-4	-1		
 9> <info> app: hr	880	17924	-4	-1		
 9> <info> app: hr	881	17893	-4	-1		
 9> <info> app: hr	882	17889	-4	-1		
 9> <info> app: hr	883	17906	-3	-1		
 9> <info> app: hr	884	17901	-4	-1		
 9> <info> app: hr	885	17924	-4	-1		
 9> <info> app: hr	886	17889	-4	-1		
 9> <info> app: hr	887	17884	-4	-1		
 9> <info> app: hr	888	17903	-3	-1		
 9> <info> app: hr	889	17886	-2	-1		
 9> <info> app: hr	890	17899	-2	-1		
 9> <info> app: hr	891	17898	-2	-1		
 9> <info> app: hr	892	17903	-2	-1		
 9> <info> app: hr	893	17875	-2	-1		
 9> <info> app: hr	894	17895	-1	0		
 9> <info> app: hr	895	17892	-1	0		
 9> <info> app: hr	896	17904	0	0		
 9> <info> app: hr	897	17893	0	0		
 9> <info> app: hr	898	17899	0	0		
 9> <info> app: hr	899	17881	0	0		
 9> <info> app: hr	900	17902	1	0		
 9> <info> app: hr	901	17890	1	0		
 9> <info> app: hr	902	17881	1	0		
 9> <info> app: hr	903	17900	1	0		
 9> <info> app: hr	904	17901	1	0		
 9> <info> app: hr	905	17878	2	0		
 9> <info> app: hr	906	17901	2	0		
 9> <info> app: hr	907	17883	3	1		
 9> <info> app: hr	908	17895	3	0		
 9> <info> app: hr	909	17881	4	0		
 9> <info> app: hr	910	17880	3	0		
 9> <info> app: hr	911	17906	4	0		
 9> <info> app: hr	912	17885	4	0		
 9> <info> app: hr	913	17891	5	0		
 9> <info> app: hr	914	17878	4	0		
 9> <info> app: hr	915	17870	5	0		
 9> <info> app: hr	916	17896	5	0		
 9> <info> app: hr	917	17889	6	0		
 9> <info> app: hr	918	17886	5	0		
 9> <info> app: hr	919	17874	6	0		
 9> <info> app: hr	920	17881	6	0		
 9> <info> app: hr	921	17886	6	0		
 9> <info> app: hr	922	17886	6	0		
 9> <info> app: hr	923	17899	7	0		
 9> <info> app: hr	924	17892	6	0		
 9> <info> app: hr	925	17887	7	0		
 9> <info> app: hr	926	17880	7	0		
 9> <info> app: hr	927	17891	6	0		
 9> <info> app: hr	928	17890	7	0		
 9> <info> app: hr	929	17893	7	0		
 9> <info> app: hr	930	17876	7	0		
 9> <info> app: hr	931	17909	7	0		
 9> <info> app: hr	932	17890	6	0		
 9> <info> app: hr	933	17913	6	0		
 9> <info> app: hr	934	17872	7	0		
 9> <info> app: hr	935	17896	6	0		
 9> <info> app: hr	936	17890	6	0		
 9> <info> app: hr	937	17890	6	0		
 9> <info> app: hr	938	17911	5	0		
 9> <info> app: hr	939	17918	5	0		
 9> <info> app: hr	940	17901	5	0		
 9> <info> app: hr	941	17900	5	0		
 9> <info> app: hr	942	17908	4	0		
 9> <info> app: hr	943	17881	4	0		
 9> <info> app: hr	944	17897	3	0		
 9> <info> app: hr	945	17895	3	0		
 9> <info> app: hr	946	17892	3	0		
 9> <info> app: hr	947	17892	2	0		
 9> <info> app: hr	948	17904	2	0		
 9> <info> app: hr	949	17900	2	0		
 9> <info> app: hr	950	17880	1	0		
 9> <info> app: hr	951	17905	1	0		
 9> <info> app: hr	952	17882	1	0		
 9> <info> app: hr	953	17916	1	0		
 9> <info> app: hr	954	17908	1	0		
 9> <info> app: hr	955	17901	0	0		
 9> <info> app: hr	956	17900	0	0		
 9> <info> app: hr	957	17885	0	0		
 9> <info> app: hr	958	17909	0	0		
 9> <info> app: hr	959	17900	0	0		
 9> <info> app: hr	960	17896	0	0		
 9> <info> app: hr	961	17885	0	0		
 9> <info> app: hr	962	17876	0	0		
 9> <info> app: hr	963	17893	0	0		
 9> <info> app: hr	964	17909	-1	0		
 9> <info> app: hr	965	17894	-1	-1		
 9> <info> app: hr	966	17917	-1	0		
 9> <info> app: hr	967	17905	-1	0		
 9> <info> app: hr	968	17891	-1	0		
 9> <info> app: hr	969	17894	-2	0		
 9> <info> app: hr	970	17910	-2	0		
 9> <info> app: hr	971	17910	-2	0		
 9> <info> app: hr	972	17903	-1	0		
 9> <info> app: hr	973	17883	-1	0		
 9> <info> app: hr	974	17904	-2	0		
 9> <info> app: hr	975	17910	-2	0		
 9> <info> app: hr	976	17908	-2	0		
 9> <info> app: hr	977	17898	-2	0		
 9> <info> app: hr	978	17899	-3	0		
 9> <info> app: hr	979	17890	-3	0		
 9> <info> app: hr	980	17910	-2	0		
 9> <info> app: hr	981	17909	-2	0		
 9> <info> app: hr	982	17897	-2	0		
 9> <info> app: hr	983	17931	-3	0		
 9> <info> app: hr	984	17907	-3	0		
 9> <info> app: hr	985	17894	-3	0		
 9> <info> app: hr	986	17905	-4	0		
 9> <info> app: hr	987	17914	-3	0		
 9> <info> app: hr	988	17901	-3	0		
 9> <info> app: hr	989	17910	-3	0		
 9> <info> app: hr	990	17906	-4	0		
 9> <info> app: hr	991	17907	-4	0		
 9> <info> app: hr	992	17893	-3	0		
 9> <info> app: hr	993	17898	-4	0		
 9> <info> app: hr	994	17891	-4	0		
 9> <info> app: hr	995	17891	-4	0		
 9> <info> app: hr	996	17919	-4	0		
 9> <info> app: hr	997	17913	-3	0		
 9> <info> app: hr	998	17928	-3	0		
 9> <info> app: hr	999	17889	-4	0		
 9> <info> app: hr	1000	17909	-4	0		
 9> <info> app: hr	1001	17906	-3	0		
 9> <info> app: hr	1002	17908	-3	0		
 9> <info> app: hr	1003	17908	-3	0		
 9> <info> app: hr	1004	17896	-4	0		
 9> <info> app: hr	1005	17901	-4	0		
 9> <info> app: hr	1006	17892	-3	0		
 9> <info> app: hr	1007	17910	-3	0		
 9> <info> app: hr	1008	17891	-3	0		
 9> <info> app: hr	1009	17899	-3	0		
 9> <info> app: hr	1010	17903	-3	0		
 9> <info> app: hr	1011	17912	-3	0		
 9> <info> app: hr	1012	17901	-2	0		
 9> <info> app: hr	1013	17901	-2	0		
 9> <info> app: hr	1014	17907	-2	0		
 9> <info> app: hr	1015	17882	-2	0		
 9> <info> app: hr	1016	17892	-2	0		
 9> <info> app: hr	1017	17919	-2	0		
 9> <info> app: hr	1018	17902	-2	0		
 9> 						
