# SEGGER J-Link RTT Viewer V6.16a Terminal Log File
# Compiled: 12:44:10 on Jun  6 2017
# Logging started @ 23 Nov 2018 13:40:28
 9> <info> app: ***********  Application started  ***********
 9> 
 9> <info> app: [OK] NRF Power ON 0x0004. 
 9> <info> app: Read MAC:CC34D2110EF6
 9> <info> app: ***********  Sensor initial ***********
 9> <info> app: [OK]	BMI160
 9> <info> app: [OK]	SETUP ACC
 9> <info> app: [OK]	SETUP STEP COUNT
 9> <info> app: [OK]	FLASH MEMORY
 9> <info> app: [OK]	OLED Initial
 9> <info> app: [OK]	Max30102 Initial, Temperature 34.00
 9> <info> app: ********** End sensor initial *********
 9> 
 9> <info> app: Max30102 Found
 9> 
 9> <info> app: HR Begin
 9> 
 9> <info> app: 1019
 9> <info> app: hr,50,18382, 3.00 ,0
 9> <info> app: hr,51,18412, 3.00 ,0
 9> <info> app: hr,52,18387, 3.00 ,0
 9> <info> app: hr,53,18386, 2.00 ,0
 9> <info> app: hr,54,18380, 2.00 ,0
 9> <info> app: hr,55,18407, 2.00 ,0
 9> <info> app: hr,56,18361, 2.00 ,0
 9> <info> app: hr,57,18399, 2.00 ,0
 9> <info> app: hr,58,18377, 2.00 ,0
 9> <info> app: hr,59,18403, 2.00 ,0
 9> <info> app: hr,60,18390, 2.00 ,0
 9> <info> app: hr,61,18370, 1.00 ,0
 9> <info> app: hr,62,18409, 1.00 ,0
 9> <info> app: hr,63,18367, 1.00 ,0
 9> <info> app: hr,64,18388, 2.00 ,0
 9> <info> app: hr,65,18398, 2.00 ,0
 9> <info> app: hr,66,18392, 2.00 ,0
 9> <info> app: hr,67,18391, 2.00 ,0
 9> <info> app: hr,68,18402, 2.00 ,0
 9> <info> app: hr,69,18400, 2.00 ,0
 9> <info> app: hr,70,18396, 1.00 ,0
 9> <info> app: hr,71,18405, 1.00 ,0
 9> <info> app: hr,72,18383, 0.00 ,0
 9> <info> app: hr,73,18424, 0.00 ,0
 9> <info> app: hr,74,18389, 0.00 ,0
 9> <info> app: hr,75,18400, 0.00 ,0
 9> <info> app: hr,76,18370, 0.00 ,0
 9> <info> app: hr,77,18380, 0.00 ,0
 9> <info> app: hr,78,18398, 0.00 ,0
 9> <info> app: hr,79,18394, 0.00 ,0
 9> <info> app: hr,80,18400, 0.00 ,0
 9> <info> app: hr,81,18386, 0.00 ,0
 9> <info> app: hr,82,18393, 0.00 ,0
 9> <info> app: hr,83,18386, 0.00 ,0
 9> <info> app: hr,84,18411, 0.00 ,0
 9> <info> app: hr,85,18397, 0.00 ,0
 9> <info> app: hr,86,18418, -1.00 ,-1
 9> <info> app: hr,87,18419, -1.00 ,-1
 9> <info> app: hr,88,18395, -1.00 ,-1
 9> <info> app: hr,89,18400, -1.00 ,-1
 9> <info> app: hr,90,18384, -2.00 ,-1
 9> <info> app: hr,91,18385, -1.00 ,-1
 9> <info> app: hr,92,18385, -1.00 ,-1
 9> <info> app: hr,93,18399, -1.00 ,-1
 9> <info> app: hr,94,18401, -2.00 ,-1
 9> <info> app: hr,95,18388, -2.00 ,-1
 9> <info> app: hr,96,18394, -2.00 ,-1
 9> <info> app: hr,97,18390, -2.00 ,-1
 9> <info> app: hr,98,18400, -2.00 ,-1
 9> <info> app: hr,99,18403, -2.00 ,-1
 9> <info> app: hr,100,18390, -1.00 ,-1
 9> <info> app: hr,101,18380, -2.00 ,-1
 9> <info> app: hr,102,18403, -2.00 ,-1
 9> <info> app: hr,103,18399, -2.00 ,-1
 9> <info> app: hr,104,18409, -2.00 ,-1
 9> <info> app: hr,105,18395, -2.00 ,-1
 9> <info> app: hr,106,18412, -2.00 ,-1
 9> <info> app: hr,107,18389, -2.00 ,-1
 9> <info> app: hr,108,18400, -2.00 ,-1
 9> <info> app: hr,109,18389, -2.00 ,-1
 9> <info> app: hr,110,18389, -2.00 ,-1
 9> <info> app: hr,111,18415, -2.00 ,-1
 9> <info> app: hr,112,18410, -2.00 ,-1
 9> <info> app: hr,113,18394, -2.00 ,-1
 9> <info> app: hr,114,18383, -2.00 ,-1
 9> <info> app: hr,115,18426, -3.00 ,-1
 9> <info> app: hr,116,18398, -2.00 ,-1
 9> <info> app: hr,117,18393, -2.00 ,-1
 9> <info> app: hr,118,18406, -2.00 ,-1
 9> <info> app: hr,119,18406, -2.00 ,-1
 9> <info> app: hr,120,18416, -2.00 ,-1
 9> <info> app: hr,121,18402, -3.00 ,-1
 9> <info> app: hr,122,18385, -3.00 ,-1
 9> <info> app: hr,123,18383, -2.00 ,-1
 9> <info> app: hr,124,18404, -2.00 ,-1
 9> <info> app: hr,125,18383, -2.00 ,-1
 9> <info> app: hr,126,18400, -3.00 ,-1
 9> <info> app: hr,127,18410, -3.00 ,-1
 9> <info> app: hr,128,18385, -3.00 ,-1
 9> <info> app: hr,129,18400, -3.00 ,-1
 9> <info> app: hr,130,18393, -2.00 ,-1
 9> <info> app: hr,131,18388, -2.00 ,-1
 9> <info> app: hr,132,18380, -2.00 ,-1
 9> <info> app: hr,133,18389, -2.00 ,-1
 9> <info> app: hr,134,18373, -2.00 ,-1
 9> <info> app: hr,135,18408, -1.00 ,-1
 9> <info> app: hr,136,18395, -1.00 ,-1
 9> <info> app: hr,137,18395, -1.00 ,-1
 9> <info> app: hr,138,18397, -1.00 ,-1
 9> <info> app: hr,139,18376, -1.00 ,-1
 9> <info> app: hr,140,18396, 0.00 ,0
 9> <info> app: hr,141,18393, 0.00 ,0
 9> <info> app: hr,142,18411, 0.00 ,0
 9> <info> app: hr,143,18388, 0.00 ,0
 9> <info> app: hr,144,18407, 0.00 ,0
 9> <info> app: hr,145,18406, 0.00 ,0
 9> <info> app: hr,146,18383, 0.00 ,0
 9> <info> app: hr,147,18395, 0.00 ,0
 9> <info> app: hr,148,18376, 0.00 ,0
 9> <info> app: hr,149,18402, 0.00 ,0
 9> <info> app: hr,150,18397, 1.00 ,1
 9> <info> app: hr,151,18428, 1.00 ,1
 9> <info> app: hr,152,18387, 0.00 ,0
 9> <info> app: hr,153,18383, 0.00 ,0
 9> <info> app: hr,154,18398, 0.00 ,0
 9> <info> app: hr,155,18389, 0.00 ,0
 9> <info> app: hr,156,18396, 0.00 ,0
 9> <info> app: hr,157,18390, 0.00 ,0
 9> <info> app: hr,158,18393, 0.00 ,0
 9> <info> app: hr,159,18378, 0.00 ,0
 9> <info> app: hr,160,18393, 0.00 ,0
 9> <info> app: hr,161,18375, 0.00 ,0
 9> <info> app: hr,162,18381, 1.00 ,1
 9> <info> app: hr,163,18382, 1.00 ,1
 9> <info> app: hr,164,18380, 1.00 ,1
 9> <info> app: hr,165,18392, 1.00 ,1
 9> <info> app: hr,166,18379, 2.00 ,1
 9> <info> app: hr,167,18407, 2.00 ,1
 9> <info> app: hr,168,18380, 2.00 ,1
 9> <info> app: hr,169,18402, 1.00 ,1
 9> <info> app: hr,170,18380, 2.00 ,1
 9> <info> app: hr,171,18394, 2.00 ,1
 9> <info> app: hr,172,18375, 2.00 ,1
 9> <info> app: hr,173,18387, 2.00 ,1
 9> <info> app: hr,174,18373, 3.00 ,1
 9> <info> app: hr,175,18407, 3.00 ,1
 9> <info> app: hr,176,18400, 3.00 ,1
 9> <info> app: hr,177,18400, 2.00 ,1
 9> <info> app: hr,178,18394, 2.00 ,1
 9> <info> app: hr,179,18408, 3.00 ,1
 9> <info> app: hr,180,18396, 3.00 ,1
 9> <info> app: hr,181,18375, 3.00 ,1
 9> <info> app: hr,182,18397, 3.00 ,1
 9> <info> app: hr,183,18393, 2.00 ,1
 9> <info> app: hr,184,18399, 2.00 ,1
 9> <info> app: hr,185,18380, 2.00 ,1
 9> <info> app: hr,186,18382, 2.00 ,1
 9> <info> app: hr,187,18379, 2.00 ,1
 9> <info> app: hr,188,18386, 2.00 ,1
 9> <info> app: hr,189,18396, 2.00 ,1
 9> <info> app: hr,190,18389, 2.00 ,1
 9> <info> app: hr,191,18403, 1.00 ,1
 9> <info> app: hr,192,18408, 1.00 ,1
 9> <info> app: hr,193,18381, 1.00 ,1
 9> <info> app: hr,194,18396, 1.00 ,1
 9> <info> app: hr,195,18378, 1.00 ,1
 9> <info> app: hr,196,18396, 1.00 ,1
 9> <info> app: hr,197,18396, 1.00 ,1
 9> <info> app: hr,198,18389, 1.00 ,1
 9> <info> app: hr,199,18391, 1.00 ,1
 9> <info> app: hr,200,18395, 1.00 ,1
 9> <info> app: hr,201,18399, 1.00 ,1
 9> <info> app: hr,202,18394, 1.00 ,1
 9> <info> app: hr,203,18383, 1.00 ,1
 9> <info> app: hr,204,18383, 0.00 ,0
 9> <info> app: hr,205,18384, 0.00 ,0
 9> <info> app: hr,206,18398, 0.00 ,0
 9> <info> app: hr,207,18386, 0.00 ,0
 9> <info> app: hr,208,18378, 0.00 ,0
 9> <info> app: hr,209,18403, 0.00 ,0
 9> <info> app: hr,210,18395, 0.00 ,0
 9> <info> app: hr,211,18384, 0.00 ,0
 9> <info> app: hr,212,18393, 0.00 ,0
 9> <info> app: hr,213,18383, 0.00 ,0
 9> <info> app: hr,214,18378, 0.00 ,0
 9> <info> app: hr,215,18427, 0.00 ,0
 9> <info> app: hr,216,18398, 0.00 ,0
 9> <info> app: hr,217,18393, 0.00 ,0
 9> <info> app: hr,218,18391, 0.00 ,0
 9> <info> app: hr,219,18386, 0.00 ,0
 9> <info> app: hr,220,18392, 0.00 ,0
 9> <info> app: hr,221,18393, 0.00 ,0
 9> <info> app: hr,222,18397, 0.00 ,0
 9> <info> app: hr,223,18408, 0.00 ,0
 9> <info> app: hr,224,18417, 0.00 ,0
 9> <info> app: hr,225,18383, 0.00 ,0
 9> <info> app: hr,226,18393, 0.00 ,0
 9> <info> app: hr,227,18389, 0.00 ,0
 9> <info> app: hr,228,18402, 0.00 ,0
 9> <info> app: hr,229,18403, -1.00 ,-1
 9> <info> app: hr,230,18396, -1.00 ,-1
 9> <info> app: hr,231,18408, -1.00 ,-1
 9> <info> app: hr,232,18377, -1.00 ,-1
 9> <info> app: hr,233,18399, -1.00 ,-1
 9> <info> app: hr,234,18391, -1.00 ,-1
 9> <info> app: hr,235,18376, -2.00 ,-1
 9> <info> app: hr,236,18402, -1.00 ,-1
 9> <info> app: hr,237,18375, -1.00 ,-1
 9> <info> app: hr,238,18403, -1.00 ,-1
 9> <info> app: hr,239,18396, -1.00 ,-1
 9> <info> app: hr,240,18399, -1.00 ,-1
 9> <info> app: hr,241,18393, -1.00 ,-1
 9> <info> app: hr,242,18410, -1.00 ,-1
 9> <info> app: hr,243,18381, -1.00 ,-1
 9> <info> app: hr,244,18397, -1.00 ,-1
 9> <info> app: hr,245,18389, -1.00 ,-1
 9> <info> app: hr,246,18392, -1.00 ,-1
 9> <info> app: hr,247,18388, -1.00 ,-1
 9> <info> app: hr,248,18377, -1.00 ,-1
 9> <info> app: hr,249,18411, -1.00 ,-1
 9> <info> app: hr,250,18394, 0.00 ,0
 9> <info> app: hr,251,18408, 0.00 ,0
 9> <info> app: hr,252,18408, 0.00 ,0
 9> <info> app: hr,253,18404, -1.00 ,-1
 9> <info> app: hr,254,18409, -1.00 ,-1
 9> <info> app: hr,255,18409, -1.00 ,-1
 9> <info> app: hr,256,18409, -1.00 ,-1
 9> <info> app: hr,257,18403, -1.00 ,-1
 9> <info> app: hr,258,18391, -2.00 ,-1
 9> <info> app: hr,259,18385, -2.00 ,-1
 9> <info> app: hr,260,18400, -2.00 ,-1
 9> <info> app: hr,261,18398, -2.00 ,-1
 9> <info> app: hr,262,18399, -1.00 ,-1
 9> <info> app: hr,263,18407, -2.00 ,-1
 9> <info> app: hr,264,18404, -2.00 ,-1
 9> <info> app: hr,265,18398, -2.00 ,-1
 9> <info> app: hr,266,18383, -2.00 ,-1
 9> <info> app: hr,267,18414, -2.00 ,-1
 9> <info> app: hr,268,18378, -2.00 ,-1
 9> <info> app: hr,269,18415, -3.00 ,-1
 9> <info> app: hr,270,18384, -2.00 ,-1
 9> <info> app: hr,271,18405, -2.00 ,-1
 9> <info> app: hr,272,18409, -2.00 ,-1
 9> <info> app: hr,273,18403, -2.00 ,-1
 9> <info> app: hr,274,18399, -2.00 ,-1
 9> <info> app: hr,275,18377, -2.00 ,-1
 9> <info> app: hr,276,18401, -2.00 ,-1
 9> <info> app: hr,277,18394, -2.00 ,-1
 9> <info> app: hr,278,18385, -1.00 ,-1
 9> <info> app: hr,279,18396, -1.00 ,-1
 9> <info> app: hr,280,18414, -1.00 ,-1
 9> <info> app: hr,281,18391, -2.00 ,-1
 9> <info> app: hr,282,18404, -2.00 ,-1
 9> <info> app: hr,283,18382, -2.00 ,-1
 9> <info> app: hr,284,18394, -2.00 ,-1
 9> <info> app: hr,285,18404, -2.00 ,-1
 9> <info> app: hr,286,18382, -1.00 ,-1
 9> <info> app: hr,287,18405, -1.00 ,-1
 9> <info> app: hr,288,18410, 0.00 ,0
 9> <info> app: hr,289,18399, 0.00 ,0
 9> <info> app: hr,290,18375, 0.00 ,0
 9> <info> app: hr,291,18398, 0.00 ,0
 9> <info> app: hr,292,18383, 0.00 ,0
 9> <info> app: hr,293,18375, 0.00 ,0
 9> <info> app: hr,294,18401, 0.00 ,0
 9> <info> app: hr,295,18385, 0.00 ,0
 9> <info> app: hr,296,18372, 0.00 ,0
 9> <info> app: hr,297,18400, 0.00 ,0
 9> <info> app: hr,298,18385, 0.00 ,0
 9> <info> app: hr,299,18412, 0.00 ,0
 9> <info> app: hr,300,18396, 0.00 ,0
 9> <info> app: hr,301,18393, 1.00 ,1
 9> <info> app: hr,302,18392, 1.00 ,1
 9> <info> app: hr,303,18385, 1.00 ,1
 9> <info> app: hr,304,18413, 1.00 ,1
 9> <info> app: hr,305,18387, 1.00 ,1
 9> <info> app: hr,306,18404, 1.00 ,1
 9> <info> app: hr,307,18414, 0.00 ,0
 9> <info> app: hr,308,18398, 0.00 ,0
 9> <info> app: hr,309,18394, 0.00 ,0
 9> <info> app: hr,310,18389, 0.00 ,0
 9> <info> app: hr,311,18373, 0.00 ,0
 9> <info> app: hr,312,18372, 1.00 ,1
 9> <info> app: hr,313,18400, 1.00 ,1
 9> <info> app: hr,314,18392, 1.00 ,1
 9> <info> app: hr,315,18396, 1.00 ,1
 9> <info> app: hr,316,18372, 1.00 ,1
 9> <info> app: hr,317,18407, 1.00 ,1
 9> <info> app: hr,318,18392, 1.00 ,1
 9> <info> app: hr,319,18393, 2.00 ,1
 9> <info> app: hr,320,18391, 2.00 ,1
 9> <info> app: hr,321,18406, 2.00 ,1
 9> <info> app: hr,322,18389, 1.00 ,1
 9> <info> app: hr,323,18388, 1.00 ,1
 9> <info> app: hr,324,18383, 1.00 ,1
 9> <info> app: hr,325,18387, 1.00 ,1
 9> <info> app: hr,326,18397, 1.00 ,1
 9> <info> app: hr,327,18413, 1.00 ,1
 9> <info> app: hr,328,18381, 1.00 ,1
 9> <info> app: hr,329,18375, 2.00 ,1
 9> <info> app: hr,330,18388, 2.00 ,1
 9> <info> app: hr,331,18388, 2.00 ,1
 9> <info> app: hr,332,18365, 1.00 ,1
 9> <info> app: hr,333,18401, 1.00 ,1
 9> <info> app: hr,334,18399, 1.00 ,1
 9> <info> app: hr,335,18407, 1.00 ,1
 9> <info> app: hr,336,18402, 2.00 ,1
 9> <info> app: hr,337,18382, 2.00 ,1
 9> <info> app: hr,338,18409, 2.00 ,1
 9> <info> app: hr,339,18389, 2.00 ,1
 9> <info> app: hr,340,18384, 2.00 ,1
 9> <info> app: hr,341,18394, 2.00 ,1
 9> <info> app: hr,342,18400, 1.00 ,1
 9> <info> app: hr,343,18388, 1.00 ,1
 9> <info> app: hr,344,18384, 1.00 ,1
 9> <info> app: hr,345,18375, 1.00 ,1
 9> <info> app: hr,346,18404, 1.00 ,1
 9> <info> app: hr,347,18386, 1.00 ,1
 9> <info> app: hr,348,18384, 1.00 ,1
 9> <info> app: hr,349,18409, 1.00 ,1
 9> <info> app: hr,350,18375, 1.00 ,1
 9> <info> app: hr,351,18377, 1.00 ,1
 9> <info> app: hr,352,18402, 1.00 ,1
 9> <info> app: hr,353,18411, 1.00 ,1
 9> <info> app: hr,354,18398, 1.00 ,1
 9> <info> app: hr,355,18418, 0.00 ,0
 9> <info> app: hr,356,18396, 0.00 ,0
 9> <info> app: hr,357,18411, 0.00 ,0
 9> <info> app: hr,358,18399, 0.00 ,0
 9> <info> app: hr,359,18403, 0.00 ,0
 9> <info> app: hr,360,18400, 0.00 ,0
 9> <info> app: hr,361,18397, 0.00 ,0
 9> <info> app: hr,362,18388, 0.00 ,0
 9> <info> app: hr,363,18377, 0.00 ,0
 9> <info> app: hr,364,18395, -1.00 ,-1
 9> <info> app: hr,365,18415, -1.00 ,-1
 9> <info> app: hr,366,18386, -1.00 ,-1
 9> <info> app: hr,367,18400, -1.00 ,-1
 9> <info> app: hr,368,18392, 0.00 ,0
 9> <info> app: hr,369,18378, 0.00 ,0
 9> <info> app: hr,370,18415, 0.00 ,0
 9> <info> app: hr,371,18407, -1.00 ,-1
 9> <info> app: hr,372,18378, -1.00 ,-1
 9> <info> app: hr,373,18388, -1.00 ,-1
 9> <info> app: hr,374,18403, -1.00 ,-1
 9> <info> app: hr,375,18400, -1.00 ,-1
 9> <info> app: hr,376,18413, -1.00 ,-1
 9> <info> app: hr,377,18388, -1.00 ,-1
 9> <info> app: hr,378,18391, -1.00 ,-1
 9> <info> app: hr,379,18387, -1.00 ,-1
 9> <info> app: hr,380,18393, -2.00 ,-1
 9> <info> app: hr,381,18409, -2.00 ,-1
 9> <info> app: hr,382,18395, -1.00 ,-1
 9> <info> app: hr,383,18408, -1.00 ,-1
 9> <info> app: hr,384,18405, -1.00 ,-1
 9> <info> app: hr,385,18392, -1.00 ,-1
 9> <info> app: hr,386,18410, -1.00 ,-1
 9> <info> app: hr,387,18405, -1.00 ,-1
 9> <info> app: hr,388,18389, -2.00 ,-1
 9> <info> app: hr,389,18403, -2.00 ,-1
 9> <info> app: hr,390,18403, -2.00 ,-1
 9> <info> app: hr,391,18407, -2.00 ,-1
 9> <info> app: hr,392,18400, -1.00 ,-1
 9> <info> app: hr,393,18396, -1.00 ,-1
 9> <info> app: hr,394,18373, -2.00 ,-1
 9> <info> app: hr,395,18382, -2.00 ,-1
 9> <info> app: hr,396,18388, -2.00 ,-1
 9> <info> app: hr,397,18386, -2.00 ,-1
 9> <info> app: hr,398,18391, -2.00 ,-1
 9> <info> app: hr,399,18393, -2.00 ,-1
 9> <info> app: hr,400,18402, -1.00 ,-1
 9> <info> app: hr,401,18402, 0.00 ,0
 9> <info> app: hr,402,18412, 0.00 ,0
 9> <info> app: hr,403,18416, 0.00 ,0
 9> <info> app: hr,404,18386, 0.00 ,0
 9> <info> app: hr,405,18407, 0.00 ,0
 9> <info> app: hr,406,18391, -1.00 ,-1
 9> <info> app: hr,407,18405, -1.00 ,-1
 9> <info> app: hr,408,18401, -1.00 ,-1
 9> <info> app: hr,409,18391, -1.00 ,-1
 9> <info> app: hr,410,18395, -1.00 ,-1
 9> <info> app: hr,411,18411, -1.00 ,-1
 9> <info> app: hr,412,18396, -1.00 ,-1
 9> <info> app: hr,413,18393, -1.00 ,-1
 9> <info> app: hr,414,18383, -1.00 ,-1
 9> <info> app: hr,415,18401, -1.00 ,-1
 9> <info> app: hr,416,18392, -1.00 ,-1
 9> <info> app: hr,417,18376, -1.00 ,-1
 9> <info> app: hr,418,18405, 0.00 ,0
 9> <info> app: hr,419,18366, 0.00 ,0
 9> <info> app: hr,420,18370, 0.00 ,0
 9> <info> app: hr,421,18395, 0.00 ,0
 9> <info> app: hr,422,18415, 0.00 ,0
 9> <info> app: hr,423,18400, 0.00 ,0
 9> <info> app: hr,424,18383, 0.00 ,0
 9> <info> app: hr,425,18381, 0.00 ,0
 9> <info> app: hr,426,18409, 0.00 ,0
 9> <info> app: hr,427,18371, 1.00 ,1
 9> <info> app: hr,428,18398, 1.00 ,1
 9> <info> app: hr,429,18390, 1.00 ,1
 9> <info> app: hr,430,18389, 0.00 ,0
 9> <info> app: hr,431,18392, 0.00 ,0
 9> <info> app: hr,432,18411, 1.00 ,1
 9> <info> app: hr,433,18403, 1.00 ,1
 9> <info> app: hr,434,18384, 1.00 ,1
 9> <info> app: hr,435,18418, 1.00 ,1
 9> <info> app: hr,436,18401, 1.00 ,1
 9> <info> app: hr,437,18409, 1.00 ,1
 9> <info> app: hr,438,18385, 1.00 ,1
 9> <info> app: hr,439,18402, 1.00 ,1
 9> <info> app: hr,440,18369, 1.00 ,1
 9> <info> app: hr,441,18408, 1.00 ,1
 9> <info> app: hr,442,18404, 1.00 ,1
 9> <info> app: hr,443,18384, 1.00 ,1
 9> <info> app: hr,444,18402, 1.00 ,1
 9> <info> app: hr,445,18384, 0.00 ,0
 9> <info> app: hr,446,18392, 0.00 ,0
 9> <info> app: hr,447,18394, 0.00 ,0
 9> <info> app: hr,448,18406, 0.00 ,0
 9> <info> app: hr,449,18367, 0.00 ,0
 9> <info> app: hr,450,18386, 0.00 ,0
 9> <info> app: hr,451,18412, 0.00 ,0
 9> <info> app: hr,452,18375, 0.00 ,0
 9> <info> app: hr,453,18400, 0.00 ,0
 9> <info> app: hr,454,18376, 0.00 ,0
 9> <info> app: hr,455,18402, 0.00 ,0
 9> <info> app: hr,456,18395, 1.00 ,1
 9> <info> app: hr,457,18389, 1.00 ,1
 9> <info> app: hr,458,18388, 1.00 ,1
 9> <info> app: hr,459,18382, 1.00 ,1
 9> <info> app: hr,460,18407, 1.00 ,1
 9> <info> app: hr,461,18371, 1.00 ,1
 9> <info> app: hr,462,18378, 1.00 ,1
 9> <info> app: hr,463,18370, 1.00 ,1
 9> <info> app: hr,464,18409, 2.00 ,1
 9> <info> app: hr,465,18407, 1.00 ,1
 9> <info> app: hr,466,18365, 1.00 ,1
 9> <info> app: hr,467,18389, 1.00 ,1
 9> <info> app: hr,468,18376, 1.00 ,1
 9> <info> app: hr,469,18408, 2.00 ,1
 9> <info> app: hr,470,18365, 2.00 ,1
 9> <info> app: hr,471,18384, 2.00 ,1
 9> <info> app: hr,472,18369, 2.00 ,1
 9> <info> app: hr,473,18374, 3.00 ,1
 9> <info> app: hr,474,18385, 2.00 ,1
 9> <info> app: hr,475,18398, 2.00 ,1
 9> <info> app: hr,476,18403, 3.00 ,1
 9> <info> app: hr,477,18371, 3.00 ,1
 9> <info> app: hr,478,18375, 3.00 ,1
 9> <info> app: hr,479,18387, 3.00 ,1
 9> <info> app: hr,480,18363, 3.00 ,1
 9> <info> app: hr,481,18388, 3.00 ,1
 9> <info> app: hr,482,18378, 3.00 ,1
 9> <info> app: hr,483,18406, 4.00 ,1
 9> <info> app: hr,484,18385, 4.00 ,1
 9> <info> app: hr,485,18392, 3.00 ,1
 9> <info> app: hr,486,18379, 3.00 ,1
 9> <info> app: hr,487,18394, 4.00 ,1
 9> <info> app: hr,488,18389, 4.00 ,1
 9> <info> app: hr,489,18384, 4.00 ,1
 9> <info> app: hr,490,18367, 3.00 ,1
 9> <info> app: hr,491,18427, 3.00 ,1
 9> <info> app: hr,492,18392, 3.00 ,1
 9> <info> app: hr,493,18394, 3.00 ,1
 9> <info> app: hr,494,18389, 3.00 ,1
 9> <info> app: hr,495,18388, 3.00 ,1
 9> <info> app: hr,496,18414, 2.00 ,1
 9> <info> app: hr,497,18408, 2.00 ,1
 9> <info> app: hr,498,18379, 2.00 ,1
 9> <info> app: hr,499,18386, 2.00 ,1
 9> <info> app: hr,500,18383, 2.00 ,1
 9> <info> app: hr,501,18383, 1.00 ,0
 9> <info> app: hr,502,18410, 1.00 ,0
 9> <info> app: hr,503,18392, 1.00 ,0
 9> <info> app: hr,504,18410, 1.00 ,0
 9> <info> app: hr,505,18387, 1.00 ,0
 9> <info> app: hr,506,18401, 0.00 ,-1
 9> <info> app: hr,507,18390, 0.00 ,-1
 9> <info> app: hr,508,18379, 0.00 ,0
 9> <info> app: hr,509,18407, 0.00 ,0
 9> <info> app: hr,510,18395, 0.00 ,0
 9> <info> app: hr,511,18376, -1.00 ,0
 9> <info> app: hr,512,18410, 0.00 ,0
 9> <info> app: hr,513,18395, 0.00 ,0
 9> <info> app: hr,514,18419, 0.00 ,0
 9> <info> app: hr,515,18393, -1.00 ,0
 9> <info> app: hr,516,18367, -1.00 ,0
 9> <info> app: hr,517,18388, -1.00 ,0
 9> <info> app: hr,518,18397, -1.00 ,0
 9> <info> app: hr,519,18381, -1.00 ,0
 9> <info> app: hr,520,18395, -2.00 ,0
 9> <info> app: hr,521,18377, -2.00 ,0
 9> <info> app: hr,522,18393, -2.00 ,0
 9> <info> app: hr,523,18405, -2.00 ,0
 9> <info> app: hr,524,18404, -1.00 ,0
 9> <info> app: hr,525,18377, -1.00 ,0
 9> <info> app: hr,526,18390, -1.00 ,0
 9> <info> app: hr,527,18412, -1.00 ,0
 9> <info> app: hr,528,18388, -1.00 ,0
 9> <info> app: hr,529,18424, -1.00 ,0
 9> <info> app: hr,530,18376, -2.00 ,0
 9> <info> app: hr,531,18378, -2.00 ,0
 9> <info> app: hr,532,18391, -2.00 ,0
 9> <info> app: hr,533,18393, -2.00 ,0
 9> <info> app: hr,534,18397, -1.00 ,0
 9> <info> app: hr,535,18407, -1.00 ,0
 9> <info> app: hr,536,18401, -1.00 ,0
 9> <info> app: hr,537,18380, -1.00 ,0
 9> <info> app: hr,538,18373, -1.00 ,0
 9> <info> app: hr,539,18407, -1.00 ,0
 9> <info> app: hr,540,18387, -2.00 ,0
 9> <info> app: hr,541,18395, -2.00 ,0
 9> <info> app: hr,542,18385, -2.00 ,0
 9> <info> app: hr,543,18413, -2.00 ,0
 9> <info> app: hr,544,18385, -2.00 ,0
 9> <info> app: hr,545,18375, -1.00 ,0
 9> <info> app: hr,546,18412, -1.00 ,0
 9> <info> app: hr,547,18359, -1.00 ,0
 9> <info> app: hr,548,18395, -1.00 ,0
 9> <info> app: hr,549,18397, -1.00 ,0
 9> <info> app: hr,550,18398, 0.00 ,0
 9> <info> app: hr,551,18402, 0.00 ,0
 9> <info> app: hr,552,18401, 0.00 ,0
 9> <info> app: hr,553,18385, 0.00 ,0
 9> <info> app: hr,554,18393, 0.00 ,0
 9> <info> app: hr,555,18385, 0.00 ,0
 9> <info> app: hr,556,18397, 0.00 ,0
 9> <info> app: hr,557,18395, 0.00 ,0
 9> <info> app: hr,558,18374, 0.00 ,0
 9> <info> app: hr,559,18396, 0.00 ,0
 9> <info> app: hr,560,18403, 0.00 ,0
 9> <info> app: hr,561,18367, 0.00 ,0
 9> <info> app: hr,562,18401, 0.00 ,0
 9> <info> app: hr,563,18399, 0.00 ,0
 9> <info> app: hr,564,18407, 0.00 ,0
 9> <info> app: hr,565,18370, 0.00 ,0
 9> <info> app: hr,566,18408, 0.00 ,0
 9> <info> app: hr,567,18376, 0.00 ,0
 9> <info> app: hr,568,18393, 0.00 ,0
 9> <info> app: hr,569,18381, 0.00 ,0
 9> <info> app: hr,570,18383, 0.00 ,0
 9> <info> app: hr,571,18393, 0.00 ,0
 9> <info> app: hr,572,18400, 0.00 ,0
 9> <info> app: hr,573,18385, 0.00 ,0
 9> <info> app: hr,574,18378, 0.00 ,0
 9> <info> app: hr,575,18397, 0.00 ,0
 9> <info> app: hr,576,18391, 0.00 ,0
 9> <info> app: hr,577,18391, 0.00 ,0
 9> <info> app: hr,578,18393, 0.00 ,0
 9> <info> app: hr,579,18384, 0.00 ,0
 9> <info> app: hr,580,18378, 0.00 ,0
 9> <info> app: hr,581,18408, 0.00 ,0
 9> <info> app: hr,582,18399, 0.00 ,0
 9> <info> app: hr,583,18387, 0.00 ,0
 9> <info> app: hr,584,18375, 0.00 ,0
 9> <info> app: hr,585,18367, 1.00 ,1
 9> <info> app: hr,586,18380, 1.00 ,1
 9> <info> app: hr,587,18355, 1.00 ,1
 9> <info> app: hr,588,18394, 1.00 ,1
 9> <info> app: hr,589,18368, 2.00 ,1
 9> <info> app: hr,590,18388, 2.00 ,1
 9> <info> app: hr,591,18406, 1.00 ,1
 9> <info> app: hr,592,18394, 1.00 ,1
 9> <info> app: hr,593,18384, 2.00 ,1
 9> <info> app: hr,594,18378, 2.00 ,1
 9> <info> app: hr,595,18403, 2.00 ,1
 9> <info> app: hr,596,18366, 2.00 ,1
 9> <info> app: hr,597,18374, 2.00 ,1
 9> <info> app: hr,598,18401, 3.00 ,1
 9> <info> app: hr,599,18420, 2.00 ,1
 9> <info> app: hr,600,18381, 2.00 ,1
 9> <info> app: hr,601,18382, 2.00 ,1
 9> <info> app: hr,602,18383, 2.00 ,1
 9> <info> app: hr,603,18372, 2.00 ,1
 9> <info> app: hr,604,18403, 2.00 ,1
 9> <info> app: hr,605,18379, 2.00 ,1
 9> <info> app: hr,606,18378, 2.00 ,1
 9> <info> app: hr,607,18382, 2.00 ,1
 9> <info> app: hr,608,18383, 2.00 ,1
 9> <info> app: hr,609,18376, 2.00 ,1
 9> <info> app: hr,610,18402, 2.00 ,1
 9> <info> app: hr,611,18386, 2.00 ,1
 9> <info> app: hr,612,18377, 2.00 ,1
 9> <info> app: hr,613,18389, 2.00 ,1
 9> <info> app: hr,614,18392, 2.00 ,1
 9> <info> app: hr,615,18379, 1.00 ,1
 9> <info> app: hr,616,18379, 1.00 ,1
 9> <info> app: hr,617,18394, 2.00 ,1
 9> <info> app: hr,618,18376, 2.00 ,1
 9> <info> app: hr,619,18393, 2.00 ,1
 9> <info> app: hr,620,18390, 2.00 ,1
 9> <info> app: hr,621,18400, 2.00 ,1
 9> <info> app: hr,622,18377, 2.00 ,1
 9> <info> app: hr,623,18400, 2.00 ,1
 9> <info> app: hr,624,18390, 1.00 ,1
 9> <info> app: hr,625,18388, 1.00 ,1
 9> <info> app: hr,626,18388, 1.00 ,1
 9> <info> app: hr,627,18396, 1.00 ,1
 9> <info> app: hr,628,18411, 1.00 ,1
 9> <info> app: hr,629,18394, 0.00 ,0
 9> <info> app: hr,630,18395, 0.00 ,0
 9> <info> app: hr,631,18387, 0.00 ,0
 9> <info> app: hr,632,18379, 0.00 ,0
 9> <info> app: hr,633,18376, 0.00 ,0
 9> <info> app: hr,634,18391, 0.00 ,0
 9> <info> app: hr,635,18389, 0.00 ,0
 9> <info> app: hr,636,18391, 0.00 ,0
 9> <info> app: hr,637,18372, 0.00 ,0
 9> <info> app: hr,638,18368, 0.00 ,0
 9> <info> app: hr,639,18367, 0.00 ,0
 9> <info> app: hr,640,18377, 0.00 ,0
 9> <info> app: hr,641,18391, 0.00 ,0
 9> <info> app: hr,642,18408, 0.00 ,0
 9> <info> app: hr,643,18376, 0.00 ,0
 9> <info> app: hr,644,18391, 0.00 ,0
 9> <info> app: hr,645,18392, 0.00 ,0
 9> <info> app: hr,646,18387, 0.00 ,0
 9> <info> app: hr,647,18379, 0.00 ,0
 9> <info> app: hr,648,18398, 0.00 ,0
 9> <info> app: hr,649,18410, 0.00 ,0
 9> <info> app: hr,650,18400, 0.00 ,0
 9> <info> app: hr,651,18421, 0.00 ,0
 9> <info> app: hr,652,18385, 0.00 ,0
 9> <info> app: hr,653,18383, 0.00 ,0
 9> <info> app: hr,654,18403, 0.00 ,0
 9> <info> app: hr,655,18396, 0.00 ,0
 9> <info> app: hr,656,18405, -1.00 ,-1
 9> <info> app: hr,657,18396, -1.00 ,-1
 9> <info> app: hr,658,18390, -1.00 ,-1
 9> <info> app: hr,659,18379, -1.00 ,-1
 9> <info> app: hr,660,18383, -2.00 ,-1
 9> <info> app: hr,661,18397, -2.00 ,-1
 9> <info> app: hr,662,18403, -2.00 ,-1
 9> <info> app: hr,663,18382, -1.00 ,-1
 9> <info> app: hr,664,18407, -1.00 ,-1
 9> <info> app: hr,665,18389, -2.00 ,-1
 9> <info> app: hr,666,18390, -2.00 ,-1
 9> <info> app: hr,667,18402, -2.00 ,-1
 9> <info> app: hr,668,18380, -2.00 ,-1
 9> <info> app: hr,669,18407, -2.00 ,-1
 9> <info> app: hr,670,18409, -3.00 ,-1
 9> <info> app: hr,671,18371, -2.00 ,-1
 9> <info> app: hr,672,18406, -2.00 ,-1
 9> <info> app: hr,673,18380, -2.00 ,-1
 9> <info> app: hr,674,18386, -2.00 ,-1
 9> <info> app: hr,675,18395, -2.00 ,-1
 9> <info> app: hr,676,18378, -2.00 ,-1
 9> <info> app: hr,677,18425, -3.00 ,-1
 9> <info> app: hr,678,18391, -3.00 ,-1
 9> <info> app: hr,679,18409, -2.00 ,-1
 9> <info> app: hr,680,18400, -2.00 ,-1
 9> <info> app: hr,681,18393, -2.00 ,-1
 9> <info> app: hr,682,18404, -2.00 ,-1
 9> <info> app: hr,683,18395, -3.00 ,-1
 9> <info> app: hr,684,18393, -3.00 ,-1
 9> <info> app: hr,685,18400, -3.00 ,-1
 9> <info> app: hr,686,18418, -2.00 ,-1
 9> <info> app: hr,687,18410, -2.00 ,-1
 9> <info> app: hr,688,18404, -3.00 ,-1
 9> <info> app: hr,689,18393, -3.00 ,-1
 9> <info> app: hr,690,18390, -3.00 ,-1
 9> <info> app: hr,691,18393, -4.00 ,-1
 9> <info> app: hr,692,18383, -3.00 ,-1
 9> <info> app: hr,693,18396, -3.00 ,-1
 9> <info> app: hr,694,18385, -3.00 ,-1
 9> <info> app: hr,695,18435, -3.00 ,-1
 9> <info> app: hr,696,18419, -3.00 ,-1
 9> <info> app: hr,697,18406, -3.00 ,-1
 9> <info> app: hr,698,18394, -3.00 ,-1
 9> <info> app: hr,699,18393, -3.00 ,-1
 9> <info> app: hr,700,18404, -4.00 ,-1
 9> <info> app: hr,701,18390, -4.00 ,-1
 9> <info> app: hr,702,18377, -3.00 ,-1
 9> <info> app: hr,703,18408, -3.00 ,-1
 9> <info> app: hr,704,18399, -3.00 ,-1
 9> <info> app: hr,705,18397, -3.00 ,-1
 9> <info> app: hr,706,18399, -3.00 ,-1
 9> <info> app: hr,707,18392, -4.00 ,-1
 9> <info> app: hr,708,18378, -3.00 ,-1
 9> <info> app: hr,709,18391, -3.00 ,-1
 9> <info> app: hr,710,18393, -3.00 ,-1
 9> <info> app: hr,711,18405, -3.00 ,-1
 9> <info> app: hr,712,18391, -2.00 ,-1
 9> <info> app: hr,713,18388, -2.00 ,-1
 9> <info> app: hr,714,18376, -1.00 ,-1
 9> <info> app: hr,715,18387, -1.00 ,-1
 9> <info> app: hr,716,18375, -1.00 ,-1
 9> <info> app: hr,717,18393, -1.00 ,-1
 9> <info> app: hr,718,18400, -1.00 ,-1
 9> <info> app: hr,719,18415, 0.00 ,0
 9> <info> app: hr,720,18393, 0.00 ,0
 9> <info> app: hr,721,18394, 0.00 ,0
 9> <info> app: hr,722,18385, 0.00 ,0
 9> <info> app: hr,723,18397, 0.00 ,0
 9> <info> app: hr,724,18383, 0.00 ,0
 9> <info> app: hr,725,18387, 0.00 ,0
 9> <info> app: hr,726,18377, 0.00 ,0
 9> <info> app: hr,727,18385, 0.00 ,0
 9> <info> app: hr,728,18386, 0.00 ,0
 9> <info> app: hr,729,18378, 1.00 ,1
 9> <info> app: hr,730,18388, 1.00 ,1
 9> <info> app: hr,731,18390, 1.00 ,1
 9> <info> app: hr,732,18400, 2.00 ,1
 9> <info> app: hr,733,18376, 2.00 ,1
 9> <info> app: hr,734,18394, 2.00 ,1
 9> <info> app: hr,735,18371, 1.00 ,1
 9> <info> app: hr,736,18382, 2.00 ,1
 9> <info> app: hr,737,18381, 2.00 ,1
 9> <info> app: hr,738,18395, 2.00 ,1
 9> <info> app: hr,739,18377, 3.00 ,1
 9> <info> app: hr,740,18410, 3.00 ,1
 9> <info> app: hr,741,18382, 3.00 ,1
 9> <info> app: hr,742,18398, 3.00 ,1
 9> <info> app: hr,743,18401, 3.00 ,1
 9> <info> app: hr,744,18402, 3.00 ,1
 9> <info> app: hr,745,18390, 3.00 ,1
 9> <info> app: hr,746,18392, 3.00 ,1
 9> <info> app: hr,747,18387, 3.00 ,1
 9> <info> app: hr,748,18375, 2.00 ,1
 9> <info> app: hr,749,18404, 2.00 ,1
 9> <info> app: hr,750,18401, 3.00 ,1
 9> <info> app: hr,751,18407, 3.00 ,1
 9> <info> app: hr,752,18373, 3.00 ,1
 9> <info> app: hr,753,18400, 3.00 ,1
 9> <info> app: hr,754,18383, 2.00 ,1
 9> <info> app: hr,755,18391, 2.00 ,1
 9> <info> app: hr,756,18394, 2.00 ,1
 9> <info> app: hr,757,18391, 2.00 ,1
 9> <info> app: hr,758,18396, 2.00 ,1
 9> <info> app: hr,759,18403, 1.00 ,1
 9> <info> app: hr,760,18408, 1.00 ,1
 9> <info> app: hr,761,18401, 1.00 ,1
 9> <info> app: hr,762,18406, 1.00 ,1
 9> <info> app: hr,763,18398, 1.00 ,1
 9> <info> app: hr,764,18403, 0.00 ,0
 9> <info> app: hr,765,18396, 0.00 ,0
 9> <info> app: hr,766,18386, 0.00 ,0
 9> <info> app: hr,767,18402, 0.00 ,0
 9> <info> app: hr,768,18392, 0.00 ,0
 9> <info> app: hr,769,18372, 0.00 ,0
 9> <info> app: hr,770,18407, -1.00 ,-1
 9> <info> app: hr,771,18389, 0.00 ,0
 9> <info> app: hr,772,18388, 0.00 ,0
 9> <info> app: hr,773,18399, 0.00 ,0
 9> <info> app: hr,774,18393, 0.00 ,0
 9> <info> app: hr,775,18398, 0.00 ,0
 9> <info> app: hr,776,18393, 0.00 ,0
 9> <info> app: hr,777,18409, 0.00 ,0
 9> <info> app: hr,778,18397, -1.00 ,-1
 9> <info> app: hr,779,18393, -1.00 ,-1
 9> <info> app: hr,780,18389, -1.00 ,-1
 9> <info> app: hr,781,18403, -1.00 ,-1
 9> <info> app: hr,782,18375, -1.00 ,-1
 9> <info> app: hr,783,18389, -1.00 ,-1
 9> <info> app: hr,784,18402, -1.00 ,-1
 9> <info> app: hr,785,18381, -1.00 ,-1
 9> <info> app: hr,786,18381, -1.00 ,-1
 9> <info> app: hr,787,18394, -1.00 ,-1
 9> <info> app: hr,788,18379, -1.00 ,-1
 9> <info> app: hr,789,18397, 0.00 ,0
 9> <info> app: hr,790,18387, 0.00 ,0
 9> <info> app: hr,791,18400, 0.00 ,0
 9> <info> app: hr,792,18383, 0.00 ,0
 9> <info> app: hr,793,18367, 0.00 ,0
 9> <info> app: hr,794,18415, 0.00 ,0
 9> <info> app: hr,795,18399, 0.00 ,0
 9> <info> app: hr,796,18400, 0.00 ,0
 9> <info> app: hr,797,18370, 0.00 ,0
 9> <info> app: hr,798,18391, 0.00 ,0
 9> <info> app: hr,799,18393, 0.00 ,0
 9> <info> app: hr,800,18389, 0.00 ,0
 9> <info> app: hr,801,18380, 0.00 ,0
 9> <info> app: hr,802,18409, 0.00 ,0
 9> <info> app: hr,803,18399, 0.00 ,0
 9> <info> app: hr,804,18394, 0.00 ,0
 9> <info> app: hr,805,18409, 0.00 ,0
 9> <info> app: hr,806,18406, 0.00 ,0
 9> <info> app: hr,807,18396, 0.00 ,0
 9> <info> app: hr,808,18413, 0.00 ,0
 9> <info> app: hr,809,18379, 0.00 ,0
 9> <info> app: hr,810,18389, 0.00 ,0
 9> <info> app: hr,811,18383, 0.00 ,0
 9> <info> app: hr,812,18388, 0.00 ,0
 9> <info> app: hr,813,18397, 0.00 ,0
 9> <info> app: hr,814,18374, 0.00 ,0
 9> <info> app: hr,815,18386, 0.00 ,0
 9> <info> app: hr,816,18388, 0.00 ,0
 9> <info> app: hr,817,18413, 0.00 ,0
 9> <info> app: hr,818,18394, 0.00 ,0
 9> <info> app: hr,819,18384, 0.00 ,0
 9> <info> app: hr,820,18394, 0.00 ,0
 9> <info> app: hr,821,18393, 0.00 ,0
 9> <info> app: hr,822,18393, 0.00 ,0
 9> <info> app: hr,823,18423, 0.00 ,0
 9> <info> app: hr,824,18392, 0.00 ,0
 9> <info> app: hr,825,18385, 0.00 ,0
 9> <info> app: hr,826,18403, 0.00 ,0
 9> <info> app: hr,827,18379, 0.00 ,0
 9> <info> app: hr,828,18392, 0.00 ,0
 9> <info> app: hr,829,18402, 0.00 ,0
 9> <info> app: hr,830,18381, 0.00 ,0
 9> <info> app: hr,831,18385, 0.00 ,0
 9> <info> app: hr,832,18399, 0.00 ,0
 9> <info> app: hr,833,18378, 0.00 ,0
 9> <info> app: hr,834,18399, 0.00 ,0
 9> <info> app: hr,835,18394, 0.00 ,0
 9> <info> app: hr,836,18390, 0.00 ,0
 9> <info> app: hr,837,18385, 0.00 ,0
 9> <info> app: hr,838,18378, 0.00 ,0
 9> <info> app: hr,839,18391, 0.00 ,0
 9> <info> app: hr,840,18426, 0.00 ,0
 9> <info> app: hr,841,18401, 0.00 ,0
 9> <info> app: hr,842,18405, 0.00 ,0
 9> <info> app: hr,843,18399, 0.00 ,0
 9> <info> app: hr,844,18389, 0.00 ,0
 9> <info> app: hr,845,18399, 0.00 ,0
 9> <info> app: hr,846,18382, 0.00 ,0
 9> <info> app: hr,847,18388, 0.00 ,0
 9> <info> app: hr,848,18391, 0.00 ,0
 9> <info> app: hr,849,18391, 0.00 ,0
 9> <info> app: hr,850,18404, 0.00 ,0
 9> <info> app: hr,851,18399, 0.00 ,0
 9> <info> app: hr,852,18391, 0.00 ,0
 9> <info> app: hr,853,18388, 0.00 ,0
 9> <info> app: hr,854,18377, 0.00 ,0
 9> <info> app: hr,855,18377, 0.00 ,0
 9> <info> app: hr,856,18392, 0.00 ,0
 9> <info> app: hr,857,18373, 0.00 ,0
 9> <info> app: hr,858,18400, 0.00 ,0
 9> <info> app: hr,859,18393, 0.00 ,0
 9> <info> app: hr,860,18391, 0.00 ,0
 9> <info> app: hr,861,18391, 0.00 ,0
 9> <info> app: hr,862,18396, 0.00 ,0
 9> <info> app: hr,863,18406, 0.00 ,0
 9> <info> app: hr,864,18395, 0.00 ,0
 9> <info> app: hr,865,18381, 0.00 ,0
 9> <info> app: hr,866,18392, 0.00 ,0
 9> <info> app: hr,867,18375, 0.00 ,0
 9> <info> app: hr,868,18400, 0.00 ,0
 9> <info> app: hr,869,18376, 0.00 ,0
 9> <info> app: hr,870,18399, 0.00 ,0
 9> <info> app: hr,871,18391, 1.00 ,1
 9> <info> app: hr,872,18392, 1.00 ,1
 9> <info> app: hr,873,18399, 1.00 ,1
 9> <info> app: hr,874,18397, 1.00 ,1
 9> <info> app: hr,875,18392, 1.00 ,1
 9> <info> app: hr,876,18389, 1.00 ,1
 9> <info> app: hr,877,18373, 0.00 ,0
 9> <info> app: hr,878,18405, 0.00 ,0
 9> <info> app: hr,879,18367, 0.00 ,0
 9> <info> app: hr,880,18393, 0.00 ,0
 9> <info> app: hr,881,18388, 0.00 ,0
 9> <info> app: hr,882,18368, 0.00 ,0
 9> <info> app: hr,883,18380, 1.00 ,1
 9> <info> app: hr,884,18389, 1.00 ,1
 9> <info> app: hr,885,18395, 1.00 ,1
 9> <info> app: hr,886,18363, 1.00 ,1
 9> <info> app: hr,887,18401, 1.00 ,1
 9> <info> app: hr,888,18376, 2.00 ,1
 9> <info> app: hr,889,18365, 2.00 ,1
 9> <info> app: hr,890,18411, 2.00 ,1
 9> <info> app: hr,891,18389, 1.00 ,1
 9> <info> app: hr,892,18404, 1.00 ,1
 9> <info> app: hr,893,18373, 2.00 ,1
 9> <info> app: hr,894,18387, 2.00 ,1
 9> <info> app: hr,895,18385, 2.00 ,1
 9> <info> app: hr,896,18384, 2.00 ,1
 9> <info> app: hr,897,18374, 2.00 ,1
 9> <info> app: hr,898,18394, 2.00 ,1
 9> <info> app: hr,899,18378, 3.00 ,1
 9> <info> app: hr,900,18380, 2.00 ,1
 9> <info> app: hr,901,18392, 2.00 ,1
 9> <info> app: hr,902,18409, 2.00 ,1
 9> <info> app: hr,903,18382, 2.00 ,1
 9> <info> app: hr,904,18414, 2.00 ,1
 9> <info> app: hr,905,18384, 2.00 ,1
 9> <info> app: hr,906,18375, 2.00 ,1
 9> <info> app: hr,907,18381, 2.00 ,1
 9> <info> app: hr,908,18386, 1.00 ,1
 9> <info> app: hr,909,18363, 1.00 ,1
 9> <info> app: hr,910,18396, 2.00 ,1
 9> <info> app: hr,911,18391, 2.00 ,1
 9> <info> app: hr,912,18405, 2.00 ,1
 9> <info> app: hr,913,18398, 2.00 ,1
 9> <info> app: hr,914,18367, 2.00 ,1
 9> <info> app: hr,915,18391, 2.00 ,1
 9> <info> app: hr,916,18391, 2.00 ,1
 9> <info> app: hr,917,18396, 1.00 ,1
 9> <info> app: hr,918,18415, 1.00 ,1
 9> <info> app: hr,919,18396, 1.00 ,1
 9> <info> app: hr,920,18383, 0.00 ,0
 9> <info> app: hr,921,18389, 0.00 ,0
 9> <info> app: hr,922,18401, 0.00 ,0
 9> <info> app: hr,923,18388, 0.00 ,0
 9> <info> app: hr,924,18393, 0.00 ,0
 9> <info> app: hr,925,18391, 0.00 ,0
 9> <info> app: hr,926,18376, 0.00 ,0
 9> <info> app: hr,927,18390, 0.00 ,0
 9> <info> app: hr,928,18394, 0.00 ,0
 9> <info> app: hr,929,18382, 0.00 ,0
 9> <info> app: hr,930,18372, 0.00 ,0
 9> <info> app: hr,931,18407, 0.00 ,0
 9> <info> app: hr,932,18393, 0.00 ,0
 9> <info> app: hr,933,18390, 0.00 ,0
 9> <info> app: hr,934,18388, 0.00 ,0
 9> <info> app: hr,935,18379, 0.00 ,0
 9> <info> app: hr,936,18390, 0.00 ,0
 9> <info> app: hr,937,18378, 0.00 ,0
 9> <info> app: hr,938,18381, 0.00 ,0
 9> <info> app: hr,939,18404, 0.00 ,0
 9> <info> app: hr,940,18375, 0.00 ,0
 9> <info> app: hr,941,18397, 0.00 ,0
 9> <info> app: hr,942,18403, 0.00 ,0
 9> <info> app: hr,943,18384, 0.00 ,0
 9> <info> app: hr,944,18400, 0.00 ,0
 9> <info> app: hr,945,18362, 0.00 ,0
 9> <info> app: hr,946,18412, 0.00 ,0
 9> <info> app: hr,947,18374, 0.00 ,0
 9> <info> app: hr,948,18394, 0.00 ,0
 9> <info> app: hr,949,18401, 0.00 ,0
 9> <info> app: hr,950,18367, -1.00 ,-1
 9> <info> app: hr,951,18400, -1.00 ,-1
 9> <info> app: hr,952,18389, -1.00 ,-1
 9> <info> app: hr,953,18383, 0.00 ,0
 9> <info> app: hr,954,18406, 0.00 ,0
 9> <info> app: hr,955,18401, 0.00 ,0
 9> <info> app: hr,956,18406, 0.00 ,0
 9> <info> app: hr,957,18390, 0.00 ,0
 9> <info> app: hr,958,18399, 0.00 ,0
 9> <info> app: hr,959,18396, 0.00 ,0
 9> <info> app: hr,960,18397, 0.00 ,0
 9> <info> app: hr,961,18384, 0.00 ,0
 9> <info> app: hr,962,18407, -1.00 ,-1
 9> <info> app: hr,963,18395, -1.00 ,-1
 9> <info> app: hr,964,18411, -1.00 ,-1
 9> <info> app: hr,965,18392, -1.00 ,-1
 9> <info> app: hr,966,18392, -2.00 ,-1
 9> <info> app: hr,967,18376, -2.00 ,-1
 9> <info> app: hr,968,18385, -2.00 ,-1
 9> <info> app: hr,969,18369, -1.00 ,-1
 9> <info> app: hr,970,18394, -1.00 ,-1
 9> <info> app: hr,971,18396, -1.00 ,-1
 9> <info> app: hr,972,18404, -1.00 ,-1
 9> <info> app: hr,973,18393, -1.00 ,-1
 9> <info> app: hr,974,18384, -1.00 ,-1
 9> <info> app: hr,975,18381, -1.00 ,-1
 9> <info> app: hr,976,18376, -1.00 ,-1
 9> <info> app: hr,977,18394, -1.00 ,-1
 9> <info> app: hr,978,18368, -1.00 ,-1
 9> <info> app: hr,979,18389, -1.00 ,-1
 9> <info> app: hr,980,18383, -1.00 ,-1
 9> <info> app: hr,981,18374, -1.00 ,-1
 9> <info> app: hr,982,18376, -1.00 ,-1
 9> <info> app: hr,983,18412, 0.00 ,0
 9> <info> app: hr,984,18386, 0.00 ,0
 9> <info> app: hr,985,18409, 0.00 ,0
 9> <info> app: hr,986,18400, 0.00 ,0
 9> <info> app: hr,987,18401, 0.00 ,0
 9> <info> app: hr,988,18393, 0.00 ,0
 9> <info> app: hr,989,18348, 0.00 ,0
 9> <info> app: hr,990,18378, 0.00 ,0
 9> <info> app: hr,991,18388, 0.00 ,0
 9> <info> app: hr,992,18369, 0.00 ,0
 9> <info> app: hr,993,18373, 1.00 ,1
 9> <info> app: hr,994,18380, 0.00 ,0
 9> <info> app: hr,995,18380, 0.00 ,0
 9> <info> app: hr,996,18399, 1.00 ,1
 9> <info> app: hr,997,18381, 1.00 ,1
 9> <info> app: hr,998,18386, 1.00 ,1
 9> <info> app: hr,999,18401, 1.00 ,1
 9> <info> app: hr,1000,18387, 1.00 ,1
 9> <info> app: hr,1001,18391, 2.00 ,1
 9> <info> app: hr,1002,18385, 2.00 ,1
 9> <info> app: hr,1003,18382, 2.00 ,1
 9> <info> app: hr,1004,18390, 2.00 ,1
 9> <info> app: hr,1005,18383, 1.00 ,1
 9> <info> app: hr,1006,18370, 1.00 ,1
 9> <info> app: hr,1007,18398, 1.00 ,1
 9> <info> app: hr,1008,18375, 2.00 ,1
 9> <info> app: hr,1009,18376, 2.00 ,1
 9> <info> app: hr,1010,18374, 2.00 ,1
 9> <info> app: hr,1011,18372, 2.00 ,1
 9> <info> app: hr,1012,18393, 2.00 ,1
 9> <info> app: hr,1013,18386, 3.00 ,1
 9> <info> app: hr,1014,18387, 2.00 ,1
 9> <info> app: hr,1015,18390, 2.00 ,1
 9> <info> app: hr,1016,18411, 2.00 ,1
 9> <info> app: hr,1017,18385, 2.00 ,1
 9> <info> app: hr,1018,18378, 2.00 ,1

# Logging stopped @ 23 Nov 2018 13:41:11
