# SEGGER J-Link RTT Viewer V6.16a Terminal Log File
# Compiled: 12:44:10 on Jun  6 2017
# Logging started @ 23 Nov 2018 13:43:09
 9> <info> app: ***********  Application started  ***********
 9> 
 9> <info> app: [OK] NRF Power ON 0x0004. 
 9> <info> app: Read MAC:CC34D2110EF6
 9> <info> app: ***********  Sensor initial ***********
 9> <info> app: [OK]	BMI160
 9> <info> app: [OK]	SETUP ACC
 9> <info> app: [OK]	SETUP STEP COUNT
 9> <info> app: [OK]	FLASH MEMORY
 9> <info> app: [OK]	OLED Initial
 9> <info> app: [OK]	Max30102 Initial, Temperature 34.12
 9> <info> app: ********** End sensor initial *********
 9> 
 9> <info> app: Max30102 Found
 9> 
 9> <info> app: HR Begin
 9> 
 9> <info> app: 1019
 9> <info> app: hr,50,18444, -1.00 ,0
 9> <info> app: hr,51,18460, -1.00 ,0
 9> <info> app: hr,52,18428, -1.00 ,0
 9> <info> app: hr,53,18426, -1.00 ,0
 9> <info> app: hr,54,18449, -1.00 ,0
 9> <info> app: hr,55,18428, -1.00 ,0
 9> <info> app: hr,56,18421, -1.00 ,0
 9> <info> app: hr,57,18415, -1.00 ,0
 9> <info> app: hr,58,18435, 0.00 ,0
 9> <info> app: hr,59,18427, 0.00 ,0
 9> <info> app: hr,60,18435, 0.00 ,0
 9> <info> app: hr,61,18433, 0.00 ,0
 9> <info> app: hr,62,18424, 0.00 ,0
 9> <info> app: hr,63,18443, 0.00 ,0
 9> <info> app: hr,64,18429, 0.00 ,0
 9> <info> app: hr,65,18445, 1.00 ,0
 9> <info> app: hr,66,18447, 1.00 ,0
 9> <info> app: hr,67,18440, 1.00 ,0
 9> <info> app: hr,68,18413, 1.00 ,0
 9> <info> app: hr,69,18430, 2.00 ,0
 9> <info> app: hr,70,18444, 2.00 ,0
 9> <info> app: hr,71,18422, 2.00 ,0
 9> <info> app: hr,72,18468, 3.00 ,0
 9> <info> app: hr,73,18428, 2.00 ,0
 9> <info> app: hr,74,18432, 2.00 ,0
 9> <info> app: hr,75,18433, 2.00 ,0
 9> <info> app: hr,76,18433, 2.00 ,0
 9> <info> app: hr,77,18467, 3.00 ,0
 9> <info> app: hr,78,18442, 3.00 ,0
 9> <info> app: hr,79,18438, 3.00 ,0
 9> <info> app: hr,80,18428, 2.00 ,0
 9> <info> app: hr,81,18429, 2.00 ,0
 9> <info> app: hr,82,18437, 2.00 ,0
 9> <info> app: hr,83,18430, 2.00 ,0
 9> <info> app: hr,84,18422, 2.00 ,0
 9> <info> app: hr,85,18424, 2.00 ,0
 9> <info> app: hr,86,18436, 3.00 ,0
 9> <info> app: hr,87,18427, 2.00 ,0
 9> <info> app: hr,88,18412, 2.00 ,0
 9> <info> app: hr,89,18440, 2.00 ,0
 9> <info> app: hr,90,18428, 3.00 ,0
 9> <info> app: hr,91,18430, 3.00 ,0
 9> <info> app: hr,92,18417, 3.00 ,0
 9> <info> app: hr,93,18425, 3.00 ,0
 9> <info> app: hr,94,18435, 3.00 ,0
 9> <info> app: hr,95,18405, 3.00 ,0
 9> <info> app: hr,96,18439, 3.00 ,0
 9> <info> app: hr,97,18435, 4.00 ,0
 9> <info> app: hr,98,18441, 4.00 ,0
 9> <info> app: hr,99,18423, 3.00 ,0
 9> <info> app: hr,100,18445, 3.00 ,0
 9> <info> app: hr,101,18454, 4.00 ,0
 9> <info> app: hr,102,18437, 4.00 ,0
 9> <info> app: hr,103,18444, 4.00 ,0
 9> <info> app: hr,104,18415, 3.00 ,0
 9> <info> app: hr,105,18426, 3.00 ,0
 9> <info> app: hr,106,18448, 3.00 ,0
 9> <info> app: hr,107,18425, 3.00 ,0
 9> <info> app: hr,108,18441, 3.00 ,0
 9> <info> app: hr,109,18454, 2.00 ,0
 9> <info> app: hr,110,18431, 2.00 ,0
 9> <info> app: hr,111,18433, 2.00 ,0
 9> <info> app: hr,112,18427, 2.00 ,0
 9> <info> app: hr,113,18420, 2.00 ,0
 9> <info> app: hr,114,18448, 2.00 ,0
 9> <info> app: hr,115,18433, 2.00 ,0
 9> <info> app: hr,116,18449, 2.00 ,0
 9> <info> app: hr,117,18459, 1.00 ,0
 9> <info> app: hr,118,18447, 1.00 ,0
 9> <info> app: hr,119,18446, 0.00 ,-1
 9> <info> app: hr,120,18443, 0.00 ,0
 9> <info> app: hr,121,18439, 0.00 ,0
 9> <info> app: hr,122,18441, 0.00 ,0
 9> <info> app: hr,123,18449, 0.00 ,0
 9> <info> app: hr,124,18436, 0.00 ,0
 9> <info> app: hr,125,18426, 0.00 ,0
 9> <info> app: hr,126,18450, 0.00 ,0
 9> <info> app: hr,127,18430, -1.00 ,0
 9> <info> app: hr,128,18447, -1.00 ,0
 9> <info> app: hr,129,18448, -1.00 ,0
 9> <info> app: hr,130,18434, -1.00 ,0
 9> <info> app: hr,131,18422, -2.00 ,0
 9> <info> app: hr,132,18424, -1.00 ,0
 9> <info> app: hr,133,18452, -1.00 ,0
 9> <info> app: hr,134,18442, -1.00 ,0
 9> <info> app: hr,135,18446, -1.00 ,0
 9> <info> app: hr,136,18431, -1.00 ,0
 9> <info> app: hr,137,18450, -2.00 ,0
 9> <info> app: hr,138,18435, -2.00 ,0
 9> <info> app: hr,139,18459, -2.00 ,0
 9> <info> app: hr,140,18454, -2.00 ,0
 9> <info> app: hr,141,18417, -2.00 ,0
 9> <info> app: hr,142,18448, -2.00 ,0
 9> <info> app: hr,143,18426, -2.00 ,0
 9> <info> app: hr,144,18429, -2.00 ,0
 9> <info> app: hr,145,18442, -2.00 ,0
 9> <info> app: hr,146,18430, -2.00 ,0
 9> <info> app: hr,147,18443, -2.00 ,0
 9> <info> app: hr,148,18472, -2.00 ,0
 9> <info> app: hr,149,18441, -2.00 ,0
 9> <info> app: hr,150,18433, -2.00 ,0
 9> <info> app: hr,151,18449, -2.00 ,0
 9> <info> app: hr,152,18448, -2.00 ,0
 9> <info> app: hr,153,18443, -2.00 ,0
 9> <info> app: hr,154,18439, -2.00 ,0
 9> <info> app: hr,155,18430, -2.00 ,0
 9> <info> app: hr,156,18437, -2.00 ,0
 9> <info> app: hr,157,18455, -3.00 ,-1
 9> <info> app: hr,158,18457, -2.00 ,0
 9> <info> app: hr,159,18435, -2.00 ,0
 9> <info> app: hr,160,18436, -2.00 ,0
 9> <info> app: hr,161,18432, -2.00 ,0
 9> <info> app: hr,162,18453, -2.00 ,0
 9> <info> app: hr,163,18415, -2.00 ,0
 9> <info> app: hr,164,18454, -2.00 ,0
 9> <info> app: hr,165,18457, -2.00 ,0
 9> <info> app: hr,166,18458, -2.00 ,0
 9> <info> app: hr,167,18419, -2.00 ,0
 9> <info> app: hr,168,18446, -2.00 ,0
 9> <info> app: hr,169,18433, -2.00 ,0
 9> <info> app: hr,170,18445, -2.00 ,0
 9> <info> app: hr,171,18454, -2.00 ,0
 9> <info> app: hr,172,18430, -2.00 ,0
 9> <info> app: hr,173,18417, -2.00 ,0
 9> <info> app: hr,174,18455, -1.00 ,1
 9> <info> app: hr,175,18442, -1.00 ,1
 9> <info> app: hr,176,18425, -1.00 ,0
 9> <info> app: hr,177,18458, -1.00 ,0
 9> <info> app: hr,178,18425, -1.00 ,0
 9> <info> app: hr,179,18443, -1.00 ,0
 9> <info> app: hr,180,18433, -1.00 ,0
 9> <info> app: hr,181,18441, -1.00 ,0
 9> <info> app: hr,182,18436, -1.00 ,0
 9> <info> app: hr,183,18427, -1.00 ,0
 9> <info> app: hr,184,18451, -1.00 ,0
 9> <info> app: hr,185,18468, -1.00 ,0
 9> <info> app: hr,186,18426, -1.00 ,0
 9> <info> app: hr,187,18437, 0.00 ,1
 9> <info> app: hr,188,18446, 0.00 ,1
 9> <info> app: hr,189,18420, 0.00 ,0
 9> <info> app: hr,190,18446, 0.00 ,0
 9> <info> app: hr,191,18423, 0.00 ,0
 9> <info> app: hr,192,18453, 0.00 ,0
 9> <info> app: hr,193,18419, 0.00 ,0
 9> <info> app: hr,194,18448, 0.00 ,0
 9> <info> app: hr,195,18422, 0.00 ,0
 9> <info> app: hr,196,18442, 0.00 ,0
 9> <info> app: hr,197,18435, 1.00 ,1
 9> <info> app: hr,198,18438, 0.00 ,0
 9> <info> app: hr,199,18461, 0.00 ,0
 9> <info> app: hr,200,18429, 0.00 ,0
 9> <info> app: hr,201,18447, 0.00 ,0
 9> <info> app: hr,202,18449, 0.00 ,0
 9> <info> app: hr,203,18403, 0.00 ,0
 9> <info> app: hr,204,18430, 0.00 ,0
 9> <info> app: hr,205,18440, 0.00 ,0
 9> <info> app: hr,206,18449, 0.00 ,0
 9> <info> app: hr,207,18437, 1.00 ,1
 9> <info> app: hr,208,18422, 1.00 ,1
 9> <info> app: hr,209,18438, 1.00 ,1
 9> <info> app: hr,210,18444, 1.00 ,1
 9> <info> app: hr,211,18445, 1.00 ,1
 9> <info> app: hr,212,18432, 1.00 ,1
 9> <info> app: hr,213,18442, 1.00 ,1
 9> <info> app: hr,214,18433, 1.00 ,1
 9> <info> app: hr,215,18429, 1.00 ,1
 9> <info> app: hr,216,18434, 2.00 ,1
 9> <info> app: hr,217,18457, 1.00 ,1
 9> <info> app: hr,218,18443, 1.00 ,1
 9> <info> app: hr,219,18430, 1.00 ,1
 9> <info> app: hr,220,18454, 1.00 ,1
 9> <info> app: hr,221,18435, 1.00 ,1
 9> <info> app: hr,222,18432, 1.00 ,1
 9> <info> app: hr,223,18428, 1.00 ,1
 9> <info> app: hr,224,18428, 1.00 ,1
 9> <info> app: hr,225,18452, 1.00 ,1
 9> <info> app: hr,226,18472, 1.00 ,1
 9> <info> app: hr,227,18450, 1.00 ,1
 9> <info> app: hr,228,18425, 1.00 ,1
 9> <info> app: hr,229,18438, 1.00 ,1
 9> <info> app: hr,230,18429, 0.00 ,0
 9> <info> app: hr,231,18438, 0.00 ,0
 9> <info> app: hr,232,18425, 0.00 ,0
 9> <info> app: hr,233,18415, 0.00 ,0
 9> <info> app: hr,234,18439, 0.00 ,0
 9> <info> app: hr,235,18427, 0.00 ,0
 9> <info> app: hr,236,18426, 0.00 ,0
 9> <info> app: hr,237,18427, 0.00 ,0
 9> <info> app: hr,238,18409, 0.00 ,0
 9> <info> app: hr,239,18441, 0.00 ,0
 9> <info> app: hr,240,18437, 1.00 ,1
 9> <info> app: hr,241,18435, 1.00 ,1
 9> <info> app: hr,242,18437, 1.00 ,1
 9> <info> app: hr,243,18455, 1.00 ,1
 9> <info> app: hr,244,18451, 1.00 ,1
 9> <info> app: hr,245,18439, 1.00 ,1
 9> <info> app: hr,246,18419, 1.00 ,1
 9> <info> app: hr,247,18420, 1.00 ,1
 9> <info> app: hr,248,18437, 2.00 ,1
 9> <info> app: hr,249,18427, 2.00 ,1
 9> <info> app: hr,250,18417, 1.00 ,1
 9> <info> app: hr,251,18456, 1.00 ,1
 9> <info> app: hr,252,18430, 1.00 ,1
 9> <info> app: hr,253,18431, 1.00 ,1
 9> <info> app: hr,254,18441, 1.00 ,1
 9> <info> app: hr,255,18424, 1.00 ,1
 9> <info> app: hr,256,18440, 2.00 ,1
 9> <info> app: hr,257,18435, 2.00 ,1
 9> <info> app: hr,258,18433, 2.00 ,1
 9> <info> app: hr,259,18456, 2.00 ,1
 9> <info> app: hr,260,18415, 1.00 ,1
 9> <info> app: hr,261,18433, 1.00 ,1
 9> <info> app: hr,262,18436, 1.00 ,1
 9> <info> app: hr,263,18430, 1.00 ,1
 9> <info> app: hr,264,18431, 1.00 ,1
 9> <info> app: hr,265,18455, 1.00 ,1
 9> <info> app: hr,266,18430, 1.00 ,1
 9> <info> app: hr,267,18427, 1.00 ,1
 9> <info> app: hr,268,18425, 1.00 ,1
 9> <info> app: hr,269,18429, 1.00 ,1
 9> <info> app: hr,270,18453, 1.00 ,1
 9> <info> app: hr,271,18428, 1.00 ,1
 9> <info> app: hr,272,18443, 1.00 ,1
 9> <info> app: hr,273,18423, 1.00 ,1
 9> <info> app: hr,274,18430, 0.00 ,0
 9> <info> app: hr,275,18446, 1.00 ,1
 9> <info> app: hr,276,18440, 1.00 ,1
 9> <info> app: hr,277,18459, 0.00 ,0
 9> <info> app: hr,278,18460, 0.00 ,0
 9> <info> app: hr,279,18401, 0.00 ,0
 9> <info> app: hr,280,18433, 0.00 ,0
 9> <info> app: hr,281,18438, 0.00 ,0
 9> <info> app: hr,282,18446, 0.00 ,0
 9> <info> app: hr,283,18444, 0.00 ,0
 9> <info> app: hr,284,18425, 0.00 ,0
 9> <info> app: hr,285,18436, 0.00 ,0
 9> <info> app: hr,286,18427, 0.00 ,0
 9> <info> app: hr,287,18415, 0.00 ,0
 9> <info> app: hr,288,18424, 0.00 ,0
 9> <info> app: hr,289,18416, 0.00 ,0
 9> <info> app: hr,290,18430, 0.00 ,0
 9> <info> app: hr,291,18445, 0.00 ,0
 9> <info> app: hr,292,18440, 0.00 ,0
 9> <info> app: hr,293,18440, 0.00 ,0
 9> <info> app: hr,294,18445, 0.00 ,0
 9> <info> app: hr,295,18426, 0.00 ,0
 9> <info> app: hr,296,18423, 0.00 ,0
 9> <info> app: hr,297,18441, 0.00 ,0
 9> <info> app: hr,298,18429, 0.00 ,0
 9> <info> app: hr,299,18427, 0.00 ,0
 9> <info> app: hr,300,18432, 0.00 ,0
 9> <info> app: hr,301,18432, 1.00 ,1
 9> <info> app: hr,302,18435, 1.00 ,1
 9> <info> app: hr,303,18448, 1.00 ,1
 9> <info> app: hr,304,18427, 1.00 ,1
 9> <info> app: hr,305,18453, 0.00 ,0
 9> <info> app: hr,306,18452, 0.00 ,0
 9> <info> app: hr,307,18429, 0.00 ,0
 9> <info> app: hr,308,18436, 0.00 ,0
 9> <info> app: hr,309,18420, 0.00 ,0
 9> <info> app: hr,310,18453, 0.00 ,0
 9> <info> app: hr,311,18441, 0.00 ,0
 9> <info> app: hr,312,18448, 0.00 ,0
 9> <info> app: hr,313,18443, 0.00 ,0
 9> <info> app: hr,314,18449, 0.00 ,0
 9> <info> app: hr,315,18433, 0.00 ,0
 9> <info> app: hr,316,18419, -1.00 ,-1
 9> <info> app: hr,317,18446, -1.00 ,-1
 9> <info> app: hr,318,18438, 0.00 ,0
 9> <info> app: hr,319,18440, 0.00 ,0
 9> <info> app: hr,320,18410, 0.00 ,0
 9> <info> app: hr,321,18443, 0.00 ,0
 9> <info> app: hr,322,18432, 0.00 ,0
 9> <info> app: hr,323,18435, 0.00 ,0
 9> <info> app: hr,324,18429, 0.00 ,0
 9> <info> app: hr,325,18449, 0.00 ,0
 9> <info> app: hr,326,18448, 0.00 ,0
 9> <info> app: hr,327,18419, 0.00 ,0
 9> <info> app: hr,328,18451, 0.00 ,0
 9> <info> app: hr,329,18434, -1.00 ,-1
 9> <info> app: hr,330,18433, -1.00 ,-1
 9> <info> app: hr,331,18410, -1.00 ,-1
 9> <info> app: hr,332,18429, -1.00 ,-1
 9> <info> app: hr,333,18442, -1.00 ,-1
 9> <info> app: hr,334,18416, 0.00 ,0
 9> <info> app: hr,335,18464, 0.00 ,0
 9> <info> app: hr,336,18456, 0.00 ,0
 9> <info> app: hr,337,18455, 0.00 ,0
 9> <info> app: hr,338,18450, -1.00 ,-1
 9> <info> app: hr,339,18429, -1.00 ,-1
 9> <info> app: hr,340,18431, -1.00 ,-1
 9> <info> app: hr,341,18425, -1.00 ,-1
 9> <info> app: hr,342,18422, 0.00 ,0
 9> <info> app: hr,343,18417, 0.00 ,0
 9> <info> app: hr,344,18437, 0.00 ,0
 9> <info> app: hr,345,18435, 0.00 ,0
 9> <info> app: hr,346,18437, 0.00 ,0
 9> <info> app: hr,347,18424, 0.00 ,0
 9> <info> app: hr,348,18426, 0.00 ,0
 9> <info> app: hr,349,18436, 0.00 ,0
 9> <info> app: hr,350,18436, 0.00 ,0
 9> <info> app: hr,351,18435, 0.00 ,0
 9> <info> app: hr,352,18459, 0.00 ,0
 9> <info> app: hr,353,18453, 0.00 ,0
 9> <info> app: hr,354,18443, 0.00 ,0
 9> <info> app: hr,355,18407, 0.00 ,0
 9> <info> app: hr,356,18415, 0.00 ,0
 9> <info> app: hr,357,18418, 0.00 ,0
 9> <info> app: hr,358,18420, 0.00 ,0
 9> <info> app: hr,359,18433, 0.00 ,0
 9> <info> app: hr,360,18441, 0.00 ,0
 9> <info> app: hr,361,18439, 1.00 ,1
 9> <info> app: hr,362,18387, 1.00 ,1
 9> <info> app: hr,363,18444, 1.00 ,1
 9> <info> app: hr,364,18454, 1.00 ,1
 9> <info> app: hr,365,18446, 0.00 ,0
 9> <info> app: hr,366,18445, 0.00 ,0
 9> <info> app: hr,367,18428, 1.00 ,1
 9> <info> app: hr,368,18416, 1.00 ,1
 9> <info> app: hr,369,18416, 1.00 ,1
 9> <info> app: hr,370,18424, 1.00 ,1
 9> <info> app: hr,371,18436, 1.00 ,1
 9> <info> app: hr,372,18423, 1.00 ,1
 9> <info> app: hr,373,18440, 1.00 ,1
 9> <info> app: hr,374,18430, 2.00 ,1
 9> <info> app: hr,375,18408, 2.00 ,1
 9> <info> app: hr,376,18418, 2.00 ,1
 9> <info> app: hr,377,18428, 1.00 ,1
 9> <info> app: hr,378,18425, 2.00 ,1
 9> <info> app: hr,379,18422, 2.00 ,1
 9> <info> app: hr,380,18433, 2.00 ,1
 9> <info> app: hr,381,18426, 2.00 ,1
 9> <info> app: hr,382,18436, 3.00 ,1
 9> <info> app: hr,383,18414, 3.00 ,1
 9> <info> app: hr,384,18441, 3.00 ,1
 9> <info> app: hr,385,18422, 2.00 ,1
 9> <info> app: hr,386,18411, 2.00 ,1
 9> <info> app: hr,387,18429, 3.00 ,1
 9> <info> app: hr,388,18418, 3.00 ,1
 9> <info> app: hr,389,18444, 3.00 ,1
 9> <info> app: hr,390,18430, 3.00 ,1
 9> <info> app: hr,391,18436, 3.00 ,1
 9> <info> app: hr,392,18437, 3.00 ,1
 9> <info> app: hr,393,18454, 3.00 ,1
 9> <info> app: hr,394,18431, 3.00 ,1
 9> <info> app: hr,395,18430, 3.00 ,1
 9> <info> app: hr,396,18422, 3.00 ,1
 9> <info> app: hr,397,18422, 2.00 ,1
 9> <info> app: hr,398,18446, 2.00 ,1
 9> <info> app: hr,399,18434, 2.00 ,1
 9> <info> app: hr,400,18417, 2.00 ,1
 9> <info> app: hr,401,18442, 2.00 ,1
 9> <info> app: hr,402,18411, 2.00 ,1
 9> <info> app: hr,403,18435, 2.00 ,1
 9> <info> app: hr,404,18456, 2.00 ,1
 9> <info> app: hr,405,18434, 0.00 ,0
 9> <info> app: hr,406,18430, 0.00 ,0
 9> <info> app: hr,407,18448, 0.00 ,0
 9> <info> app: hr,408,18438, 0.00 ,0
 9> <info> app: hr,409,18415, 0.00 ,0
 9> <info> app: hr,410,18436, 0.00 ,0
 9> <info> app: hr,411,18443, 0.00 ,0
 9> <info> app: hr,412,18442, 0.00 ,0
 9> <info> app: hr,413,18442, 0.00 ,0
 9> <info> app: hr,414,18426, 0.00 ,0
 9> <info> app: hr,415,18444, 0.00 ,0
 9> <info> app: hr,416,18445, 0.00 ,0
 9> <info> app: hr,417,18428, -1.00 ,-1
 9> <info> app: hr,418,18436, -1.00 ,-1
 9> <info> app: hr,419,18418, -1.00 ,-1
 9> <info> app: hr,420,18444, -1.00 ,-1
 9> <info> app: hr,421,18439, -1.00 ,-1
 9> <info> app: hr,422,18453, -1.00 ,-1
 9> <info> app: hr,423,18417, -1.00 ,-1
 9> <info> app: hr,424,18420, -1.00 ,-1
 9> <info> app: hr,425,18443, -1.00 ,-1
 9> <info> app: hr,426,18438, -1.00 ,-1
 9> <info> app: hr,427,18430, -2.00 ,-1
 9> <info> app: hr,428,18442, -2.00 ,-1
 9> <info> app: hr,429,18452, -2.00 ,-1
 9> <info> app: hr,430,18431, -2.00 ,-1
 9> <info> app: hr,431,18425, -2.00 ,-1
 9> <info> app: hr,432,18428, -1.00 ,-1
 9> <info> app: hr,433,18429, -1.00 ,-1
 9> <info> app: hr,434,18425, -1.00 ,-1
 9> <info> app: hr,435,18439, -2.00 ,-1
 9> <info> app: hr,436,18441, -2.00 ,-1
 9> <info> app: hr,437,18431, -2.00 ,-1
 9> <info> app: hr,438,18436, -2.00 ,-1
 9> <info> app: hr,439,18456, -2.00 ,-1
 9> <info> app: hr,440,18442, -2.00 ,-1
 9> <info> app: hr,441,18436, -1.00 ,-1
 9> <info> app: hr,442,18422, -1.00 ,-1
 9> <info> app: hr,443,18448, -1.00 ,-1
 9> <info> app: hr,444,18448, -1.00 ,-1
 9> <info> app: hr,445,18437, -2.00 ,-1
 9> <info> app: hr,446,18466, -2.00 ,-1
 9> <info> app: hr,447,18428, -2.00 ,-1
 9> <info> app: hr,448,18450, -2.00 ,-1
 9> <info> app: hr,449,18444, -2.00 ,-1
 9> <info> app: hr,450,18430, -3.00 ,-1
 9> <info> app: hr,451,18458, -2.00 ,-1
 9> <info> app: hr,452,18441, -2.00 ,-1
 9> <info> app: hr,453,18448, -2.00 ,-1
 9> <info> app: hr,454,18435, -3.00 ,-1
 9> <info> app: hr,455,18437, -3.00 ,-1
 9> <info> app: hr,456,18444, -3.00 ,-1
 9> <info> app: hr,457,18444, -2.00 ,-1
 9> <info> app: hr,458,18454, -3.00 ,-1
 9> <info> app: hr,459,18426, -3.00 ,-1
 9> <info> app: hr,460,18429, -3.00 ,-1
 9> <info> app: hr,461,18433, -3.00 ,-1
 9> <info> app: hr,462,18437, -3.00 ,-1
 9> <info> app: hr,463,18453, -3.00 ,-1
 9> <info> app: hr,464,18432, -3.00 ,-1
 9> <info> app: hr,465,18439, -3.00 ,-1
 9> <info> app: hr,466,18438, -3.00 ,-1
 9> <info> app: hr,467,18453, -3.00 ,-1
 9> <info> app: hr,468,18443, -3.00 ,-1
 9> <info> app: hr,469,18454, -2.00 ,-1
 9> <info> app: hr,470,18449, -2.00 ,-1
 9> <info> app: hr,471,18445, -3.00 ,-1
 9> <info> app: hr,472,18461, -3.00 ,-1
 9> <info> app: hr,473,18450, -3.00 ,-1
 9> <info> app: hr,474,18436, -3.00 ,-1
 9> <info> app: hr,475,18438, -3.00 ,-1
 9> <info> app: hr,476,18450, -3.00 ,-1
 9> <info> app: hr,477,18426, -3.00 ,-1
 9> <info> app: hr,478,18416, -3.00 ,-1
 9> <info> app: hr,479,18430, -3.00 ,-1
 9> <info> app: hr,480,18441, -3.00 ,-1
 9> <info> app: hr,481,18440, -2.00 ,-1
 9> <info> app: hr,482,18430, -2.00 ,-1
 9> <info> app: hr,483,18431, -2.00 ,-1
 9> <info> app: hr,484,18449, -2.00 ,-1
 9> <info> app: hr,485,18440, -2.00 ,-1
 9> <info> app: hr,486,18427, -2.00 ,-1
 9> <info> app: hr,487,18438, -2.00 ,-1
 9> <info> app: hr,488,18446, -2.00 ,-1
 9> <info> app: hr,489,18429, 0.00 ,0
 9> <info> app: hr,490,18413, 0.00 ,0
 9> <info> app: hr,491,18454, 0.00 ,0
 9> <info> app: hr,492,18433, 0.00 ,0
 9> <info> app: hr,493,18444, 0.00 ,0
 9> <info> app: hr,494,18458, 0.00 ,0
 9> <info> app: hr,495,18445, 0.00 ,0
 9> <info> app: hr,496,18438, 0.00 ,0
 9> <info> app: hr,497,18416, 0.00 ,0
 9> <info> app: hr,498,18449, 0.00 ,0
 9> <info> app: hr,499,18441, 0.00 ,0
 9> <info> app: hr,500,18434, 0.00 ,0
 9> <info> app: hr,501,18440, 0.00 ,0
 9> <info> app: hr,502,18433, 0.00 ,0
 9> <info> app: hr,503,18456, 0.00 ,0
 9> <info> app: hr,504,18428, 0.00 ,0
 9> <info> app: hr,505,18427, 0.00 ,0
 9> <info> app: hr,506,18417, 0.00 ,0
 9> <info> app: hr,507,18420, 0.00 ,0
 9> <info> app: hr,508,18456, 1.00 ,1
 9> <info> app: hr,509,18425, 1.00 ,1
 9> <info> app: hr,510,18437, 1.00 ,1
 9> <info> app: hr,511,18422, 1.00 ,1
 9> <info> app: hr,512,18426, 1.00 ,1
 9> <info> app: hr,513,18432, 1.00 ,1
 9> <info> app: hr,514,18428, 1.00 ,1
 9> <info> app: hr,515,18435, 1.00 ,1
 9> <info> app: hr,516,18427, 1.00 ,1
 9> <info> app: hr,517,18403, 2.00 ,1
 9> <info> app: hr,518,18435, 2.00 ,1
 9> <info> app: hr,519,18440, 2.00 ,1
 9> <info> app: hr,520,18438, 3.00 ,1
 9> <info> app: hr,521,18445, 3.00 ,1
 9> <info> app: hr,522,18413, 2.00 ,1
 9> <info> app: hr,523,18418, 2.00 ,1
 9> <info> app: hr,524,18444, 3.00 ,1
 9> <info> app: hr,525,18434, 3.00 ,1
 9> <info> app: hr,526,18435, 3.00 ,1
 9> <info> app: hr,527,18433, 4.00 ,1
 9> <info> app: hr,528,18445, 3.00 ,1
 9> <info> app: hr,529,18433, 3.00 ,1
 9> <info> app: hr,530,18448, 3.00 ,1
 9> <info> app: hr,531,18427, 3.00 ,1
 9> <info> app: hr,532,18438, 3.00 ,1
 9> <info> app: hr,533,18435, 3.00 ,1
 9> <info> app: hr,534,18434, 2.00 ,0
 9> <info> app: hr,535,18448, 2.00 ,0
 9> <info> app: hr,536,18413, 2.00 ,0
 9> <info> app: hr,537,18451, 2.00 ,0
 9> <info> app: hr,538,18431, 2.00 ,0
 9> <info> app: hr,539,18424, 2.00 ,0
 9> <info> app: hr,540,18446, 2.00 ,0
 9> <info> app: hr,541,18451, 2.00 ,0
 9> <info> app: hr,542,18440, 1.00 ,0
 9> <info> app: hr,543,18419, 1.00 ,0
 9> <info> app: hr,544,18431, 1.00 ,0
 9> <info> app: hr,545,18432, 1.00 ,0
 9> <info> app: hr,546,18441, 1.00 ,0
 9> <info> app: hr,547,18449, 1.00 ,0
 9> <info> app: hr,548,18447, 1.00 ,0
 9> <info> app: hr,549,18425, 1.00 ,0
 9> <info> app: hr,550,18440, 1.00 ,0
 9> <info> app: hr,551,18409, 1.00 ,0
 9> <info> app: hr,552,18451, 1.00 ,0
 9> <info> app: hr,553,18444, 0.00 ,-1
 9> <info> app: hr,554,18426, 0.00 ,-1
 9> <info> app: hr,555,18421, 0.00 ,0
 9> <info> app: hr,556,18438, 0.00 ,0
 9> <info> app: hr,557,18453, 0.00 ,0
 9> <info> app: hr,558,18430, 0.00 ,0
 9> <info> app: hr,559,18430, 0.00 ,0
 9> <info> app: hr,560,18440, 0.00 ,0
 9> <info> app: hr,561,18461, 0.00 ,0
 9> <info> app: hr,562,18430, 0.00 ,0
 9> <info> app: hr,563,18436, 0.00 ,0
 9> <info> app: hr,564,18457, 0.00 ,0
 9> <info> app: hr,565,18437, 0.00 ,0
 9> <info> app: hr,566,18424, 0.00 ,0
 9> <info> app: hr,567,18437, 0.00 ,0
 9> <info> app: hr,568,18458, 0.00 ,0
 9> <info> app: hr,569,18435, 0.00 ,0
 9> <info> app: hr,570,18428, 0.00 ,0
 9> <info> app: hr,571,18452, -1.00 ,-1
 9> <info> app: hr,572,18446, -1.00 ,-1
 9> <info> app: hr,573,18466, -1.00 ,-1
 9> <info> app: hr,574,18448, -1.00 ,-1
 9> <info> app: hr,575,18417, -2.00 ,-1
 9> <info> app: hr,576,18440, -2.00 ,-1
 9> <info> app: hr,577,18452, -2.00 ,-1
 9> <info> app: hr,578,18442, -2.00 ,-1
 9> <info> app: hr,579,18433, -1.00 ,-1
 9> <info> app: hr,580,18457, -2.00 ,-1
 9> <info> app: hr,581,18454, -2.00 ,-1
 9> <info> app: hr,582,18450, -2.00 ,-1
 9> <info> app: hr,583,18420, -2.00 ,-1
 9> <info> app: hr,584,18406, -3.00 ,-1
 9> <info> app: hr,585,18417, -3.00 ,-1
 9> <info> app: hr,586,18423, -2.00 ,-1
 9> <info> app: hr,587,18454, -2.00 ,-1
 9> <info> app: hr,588,18439, -2.00 ,-1
 9> <info> app: hr,589,18453, -2.00 ,-1
 9> <info> app: hr,590,18454, -2.00 ,-1
 9> <info> app: hr,591,18450, -2.00 ,-1
 9> <info> app: hr,592,18441, -2.00 ,-1
 9> <info> app: hr,593,18442, -2.00 ,-1
 9> <info> app: hr,594,18448, -1.00 ,-1
 9> <info> app: hr,595,18410, -1.00 ,-1
 9> <info> app: hr,596,18447, -1.00 ,-1
 9> <info> app: hr,597,18435, -1.00 ,-1
 9> <info> app: hr,598,18401, -1.00 ,-1
 9> <info> app: hr,599,18447, -1.00 ,-1
 9> <info> app: hr,600,18417, -1.00 ,-1
 9> <info> app: hr,601,18448, -1.00 ,-1
 9> <info> app: hr,602,18431, -1.00 ,-1
 9> <info> app: hr,603,18455, -1.00 ,-1
 9> <info> app: hr,604,18441, -1.00 ,-1
 9> <info> app: hr,605,18421, -1.00 ,-1
 9> <info> app: hr,606,18440, 0.00 ,0
 9> <info> app: hr,607,18430, 0.00 ,0
 9> <info> app: hr,608,18441, 0.00 ,0
 9> <info> app: hr,609,18437, 0.00 ,0
 9> <info> app: hr,610,18435, 0.00 ,0
 9> <info> app: hr,611,18446, 0.00 ,0
 9> <info> app: hr,612,18418, 0.00 ,0
 9> <info> app: hr,613,18439, 0.00 ,0
 9> <info> app: hr,614,18450, 0.00 ,0
 9> <info> app: hr,615,18441, 0.00 ,0
 9> <info> app: hr,616,18438, 0.00 ,0
 9> <info> app: hr,617,18438, 0.00 ,0
 9> <info> app: hr,618,18454, 0.00 ,0
 9> <info> app: hr,619,18444, 0.00 ,0
 9> <info> app: hr,620,18431, 0.00 ,0
 9> <info> app: hr,621,18430, 0.00 ,0
 9> <info> app: hr,622,18441, 0.00 ,0
 9> <info> app: hr,623,18432, 0.00 ,0
 9> <info> app: hr,624,18451, 0.00 ,0
 9> <info> app: hr,625,18438, 0.00 ,0
 9> <info> app: hr,626,18409, 0.00 ,0
 9> <info> app: hr,627,18426, 0.00 ,0
 9> <info> app: hr,628,18450, 0.00 ,0
 9> <info> app: hr,629,18455, 0.00 ,0
 9> <info> app: hr,630,18424, 0.00 ,0
 9> <info> app: hr,631,18417, 0.00 ,0
 9> <info> app: hr,632,18432, 0.00 ,0
 9> <info> app: hr,633,18465, 0.00 ,0
 9> <info> app: hr,634,18419, 0.00 ,0
 9> <info> app: hr,635,18455, 0.00 ,0
 9> <info> app: hr,636,18426, 0.00 ,0
 9> <info> app: hr,637,18445, 0.00 ,0
 9> <info> app: hr,638,18419, 0.00 ,0
 9> <info> app: hr,639,18439, 0.00 ,0
 9> <info> app: hr,640,18443, 1.00 ,1
 9> <info> app: hr,641,18428, 1.00 ,1
 9> <info> app: hr,642,18430, 1.00 ,1
 9> <info> app: hr,643,18406, 1.00 ,1
 9> <info> app: hr,644,18439, 1.00 ,1
 9> <info> app: hr,645,18435, 0.00 ,0
 9> <info> app: hr,646,18431, 0.00 ,0
 9> <info> app: hr,647,18420, 0.00 ,0
 9> <info> app: hr,648,18425, 1.00 ,1
 9> <info> app: hr,649,18422, 1.00 ,1
 9> <info> app: hr,650,18429, 1.00 ,1
 9> <info> app: hr,651,18434, 1.00 ,1
 9> <info> app: hr,652,18449, 2.00 ,1
 9> <info> app: hr,653,18437, 2.00 ,1
 9> <info> app: hr,654,18456, 2.00 ,1
 9> <info> app: hr,655,18421, 2.00 ,1
 9> <info> app: hr,656,18445, 2.00 ,1
 9> <info> app: hr,657,18416, 1.00 ,1
 9> <info> app: hr,658,18432, 1.00 ,1
 9> <info> app: hr,659,18454, 1.00 ,1
 9> <info> app: hr,660,18428, 2.00 ,1
 9> <info> app: hr,661,18439, 2.00 ,1
 9> <info> app: hr,662,18468, 2.00 ,1
 9> <info> app: hr,663,18425, 1.00 ,1
 9> <info> app: hr,664,18423, 1.00 ,1
 9> <info> app: hr,665,18421, 1.00 ,1
 9> <info> app: hr,666,18435, 1.00 ,1
 9> <info> app: hr,667,18432, 1.00 ,1
 9> <info> app: hr,668,18418, 1.00 ,1
 9> <info> app: hr,669,18431, 1.00 ,1
 9> <info> app: hr,670,18437, 1.00 ,1
 9> <info> app: hr,671,18429, 1.00 ,1
 9> <info> app: hr,672,18442, 1.00 ,1
 9> <info> app: hr,673,18414, 1.00 ,1
 9> <info> app: hr,674,18429, 1.00 ,1
 9> <info> app: hr,675,18435, 1.00 ,1
 9> <info> app: hr,676,18434, 1.00 ,1
 9> <info> app: hr,677,18438, 1.00 ,1
 9> <info> app: hr,678,18429, 1.00 ,1
 9> <info> app: hr,679,18440, 1.00 ,1
 9> <info> app: hr,680,18457, 2.00 ,1
 9> <info> app: hr,681,18432, 1.00 ,1
 9> <info> app: hr,682,18423, 0.00 ,0
 9> <info> app: hr,683,18440, 0.00 ,0
 9> <info> app: hr,684,18429, 0.00 ,0
 9> <info> app: hr,685,18421, 0.00 ,0
 9> <info> app: hr,686,18422, 0.00 ,0
 9> <info> app: hr,687,18429, 1.00 ,1
 9> <info> app: hr,688,18439, 1.00 ,1
 9> <info> app: hr,689,18432, 1.00 ,1
 9> <info> app: hr,690,18440, 1.00 ,1
 9> <info> app: hr,691,18436, 1.00 ,1
 9> <info> app: hr,692,18424, 1.00 ,1
 9> <info> app: hr,693,18416, 1.00 ,1
 9> <info> app: hr,694,18448, 1.00 ,1
 9> <info> app: hr,695,18432, 1.00 ,1
 9> <info> app: hr,696,18427, 1.00 ,1
 9> <info> app: hr,697,18438, 1.00 ,1
 9> <info> app: hr,698,18423, 0.00 ,0
 9> <info> app: hr,699,18441, 0.00 ,0
 9> <info> app: hr,700,18440, 0.00 ,0
 9> <info> app: hr,701,18426, 0.00 ,0
 9> <info> app: hr,702,18449, 0.00 ,0
 9> <info> app: hr,703,18454, 0.00 ,0
 9> <info> app: hr,704,18461, 0.00 ,0
 9> <info> app: hr,705,18449, 0.00 ,0
 9> <info> app: hr,706,18432, 0.00 ,0
 9> <info> app: hr,707,18463, 0.00 ,0
 9> <info> app: hr,708,18437, 0.00 ,0
 9> <info> app: hr,709,18435, 0.00 ,0
 9> <info> app: hr,710,18433, -1.00 ,-1
 9> <info> app: hr,711,18423, -1.00 ,-1
 9> <info> app: hr,712,18433, -1.00 ,-1
 9> <info> app: hr,713,18420, -1.00 ,-1
 9> <info> app: hr,714,18426, -1.00 ,-1
 9> <info> app: hr,715,18433, -2.00 ,-1
 9> <info> app: hr,716,18435, -1.00 ,-1
 9> <info> app: hr,717,18447, -1.00 ,-1
 9> <info> app: hr,718,18431, -1.00 ,-1
 9> <info> app: hr,719,18431, -1.00 ,-1
 9> <info> app: hr,720,18448, -1.00 ,-1
 9> <info> app: hr,721,18433, -1.00 ,-1
 9> <info> app: hr,722,18442, -1.00 ,-1
 9> <info> app: hr,723,18443, -1.00 ,-1
 9> <info> app: hr,724,18441, -1.00 ,-1
 9> <info> app: hr,725,18452, -1.00 ,-1
 9> <info> app: hr,726,18438, -1.00 ,-1
 9> <info> app: hr,727,18447, -2.00 ,-1
 9> <info> app: hr,728,18424, -1.00 ,-1
 9> <info> app: hr,729,18436, -1.00 ,-1
 9> <info> app: hr,730,18440, -1.00 ,-1
 9> <info> app: hr,731,18445, -1.00 ,-1
 9> <info> app: hr,732,18452, -1.00 ,-1
 9> <info> app: hr,733,18432, -1.00 ,-1
 9> <info> app: hr,734,18425, -2.00 ,-1
 9> <info> app: hr,735,18434, -2.00 ,-1
 9> <info> app: hr,736,18439, -2.00 ,-1
 9> <info> app: hr,737,18422, -2.00 ,-1
 9> <info> app: hr,738,18457, -1.00 ,-1
 9> <info> app: hr,739,18441, -1.00 ,-1
 9> <info> app: hr,740,18452, -1.00 ,-1
 9> <info> app: hr,741,18416, -1.00 ,-1
 9> <info> app: hr,742,18448, -1.00 ,-1
 9> <info> app: hr,743,18466, -1.00 ,-1
 9> <info> app: hr,744,18448, -1.00 ,-1
 9> <info> app: hr,745,18421, -2.00 ,-1
 9> <info> app: hr,746,18468, -2.00 ,-1
 9> <info> app: hr,747,18426, -2.00 ,-1
 9> <info> app: hr,748,18451, -2.00 ,-1
 9> <info> app: hr,749,18439, -1.00 ,-1
 9> <info> app: hr,750,18419, -2.00 ,-1
 9> <info> app: hr,751,18471, -2.00 ,-1
 9> <info> app: hr,752,18443, -2.00 ,-1
 9> <info> app: hr,753,18432, -2.00 ,-1
 9> <info> app: hr,754,18453, -2.00 ,-1
 9> <info> app: hr,755,18444, -2.00 ,-1
 9> <info> app: hr,756,18422, -3.00 ,-1
 9> <info> app: hr,757,18428, -2.00 ,-1
 9> <info> app: hr,758,18432, -2.00 ,-1
 9> <info> app: hr,759,18444, -2.00 ,-1
 9> <info> app: hr,760,18418, -2.00 ,-1
 9> <info> app: hr,761,18433, -2.00 ,-1
 9> <info> app: hr,762,18477, -2.00 ,-1
 9> <info> app: hr,763,18443, -2.00 ,-1
 9> <info> app: hr,764,18443, -2.00 ,-1
 9> <info> app: hr,765,18449, -1.00 ,-1
 9> <info> app: hr,766,18451, -1.00 ,-1
 9> <info> app: hr,767,18437, -1.00 ,-1
 9> <info> app: hr,768,18441, -1.00 ,-1
 9> <info> app: hr,769,18451, -1.00 ,-1
 9> <info> app: hr,770,18435, -1.00 ,-1
 9> <info> app: hr,771,18442, -1.00 ,-1
 9> <info> app: hr,772,18424, -2.00 ,-1
 9> <info> app: hr,773,18412, -2.00 ,-1
 9> <info> app: hr,774,18418, -1.00 ,-1
 9> <info> app: hr,775,18428, -1.00 ,-1
 9> <info> app: hr,776,18434, -1.00 ,-1
 9> <info> app: hr,777,18442, 0.00 ,0
 9> <info> app: hr,778,18427, 0.00 ,0
 9> <info> app: hr,779,18434, 0.00 ,0
 9> <info> app: hr,780,18426, 0.00 ,0
 9> <info> app: hr,781,18429, 0.00 ,0
 9> <info> app: hr,782,18431, 0.00 ,0
 9> <info> app: hr,783,18444, 1.00 ,1
 9> <info> app: hr,784,18424, 1.00 ,1
 9> <info> app: hr,785,18449, 0.00 ,0
 9> <info> app: hr,786,18419, 0.00 ,0
 9> <info> app: hr,787,18444, 1.00 ,1
 9> <info> app: hr,788,18417, 1.00 ,1
 9> <info> app: hr,789,18443, 1.00 ,1
 9> <info> app: hr,790,18427, 1.00 ,1
 9> <info> app: hr,791,18427, 2.00 ,1
 9> <info> app: hr,792,18410, 2.00 ,1
 9> <info> app: hr,793,18436, 2.00 ,1
 9> <info> app: hr,794,18428, 2.00 ,1
 9> <info> app: hr,795,18432, 3.00 ,1
 9> <info> app: hr,796,18422, 2.00 ,1
 9> <info> app: hr,797,18440, 2.00 ,1
 9> <info> app: hr,798,18424, 3.00 ,1
 9> <info> app: hr,799,18412, 3.00 ,1
 9> <info> app: hr,800,18425, 3.00 ,1
 9> <info> app: hr,801,18445, 4.00 ,1
 9> <info> app: hr,802,18430, 3.00 ,1
 9> <info> app: hr,803,18420, 3.00 ,1
 9> <info> app: hr,804,18418, 4.00 ,1
 9> <info> app: hr,805,18442, 4.00 ,1
 9> <info> app: hr,806,18404, 4.00 ,1
 9> <info> app: hr,807,18461, 4.00 ,1
 9> <info> app: hr,808,18450, 4.00 ,1
 9> <info> app: hr,809,18443, 4.00 ,1
 9> <info> app: hr,810,18444, 4.00 ,1
 9> <info> app: hr,811,18452, 3.00 ,1
 9> <info> app: hr,812,18436, 3.00 ,1
 9> <info> app: hr,813,18428, 3.00 ,1
 9> <info> app: hr,814,18417, 3.00 ,1
 9> <info> app: hr,815,18448, 3.00 ,1
 9> <info> app: hr,816,18434, 3.00 ,1
 9> <info> app: hr,817,18432, 2.00 ,1
 9> <info> app: hr,818,18408, 2.00 ,1
 9> <info> app: hr,819,18425, 2.00 ,1
 9> <info> app: hr,820,18438, 2.00 ,1
 9> <info> app: hr,821,18447, 2.00 ,1
 9> <info> app: hr,822,18461, 2.00 ,1
 9> <info> app: hr,823,18408, 2.00 ,1
 9> <info> app: hr,824,18424, 2.00 ,1
 9> <info> app: hr,825,18440, 1.00 ,0
 9> <info> app: hr,826,18443, 1.00 ,0
 9> <info> app: hr,827,18403, 1.00 ,0
 9> <info> app: hr,828,18440, 1.00 ,0
 9> <info> app: hr,829,18422, 1.00 ,0
 9> <info> app: hr,830,18411, 1.00 ,0
 9> <info> app: hr,831,18445, 1.00 ,0
 9> <info> app: hr,832,18434, 1.00 ,0
 9> <info> app: hr,833,18422, 1.00 ,0
 9> <info> app: hr,834,18450, 1.00 ,0
 9> <info> app: hr,835,18456, 1.00 ,0
 9> <info> app: hr,836,18442, 1.00 ,0
 9> <info> app: hr,837,18448, 1.00 ,0
 9> <info> app: hr,838,18412, 0.00 ,-1
 9> <info> app: hr,839,18455, 0.00 ,-1
 9> <info> app: hr,840,18443, 0.00 ,0
 9> <info> app: hr,841,18435, 0.00 ,0
 9> <info> app: hr,842,18455, 0.00 ,0
 9> <info> app: hr,843,18457, 0.00 ,0
 9> <info> app: hr,844,18433, -1.00 ,0
 9> <info> app: hr,845,18457, 0.00 ,0
 9> <info> app: hr,846,18429, 0.00 ,0
 9> <info> app: hr,847,18415, -1.00 ,0
 9> <info> app: hr,848,18439, -1.00 ,0
 9> <info> app: hr,849,18442, -1.00 ,0
 9> <info> app: hr,850,18447, -1.00 ,0
 9> <info> app: hr,851,18443, -1.00 ,0
 9> <info> app: hr,852,18450, -2.00 ,0
 9> <info> app: hr,853,18445, -2.00 ,0
 9> <info> app: hr,854,18418, -2.00 ,0
 9> <info> app: hr,855,18455, -3.00 ,-1
 9> <info> app: hr,856,18430, -2.00 ,0
 9> <info> app: hr,857,18455, -2.00 ,0
 9> <info> app: hr,858,18431, -2.00 ,0
 9> <info> app: hr,859,18434, -3.00 ,0
 9> <info> app: hr,860,18459, -3.00 ,0
 9> <info> app: hr,861,18433, -3.00 ,0
 9> <info> app: hr,862,18442, -3.00 ,0
 9> <info> app: hr,863,18442, -2.00 ,0
 9> <info> app: hr,864,18448, -3.00 ,0
 9> <info> app: hr,865,18429, -3.00 ,0
 9> <info> app: hr,866,18434, -3.00 ,0
 9> <info> app: hr,867,18438, -3.00 ,0
 9> <info> app: hr,868,18456, -3.00 ,0
 9> <info> app: hr,869,18451, -3.00 ,0
 9> <info> app: hr,870,18453, -3.00 ,0
 9> <info> app: hr,871,18418, -3.00 ,0
 9> <info> app: hr,872,18456, -3.00 ,0
 9> <info> app: hr,873,18442, -3.00 ,0
 9> <info> app: hr,874,18439, -3.00 ,0
 9> <info> app: hr,875,18437, -3.00 ,0
 9> <info> app: hr,876,18400, -3.00 ,0
 9> <info> app: hr,877,18434, -3.00 ,0
 9> <info> app: hr,878,18422, -3.00 ,0
 9> <info> app: hr,879,18441, -3.00 ,0
 9> <info> app: hr,880,18442, -2.00 ,1
 9> <info> app: hr,881,18431, -1.00 ,1
 9> <info> app: hr,882,18435, -1.00 ,0
 9> <info> app: hr,883,18435, -1.00 ,0
 9> <info> app: hr,884,18442, -1.00 ,0
 9> <info> app: hr,885,18447, -1.00 ,0
 9> <info> app: hr,886,18447, -1.00 ,0
 9> <info> app: hr,887,18454, -1.00 ,0
 9> <info> app: hr,888,18446, -1.00 ,0
 9> <info> app: hr,889,18440, -1.00 ,0
 9> <info> app: hr,890,18443, -1.00 ,0
 9> <info> app: hr,891,18447, -1.00 ,0
 9> <info> app: hr,892,18430, -1.00 ,0
 9> <info> app: hr,893,18454, 0.00 ,1
 9> <info> app: hr,894,18445, 0.00 ,1
 9> <info> app: hr,895,18432, 0.00 ,0
 9> <info> app: hr,896,18412, 0.00 ,0
 9> <info> app: hr,897,18436, 0.00 ,0
 9> <info> app: hr,898,18427, 0.00 ,0
 9> <info> app: hr,899,18393, 0.00 ,0
 9> <info> app: hr,900,18457, 0.00 ,0
 9> <info> app: hr,901,18442, 0.00 ,0
 9> <info> app: hr,902,18423, 0.00 ,0
 9> <info> app: hr,903,18438, 0.00 ,0
 9> <info> app: hr,904,18440, 0.00 ,0
 9> <info> app: hr,905,18452, 0.00 ,0
 9> <info> app: hr,906,18452, 0.00 ,0
 9> <info> app: hr,907,18437, 0.00 ,0
 9> <info> app: hr,908,18421, 0.00 ,0
 9> <info> app: hr,909,18427, 0.00 ,0
 9> <info> app: hr,910,18456, 0.00 ,0
 9> <info> app: hr,911,18431, 0.00 ,0
 9> <info> app: hr,912,18445, 1.00 ,1
 9> <info> app: hr,913,18402, 1.00 ,1
 9> <info> app: hr,914,18422, 1.00 ,1
 9> <info> app: hr,915,18426, 1.00 ,1
 9> <info> app: hr,916,18435, 1.00 ,1
 9> <info> app: hr,917,18440, 0.00 ,0
 9> <info> app: hr,918,18435, 1.00 ,1
 9> <info> app: hr,919,18435, 1.00 ,1
 9> <info> app: hr,920,18439, 1.00 ,1
 9> <info> app: hr,921,18441, 1.00 ,1
 9> <info> app: hr,922,18435, 1.00 ,1
 9> <info> app: hr,923,18438, 1.00 ,1
 9> <info> app: hr,924,18440, 2.00 ,1
 9> <info> app: hr,925,18429, 2.00 ,1
 9> <info> app: hr,926,18430, 2.00 ,1
 9> <info> app: hr,927,18437, 2.00 ,1
 9> <info> app: hr,928,18442, 1.00 ,1
 9> <info> app: hr,929,18444, 1.00 ,1
 9> <info> app: hr,930,18443, 1.00 ,1
 9> <info> app: hr,931,18436, 1.00 ,1
 9> <info> app: hr,932,18421, 1.00 ,1
 9> <info> app: hr,933,18428, 1.00 ,1
 9> <info> app: hr,934,18451, 1.00 ,1
 9> <info> app: hr,935,18413, 1.00 ,1
 9> <info> app: hr,936,18441, 1.00 ,1
 9> <info> app: hr,937,18440, 1.00 ,1
 9> <info> app: hr,938,18459, 1.00 ,1
 9> <info> app: hr,939,18440, 1.00 ,1
 9> <info> app: hr,940,18439, 1.00 ,1
 9> <info> app: hr,941,18442, 1.00 ,1
 9> <info> app: hr,942,18410, 0.00 ,0
 9> <info> app: hr,943,18444, 0.00 ,0
 9> <info> app: hr,944,18454, 0.00 ,0
 9> <info> app: hr,945,18425, 0.00 ,0
 9> <info> app: hr,946,18429, 0.00 ,0
 9> <info> app: hr,947,18455, 0.00 ,0
 9> <info> app: hr,948,18416, 0.00 ,0
 9> <info> app: hr,949,18441, 0.00 ,0
 9> <info> app: hr,950,18452, 0.00 ,0
 9> <info> app: hr,951,18427, 0.00 ,0
 9> <info> app: hr,952,18444, 0.00 ,0
 9> <info> app: hr,953,18424, 0.00 ,0
 9> <info> app: hr,954,18455, 0.00 ,0
 9> <info> app: hr,955,18415, 0.00 ,0
 9> <info> app: hr,956,18422, 0.00 ,0
 9> <info> app: hr,957,18431, 0.00 ,0
 9> <info> app: hr,958,18416, 0.00 ,0
 9> <info> app: hr,959,18431, 0.00 ,0
 9> <info> app: hr,960,18433, 0.00 ,0
 9> <info> app: hr,961,18442, 0.00 ,0
 9> <info> app: hr,962,18431, 0.00 ,0
 9> <info> app: hr,963,18428, 0.00 ,0
 9> <info> app: hr,964,18425, 0.00 ,0
 9> <info> app: hr,965,18430, 0.00 ,0
 9> <info> app: hr,966,18436, 1.00 ,1
 9> <info> app: hr,967,18449, 1.00 ,1
 9> <info> app: hr,968,18434, 1.00 ,1
 9> <info> app: hr,969,18438, 1.00 ,1
 9> <info> app: hr,970,18444, 1.00 ,1
 9> <info> app: hr,971,18436, 1.00 ,1
 9> <info> app: hr,972,18430, 0.00 ,0
 9> <info> app: hr,973,18428, 0.00 ,0
 9> <info> app: hr,974,18426, 0.00 ,0
 9> <info> app: hr,975,18423, 0.00 ,0
 9> <info> app: hr,976,18446, 0.00 ,0
 9> <info> app: hr,977,18437, 0.00 ,0
 9> <info> app: hr,978,18450, 0.00 ,0
 9> <info> app: hr,979,18432, 0.00 ,0
 9> <info> app: hr,980,18441, 0.00 ,0
 9> <info> app: hr,981,18423, 0.00 ,0
 9> <info> app: hr,982,18436, 0.00 ,0
 9> <info> app: hr,983,18443, 0.00 ,0
 9> <info> app: hr,984,18438, 0.00 ,0
 9> <info> app: hr,985,18443, 0.00 ,0
 9> <info> app: hr,986,18454, 0.00 ,0
 9> <info> app: hr,987,18427, 0.00 ,0
 9> <info> app: hr,988,18433, 0.00 ,0
 9> <info> app: hr,989,18439, 0.00 ,0
 9> <info> app: hr,990,18444, 0.00 ,0
 9> <info> app: hr,991,18440, 0.00 ,0
 9> <info> app: hr,992,18446, 0.00 ,0
 9> <info> app: hr,993,18447, 0.00 ,0
 9> <info> app: hr,994,18443, 0.00 ,0
 9> <info> app: hr,995,18423, 0.00 ,0
 9> <info> app: hr,996,18443, 0.00 ,0
 9> <info> app: hr,997,18447, 0.00 ,0
 9> <info> app: hr,998,18412, -1.00 ,-1
 9> <info> app: hr,999,18422, -1.00 ,-1
 9> <info> app: hr,1000,18443, -1.00 ,-1
 9> <info> app: hr,1001,18443, -1.00 ,-1
 9> <info> app: hr,1002,18449, -1.00 ,-1
 9> <info> app: hr,1003,18462, -1.00 ,-1
 9> <info> app: hr,1004,18450, -1.00 ,-1
 9> <info> app: hr,1005,18441, -1.00 ,-1
 9> <info> app: hr,1006,18428, -1.00 ,-1
 9> <info> app: hr,1007,18459, -1.00 ,-1
 9> <info> app: hr,1008,18440, -1.00 ,-1
 9> <info> app: hr,1009,18449, -1.00 ,-1
 9> <info> app: hr,1010,18440, -1.00 ,-1
 9> <info> app: hr,1011,18444, -2.00 ,-1
 9> <info> app: hr,1012,18438, -2.00 ,-1
 9> <info> app: hr,1013,18448, -2.00 ,-1
 9> <info> app: hr,1014,18448, -2.00 ,-1
 9> <info> app: hr,1015,18457, -3.00 ,-1
 9> <info> app: hr,1016,18448, -2.00 ,-1
 9> <info> app: hr,1017,18420, -2.00 ,-1
 9> <info> app: hr,1018,18431, -2.00 ,-1

# Logging stopped @ 23 Nov 2018 13:43:50
