# SEGGER J-Link RTT Viewer V6.16a Terminal Log File
# Compiled: 12:44:10 on Jun  6 2017
# Logging started @ 23 Nov 2018 15:10:57
<info> app: ***********  Application started  ***********
 9> 
 9> <info> app: [OK] NRF Power ON 0x0004. 
 9> <info> app: Read MAC:CC34D2110EF6
 9> <info> app: ***********  Sensor initial ***********
 9> <info> app: [OK]	BMI160
 9> <info> app: [OK]	SETUP ACC
 9> <info> app: [OK]	SETUP STEP COUNT
 9> <info> app: [OK]	FLASH MEMORY
 9> <info> app: [OK]	OLED Initial
 9> <info> app: [OK]	Max30102 Initial, Temperature 34.31
 9> <info> app: ********** End sensor initial *********
 9> 
 9> <info> app: Max30102 Found
 9> 
 9> <info> app: HR Begin
 9> 
 9> <info> app: 1019
 9> <info> app: hr,50,17485, -3.00 ,0
 9> <info> app: hr,51,17503, -4.00 ,0
 9> <info> app: hr,52,17482, -3.00 ,0
 9> <info> app: hr,53,17483, -3.00 ,0
 9> <info> app: hr,54,17492, -3.00 ,0
 9> <info> app: hr,55,17524, -4.00 ,0
 9> <info> app: hr,56,17502, -4.00 ,0
 9> <info> app: hr,57,17479, -3.00 ,0
 9> <info> app: hr,58,17489, -4.00 ,0
 9> <info> app: hr,59,17507, -4.00 ,0
 9> <info> app: hr,60,17473, -4.00 ,0
 9> <info> app: hr,61,17476, -4.00 ,0
 9> <info> app: hr,62,17511, -3.00 ,0
 9> <info> app: hr,63,17482, -4.00 ,0
 9> <info> app: hr,64,17470, -4.00 ,0
 9> <info> app: hr,65,17500, -4.00 ,0
 9> <info> app: hr,66,17496, -3.00 ,0
 9> <info> app: hr,67,17480, -3.00 ,0
 9> <info> app: hr,68,17480, -3.00 ,0
 9> <info> app: hr,69,17466, -3.00 ,0
 9> <info> app: hr,70,17478, -3.00 ,0
 9> <info> app: hr,71,17473, -3.00 ,0
 9> <info> app: hr,72,17485, -2.00 ,0
 9> <info> app: hr,73,17474, -1.00 ,1
 9> <info> app: hr,74,17486, -1.00 ,1
 9> <info> app: hr,75,17463, -1.00 ,0
 9> <info> app: hr,76,17482, -1.00 ,0
 9> <info> app: hr,77,17484, 0.00 ,0
 9> <info> app: hr,78,17481, 0.00 ,0
 9> <info> app: hr,79,17461, 0.00 ,0
 9> <info> app: hr,80,17475, 0.00 ,0
 9> <info> app: hr,81,17480, 0.00 ,0
 9> <info> app: hr,82,17475, 1.00 ,0
 9> <info> app: hr,83,17476, 1.00 ,0
 9> <info> app: hr,84,17496, 2.00 ,1
 9> <info> app: hr,85,17481, 2.00 ,1
 9> <info> app: hr,86,17481, 2.00 ,0
 9> <info> app: hr,87,17486, 3.00 ,1
 9> <info> app: hr,88,17477, 2.00 ,0
 9> <info> app: hr,89,17484, 2.00 ,0
 9> <info> app: hr,90,17456, 3.00 ,0
 9> <info> app: hr,91,17466, 3.00 ,0
 9> <info> app: hr,92,17469, 3.00 ,0
 9> <info> app: hr,93,17483, 4.00 ,0
 9> <info> app: hr,94,17490, 3.00 ,0
 9> <info> app: hr,95,17469, 4.00 ,0
 9> <info> app: hr,96,17456, 4.00 ,0
 9> <info> app: hr,97,17498, 4.00 ,0
 9> <info> app: hr,98,17454, 5.00 ,0
 9> <info> app: hr,99,17476, 4.00 ,0
 9> <info> app: hr,100,17471, 5.00 ,0
 9> <info> app: hr,101,17466, 5.00 ,0
 9> <info> app: hr,102,17471, 5.00 ,0
 9> <info> app: hr,103,17459, 5.00 ,0
 9> <info> app: hr,104,17490, 5.00 ,0
 9> <info> app: hr,105,17464, 6.00 ,0
 9> <info> app: hr,106,17498, 5.00 ,0
 9> <info> app: hr,107,17445, 5.00 ,0
 9> <info> app: hr,108,17470, 6.00 ,0
 9> <info> app: hr,109,17493, 5.00 ,0
 9> <info> app: hr,110,17490, 5.00 ,0
 9> <info> app: hr,111,17461, 6.00 ,0
 9> <info> app: hr,112,17462, 6.00 ,0
 9> <info> app: hr,113,17477, 5.00 ,0
 9> <info> app: hr,114,17466, 6.00 ,0
 9> <info> app: hr,115,17488, 6.00 ,0
 9> <info> app: hr,116,17485, 5.00 ,0
 9> <info> app: hr,117,17472, 5.00 ,0
 9> <info> app: hr,118,17475, 5.00 ,0
 9> <info> app: hr,119,17469, 6.00 ,0
 9> <info> app: hr,120,17451, 5.00 ,0
 9> <info> app: hr,121,17498, 5.00 ,0
 9> <info> app: hr,122,17456, 5.00 ,0
 9> <info> app: hr,123,17482, 4.00 ,0
 9> <info> app: hr,124,17493, 4.00 ,0
 9> <info> app: hr,125,17474, 4.00 ,0
 9> <info> app: hr,126,17455, 4.00 ,0
 9> <info> app: hr,127,17472, 4.00 ,0
 9> <info> app: hr,128,17490, 4.00 ,0
 9> <info> app: hr,129,17461, 4.00 ,0
 9> <info> app: hr,130,17488, 4.00 ,0
 9> <info> app: hr,131,17489, 4.00 ,0
 9> <info> app: hr,132,17478, 3.00 ,0
 9> <info> app: hr,133,17490, 3.00 ,-1
 9> <info> app: hr,134,17495, 3.00 ,0
 9> <info> app: hr,135,17457, 3.00 ,0
 9> <info> app: hr,136,17473, 2.00 ,0
 9> <info> app: hr,137,17449, 2.00 ,0
 9> <info> app: hr,138,17479, 1.00 ,0
 9> <info> app: hr,139,17489, 1.00 ,0
 9> <info> app: hr,140,17467, 1.00 ,0
 9> <info> app: hr,141,17486, 1.00 ,0
 9> <info> app: hr,142,17461, 1.00 ,0
 9> <info> app: hr,143,17480, 1.00 ,0
 9> <info> app: hr,144,17478, 1.00 ,0
 9> <info> app: hr,145,17475, 1.00 ,0
 9> <info> app: hr,146,17487, 1.00 ,0
 9> <info> app: hr,147,17510, 1.00 ,0
 9> <info> app: hr,148,17490, 1.00 ,0
 9> <info> app: hr,149,17500, 0.00 ,-1
 9> <info> app: hr,150,17493, 0.00 ,-1
 9> <info> app: hr,151,17493, 0.00 ,0
 9> <info> app: hr,152,17482, 0.00 ,0
 9> <info> app: hr,153,17490, 0.00 ,0
 9> <info> app: hr,154,17478, 0.00 ,0
 9> <info> app: hr,155,17484, -1.00 ,0
 9> <info> app: hr,156,17486, -1.00 ,0
 9> <info> app: hr,157,17497, -1.00 ,0
 9> <info> app: hr,158,17479, -2.00 ,-1
 9> <info> app: hr,159,17452, -2.00 ,0
 9> <info> app: hr,160,17493, -3.00 ,-1
 9> <info> app: hr,161,17485, -3.00 ,0
 9> <info> app: hr,162,17491, -2.00 ,0
 9> <info> app: hr,163,17449, -2.00 ,0
 9> <info> app: hr,164,17511, -3.00 ,0
 9> <info> app: hr,165,17480, -3.00 ,0
 9> <info> app: hr,166,17491, -3.00 ,0
 9> <info> app: hr,167,17501, -3.00 ,0
 9> <info> app: hr,168,17483, -3.00 ,0
 9> <info> app: hr,169,17504, -3.00 ,0
 9> <info> app: hr,170,17482, -3.00 ,0
 9> <info> app: hr,171,17481, -4.00 ,0
 9> <info> app: hr,172,17483, -4.00 ,0
 9> <info> app: hr,173,17494, -3.00 ,0
 9> <info> app: hr,174,17485, -3.00 ,0
 9> <info> app: hr,175,17486, -4.00 ,0
 9> <info> app: hr,176,17485, -4.00 ,0
 9> <info> app: hr,177,17472, -4.00 ,0
 9> <info> app: hr,178,17479, -3.00 ,0
 9> <info> app: hr,179,17492, -3.00 ,0
 9> <info> app: hr,180,17492, -4.00 ,0
 9> <info> app: hr,181,17500, -4.00 ,0
 9> <info> app: hr,182,17472, -4.00 ,0
 9> <info> app: hr,183,17486, -3.00 ,0
 9> <info> app: hr,184,17495, -3.00 ,0
 9> <info> app: hr,185,17487, -4.00 ,0
 9> <info> app: hr,186,17484, -4.00 ,0
 9> <info> app: hr,187,17470, -4.00 ,0
 9> <info> app: hr,188,17482, -3.00 ,0
 9> <info> app: hr,189,17498, -3.00 ,0
 9> <info> app: hr,190,17486, -3.00 ,0
 9> <info> app: hr,191,17481, -3.00 ,0
 9> <info> app: hr,192,17505, -3.00 ,0
 9> <info> app: hr,193,17468, -3.00 ,0
 9> <info> app: hr,194,17469, -2.00 ,0
 9> <info> app: hr,195,17480, -2.00 ,0
 9> <info> app: hr,196,17476, -2.00 ,0
 9> <info> app: hr,197,17448, -2.00 ,0
 9> <info> app: hr,198,17460, -2.00 ,0
 9> <info> app: hr,199,17461, -2.00 ,0
 9> <info> app: hr,200,17478, -1.00 ,0
 9> <info> app: hr,201,17469, -1.00 ,0
 9> <info> app: hr,202,17489, 0.00 ,1
 9> <info> app: hr,203,17467, 0.00 ,1
 9> <info> app: hr,204,17468, 0.00 ,0
 9> <info> app: hr,205,17476, 0.00 ,0
 9> <info> app: hr,206,17457, 1.00 ,0
 9> <info> app: hr,207,17434, 0.00 ,0
 9> <info> app: hr,208,17480, 1.00 ,0
 9> <info> app: hr,209,17451, 1.00 ,0
 9> <info> app: hr,210,17465, 2.00 ,0
 9> <info> app: hr,211,17487, 3.00 ,1
 9> <info> app: hr,212,17478, 3.00 ,0
 9> <info> app: hr,213,17464, 4.00 ,1
 9> <info> app: hr,214,17470, 4.00 ,1
 9> <info> app: hr,215,17481, 4.00 ,0
 9> <info> app: hr,216,17467, 4.00 ,0
 9> <info> app: hr,217,17445, 5.00 ,0
 9> <info> app: hr,218,17451, 5.00 ,0
 9> <info> app: hr,219,17446, 5.00 ,0
 9> <info> app: hr,220,17473, 5.00 ,0
 9> <info> app: hr,221,17458, 6.00 ,0
 9> <info> app: hr,222,17489, 5.00 ,0
 9> <info> app: hr,223,17468, 6.00 ,0
 9> <info> app: hr,224,17453, 7.00 ,0
 9> <info> app: hr,225,17495, 6.00 ,0
 9> <info> app: hr,226,17474, 6.00 ,0
 9> <info> app: hr,227,17477, 7.00 ,0
 9> <info> app: hr,228,17468, 6.00 ,0
 9> <info> app: hr,229,17470, 6.00 ,0
 9> <info> app: hr,230,17457, 7.00 ,0
 9> <info> app: hr,231,17472, 6.00 ,0
 9> <info> app: hr,232,17495, 6.00 ,0
 9> <info> app: hr,233,17463, 6.00 ,0
 9> <info> app: hr,234,17470, 5.00 ,0
 9> <info> app: hr,235,17472, 6.00 ,0
 9> <info> app: hr,236,17454, 6.00 ,0
 9> <info> app: hr,237,17498, 5.00 ,0
 9> <info> app: hr,238,17471, 5.00 ,0
 9> <info> app: hr,239,17481, 5.00 ,0
 9> <info> app: hr,240,17478, 5.00 ,0
 9> <info> app: hr,241,17470, 4.00 ,0
 9> <info> app: hr,242,17471, 4.00 ,0
 9> <info> app: hr,243,17464, 4.00 ,0
 9> <info> app: hr,244,17474, 4.00 ,0
 9> <info> app: hr,245,17481, 3.00 ,0
 9> <info> app: hr,246,17451, 3.00 ,0
 9> <info> app: hr,247,17463, 3.00 ,0
 9> <info> app: hr,248,17482, 3.00 ,0
 9> <info> app: hr,249,17456, 3.00 ,0
 9> <info> app: hr,250,17470, 3.00 ,0
 9> <info> app: hr,251,17454, 2.00 ,0
 9> <info> app: hr,252,17467, 2.00 ,0
 9> <info> app: hr,253,17483, 2.00 ,0
 9> <info> app: hr,254,17479, 2.00 ,0
 9> <info> app: hr,255,17462, 2.00 ,0
 9> <info> app: hr,256,17461, 2.00 ,0
 9> <info> app: hr,257,17424, 2.00 ,0
 9> <info> app: hr,258,17467, 2.00 ,0
 9> <info> app: hr,259,17470, 2.00 ,0
 9> <info> app: hr,260,17480, 2.00 ,0
 9> <info> app: hr,261,17503, 2.00 ,0
 9> <info> app: hr,262,17478, 2.00 ,0
 9> <info> app: hr,263,17491, 2.00 ,0
 9> <info> app: hr,264,17502, 2.00 ,0
 9> <info> app: hr,265,17468, 1.00 ,-1
 9> <info> app: hr,266,17481, 1.00 ,-1
 9> <info> app: hr,267,17485, 1.00 ,0
 9> <info> app: hr,268,17467, 0.00 ,0
 9> <info> app: hr,269,17473, 0.00 ,0
 9> <info> app: hr,270,17491, 0.00 ,0
 9> <info> app: hr,271,17465, 0.00 ,0
 9> <info> app: hr,272,17481, 0.00 ,0
 9> <info> app: hr,273,17482, -1.00 ,0
 9> <info> app: hr,274,17479, 0.00 ,0
 9> <info> app: hr,275,17474, 0.00 ,0
 9> <info> app: hr,276,17481, 0.00 ,0
 9> <info> app: hr,277,17491, -1.00 ,0
 9> <info> app: hr,278,17467, -1.00 ,0
 9> <info> app: hr,279,17471, -1.00 ,0
 9> <info> app: hr,280,17497, -2.00 ,0
 9> <info> app: hr,281,17472, -2.00 ,0
 9> <info> app: hr,282,17468, -2.00 ,0
 9> <info> app: hr,283,17496, -2.00 ,0
 9> <info> app: hr,284,17486, -3.00 ,0
 9> <info> app: hr,285,17462, -2.00 ,0
 9> <info> app: hr,286,17469, -2.00 ,0
 9> <info> app: hr,287,17469, -2.00 ,0
 9> <info> app: hr,288,17496, -3.00 ,0
 9> <info> app: hr,289,17498, -3.00 ,0
 9> <info> app: hr,290,17490, -3.00 ,0
 9> <info> app: hr,291,17484, -4.00 ,0
 9> <info> app: hr,292,17497, -3.00 ,0
 9> <info> app: hr,293,17522, -3.00 ,0
 9> <info> app: hr,294,17466, -4.00 ,0
 9> <info> app: hr,295,17477, -4.00 ,0
 9> <info> app: hr,296,17481, -5.00 ,-1
 9> <info> app: hr,297,17468, -4.00 ,0
 9> <info> app: hr,298,17486, -4.00 ,0
 9> <info> app: hr,299,17495, -5.00 ,0
 9> <info> app: hr,300,17466, -5.00 ,0
 9> <info> app: hr,301,17466, -4.00 ,0
 9> <info> app: hr,302,17483, -4.00 ,0
 9> <info> app: hr,303,17478, -4.00 ,0
 9> <info> app: hr,304,17488, -5.00 ,0
 9> <info> app: hr,305,17497, -4.00 ,0
 9> <info> app: hr,306,17484, -4.00 ,0
 9> <info> app: hr,307,17493, -4.00 ,0
 9> <info> app: hr,308,17495, -5.00 ,0
 9> <info> app: hr,309,17469, -4.00 ,0
 9> <info> app: hr,310,17475, -4.00 ,0
 9> <info> app: hr,311,17474, -4.00 ,0
 9> <info> app: hr,312,17473, -4.00 ,0
 9> <info> app: hr,313,17469, -3.00 ,0
 9> <info> app: hr,314,17454, -3.00 ,0
 9> <info> app: hr,315,17470, -3.00 ,0
 9> <info> app: hr,316,17459, -3.00 ,0
 9> <info> app: hr,317,17482, -3.00 ,0
 9> <info> app: hr,318,17468, -3.00 ,0
 9> <info> app: hr,319,17471, -2.00 ,0
 9> <info> app: hr,320,17483, -1.00 ,1
 9> <info> app: hr,321,17474, -1.00 ,1
 9> <info> app: hr,322,17490, -1.00 ,0
 9> <info> app: hr,323,17448, -1.00 ,0
 9> <info> app: hr,324,17460, 0.00 ,0
 9> <info> app: hr,325,17444, 0.00 ,0
 9> <info> app: hr,326,17452, 0.00 ,0
 9> <info> app: hr,327,17463, 0.00 ,0
 9> <info> app: hr,328,17466, 0.00 ,0
 9> <info> app: hr,329,17489, 1.00 ,0
 9> <info> app: hr,330,17496, 1.00 ,0
 9> <info> app: hr,331,17462, 2.00 ,1
 9> <info> app: hr,332,17467, 2.00 ,1
 9> <info> app: hr,333,17467, 2.00 ,0
 9> <info> app: hr,334,17459, 3.00 ,1
 9> <info> app: hr,335,17454, 2.00 ,0
 9> <info> app: hr,336,17466, 2.00 ,0
 9> <info> app: hr,337,17459, 3.00 ,0
 9> <info> app: hr,338,17446, 3.00 ,0
 9> <info> app: hr,339,17474, 4.00 ,0
 9> <info> app: hr,340,17480, 4.00 ,0
 9> <info> app: hr,341,17459, 4.00 ,0
 9> <info> app: hr,342,17454, 4.00 ,0
 9> <info> app: hr,343,17453, 5.00 ,0
 9> <info> app: hr,344,17490, 5.00 ,0
 9> <info> app: hr,345,17452, 5.00 ,0
 9> <info> app: hr,346,17478, 5.00 ,0
 9> <info> app: hr,347,17476, 5.00 ,0
 9> <info> app: hr,348,17461, 6.00 ,0
 9> <info> app: hr,349,17470, 5.00 ,0
 9> <info> app: hr,350,17435, 5.00 ,0
 9> <info> app: hr,351,17465, 6.00 ,0
 9> <info> app: hr,352,17485, 5.00 ,0
 9> <info> app: hr,353,17465, 5.00 ,0
 9> <info> app: hr,354,17455, 6.00 ,0
 9> <info> app: hr,355,17450, 5.00 ,0
 9> <info> app: hr,356,17460, 5.00 ,0
 9> <info> app: hr,357,17474, 5.00 ,0
 9> <info> app: hr,358,17462, 6.00 ,0
 9> <info> app: hr,359,17509, 5.00 ,0
 9> <info> app: hr,360,17463, 5.00 ,0
 9> <info> app: hr,361,17458, 5.00 ,0
 9> <info> app: hr,362,17483, 4.00 ,0
 9> <info> app: hr,363,17485, 4.00 ,0
 9> <info> app: hr,364,17461, 4.00 ,0
 9> <info> app: hr,365,17469, 4.00 ,0
 9> <info> app: hr,366,17456, 4.00 ,0
 9> <info> app: hr,367,17468, 3.00 ,0
 9> <info> app: hr,368,17476, 3.00 ,0
 9> <info> app: hr,369,17476, 3.00 ,0
 9> <info> app: hr,370,17455, 3.00 ,0
 9> <info> app: hr,371,17464, 3.00 ,0
 9> <info> app: hr,372,17465, 2.00 ,0
 9> <info> app: hr,373,17477, 2.00 ,0
 9> <info> app: hr,374,17475, 2.00 ,0
 9> <info> app: hr,375,17480, 2.00 ,0
 9> <info> app: hr,376,17491, 2.00 ,0
 9> <info> app: hr,377,17475, 2.00 ,0
 9> <info> app: hr,378,17469, 2.00 ,0
 9> <info> app: hr,379,17459, 1.00 ,0
 9> <info> app: hr,380,17493, 1.00 ,0
 9> <info> app: hr,381,17451, 0.00 ,-1
 9> <info> app: hr,382,17502, 0.00 ,0
 9> <info> app: hr,383,17473, 0.00 ,0
 9> <info> app: hr,384,17461, 0.00 ,0
 9> <info> app: hr,385,17473, 0.00 ,0
 9> <info> app: hr,386,17479, 0.00 ,0
 9> <info> app: hr,387,17463, 0.00 ,0
 9> <info> app: hr,388,17481, -1.00 ,0
 9> <info> app: hr,389,17447, -1.00 ,0
 9> <info> app: hr,390,17462, -1.00 ,0
 9> <info> app: hr,391,17477, 0.00 ,0
 9> <info> app: hr,392,17469, 0.00 ,0
 9> <info> app: hr,393,17481, 0.00 ,0
 9> <info> app: hr,394,17468, 0.00 ,0
 9> <info> app: hr,395,17475, 0.00 ,0
 9> <info> app: hr,396,17471, -1.00 ,0
 9> <info> app: hr,397,17487, -1.00 ,0
 9> <info> app: hr,398,17496, -1.00 ,0
 9> <info> app: hr,399,17493, -1.00 ,0
 9> <info> app: hr,400,17505, -1.00 ,0
 9> <info> app: hr,401,17475, -2.00 ,0
 9> <info> app: hr,402,17497, -2.00 ,0
 9> <info> app: hr,403,17465, -3.00 ,-1
 9> <info> app: hr,404,17483, -2.00 ,0
 9> <info> app: hr,405,17462, -2.00 ,0
 9> <info> app: hr,406,17478, -3.00 ,0
 9> <info> app: hr,407,17482, -3.00 ,0
 9> <info> app: hr,408,17465, -3.00 ,0
 9> <info> app: hr,409,17460, -4.00 ,0
 9> <info> app: hr,410,17486, -3.00 ,0
 9> <info> app: hr,411,17481, -3.00 ,0
 9> <info> app: hr,412,17472, -3.00 ,0
 9> <info> app: hr,413,17466, -3.00 ,0
 9> <info> app: hr,414,17472, -4.00 ,0
 9> <info> app: hr,415,17501, -4.00 ,0
 9> <info> app: hr,416,17452, -3.00 ,0
 9> <info> app: hr,417,17470, -3.00 ,0
 9> <info> app: hr,418,17466, -3.00 ,0
 9> <info> app: hr,419,17497, -3.00 ,0
 9> <info> app: hr,420,17504, -3.00 ,0
 9> <info> app: hr,421,17492, -2.00 ,0
 9> <info> app: hr,422,17476, -3.00 ,0
 9> <info> app: hr,423,17468, -3.00 ,0
 9> <info> app: hr,424,17475, -3.00 ,0
 9> <info> app: hr,425,17506, -3.00 ,0
 9> <info> app: hr,426,17491, -3.00 ,0
 9> <info> app: hr,427,17480, -3.00 ,0
 9> <info> app: hr,428,17474, -3.00 ,0
 9> <info> app: hr,429,17443, -3.00 ,0
 9> <info> app: hr,430,17477, -3.00 ,0
 9> <info> app: hr,431,17487, -3.00 ,0
 9> <info> app: hr,432,17477, -3.00 ,0
 9> <info> app: hr,433,17461, -3.00 ,0
 9> <info> app: hr,434,17462, -3.00 ,0
 9> <info> app: hr,435,17457, -3.00 ,0
 9> <info> app: hr,436,17497, -2.00 ,1
 9> <info> app: hr,437,17457, -2.00 ,1
 9> <info> app: hr,438,17464, -2.00 ,0
 9> <info> app: hr,439,17463, -2.00 ,0
 9> <info> app: hr,440,17457, -1.00 ,0
 9> <info> app: hr,441,17460, -1.00 ,0
 9> <info> app: hr,442,17451, 0.00 ,0
 9> <info> app: hr,443,17471, 0.00 ,0
 9> <info> app: hr,444,17475, 0.00 ,0
 9> <info> app: hr,445,17439, 0.00 ,0
 9> <info> app: hr,446,17475, 0.00 ,0
 9> <info> app: hr,447,17478, 1.00 ,0
 9> <info> app: hr,448,17483, 1.00 ,0
 9> <info> app: hr,449,17472, 1.00 ,0
 9> <info> app: hr,450,17460, 2.00 ,0
 9> <info> app: hr,451,17473, 2.00 ,0
 9> <info> app: hr,452,17473, 1.00 ,0
 9> <info> app: hr,453,17465, 1.00 ,0
 9> <info> app: hr,454,17482, 2.00 ,0
 9> <info> app: hr,455,17468, 2.00 ,0
 9> <info> app: hr,456,17475, 2.00 ,0
 9> <info> app: hr,457,17457, 2.00 ,0
 9> <info> app: hr,458,17489, 2.00 ,0
 9> <info> app: hr,459,17476, 3.00 ,0
 9> <info> app: hr,460,17471, 2.00 ,0
 9> <info> app: hr,461,17470, 2.00 ,0
 9> <info> app: hr,462,17445, 2.00 ,0
 9> <info> app: hr,463,17464, 2.00 ,0
 9> <info> app: hr,464,17453, 2.00 ,0
 9> <info> app: hr,465,17464, 3.00 ,0
 9> <info> app: hr,466,17448, 3.00 ,0
 9> <info> app: hr,467,17449, 2.00 ,0
 9> <info> app: hr,468,17477, 3.00 ,0
 9> <info> app: hr,469,17464, 3.00 ,0
 9> <info> app: hr,470,17469, 3.00 ,0
 9> <info> app: hr,471,17482, 4.00 ,0
 9> <info> app: hr,472,17440, 4.00 ,0
 9> <info> app: hr,473,17444, 3.00 ,0
 9> <info> app: hr,474,17464, 3.00 ,0
 9> <info> app: hr,475,17478, 4.00 ,0
 9> <info> app: hr,476,17453, 4.00 ,0
 9> <info> app: hr,477,17457, 4.00 ,0
 9> <info> app: hr,478,17465, 4.00 ,0
 9> <info> app: hr,479,17476, 4.00 ,0
 9> <info> app: hr,480,17445, 4.00 ,0
 9> <info> app: hr,481,17475, 5.00 ,0
 9> <info> app: hr,482,17467, 4.00 ,0
 9> <info> app: hr,483,17459, 4.00 ,0
 9> <info> app: hr,484,17483, 4.00 ,0
 9> <info> app: hr,485,17441, 4.00 ,0
 9> <info> app: hr,486,17463, 4.00 ,0
 9> <info> app: hr,487,17466, 4.00 ,0
 9> <info> app: hr,488,17470, 4.00 ,0
 9> <info> app: hr,489,17470, 4.00 ,0
 9> <info> app: hr,490,17463, 4.00 ,0
 9> <info> app: hr,491,17466, 3.00 ,-1
 9> <info> app: hr,492,17460, 3.00 ,-1
 9> <info> app: hr,493,17480, 4.00 ,0
 9> <info> app: hr,494,17472, 4.00 ,0
 9> <info> app: hr,495,17451, 4.00 ,0
 9> <info> app: hr,496,17473, 3.00 ,0
 9> <info> app: hr,497,17462, 3.00 ,0
 9> <info> app: hr,498,17498, 3.00 ,0
 9> <info> app: hr,499,17482, 3.00 ,0
 9> <info> app: hr,500,17455, 2.00 ,0
 9> <info> app: hr,501,17480, 2.00 ,0
 9> <info> app: hr,502,17472, 1.00 ,-1
 9> <info> app: hr,503,17459, 1.00 ,0
 9> <info> app: hr,504,17477, 1.00 ,0
 9> <info> app: hr,505,17461, 1.00 ,0
 9> <info> app: hr,506,17470, 0.00 ,0
 9> <info> app: hr,507,17451, 0.00 ,0
 9> <info> app: hr,508,17473, 0.00 ,0
 9> <info> app: hr,509,17483, 0.00 ,0
 9> <info> app: hr,510,17457, 0.00 ,0
 9> <info> app: hr,511,17471, 0.00 ,0
 9> <info> app: hr,512,17480, 0.00 ,0
 9> <info> app: hr,513,17473, 0.00 ,0
 9> <info> app: hr,514,17492, 0.00 ,0
 9> <info> app: hr,515,17470, 0.00 ,0
 9> <info> app: hr,516,17507, 0.00 ,0
 9> <info> app: hr,517,17479, -1.00 ,-1
 9> <info> app: hr,518,17440, -1.00 ,-1
 9> <info> app: hr,519,17470, -1.00 ,-1
 9> <info> app: hr,520,17484, -2.00 ,-1
 9> <info> app: hr,521,17485, -2.00 ,-1
 9> <info> app: hr,522,17504, -2.00 ,-1
 9> <info> app: hr,523,17484, -2.00 ,-1
 9> <info> app: hr,524,17494, -2.00 ,-1
 9> <info> app: hr,525,17491, -3.00 ,-1
 9> <info> app: hr,526,17467, -3.00 ,-1
 9> <info> app: hr,527,17489, -4.00 ,-1
 9> <info> app: hr,528,17490, -4.00 ,-1
 9> <info> app: hr,529,17472, -4.00 ,-1
 9> <info> app: hr,530,17489, -4.00 ,-1
 9> <info> app: hr,531,17490, -5.00 ,-1
 9> <info> app: hr,532,17492, -5.00 ,-1
 9> <info> app: hr,533,17460, -5.00 ,-1
 9> <info> app: hr,534,17441, -5.00 ,-1
 9> <info> app: hr,535,17475, -5.00 ,-1
 9> <info> app: hr,536,17485, -6.00 ,-1
 9> <info> app: hr,537,17490, -5.00 ,-1
 9> <info> app: hr,538,17472, -5.00 ,-1
 9> <info> app: hr,539,17479, -6.00 ,-1
 9> <info> app: hr,540,17486, -5.00 ,-1
 9> <info> app: hr,541,17469, -5.00 ,-1
 9> <info> app: hr,542,17511, -5.00 ,-1
 9> <info> app: hr,543,17474, -6.00 ,-1
 9> <info> app: hr,544,17469, -5.00 ,-1
 9> <info> app: hr,545,17492, -5.00 ,-1
 9> <info> app: hr,546,17474, -5.00 ,-1
 9> <info> app: hr,547,17474, -5.00 ,-1
 9> <info> app: hr,548,17500, -5.00 ,-1
 9> <info> app: hr,549,17492, -5.00 ,-1
 9> <info> app: hr,550,17484, -5.00 ,-1
 9> <info> app: hr,551,17468, -5.00 ,-1
 9> <info> app: hr,552,17483, -5.00 ,-1
 9> <info> app: hr,553,17466, -5.00 ,-1
 9> <info> app: hr,554,17469, -4.00 ,-1
 9> <info> app: hr,555,17459, -4.00 ,-1
 9> <info> app: hr,556,17469, -4.00 ,-1
 9> <info> app: hr,557,17490, -4.00 ,-1
 9> <info> app: hr,558,17446, -4.00 ,-1
 9> <info> app: hr,559,17467, -3.00 ,-1
 9> <info> app: hr,560,17444, -3.00 ,-1
 9> <info> app: hr,561,17475, -3.00 ,-1
 9> <info> app: hr,562,17456, -2.00 ,-1
 9> <info> app: hr,563,17482, -2.00 ,-1
 9> <info> app: hr,564,17445, -2.00 ,-1
 9> <info> app: hr,565,17476, 0.00 ,0
 9> <info> app: hr,566,17457, 0.00 ,0
 9> <info> app: hr,567,17462, 0.00 ,0
 9> <info> app: hr,568,17476, 0.00 ,0
 9> <info> app: hr,569,17442, 0.00 ,0
 9> <info> app: hr,570,17480, 1.00 ,1
 9> <info> app: hr,571,17432, 1.00 ,1
 9> <info> app: hr,572,17455, 2.00 ,1
 9> <info> app: hr,573,17458, 1.00 ,1
 9> <info> app: hr,574,17469, 2.00 ,1
 9> <info> app: hr,575,17493, 2.00 ,1
 9> <info> app: hr,576,17497, 3.00 ,1
 9> <info> app: hr,577,17478, 3.00 ,1
 9> <info> app: hr,578,17454, 4.00 ,1
 9> <info> app: hr,579,17455, 4.00 ,1
 9> <info> app: hr,580,17474, 3.00 ,1
 9> <info> app: hr,581,17468, 3.00 ,1
 9> <info> app: hr,582,17453, 4.00 ,1
 9> <info> app: hr,583,17478, 4.00 ,1
 9> <info> app: hr,584,17457, 3.00 ,1
 9> <info> app: hr,585,17441, 4.00 ,1
 9> <info> app: hr,586,17463, 4.00 ,1
 9> <info> app: hr,587,17450, 4.00 ,1
 9> <info> app: hr,588,17449, 5.00 ,1
 9> <info> app: hr,589,17464, 4.00 ,1
 9> <info> app: hr,590,17448, 5.00 ,1
 9> <info> app: hr,591,17462, 5.00 ,1
 9> <info> app: hr,592,17473, 6.00 ,1
 9> <info> app: hr,593,17459, 5.00 ,1
 9> <info> app: hr,594,17453, 5.00 ,1
 9> <info> app: hr,595,17459, 6.00 ,1
 9> <info> app: hr,596,17458, 5.00 ,1
 9> <info> app: hr,597,17460, 6.00 ,1
 9> <info> app: hr,598,17480, 6.00 ,1
 9> <info> app: hr,599,17471, 5.00 ,1
 9> <info> app: hr,600,17480, 6.00 ,1
 9> <info> app: hr,601,17464, 6.00 ,1
 9> <info> app: hr,602,17470, 6.00 ,1
 9> <info> app: hr,603,17435, 5.00 ,1
 9> <info> app: hr,604,17466, 5.00 ,1
 9> <info> app: hr,605,17503, 5.00 ,1
 9> <info> app: hr,606,17453, 4.00 ,1
 9> <info> app: hr,607,17481, 4.00 ,1
 9> <info> app: hr,608,17451, 4.00 ,1
 9> <info> app: hr,609,17445, 4.00 ,1
 9> <info> app: hr,610,17463, 3.00 ,0
 9> <info> app: hr,611,17445, 4.00 ,1
 9> <info> app: hr,612,17462, 4.00 ,1
 9> <info> app: hr,613,17468, 4.00 ,1
 9> <info> app: hr,614,17463, 4.00 ,1
 9> <info> app: hr,615,17455, 3.00 ,0
 9> <info> app: hr,616,17464, 3.00 ,0
 9> <info> app: hr,617,17453, 3.00 ,0
 9> <info> app: hr,618,17493, 3.00 ,0
 9> <info> app: hr,619,17467, 3.00 ,0
 9> <info> app: hr,620,17482, 3.00 ,0
 9> <info> app: hr,621,17447, 2.00 ,-1
 9> <info> app: hr,622,17430, 2.00 ,-1
 9> <info> app: hr,623,17460, 2.00 ,0
 9> <info> app: hr,624,17461, 2.00 ,0
 9> <info> app: hr,625,17461, 2.00 ,0
 9> <info> app: hr,626,17476, 3.00 ,0
 9> <info> app: hr,627,17483, 3.00 ,0
 9> <info> app: hr,628,17497, 2.00 ,0
 9> <info> app: hr,629,17454, 1.00 ,0
 9> <info> app: hr,630,17482, 1.00 ,0
 9> <info> app: hr,631,17476, 1.00 ,0
 9> <info> app: hr,632,17445, 1.00 ,0
 9> <info> app: hr,633,17464, 1.00 ,0
 9> <info> app: hr,634,17454, 1.00 ,0
 9> <info> app: hr,635,17486, 0.00 ,0
 9> <info> app: hr,636,17455, 0.00 ,0
 9> <info> app: hr,637,17454, 0.00 ,0
 9> <info> app: hr,638,17482, 0.00 ,0
 9> <info> app: hr,639,17471, 0.00 ,0
 9> <info> app: hr,640,17479, 0.00 ,0
 9> <info> app: hr,641,17471, 0.00 ,0
 9> <info> app: hr,642,17453, 0.00 ,0
 9> <info> app: hr,643,17472, 0.00 ,0
 9> <info> app: hr,644,17466, 0.00 ,0
 9> <info> app: hr,645,17466, 0.00 ,0
 9> <info> app: hr,646,17475, 0.00 ,0
 9> <info> app: hr,647,17465, 0.00 ,0
 9> <info> app: hr,648,17470, -1.00 ,-1
 9> <info> app: hr,649,17459, -1.00 ,-1
 9> <info> app: hr,650,17450, -1.00 ,-1
 9> <info> app: hr,651,17477, -1.00 ,-1
 9> <info> app: hr,652,17458, -1.00 ,-1
 9> <info> app: hr,653,17471, -1.00 ,-1
 9> <info> app: hr,654,17474, -1.00 ,-1
 9> <info> app: hr,655,17452, -1.00 ,-1
 9> <info> app: hr,656,17455, -1.00 ,-1
 9> <info> app: hr,657,17462, 0.00 ,0
 9> <info> app: hr,658,17464, 0.00 ,0
 9> <info> app: hr,659,17469, 0.00 ,0
 9> <info> app: hr,660,17469, 0.00 ,0
 9> <info> app: hr,661,17468, 0.00 ,0
 9> <info> app: hr,662,17469, 0.00 ,0
 9> <info> app: hr,663,17478, 0.00 ,0
 9> <info> app: hr,664,17464, 0.00 ,0
 9> <info> app: hr,665,17474, 0.00 ,0
 9> <info> app: hr,666,17466, -1.00 ,-1
 9> <info> app: hr,667,17490, -1.00 ,-1
 9> <info> app: hr,668,17458, -1.00 ,-1
 9> <info> app: hr,669,17453, -1.00 ,-1
 9> <info> app: hr,670,17464, -1.00 ,-1
 9> <info> app: hr,671,17455, -1.00 ,-1
 9> <info> app: hr,672,17466, -1.00 ,-1
 9> <info> app: hr,673,17459, -1.00 ,-1
 9> <info> app: hr,674,17451, -1.00 ,-1
 9> <info> app: hr,675,17444, -1.00 ,-1
 9> <info> app: hr,676,17487, 0.00 ,0
 9> <info> app: hr,677,17444, 0.00 ,0
 9> <info> app: hr,678,17452, 0.00 ,0
 9> <info> app: hr,679,17441, 0.00 ,0
 9> <info> app: hr,680,17457, 0.00 ,0
 9> <info> app: hr,681,17498, 0.00 ,0
 9> <info> app: hr,682,17453, 0.00 ,0
 9> <info> app: hr,683,17437, 1.00 ,1
 9> <info> app: hr,684,17456, 1.00 ,1
 9> <info> app: hr,685,17445, 0.00 ,0
 9> <info> app: hr,686,17447, 0.00 ,0
 9> <info> app: hr,687,17464, 1.00 ,1
 9> <info> app: hr,688,17437, 1.00 ,1
 9> <info> app: hr,689,17473, 2.00 ,1
 9> <info> app: hr,690,17463, 2.00 ,1
 9> <info> app: hr,691,17443, 2.00 ,1
 9> <info> app: hr,692,17453, 2.00 ,1
 9> <info> app: hr,693,17461, 3.00 ,1
 9> <info> app: hr,694,17453, 3.00 ,1
 9> <info> app: hr,695,17428, 3.00 ,1
 9> <info> app: hr,696,17441, 3.00 ,1
 9> <info> app: hr,697,17465, 3.00 ,1
 9> <info> app: hr,698,17428, 4.00 ,1
 9> <info> app: hr,699,17478, 4.00 ,1
 9> <info> app: hr,700,17466, 4.00 ,1
 9> <info> app: hr,701,17481, 4.00 ,1
 9> <info> app: hr,702,17455, 4.00 ,1
 9> <info> app: hr,703,17465, 4.00 ,1
 9> <info> app: hr,704,17441, 5.00 ,1
 9> <info> app: hr,705,17457, 4.00 ,1
 9> <info> app: hr,706,17438, 4.00 ,1
 9> <info> app: hr,707,17430, 4.00 ,1
 9> <info> app: hr,708,17458, 4.00 ,1
 9> <info> app: hr,709,17443, 4.00 ,1
 9> <info> app: hr,710,17446, 4.00 ,1
 9> <info> app: hr,711,17432, 4.00 ,1
 9> <info> app: hr,712,17425, 5.00 ,1
 9> <info> app: hr,713,17448, 4.00 ,1
 9> <info> app: hr,714,17431, 5.00 ,1
 9> <info> app: hr,715,17431, 5.00 ,1
 9> <info> app: hr,716,17454, 6.00 ,1
 9> <info> app: hr,717,17466, 5.00 ,1
 9> <info> app: hr,718,17448, 6.00 ,1
 9> <info> app: hr,719,17462, 6.00 ,1
 9> <info> app: hr,720,17451, 6.00 ,1
 9> <info> app: hr,721,17455, 6.00 ,1
 9> <info> app: hr,722,17453, 6.00 ,1
 9> <info> app: hr,723,17443, 5.00 ,1
 9> <info> app: hr,724,17456, 6.00 ,1
 9> <info> app: hr,725,17422, 6.00 ,1
 9> <info> app: hr,726,17454, 5.00 ,1
 9> <info> app: hr,727,17442, 5.00 ,1
 9> <info> app: hr,728,17428, 6.00 ,1
 9> <info> app: hr,729,17446, 6.00 ,1
 9> <info> app: hr,730,17452, 5.00 ,1
 9> <info> app: hr,731,17429, 6.00 ,1
 9> <info> app: hr,732,17458, 6.00 ,1
 9> <info> app: hr,733,17436, 5.00 ,1
 9> <info> app: hr,734,17455, 5.00 ,1
 9> <info> app: hr,735,17464, 6.00 ,1
 9> <info> app: hr,736,17433, 5.00 ,1
 9> <info> app: hr,737,17472, 5.00 ,1
 9> <info> app: hr,738,17440, 5.00 ,1
 9> <info> app: hr,739,17452, 5.00 ,1
 9> <info> app: hr,740,17440, 4.00 ,1
 9> <info> app: hr,741,17440, 4.00 ,1
 9> <info> app: hr,742,17463, 5.00 ,1
 9> <info> app: hr,743,17461, 5.00 ,1
 9> <info> app: hr,744,17459, 4.00 ,1
 9> <info> app: hr,745,17460, 4.00 ,1
 9> <info> app: hr,746,17449, 3.00 ,0
 9> <info> app: hr,747,17475, 3.00 ,0
 9> <info> app: hr,748,17456, 3.00 ,0
 9> <info> app: hr,749,17447, 2.00 ,-1
 9> <info> app: hr,750,17439, 2.00 ,-1
 9> <info> app: hr,751,17471, 2.00 ,0
 9> <info> app: hr,752,17454, 1.00 ,0
 9> <info> app: hr,753,17461, 1.00 ,0
 9> <info> app: hr,754,17465, 1.00 ,0
 9> <info> app: hr,755,17430, 1.00 ,0
 9> <info> app: hr,756,17469, 0.00 ,0
 9> <info> app: hr,757,17443, 0.00 ,0
 9> <info> app: hr,758,17456, 0.00 ,0
 9> <info> app: hr,759,17447, 0.00 ,0
 9> <info> app: hr,760,17432, 0.00 ,0
 9> <info> app: hr,761,17465, 0.00 ,0
 9> <info> app: hr,762,17438, 0.00 ,0
 9> <info> app: hr,763,17464, 0.00 ,0
 9> <info> app: hr,764,17468, 0.00 ,0
 9> <info> app: hr,765,17458, 0.00 ,0
 9> <info> app: hr,766,17456, 0.00 ,0
 9> <info> app: hr,767,17465, -1.00 ,-1
 9> <info> app: hr,768,17464, -1.00 ,-1
 9> <info> app: hr,769,17446, -1.00 ,-1
 9> <info> app: hr,770,17464, -1.00 ,-1
 9> <info> app: hr,771,17469, -1.00 ,-1
 9> <info> app: hr,772,17466, -2.00 ,-1
 9> <info> app: hr,773,17446, -2.00 ,-1
 9> <info> app: hr,774,17449, -2.00 ,-1
 9> <info> app: hr,775,17472, -2.00 ,-1
 9> <info> app: hr,776,17459, -2.00 ,-1
 9> <info> app: hr,777,17462, -2.00 ,-1
 9> <info> app: hr,778,17478, -2.00 ,-1
 9> <info> app: hr,779,17443, -3.00 ,-1
 9> <info> app: hr,780,17449, -3.00 ,-1
 9> <info> app: hr,781,17460, -3.00 ,-1
 9> <info> app: hr,782,17451, -3.00 ,-1
 9> <info> app: hr,783,17476, -3.00 ,-1
 9> <info> app: hr,784,17455, -3.00 ,-1
 9> <info> app: hr,785,17463, -3.00 ,-1
 9> <info> app: hr,786,17442, -3.00 ,-1
 9> <info> app: hr,787,17433, -4.00 ,-1
 9> <info> app: hr,788,17451, -3.00 ,-1
 9> <info> app: hr,789,17459, -3.00 ,-1
 9> <info> app: hr,790,17472, -3.00 ,-1
 9> <info> app: hr,791,17469, -3.00 ,-1
 9> <info> app: hr,792,17454, -3.00 ,-1
 9> <info> app: hr,793,17460, -2.00 ,-1
 9> <info> app: hr,794,17473, -2.00 ,-1
 9> <info> app: hr,795,17446, -2.00 ,-1
 9> <info> app: hr,796,17443, -3.00 ,-1
 9> <info> app: hr,797,17457, -3.00 ,-1
 9> <info> app: hr,798,17433, -3.00 ,-1
 9> <info> app: hr,799,17456, -3.00 ,-1
 9> <info> app: hr,800,17454, -2.00 ,-1
 9> <info> app: hr,801,17449, -2.00 ,-1
 9> <info> app: hr,802,17444, -1.00 ,-1
 9> <info> app: hr,803,17445, -1.00 ,-1
 9> <info> app: hr,804,17436, -1.00 ,-1
 9> <info> app: hr,805,17437, -1.00 ,-1
 9> <info> app: hr,806,17466, -1.00 ,-1
 9> <info> app: hr,807,17447, 0.00 ,0
 9> <info> app: hr,808,17441, 0.00 ,0
 9> <info> app: hr,809,17453, 0.00 ,0
 9> <info> app: hr,810,17431, 0.00 ,0
 9> <info> app: hr,811,17419, 0.00 ,0
 9> <info> app: hr,812,17468, 0.00 ,0
 9> <info> app: hr,813,17418, 0.00 ,0
 9> <info> app: hr,814,17427, 1.00 ,1
 9> <info> app: hr,815,17440, 1.00 ,1
 9> <info> app: hr,816,17448, 2.00 ,1
 9> <info> app: hr,817,17458, 2.00 ,1
 9> <info> app: hr,818,17435, 3.00 ,1
 9> <info> app: hr,819,17418, 3.00 ,1
 9> <info> app: hr,820,17434, 3.00 ,1
 9> <info> app: hr,821,17431, 3.00 ,1
 9> <info> app: hr,822,17415, 4.00 ,1
 9> <info> app: hr,823,17438, 5.00 ,1
 9> <info> app: hr,824,17434, 5.00 ,1
 9> <info> app: hr,825,17443, 5.00 ,1
 9> <info> app: hr,826,17446, 5.00 ,1
 9> <info> app: hr,827,17430, 6.00 ,1
 9> <info> app: hr,828,17450, 6.00 ,1
 9> <info> app: hr,829,17459, 6.00 ,1
 9> <info> app: hr,830,17461, 7.00 ,1
 9> <info> app: hr,831,17440, 6.00 ,1
 9> <info> app: hr,832,17438, 6.00 ,1
 9> <info> app: hr,833,17451, 6.00 ,1
 9> <info> app: hr,834,17473, 6.00 ,1
 9> <info> app: hr,835,17449, 6.00 ,0
 9> <info> app: hr,836,17450, 6.00 ,0
 9> <info> app: hr,837,17429, 5.00 ,0
 9> <info> app: hr,838,17435, 5.00 ,0
 9> <info> app: hr,839,17428, 5.00 ,0
 9> <info> app: hr,840,17443, 5.00 ,0
 9> <info> app: hr,841,17446, 5.00 ,0
 9> <info> app: hr,842,17402, 5.00 ,0
 9> <info> app: hr,843,17430, 5.00 ,0
 9> <info> app: hr,844,17483, 5.00 ,0
 9> <info> app: hr,845,17439, 4.00 ,0
 9> <info> app: hr,846,17464, 5.00 ,0
 9> <info> app: hr,847,17446, 5.00 ,0
 9> <info> app: hr,848,17441, 4.00 ,0
 9> <info> app: hr,849,17459, 4.00 ,0
 9> <info> app: hr,850,17446, 4.00 ,0
 9> <info> app: hr,851,17429, 4.00 ,0
 9> <info> app: hr,852,17459, 4.00 ,0
 9> <info> app: hr,853,17463, 2.00 ,-1
 9> <info> app: hr,854,17454, 2.00 ,-1
 9> <info> app: hr,855,17451, 2.00 ,-1
 9> <info> app: hr,856,17434, 2.00 ,0
 9> <info> app: hr,857,17451, 2.00 ,0
 9> <info> app: hr,858,17453, 2.00 ,0
 9> <info> app: hr,859,17455, 1.00 ,0
 9> <info> app: hr,860,17443, 1.00 ,0
 9> <info> app: hr,861,17455, 0.00 ,0
 9> <info> app: hr,862,17453, 0.00 ,0
 9> <info> app: hr,863,17431, 0.00 ,0
 9> <info> app: hr,864,17419, 0.00 ,0
 9> <info> app: hr,865,17454, 0.00 ,0
 9> <info> app: hr,866,17437, 0.00 ,0
 9> <info> app: hr,867,17446, 0.00 ,0
 9> <info> app: hr,868,17445, 0.00 ,0
 9> <info> app: hr,869,17444, 0.00 ,0
 9> <info> app: hr,870,17433, 0.00 ,0
 9> <info> app: hr,871,17445, 0.00 ,0
 9> <info> app: hr,872,17445, 0.00 ,0
 9> <info> app: hr,873,17440, 0.00 ,0
 9> <info> app: hr,874,17463, 0.00 ,0
 9> <info> app: hr,875,17452, 0.00 ,0
 9> <info> app: hr,876,17463, 0.00 ,0
 9> <info> app: hr,877,17453, 0.00 ,0
 9> <info> app: hr,878,17462, 0.00 ,0
 9> <info> app: hr,879,17437, -1.00 ,-1
 9> <info> app: hr,880,17457, -1.00 ,-1
 9> <info> app: hr,881,17436, 0.00 ,0
 9> <info> app: hr,882,17451, 0.00 ,0
 9> <info> app: hr,883,17459, 0.00 ,0
 9> <info> app: hr,884,17469, -1.00 ,-1
 9> <info> app: hr,885,17452, -1.00 ,-1
 9> <info> app: hr,886,17460, -1.00 ,-1
 9> <info> app: hr,887,17458, -1.00 ,-1
 9> <info> app: hr,888,17437, -2.00 ,-1
 9> <info> app: hr,889,17451, -2.00 ,-1
 9> <info> app: hr,890,17461, -2.00 ,-1
 9> <info> app: hr,891,17461, -2.00 ,-1
 9> <info> app: hr,892,17452, -3.00 ,-1
 9> <info> app: hr,893,17446, -2.00 ,-1
 9> <info> app: hr,894,17466, -2.00 ,-1
 9> <info> app: hr,895,17455, -2.00 ,-1
 9> <info> app: hr,896,17447, -3.00 ,-1
 9> <info> app: hr,897,17477, -3.00 ,-1
 9> <info> app: hr,898,17437, -3.00 ,-1
 9> <info> app: hr,899,17442, -3.00 ,-1
 9> <info> app: hr,900,17464, -3.00 ,-1
 9> <info> app: hr,901,17462, -3.00 ,-1
 9> <info> app: hr,902,17472, -3.00 ,-1
 9> <info> app: hr,903,17464, -4.00 ,-1
 9> <info> app: hr,904,17463, -4.00 ,-1
 9> <info> app: hr,905,17454, -3.00 ,-1
 9> <info> app: hr,906,17466, -4.00 ,-1
 9> <info> app: hr,907,17467, -4.00 ,-1
 9> <info> app: hr,908,17462, -4.00 ,-1
 9> <info> app: hr,909,17451, -4.00 ,-1
 9> <info> app: hr,910,17456, -4.00 ,-1
 9> <info> app: hr,911,17437, -4.00 ,-1
 9> <info> app: hr,912,17447, -5.00 ,-1
 9> <info> app: hr,913,17467, -4.00 ,-1
 9> <info> app: hr,914,17458, -4.00 ,-1
 9> <info> app: hr,915,17450, -4.00 ,-1
 9> <info> app: hr,916,17449, -5.00 ,-1
 9> <info> app: hr,917,17464, -5.00 ,-1
 9> <info> app: hr,918,17449, -4.00 ,-1
 9> <info> app: hr,919,17439, -4.00 ,-1
 9> <info> app: hr,920,17442, -4.00 ,-1
 9> <info> app: hr,921,17469, -4.00 ,-1
 9> <info> app: hr,922,17434, -3.00 ,-1
 9> <info> app: hr,923,17443, -3.00 ,-1
 9> <info> app: hr,924,17437, -3.00 ,-1
 9> <info> app: hr,925,17419, -3.00 ,-1
 9> <info> app: hr,926,17464, -2.00 ,-1
 9> <info> app: hr,927,17447, -2.00 ,-1
 9> <info> app: hr,928,17433, -1.00 ,0
 9> <info> app: hr,929,17436, -1.00 ,0
 9> <info> app: hr,930,17436, 0.00 ,0
 9> <info> app: hr,931,17455, 0.00 ,0
 9> <info> app: hr,932,17460, 0.00 ,0
 9> <info> app: hr,933,17457, 0.00 ,0
 9> <info> app: hr,934,17431, 0.00 ,0
 9> <info> app: hr,935,17446, 0.00 ,0
 9> <info> app: hr,936,17445, 0.00 ,0
 9> <info> app: hr,937,17446, 1.00 ,0
 9> <info> app: hr,938,17436, 1.00 ,0
 9> <info> app: hr,939,17427, 1.00 ,0
 9> <info> app: hr,940,17451, 2.00 ,0
 9> <info> app: hr,941,17441, 1.00 ,0
 9> <info> app: hr,942,17417, 1.00 ,0
 9> <info> app: hr,943,17423, 2.00 ,0
 9> <info> app: hr,944,17432, 2.00 ,0
 9> <info> app: hr,945,17439, 3.00 ,1
 9> <info> app: hr,946,17424, 4.00 ,1
 9> <info> app: hr,947,17438, 4.00 ,1
 9> <info> app: hr,948,17463, 4.00 ,1
 9> <info> app: hr,949,17426, 4.00 ,1
 9> <info> app: hr,950,17471, 5.00 ,1
 9> <info> app: hr,951,17422, 5.00 ,1
 9> <info> app: hr,952,17453, 4.00 ,1
 9> <info> app: hr,953,17459, 5.00 ,1
 9> <info> app: hr,954,17444, 5.00 ,1
 9> <info> app: hr,955,17454, 5.00 ,1
 9> <info> app: hr,956,17427, 4.00 ,1
 9> <info> app: hr,957,17446, 5.00 ,1
 9> <info> app: hr,958,17440, 5.00 ,1
 9> <info> app: hr,959,17438, 5.00 ,1
 9> <info> app: hr,960,17436, 4.00 ,1
 9> <info> app: hr,961,17431, 4.00 ,1
 9> <info> app: hr,962,17453, 5.00 ,1
 9> <info> app: hr,963,17469, 5.00 ,1
 9> <info> app: hr,964,17438, 4.00 ,1
 9> <info> app: hr,965,17449, 4.00 ,1
 9> <info> app: hr,966,17416, 4.00 ,1
 9> <info> app: hr,967,17432, 4.00 ,1
 9> <info> app: hr,968,17426, 3.00 ,1
 9> <info> app: hr,969,17435, 4.00 ,1
 9> <info> app: hr,970,17417, 4.00 ,1
 9> <info> app: hr,971,17429, 4.00 ,1
 9> <info> app: hr,972,17445, 4.00 ,1
 9> <info> app: hr,973,17451, 4.00 ,1
 9> <info> app: hr,974,17439, 4.00 ,1
 9> <info> app: hr,975,17434, 4.00 ,1
 9> <info> app: hr,976,17438, 4.00 ,1
 9> <info> app: hr,977,17448, 4.00 ,1
 9> <info> app: hr,978,17443, 4.00 ,1
 9> <info> app: hr,979,17451, 4.00 ,1
 9> <info> app: hr,980,17436, 4.00 ,1
 9> <info> app: hr,981,17445, 4.00 ,1
 9> <info> app: hr,982,17456, 3.00 ,1
 9> <info> app: hr,983,17451, 3.00 ,1
 9> <info> app: hr,984,17439, 3.00 ,1
 9> <info> app: hr,985,17438, 3.00 ,1
 9> <info> app: hr,986,17450, 3.00 ,1
 9> <info> app: hr,987,17431, 2.00 ,0
 9> <info> app: hr,988,17434, 2.00 ,0
 9> <info> app: hr,989,17439, 2.00 ,0
 9> <info> app: hr,990,17438, 2.00 ,0
 9> <info> app: hr,991,17466, 2.00 ,0
 9> <info> app: hr,992,17435, 2.00 ,0
 9> <info> app: hr,993,17429, 2.00 ,0
 9> <info> app: hr,994,17445, 2.00 ,0
 9> <info> app: hr,995,17461, 1.00 ,-1
 9> <info> app: hr,996,17416, 0.00 ,-1
 9> <info> app: hr,997,17459, 0.00 ,-1
 9> <info> app: hr,998,17460, 0.00 ,0
 9> <info> app: hr,999,17454, 0.00 ,0
 9> <info> app: hr,1000,17432, 0.00 ,0
 9> <info> app: hr,1001,17444, 0.00 ,0
 9> <info> app: hr,1002,17452, 0.00 ,0
 9> <info> app: hr,1003,17464, 0.00 ,0
 9> <info> app: hr,1004,17454, 0.00 ,0
 9> <info> app: hr,1005,17438, 0.00 ,0
 9> <info> app: hr,1006,17446, 0.00 ,0
 9> <info> app: hr,1007,17431, 0.00 ,0
 9> <info> app: hr,1008,17464, -1.00 ,-1
 9> <info> app: hr,1009,17453, -1.00 ,-1
 9> <info> app: hr,1010,17470, -1.00 ,-1
 9> <info> app: hr,1011,17438, -1.00 ,-1
 9> <info> app: hr,1012,17453, -2.00 ,-1
 9> <info> app: hr,1013,17459, -1.00 ,-1
 9> <info> app: hr,1014,17463, -1.00 ,-1
 9> <info> app: hr,1015,17482, -2.00 ,-1
 9> <info> app: hr,1016,17472, -2.00 ,-1
 9> <info> app: hr,1017,17434, -3.00 ,-1
 9> <info> app: hr,1018,17444, -3.00 ,-1
 9> 
 9> plus_index 73, minus_index 133, Peak Index, 105,108,111,112,114,115,119,, AVR Peak Index, 112, HR 0
 9> plus_index 202, minus_index 265, Peak Index, 224,227,230,, AVR Peak Index, 227, HR 104
 9> plus_index 320, minus_index 381, Peak Index, 348,351,354,358,, AVR Peak Index, 353, HR 95
 9> plus_index 436, minus_index 491, Peak Index, 481,, AVR Peak Index, 481, HR 93
 9> plus_index 570, minus_index 621, Peak Index, 592,595,597,598,600,601,602,, AVR Peak Index, 597, HR 103
 9> plus_index 683, minus_index 749, Peak Index, 716,718,719,720,721,722,724,725,728,729,731,732,735,, AVR Peak Index, 725, HR 93
 9> plus_index 814, minus_index 853, Peak Index, 830,, AVR Peak Index, 830, HR 114
 9> plus_index 945, minus_index 995, Peak Index, 950,951,953,954,955,957,958,959,962,963,, AVR Peak Index, 956, HR 95
# Logging stopped @ 23 Nov 2018 15:13:36
