# SEGGER J-Link RTT Viewer V6.16a Terminal Log File
# Compiled: 12:44:10 on Jun  6 2017
# Logging started @ 23 Nov 2018 22:57:46
<info> app: ***********  Application started  ***********
 0> 
 0> <info> app: [OK] NRF Power ON 0x0004. 
 0> <info> app: Read MAC:C3821CAEE6B5
 0> <info> app: ***********  Sensor initial ***********
 0> <info> app: [OK]	BMI160
 0> <info> app: [OK]	SETUP ACC
 0> <info> app: [OK]	SETUP STEP COUNT
 0> <info> app: [OK]	FLASH MEMORY
 0> <info> app: [OK]	OLED Initial
 0> <info> app: [OK]	Max30102 Initial, Temperature 31.00
 0> <info> app: ********** End sensor initial *********
 0> 
 0> <info> app: Max30102 Found
 0> 
 0> <info> app: HR Begin
 0> 
 0> <info> app: 999
 0> <info> app: HR Processing
 0> 
 0> <info> app: hr,50,17778, -2.00 ,0
 0> <info> app: hr,51,17768, -2.00 ,0
 0> <info> app: hr,52,17796, -2.00 ,0
 0> <info> app: hr,53,17766, -1.00 ,0
 0> <info> app: hr,54,17808, 0.00 ,0
 0> <info> app: hr,55,17785, 0.00 ,0
 0> <info> app: hr,56,17779, 0.00 ,0
 0> <info> app: hr,57,17793, 0.00 ,0
 0> <info> app: hr,58,17795, 0.00 ,0
 0> <info> app: hr,59,17789, 0.00 ,0
 0> <info> app: hr,60,17792, 0.00 ,0
 0> <info> app: hr,61,17780, 0.00 ,0
 0> <info> app: hr,62,17785, 0.00 ,0
 0> <info> app: hr,63,17785, 0.00 ,0
 0> <info> app: hr,64,17772, 0.00 ,0
 0> <info> app: hr,65,17784, 0.00 ,0
 0> <info> app: hr,66,17777, 0.00 ,0
 0> <info> app: hr,67,17789, 1.00 ,1
 0> <info> app: hr,68,17791, 1.00 ,1
 0> <info> app: hr,69,17766, 1.00 ,1
 0> <info> app: hr,70,17779, 1.00 ,1
 0> <info> app: hr,71,17793, 2.00 ,1
 0> <info> app: hr,72,17775, 1.00 ,1
 0> <info> app: hr,73,17789, 1.00 ,1
 0> <info> app: hr,74,17804, 1.00 ,1
 0> <info> app: hr,75,17800, 2.00 ,1
 0> <info> app: hr,76,17790, 2.00 ,1
 0> <info> app: hr,77,17792, 2.00 ,1
 0> <info> app: hr,78,17783, 2.00 ,1
 0> <info> app: hr,79,17785, 2.00 ,1
 0> <info> app: hr,80,17793, 2.00 ,1
 0> <info> app: hr,81,17789, 1.00 ,1
 0> <info> app: hr,82,17783, 1.00 ,1
 0> <info> app: hr,83,17795, 1.00 ,1
 0> <info> app: hr,84,17781, 1.00 ,1
 0> <info> app: hr,85,17836, 1.00 ,1
 0> <info> app: hr,86,17784, 1.00 ,1
 0> <info> app: hr,87,17816, 1.00 ,1
 0> <info> app: hr,88,17796, 1.00 ,1
 0> <info> app: hr,89,17797, 1.00 ,1
 0> <info> app: hr,90,17785, 0.00 ,0
 0> <info> app: hr,91,17803, 0.00 ,0
 0> <info> app: hr,92,17800, 0.00 ,0
 0> <info> app: hr,93,17812, 0.00 ,0
 0> <info> app: hr,94,17795, 0.00 ,0
 0> <info> app: hr,95,17774, 0.00 ,0
 0> <info> app: hr,96,17785, 0.00 ,0
 0> <info> app: hr,97,17785, 0.00 ,0
 0> <info> app: hr,98,17778, -1.00 ,-1
 0> <info> app: hr,99,17785, -1.00 ,-1
 0> <info> app: hr,100,17773, -1.00 ,-1
 0> <info> app: hr,101,17797, -1.00 ,-1
 0> <info> app: hr,102,17814, -1.00 ,-1
 0> <info> app: hr,103,17792, -1.00 ,-1
 0> <info> app: hr,104,17800, -1.00 ,-1
 0> <info> app: hr,105,17787, -1.00 ,-1
 0> <info> app: hr,106,17793, -1.00 ,-1
 0> <info> app: hr,107,17815, -1.00 ,-1
 0> <info> app: hr,108,17808, -1.00 ,-1
 0> <info> app: hr,109,17803, -1.00 ,-1
 0> <info> app: hr,110,17797, -1.00 ,-1
 0> <info> app: hr,111,17778, -1.00 ,-1
 0> <info> app: hr,112,17790, -2.00 ,-1
 0> <info> app: hr,113,17792, -2.00 ,-1
 0> <info> app: hr,114,17810, -2.00 ,-1
 0> <info> app: hr,115,17794, -2.00 ,-1
 0> <info> app: hr,116,17784, -2.00 ,-1
 0> <info> app: hr,117,17789, -2.00 ,-1
 0> <info> app: hr,118,17789, -2.00 ,-1
 0> <info> app: hr,119,17819, -2.00 ,-1
 0> <info> app: hr,120,17774, -2.00 ,-1
 0> <info> app: hr,121,17810, -2.00 ,-1
 0> <info> app: hr,122,17801, -2.00 ,-1
 0> <info> app: hr,123,17773, -2.00 ,-1
 0> <info> app: hr,124,17813, -2.00 ,-1
 0> <info> app: hr,125,17807, -2.00 ,-1
 0> <info> app: hr,126,17811, -2.00 ,-1
 0> <info> app: hr,127,17812, -2.00 ,-1
 0> <info> app: hr,128,17794, -2.00 ,-1
 0> <info> app: hr,129,17783, -2.00 ,-1
 0> <info> app: hr,130,17788, -3.00 ,-1
 0> <info> app: hr,131,17805, -3.00 ,-1
 0> <info> app: hr,132,17809, -3.00 ,-1
 0> <info> app: hr,133,17804, -2.00 ,-1
 0> <info> app: hr,134,17806, -2.00 ,-1
 0> <info> app: hr,135,17819, -2.00 ,-1
 0> <info> app: hr,136,17800, -3.00 ,-1
 0> <info> app: hr,137,17798, -3.00 ,-1
 0> <info> app: hr,138,17812, -3.00 ,-1
 0> <info> app: hr,139,17809, -3.00 ,-1
 0> <info> app: hr,140,17794, -3.00 ,-1
 0> <info> app: hr,141,17810, -3.00 ,-1
 0> <info> app: hr,142,17808, -4.00 ,-1
 0> <info> app: hr,143,17813, -4.00 ,-1
 0> <info> app: hr,144,17801, -3.00 ,-1
 0> <info> app: hr,145,17793, -4.00 ,-1
 0> <info> app: hr,146,17799, -4.00 ,-1
 0> <info> app: hr,147,17775, -4.00 ,-1
 0> <info> app: hr,148,17785, -4.00 ,-1
 0> <info> app: hr,149,17795, -3.00 ,-1
 0> <info> app: hr,150,17784, -3.00 ,-1
 0> <info> app: hr,151,17797, -3.00 ,-1
 0> <info> app: hr,152,17765, -3.00 ,-1
 0> <info> app: hr,153,17779, -3.00 ,-1
 0> <info> app: hr,154,17786, -3.00 ,-1
 0> <info> app: hr,155,17788, -2.00 ,-1
 0> <info> app: hr,156,17794, -1.00 ,0
 0> <info> app: hr,157,17794, -1.00 ,-1
 0> <info> app: hr,158,17780, -1.00 ,0
 0> <info> app: hr,159,17805, -1.00 ,0
 0> <info> app: hr,160,17796, 0.00 ,0
 0> <info> app: hr,161,17792, 0.00 ,0
 0> <info> app: hr,162,17794, 0.00 ,0
 0> <info> app: hr,163,17798, 0.00 ,0
 0> <info> app: hr,164,17794, 0.00 ,0
 0> <info> app: hr,165,17782, 0.00 ,0
 0> <info> app: hr,166,17778, 0.00 ,0
 0> <info> app: hr,167,17793, 0.00 ,0
 0> <info> app: hr,168,17793, 1.00 ,0
 0> <info> app: hr,169,17797, 1.00 ,0
 0> <info> app: hr,170,17776, 1.00 ,0
 0> <info> app: hr,171,17804, 1.00 ,0
 0> <info> app: hr,172,17775, 2.00 ,0
 0> <info> app: hr,173,17798, 2.00 ,0
 0> <info> app: hr,174,17815, 2.00 ,0
 0> <info> app: hr,175,17799, 1.00 ,0
 0> <info> app: hr,176,17793, 1.00 ,0
 0> <info> app: hr,177,17768, 2.00 ,0
 0> <info> app: hr,178,17800, 2.00 ,0
 0> <info> app: hr,179,17787, 2.00 ,0
 0> <info> app: hr,180,17780, 2.00 ,0
 0> <info> app: hr,181,17791, 2.00 ,0
 0> <info> app: hr,182,17819, 3.00 ,0
 0> <info> app: hr,183,17809, 2.00 ,0
 0> <info> app: hr,184,17789, 2.00 ,0
 0> <info> app: hr,185,17812, 2.00 ,0
 0> <info> app: hr,186,17795, 2.00 ,0
 0> <info> app: hr,187,17792, 2.00 ,0
 0> <info> app: hr,188,17775, 2.00 ,0
 0> <info> app: hr,189,17789, 2.00 ,0
 0> <info> app: hr,190,17819, 2.00 ,0
 0> <info> app: hr,191,17818, 1.00 ,-1
 0> <info> app: hr,192,17799, 0.00 ,-1
 0> <info> app: hr,193,17783, 0.00 ,-1
 0> <info> app: hr,194,17808, 0.00 ,0
 0> <info> app: hr,195,17790, 0.00 ,0
 0> <info> app: hr,196,17807, 0.00 ,0
 0> <info> app: hr,197,17798, 0.00 ,0
 0> <info> app: hr,198,17808, 0.00 ,0
 0> <info> app: hr,199,17787, 0.00 ,0
 0> <info> app: hr,200,17794, 0.00 ,0
 0> <info> app: hr,201,17765, 0.00 ,0
 0> <info> app: hr,202,17811, 0.00 ,0
 0> <info> app: hr,203,17787, 0.00 ,0
 0> <info> app: hr,204,17808, 0.00 ,0
 0> <info> app: hr,205,17783, 0.00 ,0
 0> <info> app: hr,206,17792, 0.00 ,0
 0> <info> app: hr,207,17805, 0.00 ,0
 0> <info> app: hr,208,17782, 0.00 ,0
 0> <info> app: hr,209,17796, 0.00 ,0
 0> <info> app: hr,210,17822, 0.00 ,0
 0> <info> app: hr,211,17819, -1.00 ,-1
 0> <info> app: hr,212,17820, -1.00 ,-1
 0> <info> app: hr,213,17802, -1.00 ,-1
 0> <info> app: hr,214,17804, -1.00 ,-1
 0> <info> app: hr,215,17818, -1.00 ,-1
 0> <info> app: hr,216,17819, -1.00 ,-1
 0> <info> app: hr,217,17792, -1.00 ,-1
 0> <info> app: hr,218,17810, -2.00 ,-1
 0> <info> app: hr,219,17813, -2.00 ,-1
 0> <info> app: hr,220,17804, -2.00 ,-1
 0> <info> app: hr,221,17817, -3.00 ,-1
 0> <info> app: hr,222,17780, -3.00 ,-1
 0> <info> app: hr,223,17790, -2.00 ,-1
 0> <info> app: hr,224,17820, -3.00 ,-1
 0> <info> app: hr,225,17805, -3.00 ,-1
 0> <info> app: hr,226,17807, -3.00 ,-1
 0> <info> app: hr,227,17807, -4.00 ,-1
 0> <info> app: hr,228,17819, -4.00 ,-1
 0> <info> app: hr,229,17796, -3.00 ,-1
 0> <info> app: hr,230,17834, -4.00 ,-1
 0> <info> app: hr,231,17816, -4.00 ,-1
 0> <info> app: hr,232,17805, -4.00 ,-1
 0> <info> app: hr,233,17785, -5.00 ,-1
 0> <info> app: hr,234,17808, -4.00 ,-1
 0> <info> app: hr,235,17805, -4.00 ,-1
 0> <info> app: hr,236,17806, -5.00 ,-1
 0> <info> app: hr,237,17825, -5.00 ,-1
 0> <info> app: hr,238,17820, -4.00 ,-1
 0> <info> app: hr,239,17809, -5.00 ,-1
 0> <info> app: hr,240,17810, -5.00 ,-1
 0> <info> app: hr,241,17792, -4.00 ,-1
 0> <info> app: hr,242,17799, -5.00 ,-1
 0> <info> app: hr,243,17801, -5.00 ,-1
 0> <info> app: hr,244,17815, -5.00 ,-1
 0> <info> app: hr,245,17794, -4.00 ,-1
 0> <info> app: hr,246,17798, -4.00 ,-1
 0> <info> app: hr,247,17795, -4.00 ,-1
 0> <info> app: hr,248,17790, -4.00 ,-1
 0> <info> app: hr,249,17799, -4.00 ,-1
 0> <info> app: hr,250,17808, -3.00 ,-1
 0> <info> app: hr,251,17805, -3.00 ,-1
 0> <info> app: hr,252,17790, -3.00 ,-1
 0> <info> app: hr,253,17785, -3.00 ,-1
 0> <info> app: hr,254,17807, -3.00 ,-1
 0> <info> app: hr,255,17814, -2.00 ,-1
 0> <info> app: hr,256,17795, -2.00 ,-1
 0> <info> app: hr,257,17795, -2.00 ,-1
 0> <info> app: hr,258,17809, -2.00 ,-1
 0> <info> app: hr,259,17792, -1.00 ,-1
 0> <info> app: hr,260,17810, -1.00 ,-1
 0> <info> app: hr,261,17824, -1.00 ,-1
 0> <info> app: hr,262,17793, -1.00 ,-1
 0> <info> app: hr,263,17802, -1.00 ,-1
 0> <info> app: hr,264,17795, -1.00 ,-1
 0> <info> app: hr,265,17801, -1.00 ,-1
 0> <info> app: hr,266,17815, 0.00 ,0
 0> <info> app: hr,267,17807, 0.00 ,0
 0> <info> app: hr,268,17801, 0.00 ,0
 0> <info> app: hr,269,17797, 0.00 ,0
 0> <info> app: hr,270,17800, 0.00 ,0
 0> <info> app: hr,271,17767, 0.00 ,0
 0> <info> app: hr,272,17802, 0.00 ,0
 0> <info> app: hr,273,17802, 0.00 ,0
 0> <info> app: hr,274,17801, 0.00 ,0
 0> <info> app: hr,275,17811, 0.00 ,0
 0> <info> app: hr,276,17787, 1.00 ,1
 0> <info> app: hr,277,17785, 1.00 ,1
 0> <info> app: hr,278,17797, 1.00 ,1
 0> <info> app: hr,279,17809, 0.00 ,0
 0> <info> app: hr,280,17823, 0.00 ,0
 0> <info> app: hr,281,17797, 1.00 ,1
 0> <info> app: hr,282,17793, 1.00 ,1
 0> <info> app: hr,283,17792, 1.00 ,1
 0> <info> app: hr,284,17798, 1.00 ,1
 0> <info> app: hr,285,17808, 1.00 ,1
 0> <info> app: hr,286,17794, 1.00 ,1
 0> <info> app: hr,287,17796, 1.00 ,1
 0> <info> app: hr,288,17811, 2.00 ,1
 0> <info> app: hr,289,17798, 2.00 ,1
 0> <info> app: hr,290,17797, 2.00 ,1
 0> <info> app: hr,291,17830, 1.00 ,1
 0> <info> app: hr,292,17804, 1.00 ,1
 0> <info> app: hr,293,17800, 1.00 ,1
 0> <info> app: hr,294,17785, 1.00 ,1
 0> <info> app: hr,295,17787, 1.00 ,1
 0> <info> app: hr,296,17799, 1.00 ,1
 0> <info> app: hr,297,17794, 1.00 ,1
 0> <info> app: hr,298,17801, 1.00 ,1
 0> <info> app: hr,299,17802, 1.00 ,1
 0> <info> app: hr,300,17813, 1.00 ,1
 0> <info> app: hr,301,17788, 1.00 ,1
 0> <info> app: hr,302,17808, 1.00 ,1
 0> <info> app: hr,303,17820, 1.00 ,1
 0> <info> app: hr,304,17796, 1.00 ,1
 0> <info> app: hr,305,17794, 0.00 ,0
 0> <info> app: hr,306,17805, 0.00 ,0
 0> <info> app: hr,307,17799, 0.00 ,0
 0> <info> app: hr,308,17786, 0.00 ,0
 0> <info> app: hr,309,17804, 0.00 ,0
 0> <info> app: hr,310,17818, 0.00 ,0
 0> <info> app: hr,311,17819, 0.00 ,0
 0> <info> app: hr,312,17788, 0.00 ,0
 0> <info> app: hr,313,17803, 0.00 ,0
 0> <info> app: hr,314,17830, 0.00 ,0
 0> <info> app: hr,315,17812, 0.00 ,0
 0> <info> app: hr,316,17806, 0.00 ,0
 0> <info> app: hr,317,17818, 0.00 ,0
 0> <info> app: hr,318,17838, 0.00 ,0
 0> <info> app: hr,319,17833, 0.00 ,0
 0> <info> app: hr,320,17810, -1.00 ,-1
 0> <info> app: hr,321,17815, -1.00 ,-1
 0> <info> app: hr,322,17798, -1.00 ,-1
 0> <info> app: hr,323,17788, -2.00 ,-1
 0> <info> app: hr,324,17792, -2.00 ,-1
 0> <info> app: hr,325,17812, -1.00 ,-1
 0> <info> app: hr,326,17791, -2.00 ,-1
 0> <info> app: hr,327,17805, -2.00 ,-1
 0> <info> app: hr,328,17793, -2.00 ,-1
 0> <info> app: hr,329,17801, -2.00 ,-1
 0> <info> app: hr,330,17802, -2.00 ,-1
 0> <info> app: hr,331,17811, -2.00 ,-1
 0> <info> app: hr,332,17813, -2.00 ,-1
 0> <info> app: hr,333,17800, -2.00 ,-1
 0> <info> app: hr,334,17815, -2.00 ,-1
 0> <info> app: hr,335,17799, -2.00 ,-1
 0> <info> app: hr,336,17809, -2.00 ,-1
 0> <info> app: hr,337,17814, -2.00 ,-1
 0> <info> app: hr,338,17814, -2.00 ,-1
 0> <info> app: hr,339,17819, -2.00 ,-1
 0> <info> app: hr,340,17826, -2.00 ,-1
 0> <info> app: hr,341,17814, -2.00 ,-1
 0> <info> app: hr,342,17806, -2.00 ,-1
 0> <info> app: hr,343,17821, -2.00 ,-1
 0> <info> app: hr,344,17805, -2.00 ,-1
 0> <info> app: hr,345,17812, -2.00 ,-1
 0> <info> app: hr,346,17828, -3.00 ,-1
 0> <info> app: hr,347,17815, -3.00 ,-1
 0> <info> app: hr,348,17795, -3.00 ,-1
 0> <info> app: hr,349,17823, -2.00 ,-1
 0> <info> app: hr,350,17802, -3.00 ,-1
 0> <info> app: hr,351,17799, -3.00 ,-1
 0> <info> app: hr,352,17814, -3.00 ,-1
 0> <info> app: hr,353,17810, -3.00 ,-1
 0> <info> app: hr,354,17813, -3.00 ,-1
 0> <info> app: hr,355,17818, -3.00 ,-1
 0> <info> app: hr,356,17815, -3.00 ,-1
 0> <info> app: hr,357,17824, -3.00 ,-1
 0> <info> app: hr,358,17798, -3.00 ,-1
 0> <info> app: hr,359,17798, -3.00 ,-1
 0> <info> app: hr,360,17799, -3.00 ,-1
 0> <info> app: hr,361,17801, -2.00 ,-1
 0> <info> app: hr,362,17810, -2.00 ,-1
 0> <info> app: hr,363,17811, -3.00 ,-1
 0> <info> app: hr,364,17823, -3.00 ,-1
 0> <info> app: hr,365,17804, -3.00 ,-1
 0> <info> app: hr,366,17806, -3.00 ,-1
 0> <info> app: hr,367,17796, -2.00 ,-1
 0> <info> app: hr,368,17799, -2.00 ,-1
 0> <info> app: hr,369,17782, -1.00 ,-1
 0> <info> app: hr,370,17805, -1.00 ,-1
 0> <info> app: hr,371,17800, -1.00 ,-1
 0> <info> app: hr,372,17802, -1.00 ,-1
 0> <info> app: hr,373,17804, -1.00 ,-1
 0> <info> app: hr,374,17798, -1.00 ,-1
 0> <info> app: hr,375,17807, 0.00 ,0
 0> <info> app: hr,376,17831, 0.00 ,0
 0> <info> app: hr,377,17814, 0.00 ,0
 0> <info> app: hr,378,17807, 0.00 ,0
 0> <info> app: hr,379,17788, 0.00 ,0
 0> <info> app: hr,380,17795, 0.00 ,0
 0> <info> app: hr,381,17810, 0.00 ,0
 0> <info> app: hr,382,17804, 0.00 ,0
 0> <info> app: hr,383,17814, 0.00 ,0
 0> <info> app: hr,384,17821, 0.00 ,0
 0> <info> app: hr,385,17798, 0.00 ,0
 0> <info> app: hr,386,17798, 0.00 ,0
 0> <info> app: hr,387,17804, 0.00 ,0
 0> <info> app: hr,388,17788, 0.00 ,0
 0> <info> app: hr,389,17830, 1.00 ,1
 0> <info> app: hr,390,17808, 1.00 ,1
 0> <info> app: hr,391,17806, 1.00 ,1
 0> <info> app: hr,392,17799, 1.00 ,1
 0> <info> app: hr,393,17796, 1.00 ,1
 0> <info> app: hr,394,17809, 1.00 ,1
 0> <info> app: hr,395,17820, 1.00 ,1
 0> <info> app: hr,396,17791, 1.00 ,1
 0> <info> app: hr,397,17811, 1.00 ,1
 0> <info> app: hr,398,17804, 0.00 ,0
 0> <info> app: hr,399,17838, 0.00 ,0
 0> <info> app: hr,400,17791, 0.00 ,0
 0> <info> app: hr,401,17804, 0.00 ,0
 0> <info> app: hr,402,17803, 0.00 ,0
 0> <info> app: hr,403,17800, 0.00 ,0
 0> <info> app: hr,404,17817, 0.00 ,0
 0> <info> app: hr,405,17808, 0.00 ,0
 0> <info> app: hr,406,17839, 0.00 ,0
 0> <info> app: hr,407,17817, 0.00 ,0
 0> <info> app: hr,408,17770, 0.00 ,0
 0> <info> app: hr,409,17806, 0.00 ,0
 0> <info> app: hr,410,17810, 0.00 ,0
 0> <info> app: hr,411,17818, 0.00 ,0
 0> <info> app: hr,412,17812, 0.00 ,0
 0> <info> app: hr,413,17794, 0.00 ,0
 0> <info> app: hr,414,17800, 0.00 ,0
 0> <info> app: hr,415,17831, 0.00 ,0
 0> <info> app: hr,416,17812, 0.00 ,0
 0> <info> app: hr,417,17798, 0.00 ,0
 0> <info> app: hr,418,17815, 0.00 ,0
 0> <info> app: hr,419,17808, 0.00 ,0
 0> <info> app: hr,420,17783, 0.00 ,0
 0> <info> app: hr,421,17806, 0.00 ,0
 0> <info> app: hr,422,17807, 0.00 ,0
 0> <info> app: hr,423,17802, 0.00 ,0
 0> <info> app: hr,424,17812, 0.00 ,0
 0> <info> app: hr,425,17819, 0.00 ,0
 0> <info> app: hr,426,17818, 0.00 ,0
 0> <info> app: hr,427,17817, 0.00 ,0
 0> <info> app: hr,428,17803, 0.00 ,0
 0> <info> app: hr,429,17819, 0.00 ,0
 0> <info> app: hr,430,17809, 0.00 ,0
 0> <info> app: hr,431,17817, 0.00 ,0
 0> <info> app: hr,432,17808, 0.00 ,0
 0> <info> app: hr,433,17823, 0.00 ,0
 0> <info> app: hr,434,17807, 0.00 ,0
 0> <info> app: hr,435,17798, -1.00 ,-1
 0> <info> app: hr,436,17806, -1.00 ,-1
 0> <info> app: hr,437,17845, -1.00 ,-1
 0> <info> app: hr,438,17813, -1.00 ,-1
 0> <info> app: hr,439,17827, -1.00 ,-1
 0> <info> app: hr,440,17811, -1.00 ,-1
 0> <info> app: hr,441,17818, -2.00 ,-1
 0> <info> app: hr,442,17814, -2.00 ,-1
 0> <info> app: hr,443,17819, -1.00 ,-1
 0> <info> app: hr,444,17818, -2.00 ,-1
 0> <info> app: hr,445,17806, -2.00 ,-1
 0> <info> app: hr,446,17823, -2.00 ,-1
 0> <info> app: hr,447,17797, -2.00 ,-1
 0> <info> app: hr,448,17804, -2.00 ,-1
 0> <info> app: hr,449,17808, -3.00 ,-1
 0> <info> app: hr,450,17821, -3.00 ,-1
 0> <info> app: hr,451,17831, -2.00 ,-1
 0> <info> app: hr,452,17820, -2.00 ,-1
 0> <info> app: hr,453,17822, -2.00 ,-1
 0> <info> app: hr,454,17831, -3.00 ,-1
 0> <info> app: hr,455,17842, -3.00 ,-1
 0> <info> app: hr,456,17831, -3.00 ,-1
 0> <info> app: hr,457,17836, -3.00 ,-1
 0> <info> app: hr,458,17825, -3.00 ,-1
 0> <info> app: hr,459,17819, -4.00 ,-1
 0> <info> app: hr,460,17801, -4.00 ,-1
 0> <info> app: hr,461,17821, -4.00 ,-1
 0> <info> app: hr,462,17840, -4.00 ,-1
 0> <info> app: hr,463,17821, -4.00 ,-1
 0> <info> app: hr,464,17816, -5.00 ,-1
 0> <info> app: hr,465,17804, -5.00 ,-1
 0> <info> app: hr,466,17815, -4.00 ,-1
 0> <info> app: hr,467,17826, -5.00 ,-1
 0> <info> app: hr,468,17802, -5.00 ,-1
 0> <info> app: hr,469,17802, -5.00 ,-1
 0> <info> app: hr,470,17826, -4.00 ,-1
 0> <info> app: hr,471,17812, -4.00 ,-1
 0> <info> app: hr,472,17803, -4.00 ,-1
 0> <info> app: hr,473,17799, -4.00 ,-1
 0> <info> app: hr,474,17798, -3.00 ,-1
 0> <info> app: hr,475,17810, -3.00 ,-1
 0> <info> app: hr,476,17835, -3.00 ,-1
 0> <info> app: hr,477,17809, -3.00 ,-1
 0> <info> app: hr,478,17807, -3.00 ,-1
 0> <info> app: hr,479,17777, -3.00 ,-1
 0> <info> app: hr,480,17798, -2.00 ,-1
 0> <info> app: hr,481,17802, -1.00 ,0
 0> <info> app: hr,482,17804, -1.00 ,0
 0> <info> app: hr,483,17807, -1.00 ,0
 0> <info> app: hr,484,17818, 0.00 ,0
 0> <info> app: hr,485,17815, 0.00 ,0
 0> <info> app: hr,486,17800, 0.00 ,0
 0> <info> app: hr,487,17802, 0.00 ,0
 0> <info> app: hr,488,17801, 0.00 ,0
 0> <info> app: hr,489,17819, 0.00 ,0
 0> <info> app: hr,490,17808, 1.00 ,0
 0> <info> app: hr,491,17790, 1.00 ,0
 0> <info> app: hr,492,17803, 1.00 ,0
 0> <info> app: hr,493,17792, 2.00 ,1
 0> <info> app: hr,494,17815, 2.00 ,0
 0> <info> app: hr,495,17824, 3.00 ,1
 0> <info> app: hr,496,17812, 2.00 ,0
 0> <info> app: hr,497,17830, 2.00 ,0
 0> <info> app: hr,498,17809, 2.00 ,0
 0> <info> app: hr,499,17788, 3.00 ,0
 0> <info> app: hr,500,17812, 3.00 ,0
 0> <info> app: hr,501,17805, 3.00 ,0
 0> <info> app: hr,502,17821, 2.00 ,0
 0> <info> app: hr,503,17794, 2.00 ,0
 0> <info> app: hr,504,17813, 3.00 ,0
 0> <info> app: hr,505,17791, 3.00 ,0
 0> <info> app: hr,506,17817, 3.00 ,0
 0> <info> app: hr,507,17819, 3.00 ,0
 0> <info> app: hr,508,17812, 3.00 ,0
 0> <info> app: hr,509,17806, 2.00 ,0
 0> <info> app: hr,510,17822, 3.00 ,0
 0> <info> app: hr,511,17804, 3.00 ,0
 0> <info> app: hr,512,17815, 3.00 ,0
 0> <info> app: hr,513,17791, 3.00 ,0
 0> <info> app: hr,514,17826, 3.00 ,0
 0> <info> app: hr,515,17828, 2.00 ,0
 0> <info> app: hr,516,17820, 2.00 ,0
 0> <info> app: hr,517,17799, 2.00 ,0
 0> <info> app: hr,518,17808, 2.00 ,0
 0> <info> app: hr,519,17796, 2.00 ,0
 0> <info> app: hr,520,17811, 2.00 ,0
 0> <info> app: hr,521,17836, 2.00 ,0
 0> <info> app: hr,522,17850, 2.00 ,0
 0> <info> app: hr,523,17829, 0.00 ,-1
 0> <info> app: hr,524,17823, 0.00 ,-1
 0> <info> app: hr,525,17818, 0.00 ,-1
 0> <info> app: hr,526,17794, 0.00 ,0
 0> <info> app: hr,527,17832, 0.00 ,0
 0> <info> app: hr,528,17826, 0.00 ,0
 0> <info> app: hr,529,17804, 0.00 ,0
 0> <info> app: hr,530,17800, -1.00 ,0
 0> <info> app: hr,531,17829, -1.00 ,0
 0> <info> app: hr,532,17817, -1.00 ,0
 0> <info> app: hr,533,17829, -1.00 ,0
 0> <info> app: hr,534,17819, -1.00 ,0
 0> <info> app: hr,535,17789, -1.00 ,0
 0> <info> app: hr,536,17816, -1.00 ,0
 0> <info> app: hr,537,17808, -1.00 ,0
 0> <info> app: hr,538,17809, -2.00 ,0
 0> <info> app: hr,539,17818, -2.00 ,0
 0> <info> app: hr,540,17791, -2.00 ,0
 0> <info> app: hr,541,17810, -2.00 ,0
 0> <info> app: hr,542,17832, -2.00 ,0
 0> <info> app: hr,543,17809, -2.00 ,0
 0> <info> app: hr,544,17811, -1.00 ,0
 0> <info> app: hr,545,17819, -1.00 ,0
 0> <info> app: hr,546,17828, -1.00 ,0
 0> <info> app: hr,547,17827, -1.00 ,0
 0> <info> app: hr,548,17814, -1.00 ,0
 0> <info> app: hr,549,17824, -2.00 ,0
 0> <info> app: hr,550,17804, -2.00 ,0
 0> <info> app: hr,551,17828, -2.00 ,0
 0> <info> app: hr,552,17808, -2.00 ,0
 0> <info> app: hr,553,17824, -2.00 ,0
 0> <info> app: hr,554,17812, -1.00 ,0
 0> <info> app: hr,555,17815, -1.00 ,0
 0> <info> app: hr,556,17816, -1.00 ,0
 0> <info> app: hr,557,17816, -2.00 ,0
 0> <info> app: hr,558,17817, -2.00 ,0
 0> <info> app: hr,559,17818, -2.00 ,0
 0> <info> app: hr,560,17834, -2.00 ,0
 0> <info> app: hr,561,17815, -2.00 ,0
 0> <info> app: hr,562,17833, -2.00 ,0
 0> <info> app: hr,563,17811, -1.00 ,0
 0> <info> app: hr,564,17819, -2.00 ,0
 0> <info> app: hr,565,17814, -2.00 ,0
 0> <info> app: hr,566,17806, -2.00 ,0
 0> <info> app: hr,567,17814, -2.00 ,0
 0> <info> app: hr,568,17814, -2.00 ,0
 0> <info> app: hr,569,17809, -2.00 ,0
 0> <info> app: hr,570,17819, -2.00 ,0
 0> <info> app: hr,571,17824, -1.00 ,0
 0> <info> app: hr,572,17804, -1.00 ,0
 0> <info> app: hr,573,17819, -1.00 ,0
 0> <info> app: hr,574,17808, -1.00 ,0
 0> <info> app: hr,575,17822, -1.00 ,0
 0> <info> app: hr,576,17822, -1.00 ,0
 0> <info> app: hr,577,17839, -1.00 ,0
 0> <info> app: hr,578,17804, -1.00 ,0
 0> <info> app: hr,579,17818, -1.00 ,0
 0> <info> app: hr,580,17838, -1.00 ,0
 0> <info> app: hr,581,17822, -1.00 ,0
 0> <info> app: hr,582,17811, -2.00 ,-1
 0> <info> app: hr,583,17810, -2.00 ,-1
 0> <info> app: hr,584,17819, -1.00 ,0
 0> <info> app: hr,585,17794, -1.00 ,0
 0> <info> app: hr,586,17817, -1.00 ,0
 0> <info> app: hr,587,17820, -1.00 ,0
 0> <info> app: hr,588,17820, -1.00 ,0
 0> <info> app: hr,589,17814, -1.00 ,0
 0> <info> app: hr,590,17792, -1.00 ,0
 0> <info> app: hr,591,17771, -1.00 ,0
 0> <info> app: hr,592,17819, 0.00 ,0
 0> <info> app: hr,593,17794, 0.00 ,0
 0> <info> app: hr,594,17821, 0.00 ,0
 0> <info> app: hr,595,17806, 0.00 ,0
 0> <info> app: hr,596,17805, 0.00 ,0
 0> <info> app: hr,597,17808, 0.00 ,0
 0> <info> app: hr,598,17813, 0.00 ,0
 0> <info> app: hr,599,17786, 1.00 ,0
 0> <info> app: hr,600,17816, 1.00 ,0
 0> <info> app: hr,601,17811, 1.00 ,0
 0> <info> app: hr,602,17796, 2.00 ,0
 0> <info> app: hr,603,17822, 2.00 ,0
 0> <info> app: hr,604,17786, 2.00 ,0
 0> <info> app: hr,605,17812, 3.00 ,0
 0> <info> app: hr,606,17818, 2.00 ,0
 0> <info> app: hr,607,17799, 2.00 ,0
 0> <info> app: hr,608,17800, 3.00 ,0
 0> <info> app: hr,609,17820, 3.00 ,0
 0> <info> app: hr,610,17797, 3.00 ,0
 0> <info> app: hr,611,17821, 4.00 ,0
 0> <info> app: hr,612,17801, 3.00 ,0
 0> <info> app: hr,613,17823, 3.00 ,0
 0> <info> app: hr,614,17817, 3.00 ,0
 0> <info> app: hr,615,17813, 3.00 ,0
 0> <info> app: hr,616,17798, 3.00 ,0
 0> <info> app: hr,617,17794, 4.00 ,0
 0> <info> app: hr,618,17807, 3.00 ,0
 0> <info> app: hr,619,17807, 3.00 ,0
 0> <info> app: hr,620,17808, 3.00 ,0
 0> <info> app: hr,621,17808, 3.00 ,0
 0> <info> app: hr,622,17828, 4.00 ,0
 0> <info> app: hr,623,17818, 3.00 ,0
 0> <info> app: hr,624,17823, 3.00 ,0
 0> <info> app: hr,625,17810, 3.00 ,0
 0> <info> app: hr,626,17790, 3.00 ,0
 0> <info> app: hr,627,17795, 3.00 ,0
 0> <info> app: hr,628,17828, 3.00 ,0
 0> <info> app: hr,629,17835, 2.00 ,-1
 0> <info> app: hr,630,17824, 2.00 ,-1
 0> <info> app: hr,631,17812, 2.00 ,0
 0> <info> app: hr,632,17815, 1.00 ,0
 0> <info> app: hr,633,17805, 1.00 ,0
 0> <info> app: hr,634,17813, 1.00 ,0
 0> <info> app: hr,635,17827, 1.00 ,0
 0> <info> app: hr,636,17804, 1.00 ,0
 0> <info> app: hr,637,17801, 1.00 ,0
 0> <info> app: hr,638,17841, 1.00 ,0
 0> <info> app: hr,639,17812, 0.00 ,0
 0> <info> app: hr,640,17814, 0.00 ,0
 0> <info> app: hr,641,17826, 0.00 ,0
 0> <info> app: hr,642,17826, 0.00 ,0
 0> <info> app: hr,643,17794, 0.00 ,0
 0> <info> app: hr,644,17822, 0.00 ,0
 0> <info> app: hr,645,17788, 0.00 ,0
 0> <info> app: hr,646,17812, 0.00 ,0
 0> <info> app: hr,647,17816, 0.00 ,0
 0> <info> app: hr,648,17829, 0.00 ,0
 0> <info> app: hr,649,17839, 0.00 ,0
 0> <info> app: hr,650,17810, -1.00 ,-1
 0> <info> app: hr,651,17828, -1.00 ,-1
 0> <info> app: hr,652,17828, -1.00 ,-1
 0> <info> app: hr,653,17807, -1.00 ,-1
 0> <info> app: hr,654,17821, -2.00 ,-1
 0> <info> app: hr,655,17830, -2.00 ,-1
 0> <info> app: hr,656,17825, -2.00 ,-1
 0> <info> app: hr,657,17798, -2.00 ,-1
 0> <info> app: hr,658,17814, -2.00 ,-1
 0> <info> app: hr,659,17816, -2.00 ,-1
 0> <info> app: hr,660,17840, -2.00 ,-1
 0> <info> app: hr,661,17776, -2.00 ,-1
 0> <info> app: hr,662,17823, -2.00 ,-1
 0> <info> app: hr,663,17812, -3.00 ,-1
 0> <info> app: hr,664,17816, -3.00 ,-1
 0> <info> app: hr,665,17809, -2.00 ,-1
 0> <info> app: hr,666,17814, -2.00 ,-1
 0> <info> app: hr,667,17826, -2.00 ,-1
 0> <info> app: hr,668,17820, -2.00 ,-1
 0> <info> app: hr,669,17814, -2.00 ,-1
 0> <info> app: hr,670,17820, -2.00 ,-1
 0> <info> app: hr,671,17815, -2.00 ,-1
 0> <info> app: hr,672,17780, -2.00 ,-1
 0> <info> app: hr,673,17794, -1.00 ,-1
 0> <info> app: hr,674,17820, -1.00 ,-1
 0> <info> app: hr,675,17816, -1.00 ,-1
 0> <info> app: hr,676,17802, -1.00 ,-1
 0> <info> app: hr,677,17820, -1.00 ,-1
 0> <info> app: hr,678,17809, -1.00 ,-1
 0> <info> app: hr,679,17791, -1.00 ,-1
 0> <info> app: hr,680,17805, 0.00 ,0
 0> <info> app: hr,681,17825, 0.00 ,0
 0> <info> app: hr,682,17809, 0.00 ,0
 0> <info> app: hr,683,17796, 0.00 ,0
 0> <info> app: hr,684,17778, 0.00 ,0
 0> <info> app: hr,685,17812, 0.00 ,0
 0> <info> app: hr,686,17810, 0.00 ,0
 0> <info> app: hr,687,17789, 0.00 ,0
 0> <info> app: hr,688,17797, 1.00 ,1
 0> <info> app: hr,689,17816, 1.00 ,1
 0> <info> app: hr,690,17802, 1.00 ,1
 0> <info> app: hr,691,17798, 2.00 ,1
 0> <info> app: hr,692,17798, 2.00 ,1
 0> <info> app: hr,693,17777, 3.00 ,1
 0> <info> app: hr,694,17787, 2.00 ,1
 0> <info> app: hr,695,17812, 3.00 ,1
 0> <info> app: hr,696,17804, 3.00 ,1
 0> <info> app: hr,697,17800, 4.00 ,1
 0> <info> app: hr,698,17805, 4.00 ,1
 0> <info> app: hr,699,17803, 5.00 ,1
 0> <info> app: hr,700,17803, 4.00 ,1
 0> <info> app: hr,701,17789, 4.00 ,1
 0> <info> app: hr,702,17801, 5.00 ,1
 0> <info> app: hr,703,17811, 5.00 ,1
 0> <info> app: hr,704,17811, 5.00 ,1
 0> <info> app: hr,705,17815, 5.00 ,1
 0> <info> app: hr,706,17818, 5.00 ,1
 0> <info> app: hr,707,17825, 4.00 ,1
 0> <info> app: hr,708,17790, 4.00 ,1
 0> <info> app: hr,709,17799, 5.00 ,1
 0> <info> app: hr,710,17801, 5.00 ,1
 0> <info> app: hr,711,17783, 4.00 ,1
 0> <info> app: hr,712,17799, 4.00 ,1
 0> <info> app: hr,713,17807, 4.00 ,1
 0> <info> app: hr,714,17815, 4.00 ,1
 0> <info> app: hr,715,17790, 5.00 ,1
 0> <info> app: hr,716,17796, 4.00 ,1
 0> <info> app: hr,717,17820, 4.00 ,1
 0> <info> app: hr,718,17819, 4.00 ,1
 0> <info> app: hr,719,17834, 4.00 ,1
 0> <info> app: hr,720,17809, 3.00 ,1
 0> <info> app: hr,721,17836, 3.00 ,1
 0> <info> app: hr,722,17809, 3.00 ,1
 0> <info> app: hr,723,17785, 3.00 ,1
 0> <info> app: hr,724,17802, 2.00 ,0
 0> <info> app: hr,725,17797, 2.00 ,0
 0> <info> app: hr,726,17818, 1.00 ,-1
 0> <info> app: hr,727,17808, 1.00 ,-1
 0> <info> app: hr,728,17808, 1.00 ,0
 0> <info> app: hr,729,17801, 1.00 ,0
 0> <info> app: hr,730,17797, 1.00 ,0
 0> <info> app: hr,731,17796, 1.00 ,0
 0> <info> app: hr,732,17833, 1.00 ,0
 0> <info> app: hr,733,17817, 1.00 ,0
 0> <info> app: hr,734,17800, 0.00 ,0
 0> <info> app: hr,735,17803, 0.00 ,0
 0> <info> app: hr,736,17806, 0.00 ,0
 0> <info> app: hr,737,17818, 0.00 ,0
 0> <info> app: hr,738,17823, 0.00 ,0
 0> <info> app: hr,739,17806, 0.00 ,0
 0> <info> app: hr,740,17794, 0.00 ,0
 0> <info> app: hr,741,17797, 0.00 ,0
 0> <info> app: hr,742,17802, 0.00 ,0
 0> <info> app: hr,743,17824, 0.00 ,0
 0> <info> app: hr,744,17822, 0.00 ,0
 0> <info> app: hr,745,17824, 0.00 ,0
 0> <info> app: hr,746,17822, 0.00 ,0
 0> <info> app: hr,747,17794, 0.00 ,0
 0> <info> app: hr,748,17787, -1.00 ,-1
 0> <info> app: hr,749,17828, -1.00 ,-1
 0> <info> app: hr,750,17810, -1.00 ,-1
 0> <info> app: hr,751,17819, -1.00 ,-1
 0> <info> app: hr,752,17813, -1.00 ,-1
 0> <info> app: hr,753,17827, -1.00 ,-1
 0> <info> app: hr,754,17794, -2.00 ,-1
 0> <info> app: hr,755,17826, -2.00 ,-1
 0> <info> app: hr,756,17816, -1.00 ,-1
 0> <info> app: hr,757,17799, -1.00 ,-1
 0> <info> app: hr,758,17824, -1.00 ,-1
 0> <info> app: hr,759,17805, -2.00 ,-1
 0> <info> app: hr,760,17835, -2.00 ,-1
 0> <info> app: hr,761,17812, -2.00 ,-1
 0> <info> app: hr,762,17806, -2.00 ,-1
 0> <info> app: hr,763,17832, -3.00 ,-1
 0> <info> app: hr,764,17820, -3.00 ,-1
 0> <info> app: hr,765,17838, -2.00 ,-1
 0> <info> app: hr,766,17830, -3.00 ,-1
 0> <info> app: hr,767,17826, -3.00 ,-1
 0> <info> app: hr,768,17804, -3.00 ,-1
 0> <info> app: hr,769,17809, -4.00 ,-1
 0> <info> app: hr,770,17812, -3.00 ,-1
 0> <info> app: hr,771,17814, -3.00 ,-1
 0> <info> app: hr,772,17808, -4.00 ,-1
 0> <info> app: hr,773,17824, -4.00 ,-1
 0> <info> app: hr,774,17820, -4.00 ,-1
 0> <info> app: hr,775,17817, -3.00 ,-1
 0> <info> app: hr,776,17818, -4.00 ,-1
 0> <info> app: hr,777,17803, -4.00 ,-1
 0> <info> app: hr,778,17813, -4.00 ,-1
 0> <info> app: hr,779,17795, -4.00 ,-1
 0> <info> app: hr,780,17810, -3.00 ,-1
 0> <info> app: hr,781,17821, -3.00 ,-1
 0> <info> app: hr,782,17792, -3.00 ,-1
 0> <info> app: hr,783,17824, -3.00 ,-1
 0> <info> app: hr,784,17804, -3.00 ,-1
 0> <info> app: hr,785,17806, -2.00 ,-1
 0> <info> app: hr,786,17828, -2.00 ,-1
 0> <info> app: hr,787,17821, -2.00 ,-1
 0> <info> app: hr,788,17796, -2.00 ,-1
 0> <info> app: hr,789,17822, -2.00 ,-1
 0> <info> app: hr,790,17790, -2.00 ,-1
 0> <info> app: hr,791,17809, -2.00 ,-1
 0> <info> app: hr,792,17813, -2.00 ,-1
 0> <info> app: hr,793,17812, -1.00 ,-1
 0> <info> app: hr,794,17800, -1.00 ,-1
 0> <info> app: hr,795,17809, -1.00 ,-1
 0> <info> app: hr,796,17795, 0.00 ,0
 0> <info> app: hr,797,17795, 0.00 ,0
 0> <info> app: hr,798,17795, 0.00 ,0
 0> <info> app: hr,799,17802, 0.00 ,0
 0> <info> app: hr,800,17824, 0.00 ,0
 0> <info> app: hr,801,17814, 0.00 ,0
 0> <info> app: hr,802,17813, 0.00 ,0
 0> <info> app: hr,803,17811, 1.00 ,1
 0> <info> app: hr,804,17803, 1.00 ,1
 0> <info> app: hr,805,17782, 1.00 ,1
 0> <info> app: hr,806,17807, 1.00 ,1
 0> <info> app: hr,807,17808, 2.00 ,1
 0> <info> app: hr,808,17815, 2.00 ,1
 0> <info> app: hr,809,17834, 1.00 ,1
 0> <info> app: hr,810,17818, 1.00 ,1
 0> <info> app: hr,811,17806, 1.00 ,1
 0> <info> app: hr,812,17803, 1.00 ,1
 0> <info> app: hr,813,17810, 2.00 ,1
 0> <info> app: hr,814,17807, 2.00 ,1
 0> <info> app: hr,815,17815, 2.00 ,1
 0> <info> app: hr,816,17806, 2.00 ,1
 0> <info> app: hr,817,17805, 2.00 ,1
 0> <info> app: hr,818,17806, 1.00 ,1
 0> <info> app: hr,819,17807, 1.00 ,1
 0> <info> app: hr,820,17817, 1.00 ,1
 0> <info> app: hr,821,17799, 1.00 ,1
 0> <info> app: hr,822,17819, 1.00 ,1
 0> <info> app: hr,823,17811, 1.00 ,1
 0> <info> app: hr,824,17796, 1.00 ,1
 0> <info> app: hr,825,17817, 2.00 ,1
 0> <info> app: hr,826,17816, 2.00 ,1
 0> <info> app: hr,827,17785, 2.00 ,1
 0> <info> app: hr,828,17818, 2.00 ,1
 0> <info> app: hr,829,17806, 1.00 ,1
 0> <info> app: hr,830,17812, 1.00 ,1
 0> <info> app: hr,831,17828, 1.00 ,1
 0> <info> app: hr,832,17812, 1.00 ,1
 0> <info> app: hr,833,17792, 1.00 ,1
 0> <info> app: hr,834,17802, 1.00 ,1
 0> <info> app: hr,835,17812, 1.00 ,1
 0> <info> app: hr,836,17821, 1.00 ,1
 0> <info> app: hr,837,17811, 1.00 ,1
 0> <info> app: hr,838,17834, 1.00 ,1
 0> <info> app: hr,839,17806, 1.00 ,1
 0> <info> app: hr,840,17825, 1.00 ,1
 0> <info> app: hr,841,17788, 1.00 ,1
 0> <info> app: hr,842,17807, 0.00 ,0
 0> <info> app: hr,843,17815, 0.00 ,0
 0> <info> app: hr,844,17815, 0.00 ,0
 0> <info> app: hr,845,17816, 0.00 ,0
 0> <info> app: hr,846,17825, 0.00 ,0
 0> <info> app: hr,847,17810, 0.00 ,0
 0> <info> app: hr,848,17826, 0.00 ,0
 0> <info> app: hr,849,17819, 0.00 ,0
 0> <info> app: hr,850,17795, 0.00 ,0
 0> <info> app: hr,851,17814, -1.00 ,-1
 0> <info> app: hr,852,17797, 0.00 ,0
 0> <info> app: hr,853,17820, 0.00 ,0
 0> <info> app: hr,854,17818, 0.00 ,0
 0> <info> app: hr,855,17822, 0.00 ,0
 0> <info> app: hr,856,17793, 0.00 ,0
 0> <info> app: hr,857,17833, 0.00 ,0
 0> <info> app: hr,858,17817, 0.00 ,0
 0> <info> app: hr,859,17801, -1.00 ,-1
 0> <info> app: hr,860,17824, -1.00 ,-1
 0> <info> app: hr,861,17810, -1.00 ,-1
 0> <info> app: hr,862,17813, -1.00 ,-1
 0> <info> app: hr,863,17804, -1.00 ,-1
 0> <info> app: hr,864,17805, -1.00 ,-1
 0> <info> app: hr,865,17838, -1.00 ,-1
 0> <info> app: hr,866,17792, -1.00 ,-1
 0> <info> app: hr,867,17825, -2.00 ,-1
 0> <info> app: hr,868,17804, -1.00 ,-1
 0> <info> app: hr,869,17817, -1.00 ,-1
 0> <info> app: hr,870,17814, -1.00 ,-1
 0> <info> app: hr,871,17813, -1.00 ,-1
 0> <info> app: hr,872,17803, -1.00 ,-1
 0> <info> app: hr,873,17793, -1.00 ,-1
 0> <info> app: hr,874,17819, -1.00 ,-1
 0> <info> app: hr,875,17810, -1.00 ,-1
 0> <info> app: hr,876,17794, -1.00 ,-1
 0> <info> app: hr,877,17816, -1.00 ,-1
 0> <info> app: hr,878,17792, -1.00 ,-1
 0> <info> app: hr,879,17797, -1.00 ,-1
 0> <info> app: hr,880,17811, 0.00 ,0
 0> <info> app: hr,881,17817, 0.00 ,0
 0> <info> app: hr,882,17804, 0.00 ,0
 0> <info> app: hr,883,17785, 0.00 ,0
 0> <info> app: hr,884,17826, 0.00 ,0
 0> <info> app: hr,885,17793, 0.00 ,0
 0> <info> app: hr,886,17802, 0.00 ,0
 0> <info> app: hr,887,17817, 0.00 ,0
 0> <info> app: hr,888,17816, 0.00 ,0
 0> <info> app: hr,889,17797, 0.00 ,0
 0> <info> app: hr,890,17812, 0.00 ,0
 0> <info> app: hr,891,17803, 1.00 ,1
 0> <info> app: hr,892,17806, 1.00 ,1
 0> <info> app: hr,893,17813, 1.00 ,1
 0> <info> app: hr,894,17814, 1.00 ,1
 0> <info> app: hr,895,17803, 1.00 ,1
 0> <info> app: hr,896,17789, 1.00 ,1
 0> <info> app: hr,897,17811, 2.00 ,1
 0> <info> app: hr,898,17793, 2.00 ,1
 0> <info> app: hr,899,17819, 2.00 ,1
 0> <info> app: hr,900,17821, 1.00 ,1
 0> <info> app: hr,901,17802, 1.00 ,1
 0> <info> app: hr,902,17792, 1.00 ,1
 0> <info> app: hr,903,17807, 2.00 ,1
 0> <info> app: hr,904,17819, 2.00 ,1
 0> <info> app: hr,905,17791, 2.00 ,1
 0> <info> app: hr,906,17810, 2.00 ,1
 0> <info> app: hr,907,17808, 2.00 ,1
 0> <info> app: hr,908,17803, 2.00 ,1
 0> <info> app: hr,909,17781, 1.00 ,1
 0> <info> app: hr,910,17812, 1.00 ,1
 0> <info> app: hr,911,17805, 2.00 ,1
 0> <info> app: hr,912,17799, 2.00 ,1
 0> <info> app: hr,913,17796, 2.00 ,1
 0> <info> app: hr,914,17790, 2.00 ,1
 0> <info> app: hr,915,17791, 2.00 ,1
 0> <info> app: hr,916,17796, 3.00 ,1
 0> <info> app: hr,917,17804, 2.00 ,1
 0> <info> app: hr,918,17779, 2.00 ,1
 0> <info> app: hr,919,17807, 3.00 ,1
 0> <info> app: hr,920,17811, 3.00 ,1
 0> <info> app: hr,921,17796, 3.00 ,1
 0> <info> app: hr,922,17816, 4.00 ,1
 0> <info> app: hr,923,17826, 3.00 ,1
 0> <info> app: hr,924,17797, 3.00 ,1
 0> <info> app: hr,925,17805, 3.00 ,1
 0> <info> app: hr,926,17796, 3.00 ,1
 0> <info> app: hr,927,17813, 3.00 ,1
 0> <info> app: hr,928,17819, 3.00 ,1
 0> <info> app: hr,929,17805, 2.00 ,0
 0> <info> app: hr,930,17787, 2.00 ,0
 0> <info> app: hr,931,17804, 2.00 ,0
 0> <info> app: hr,932,17818, 2.00 ,0
 0> <info> app: hr,933,17802, 2.00 ,0
 0> <info> app: hr,934,17795, 2.00 ,0
 0> <info> app: hr,935,17808, 2.00 ,0
 0> <info> app: hr,936,17795, 2.00 ,0
 0> <info> app: hr,937,17782, 1.00 ,0
 0> <info> app: hr,938,17799, 2.00 ,0
 0> <info> app: hr,939,17821, 2.00 ,0
 0> <info> app: hr,940,17800, 2.00 ,0
 0> <info> app: hr,941,17782, 2.00 ,0
 0> <info> app: hr,942,17804, 2.00 ,0
 0> <info> app: hr,943,17829, 2.00 ,0
 0> <info> app: hr,944,17806, 2.00 ,0
 0> <info> app: hr,945,17822, 1.00 ,0
 0> <info> app: hr,946,17809, 1.00 ,0
 0> <info> app: hr,947,17800, 1.00 ,0
 0> <info> app: hr,948,17802, 1.00 ,0
 0> <info> app: hr,949,17801, 1.00 ,0
 0> <info> app: hr,950,17796, 1.00 ,0
 0> <info> app: hr,951,17825, 1.00 ,0
 0> <info> app: hr,952,17806, 0.00 ,0
 0> <info> app: hr,953,17800, 0.00 ,0
 0> <info> app: hr,954,17808, 0.00 ,0
 0> <info> app: hr,955,17817, 0.00 ,0
 0> <info> app: hr,956,17806, 0.00 ,0
 0> <info> app: hr,957,17784, 0.00 ,0
 0> <info> app: hr,958,17819, 0.00 ,0
 0> <info> app: hr,959,17812, 0.00 ,0
 0> <info> app: hr,960,17810, 0.00 ,0
 0> <info> app: hr,961,17819, 0.00 ,0
 0> <info> app: hr,962,17835, 0.00 ,0
 0> <info> app: hr,963,17807, 0.00 ,0
 0> <info> app: hr,964,17815, 0.00 ,0
 0> <info> app: hr,965,17792, -1.00 ,-1
 0> <info> app: hr,966,17813, -1.00 ,-1
 0> <info> app: hr,967,17792, -1.00 ,-1
 0> <info> app: hr,968,17793, -1.00 ,-1
 0> <info> app: hr,969,17819, -1.00 ,-1
 0> <info> app: hr,970,17804, -1.00 ,-1
 0> <info> app: hr,971,17815, -2.00 ,-1
 0> <info> app: hr,972,17803, -2.00 ,-1
 0> <info> app: hr,973,17821, -1.00 ,-1
 0> <info> app: hr,974,17801, -1.00 ,-1
 0> <info> app: hr,975,17809, -1.00 ,-1
 0> <info> app: hr,976,17808, -1.00 ,-1
 0> <info> app: hr,977,17810, -1.00 ,-1
 0> <info> app: hr,978,17793, -1.00 ,-1
 0> <info> app: hr,979,17832, -2.00 ,-1
 0> <info> app: hr,980,17812, -2.00 ,-1
 0> <info> app: hr,981,17826, -2.00 ,-1
 0> <info> app: hr,982,17792, -2.00 ,-1
 0> <info> app: hr,983,17801, -1.00 ,-1
 0> <info> app: hr,984,17791, -1.00 ,-1
 0> <info> app: hr,985,17807, -1.00 ,-1
 0> <info> app: hr,986,17780, -1.00 ,-1
 0> <info> app: hr,987,17796, -1.00 ,-1
 0> <info> app: hr,988,17798, -1.00 ,-1
 0> <info> app: hr,989,17792, -1.00 ,-1
 0> <info> app: hr,990,17783, -1.00 ,-1
 0> <info> app: hr,991,17789, 0.00 ,0
 0> <info> app: hr,992,17800, 0.00 ,0
 0> <info> app: hr,993,17800, 0.00 ,0
 0> <info> app: hr,994,17817, 0.00 ,0
 0> <info> app: hr,995,17784, 0.00 ,0
 0> <info> app: hr,996,17788, 0.00 ,0
 0> <info> app: hr,997,17790, 0.00 ,0
 0> <info> app: hr,998,17810, 1.00 ,1
 0> 
 0> plus_index 67, minus_index 98, Peak Index, 71,75,76,77,78,79,80,, AVR Peak Index, 75, HR 0, Reject out of 30-180.
 0> plus_index 276, minus_index 320, Peak Index, 288,289,290,, AVR Peak Index, 289, HR 28, Reject out of 30-180.
 0> plus_index 389, minus_index 435, Peak Index, 389,390,391,392,393,394,395,396,397,, AVR Peak Index, 393, HR 57
 0> plus_index 493, minus_index 523, Peak Index, 495,499,500,501,504,505,506,507,508,510,511,512,513,514,, AVR Peak Index, 504, HR 54
 0> plus_index 688, minus_index 726, Peak Index, 699,702,703,704,705,706,709,710,715,, AVR Peak Index, 707, HR 29, Reject out of 30-180.
 0> plus_index 803, minus_index 851, Peak Index, 807,808,813,814,815,816,817,825,826,827,828,, AVR Peak Index, 817, HR 54
 0> plus_index 891, minus_index 965, Peak Index, 922,, AVR Peak Index, 922, HR 57<info> app: HR>>>
 0> 54,54,57,57, sum div 3, 1<info> app: HR final>>>
 0> 54,54,57,57,
# Logging stopped @ 23 Nov 2018 22:58:59
