# SEGGER J-Link RTT Viewer V6.16a Terminal Log File
# Compiled: 12:44:10 on Jun  6 2017
# Logging started @ 23 Nov 2018 14:45:41
<info> app: ***********  Application started  ***********
 9> 
 9> <info> app: [OK] NRF Power ON 0x0004. 
 9> <info> app: Read MAC:CC34D2110EF6
 9> <info> app: ***********  Sensor initial ***********
 9> <info> app: [OK]	BMI160
 9> <info> app: [OK]	SETUP ACC
 9> <info> app: [OK]	SETUP STEP COUNT
 9> <info> app: [OK]	FLASH MEMORY
 9> <info> app: [OK]	OLED Initial
 9> <info> app: [OK]	Max30102 Initial, Temperature 34.37
 9> <info> app: ********** End sensor initial *********
 9> 
 9> <info> app: Max30102 Found
 9> 
 9> <info> app: HR Begin
 9> 
 9> <info> app: 1019
 9> <info> app: hr,50,18661, 2.00 ,0
 9> <info> app: hr,51,18624, 3.00 ,0
 9> <info> app: hr,52,18638, 2.00 ,0
 9> <info> app: hr,53,18603, 3.00 ,0
 9> <info> app: hr,54,18628, 3.00 ,0
 9> <info> app: hr,55,18616, 4.00 ,0
 9> <info> app: hr,56,18613, 4.00 ,0
 9> <info> app: hr,57,18611, 5.00 ,0
 9> <info> app: hr,58,18625, 5.00 ,0
 9> <info> app: hr,59,18616, 6.00 ,0
 9> <info> app: hr,60,18624, 6.00 ,0
 9> <info> app: hr,61,18616, 6.00 ,0
 9> <info> app: hr,62,18630, 7.00 ,0
 9> <info> app: hr,63,18633, 8.00 ,0
 9> <info> app: hr,64,18620, 7.00 ,0
 9> <info> app: hr,65,18634, 8.00 ,0
 9> <info> app: hr,66,18613, 8.00 ,0
 9> <info> app: hr,67,18640, 8.00 ,0
 9> <info> app: hr,68,18621, 9.00 ,0
 9> <info> app: hr,69,18612, 8.00 ,0
 9> <info> app: hr,70,18608, 9.00 ,0
 9> <info> app: hr,71,18608, 8.00 ,0
 9> <info> app: hr,72,18616, 9.00 ,0
 9> <info> app: hr,73,18612, 9.00 ,0
 9> <info> app: hr,74,18652, 9.00 ,0
 9> <info> app: hr,75,18617, 9.00 ,0
 9> <info> app: hr,76,18621, 9.00 ,0
 9> <info> app: hr,77,18640, 9.00 ,0
 9> <info> app: hr,78,18618, 9.00 ,0
 9> <info> app: hr,79,18624, 9.00 ,0
 9> <info> app: hr,80,18650, 9.00 ,0
 9> <info> app: hr,81,18624, 8.00 ,0
 9> <info> app: hr,82,18633, 8.00 ,0
 9> <info> app: hr,83,18643, 9.00 ,0
 9> <info> app: hr,84,18640, 8.00 ,0
 9> <info> app: hr,85,18642, 8.00 ,0
 9> <info> app: hr,86,18620, 7.00 ,0
 9> <info> app: hr,87,18634, 7.00 ,0
 9> <info> app: hr,88,18629, 7.00 ,0
 9> <info> app: hr,89,18642, 6.00 ,0
 9> <info> app: hr,90,18633, 5.00 ,-1
 9> <info> app: hr,91,18631, 5.00 ,0
 9> <info> app: hr,92,18634, 4.00 ,0
 9> <info> app: hr,93,18620, 4.00 ,0
 9> <info> app: hr,94,18649, 4.00 ,0
 9> <info> app: hr,95,18657, 4.00 ,0
 9> <info> app: hr,96,18642, 2.00 ,0
 9> <info> app: hr,97,18620, 2.00 ,0
 9> <info> app: hr,98,18617, 2.00 ,0
 9> <info> app: hr,99,18643, 1.00 ,0
 9> <info> app: hr,100,18659, 1.00 ,0
 9> <info> app: hr,101,18649, 1.00 ,0
 9> <info> app: hr,102,18634, 0.00 ,0
 9> <info> app: hr,103,18630, 0.00 ,0
 9> <info> app: hr,104,18620, 0.00 ,0
 9> <info> app: hr,105,18648, 0.00 ,0
 9> <info> app: hr,106,18621, 0.00 ,0
 9> <info> app: hr,107,18649, 0.00 ,0
 9> <info> app: hr,108,18635, -1.00 ,0
 9> <info> app: hr,109,18627, -1.00 ,0
 9> <info> app: hr,110,18622, -1.00 ,0
 9> <info> app: hr,111,18630, -2.00 ,-1
 9> <info> app: hr,112,18643, -2.00 ,0
 9> <info> app: hr,113,18630, -2.00 ,0
 9> <info> app: hr,114,18636, -2.00 ,0
 9> <info> app: hr,115,18637, -1.00 ,0
 9> <info> app: hr,116,18643, -2.00 ,0
 9> <info> app: hr,117,18647, -2.00 ,0
 9> <info> app: hr,118,18622, -2.00 ,0
 9> <info> app: hr,119,18616, -2.00 ,0
 9> <info> app: hr,120,18644, -2.00 ,0
 9> <info> app: hr,121,18647, -3.00 ,0
 9> <info> app: hr,122,18631, -3.00 ,0
 9> <info> app: hr,123,18630, -2.00 ,0
 9> <info> app: hr,124,18646, -2.00 ,0
 9> <info> app: hr,125,18625, -2.00 ,0
 9> <info> app: hr,126,18635, -2.00 ,0
 9> <info> app: hr,127,18645, -3.00 ,0
 9> <info> app: hr,128,18643, -3.00 ,0
 9> <info> app: hr,129,18613, -3.00 ,0
 9> <info> app: hr,130,18627, -2.00 ,0
 9> <info> app: hr,131,18621, -2.00 ,0
 9> <info> app: hr,132,18641, -2.00 ,0
 9> <info> app: hr,133,18640, -2.00 ,0
 9> <info> app: hr,134,18646, -2.00 ,0
 9> <info> app: hr,135,18644, -2.00 ,0
 9> <info> app: hr,136,18648, -2.00 ,0
 9> <info> app: hr,137,18635, -2.00 ,0
 9> <info> app: hr,138,18641, -1.00 ,0
 9> <info> app: hr,139,18658, -2.00 ,0
 9> <info> app: hr,140,18635, -2.00 ,0
 9> <info> app: hr,141,18649, -2.00 ,0
 9> <info> app: hr,142,18639, -2.00 ,0
 9> <info> app: hr,143,18662, -2.00 ,0
 9> <info> app: hr,144,18628, -3.00 ,-1
 9> <info> app: hr,145,18637, -3.00 ,-1
 9> <info> app: hr,146,18649, -2.00 ,0
 9> <info> app: hr,147,18657, -3.00 ,0
 9> <info> app: hr,148,18664, -3.00 ,0
 9> <info> app: hr,149,18648, -3.00 ,0
 9> <info> app: hr,150,18652, -4.00 ,0
 9> <info> app: hr,151,18654, -3.00 ,0
 9> <info> app: hr,152,18632, -3.00 ,0
 9> <info> app: hr,153,18660, -4.00 ,0
 9> <info> app: hr,154,18664, -4.00 ,0
 9> <info> app: hr,155,18636, -5.00 ,0
 9> <info> app: hr,156,18632, -4.00 ,0
 9> <info> app: hr,157,18651, -4.00 ,0
 9> <info> app: hr,158,18654, -5.00 ,0
 9> <info> app: hr,159,18630, -5.00 ,0
 9> <info> app: hr,160,18657, -5.00 ,0
 9> <info> app: hr,161,18667, -5.00 ,0
 9> <info> app: hr,162,18667, -5.00 ,0
 9> <info> app: hr,163,18659, -6.00 ,0
 9> <info> app: hr,164,18643, -5.00 ,0
 9> <info> app: hr,165,18658, -6.00 ,0
 9> <info> app: hr,166,18660, -6.00 ,0
 9> <info> app: hr,167,18642, -5.00 ,0
 9> <info> app: hr,168,18644, -6.00 ,0
 9> <info> app: hr,169,18638, -6.00 ,0
 9> <info> app: hr,170,18659, -6.00 ,0
 9> <info> app: hr,171,18624, -6.00 ,0
 9> <info> app: hr,172,18642, -6.00 ,0
 9> <info> app: hr,173,18661, -5.00 ,0
 9> <info> app: hr,174,18650, -6.00 ,0
 9> <info> app: hr,175,18647, -6.00 ,0
 9> <info> app: hr,176,18637, -5.00 ,0
 9> <info> app: hr,177,18641, -5.00 ,0
 9> <info> app: hr,178,18656, -5.00 ,0
 9> <info> app: hr,179,18641, -5.00 ,0
 9> <info> app: hr,180,18637, -4.00 ,0
 9> <info> app: hr,181,18660, -4.00 ,0
 9> <info> app: hr,182,18635, -5.00 ,0
 9> <info> app: hr,183,18628, -5.00 ,0
 9> <info> app: hr,184,18642, -4.00 ,0
 9> <info> app: hr,185,18635, -3.00 ,1
 9> <info> app: hr,186,18638, -3.00 ,0
 9> <info> app: hr,187,18675, -3.00 ,0
 9> <info> app: hr,188,18637, -3.00 ,0
 9> <info> app: hr,189,18629, -2.00 ,0
 9> <info> app: hr,190,18637, -2.00 ,0
 9> <info> app: hr,191,18628, -2.00 ,0
 9> <info> app: hr,192,18607, -2.00 ,0
 9> <info> app: hr,193,18635, -1.00 ,0
 9> <info> app: hr,194,18634, -1.00 ,0
 9> <info> app: hr,195,18657, -1.00 ,0
 9> <info> app: hr,196,18636, 0.00 ,0
 9> <info> app: hr,197,18617, 0.00 ,0
 9> <info> app: hr,198,18631, 0.00 ,0
 9> <info> app: hr,199,18636, 0.00 ,0
 9> <info> app: hr,200,18629, 0.00 ,0
 9> <info> app: hr,201,18644, 1.00 ,0
 9> <info> app: hr,202,18624, 1.00 ,0
 9> <info> app: hr,203,18649, 2.00 ,0
 9> <info> app: hr,204,18633, 2.00 ,0
 9> <info> app: hr,205,18637, 2.00 ,0
 9> <info> app: hr,206,18630, 3.00 ,0
 9> <info> app: hr,207,18610, 3.00 ,0
 9> <info> app: hr,208,18625, 3.00 ,0
 9> <info> app: hr,209,18630, 3.00 ,0
 9> <info> app: hr,210,18627, 4.00 ,0
 9> <info> app: hr,211,18626, 4.00 ,0
 9> <info> app: hr,212,18654, 5.00 ,0
 9> <info> app: hr,213,18603, 4.00 ,0
 9> <info> app: hr,214,18649, 4.00 ,0
 9> <info> app: hr,215,18631, 5.00 ,0
 9> <info> app: hr,216,18607, 5.00 ,0
 9> <info> app: hr,217,18644, 5.00 ,0
 9> <info> app: hr,218,18648, 5.00 ,0
 9> <info> app: hr,219,18628, 6.00 ,0
 9> <info> app: hr,220,18638, 5.00 ,0
 9> <info> app: hr,221,18630, 5.00 ,0
 9> <info> app: hr,222,18636, 5.00 ,0
 9> <info> app: hr,223,18629, 6.00 ,0
 9> <info> app: hr,224,18633, 5.00 ,0
 9> <info> app: hr,225,18623, 5.00 ,0
 9> <info> app: hr,226,18617, 6.00 ,0
 9> <info> app: hr,227,18637, 5.00 ,0
 9> <info> app: hr,228,18645, 5.00 ,0
 9> <info> app: hr,229,18643, 5.00 ,0
 9> <info> app: hr,230,18618, 5.00 ,0
 9> <info> app: hr,231,18619, 5.00 ,0
 9> <info> app: hr,232,18630, 5.00 ,0
 9> <info> app: hr,233,18617, 5.00 ,0
 9> <info> app: hr,234,18618, 4.00 ,0
 9> <info> app: hr,235,18616, 5.00 ,0
 9> <info> app: hr,236,18615, 5.00 ,0
 9> <info> app: hr,237,18630, 5.00 ,0
 9> <info> app: hr,238,18615, 5.00 ,0
 9> <info> app: hr,239,18629, 5.00 ,0
 9> <info> app: hr,240,18639, 5.00 ,0
 9> <info> app: hr,241,18646, 6.00 ,1
 9> <info> app: hr,242,18630, 5.00 ,0
 9> <info> app: hr,243,18611, 5.00 ,0
 9> <info> app: hr,244,18646, 5.00 ,0
 9> <info> app: hr,245,18639, 4.00 ,0
 9> <info> app: hr,246,18642, 5.00 ,0
 9> <info> app: hr,247,18639, 5.00 ,0
 9> <info> app: hr,248,18629, 5.00 ,0
 9> <info> app: hr,249,18646, 4.00 ,0
 9> <info> app: hr,250,18652, 3.00 ,-1
 9> <info> app: hr,251,18635, 3.00 ,0
 9> <info> app: hr,252,18627, 3.00 ,0
 9> <info> app: hr,253,18593, 3.00 ,0
 9> <info> app: hr,254,18658, 2.00 ,0
 9> <info> app: hr,255,18602, 2.00 ,0
 9> <info> app: hr,256,18611, 2.00 ,0
 9> <info> app: hr,257,18655, 2.00 ,0
 9> <info> app: hr,258,18640, 2.00 ,0
 9> <info> app: hr,259,18628, 2.00 ,0
 9> <info> app: hr,260,18625, 2.00 ,0
 9> <info> app: hr,261,18638, 2.00 ,0
 9> <info> app: hr,262,18625, 1.00 ,0
 9> <info> app: hr,263,18652, 1.00 ,0
 9> <info> app: hr,264,18653, 1.00 ,0
 9> <info> app: hr,265,18622, 1.00 ,0
 9> <info> app: hr,266,18620, 0.00 ,0
 9> <info> app: hr,267,18634, 0.00 ,0
 9> <info> app: hr,268,18628, 0.00 ,0
 9> <info> app: hr,269,18621, 0.00 ,0
 9> <info> app: hr,270,18634, 0.00 ,0
 9> <info> app: hr,271,18639, 0.00 ,0
 9> <info> app: hr,272,18649, 0.00 ,0
 9> <info> app: hr,273,18648, 0.00 ,0
 9> <info> app: hr,274,18649, 0.00 ,0
 9> <info> app: hr,275,18632, 0.00 ,0
 9> <info> app: hr,276,18647, 0.00 ,0
 9> <info> app: hr,277,18649, 0.00 ,0
 9> <info> app: hr,278,18655, 0.00 ,0
 9> <info> app: hr,279,18641, -1.00 ,-1
 9> <info> app: hr,280,18633, -1.00 ,-1
 9> <info> app: hr,281,18625, -2.00 ,-1
 9> <info> app: hr,282,18644, -2.00 ,-1
 9> <info> app: hr,283,18642, -2.00 ,-1
 9> <info> app: hr,284,18662, -2.00 ,-1
 9> <info> app: hr,285,18630, -2.00 ,-1
 9> <info> app: hr,286,18654, -2.00 ,-1
 9> <info> app: hr,287,18622, -3.00 ,-1
 9> <info> app: hr,288,18649, -3.00 ,-1
 9> <info> app: hr,289,18660, -3.00 ,-1
 9> <info> app: hr,290,18653, -4.00 ,-1
 9> <info> app: hr,291,18619, -3.00 ,-1
 9> <info> app: hr,292,18641, -3.00 ,-1
 9> <info> app: hr,293,18664, -4.00 ,-1
 9> <info> app: hr,294,18649, -4.00 ,-1
 9> <info> app: hr,295,18647, -4.00 ,-1
 9> <info> app: hr,296,18630, -4.00 ,-1
 9> <info> app: hr,297,18670, -4.00 ,-1
 9> <info> app: hr,298,18629, -5.00 ,-1
 9> <info> app: hr,299,18635, -5.00 ,-1
 9> <info> app: hr,300,18645, -4.00 ,-1
 9> <info> app: hr,301,18630, -4.00 ,-1
 9> <info> app: hr,302,18672, -5.00 ,-1
 9> <info> app: hr,303,18638, -5.00 ,-1
 9> <info> app: hr,304,18650, -4.00 ,-1
 9> <info> app: hr,305,18647, -5.00 ,-1
 9> <info> app: hr,306,18656, -5.00 ,-1
 9> <info> app: hr,307,18655, -5.00 ,-1
 9> <info> app: hr,308,18626, -5.00 ,-1
 9> <info> app: hr,309,18648, -5.00 ,-1
 9> <info> app: hr,310,18652, -5.00 ,-1
 9> <info> app: hr,311,18637, -4.00 ,-1
 9> <info> app: hr,312,18665, -5.00 ,-1
 9> <info> app: hr,313,18646, -5.00 ,-1
 9> <info> app: hr,314,18639, -5.00 ,-1
 9> <info> app: hr,315,18656, -4.00 ,-1
 9> <info> app: hr,316,18641, -5.00 ,-1
 9> <info> app: hr,317,18649, -5.00 ,-1
 9> <info> app: hr,318,18644, -5.00 ,-1
 9> <info> app: hr,319,18657, -4.00 ,-1
 9> <info> app: hr,320,18655, -5.00 ,-1
 9> <info> app: hr,321,18652, -5.00 ,-1
 9> <info> app: hr,322,18672, -5.00 ,-1
 9> <info> app: hr,323,18658, -4.00 ,-1
 9> <info> app: hr,324,18622, -5.00 ,-1
 9> <info> app: hr,325,18665, -5.00 ,-1
 9> <info> app: hr,326,18639, -5.00 ,-1
 9> <info> app: hr,327,18646, -4.00 ,-1
 9> <info> app: hr,328,18651, -5.00 ,-1
 9> <info> app: hr,329,18621, -5.00 ,-1
 9> <info> app: hr,330,18622, -5.00 ,-1
 9> <info> app: hr,331,18652, -4.00 ,-1
 9> <info> app: hr,332,18626, -4.00 ,-1
 9> <info> app: hr,333,18641, -4.00 ,-1
 9> <info> app: hr,334,18651, -4.00 ,-1
 9> <info> app: hr,335,18636, -3.00 ,-1
 9> <info> app: hr,336,18644, -3.00 ,-1
 9> <info> app: hr,337,18624, -2.00 ,-1
 9> <info> app: hr,338,18644, -2.00 ,-1
 9> <info> app: hr,339,18628, -2.00 ,-1
 9> <info> app: hr,340,18635, -2.00 ,-1
 9> <info> app: hr,341,18619, -2.00 ,-1
 9> <info> app: hr,342,18625, 0.00 ,0
 9> <info> app: hr,343,18635, 0.00 ,0
 9> <info> app: hr,344,18627, 0.00 ,0
 9> <info> app: hr,345,18638, 0.00 ,0
 9> <info> app: hr,346,18656, 0.00 ,0
 9> <info> app: hr,347,18628, 1.00 ,1
 9> <info> app: hr,348,18644, 1.00 ,1
 9> <info> app: hr,349,18626, 1.00 ,1
 9> <info> app: hr,350,18637, 1.00 ,1
 9> <info> app: hr,351,18660, 1.00 ,1
 9> <info> app: hr,352,18627, 1.00 ,1
 9> <info> app: hr,353,18648, 2.00 ,1
 9> <info> app: hr,354,18631, 2.00 ,1
 9> <info> app: hr,355,18611, 2.00 ,1
 9> <info> app: hr,356,18628, 3.00 ,1
 9> <info> app: hr,357,18615, 3.00 ,1
 9> <info> app: hr,358,18633, 2.00 ,1
 9> <info> app: hr,359,18626, 3.00 ,1
 9> <info> app: hr,360,18612, 3.00 ,1
 9> <info> app: hr,361,18622, 4.00 ,1
 9> <info> app: hr,362,18627, 4.00 ,1
 9> <info> app: hr,363,18641, 5.00 ,1
 9> <info> app: hr,364,18637, 4.00 ,1
 9> <info> app: hr,365,18629, 5.00 ,1
 9> <info> app: hr,366,18625, 5.00 ,1
 9> <info> app: hr,367,18621, 5.00 ,1
 9> <info> app: hr,368,18620, 5.00 ,1
 9> <info> app: hr,369,18628, 6.00 ,1
 9> <info> app: hr,370,18615, 6.00 ,1
 9> <info> app: hr,371,18650, 5.00 ,1
 9> <info> app: hr,372,18635, 6.00 ,1
 9> <info> app: hr,373,18616, 6.00 ,1
 9> <info> app: hr,374,18621, 6.00 ,1
 9> <info> app: hr,375,18636, 6.00 ,1
 9> <info> app: hr,376,18644, 6.00 ,1
 9> <info> app: hr,377,18634, 6.00 ,1
 9> <info> app: hr,378,18633, 6.00 ,1
 9> <info> app: hr,379,18629, 6.00 ,1
 9> <info> app: hr,380,18627, 5.00 ,1
 9> <info> app: hr,381,18625, 6.00 ,1
 9> <info> app: hr,382,18606, 6.00 ,1
 9> <info> app: hr,383,18634, 5.00 ,1
 9> <info> app: hr,384,18629, 5.00 ,1
 9> <info> app: hr,385,18633, 6.00 ,1
 9> <info> app: hr,386,18648, 6.00 ,1
 9> <info> app: hr,387,18617, 5.00 ,1
 9> <info> app: hr,388,18625, 5.00 ,1
 9> <info> app: hr,389,18635, 5.00 ,1
 9> <info> app: hr,390,18647, 4.00 ,1
 9> <info> app: hr,391,18633, 4.00 ,1
 9> <info> app: hr,392,18626, 4.00 ,1
 9> <info> app: hr,393,18638, 4.00 ,1
 9> <info> app: hr,394,18626, 4.00 ,1
 9> <info> app: hr,395,18629, 3.00 ,0
 9> <info> app: hr,396,18642, 3.00 ,0
 9> <info> app: hr,397,18634, 3.00 ,0
 9> <info> app: hr,398,18653, 3.00 ,0
 9> <info> app: hr,399,18636, 3.00 ,0
 9> <info> app: hr,400,18622, 2.00 ,-1
 9> <info> app: hr,401,18651, 2.00 ,-1
 9> <info> app: hr,402,18629, 2.00 ,0
 9> <info> app: hr,403,18648, 2.00 ,0
 9> <info> app: hr,404,18644, 1.00 ,0
 9> <info> app: hr,405,18635, 1.00 ,0
 9> <info> app: hr,406,18639, 1.00 ,0
 9> <info> app: hr,407,18638, 1.00 ,0
 9> <info> app: hr,408,18643, 0.00 ,0
 9> <info> app: hr,409,18636, 0.00 ,0
 9> <info> app: hr,410,18663, 0.00 ,0
 9> <info> app: hr,411,18642, 0.00 ,0
 9> <info> app: hr,412,18619, 0.00 ,0
 9> <info> app: hr,413,18634, 0.00 ,0
 9> <info> app: hr,414,18638, -1.00 ,0
 9> <info> app: hr,415,18630, -1.00 ,0
 9> <info> app: hr,416,18639, -1.00 ,0
 9> <info> app: hr,417,18635, -1.00 ,0
 9> <info> app: hr,418,18644, -2.00 ,0
 9> <info> app: hr,419,18642, -2.00 ,0
 9> <info> app: hr,420,18662, -2.00 ,0
 9> <info> app: hr,421,18634, -2.00 ,0
 9> <info> app: hr,422,18612, -2.00 ,0
 9> <info> app: hr,423,18662, -2.00 ,0
 9> <info> app: hr,424,18634, -2.00 ,0
 9> <info> app: hr,425,18642, -2.00 ,0
 9> <info> app: hr,426,18636, -3.00 ,0
 9> <info> app: hr,427,18622, -3.00 ,0
 9> <info> app: hr,428,18660, -3.00 ,0
 9> <info> app: hr,429,18633, -2.00 ,0
 9> <info> app: hr,430,18650, -2.00 ,0
 9> <info> app: hr,431,18636, -3.00 ,0
 9> <info> app: hr,432,18648, -3.00 ,0
 9> <info> app: hr,433,18672, -3.00 ,0
 9> <info> app: hr,434,18658, -3.00 ,0
 9> <info> app: hr,435,18650, -3.00 ,0
 9> <info> app: hr,436,18669, -3.00 ,0
 9> <info> app: hr,437,18634, -4.00 ,0
 9> <info> app: hr,438,18659, -4.00 ,0
 9> <info> app: hr,439,18659, -5.00 ,-1
 9> <info> app: hr,440,18644, -4.00 ,0
 9> <info> app: hr,441,18666, -4.00 ,0
 9> <info> app: hr,442,18624, -5.00 ,0
 9> <info> app: hr,443,18663, -5.00 ,0
 9> <info> app: hr,444,18629, -5.00 ,0
 9> <info> app: hr,445,18613, -5.00 ,0
 9> <info> app: hr,446,18668, -5.00 ,0
 9> <info> app: hr,447,18660, -6.00 ,0
 9> <info> app: hr,448,18685, -5.00 ,0
 9> <info> app: hr,449,18642, -5.00 ,0
 9> <info> app: hr,450,18644, -6.00 ,0
 9> <info> app: hr,451,18644, -5.00 ,0
 9> <info> app: hr,452,18663, -6.00 ,0
 9> <info> app: hr,453,18645, -6.00 ,0
 9> <info> app: hr,454,18638, -5.00 ,0
 9> <info> app: hr,455,18646, -6.00 ,0
 9> <info> app: hr,456,18670, -6.00 ,0
 9> <info> app: hr,457,18641, -5.00 ,0
 9> <info> app: hr,458,18651, -6.00 ,0
 9> <info> app: hr,459,18647, -6.00 ,0
 9> <info> app: hr,460,18662, -6.00 ,0
 9> <info> app: hr,461,18640, -5.00 ,0
 9> <info> app: hr,462,18655, -6.00 ,0
 9> <info> app: hr,463,18646, -6.00 ,0
 9> <info> app: hr,464,18634, -5.00 ,0
 9> <info> app: hr,465,18655, -5.00 ,0
 9> <info> app: hr,466,18636, -5.00 ,0
 9> <info> app: hr,467,18646, -4.00 ,0
 9> <info> app: hr,468,18657, -4.00 ,0
 9> <info> app: hr,469,18652, -5.00 ,0
 9> <info> app: hr,470,18670, -5.00 ,0
 9> <info> app: hr,471,18638, -4.00 ,0
 9> <info> app: hr,472,18652, -4.00 ,0
 9> <info> app: hr,473,18649, -4.00 ,0
 9> <info> app: hr,474,18642, -4.00 ,0
 9> <info> app: hr,475,18618, -4.00 ,0
 9> <info> app: hr,476,18634, -3.00 ,0
 9> <info> app: hr,477,18649, -3.00 ,0
 9> <info> app: hr,478,18638, -3.00 ,0
 9> <info> app: hr,479,18643, -3.00 ,0
 9> <info> app: hr,480,18631, -3.00 ,0
 9> <info> app: hr,481,18624, -1.00 ,1
 9> <info> app: hr,482,18622, -1.00 ,1
 9> <info> app: hr,483,18618, -1.00 ,0
 9> <info> app: hr,484,18632, 0.00 ,0
 9> <info> app: hr,485,18619, 0.00 ,0
 9> <info> app: hr,486,18629, 0.00 ,0
 9> <info> app: hr,487,18637, 0.00 ,0
 9> <info> app: hr,488,18620, 1.00 ,0
 9> <info> app: hr,489,18639, 1.00 ,0
 9> <info> app: hr,490,18634, 2.00 ,0
 9> <info> app: hr,491,18627, 3.00 ,0
 9> <info> app: hr,492,18615, 2.00 ,0
 9> <info> app: hr,493,18630, 3.00 ,0
 9> <info> app: hr,494,18618, 3.00 ,0
 9> <info> app: hr,495,18623, 4.00 ,0
 9> <info> app: hr,496,18641, 5.00 ,0
 9> <info> app: hr,497,18633, 4.00 ,0
 9> <info> app: hr,498,18638, 5.00 ,0
 9> <info> app: hr,499,18616, 5.00 ,0
 9> <info> app: hr,500,18633, 6.00 ,0
 9> <info> app: hr,501,18613, 6.00 ,0
 9> <info> app: hr,502,18639, 6.00 ,0
 9> <info> app: hr,503,18629, 7.00 ,0
 9> <info> app: hr,504,18646, 6.00 ,0
 9> <info> app: hr,505,18636, 7.00 ,0
 9> <info> app: hr,506,18619, 7.00 ,0
 9> <info> app: hr,507,18624, 7.00 ,0
 9> <info> app: hr,508,18631, 7.00 ,0
 9> <info> app: hr,509,18638, 6.00 ,0
 9> <info> app: hr,510,18654, 7.00 ,0
 9> <info> app: hr,511,18650, 7.00 ,0
 9> <info> app: hr,512,18627, 6.00 ,0
 9> <info> app: hr,513,18645, 6.00 ,0
 9> <info> app: hr,514,18653, 7.00 ,0
 9> <info> app: hr,515,18624, 6.00 ,0
 9> <info> app: hr,516,18642, 6.00 ,0
 9> <info> app: hr,517,18621, 6.00 ,0
 9> <info> app: hr,518,18621, 5.00 ,0
 9> <info> app: hr,519,18628, 5.00 ,0
 9> <info> app: hr,520,18607, 5.00 ,0
 9> <info> app: hr,521,18652, 5.00 ,0
 9> <info> app: hr,522,18621, 4.00 ,0
 9> <info> app: hr,523,18619, 4.00 ,0
 9> <info> app: hr,524,18634, 5.00 ,0
 9> <info> app: hr,525,18611, 5.00 ,0
 9> <info> app: hr,526,18626, 4.00 ,0
 9> <info> app: hr,527,18630, 4.00 ,0
 9> <info> app: hr,528,18648, 4.00 ,0
 9> <info> app: hr,529,18631, 5.00 ,0
 9> <info> app: hr,530,18628, 4.00 ,0
 9> <info> app: hr,531,18638, 4.00 ,0
 9> <info> app: hr,532,18625, 4.00 ,0
 9> <info> app: hr,533,18646, 4.00 ,0
 9> <info> app: hr,534,18636, 3.00 ,0
 9> <info> app: hr,535,18635, 3.00 ,0
 9> <info> app: hr,536,18621, 3.00 ,0
 9> <info> app: hr,537,18645, 3.00 ,0
 9> <info> app: hr,538,18643, 3.00 ,0
 9> <info> app: hr,539,18648, 3.00 ,0
 9> <info> app: hr,540,18637, 2.00 ,0
 9> <info> app: hr,541,18636, 2.00 ,0
 9> <info> app: hr,542,18639, 1.00 ,-1
 9> <info> app: hr,543,18632, 1.00 ,-1
 9> <info> app: hr,544,18639, 1.00 ,0
 9> <info> app: hr,545,18656, 1.00 ,0
 9> <info> app: hr,546,18639, 1.00 ,0
 9> <info> app: hr,547,18633, 0.00 ,0
 9> <info> app: hr,548,18652, 0.00 ,0
 9> <info> app: hr,549,18641, 0.00 ,0
 9> <info> app: hr,550,18658, 0.00 ,0
 9> <info> app: hr,551,18649, 0.00 ,0
 9> <info> app: hr,552,18664, 0.00 ,0
 9> <info> app: hr,553,18641, -1.00 ,0
 9> <info> app: hr,554,18631, -1.00 ,0
 9> <info> app: hr,555,18640, -2.00 ,-1
 9> <info> app: hr,556,18632, -2.00 ,-1
 9> <info> app: hr,557,18616, -2.00 ,-1
 9> <info> app: hr,558,18620, -2.00 ,0
 9> <info> app: hr,559,18671, -3.00 ,-1
 9> <info> app: hr,560,18667, -2.00 ,0
 9> <info> app: hr,561,18604, -2.00 ,0
 9> <info> app: hr,562,18637, -3.00 ,0
 9> <info> app: hr,563,18626, -3.00 ,0
 9> <info> app: hr,564,18623, -3.00 ,0
 9> <info> app: hr,565,18638, -3.00 ,0
 9> <info> app: hr,566,18646, -2.00 ,0
 9> <info> app: hr,567,18644, -2.00 ,0
 9> <info> app: hr,568,18627, -2.00 ,0
 9> <info> app: hr,569,18641, -2.00 ,0
 9> <info> app: hr,570,18638, -2.00 ,0
 9> <info> app: hr,571,18639, -2.00 ,0
 9> <info> app: hr,572,18629, -2.00 ,0
 9> <info> app: hr,573,18654, -3.00 ,0
 9> <info> app: hr,574,18645, -2.00 ,0
 9> <info> app: hr,575,18649, -2.00 ,0
 9> <info> app: hr,576,18646, -2.00 ,0
 9> <info> app: hr,577,18656, -2.00 ,0
 9> <info> app: hr,578,18619, -2.00 ,0
 9> <info> app: hr,579,18639, -2.00 ,0
 9> <info> app: hr,580,18662, -2.00 ,0
 9> <info> app: hr,581,18653, -3.00 ,0
 9> <info> app: hr,582,18649, -2.00 ,0
 9> <info> app: hr,583,18643, -2.00 ,0
 9> <info> app: hr,584,18649, -2.00 ,0
 9> <info> app: hr,585,18653, -3.00 ,0
 9> <info> app: hr,586,18643, -3.00 ,0
 9> <info> app: hr,587,18650, -3.00 ,0
 9> <info> app: hr,588,18634, -2.00 ,0
 9> <info> app: hr,589,18650, -3.00 ,0
 9> <info> app: hr,590,18648, -3.00 ,0
 9> <info> app: hr,591,18639, -3.00 ,0
 9> <info> app: hr,592,18634, -3.00 ,0
 9> <info> app: hr,593,18664, -3.00 ,0
 9> <info> app: hr,594,18652, -3.00 ,0
 9> <info> app: hr,595,18647, -3.00 ,0
 9> <info> app: hr,596,18653, -3.00 ,0
 9> <info> app: hr,597,18638, -3.00 ,0
 9> <info> app: hr,598,18641, -4.00 ,-1
 9> <info> app: hr,599,18654, -4.00 ,-1
 9> <info> app: hr,600,18666, -3.00 ,0
 9> <info> app: hr,601,18655, -3.00 ,0
 9> <info> app: hr,602,18621, -4.00 ,0
 9> <info> app: hr,603,18664, -4.00 ,0
 9> <info> app: hr,604,18641, -4.00 ,0
 9> <info> app: hr,605,18643, -3.00 ,0
 9> <info> app: hr,606,18668, -4.00 ,0
 9> <info> app: hr,607,18647, -4.00 ,0
 9> <info> app: hr,608,18671, -4.00 ,0
 9> <info> app: hr,609,18652, -3.00 ,0
 9> <info> app: hr,610,18635, -4.00 ,0
 9> <info> app: hr,611,18662, -4.00 ,0
 9> <info> app: hr,612,18649, -4.00 ,0
 9> <info> app: hr,613,18653, -4.00 ,0
 9> <info> app: hr,614,18650, -4.00 ,0
 9> <info> app: hr,615,18642, -4.00 ,0
 9> <info> app: hr,616,18663, -4.00 ,0
 9> <info> app: hr,617,18645, -4.00 ,0
 9> <info> app: hr,618,18642, -4.00 ,0
 9> <info> app: hr,619,18657, -4.00 ,0
 9> <info> app: hr,620,18634, -4.00 ,0
 9> <info> app: hr,621,18647, -4.00 ,0
 9> <info> app: hr,622,18618, -4.00 ,0
 9> <info> app: hr,623,18633, -3.00 ,1
 9> <info> app: hr,624,18649, -3.00 ,1
 9> <info> app: hr,625,18650, -3.00 ,0
 9> <info> app: hr,626,18636, -3.00 ,0
 9> <info> app: hr,627,18644, -3.00 ,0
 9> <info> app: hr,628,18632, -2.00 ,0
 9> <info> app: hr,629,18638, -2.00 ,0
 9> <info> app: hr,630,18618, -1.00 ,0
 9> <info> app: hr,631,18625, -1.00 ,0
 9> <info> app: hr,632,18622, -1.00 ,0
 9> <info> app: hr,633,18639, 0.00 ,0
 9> <info> app: hr,634,18615, 0.00 ,0
 9> <info> app: hr,635,18627, 0.00 ,0
 9> <info> app: hr,636,18615, 0.00 ,0
 9> <info> app: hr,637,18641, 1.00 ,0
 9> <info> app: hr,638,18624, 1.00 ,0
 9> <info> app: hr,639,18625, 2.00 ,0
 9> <info> app: hr,640,18632, 2.00 ,0
 9> <info> app: hr,641,18640, 3.00 ,0
 9> <info> app: hr,642,18620, 3.00 ,0
 9> <info> app: hr,643,18631, 3.00 ,0
 9> <info> app: hr,644,18615, 4.00 ,0
 9> <info> app: hr,645,18617, 4.00 ,0
 9> <info> app: hr,646,18632, 5.00 ,0
 9> <info> app: hr,647,18607, 5.00 ,0
 9> <info> app: hr,648,18627, 5.00 ,0
 9> <info> app: hr,649,18618, 6.00 ,0
 9> <info> app: hr,650,18628, 7.00 ,0
 9> <info> app: hr,651,18626, 6.00 ,0
 9> <info> app: hr,652,18629, 7.00 ,0
 9> <info> app: hr,653,18629, 8.00 ,0
 9> <info> app: hr,654,18655, 7.00 ,0
 9> <info> app: hr,655,18639, 8.00 ,0
 9> <info> app: hr,656,18635, 7.00 ,0
 9> <info> app: hr,657,18619, 7.00 ,0
 9> <info> app: hr,658,18639, 8.00 ,0
 9> <info> app: hr,659,18639, 7.00 ,0
 9> <info> app: hr,660,18627, 7.00 ,0
 9> <info> app: hr,661,18644, 7.00 ,0
 9> <info> app: hr,662,18638, 7.00 ,0
 9> <info> app: hr,663,18634, 7.00 ,0
 9> <info> app: hr,664,18629, 6.00 ,0
 9> <info> app: hr,665,18637, 6.00 ,0
 9> <info> app: hr,666,18642, 6.00 ,0
 9> <info> app: hr,667,18641, 5.00 ,0
 9> <info> app: hr,668,18615, 6.00 ,0
 9> <info> app: hr,669,18634, 6.00 ,0
 9> <info> app: hr,670,18635, 5.00 ,0
 9> <info> app: hr,671,18639, 5.00 ,0
 9> <info> app: hr,672,18638, 5.00 ,0
 9> <info> app: hr,673,18632, 5.00 ,0
 9> <info> app: hr,674,18643, 4.00 ,0
 9> <info> app: hr,675,18620, 4.00 ,0
 9> <info> app: hr,676,18606, 4.00 ,0
 9> <info> app: hr,677,18635, 4.00 ,0
 9> <info> app: hr,678,18656, 3.00 ,0
 9> <info> app: hr,679,18647, 3.00 ,0
 9> <info> app: hr,680,18610, 2.00 ,0
 9> <info> app: hr,681,18628, 2.00 ,0
 9> <info> app: hr,682,18625, 2.00 ,0
 9> <info> app: hr,683,18630, 2.00 ,0
 9> <info> app: hr,684,18635, 2.00 ,0
 9> <info> app: hr,685,18650, 1.00 ,0
 9> <info> app: hr,686,18632, 1.00 ,0
 9> <info> app: hr,687,18636, 1.00 ,0
 9> <info> app: hr,688,18637, 1.00 ,0
 9> <info> app: hr,689,18631, 1.00 ,0
 9> <info> app: hr,690,18652, 1.00 ,0
 9> <info> app: hr,691,18620, 1.00 ,0
 9> <info> app: hr,692,18607, 1.00 ,0
 9> <info> app: hr,693,18632, 1.00 ,0
 9> <info> app: hr,694,18636, 1.00 ,0
 9> <info> app: hr,695,18632, 1.00 ,0
 9> <info> app: hr,696,18646, 1.00 ,0
 9> <info> app: hr,697,18639, 1.00 ,0
 9> <info> app: hr,698,18640, 1.00 ,0
 9> <info> app: hr,699,18641, 0.00 ,-1
 9> <info> app: hr,700,18607, 0.00 ,-1
 9> <info> app: hr,701,18663, 0.00 ,0
 9> <info> app: hr,702,18648, 0.00 ,0
 9> <info> app: hr,703,18662, 0.00 ,0
 9> <info> app: hr,704,18660, 0.00 ,0
 9> <info> app: hr,705,18637, -1.00 ,0
 9> <info> app: hr,706,18645, -1.00 ,0
 9> <info> app: hr,707,18624, 0.00 ,0
 9> <info> app: hr,708,18608, -1.00 ,0
 9> <info> app: hr,709,18643, -1.00 ,0
 9> <info> app: hr,710,18628, -1.00 ,0
 9> <info> app: hr,711,18636, -1.00 ,0
 9> <info> app: hr,712,18635, -1.00 ,0
 9> <info> app: hr,713,18632, -1.00 ,0
 9> <info> app: hr,714,18643, -2.00 ,0
 9> <info> app: hr,715,18643, -2.00 ,0
 9> <info> app: hr,716,18640, -2.00 ,0
 9> <info> app: hr,717,18665, -2.00 ,0
 9> <info> app: hr,718,18636, -1.00 ,0
 9> <info> app: hr,719,18627, -1.00 ,0
 9> <info> app: hr,720,18630, -2.00 ,0
 9> <info> app: hr,721,18669, -2.00 ,0
 9> <info> app: hr,722,18653, -2.00 ,0
 9> <info> app: hr,723,18643, -2.00 ,0
 9> <info> app: hr,724,18639, -3.00 ,0
 9> <info> app: hr,725,18649, -3.00 ,0
 9> <info> app: hr,726,18640, -2.00 ,0
 9> <info> app: hr,727,18651, -2.00 ,0
 9> <info> app: hr,728,18625, -3.00 ,0
 9> <info> app: hr,729,18630, -3.00 ,0
 9> <info> app: hr,730,18626, -3.00 ,0
 9> <info> app: hr,731,18637, -3.00 ,0
 9> <info> app: hr,732,18656, -2.00 ,0
 9> <info> app: hr,733,18650, -3.00 ,0
 9> <info> app: hr,734,18638, -3.00 ,0
 9> <info> app: hr,735,18630, -3.00 ,0
 9> <info> app: hr,736,18647, -3.00 ,0
 9> <info> app: hr,737,18661, -3.00 ,0
 9> <info> app: hr,738,18654, -2.00 ,0
 9> <info> app: hr,739,18629, -3.00 ,0
 9> <info> app: hr,740,18637, -3.00 ,0
 9> <info> app: hr,741,18642, -3.00 ,0
 9> <info> app: hr,742,18653, -3.00 ,0
 9> <info> app: hr,743,18639, -3.00 ,0
 9> <info> app: hr,744,18653, -2.00 ,0
 9> <info> app: hr,745,18668, -3.00 ,0
 9> <info> app: hr,746,18662, -3.00 ,0
 9> <info> app: hr,747,18633, -3.00 ,0
 9> <info> app: hr,748,18668, -3.00 ,0
 9> <info> app: hr,749,18659, -4.00 ,0
 9> <info> app: hr,750,18670, -3.00 ,0
 9> <info> app: hr,751,18657, -4.00 ,0
 9> <info> app: hr,752,18636, -4.00 ,0
 9> <info> app: hr,753,18655, -4.00 ,0
 9> <info> app: hr,754,18640, -5.00 ,0
 9> <info> app: hr,755,18651, -4.00 ,0
 9> <info> app: hr,756,18653, -5.00 ,0
 9> <info> app: hr,757,18665, -5.00 ,0
 9> <info> app: hr,758,18641, -4.00 ,0
 9> <info> app: hr,759,18676, -5.00 ,0
 9> <info> app: hr,760,18634, -5.00 ,0
 9> <info> app: hr,761,18656, -5.00 ,0
 9> <info> app: hr,762,18638, -5.00 ,0
 9> <info> app: hr,763,18653, -5.00 ,0
 9> <info> app: hr,764,18658, -5.00 ,0
 9> <info> app: hr,765,18654, -6.00 ,0
 9> <info> app: hr,766,18636, -5.00 ,0
 9> <info> app: hr,767,18622, -5.00 ,0
 9> <info> app: hr,768,18651, -5.00 ,0
 9> <info> app: hr,769,18637, -4.00 ,0
 9> <info> app: hr,770,18649, -4.00 ,1
 9> <info> app: hr,771,18633, -4.00 ,0
 9> <info> app: hr,772,18630, -4.00 ,0
 9> <info> app: hr,773,18639, -4.00 ,0
 9> <info> app: hr,774,18654, -3.00 ,0
 9> <info> app: hr,775,18649, -3.00 ,0
 9> <info> app: hr,776,18606, -3.00 ,0
 9> <info> app: hr,777,18635, -3.00 ,0
 9> <info> app: hr,778,18642, -3.00 ,0
 9> <info> app: hr,779,18629, -1.00 ,0
 9> <info> app: hr,780,18643, -1.00 ,0
 9> <info> app: hr,781,18627, -1.00 ,0
 9> <info> app: hr,782,18656, 0.00 ,0
 9> <info> app: hr,783,18628, 0.00 ,0
 9> <info> app: hr,784,18633, 0.00 ,0
 9> <info> app: hr,785,18646, 0.00 ,0
 9> <info> app: hr,786,18629, 0.00 ,0
 9> <info> app: hr,787,18637, 0.00 ,0
 9> <info> app: hr,788,18624, 1.00 ,0
 9> <info> app: hr,789,18625, 1.00 ,0
 9> <info> app: hr,790,18624, 2.00 ,1
 9> <info> app: hr,791,18642, 2.00 ,1
 9> <info> app: hr,792,18630, 3.00 ,1
 9> <info> app: hr,793,18624, 2.00 ,0
 9> <info> app: hr,794,18625, 2.00 ,0
 9> <info> app: hr,795,18626, 3.00 ,1
 9> <info> app: hr,796,18610, 4.00 ,1
 9> <info> app: hr,797,18613, 4.00 ,0
 9> <info> app: hr,798,18621, 4.00 ,1
 9> <info> app: hr,799,18624, 4.00 ,0
 9> <info> app: hr,800,18624, 5.00 ,0
 9> <info> app: hr,801,18627, 6.00 ,0
 9> <info> app: hr,802,18636, 5.00 ,0
 9> <info> app: hr,803,18641, 6.00 ,0
 9> <info> app: hr,804,18638, 7.00 ,0
 9> <info> app: hr,805,18616, 6.00 ,0
 9> <info> app: hr,806,18629, 7.00 ,0
 9> <info> app: hr,807,18627, 7.00 ,0
 9> <info> app: hr,808,18637, 6.00 ,0
 9> <info> app: hr,809,18642, 7.00 ,0
 9> <info> app: hr,810,18636, 7.00 ,0
 9> <info> app: hr,811,18626, 7.00 ,0
 9> <info> app: hr,812,18620, 7.00 ,0
 9> <info> app: hr,813,18635, 6.00 ,0
 9> <info> app: hr,814,18623, 7.00 ,0
 9> <info> app: hr,815,18640, 7.00 ,0
 9> <info> app: hr,816,18627, 6.00 ,0
 9> <info> app: hr,817,18631, 6.00 ,0
 9> <info> app: hr,818,18660, 7.00 ,0
 9> <info> app: hr,819,18653, 6.00 ,0
 9> <info> app: hr,820,18647, 6.00 ,0
 9> <info> app: hr,821,18631, 6.00 ,0
 9> <info> app: hr,822,18631, 5.00 ,0
 9> <info> app: hr,823,18590, 5.00 ,0
 9> <info> app: hr,824,18635, 5.00 ,0
 9> <info> app: hr,825,18622, 5.00 ,0
 9> <info> app: hr,826,18637, 4.00 ,0
 9> <info> app: hr,827,18638, 4.00 ,0
 9> <info> app: hr,828,18629, 4.00 ,0
 9> <info> app: hr,829,18625, 4.00 ,0
 9> <info> app: hr,830,18617, 3.00 ,0
 9> <info> app: hr,831,18628, 3.00 ,0
 9> <info> app: hr,832,18615, 3.00 ,0
 9> <info> app: hr,833,18624, 3.00 ,0
 9> <info> app: hr,834,18631, 4.00 ,0
 9> <info> app: hr,835,18635, 3.00 ,0
 9> <info> app: hr,836,18610, 3.00 ,0
 9> <info> app: hr,837,18627, 3.00 ,0
 9> <info> app: hr,838,18627, 3.00 ,0
 9> <info> app: hr,839,18639, 3.00 ,0
 9> <info> app: hr,840,18634, 3.00 ,0
 9> <info> app: hr,841,18621, 3.00 ,0
 9> <info> app: hr,842,18639, 3.00 ,0
 9> <info> app: hr,843,18626, 3.00 ,0
 9> <info> app: hr,844,18636, 3.00 ,0
 9> <info> app: hr,845,18627, 3.00 ,0
 9> <info> app: hr,846,18617, 3.00 ,0
 9> <info> app: hr,847,18634, 2.00 ,-1
 9> <info> app: hr,848,18662, 2.00 ,-1
 9> <info> app: hr,849,18650, 2.00 ,0
 9> <info> app: hr,850,18642, 2.00 ,0
 9> <info> app: hr,851,18622, 2.00 ,0
 9> <info> app: hr,852,18620, 1.00 ,0
 9> <info> app: hr,853,18644, 1.00 ,0
 9> <info> app: hr,854,18634, 1.00 ,0
 9> <info> app: hr,855,18649, 1.00 ,0
 9> <info> app: hr,856,18653, 1.00 ,0
 9> <info> app: hr,857,18663, 0.00 ,0
 9> <info> app: hr,858,18644, 0.00 ,0
 9> <info> app: hr,859,18630, 0.00 ,0
 9> <info> app: hr,860,18638, -1.00 ,0
 9> <info> app: hr,861,18649, 0.00 ,0
 9> <info> app: hr,862,18634, 0.00 ,0
 9> <info> app: hr,863,18645, -1.00 ,0
 9> <info> app: hr,864,18635, -1.00 ,0
 9> <info> app: hr,865,18646, -2.00 ,0
 9> <info> app: hr,866,18650, -2.00 ,0
 9> <info> app: hr,867,18626, -2.00 ,0
 9> <info> app: hr,868,18647, -3.00 ,0
 9> <info> app: hr,869,18637, -3.00 ,0
 9> <info> app: hr,870,18643, -2.00 ,0
 9> <info> app: hr,871,18622, -3.00 ,0
 9> <info> app: hr,872,18637, -3.00 ,0
 9> <info> app: hr,873,18658, -3.00 ,0
 9> <info> app: hr,874,18625, -4.00 ,0
 9> <info> app: hr,875,18651, -4.00 ,0
 9> <info> app: hr,876,18656, -3.00 ,0
 9> <info> app: hr,877,18652, -3.00 ,0
 9> <info> app: hr,878,18642, -4.00 ,0
 9> <info> app: hr,879,18645, -4.00 ,0
 9> <info> app: hr,880,18597, -4.00 ,0
 9> <info> app: hr,881,18647, -4.00 ,0
 9> <info> app: hr,882,18644, -4.00 ,0
 9> <info> app: hr,883,18625, -4.00 ,0
 9> <info> app: hr,884,18647, -4.00 ,0
 9> <info> app: hr,885,18643, -3.00 ,0
 9> <info> app: hr,886,18666, -3.00 ,0
 9> <info> app: hr,887,18645, -4.00 ,0
 9> <info> app: hr,888,18650, -4.00 ,0
 9> <info> app: hr,889,18627, -4.00 ,0
 9> <info> app: hr,890,18633, -3.00 ,0
 9> <info> app: hr,891,18670, -3.00 ,0
 9> <info> app: hr,892,18639, -4.00 ,0
 9> <info> app: hr,893,18651, -4.00 ,0
 9> <info> app: hr,894,18640, -4.00 ,0
 9> <info> app: hr,895,18648, -3.00 ,0
 9> <info> app: hr,896,18654, -4.00 ,0
 9> <info> app: hr,897,18673, -4.00 ,0
 9> <info> app: hr,898,18639, -4.00 ,0
 9> <info> app: hr,899,18642, -5.00 ,0
 9> <info> app: hr,900,18644, -4.00 ,0
 9> <info> app: hr,901,18615, -4.00 ,0
 9> <info> app: hr,902,18667, -4.00 ,0
 9> <info> app: hr,903,18639, -4.00 ,0
 9> <info> app: hr,904,18661, -4.00 ,0
 9> <info> app: hr,905,18648, -4.00 ,0
 9> <info> app: hr,906,18686, -4.00 ,0
 9> <info> app: hr,907,18642, -4.00 ,0
 9> <info> app: hr,908,18684, -4.00 ,0
 9> <info> app: hr,909,18659, -4.00 ,0
 9> <info> app: hr,910,18652, -5.00 ,0
 9> <info> app: hr,911,18649, -5.00 ,-1
 9> <info> app: hr,912,18671, -5.00 ,0
 9> <info> app: hr,913,18646, -5.00 ,0
 9> <info> app: hr,914,18633, -6.00 ,0
 9> <info> app: hr,915,18633, -6.00 ,0
 9> <info> app: hr,916,18635, -5.00 ,0
 9> <info> app: hr,917,18666, -5.00 ,0
 9> <info> app: hr,918,18662, -6.00 ,0
 9> <info> app: hr,919,18617, -5.00 ,0
 9> <info> app: hr,920,18642, -5.00 ,0
 9> <info> app: hr,921,18637, -5.00 ,0
 9> <info> app: hr,922,18679, -5.00 ,0
 9> <info> app: hr,923,18636, -4.00 ,0
 9> <info> app: hr,924,18640, -4.00 ,0
 9> <info> app: hr,925,18639, -5.00 ,0
 9> <info> app: hr,926,18634, -5.00 ,0
 9> <info> app: hr,927,18608, -3.00 ,0
 9> <info> app: hr,928,18638, -3.00 ,0
 9> <info> app: hr,929,18606, -3.00 ,0
 9> <info> app: hr,930,18650, -3.00 ,0
 9> <info> app: hr,931,18640, -2.00 ,0
 9> <info> app: hr,932,18620, -1.00 ,1
 9> <info> app: hr,933,18625, -1.00 ,0
 9> <info> app: hr,934,18629, 0.00 ,0
 9> <info> app: hr,935,18645, 0.00 ,0
 9> <info> app: hr,936,18615, 0.00 ,0
 9> <info> app: hr,937,18659, 0.00 ,0
 9> <info> app: hr,938,18645, 1.00 ,0
 9> <info> app: hr,939,18637, 1.00 ,0
 9> <info> app: hr,940,18624, 1.00 ,0
 9> <info> app: hr,941,18635, 2.00 ,0
 9> <info> app: hr,942,18623, 1.00 ,0
 9> <info> app: hr,943,18637, 2.00 ,0
 9> <info> app: hr,944,18621, 2.00 ,0
 9> <info> app: hr,945,18639, 3.00 ,0
 9> <info> app: hr,946,18644, 3.00 ,0
 9> <info> app: hr,947,18618, 4.00 ,0
 9> <info> app: hr,948,18643, 4.00 ,0
 9> <info> app: hr,949,18625, 3.00 ,0
 9> <info> app: hr,950,18621, 4.00 ,0
 9> <info> app: hr,951,18633, 4.00 ,0
 9> <info> app: hr,952,18612, 5.00 ,0
 9> <info> app: hr,953,18636, 4.00 ,0
 9> <info> app: hr,954,18626, 5.00 ,0
 9> <info> app: hr,955,18627, 5.00 ,0
 9> <info> app: hr,956,18627, 6.00 ,0
 9> <info> app: hr,957,18631, 5.00 ,0
 9> <info> app: hr,958,18622, 6.00 ,0
 9> <info> app: hr,959,18656, 6.00 ,0
 9> <info> app: hr,960,18642, 5.00 ,0
 9> <info> app: hr,961,18623, 6.00 ,0
 9> <info> app: hr,962,18650, 6.00 ,0
 9> <info> app: hr,963,18614, 5.00 ,0
 9> <info> app: hr,964,18639, 6.00 ,0
 9> <info> app: hr,965,18620, 6.00 ,0
 9> <info> app: hr,966,18642, 6.00 ,0
 9> <info> app: hr,967,18637, 5.00 ,0
 9> <info> app: hr,968,18630, 6.00 ,0
 9> <info> app: hr,969,18642, 6.00 ,0
 9> <info> app: hr,970,18615, 5.00 ,0
 9> <info> app: hr,971,18628, 5.00 ,0
 9> <info> app: hr,972,18629, 5.00 ,0
 9> <info> app: hr,973,18652, 4.00 ,0
 9> <info> app: hr,974,18640, 4.00 ,0
 9> <info> app: hr,975,18629, 5.00 ,0
 9> <info> app: hr,976,18623, 5.00 ,0
 9> <info> app: hr,977,18632, 4.00 ,0
 9> <info> app: hr,978,18644, 4.00 ,0
 9> <info> app: hr,979,18641, 4.00 ,0
 9> <info> app: hr,980,18630, 4.00 ,0
 9> <info> app: hr,981,18650, 4.00 ,0
 9> <info> app: hr,982,18632, 3.00 ,0
 9> <info> app: hr,983,18617, 3.00 ,0
 9> <info> app: hr,984,18623, 3.00 ,0
 9> <info> app: hr,985,18635, 3.00 ,0
 9> <info> app: hr,986,18636, 3.00 ,0
 9> <info> app: hr,987,18638, 2.00 ,0
 9> <info> app: hr,988,18635, 2.00 ,0
 9> <info> app: hr,989,18629, 2.00 ,0
 9> <info> app: hr,990,18648, 2.00 ,0
 9> <info> app: hr,991,18631, 2.00 ,0
 9> <info> app: hr,992,18642, 1.00 ,0
 9> <info> app: hr,993,18634, 1.00 ,0
 9> <info> app: hr,994,18641, 1.00 ,0
 9> <info> app: hr,995,18643, 1.00 ,0
 9> <info> app: hr,996,18647, 1.00 ,0
 9> <info> app: hr,997,18652, 1.00 ,0
 9> <info> app: hr,998,18655, 0.00 ,0
 9> <info> app: hr,999,18636, 0.00 ,0
 9> <info> app: hr,1000,18675, 0.00 ,0
 9> <info> app: hr,1001,18654, -1.00 ,-1
 9> <info> app: hr,1002,18641, -1.00 ,0
 9> <info> app: hr,1003,18658, 0.00 ,0
 9> <info> app: hr,1004,18636, -1.00 ,0
 9> <info> app: hr,1005,18628, -1.00 ,0
 9> <info> app: hr,1006,18647, -2.00 ,0
 9> <info> app: hr,1007,18628, -2.00 ,0
 9> <info> app: hr,1008,18644, -3.00 ,0
 9> <info> app: hr,1009,18629, -3.00 ,0
 9> <info> app: hr,1010,18637, -3.00 ,0
 9> <info> app: hr,1011,18632, -2.00 ,0
 9> <info> app: hr,1012,18633, -3.00 ,0
 9> <info> app: hr,1013,18635, -3.00 ,0
 9> <info> app: hr,1014,18667, -3.00 ,0
 9> <info> app: hr,1015,18636, -3.00 ,0
 9> <info> app: hr,1016,18639, -3.00 ,0
 9> <info> app: hr,1017,18625, -2.00 ,0
 9> <info> app: hr,1018,18638, -3.00 ,0
 9> 
 9> Plus Signal 1, 185
 9> Minus Signal -1, 250
 9> plus_index 185, minus_index 250, 
 9> Plus Signal 1, 347
 9> Minus Signal -1, 400
 9> plus_index 347, minus_index 400, 
 9> Plus Signal 1, 481
 9> Minus Signal -1, 542
 9> plus_index 481, minus_index 542, 
 9> Plus Signal 1, 623
 9> Minus Signal -1, 699
 9> plus_index 623, minus_index 699, 
 9> Plus Signal 1, 770
 9> Minus Signal -1, 847
 9> plus_index 770, minus_index 847, 
 9> Plus Signal 1, 932
 9> Minus Signal -1, 1001
 9> plus_index 932, minus_index 1001, 
# Logging stopped @ 23 Nov 2018 14:46:20
