# SEGGER J-Link RTT Viewer V6.16a Terminal Log File
# Compiled: 12:44:10 on Jun  6 2017
# Logging started @ 22 Nov 2018 15:21:13
 0> <info> app: ***********  Application started  ***********
 0> 
 0> <info> app: [OK] NRF Power ON 0x0004. 
 0> <info> app: Read MAC:C94E232E2924
 0> <info> app: ***********  Sensor initial ***********
 0> <info> app: [OK]	BMI160
 0> <info> app: [OK]	SETUP ACC
 0> <info> app: [OK]	SETUP STEP COUNT
 0> <info> app: [OK]	FLASH MEMORY
 0> <info> app: [OK]	Read and using configuration in flash memory
 0> <info> app: [OK]	Using queue setting from flash memory
 0> <info> app: gender in flash 2
 0> <info> app: [OK]	OLED Initial
 0> <info> app: [OK]	Max30102 Initial, Temperature 57.12
 0> <info> app: ********** End sensor initial *********
 0> 
 0> <info> app: Erase bonds!
 0> <info> app: BLE_ADV_EVT_FAST
 0> <info> app: advertising is started
 0> <info> app: [FALL] Device restart detected. It require setup timer from flash memory
 0> 
 0> <info> app: [OK]	FLASH MEMORY
 0> <info> app: [OK] Pedo data with pages 1335
 0> 
 0> <error> app: [OK] Unix Time in flash 1537123459
 0> <error> app: [OK] Unix Time in flash 1537123469
 0> <error> app: [OK] Unix Time in flash 1537123479
 0> <error> app: [OK] Unix Time in flash 1537123489
 0> <error> app: [OK] Unix Time in flash 1537123499
 0> <error> app: [OK] Unix Time in flash 1537123509
 0> <error> app: [OK] Unix Time in flash 1537123519
 0> <error> app: [OK] Unix Time in flash 1537123529
 0> <info> app: Raw 924,SOC 100,BattFullDetect 0, 409V
 0> <info> app: Max30102 Found
 0> 
 0> <info> app: HR Begin
 0> 
 0> <info> app: 1240
 0> <info> app: hr,0,-13
 0> <info> app: hr,1,-22
 0> <info> app: hr,2,-17
 0> <info> app: hr,3,-13
 0> <info> app: hr,4,-25
 0> <info> app: hr,5,-19
 0> <info> app: hr,6,-9
 0> <info> app: hr,7,0
 0> <info> app: hr,8,-3
 0> <info> app: hr,9,12
 0> <info> app: hr,10,24
 0> <info> app: hr,11,13
 0> <info> app: hr,12,15
 0> <info> app: hr,13,17
 0> <info> app: hr,14,15
 0> <info> app: hr,15,5
 0> <info> app: hr,16,-10
 0> <info> app: hr,17,-25
 0> <info> app: hr,18,-26
 0> <info> app: hr,19,-21
 0> <info> app: hr,20,-18
 0> <info> app: hr,21,-35
 0> <info> app: hr,22,-65
 0> <info> app: hr,23,-85
 0> <info> app: hr,24,-96
 0> <info> app: hr,25,-111
 0> <info> app: hr,26,-115
 0> <info> app: hr,27,-124
 0> <info> app: hr,28,-133
 0> <info> app: hr,29,-135
 0> <info> app: hr,30,-132
 0> <info> app: hr,31,-130
 0> <info> app: hr,32,-116
 0> <info> app: hr,33,-112
 0> <info> app: hr,34,-110
 0> <info> app: hr,35,-100
 0> <info> app: hr,36,-88
 0> <info> app: hr,37,-74
 0> <info> app: hr,38,-69
 0> <info> app: hr,39,-74
 0> <info> app: hr,40,-79
 0> <info> app: hr,41,-89
 0> <info> app: hr,42,-85
 0> <info> app: hr,43,-83
 0> <info> app: hr,44,-75
 0> <info> app: hr,45,-78
 0> <info> app: hr,46,-60
 0> <info> app: hr,47,-59
 0> <info> app: hr,48,-61
 0> <info> app: hr,49,-52
 0> <info> app: hr,50,-46
 0> <info> app: hr,51,-38
 0> <info> app: hr,52,-30
 0> <info> app: hr,53,-16
 0> <info> app: hr,54,-4
 0> <info> app: hr,55,2
 0> <info> app: hr,56,-4
 0> <info> app: hr,57,-8
 0> <info> app: hr,58,-6
 0> <info> app: hr,59,-27
 0> <info> app: hr,60,-34
 0> <info> app: hr,61,-54
 0> <info> app: hr,62,-40
 0> <info> app: hr,63,-39
 0> <info> app: hr,64,-42
 0> <info> app: hr,65,-45
 0> <info> app: hr,66,-68
 0> <info> app: hr,67,-67
 0> <info> app: hr,68,-71
 0> <info> app: hr,69,-75
 0> <info> app: hr,70,-76
 0> <info> app: hr,71,-74
 0> <info> app: hr,72,-59
 0> <info> app: hr,73,-60
 0> <info> app: hr,74,-42
 0> <info> app: hr,75,-31
 0> <info> app: hr,76,-25
 0> <info> app: hr,77,-26
 0> <info> app: hr,78,-18
 0> <info> app: hr,79,-16
 0> <info> app: hr,80,-20
 0> <info> app: hr,81,-9
 0> <info> app: hr,82,1
 0> <info> app: hr,83,1
 0> <info> app: hr,84,12
 0> <info> app: hr,85,18
 0> <info> app: hr,86,25
 0> <info> app: hr,87,35
 0> <info> app: hr,88,38
 0> <info> app: hr,89,45
 0> <info> app: hr,90,43
 0> <info> app: hr,91,48
 0> <info> app: hr,92,61
 0> <info> app: hr,93,59
 0> <info> app: hr,94,59
 0> <info> app: hr,95,56
 0> <info> app: hr,96,51
 0> <info> app: hr,97,55
 0> <info> app: hr,98,48
 0> <info> app: hr,99,48
 0> <info> app: hr,100,52
 0> <info> app: hr,101,50
 0> <info> app: hr,102,41
 0> <info> app: hr,103,44
 0> <info> app: hr,104,33
 0> <info> app: hr,105,36
 0> <info> app: hr,106,28
 0> <info> app: hr,107,33
 0> <info> app: hr,108,32
 0> <info> app: hr,109,40
 0> <info> app: hr,110,43
 0> <info> app: hr,111,47
 0> <info> app: hr,112,45
 0> <info> app: hr,113,40
 0> <info> app: hr,114,46
 0> <info> app: hr,115,45
 0> <info> app: hr,116,56
 0> <info> app: hr,117,58
 0> <info> app: hr,118,45
 0> <info> app: hr,119,40
 0> <info> app: hr,120,39
 0> <info> app: hr,121,37
 0> <info> app: hr,122,31
 0> <info> app: hr,123,32
 0> <info> app: hr,124,34
 0> <info> app: hr,125,29
 0> <info> app: hr,126,35
 0> <info> app: hr,127,29
 0> <info> app: hr,128,24
 0> <info> app: hr,129,36
 0> <info> app: hr,130,17
 0> <info> app: hr,131,22
 0> <info> app: hr,132,29
 0> <info> app: hr,133,29
 0> <info> app: hr,134,24
 0> <info> app: hr,135,18
 0> <info> app: hr,136,9
 0> <info> app: hr,137,14
 0> <info> app: hr,138,18
 0> <info> app: hr,139,26
 0> <info> app: hr,140,42
 0> <info> app: hr,141,47
 0> <info> app: hr,142,46
 0> <info> app: hr,143,49
 0> <info> app: hr,144,44
 0> <info> app: hr,145,38
 0> <info> app: hr,146,41
 0> <info> app: hr,147,44
 0> <info> app: hr,148,23
 0> <info> app: hr,149,29
 0> <info> app: hr,150,35
 0> <info> app: hr,151,32
 0> <info> app: hr,152,20
 0> <info> app: hr,153,19
 0> <info> app: hr,154,18
 0> <info> app: hr,155,22
 0> <info> app: hr,156,30
 0> <info> app: hr,157,28
 0> <info> app: hr,158,31
 0> <info> app: hr,159,23
 0> <info> app: hr,160,27
 0> <info> app: hr,161,18
 0> <info> app: hr,162,6
 0> <info> app: hr,163,11
 0> <info> app: hr,164,13
 0> <info> app: hr,165,20
 0> <info> app: hr,166,26
 0> <info> app: hr,167,31
 0> <info> app: hr,168,23
 0> <info> app: hr,169,15
 0> <info> app: hr,170,8
 0> <info> app: hr,171,11
 0> <info> app: hr,172,-8
 0> <info> app: hr,173,-1
 0> <info> app: hr,174,2
 0> <info> app: hr,175,-7
 0> <info> app: hr,176,-9
 0> <info> app: hr,177,-13
 0> <info> app: hr,178,-24
 0> <info> app: hr,179,-8
 0> <info> app: hr,180,-6
 0> <info> app: hr,181,-2
 0> <info> app: hr,182,9
 0> <info> app: hr,183,9
 0> <info> app: hr,184,3
 0> <info> app: hr,185,14
 0> <info> app: hr,186,14
 0> <info> app: hr,187,16
 0> <info> app: hr,188,22
 0> <info> app: hr,189,20
 0> <info> app: hr,190,16
 0> <info> app: hr,191,4
 0> <info> app: hr,192,-5
 0> <info> app: hr,193,-10
 0> <info> app: hr,194,-17
 0> <info> app: hr,195,-19
 0> <info> app: hr,196,-26
 0> <info> app: hr,197,-13
 0> <info> app: hr,198,-22
 0> <info> app: hr,199,-12
 0> <info> app: hr,200,-11
 0> <info> app: hr,201,-11
 0> <info> app: hr,202,-6
 0> <info> app: hr,203,-1
 0> <info> app: hr,204,-5
 0> <info> app: hr,205,-3
 0> <info> app: hr,206,-6
 0> <info> app: hr,207,-3
 0> <info> app: hr,208,-4
 0> <info> app: hr,209,-6
 0> <info> app: hr,210,-12
 0> <info> app: hr,211,-7
 0> <info> app: hr,212,-14
 0> <info> app: hr,213,-12
 0> <info> app: hr,214,-23
 0> <info> app: hr,215,-17
 0> <info> app: hr,216,-17
 0> <info> app: hr,217,-11
 0> <info> app: hr,218,-3
 0> <info> app: hr,219,-7
 0> <info> app: hr,220,0
 0> <info> app: hr,221,-9
 0> <info> app: hr,222,-14
 0> <info> app: hr,223,-14
 0> <info> app: hr,224,-13
 0> <info> app: hr,225,-21
 0> <info> app: hr,226,-36
 0> <info> app: hr,227,-38
 0> <info> app: hr,228,-38
 0> <info> app: hr,229,-33
 0> <info> app: hr,230,-21
 0> <info> app: hr,231,-24
 0> <info> app: hr,232,-20
 0> <info> app: hr,233,-2
 0> <info> app: hr,234,-1
 0> <info> app: hr,235,-1
 0> <info> app: hr,236,-1
 0> <info> app: hr,237,-8
 0> <info> app: hr,238,6
 0> <info> app: hr,239,6
 0> <info> app: hr,240,6
 0> <info> app: hr,241,10
 0> <info> app: hr,242,17
 0> <info> app: hr,243,20
 0> <info> app: hr,244,13
 0> <info> app: hr,245,13
 0> <info> app: hr,246,-3
 0> <info> app: hr,247,-6
 0> <info> app: hr,248,-18
 0> <info> app: hr,249,-15
 0> <info> app: hr,250,-15
 0> <info> app: hr,251,-10
 0> <info> app: hr,252,-15
 0> <info> app: hr,253,-10
 0> <info> app: hr,254,1
 0> <info> app: hr,255,12
 0> <info> app: hr,256,4
 0> <info> app: hr,257,12
 0> <info> app: hr,258,-8
 0> <info> app: hr,259,-3
 0> <info> app: hr,260,-20
 0> <info> app: hr,261,-28
 0> <info> app: hr,262,-25
 0> <info> app: hr,263,-24
 0> <info> app: hr,264,-33
 0> <info> app: hr,265,-36
 0> <info> app: hr,266,-34
 0> <info> app: hr,267,-28
 0> <info> app: hr,268,-38
 0> <info> app: hr,269,-40
 0> <info> app: hr,270,-40
 0> <info> app: hr,271,-32
 0> <info> app: hr,272,-18
 0> <info> app: hr,273,-17
 0> <info> app: hr,274,-2
 0> <info> app: hr,275,-3
 0> <info> app: hr,276,3
 0> <info> app: hr,277,-6
 0> <info> app: hr,278,-15
 0> <info> app: hr,279,-10
 0> <info> app: hr,280,-10
 0> <info> app: hr,281,14
 0> <info> app: hr,282,19
 0> <info> app: hr,283,17
 0> <info> app: hr,284,22
 0> <info> app: hr,285,18
 0> <info> app: hr,286,10
 0> <info> app: hr,287,13
 0> <info> app: hr,288,22
 0> <info> app: hr,289,20
 0> <info> app: hr,290,19
 0> <info> app: hr,291,7
 0> <info> app: hr,292,8
 0> <info> app: hr,293,15
 0> <info> app: hr,294,14
 0> <info> app: hr,295,15
 0> <info> app: hr,296,15
 0> <info> app: hr,297,14
 0> <info> app: hr,298,4
 0> <info> app: hr,299,14
 0> <info> app: hr,300,20
 0> <info> app: hr,301,9
 0> <info> app: hr,302,0
 0> <info> app: hr,303,-3
 0> <info> app: hr,304,-13
 0> <info> app: hr,305,-13
 0> <info> app: hr,306,-14
 0> <info> app: hr,307,0
 0> <info> app: hr,308,10
 0> <info> app: hr,309,21
 0> <info> app: hr,310,24
 0> <info> app: hr,311,28
 0> <info> app: hr,312,13
 0> <info> app: hr,313,10
 0> <info> app: hr,314,6
 0> <info> app: hr,315,-1
 0> <info> app: hr,316,-1
 0> <info> app: hr,317,-4
 0> <info> app: hr,318,-4
 0> <info> app: hr,319,2
 0> <info> app: hr,320,0
 0> <info> app: hr,321,4
 0> <info> app: hr,322,0
 0> <info> app: hr,323,-8
 0> <info> app: hr,324,-8
 0> <info> app: hr,325,-8
 0> <info> app: hr,326,-2
 0> <info> app: hr,327,10
 0> <info> app: hr,328,7
 0> <info> app: hr,329,12
 0> <info> app: hr,330,11
 0> <info> app: hr,331,13
 0> <info> app: hr,332,12
 0> <info> app: hr,333,15
 0> <info> app: hr,334,21
 0> <info> app: hr,335,16
 0> <info> app: hr,336,12
 0> <info> app: hr,337,1
 0> <info> app: hr,338,-2
 0> <info> app: hr,339,-4
 0> <info> app: hr,340,-5
 0> <info> app: hr,341,-20
 0> <info> app: hr,342,-23
 0> <info> app: hr,343,-31
 0> <info> app: hr,344,-46
 0> <info> app: hr,345,-40
 0> <info> app: hr,346,-40
 0> <info> app: hr,347,-41
 0> <info> app: hr,348,-38
 0> <info> app: hr,349,-22
 0> <info> app: hr,350,-14
 0> <info> app: hr,351,-15
 0> <info> app: hr,352,-12
 0> <info> app: hr,353,-20
 0> <info> app: hr,354,-24
 0> <info> app: hr,355,-26
 0> <info> app: hr,356,-25
 0> <info> app: hr,357,-19
 0> <info> app: hr,358,-7
 0> <info> app: hr,359,1
 0> <info> app: hr,360,15
 0> <info> app: hr,361,25
 0> <info> app: hr,362,15
 0> <info> app: hr,363,11
 0> <info> app: hr,364,1
 0> <info> app: hr,365,0
 0> <info> app: hr,366,2
 0> <info> app: hr,367,17
 0> <info> app: hr,368,15
 0> <info> app: hr,369,24
 0> <info> app: hr,370,25
 0> <info> app: hr,371,22
 0> <info> app: hr,372,20
 0> <info> app: hr,373,20
 0> <info> app: hr,374,31
 0> <info> app: hr,375,35
 0> <info> app: hr,376,26
 0> <info> app: hr,377,14
 0> <info> app: hr,378,9
 0> <info> app: hr,379,-1
 0> <info> app: hr,380,2
 0> <info> app: hr,381,12
 0> <info> app: hr,382,21
 0> <info> app: hr,383,13
 0> <info> app: hr,384,-1
 0> <info> app: hr,385,-7
 0> <info> app: hr,386,-13
 0> <info> app: hr,387,-14
 0> <info> app: hr,388,-2
 0> <info> app: hr,389,9
 0> <info> app: hr,390,15
 0> <info> app: hr,391,16
 0> <info> app: hr,392,-1
 0> <info> app: hr,393,-19
 0> <info> app: hr,394,-25
 0> <info> app: hr,395,-10
 0> <info> app: hr,396,-3
 0> <info> app: hr,397,7
 0> <info> app: hr,398,8
 0> <info> app: hr,399,17
 0> <info> app: hr,400,11
 0> <info> app: hr,401,2
 0> <info> app: hr,402,-3
 0> <info> app: hr,403,2
 0> <info> app: hr,404,11
 0> <info> app: hr,405,13
 0> <info> app: hr,406,17
 0> <info> app: hr,407,17
 0> <info> app: hr,408,5
 0> <info> app: hr,409,0
 0> <info> app: hr,410,1
 0> <info> app: hr,411,0
 0> <info> app: hr,412,3
 0> <info> app: hr,413,9
 0> <info> app: hr,414,14
 0> <info> app: hr,415,0
 0> <info> app: hr,416,-6
 0> <info> app: hr,417,-6
 0> <info> app: hr,418,-20
 0> <info> app: hr,419,-22
 0> <info> app: hr,420,-23
 0> <info> app: hr,421,-19
 0> <info> app: hr,422,-15
 0> <info> app: hr,423,-11
 0> <info> app: hr,424,-11
 0> <info> app: hr,425,-8
 0> <info> app: hr,426,-19
 0> <info> app: hr,427,-24
 0> <info> app: hr,428,-25
 0> <info> app: hr,429,-12
 0> <info> app: hr,430,-2
 0> <info> app: hr,431,-2
 0> <info> app: hr,432,16
 0> <info> app: hr,433,2
 0> <info> app: hr,434,0
 0> <info> app: hr,435,4
 0> <info> app: hr,436,11
 0> <info> app: hr,437,3
 0> <info> app: hr,438,7
 0> <info> app: hr,439,13
 0> <info> app: hr,440,18
 0> <info> app: hr,441,19
 0> <info> app: hr,442,10
 0> <info> app: hr,443,19
 0> <info> app: hr,444,18
 0> <info> app: hr,445,25
 0> <info> app: hr,446,12
 0> <info> app: hr,447,8
 0> <info> app: hr,448,0
 0> <info> app: hr,449,-2
 0> <info> app: hr,450,2
 0> <info> app: hr,451,14
 0> <info> app: hr,452,7
 0> <info> app: hr,453,-2
 0> <info> app: hr,454,-3
 0> <info> app: hr,455,4
 0> <info> app: hr,456,15
 0> <info> app: hr,457,18
 0> <info> app: hr,458,17
 0> <info> app: hr,459,6
 0> <info> app: hr,460,17
 0> <info> app: hr,461,16
 0> <info> app: hr,462,18
 0> <info> app: hr,463,18
 0> <info> app: hr,464,17
 0> <info> app: hr,465,25
 0> <info> app: hr,466,37
 0> <info> app: hr,467,30
 0> <info> app: hr,468,19
 0> <info> app: hr,469,9
 0> <info> app: hr,470,0
 0> <info> app: hr,471,-9
 0> <info> app: hr,472,-13
 0> <info> app: hr,473,0
 0> <info> app: hr,474,8
 0> <info> app: hr,475,11
 0> <info> app: hr,476,20
 0> <info> app: hr,477,21
 0> <info> app: hr,478,30
 0> <info> app: hr,479,18
 0> <info> app: hr,480,15
 0> <info> app: hr,481,14
 0> <info> app: hr,482,17
 0> <info> app: hr,483,9
 0> <info> app: hr,484,11
 0> <info> app: hr,485,-5
 0> <info> app: hr,486,-10
 0> <info> app: hr,487,-11
 0> <info> app: hr,488,-4
 0> <info> app: hr,489,-2
 0> <info> app: hr,490,-8
 0> <info> app: hr,491,-10
 0> <info> app: hr,492,-4
 0> <info> app: hr,493,-14
 0> <info> app: hr,494,-16
 0> <info> app: hr,495,-22
 0> <info> app: hr,496,-30
 0> <info> app: hr,497,-43
 0> <info> app: hr,498,-44
 0> <info> app: hr,499,-43
 0> <info> app: hr,500,-44
 0> <info> app: hr,501,-36
 0> <info> app: hr,502,-46
 0> <info> app: hr,503,-36
 0> <info> app: hr,504,-16
 0> <info> app: hr,505,-12
 0> <info> app: hr,506,-2
 0> <info> app: hr,507,-3
 0> <info> app: hr,508,0
 0> <info> app: hr,509,-10
 0> <info> app: hr,510,-20
 0> <info> app: hr,511,-15
 0> <info> app: hr,512,-8
 0> <info> app: hr,513,0
 0> <info> app: hr,514,0
 0> <info> app: hr,515,16
 0> <info> app: hr,516,10
 0> <info> app: hr,517,16
 0> <info> app: hr,518,18
 0> <info> app: hr,519,7
 0> <info> app: hr,520,11
 0> <info> app: hr,521,8
 0> <info> app: hr,522,13
 0> <info> app: hr,523,13
 0> <info> app: hr,524,19
 0> <info> app: hr,525,21
 0> <info> app: hr,526,22
 0> <info> app: hr,527,14
 0> <info> app: hr,528,7
 0> <info> app: hr,529,9
 0> <info> app: hr,530,6
 0> <info> app: hr,531,15
 0> <info> app: hr,532,17
 0> <info> app: hr,533,19
 0> <info> app: hr,534,23
 0> <info> app: hr,535,21
 0> <info> app: hr,536,17
 0> <info> app: hr,537,12
 0> <info> app: hr,538,11
 0> <info> app: hr,539,4
 0> <info> app: hr,540,4
 0> <info> app: hr,541,1
 0> <info> app: hr,542,-6
 0> <info> app: hr,543,-5
 0> <info> app: hr,544,-2
 0> <info> app: hr,545,9
 0> <info> app: hr,546,17
 0> <info> app: hr,547,29
 0> <info> app: hr,548,39
 0> <info> app: hr,549,44
 0> <info> app: hr,550,38
 0> <info> app: hr,551,41
 0> <info> app: hr,552,38
 0> <info> app: hr,553,27
 0> <info> app: hr,554,21
 0> <info> app: hr,555,8
 0> <info> app: hr,556,4
 0> <info> app: hr,557,10
 0> <info> app: hr,558,5
 0> <info> app: hr,559,10
 0> <info> app: hr,560,10
 0> <info> app: hr,561,16
 0> <info> app: hr,562,13
 0> <info> app: hr,563,1
 0> <info> app: hr,564,1
 0> <info> app: hr,565,0
 0> <info> app: hr,566,8
 0> <info> app: hr,567,2
 0> <info> app: hr,568,0
 0> <info> app: hr,569,-16
 0> <info> app: hr,570,-20
 0> <info> app: hr,571,-14
 0> <info> app: hr,572,-17
 0> <info> app: hr,573,-15
 0> <info> app: hr,574,-9
 0> <info> app: hr,575,-10
 0> <info> app: hr,576,-15
 0> <info> app: hr,577,-23
 0> <info> app: hr,578,-27
 0> <info> app: hr,579,-43
 0> <info> app: hr,580,-51
 0> <info> app: hr,581,-50
 0> <info> app: hr,582,-51
 0> <info> app: hr,583,-56
 0> <info> app: hr,584,-52
 0> <info> app: hr,585,-54
 0> <info> app: hr,586,-58
 0> <info> app: hr,587,-53
 0> <info> app: hr,588,-54
 0> <info> app: hr,589,-47
 0> <info> app: hr,590,-47
 0> <info> app: hr,591,-50
 0> <info> app: hr,592,-33
 0> <info> app: hr,593,-37
 0> <info> app: hr,594,-26
 0> <info> app: hr,595,-15
 0> <info> app: hr,596,-13
 0> <info> app: hr,597,-15
 0> <info> app: hr,598,-8
 0> <info> app: hr,599,-9
 0> <info> app: hr,600,-6
 0> <info> app: hr,601,0
 0> <info> app: hr,602,-5
 0> <info> app: hr,603,-11
 0> <info> app: hr,604,-23
 0> <info> app: hr,605,-12
 0> <info> app: hr,606,-20
 0> <info> app: hr,607,-25
 0> <info> app: hr,608,-24
 0> <info> app: hr,609,-27
 0> <info> app: hr,610,-26
 0> <info> app: hr,611,-11
 0> <info> app: hr,612,0
 0> <info> app: hr,613,0
 0> <info> app: hr,614,-9
 0> <info> app: hr,615,-16
 0> <info> app: hr,616,-22
 0> <info> app: hr,617,-27
 0> <info> app: hr,618,-20
 0> <info> app: hr,619,-13
 0> <info> app: hr,620,-2
 0> <info> app: hr,621,12
 0> <info> app: hr,622,23
 0> <info> app: hr,623,24
 0> <info> app: hr,624,19
 0> <info> app: hr,625,10
 0> <info> app: hr,626,3
 0> <info> app: hr,627,-1
 0> <info> app: hr,628,-1
 0> <info> app: hr,629,0
 0> <info> app: hr,630,1
 0> <info> app: hr,631,-4
 0> <info> app: hr,632,-5
 0> <info> app: hr,633,-13
 0> <info> app: hr,634,-17
 0> <info> app: hr,635,-10
 0> <info> app: hr,636,-12
 0> <info> app: hr,637,-2
 0> <info> app: hr,638,0
 0> <info> app: hr,639,11
 0> <info> app: hr,640,18
 0> <info> app: hr,641,3
 0> <info> app: hr,642,0
 0> <info> app: hr,643,-17
 0> <info> app: hr,644,-19
 0> <info> app: hr,645,-15
 0> <info> app: hr,646,-18
 0> <info> app: hr,647,3
 0> <info> app: hr,648,12
 0> <info> app: hr,649,10
 0> <info> app: hr,650,11
 0> <info> app: hr,651,6
 0> <info> app: hr,652,6
 0> <info> app: hr,653,-2
 0> <info> app: hr,654,-12
 0> <info> app: hr,655,-16
 0> <info> app: hr,656,-9
 0> <info> app: hr,657,-19
 0> <info> app: hr,658,-9
 0> <info> app: hr,659,-6
 0> <info> app: hr,660,-16
 0> <info> app: hr,661,-13
 0> <info> app: hr,662,-28
 0> <info> app: hr,663,-32
 0> <info> app: hr,664,-32
 0> <info> app: hr,665,-29
 0> <info> app: hr,666,-19
 0> <info> app: hr,667,-6
 0> <info> app: hr,668,-3
 0> <info> app: hr,669,-2
 0> <info> app: hr,670,-6
 0> <info> app: hr,671,-5
 0> <info> app: hr,672,-5
 0> <info> app: hr,673,-4
 0> <info> app: hr,674,-4
 0> <info> app: hr,675,4
 0> <info> app: hr,676,1
 0> <info> app: hr,677,-3
 0> <info> app: hr,678,0
 0> <info> app: hr,679,0
 0> <info> app: hr,680,2
 0> <info> app: hr,681,-1
 0> <info> app: hr,682,-4
 0> <info> app: hr,683,-10
 0> <info> app: hr,684,-10
 0> <info> app: hr,685,-7
 0> <info> app: hr,686,-9
 0> <info> app: hr,687,-20
 0> <info> app: hr,688,-21
 0> <info> app: hr,689,-23
 0> <info> app: hr,690,-19
 0> <info> app: hr,691,-7
 0> <info> app: hr,692,-10
 0> <info> app: hr,693,-3
 0> <info> app: hr,694,-6
 0> <info> app: hr,695,6
 0> <info> app: hr,696,6
 0> <info> app: hr,697,16
 0> <info> app: hr,698,13
 0> <info> app: hr,699,24
 0> <info> app: hr,700,28
 0> <info> app: hr,701,13
 0> <info> app: hr,702,7
 0> <info> app: hr,703,4
 0> <info> app: hr,704,2
 0> <info> app: hr,705,16
 0> <info> app: hr,706,7
 0> <info> app: hr,707,11
 0> <info> app: hr,708,5
 0> <info> app: hr,709,4
 0> <info> app: hr,710,2
 0> <info> app: hr,711,-1
 0> <info> app: hr,712,-3
 0> <info> app: hr,713,-5
 0> <info> app: hr,714,-22
 0> <info> app: hr,715,-32
 0> <info> app: hr,716,-31
 0> <info> app: hr,717,-32
 0> <info> app: hr,718,-17
 0> <info> app: hr,719,-14
 0> <info> app: hr,720,-8
 0> <info> app: hr,721,3
 0> <info> app: hr,722,0
 0> <info> app: hr,723,4
 0> <info> app: hr,724,5
 0> <info> app: hr,725,24
 0> <info> app: hr,726,20
 0> <info> app: hr,727,30
 0> <info> app: hr,728,38
 0> <info> app: hr,729,28
 0> <info> app: hr,730,34
 0> <info> app: hr,731,24
 0> <info> app: hr,732,14
 0> <info> app: hr,733,13
 0> <info> app: hr,734,6
 0> <info> app: hr,735,-5
 0> <info> app: hr,736,-5
 0> <info> app: hr,737,-3
 0> <info> app: hr,738,-8
 0> <info> app: hr,739,-8
 0> <info> app: hr,740,-5
 0> <info> app: hr,741,-3
 0> <info> app: hr,742,-5
 0> <info> app: hr,743,-7
 0> <info> app: hr,744,-3
 0> <info> app: hr,745,0
 0> <info> app: hr,746,-6
 0> <info> app: hr,747,-12
 0> <info> app: hr,748,-16
 0> <info> app: hr,749,-8
 0> <info> app: hr,750,1
 0> <info> app: hr,751,8
 0> <info> app: hr,752,8
 0> <info> app: hr,753,5
 0> <info> app: hr,754,2
 0> <info> app: hr,755,-2
 0> <info> app: hr,756,0
 0> <info> app: hr,757,-1
 0> <info> app: hr,758,7
 0> <info> app: hr,759,11
 0> <info> app: hr,760,2
 0> <info> app: hr,761,7
 0> <info> app: hr,762,10
 0> <info> app: hr,763,9
 0> <info> app: hr,764,8
 0> <info> app: hr,765,7
 0> <info> app: hr,766,4
 0> <info> app: hr,767,-4
 0> <info> app: hr,768,2
 0> <info> app: hr,769,5
 0> <info> app: hr,770,6
 0> <info> app: hr,771,4
 0> <info> app: hr,772,9
 0> <info> app: hr,773,-4
 0> <info> app: hr,774,5
 0> <info> app: hr,775,10
 0> <info> app: hr,776,0
 0> <info> app: hr,777,-7
 0> <info> app: hr,778,-12
 0> <info> app: hr,779,-10
 0> <info> app: hr,780,-16
 0> <info> app: hr,781,-27
 0> <info> app: hr,782,-25
 0> <info> app: hr,783,-30
 0> <info> app: hr,784,-22
 0> <info> app: hr,785,-23
 0> <info> app: hr,786,-23
 0> <info> app: hr,787,-17
 0> <info> app: hr,788,-12
 0> <info> app: hr,789,2
 0> <info> app: hr,790,14
 0> <info> app: hr,791,15
 0> <info> app: hr,792,19
 0> <info> app: hr,793,18
 0> <info> app: hr,794,13
 0> <info> app: hr,795,11
 0> <info> app: hr,796,17
 0> <info> app: hr,797,2
 0> <info> app: hr,798,8
 0> <info> app: hr,799,6
 0> <info> app: hr,800,2
 0> <info> app: hr,801,3
 0> <info> app: hr,802,-7
 0> <info> app: hr,803,-18
 0> <info> app: hr,804,-22
 0> <info> app: hr,805,-21
 0> <info> app: hr,806,-27
 0> <info> app: hr,807,-27
 0> <info> app: hr,808,-3
 0> <info> app: hr,809,-2
 0> <info> app: hr,810,7
 0> <info> app: hr,811,9
 0> <info> app: hr,812,3
 0> <info> app: hr,813,7
 0> <info> app: hr,814,20
 0> <info> app: hr,815,20
 0> <info> app: hr,816,22
 0> <info> app: hr,817,19
 0> <info> app: hr,818,17
 0> <info> app: hr,819,2
 0> <info> app: hr,820,-1
 0> <info> app: hr,821,-7
 0> <info> app: hr,822,-25
 0> <info> app: hr,823,-26
 0> <info> app: hr,824,-19
 0> <info> app: hr,825,-13
 0> <info> app: hr,826,-4
 0> <info> app: hr,827,4
 0> <info> app: hr,828,-3
 0> <info> app: hr,829,1
 0> <info> app: hr,830,-3
 0> <info> app: hr,831,4
 0> <info> app: hr,832,1
 0> <info> app: hr,833,13
 0> <info> app: hr,834,24
 0> <info> app: hr,835,15
 0> <info> app: hr,836,14
 0> <info> app: hr,837,7
 0> <info> app: hr,838,10
 0> <info> app: hr,839,9
 0> <info> app: hr,840,8
 0> <info> app: hr,841,12
 0> <info> app: hr,842,1
 0> <info> app: hr,843,-2
 0> <info> app: hr,844,-12
 0> <info> app: hr,845,-19
 0> <info> app: hr,846,-15
 0> <info> app: hr,847,-13
 0> <info> app: hr,848,-15
 0> <info> app: hr,849,-14
 0> <info> app: hr,850,-6
 0> <info> app: hr,851,-9
 0> <info> app: hr,852,-4
 0> <info> app: hr,853,4
 0> <info> app: hr,854,6
 0> <info> app: hr,855,19
 0> <info> app: hr,856,7
 0> <info> app: hr,857,7
 0> <info> app: hr,858,10
 0> <info> app: hr,859,4
 0> <info> app: hr,860,9
 0> <info> app: hr,861,10
 0> <info> app: hr,862,17
 0> <info> app: hr,863,19
 0> <info> app: hr,864,13
 0> <info> app: hr,865,9
 0> <info> app: hr,866,-2
 0> <info> app: hr,867,-2
 0> <info> app: hr,868,-1
 0> <info> app: hr,869,-12
 0> <info> app: hr,870,-13
 0> <info> app: hr,871,-9
 0> <info> app: hr,872,-12
 0> <info> app: hr,873,-1
 0> <info> app: hr,874,-1
 0> <info> app: hr,875,1
 0> <info> app: hr,876,-4
 0> <info> app: hr,877,9
 0> <info> app: hr,878,9
 0> <info> app: hr,879,11
 0> <info> app: hr,880,9
 0> <info> app: hr,881,11
 0> <info> app: hr,882,20
 0> <info> app: hr,883,20
 0> <info> app: hr,884,19
 0> <info> app: hr,885,18
 0> <info> app: hr,886,19
 0> <info> app: hr,887,21
 0> <info> app: hr,888,16
 0> <info> app: hr,889,9
 0> <info> app: hr,890,13
 0> <info> app: hr,891,3
 0> <info> app: hr,892,-3
 0> <info> app: hr,893,1
 0> <info> app: hr,894,-1
 0> <info> app: hr,895,-13
 0> <info> app: hr,896,-3
 0> <info> app: hr,897,5
 0> <info> app: hr,898,1
 0> <info> app: hr,899,4
 0> <info> app: hr,900,9
 0> <info> app: hr,901,-1
 0> <info> app: hr,902,-5
 0> <info> app: hr,903,6
 0> <info> app: hr,904,7
 0> <info> app: hr,905,9
 0> <info> app: hr,906,12
 0> <info> app: hr,907,21
 0> <info> app: hr,908,21
 0> <info> app: hr,909,23
 0> <info> app: hr,910,30
 0> <info> app: hr,911,32
 0> <info> app: hr,912,27
 0> <info> app: hr,913,15
 0> <info> app: hr,914,11
 0> <info> app: hr,915,9
 0> <info> app: hr,916,4
 0> <info> app: hr,917,-2
 0> <info> app: hr,918,-6
 0> <info> app: hr,919,-5
 0> <info> app: hr,920,-13
 0> <info> app: hr,921,-4
 0> <info> app: hr,922,-16
 0> <info> app: hr,923,-11
 0> <info> app: hr,924,-16
 0> <info> app: hr,925,-19
 0> <info> app: hr,926,-14
 0> <info> app: hr,927,-11
 0> <info> app: hr,928,3
 0> <info> app: hr,929,6
 0> <info> app: hr,930,0
 0> <info> app: hr,931,11
 0> <info> app: hr,932,11
 0> <info> app: hr,933,12
 0> <info> app: hr,934,-1
 0> <info> app: hr,935,9
 0> <info> app: hr,936,1
 0> <info> app: hr,937,0
 0> <info> app: hr,938,4
 0> <info> app: hr,939,5
 0> <info> app: hr,940,1
 0> <info> app: hr,941,0
 0> <info> app: hr,942,-4
 0> <info> app: hr,943,-13
 0> <info> app: hr,944,-16
 0> <info> app: hr,945,-17
 0> <info> app: hr,946,-2
 0> <info> app: hr,947,-6
 0> <info> app: hr,948,7
 0> <info> app: hr,949,-1
 0> <info> app: hr,950,0
 0> <info> app: hr,951,-3
 0> <info> app: hr,952,-15
 0> <info> app: hr,953,-14
 0> <info> app: hr,954,-8
 0> <info> app: hr,955,-9
 0> <info> app: hr,956,1
 0> <info> app: hr,957,-8
 0> <info> app: hr,958,7
 0> <info> app: hr,959,3
 0> <info> app: hr,960,0
 0> <info> app: hr,961,4
 0> <info> app: hr,962,4
 0> <info> app: hr,963,-4
 0> <info> app: hr,964,-7
 0> <info> app: hr,965,-5
 0> <info> app: hr,966,-12
 0> <info> app: hr,967,-13
 0> <info> app: hr,968,-2
 0> <info> app: hr,969,2
 0> <info> app: hr,970,12
 0> <info> app: hr,971,3
 0> <info> app: hr,972,4
 0> <info> app: hr,973,2
 0> <info> app: hr,974,-6
 0> <info> app: hr,975,-12
 0> <info> app: hr,976,-11
 0> <info> app: hr,977,-4
 0> <info> app: hr,978,-16
 0> <info> app: hr,979,-6
 0> <info> app: hr,980,-9
 0> <info> app: hr,981,-24
 0> <info> app: hr,982,-14
 0> <info> app: hr,983,-9
 0> <info> app: hr,984,-10
 0> <info> app: hr,985,-13
 0> <info> app: hr,986,-1
 0> <info> app: hr,987,-7
 0> <info> app: hr,988,0
 0> <info> app: hr,989,19
 0> <info> app: hr,990,16
 0> <info> app: hr,991,19
 0> <info> app: hr,992,13
 0> <info> app: hr,993,3
 0> <info> app: hr,994,1
 0> <info> app: hr,995,-12
 0> <info> app: hr,996,-17
 0> <info> app: hr,997,-19
 0> <info> app: hr,998,-19
 0> <info> app: hr,999,-3
 0> <info> app: hr,1000,4
 0> <info> app: hr,1001,-2
 0> <info> app: hr,1002,3
 0> <info> app: hr,1003,-3
 0> <info> app: hr,1004,-3
 0> <info> app: hr,1005,-5
 0> <info> app: hr,1006,-3
 0> <info> app: hr,1007,0
 0> <info> app: hr,1008,-4
 0> <info> app: hr,1009,-5
 0> <info> app: hr,1010,-17
 0> <info> app: hr,1011,-25
 0> <info> app: hr,1012,-19
 0> <info> app: hr,1013,-9
 0> <info> app: hr,1014,-13
 0> <info> app: hr,1015,-10
 0> <info> app: hr,1016,-22
 0> <info> app: hr,1017,-31
 0> <info> app: hr,1018,-33
 0> <info> app: hr,1019,-22
 0> <info> app: hr,1020,-29
 0> <info> app: hr,1021,-15
 0> <info> app: hr,1022,-19
 0> <info> app: hr,1023,-22
 0> <info> app: hr,1024,-30
 0> <info> app: hr,1025,-30
 0> <info> app: hr,1026,-36
 0> <info> app: hr,1027,-25
 0> <info> app: hr,1028,-26
 0> <info> app: hr,1029,-25
 0> <info> app: hr,1030,-12
 0> <info> app: hr,1031,-12
 0> <info> app: hr,1032,-11
 0> <info> app: hr,1033,-16
 0> <info> app: hr,1034,0
 0> <info> app: hr,1035,0
 0> <info> app: hr,1036,-1
 0> <info> app: hr,1037,0
 0> <info> app: hr,1038,3
 0> <info> app: hr,1039,4
 0> <info> app: hr,1040,-7
 0> <info> app: hr,1041,-5
 0> <info> app: hr,1042,-17
 0> <info> app: hr,1043,-15
 0> <info> app: hr,1044,-16
 0> <info> app: hr,1045,-22
 0> <info> app: hr,1046,-26
 0> <info> app: hr,1047,-41
 0> <info> app: hr,1048,-52
 0> <info> app: hr,1049,-67
 0> <info> app: hr,1050,-74
 0> <info> app: hr,1051,-76
 0> <info> app: hr,1052,-76
 0> <info> app: hr,1053,-73
 0> <info> app: hr,1054,-68
 0> <info> app: hr,1055,-62
 0> <info> app: hr,1056,-51
 0> <info> app: hr,1057,-50
 0> <info> app: hr,1058,-33
 0> <info> app: hr,1059,-32
 0> <info> app: hr,1060,-27
 0> <info> app: hr,1061,-27
 0> <info> app: hr,1062,-17
 0> <info> app: hr,1063,-8
 0> <info> app: hr,1064,-4
 0> <info> app: hr,1065,1
 0> <info> app: hr,1066,19
 0> <info> app: hr,1067,28
 0> <info> app: hr,1068,28
 0> <info> app: hr,1069,29
 0> <info> app: hr,1070,26
 0> <info> app: hr,1071,18
 0> <info> app: hr,1072,21
 0> <info> app: hr,1073,18
 0> <info> app: hr,1074,33
 0> <info> app: hr,1075,48
 0> <info> app: hr,1076,45
 0> <info> app: hr,1077,54
 0> <info> app: hr,1078,46
 0> <info> app: hr,1079,43
 0> <info> app: hr,1080,49
 0> <info> app: hr,1081,53
 0> <info> app: hr,1082,50
 0> <info> app: hr,1083,55
 0> <info> app: hr,1084,45
 0> <info> app: hr,1085,43
 0> <info> app: hr,1086,37
 0> <info> app: hr,1087,38
 0> <info> app: hr,1088,30
 0> <info> app: hr,1089,13
 0> <info> app: hr,1090,20
 0> <info> app: hr,1091,18
 0> <info> app: hr,1092,24
 0> <info> app: hr,1093,34
 0> <info> app: hr,1094,41
 0> <info> app: hr,1095,46
 0> <info> app: hr,1096,54
 0> <info> app: hr,1097,49
 0> <info> app: hr,1098,35
 0> <info> app: hr,1099,36
 0> <info> app: hr,1100,27
 0> <info> app: hr,1101,24
 0> <info> app: hr,1102,20
 0> <info> app: hr,1103,33
 0> <info> app: hr,1104,35
 0> <info> app: hr,1105,46
 0> <info> app: hr,1106,37
 0> <info> app: hr,1107,45
 0> <info> app: hr,1108,36
 0> <info> app: hr,1109,30
 0> <info> app: hr,1110,19
 0> <info> app: hr,1111,16
 0> <info> app: hr,1112,17
 0> <info> app: hr,1113,23
 0> <info> app: hr,1114,28
 0> <info> app: hr,1115,25
 0> <info> app: hr,1116,29
 0> <info> app: hr,1117,13
 0> <info> app: hr,1118,7
 0> <info> app: hr,1119,8
 0> <info> app: hr,1120,1
 0> <info> app: hr,1121,1
 0> <info> app: hr,1122,10
 0> <info> app: hr,1123,7
 0> <info> app: hr,1124,15
 0> <info> app: hr,1125,10
 0> <info> app: hr,1126,4
 0> <info> app: hr,1127,17
 0> <info> app: hr,1128,0
 0> <info> app: hr,1129,1
 0> <info> app: hr,1130,-2
 0> <info> app: hr,1131,-6
 0> <info> app: hr,1132,-8
 0> <info> app: hr,1133,-7
 0> <info> app: hr,1134,-13
 0> <info> app: hr,1135,-11
 0> <info> app: hr,1136,-4
 0> <info> app: hr,1137,-7
 0> <info> app: hr,1138,-19
 0> <info> app: hr,1139,-16
 0> <info> app: hr,1140,-28
 0> <info> app: hr,1141,-20
 0> <info> app: hr,1142,-14
 0> <info> app: hr,1143,1
 0> <info> app: hr,1144,-2
 0> <info> app: hr,1145,-14
 0> <info> app: hr,1146,-3
 0> <info> app: hr,1147,-2
 0> <info> app: hr,1148,0
 0> <info> app: hr,1149,-11
 0> <info> app: hr,1150,-15
 0> <info> app: hr,1151,-6
 0> <info> app: hr,1152,-12
 0> <info> app: hr,1153,-6
 0> <info> app: hr,1154,-3
 0> <info> app: hr,1155,3
 0> <info> app: hr,1156,18
 0> <info> app: hr,1157,9
 0> <info> app: hr,1158,12
 0> <info> app: hr,1159,8
 0> <info> app: hr,1160,0
 0> <info> app: hr,1161,19
 0> <info> app: hr,1162,19
 0> <info> app: hr,1163,28
 0> <info> app: hr,1164,29
 0> <info> app: hr,1165,29
 0> <info> app: hr,1166,25
 0> <info> app: hr,1167,34
 0> <info> app: hr,1168,25
 0> <info> app: hr,1169,27
 0> <info> app: hr,1170,37
 0> <info> app: hr,1171,36
 0> <info> app: hr,1172,39
 0> <info> app: hr,1173,39
 0> <info> app: hr,1174,31
 0> <info> app: hr,1175,34
 0> <info> app: hr,1176,31
 0> <info> app: hr,1177,29
 0> <info> app: hr,1178,19
 0> <info> app: hr,1179,25
 0> <info> app: hr,1180,19
 0> <info> app: hr,1181,4
 0> <info> app: hr,1182,-5
 0> <info> app: hr,1183,-11
 0> <info> app: hr,1184,-10
 0> <info> app: hr,1185,-13
 0> <info> app: hr,1186,-10
 0> <info> app: hr,1187,-8
 0> <info> app: hr,1188,-11
 0> <info> app: hr,1189,-13
 0> <info> app: hr,1190,-13
 0> <info> app: hr,1191,-10
 0> <info> app: hr,1192,-13
 0> <info> app: hr,1193,-13
 0> <info> app: hr,1194,-20
 0> <info> app: hr,1195,-9
 0> <info> app: hr,1196,-8
 0> <info> app: hr,1197,-4
 0> <info> app: hr,1198,-3
 0> <info> app: hr,1199,6
 0> <info> app: hr,1200,2
 0> <info> app: hr,1201,-5
 0> <info> app: hr,1202,0
 0> <info> app: hr,1203,-1
 0> <info> app: hr,1204,2
 0> <info> app: hr,1205,3
 0> <info> app: hr,1206,-4
 0> <info> app: hr,1207,-2
 0> <info> app: hr,1208,-11
 0> <info> app: hr,1209,-17
 0> <info> app: hr,1210,-29
 0> <info> app: hr,1211,-15
 0> <info> app: hr,1212,-6
 0> <info> app: hr,1213,-1
 0> <info> app: hr,1214,4
 0> <info> app: hr,1215,5
 0> <info> app: hr,1216,3
 0> <info> app: hr,1217,1
 0> <info> app: hr,1218,-6
 0> <info> app: hr,1219,-27
 0> <info> app: hr,1220,-26
 0> <info> app: hr,1221,-17
 0> <info> app: hr,1222,-18
 0> <info> app: hr,1223,0
 0> <info> app: hr,1224,9
 0> <info> app: hr,1225,2
 0> <info> app: hr,1226,5
 0> <info> app: hr,1227,1
 0> <info> app: hr,1228,7
 0> <info> app: hr,1229,2
 0> <info> app: hr,1230,2
 0> <info> app: hr,1231,14
 0> <info> app: hr,1232,14
 0> <info> app: hr,1233,15
 0> <info> app: hr,1234,-8
 0> <info> app: hr,1235,-9
 0> <info> app: hr,1236,-16
 0> <info> app: hr,1237,-11
 0> <info> app: hr,1238,-9
 0> <info> app: hr,1239,-18

# Logging stopped @ 22 Nov 2018 15:22:05
