# SEGGER J-Link RTT Viewer V6.16a Terminal Log File
# Compiled: 12:44:10 on Jun  6 2017
# Logging started @ 23 Nov 2018 23:19:29
<info> app: ***********  Application started  ***********
 0> 
 0> <info> app: [OK] NRF Power ON 0x0004. 
 0> <info> app: Read MAC:C3821CAEE6B5
 0> <info> app: ***********  Sensor initial ***********
 0> <info> app: [OK]	BMI160
 0> <info> app: [OK]	SETUP ACC
 0> <info> app: [OK]	SETUP STEP COUNT
 0> <info> app: [OK]	FLASH MEMORY
 0> <info> app: [OK]	OLED Initial
 0> <info> app: [OK]	Max30102 Initial, Temperature 30.43
 0> <info> app: ********** End sensor initial *********
 0> 
 0> <info> app: Max30102 Found
 0> 
 0> <info> app: HR Begin
 0> 
 0> <info> app: 995
 0> <info> app: HR Processing
 0> 
 0> <info> app: hr,50,17445, 3.00 ,0
 0> <info> app: hr,51,17439, 3.00 ,0
 0> <info> app: hr,52,17445, 2.00 ,0
 0> <info> app: hr,53,17453, 2.00 ,0
 0> <info> app: hr,54,17439, 1.00 ,0
 0> <info> app: hr,55,17442, 1.00 ,0
 0> <info> app: hr,56,17455, 1.00 ,0
 0> <info> app: hr,57,17443, 1.00 ,0
 0> <info> app: hr,58,17446, 0.00 ,0
 0> <info> app: hr,59,17450, 0.00 ,0
 0> <info> app: hr,60,17446, 0.00 ,0
 0> <info> app: hr,61,17438, 0.00 ,0
 0> <info> app: hr,62,17446, 0.00 ,0
 0> <info> app: hr,63,17450, 0.00 ,0
 0> <info> app: hr,64,17442, 0.00 ,0
 0> <info> app: hr,65,17437, -1.00 ,0
 0> <info> app: hr,66,17434, -1.00 ,0
 0> <info> app: hr,67,17448, -1.00 ,0
 0> <info> app: hr,68,17438, -1.00 ,0
 0> <info> app: hr,69,17443, -1.00 ,0
 0> <info> app: hr,70,17437, -2.00 ,0
 0> <info> app: hr,71,17439, -2.00 ,0
 0> <info> app: hr,72,17451, -2.00 ,0
 0> <info> app: hr,73,17446, -1.00 ,0
 0> <info> app: hr,74,17445, -1.00 ,0
 0> <info> app: hr,75,17446, -1.00 ,0
 0> <info> app: hr,76,17446, -2.00 ,0
 0> <info> app: hr,77,17447, -2.00 ,0
 0> <info> app: hr,78,17445, -2.00 ,0
 0> <info> app: hr,79,17450, -2.00 ,0
 0> <info> app: hr,80,17454, -2.00 ,0
 0> <info> app: hr,81,17443, -3.00 ,0
 0> <info> app: hr,82,17449, -2.00 ,0
 0> <info> app: hr,83,17451, -2.00 ,0
 0> <info> app: hr,84,17447, -2.00 ,0
 0> <info> app: hr,85,17436, -3.00 ,0
 0> <info> app: hr,86,17434, -3.00 ,0
 0> <info> app: hr,87,17439, -3.00 ,0
 0> <info> app: hr,88,17440, -2.00 ,0
 0> <info> app: hr,89,17437, -2.00 ,0
 0> <info> app: hr,90,17433, -2.00 ,0
 0> <info> app: hr,91,17434, -2.00 ,0
 0> <info> app: hr,92,17428, -2.00 ,0
 0> <info> app: hr,93,17427, -2.00 ,0
 0> <info> app: hr,94,17436, -2.00 ,0
 0> <info> app: hr,95,17431, -2.00 ,0
 0> <info> app: hr,96,17447, -1.00 ,0
 0> <info> app: hr,97,17435, 0.00 ,1
 0> <info> app: hr,98,17433, 0.00 ,1
 0> <info> app: hr,99,17440, 0.00 ,0
 0> <info> app: hr,100,17432, 0.00 ,0
 0> <info> app: hr,101,17432, 0.00 ,0
 0> <info> app: hr,102,17436, 0.00 ,0
 0> <info> app: hr,103,17431, 0.00 ,0
 0> <info> app: hr,104,17434, 0.00 ,0
 0> <info> app: hr,105,17437, 0.00 ,0
 0> <info> app: hr,106,17427, 1.00 ,0
 0> <info> app: hr,107,17433, 1.00 ,1
 0> <info> app: hr,108,17433, 1.00 ,0
 0> <info> app: hr,109,17430, 2.00 ,0
 0> <info> app: hr,110,17430, 1.00 ,0
 0> <info> app: hr,111,17429, 1.00 ,0
 0> <info> app: hr,112,17427, 1.00 ,0
 0> <info> app: hr,113,17422, 2.00 ,0
 0> <info> app: hr,114,17440, 2.00 ,0
 0> <info> app: hr,115,17432, 3.00 ,1
 0> <info> app: hr,116,17430, 3.00 ,0
 0> <info> app: hr,117,17430, 3.00 ,0
 0> <info> app: hr,118,17426, 3.00 ,0
 0> <info> app: hr,119,17427, 3.00 ,0
 0> <info> app: hr,120,17436, 3.00 ,0
 0> <info> app: hr,121,17436, 4.00 ,0
 0> <info> app: hr,122,17434, 4.00 ,0
 0> <info> app: hr,123,17435, 3.00 ,0
 0> <info> app: hr,124,17424, 3.00 ,0
 0> <info> app: hr,125,17430, 4.00 ,0
 0> <info> app: hr,126,17432, 4.00 ,0
 0> <info> app: hr,127,17429, 4.00 ,0
 0> <info> app: hr,128,17440, 3.00 ,0
 0> <info> app: hr,129,17439, 4.00 ,0
 0> <info> app: hr,130,17434, 4.00 ,0
 0> <info> app: hr,131,17426, 4.00 ,0
 0> <info> app: hr,132,17419, 4.00 ,0
 0> <info> app: hr,133,17432, 3.00 ,0
 0> <info> app: hr,134,17433, 4.00 ,0
 0> <info> app: hr,135,17435, 4.00 ,0
 0> <info> app: hr,136,17434, 4.00 ,0
 0> <info> app: hr,137,17434, 3.00 ,0
 0> <info> app: hr,138,17438, 3.00 ,0
 0> <info> app: hr,139,17431, 3.00 ,0
 0> <info> app: hr,140,17429, 3.00 ,0
 0> <info> app: hr,141,17436, 3.00 ,0
 0> <info> app: hr,142,17442, 3.00 ,0
 0> <info> app: hr,143,17435, 3.00 ,0
 0> <info> app: hr,144,17444, 3.00 ,0
 0> <info> app: hr,145,17442, 2.00 ,0
 0> <info> app: hr,146,17435, 2.00 ,0
 0> <info> app: hr,147,17441, 2.00 ,0
 0> <info> app: hr,148,17435, 2.00 ,0
 0> <info> app: hr,149,17444, 2.00 ,0
 0> <info> app: hr,150,17423, 1.00 ,0
 0> <info> app: hr,151,17430, 1.00 ,0
 0> <info> app: hr,152,17439, 1.00 ,0
 0> <info> app: hr,153,17444, 1.00 ,0
 0> <info> app: hr,154,17439, 1.00 ,0
 0> <info> app: hr,155,17443, 0.00 ,0
 0> <info> app: hr,156,17447, 0.00 ,0
 0> <info> app: hr,157,17438, 0.00 ,0
 0> <info> app: hr,158,17443, 0.00 ,0
 0> <info> app: hr,159,17438, 0.00 ,0
 0> <info> app: hr,160,17443, 0.00 ,0
 0> <info> app: hr,161,17445, 0.00 ,0
 0> <info> app: hr,162,17435, 0.00 ,0
 0> <info> app: hr,163,17443, 0.00 ,0
 0> <info> app: hr,164,17442, 0.00 ,0
 0> <info> app: hr,165,17435, -1.00 ,-1
 0> <info> app: hr,166,17430, -1.00 ,-1
 0> <info> app: hr,167,17446, -1.00 ,-1
 0> <info> app: hr,168,17443, -1.00 ,-1
 0> <info> app: hr,169,17441, -2.00 ,-1
 0> <info> app: hr,170,17440, -2.00 ,-1
 0> <info> app: hr,171,17431, -1.00 ,-1
 0> <info> app: hr,172,17435, -1.00 ,-1
 0> <info> app: hr,173,17443, -1.00 ,-1
 0> <info> app: hr,174,17429, -2.00 ,-1
 0> <info> app: hr,175,17437, -2.00 ,-1
 0> <info> app: hr,176,17434, -2.00 ,-1
 0> <info> app: hr,177,17439, -2.00 ,-1
 0> <info> app: hr,178,17442, -2.00 ,-1
 0> <info> app: hr,179,17431, -2.00 ,-1
 0> <info> app: hr,180,17444, -1.00 ,-1
 0> <info> app: hr,181,17434, -1.00 ,-1
 0> <info> app: hr,182,17431, -1.00 ,-1
 0> <info> app: hr,183,17440, -1.00 ,-1
 0> <info> app: hr,184,17432, -1.00 ,-1
 0> <info> app: hr,185,17420, -1.00 ,-1
 0> <info> app: hr,186,17435, -1.00 ,-1
 0> <info> app: hr,187,17422, -1.00 ,-1
 0> <info> app: hr,188,17425, -1.00 ,-1
 0> <info> app: hr,189,17433, -1.00 ,-1
 0> <info> app: hr,190,17424, -1.00 ,-1
 0> <info> app: hr,191,17431, -1.00 ,-1
 0> <info> app: hr,192,17427, 0.00 ,0
 0> <info> app: hr,193,17413, 0.00 ,0
 0> <info> app: hr,194,17433, 0.00 ,0
 0> <info> app: hr,195,17419, 0.00 ,0
 0> <info> app: hr,196,17428, 0.00 ,0
 0> <info> app: hr,197,17428, 0.00 ,0
 0> <info> app: hr,198,17413, 0.00 ,0
 0> <info> app: hr,199,17428, 1.00 ,1
 0> <info> app: hr,200,17422, 1.00 ,1
 0> <info> app: hr,201,17419, 2.00 ,1
 0> <info> app: hr,202,17433, 2.00 ,1
 0> <info> app: hr,203,17426, 2.00 ,1
 0> <info> app: hr,204,17412, 3.00 ,1
 0> <info> app: hr,205,17415, 3.00 ,1
 0> <info> app: hr,206,17414, 3.00 ,1
 0> <info> app: hr,207,17415, 3.00 ,1
 0> <info> app: hr,208,17420, 4.00 ,1
 0> <info> app: hr,209,17418, 4.00 ,1
 0> <info> app: hr,210,17418, 5.00 ,1
 0> <info> app: hr,211,17423, 4.00 ,1
 0> <info> app: hr,212,17418, 5.00 ,1
 0> <info> app: hr,213,17425, 5.00 ,1
 0> <info> app: hr,214,17422, 5.00 ,1
 0> <info> app: hr,215,17429, 5.00 ,1
 0> <info> app: hr,216,17424, 5.00 ,1
 0> <info> app: hr,217,17416, 6.00 ,1
 0> <info> app: hr,218,17420, 5.00 ,1
 0> <info> app: hr,219,17419, 5.00 ,1
 0> <info> app: hr,220,17417, 6.00 ,1
 0> <info> app: hr,221,17425, 6.00 ,1
 0> <info> app: hr,222,17420, 6.00 ,1
 0> <info> app: hr,223,17412, 6.00 ,1
 0> <info> app: hr,224,17419, 6.00 ,1
 0> <info> app: hr,225,17433, 6.00 ,1
 0> <info> app: hr,226,17425, 6.00 ,1
 0> <info> app: hr,227,17418, 6.00 ,1
 0> <info> app: hr,228,17418, 5.00 ,1
 0> <info> app: hr,229,17419, 6.00 ,1
 0> <info> app: hr,230,17424, 6.00 ,1
 0> <info> app: hr,231,17421, 5.00 ,1
 0> <info> app: hr,232,17429, 5.00 ,1
 0> <info> app: hr,233,17424, 5.00 ,1
 0> <info> app: hr,234,17436, 6.00 ,1
 0> <info> app: hr,235,17424, 5.00 ,1
 0> <info> app: hr,236,17435, 5.00 ,1
 0> <info> app: hr,237,17418, 5.00 ,1
 0> <info> app: hr,238,17423, 4.00 ,1
 0> <info> app: hr,239,17422, 4.00 ,1
 0> <info> app: hr,240,17437, 4.00 ,1
 0> <info> app: hr,241,17436, 4.00 ,1
 0> <info> app: hr,242,17431, 4.00 ,1
 0> <info> app: hr,243,17427, 2.00 ,-1
 0> <info> app: hr,244,17418, 2.00 ,-1
 0> <info> app: hr,245,17441, 2.00 ,0
 0> <info> app: hr,246,17424, 2.00 ,0
 0> <info> app: hr,247,17422, 2.00 ,0
 0> <info> app: hr,248,17437, 2.00 ,0
 0> <info> app: hr,249,17430, 2.00 ,0
 0> <info> app: hr,250,17432, 0.00 ,-1
 0> <info> app: hr,251,17422, 0.00 ,-1
 0> <info> app: hr,252,17430, 0.00 ,-1
 0> <info> app: hr,253,17435, 0.00 ,0
 0> <info> app: hr,254,17426, 0.00 ,0
 0> <info> app: hr,255,17423, 0.00 ,0
 0> <info> app: hr,256,17433, 0.00 ,0
 0> <info> app: hr,257,17433, 0.00 ,0
 0> <info> app: hr,258,17433, 0.00 ,0
 0> <info> app: hr,259,17429, 0.00 ,0
 0> <info> app: hr,260,17426, -1.00 ,0
 0> <info> app: hr,261,17432, -1.00 ,-1
 0> <info> app: hr,262,17429, -1.00 ,0
 0> <info> app: hr,263,17430, -1.00 ,0
 0> <info> app: hr,264,17424, -1.00 ,0
 0> <info> app: hr,265,17431, -1.00 ,0
 0> <info> app: hr,266,17439, -1.00 ,0
 0> <info> app: hr,267,17433, -1.00 ,0
 0> <info> app: hr,268,17438, -1.00 ,0
 0> <info> app: hr,269,17429, -2.00 ,0
 0> <info> app: hr,270,17433, -2.00 ,0
 0> <info> app: hr,271,17430, -2.00 ,0
 0> <info> app: hr,272,17440, -2.00 ,0
 0> <info> app: hr,273,17450, -3.00 ,0
 0> <info> app: hr,274,17441, -2.00 ,0
 0> <info> app: hr,275,17431, -2.00 ,0
 0> <info> app: hr,276,17426, -3.00 ,0
 0> <info> app: hr,277,17424, -3.00 ,0
 0> <info> app: hr,278,17437, -3.00 ,0
 0> <info> app: hr,279,17427, -3.00 ,0
 0> <info> app: hr,280,17426, -2.00 ,0
 0> <info> app: hr,281,17418, -3.00 ,0
 0> <info> app: hr,282,17422, -3.00 ,0
 0> <info> app: hr,283,17422, -3.00 ,0
 0> <info> app: hr,284,17414, -3.00 ,0
 0> <info> app: hr,285,17418, -3.00 ,0
 0> <info> app: hr,286,17430, -2.00 ,0
 0> <info> app: hr,287,17419, -2.00 ,0
 0> <info> app: hr,288,17421, -2.00 ,0
 0> <info> app: hr,289,17420, -1.00 ,0
 0> <info> app: hr,290,17425, -1.00 ,0
 0> <info> app: hr,291,17414, -1.00 ,0
 0> <info> app: hr,292,17418, -1.00 ,0
 0> <info> app: hr,293,17404, -1.00 ,0
 0> <info> app: hr,294,17419, 0.00 ,0
 0> <info> app: hr,295,17414, 0.00 ,0
 0> <info> app: hr,296,17409, 0.00 ,0
 0> <info> app: hr,297,17414, 0.00 ,0
 0> <info> app: hr,298,17417, 0.00 ,0
 0> <info> app: hr,299,17415, 0.00 ,0
 0> <info> app: hr,300,17412, 1.00 ,0
 0> <info> app: hr,301,17411, 1.00 ,0
 0> <info> app: hr,302,17421, 2.00 ,1
 0> <info> app: hr,303,17417, 2.00 ,1
 0> <info> app: hr,304,17414, 3.00 ,1
 0> <info> app: hr,305,17433, 3.00 ,1
 0> <info> app: hr,306,17409, 2.00 ,0
 0> <info> app: hr,307,17422, 3.00 ,1
 0> <info> app: hr,308,17412, 3.00 ,1
 0> <info> app: hr,309,17402, 4.00 ,1
 0> <info> app: hr,310,17422, 4.00 ,1
 0> <info> app: hr,311,17419, 4.00 ,1
 0> <info> app: hr,312,17415, 4.00 ,1
 0> <info> app: hr,313,17419, 4.00 ,1
 0> <info> app: hr,314,17416, 5.00 ,1
 0> <info> app: hr,315,17402, 5.00 ,1
 0> <info> app: hr,316,17421, 4.00 ,1
 0> <info> app: hr,317,17423, 5.00 ,1
 0> <info> app: hr,318,17407, 5.00 ,1
 0> <info> app: hr,319,17411, 5.00 ,1
 0> <info> app: hr,320,17412, 4.00 ,1
 0> <info> app: hr,321,17421, 5.00 ,1
 0> <info> app: hr,322,17412, 5.00 ,1
 0> <info> app: hr,323,17421, 5.00 ,1
 0> <info> app: hr,324,17421, 5.00 ,1
 0> <info> app: hr,325,17425, 5.00 ,1
 0> <info> app: hr,326,17419, 5.00 ,1
 0> <info> app: hr,327,17416, 4.00 ,1
 0> <info> app: hr,328,17420, 4.00 ,1
 0> <info> app: hr,329,17412, 4.00 ,1
 0> <info> app: hr,330,17414, 5.00 ,1
 0> <info> app: hr,331,17419, 4.00 ,1
 0> <info> app: hr,332,17418, 4.00 ,1
 0> <info> app: hr,333,17415, 4.00 ,1
 0> <info> app: hr,334,17414, 4.00 ,1
 0> <info> app: hr,335,17424, 4.00 ,1
 0> <info> app: hr,336,17429, 3.00 ,1
 0> <info> app: hr,337,17417, 3.00 ,1
 0> <info> app: hr,338,17413, 3.00 ,1
 0> <info> app: hr,339,17426, 3.00 ,1
 0> <info> app: hr,340,17410, 3.00 ,1
 0> <info> app: hr,341,17417, 2.00 ,0
 0> <info> app: hr,342,17421, 2.00 ,0
 0> <info> app: hr,343,17418, 2.00 ,0
 0> <info> app: hr,344,17410, 2.00 ,0
 0> <info> app: hr,345,17427, 2.00 ,0
 0> <info> app: hr,346,17422, 2.00 ,0
 0> <info> app: hr,347,17418, 2.00 ,0
 0> <info> app: hr,348,17428, 2.00 ,0
 0> <info> app: hr,349,17424, 1.00 ,-1
 0> <info> app: hr,350,17420, 1.00 ,-1
 0> <info> app: hr,351,17423, 1.00 ,0
 0> <info> app: hr,352,17431, 1.00 ,0
 0> <info> app: hr,353,17437, 0.00 ,0
 0> <info> app: hr,354,17425, 0.00 ,0
 0> <info> app: hr,355,17426, 0.00 ,0
 0> <info> app: hr,356,17427, 0.00 ,0
 0> <info> app: hr,357,17431, 0.00 ,0
 0> <info> app: hr,358,17420, 0.00 ,0
 0> <info> app: hr,359,17423, 0.00 ,0
 0> <info> app: hr,360,17430, 0.00 ,0
 0> <info> app: hr,361,17427, -1.00 ,0
 0> <info> app: hr,362,17437, -1.00 ,0
 0> <info> app: hr,363,17423, -1.00 ,0
 0> <info> app: hr,364,17436, -2.00 ,0
 0> <info> app: hr,365,17427, -2.00 ,0
 0> <info> app: hr,366,17427, -1.00 ,0
 0> <info> app: hr,367,17418, -2.00 ,0
 0> <info> app: hr,368,17425, -2.00 ,0
 0> <info> app: hr,369,17412, -2.00 ,0
 0> <info> app: hr,370,17421, -3.00 ,0
 0> <info> app: hr,371,17426, -3.00 ,0
 0> <info> app: hr,372,17427, -3.00 ,0
 0> <info> app: hr,373,17421, -2.00 ,0
 0> <info> app: hr,374,17419, -2.00 ,0
 0> <info> app: hr,375,17423, -2.00 ,0
 0> <info> app: hr,376,17427, -3.00 ,0
 0> <info> app: hr,377,17410, -3.00 ,0
 0> <info> app: hr,378,17419, -3.00 ,0
 0> <info> app: hr,379,17429, -3.00 ,0
 0> <info> app: hr,380,17416, -2.00 ,0
 0> <info> app: hr,381,17411, -2.00 ,0
 0> <info> app: hr,382,17408, -2.00 ,0
 0> <info> app: hr,383,17428, -2.00 ,0
 0> <info> app: hr,384,17411, -2.00 ,0
 0> <info> app: hr,385,17403, -2.00 ,0
 0> <info> app: hr,386,17414, -2.00 ,0
 0> <info> app: hr,387,17411, -1.00 ,0
 0> <info> app: hr,388,17414, 0.00 ,1
 0> <info> app: hr,389,17417, 0.00 ,1
 0> <info> app: hr,390,17423, 0.00 ,0
 0> <info> app: hr,391,17409, 0.00 ,0
 0> <info> app: hr,392,17407, 0.00 ,0
 0> <info> app: hr,393,17411, 0.00 ,0
 0> <info> app: hr,394,17405, 0.00 ,0
 0> <info> app: hr,395,17400, 1.00 ,0
 0> <info> app: hr,396,17417, 1.00 ,0
 0> <info> app: hr,397,17408, 1.00 ,0
 0> <info> app: hr,398,17409, 2.00 ,0
 0> <info> app: hr,399,17410, 1.00 ,0
 0> <info> app: hr,400,17412, 1.00 ,0
 0> <info> app: hr,401,17405, 2.00 ,0
 0> <info> app: hr,402,17403, 2.00 ,0
 0> <info> app: hr,403,17410, 3.00 ,1
 0> <info> app: hr,404,17397, 3.00 ,0
 0> <info> app: hr,405,17429, 4.00 ,1
 0> <info> app: hr,406,17410, 3.00 ,0
 0> <info> app: hr,407,17393, 3.00 ,0
 0> <info> app: hr,408,17411, 4.00 ,0
 0> <info> app: hr,409,17414, 4.00 ,0
 0> <info> app: hr,410,17406, 4.00 ,0
 0> <info> app: hr,411,17410, 4.00 ,0
 0> <info> app: hr,412,17405, 4.00 ,0
 0> <info> app: hr,413,17402, 5.00 ,0
 0> <info> app: hr,414,17407, 5.00 ,0
 0> <info> app: hr,415,17402, 4.00 ,0
 0> <info> app: hr,416,17402, 5.00 ,0
 0> <info> app: hr,417,17407, 5.00 ,0
 0> <info> app: hr,418,17408, 6.00 ,0
 0> <info> app: hr,419,17413, 5.00 ,0
 0> <info> app: hr,420,17419, 5.00 ,0
 0> <info> app: hr,421,17408, 5.00 ,0
 0> <info> app: hr,422,17405, 5.00 ,0
 0> <info> app: hr,423,17409, 5.00 ,0
 0> <info> app: hr,424,17405, 5.00 ,0
 0> <info> app: hr,425,17420, 5.00 ,0
 0> <info> app: hr,426,17413, 5.00 ,0
 0> <info> app: hr,427,17409, 5.00 ,0
 0> <info> app: hr,428,17413, 5.00 ,0
 0> <info> app: hr,429,17414, 5.00 ,0
 0> <info> app: hr,430,17408, 4.00 ,-1
 0> <info> app: hr,431,17421, 4.00 ,-1
 0> <info> app: hr,432,17397, 4.00 ,0
 0> <info> app: hr,433,17410, 4.00 ,0
 0> <info> app: hr,434,17417, 3.00 ,0
 0> <info> app: hr,435,17409, 3.00 ,0
 0> <info> app: hr,436,17427, 3.00 ,0
 0> <info> app: hr,437,17419, 3.00 ,0
 0> <info> app: hr,438,17416, 3.00 ,0
 0> <info> app: hr,439,17409, 3.00 ,0
 0> <info> app: hr,440,17415, 2.00 ,0
 0> <info> app: hr,441,17427, 2.00 ,0
 0> <info> app: hr,442,17417, 2.00 ,0
 0> <info> app: hr,443,17420, 2.00 ,0
 0> <info> app: hr,444,17412, 2.00 ,0
 0> <info> app: hr,445,17427, 1.00 ,0
 0> <info> app: hr,446,17422, 1.00 ,0
 0> <info> app: hr,447,17419, 1.00 ,0
 0> <info> app: hr,448,17420, 1.00 ,0
 0> <info> app: hr,449,17417, 0.00 ,0
 0> <info> app: hr,450,17418, 0.00 ,0
 0> <info> app: hr,451,17416, 0.00 ,0
 0> <info> app: hr,452,17415, 0.00 ,0
 0> <info> app: hr,453,17421, -1.00 ,0
 0> <info> app: hr,454,17429, 0.00 ,0
 0> <info> app: hr,455,17423, 0.00 ,0
 0> <info> app: hr,456,17427, -1.00 ,0
 0> <info> app: hr,457,17415, -1.00 ,0
 0> <info> app: hr,458,17424, -1.00 ,0
 0> <info> app: hr,459,17431, -2.00 ,0
 0> <info> app: hr,460,17416, -2.00 ,0
 0> <info> app: hr,461,17423, -2.00 ,0
 0> <info> app: hr,462,17417, -3.00 ,0
 0> <info> app: hr,463,17428, -3.00 ,0
 0> <info> app: hr,464,17415, -2.00 ,0
 0> <info> app: hr,465,17408, -3.00 ,0
 0> <info> app: hr,466,17408, -3.00 ,0
 0> <info> app: hr,467,17424, -3.00 ,0
 0> <info> app: hr,468,17429, -3.00 ,0
 0> <info> app: hr,469,17405, -4.00 ,0
 0> <info> app: hr,470,17410, -3.00 ,0
 0> <info> app: hr,471,17418, -3.00 ,0
 0> <info> app: hr,472,17413, -3.00 ,0
 0> <info> app: hr,473,17416, -3.00 ,0
 0> <info> app: hr,474,17412, -3.00 ,0
 0> <info> app: hr,475,17410, -2.00 ,0
 0> <info> app: hr,476,17405, -2.00 ,1
 0> <info> app: hr,477,17404, -2.00 ,0
 0> <info> app: hr,478,17411, -2.00 ,0
 0> <info> app: hr,479,17404, -2.00 ,0
 0> <info> app: hr,480,17399, -2.00 ,0
 0> <info> app: hr,481,17399, -2.00 ,0
 0> <info> app: hr,482,17405, -1.00 ,0
 0> <info> app: hr,483,17397, -1.00 ,0
 0> <info> app: hr,484,17409, 0.00 ,0
 0> <info> app: hr,485,17390, 0.00 ,0
 0> <info> app: hr,486,17394, 0.00 ,0
 0> <info> app: hr,487,17394, 0.00 ,0
 0> <info> app: hr,488,17411, 1.00 ,0
 0> <info> app: hr,489,17393, 1.00 ,0
 0> <info> app: hr,490,17403, 1.00 ,0
 0> <info> app: hr,491,17402, 1.00 ,0
 0> <info> app: hr,492,17407, 2.00 ,0
 0> <info> app: hr,493,17406, 2.00 ,0
 0> <info> app: hr,494,17410, 3.00 ,0
 0> <info> app: hr,495,17409, 3.00 ,0
 0> <info> app: hr,496,17408, 4.00 ,0
 0> <info> app: hr,497,17405, 3.00 ,0
 0> <info> app: hr,498,17408, 3.00 ,0
 0> <info> app: hr,499,17400, 4.00 ,0
 0> <info> app: hr,500,17403, 4.00 ,0
 0> <info> app: hr,501,17398, 4.00 ,0
 0> <info> app: hr,502,17397, 4.00 ,0
 0> <info> app: hr,503,17409, 4.00 ,0
 0> <info> app: hr,504,17401, 4.00 ,0
 0> <info> app: hr,505,17388, 5.00 ,0
 0> <info> app: hr,506,17399, 4.00 ,0
 0> <info> app: hr,507,17390, 5.00 ,0
 0> <info> app: hr,508,17403, 5.00 ,0
 0> <info> app: hr,509,17400, 5.00 ,0
 0> <info> app: hr,510,17403, 5.00 ,0
 0> <info> app: hr,511,17398, 5.00 ,0
 0> <info> app: hr,512,17416, 5.00 ,0
 0> <info> app: hr,513,17400, 6.00 ,0
 0> <info> app: hr,514,17400, 5.00 ,0
 0> <info> app: hr,515,17402, 5.00 ,0
 0> <info> app: hr,516,17408, 5.00 ,0
 0> <info> app: hr,517,17409, 5.00 ,0
 0> <info> app: hr,518,17411, 5.00 ,0
 0> <info> app: hr,519,17417, 5.00 ,0
 0> <info> app: hr,520,17413, 5.00 ,0
 0> <info> app: hr,521,17405, 4.00 ,-1
 0> <info> app: hr,522,17397, 4.00 ,-1
 0> <info> app: hr,523,17400, 4.00 ,0
 0> <info> app: hr,524,17402, 4.00 ,0
 0> <info> app: hr,525,17401, 3.00 ,0
 0> <info> app: hr,526,17393, 3.00 ,0
 0> <info> app: hr,527,17409, 3.00 ,0
 0> <info> app: hr,528,17403, 4.00 ,0
 0> <info> app: hr,529,17405, 4.00 ,0
 0> <info> app: hr,530,17393, 3.00 ,0
 0> <info> app: hr,531,17411, 3.00 ,0
 0> <info> app: hr,532,17409, 3.00 ,0
 0> <info> app: hr,533,17410, 3.00 ,0
 0> <info> app: hr,534,17413, 3.00 ,0
 0> <info> app: hr,535,17411, 3.00 ,0
 0> <info> app: hr,536,17414, 2.00 ,0
 0> <info> app: hr,537,17418, 2.00 ,0
 0> <info> app: hr,538,17414, 1.00 ,-1
 0> <info> app: hr,539,17413, 1.00 ,-1
 0> <info> app: hr,540,17414, 1.00 ,0
 0> <info> app: hr,541,17414, 1.00 ,0
 0> <info> app: hr,542,17405, 0.00 ,0
 0> <info> app: hr,543,17410, 0.00 ,0
 0> <info> app: hr,544,17405, 0.00 ,0
 0> <info> app: hr,545,17405, 0.00 ,0
 0> <info> app: hr,546,17416, 0.00 ,0
 0> <info> app: hr,547,17420, 0.00 ,0
 0> <info> app: hr,548,17418, 0.00 ,0
 0> <info> app: hr,549,17415, 0.00 ,0
 0> <info> app: hr,550,17424, 0.00 ,0
 0> <info> app: hr,551,17409, -1.00 ,0
 0> <info> app: hr,552,17414, -1.00 ,-1
 0> <info> app: hr,553,17422, -1.00 ,0
 0> <info> app: hr,554,17409, -2.00 ,-1
 0> <info> app: hr,555,17421, -2.00 ,0
 0> <info> app: hr,556,17411, -2.00 ,-1
 0> <info> app: hr,557,17418, -3.00 ,0
 0> <info> app: hr,558,17414, -2.00 ,0
 0> <info> app: hr,559,17422, -3.00 ,0
 0> <info> app: hr,560,17412, -3.00 ,0
 0> <info> app: hr,561,17412, -3.00 ,0
 0> <info> app: hr,562,17422, -4.00 ,0
 0> <info> app: hr,563,17408, -4.00 ,0
 0> <info> app: hr,564,17417, -3.00 ,0
 0> <info> app: hr,565,17411, -3.00 ,0
 0> <info> app: hr,566,17412, -4.00 ,0
 0> <info> app: hr,567,17403, -4.00 ,0
 0> <info> app: hr,568,17408, -3.00 ,0
 0> <info> app: hr,569,17419, -3.00 ,0
 0> <info> app: hr,570,17410, -3.00 ,0
 0> <info> app: hr,571,17397, -4.00 ,0
 0> <info> app: hr,572,17405, -4.00 ,0
 0> <info> app: hr,573,17399, -3.00 ,0
 0> <info> app: hr,574,17405, -3.00 ,0
 0> <info> app: hr,575,17405, -3.00 ,0
 0> <info> app: hr,576,17389, -3.00 ,0
 0> <info> app: hr,577,17401, -3.00 ,0
 0> <info> app: hr,578,17400, -2.00 ,0
 0> <info> app: hr,579,17401, -1.00 ,1
 0> <info> app: hr,580,17414, -1.00 ,1
 0> <info> app: hr,581,17400, -1.00 ,0
 0> <info> app: hr,582,17399, -1.00 ,0
 0> <info> app: hr,583,17399, 0.00 ,0
 0> <info> app: hr,584,17398, 0.00 ,0
 0> <info> app: hr,585,17395, 0.00 ,0
 0> <info> app: hr,586,17395, 0.00 ,0
 0> <info> app: hr,587,17401, 0.00 ,0
 0> <info> app: hr,588,17398, 0.00 ,0
 0> <info> app: hr,589,17400, 1.00 ,0
 0> <info> app: hr,590,17393, 1.00 ,0
 0> <info> app: hr,591,17393, 1.00 ,0
 0> <info> app: hr,592,17392, 2.00 ,1
 0> <info> app: hr,593,17390, 2.00 ,0
 0> <info> app: hr,594,17404, 2.00 ,0
 0> <info> app: hr,595,17394, 2.00 ,0
 0> <info> app: hr,596,17386, 3.00 ,0
 0> <info> app: hr,597,17392, 3.00 ,0
 0> <info> app: hr,598,17395, 4.00 ,0
 0> <info> app: hr,599,17393, 4.00 ,0
 0> <info> app: hr,600,17385, 4.00 ,0
 0> <info> app: hr,601,17401, 4.00 ,0
 0> <info> app: hr,602,17399, 5.00 ,0
 0> <info> app: hr,603,17396, 5.00 ,0
 0> <info> app: hr,604,17401, 5.00 ,0
 0> <info> app: hr,605,17396, 5.00 ,0
 0> <info> app: hr,606,17397, 5.00 ,0
 0> <info> app: hr,607,17401, 6.00 ,0
 0> <info> app: hr,608,17396, 5.00 ,0
 0> <info> app: hr,609,17399, 5.00 ,0
 0> <info> app: hr,610,17399, 6.00 ,0
 0> <info> app: hr,611,17393, 5.00 ,0
 0> <info> app: hr,612,17401, 5.00 ,0
 0> <info> app: hr,613,17402, 6.00 ,0
 0> <info> app: hr,614,17399, 5.00 ,0
 0> <info> app: hr,615,17400, 5.00 ,0
 0> <info> app: hr,616,17391, 5.00 ,0
 0> <info> app: hr,617,17386, 5.00 ,0
 0> <info> app: hr,618,17405, 5.00 ,0
 0> <info> app: hr,619,17402, 5.00 ,0
 0> <info> app: hr,620,17400, 5.00 ,0
 0> <info> app: hr,621,17399, 5.00 ,0
 0> <info> app: hr,622,17401, 4.00 ,-1
 0> <info> app: hr,623,17387, 4.00 ,-1
 0> <info> app: hr,624,17401, 4.00 ,0
 0> <info> app: hr,625,17405, 4.00 ,0
 0> <info> app: hr,626,17401, 3.00 ,0
 0> <info> app: hr,627,17397, 3.00 ,0
 0> <info> app: hr,628,17403, 4.00 ,0
 0> <info> app: hr,629,17416, 4.00 ,0
 0> <info> app: hr,630,17408, 3.00 ,0
 0> <info> app: hr,631,17403, 2.00 ,-1
 0> <info> app: hr,632,17411, 2.00 ,0
 0> <info> app: hr,633,17412, 2.00 ,0
 0> <info> app: hr,634,17416, 2.00 ,0
 0> <info> app: hr,635,17411, 2.00 ,0
 0> <info> app: hr,636,17403, 1.00 ,0
 0> <info> app: hr,637,17409, 1.00 ,0
 0> <info> app: hr,638,17403, 1.00 ,0
 0> <info> app: hr,639,17403, 1.00 ,0
 0> <info> app: hr,640,17400, 0.00 ,0
 0> <info> app: hr,641,17408, 0.00 ,0
 0> <info> app: hr,642,17416, 0.00 ,0
 0> <info> app: hr,643,17398, 0.00 ,0
 0> <info> app: hr,644,17416, 0.00 ,0
 0> <info> app: hr,645,17416, 0.00 ,0
 0> <info> app: hr,646,17403, 0.00 ,0
 0> <info> app: hr,647,17414, -1.00 ,0
 0> <info> app: hr,648,17404, -1.00 ,0
 0> <info> app: hr,649,17404, -1.00 ,0
 0> <info> app: hr,650,17414, -2.00 ,0
 0> <info> app: hr,651,17414, -2.00 ,0
 0> <info> app: hr,652,17415, -2.00 ,0
 0> <info> app: hr,653,17414, -3.00 ,0
 0> <info> app: hr,654,17404, -3.00 ,0
 0> <info> app: hr,655,17408, -2.00 ,0
 0> <info> app: hr,656,17411, -3.00 ,0
 0> <info> app: hr,657,17404, -3.00 ,0
 0> <info> app: hr,658,17400, -3.00 ,0
 0> <info> app: hr,659,17410, -4.00 ,0
 0> <info> app: hr,660,17404, -3.00 ,0
 0> <info> app: hr,661,17408, -3.00 ,0
 0> <info> app: hr,662,17403, -3.00 ,0
 0> <info> app: hr,663,17410, -3.00 ,0
 0> <info> app: hr,664,17407, -4.00 ,0
 0> <info> app: hr,665,17396, -4.00 ,0
 0> <info> app: hr,666,17402, -3.00 ,0
 0> <info> app: hr,667,17393, -3.00 ,0
 0> <info> app: hr,668,17404, -3.00 ,0
 0> <info> app: hr,669,17409, -3.00 ,0
 0> <info> app: hr,670,17393, -3.00 ,0
 0> <info> app: hr,671,17389, -2.00 ,0
 0> <info> app: hr,672,17401, -2.00 ,0
 0> <info> app: hr,673,17386, -2.00 ,0
 0> <info> app: hr,674,17395, -2.00 ,0
 0> <info> app: hr,675,17396, -1.00 ,0
 0> <info> app: hr,676,17396, -1.00 ,0
 0> <info> app: hr,677,17388, -1.00 ,0
 0> <info> app: hr,678,17399, -1.00 ,0
 0> <info> app: hr,679,17393, 0.00 ,0
 0> <info> app: hr,680,17378, 0.00 ,0
 0> <info> app: hr,681,17395, 0.00 ,0
 0> <info> app: hr,682,17403, 0.00 ,0
 0> <info> app: hr,683,17398, 0.00 ,0
 0> <info> app: hr,684,17386, 0.00 ,0
 0> <info> app: hr,685,17397, 1.00 ,0
 0> <info> app: hr,686,17390, 1.00 ,0
 0> <info> app: hr,687,17394, 1.00 ,0
 0> <info> app: hr,688,17402, 2.00 ,1
 0> <info> app: hr,689,17392, 2.00 ,0
 0> <info> app: hr,690,17393, 3.00 ,1
 0> <info> app: hr,691,17389, 3.00 ,1
 0> <info> app: hr,692,17395, 2.00 ,0
 0> <info> app: hr,693,17378, 3.00 ,0
 0> <info> app: hr,694,17384, 3.00 ,0
 0> <info> app: hr,695,17385, 3.00 ,0
 0> <info> app: hr,696,17401, 4.00 ,0
 0> <info> app: hr,697,17395, 4.00 ,0
 0> <info> app: hr,698,17391, 4.00 ,0
 0> <info> app: hr,699,17393, 4.00 ,0
 0> <info> app: hr,700,17391, 4.00 ,0
 0> <info> app: hr,701,17383, 5.00 ,0
 0> <info> app: hr,702,17385, 4.00 ,0
 0> <info> app: hr,703,17393, 5.00 ,0
 0> <info> app: hr,704,17397, 5.00 ,0
 0> <info> app: hr,705,17400, 5.00 ,0
 0> <info> app: hr,706,17381, 5.00 ,0
 0> <info> app: hr,707,17396, 5.00 ,0
 0> <info> app: hr,708,17393, 5.00 ,0
 0> <info> app: hr,709,17381, 5.00 ,0
 0> <info> app: hr,710,17387, 5.00 ,0
 0> <info> app: hr,711,17385, 5.00 ,0
 0> <info> app: hr,712,17381, 5.00 ,0
 0> <info> app: hr,713,17388, 5.00 ,0
 0> <info> app: hr,714,17390, 5.00 ,0
 0> <info> app: hr,715,17398, 5.00 ,0
 0> <info> app: hr,716,17398, 5.00 ,0
 0> <info> app: hr,717,17394, 5.00 ,0
 0> <info> app: hr,718,17395, 5.00 ,0
 0> <info> app: hr,719,17392, 5.00 ,0
 0> <info> app: hr,720,17393, 5.00 ,0
 0> <info> app: hr,721,17394, 4.00 ,-1
 0> <info> app: hr,722,17392, 4.00 ,-1
 0> <info> app: hr,723,17400, 4.00 ,0
 0> <info> app: hr,724,17395, 4.00 ,0
 0> <info> app: hr,725,17411, 3.00 ,0
 0> <info> app: hr,726,17409, 3.00 ,0
 0> <info> app: hr,727,17394, 3.00 ,0
 0> <info> app: hr,728,17392, 3.00 ,0
 0> <info> app: hr,729,17400, 3.00 ,0
 0> <info> app: hr,730,17406, 2.00 ,0
 0> <info> app: hr,731,17399, 2.00 ,0
 0> <info> app: hr,732,17401, 2.00 ,0
 0> <info> app: hr,733,17392, 1.00 ,-1
 0> <info> app: hr,734,17398, 1.00 ,0
 0> <info> app: hr,735,17395, 1.00 ,0
 0> <info> app: hr,736,17398, 1.00 ,0
 0> <info> app: hr,737,17389, 1.00 ,0
 0> <info> app: hr,738,17397, 0.00 ,0
 0> <info> app: hr,739,17398, 0.00 ,0
 0> <info> app: hr,740,17405, 0.00 ,0
 0> <info> app: hr,741,17405, 0.00 ,0
 0> <info> app: hr,742,17405, 0.00 ,0
 0> <info> app: hr,743,17397, 0.00 ,0
 0> <info> app: hr,744,17401, 0.00 ,0
 0> <info> app: hr,745,17401, 0.00 ,0
 0> <info> app: hr,746,17396, 0.00 ,0
 0> <info> app: hr,747,17406, 0.00 ,0
 0> <info> app: hr,748,17406, -1.00 ,-1
 0> <info> app: hr,749,17392, -1.00 ,-1
 0> <info> app: hr,750,17394, -1.00 ,-1
 0> <info> app: hr,751,17390, -1.00 ,-1
 0> <info> app: hr,752,17397, -2.00 ,-1
 0> <info> app: hr,753,17403, -2.00 ,-1
 0> <info> app: hr,754,17403, -2.00 ,-1
 0> <info> app: hr,755,17389, -2.00 ,-1
 0> <info> app: hr,756,17391, -1.00 ,-1
 0> <info> app: hr,757,17399, -1.00 ,-1
 0> <info> app: hr,758,17399, -1.00 ,-1
 0> <info> app: hr,759,17394, -2.00 ,-1
 0> <info> app: hr,760,17391, -2.00 ,-1
 0> <info> app: hr,761,17394, -2.00 ,-1
 0> <info> app: hr,762,17400, -2.00 ,-1
 0> <info> app: hr,763,17388, -2.00 ,-1
 0> <info> app: hr,764,17385, -2.00 ,-1
 0> <info> app: hr,765,17388, -1.00 ,-1
 0> <info> app: hr,766,17384, -1.00 ,-1
 0> <info> app: hr,767,17387, -1.00 ,-1
 0> <info> app: hr,768,17384, 0.00 ,0
 0> <info> app: hr,769,17387, 0.00 ,0
 0> <info> app: hr,770,17384, 0.00 ,0
 0> <info> app: hr,771,17383, 0.00 ,0
 0> <info> app: hr,772,17387, 0.00 ,0
 0> <info> app: hr,773,17393, 0.00 ,0
 0> <info> app: hr,774,17381, 0.00 ,0
 0> <info> app: hr,775,17390, 0.00 ,0
 0> <info> app: hr,776,17378, 1.00 ,1
 0> <info> app: hr,777,17388, 1.00 ,1
 0> <info> app: hr,778,17382, 1.00 ,1
 0> <info> app: hr,779,17396, 2.00 ,1
 0> <info> app: hr,780,17383, 2.00 ,1
 0> <info> app: hr,781,17378, 1.00 ,1
 0> <info> app: hr,782,17381, 2.00 ,1
 0> <info> app: hr,783,17371, 2.00 ,1
 0> <info> app: hr,784,17386, 2.00 ,1
 0> <info> app: hr,785,17390, 3.00 ,1
 0> <info> app: hr,786,17386, 3.00 ,1
 0> <info> app: hr,787,17370, 4.00 ,1
 0> <info> app: hr,788,17375, 3.00 ,1
 0> <info> app: hr,789,17374, 3.00 ,1
 0> <info> app: hr,790,17389, 4.00 ,1
 0> <info> app: hr,791,17387, 4.00 ,1
 0> <info> app: hr,792,17390, 5.00 ,1
 0> <info> app: hr,793,17395, 4.00 ,1
 0> <info> app: hr,794,17385, 4.00 ,1
 0> <info> app: hr,795,17384, 5.00 ,1
 0> <info> app: hr,796,17380, 5.00 ,1
 0> <info> app: hr,797,17381, 4.00 ,1
 0> <info> app: hr,798,17373, 4.00 ,1
 0> <info> app: hr,799,17386, 5.00 ,1
 0> <info> app: hr,800,17382, 5.00 ,1
 0> <info> app: hr,801,17396, 4.00 ,1
 0> <info> app: hr,802,17386, 5.00 ,1
 0> <info> app: hr,803,17391, 5.00 ,1
 0> <info> app: hr,804,17383, 5.00 ,1
 0> <info> app: hr,805,17380, 4.00 ,1
 0> <info> app: hr,806,17371, 4.00 ,1
 0> <info> app: hr,807,17396, 4.00 ,1
 0> <info> app: hr,808,17392, 5.00 ,1
 0> <info> app: hr,809,17387, 4.00 ,1
 0> <info> app: hr,810,17378, 4.00 ,1
 0> <info> app: hr,811,17391, 4.00 ,1
 0> <info> app: hr,812,17388, 4.00 ,1
 0> <info> app: hr,813,17382, 3.00 ,1
 0> <info> app: hr,814,17383, 3.00 ,1
 0> <info> app: hr,815,17381, 3.00 ,1
 0> <info> app: hr,816,17376, 3.00 ,1
 0> <info> app: hr,817,17389, 3.00 ,1
 0> <info> app: hr,818,17391, 3.00 ,1
 0> <info> app: hr,819,17381, 2.00 ,0
 0> <info> app: hr,820,17391, 2.00 ,0
 0> <info> app: hr,821,17381, 2.00 ,0
 0> <info> app: hr,822,17389, 2.00 ,0
 0> <info> app: hr,823,17389, 3.00 ,1
 0> <info> app: hr,824,17383, 2.00 ,0
 0> <info> app: hr,825,17398, 2.00 ,0
 0> <info> app: hr,826,17395, 1.00 ,-1
 0> <info> app: hr,827,17388, 1.00 ,-1
 0> <info> app: hr,828,17401, 1.00 ,0
 0> <info> app: hr,829,17395, 1.00 ,0
 0> <info> app: hr,830,17389, 1.00 ,0
 0> <info> app: hr,831,17387, 1.00 ,0
 0> <info> app: hr,832,17396, 0.00 ,0
 0> <info> app: hr,833,17392, 0.00 ,0
 0> <info> app: hr,834,17395, 0.00 ,0
 0> <info> app: hr,835,17391, 0.00 ,0
 0> <info> app: hr,836,17403, 0.00 ,0
 0> <info> app: hr,837,17392, 0.00 ,0
 0> <info> app: hr,838,17399, 0.00 ,0
 0> <info> app: hr,839,17382, 0.00 ,0
 0> <info> app: hr,840,17384, 0.00 ,0
 0> <info> app: hr,841,17394, -1.00 ,0
 0> <info> app: hr,842,17393, -1.00 ,-1
 0> <info> app: hr,843,17403, -1.00 ,0
 0> <info> app: hr,844,17405, -1.00 ,0
 0> <info> app: hr,845,17404, -2.00 ,0
 0> <info> app: hr,846,17385, -2.00 ,0
 0> <info> app: hr,847,17387, -2.00 ,0
 0> <info> app: hr,848,17392, -2.00 ,0
 0> <info> app: hr,849,17392, -2.00 ,0
 0> <info> app: hr,850,17376, -2.00 ,0
 0> <info> app: hr,851,17404, -2.00 ,0
 0> <info> app: hr,852,17384, -3.00 ,0
 0> <info> app: hr,853,17388, -3.00 ,0
 0> <info> app: hr,854,17383, -3.00 ,0
 0> <info> app: hr,855,17382, -2.00 ,0
 0> <info> app: hr,856,17383, -2.00 ,0
 0> <info> app: hr,857,17379, -2.00 ,0
 0> <info> app: hr,858,17397, -2.00 ,0
 0> <info> app: hr,859,17377, -2.00 ,0
 0> <info> app: hr,860,17372, -2.00 ,0
 0> <info> app: hr,861,17382, -2.00 ,0
 0> <info> app: hr,862,17388, -2.00 ,0
 0> <info> app: hr,863,17378, -1.00 ,0
 0> <info> app: hr,864,17363, 0.00 ,1
 0> <info> app: hr,865,17370, 0.00 ,1
 0> <info> app: hr,866,17379, 0.00 ,0
 0> <info> app: hr,867,17381, 0.00 ,0
 0> <info> app: hr,868,17370, 0.00 ,0
 0> <info> app: hr,869,17361, 0.00 ,0
 0> <info> app: hr,870,17375, 1.00 ,0
 0> <info> app: hr,871,17370, 1.00 ,0
 0> <info> app: hr,872,17374, 1.00 ,0
 0> <info> app: hr,873,17359, 2.00 ,0
 0> <info> app: hr,874,17362, 2.00 ,0
 0> <info> app: hr,875,17373, 2.00 ,0
 0> <info> app: hr,876,17367, 3.00 ,0
 0> <info> app: hr,877,17378, 3.00 ,0
 0> <info> app: hr,878,17373, 4.00 ,0
 0> <info> app: hr,879,17366, 4.00 ,0
 0> <info> app: hr,880,17376, 4.00 ,0
 0> <info> app: hr,881,17362, 5.00 ,0
 0> <info> app: hr,882,17370, 5.00 ,0
 0> <info> app: hr,883,17364, 6.00 ,0
 0> <info> app: hr,884,17376, 5.00 ,0
 0> <info> app: hr,885,17372, 6.00 ,0
 0> <info> app: hr,886,17368, 6.00 ,0
 0> <info> app: hr,887,17354, 6.00 ,0
 0> <info> app: hr,888,17367, 7.00 ,0
 0> <info> app: hr,889,17365, 7.00 ,0
 0> <info> app: hr,890,17381, 7.00 ,0
 0> <info> app: hr,891,17372, 7.00 ,0
 0> <info> app: hr,892,17357, 8.00 ,0
 0> <info> app: hr,893,17380, 7.00 ,0
 0> <info> app: hr,894,17369, 8.00 ,0
 0> <info> app: hr,895,17361, 7.00 ,0
 0> <info> app: hr,896,17377, 8.00 ,0
 0> <info> app: hr,897,17361, 8.00 ,0
 0> <info> app: hr,898,17369, 7.00 ,0
 0> <info> app: hr,899,17370, 8.00 ,0
 0> <info> app: hr,900,17370, 7.00 ,0
 0> <info> app: hr,901,17367, 7.00 ,0
 0> <info> app: hr,902,17369, 8.00 ,0
 0> <info> app: hr,903,17374, 7.00 ,0
 0> <info> app: hr,904,17369, 7.00 ,0
 0> <info> app: hr,905,17374, 7.00 ,0
 0> <info> app: hr,906,17372, 7.00 ,0
 0> <info> app: hr,907,17374, 7.00 ,0
 0> <info> app: hr,908,17371, 6.00 ,0
 0> <info> app: hr,909,17369, 6.00 ,0
 0> <info> app: hr,910,17373, 7.00 ,0
 0> <info> app: hr,911,17364, 6.00 ,0
 0> <info> app: hr,912,17373, 6.00 ,0
 0> <info> app: hr,913,17377, 6.00 ,0
 0> <info> app: hr,914,17364, 5.00 ,0
 0> <info> app: hr,915,17390, 5.00 ,0
 0> <info> app: hr,916,17364, 5.00 ,0
 0> <info> app: hr,917,17381, 4.00 ,-1
 0> <info> app: hr,918,17371, 4.00 ,0
 0> <info> app: hr,919,17376, 4.00 ,0
 0> <info> app: hr,920,17386, 4.00 ,0
 0> <info> app: hr,921,17368, 4.00 ,0
 0> <info> app: hr,922,17367, 3.00 ,0
 0> <info> app: hr,923,17376, 3.00 ,0
 0> <info> app: hr,924,17390, 3.00 ,0
 0> <info> app: hr,925,17384, 2.00 ,-1
 0> <info> app: hr,926,17368, 2.00 ,0
 0> <info> app: hr,927,17371, 2.00 ,0
 0> <info> app: hr,928,17385, 1.00 ,0
 0> <info> app: hr,929,17377, 1.00 ,0
 0> <info> app: hr,930,17387, 1.00 ,0
 0> <info> app: hr,931,17373, 0.00 ,0
 0> <info> app: hr,932,17387, 0.00 ,0
 0> <info> app: hr,933,17377, 0.00 ,0
 0> <info> app: hr,934,17379, 0.00 ,0
 0> <info> app: hr,935,17382, 0.00 ,0
 0> <info> app: hr,936,17386, 0.00 ,0
 0> <info> app: hr,937,17383, 0.00 ,0
 0> <info> app: hr,938,17387, -1.00 ,0
 0> <info> app: hr,939,17393, -1.00 ,0
 0> <info> app: hr,940,17392, -1.00 ,0
 0> <info> app: hr,941,17384, -2.00 ,0
 0> <info> app: hr,942,17383, -2.00 ,0
 0> <info> app: hr,943,17387, -2.00 ,0
 0> <info> app: hr,944,17391, -2.00 ,0
 0> <info> app: hr,945,17390, -3.00 ,0
 0> <info> app: hr,946,17384, -3.00 ,0
 0> <info> app: hr,947,17395, -4.00 ,0
 0> <info> app: hr,948,17382, -4.00 ,0
 0> <info> app: hr,949,17380, -3.00 ,0
 0> <info> app: hr,950,17382, -4.00 ,0
 0> <info> app: hr,951,17382, -4.00 ,0
 0> <info> app: hr,952,17382, -5.00 ,0
 0> <info> app: hr,953,17382, -4.00 ,0
 0> <info> app: hr,954,17387, -4.00 ,0
 0> <info> app: hr,955,17384, -5.00 ,0
 0> <info> app: hr,956,17376, -5.00 ,0
 0> <info> app: hr,957,17371, -4.00 ,0
 0> <info> app: hr,958,17385, -5.00 ,0
 0> <info> app: hr,959,17354, -5.00 ,0
 0> <info> app: hr,960,17374, -5.00 ,0
 0> <info> app: hr,961,17383, -4.00 ,0
 0> <info> app: hr,962,17370, -4.00 ,0
 0> <info> app: hr,963,17370, -4.00 ,0
 0> <info> app: hr,964,17368, -4.00 ,0
 0> <info> app: hr,965,17361, -3.00 ,0
 0> <info> app: hr,966,17375, -3.00 ,0
 0> <info> app: hr,967,17371, -3.00 ,0
 0> <info> app: hr,968,17371, -2.00 ,1
 0> <info> app: hr,969,17356, -2.00 ,0
 0> <info> app: hr,970,17366, -2.00 ,0
 0> <info> app: hr,971,17374, -2.00 ,0
 0> <info> app: hr,972,17363, 0.00 ,0
 0> <info> app: hr,973,17359, 0.00 ,0
 0> <info> app: hr,974,17368, 0.00 ,0
 0> <info> app: hr,975,17372, 0.00 ,0
 0> <info> app: hr,976,17369, 0.00 ,0
 0> <info> app: hr,977,17369, 1.00 ,0
 0> <info> app: hr,978,17367, 1.00 ,0
 0> <info> app: hr,979,17361, 1.00 ,0
 0> <info> app: hr,980,17358, 1.00 ,0
 0> <info> app: hr,981,17362, 1.00 ,0
 0> <info> app: hr,982,17364, 2.00 ,0
 0> <info> app: hr,983,17365, 2.00 ,0
 0> <info> app: hr,984,17360, 3.00 ,1
 0> <info> app: hr,985,17357, 3.00 ,1
 0> <info> app: hr,986,17367, 4.00 ,1
 0> <info> app: hr,987,17362, 3.00 ,0
 0> <info> app: hr,988,17365, 4.00 ,1
 0> <info> app: hr,989,17367, 4.00 ,1
 0> <info> app: hr,990,17357, 5.00 ,1
 0> <info> app: hr,991,17374, 5.00 ,1
 0> <info> app: hr,992,17354, 5.00 ,1
 0> <info> app: hr,993,17365, 5.00 ,1
 0> <info> app: hr,994,17365, 6.00 ,1
 0> 
 0> plus_index 97, minus_index 165, Peak Index, 121,122,125,126,127,129,130,131,132,134,135,136,, AVR Peak Index, 128, HR 0, Reject out of 30-180.
 0> plus_index 199, minus_index 243, Peak Index, 217,220,221,222,223,224,225,226,227,229,230,234,, AVR Peak Index, 225, HR 61
 0> plus_index 302, minus_index 349, Peak Index, 314,315,317,318,319,321,322,323,324,325,326,330,, AVR Peak Index, 322, HR 61
 0> plus_index 388, minus_index 430, Peak Index, 418,, AVR Peak Index, 418, HR 62
 0> plus_index 476, minus_index 521, Peak Index, 513,, AVR Peak Index, 513, HR 63
 0> plus_index 579, minus_index 622, Peak Index, 607,610,613,, AVR Peak Index, 610, HR 61
 0> plus_index 688, minus_index 721, Peak Index, 701,703,704,705,706,707,708,709,710,711,712,713,714,715,716,717,718,719,720,, AVR Peak Index, 710, HR 60
 0> plus_index 776, minus_index 826, Peak Index, 792,795,796,799,800,802,803,804,808,, AVR Peak Index, 800, HR 66
 0> plus_index 864, minus_index 917, Peak Index, 892,894,896,897,899,902,, AVR Peak Index, 897, HR 61<info> app: HR>>>
 0> 60,61,61,61,61,62,63,66, sum div 6, 0<info> app: HR final>>>
 0> 60,61,61,61,61,62,63,66,
# Logging stopped @ 23 Nov 2018 23:20:13
