# SEGGER J-Link RTT Viewer V6.16a Terminal Log File
# Compiled: 12:44:10 on Jun  6 2017
# Logging started @ 23 Nov 2018 14:49:05
<info> app: ***********  Application started  ***********
 9> 
 9> <info> app: [OK] NRF Power ON 0x0004. 
 9> <info> app: Read MAC:CC34D2110EF6
 9> <info> app: ***********  Sensor initial ***********
 9> <info> app: [OK]	BMI160
 9> <info> app: [OK]	SETUP ACC
 9> <info> app: [OK]	SETUP STEP COUNT
 9> <info> app: [OK]	FLASH MEMORY
 9> <info> app: [OK]	OLED Initial
 9> <info> app: [OK]	Max30102 Initial, Temperature 34.56
 9> <info> app: ********** End sensor initial *********
 9> 
 9> <info> app: Max30102 Found
 9> 
 9> <info> app: HR Begin
 9> 
 9> <info> app: 1019
 9> <info> app: hr,50,18062, 5.00 ,0
 9> <info> app: hr,51,18054, 5.00 ,0
 9> <info> app: hr,52,18080, 5.00 ,0
 9> <info> app: hr,53,18074, 6.00 ,0
 9> <info> app: hr,54,18081, 5.00 ,0
 9> <info> app: hr,55,18079, 5.00 ,0
 9> <info> app: hr,56,18065, 5.00 ,0
 9> <info> app: hr,57,18051, 6.00 ,0
 9> <info> app: hr,58,18062, 5.00 ,0
 9> <info> app: hr,59,18066, 5.00 ,0
 9> <info> app: hr,60,18056, 5.00 ,0
 9> <info> app: hr,61,18061, 5.00 ,0
 9> <info> app: hr,62,18050, 5.00 ,0
 9> <info> app: hr,63,18063, 5.00 ,0
 9> <info> app: hr,64,18044, 6.00 ,0
 9> <info> app: hr,65,18078, 5.00 ,0
 9> <info> app: hr,66,18063, 5.00 ,0
 9> <info> app: hr,67,18081, 6.00 ,0
 9> <info> app: hr,68,18081, 5.00 ,0
 9> <info> app: hr,69,18063, 5.00 ,0
 9> <info> app: hr,70,18086, 5.00 ,0
 9> <info> app: hr,71,18090, 5.00 ,0
 9> <info> app: hr,72,18063, 4.00 ,0
 9> <info> app: hr,73,18068, 4.00 ,0
 9> <info> app: hr,74,18079, 4.00 ,0
 9> <info> app: hr,75,18069, 4.00 ,0
 9> <info> app: hr,76,18063, 3.00 ,0
 9> <info> app: hr,77,18060, 3.00 ,0
 9> <info> app: hr,78,18077, 3.00 ,0
 9> <info> app: hr,79,18073, 3.00 ,0
 9> <info> app: hr,80,18100, 3.00 ,0
 9> <info> app: hr,81,18069, 3.00 ,0
 9> <info> app: hr,82,18095, 1.00 ,-1
 9> <info> app: hr,83,18074, 1.00 ,-1
 9> <info> app: hr,84,18063, 1.00 ,-1
 9> <info> app: hr,85,18064, 1.00 ,0
 9> <info> app: hr,86,18078, 0.00 ,0
 9> <info> app: hr,87,18075, 0.00 ,0
 9> <info> app: hr,88,18083, 0.00 ,0
 9> <info> app: hr,89,18089, 0.00 ,0
 9> <info> app: hr,90,18060, 0.00 ,0
 9> <info> app: hr,91,18058, 0.00 ,0
 9> <info> app: hr,92,18074, 0.00 ,0
 9> <info> app: hr,93,18059, 0.00 ,0
 9> <info> app: hr,94,18069, 0.00 ,0
 9> <info> app: hr,95,18067, 0.00 ,0
 9> <info> app: hr,96,18068, -1.00 ,-1
 9> <info> app: hr,97,18072, -1.00 ,-1
 9> <info> app: hr,98,18052, -1.00 ,-1
 9> <info> app: hr,99,18094, -1.00 ,-1
 9> <info> app: hr,100,18073, -1.00 ,-1
 9> <info> app: hr,101,18059, -1.00 ,-1
 9> <info> app: hr,102,18076, -1.00 ,-1
 9> <info> app: hr,103,18084, 0.00 ,0
 9> <info> app: hr,104,18075, 0.00 ,0
 9> <info> app: hr,105,18062, 0.00 ,0
 9> <info> app: hr,106,18075, 0.00 ,0
 9> <info> app: hr,107,18074, 0.00 ,0
 9> <info> app: hr,108,18045, -1.00 ,-1
 9> <info> app: hr,109,18064, -1.00 ,-1
 9> <info> app: hr,110,18092, 0.00 ,0
 9> <info> app: hr,111,18068, -1.00 ,-1
 9> <info> app: hr,112,18057, -1.00 ,-1
 9> <info> app: hr,113,18063, -1.00 ,-1
 9> <info> app: hr,114,18071, 0.00 ,0
 9> <info> app: hr,115,18083, 0.00 ,0
 9> <info> app: hr,116,18085, 0.00 ,0
 9> <info> app: hr,117,18047, 0.00 ,0
 9> <info> app: hr,118,18077, 0.00 ,0
 9> <info> app: hr,119,18099, 0.00 ,0
 9> <info> app: hr,120,18047, 0.00 ,0
 9> <info> app: hr,121,18072, 0.00 ,0
 9> <info> app: hr,122,18090, 0.00 ,0
 9> <info> app: hr,123,18072, -1.00 ,-1
 9> <info> app: hr,124,18046, -1.00 ,-1
 9> <info> app: hr,125,18083, -1.00 ,-1
 9> <info> app: hr,126,18086, -1.00 ,-1
 9> <info> app: hr,127,18078, 0.00 ,0
 9> <info> app: hr,128,18072, 0.00 ,0
 9> <info> app: hr,129,18090, 0.00 ,0
 9> <info> app: hr,130,18068, 0.00 ,0
 9> <info> app: hr,131,18068, 0.00 ,0
 9> <info> app: hr,132,18065, 0.00 ,0
 9> <info> app: hr,133,18051, 0.00 ,0
 9> <info> app: hr,134,18084, 0.00 ,0
 9> <info> app: hr,135,18070, 0.00 ,0
 9> <info> app: hr,136,18076, 0.00 ,0
 9> <info> app: hr,137,18053, 0.00 ,0
 9> <info> app: hr,138,18073, 0.00 ,0
 9> <info> app: hr,139,18054, 0.00 ,0
 9> <info> app: hr,140,18065, 0.00 ,0
 9> <info> app: hr,141,18055, 0.00 ,0
 9> <info> app: hr,142,18069, 0.00 ,0
 9> <info> app: hr,143,18061, 0.00 ,0
 9> <info> app: hr,144,18065, 0.00 ,0
 9> <info> app: hr,145,18082, 0.00 ,0
 9> <info> app: hr,146,18100, 0.00 ,0
 9> <info> app: hr,147,18064, 0.00 ,0
 9> <info> app: hr,148,18078, 0.00 ,0
 9> <info> app: hr,149,18043, 0.00 ,0
 9> <info> app: hr,150,18098, 0.00 ,0
 9> <info> app: hr,151,18071, 0.00 ,0
 9> <info> app: hr,152,18077, 0.00 ,0
 9> <info> app: hr,153,18060, 0.00 ,0
 9> <info> app: hr,154,18068, 0.00 ,0
 9> <info> app: hr,155,18098, 0.00 ,0
 9> <info> app: hr,156,18050, 0.00 ,0
 9> <info> app: hr,157,18068, 0.00 ,0
 9> <info> app: hr,158,18045, 0.00 ,0
 9> <info> app: hr,159,18071, 0.00 ,0
 9> <info> app: hr,160,18047, 0.00 ,0
 9> <info> app: hr,161,18058, 0.00 ,0
 9> <info> app: hr,162,18080, 0.00 ,0
 9> <info> app: hr,163,18056, 1.00 ,1
 9> <info> app: hr,164,18052, 1.00 ,1
 9> <info> app: hr,165,18060, 1.00 ,1
 9> <info> app: hr,166,18041, 1.00 ,1
 9> <info> app: hr,167,18069, 2.00 ,1
 9> <info> app: hr,168,18070, 1.00 ,1
 9> <info> app: hr,169,18048, 1.00 ,1
 9> <info> app: hr,170,18052, 2.00 ,1
 9> <info> app: hr,171,18073, 2.00 ,1
 9> <info> app: hr,172,18081, 2.00 ,1
 9> <info> app: hr,173,18054, 3.00 ,1
 9> <info> app: hr,174,18044, 3.00 ,1
 9> <info> app: hr,175,18081, 3.00 ,1
 9> <info> app: hr,176,18070, 2.00 ,1
 9> <info> app: hr,177,18058, 3.00 ,1
 9> <info> app: hr,178,18046, 3.00 ,1
 9> <info> app: hr,179,18080, 3.00 ,1
 9> <info> app: hr,180,18068, 3.00 ,1
 9> <info> app: hr,181,18062, 3.00 ,1
 9> <info> app: hr,182,18052, 3.00 ,1
 9> <info> app: hr,183,18054, 3.00 ,1
 9> <info> app: hr,184,18042, 3.00 ,1
 9> <info> app: hr,185,18040, 3.00 ,1
 9> <info> app: hr,186,18054, 4.00 ,1
 9> <info> app: hr,187,18051, 3.00 ,1
 9> <info> app: hr,188,18040, 3.00 ,1
 9> <info> app: hr,189,18052, 4.00 ,1
 9> <info> app: hr,190,18041, 4.00 ,1
 9> <info> app: hr,191,18082, 5.00 ,1
 9> <info> app: hr,192,18070, 4.00 ,1
 9> <info> app: hr,193,18056, 4.00 ,1
 9> <info> app: hr,194,18063, 5.00 ,1
 9> <info> app: hr,195,18051, 5.00 ,1
 9> <info> app: hr,196,18044, 4.00 ,1
 9> <info> app: hr,197,18061, 5.00 ,1
 9> <info> app: hr,198,18084, 5.00 ,1
 9> <info> app: hr,199,18065, 5.00 ,1
 9> <info> app: hr,200,18042, 4.00 ,1
 9> <info> app: hr,201,18073, 4.00 ,1
 9> <info> app: hr,202,18069, 4.00 ,1
 9> <info> app: hr,203,18068, 5.00 ,1
 9> <info> app: hr,204,18066, 4.00 ,1
 9> <info> app: hr,205,18046, 4.00 ,1
 9> <info> app: hr,206,18065, 4.00 ,1
 9> <info> app: hr,207,18062, 4.00 ,1
 9> <info> app: hr,208,18077, 3.00 ,1
 9> <info> app: hr,209,18065, 3.00 ,1
 9> <info> app: hr,210,18060, 2.00 ,0
 9> <info> app: hr,211,18073, 2.00 ,0
 9> <info> app: hr,212,18062, 2.00 ,0
 9> <info> app: hr,213,18064, 2.00 ,0
 9> <info> app: hr,214,18067, 2.00 ,0
 9> <info> app: hr,215,18062, 1.00 ,-1
 9> <info> app: hr,216,18054, 1.00 ,-1
 9> <info> app: hr,217,18056, 1.00 ,0
 9> <info> app: hr,218,18040, 1.00 ,0
 9> <info> app: hr,219,18058, 1.00 ,0
 9> <info> app: hr,220,18053, 1.00 ,0
 9> <info> app: hr,221,18067, 1.00 ,0
 9> <info> app: hr,222,18095, 1.00 ,0
 9> <info> app: hr,223,18073, 0.00 ,0
 9> <info> app: hr,224,18043, 0.00 ,0
 9> <info> app: hr,225,18071, 0.00 ,0
 9> <info> app: hr,226,18063, 0.00 ,0
 9> <info> app: hr,227,18057, 0.00 ,0
 9> <info> app: hr,228,18081, 0.00 ,0
 9> <info> app: hr,229,18100, 0.00 ,0
 9> <info> app: hr,230,18064, 0.00 ,0
 9> <info> app: hr,231,18068, 0.00 ,0
 9> <info> app: hr,232,18054, 0.00 ,0
 9> <info> app: hr,233,18063, 0.00 ,0
 9> <info> app: hr,234,18054, -1.00 ,-1
 9> <info> app: hr,235,18048, -1.00 ,-1
 9> <info> app: hr,236,18070, -1.00 ,-1
 9> <info> app: hr,237,18058, -1.00 ,-1
 9> <info> app: hr,238,18062, -1.00 ,-1
 9> <info> app: hr,239,18065, -1.00 ,-1
 9> <info> app: hr,240,18083, -1.00 ,-1
 9> <info> app: hr,241,18076, -1.00 ,-1
 9> <info> app: hr,242,18073, -2.00 ,-1
 9> <info> app: hr,243,18077, -1.00 ,-1
 9> <info> app: hr,244,18069, -1.00 ,-1
 9> <info> app: hr,245,18075, -1.00 ,-1
 9> <info> app: hr,246,18080, -2.00 ,-1
 9> <info> app: hr,247,18076, -2.00 ,-1
 9> <info> app: hr,248,18068, -2.00 ,-1
 9> <info> app: hr,249,18074, -3.00 ,-1
 9> <info> app: hr,250,18071, -3.00 ,-1
 9> <info> app: hr,251,18065, -2.00 ,-1
 9> <info> app: hr,252,18074, -2.00 ,-1
 9> <info> app: hr,253,18055, -3.00 ,-1
 9> <info> app: hr,254,18073, -3.00 ,-1
 9> <info> app: hr,255,18070, -3.00 ,-1
 9> <info> app: hr,256,18073, -3.00 ,-1
 9> <info> app: hr,257,18080, -4.00 ,-1
 9> <info> app: hr,258,18073, -3.00 ,-1
 9> <info> app: hr,259,18064, -3.00 ,-1
 9> <info> app: hr,260,18087, -3.00 ,-1
 9> <info> app: hr,261,18081, -4.00 ,-1
 9> <info> app: hr,262,18061, -4.00 ,-1
 9> <info> app: hr,263,18072, -3.00 ,-1
 9> <info> app: hr,264,18073, -3.00 ,-1
 9> <info> app: hr,265,18083, -4.00 ,-1
 9> <info> app: hr,266,18088, -4.00 ,-1
 9> <info> app: hr,267,18078, -4.00 ,-1
 9> <info> app: hr,268,18077, -4.00 ,-1
 9> <info> app: hr,269,18056, -4.00 ,-1
 9> <info> app: hr,270,18090, -4.00 ,-1
 9> <info> app: hr,271,18071, -4.00 ,-1
 9> <info> app: hr,272,18073, -4.00 ,-1
 9> <info> app: hr,273,18085, -4.00 ,-1
 9> <info> app: hr,274,18084, -4.00 ,-1
 9> <info> app: hr,275,18067, -4.00 ,-1
 9> <info> app: hr,276,18068, -5.00 ,-1
 9> <info> app: hr,277,18077, -4.00 ,-1
 9> <info> app: hr,278,18065, -4.00 ,-1
 9> <info> app: hr,279,18061, -4.00 ,-1
 9> <info> app: hr,280,18072, -4.00 ,-1
 9> <info> app: hr,281,18075, -4.00 ,-1
 9> <info> app: hr,282,18070, -4.00 ,-1
 9> <info> app: hr,283,18084, -4.00 ,-1
 9> <info> app: hr,284,18063, -4.00 ,-1
 9> <info> app: hr,285,18059, -3.00 ,-1
 9> <info> app: hr,286,18058, -3.00 ,-1
 9> <info> app: hr,287,18085, -3.00 ,-1
 9> <info> app: hr,288,18064, -3.00 ,-1
 9> <info> app: hr,289,18053, -3.00 ,-1
 9> <info> app: hr,290,18058, -3.00 ,-1
 9> <info> app: hr,291,18067, -2.00 ,-1
 9> <info> app: hr,292,18066, -1.00 ,0
 9> <info> app: hr,293,18080, -1.00 ,-1
 9> <info> app: hr,294,18067, -1.00 ,0
 9> <info> app: hr,295,18052, -1.00 ,0
 9> <info> app: hr,296,18068, -1.00 ,0
 9> <info> app: hr,297,18059, 0.00 ,0
 9> <info> app: hr,298,18075, 0.00 ,0
 9> <info> app: hr,299,18060, 0.00 ,0
 9> <info> app: hr,300,18078, 0.00 ,0
 9> <info> app: hr,301,18054, 0.00 ,0
 9> <info> app: hr,302,18053, 0.00 ,0
 9> <info> app: hr,303,18055, 0.00 ,0
 9> <info> app: hr,304,18053, 0.00 ,0
 9> <info> app: hr,305,18077, 1.00 ,0
 9> <info> app: hr,306,18042, 1.00 ,0
 9> <info> app: hr,307,18086, 1.00 ,0
 9> <info> app: hr,308,18066, 2.00 ,0
 9> <info> app: hr,309,18071, 2.00 ,0
 9> <info> app: hr,310,18054, 2.00 ,0
 9> <info> app: hr,311,18053, 2.00 ,0
 9> <info> app: hr,312,18072, 2.00 ,0
 9> <info> app: hr,313,18046, 2.00 ,0
 9> <info> app: hr,314,18066, 2.00 ,0
 9> <info> app: hr,315,18075, 3.00 ,0
 9> <info> app: hr,316,18070, 3.00 ,0
 9> <info> app: hr,317,18051, 3.00 ,0
 9> <info> app: hr,318,18038, 3.00 ,0
 9> <info> app: hr,319,18069, 3.00 ,0
 9> <info> app: hr,320,18038, 3.00 ,0
 9> <info> app: hr,321,18067, 3.00 ,0
 9> <info> app: hr,322,18073, 4.00 ,0
 9> <info> app: hr,323,18062, 4.00 ,0
 9> <info> app: hr,324,18091, 3.00 ,0
 9> <info> app: hr,325,18040, 3.00 ,0
 9> <info> app: hr,326,18081, 3.00 ,0
 9> <info> app: hr,327,18047, 4.00 ,0
 9> <info> app: hr,328,18061, 4.00 ,0
 9> <info> app: hr,329,18071, 3.00 ,0
 9> <info> app: hr,330,18056, 3.00 ,0
 9> <info> app: hr,331,18064, 3.00 ,0
 9> <info> app: hr,332,18076, 3.00 ,0
 9> <info> app: hr,333,18081, 4.00 ,0
 9> <info> app: hr,334,18081, 3.00 ,0
 9> <info> app: hr,335,18061, 2.00 ,0
 9> <info> app: hr,336,18059, 2.00 ,0
 9> <info> app: hr,337,18052, 2.00 ,0
 9> <info> app: hr,338,18056, 2.00 ,0
 9> <info> app: hr,339,18073, 2.00 ,0
 9> <info> app: hr,340,18044, 2.00 ,0
 9> <info> app: hr,341,18100, 2.00 ,0
 9> <info> app: hr,342,18071, 1.00 ,0
 9> <info> app: hr,343,18066, 1.00 ,0
 9> <info> app: hr,344,18063, 1.00 ,0
 9> <info> app: hr,345,18061, 1.00 ,0
 9> <info> app: hr,346,18077, 1.00 ,0
 9> <info> app: hr,347,18065, 1.00 ,0
 9> <info> app: hr,348,18068, 1.00 ,0
 9> <info> app: hr,349,18053, 1.00 ,0
 9> <info> app: hr,350,18086, 1.00 ,0
 9> <info> app: hr,351,18078, 0.00 ,0
 9> <info> app: hr,352,18060, 0.00 ,-1
 9> <info> app: hr,353,18039, 0.00 ,0
 9> <info> app: hr,354,18071, 0.00 ,0
 9> <info> app: hr,355,18060, 0.00 ,0
 9> <info> app: hr,356,18088, 0.00 ,0
 9> <info> app: hr,357,18073, 0.00 ,0
 9> <info> app: hr,358,18061, 0.00 ,0
 9> <info> app: hr,359,18052, 0.00 ,0
 9> <info> app: hr,360,18084, 0.00 ,0
 9> <info> app: hr,361,18080, 0.00 ,0
 9> <info> app: hr,362,18091, 0.00 ,0
 9> <info> app: hr,363,18090, 0.00 ,0
 9> <info> app: hr,364,18077, 0.00 ,0
 9> <info> app: hr,365,18057, -1.00 ,-1
 9> <info> app: hr,366,18068, -1.00 ,-1
 9> <info> app: hr,367,18080, -1.00 ,-1
 9> <info> app: hr,368,18076, -2.00 ,-1
 9> <info> app: hr,369,18072, -2.00 ,-1
 9> <info> app: hr,370,18090, -2.00 ,-1
 9> <info> app: hr,371,18084, -2.00 ,-1
 9> <info> app: hr,372,18079, -2.00 ,-1
 9> <info> app: hr,373,18081, -2.00 ,-1
 9> <info> app: hr,374,18091, -3.00 ,-1
 9> <info> app: hr,375,18061, -3.00 ,-1
 9> <info> app: hr,376,18080, -3.00 ,-1
 9> <info> app: hr,377,18075, -4.00 ,-1
 9> <info> app: hr,378,18103, -3.00 ,-1
 9> <info> app: hr,379,18074, -4.00 ,-1
 9> <info> app: hr,380,18060, -4.00 ,-1
 9> <info> app: hr,381,18085, -4.00 ,-1
 9> <info> app: hr,382,18057, -5.00 ,-1
 9> <info> app: hr,383,18081, -4.00 ,-1
 9> <info> app: hr,384,18081, -4.00 ,-1
 9> <info> app: hr,385,18075, -5.00 ,-1
 9> <info> app: hr,386,18105, -5.00 ,-1
 9> <info> app: hr,387,18071, -4.00 ,-1
 9> <info> app: hr,388,18090, -5.00 ,-1
 9> <info> app: hr,389,18063, -5.00 ,-1
 9> <info> app: hr,390,18054, -5.00 ,-1
 9> <info> app: hr,391,18099, -5.00 ,-1
 9> <info> app: hr,392,18066, -5.00 ,-1
 9> <info> app: hr,393,18048, -5.00 ,-1
 9> <info> app: hr,394,18076, -4.00 ,-1
 9> <info> app: hr,395,18095, -4.00 ,-1
 9> <info> app: hr,396,18100, -4.00 ,-1
 9> <info> app: hr,397,18071, -4.00 ,-1
 9> <info> app: hr,398,18091, -5.00 ,-1
 9> <info> app: hr,399,18075, -4.00 ,-1
 9> <info> app: hr,400,18071, -4.00 ,-1
 9> <info> app: hr,401,18109, -4.00 ,-1
 9> <info> app: hr,402,18087, -5.00 ,-1
 9> <info> app: hr,403,18097, -4.00 ,-1
 9> <info> app: hr,404,18086, -4.00 ,-1
 9> <info> app: hr,405,18086, -5.00 ,-1
 9> <info> app: hr,406,18072, -5.00 ,-1
 9> <info> app: hr,407,18078, -4.00 ,-1
 9> <info> app: hr,408,18092, -4.00 ,-1
 9> <info> app: hr,409,18078, -5.00 ,-1
 9> <info> app: hr,410,18097, -5.00 ,-1
 9> <info> app: hr,411,18092, -4.00 ,-1
 9> <info> app: hr,412,18101, -5.00 ,-1
 9> <info> app: hr,413,18081, -5.00 ,-1
 9> <info> app: hr,414,18081, -5.00 ,-1
 9> <info> app: hr,415,18080, -5.00 ,-1
 9> <info> app: hr,416,18076, -5.00 ,-1
 9> <info> app: hr,417,18103, -5.00 ,-1
 9> <info> app: hr,418,18083, -4.00 ,-1
 9> <info> app: hr,419,18082, -5.00 ,-1
 9> <info> app: hr,420,18076, -5.00 ,-1
 9> <info> app: hr,421,18101, -5.00 ,-1
 9> <info> app: hr,422,18078, -4.00 ,-1
 9> <info> app: hr,423,18075, -5.00 ,-1
 9> <info> app: hr,424,18077, -5.00 ,-1
 9> <info> app: hr,425,18104, -5.00 ,-1
 9> <info> app: hr,426,18053, -4.00 ,-1
 9> <info> app: hr,427,18058, -4.00 ,-1
 9> <info> app: hr,428,18079, -4.00 ,-1
 9> <info> app: hr,429,18091, -4.00 ,-1
 9> <info> app: hr,430,18069, -3.00 ,-1
 9> <info> app: hr,431,18055, -3.00 ,-1
 9> <info> app: hr,432,18081, -3.00 ,-1
 9> <info> app: hr,433,18068, -3.00 ,-1
 9> <info> app: hr,434,18084, -2.00 ,-1
 9> <info> app: hr,435,18056, -2.00 ,-1
 9> <info> app: hr,436,18088, -2.00 ,-1
 9> <info> app: hr,437,18083, -1.00 ,0
 9> <info> app: hr,438,18064, -1.00 ,0
 9> <info> app: hr,439,18080, 0.00 ,0
 9> <info> app: hr,440,18055, 0.00 ,0
 9> <info> app: hr,441,18064, 0.00 ,0
 9> <info> app: hr,442,18077, 0.00 ,0
 9> <info> app: hr,443,18070, 0.00 ,0
 9> <info> app: hr,444,18076, 0.00 ,0
 9> <info> app: hr,445,18083, 1.00 ,0
 9> <info> app: hr,446,18062, 1.00 ,0
 9> <info> app: hr,447,18075, 1.00 ,0
 9> <info> app: hr,448,18065, 2.00 ,1
 9> <info> app: hr,449,18062, 2.00 ,0
 9> <info> app: hr,450,18077, 1.00 ,0
 9> <info> app: hr,451,18063, 2.00 ,0
 9> <info> app: hr,452,18059, 2.00 ,0
 9> <info> app: hr,453,18071, 3.00 ,0
 9> <info> app: hr,454,18050, 3.00 ,0
 9> <info> app: hr,455,18059, 3.00 ,0
 9> <info> app: hr,456,18066, 4.00 ,0
 9> <info> app: hr,457,18085, 3.00 ,0
 9> <info> app: hr,458,18063, 4.00 ,0
 9> <info> app: hr,459,18072, 4.00 ,0
 9> <info> app: hr,460,18065, 5.00 ,0
 9> <info> app: hr,461,18075, 4.00 ,0
 9> <info> app: hr,462,18073, 4.00 ,0
 9> <info> app: hr,463,18081, 5.00 ,0
 9> <info> app: hr,464,18092, 5.00 ,0
 9> <info> app: hr,465,18070, 4.00 ,0
 9> <info> app: hr,466,18072, 4.00 ,0
 9> <info> app: hr,467,18070, 4.00 ,0
 9> <info> app: hr,468,18067, 5.00 ,0
 9> <info> app: hr,469,18070, 4.00 ,0
 9> <info> app: hr,470,18084, 4.00 ,0
 9> <info> app: hr,471,18085, 4.00 ,0
 9> <info> app: hr,472,18069, 4.00 ,0
 9> <info> app: hr,473,18074, 4.00 ,0
 9> <info> app: hr,474,18081, 3.00 ,0
 9> <info> app: hr,475,18087, 3.00 ,0
 9> <info> app: hr,476,18075, 3.00 ,0
 9> <info> app: hr,477,18075, 3.00 ,0
 9> <info> app: hr,478,18069, 3.00 ,0
 9> <info> app: hr,479,18080, 2.00 ,0
 9> <info> app: hr,480,18076, 2.00 ,0
 9> <info> app: hr,481,18101, 2.00 ,0
 9> <info> app: hr,482,18081, 1.00 ,0
 9> <info> app: hr,483,18065, 1.00 ,0
 9> <info> app: hr,484,18091, 1.00 ,0
 9> <info> app: hr,485,18096, 1.00 ,0
 9> <info> app: hr,486,18073, 0.00 ,0
 9> <info> app: hr,487,18096, 0.00 ,0
 9> <info> app: hr,488,18082, 0.00 ,0
 9> <info> app: hr,489,18074, 0.00 ,0
 9> <info> app: hr,490,18083, 0.00 ,0
 9> <info> app: hr,491,18081, 0.00 ,0
 9> <info> app: hr,492,18083, 0.00 ,0
 9> <info> app: hr,493,18061, -1.00 ,0
 9> <info> app: hr,494,18082, -1.00 ,0
 9> <info> app: hr,495,18097, -1.00 ,0
 9> <info> app: hr,496,18076, -2.00 ,0
 9> <info> app: hr,497,18101, -2.00 ,0
 9> <info> app: hr,498,18066, -2.00 ,0
 9> <info> app: hr,499,18104, -2.00 ,0
 9> <info> app: hr,500,18090, -2.00 ,0
 9> <info> app: hr,501,18097, -2.00 ,0
 9> <info> app: hr,502,18115, -3.00 ,0
 9> <info> app: hr,503,18091, -3.00 ,0
 9> <info> app: hr,504,18082, -4.00 ,-1
 9> <info> app: hr,505,18109, -4.00 ,-1
 9> <info> app: hr,506,18086, -4.00 ,0
 9> <info> app: hr,507,18085, -4.00 ,0
 9> <info> app: hr,508,18080, -5.00 ,0
 9> <info> app: hr,509,18103, -5.00 ,0
 9> <info> app: hr,510,18096, -5.00 ,0
 9> <info> app: hr,511,18100, -5.00 ,0
 9> <info> app: hr,512,18090, -6.00 ,0
 9> <info> app: hr,513,18084, -5.00 ,0
 9> <info> app: hr,514,18086, -6.00 ,0
 9> <info> app: hr,515,18083, -6.00 ,0
 9> <info> app: hr,516,18085, -6.00 ,0
 9> <info> app: hr,517,18105, -6.00 ,0
 9> <info> app: hr,518,18125, -6.00 ,0
 9> <info> app: hr,519,18095, -7.00 ,0
 9> <info> app: hr,520,18068, -6.00 ,0
 9> <info> app: hr,521,18090, -7.00 ,0
 9> <info> app: hr,522,18076, -7.00 ,0
 9> <info> app: hr,523,18103, -6.00 ,0
 9> <info> app: hr,524,18097, -7.00 ,0
 9> <info> app: hr,525,18096, -6.00 ,0
 9> <info> app: hr,526,18102, -6.00 ,0
 9> <info> app: hr,527,18103, -7.00 ,0
 9> <info> app: hr,528,18104, -6.00 ,0
 9> <info> app: hr,529,18085, -6.00 ,0
 9> <info> app: hr,530,18095, -7.00 ,0
 9> <info> app: hr,531,18109, -6.00 ,0
 9> <info> app: hr,532,18091, -6.00 ,0
 9> <info> app: hr,533,18078, -7.00 ,0
 9> <info> app: hr,534,18095, -6.00 ,0
 9> <info> app: hr,535,18102, -6.00 ,0
 9> <info> app: hr,536,18081, -7.00 ,0
 9> <info> app: hr,537,18072, -6.00 ,0
 9> <info> app: hr,538,18100, -6.00 ,0
 9> <info> app: hr,539,18114, -6.00 ,0
 9> <info> app: hr,540,18089, -5.00 ,0
 9> <info> app: hr,541,18087, -5.00 ,0
 9> <info> app: hr,542,18095, -6.00 ,0
 9> <info> app: hr,543,18090, -5.00 ,0
 9> <info> app: hr,544,18098, -5.00 ,0
 9> <info> app: hr,545,18109, -5.00 ,0
 9> <info> app: hr,546,18083, -5.00 ,0
 9> <info> app: hr,547,18112, -4.00 ,0
 9> <info> app: hr,548,18107, -4.00 ,0
 9> <info> app: hr,549,18096, -5.00 ,0
 9> <info> app: hr,550,18107, -5.00 ,0
 9> <info> app: hr,551,18098, -4.00 ,0
 9> <info> app: hr,552,18074, -4.00 ,0
 9> <info> app: hr,553,18107, -4.00 ,0
 9> <info> app: hr,554,18092, -4.00 ,0
 9> <info> app: hr,555,18101, -4.00 ,0
 9> <info> app: hr,556,18102, -4.00 ,0
 9> <info> app: hr,557,18101, -4.00 ,0
 9> <info> app: hr,558,18099, -4.00 ,0
 9> <info> app: hr,559,18100, -4.00 ,0
 9> <info> app: hr,560,18087, -3.00 ,0
 9> <info> app: hr,561,18099, -4.00 ,0
 9> <info> app: hr,562,18095, -4.00 ,0
 9> <info> app: hr,563,18066, -4.00 ,0
 9> <info> app: hr,564,18076, -3.00 ,0
 9> <info> app: hr,565,18096, -3.00 ,0
 9> <info> app: hr,566,18095, -3.00 ,0
 9> <info> app: hr,567,18076, -2.00 ,0
 9> <info> app: hr,568,18074, -2.00 ,0
 9> <info> app: hr,569,18086, -2.00 ,0
 9> <info> app: hr,570,18088, -2.00 ,0
 9> <info> app: hr,571,18082, -1.00 ,0
 9> <info> app: hr,572,18100, 0.00 ,0
 9> <info> app: hr,573,18087, 0.00 ,0
 9> <info> app: hr,574,18080, 0.00 ,0
 9> <info> app: hr,575,18056, 0.00 ,0
 9> <info> app: hr,576,18078, 0.00 ,0
 9> <info> app: hr,577,18092, 0.00 ,0
 9> <info> app: hr,578,18065, 1.00 ,0
 9> <info> app: hr,579,18081, 1.00 ,0
 9> <info> app: hr,580,18106, 2.00 ,0
 9> <info> app: hr,581,18064, 2.00 ,0
 9> <info> app: hr,582,18066, 1.00 ,0
 9> <info> app: hr,583,18091, 2.00 ,0
 9> <info> app: hr,584,18101, 2.00 ,0
 9> <info> app: hr,585,18075, 3.00 ,0
 9> <info> app: hr,586,18091, 3.00 ,0
 9> <info> app: hr,587,18082, 3.00 ,0
 9> <info> app: hr,588,18080, 4.00 ,0
 9> <info> app: hr,589,18055, 3.00 ,0
 9> <info> app: hr,590,18087, 4.00 ,0
 9> <info> app: hr,591,18067, 4.00 ,0
 9> <info> app: hr,592,18091, 5.00 ,0
 9> <info> app: hr,593,18084, 4.00 ,0
 9> <info> app: hr,594,18075, 4.00 ,0
 9> <info> app: hr,595,18088, 5.00 ,0
 9> <info> app: hr,596,18075, 5.00 ,0
 9> <info> app: hr,597,18073, 4.00 ,0
 9> <info> app: hr,598,18088, 5.00 ,0
 9> <info> app: hr,599,18047, 5.00 ,0
 9> <info> app: hr,600,18060, 6.00 ,0
 9> <info> app: hr,601,18083, 5.00 ,0
 9> <info> app: hr,602,18079, 6.00 ,0
 9> <info> app: hr,603,18093, 6.00 ,0
 9> <info> app: hr,604,18065, 5.00 ,0
 9> <info> app: hr,605,18075, 6.00 ,0
 9> <info> app: hr,606,18061, 6.00 ,0
 9> <info> app: hr,607,18081, 5.00 ,0
 9> <info> app: hr,608,18080, 6.00 ,0
 9> <info> app: hr,609,18082, 6.00 ,0
 9> <info> app: hr,610,18076, 7.00 ,0
 9> <info> app: hr,611,18079, 6.00 ,0
 9> <info> app: hr,612,18068, 6.00 ,0
 9> <info> app: hr,613,18065, 6.00 ,0
 9> <info> app: hr,614,18080, 6.00 ,0
 9> <info> app: hr,615,18063, 6.00 ,0
 9> <info> app: hr,616,18097, 6.00 ,0
 9> <info> app: hr,617,18067, 6.00 ,0
 9> <info> app: hr,618,18070, 6.00 ,0
 9> <info> app: hr,619,18096, 6.00 ,0
 9> <info> app: hr,620,18097, 5.00 ,-1
 9> <info> app: hr,621,18075, 5.00 ,-1
 9> <info> app: hr,622,18066, 6.00 ,0
 9> <info> app: hr,623,18097, 5.00 ,0
 9> <info> app: hr,624,18064, 5.00 ,0
 9> <info> app: hr,625,18072, 5.00 ,0
 9> <info> app: hr,626,18076, 5.00 ,0
 9> <info> app: hr,627,18083, 4.00 ,0
 9> <info> app: hr,628,18063, 4.00 ,0
 9> <info> app: hr,629,18045, 4.00 ,0
 9> <info> app: hr,630,18075, 4.00 ,0
 9> <info> app: hr,631,18095, 3.00 ,0
 9> <info> app: hr,632,18076, 4.00 ,0
 9> <info> app: hr,633,18056, 4.00 ,0
 9> <info> app: hr,634,18083, 4.00 ,0
 9> <info> app: hr,635,18070, 4.00 ,0
 9> <info> app: hr,636,18076, 3.00 ,0
 9> <info> app: hr,637,18071, 3.00 ,0
 9> <info> app: hr,638,18064, 3.00 ,0
 9> <info> app: hr,639,18082, 3.00 ,0
 9> <info> app: hr,640,18072, 4.00 ,0
 9> <info> app: hr,641,18095, 3.00 ,0
 9> <info> app: hr,642,18084, 3.00 ,0
 9> <info> app: hr,643,18076, 3.00 ,0
 9> <info> app: hr,644,18070, 3.00 ,0
 9> <info> app: hr,645,18083, 3.00 ,0
 9> <info> app: hr,646,18096, 3.00 ,0
 9> <info> app: hr,647,18093, 2.00 ,-1
 9> <info> app: hr,648,18062, 1.00 ,-1
 9> <info> app: hr,649,18094, 1.00 ,-1
 9> <info> app: hr,650,18057, 1.00 ,0
 9> <info> app: hr,651,18075, 1.00 ,0
 9> <info> app: hr,652,18068, 1.00 ,0
 9> <info> app: hr,653,18100, 1.00 ,0
 9> <info> app: hr,654,18106, 1.00 ,0
 9> <info> app: hr,655,18072, 1.00 ,0
 9> <info> app: hr,656,18089, 0.00 ,0
 9> <info> app: hr,657,18078, 0.00 ,0
 9> <info> app: hr,658,18079, 0.00 ,0
 9> <info> app: hr,659,18093, 0.00 ,0
 9> <info> app: hr,660,18078, 0.00 ,0
 9> <info> app: hr,661,18074, 0.00 ,0
 9> <info> app: hr,662,18080, 0.00 ,0
 9> <info> app: hr,663,18078, 0.00 ,0
 9> <info> app: hr,664,18069, 0.00 ,0
 9> <info> app: hr,665,18075, 0.00 ,0
 9> <info> app: hr,666,18076, 0.00 ,0
 9> <info> app: hr,667,18084, -1.00 ,-1
 9> <info> app: hr,668,18103, -1.00 ,-1
 9> <info> app: hr,669,18087, -1.00 ,-1
 9> <info> app: hr,670,18060, -1.00 ,-1
 9> <info> app: hr,671,18078, -1.00 ,-1
 9> <info> app: hr,672,18090, -1.00 ,-1
 9> <info> app: hr,673,18083, -1.00 ,-1
 9> <info> app: hr,674,18077, -2.00 ,-1
 9> <info> app: hr,675,18093, -2.00 ,-1
 9> <info> app: hr,676,18081, -1.00 ,-1
 9> <info> app: hr,677,18066, -1.00 ,-1
 9> <info> app: hr,678,18072, -1.00 ,-1
 9> <info> app: hr,679,18089, -1.00 ,-1
 9> <info> app: hr,680,18081, -1.00 ,-1
 9> <info> app: hr,681,18065, -1.00 ,-1
 9> <info> app: hr,682,18087, -1.00 ,-1
 9> <info> app: hr,683,18078, -1.00 ,-1
 9> <info> app: hr,684,18084, -1.00 ,-1
 9> <info> app: hr,685,18085, -2.00 ,-1
 9> <info> app: hr,686,18083, -2.00 ,-1
 9> <info> app: hr,687,18103, -2.00 ,-1
 9> <info> app: hr,688,18086, -1.00 ,-1
 9> <info> app: hr,689,18067, -1.00 ,-1
 9> <info> app: hr,690,18064, -1.00 ,-1
 9> <info> app: hr,691,18080, -1.00 ,-1
 9> <info> app: hr,692,18078, -1.00 ,-1
 9> <info> app: hr,693,18068, -1.00 ,-1
 9> <info> app: hr,694,18098, -1.00 ,-1
 9> <info> app: hr,695,18072, -1.00 ,-1
 9> <info> app: hr,696,18074, -1.00 ,-1
 9> <info> app: hr,697,18100, -1.00 ,-1
 9> <info> app: hr,698,18082, -1.00 ,-1
 9> <info> app: hr,699,18066, -1.00 ,-1
 9> <info> app: hr,700,18088, -1.00 ,-1
 9> <info> app: hr,701,18075, 0.00 ,0
 9> <info> app: hr,702,18068, 0.00 ,0
 9> <info> app: hr,703,18087, 0.00 ,0
 9> <info> app: hr,704,18075, 0.00 ,0
 9> <info> app: hr,705,18083, 0.00 ,0
 9> <info> app: hr,706,18074, 0.00 ,0
 9> <info> app: hr,707,18048, 0.00 ,0
 9> <info> app: hr,708,18077, 0.00 ,0
 9> <info> app: hr,709,18089, 0.00 ,0
 9> <info> app: hr,710,18073, 0.00 ,0
 9> <info> app: hr,711,18061, 0.00 ,0
 9> <info> app: hr,712,18070, 0.00 ,0
 9> <info> app: hr,713,18082, 0.00 ,0
 9> <info> app: hr,714,18046, 0.00 ,0
 9> <info> app: hr,715,18049, 1.00 ,1
 9> <info> app: hr,716,18077, 1.00 ,1
 9> <info> app: hr,717,18057, 1.00 ,1
 9> <info> app: hr,718,18073, 2.00 ,1
 9> <info> app: hr,719,18057, 2.00 ,1
 9> <info> app: hr,720,18107, 2.00 ,1
 9> <info> app: hr,721,18062, 2.00 ,1
 9> <info> app: hr,722,18075, 2.00 ,1
 9> <info> app: hr,723,18051, 2.00 ,1
 9> <info> app: hr,724,18063, 3.00 ,1
 9> <info> app: hr,725,18080, 3.00 ,1
 9> <info> app: hr,726,18064, 4.00 ,1
 9> <info> app: hr,727,18079, 3.00 ,1
 9> <info> app: hr,728,18077, 3.00 ,1
 9> <info> app: hr,729,18079, 3.00 ,1
 9> <info> app: hr,730,18074, 4.00 ,1
 9> <info> app: hr,731,18058, 4.00 ,1
 9> <info> app: hr,732,18071, 3.00 ,1
 9> <info> app: hr,733,18065, 3.00 ,1
 9> <info> app: hr,734,18066, 4.00 ,1
 9> <info> app: hr,735,18075, 4.00 ,1
 9> <info> app: hr,736,18066, 4.00 ,1
 9> <info> app: hr,737,18058, 3.00 ,1
 9> <info> app: hr,738,18072, 4.00 ,1
 9> <info> app: hr,739,18067, 4.00 ,1
 9> <info> app: hr,740,18088, 4.00 ,1
 9> <info> app: hr,741,18076, 3.00 ,1
 9> <info> app: hr,742,18074, 3.00 ,1
 9> <info> app: hr,743,18075, 3.00 ,1
 9> <info> app: hr,744,18058, 3.00 ,1
 9> <info> app: hr,745,18057, 4.00 ,1
 9> <info> app: hr,746,18063, 4.00 ,1
 9> <info> app: hr,747,18071, 3.00 ,1
 9> <info> app: hr,748,18065, 3.00 ,1
 9> <info> app: hr,749,18080, 3.00 ,1
 9> <info> app: hr,750,18084, 3.00 ,1
 9> <info> app: hr,751,18082, 3.00 ,1
 9> <info> app: hr,752,18081, 2.00 ,1
 9> <info> app: hr,753,18060, 2.00 ,1
 9> <info> app: hr,754,18069, 2.00 ,1
 9> <info> app: hr,755,18063, 2.00 ,1
 9> <info> app: hr,756,18073, 2.00 ,1
 9> <info> app: hr,757,18065, 2.00 ,1
 9> <info> app: hr,758,18093, 2.00 ,1
 9> <info> app: hr,759,18091, 2.00 ,1
 9> <info> app: hr,760,18072, 1.00 ,0
 9> <info> app: hr,761,18078, 1.00 ,0
 9> <info> app: hr,762,18093, 1.00 ,0
 9> <info> app: hr,763,18075, 1.00 ,0
 9> <info> app: hr,764,18082, 1.00 ,0
 9> <info> app: hr,765,18080, 0.00 ,-1
 9> <info> app: hr,766,18073, 0.00 ,-1
 9> <info> app: hr,767,18067, 0.00 ,0
 9> <info> app: hr,768,18076, 0.00 ,0
 9> <info> app: hr,769,18073, 0.00 ,0
 9> <info> app: hr,770,18089, 0.00 ,0
 9> <info> app: hr,771,18109, 0.00 ,0
 9> <info> app: hr,772,18063, 0.00 ,0
 9> <info> app: hr,773,18108, -1.00 ,0
 9> <info> app: hr,774,18079, -1.00 ,0
 9> <info> app: hr,775,18085, -1.00 ,0
 9> <info> app: hr,776,18095, -2.00 ,0
 9> <info> app: hr,777,18097, -2.00 ,0
 9> <info> app: hr,778,18092, -3.00 ,0
 9> <info> app: hr,779,18087, -2.00 ,0
 9> <info> app: hr,780,18103, -3.00 ,0
 9> <info> app: hr,781,18075, -3.00 ,0
 9> <info> app: hr,782,18101, -4.00 ,0
 9> <info> app: hr,783,18079, -4.00 ,0
 9> <info> app: hr,784,18081, -4.00 ,0
 9> <info> app: hr,785,18087, -4.00 ,0
 9> <info> app: hr,786,18092, -5.00 ,0
 9> <info> app: hr,787,18102, -5.00 ,0
 9> <info> app: hr,788,18089, -5.00 ,0
 9> <info> app: hr,789,18084, -5.00 ,0
 9> <info> app: hr,790,18076, -6.00 ,0
 9> <info> app: hr,791,18059, -6.00 ,0
 9> <info> app: hr,792,18085, -5.00 ,0
 9> <info> app: hr,793,18080, -6.00 ,0
 9> <info> app: hr,794,18090, -6.00 ,0
 9> <info> app: hr,795,18094, -5.00 ,0
 9> <info> app: hr,796,18086, -6.00 ,0
 9> <info> app: hr,797,18085, -6.00 ,0
 9> <info> app: hr,798,18094, -5.00 ,0
 9> <info> app: hr,799,18092, -5.00 ,0
 9> <info> app: hr,800,18117, -6.00 ,0
 9> <info> app: hr,801,18100, -6.00 ,0
 9> <info> app: hr,802,18106, -5.00 ,0
 9> <info> app: hr,803,18097, -6.00 ,0
 9> <info> app: hr,804,18097, -6.00 ,0
 9> <info> app: hr,805,18116, -6.00 ,0
 9> <info> app: hr,806,18089, -6.00 ,0
 9> <info> app: hr,807,18099, -7.00 ,0
 9> <info> app: hr,808,18075, -6.00 ,0
 9> <info> app: hr,809,18082, -7.00 ,0
 9> <info> app: hr,810,18094, -7.00 ,0
 9> <info> app: hr,811,18086, -6.00 ,0
 9> <info> app: hr,812,18074, -7.00 ,0
 9> <info> app: hr,813,18089, -7.00 ,0
 9> <info> app: hr,814,18104, -6.00 ,0
 9> <info> app: hr,815,18102, -6.00 ,0
 9> <info> app: hr,816,18079, -7.00 ,0
 9> <info> app: hr,817,18110, -6.00 ,0
 9> <info> app: hr,818,18091, -6.00 ,0
 9> <info> app: hr,819,18112, -6.00 ,0
 9> <info> app: hr,820,18089, -6.00 ,0
 9> <info> app: hr,821,18079, -6.00 ,0
 9> <info> app: hr,822,18091, -6.00 ,0
 9> <info> app: hr,823,18093, -5.00 ,0
 9> <info> app: hr,824,18102, -5.00 ,0
 9> <info> app: hr,825,18100, -6.00 ,0
 9> <info> app: hr,826,18086, -5.00 ,0
 9> <info> app: hr,827,18092, -5.00 ,0
 9> <info> app: hr,828,18088, -5.00 ,0
 9> <info> app: hr,829,18080, -5.00 ,0
 9> <info> app: hr,830,18084, -4.00 ,0
 9> <info> app: hr,831,18089, -4.00 ,0
 9> <info> app: hr,832,18094, -4.00 ,0
 9> <info> app: hr,833,18093, -4.00 ,0
 9> <info> app: hr,834,18092, -3.00 ,0
 9> <info> app: hr,835,18100, -3.00 ,0
 9> <info> app: hr,836,18092, -3.00 ,0
 9> <info> app: hr,837,18063, -3.00 ,0
 9> <info> app: hr,838,18100, -3.00 ,0
 9> <info> app: hr,839,18087, -3.00 ,0
 9> <info> app: hr,840,18115, -2.00 ,0
 9> <info> app: hr,841,18063, -2.00 ,0
 9> <info> app: hr,842,18072, -2.00 ,0
 9> <info> app: hr,843,18064, -2.00 ,0
 9> <info> app: hr,844,18088, -2.00 ,0
 9> <info> app: hr,845,18077, -1.00 ,0
 9> <info> app: hr,846,18068, -1.00 ,0
 9> <info> app: hr,847,18072, -1.00 ,0
 9> <info> app: hr,848,18077, 0.00 ,0
 9> <info> app: hr,849,18093, 0.00 ,0
 9> <info> app: hr,850,18096, 0.00 ,0
 9> <info> app: hr,851,18094, 0.00 ,0
 9> <info> app: hr,852,18088, 0.00 ,0
 9> <info> app: hr,853,18078, 0.00 ,0
 9> <info> app: hr,854,18049, 1.00 ,0
 9> <info> app: hr,855,18105, 1.00 ,0
 9> <info> app: hr,856,18092, 1.00 ,0
 9> <info> app: hr,857,18084, 2.00 ,1
 9> <info> app: hr,858,18085, 2.00 ,0
 9> <info> app: hr,859,18091, 2.00 ,0
 9> <info> app: hr,860,18082, 2.00 ,0
 9> <info> app: hr,861,18078, 2.00 ,0
 9> <info> app: hr,862,18079, 2.00 ,0
 9> <info> app: hr,863,18073, 2.00 ,0
 9> <info> app: hr,864,18080, 2.00 ,0
 9> <info> app: hr,865,18073, 2.00 ,0
 9> <info> app: hr,866,18083, 3.00 ,0
 9> <info> app: hr,867,18095, 3.00 ,0
 9> <info> app: hr,868,18059, 3.00 ,0
 9> <info> app: hr,869,18090, 3.00 ,0
 9> <info> app: hr,870,18087, 3.00 ,0
 9> <info> app: hr,871,18080, 3.00 ,0
 9> <info> app: hr,872,18068, 3.00 ,0
 9> <info> app: hr,873,18066, 4.00 ,0
 9> <info> app: hr,874,18052, 3.00 ,0
 9> <info> app: hr,875,18083, 3.00 ,0
 9> <info> app: hr,876,18056, 4.00 ,0
 9> <info> app: hr,877,18071, 4.00 ,0
 9> <info> app: hr,878,18107, 4.00 ,0
 9> <info> app: hr,879,18106, 4.00 ,0
 9> <info> app: hr,880,18079, 4.00 ,0
 9> <info> app: hr,881,18098, 4.00 ,0
 9> <info> app: hr,882,18077, 4.00 ,0
 9> <info> app: hr,883,18057, 4.00 ,0
 9> <info> app: hr,884,18077, 4.00 ,0
 9> <info> app: hr,885,18087, 4.00 ,0
 9> <info> app: hr,886,18100, 4.00 ,0
 9> <info> app: hr,887,18058, 4.00 ,0
 9> <info> app: hr,888,18078, 3.00 ,-1
 9> <info> app: hr,889,18091, 3.00 ,-1
 9> <info> app: hr,890,18073, 3.00 ,0
 9> <info> app: hr,891,18069, 4.00 ,0
 9> <info> app: hr,892,18098, 4.00 ,0
 9> <info> app: hr,893,18106, 3.00 ,0
 9> <info> app: hr,894,18088, 3.00 ,0
 9> <info> app: hr,895,18084, 3.00 ,0
 9> <info> app: hr,896,18071, 3.00 ,0
 9> <info> app: hr,897,18090, 3.00 ,0
 9> <info> app: hr,898,18074, 2.00 ,0
 9> <info> app: hr,899,18056, 1.00 ,-1
 9> <info> app: hr,900,18071, 1.00 ,-1
 9> <info> app: hr,901,18059, 2.00 ,0
 9> <info> app: hr,902,18063, 2.00 ,0
 9> <info> app: hr,903,18091, 2.00 ,0
 9> <info> app: hr,904,18075, 2.00 ,0
 9> <info> app: hr,905,18077, 2.00 ,0
 9> <info> app: hr,906,18106, 2.00 ,0
 9> <info> app: hr,907,18088, 2.00 ,0
 9> <info> app: hr,908,18096, 1.00 ,0
 9> <info> app: hr,909,18068, 1.00 ,0
 9> <info> app: hr,910,18091, 1.00 ,0
 9> <info> app: hr,911,18087, 1.00 ,0
 9> <info> app: hr,912,18090, 1.00 ,0
 9> <info> app: hr,913,18089, 1.00 ,0
 9> <info> app: hr,914,18096, 1.00 ,0
 9> <info> app: hr,915,18081, 1.00 ,0
 9> <info> app: hr,916,18094, 0.00 ,0
 9> <info> app: hr,917,18082, 0.00 ,0
 9> <info> app: hr,918,18093, 0.00 ,0
 9> <info> app: hr,919,18101, 0.00 ,0
 9> <info> app: hr,920,18095, 0.00 ,0
 9> <info> app: hr,921,18079, 0.00 ,0
 9> <info> app: hr,922,18109, 0.00 ,0
 9> <info> app: hr,923,18051, 0.00 ,0
 9> <info> app: hr,924,18089, -1.00 ,0
 9> <info> app: hr,925,18088, -1.00 ,0
 9> <info> app: hr,926,18099, -1.00 ,0
 9> <info> app: hr,927,18106, -1.00 ,0
 9> <info> app: hr,928,18120, -2.00 ,0
 9> <info> app: hr,929,18080, -2.00 ,0
 9> <info> app: hr,930,18090, -3.00 ,-1
 9> <info> app: hr,931,18079, -2.00 ,0
 9> <info> app: hr,932,18104, -2.00 ,0
 9> <info> app: hr,933,18121, -3.00 ,0
 9> <info> app: hr,934,18086, -3.00 ,0
 9> <info> app: hr,935,18087, -4.00 ,0
 9> <info> app: hr,936,18090, -4.00 ,0
 9> <info> app: hr,937,18116, -3.00 ,0
 9> <info> app: hr,938,18088, -4.00 ,0
 9> <info> app: hr,939,18119, -4.00 ,0
 9> <info> app: hr,940,18096, -5.00 ,0
 9> <info> app: hr,941,18090, -4.00 ,0
 9> <info> app: hr,942,18083, -5.00 ,0
 9> <info> app: hr,943,18092, -5.00 ,0
 9> <info> app: hr,944,18087, -5.00 ,0
 9> <info> app: hr,945,18069, -5.00 ,0
 9> <info> app: hr,946,18080, -5.00 ,0
 9> <info> app: hr,947,18130, -5.00 ,0
 9> <info> app: hr,948,18094, -5.00 ,0
 9> <info> app: hr,949,18120, -5.00 ,0
 9> <info> app: hr,950,18108, -5.00 ,0
 9> <info> app: hr,951,18110, -6.00 ,-1
 9> <info> app: hr,952,18110, -5.00 ,0
 9> <info> app: hr,953,18103, -5.00 ,0
 9> <info> app: hr,954,18089, -6.00 ,0
 9> <info> app: hr,955,18084, -6.00 ,0
 9> <info> app: hr,956,18103, -6.00 ,0
 9> <info> app: hr,957,18091, -6.00 ,0
 9> <info> app: hr,958,18100, -6.00 ,0
 9> <info> app: hr,959,18098, -6.00 ,0
 9> <info> app: hr,960,18097, -6.00 ,0
 9> <info> app: hr,961,18100, -6.00 ,0
 9> <info> app: hr,962,18096, -5.00 ,0
 9> <info> app: hr,963,18114, -6.00 ,0
 9> <info> app: hr,964,18095, -6.00 ,0
 9> <info> app: hr,965,18096, -5.00 ,0
 9> <info> app: hr,966,18090, -5.00 ,0
 9> <info> app: hr,967,18078, -5.00 ,0
 9> <info> app: hr,968,18095, -6.00 ,0
 9> <info> app: hr,969,18098, -5.00 ,0
 9> <info> app: hr,970,18101, -5.00 ,0
 9> <info> app: hr,971,18087, -5.00 ,0
 9> <info> app: hr,972,18115, -4.00 ,0
 9> <info> app: hr,973,18078, -4.00 ,0
 9> <info> app: hr,974,18096, -4.00 ,0
 9> <info> app: hr,975,18107, -4.00 ,0
 9> <info> app: hr,976,18078, -4.00 ,0
 9> <info> app: hr,977,18084, -3.00 ,0
 9> <info> app: hr,978,18093, -3.00 ,0
 9> <info> app: hr,979,18097, -3.00 ,0
 9> <info> app: hr,980,18087, -3.00 ,0
 9> <info> app: hr,981,18104, -3.00 ,0
 9> <info> app: hr,982,18081, -2.00 ,0
 9> <info> app: hr,983,18107, -1.00 ,1
 9> <info> app: hr,984,18106, -1.00 ,1
 9> <info> app: hr,985,18089, -1.00 ,0
 9> <info> app: hr,986,18092, -1.00 ,0
 9> <info> app: hr,987,18085, -1.00 ,0
 9> <info> app: hr,988,18093, -1.00 ,0
 9> <info> app: hr,989,18082, -1.00 ,0
 9> <info> app: hr,990,18114, -1.00 ,0
 9> <info> app: hr,991,18081, -1.00 ,0
 9> <info> app: hr,992,18084, -1.00 ,0
 9> <info> app: hr,993,18079, 0.00 ,0
 9> <info> app: hr,994,18099, 0.00 ,0
 9> <info> app: hr,995,18089, 0.00 ,0
 9> <info> app: hr,996,18089, 0.00 ,0
 9> <info> app: hr,997,18090, 0.00 ,0
 9> <info> app: hr,998,18089, 0.00 ,0
 9> <info> app: hr,999,18090, 0.00 ,0
 9> <info> app: hr,1000,18067, 0.00 ,0
 9> <info> app: hr,1001,18067, 0.00 ,0
 9> <info> app: hr,1002,18052, 1.00 ,0
 9> <info> app: hr,1003,18090, 1.00 ,1
 9> <info> app: hr,1004,18079, 2.00 ,1
 9> <info> app: hr,1005,18093, 2.00 ,0
 9> <info> app: hr,1006,18079, 3.00 ,1
 9> <info> app: hr,1007,18088, 3.00 ,0
 9> <info> app: hr,1008,18068, 3.00 ,0
 9> <info> app: hr,1009,18084, 3.00 ,0
 9> <info> app: hr,1010,18088, 3.00 ,0
 9> <info> app: hr,1011,18071, 4.00 ,0
 9> <info> app: hr,1012,18075, 4.00 ,0
 9> <info> app: hr,1013,18089, 5.00 ,0
 9> <info> app: hr,1014,18081, 4.00 ,0
 9> <info> app: hr,1015,18083, 5.00 ,0
 9> <info> app: hr,1016,18070, 5.00 ,0
 9> <info> app: hr,1017,18086, 5.00 ,0
 9> <info> app: hr,1018,18076, 5.00 ,0
 9> 
 9> Plus Signal 1, 163
 9> Minus Signal -1, 215
 9> plus_index 163, minus_index 215, Peak Index, 191,194,195,197,198,199,203,
 9> Plus Signal 1, 448
 9> Minus Signal -1, 504
 9> plus_index 448, minus_index 504, Peak Index, 460,463,464,468,
 9> Plus Signal 1, 715
 9> Minus Signal -1, 765
 9> plus_index 715, minus_index 765, Peak Index, 726,730,731,734,735,736,738,739,740,745,746,
 9> Plus Signal 1, 857
 9> Minus Signal -1, 888
 9> plus_index 857, minus_index 888, Peak Index, 873,876,877,878,879,880,881,882,883,884,885,886,887,
# Logging stopped @ 23 Nov 2018 14:49:44
