# SEGGER J-Link RTT Viewer V6.16a Terminal Log File
# Compiled: 12:44:10 on Jun  6 2017
# Logging started @ 23 Nov 2018 15:03:20
<info> app: ***********  Application started  ***********
 9> 
 9> <info> app: [OK] NRF Power ON 0x0004. 
 9> <info> app: Read MAC:CC34D2110EF6
 9> <info> app: ***********  Sensor initial ***********
 9> <info> app: [OK]	BMI160
 9> <info> app: [OK]	SETUP ACC
 9> <info> app: [OK]	SETUP STEP COUNT
 9> <info> app: [OK]	FLASH MEMORY
 9> <info> app: [OK]	OLED Initial
 9> <info> app: [OK]	Max30102 Initial, Temperature 34.43
 9> <info> app: ********** End sensor initial *********
 9> 
 9> <info> app: Max30102 Found
 9> 
 9> <info> app: HR Begin
 9> 
 9> <info> app: 1019
 9> <info> app: hr,50,16849, -3.00 ,0
 9> <info> app: hr,51,16855, -3.00 ,0
 9> <info> app: hr,52,16862, -4.00 ,0
 9> <info> app: hr,53,16847, -4.00 ,0
 9> <info> app: hr,54,16822, -4.00 ,0
 9> <info> app: hr,55,16857, -4.00 ,0
 9> <info> app: hr,56,16844, -4.00 ,0
 9> <info> app: hr,57,16839, -5.00 ,0
 9> <info> app: hr,58,16858, -5.00 ,0
 9> <info> app: hr,59,16835, -4.00 ,0
 9> <info> app: hr,60,16825, -5.00 ,0
 9> <info> app: hr,61,16833, -5.00 ,0
 9> <info> app: hr,62,16862, -5.00 ,0
 9> <info> app: hr,63,16838, -5.00 ,0
 9> <info> app: hr,64,16819, -5.00 ,0
 9> <info> app: hr,65,16837, -5.00 ,0
 9> <info> app: hr,66,16848, -4.00 ,0
 9> <info> app: hr,67,16851, -4.00 ,0
 9> <info> app: hr,68,16879, -4.00 ,0
 9> <info> app: hr,69,16860, -5.00 ,0
 9> <info> app: hr,70,16831, -5.00 ,0
 9> <info> app: hr,71,16845, -4.00 ,0
 9> <info> app: hr,72,16835, -5.00 ,0
 9> <info> app: hr,73,16852, -5.00 ,0
 9> <info> app: hr,74,16829, -4.00 ,0
 9> <info> app: hr,75,16842, -4.00 ,0
 9> <info> app: hr,76,16838, -4.00 ,0
 9> <info> app: hr,77,16828, -4.00 ,0
 9> <info> app: hr,78,16858, -5.00 ,0
 9> <info> app: hr,79,16857, -4.00 ,0
 9> <info> app: hr,80,16854, -4.00 ,0
 9> <info> app: hr,81,16844, -4.00 ,0
 9> <info> app: hr,82,16824, -4.00 ,0
 9> <info> app: hr,83,16845, -3.00 ,0
 9> <info> app: hr,84,16843, -3.00 ,0
 9> <info> app: hr,85,16861, -3.00 ,0
 9> <info> app: hr,86,16802, -3.00 ,0
 9> <info> app: hr,87,16835, -3.00 ,0
 9> <info> app: hr,88,16808, -3.00 ,0
 9> <info> app: hr,89,16827, -2.00 ,0
 9> <info> app: hr,90,16810, -2.00 ,0
 9> <info> app: hr,91,16820, -1.00 ,1
 9> <info> app: hr,92,16825, -1.00 ,1
 9> <info> app: hr,93,16830, -1.00 ,0
 9> <info> app: hr,94,16819, 0.00 ,0
 9> <info> app: hr,95,16827, 0.00 ,0
 9> <info> app: hr,96,16831, 0.00 ,0
 9> <info> app: hr,97,16831, 0.00 ,0
 9> <info> app: hr,98,16805, 1.00 ,0
 9> <info> app: hr,99,16820, 1.00 ,0
 9> <info> app: hr,100,16854, 2.00 ,0
 9> <info> app: hr,101,16823, 3.00 ,1
 9> <info> app: hr,102,16807, 3.00 ,0
 9> <info> app: hr,103,16812, 3.00 ,0
 9> <info> app: hr,104,16832, 3.00 ,0
 9> <info> app: hr,105,16819, 4.00 ,0
 9> <info> app: hr,106,16811, 4.00 ,0
 9> <info> app: hr,107,16809, 5.00 ,0
 9> <info> app: hr,108,16822, 5.00 ,0
 9> <info> app: hr,109,16814, 5.00 ,0
 9> <info> app: hr,110,16814, 6.00 ,0
 9> <info> app: hr,111,16811, 7.00 ,0
 9> <info> app: hr,112,16823, 7.00 ,0
 9> <info> app: hr,113,16813, 7.00 ,0
 9> <info> app: hr,114,16816, 7.00 ,0
 9> <info> app: hr,115,16840, 8.00 ,0
 9> <info> app: hr,116,16811, 8.00 ,0
 9> <info> app: hr,117,16840, 8.00 ,0
 9> <info> app: hr,118,16822, 8.00 ,0
 9> <info> app: hr,119,16815, 8.00 ,0
 9> <info> app: hr,120,16813, 8.00 ,0
 9> <info> app: hr,121,16817, 8.00 ,0
 9> <info> app: hr,122,16807, 8.00 ,0
 9> <info> app: hr,123,16820, 9.00 ,0
 9> <info> app: hr,124,16794, 8.00 ,0
 9> <info> app: hr,125,16815, 9.00 ,0
 9> <info> app: hr,126,16838, 8.00 ,0
 9> <info> app: hr,127,16807, 9.00 ,0
 9> <info> app: hr,128,16827, 8.00 ,0
 9> <info> app: hr,129,16838, 9.00 ,0
 9> <info> app: hr,130,16802, 8.00 ,0
 9> <info> app: hr,131,16799, 8.00 ,0
 9> <info> app: hr,132,16827, 9.00 ,0
 9> <info> app: hr,133,16832, 8.00 ,0
 9> <info> app: hr,134,16839, 8.00 ,0
 9> <info> app: hr,135,16824, 8.00 ,0
 9> <info> app: hr,136,16777, 8.00 ,0
 9> <info> app: hr,137,16810, 7.00 ,0
 9> <info> app: hr,138,16825, 7.00 ,0
 9> <info> app: hr,139,16821, 8.00 ,0
 9> <info> app: hr,140,16826, 7.00 ,0
 9> <info> app: hr,141,16841, 7.00 ,0
 9> <info> app: hr,142,16823, 6.00 ,0
 9> <info> app: hr,143,16822, 6.00 ,0
 9> <info> app: hr,144,16839, 6.00 ,0
 9> <info> app: hr,145,16808, 5.00 ,0
 9> <info> app: hr,146,16817, 5.00 ,0
 9> <info> app: hr,147,16811, 5.00 ,0
 9> <info> app: hr,148,16849, 5.00 ,0
 9> <info> app: hr,149,16835, 4.00 ,0
 9> <info> app: hr,150,16789, 4.00 ,0
 9> <info> app: hr,151,16840, 4.00 ,0
 9> <info> app: hr,152,16808, 4.00 ,0
 9> <info> app: hr,153,16823, 3.00 ,0
 9> <info> app: hr,154,16843, 3.00 ,0
 9> <info> app: hr,155,16809, 3.00 ,0
 9> <info> app: hr,156,16794, 3.00 ,0
 9> <info> app: hr,157,16836, 2.00 ,0
 9> <info> app: hr,158,16830, 2.00 ,0
 9> <info> app: hr,159,16827, 2.00 ,0
 9> <info> app: hr,160,16809, 1.00 ,0
 9> <info> app: hr,161,16816, 1.00 ,0
 9> <info> app: hr,162,16833, 1.00 ,0
 9> <info> app: hr,163,16823, 1.00 ,0
 9> <info> app: hr,164,16816, 1.00 ,0
 9> <info> app: hr,165,16827, 1.00 ,0
 9> <info> app: hr,166,16810, 1.00 ,0
 9> <info> app: hr,167,16814, 1.00 ,0
 9> <info> app: hr,168,16820, 1.00 ,0
 9> <info> app: hr,169,16852, 1.00 ,0
 9> <info> app: hr,170,16839, 0.00 ,-1
 9> <info> app: hr,171,16830, 0.00 ,-1
 9> <info> app: hr,172,16812, 0.00 ,0
 9> <info> app: hr,173,16801, 0.00 ,0
 9> <info> app: hr,174,16848, 0.00 ,0
 9> <info> app: hr,175,16793, 0.00 ,0
 9> <info> app: hr,176,16819, 0.00 ,0
 9> <info> app: hr,177,16835, 0.00 ,0
 9> <info> app: hr,178,16849, 0.00 ,0
 9> <info> app: hr,179,16831, 0.00 ,0
 9> <info> app: hr,180,16834, 0.00 ,0
 9> <info> app: hr,181,16819, 0.00 ,0
 9> <info> app: hr,182,16807, 0.00 ,0
 9> <info> app: hr,183,16839, -1.00 ,-1
 9> <info> app: hr,184,16822, -1.00 ,-1
 9> <info> app: hr,185,16807, -1.00 ,-1
 9> <info> app: hr,186,16835, -1.00 ,-1
 9> <info> app: hr,187,16825, -1.00 ,-1
 9> <info> app: hr,188,16845, -1.00 ,-1
 9> <info> app: hr,189,16839, -2.00 ,-1
 9> <info> app: hr,190,16824, -2.00 ,-1
 9> <info> app: hr,191,16842, -2.00 ,-1
 9> <info> app: hr,192,16822, -1.00 ,-1
 9> <info> app: hr,193,16842, -2.00 ,-1
 9> <info> app: hr,194,16850, -2.00 ,-1
 9> <info> app: hr,195,16836, -2.00 ,-1
 9> <info> app: hr,196,16824, -3.00 ,-1
 9> <info> app: hr,197,16829, -3.00 ,-1
 9> <info> app: hr,198,16833, -3.00 ,-1
 9> <info> app: hr,199,16840, -3.00 ,-1
 9> <info> app: hr,200,16836, -3.00 ,-1
 9> <info> app: hr,201,16812, -3.00 ,-1
 9> <info> app: hr,202,16833, -4.00 ,-1
 9> <info> app: hr,203,16843, -4.00 ,-1
 9> <info> app: hr,204,16842, -3.00 ,-1
 9> <info> app: hr,205,16843, -3.00 ,-1
 9> <info> app: hr,206,16827, -4.00 ,-1
 9> <info> app: hr,207,16817, -4.00 ,-1
 9> <info> app: hr,208,16818, -4.00 ,-1
 9> <info> app: hr,209,16821, -4.00 ,-1
 9> <info> app: hr,210,16856, -4.00 ,-1
 9> <info> app: hr,211,16814, -4.00 ,-1
 9> <info> app: hr,212,16814, -4.00 ,-1
 9> <info> app: hr,213,16802, -3.00 ,-1
 9> <info> app: hr,214,16811, -3.00 ,-1
 9> <info> app: hr,215,16808, -3.00 ,-1
 9> <info> app: hr,216,16804, -3.00 ,-1
 9> <info> app: hr,217,16817, -3.00 ,-1
 9> <info> app: hr,218,16817, -2.00 ,-1
 9> <info> app: hr,219,16819, -1.00 ,0
 9> <info> app: hr,220,16821, -1.00 ,0
 9> <info> app: hr,221,16805, 0.00 ,0
 9> <info> app: hr,222,16792, 0.00 ,0
 9> <info> app: hr,223,16807, 0.00 ,0
 9> <info> app: hr,224,16802, 0.00 ,0
 9> <info> app: hr,225,16807, 0.00 ,0
 9> <info> app: hr,226,16818, 1.00 ,0
 9> <info> app: hr,227,16801, 2.00 ,1
 9> <info> app: hr,228,16800, 2.00 ,1
 9> <info> app: hr,229,16788, 3.00 ,1
 9> <info> app: hr,230,16777, 3.00 ,1
 9> <info> app: hr,231,16778, 3.00 ,1
 9> <info> app: hr,232,16783, 4.00 ,1
 9> <info> app: hr,233,16808, 5.00 ,1
 9> <info> app: hr,234,16791, 5.00 ,1
 9> <info> app: hr,235,16781, 6.00 ,1
 9> <info> app: hr,236,16779, 7.00 ,1
 9> <info> app: hr,237,16801, 7.00 ,1
 9> <info> app: hr,238,16791, 8.00 ,1
 9> <info> app: hr,239,16813, 9.00 ,1
 9> <info> app: hr,240,16778, 10.00 ,1
 9> <info> app: hr,241,16806, 10.00 ,1
 9> <info> app: hr,242,16817, 10.00 ,1
 9> <info> app: hr,243,16793, 11.00 ,1
 9> <info> app: hr,244,16772, 11.00 ,1
 9> <info> app: hr,245,16771, 11.00 ,0
 9> <info> app: hr,246,16790, 12.00 ,1
 9> <info> app: hr,247,16774, 12.00 ,0
 9> <info> app: hr,248,16783, 13.00 ,0
 9> <info> app: hr,249,16786, 13.00 ,0
 9> <info> app: hr,250,16802, 13.00 ,0
 9> <info> app: hr,251,16787, 14.00 ,0
 9> <info> app: hr,252,16766, 14.00 ,0
 9> <info> app: hr,253,16791, 14.00 ,0
 9> <info> app: hr,254,16780, 14.00 ,0
 9> <info> app: hr,255,16780, 15.00 ,0
 9> <info> app: hr,256,16788, 14.00 ,0
 9> <info> app: hr,257,16763, 14.00 ,0
 9> <info> app: hr,258,16773, 14.00 ,0
 9> <info> app: hr,259,16787, 15.00 ,0
 9> <info> app: hr,260,16789, 15.00 ,0
 9> <info> app: hr,261,16792, 15.00 ,0
 9> <info> app: hr,262,16792, 15.00 ,0
 9> <info> app: hr,263,16794, 15.00 ,0
 9> <info> app: hr,264,16792, 15.00 ,0
 9> <info> app: hr,265,16779, 15.00 ,0
 9> <info> app: hr,266,16773, 14.00 ,0
 9> <info> app: hr,267,16802, 15.00 ,0
 9> <info> app: hr,268,16779, 14.00 ,0
 9> <info> app: hr,269,16787, 14.00 ,0
 9> <info> app: hr,270,16797, 13.00 ,0
 9> <info> app: hr,271,16780, 14.00 ,0
 9> <info> app: hr,272,16780, 13.00 ,0
 9> <info> app: hr,273,16800, 12.00 ,-1
 9> <info> app: hr,274,16802, 13.00 ,0
 9> <info> app: hr,275,16793, 12.00 ,0
 9> <info> app: hr,276,16800, 11.00 ,0
 9> <info> app: hr,277,16772, 11.00 ,0
 9> <info> app: hr,278,16770, 10.00 ,0
 9> <info> app: hr,279,16803, 10.00 ,0
 9> <info> app: hr,280,16779, 10.00 ,0
 9> <info> app: hr,281,16787, 10.00 ,0
 9> <info> app: hr,282,16789, 9.00 ,0
 9> <info> app: hr,283,16773, 9.00 ,0
 9> <info> app: hr,284,16796, 8.00 ,0
 9> <info> app: hr,285,16788, 8.00 ,0
 9> <info> app: hr,286,16794, 7.00 ,-1
 9> <info> app: hr,287,16792, 7.00 ,0
 9> <info> app: hr,288,16792, 7.00 ,0
 9> <info> app: hr,289,16792, 6.00 ,0
 9> <info> app: hr,290,16804, 6.00 ,0
 9> <info> app: hr,291,16788, 6.00 ,0
 9> <info> app: hr,292,16785, 5.00 ,0
 9> <info> app: hr,293,16803, 5.00 ,0
 9> <info> app: hr,294,16800, 5.00 ,0
 9> <info> app: hr,295,16796, 3.00 ,-1
 9> <info> app: hr,296,16802, 3.00 ,-1
 9> <info> app: hr,297,16801, 3.00 ,0
 9> <info> app: hr,298,16809, 3.00 ,0
 9> <info> app: hr,299,16794, 2.00 ,0
 9> <info> app: hr,300,16799, 2.00 ,0
 9> <info> app: hr,301,16802, 1.00 ,0
 9> <info> app: hr,302,16782, 0.00 ,0
 9> <info> app: hr,303,16799, 0.00 ,0
 9> <info> app: hr,304,16796, 0.00 ,0
 9> <info> app: hr,305,16818, 0.00 ,0
 9> <info> app: hr,306,16785, 0.00 ,0
 9> <info> app: hr,307,16796, -1.00 ,0
 9> <info> app: hr,308,16812, -1.00 ,0
 9> <info> app: hr,309,16800, -1.00 ,0
 9> <info> app: hr,310,16832, -2.00 ,0
 9> <info> app: hr,311,16819, -1.00 ,0
 9> <info> app: hr,312,16793, -2.00 ,0
 9> <info> app: hr,313,16815, -2.00 ,0
 9> <info> app: hr,314,16795, -3.00 ,0
 9> <info> app: hr,315,16786, -3.00 ,0
 9> <info> app: hr,316,16788, -4.00 ,0
 9> <info> app: hr,317,16821, -4.00 ,0
 9> <info> app: hr,318,16814, -4.00 ,0
 9> <info> app: hr,319,16798, -4.00 ,0
 9> <info> app: hr,320,16808, -5.00 ,0
 9> <info> app: hr,321,16809, -5.00 ,0
 9> <info> app: hr,322,16813, -5.00 ,0
 9> <info> app: hr,323,16816, -5.00 ,0
 9> <info> app: hr,324,16811, -6.00 ,0
 9> <info> app: hr,325,16805, -5.00 ,0
 9> <info> app: hr,326,16816, -6.00 ,0
 9> <info> app: hr,327,16794, -6.00 ,0
 9> <info> app: hr,328,16801, -6.00 ,0
 9> <info> app: hr,329,16806, -6.00 ,0
 9> <info> app: hr,330,16818, -7.00 ,0
 9> <info> app: hr,331,16845, -6.00 ,0
 9> <info> app: hr,332,16803, -6.00 ,0
 9> <info> app: hr,333,16824, -7.00 ,0
 9> <info> app: hr,334,16802, -7.00 ,0
 9> <info> app: hr,335,16788, -7.00 ,0
 9> <info> app: hr,336,16811, -7.00 ,0
 9> <info> app: hr,337,16814, -7.00 ,0
 9> <info> app: hr,338,16812, -7.00 ,0
 9> <info> app: hr,339,16812, -8.00 ,0
 9> <info> app: hr,340,16788, -7.00 ,0
 9> <info> app: hr,341,16826, -7.00 ,0
 9> <info> app: hr,342,16828, -7.00 ,0
 9> <info> app: hr,343,16801, -7.00 ,0
 9> <info> app: hr,344,16792, -7.00 ,0
 9> <info> app: hr,345,16795, -7.00 ,0
 9> <info> app: hr,346,16814, -7.00 ,0
 9> <info> app: hr,347,16811, -6.00 ,1
 9> <info> app: hr,348,16823, -6.00 ,1
 9> <info> app: hr,349,16785, -6.00 ,0
 9> <info> app: hr,350,16803, -6.00 ,0
 9> <info> app: hr,351,16799, -6.00 ,0
 9> <info> app: hr,352,16780, -6.00 ,0
 9> <info> app: hr,353,16828, -5.00 ,0
 9> <info> app: hr,354,16790, -5.00 ,0
 9> <info> app: hr,355,16802, -5.00 ,0
 9> <info> app: hr,356,16783, -5.00 ,0
 9> <info> app: hr,357,16797, -3.00 ,0
 9> <info> app: hr,358,16801, -3.00 ,0
 9> <info> app: hr,359,16794, -3.00 ,0
 9> <info> app: hr,360,16781, -3.00 ,0
 9> <info> app: hr,361,16792, -2.00 ,0
 9> <info> app: hr,362,16802, -2.00 ,0
 9> <info> app: hr,363,16798, -1.00 ,0
 9> <info> app: hr,364,16796, 0.00 ,0
 9> <info> app: hr,365,16809, 0.00 ,0
 9> <info> app: hr,366,16780, 0.00 ,0
 9> <info> app: hr,367,16795, 0.00 ,0
 9> <info> app: hr,368,16780, 0.00 ,0
 9> <info> app: hr,369,16788, 0.00 ,0
 9> <info> app: hr,370,16782, 1.00 ,0
 9> <info> app: hr,371,16792, 1.00 ,0
 9> <info> app: hr,372,16812, 2.00 ,0
 9> <info> app: hr,373,16813, 2.00 ,0
 9> <info> app: hr,374,16782, 2.00 ,0
 9> <info> app: hr,375,16777, 2.00 ,0
 9> <info> app: hr,376,16812, 2.00 ,0
 9> <info> app: hr,377,16784, 3.00 ,0
 9> <info> app: hr,378,16785, 3.00 ,0
 9> <info> app: hr,379,16799, 4.00 ,0
 9> <info> app: hr,380,16817, 3.00 ,0
 9> <info> app: hr,381,16775, 3.00 ,0
 9> <info> app: hr,382,16794, 4.00 ,0
 9> <info> app: hr,383,16807, 4.00 ,0
 9> <info> app: hr,384,16811, 4.00 ,0
 9> <info> app: hr,385,16793, 4.00 ,0
 9> <info> app: hr,386,16789, 4.00 ,0
 9> <info> app: hr,387,16812, 4.00 ,0
 9> <info> app: hr,388,16799, 4.00 ,0
 9> <info> app: hr,389,16780, 3.00 ,0
 9> <info> app: hr,390,16798, 3.00 ,0
 9> <info> app: hr,391,16806, 4.00 ,0
 9> <info> app: hr,392,16797, 4.00 ,0
 9> <info> app: hr,393,16811, 4.00 ,0
 9> <info> app: hr,394,16784, 3.00 ,0
 9> <info> app: hr,395,16770, 3.00 ,0
 9> <info> app: hr,396,16835, 3.00 ,0
 9> <info> app: hr,397,16814, 3.00 ,0
 9> <info> app: hr,398,16794, 3.00 ,0
 9> <info> app: hr,399,16820, 3.00 ,0
 9> <info> app: hr,400,16829, 2.00 ,0
 9> <info> app: hr,401,16805, 2.00 ,0
 9> <info> app: hr,402,16809, 2.00 ,0
 9> <info> app: hr,403,16794, 1.00 ,-1
 9> <info> app: hr,404,16785, 1.00 ,0
 9> <info> app: hr,405,16813, 1.00 ,0
 9> <info> app: hr,406,16787, 1.00 ,0
 9> <info> app: hr,407,16796, 0.00 ,0
 9> <info> app: hr,408,16789, 0.00 ,0
 9> <info> app: hr,409,16807, 0.00 ,0
 9> <info> app: hr,410,16824, 0.00 ,0
 9> <info> app: hr,411,16794, 0.00 ,0
 9> <info> app: hr,412,16813, 0.00 ,0
 9> <info> app: hr,413,16808, 0.00 ,0
 9> <info> app: hr,414,16795, 0.00 ,0
 9> <info> app: hr,415,16821, 0.00 ,0
 9> <info> app: hr,416,16816, 0.00 ,0
 9> <info> app: hr,417,16820, 0.00 ,0
 9> <info> app: hr,418,16813, -1.00 ,-1
 9> <info> app: hr,419,16821, -1.00 ,-1
 9> <info> app: hr,420,16804, -1.00 ,-1
 9> <info> app: hr,421,16805, -2.00 ,-1
 9> <info> app: hr,422,16796, -2.00 ,-1
 9> <info> app: hr,423,16790, -3.00 ,-1
 9> <info> app: hr,424,16822, -3.00 ,-1
 9> <info> app: hr,425,16813, -2.00 ,-1
 9> <info> app: hr,426,16795, -2.00 ,-1
 9> <info> app: hr,427,16811, -3.00 ,-1
 9> <info> app: hr,428,16818, -3.00 ,-1
 9> <info> app: hr,429,16823, -3.00 ,-1
 9> <info> app: hr,430,16805, -4.00 ,-1
 9> <info> app: hr,431,16809, -3.00 ,-1
 9> <info> app: hr,432,16803, -3.00 ,-1
 9> <info> app: hr,433,16814, -3.00 ,-1
 9> <info> app: hr,434,16837, -4.00 ,-1
 9> <info> app: hr,435,16801, -4.00 ,-1
 9> <info> app: hr,436,16840, -3.00 ,-1
 9> <info> app: hr,437,16815, -4.00 ,-1
 9> <info> app: hr,438,16804, -4.00 ,-1
 9> <info> app: hr,439,16821, -5.00 ,-1
 9> <info> app: hr,440,16800, -4.00 ,-1
 9> <info> app: hr,441,16806, -4.00 ,-1
 9> <info> app: hr,442,16817, -5.00 ,-1
 9> <info> app: hr,443,16838, -5.00 ,-1
 9> <info> app: hr,444,16821, -4.00 ,-1
 9> <info> app: hr,445,16836, -5.00 ,-1
 9> <info> app: hr,446,16847, -5.00 ,-1
 9> <info> app: hr,447,16838, -6.00 ,-1
 9> <info> app: hr,448,16825, -6.00 ,-1
 9> <info> app: hr,449,16802, -6.00 ,-1
 9> <info> app: hr,450,16829, -7.00 ,-1
 9> <info> app: hr,451,16845, -6.00 ,-1
 9> <info> app: hr,452,16804, -7.00 ,-1
 9> <info> app: hr,453,16812, -7.00 ,-1
 9> <info> app: hr,454,16851, -7.00 ,-1
 9> <info> app: hr,455,16814, -7.00 ,-1
 9> <info> app: hr,456,16824, -8.00 ,-1
 9> <info> app: hr,457,16815, -8.00 ,-1
 9> <info> app: hr,458,16829, -8.00 ,-1
 9> <info> app: hr,459,16812, -7.00 ,-1
 9> <info> app: hr,460,16825, -8.00 ,-1
 9> <info> app: hr,461,16820, -7.00 ,-1
 9> <info> app: hr,462,16841, -8.00 ,-1
 9> <info> app: hr,463,16842, -8.00 ,-1
 9> <info> app: hr,464,16843, -8.00 ,-1
 9> <info> app: hr,465,16829, -8.00 ,-1
 9> <info> app: hr,466,16828, -8.00 ,-1
 9> <info> app: hr,467,16828, -8.00 ,-1
 9> <info> app: hr,468,16846, -9.00 ,-1
 9> <info> app: hr,469,16842, -8.00 ,-1
 9> <info> app: hr,470,16831, -9.00 ,-1
 9> <info> app: hr,471,16814, -8.00 ,-1
 9> <info> app: hr,472,16849, -9.00 ,-1
 9> <info> app: hr,473,16833, -8.00 ,-1
 9> <info> app: hr,474,16855, -9.00 ,-1
 9> <info> app: hr,475,16848, -9.00 ,-1
 9> <info> app: hr,476,16822, -9.00 ,-1
 9> <info> app: hr,477,16827, -9.00 ,-1
 9> <info> app: hr,478,16834, -9.00 ,-1
 9> <info> app: hr,479,16854, -9.00 ,-1
 9> <info> app: hr,480,16840, -9.00 ,-1
 9> <info> app: hr,481,16817, -9.00 ,-1
 9> <info> app: hr,482,16825, -9.00 ,-1
 9> <info> app: hr,483,16837, -10.00 ,-1
 9> <info> app: hr,484,16828, -9.00 ,-1
 9> <info> app: hr,485,16816, -9.00 ,-1
 9> <info> app: hr,486,16839, -9.00 ,-1
 9> <info> app: hr,487,16846, -9.00 ,-1
 9> <info> app: hr,488,16830, -8.00 ,-1
 9> <info> app: hr,489,16821, -9.00 ,-1
 9> <info> app: hr,490,16807, -8.00 ,-1
 9> <info> app: hr,491,16818, -8.00 ,-1
 9> <info> app: hr,492,16804, -7.00 ,-1
 9> <info> app: hr,493,16823, -7.00 ,-1
 9> <info> app: hr,494,16819, -7.00 ,-1
 9> <info> app: hr,495,16826, -6.00 ,-1
 9> <info> app: hr,496,16814, -6.00 ,-1
 9> <info> app: hr,497,16809, -6.00 ,-1
 9> <info> app: hr,498,16811, -4.00 ,-1
 9> <info> app: hr,499,16833, -4.00 ,-1
 9> <info> app: hr,500,16804, -4.00 ,-1
 9> <info> app: hr,501,16803, -3.00 ,-1
 9> <info> app: hr,502,16811, -2.00 ,-1
 9> <info> app: hr,503,16811, -2.00 ,-1
 9> <info> app: hr,504,16820, -1.00 ,0
 9> <info> app: hr,505,16820, -1.00 ,0
 9> <info> app: hr,506,16817, 0.00 ,0
 9> <info> app: hr,507,16811, 0.00 ,0
 9> <info> app: hr,508,16807, 0.00 ,0
 9> <info> app: hr,509,16821, 0.00 ,0
 9> <info> app: hr,510,16829, 1.00 ,0
 9> <info> app: hr,511,16791, 1.00 ,0
 9> <info> app: hr,512,16808, 2.00 ,1
 9> <info> app: hr,513,16805, 2.00 ,1
 9> <info> app: hr,514,16805, 3.00 ,1
 9> <info> app: hr,515,16814, 3.00 ,0
 9> <info> app: hr,516,16807, 3.00 ,1
 9> <info> app: hr,517,16836, 4.00 ,1
 9> <info> app: hr,518,16790, 4.00 ,1
 9> <info> app: hr,519,16831, 5.00 ,1
 9> <info> app: hr,520,16837, 4.00 ,0
 9> <info> app: hr,521,16819, 5.00 ,1
 9> <info> app: hr,522,16814, 5.00 ,1
 9> <info> app: hr,523,16822, 5.00 ,0
 9> <info> app: hr,524,16819, 5.00 ,0
 9> <info> app: hr,525,16802, 5.00 ,0
 9> <info> app: hr,526,16808, 5.00 ,0
 9> <info> app: hr,527,16810, 4.00 ,0
 9> <info> app: hr,528,16832, 5.00 ,0
 9> <info> app: hr,529,16819, 5.00 ,0
 9> <info> app: hr,530,16819, 5.00 ,0
 9> <info> app: hr,531,16826, 4.00 ,0
 9> <info> app: hr,532,16840, 5.00 ,0
 9> <info> app: hr,533,16823, 5.00 ,0
 9> <info> app: hr,534,16821, 5.00 ,0
 9> <info> app: hr,535,16837, 4.00 ,0
 9> <info> app: hr,536,16820, 4.00 ,0
 9> <info> app: hr,537,16830, 3.00 ,0
 9> <info> app: hr,538,16825, 3.00 ,0
 9> <info> app: hr,539,16837, 3.00 ,0
 9> <info> app: hr,540,16805, 2.00 ,0
 9> <info> app: hr,541,16816, 2.00 ,0
 9> <info> app: hr,542,16815, 2.00 ,0
 9> <info> app: hr,543,16829, 2.00 ,0
 9> <info> app: hr,544,16826, 2.00 ,0
 9> <info> app: hr,545,16829, 1.00 ,0
 9> <info> app: hr,546,16811, 1.00 ,0
 9> <info> app: hr,547,16810, 1.00 ,0
 9> <info> app: hr,548,16816, 1.00 ,0
 9> <info> app: hr,549,16819, 1.00 ,0
 9> <info> app: hr,550,16842, 0.00 ,0
 9> <info> app: hr,551,16834, 0.00 ,0
 9> <info> app: hr,552,16823, 0.00 ,0
 9> <info> app: hr,553,16830, 0.00 ,0
 9> <info> app: hr,554,16853, 0.00 ,0
 9> <info> app: hr,555,16830, 0.00 ,0
 9> <info> app: hr,556,16855, -1.00 ,0
 9> <info> app: hr,557,16831, -1.00 ,0
 9> <info> app: hr,558,16843, -1.00 ,0
 9> <info> app: hr,559,16832, -1.00 ,0
 9> <info> app: hr,560,16812, -1.00 ,0
 9> <info> app: hr,561,16852, -2.00 ,0
 9> <info> app: hr,562,16826, -2.00 ,0
 9> <info> app: hr,563,16817, -3.00 ,-1
 9> <info> app: hr,564,16820, -3.00 ,-1
 9> <info> app: hr,565,16824, -4.00 ,-1
 9> <info> app: hr,566,16811, -3.00 ,0
 9> <info> app: hr,567,16834, -3.00 ,0
 9> <info> app: hr,568,16803, -3.00 ,0
 9> <info> app: hr,569,16851, -4.00 ,0
 9> <info> app: hr,570,16848, -4.00 ,0
 9> <info> app: hr,571,16845, -3.00 ,0
 9> <info> app: hr,572,16835, -3.00 ,0
 9> <info> app: hr,573,16830, -4.00 ,0
 9> <info> app: hr,574,16836, -4.00 ,0
 9> <info> app: hr,575,16842, -4.00 ,0
 9> <info> app: hr,576,16841, -4.00 ,0
 9> <info> app: hr,577,16842, -4.00 ,0
 9> <info> app: hr,578,16833, -5.00 ,0
 9> <info> app: hr,579,16843, -5.00 ,0
 9> <info> app: hr,580,16844, -4.00 ,0
 9> <info> app: hr,581,16839, -5.00 ,0
 9> <info> app: hr,582,16844, -5.00 ,0
 9> <info> app: hr,583,16825, -6.00 ,0
 9> <info> app: hr,584,16847, -5.00 ,0
 9> <info> app: hr,585,16844, -6.00 ,0
 9> <info> app: hr,586,16852, -6.00 ,0
 9> <info> app: hr,587,16854, -6.00 ,0
 9> <info> app: hr,588,16835, -6.00 ,0
 9> <info> app: hr,589,16835, -7.00 ,0
 9> <info> app: hr,590,16835, -6.00 ,0
 9> <info> app: hr,591,16852, -6.00 ,0
 9> <info> app: hr,592,16841, -7.00 ,0
 9> <info> app: hr,593,16831, -6.00 ,0
 9> <info> app: hr,594,16850, -7.00 ,0
 9> <info> app: hr,595,16849, -7.00 ,0
 9> <info> app: hr,596,16853, -6.00 ,0
 9> <info> app: hr,597,16870, -7.00 ,0
 9> <info> app: hr,598,16830, -7.00 ,0
 9> <info> app: hr,599,16848, -7.00 ,0
 9> <info> app: hr,600,16856, -7.00 ,0
 9> <info> app: hr,601,16805, -7.00 ,0
 9> <info> app: hr,602,16866, -7.00 ,0
 9> <info> app: hr,603,16842, -8.00 ,0
 9> <info> app: hr,604,16820, -7.00 ,0
 9> <info> app: hr,605,16869, -7.00 ,0
 9> <info> app: hr,606,16870, -7.00 ,0
 9> <info> app: hr,607,16871, -7.00 ,0
 9> <info> app: hr,608,16843, -8.00 ,0
 9> <info> app: hr,609,16859, -7.00 ,0
 9> <info> app: hr,610,16870, -8.00 ,0
 9> <info> app: hr,611,16875, -7.00 ,0
 9> <info> app: hr,612,16874, -8.00 ,0
 9> <info> app: hr,613,16865, -9.00 ,0
 9> <info> app: hr,614,16844, -8.00 ,0
 9> <info> app: hr,615,16836, -9.00 ,0
 9> <info> app: hr,616,16852, -8.00 ,0
 9> <info> app: hr,617,16858, -9.00 ,0
 9> <info> app: hr,618,16855, -9.00 ,0
 9> <info> app: hr,619,16826, -9.00 ,0
 9> <info> app: hr,620,16839, -8.00 ,0
 9> <info> app: hr,621,16815, -9.00 ,0
 9> <info> app: hr,622,16850, -9.00 ,0
 9> <info> app: hr,623,16832, -8.00 ,0
 9> <info> app: hr,624,16845, -8.00 ,0
 9> <info> app: hr,625,16831, -7.00 ,0
 9> <info> app: hr,626,16814, -7.00 ,0
 9> <info> app: hr,627,16832, -6.00 ,1
 9> <info> app: hr,628,16844, -6.00 ,0
 9> <info> app: hr,629,16821, -6.00 ,0
 9> <info> app: hr,630,16811, -5.00 ,0
 9> <info> app: hr,631,16837, -4.00 ,0
 9> <info> app: hr,632,16823, -4.00 ,0
 9> <info> app: hr,633,16828, -3.00 ,0
 9> <info> app: hr,634,16834, -3.00 ,0
 9> <info> app: hr,635,16828, -1.00 ,0
 9> <info> app: hr,636,16816, -1.00 ,0
 9> <info> app: hr,637,16799, 0.00 ,0
 9> <info> app: hr,638,16830, 0.00 ,0
 9> <info> app: hr,639,16808, 0.00 ,0
 9> <info> app: hr,640,16847, 1.00 ,0
 9> <info> app: hr,641,16846, 2.00 ,0
 9> <info> app: hr,642,16828, 2.00 ,0
 9> <info> app: hr,643,16854, 3.00 ,0
 9> <info> app: hr,644,16831, 2.00 ,0
 9> <info> app: hr,645,16816, 3.00 ,0
 9> <info> app: hr,646,16839, 3.00 ,0
 9> <info> app: hr,647,16825, 4.00 ,0
 9> <info> app: hr,648,16819, 5.00 ,0
 9> <info> app: hr,649,16836, 4.00 ,0
 9> <info> app: hr,650,16800, 5.00 ,0
 9> <info> app: hr,651,16826, 5.00 ,0
 9> <info> app: hr,652,16823, 6.00 ,0
 9> <info> app: hr,653,16833, 5.00 ,0
 9> <info> app: hr,654,16823, 6.00 ,0
 9> <info> app: hr,655,16823, 6.00 ,0
 9> <info> app: hr,656,16823, 6.00 ,0
 9> <info> app: hr,657,16809, 6.00 ,0
 9> <info> app: hr,658,16810, 7.00 ,0
 9> <info> app: hr,659,16838, 7.00 ,0
 9> <info> app: hr,660,16819, 7.00 ,0
 9> <info> app: hr,661,16837, 8.00 ,1
 9> <info> app: hr,662,16836, 7.00 ,0
 9> <info> app: hr,663,16811, 8.00 ,0
 9> <info> app: hr,664,16829, 7.00 ,0
 9> <info> app: hr,665,16833, 7.00 ,0
 9> <info> app: hr,666,16835, 8.00 ,0
 9> <info> app: hr,667,16836, 7.00 ,0
 9> <info> app: hr,668,16833, 7.00 ,0
 9> <info> app: hr,669,16818, 7.00 ,0
 9> <info> app: hr,670,16843, 7.00 ,0
 9> <info> app: hr,671,16843, 7.00 ,0
 9> <info> app: hr,672,16808, 6.00 ,0
 9> <info> app: hr,673,16831, 6.00 ,0
 9> <info> app: hr,674,16830, 6.00 ,0
 9> <info> app: hr,675,16846, 5.00 ,0
 9> <info> app: hr,676,16840, 5.00 ,0
 9> <info> app: hr,677,16847, 5.00 ,0
 9> <info> app: hr,678,16826, 5.00 ,0
 9> <info> app: hr,679,16857, 4.00 ,0
 9> <info> app: hr,680,16823, 4.00 ,0
 9> <info> app: hr,681,16841, 4.00 ,0
 9> <info> app: hr,682,16826, 4.00 ,0
 9> <info> app: hr,683,16837, 2.00 ,-1
 9> <info> app: hr,684,16822, 2.00 ,0
 9> <info> app: hr,685,16833, 2.00 ,0
 9> <info> app: hr,686,16818, 2.00 ,0
 9> <info> app: hr,687,16848, 2.00 ,0
 9> <info> app: hr,688,16826, 2.00 ,0
 9> <info> app: hr,689,16867, 2.00 ,0
 9> <info> app: hr,690,16842, 1.00 ,0
 9> <info> app: hr,691,16841, 0.00 ,0
 9> <info> app: hr,692,16834, 0.00 ,0
 9> <info> app: hr,693,16832, 0.00 ,0
 9> <info> app: hr,694,16858, 0.00 ,0
 9> <info> app: hr,695,16849, 0.00 ,0
 9> <info> app: hr,696,16832, -1.00 ,0
 9> <info> app: hr,697,16837, -1.00 ,0
 9> <info> app: hr,698,16860, -1.00 ,0
 9> <info> app: hr,699,16846, -1.00 ,0
 9> <info> app: hr,700,16827, -1.00 ,0
 9> <info> app: hr,701,16856, -2.00 ,0
 9> <info> app: hr,702,16864, -2.00 ,0
 9> <info> app: hr,703,16834, -3.00 ,-1
 9> <info> app: hr,704,16831, -3.00 ,-1
 9> <info> app: hr,705,16839, -4.00 ,-1
 9> <info> app: hr,706,16835, -3.00 ,0
 9> <info> app: hr,707,16861, -3.00 ,0
 9> <info> app: hr,708,16837, -4.00 ,0
 9> <info> app: hr,709,16853, -4.00 ,0
 9> <info> app: hr,710,16857, -5.00 ,0
 9> <info> app: hr,711,16829, -4.00 ,0
 9> <info> app: hr,712,16834, -4.00 ,0
 9> <info> app: hr,713,16845, -5.00 ,0
 9> <info> app: hr,714,16849, -5.00 ,0
 9> <info> app: hr,715,16858, -4.00 ,0
 9> <info> app: hr,716,16856, -5.00 ,0
 9> <info> app: hr,717,16866, -5.00 ,0
 9> <info> app: hr,718,16825, -6.00 ,0
 9> <info> app: hr,719,16861, -5.00 ,0
 9> <info> app: hr,720,16848, -6.00 ,0
 9> <info> app: hr,721,16841, -6.00 ,0
 9> <info> app: hr,722,16857, -5.00 ,0
 9> <info> app: hr,723,16853, -6.00 ,0
 9> <info> app: hr,724,16866, -6.00 ,0
 9> <info> app: hr,725,16841, -6.00 ,0
 9> <info> app: hr,726,16868, -6.00 ,0
 9> <info> app: hr,727,16853, -7.00 ,0
 9> <info> app: hr,728,16860, -6.00 ,0
 9> <info> app: hr,729,16848, -7.00 ,0
 9> <info> app: hr,730,16839, -7.00 ,0
 9> <info> app: hr,731,16855, -6.00 ,0
 9> <info> app: hr,732,16872, -7.00 ,0
 9> <info> app: hr,733,16844, -7.00 ,0
 9> <info> app: hr,734,16862, -7.00 ,0
 9> <info> app: hr,735,16840, -7.00 ,0
 9> <info> app: hr,736,16847, -6.00 ,0
 9> <info> app: hr,737,16849, -7.00 ,0
 9> <info> app: hr,738,16851, -7.00 ,0
 9> <info> app: hr,739,16844, -6.00 ,0
 9> <info> app: hr,740,16858, -7.00 ,0
 9> <info> app: hr,741,16829, -7.00 ,0
 9> <info> app: hr,742,16825, -6.00 ,0
 9> <info> app: hr,743,16837, -6.00 ,0
 9> <info> app: hr,744,16840, -6.00 ,0
 9> <info> app: hr,745,16860, -5.00 ,0
 9> <info> app: hr,746,16863, -5.00 ,0
 9> <info> app: hr,747,16833, -5.00 ,0
 9> <info> app: hr,748,16820, -5.00 ,0
 9> <info> app: hr,749,16861, -4.00 ,0
 9> <info> app: hr,750,16865, -4.00 ,0
 9> <info> app: hr,751,16867, -4.00 ,0
 9> <info> app: hr,752,16865, -4.00 ,0
 9> <info> app: hr,753,16857, -3.00 ,0
 9> <info> app: hr,754,16859, -3.00 ,0
 9> <info> app: hr,755,16866, -3.00 ,0
 9> <info> app: hr,756,16823, -4.00 ,0
 9> <info> app: hr,757,16825, -4.00 ,0
 9> <info> app: hr,758,16864, -3.00 ,0
 9> <info> app: hr,759,16832, -3.00 ,0
 9> <info> app: hr,760,16837, -3.00 ,0
 9> <info> app: hr,761,16829, -3.00 ,0
 9> <info> app: hr,762,16856, -2.00 ,0
 9> <info> app: hr,763,16828, -2.00 ,0
 9> <info> app: hr,764,16845, -1.00 ,1
 9> <info> app: hr,765,16839, -1.00 ,1
 9> <info> app: hr,766,16802, -1.00 ,0
 9> <info> app: hr,767,16809, 0.00 ,0
 9> <info> app: hr,768,16844, 0.00 ,0
 9> <info> app: hr,769,16830, 0.00 ,0
 9> <info> app: hr,770,16845, 0.00 ,0
 9> <info> app: hr,771,16825, 1.00 ,0
 9> <info> app: hr,772,16802, 1.00 ,0
 9> <info> app: hr,773,16851, 2.00 ,0
 9> <info> app: hr,774,16831, 2.00 ,0
 9> <info> app: hr,775,16819, 2.00 ,0
 9> <info> app: hr,776,16822, 2.00 ,0
 9> <info> app: hr,777,16815, 3.00 ,0
 9> <info> app: hr,778,16796, 4.00 ,1
 9> <info> app: hr,779,16808, 5.00 ,1
 9> <info> app: hr,780,16827, 5.00 ,1
 9> <info> app: hr,781,16789, 5.00 ,1
 9> <info> app: hr,782,16809, 6.00 ,1
 9> <info> app: hr,783,16802, 7.00 ,1
 9> <info> app: hr,784,16807, 7.00 ,1
 9> <info> app: hr,785,16812, 8.00 ,1
 9> <info> app: hr,786,16810, 9.00 ,1
 9> <info> app: hr,787,16789, 10.00 ,1
 9> <info> app: hr,788,16812, 10.00 ,1
 9> <info> app: hr,789,16813, 11.00 ,1
 9> <info> app: hr,790,16812, 11.00 ,1
 9> <info> app: hr,791,16801, 12.00 ,1
 9> <info> app: hr,792,16803, 12.00 ,1
 9> <info> app: hr,793,16825, 13.00 ,1
 9> <info> app: hr,794,16799, 13.00 ,1
 9> <info> app: hr,795,16827, 13.00 ,1
 9> <info> app: hr,796,16810, 14.00 ,1
 9> <info> app: hr,797,16819, 14.00 ,1
 9> <info> app: hr,798,16820, 14.00 ,1
 9> <info> app: hr,799,16803, 14.00 ,1
 9> <info> app: hr,800,16793, 15.00 ,1
 9> <info> app: hr,801,16810, 14.00 ,1
 9> <info> app: hr,802,16805, 14.00 ,1
 9> <info> app: hr,803,16818, 14.00 ,1
 9> <info> app: hr,804,16788, 15.00 ,1
 9> <info> app: hr,805,16794, 15.00 ,1
 9> <info> app: hr,806,16793, 14.00 ,1
 9> <info> app: hr,807,16815, 14.00 ,1
 9> <info> app: hr,808,16812, 15.00 ,1
 9> <info> app: hr,809,16822, 15.00 ,1
 9> <info> app: hr,810,16828, 14.00 ,1
 9> <info> app: hr,811,16812, 14.00 ,1
 9> <info> app: hr,812,16828, 14.00 ,1
 9> <info> app: hr,813,16812, 13.00 ,1
 9> <info> app: hr,814,16818, 13.00 ,1
 9> <info> app: hr,815,16805, 13.00 ,1
 9> <info> app: hr,816,16823, 12.00 ,0
 9> <info> app: hr,817,16813, 12.00 ,0
 9> <info> app: hr,818,16793, 12.00 ,0
 9> <info> app: hr,819,16824, 11.00 ,-1
 9> <info> app: hr,820,16794, 10.00 ,-1
 9> <info> app: hr,821,16795, 10.00 ,-1
 9> <info> app: hr,822,16818, 10.00 ,0
 9> <info> app: hr,823,16817, 10.00 ,0
 9> <info> app: hr,824,16806, 9.00 ,0
 9> <info> app: hr,825,16804, 9.00 ,0
 9> <info> app: hr,826,16801, 8.00 ,0
 9> <info> app: hr,827,16795, 8.00 ,0
 9> <info> app: hr,828,16828, 9.00 ,0
 9> <info> app: hr,829,16811, 8.00 ,0
 9> <info> app: hr,830,16814, 8.00 ,0
 9> <info> app: hr,831,16818, 7.00 ,0
 9> <info> app: hr,832,16819, 7.00 ,0
 9> <info> app: hr,833,16801, 6.00 ,0
 9> <info> app: hr,834,16810, 6.00 ,0
 9> <info> app: hr,835,16808, 6.00 ,0
 9> <info> app: hr,836,16787, 5.00 ,0
 9> <info> app: hr,837,16821, 5.00 ,0
 9> <info> app: hr,838,16803, 5.00 ,0
 9> <info> app: hr,839,16805, 5.00 ,0
 9> <info> app: hr,840,16808, 4.00 ,0
 9> <info> app: hr,841,16824, 4.00 ,0
 9> <info> app: hr,842,16810, 4.00 ,0
 9> <info> app: hr,843,16831, 4.00 ,0
 9> <info> app: hr,844,16816, 3.00 ,0
 9> <info> app: hr,845,16815, 3.00 ,0
 9> <info> app: hr,846,16812, 3.00 ,0
 9> <info> app: hr,847,16798, 3.00 ,0
 9> <info> app: hr,848,16812, 3.00 ,0
 9> <info> app: hr,849,16785, 3.00 ,0
 9> <info> app: hr,850,16804, 2.00 ,0
 9> <info> app: hr,851,16789, 2.00 ,0
 9> <info> app: hr,852,16830, 2.00 ,0
 9> <info> app: hr,853,16793, 2.00 ,0
 9> <info> app: hr,854,16805, 2.00 ,0
 9> <info> app: hr,855,16781, 2.00 ,0
 9> <info> app: hr,856,16802, 2.00 ,0
 9> <info> app: hr,857,16810, 2.00 ,0
 9> <info> app: hr,858,16817, 1.00 ,0
 9> <info> app: hr,859,16814, 2.00 ,0
 9> <info> app: hr,860,16800, 2.00 ,0
 9> <info> app: hr,861,16816, 2.00 ,0
 9> <info> app: hr,862,16795, 2.00 ,0
 9> <info> app: hr,863,16819, 2.00 ,0
 9> <info> app: hr,864,16829, 2.00 ,0
 9> <info> app: hr,865,16809, 2.00 ,0
 9> <info> app: hr,866,16822, 1.00 ,0
 9> <info> app: hr,867,16796, 1.00 ,0
 9> <info> app: hr,868,16818, 1.00 ,0
 9> <info> app: hr,869,16783, 1.00 ,0
 9> <info> app: hr,870,16819, 1.00 ,0
 9> <info> app: hr,871,16815, 1.00 ,0
 9> <info> app: hr,872,16787, 1.00 ,0
 9> <info> app: hr,873,16832, 1.00 ,0
 9> <info> app: hr,874,16817, 1.00 ,0
 9> <info> app: hr,875,16808, 1.00 ,0
 9> <info> app: hr,876,16806, 1.00 ,0
 9> <info> app: hr,877,16790, 0.00 ,-1
 9> <info> app: hr,878,16826, 0.00 ,-1
 9> <info> app: hr,879,16816, 0.00 ,0
 9> <info> app: hr,880,16799, 0.00 ,0
 9> <info> app: hr,881,16807, 0.00 ,0
 9> <info> app: hr,882,16788, 0.00 ,0
 9> <info> app: hr,883,16802, 0.00 ,0
 9> <info> app: hr,884,16815, 0.00 ,0
 9> <info> app: hr,885,16822, 0.00 ,0
 9> <info> app: hr,886,16798, 0.00 ,0
 9> <info> app: hr,887,16807, 0.00 ,0
 9> <info> app: hr,888,16805, 0.00 ,0
 9> <info> app: hr,889,16802, 0.00 ,0
 9> <info> app: hr,890,16795, 1.00 ,1
 9> <info> app: hr,891,16826, 1.00 ,1
 9> <info> app: hr,892,16781, 0.00 ,0
 9> <info> app: hr,893,16803, 0.00 ,0
 9> <info> app: hr,894,16832, 0.00 ,0
 9> <info> app: hr,895,16808, 0.00 ,0
 9> <info> app: hr,896,16813, 0.00 ,0
 9> <info> app: hr,897,16828, 0.00 ,0
 9> <info> app: hr,898,16821, 0.00 ,0
 9> <info> app: hr,899,16800, 0.00 ,0
 9> <info> app: hr,900,16808, 0.00 ,0
 9> <info> app: hr,901,16803, 0.00 ,0
 9> <info> app: hr,902,16803, 0.00 ,0
 9> <info> app: hr,903,16818, 0.00 ,0
 9> <info> app: hr,904,16804, 0.00 ,0
 9> <info> app: hr,905,16778, 0.00 ,0
 9> <info> app: hr,906,16783, 0.00 ,0
 9> <info> app: hr,907,16778, 0.00 ,0
 9> <info> app: hr,908,16793, 0.00 ,0
 9> <info> app: hr,909,16805, 0.00 ,0
 9> <info> app: hr,910,16775, 0.00 ,0
 9> <info> app: hr,911,16797, 1.00 ,1
 9> <info> app: hr,912,16804, 1.00 ,1
 9> <info> app: hr,913,16787, 2.00 ,1
 9> <info> app: hr,914,16792, 2.00 ,1
 9> <info> app: hr,915,16786, 2.00 ,1
 9> <info> app: hr,916,16776, 3.00 ,1
 9> <info> app: hr,917,16800, 2.00 ,1
 9> <info> app: hr,918,16760, 3.00 ,1
 9> <info> app: hr,919,16784, 3.00 ,1
 9> <info> app: hr,920,16778, 4.00 ,1
 9> <info> app: hr,921,16805, 5.00 ,1
 9> <info> app: hr,922,16771, 4.00 ,1
 9> <info> app: hr,923,16775, 5.00 ,1
 9> <info> app: hr,924,16787, 6.00 ,1
 9> <info> app: hr,925,16795, 6.00 ,1
 9> <info> app: hr,926,16766, 6.00 ,1
 9> <info> app: hr,927,16775, 7.00 ,1
 9> <info> app: hr,928,16783, 8.00 ,1
 9> <info> app: hr,929,16771, 7.00 ,1
 9> <info> app: hr,930,16783, 8.00 ,1
 9> <info> app: hr,931,16791, 8.00 ,1
 9> <info> app: hr,932,16784, 8.00 ,1
 9> <info> app: hr,933,16784, 8.00 ,1
 9> <info> app: hr,934,16794, 9.00 ,1
 9> <info> app: hr,935,16806, 9.00 ,1
 9> <info> app: hr,936,16762, 9.00 ,1
 9> <info> app: hr,937,16782, 9.00 ,1
 9> <info> app: hr,938,16791, 9.00 ,1
 9> <info> app: hr,939,16772, 10.00 ,1
 9> <info> app: hr,940,16761, 9.00 ,1
 9> <info> app: hr,941,16779, 10.00 ,1
 9> <info> app: hr,942,16801, 9.00 ,1
 9> <info> app: hr,943,16790, 10.00 ,1
 9> <info> app: hr,944,16778, 9.00 ,1
 9> <info> app: hr,945,16778, 10.00 ,1
 9> <info> app: hr,946,16791, 9.00 ,1
 9> <info> app: hr,947,16766, 9.00 ,1
 9> <info> app: hr,948,16789, 9.00 ,1
 9> <info> app: hr,949,16774, 9.00 ,1
 9> <info> app: hr,950,16784, 8.00 ,1
 9> <info> app: hr,951,16787, 9.00 ,1
 9> <info> app: hr,952,16803, 8.00 ,1
 9> <info> app: hr,953,16779, 8.00 ,1
 9> <info> app: hr,954,16807, 9.00 ,1
 9> <info> app: hr,955,16781, 8.00 ,1
 9> <info> app: hr,956,16817, 8.00 ,1
 9> <info> app: hr,957,16768, 7.00 ,0
 9> <info> app: hr,958,16795, 7.00 ,0
 9> <info> app: hr,959,16796, 6.00 ,-1
 9> <info> app: hr,960,16795, 6.00 ,-1
 9> <info> app: hr,961,16810, 6.00 ,0
 9> <info> app: hr,962,16777, 5.00 ,0
 9> <info> app: hr,963,16783, 4.00 ,-1
 9> <info> app: hr,964,16808, 4.00 ,0
 9> <info> app: hr,965,16773, 4.00 ,0
 9> <info> app: hr,966,16775, 4.00 ,0
 9> <info> app: hr,967,16776, 3.00 ,0
 9> <info> app: hr,968,16809, 3.00 ,0
 9> <info> app: hr,969,16789, 3.00 ,0
 9> <info> app: hr,970,16795, 2.00 ,0
 9> <info> app: hr,971,16782, 2.00 ,0
 9> <info> app: hr,972,16799, 2.00 ,0
 9> <info> app: hr,973,16794, 1.00 ,0
 9> <info> app: hr,974,16792, 1.00 ,0
 9> <info> app: hr,975,16798, 1.00 ,0
 9> <info> app: hr,976,16793, 0.00 ,0
 9> <info> app: hr,977,16783, 0.00 ,0
 9> <info> app: hr,978,16797, 0.00 ,0
 9> <info> app: hr,979,16806, 0.00 ,0
 9> <info> app: hr,980,16807, 0.00 ,0
 9> <info> app: hr,981,16819, 0.00 ,0
 9> <info> app: hr,982,16783, 0.00 ,0
 9> <info> app: hr,983,16811, -1.00 ,0
 9> <info> app: hr,984,16825, -1.00 ,0
 9> <info> app: hr,985,16812, -2.00 ,-1
 9> <info> app: hr,986,16822, -2.00 ,0
 9> <info> app: hr,987,16822, -3.00 ,-1
 9> <info> app: hr,988,16825, -3.00 ,0
 9> <info> app: hr,989,16802, -3.00 ,0
 9> <info> app: hr,990,16801, -4.00 ,0
 9> <info> app: hr,991,16792, -5.00 ,0
 9> <info> app: hr,992,16794, -5.00 ,0
 9> <info> app: hr,993,16806, -5.00 ,0
 9> <info> app: hr,994,16804, -6.00 ,0
 9> <info> app: hr,995,16792, -6.00 ,0
 9> <info> app: hr,996,16800, -6.00 ,0
 9> <info> app: hr,997,16799, -6.00 ,0
 9> <info> app: hr,998,16821, -7.00 ,0
 9> <info> app: hr,999,16838, -6.00 ,0
 9> <info> app: hr,1000,16813, -7.00 ,0
 9> <info> app: hr,1001,16799, -7.00 ,0
 9> <info> app: hr,1002,16827, -7.00 ,0
 9> <info> app: hr,1003,16797, -8.00 ,0
 9> <info> app: hr,1004,16824, -7.00 ,0
 9> <info> app: hr,1005,16813, -8.00 ,0
 9> <info> app: hr,1006,16809, -8.00 ,0
 9> <info> app: hr,1007,16805, -8.00 ,0
 9> <info> app: hr,1008,16792, -8.00 ,0
 9> <info> app: hr,1009,16834, -8.00 ,0
 9> <info> app: hr,1010,16828, -8.00 ,0
 9> <info> app: hr,1011,16804, -8.00 ,0
 9> <info> app: hr,1012,16831, -8.00 ,0
 9> <info> app: hr,1013,16818, -9.00 ,0
 9> <info> app: hr,1014,16846, -9.00 ,-1
 9> <info> app: hr,1015,16792, -9.00 ,0
 9> <info> app: hr,1016,16820, -9.00 ,0
 9> <info> app: hr,1017,16827, -9.00 ,0
 9> <info> app: hr,1018,16812, -9.00 ,0
 9> 
 9> plus_index 91, minus_index 170, Peak Index, 123,125,127,129,132,, AVR Peak Index, 127
 9> plus_index 227, minus_index 273, Peak Index, 255,259,260,261,262,263,264,265,267,, AVR Peak Index, 261
 9> plus_index 347, minus_index 403, Peak Index, 379,382,383,384,385,386,387,388,391,392,393,, AVR Peak Index, 386
 9> plus_index 512, minus_index 563, Peak Index, 519,521,522,523,524,525,526,528,529,530,532,533,534,, AVR Peak Index, 526
 9> plus_index 627, minus_index 683, Peak Index, 661,663,666,, AVR Peak Index, 663
 9> plus_index 764, minus_index 819, Peak Index, 800,804,805,808,809,, AVR Peak Index, 804
 9> plus_index 890, minus_index 959, Peak Index, 939,941,943,945,, AVR Peak Index, 942
# Logging stopped @ 23 Nov 2018 15:03:59
