# SEGGER J-Link RTT Viewer V6.16a Terminal Log File
# Compiled: 12:44:10 on Jun  6 2017
# Logging started @ 23 Nov 2018 14:53:37
<info> app: ***********  Application started  ***********
 9> 
 9> <info> app: [OK] NRF Power ON 0x0004. 
 9> <info> app: Read MAC:CC34D2110EF6
 9> <info> app: ***********  Sensor initial ***********
 9> <info> app: [OK]	BMI160
 9> <info> app: [OK]	SETUP ACC
 9> <info> app: [OK]	SETUP STEP COUNT
 9> <info> app: [OK]	FLASH MEMORY
 9> <info> app: [OK]	OLED Initial
 9> <info> app: [OK]	Max30102 Initial, Temperature 34.87
 9> <info> app: ********** End sensor initial *********
 9> 
 9> <info> app: Max30102 Found
 9> 
 9> <info> app: HR Begin
 9> 
 9> <info> app: 1019
 9> <info> app: hr,50,19224, 0.00 ,0
 9> <info> app: hr,51,19199, 0.00 ,0
 9> <info> app: hr,52,19247, 0.00 ,0
 9> <info> app: hr,53,19211, 0.00 ,0
 9> <info> app: hr,54,19203, 0.00 ,0
 9> <info> app: hr,55,19202, 0.00 ,0
 9> <info> app: hr,56,19240, 0.00 ,0
 9> <info> app: hr,57,19223, 0.00 ,0
 9> <info> app: hr,58,19223, 0.00 ,0
 9> <info> app: hr,59,19226, 1.00 ,0
 9> <info> app: hr,60,19230, 1.00 ,0
 9> <info> app: hr,61,19219, 1.00 ,0
 9> <info> app: hr,62,19205, 0.00 ,0
 9> <info> app: hr,63,19200, 0.00 ,0
 9> <info> app: hr,64,19228, 0.00 ,0
 9> <info> app: hr,65,19209, 0.00 ,0
 9> <info> app: hr,66,19246, 1.00 ,0
 9> <info> app: hr,67,19236, 1.00 ,0
 9> <info> app: hr,68,19229, 1.00 ,0
 9> <info> app: hr,69,19223, 1.00 ,0
 9> <info> app: hr,70,19212, 1.00 ,0
 9> <info> app: hr,71,19235, 1.00 ,0
 9> <info> app: hr,72,19242, 1.00 ,0
 9> <info> app: hr,73,19236, 1.00 ,0
 9> <info> app: hr,74,19228, 1.00 ,0
 9> <info> app: hr,75,19234, 1.00 ,0
 9> <info> app: hr,76,19232, 1.00 ,0
 9> <info> app: hr,77,19236, 1.00 ,0
 9> <info> app: hr,78,19240, 0.00 ,-1
 9> <info> app: hr,79,19225, 0.00 ,-1
 9> <info> app: hr,80,19230, 0.00 ,0
 9> <info> app: hr,81,19216, 0.00 ,0
 9> <info> app: hr,82,19210, 0.00 ,0
 9> <info> app: hr,83,19226, 0.00 ,0
 9> <info> app: hr,84,19233, 0.00 ,0
 9> <info> app: hr,85,19200, 0.00 ,0
 9> <info> app: hr,86,19249, 0.00 ,0
 9> <info> app: hr,87,19224, 0.00 ,0
 9> <info> app: hr,88,19211, 0.00 ,0
 9> <info> app: hr,89,19202, 0.00 ,0
 9> <info> app: hr,90,19231, 0.00 ,0
 9> <info> app: hr,91,19229, 0.00 ,0
 9> <info> app: hr,92,19220, 0.00 ,0
 9> <info> app: hr,93,19226, 0.00 ,0
 9> <info> app: hr,94,19255, 0.00 ,0
 9> <info> app: hr,95,19235, 0.00 ,0
 9> <info> app: hr,96,19217, 0.00 ,0
 9> <info> app: hr,97,19245, 0.00 ,0
 9> <info> app: hr,98,19238, 0.00 ,0
 9> <info> app: hr,99,19229, 0.00 ,0
 9> <info> app: hr,100,19224, 0.00 ,0
 9> <info> app: hr,101,19229, -1.00 ,-1
 9> <info> app: hr,102,19234, 0.00 ,0
 9> <info> app: hr,103,19222, 0.00 ,0
 9> <info> app: hr,104,19220, 0.00 ,0
 9> <info> app: hr,105,19248, 0.00 ,0
 9> <info> app: hr,106,19213, 0.00 ,0
 9> <info> app: hr,107,19249, 0.00 ,0
 9> <info> app: hr,108,19230, -1.00 ,-1
 9> <info> app: hr,109,19239, -1.00 ,-1
 9> <info> app: hr,110,19251, -1.00 ,-1
 9> <info> app: hr,111,19220, -1.00 ,-1
 9> <info> app: hr,112,19238, -1.00 ,-1
 9> <info> app: hr,113,19232, -2.00 ,-1
 9> <info> app: hr,114,19223, -2.00 ,-1
 9> <info> app: hr,115,19245, -2.00 ,-1
 9> <info> app: hr,116,19264, -2.00 ,-1
 9> <info> app: hr,117,19237, -2.00 ,-1
 9> <info> app: hr,118,19245, -2.00 ,-1
 9> <info> app: hr,119,19215, -2.00 ,-1
 9> <info> app: hr,120,19239, -3.00 ,-1
 9> <info> app: hr,121,19230, -3.00 ,-1
 9> <info> app: hr,122,19212, -3.00 ,-1
 9> <info> app: hr,123,19237, -2.00 ,-1
 9> <info> app: hr,124,19250, -3.00 ,-1
 9> <info> app: hr,125,19231, -3.00 ,-1
 9> <info> app: hr,126,19218, -3.00 ,-1
 9> <info> app: hr,127,19232, -3.00 ,-1
 9> <info> app: hr,128,19225, -3.00 ,-1
 9> <info> app: hr,129,19227, -2.00 ,-1
 9> <info> app: hr,130,19224, -3.00 ,-1
 9> <info> app: hr,131,19230, -3.00 ,-1
 9> <info> app: hr,132,19244, -3.00 ,-1
 9> <info> app: hr,133,19231, -3.00 ,-1
 9> <info> app: hr,134,19258, -3.00 ,-1
 9> <info> app: hr,135,19249, -2.00 ,-1
 9> <info> app: hr,136,19230, -2.00 ,-1
 9> <info> app: hr,137,19244, -2.00 ,-1
 9> <info> app: hr,138,19221, -2.00 ,-1
 9> <info> app: hr,139,19212, -3.00 ,-1
 9> <info> app: hr,140,19236, -3.00 ,-1
 9> <info> app: hr,141,19226, -3.00 ,-1
 9> <info> app: hr,142,19214, -2.00 ,-1
 9> <info> app: hr,143,19209, -2.00 ,-1
 9> <info> app: hr,144,19208, -2.00 ,-1
 9> <info> app: hr,145,19223, -1.00 ,-1
 9> <info> app: hr,146,19230, -1.00 ,-1
 9> <info> app: hr,147,19225, -1.00 ,-1
 9> <info> app: hr,148,19226, -1.00 ,-1
 9> <info> app: hr,149,19210, 0.00 ,0
 9> <info> app: hr,150,19242, 0.00 ,0
 9> <info> app: hr,151,19213, 0.00 ,0
 9> <info> app: hr,152,19237, 0.00 ,0
 9> <info> app: hr,153,19223, 0.00 ,0
 9> <info> app: hr,154,19225, 0.00 ,0
 9> <info> app: hr,155,19224, 0.00 ,0
 9> <info> app: hr,156,19228, 0.00 ,0
 9> <info> app: hr,157,19206, 1.00 ,1
 9> <info> app: hr,158,19221, 1.00 ,1
 9> <info> app: hr,159,19221, 1.00 ,1
 9> <info> app: hr,160,19220, 2.00 ,1
 9> <info> app: hr,161,19226, 2.00 ,1
 9> <info> app: hr,162,19209, 2.00 ,1
 9> <info> app: hr,163,19235, 3.00 ,1
 9> <info> app: hr,164,19212, 2.00 ,1
 9> <info> app: hr,165,19210, 2.00 ,1
 9> <info> app: hr,166,19202, 3.00 ,1
 9> <info> app: hr,167,19235, 3.00 ,1
 9> <info> app: hr,168,19228, 3.00 ,1
 9> <info> app: hr,169,19210, 4.00 ,1
 9> <info> app: hr,170,19224, 3.00 ,1
 9> <info> app: hr,171,19205, 3.00 ,1
 9> <info> app: hr,172,19212, 4.00 ,1
 9> <info> app: hr,173,19191, 4.00 ,1
 9> <info> app: hr,174,19195, 5.00 ,1
 9> <info> app: hr,175,19227, 4.00 ,1
 9> <info> app: hr,176,19215, 5.00 ,1
 9> <info> app: hr,177,19241, 5.00 ,1
 9> <info> app: hr,178,19237, 6.00 ,1
 9> <info> app: hr,179,19214, 5.00 ,1
 9> <info> app: hr,180,19197, 5.00 ,1
 9> <info> app: hr,181,19224, 5.00 ,1
 9> <info> app: hr,182,19207, 5.00 ,1
 9> <info> app: hr,183,19235, 5.00 ,0
 9> <info> app: hr,184,19210, 5.00 ,1
 9> <info> app: hr,185,19234, 6.00 ,1
 9> <info> app: hr,186,19221, 5.00 ,0
 9> <info> app: hr,187,19223, 5.00 ,0
 9> <info> app: hr,188,19212, 5.00 ,0
 9> <info> app: hr,189,19218, 4.00 ,0
 9> <info> app: hr,190,19232, 4.00 ,0
 9> <info> app: hr,191,19206, 5.00 ,0
 9> <info> app: hr,192,19199, 5.00 ,0
 9> <info> app: hr,193,19225, 4.00 ,0
 9> <info> app: hr,194,19227, 4.00 ,0
 9> <info> app: hr,195,19220, 4.00 ,0
 9> <info> app: hr,196,19230, 4.00 ,0
 9> <info> app: hr,197,19244, 4.00 ,0
 9> <info> app: hr,198,19200, 3.00 ,0
 9> <info> app: hr,199,19211, 3.00 ,0
 9> <info> app: hr,200,19210, 3.00 ,0
 9> <info> app: hr,201,19236, 3.00 ,0
 9> <info> app: hr,202,19230, 3.00 ,0
 9> <info> app: hr,203,19221, 2.00 ,0
 9> <info> app: hr,204,19224, 2.00 ,0
 9> <info> app: hr,205,19220, 2.00 ,0
 9> <info> app: hr,206,19227, 2.00 ,0
 9> <info> app: hr,207,19202, 2.00 ,0
 9> <info> app: hr,208,19215, 2.00 ,0
 9> <info> app: hr,209,19220, 2.00 ,0
 9> <info> app: hr,210,19234, 2.00 ,0
 9> <info> app: hr,211,19225, 1.00 ,0
 9> <info> app: hr,212,19220, 1.00 ,0
 9> <info> app: hr,213,19232, 1.00 ,0
 9> <info> app: hr,214,19240, 1.00 ,0
 9> <info> app: hr,215,19229, 0.00 ,0
 9> <info> app: hr,216,19233, 0.00 ,0
 9> <info> app: hr,217,19227, 0.00 ,0
 9> <info> app: hr,218,19246, 0.00 ,0
 9> <info> app: hr,219,19238, 0.00 ,0
 9> <info> app: hr,220,19230, 0.00 ,0
 9> <info> app: hr,221,19228, 0.00 ,0
 9> <info> app: hr,222,19221, -1.00 ,0
 9> <info> app: hr,223,19228, -1.00 ,0
 9> <info> app: hr,224,19225, -2.00 ,-1
 9> <info> app: hr,225,19246, -2.00 ,0
 9> <info> app: hr,226,19238, -2.00 ,0
 9> <info> app: hr,227,19228, -2.00 ,0
 9> <info> app: hr,228,19227, -2.00 ,0
 9> <info> app: hr,229,19214, -2.00 ,0
 9> <info> app: hr,230,19224, -3.00 ,0
 9> <info> app: hr,231,19250, -3.00 ,0
 9> <info> app: hr,232,19213, -3.00 ,0
 9> <info> app: hr,233,19238, -4.00 ,0
 9> <info> app: hr,234,19217, -3.00 ,0
 9> <info> app: hr,235,19235, -3.00 ,0
 9> <info> app: hr,236,19213, -3.00 ,0
 9> <info> app: hr,237,19215, -4.00 ,0
 9> <info> app: hr,238,19253, -4.00 ,0
 9> <info> app: hr,239,19230, -3.00 ,0
 9> <info> app: hr,240,19209, -3.00 ,0
 9> <info> app: hr,241,19246, -3.00 ,0
 9> <info> app: hr,242,19217, -3.00 ,0
 9> <info> app: hr,243,19235, -4.00 ,0
 9> <info> app: hr,244,19253, -3.00 ,0
 9> <info> app: hr,245,19242, -3.00 ,0
 9> <info> app: hr,246,19228, -3.00 ,0
 9> <info> app: hr,247,19213, -3.00 ,0
 9> <info> app: hr,248,19224, -4.00 ,0
 9> <info> app: hr,249,19235, -4.00 ,0
 9> <info> app: hr,250,19232, -3.00 ,0
 9> <info> app: hr,251,19237, -3.00 ,0
 9> <info> app: hr,252,19243, -3.00 ,0
 9> <info> app: hr,253,19240, -4.00 ,0
 9> <info> app: hr,254,19220, -4.00 ,0
 9> <info> app: hr,255,19243, -3.00 ,0
 9> <info> app: hr,256,19240, -3.00 ,0
 9> <info> app: hr,257,19233, -3.00 ,0
 9> <info> app: hr,258,19239, -4.00 ,0
 9> <info> app: hr,259,19221, -4.00 ,0
 9> <info> app: hr,260,19233, -3.00 ,0
 9> <info> app: hr,261,19229, -3.00 ,0
 9> <info> app: hr,262,19241, -3.00 ,0
 9> <info> app: hr,263,19231, -4.00 ,0
 9> <info> app: hr,264,19224, -4.00 ,0
 9> <info> app: hr,265,19230, -3.00 ,0
 9> <info> app: hr,266,19230, -3.00 ,0
 9> <info> app: hr,267,19224, -3.00 ,0
 9> <info> app: hr,268,19244, -3.00 ,0
 9> <info> app: hr,269,19217, -3.00 ,0
 9> <info> app: hr,270,19226, -3.00 ,0
 9> <info> app: hr,271,19210, -2.00 ,0
 9> <info> app: hr,272,19226, -2.00 ,0
 9> <info> app: hr,273,19229, -2.00 ,0
 9> <info> app: hr,274,19221, -2.00 ,0
 9> <info> app: hr,275,19205, -2.00 ,0
 9> <info> app: hr,276,19214, -2.00 ,0
 9> <info> app: hr,277,19234, -1.00 ,0
 9> <info> app: hr,278,19247, -1.00 ,0
 9> <info> app: hr,279,19216, -1.00 ,0
 9> <info> app: hr,280,19223, 0.00 ,1
 9> <info> app: hr,281,19242, 0.00 ,0
 9> <info> app: hr,282,19211, 0.00 ,0
 9> <info> app: hr,283,19231, 0.00 ,0
 9> <info> app: hr,284,19240, 0.00 ,0
 9> <info> app: hr,285,19193, 0.00 ,0
 9> <info> app: hr,286,19219, 0.00 ,0
 9> <info> app: hr,287,19221, 0.00 ,0
 9> <info> app: hr,288,19204, 1.00 ,0
 9> <info> app: hr,289,19206, 1.00 ,0
 9> <info> app: hr,290,19221, 1.00 ,0
 9> <info> app: hr,291,19214, 1.00 ,0
 9> <info> app: hr,292,19226, 1.00 ,0
 9> <info> app: hr,293,19226, 2.00 ,0
 9> <info> app: hr,294,19194, 2.00 ,0
 9> <info> app: hr,295,19231, 2.00 ,0
 9> <info> app: hr,296,19224, 3.00 ,1
 9> <info> app: hr,297,19248, 3.00 ,0
 9> <info> app: hr,298,19210, 3.00 ,0
 9> <info> app: hr,299,19206, 3.00 ,0
 9> <info> app: hr,300,19213, 3.00 ,0
 9> <info> app: hr,301,19197, 3.00 ,0
 9> <info> app: hr,302,19217, 4.00 ,0
 9> <info> app: hr,303,19217, 4.00 ,0
 9> <info> app: hr,304,19214, 4.00 ,0
 9> <info> app: hr,305,19218, 4.00 ,0
 9> <info> app: hr,306,19229, 4.00 ,0
 9> <info> app: hr,307,19211, 5.00 ,0
 9> <info> app: hr,308,19235, 4.00 ,0
 9> <info> app: hr,309,19220, 4.00 ,0
 9> <info> app: hr,310,19207, 5.00 ,0
 9> <info> app: hr,311,19230, 5.00 ,0
 9> <info> app: hr,312,19231, 4.00 ,0
 9> <info> app: hr,313,19220, 4.00 ,0
 9> <info> app: hr,314,19228, 4.00 ,0
 9> <info> app: hr,315,19233, 4.00 ,0
 9> <info> app: hr,316,19218, 4.00 ,0
 9> <info> app: hr,317,19206, 4.00 ,0
 9> <info> app: hr,318,19235, 4.00 ,0
 9> <info> app: hr,319,19210, 4.00 ,0
 9> <info> app: hr,320,19218, 4.00 ,0
 9> <info> app: hr,321,19215, 3.00 ,0
 9> <info> app: hr,322,19209, 3.00 ,-1
 9> <info> app: hr,323,19218, 3.00 ,0
 9> <info> app: hr,324,19211, 3.00 ,0
 9> <info> app: hr,325,19222, 3.00 ,0
 9> <info> app: hr,326,19223, 3.00 ,0
 9> <info> app: hr,327,19207, 2.00 ,0
 9> <info> app: hr,328,19213, 3.00 ,0
 9> <info> app: hr,329,19213, 3.00 ,0
 9> <info> app: hr,330,19196, 3.00 ,0
 9> <info> app: hr,331,19210, 3.00 ,0
 9> <info> app: hr,332,19195, 3.00 ,0
 9> <info> app: hr,333,19220, 3.00 ,0
 9> <info> app: hr,334,19221, 3.00 ,0
 9> <info> app: hr,335,19222, 3.00 ,0
 9> <info> app: hr,336,19231, 3.00 ,0
 9> <info> app: hr,337,19224, 3.00 ,0
 9> <info> app: hr,338,19231, 3.00 ,0
 9> <info> app: hr,339,19198, 3.00 ,0
 9> <info> app: hr,340,19216, 3.00 ,0
 9> <info> app: hr,341,19219, 3.00 ,0
 9> <info> app: hr,342,19235, 3.00 ,0
 9> <info> app: hr,343,19209, 3.00 ,0
 9> <info> app: hr,344,19213, 2.00 ,-1
 9> <info> app: hr,345,19203, 2.00 ,-1
 9> <info> app: hr,346,19219, 2.00 ,0
 9> <info> app: hr,347,19229, 2.00 ,0
 9> <info> app: hr,348,19224, 2.00 ,0
 9> <info> app: hr,349,19196, 2.00 ,0
 9> <info> app: hr,350,19223, 2.00 ,0
 9> <info> app: hr,351,19226, 2.00 ,0
 9> <info> app: hr,352,19234, 1.00 ,0
 9> <info> app: hr,353,19223, 1.00 ,0
 9> <info> app: hr,354,19249, 1.00 ,0
 9> <info> app: hr,355,19242, 1.00 ,0
 9> <info> app: hr,356,19201, 1.00 ,0
 9> <info> app: hr,357,19240, 0.00 ,0
 9> <info> app: hr,358,19211, 0.00 ,0
 9> <info> app: hr,359,19228, 0.00 ,0
 9> <info> app: hr,360,19211, 0.00 ,0
 9> <info> app: hr,361,19213, 0.00 ,0
 9> <info> app: hr,362,19236, 0.00 ,0
 9> <info> app: hr,363,19205, 0.00 ,0
 9> <info> app: hr,364,19232, 0.00 ,0
 9> <info> app: hr,365,19214, 0.00 ,0
 9> <info> app: hr,366,19201, 0.00 ,0
 9> <info> app: hr,367,19219, -1.00 ,-1
 9> <info> app: hr,368,19211, -1.00 ,-1
 9> <info> app: hr,369,19239, -1.00 ,-1
 9> <info> app: hr,370,19223, -1.00 ,-1
 9> <info> app: hr,371,19232, -1.00 ,-1
 9> <info> app: hr,372,19228, -1.00 ,-1
 9> <info> app: hr,373,19206, -1.00 ,-1
 9> <info> app: hr,374,19204, 0.00 ,0
 9> <info> app: hr,375,19232, 0.00 ,0
 9> <info> app: hr,376,19233, 0.00 ,0
 9> <info> app: hr,377,19221, 0.00 ,0
 9> <info> app: hr,378,19204, -1.00 ,-1
 9> <info> app: hr,379,19238, -1.00 ,-1
 9> <info> app: hr,380,19218, -1.00 ,-1
 9> <info> app: hr,381,19230, -1.00 ,-1
 9> <info> app: hr,382,19230, -1.00 ,-1
 9> <info> app: hr,383,19221, -1.00 ,-1
 9> <info> app: hr,384,19222, -1.00 ,-1
 9> <info> app: hr,385,19218, -1.00 ,-1
 9> <info> app: hr,386,19236, -1.00 ,-1
 9> <info> app: hr,387,19220, -2.00 ,-1
 9> <info> app: hr,388,19203, -2.00 ,-1
 9> <info> app: hr,389,19232, -1.00 ,-1
 9> <info> app: hr,390,19201, -1.00 ,-1
 9> <info> app: hr,391,19220, -1.00 ,-1
 9> <info> app: hr,392,19206, -1.00 ,-1
 9> <info> app: hr,393,19256, -1.00 ,-1
 9> <info> app: hr,394,19236, -1.00 ,-1
 9> <info> app: hr,395,19212, -1.00 ,-1
 9> <info> app: hr,396,19242, -1.00 ,-1
 9> <info> app: hr,397,19235, -1.00 ,-1
 9> <info> app: hr,398,19209, -1.00 ,-1
 9> <info> app: hr,399,19215, -2.00 ,-1
 9> <info> app: hr,400,19217, -2.00 ,-1
 9> <info> app: hr,401,19233, -1.00 ,-1
 9> <info> app: hr,402,19227, -1.00 ,-1
 9> <info> app: hr,403,19217, -1.00 ,-1
 9> <info> app: hr,404,19226, -1.00 ,-1
 9> <info> app: hr,405,19227, -1.00 ,-1
 9> <info> app: hr,406,19217, -1.00 ,-1
 9> <info> app: hr,407,19231, -1.00 ,-1
 9> <info> app: hr,408,19218, -1.00 ,-1
 9> <info> app: hr,409,19223, -1.00 ,-1
 9> <info> app: hr,410,19230, -1.00 ,-1
 9> <info> app: hr,411,19240, -2.00 ,-1
 9> <info> app: hr,412,19224, -2.00 ,-1
 9> <info> app: hr,413,19212, -1.00 ,-1
 9> <info> app: hr,414,19228, -1.00 ,-1
 9> <info> app: hr,415,19225, -1.00 ,-1
 9> <info> app: hr,416,19238, -1.00 ,-1
 9> <info> app: hr,417,19220, -1.00 ,-1
 9> <info> app: hr,418,19221, -1.00 ,-1
 9> <info> app: hr,419,19240, -1.00 ,-1
 9> <info> app: hr,420,19219, -1.00 ,-1
 9> <info> app: hr,421,19232, -2.00 ,-1
 9> <info> app: hr,422,19207, -2.00 ,-1
 9> <info> app: hr,423,19217, -2.00 ,-1
 9> <info> app: hr,424,19212, -1.00 ,-1
 9> <info> app: hr,425,19208, -1.00 ,-1
 9> <info> app: hr,426,19215, -1.00 ,-1
 9> <info> app: hr,427,19197, -1.00 ,-1
 9> <info> app: hr,428,19230, 0.00 ,0
 9> <info> app: hr,429,19213, 0.00 ,0
 9> <info> app: hr,430,19215, 0.00 ,0
 9> <info> app: hr,431,19225, 0.00 ,0
 9> <info> app: hr,432,19232, 0.00 ,0
 9> <info> app: hr,433,19212, 0.00 ,0
 9> <info> app: hr,434,19207, 0.00 ,0
 9> <info> app: hr,435,19212, 0.00 ,0
 9> <info> app: hr,436,19215, 0.00 ,0
 9> <info> app: hr,437,19204, 0.00 ,0
 9> <info> app: hr,438,19207, 1.00 ,1
 9> <info> app: hr,439,19229, 1.00 ,1
 9> <info> app: hr,440,19228, 1.00 ,1
 9> <info> app: hr,441,19217, 1.00 ,1
 9> <info> app: hr,442,19230, 2.00 ,1
 9> <info> app: hr,443,19218, 2.00 ,1
 9> <info> app: hr,444,19230, 1.00 ,1
 9> <info> app: hr,445,19229, 1.00 ,1
 9> <info> app: hr,446,19248, 1.00 ,1
 9> <info> app: hr,447,19211, 1.00 ,1
 9> <info> app: hr,448,19216, 1.00 ,1
 9> <info> app: hr,449,19214, 1.00 ,1
 9> <info> app: hr,450,19209, 1.00 ,1
 9> <info> app: hr,451,19218, 1.00 ,1
 9> <info> app: hr,452,19235, 1.00 ,1
 9> <info> app: hr,453,19216, 1.00 ,1
 9> <info> app: hr,454,19235, 1.00 ,1
 9> <info> app: hr,455,19189, 1.00 ,1
 9> <info> app: hr,456,19218, 1.00 ,1
 9> <info> app: hr,457,19216, 1.00 ,1
 9> <info> app: hr,458,19213, 1.00 ,1
 9> <info> app: hr,459,19222, 1.00 ,1
 9> <info> app: hr,460,19224, 1.00 ,1
 9> <info> app: hr,461,19200, 1.00 ,1
 9> <info> app: hr,462,19226, 1.00 ,1
 9> <info> app: hr,463,19227, 1.00 ,1
 9> <info> app: hr,464,19200, 1.00 ,1
 9> <info> app: hr,465,19226, 1.00 ,1
 9> <info> app: hr,466,19215, 1.00 ,1
 9> <info> app: hr,467,19225, 2.00 ,1
 9> <info> app: hr,468,19231, 2.00 ,1
 9> <info> app: hr,469,19176, 1.00 ,1
 9> <info> app: hr,470,19216, 1.00 ,1
 9> <info> app: hr,471,19238, 1.00 ,1
 9> <info> app: hr,472,19187, 1.00 ,1
 9> <info> app: hr,473,19228, 1.00 ,1
 9> <info> app: hr,474,19211, 1.00 ,1
 9> <info> app: hr,475,19202, 2.00 ,1
 9> <info> app: hr,476,19213, 2.00 ,1
 9> <info> app: hr,477,19228, 2.00 ,1
 9> <info> app: hr,478,19234, 2.00 ,1
 9> <info> app: hr,479,19225, 2.00 ,1
 9> <info> app: hr,480,19222, 1.00 ,1
 9> <info> app: hr,481,19222, 1.00 ,1
 9> <info> app: hr,482,19231, 1.00 ,1
 9> <info> app: hr,483,19202, 1.00 ,1
 9> <info> app: hr,484,19208, 1.00 ,1
 9> <info> app: hr,485,19220, 1.00 ,1
 9> <info> app: hr,486,19197, 1.00 ,1
 9> <info> app: hr,487,19215, 1.00 ,1
 9> <info> app: hr,488,19219, 1.00 ,1
 9> <info> app: hr,489,19212, 2.00 ,1
 9> <info> app: hr,490,19229, 2.00 ,1
 9> <info> app: hr,491,19211, 1.00 ,1
 9> <info> app: hr,492,19231, 1.00 ,1
 9> <info> app: hr,493,19220, 1.00 ,1
 9> <info> app: hr,494,19202, 1.00 ,1
 9> <info> app: hr,495,19222, 1.00 ,1
 9> <info> app: hr,496,19218, 1.00 ,1
 9> <info> app: hr,497,19216, 1.00 ,1
 9> <info> app: hr,498,19202, 1.00 ,1
 9> <info> app: hr,499,19225, 1.00 ,1
 9> <info> app: hr,500,19222, 1.00 ,1
 9> <info> app: hr,501,19213, 1.00 ,1
 9> <info> app: hr,502,19211, 1.00 ,1
 9> <info> app: hr,503,19245, 1.00 ,1
 9> <info> app: hr,504,19216, 1.00 ,1
 9> <info> app: hr,505,19240, 0.00 ,0
 9> <info> app: hr,506,19215, 0.00 ,0
 9> <info> app: hr,507,19223, 0.00 ,0
 9> <info> app: hr,508,19206, 0.00 ,0
 9> <info> app: hr,509,19223, 0.00 ,0
 9> <info> app: hr,510,19224, 0.00 ,0
 9> <info> app: hr,511,19229, 0.00 ,0
 9> <info> app: hr,512,19209, 0.00 ,0
 9> <info> app: hr,513,19238, 0.00 ,0
 9> <info> app: hr,514,19233, 0.00 ,0
 9> <info> app: hr,515,19225, 0.00 ,0
 9> <info> app: hr,516,19234, -1.00 ,-1
 9> <info> app: hr,517,19236, -1.00 ,-1
 9> <info> app: hr,518,19216, -1.00 ,-1
 9> <info> app: hr,519,19226, -1.00 ,-1
 9> <info> app: hr,520,19218, -1.00 ,-1
 9> <info> app: hr,521,19215, -1.00 ,-1
 9> <info> app: hr,522,19236, -1.00 ,-1
 9> <info> app: hr,523,19219, -2.00 ,-1
 9> <info> app: hr,524,19230, -2.00 ,-1
 9> <info> app: hr,525,19215, -2.00 ,-1
 9> <info> app: hr,526,19218, -2.00 ,-1
 9> <info> app: hr,527,19222, -2.00 ,-1
 9> <info> app: hr,528,19206, -3.00 ,-1
 9> <info> app: hr,529,19226, -2.00 ,-1
 9> <info> app: hr,530,19218, -2.00 ,-1
 9> <info> app: hr,531,19222, -2.00 ,-1
 9> <info> app: hr,532,19199, -2.00 ,-1
 9> <info> app: hr,533,19226, -2.00 ,-1
 9> <info> app: hr,534,19220, -2.00 ,-1
 9> <info> app: hr,535,19216, -2.00 ,-1
 9> <info> app: hr,536,19247, -2.00 ,-1
 9> <info> app: hr,537,19226, -1.00 ,-1
 9> <info> app: hr,538,19220, -1.00 ,-1
 9> <info> app: hr,539,19217, -1.00 ,-1
 9> <info> app: hr,540,19202, -1.00 ,-1
 9> <info> app: hr,541,19228, -1.00 ,-1
 9> <info> app: hr,542,19223, -1.00 ,-1
 9> <info> app: hr,543,19209, -1.00 ,-1
 9> <info> app: hr,544,19224, -1.00 ,-1
 9> <info> app: hr,545,19221, -1.00 ,-1
 9> <info> app: hr,546,19226, -1.00 ,-1
 9> <info> app: hr,547,19195, -1.00 ,-1
 9> <info> app: hr,548,19215, -1.00 ,-1
 9> <info> app: hr,549,19197, -1.00 ,-1
 9> <info> app: hr,550,19209, 0.00 ,0
 9> <info> app: hr,551,19227, 0.00 ,0
 9> <info> app: hr,552,19209, 0.00 ,0
 9> <info> app: hr,553,19207, 0.00 ,0
 9> <info> app: hr,554,19237, 0.00 ,0
 9> <info> app: hr,555,19225, 0.00 ,0
 9> <info> app: hr,556,19176, 1.00 ,1
 9> <info> app: hr,557,19212, 1.00 ,1
 9> <info> app: hr,558,19196, 0.00 ,0
 9> <info> app: hr,559,19219, 1.00 ,1
 9> <info> app: hr,560,19223, 1.00 ,1
 9> <info> app: hr,561,19243, 1.00 ,1
 9> <info> app: hr,562,19239, 1.00 ,1
 9> <info> app: hr,563,19209, 1.00 ,1
 9> <info> app: hr,564,19219, 1.00 ,1
 9> <info> app: hr,565,19216, 2.00 ,1
 9> <info> app: hr,566,19207, 2.00 ,1
 9> <info> app: hr,567,19195, 2.00 ,1
 9> <info> app: hr,568,19238, 2.00 ,1
 9> <info> app: hr,569,19217, 1.00 ,1
 9> <info> app: hr,570,19219, 1.00 ,1
 9> <info> app: hr,571,19207, 1.00 ,1
 9> <info> app: hr,572,19204, 1.00 ,1
 9> <info> app: hr,573,19221, 2.00 ,1
 9> <info> app: hr,574,19201, 2.00 ,1
 9> <info> app: hr,575,19211, 2.00 ,1
 9> <info> app: hr,576,19211, 2.00 ,1
 9> <info> app: hr,577,19198, 2.00 ,1
 9> <info> app: hr,578,19213, 2.00 ,1
 9> <info> app: hr,579,19200, 2.00 ,1
 9> <info> app: hr,580,19209, 2.00 ,1
 9> <info> app: hr,581,19219, 2.00 ,1
 9> <info> app: hr,582,19202, 2.00 ,1
 9> <info> app: hr,583,19203, 3.00 ,1
 9> <info> app: hr,584,19211, 3.00 ,1
 9> <info> app: hr,585,19198, 3.00 ,1
 9> <info> app: hr,586,19214, 3.00 ,1
 9> <info> app: hr,587,19206, 3.00 ,1
 9> <info> app: hr,588,19216, 3.00 ,1
 9> <info> app: hr,589,19224, 3.00 ,1
 9> <info> app: hr,590,19224, 4.00 ,1
 9> <info> app: hr,591,19239, 3.00 ,1
 9> <info> app: hr,592,19231, 3.00 ,1
 9> <info> app: hr,593,19212, 3.00 ,1
 9> <info> app: hr,594,19215, 3.00 ,1
 9> <info> app: hr,595,19205, 3.00 ,1
 9> <info> app: hr,596,19196, 3.00 ,1
 9> <info> app: hr,597,19216, 2.00 ,0
 9> <info> app: hr,598,19227, 2.00 ,0
 9> <info> app: hr,599,19191, 2.00 ,0
 9> <info> app: hr,600,19186, 2.00 ,0
 9> <info> app: hr,601,19233, 2.00 ,0
 9> <info> app: hr,602,19219, 2.00 ,0
 9> <info> app: hr,603,19235, 2.00 ,0
 9> <info> app: hr,604,19185, 2.00 ,0
 9> <info> app: hr,605,19224, 1.00 ,0
 9> <info> app: hr,606,19191, 1.00 ,0
 9> <info> app: hr,607,19187, 1.00 ,0
 9> <info> app: hr,608,19189, 1.00 ,0
 9> <info> app: hr,609,19216, 2.00 ,0
 9> <info> app: hr,610,19223, 2.00 ,0
 9> <info> app: hr,611,19220, 2.00 ,0
 9> <info> app: hr,612,19215, 2.00 ,0
 9> <info> app: hr,613,19185, 2.00 ,0
 9> <info> app: hr,614,19221, 1.00 ,0
 9> <info> app: hr,615,19211, 1.00 ,0
 9> <info> app: hr,616,19232, 2.00 ,0
 9> <info> app: hr,617,19229, 2.00 ,0
 9> <info> app: hr,618,19215, 2.00 ,0
 9> <info> app: hr,619,19206, 1.00 ,0
 9> <info> app: hr,620,19215, 1.00 ,0
 9> <info> app: hr,621,19213, 1.00 ,0
 9> <info> app: hr,622,19225, 1.00 ,0
 9> <info> app: hr,623,19202, 1.00 ,0
 9> <info> app: hr,624,19217, 1.00 ,0
 9> <info> app: hr,625,19233, 1.00 ,0
 9> <info> app: hr,626,19231, 0.00 ,0
 9> <info> app: hr,627,19208, 0.00 ,0
 9> <info> app: hr,628,19215, 0.00 ,0
 9> <info> app: hr,629,19239, 0.00 ,0
 9> <info> app: hr,630,19189, 0.00 ,0
 9> <info> app: hr,631,19220, 0.00 ,0
 9> <info> app: hr,632,19206, 0.00 ,0
 9> <info> app: hr,633,19220, 0.00 ,0
 9> <info> app: hr,634,19214, 0.00 ,0
 9> <info> app: hr,635,19198, -1.00 ,0
 9> <info> app: hr,636,19238, -1.00 ,-1
 9> <info> app: hr,637,19225, -1.00 ,0
 9> <info> app: hr,638,19212, 0.00 ,0
 9> <info> app: hr,639,19215, 0.00 ,0
 9> <info> app: hr,640,19217, 0.00 ,0
 9> <info> app: hr,641,19213, 0.00 ,0
 9> <info> app: hr,642,19208, -1.00 ,0
 9> <info> app: hr,643,19238, -1.00 ,0
 9> <info> app: hr,644,19220, -1.00 ,0
 9> <info> app: hr,645,19210, -1.00 ,0
 9> <info> app: hr,646,19218, -1.00 ,0
 9> <info> app: hr,647,19215, -1.00 ,0
 9> <info> app: hr,648,19218, -1.00 ,0
 9> <info> app: hr,649,19224, -2.00 ,0
 9> <info> app: hr,650,19221, -2.00 ,0
 9> <info> app: hr,651,19201, -2.00 ,0
 9> <info> app: hr,652,19226, -1.00 ,0
 9> <info> app: hr,653,19241, -1.00 ,0
 9> <info> app: hr,654,19235, -1.00 ,0
 9> <info> app: hr,655,19211, -2.00 ,0
 9> <info> app: hr,656,19228, -2.00 ,0
 9> <info> app: hr,657,19214, -2.00 ,0
 9> <info> app: hr,658,19221, -2.00 ,0
 9> <info> app: hr,659,19224, -3.00 ,0
 9> <info> app: hr,660,19231, -3.00 ,0
 9> <info> app: hr,661,19210, -2.00 ,0
 9> <info> app: hr,662,19237, -2.00 ,0
 9> <info> app: hr,663,19212, -3.00 ,0
 9> <info> app: hr,664,19222, -3.00 ,0
 9> <info> app: hr,665,19215, -3.00 ,0
 9> <info> app: hr,666,19241, -3.00 ,0
 9> <info> app: hr,667,19211, -2.00 ,0
 9> <info> app: hr,668,19226, -3.00 ,0
 9> <info> app: hr,669,19193, -3.00 ,0
 9> <info> app: hr,670,19209, -3.00 ,0
 9> <info> app: hr,671,19226, -3.00 ,0
 9> <info> app: hr,672,19198, -3.00 ,0
 9> <info> app: hr,673,19219, -2.00 ,0
 9> <info> app: hr,674,19210, -2.00 ,0
 9> <info> app: hr,675,19219, -2.00 ,0
 9> <info> app: hr,676,19218, -2.00 ,0
 9> <info> app: hr,677,19196, -2.00 ,0
 9> <info> app: hr,678,19224, -2.00 ,0
 9> <info> app: hr,679,19225, -2.00 ,0
 9> <info> app: hr,680,19211, -1.00 ,0
 9> <info> app: hr,681,19205, 0.00 ,1
 9> <info> app: hr,682,19228, 0.00 ,1
 9> <info> app: hr,683,19216, 0.00 ,0
 9> <info> app: hr,684,19209, 0.00 ,0
 9> <info> app: hr,685,19215, 0.00 ,0
 9> <info> app: hr,686,19226, 0.00 ,0
 9> <info> app: hr,687,19229, 0.00 ,0
 9> <info> app: hr,688,19204, 0.00 ,0
 9> <info> app: hr,689,19218, 0.00 ,0
 9> <info> app: hr,690,19231, 0.00 ,0
 9> <info> app: hr,691,19209, 0.00 ,0
 9> <info> app: hr,692,19221, 0.00 ,0
 9> <info> app: hr,693,19224, 0.00 ,0
 9> <info> app: hr,694,19227, 0.00 ,0
 9> <info> app: hr,695,19207, 0.00 ,0
 9> <info> app: hr,696,19219, 0.00 ,0
 9> <info> app: hr,697,19197, 0.00 ,0
 9> <info> app: hr,698,19237, 0.00 ,0
 9> <info> app: hr,699,19209, 0.00 ,0
 9> <info> app: hr,700,19203, 0.00 ,0
 9> <info> app: hr,701,19203, 0.00 ,0
 9> <info> app: hr,702,19203, 0.00 ,0
 9> <info> app: hr,703,19202, 0.00 ,0
 9> <info> app: hr,704,19221, 0.00 ,0
 9> <info> app: hr,705,19212, 1.00 ,1
 9> <info> app: hr,706,19207, 1.00 ,1
 9> <info> app: hr,707,19207, 1.00 ,1
 9> <info> app: hr,708,19220, 1.00 ,1
 9> <info> app: hr,709,19193, 1.00 ,1
 9> <info> app: hr,710,19214, 1.00 ,1
 9> <info> app: hr,711,19224, 1.00 ,1
 9> <info> app: hr,712,19211, 1.00 ,1
 9> <info> app: hr,713,19199, 1.00 ,1
 9> <info> app: hr,714,19221, 2.00 ,1
 9> <info> app: hr,715,19220, 2.00 ,1
 9> <info> app: hr,716,19213, 2.00 ,1
 9> <info> app: hr,717,19201, 2.00 ,1
 9> <info> app: hr,718,19213, 2.00 ,1
 9> <info> app: hr,719,19214, 2.00 ,1
 9> <info> app: hr,720,19207, 2.00 ,1
 9> <info> app: hr,721,19189, 2.00 ,1
 9> <info> app: hr,722,19223, 2.00 ,1
 9> <info> app: hr,723,19205, 2.00 ,1
 9> <info> app: hr,724,19200, 3.00 ,1
 9> <info> app: hr,725,19212, 3.00 ,1
 9> <info> app: hr,726,19202, 2.00 ,1
 9> <info> app: hr,727,19201, 2.00 ,1
 9> <info> app: hr,728,19183, 3.00 ,1
 9> <info> app: hr,729,19214, 3.00 ,1
 9> <info> app: hr,730,19229, 3.00 ,1
 9> <info> app: hr,731,19211, 3.00 ,1
 9> <info> app: hr,732,19205, 3.00 ,1
 9> <info> app: hr,733,19229, 3.00 ,1
 9> <info> app: hr,734,19215, 3.00 ,1
 9> <info> app: hr,735,19196, 3.00 ,1
 9> <info> app: hr,736,19208, 3.00 ,1
 9> <info> app: hr,737,19207, 3.00 ,1
 9> <info> app: hr,738,19208, 2.00 ,1
 9> <info> app: hr,739,19217, 3.00 ,1
 9> <info> app: hr,740,19212, 3.00 ,1
 9> <info> app: hr,741,19211, 3.00 ,1
 9> <info> app: hr,742,19229, 3.00 ,1
 9> <info> app: hr,743,19180, 3.00 ,1
 9> <info> app: hr,744,19207, 2.00 ,1
 9> <info> app: hr,745,19215, 2.00 ,1
 9> <info> app: hr,746,19191, 2.00 ,1
 9> <info> app: hr,747,19232, 2.00 ,1
 9> <info> app: hr,748,19231, 2.00 ,1
 9> <info> app: hr,749,19206, 2.00 ,1
 9> <info> app: hr,750,19203, 2.00 ,1
 9> <info> app: hr,751,19232, 2.00 ,1
 9> <info> app: hr,752,19214, 1.00 ,1
 9> <info> app: hr,753,19214, 1.00 ,1
 9> <info> app: hr,754,19211, 1.00 ,1
 9> <info> app: hr,755,19221, 1.00 ,1
 9> <info> app: hr,756,19220, 1.00 ,1
 9> <info> app: hr,757,19228, 0.00 ,0
 9> <info> app: hr,758,19241, 0.00 ,0
 9> <info> app: hr,759,19215, 0.00 ,0
 9> <info> app: hr,760,19226, 0.00 ,0
 9> <info> app: hr,761,19215, 0.00 ,0
 9> <info> app: hr,762,19240, 0.00 ,0
 9> <info> app: hr,763,19197, 0.00 ,0
 9> <info> app: hr,764,19198, -1.00 ,-1
 9> <info> app: hr,765,19237, -1.00 ,-1
 9> <info> app: hr,766,19221, -1.00 ,-1
 9> <info> app: hr,767,19218, -2.00 ,-1
 9> <info> app: hr,768,19218, -2.00 ,-1
 9> <info> app: hr,769,19200, -2.00 ,-1
 9> <info> app: hr,770,19228, -1.00 ,-1
 9> <info> app: hr,771,19232, -2.00 ,-1
 9> <info> app: hr,772,19209, -2.00 ,-1
 9> <info> app: hr,773,19217, -2.00 ,-1
 9> <info> app: hr,774,19198, -2.00 ,-1
 9> <info> app: hr,775,19239, -3.00 ,-1
 9> <info> app: hr,776,19217, -3.00 ,-1
 9> <info> app: hr,777,19206, -3.00 ,-1
 9> <info> app: hr,778,19221, -2.00 ,-1
 9> <info> app: hr,779,19216, -2.00 ,-1
 9> <info> app: hr,780,19220, -3.00 ,-1
 9> <info> app: hr,781,19213, -3.00 ,-1
 9> <info> app: hr,782,19222, -3.00 ,-1
 9> <info> app: hr,783,19193, -3.00 ,-1
 9> <info> app: hr,784,19215, -2.00 ,-1
 9> <info> app: hr,785,19192, -2.00 ,-1
 9> <info> app: hr,786,19232, -2.00 ,-1
 9> <info> app: hr,787,19215, -2.00 ,-1
 9> <info> app: hr,788,19228, -2.00 ,-1
 9> <info> app: hr,789,19220, -2.00 ,-1
 9> <info> app: hr,790,19214, -2.00 ,-1
 9> <info> app: hr,791,19231, -2.00 ,-1
 9> <info> app: hr,792,19210, -1.00 ,-1
 9> <info> app: hr,793,19231, -1.00 ,-1
 9> <info> app: hr,794,19212, -1.00 ,-1
 9> <info> app: hr,795,19239, -1.00 ,-1
 9> <info> app: hr,796,19215, -2.00 ,-1
 9> <info> app: hr,797,19230, -2.00 ,-1
 9> <info> app: hr,798,19197, -2.00 ,-1
 9> <info> app: hr,799,19207, -2.00 ,-1
 9> <info> app: hr,800,19244, -2.00 ,-1
 9> <info> app: hr,801,19212, -1.00 ,-1
 9> <info> app: hr,802,19221, -1.00 ,-1
 9> <info> app: hr,803,19223, -1.00 ,-1
 9> <info> app: hr,804,19208, -1.00 ,-1
 9> <info> app: hr,805,19224, -1.00 ,-1
 9> <info> app: hr,806,19211, -2.00 ,-1
 9> <info> app: hr,807,19233, -2.00 ,-1
 9> <info> app: hr,808,19208, -2.00 ,-1
 9> <info> app: hr,809,19210, -2.00 ,-1
 9> <info> app: hr,810,19229, -2.00 ,-1
 9> <info> app: hr,811,19230, -1.00 ,-1
 9> <info> app: hr,812,19228, -1.00 ,-1
 9> <info> app: hr,813,19208, -1.00 ,-1
 9> <info> app: hr,814,19216, -1.00 ,-1
 9> <info> app: hr,815,19216, -1.00 ,-1
 9> <info> app: hr,816,19234, -1.00 ,-1
 9> <info> app: hr,817,19222, -1.00 ,-1
 9> <info> app: hr,818,19207, -1.00 ,-1
 9> <info> app: hr,819,19226, -1.00 ,-1
 9> <info> app: hr,820,19224, -2.00 ,-1
 9> <info> app: hr,821,19232, -2.00 ,-1
 9> <info> app: hr,822,19243, -2.00 ,-1
 9> <info> app: hr,823,19236, -1.00 ,-1
 9> <info> app: hr,824,19231, -1.00 ,-1
 9> <info> app: hr,825,19218, -1.00 ,-1
 9> <info> app: hr,826,19228, -2.00 ,-1
 9> <info> app: hr,827,19232, -2.00 ,-1
 9> <info> app: hr,828,19217, -2.00 ,-1
 9> <info> app: hr,829,19229, -2.00 ,-1
 9> <info> app: hr,830,19215, -3.00 ,-1
 9> <info> app: hr,831,19229, -2.00 ,-1
 9> <info> app: hr,832,19216, -2.00 ,-1
 9> <info> app: hr,833,19241, -2.00 ,-1
 9> <info> app: hr,834,19218, -3.00 ,-1
 9> <info> app: hr,835,19211, -3.00 ,-1
 9> <info> app: hr,836,19198, -3.00 ,-1
 9> <info> app: hr,837,19211, -3.00 ,-1
 9> <info> app: hr,838,19205, -2.00 ,-1
 9> <info> app: hr,839,19214, -2.00 ,-1
 9> <info> app: hr,840,19220, -2.00 ,-1
 9> <info> app: hr,841,19197, -2.00 ,-1
 9> <info> app: hr,842,19204, -1.00 ,-1
 9> <info> app: hr,843,19201, -1.00 ,-1
 9> <info> app: hr,844,19225, -1.00 ,-1
 9> <info> app: hr,845,19224, -1.00 ,-1
 9> <info> app: hr,846,19185, 0.00 ,0
 9> <info> app: hr,847,19208, 0.00 ,0
 9> <info> app: hr,848,19216, 0.00 ,0
 9> <info> app: hr,849,19182, 0.00 ,0
 9> <info> app: hr,850,19208, 0.00 ,0
 9> <info> app: hr,851,19196, 1.00 ,1
 9> <info> app: hr,852,19219, 1.00 ,1
 9> <info> app: hr,853,19209, 2.00 ,1
 9> <info> app: hr,854,19201, 2.00 ,1
 9> <info> app: hr,855,19200, 3.00 ,1
 9> <info> app: hr,856,19212, 3.00 ,1
 9> <info> app: hr,857,19209, 3.00 ,1
 9> <info> app: hr,858,19216, 3.00 ,1
 9> <info> app: hr,859,19214, 3.00 ,1
 9> <info> app: hr,860,19221, 4.00 ,1
 9> <info> app: hr,861,19195, 4.00 ,1
 9> <info> app: hr,862,19193, 4.00 ,1
 9> <info> app: hr,863,19215, 4.00 ,1
 9> <info> app: hr,864,19208, 4.00 ,1
 9> <info> app: hr,865,19206, 5.00 ,1
 9> <info> app: hr,866,19205, 5.00 ,1
 9> <info> app: hr,867,19210, 4.00 ,1
 9> <info> app: hr,868,19204, 5.00 ,1
 9> <info> app: hr,869,19201, 5.00 ,1
 9> <info> app: hr,870,19192, 5.00 ,1
 9> <info> app: hr,871,19209, 5.00 ,1
 9> <info> app: hr,872,19192, 5.00 ,1
 9> <info> app: hr,873,19209, 6.00 ,1
 9> <info> app: hr,874,19216, 5.00 ,1
 9> <info> app: hr,875,19204, 5.00 ,1
 9> <info> app: hr,876,19213, 6.00 ,1
 9> <info> app: hr,877,19228, 6.00 ,1
 9> <info> app: hr,878,19205, 5.00 ,1
 9> <info> app: hr,879,19207, 5.00 ,1
 9> <info> app: hr,880,19227, 5.00 ,1
 9> <info> app: hr,881,19207, 4.00 ,0
 9> <info> app: hr,882,19197, 5.00 ,1
 9> <info> app: hr,883,19203, 5.00 ,1
 9> <info> app: hr,884,19205, 5.00 ,0
 9> <info> app: hr,885,19197, 4.00 ,0
 9> <info> app: hr,886,19183, 4.00 ,0
 9> <info> app: hr,887,19208, 4.00 ,0
 9> <info> app: hr,888,19213, 4.00 ,0
 9> <info> app: hr,889,19204, 4.00 ,0
 9> <info> app: hr,890,19209, 4.00 ,0
 9> <info> app: hr,891,19215, 4.00 ,0
 9> <info> app: hr,892,19203, 4.00 ,0
 9> <info> app: hr,893,19202, 4.00 ,0
 9> <info> app: hr,894,19227, 3.00 ,-1
 9> <info> app: hr,895,19181, 3.00 ,-1
 9> <info> app: hr,896,19187, 3.00 ,0
 9> <info> app: hr,897,19215, 4.00 ,0
 9> <info> app: hr,898,19220, 4.00 ,0
 9> <info> app: hr,899,19201, 3.00 ,0
 9> <info> app: hr,900,19225, 3.00 ,0
 9> <info> app: hr,901,19224, 3.00 ,0
 9> <info> app: hr,902,19221, 3.00 ,0
 9> <info> app: hr,903,19197, 3.00 ,0
 9> <info> app: hr,904,19216, 2.00 ,0
 9> <info> app: hr,905,19213, 1.00 ,-1
 9> <info> app: hr,906,19220, 1.00 ,-1
 9> <info> app: hr,907,19229, 1.00 ,0
 9> <info> app: hr,908,19252, 1.00 ,0
 9> <info> app: hr,909,19231, 0.00 ,0
 9> <info> app: hr,910,19216, 0.00 ,0
 9> <info> app: hr,911,19204, 0.00 ,0
 9> <info> app: hr,912,19246, 0.00 ,0
 9> <info> app: hr,913,19214, 0.00 ,0
 9> <info> app: hr,914,19191, -1.00 ,0
 9> <info> app: hr,915,19222, -1.00 ,0
 9> <info> app: hr,916,19211, -2.00 ,-1
 9> <info> app: hr,917,19227, -2.00 ,-1
 9> <info> app: hr,918,19227, -2.00 ,-1
 9> <info> app: hr,919,19218, -3.00 ,-1
 9> <info> app: hr,920,19221, -2.00 ,0
 9> <info> app: hr,921,19189, -2.00 ,0
 9> <info> app: hr,922,19203, -3.00 ,0
 9> <info> app: hr,923,19225, -3.00 ,0
 9> <info> app: hr,924,19230, -3.00 ,0
 9> <info> app: hr,925,19222, -4.00 ,0
 9> <info> app: hr,926,19213, -3.00 ,0
 9> <info> app: hr,927,19219, -3.00 ,0
 9> <info> app: hr,928,19239, -3.00 ,0
 9> <info> app: hr,929,19206, -4.00 ,0
 9> <info> app: hr,930,19224, -4.00 ,0
 9> <info> app: hr,931,19217, -3.00 ,0
 9> <info> app: hr,932,19230, -4.00 ,0
 9> <info> app: hr,933,19194, -4.00 ,0
 9> <info> app: hr,934,19212, -4.00 ,0
 9> <info> app: hr,935,19239, -4.00 ,0
 9> <info> app: hr,936,19247, -4.00 ,0
 9> <info> app: hr,937,19241, -4.00 ,0
 9> <info> app: hr,938,19215, -4.00 ,0
 9> <info> app: hr,939,19218, -5.00 ,0
 9> <info> app: hr,940,19212, -4.00 ,0
 9> <info> app: hr,941,19229, -4.00 ,0
 9> <info> app: hr,942,19239, -5.00 ,0
 9> <info> app: hr,943,19201, -5.00 ,0
 9> <info> app: hr,944,19223, -4.00 ,0
 9> <info> app: hr,945,19220, -4.00 ,0
 9> <info> app: hr,946,19182, -5.00 ,0
 9> <info> app: hr,947,19240, -5.00 ,0
 9> <info> app: hr,948,19212, -4.00 ,0
 9> <info> app: hr,949,19203, -4.00 ,0
 9> <info> app: hr,950,19230, -4.00 ,0
 9> <info> app: hr,951,19219, -4.00 ,0
 9> <info> app: hr,952,19240, -3.00 ,0
 9> <info> app: hr,953,19233, -3.00 ,0
 9> <info> app: hr,954,19198, -4.00 ,0
 9> <info> app: hr,955,19229, -4.00 ,0
 9> <info> app: hr,956,19215, -4.00 ,0
 9> <info> app: hr,957,19221, -3.00 ,0
 9> <info> app: hr,958,19235, -3.00 ,0
 9> <info> app: hr,959,19212, -3.00 ,0
 9> <info> app: hr,960,19205, -3.00 ,0
 9> <info> app: hr,961,19213, -3.00 ,0
 9> <info> app: hr,962,19216, -3.00 ,0
 9> <info> app: hr,963,19230, -2.00 ,0
 9> <info> app: hr,964,19204, -2.00 ,0
 9> <info> app: hr,965,19236, -2.00 ,0
 9> <info> app: hr,966,19198, -2.00 ,0
 9> <info> app: hr,967,19211, -2.00 ,0
 9> <info> app: hr,968,19220, -2.00 ,0
 9> <info> app: hr,969,19203, -2.00 ,0
 9> <info> app: hr,970,19213, -2.00 ,0
 9> <info> app: hr,971,19206, 0.00 ,1
 9> <info> app: hr,972,19215, 0.00 ,1
 9> <info> app: hr,973,19196, 0.00 ,0
 9> <info> app: hr,974,19236, 0.00 ,0
 9> <info> app: hr,975,19204, 0.00 ,0
 9> <info> app: hr,976,19217, 0.00 ,0
 9> <info> app: hr,977,19223, 0.00 ,0
 9> <info> app: hr,978,19214, 0.00 ,0
 9> <info> app: hr,979,19233, 0.00 ,0
 9> <info> app: hr,980,19230, 0.00 ,0
 9> <info> app: hr,981,19223, 1.00 ,0
 9> <info> app: hr,982,19217, 1.00 ,0
 9> <info> app: hr,983,19222, 1.00 ,0
 9> <info> app: hr,984,19215, 1.00 ,0
 9> <info> app: hr,985,19188, 0.00 ,0
 9> <info> app: hr,986,19202, 0.00 ,0
 9> <info> app: hr,987,19215, 0.00 ,0
 9> <info> app: hr,988,19211, 0.00 ,0
 9> <info> app: hr,989,19183, 0.00 ,0
 9> <info> app: hr,990,19215, 1.00 ,0
 9> <info> app: hr,991,19247, 1.00 ,0
 9> <info> app: hr,992,19203, 1.00 ,0
 9> <info> app: hr,993,19210, 1.00 ,0
 9> <info> app: hr,994,19238, 1.00 ,0
 9> <info> app: hr,995,19205, 2.00 ,0
 9> <info> app: hr,996,19200, 2.00 ,0
 9> <info> app: hr,997,19226, 2.00 ,0
 9> <info> app: hr,998,19232, 2.00 ,0
 9> <info> app: hr,999,19207, 1.00 ,0
 9> <info> app: hr,1000,19197, 1.00 ,0
 9> <info> app: hr,1001,19224, 1.00 ,0
 9> <info> app: hr,1002,19192, 1.00 ,0
 9> <info> app: hr,1003,19201, 1.00 ,0
 9> <info> app: hr,1004,19234, 2.00 ,0
 9> <info> app: hr,1005,19211, 2.00 ,0
 9> <info> app: hr,1006,19238, 2.00 ,0
 9> <info> app: hr,1007,19202, 2.00 ,0
 9> <info> app: hr,1008,19225, 2.00 ,0
 9> <info> app: hr,1009,19196, 1.00 ,0
 9> <info> app: hr,1010,19210, 1.00 ,0
 9> <info> app: hr,1011,19209, 1.00 ,0
 9> <info> app: hr,1012,19214, 1.00 ,0
 9> <info> app: hr,1013,19223, 1.00 ,0
 9> <info> app: hr,1014,19198, 2.00 ,0
 9> <info> app: hr,1015,19210, 2.00 ,0
 9> <info> app: hr,1016,19217, 2.00 ,0
 9> <info> app: hr,1017,19204, 2.00 ,0
 9> <info> app: hr,1018,19209, 2.00 ,0
 9> 
 9> Plus Signal 1, 157
 9> Minus Signal -1, 224
 9> plus_index 157, minus_index 224, Peak Index, 178,185,
 9> Plus Signal 1, 280
 9> Minus Signal -1, 322
 9> plus_index 280, minus_index 322, Peak Index, 307,310,311,
 9> Plus Signal 1, 438
 9> Minus Signal -1, 516
 9> plus_index 438, minus_index 516, Peak Index, 442,443,467,468,475,476,477,478,479,489,490,
 9> Plus Signal 1, 556
 9> Minus Signal -1, 636
 9> plus_index 556, minus_index 636, Peak Index, 590,
 9> Plus Signal 1, 681
 9> Minus Signal -1, 764
 9> plus_index 681, minus_index 764, Peak Index, 724,725,728,729,730,731,732,733,734,735,736,737,739,740,741,742,743,
 9> Plus Signal 1, 851
 9> Minus Signal -1, 894
 9> plus_index 851, minus_index 894, Peak Index, 873,876,877,
# Logging stopped @ 23 Nov 2018 14:54:13
