# SEGGER J-Link RTT Viewer V6.16a Terminal Log File
# Compiled: 12:44:10 on Jun  6 2017
# Logging started @ 23 Nov 2018 09:32:07
 0> <info> app: ***********  Application started  ***********
 0> 
 0> <info> app: [OK] NRF Power ON 0x0004. 
 0> <info> app: Read MAC:CC34D2110EF6
 0> <info> app: ***********  Sensor initial ***********
 0> <info> app: [OK]	BMI160
 0> <info> app: [OK]	SETUP ACC
 0> <info> app: [OK]	SETUP STEP COUNT
 0> <info> app: [OK]	FLASH MEMORY
 0> <info> app: [OK]	OLED Initial
 0> <info> app: [OK]	Max30102 Initial, Temperature 32.68
 0> <info> app: ********** End sensor initial *********
 0> 
 0> <info> app: Max30102 Found
 0> 
 0> <info> app: HR Begin
 0> 
 0> <info> app: 1975
 0> <info> app: hr,0,0,0
 0> <info> app: hr,1,0,0
 0> <info> app: hr,2,0,0
 0> <info> app: hr,3,0,0
 0> <info> app: hr,4,0,0
 0> <info> app: hr,5,0,0
 0> <info> app: hr,6,0,0
 0> <info> app: hr,7,0,0
 0> <info> app: hr,8,0,0
 0> <info> app: hr,9,0,0
 0> <info> app: hr,10,0,0
 0> <info> app: hr,11,0,0
 0> <info> app: hr,12,0,0
 0> <info> app: hr,13,0,0
 0> <info> app: hr,14,0,0
 0> <info> app: hr,15,0,0
 0> <info> app: hr,16,0,0
 0> <info> app: hr,17,0,0
 0> <info> app: hr,18,0,0
 0> <info> app: hr,19,0,0
 0> <info> app: hr,20,0,0
 0> <info> app: hr,21,0,0
 0> <info> app: hr,22,0,0
 0> <info> app: hr,23,0,0
 0> <info> app: hr,24,0,0
 0> <info> app: hr,25,0,0
 0> <info> app: hr,26,0,0
 0> <info> app: hr,27,0,0
 0> <info> app: hr,28,0,0
 0> <info> app: hr,29,0,0
 0> <info> app: hr,30,0,0
 0> <info> app: hr,31,0,0
 0> <info> app: hr,32,0,0
 0> <info> app: hr,33,0,0
 0> <info> app: hr,34,0,0
 0> <info> app: hr,35,0,0
 0> <info> app: hr,36,0,0
 0> <info> app: hr,37,0,0
 0> <info> app: hr,38,0,0
 0> <info> app: hr,39,0,0
 0> <info> app: hr,40,0,0
 0> <info> app: hr,41,0,0
 0> <info> app: hr,42,0,0
 0> <info> app: hr,43,0,0
 0> <info> app: hr,44,0,0
 0> <info> app: hr,45,0,0
 0> <info> app: hr,46,0,0
 0> <info> app: hr,47,0,0
 0> <info> app: hr,48,0,0
 0> <info> app: hr,49,0,0
 0> <info> app: hr,50,0,0
 0> <info> app: hr,51,0,0
 0> <info> app: hr,52,0,0
 0> <info> app: hr,53,0,0
 0> <info> app: hr,54,0,0
 0> <info> app: hr,55,0,0
 0> <info> app: hr,56,0,0
 0> <info> app: hr,57,0,0
 0> <info> app: hr,58,0,0
 0> <info> app: hr,59,0,0
 0> <info> app: hr,60,0,0
 0> <info> app: hr,61,0,0
 0> <info> app: hr,62,0,0
 0> <info> app: hr,63,0,0
 0> <info> app: hr,64,0,0
 0> <info> app: hr,65,0,0
 0> <info> app: hr,66,0,0
 0> <info> app: hr,67,0,0
 0> <info> app: hr,68,0,0
 0> <info> app: hr,69,0,0
 0> <info> app: hr,70,0,0
 0> <info> app: hr,71,0,0
 0> <info> app: hr,72,0,0
 0> <info> app: hr,73,0,0
 0> <info> app: hr,74,0,0
 0> <info> app: hr,75,0,0
 0> <info> app: hr,76,0,0
 0> <info> app: hr,77,0,0
 0> <info> app: hr,78,0,0
 0> <info> app: hr,79,0,0
 0> <info> app: hr,80,0,0
 0> <info> app: hr,81,0,0
 0> <info> app: hr,82,0,0
 0> <info> app: hr,83,0,0
 0> <info> app: hr,84,0,0
 0> <info> app: hr,85,0,0
 0> <info> app: hr,86,0,0
 0> <info> app: hr,87,0,0
 0> <info> app: hr,88,0,0
 0> <info> app: hr,89,0,0
 0> <info> app: hr,90,0,0
 0> <info> app: hr,91,0,0
 0> <info> app: hr,92,0,0
 0> <info> app: hr,93,0,0
 0> <info> app: hr,94,0,0
 0> <info> app: hr,95,0,0
 0> <info> app: hr,96,0,0
 0> <info> app: hr,97,0,0
 0> <info> app: hr,98,0,0
 0> <info> app: hr,99,0,0
 0> <info> app: hr,100,0,0
 0> <info> app: hr,101,0,0
 0> <info> app: hr,102,0,0
 0> <info> app: hr,103,0,0
 0> <info> app: hr,104,0,0
 0> <info> app: hr,105,0,0
 0> <info> app: hr,106,0,0
 0> <info> app: hr,107,0,0
 0> <info> app: hr,108,0,0
 0> <info> app: hr,109,0,0
 0> <info> app: hr,110,0,0
 0> <info> app: hr,111,0,0
 0> <info> app: hr,112,0,0
 0> <info> app: hr,113,0,0
 0> <info> app: hr,114,0,0
 0> <info> app: hr,115,0,0
 0> <info> app: hr,116,0,0
 0> <info> app: hr,117,0,0
 0> <info> app: hr,118,0,0
 0> <info> app: hr,119,0,0
 0> <info> app: hr,120,0,0
 0> <info> app: hr,121,0,0
 0> <info> app: hr,122,0,0
 0> <info> app: hr,123,0,0
 0> <info> app: hr,124,0,0
 0> <info> app: hr,125,0,0
 0> <info> app: hr,126,0,0
 0> <info> app: hr,127,0,0
 0> <info> app: hr,128,0,0
 0> <info> app: hr,129,0,0
 0> <info> app: hr,130,0,0
 0> <info> app: hr,131,0,0
 0> <info> app: hr,132,0,0
 0> <info> app: hr,133,0,0
 0> <info> app: hr,134,0,0
 0> <info> app: hr,135,0,0
 0> <info> app: hr,136,0,0
 0> <info> app: hr,137,0,0
 0> <info> app: hr,138,0,0
 0> <info> app: hr,139,0,0
 0> <info> app: hr,140,0,0
 0> <info> app: hr,141,0,0
 0> <info> app: hr,142,0,0
 0> <info> app: hr,143,0,0
 0> <info> app: hr,144,0,0
 0> <info> app: hr,145,0,0
 0> <info> app: hr,146,0,0
 0> <info> app: hr,147,0,0
 0> <info> app: hr,148,0,0
 0> <info> app: hr,149,0,0
 0> <info> app: hr,150,0,0
 0> <info> app: hr,151,0,0
 0> <info> app: hr,152,0,0
 0> <info> app: hr,153,0,0
 0> <info> app: hr,154,0,0
 0> <info> app: hr,155,0,0
 0> <info> app: hr,156,0,0
 0> <info> app: hr,157,0,0
 0> <info> app: hr,158,0,0
 0> <info> app: hr,159,0,0
 0> <info> app: hr,160,0,0
 0> <info> app: hr,161,0,0
 0> <info> app: hr,162,0,0
 0> <info> app: hr,163,0,0
 0> <info> app: hr,164,0,0
 0> <info> app: hr,165,0,0
 0> <info> app: hr,166,0,0
 0> <info> app: hr,167,0,0
 0> <info> app: hr,168,0,0
 0> <info> app: hr,169,0,0
 0> <info> app: hr,170,0,0
 0> <info> app: hr,171,0,0
 0> <info> app: hr,172,0,0
 0> <info> app: hr,173,0,0
 0> <info> app: hr,174,0,0
 0> <info> app: hr,175,0,0
 0> <info> app: hr,176,0,0
 0> <info> app: hr,177,0,0
 0> <info> app: hr,178,0,0
 0> <info> app: hr,179,0,0
 0> <info> app: hr,180,0,0
 0> <info> app: hr,181,0,0
 0> <info> app: hr,182,0,0
 0> <info> app: hr,183,0,0
 0> <info> app: hr,184,0,0
 0> <info> app: hr,185,0,0
 0> <info> app: hr,186,0,0
 0> <info> app: hr,187,0,0
 0> <info> app: hr,188,0,0
 0> <info> app: hr,189,0,0
 0> <info> app: hr,190,0,0
 0> <info> app: hr,191,0,0
 0> <info> app: hr,192,0,0
 0> <info> app: hr,193,0,0
 0> <info> app: hr,194,0,0
 0> <info> app: hr,195,0,0
 0> <info> app: hr,196,0,0
 0> <info> app: hr,197,0,0
 0> <info> app: hr,198,0,0
 0> <info> app: hr,199,0,0
 0> <info> app: hr,200,0,0
 0> <info> app: hr,201,0,0
 0> <info> app: hr,202,0,0
 0> <info> app: hr,203,0,0
 0> <info> app: hr,204,0,0
 0> <info> app: hr,205,0,0
 0> <info> app: hr,206,0,0
 0> <info> app: hr,207,0,0
 0> <info> app: hr,208,0,0
 0> <info> app: hr,209,0,0
 0> <info> app: hr,210,0,0
 0> <info> app: hr,211,0,0
 0> <info> app: hr,212,0,0
 0> <info> app: hr,213,0,0
 0> <info> app: hr,214,0,0
 0> <info> app: hr,215,0,0
 0> <info> app: hr,216,0,0
 0> <info> app: hr,217,0,0
 0> <info> app: hr,218,0,0
 0> <info> app: hr,219,0,0
 0> <info> app: hr,220,0,0
 0> <info> app: hr,221,0,0
 0> <info> app: hr,222,0,0
 0> <info> app: hr,223,0,0
 0> <info> app: hr,224,0,0
 0> <info> app: hr,225,0,0
 0> <info> app: hr,226,0,0
 0> <info> app: hr,227,0,0
 0> <info> app: hr,228,0,0
 0> <info> app: hr,229,0,0
 0> <info> app: hr,230,0,0
 0> <info> app: hr,231,0,0
 0> <info> app: hr,232,0,0
 0> <info> app: hr,233,0,0
 0> <info> app: hr,234,0,0
 0> <info> app: hr,235,0,0
 0> <info> app: hr,236,0,0
 0> <info> app: hr,237,0,0
 0> <info> app: hr,238,0,0
 0> <info> app: hr,239,0,0
 0> <info> app: hr,240,0,0
 0> <info> app: hr,241,0,0
 0> <info> app: hr,242,0,0
 0> <info> app: hr,243,0,0
 0> <info> app: hr,244,0,0
 0> <info> app: hr,245,0,0
 0> <info> app: hr,246,0,0
 0> <info> app: hr,247,0,0
 0> <info> app: hr,248,0,0
 0> <info> app: hr,249,0,0
 0> <info> app: hr,250,0,0
 0> <info> app: hr,251,0,0
 0> <info> app: hr,252,0,0
 0> <info> app: hr,253,0,0
 0> <info> app: hr,254,0,0
 0> <info> app: hr,255,0,0
 0> <info> app: hr,256,0,0
 0> <info> app: hr,257,0,0
 0> <info> app: hr,258,0,0
 0> <info> app: hr,259,0,0
 0> <info> app: hr,260,0,0
 0> <info> app: hr,261,0,0
 0> <info> app: hr,262,0,0
 0> <info> app: hr,263,0,0
 0> <info> app: hr,264,0,0
 0> <info> app: hr,265,0,0
 0> <info> app: hr,266,0,0
 0> <info> app: hr,267,0,0
 0> <info> app: hr,268,0,0
 0> <info> app: hr,269,0,0
 0> <info> app: hr,270,0,0
 0> <info> app: hr,271,0,0
 0> <info> app: hr,272,0,0
 0> <info> app: hr,273,0,0
 0> <info> app: hr,274,0,0
 0> <info> app: hr,275,0,0
 0> <info> app: hr,276,0,0
 0> <info> app: hr,277,0,0
 0> <info> app: hr,278,0,0
 0> <info> app: hr,279,0,0
 0> <info> app: hr,280,0,0
 0> <info> app: hr,281,0,0
 0> <info> app: hr,282,0,0
 0> <info> app: hr,283,0,0
 0> <info> app: hr,284,0,0
 0> <info> app: hr,285,0,0
 0> <info> app: hr,286,0,0
 0> <info> app: hr,287,0,0
 0> <info> app: hr,288,0,0
 0> <info> app: hr,289,0,0
 0> <info> app: hr,290,0,0
 0> <info> app: hr,291,0,0
 0> <info> app: hr,292,0,0
 0> <info> app: hr,293,0,0
 0> <info> app: hr,294,0,0
 0> <info> app: hr,295,0,0
 0> <info> app: hr,296,0,0
 0> <info> app: hr,297,0,0
 0> <info> app: hr,298,0,0
 0> <info> app: hr,299,0,0
 0> <info> app: hr,300,0,0
 0> <info> app: hr,301,0,0
 0> <info> app: hr,302,0,0
 0> <info> app: hr,303,0,0
 0> <info> app: hr,304,0,0
 0> <info> app: hr,305,0,0
 0> <info> app: hr,306,0,0
 0> <info> app: hr,307,0,0
 0> <info> app: hr,308,0,0
 0> <info> app: hr,309,0,0
 0> <info> app: hr,310,0,0
 0> <info> app: hr,311,0,0
 0> <info> app: hr,312,0,0
 0> <info> app: hr,313,0,0
 0> <info> app: hr,314,0,0
 0> <info> app: hr,315,0,0
 0> <info> app: hr,316,0,0
 0> <info> app: hr,317,0,0
 0> <info> app: hr,318,0,0
 0> <info> app: hr,319,0,0
 0> <info> app: hr,320,0,0
 0> <info> app: hr,321,0,0
 0> <info> app: hr,322,0,0
 0> <info> app: hr,323,0,0
 0> <info> app: hr,324,0,0
 0> <info> app: hr,325,0,0
 0> <info> app: hr,326,0,0
 0> <info> app: hr,327,0,0
 0> <info> app: hr,328,0,0
 0> <info> app: hr,329,0,0
 0> <info> app: hr,330,0,0
 0> <info> app: hr,331,0,0
 0> <info> app: hr,332,0,0
 0> <info> app: hr,333,0,0
 0> <info> app: hr,334,0,0
 0> <info> app: hr,335,0,0
 0> <info> app: hr,336,0,0
 0> <info> app: hr,337,0,0
 0> <info> app: hr,338,0,0
 0> <info> app: hr,339,0,0
 0> <info> app: hr,340,0,0
 0> <info> app: hr,341,0,0
 0> <info> app: hr,342,0,0
 0> <info> app: hr,343,0,0
 0> <info> app: hr,344,0,0
 0> <info> app: hr,345,0,0
 0> <info> app: hr,346,0,0
 0> <info> app: hr,347,0,0
 0> <info> app: hr,348,0,0
 0> <info> app: hr,349,0,0
 0> <info> app: hr,350,0,0
 0> <info> app: hr,351,0,0
 0> <info> app: hr,352,0,0
 0> <info> app: hr,353,0,0
 0> <info> app: hr,354,0,0
 0> <info> app: hr,355,0,0
 0> <info> app: hr,356,0,0
 0> <info> app: hr,357,0,0
 0> <info> app: hr,358,0,0
 0> <info> app: hr,359,0,0
 0> <info> app: hr,360,0,0
 0> <info> app: hr,361,0,0
 0> <info> app: hr,362,0,0
 0> <info> app: hr,363,0,0
 0> <info> app: hr,364,0,0
 0> <info> app: hr,365,0,0
 0> <info> app: hr,366,0,0
 0> <info> app: hr,367,0,0
 0> <info> app: hr,368,0,0
 0> <info> app: hr,369,0,0
 0> <info> app: hr,370,0,0
 0> <info> app: hr,371,0,0
 0> <info> app: hr,372,0,0
 0> <info> app: hr,373,0,0
 0> <info> app: hr,374,0,0
 0> <info> app: hr,375,0,0
 0> <info> app: hr,376,0,0
 0> <info> app: hr,377,0,0
 0> <info> app: hr,378,0,0
 0> <info> app: hr,379,0,0
 0> <info> app: hr,380,0,0
 0> <info> app: hr,381,0,0
 0> <info> app: hr,382,0,0
 0> <info> app: hr,383,0,0
 0> <info> app: hr,384,0,0
 0> <info> app: hr,385,0,0
 0> <info> app: hr,386,0,0
 0> <info> app: hr,387,0,0
 0> <info> app: hr,388,0,0
 0> <info> app: hr,389,0,0
 0> <info> app: hr,390,0,0
 0> <info> app: hr,391,0,0
 0> <info> app: hr,392,0,0
 0> <info> app: hr,393,0,0
 0> <info> app: hr,394,0,0
 0> <info> app: hr,395,0,0
 0> <info> app: hr,396,0,0
 0> <info> app: hr,397,0,0
 0> <info> app: hr,398,0,0
 0> <info> app: hr,399,0,0
 0> <info> app: hr,400,0,0
 0> <info> app: hr,401,0,0
 0> <info> app: hr,402,0,0
 0> <info> app: hr,403,0,0
 0> <info> app: hr,404,0,0
 0> <info> app: hr,405,0,0
 0> <info> app: hr,406,0,0
 0> <info> app: hr,407,0,0
 0> <info> app: hr,408,0,0
 0> <info> app: hr,409,0,0
 0> <info> app: hr,410,0,0
 0> <info> app: hr,411,0,0
 0> <info> app: hr,412,0,0
 0> <info> app: hr,413,0,0
 0> <info> app: hr,414,0,0
 0> <info> app: hr,415,0,0
 0> <info> app: hr,416,0,0
 0> <info> app: hr,417,0,0
 0> <info> app: hr,418,0,0
 0> <info> app: hr,419,0,0
 0> <info> app: hr,420,0,0
 0> <info> app: hr,421,0,0
 0> <info> app: hr,422,0,0
 0> <info> app: hr,423,0,0
 0> <info> app: hr,424,0,0
 0> <info> app: hr,425,0,0
 0> <info> app: hr,426,0,0
 0> <info> app: hr,427,0,0
 0> <info> app: hr,428,0,0
 0> <info> app: hr,429,0,0
 0> <info> app: hr,430,0,0
 0> <info> app: hr,431,0,0
 0> <info> app: hr,432,0,0
 0> <info> app: hr,433,0,0
 0> <info> app: hr,434,0,0
 0> <info> app: hr,435,0,0
 0> <info> app: hr,436,0,0
 0> <info> app: hr,437,0,0
 0> <info> app: hr,438,0,0
 0> <info> app: hr,439,0,0
 0> <info> app: hr,440,0,0
 0> <info> app: hr,441,0,0
 0> <info> app: hr,442,0,0
 0> <info> app: hr,443,0,0
 0> <info> app: hr,444,0,0
 0> <info> app: hr,445,0,0
 0> <info> app: hr,446,0,0
 0> <info> app: hr,447,0,0
 0> <info> app: hr,448,0,0
 0> <info> app: hr,449,0,0
 0> <info> app: hr,450,0,0
 0> <info> app: hr,451,0,0
 0> <info> app: hr,452,0,0
 0> <info> app: hr,453,0,0
 0> <info> app: hr,454,0,0
 0> <info> app: hr,455,0,0
 0> <info> app: hr,456,0,0
 0> <info> app: hr,457,0,0
 0> <info> app: hr,458,0,0
 0> <info> app: hr,459,0,0
 0> <info> app: hr,460,0,0
 0> <info> app: hr,461,0,0
 0> <info> app: hr,462,0,0
 0> <info> app: hr,463,0,0
 0> <info> app: hr,464,0,0
 0> <info> app: hr,465,0,0
 0> <info> app: hr,466,0,0
 0> <info> app: hr,467,0,0
 0> <info> app: hr,468,0,0
 0> <info> app: hr,469,0,0
 0> <info> app: hr,470,0,0
 0> <info> app: hr,471,0,0
 0> <info> app: hr,472,0,0
 0> <info> app: hr,473,0,0
 0> <info> app: hr,474,0,0
 0> <info> app: hr,475,0,0
 0> <info> app: hr,476,0,0
 0> <info> app: hr,477,0,0
 0> <info> app: hr,478,0,0
 0> <info> app: hr,479,0,0
 0> <info> app: hr,480,0,0
 0> <info> app: hr,481,0,0
 0> <info> app: hr,482,0,0
 0> <info> app: hr,483,0,0
 0> <info> app: hr,484,0,0
 0> <info> app: hr,485,0,0
 0> <info> app: hr,486,0,0
 0> <info> app: hr,487,0,0
 0> <info> app: hr,488,0,0
 0> <info> app: hr,489,0,0
 0> <info> app: hr,490,0,0
 0> <info> app: hr,491,0,0
 0> <info> app: hr,492,0,0
 0> <info> app: hr,493,0,0
 0> <info> app: hr,494,0,0
 0> <info> app: hr,495,0,0
 0> <info> app: hr,496,0,0
 0> <info> app: hr,497,0,0
 0> <info> app: hr,498,0,0
 0> <info> app: hr,499,0,0
 0> <info> app: hr,500,0,0
 0> <info> app: hr,501,0,0
 0> <info> app: hr,502,0,0
 0> <info> app: hr,503,0,0
 0> <info> app: hr,504,0,0
 0> <info> app: hr,505,0,0
 0> <info> app: hr,506,0,0
 0> <info> app: hr,507,0,0
 0> <info> app: hr,508,0,0
 0> <info> app: hr,509,0,0
 0> <info> app: hr,510,0,0
 0> <info> app: hr,511,0,0
 0> <info> app: hr,512,0,0
 0> <info> app: hr,513,0,0
 0> <info> app: hr,514,0,0
 0> <info> app: hr,515,0,0
 0> <info> app: hr,516,0,0
 0> <info> app: hr,517,0,0
 0> <info> app: hr,518,0,0
 0> <info> app: hr,519,0,0
 0> <info> app: hr,520,0,0
 0> <info> app: hr,521,0,0
 0> <info> app: hr,522,0,0
 0> <info> app: hr,523,0,0
 0> <info> app: hr,524,0,0
 0> <info> app: hr,525,0,0
 0> <info> app: hr,526,0,0
 0> <info> app: hr,527,0,0
 0> <info> app: hr,528,0,0
 0> <info> app: hr,529,0,0
 0> <info> app: hr,530,0,0
 0> <info> app: hr,531,0,0
 0> <info> app: hr,532,0,0
 0> <info> app: hr,533,0,0
 0> <info> app: hr,534,0,0
 0> <info> app: hr,535,0,0
 0> <info> app: hr,536,0,0
 0> <info> app: hr,537,0,0
 0> <info> app: hr,538,0,0
 0> <info> app: hr,539,0,0
 0> <info> app: hr,540,0,0
 0> <info> app: hr,541,0,0
 0> <info> app: hr,542,0,0
 0> <info> app: hr,543,0,0
 0> <info> app: hr,544,0,0
 0> <info> app: hr,545,0,0
 0> <info> app: hr,546,0,0
 0> <info> app: hr,547,0,0
 0> <info> app: hr,548,0,0
 0> <info> app: hr,549,0,0
 0> <info> app: hr,550,0,0
 0> <info> app: hr,551,0,0
 0> <info> app: hr,552,0,0
 0> <info> app: hr,553,0,0
 0> <info> app: hr,554,0,0
 0> <info> app: hr,555,0,0
 0> <info> app: hr,556,0,0
 0> <info> app: hr,557,0,0
 0> <info> app: hr,558,0,0
 0> <info> app: hr,559,0,0
 0> <info> app: hr,560,0,0
 0> <info> app: hr,561,0,0
 0> <info> app: hr,562,0,0
 0> <info> app: hr,563,0,0
 0> <info> app: hr,564,0,0
 0> <info> app: hr,565,0,0
 0> <info> app: hr,566,0,0
 0> <info> app: hr,567,0,0
 0> <info> app: hr,568,0,0
 0> <info> app: hr,569,0,0
 0> <info> app: hr,570,0,0
 0> <info> app: hr,571,0,0
 0> <info> app: hr,572,0,0
 0> <info> app: hr,573,0,0
 0> <info> app: hr,574,0,0
 0> <info> app: hr,575,0,0
 0> <info> app: hr,576,0,0
 0> <info> app: hr,577,0,0
 0> <info> app: hr,578,0,0
 0> <info> app: hr,579,0,0
 0> <info> app: hr,580,0,0
 0> <info> app: hr,581,0,0
 0> <info> app: hr,582,0,0
 0> <info> app: hr,583,0,0
 0> <info> app: hr,584,0,0
 0> <info> app: hr,585,0,0
 0> <info> app: hr,586,0,0
 0> <info> app: hr,587,0,0
 0> <info> app: hr,588,0,0
 0> <info> app: hr,589,0,0
 0> <info> app: hr,590,0,0
 0> <info> app: hr,591,0,0
 0> <info> app: hr,592,0,0
 0> <info> app: hr,593,0,0
 0> <info> app: hr,594,0,0
 0> <info> app: hr,595,0,0
 0> <info> app: hr,596,0,0
 0> <info> app: hr,597,0,0
 0> <info> app: hr,598,0,0
 0> <info> app: hr,599,0,0
 0> <info> app: hr,600,0,0
 0> <info> app: hr,601,0,0
 0> <info> app: hr,602,0,0
 0> <info> app: hr,603,0,0
 0> <info> app: hr,604,0,0
 0> <info> app: hr,605,0,0
 0> <info> app: hr,606,0,0
 0> <info> app: hr,607,0,0
 0> <info> app: hr,608,0,0
 0> <info> app: hr,609,0,0
 0> <info> app: hr,610,0,0
 0> <info> app: hr,611,0,0
 0> <info> app: hr,612,0,0
 0> <info> app: hr,613,0,0
 0> <info> app: hr,614,0,0
 0> <info> app: hr,615,0,0
 0> <info> app: hr,616,0,0
 0> <info> app: hr,617,0,0
 0> <info> app: hr,618,0,0
 0> <info> app: hr,619,0,0
 0> <info> app: hr,620,0,0
 0> <info> app: hr,621,0,0
 0> <info> app: hr,622,0,0
 0> <info> app: hr,623,0,0
 0> <info> app: hr,624,0,0
 0> <info> app: hr,625,0,0
 0> <info> app: hr,626,0,0
 0> <info> app: hr,627,0,0
 0> <info> app: hr,628,0,0
 0> <info> app: hr,629,0,0
 0> <info> app: hr,630,0,0
 0> <info> app: hr,631,0,0
 0> <info> app: hr,632,0,0
 0> <info> app: hr,633,0,0
 0> <info> app: hr,634,0,0
 0> <info> app: hr,635,0,0
 0> <info> app: hr,636,0,0
 0> <info> app: hr,637,0,0
 0> <info> app: hr,638,0,0
 0> <info> app: hr,639,0,0
 0> <info> app: hr,640,0,0
 0> <info> app: hr,641,0,0
 0> <info> app: hr,642,0,0
 0> <info> app: hr,643,0,0
 0> <info> app: hr,644,0,0
 0> <info> app: hr,645,0,0
 0> <info> app: hr,646,0,0
 0> <info> app: hr,647,0,0
 0> <info> app: hr,648,0,0
 0> <info> app: hr,649,0,0
 0> <info> app: hr,650,0,0
 0> <info> app: hr,651,0,0
 0> <info> app: hr,652,0,0
 0> <info> app: hr,653,0,0
 0> <info> app: hr,654,0,0
 0> <info> app: hr,655,0,0
 0> <info> app: hr,656,0,0
 0> <info> app: hr,657,0,0
 0> <info> app: hr,658,0,0
 0> <info> app: hr,659,0,0
 0> <info> app: hr,660,0,0
 0> <info> app: hr,661,0,0
 0> <info> app: hr,662,0,0
 0> <info> app: hr,663,0,0
 0> <info> app: hr,664,0,0
 0> <info> app: hr,665,0,0
 0> <info> app: hr,666,0,0
 0> <info> app: hr,667,0,0
 0> <info> app: hr,668,0,0
 0> <info> app: hr,669,0,0
 0> <info> app: hr,670,0,0
 0> <info> app: hr,671,0,0
 0> <info> app: hr,672,0,0
 0> <info> app: hr,673,0,0
 0> <info> app: hr,674,0,0
 0> <info> app: hr,675,0,0
 0> <info> app: hr,676,0,0
 0> <info> app: hr,677,0,0
 0> <info> app: hr,678,0,0
 0> <info> app: hr,679,0,0
 0> <info> app: hr,680,0,0
 0> <info> app: hr,681,0,0
 0> <info> app: hr,682,0,0
 0> <info> app: hr,683,0,0
 0> <info> app: hr,684,0,0
 0> <info> app: hr,685,0,0
 0> <info> app: hr,686,0,0
 0> <info> app: hr,687,0,0
 0> <info> app: hr,688,0,0
 0> <info> app: hr,689,0,0
 0> <info> app: hr,690,0,0
 0> <info> app: hr,691,0,0
 0> <info> app: hr,692,0,0
 0> <info> app: hr,693,0,0
 0> <info> app: hr,694,0,0
 0> <info> app: hr,695,0,0
 0> <info> app: hr,696,0,0
 0> <info> app: hr,697,0,0
 0> <info> app: hr,698,0,0
 0> <info> app: hr,699,0,0
 0> <info> app: hr,700,0,0
 0> <info> app: hr,701,0,0
 0> <info> app: hr,702,0,0
 0> <info> app: hr,703,0,0
 0> <info> app: hr,704,0,0
 0> <info> app: hr,705,0,0
 0> <info> app: hr,706,0,0
 0> <info> app: hr,707,0,0
 0> <info> app: hr,708,0,0
 0> <info> app: hr,709,0,0
 0> <info> app: hr,710,0,0
 0> <info> app: hr,711,0,0
 0> <info> app: hr,712,0,0
 0> <info> app: hr,713,0,0
 0> <info> app: hr,714,0,0
 0> <info> app: hr,715,0,0
 0> <info> app: hr,716,0,0
 0> <info> app: hr,717,0,0
 0> <info> app: hr,718,0,0
 0> <info> app: hr,719,0,0
 0> <info> app: hr,720,0,0
 0> <info> app: hr,721,0,0
 0> <info> app: hr,722,0,0
 0> <info> app: hr,723,0,0
 0> <info> app: hr,724,0,0
 0> <info> app: hr,725,0,0
 0> <info> app: hr,726,0,0
 0> <info> app: hr,727,0,0
 0> <info> app: hr,728,0,0
 0> <info> app: hr,729,0,0
 0> <info> app: hr,730,0,0
 0> <info> app: hr,731,0,0
 0> <info> app: hr,732,0,0
 0> <info> app: hr,733,0,0
 0> <info> app: hr,734,0,0
 0> <info> app: hr,735,0,0
 0> <info> app: hr,736,0,0
 0> <info> app: hr,737,0,0
 0> <info> app: hr,738,0,0
 0> <info> app: hr,739,0,0
 0> <info> app: hr,740,0,0
 0> <info> app: hr,741,0,0
 0> <info> app: hr,742,0,0
 0> <info> app: hr,743,0,0
 0> <info> app: hr,744,0,0
 0> <info> app: hr,745,0,0
 0> <info> app: hr,746,0,0
 0> <info> app: hr,747,0,0
 0> <info> app: hr,748,0,0
 0> <info> app: hr,749,0,0
 0> <info> app: hr,750,0,0
 0> <info> app: hr,751,0,0
 0> <info> app: hr,752,0,0
 0> <info> app: hr,753,0,0
 0> <info> app: hr,754,0,0
 0> <info> app: hr,755,0,0
 0> <info> app: hr,756,0,0
 0> <info> app: hr,757,0,0
 0> <info> app: hr,758,0,0
 0> <info> app: hr,759,0,0
 0> <info> app: hr,760,0,0
 0> <info> app: hr,761,0,0
 0> <info> app: hr,762,0,0
 0> <info> app: hr,763,0,0
 0> <info> app: hr,764,0,0
 0> <info> app: hr,765,0,0
 0> <info> app: hr,766,0,0
 0> <info> app: hr,767,0,0
 0> <info> app: hr,768,0,0
 0> <info> app: hr,769,0,0
 0> <info> app: hr,770,0,0
 0> <info> app: hr,771,0,0
 0> <info> app: hr,772,0,0
 0> <info> app: hr,773,0,0
 0> <info> app: hr,774,0,0
 0> <info> app: hr,775,0,0
 0> <info> app: hr,776,0,0
 0> <info> app: hr,777,0,0
 0> <info> app: hr,778,0,0
 0> <info> app: hr,779,0,0
 0> <info> app: hr,780,0,0
 0> <info> app: hr,781,0,0
 0> <info> app: hr,782,0,0
 0> <info> app: hr,783,0,0
 0> <info> app: hr,784,0,0
 0> <info> app: hr,785,0,0
 0> <info> app: hr,786,0,0
 0> <info> app: hr,787,0,0
 0> <info> app: hr,788,0,0
 0> <info> app: hr,789,0,0
 0> <info> app: hr,790,0,0
 0> <info> app: hr,791,0,0
 0> <info> app: hr,792,0,0
 0> <info> app: hr,793,0,0
 0> <info> app: hr,794,0,0
 0> <info> app: hr,795,0,0
 0> <info> app: hr,796,0,0
 0> <info> app: hr,797,0,0
 0> <info> app: hr,798,0,0
 0> <info> app: hr,799,0,0
 0> <info> app: hr,800,0,0
 0> <info> app: hr,801,0,0
 0> <info> app: hr,802,0,0
 0> <info> app: hr,803,0,0
 0> <info> app: hr,804,0,0
 0> <info> app: hr,805,0,0
 0> <info> app: hr,806,0,0
 0> <info> app: hr,807,0,0
 0> <info> app: hr,808,0,0
 0> <info> app: hr,809,0,0
 0> <info> app: hr,810,0,0
 0> <info> app: hr,811,0,0
 0> <info> app: hr,812,0,0
 0> <info> app: hr,813,0,0
 0> <info> app: hr,814,0,0
 0> <info> app: hr,815,0,0
 0> <info> app: hr,816,0,0
 0> <info> app: hr,817,0,0
 0> <info> app: hr,818,0,0
 0> <info> app: hr,819,0,0
 0> <info> app: hr,820,0,0
 0> <info> app: hr,821,0,0
 0> <info> app: hr,822,0,0
 0> <info> app: hr,823,0,0
 0> <info> app: hr,824,0,0
 0> <info> app: hr,825,0,0
 0> <info> app: hr,826,0,0
 0> <info> app: hr,827,0,0
 0> <info> app: hr,828,0,0
 0> <info> app: hr,829,0,0
 0> <info> app: hr,830,0,0
 0> <info> app: hr,831,0,0
 0> <info> app: hr,832,0,0
 0> <info> app: hr,833,0,0
 0> <info> app: hr,834,0,0
 0> <info> app: hr,835,0,0
 0> <info> app: hr,836,0,0
 0> <info> app: hr,837,0,0
 0> <info> app: hr,838,0,0
 0> <info> app: hr,839,0,0
 0> <info> app: hr,840,0,0
 0> <info> app: hr,841,0,0
 0> <info> app: hr,842,0,0
 0> <info> app: hr,843,0,0
 0> <info> app: hr,844,0,0
 0> <info> app: hr,845,0,0
 0> <info> app: hr,846,0,0
 0> <info> app: hr,847,0,0
 0> <info> app: hr,848,0,0
 0> <info> app: hr,849,0,0
 0> <info> app: hr,850,0,0
 0> <info> app: hr,851,0,0
 0> <info> app: hr,852,0,0
 0> <info> app: hr,853,0,0
 0> <info> app: hr,854,0,0
 0> <info> app: hr,855,0,0
 0> <info> app: hr,856,0,0
 0> <info> app: hr,857,0,0
 0> <info> app: hr,858,0,0
 0> <info> app: hr,859,0,0
 0> <info> app: hr,860,0,0
 0> <info> app: hr,861,0,0
 0> <info> app: hr,862,0,0
 0> <info> app: hr,863,0,0
 0> <info> app: hr,864,0,0
 0> <info> app: hr,865,0,0
 0> <info> app: hr,866,0,0
 0> <info> app: hr,867,0,0
 0> <info> app: hr,868,0,0
 0> <info> app: hr,869,0,0
 0> <info> app: hr,870,0,0
 0> <info> app: hr,871,0,0
 0> <info> app: hr,872,0,0
 0> <info> app: hr,873,0,0
 0> <info> app: hr,874,0,0
 0> <info> app: hr,875,0,0
 0> <info> app: hr,876,0,0
 0> <info> app: hr,877,0,0
 0> <info> app: hr,878,0,0
 0> <info> app: hr,879,0,0
 0> <info> app: hr,880,0,0
 0> <info> app: hr,881,0,0
 0> <info> app: hr,882,0,0
 0> <info> app: hr,883,0,0
 0> <info> app: hr,884,0,0
 0> <info> app: hr,885,0,0
 0> <info> app: hr,886,0,0
 0> <info> app: hr,887,0,0
 0> <info> app: hr,888,0,0
 0> <info> app: hr,889,0,0
 0> <info> app: hr,890,0,0
 0> <info> app: hr,891,0,0
 0> <info> app: hr,892,0,0
 0> <info> app: hr,893,0,0
 0> <info> app: hr,894,0,0
 0> <info> app: hr,895,0,0
 0> <info> app: hr,896,0,0
 0> <info> app: hr,897,0,0
 0> <info> app: hr,898,0,0
 0> <info> app: hr,899,0,0
 0> <info> app: hr,900,0,0
 0> <info> app: hr,901,0,0
 0> <info> app: hr,902,0,0
 0> <info> app: hr,903,0,0
 0> <info> app: hr,904,0,0
 0> <info> app: hr,905,0,0
 0> <info> app: hr,906,0,0
 0> <info> app: hr,907,0,0
 0> <info> app: hr,908,0,0
 0> <info> app: hr,909,0,0
 0> <info> app: hr,910,0,0
 0> <info> app: hr,911,0,0
 0> <info> app: hr,912,0,0
 0> <info> app: hr,913,0,0
 0> <info> app: hr,914,0,0
 0> <info> app: hr,915,0,0
 0> <info> app: hr,916,0,0
 0> <info> app: hr,917,0,0
 0> <info> app: hr,918,0,0
 0> <info> app: hr,919,0,0
 0> <info> app: hr,920,0,0
 0> <info> app: hr,921,0,0
 0> <info> app: hr,922,0,0
 0> <info> app: hr,923,0,0
 0> <info> app: hr,924,0,0
 0> <info> app: hr,925,0,0
 0> <info> app: hr,926,0,0
 0> <info> app: hr,927,0,0
 0> <info> app: hr,928,0,0
 0> <info> app: hr,929,0,0
 0> <info> app: hr,930,0,0
 0> <info> app: hr,931,0,0
 0> <info> app: hr,932,0,0
 0> <info> app: hr,933,0,0
 0> <info> app: hr,934,0,0
 0> <info> app: hr,935,0,0
 0> <info> app: hr,936,0,0
 0> <info> app: hr,937,0,0
 0> <info> app: hr,938,0,0
 0> <info> app: hr,939,0,0
 0> <info> app: hr,940,0,0
 0> <info> app: hr,941,0,0
 0> <info> app: hr,942,0,0
 0> <info> app: hr,943,0,0
 0> <info> app: hr,944,0,0
 0> <info> app: hr,945,0,0
 0> <info> app: hr,946,0,0
 0> <info> app: hr,947,0,0
 0> <info> app: hr,948,0,0
 0> <info> app: hr,949,0,0
 0> <info> app: hr,950,0,0
 0> <info> app: hr,951,0,0
 0> <info> app: hr,952,0,0
 0> <info> app: hr,953,0,0
 0> <info> app: hr,954,0,0
 0> <info> app: hr,955,0,0
 0> <info> app: hr,956,0,0
 0> <info> app: hr,957,0,0
 0> <info> app: hr,958,0,0
 0> <info> app: hr,959,0,0
 0> <info> app: hr,960,0,0
 0> <info> app: hr,961,0,0
 0> <info> app: hr,962,0,0
 0> <info> app: hr,963,0,0
 0> <info> app: hr,964,0,0
 0> <info> app: hr,965,0,0
 0> <info> app: hr,966,0,0
 0> <info> app: hr,967,0,0
 0> <info> app: hr,968,0,0
 0> <info> app: hr,969,0,0
 0> <info> app: hr,970,0,0
 0> <info> app: hr,971,0,0
 0> <info> app: hr,972,0,0
 0> <info> app: hr,973,0,0
 0> <info> app: hr,974,0,0
 0> <info> app: hr,975,0,0
 0> <info> app: hr,976,0,0
 0> <info> app: hr,977,0,0
 0> <info> app: hr,978,0,0
 0> <info> app: hr,979,0,0
 0> <info> app: hr,980,0,0
 0> <info> app: hr,981,0,0
 0> <info> app: hr,982,0,0
 0> <info> app: hr,983,0,0
 0> <info> app: hr,984,0,0
 0> <info> app: hr,985,0,0
 0> <info> app: hr,986,0,0
 0> <info> app: hr,987,0,0
 0> <info> app: hr,988,0,0
 0> <info> app: hr,989,0,0
 0> <info> app: hr,990,0,0
 0> <info> app: hr,991,0,0
 0> <info> app: hr,992,0,0
 0> <info> app: hr,993,0,0
 0> <info> app: hr,994,0,0
 0> <info> app: hr,995,0,0
 0> <info> app: hr,996,0,0
 0> <info> app: hr,997,0,0
 0> <info> app: hr,998,0,0
 0> <info> app: hr,999,0,0
 0> <info> app: hr,1000,0,0
 0> <info> app: hr,1001,0,0
 0> <info> app: hr,1002,0,0
 0> <info> app: hr,1003,0,0
 0> <info> app: hr,1004,0,0
 0> <info> app: hr,1005,0,0
 0> <info> app: hr,1006,0,0
 0> <info> app: hr,1007,0,0
 0> <info> app: hr,1008,0,0
 0> <info> app: hr,1009,0,0
 0> <info> app: hr,1010,0,0
 0> <info> app: hr,1011,0,0
 0> <info> app: hr,1012,0,0
 0> <info> app: hr,1013,0,0
 0> <info> app: hr,1014,0,0
 0> <info> app: hr,1015,0,0
 0> <info> app: hr,1016,0,0
 0> <info> app: hr,1017,0,0
 0> <info> app: hr,1018,0,0
 0> <info> app: hr,1019,0,0
 0> <info> app: hr,1020,0,0
 0> <info> app: hr,1021,0,0
 0> <info> app: hr,1022,0,0
 0> <info> app: hr,1023,0,0
 0> <info> app: hr,1024,0,0
 0> <info> app: hr,1025,0,0
 0> <info> app: hr,1026,0,0
 0> <info> app: hr,1027,0,0
 0> <info> app: hr,1028,0,0
 0> <info> app: hr,1029,0,0
 0> <info> app: hr,1030,0,0
 0> <info> app: hr,1031,0,0
 0> <info> app: hr,1032,0,0
 0> <info> app: hr,1033,0,0
 0> <info> app: hr,1034,0,0
 0> <info> app: hr,1035,0,0
 0> <info> app: hr,1036,0,0
 0> <info> app: hr,1037,0,0
 0> <info> app: hr,1038,0,0
 0> <info> app: hr,1039,0,0
 0> <info> app: hr,1040,0,0
 0> <info> app: hr,1041,0,0
 0> <info> app: hr,1042,0,0
 0> <info> app: hr,1043,0,0
 0> <info> app: hr,1044,0,0
 0> <info> app: hr,1045,0,0
 0> <info> app: hr,1046,0,0
 0> <info> app: hr,1047,0,0
 0> <info> app: hr,1048,0,0
 0> <info> app: hr,1049,0,0
 0> <info> app: hr,1050,0,0
 0> <info> app: hr,1051,0,0
 0> <info> app: hr,1052,0,0
 0> <info> app: hr,1053,0,0
 0> <info> app: hr,1054,0,0
 0> <info> app: hr,1055,0,0
 0> <info> app: hr,1056,0,0
 0> <info> app: hr,1057,0,0
 0> <info> app: hr,1058,0,0
 0> <info> app: hr,1059,0,0
 0> <info> app: hr,1060,0,0
 0> <info> app: hr,1061,0,0
 0> <info> app: hr,1062,0,0
 0> <info> app: hr,1063,0,0
 0> <info> app: hr,1064,0,0
 0> <info> app: hr,1065,0,0
 0> <info> app: hr,1066,0,0
 0> <info> app: hr,1067,0,0
 0> <info> app: hr,1068,0,0
 0> <info> app: hr,1069,0,0
 0> <info> app: hr,1070,0,0
 0> <info> app: hr,1071,0,0
 0> <info> app: hr,1072,0,0
 0> <info> app: hr,1073,0,0
 0> <info> app: hr,1074,0,0
 0> <info> app: hr,1075,0,0
 0> <info> app: hr,1076,0,0
 0> <info> app: hr,1077,0,0
 0> <info> app: hr,1078,0,0
 0> <info> app: hr,1079,0,0
 0> <info> app: hr,1080,0,0
 0> <info> app: hr,1081,0,0
 0> <info> app: hr,1082,0,0
 0> <info> app: hr,1083,0,0
 0> <info> app: hr,1084,0,0
 0> <info> app: hr,1085,0,0
 0> <info> app: hr,1086,0,0
 0> <info> app: hr,1087,0,0
 0> <info> app: hr,1088,0,0
 0> <info> app: hr,1089,0,0
 0> <info> app: hr,1090,0,0
 0> <info> app: hr,1091,0,0
 0> <info> app: hr,1092,0,0
 0> <info> app: hr,1093,0,0
 0> <info> app: hr,1094,0,0
 0> <info> app: hr,1095,0,0
 0> <info> app: hr,1096,0,0
 0> <info> app: hr,1097,0,0
 0> <info> app: hr,1098,0,0
 0> <info> app: hr,1099,0,0
 0> <info> app: hr,1100,0,0
 0> <info> app: hr,1101,0,0
 0> <info> app: hr,1102,0,0
 0> <info> app: hr,1103,0,0
 0> <info> app: hr,1104,0,0
 0> <info> app: hr,1105,0,0
 0> <info> app: hr,1106,0,0
 0> <info> app: hr,1107,0,0
 0> <info> app: hr,1108,0,0
 0> <info> app: hr,1109,0,0
 0> <info> app: hr,1110,0,0
 0> <info> app: hr,1111,0,0
 0> <info> app: hr,1112,0,0
 0> <info> app: hr,1113,0,0
 0> <info> app: hr,1114,0,0
 0> <info> app: hr,1115,0,0
 0> <info> app: hr,1116,0,0
 0> <info> app: hr,1117,0,0
 0> <info> app: hr,1118,0,0
 0> <info> app: hr,1119,0,0
 0> <info> app: hr,1120,0,0
 0> <info> app: hr,1121,0,0
 0> <info> app: hr,1122,0,0
 0> <info> app: hr,1123,0,0
 0> <info> app: hr,1124,0,0
 0> <info> app: hr,1125,0,0
 0> <info> app: hr,1126,0,0
 0> <info> app: hr,1127,0,0
 0> <info> app: hr,1128,0,0
 0> <info> app: hr,1129,0,0
 0> <info> app: hr,1130,0,0
 0> <info> app: hr,1131,0,0
 0> <info> app: hr,1132,0,0
 0> <info> app: hr,1133,0,0
 0> <info> app: hr,1134,0,0
 0> <info> app: hr,1135,0,0
 0> <info> app: hr,1136,0,0
 0> <info> app: hr,1137,0,0
 0> <info> app: hr,1138,0,0
 0> <info> app: hr,1139,0,0
 0> <info> app: hr,1140,0,0
 0> <info> app: hr,1141,0,0
 0> <info> app: hr,1142,0,0
 0> <info> app: hr,1143,0,0
 0> <info> app: hr,1144,0,0
 0> <info> app: hr,1145,0,0
 0> <info> app: hr,1146,0,0
 0> <info> app: hr,1147,0,0
 0> <info> app: hr,1148,0,0
 0> <info> app: hr,1149,0,0
 0> <info> app: hr,1150,0,0
 0> <info> app: hr,1151,0,0
 0> <info> app: hr,1152,0,0
 0> <info> app: hr,1153,0,0
 0> <info> app: hr,1154,0,0
 0> <info> app: hr,1155,0,0
 0> <info> app: hr,1156,0,0
 0> <info> app: hr,1157,0,0
 0> <info> app: hr,1158,0,0
 0> <info> app: hr,1159,0,0
 0> <info> app: hr,1160,0,0
 0> <info> app: hr,1161,0,0
 0> <info> app: hr,1162,0,0
 0> <info> app: hr,1163,0,0
 0> <info> app: hr,1164,0,0
 0> <info> app: hr,1165,0,0
 0> <info> app: hr,1166,0,0
 0> <info> app: hr,1167,0,0
 0> <info> app: hr,1168,0,0
 0> <info> app: hr,1169,0,0
 0> <info> app: hr,1170,0,0
 0> <info> app: hr,1171,0,0
 0> <info> app: hr,1172,0,0
 0> <info> app: hr,1173,0,0
 0> <info> app: hr,1174,0,0
 0> <info> app: hr,1175,0,0
 0> <info> app: hr,1176,0,0
 0> <info> app: hr,1177,0,0
 0> <info> app: hr,1178,0,0
 0> <info> app: hr,1179,0,0
 0> <info> app: hr,1180,0,0
 0> <info> app: hr,1181,0,0
 0> <info> app: hr,1182,0,0
 0> <info> app: hr,1183,0,0
 0> <info> app: hr,1184,0,0
 0> <info> app: hr,1185,0,0
 0> <info> app: hr,1186,0,0
 0> <info> app: hr,1187,0,0
 0> <info> app: hr,1188,0,0
 0> <info> app: hr,1189,0,0
 0> <info> app: hr,1190,0,0
 0> <info> app: hr,1191,0,0
 0> <info> app: hr,1192,0,0
 0> <info> app: hr,1193,0,0
 0> <info> app: hr,1194,0,0
 0> <info> app: hr,1195,0,0
 0> <info> app: hr,1196,0,0
 0> <info> app: hr,1197,0,0
 0> <info> app: hr,1198,0,0
 0> <info> app: hr,1199,0,0
 0> <info> app: hr,1200,0,0
 0> <info> app: hr,1201,0,0
 0> <info> app: hr,1202,0,0
 0> <info> app: hr,1203,0,0
 0> <info> app: hr,1204,0,0
 0> <info> app: hr,1205,0,0
 0> <info> app: hr,1206,0,0
 0> <info> app: hr,1207,0,0
 0> <info> app: hr,1208,0,0
 0> <info> app: hr,1209,0,0
 0> <info> app: hr,1210,0,0
 0> <info> app: hr,1211,0,0
 0> <info> app: hr,1212,0,0
 0> <info> app: hr,1213,0,0
 0> <info> app: hr,1214,0,0
 0> <info> app: hr,1215,0,0
 0> <info> app: hr,1216,0,0
 0> <info> app: hr,1217,0,0
 0> <info> app: hr,1218,0,0
 0> <info> app: hr,1219,0,0
 0> <info> app: hr,1220,0,0
 0> <info> app: hr,1221,0,0
 0> <info> app: hr,1222,0,0
 0> <info> app: hr,1223,0,0
 0> <info> app: hr,1224,0,0
 0> <info> app: hr,1225,0,0
 0> <info> app: hr,1226,0,0
 0> <info> app: hr,1227,0,0
 0> <info> app: hr,1228,0,0
 0> <info> app: hr,1229,0,0
 0> <info> app: hr,1230,0,0
 0> <info> app: hr,1231,0,0
 0> <info> app: hr,1232,0,0
 0> <info> app: hr,1233,0,0
 0> <info> app: hr,1234,0,0
 0> <info> app: hr,1235,0,0
 0> <info> app: hr,1236,0,0
 0> <info> app: hr,1237,0,0
 0> <info> app: hr,1238,0,0
 0> <info> app: hr,1239,0,0
 0> <info> app: hr,1240,0,0
 0> <info> app: hr,1241,0,0
 0> <info> app: hr,1242,0,0
 0> <info> app: hr,1243,0,0
 0> <info> app: hr,1244,0,0
 0> <info> app: hr,1245,0,0
 0> <info> app: hr,1246,0,0
 0> <info> app: hr,1247,0,0
 0> <info> app: hr,1248,0,0
 0> <info> app: hr,1249,0,0
 0> <info> app: hr,1250,0,0
 0> <info> app: hr,1251,0,0
 0> <info> app: hr,1252,0,0
 0> <info> app: hr,1253,0,0
 0> <info> app: hr,1254,0,0
 0> <info> app: hr,1255,0,0
 0> <info> app: hr,1256,0,0
 0> <info> app: hr,1257,0,0
 0> <info> app: hr,1258,0,0
 0> <info> app: hr,1259,0,0
 0> <info> app: hr,1260,0,0
 0> <info> app: hr,1261,0,0
 0> <info> app: hr,1262,0,0
 0> <info> app: hr,1263,0,0
 0> <info> app: hr,1264,0,0
 0> <info> app: hr,1265,0,0
 0> <info> app: hr,1266,0,0
 0> <info> app: hr,1267,0,0
 0> <info> app: hr,1268,0,0
 0> <info> app: hr,1269,0,0
 0> <info> app: hr,1270,0,0
 0> <info> app: hr,1271,0,0
 0> <info> app: hr,1272,0,0
 0> <info> app: hr,1273,0,0
 0> <info> app: hr,1274,0,0
 0> <info> app: hr,1275,0,0
 0> <info> app: hr,1276,0,0
 0> <info> app: hr,1277,0,0
 0> <info> app: hr,1278,0,0
 0> <info> app: hr,1279,0,0
 0> <info> app: hr,1280,0,0
 0> <info> app: hr,1281,0,0
 0> <info> app: hr,1282,0,0
 0> <info> app: hr,1283,0,0
 0> <info> app: hr,1284,0,0
 0> <info> app: hr,1285,0,0
 0> <info> app: hr,1286,0,0
 0> <info> app: hr,1287,0,0
 0> <info> app: hr,1288,0,0
 0> <info> app: hr,1289,0,0
 0> <info> app: hr,1290,0,0
 0> <info> app: hr,1291,0,0
 0> <info> app: hr,1292,0,0
 0> <info> app: hr,1293,0,0
 0> <info> app: hr,1294,0,0
 0> <info> app: hr,1295,0,0
 0> <info> app: hr,1296,0,0
 0> <info> app: hr,1297,0,0
 0> <info> app: hr,1298,0,0
 0> <info> app: hr,1299,0,0
 0> <info> app: hr,1300,0,0
 0> <info> app: hr,1301,0,0
 0> <info> app: hr,1302,0,0
 0> <info> app: hr,1303,0,0
 0> <info> app: hr,1304,0,0
 0> <info> app: hr,1305,0,0
 0> <info> app: hr,1306,0,0
 0> <info> app: hr,1307,0,0
 0> <info> app: hr,1308,0,0
 0> <info> app: hr,1309,0,0
 0> <info> app: hr,1310,0,0
 0> <info> app: hr,1311,0,0
 0> <info> app: hr,1312,0,0
 0> <info> app: hr,1313,0,0
 0> <info> app: hr,1314,0,0
 0> <info> app: hr,1315,0,0
 0> <info> app: hr,1316,0,0
 0> <info> app: hr,1317,0,0
 0> <info> app: hr,1318,0,0
 0> <info> app: hr,1319,0,0
 0> <info> app: hr,1320,0,0
 0> <info> app: hr,1321,0,0
 0> <info> app: hr,1322,0,0
 0> <info> app: hr,1323,0,0
 0> <info> app: hr,1324,0,0
 0> <info> app: hr,1325,0,0
 0> <info> app: hr,1326,0,0
 0> <info> app: hr,1327,0,0
 0> <info> app: hr,1328,0,0
 0> <info> app: hr,1329,0,0
 0> <info> app: hr,1330,0,0
 0> <info> app: hr,1331,0,0
 0> <info> app: hr,1332,0,0
 0> <info> app: hr,1333,0,0
 0> <info> app: hr,1334,0,0
 0> <info> app: hr,1335,0,0
 0> <info> app: hr,1336,0,0
 0> <info> app: hr,1337,0,0
 0> <info> app: hr,1338,0,0
 0> <info> app: hr,1339,0,0
 0> <info> app: hr,1340,0,0
 0> <info> app: hr,1341,0,0
 0> <info> app: hr,1342,0,0
 0> <info> app: hr,1343,0,0
 0> <info> app: hr,1344,0,0
 0> <info> app: hr,1345,0,0
 0> <info> app: hr,1346,0,0
 0> <info> app: hr,1347,0,0
 0> <info> app: hr,1348,0,0
 0> <info> app: hr,1349,0,0
 0> <info> app: hr,1350,0,0
 0> <info> app: hr,1351,0,0
 0> <info> app: hr,1352,0,0
 0> <info> app: hr,1353,0,0
 0> <info> app: hr,1354,0,0
 0> <info> app: hr,1355,0,0
 0> <info> app: hr,1356,0,0
 0> <info> app: hr,1357,0,0
 0> <info> app: hr,1358,0,0
 0> <info> app: hr,1359,0,0
 0> <info> app: hr,1360,0,0
 0> <info> app: hr,1361,0,0
 0> <info> app: hr,1362,0,0
 0> <info> app: hr,1363,0,0
 0> <info> app: hr,1364,0,0
 0> <info> app: hr,1365,0,0
 0> <info> app: hr,1366,0,0
 0> <info> app: hr,1367,0,0
 0> <info> app: hr,1368,0,0
 0> <info> app: hr,1369,0,0
 0> <info> app: hr,1370,0,0
 0> <info> app: hr,1371,0,0
 0> <info> app: hr,1372,0,0
 0> <info> app: hr,1373,0,0
 0> <info> app: hr,1374,0,0
 0> <info> app: hr,1375,0,0
 0> <info> app: hr,1376,0,0
 0> <info> app: hr,1377,0,0
 0> <info> app: hr,1378,0,0
 0> <info> app: hr,1379,0,0
 0> <info> app: hr,1380,0,0
 0> <info> app: hr,1381,0,0
 0> <info> app: hr,1382,0,0
 0> <info> app: hr,1383,0,0
 0> <info> app: hr,1384,0,0
 0> <info> app: hr,1385,0,0
 0> <info> app: hr,1386,0,0
 0> <info> app: hr,1387,0,0
 0> <info> app: hr,1388,0,0
 0> <info> app: hr,1389,0,0
 0> <info> app: hr,1390,0,0
 0> <info> app: hr,1391,0,0
 0> <info> app: hr,1392,0,0
 0> <info> app: hr,1393,0,0
 0> <info> app: hr,1394,0,0
 0> <info> app: hr,1395,0,0
 0> <info> app: hr,1396,0,0
 0> <info> app: hr,1397,0,0
 0> <info> app: hr,1398,0,0
 0> <info> app: hr,1399,0,0
 0> <info> app: hr,1400,0,0
 0> <info> app: hr,1401,0,0
 0> <info> app: hr,1402,0,0
 0> <info> app: hr,1403,0,0
 0> <info> app: hr,1404,0,0
 0> <info> app: hr,1405,0,0
 0> <info> app: hr,1406,0,0
 0> <info> app: hr,1407,0,0
 0> <info> app: hr,1408,0,0
 0> <info> app: hr,1409,0,0
 0> <info> app: hr,1410,0,0
 0> <info> app: hr,1411,0,0
 0> <info> app: hr,1412,0,0
 0> <info> app: hr,1413,0,0
 0> <info> app: hr,1414,0,0
 0> <info> app: hr,1415,0,0
 0> <info> app: hr,1416,0,0
 0> <info> app: hr,1417,0,0
 0> <info> app: hr,1418,0,0
 0> <info> app: hr,1419,0,0
 0> <info> app: hr,1420,0,0
 0> <info> app: hr,1421,0,0
 0> <info> app: hr,1422,0,0
 0> <info> app: hr,1423,0,0
 0> <info> app: hr,1424,0,0
 0> <info> app: hr,1425,0,0
 0> <info> app: hr,1426,0,0
 0> <info> app: hr,1427,0,0
 0> <info> app: hr,1428,0,0
 0> <info> app: hr,1429,0,0
 0> <info> app: hr,1430,0,0
 0> <info> app: hr,1431,0,0
 0> <info> app: hr,1432,0,0
 0> <info> app: hr,1433,0,0
 0> <info> app: hr,1434,0,0
 0> <info> app: hr,1435,0,0
 0> <info> app: hr,1436,0,0
 0> <info> app: hr,1437,0,0
 0> <info> app: hr,1438,0,0
 0> <info> app: hr,1439,0,0
 0> <info> app: hr,1440,0,0
 0> <info> app: hr,1441,0,0
 0> <info> app: hr,1442,0,0
 0> <info> app: hr,1443,0,0
 0> <info> app: hr,1444,0,0
 0> <info> app: hr,1445,0,0
 0> <info> app: hr,1446,0,0
 0> <info> app: hr,1447,0,0
 0> <info> app: hr,1448,0,0
 0> <info> app: hr,1449,0,0
 0> <info> app: hr,1450,0,0
 0> <info> app: hr,1451,0,0
 0> <info> app: hr,1452,0,0
 0> <info> app: hr,1453,0,0
 0> <info> app: hr,1454,0,0
 0> <info> app: hr,1455,0,0
 0> <info> app: hr,1456,0,0
 0> <info> app: hr,1457,0,0
 0> <info> app: hr,1458,0,0
 0> <info> app: hr,1459,0,0
 0> <info> app: hr,1460,0,0
 0> <info> app: hr,1461,0,0
 0> <info> app: hr,1462,0,0
 0> <info> app: hr,1463,0,0
 0> <info> app: hr,1464,0,0
 0> <info> app: hr,1465,0,0
 0> <info> app: hr,1466,0,0
 0> <info> app: hr,1467,0,0
 0> <info> app: hr,1468,0,0
 0> <info> app: hr,1469,0,0
 0> <info> app: hr,1470,0,0
 0> <info> app: hr,1471,0,0
 0> <info> app: hr,1472,0,0
 0> <info> app: hr,1473,0,0
 0> <info> app: hr,1474,0,0
 0> <info> app: hr,1475,0,0
 0> <info> app: hr,1476,0,0
 0> <info> app: hr,1477,0,0
 0> <info> app: hr,1478,0,0
 0> <info> app: hr,1479,0,0
 0> <info> app: hr,1480,0,0
 0> <info> app: hr,1481,0,0
 0> <info> app: hr,1482,0,0
 0> <info> app: hr,1483,0,0
 0> <info> app: hr,1484,0,0
 0> <info> app: hr,1485,0,0
 0> <info> app: hr,1486,0,0
 0> <info> app: hr,1487,0,0
 0> <info> app: hr,1488,0,0
 0> <info> app: hr,1489,0,0
 0> <info> app: hr,1490,0,0
 0> <info> app: hr,1491,0,0
 0> <info> app: hr,1492,0,0
 0> <info> app: hr,1493,0,0
 0> <info> app: hr,1494,0,0
 0> <info> app: hr,1495,0,0
 0> <info> app: hr,1496,0,0
 0> <info> app: hr,1497,0,0
 0> <info> app: hr,1498,0,0
 0> <info> app: hr,1499,0,0
 0> <info> app: hr,1500,0,0
 0> <info> app: hr,1501,0,0
 0> <info> app: hr,1502,0,0
 0> <info> app: hr,1503,0,0
 0> <info> app: hr,1504,0,0
 0> <info> app: hr,1505,0,0
 0> <info> app: hr,1506,0,0
 0> <info> app: hr,1507,0,0
 0> <info> app: hr,1508,0,0
 0> <info> app: hr,1509,0,0
 0> <info> app: hr,1510,0,0
 0> <info> app: hr,1511,0,0
 0> <info> app: hr,1512,0,0
 0> <info> app: hr,1513,0,0
 0> <info> app: hr,1514,0,0
 0> <info> app: hr,1515,0,0
 0> <info> app: hr,1516,0,0
 0> <info> app: hr,1517,0,0
 0> <info> app: hr,1518,0,0
 0> <info> app: hr,1519,0,0
 0> <info> app: hr,1520,0,0
 0> <info> app: hr,1521,0,0
 0> <info> app: hr,1522,0,0
 0> <info> app: hr,1523,0,0
 0> <info> app: hr,1524,0,0
 0> <info> app: hr,1525,0,0
 0> <info> app: hr,1526,0,0
 0> <info> app: hr,1527,0,0
 0> <info> app: hr,1528,0,0
 0> <info> app: hr,1529,0,0
 0> <info> app: hr,1530,0,0
 0> <info> app: hr,1531,0,0
 0> <info> app: hr,1532,0,0
 0> <info> app: hr,1533,0,0
 0> <info> app: hr,1534,0,0
 0> <info> app: hr,1535,0,0
 0> <info> app: hr,1536,0,0
 0> <info> app: hr,1537,0,0
 0> <info> app: hr,1538,0,0
 0> <info> app: hr,1539,0,0
 0> <info> app: hr,1540,0,0
 0> <info> app: hr,1541,0,0
 0> <info> app: hr,1542,0,0
 0> <info> app: hr,1543,0,0
 0> <info> app: hr,1544,0,0
 0> <info> app: hr,1545,0,0
 0> <info> app: hr,1546,0,0
 0> <info> app: hr,1547,0,0
 0> <info> app: hr,1548,0,0
 0> <info> app: hr,1549,0,0
 0> <info> app: hr,1550,0,0
 0> <info> app: hr,1551,0,0
 0> <info> app: hr,1552,0,0
 0> <info> app: hr,1553,0,0
 0> <info> app: hr,1554,0,0
 0> <info> app: hr,1555,0,0
 0> <info> app: hr,1556,0,0
 0> <info> app: hr,1557,0,0
 0> <info> app: hr,1558,0,0
 0> <info> app: hr,1559,0,0
 0> <info> app: hr,1560,0,0
 0> <info> app: hr,1561,0,0
 0> <info> app: hr,1562,0,0
 0> <info> app: hr,1563,0,0
 0> <info> app: hr,1564,0,0
 0> <info> app: hr,1565,0,0
 0> <info> app: hr,1566,0,0
 0> <info> app: hr,1567,0,0
 0> <info> app: hr,1568,0,0
 0> <info> app: hr,1569,0,0
 0> <info> app: hr,1570,0,0
 0> <info> app: hr,1571,0,0
 0> <info> app: hr,1572,0,0
 0> <info> app: hr,1573,0,0
 0> <info> app: hr,1574,0,0
 0> <info> app: hr,1575,0,0
 0> <info> app: hr,1576,0,0
 0> <info> app: hr,1577,0,0
 0> <info> app: hr,1578,0,0
 0> <info> app: hr,1579,0,0
 0> <info> app: hr,1580,0,0
 0> <info> app: hr,1581,0,0
 0> <info> app: hr,1582,0,0
 0> <info> app: hr,1583,0,0
 0> <info> app: hr,1584,0,0
 0> <info> app: hr,1585,0,0
 0> <info> app: hr,1586,0,0
 0> <info> app: hr,1587,0,0
 0> <info> app: hr,1588,0,0
 0> <info> app: hr,1589,0,0
 0> <info> app: hr,1590,0,0
 0> <info> app: hr,1591,0,0
 0> <info> app: hr,1592,0,0
 0> <info> app: hr,1593,0,0
 0> <info> app: hr,1594,0,0
 0> <info> app: hr,1595,0,0
 0> <info> app: hr,1596,0,0
 0> <info> app: hr,1597,0,0
 0> <info> app: hr,1598,0,0
 0> <info> app: hr,1599,0,0
 0> <info> app: hr,1600,0,0
 0> <info> app: hr,1601,0,0
 0> <info> app: hr,1602,0,0
 0> <info> app: hr,1603,0,0
 0> <info> app: hr,1604,0,0
 0> <info> app: hr,1605,0,0
 0> <info> app: hr,1606,0,0
 0> <info> app: hr,1607,0,0
 0> <info> app: hr,1608,0,0
 0> <info> app: hr,1609,0,0
 0> <info> app: hr,1610,0,0
 0> <info> app: hr,1611,0,0
 0> <info> app: hr,1612,0,0
 0> <info> app: hr,1613,0,0
 0> <info> app: hr,1614,0,0
 0> <info> app: hr,1615,0,0
 0> <info> app: hr,1616,0,0
 0> <info> app: hr,1617,0,0
 0> <info> app: hr,1618,0,0
 0> <info> app: hr,1619,0,0
 0> <info> app: hr,1620,0,0
 0> <info> app: hr,1621,0,0
 0> <info> app: hr,1622,0,0
 0> <info> app: hr,1623,0,0
 0> <info> app: hr,1624,0,0
 0> <info> app: hr,1625,0,0
 0> <info> app: hr,1626,0,0
 0> <info> app: hr,1627,0,0
 0> <info> app: hr,1628,0,0
 0> <info> app: hr,1629,0,0
 0> <info> app: hr,1630,0,0
 0> <info> app: hr,1631,0,0
 0> <info> app: hr,1632,0,0
 0> <info> app: hr,1633,0,0
 0> <info> app: hr,1634,0,0
 0> <info> app: hr,1635,0,0
 0> <info> app: hr,1636,0,0
 0> <info> app: hr,1637,0,0
 0> <info> app: hr,1638,0,0
 0> <info> app: hr,1639,0,0
 0> <info> app: hr,1640,0,0
 0> <info> app: hr,1641,0,0
 0> <info> app: hr,1642,0,0
 0> <info> app: hr,1643,0,0
 0> <info> app: hr,1644,0,0
 0> <info> app: hr,1645,0,0
 0> <info> app: hr,1646,0,0
 0> <info> app: hr,1647,0,0
 0> <info> app: hr,1648,0,0
 0> <info> app: hr,1649,0,0
 0> <info> app: hr,1650,0,0
 0> <info> app: hr,1651,0,0
 0> <info> app: hr,1652,0,0
 0> <info> app: hr,1653,0,0
 0> <info> app: hr,1654,0,0
 0> <info> app: hr,1655,0,0
 0> <info> app: hr,1656,0,0
 0> <info> app: hr,1657,0,0
 0> <info> app: hr,1658,0,0
 0> <info> app: hr,1659,0,0
 0> <info> app: hr,1660,0,0
 0> <info> app: hr,1661,0,0
 0> <info> app: hr,1662,0,0
 0> <info> app: hr,1663,0,0
 0> <info> app: hr,1664,0,0
 0> <info> app: hr,1665,0,0
 0> <info> app: hr,1666,0,0
 0> <info> app: hr,1667,0,0
 0> <info> app: hr,1668,0,0
 0> <info> app: hr,1669,0,0
 0> <info> app: hr,1670,0,0
 0> <info> app: hr,1671,0,0
 0> <info> app: hr,1672,0,0
 0> <info> app: hr,1673,0,0
 0> <info> app: hr,1674,0,0
 0> <info> app: hr,1675,0,0
 0> <info> app: hr,1676,0,0
 0> <info> app: hr,1677,0,0
 0> <info> app: hr,1678,0,0
 0> <info> app: hr,1679,0,0
 0> <info> app: hr,1680,0,0
 0> <info> app: hr,1681,0,0
 0> <info> app: hr,1682,0,0
 0> <info> app: hr,1683,0,0
 0> <info> app: hr,1684,0,0
 0> <info> app: hr,1685,0,0
 0> <info> app: hr,1686,0,0
 0> <info> app: hr,1687,0,0
 0> <info> app: hr,1688,0,0
 0> <info> app: hr,1689,0,0
 0> <info> app: hr,1690,0,0
 0> <info> app: hr,1691,0,0
 0> <info> app: hr,1692,0,0
 0> <info> app: hr,1693,0,0
 0> <info> app: hr,1694,0,0
 0> <info> app: hr,1695,0,0
 0> <info> app: hr,1696,0,0
 0> <info> app: hr,1697,0,0
 0> <info> app: hr,1698,0,0
 0> <info> app: hr,1699,0,0
 0> <info> app: hr,1700,0,0
 0> <info> app: hr,1701,0,0
 0> <info> app: hr,1702,0,0
 0> <info> app: hr,1703,0,0
 0> <info> app: hr,1704,0,0
 0> <info> app: hr,1705,0,0
 0> <info> app: hr,1706,0,0
 0> <info> app: hr,1707,0,0
 0> <info> app: hr,1708,0,0
 0> <info> app: hr,1709,0,0
 0> <info> app: hr,1710,0,0
 0> <info> app: hr,1711,0,0
 0> <info> app: hr,1712,0,0
 0> <info> app: hr,1713,0,0
 0> <info> app: hr,1714,0,0
 0> <info> app: hr,1715,0,0
 0> <info> app: hr,1716,0,0
 0> <info> app: hr,1717,0,0
 0> <info> app: hr,1718,0,0
 0> <info> app: hr,1719,0,0
 0> <info> app: hr,1720,0,0
 0> <info> app: hr,1721,0,0
 0> <info> app: hr,1722,0,0
 0> <info> app: hr,1723,0,0
 0> <info> app: hr,1724,0,0
 0> <info> app: hr,1725,0,0
 0> <info> app: hr,1726,0,0
 0> <info> app: hr,1727,0,0
 0> <info> app: hr,1728,0,0
 0> <info> app: hr,1729,0,0
 0> <info> app: hr,1730,0,0
 0> <info> app: hr,1731,0,0
 0> <info> app: hr,1732,0,0
 0> <info> app: hr,1733,0,0
 0> <info> app: hr,1734,0,0
 0> <info> app: hr,1735,0,0
 0> <info> app: hr,1736,0,0
 0> <info> app: hr,1737,0,0
 0> <info> app: hr,1738,0,0
 0> <info> app: hr,1739,0,0
 0> <info> app: hr,1740,0,0
 0> <info> app: hr,1741,0,0
 0> <info> app: hr,1742,0,0
 0> <info> app: hr,1743,0,0
 0> <info> app: hr,1744,0,0
 0> <info> app: hr,1745,0,0
 0> <info> app: hr,1746,0,0
 0> <info> app: hr,1747,0,0
 0> <info> app: hr,1748,0,0
 0> <info> app: hr,1749,0,0
 0> <info> app: hr,1750,0,0
 0> <info> app: hr,1751,0,0
 0> <info> app: hr,1752,0,0
 0> <info> app: hr,1753,0,0
 0> <info> app: hr,1754,0,0
 0> <info> app: hr,1755,0,0
 0> <info> app: hr,1756,0,0
 0> <info> app: hr,1757,0,0
 0> <info> app: hr,1758,0,0
 0> <info> app: hr,1759,0,0
 0> <info> app: hr,1760,0,0
 0> <info> app: hr,1761,0,0
 0> <info> app: hr,1762,0,0
 0> <info> app: hr,1763,0,0
 0> <info> app: hr,1764,0,0
 0> <info> app: hr,1765,0,0
 0> <info> app: hr,1766,0,0
 0> <info> app: hr,1767,0,0
 0> <info> app: hr,1768,0,0
 0> <info> app: hr,1769,0,0
 0> <info> app: hr,1770,0,0
 0> <info> app: hr,1771,0,0
 0> <info> app: hr,1772,0,0
 0> <info> app: hr,1773,0,0
 0> <info> app: hr,1774,0,0
 0> <info> app: hr,1775,0,0
 0> <info> app: hr,1776,0,0
 0> <info> app: hr,1777,0,0
 0> <info> app: hr,1778,0,0
 0> <info> app: hr,1779,0,0
 0> <info> app: hr,1780,0,0
 0> <info> app: hr,1781,0,0
 0> <info> app: hr,1782,0,0
 0> <info> app: hr,1783,0,0
 0> <info> app: hr,1784,0,0
 0> <info> app: hr,1785,0,0
 0> <info> app: hr,1786,0,0
 0> <info> app: hr,1787,0,0
 0> <info> app: hr,1788,0,0
 0> <info> app: hr,1789,0,0
 0> <info> app: hr,1790,0,0
 0> <info> app: hr,1791,0,0
 0> <info> app: hr,1792,0,0
 0> <info> app: hr,1793,0,0
 0> <info> app: hr,1794,0,0
 0> <info> app: hr,1795,0,0
 0> <info> app: hr,1796,0,0
 0> <info> app: hr,1797,0,0
 0> <info> app: hr,1798,0,0
 0> <info> app: hr,1799,0,0
 0> <info> app: hr,1800,0,0
 0> <info> app: hr,1801,0,0
 0> <info> app: hr,1802,0,0
 0> <info> app: hr,1803,0,0
 0> <info> app: hr,1804,0,0
 0> <info> app: hr,1805,0,0
 0> <info> app: hr,1806,0,0
 0> <info> app: hr,1807,0,0
 0> <info> app: hr,1808,0,0
 0> <info> app: hr,1809,0,0
 0> <info> app: hr,1810,0,0
 0> <info> app: hr,1811,0,0
 0> <info> app: hr,1812,0,0
 0> <info> app: hr,1813,0,0
 0> <info> app: hr,1814,0,0
 0> <info> app: hr,1815,0,0
 0> <info> app: hr,1816,0,0
 0> <info> app: hr,1817,0,0
 0> <info> app: hr,1818,0,0
 0> <info> app: hr,1819,0,0
 0> <info> app: hr,1820,0,0
 0> <info> app: hr,1821,0,0
 0> <info> app: hr,1822,0,0
 0> <info> app: hr,1823,0,0
 0> <info> app: hr,1824,0,0
 0> <info> app: hr,1825,0,0
 0> <info> app: hr,1826,0,0
 0> <info> app: hr,1827,0,0
 0> <info> app: hr,1828,0,0
 0> <info> app: hr,1829,0,0
 0> <info> app: hr,1830,0,0
 0> <info> app: hr,1831,0,0
 0> <info> app: hr,1832,0,0
 0> <info> app: hr,1833,0,0
 0> <info> app: hr,1834,0,0
 0> <info> app: hr,1835,0,0
 0> <info> app: hr,1836,0,0
 0> <info> app: hr,1837,0,0
 0> <info> app: hr,1838,0,0
 0> <info> app: hr,1839,0,0
 0> <info> app: hr,1840,0,0
 0> <info> app: hr,1841,0,0
 0> <info> app: hr,1842,0,0
 0> <info> app: hr,1843,0,0
 0> <info> app: hr,1844,0,0
 0> <info> app: hr,1845,0,0
 0> <info> app: hr,1846,0,0
 0> <info> app: hr,1847,0,0
 0> <info> app: hr,1848,0,0
 0> <info> app: hr,1849,0,0
 0> <info> app: hr,1850,0,0
 0> <info> app: hr,1851,0,0
 0> <info> app: hr,1852,0,0
 0> <info> app: hr,1853,0,0
 0> <info> app: hr,1854,0,0
 0> <info> app: hr,1855,0,0
 0> <info> app: hr,1856,0,0
 0> <info> app: hr,1857,0,0
 0> <info> app: hr,1858,0,0
 0> <info> app: hr,1859,0,0
 0> <info> app: hr,1860,0,0
 0> <info> app: hr,1861,0,0
 0> <info> app: hr,1862,0,0
 0> <info> app: hr,1863,0,0
 0> <info> app: hr,1864,0,0
 0> <info> app: hr,1865,0,0
 0> <info> app: hr,1866,0,0
 0> <info> app: hr,1867,0,0
 0> <info> app: hr,1868,0,0
 0> <info> app: hr,1869,0,0
 0> <info> app: hr,1870,0,0
 0> <info> app: hr,1871,0,0
 0> <info> app: hr,1872,0,0
 0> <info> app: hr,1873,0,0
 0> <info> app: hr,1874,0,0
 0> <info> app: hr,1875,0,0
 0> <info> app: hr,1876,0,0
 0> <info> app: hr,1877,0,0
 0> <info> app: hr,1878,0,0
 0> <info> app: hr,1879,0,0
 0> <info> app: hr,1880,0,0
 0> <info> app: hr,1881,0,0
 0> <info> app: hr,1882,0,0
 0> <info> app: hr,1883,0,0
 0> <info> app: hr,1884,0,0
 0> <info> app: hr,1885,0,0
 0> <info> app: hr,1886,0,0
 0> <info> app: hr,1887,0,0
 0> <info> app: hr,1888,0,0
 0> <info> app: hr,1889,0,0
 0> <info> app: hr,1890,0,0
 0> <info> app: hr,1891,0,0
 0> <info> app: hr,1892,0,0
 0> <info> app: hr,1893,0,0
 0> <info> app: hr,1894,0,0
 0> <info> app: hr,1895,0,0
 0> <info> app: hr,1896,0,0
 0> <info> app: hr,1897,0,0
 0> <info> app: hr,1898,0,0
 0> <info> app: hr,1899,0,0
 0> <info> app: hr,1900,0,0
 0> <info> app: hr,1901,0,0
 0> <info> app: hr,1902,0,0
 0> <info> app: hr,1903,0,0
 0> <info> app: hr,1904,0,0
 0> <info> app: hr,1905,0,0
 0> <info> app: hr,1906,0,0
 0> <info> app: hr,1907,0,0
 0> <info> app: hr,1908,0,0
 0> <info> app: hr,1909,0,0
 0> <info> app: hr,1910,0,0
 0> <info> app: hr,1911,0,0
 0> <info> app: hr,1912,0,0
 0> <info> app: hr,1913,0,0
 0> <info> app: hr,1914,0,0
 0> <info> app: hr,1915,0,0
 0> <info> app: hr,1916,0,0
 0> <info> app: hr,1917,0,0
 0> <info> app: hr,1918,0,0
 0> <info> app: hr,1919,0,0
 0> <info> app: hr,1920,0,0
 0> <info> app: hr,1921,0,0
 0> <info> app: hr,1922,0,0
 0> <info> app: hr,1923,0,0
 0> <info> app: hr,1924,0,0
 0> <info> app: hr,1925,0,0
 0> <info> app: hr,1926,0,0
 0> <info> app: hr,1927,0,0
 0> <info> app: hr,1928,0,0
 0> <info> app: hr,1929,0,0
 0> <info> app: hr,1930,0,0
 0> <info> app: hr,1931,0,0
 0> <info> app: hr,1932,0,0
 0> <info> app: hr,1933,0,0
 0> <info> app: hr,1934,0,0
 0> <info> app: hr,1935,0,0
 0> <info> app: hr,1936,0,0
 0> <info> app: hr,1937,0,0
 0> <info> app: hr,1938,0,0
 0> <info> app: hr,1939,0,0
 0> <info> app: hr,1940,0,0
 0> <info> app: hr,1941,0,0
 0> <info> app: hr,1942,0,0
 0> <info> app: hr,1943,0,0
 0> <info> app: hr,1944,0,0
 0> <info> app: hr,1945,0,0
 0> <info> app: hr,1946,0,0
 0> <info> app: hr,1947,0,0
 0> <info> app: hr,1948,0,0
 0> <info> app: hr,1949,0,0
 0> <info> app: hr,1950,0,0
 0> <info> app: hr,1951,0,0
 0> <info> app: hr,1952,0,0
 0> <info> app: hr,1953,0,0
 0> <info> app: hr,1954,0,0
 0> <info> app: hr,1955,0,0
 0> <info> app: hr,1956,0,0
 0> <info> app: hr,1957,0,0
 0> <info> app: hr,1958,0,0
 0> <info> app: hr,1959,0,0
 0> <info> app: hr,1960,0,0
 0> <info> app: hr,1961,0,0
 0> <info> app: hr,1962,0,0
 0> <info> app: hr,1963,0,0
 0> <info> app: hr,1964,0,0
 0> <info> app: hr,1965,0,0
 0> <info> app: hr,1966,0,0
 0> <info> app: hr,1967,0,0
 0> <info> app: hr,1968,0,0
 0> <info> app: hr,1969,0,0
 0> <info> app: hr,1970,0,0
 0> <info> app: hr,1971,0,0
 0> <info> app: hr,1972,0,0
 0> <info> app: hr,1973,0,0
 0> <info> app: hr,1974,0,0
 0> <info> app: ***********  Application started  ***********
 0> 
 0> <info> app: [OK] NRF Power ON 0x0004. 
 0> <info> app: Read MAC:CC34D2110EF6
 0> <info> app: ***********  Sensor initial ***********
 0> <info> app: [OK]	BMI160
 0> <info> app: [OK]	SETUP ACC
 0> <info> app: [OK]	SETUP STEP COUNT
 0> <info> app: [OK]	FLASH MEMORY
 0> <info> app: [OK]	OLED Initial
 0> <info> app: [OK]	Max30102 Initial, Temperature 32.00
 0> <info> app: ********** End sensor initial *********
 0> 
 0> <info> app: Max30102 Found
 0> 
 0> <info> app: HR Begin
 0> 
  < 
