# SEGGER J-Link RTT Viewer V6.16a Terminal Log File
# Compiled: 12:44:10 on Jun  6 2017
# Logging started @ 23 Nov 2018 09:35:08
 0> <info> app: ***********  Application started  ***********
 0> 
 0> <info> app: [OK] NRF Power ON 0x0004. 
 0> <info> app: Read MAC:CC34D2110EF6
 0> <info> app: ***********  Sensor initial ***********
 0> <info> app: [OK]	BMI160
 0> <info> app: [OK]	SETUP ACC
 0> <info> app: [OK]	SETUP STEP COUNT
 0> <info> app: [OK]	FLASH MEMORY
 0> <info> app: [OK]	OLED Initial
 0> <info> app: [OK]	Max30102 Initial, Temperature 32.81
 0> <info> app: ********** End sensor initial *********
 0> 
 0> <info> app: Max30102 Found
 0> 
 0> <info> app: HR Begin
 0> 
 0> <info> app: 1975
 0> <info> app: hr,0,21189,21387
 0> <info> app: hr,1,21192,21392
 0> <info> app: hr,2,21209,21385
 0> <info> app: hr,3,21215,21377
 0> <info> app: hr,4,21208,21383
 0> <info> app: hr,5,21261,21384
 0> <info> app: hr,6,21239,21395
 0> <info> app: hr,7,21245,21376
 0> <info> app: hr,8,21225,21384
 0> <info> app: hr,9,21225,21391
 0> <info> app: hr,10,21249,21410
 0> <info> app: hr,11,21237,21422
 0> <info> app: hr,12,21253,21400
 0> <info> app: hr,13,21271,21374
 0> <info> app: hr,14,21283,21403
 0> <info> app: hr,15,21295,21434
 0> <info> app: hr,16,21280,21438
 0> <info> app: hr,17,21345,21440
 0> <info> app: hr,18,21298,21430
 0> <info> app: hr,19,21280,21416
 0> <info> app: hr,20,21308,21435
 0> <info> app: hr,21,21315,21453
 0> <info> app: hr,22,21336,21442
 0> <info> app: hr,23,21357,21434
 0> <info> app: hr,24,21338,21447
 0> <info> app: hr,25,21351,21459
 0> <info> app: hr,26,21352,21454
 0> <info> app: hr,27,21348,21491
 0> <info> app: hr,28,21373,21459
 0> <info> app: hr,29,21404,21451
 0> <info> app: hr,30,21395,21480
 0> <info> app: hr,31,21342,21493
 0> <info> app: hr,32,21396,21474
 0> <info> app: hr,33,21391,21518
 0> <info> app: hr,34,21387,21482
 0> <info> app: hr,35,21395,21515
 0> <info> app: hr,36,21423,21511
 0> <info> app: hr,37,21390,21482
 0> <info> app: hr,38,21382,21511
 0> <info> app: hr,39,21394,21524
 0> <info> app: hr,40,21410,21546
 0> <info> app: hr,41,21402,21529
 0> <info> app: hr,42,21423,21522
 0> <info> app: hr,43,21413,21565
 0> <info> app: hr,44,21412,21558
 0> <info> app: hr,45,21403,21539
 0> <info> app: hr,46,21424,21583
 0> <info> app: hr,47,21416,21548
 0> <info> app: hr,48,21407,21571
 0> <info> app: hr,49,21442,21569
 0> <info> app: hr,50,21412,21593
 0> <info> app: hr,51,21406,21584
 0> <info> app: hr,52,21424,21627
 0> <info> app: hr,53,21419,21579
 0> <info> app: hr,54,21448,21597
 0> <info> app: hr,55,21415,21605
 0> <info> app: hr,56,21422,21626
 0> <info> app: hr,57,21435,21623
 0> <info> app: hr,58,21458,21621
 0> <info> app: hr,59,21428,21633
 0> <info> app: hr,60,21416,21637
 0> <info> app: hr,61,21431,21634
 0> <info> app: hr,62,21418,21631
 0> <info> app: hr,63,21436,21637
 0> <info> app: hr,64,21453,21660
 0> <info> app: hr,65,21452,21649
 0> <info> app: hr,66,21429,21668
 0> <info> app: hr,67,21430,21687
 0> <info> app: hr,68,21431,21666
 0> <info> app: hr,69,21443,21670
 0> <info> app: hr,70,21500,21680
 0> <info> app: hr,71,21451,21688
 0> <info> app: hr,72,21476,21659
 0> <info> app: hr,73,21475,21681
 0> <info> app: hr,74,21457,21704
 0> <info> app: hr,75,21465,21704
 0> <info> app: hr,76,21466,21688
 0> <info> app: hr,77,21469,21711
 0> <info> app: hr,78,21470,21684
 0> <info> app: hr,79,21503,21727
 0> <info> app: hr,80,21495,21787
 0> <info> app: hr,81,21501,21725
 0> <info> app: hr,82,21540,21725
 0> <info> app: hr,83,21496,21727
 0> <info> app: hr,84,21457,21749
 0> <info> app: hr,85,21526,21724
 0> <info> app: hr,86,21495,21709
 0> <info> app: hr,87,21517,21735
 0> <info> app: hr,88,21530,21744
 0> <info> app: hr,89,21536,21745
 0> <info> app: hr,90,21520,21745
 0> <info> app: hr,91,21543,21759
 0> <info> app: hr,92,21524,21797
 0> <info> app: hr,93,21567,21769
 0> <info> app: hr,94,21551,21746
 0> <info> app: hr,95,21554,21766
 0> <info> app: hr,96,21549,21787
 0> <info> app: hr,97,21550,21781
 0> <info> app: hr,98,21568,21783
 0> <info> app: hr,99,21603,21795
 0> <info> app: hr,100,21570,21761
 0> <info> app: hr,101,21577,21768
 0> <info> app: hr,102,21577,21757
 0> <info> app: hr,103,21601,21776
 0> <info> app: hr,104,21615,21760
 0> <info> app: hr,105,21643,21758
 0> <info> app: hr,106,21627,21736
 0> <info> app: hr,107,21610,21736
 0> <info> app: hr,108,21610,21688
 0> <info> app: hr,109,21589,21710
 0> <info> app: hr,110,21658,21672
 0> <info> app: hr,111,21645,21652
 0> <info> app: hr,112,21635,21639
 0> <info> app: hr,113,21662,21591
 0> <info> app: hr,114,21637,21581
 0> <info> app: hr,115,21659,21601
 0> <info> app: hr,116,21679,21557
 0> <info> app: hr,117,21680,21520
 0> <info> app: hr,118,21672,21491
 0> <info> app: hr,119,21693,21448
 0> <info> app: hr,120,21682,21482
 0> <info> app: hr,121,21744,21424
 0> <info> app: hr,122,21724,21389
 0> <info> app: hr,123,21757,21373
 0> <info> app: hr,124,21696,21384
 0> <info> app: hr,125,21709,21316
 0> <info> app: hr,126,21726,21317
 0> <info> app: hr,127,21740,21312
 0> <info> app: hr,128,21735,21297
 0> <info> app: hr,129,21765,21301
 0> <info> app: hr,130,21751,21263
 0> <info> app: hr,131,21710,21253
 0> <info> app: hr,132,21758,21210
 0> <info> app: hr,133,21768,21254
 0> <info> app: hr,134,21775,21214
 0> <info> app: hr,135,21790,21199
 0> <info> app: hr,136,21764,21197
 0> <info> app: hr,137,21781,21215
 0> <info> app: hr,138,21807,21194
 0> <info> app: hr,139,21820,21203
 0> <info> app: hr,140,21786,21187
 0> <info> app: hr,141,21761,21133
 0> <info> app: hr,142,21769,21163
 0> <info> app: hr,143,21796,21152
 0> <info> app: hr,144,21809,21170
 0> <info> app: hr,145,21812,21184
 0> <info> app: hr,146,21835,21146
 0> <info> app: hr,147,21847,21153
 0> <info> app: hr,148,21825,21146
 0> <info> app: hr,149,21806,21163
 0> <info> app: hr,150,21826,21137
 0> <info> app: hr,151,21808,21145
 0> <info> app: hr,152,21846,21154
 0> <info> app: hr,153,21815,21132
 0> <info> app: hr,154,21842,21147
 0> <info> app: hr,155,21879,21177
 0> <info> app: hr,156,21843,21147
 0> <info> app: hr,157,21842,21138
 0> <info> app: hr,158,21833,21154
 0> <info> app: hr,159,21869,21114
 0> <info> app: hr,160,21878,21156
 0> <info> app: hr,161,21867,21156
 0> <info> app: hr,162,21849,21178
 0> <info> app: hr,163,21873,21141
 0> <info> app: hr,164,21860,21186
 0> <info> app: hr,165,21852,21200
 0> <info> app: hr,166,21851,21162
 0> <info> app: hr,167,21884,21165
 0> <info> app: hr,168,21868,21157
 0> <info> app: hr,169,21874,21171
 0> <info> app: hr,170,21880,21164
 0> <info> app: hr,171,21847,21160
 0> <info> app: hr,172,21846,21164
 0> <info> app: hr,173,21846,21180
 0> <info> app: hr,174,21820,21211
 0> <info> app: hr,175,21798,21180
 0> <info> app: hr,176,21828,21165
 0> <info> app: hr,177,21765,21208
 0> <info> app: hr,178,21760,21202
 0> <info> app: hr,179,21750,21201
 0> <info> app: hr,180,21696,21197
 0> <info> app: hr,181,21680,21199
 0> <info> app: hr,182,21660,21173
 0> <info> app: hr,183,21638,21204
 0> <info> app: hr,184,21582,21197
 0> <info> app: hr,185,21588,21242
 0> <info> app: hr,186,21554,21245
 0> <info> app: hr,187,21552,21199
 0> <info> app: hr,188,21547,21248
 0> <info> app: hr,189,21490,21257
 0> <info> app: hr,190,21486,21231
 0> <info> app: hr,191,21492,21232
 0> <info> app: hr,192,21482,21273
 0> <info> app: hr,193,21472,21272
 0> <info> app: hr,194,21449,21276
 0> <info> app: hr,195,21450,21278
 0> <info> app: hr,196,21380,21277
 0> <info> app: hr,197,21417,21306
 0> <info> app: hr,198,21423,21320
 0> <info> app: hr,199,21389,21302
 0> <info> app: hr,200,21407,21296
 0> <info> app: hr,201,21393,21334
 0> <info> app: hr,202,21353,21329
 0> <info> app: hr,203,21396,21335
 0> <info> app: hr,204,21409,21336
 0> <info> app: hr,205,21356,21360
 0> <info> app: hr,206,21303,21336
 0> <info> app: hr,207,21338,21342
 0> <info> app: hr,208,21311,21377
 0> <info> app: hr,209,21346,21380
 0> <info> app: hr,210,21345,21381
 0> <info> app: hr,211,21348,21375
 0> <info> app: hr,212,21344,21408
 0> <info> app: hr,213,21341,21401
 0> <info> app: hr,214,21327,21429
 0> <info> app: hr,215,21325,21383
 0> <info> app: hr,216,21383,21359
 0> <info> app: hr,217,21324,21394
 0> <info> app: hr,218,21298,21396
 0> <info> app: hr,219,21340,21435
 0> <info> app: hr,220,21329,21439
 0> <info> app: hr,221,21333,21446
 0> <info> app: hr,222,21299,21474
 0> <info> app: hr,223,21313,21423
 0> <info> app: hr,224,21352,21393
 0> <info> app: hr,225,21360,21427
 0> <info> app: hr,226,21321,21427
 0> <info> app: hr,227,21357,21457
 0> <info> app: hr,228,21362,21408
 0> <info> app: hr,229,21341,21447
 0> <info> app: hr,230,21320,21473
 0> <info> app: hr,231,21322,21446
 0> <info> app: hr,232,21356,21420
 0> <info> app: hr,233,21358,21438
 0> <info> app: hr,234,21336,21455
 0> <info> app: hr,235,21387,21454
 0> <info> app: hr,236,21367,21457
 0> <info> app: hr,237,21337,21466
 0> <info> app: hr,238,21357,21451
 0> <info> app: hr,239,21366,21481
 0> <info> app: hr,240,21373,21459
 0> <info> app: hr,241,21397,21456
 0> <info> app: hr,242,21380,21428
 0> <info> app: hr,243,21388,21484
 0> <info> app: hr,244,21407,21460
 0> <info> app: hr,245,21380,21478
 0> <info> app: hr,246,21387,21502
 0> <info> app: hr,247,21379,21478
 0> <info> app: hr,248,21367,21468
 0> <info> app: hr,249,21371,21466
 0> <info> app: hr,250,21402,21483
 0> <info> app: hr,251,21418,21517
 0> <info> app: hr,252,21412,21483
 0> <info> app: hr,253,21423,21492
 0> <info> app: hr,254,21425,21520
 0> <info> app: hr,255,21416,21505
 0> <info> app: hr,256,21437,21515
 0> <info> app: hr,257,21487,21491
 0> <info> app: hr,258,21447,21517
 0> <info> app: hr,259,21452,21497
 0> <info> app: hr,260,21483,21523
 0> <info> app: hr,261,21425,21519
 0> <info> app: hr,262,21489,21525
 0> <info> app: hr,263,21459,21536
 0> <info> app: hr,264,21469,21546
 0> <info> app: hr,265,21482,21513
 0> <info> app: hr,266,21494,21530
 0> <info> app: hr,267,21524,21584
 0> <info> app: hr,268,21509,21576
 0> <info> app: hr,269,21574,21568
 0> <info> app: hr,270,21504,21593
 0> <info> app: hr,271,21485,21526
 0> <info> app: hr,272,21526,21551
 0> <info> app: hr,273,21520,21554
 0> <info> app: hr,274,21535,21572
 0> <info> app: hr,275,21559,21574
 0> <info> app: hr,276,21556,21615
 0> <info> app: hr,277,21541,21591
 0> <info> app: hr,278,21561,21600
 0> <info> app: hr,279,21576,21629
 0> <info> app: hr,280,21562,21611
 0> <info> app: hr,281,21614,21574
 0> <info> app: hr,282,21595,21615
 0> <info> app: hr,283,21567,21589
 0> <info> app: hr,284,21609,21597
 0> <info> app: hr,285,21602,21636
 0> <info> app: hr,286,21581,21645
 0> <info> app: hr,287,21594,21629
 0> <info> app: hr,288,21579,21638
 0> <info> app: hr,289,21570,21627
 0> <info> app: hr,290,21594,21626
 0> <info> app: hr,291,21584,21655
 0> <info> app: hr,292,21625,21667
 0> <info> app: hr,293,21590,21655
 0> <info> app: hr,294,21600,21671
 0> <info> app: hr,295,21587,21637
 0> <info> app: hr,296,21586,21661
 0> <info> app: hr,297,21594,21674
 0> <info> app: hr,298,21634,21664
 0> <info> app: hr,299,21604,21676
 0> <info> app: hr,300,21619,21677
 0> <info> app: hr,301,21624,21697
 0> <info> app: hr,302,21576,21685
 0> <info> app: hr,303,21571,21697
 0> <info> app: hr,304,21595,21679
 0> <info> app: hr,305,21616,21701
 0> <info> app: hr,306,21601,21670
 0> <info> app: hr,307,21579,21694
 0> <info> app: hr,308,21569,21739
 0> <info> app: hr,309,21643,21722
 0> <info> app: hr,310,21631,21749
 0> <info> app: hr,311,21632,21728
 0> <info> app: hr,312,21595,21691
 0> <info> app: hr,313,21624,21748
 0> <info> app: hr,314,21602,21734
 0> <info> app: hr,315,21642,21753
 0> <info> app: hr,316,21628,21756
 0> <info> app: hr,317,21634,21738
 0> <info> app: hr,318,21632,21769
 0> <info> app: hr,319,21631,21757
 0> <info> app: hr,320,21619,21770
 0> <info> app: hr,321,21617,21744
 0> <info> app: hr,322,21705,21771
 0> <info> app: hr,323,21646,21766
 0> <info> app: hr,324,21659,21771
 0> <info> app: hr,325,21635,21791
 0> <info> app: hr,326,21672,21816
 0> <info> app: hr,327,21638,21812
 0> <info> app: hr,328,21640,21778
 0> <info> app: hr,329,21661,21788
 0> <info> app: hr,330,21659,21807
 0> <info> app: hr,331,21687,21788
 0> <info> app: hr,332,21679,21854
 0> <info> app: hr,333,21683,21840
 0> <info> app: hr,334,21744,21805
 0> <info> app: hr,335,21668,21838
 0> <info> app: hr,336,21656,21817
 0> <info> app: hr,337,21684,21837
 0> <info> app: hr,338,21678,21829
 0> <info> app: hr,339,21702,21812
 0> <info> app: hr,340,21725,21790
 0> <info> app: hr,341,21721,21860
 0> <info> app: hr,342,21729,21834
 0> <info> app: hr,343,21706,21858
 0> <info> app: hr,344,21725,21860
 0> <info> app: hr,345,21725,21831
 0> <info> app: hr,346,21739,21798
 0> <info> app: hr,347,21745,21827
 0> <info> app: hr,348,21726,21845
 0> <info> app: hr,349,21754,21874
 0> <info> app: hr,350,21782,21860
 0> <info> app: hr,351,21768,21850
 0> <info> app: hr,352,21741,21851
 0> <info> app: hr,353,21739,21836
 0> <info> app: hr,354,21784,21826
 0> <info> app: hr,355,21795,21824
 0> <info> app: hr,356,21800,21795
 0> <info> app: hr,357,21809,21824
 0> <info> app: hr,358,21801,21781
 0> <info> app: hr,359,21796,21756
 0> <info> app: hr,360,21803,21749
 0> <info> app: hr,361,21791,21713
 0> <info> app: hr,362,21799,21675
 0> <info> app: hr,363,21864,21655
 0> <info> app: hr,364,21797,21604
 0> <info> app: hr,365,21830,21603
 0> <info> app: hr,366,21839,21596
 0> <info> app: hr,367,21830,21576
 0> <info> app: hr,368,21816,21540
 0> <info> app: hr,369,21814,21523
 0> <info> app: hr,370,21857,21445
 0> <info> app: hr,371,21827,21467
 0> <info> app: hr,372,21849,21460
 0> <info> app: hr,373,21849,21445
 0> <info> app: hr,374,21858,21414
 0> <info> app: hr,375,21876,21404
 0> <info> app: hr,376,21873,21372
 0> <info> app: hr,377,21867,21349
 0> <info> app: hr,378,21849,21339
 0> <info> app: hr,379,21869,21334
 0> <info> app: hr,380,21881,21313
 0> <info> app: hr,381,21874,21288
 0> <info> app: hr,382,21874,21304
 0> <info> app: hr,383,21879,21301
 0> <info> app: hr,384,21885,21294
 0> <info> app: hr,385,21886,21288
 0> <info> app: hr,386,21874,21252
 0> <info> app: hr,387,21924,21233
 0> <info> app: hr,388,21890,21244
 0> <info> app: hr,389,21911,21260
 0> <info> app: hr,390,21894,21258
 0> <info> app: hr,391,21915,21252
 0> <info> app: hr,392,21892,21227
 0> <info> app: hr,393,21883,21203
 0> <info> app: hr,394,21872,21191
 0> <info> app: hr,395,21877,21217
 0> <info> app: hr,396,21906,21228
 0> <info> app: hr,397,21926,21246
 0> <info> app: hr,398,21939,21222
 0> <info> app: hr,399,21959,21228
 0> <info> app: hr,400,21911,21210
 0> <info> app: hr,401,21899,21244
 0> <info> app: hr,402,21904,21231
 0> <info> app: hr,403,21906,21206
 0> <info> app: hr,404,21936,21198
 0> <info> app: hr,405,21902,21192
 0> <info> app: hr,406,21896,21212
 0> <info> app: hr,407,21908,21249
 0> <info> app: hr,408,21906,21227
 0> <info> app: hr,409,21891,21261
 0> <info> app: hr,410,21849,21225
 0> <info> app: hr,411,21847,21222
 0> <info> app: hr,412,21843,21234
 0> <info> app: hr,413,21811,21243
 0> <info> app: hr,414,21796,21266
 0> <info> app: hr,415,21754,21225
 0> <info> app: hr,416,21737,21239
 0> <info> app: hr,417,21667,21264
 0> <info> app: hr,418,21663,21233
 0> <info> app: hr,419,21660,21240
 0> <info> app: hr,420,21640,21268
 0> <info> app: hr,421,21587,21226
 0> <info> app: hr,422,21592,21246
 0> <info> app: hr,423,21558,21251
 0> <info> app: hr,424,21549,21255
 0> <info> app: hr,425,21517,21302
 0> <info> app: hr,426,21498,21279
 0> <info> app: hr,427,21474,21272
 0> <info> app: hr,428,21472,21263
 0> <info> app: hr,429,21446,21311
 0> <info> app: hr,430,21436,21299
 0> <info> app: hr,431,21424,21340
 0> <info> app: hr,432,21412,21333
 0> <info> app: hr,433,21410,21327
 0> <info> app: hr,434,21384,21309
 0> <info> app: hr,435,21386,21311
 0> <info> app: hr,436,21354,21331
 0> <info> app: hr,437,21375,21352
 0> <info> app: hr,438,21371,21378
 0> <info> app: hr,439,21335,21368
 0> <info> app: hr,440,21332,21381
 0> <info> app: hr,441,21320,21365
 0> <info> app: hr,442,21312,21376
 0> <info> app: hr,443,21323,21388
 0> <info> app: hr,444,21312,21391
 0> <info> app: hr,445,21311,21396
 0> <info> app: hr,446,21324,21382
 0> <info> app: hr,447,21332,21389
 0> <info> app: hr,448,21253,21435
 0> <info> app: hr,449,21291,21419
 0> <info> app: hr,450,21280,21440
 0> <info> app: hr,451,21283,21433
 0> <info> app: hr,452,21293,21443
 0> <info> app: hr,453,21308,21455
 0> <info> app: hr,454,21302,21493
 0> <info> app: hr,455,21301,21462
 0> <info> app: hr,456,21342,21475
 0> <info> app: hr,457,21280,21483
 0> <info> app: hr,458,21259,21453
 0> <info> app: hr,459,21271,21501
 0> <info> app: hr,460,21263,21474
 0> <info> app: hr,461,21297,21485
 0> <info> app: hr,462,21299,21507
 0> <info> app: hr,463,21292,21489
 0> <info> app: hr,464,21323,21501
 0> <info> app: hr,465,21276,21514
 0> <info> app: hr,466,21300,21539
 0> <info> app: hr,467,21282,21513
 0> <info> app: hr,468,21313,21475
 0> <info> app: hr,469,21277,21491
 0> <info> app: hr,470,21294,21509
 0> <info> app: hr,471,21314,21525
 0> <info> app: hr,472,21293,21540
 0> <info> app: hr,473,21269,21532
 0> <info> app: hr,474,21292,21499
 0> <info> app: hr,475,21294,21490
 0> <info> app: hr,476,21299,21501
 0> <info> app: hr,477,21329,21523
 0> <info> app: hr,478,21310,21518
 0> <info> app: hr,479,21293,21539
 0> <info> app: hr,480,21303,21501
 0> <info> app: hr,481,21317,21527
 0> <info> app: hr,482,21299,21525
 0> <info> app: hr,483,21298,21528
 0> <info> app: hr,484,21325,21515
 0> <info> app: hr,485,21301,21535
 0> <info> app: hr,486,21315,21553
 0> <info> app: hr,487,21320,21517
 0> <info> app: hr,488,21288,21525
 0> <info> app: hr,489,21298,21537
 0> <info> app: hr,490,21310,21539
 0> <info> app: hr,491,21310,21537
 0> <info> app: hr,492,21325,21530
 0> <info> app: hr,493,21346,21505
 0> <info> app: hr,494,21321,21522
 0> <info> app: hr,495,21352,21551
 0> <info> app: hr,496,21345,21546
 0> <info> app: hr,497,21367,21570
 0> <info> app: hr,498,21348,21546
 0> <info> app: hr,499,21353,21543
 0> <info> app: hr,500,21347,21547
 0> <info> app: hr,501,21368,21540
 0> <info> app: hr,502,21362,21580
 0> <info> app: hr,503,21384,21573
 0> <info> app: hr,504,21365,21592
 0> <info> app: hr,505,21372,21569
 0> <info> app: hr,506,21385,21576
 0> <info> app: hr,507,21397,21586
 0> <info> app: hr,508,21398,21573
 0> <info> app: hr,509,21407,21567
 0> <info> app: hr,510,21396,21586
 0> <info> app: hr,511,21405,21558
 0> <info> app: hr,512,21417,21579
 0> <info> app: hr,513,21395,21601
 0> <info> app: hr,514,21416,21621
 0> <info> app: hr,515,21408,21614
 0> <info> app: hr,516,21402,21598
 0> <info> app: hr,517,21429,21600
 0> <info> app: hr,518,21428,21618
 0> <info> app: hr,519,21425,21632
 0> <info> app: hr,520,21444,21619
 0> <info> app: hr,521,21465,21632
 0> <info> app: hr,522,21444,21638
 0> <info> app: hr,523,21402,21597
 0> <info> app: hr,524,21421,21638
 0> <info> app: hr,525,21439,21619
 0> <info> app: hr,526,21449,21605
 0> <info> app: hr,527,21459,21639
 0> <info> app: hr,528,21455,21650
 0> <info> app: hr,529,21486,21657
 0> <info> app: hr,530,21454,21670
 0> <info> app: hr,531,21437,21697
 0> <info> app: hr,532,21442,21671
 0> <info> app: hr,533,21444,21610
 0> <info> app: hr,534,21457,21680
 0> <info> app: hr,535,21458,21704
 0> <info> app: hr,536,21492,21684
 0> <info> app: hr,537,21464,21691
 0> <info> app: hr,538,21455,21714
 0> <info> app: hr,539,21468,21696
 0> <info> app: hr,540,21478,21684
 0> <info> app: hr,541,21479,21677
 0> <info> app: hr,542,21481,21656
 0> <info> app: hr,543,21492,21733
 0> <info> app: hr,544,21490,21716
 0> <info> app: hr,545,21509,21708
 0> <info> app: hr,546,21495,21733
 0> <info> app: hr,547,21499,21721
 0> <info> app: hr,548,21481,21747
 0> <info> app: hr,549,21516,21715
 0> <info> app: hr,550,21498,21738
 0> <info> app: hr,551,21522,21730
 0> <info> app: hr,552,21529,21711
 0> <info> app: hr,553,21516,21733
 0> <info> app: hr,554,21502,21751
 0> <info> app: hr,555,21532,21777
 0> <info> app: hr,556,21516,21757
 0> <info> app: hr,557,21549,21744
 0> <info> app: hr,558,21554,21742
 0> <info> app: hr,559,21554,21773
 0> <info> app: hr,560,21556,21771
 0> <info> app: hr,561,21566,21761
 0> <info> app: hr,562,21581,21794
 0> <info> app: hr,563,21562,21780
 0> <info> app: hr,564,21579,21773
 0> <info> app: hr,565,21583,21760
 0> <info> app: hr,566,21582,21775
 0> <info> app: hr,567,21578,21784
 0> <info> app: hr,568,21599,21786
 0> <info> app: hr,569,21609,21796
 0> <info> app: hr,570,21586,21806
 0> <info> app: hr,571,21608,21795
 0> <info> app: hr,572,21607,21810
 0> <info> app: hr,573,21610,21792
 0> <info> app: hr,574,21661,21809
 0> <info> app: hr,575,21640,21820
 0> <info> app: hr,576,21654,21806
 0> <info> app: hr,577,21651,21826
 0> <info> app: hr,578,21646,21860
 0> <info> app: hr,579,21656,21817
 0> <info> app: hr,580,21634,21789
 0> <info> app: hr,581,21674,21835
 0> <info> app: hr,582,21664,21821
 0> <info> app: hr,583,21675,21829
 0> <info> app: hr,584,21702,21882
 0> <info> app: hr,585,21677,21837
 0> <info> app: hr,586,21742,21859
 0> <info> app: hr,587,21711,21865
 0> <info> app: hr,588,21667,21847
 0> <info> app: hr,589,21722,21842
 0> <info> app: hr,590,21692,21846
 0> <info> app: hr,591,21724,21848
 0> <info> app: hr,592,21733,21833
 0> <info> app: hr,593,21745,21863
 0> <info> app: hr,594,21748,21873
 0> <info> app: hr,595,21713,21853
 0> <info> app: hr,596,21724,21886
 0> <info> app: hr,597,21756,21842
 0> <info> app: hr,598,21761,21806
 0> <info> app: hr,599,21770,21853
 0> <info> app: hr,600,21723,21827
 0> <info> app: hr,601,21753,21835
 0> <info> app: hr,602,21767,21810
 0> <info> app: hr,603,21768,21800
 0> <info> app: hr,604,21741,21777
 0> <info> app: hr,605,21751,21733
 0> <info> app: hr,606,21786,21729
 0> <info> app: hr,607,21772,21705
 0> <info> app: hr,608,21781,21701
 0> <info> app: hr,609,21794,21656
 0> <info> app: hr,610,21807,21609
 0> <info> app: hr,611,21828,21612
 0> <info> app: hr,612,21806,21592
 0> <info> app: hr,613,21781,21547
 0> <info> app: hr,614,21819,21495
 0> <info> app: hr,615,21830,21499
 0> <info> app: hr,616,21834,21487
 0> <info> app: hr,617,21820,21458
 0> <info> app: hr,618,21829,21449
 0> <info> app: hr,619,21836,21451
 0> <info> app: hr,620,21803,21419
 0> <info> app: hr,621,21819,21358
 0> <info> app: hr,622,21827,21382
 0> <info> app: hr,623,21830,21348
 0> <info> app: hr,624,21835,21355
 0> <info> app: hr,625,21838,21380
 0> <info> app: hr,626,21869,21320
 0> <info> app: hr,627,21870,21328
 0> <info> app: hr,628,21847,21330
 0> <info> app: hr,629,21820,21280
 0> <info> app: hr,630,21864,21299
 0> <info> app: hr,631,21863,21264
 0> <info> app: hr,632,21862,21279
 0> <info> app: hr,633,21871,21250
 0> <info> app: hr,634,21876,21263
 0> <info> app: hr,635,21827,21261
 0> <info> app: hr,636,21856,21246
 0> <info> app: hr,637,21866,21288
 0> <info> app: hr,638,21856,21237
 0> <info> app: hr,639,21908,21237
 0> <info> app: hr,640,21877,21257
 0> <info> app: hr,641,21841,21249
 0> <info> app: hr,642,21882,21247
 0> <info> app: hr,643,21861,21236
 0> <info> app: hr,644,21846,21227
 0> <info> app: hr,645,21822,21234
 0> <info> app: hr,646,21829,21251
 0> <info> app: hr,647,21793,21238
 0> <info> app: hr,648,21821,21220
 0> <info> app: hr,649,21809,21262
 0> <info> app: hr,650,21796,21237
 0> <info> app: hr,651,21825,21261
 0> <info> app: hr,652,21717,21230
 0> <info> app: hr,653,21683,21279
 0> <info> app: hr,654,21690,21242
 0> <info> app: hr,655,21671,21191
 0> <info> app: hr,656,21647,21220
 0> <info> app: hr,657,21631,21230
 0> <info> app: hr,658,21590,21245
 0> <info> app: hr,659,21518,21287
 0> <info> app: hr,660,21536,21263
 0> <info> app: hr,661,21520,21254
 0> <info> app: hr,662,21483,21234
 0> <info> app: hr,663,21481,21246
 0> <info> app: hr,664,21456,21241
 0> <info> app: hr,665,21452,21259
 0> <info> app: hr,666,21426,21274
 0> <info> app: hr,667,21409,21240
 0> <info> app: hr,668,21404,21292
 0> <info> app: hr,669,21364,21289
 0> <info> app: hr,670,21353,21264
 0> <info> app: hr,671,21376,21271
 0> <info> app: hr,672,21323,21273
 0> <info> app: hr,673,21337,21285
 0> <info> app: hr,674,21316,21304
 0> <info> app: hr,675,21326,21278
 0> <info> app: hr,676,21271,21301
 0> <info> app: hr,677,21272,21287
 0> <info> app: hr,678,21246,21296
 0> <info> app: hr,679,21308,21276
 0> <info> app: hr,680,21275,21317
 0> <info> app: hr,681,21247,21299
 0> <info> app: hr,682,21273,21304
 0> <info> app: hr,683,21295,21330
 0> <info> app: hr,684,21238,21333
 0> <info> app: hr,685,21224,21350
 0> <info> app: hr,686,21225,21324
 0> <info> app: hr,687,21201,21344
 0> <info> app: hr,688,21204,21362
 0> <info> app: hr,689,21250,21357
 0> <info> app: hr,690,21230,21382
 0> <info> app: hr,691,21228,21381
 0> <info> app: hr,692,21249,21372
 0> <info> app: hr,693,21193,21398
 0> <info> app: hr,694,21208,21397
 0> <info> app: hr,695,21198,21401
 0> <info> app: hr,696,21252,21399
 0> <info> app: hr,697,21229,21430
 0> <info> app: hr,698,21231,21396
 0> <info> app: hr,699,21242,21428
 0> <info> app: hr,700,21172,21441
 0> <info> app: hr,701,21185,21450
 0> <info> app: hr,702,21182,21424
 0> <info> app: hr,703,21199,21475
 0> <info> app: hr,704,21204,21446
 0> <info> app: hr,705,21228,21461
 0> <info> app: hr,706,21205,21499
 0> <info> app: hr,707,21208,21456
 0> <info> app: hr,708,21257,21480
 0> <info> app: hr,709,21183,21466
 0> <info> app: hr,710,21176,21455
 0> <info> app: hr,711,21203,21472
 0> <info> app: hr,712,21189,21450
 0> <info> app: hr,713,21217,21461
 0> <info> app: hr,714,21217,21468
 0> <info> app: hr,715,21203,21494
 0> <info> app: hr,716,21204,21506
 0> <info> app: hr,717,21201,21482
 0> <info> app: hr,718,21179,21547
 0> <info> app: hr,719,21203,21463
 0> <info> app: hr,720,21194,21449
 0> <info> app: hr,721,21206,21464
 0> <info> app: hr,722,21185,21483
 0> <info> app: hr,723,21214,21501
 0> <info> app: hr,724,21214,21509
 0> <info> app: hr,725,21208,-29
 0> <info> app: hr,726,21183,-52
 0> <info> app: hr,727,21196,-37
 0> <info> app: hr,728,21213,-18
 0> <info> app: hr,729,21223,-7
 0> <info> app: hr,730,21230,0
 0> <info> app: hr,731,21233,3
 0> <info> app: hr,732,21247,16
 0> <info> app: hr,733,21245,14
 0> <info> app: hr,734,21231,0
 0> <info> app: hr,735,21238,6
 0> <info> app: hr,736,21255,23
 0> <info> app: hr,737,21247,13
 0> <info> app: hr,738,21263,29
 0> <info> app: hr,739,21291,55
 0> <info> app: hr,740,21291,52
 0> <info> app: hr,741,21271,30
 0> <info> app: hr,742,21289,46
 0> <info> app: hr,743,21279,34
 0> <info> app: hr,744,21306,59
 0> <info> app: hr,745,21302,52
 0> <info> app: hr,746,21300,48
 0> <info> app: hr,747,21323,68
 0> <info> app: hr,748,21329,71
 0> <info> app: hr,749,21319,57
 0> <info> app: hr,750,21292,27
 0> <info> app: hr,751,21319,53
 0> <info> app: hr,752,21326,57
 0> <info> app: hr,753,21293,21
 0> <info> app: hr,754,21338,65
 0> <info> app: hr,755,21352,76
 0> <info> app: hr,756,21347,67
 0> <info> app: hr,757,21355,72
 0> <info> app: hr,758,21360,73
 0> <info> app: hr,759,21341,50
 0> <info> app: hr,760,21386,93
 0> <info> app: hr,761,21372,74
 0> <info> app: hr,762,21376,75
 0> <info> app: hr,763,21382,77
 0> <info> app: hr,764,21371,62
 0> <info> app: hr,765,21370,58
 0> <info> app: hr,766,21386,71
 0> <info> app: hr,767,21382,63
 0> <info> app: hr,768,21395,73
 0> <info> app: hr,769,21416,90
 0> <info> app: hr,770,21409,79
 0> <info> app: hr,771,21436,102
 0> <info> app: hr,772,21445,106
 0> <info> app: hr,773,21450,105
 0> <info> app: hr,774,21437,87
 0> <info> app: hr,775,21383,29
 0> <info> app: hr,776,21430,74
 0> <info> app: hr,777,21458,99
 0> <info> app: hr,778,21468,104
 0> <info> app: hr,779,21495,125
 0> <info> app: hr,780,21503,127
 0> <info> app: hr,781,21533,151
 0> <info> app: hr,782,21492,102
 0> <info> app: hr,783,21494,99
 0> <info> app: hr,784,21489,89
 0> <info> app: hr,785,21518,114
 0> <info> app: hr,786,21557,147
 0> <info> app: hr,787,21533,116
 0> <info> app: hr,788,21552,129
 0> <info> app: hr,789,21547,117
 0> <info> app: hr,790,21530,94
 0> <info> app: hr,791,21551,111
 0> <info> app: hr,792,21549,103
 0> <info> app: hr,793,21610,159
 0> <info> app: hr,794,21571,112
 0> <info> app: hr,795,21585,120
 0> <info> app: hr,796,21613,142
 0> <info> app: hr,797,21596,118
 0> <info> app: hr,798,21602,118
 0> <info> app: hr,799,21595,105
 0> <info> app: hr,800,21595,100
 0> <info> app: hr,801,21626,126
 0> <info> app: hr,802,21651,145
 0> <info> app: hr,803,21626,112
 0> <info> app: hr,804,21668,149
 0> <info> app: hr,805,21666,139
 0> <info> app: hr,806,21643,109
 0> <info> app: hr,807,21663,124
 0> <info> app: hr,808,21654,109
 0> <info> app: hr,809,21677,126
 0> <info> app: hr,810,21699,142
 0> <info> app: hr,811,21690,126
 0> <info> app: hr,812,21682,111
 0> <info> app: hr,813,21667,91
 0> <info> app: hr,814,21692,111
 0> <info> app: hr,815,21721,135
 0> <info> app: hr,816,21735,142
 0> <info> app: hr,817,21707,107
 0> <info> app: hr,818,21685,79
 0> <info> app: hr,819,21717,107
 0> <info> app: hr,820,21737,122
 0> <info> app: hr,821,21749,128
 0> <info> app: hr,822,21726,98
 0> <info> app: hr,823,21744,112
 0> <info> app: hr,824,21725,87
 0> <info> app: hr,825,21739,97
 0> <info> app: hr,826,21782,135
 0> <info> app: hr,827,21765,111
 0> <info> app: hr,828,21778,118
 0> <info> app: hr,829,21749,83
 0> <info> app: hr,830,21769,99
 0> <info> app: hr,831,21790,115
 0> <info> app: hr,832,21747,66
 0> <info> app: hr,833,21752,68
 0> <info> app: hr,834,21786,99
 0> <info> app: hr,835,21779,87
 0> <info> app: hr,836,21802,105
 0> <info> app: hr,837,21788,86
 0> <info> app: hr,838,21835,129
 0> <info> app: hr,839,21797,84
 0> <info> app: hr,840,21791,74
 0> <info> app: hr,841,21807,86
 0> <info> app: hr,842,21817,92
 0> <info> app: hr,843,21830,100
 0> <info> app: hr,844,21847,112
 0> <info> app: hr,845,21830,90
 0> <info> app: hr,846,21823,78
 0> <info> app: hr,847,21817,68
 0> <info> app: hr,848,21823,71
 0> <info> app: hr,849,21829,73
 0> <info> app: hr,850,21828,69
 0> <info> app: hr,851,21870,107
 0> <info> app: hr,852,21863,95
 0> <info> app: hr,853,21856,83
 0> <info> app: hr,854,21867,90
 0> <info> app: hr,855,21856,74
 0> <info> app: hr,856,21832,47
 0> <info> app: hr,857,21843,55
 0> <info> app: hr,858,21843,52
 0> <info> app: hr,859,21866,73
 0> <info> app: hr,860,21870,73
 0> <info> app: hr,861,21883,82
 0> <info> app: hr,862,21884,79
 0> <info> app: hr,863,21907,98
 0> <info> app: hr,864,21871,57
 0> <info> app: hr,865,21873,56
 0> <info> app: hr,866,21904,85
 0> <info> app: hr,867,21942,118
 0> <info> app: hr,868,21902,72
 0> <info> app: hr,869,21911,78
 0> <info> app: hr,870,21898,61
 0> <info> app: hr,871,21897,57
 0> <info> app: hr,872,21908,65
 0> <info> app: hr,873,21917,71
 0> <info> app: hr,874,21924,74
 0> <info> app: hr,875,21912,58
 0> <info> app: hr,876,21886,29
 0> <info> app: hr,877,21904,46
 0> <info> app: hr,878,21915,55
 0> <info> app: hr,879,21936,73
 0> <info> app: hr,880,21922,55
 0> <info> app: hr,881,21899,29
 0> <info> app: hr,882,21926,55
 0> <info> app: hr,883,21844,-29
 0> <info> app: hr,884,21889,17
 0> <info> app: hr,885,21882,9
 0> <info> app: hr,886,21884,10
 0> <info> app: hr,887,21835,-38
 0> <info> app: hr,888,21805,-66
 0> <info> app: hr,889,21789,-79
 0> <info> app: hr,890,21777,-87
 0> <info> app: hr,891,21776,-84
 0> <info> app: hr,892,21731,-124
 0> <info> app: hr,893,21679,-170
 0> <info> app: hr,894,21645,-196
 0> <info> app: hr,895,21641,-190
 0> <info> app: hr,896,21639,-182
 0> <info> app: hr,897,21576,-236
 0> <info> app: hr,898,21542,-258
 0> <info> app: hr,899,21522,-265
 0> <info> app: hr,900,21505,-269
 0> <info> app: hr,901,21493,-268
 0> <info> app: hr,902,21455,-292
 0> <info> app: hr,903,21516,-217
 0> <info> app: hr,904,21435,-287
 0> <info> app: hr,905,21382,-325
 0> <info> app: hr,906,21409,-282
 0> <info> app: hr,907,21406,-271
 0> <info> app: hr,908,21383,-280
 0> <info> app: hr,909,21366,-283
 0> <info> app: hr,910,21380,-255
 0> <info> app: hr,911,21345,-277
 0> <info> app: hr,912,21323,-285
 0> <info> app: hr,913,21329,-265
 0> <info> app: hr,914,21293,-288
 0> <info> app: hr,915,21321,-245
 0> <info> app: hr,916,21317,-237
 0> <info> app: hr,917,21276,-266
 0> <info> app: hr,918,21300,-229
 0> <info> app: hr,919,21298,-219
 0> <info> app: hr,920,21311,-195
 0> <info> app: hr,921,21287,-210
 0> <info> app: hr,922,21277,-209
 0> <info> app: hr,923,21263,-213
 0> <info> app: hr,924,21278,-187
 0> <info> app: hr,925,21290,-166
 0> <info> app: hr,926,21292,-155
 0> <info> app: hr,927,21287,-153
 0> <info> app: hr,928,21282,-150
 0> <info> app: hr,929,21281,-143
 0> <info> app: hr,930,21258,-159
 0> <info> app: hr,931,21320,-89
 0> <info> app: hr,932,21319,-86
 0> <info> app: hr,933,21280,-120
 0> <info> app: hr,934,21290,-104
 0> <info> app: hr,935,21315,-74
 0> <info> app: hr,936,21268,-117
 0> <info> app: hr,937,21275,-104
 0> <info> app: hr,938,21264,-110
 0> <info> app: hr,939,21288,-81
 0> <info> app: hr,940,21297,-68
 0> <info> app: hr,941,21313,-48
 0> <info> app: hr,942,21309,-50
 0> <info> app: hr,943,21314,-42
 0> <info> app: hr,944,21322,-32
 0> <info> app: hr,945,21289,-64
 0> <info> app: hr,946,21285,-64
 0> <info> app: hr,947,21295,-51
 0> <info> app: hr,948,21322,-21
 0> <info> app: hr,949,21323,-19
 0> <info> app: hr,950,21348,6
 0> <info> app: hr,951,21323,-19
 0> <info> app: hr,952,21284,-57
 0> <info> app: hr,953,21303,-35
 0> <info> app: hr,954,21326,-10
 0> <info> app: hr,955,21306,-30
 0> <info> app: hr,956,21303,-31
 0> <info> app: hr,957,21338,5
 0> <info> app: hr,958,21338,4
 0> <info> app: hr,959,21350,16
 0> <info> app: hr,960,21377,42
 0> <info> app: hr,961,21335,-1
 0> <info> app: hr,962,21317,-19
 0> <info> app: hr,963,21336,0
 0> <info> app: hr,964,21333,-2
 0> <info> app: hr,965,21337,1
 0> <info> app: hr,966,21399,63
 0> <info> app: hr,967,21390,51
 0> <info> app: hr,968,21442,100
 0> <info> app: hr,969,21375,28
 0> <info> app: hr,970,21370,22
 0> <info> app: hr,971,21405,56
 0> <info> app: hr,972,21385,33
 0> <info> app: hr,973,21451,97
 0> <info> app: hr,974,21446,87
 0> <info> app: hr,975,21440,77
 0> <info> app: hr,976,21446,79
 0> <info> app: hr,977,21426,55
 0> <info> app: hr,978,21445,71
 0> <info> app: hr,979,21446,69
 0> <info> app: hr,980,21461,80
 0> <info> app: hr,981,21444,59
 0> <info> app: hr,982,21465,77
 0> <info> app: hr,983,21460,68
 0> <info> app: hr,984,21488,93
 0> <info> app: hr,985,21494,94
 0> <info> app: hr,986,21492,88
 0> <info> app: hr,987,21465,56
 0> <info> app: hr,988,21515,103
 0> <info> app: hr,989,21491,74
 0> <info> app: hr,990,21522,101
 0> <info> app: hr,991,21539,113
 0> <info> app: hr,992,21514,83
 0> <info> app: hr,993,21487,51
 0> <info> app: hr,994,21496,58
 0> <info> app: hr,995,21509,68
 0> <info> app: hr,996,21525,80
 0> <info> app: hr,997,21553,104
 0> <info> app: hr,998,21557,103
 0> <info> app: hr,999,21519,60
 0> <info> app: hr,1000,21518,56
 0> <info> app: hr,1001,21529,64
 0> <info> app: hr,1002,21525,57
 0> <info> app: hr,1003,21536,65
 0> <info> app: hr,1004,21526,52
 0> <info> app: hr,1005,21508,31
 0> <info> app: hr,1006,21540,62
 0> <info> app: hr,1007,21541,59
 0> <info> app: hr,1008,21553,68
 0> <info> app: hr,1009,21560,72
 0> <info> app: hr,1010,21540,48
 0> <info> app: hr,1011,21512,18
 0> <info> app: hr,1012,21554,59
 0> <info> app: hr,1013,21580,82
 0> <info> app: hr,1014,21532,30
 0> <info> app: hr,1015,21553,49
 0> <info> app: hr,1016,21554,48
 0> <info> app: hr,1017,21519,10
 0> <info> app: hr,1018,21555,46
 0> <info> app: hr,1019,21533,22
 0> <info> app: hr,1020,21546,34
 0> <info> app: hr,1021,21543,29
 0> <info> app: hr,1022,21557,41
 0> <info> app: hr,1023,21533,15
 0> <info> app: hr,1024,21556,37
 0> <info> app: hr,1025,21610,90
 0> <info> app: hr,1026,21544,19
 0> <info> app: hr,1027,21524,-1
 0> <info> app: hr,1028,21553,27
 0> <info> app: hr,1029,21517,-9
 0> <info> app: hr,1030,21564,37
 0> <info> app: hr,1031,21573,44
 0> <info> app: hr,1032,21564,33
 0> <info> app: hr,1033,21550,17
 0> <info> app: hr,1034,21572,39
 0> <info> app: hr,1035,21556,21
 0> <info> app: hr,1036,21549,13
 0> <info> app: hr,1037,21608,71
 0> <info> app: hr,1038,21603,62
 0> <info> app: hr,1039,21584,40
 0> <info> app: hr,1040,21564,18
 0> <info> app: hr,1041,21604,57
 0> <info> app: hr,1042,21612,62
 0> <info> app: hr,1043,21611,58
 0> <info> app: hr,1044,21605,49
 0> <info> app: hr,1045,21644,86
 0> <info> app: hr,1046,21606,43
 0> <info> app: hr,1047,21628,63
 0> <info> app: hr,1048,21624,56
 0> <info> app: hr,1049,21688,117
 0> <info> app: hr,1050,21643,66
 0> <info> app: hr,1051,21638,58
 0> <info> app: hr,1052,21630,47
 0> <info> app: hr,1053,21641,56
 0> <info> app: hr,1054,21635,47
 0> <info> app: hr,1055,21679,89
 0> <info> app: hr,1056,21692,97
 0> <info> app: hr,1057,21689,89
 0> <info> app: hr,1058,21663,59
 0> <info> app: hr,1059,21674,67
 0> <info> app: hr,1060,21662,51
 0> <info> app: hr,1061,21680,67
 0> <info> app: hr,1062,21731,114
 0> <info> app: hr,1063,21705,83
 0> <info> app: hr,1064,21724,98
 0> <info> app: hr,1065,21758,127
 0> <info> app: hr,1066,21743,105
 0> <info> app: hr,1067,21740,97
 0> <info> app: hr,1068,21720,72
 0> <info> app: hr,1069,21748,96
 0> <info> app: hr,1070,21690,34
 0> <info> app: hr,1071,21753,95
 0> <info> app: hr,1072,21790,127
 0> <info> app: hr,1073,21771,102
 0> <info> app: hr,1074,21774,100
 0> <info> app: hr,1075,21773,94
 0> <info> app: hr,1076,21767,83
 0> <info> app: hr,1077,21799,111
 0> <info> app: hr,1078,21839,145
 0> <info> app: hr,1079,21791,90
 0> <info> app: hr,1080,21818,112
 0> <info> app: hr,1081,21814,103
 0> <info> app: hr,1082,21798,82
 0> <info> app: hr,1083,21796,75
 0> <info> app: hr,1084,21789,65
 0> <info> app: hr,1085,21801,73
 0> <info> app: hr,1086,21810,79
 0> <info> app: hr,1087,21847,112
 0> <info> app: hr,1088,21820,79
 0> <info> app: hr,1089,21794,49
 0> <info> app: hr,1090,21856,109
 0> <info> app: hr,1091,21826,73
 0> <info> app: hr,1092,21795,39
 0> <info> app: hr,1093,21849,91
 0> <info> app: hr,1094,21816,53
 0> <info> app: hr,1095,21848,82
 0> <info> app: hr,1096,21842,72
 0> <info> app: hr,1097,21828,55
 0> <info> app: hr,1098,21858,82
 0> <info> app: hr,1099,21859,79
 0> <info> app: hr,1100,21820,36
 0> <info> app: hr,1101,21827,41
 0> <info> app: hr,1102,21862,74
 0> <info> app: hr,1103,21869,77
 0> <info> app: hr,1104,21845,49
 0> <info> app: hr,1105,21851,53
 0> <info> app: hr,1106,21871,70
 0> <info> app: hr,1107,21843,39
 0> <info> app: hr,1108,21869,63
 0> <info> app: hr,1109,21853,43
 0> <info> app: hr,1110,21865,53
 0> <info> app: hr,1111,21874,60
 0> <info> app: hr,1112,21853,36
 0> <info> app: hr,1113,21856,37
 0> <info> app: hr,1114,21837,16
 0> <info> app: hr,1115,21866,44
 0> <info> app: hr,1116,21831,7
 0> <info> app: hr,1117,21808,-16
 0> <info> app: hr,1118,21814,-9
 0> <info> app: hr,1119,21818,-4
 0> <info> app: hr,1120,21798,-24
 0> <info> app: hr,1121,21798,-23
 0> <info> app: hr,1122,21741,-79
 0> <info> app: hr,1123,21689,-127
 0> <info> app: hr,1124,21697,-112
 0> <info> app: hr,1125,21644,-160
 0> <info> app: hr,1126,21651,-145
 0> <info> app: hr,1127,21631,-157
 0> <info> app: hr,1128,21581,-200
 0> <info> app: hr,1129,21571,-200
 0> <info> app: hr,1130,21517,-244
 0> <info> app: hr,1131,21534,-214
 0> <info> app: hr,1132,21502,-236
 0> <info> app: hr,1133,21445,-281
 0> <info> app: hr,1134,21430,-282
 0> <info> app: hr,1135,21429,-269
 0> <info> app: hr,1136,21409,-275
 0> <info> app: hr,1137,21415,-255
 0> <info> app: hr,1138,21374,-284
 0> <info> app: hr,1139,21342,-301
 0> <info> app: hr,1140,21334,-294
 0> <info> app: hr,1141,21287,-327
 0> <info> app: hr,1142,21289,-308
 0> <info> app: hr,1143,21303,-279
 0> <info> app: hr,1144,21296,-272
 0> <info> app: hr,1145,21271,-283
 0> <info> app: hr,1146,21267,-273
 0> <info> app: hr,1147,21246,-280
 0> <info> app: hr,1148,21256,-256
 0> <info> app: hr,1149,21206,-293
 0> <info> app: hr,1150,21220,-265
 0> <info> app: hr,1151,21189,-282
 0> <info> app: hr,1152,21198,-259
 0> <info> app: hr,1153,21223,-221
 0> <info> app: hr,1154,21199,-234
 0> <info> app: hr,1155,21201,-221
 0> <info> app: hr,1156,21191,-219
 0> <info> app: hr,1157,21146,-253
 0> <info> app: hr,1158,21174,-213
 0> <info> app: hr,1159,21147,-229
 0> <info> app: hr,1160,21164,-201
 0> <info> app: hr,1161,21142,-213
 0> <info> app: hr,1162,21154,-190
 0> <info> app: hr,1163,21145,-189
 0> <info> app: hr,1164,21136,-189
 0> <info> app: hr,1165,21144,-171
 0> <info> app: hr,1166,21137,-170
 0> <info> app: hr,1167,21148,-150
 0> <info> app: hr,1168,21148,-143
 0> <info> app: hr,1169,21118,-166
 0> <info> app: hr,1170,21147,-128
 0> <info> app: hr,1171,21183,-86
 0> <info> app: hr,1172,21163,-102
 0> <info> app: hr,1173,21132,-127
 0> <info> app: hr,1174,21106,-147
 0> <info> app: hr,1175,21111,-135
 0> <info> app: hr,1176,21164,-75
 0> <info> app: hr,1177,21147,-88
 0> <info> app: hr,1178,21177,-54
 0> <info> app: hr,1179,21116,-112
 0> <info> app: hr,1180,21137,-85
 0> <info> app: hr,1181,21143,-75
 0> <info> app: hr,1182,21151,-63
 0> <info> app: hr,1183,21152,-59
 0> <info> app: hr,1184,21147,-61
 0> <info> app: hr,1185,21179,-26
 0> <info> app: hr,1186,21165,-39
 0> <info> app: hr,1187,21153,-49
 0> <info> app: hr,1188,21160,-39
 0> <info> app: hr,1189,21166,-31
 0> <info> app: hr,1190,21166,-30
 0> <info> app: hr,1191,21160,-34
 0> <info> app: hr,1192,21164,-28
 0> <info> app: hr,1193,21153,-38
 0> <info> app: hr,1194,21196,6
 0> <info> app: hr,1195,21169,-20
 0> <info> app: hr,1196,21204,15
 0> <info> app: hr,1197,21172,-17
 0> <info> app: hr,1198,21168,-20
 0> <info> app: hr,1199,21176,-11
 0> <info> app: hr,1200,21199,11
 0> <info> app: hr,1201,21184,-3
 0> <info> app: hr,1202,21215,27
 0> <info> app: hr,1203,21199,10
 0> <info> app: hr,1204,21164,-25
 0> <info> app: hr,1205,21186,-2
 0> <info> app: hr,1206,21226,37
 0> <info> app: hr,1207,21212,22
 0> <info> app: hr,1208,21246,54
 0> <info> app: hr,1209,21221,27
 0> <info> app: hr,1210,21217,21
 0> <info> app: hr,1211,21236,39
 0> <info> app: hr,1212,21291,92
 0> <info> app: hr,1213,21242,39
 0> <info> app: hr,1214,21233,28
 0> <info> app: hr,1215,21231,24
 0> <info> app: hr,1216,21243,35
 0> <info> app: hr,1217,21279,69
 0> <info> app: hr,1218,21287,74
 0> <info> app: hr,1219,21312,95
 0> <info> app: hr,1220,21328,106
 0> <info> app: hr,1221,21295,68
 0> <info> app: hr,1222,21276,46
 0> <info> app: hr,1223,21284,51
 0> <info> app: hr,1224,21311,76
 0> <info> app: hr,1225,21331,92
 0> <info> app: hr,1226,21287,43
 0> <info> app: hr,1227,21336,90
 0> <info> app: hr,1228,21323,72
 0> <info> app: hr,1229,21320,66
 0> <info> app: hr,1230,21312,55
 0> <info> app: hr,1231,21327,67
 0> <info> app: hr,1232,21313,49
 0> <info> app: hr,1233,21331,65
 0> <info> app: hr,1234,21331,62
 0> <info> app: hr,1235,21352,80
 0> <info> app: hr,1236,21345,69
 0> <info> app: hr,1237,21358,78
 0> <info> app: hr,1238,21335,51
 0> <info> app: hr,1239,21351,65
 0> <info> app: hr,1240,21358,68
 0> <info> app: hr,1241,21355,62
 0> <info> app: hr,1242,21372,76
 0> <info> app: hr,1243,21386,86
 0> <info> app: hr,1244,21350,46
 0> <info> app: hr,1245,21333,26
 0> <info> app: hr,1246,21371,63
 0> <info> app: hr,1247,21356,45
 0> <info> app: hr,1248,21373,60
 0> <info> app: hr,1249,21374,58
 0> <info> app: hr,1250,21387,68
 0> <info> app: hr,1251,21392,69
 0> <info> app: hr,1252,21385,59
 0> <info> app: hr,1253,21377,48
 0> <info> app: hr,1254,21383,51
 0> <info> app: hr,1255,21384,50
 0> <info> app: hr,1256,21395,58
 0> <info> app: hr,1257,21376,36
 0> <info> app: hr,1258,21384,42
 0> <info> app: hr,1259,21391,47
 0> <info> app: hr,1260,21410,64
 0> <info> app: hr,1261,21422,73
 0> <info> app: hr,1262,21400,47
 0> <info> app: hr,1263,21374,19
 0> <info> app: hr,1264,21403,47
 0> <info> app: hr,1265,21434,75
 0> <info> app: hr,1266,21438,76
 0> <info> app: hr,1267,21440,74
 0> <info> app: hr,1268,21430,60
 0> <info> app: hr,1269,21416,43
 0> <info> app: hr,1270,21435,60
 0> <info> app: hr,1271,21453,75
 0> <info> app: hr,1272,21442,60
 0> <info> app: hr,1273,21434,49
 0> <info> app: hr,1274,21447,60
 0> <info> app: hr,1275,21459,69
 0> <info> app: hr,1276,21454,60
 0> <info> app: hr,1277,21491,94
 0> <info> app: hr,1278,21459,57
 0> <info> app: hr,1279,21451,46
 0> <info> app: hr,1280,21480,73
 0> <info> app: hr,1281,21493,82
 0> <info> app: hr,1282,21474,59
 0> <info> app: hr,1283,21518,100
 0> <info> app: hr,1284,21482,59
 0> <info> app: hr,1285,21515,89
 0> <info> app: hr,1286,21511,81
 0> <info> app: hr,1287,21482,48
 0> <info> app: hr,1288,21511,74
 0> <info> app: hr,1289,21524,84
 0> <info> app: hr,1290,21546,101
 0> <info> app: hr,1291,21529,79
 0> <info> app: hr,1292,21522,68
 0> <info> app: hr,1293,21565,108
 0> <info> app: hr,1294,21558,95
 0> <info> app: hr,1295,21539,72
 0> <info> app: hr,1296,21583,112
 0> <info> app: hr,1297,21548,71
 0> <info> app: hr,1298,21571,91
 0> <info> app: hr,1299,21569,84
 0> <info> app: hr,1300,21593,104
 0> <info> app: hr,1301,21584,90
 0> <info> app: hr,1302,21627,128
 0> <info> app: hr,1303,21579,74
 0> <info> app: hr,1304,21597,88
 0> <info> app: hr,1305,21605,92
 0> <info> app: hr,1306,21626,108
 0> <info> app: hr,1307,21623,100
 0> <info> app: hr,1308,21621,93
 0> <info> app: hr,1309,21633,100
 0> <info> app: hr,1310,21637,99
 0> <info> app: hr,1311,21634,91
 0> <info> app: hr,1312,21631,83
 0> <info> app: hr,1313,21637,85
 0> <info> app: hr,1314,21660,104
 0> <info> app: hr,1315,21649,88
 0> <info> app: hr,1316,21668,102
 0> <info> app: hr,1317,21687,116
 0> <info> app: hr,1318,21666,89
 0> <info> app: hr,1319,21670,89
 0> <info> app: hr,1320,21680,94
 0> <info> app: hr,1321,21688,98
 0> <info> app: hr,1322,21659,64
 0> <info> app: hr,1323,21681,83
 0> <info> app: hr,1324,21704,101
 0> <info> app: hr,1325,21704,96
 0> <info> app: hr,1326,21688,75
 0> <info> app: hr,1327,21711,95
 0> <info> app: hr,1328,21684,63
 0> <info> app: hr,1329,21727,103
 0> <info> app: hr,1330,21787,158
 0> <info> app: hr,1331,21725,88
 0> <info> app: hr,1332,21725,83
 0> <info> app: hr,1333,21727,81
 0> <info> app: hr,1334,21749,99
 0> <info> app: hr,1335,21724,69
 0> <info> app: hr,1336,21709,51
 0> <info> app: hr,1337,21735,74
 0> <info> app: hr,1338,21744,79
 0> <info> app: hr,1339,21745,76
 0> <info> app: hr,1340,21745,72
 0> <info> app: hr,1341,21759,83
 0> <info> app: hr,1342,21797,117
 0> <info> app: hr,1343,21769,83
 0> <info> app: hr,1344,21746,56
 0> <info> app: hr,1345,21766,73
 0> <info> app: hr,1346,21787,90
 0> <info> app: hr,1347,21781,80
 0> <info> app: hr,1348,21783,78
 0> <info> app: hr,1349,21795,86
 0> <info> app: hr,1350,21761,47
 0> <info> app: hr,1351,21768,52
 0> <info> app: hr,1352,21757,38
 0> <info> app: hr,1353,21776,55
 0> <info> app: hr,1354,21760,37
 0> <info> app: hr,1355,21758,33
 0> <info> app: hr,1356,21736,9
 0> <info> app: hr,1357,21736,9
 0> <info> app: hr,1358,21688,-39
 0> <info> app: hr,1359,21710,-15
 0> <info> app: hr,1360,21672,-52
 0> <info> app: hr,1361,21652,-69
 0> <info> app: hr,1362,21639,-79
 0> <info> app: hr,1363,21591,-123
 0> <info> app: hr,1364,21581,-127
 0> <info> app: hr,1365,21601,-100
 0> <info> app: hr,1366,21557,-139
 0> <info> app: hr,1367,21520,-169
 0> <info> app: hr,1368,21491,-190
 0> <info> app: hr,1369,21448,-223
 0> <info> app: hr,1370,21482,-178
 0> <info> app: hr,1371,21424,-227
 0> <info> app: hr,1372,21389,-251
 0> <info> app: hr,1373,21373,-254
 0> <info> app: hr,1374,21384,-231
 0> <info> app: hr,1375,21316,-287
 0> <info> app: hr,1376,21317,-272
 0> <info> app: hr,1377,21312,-263
 0> <info> app: hr,1378,21297,-265
 0> <info> app: hr,1379,21301,-248
 0> <info> app: hr,1380,21263,-273
 0> <info> app: hr,1381,21253,-270
 0> <info> app: hr,1382,21210,-299
 0> <info> app: hr,1383,21254,-240
 0> <info> app: hr,1384,21214,-268
 0> <info> app: hr,1385,21199,-270
 0> <info> app: hr,1386,21197,-258
 0> <info> app: hr,1387,21215,-227
 0> <info> app: hr,1388,21194,-237
 0> <info> app: hr,1389,21203,-216
 0> <info> app: hr,1390,21187,-221
 0> <info> app: hr,1391,21133,-264
 0> <info> app: hr,1392,21163,-221
 0> <info> app: hr,1393,21152,-221
 0> <info> app: hr,1394,21170,-192
 0> <info> app: hr,1395,21184,-168
 0> <info> app: hr,1396,21146,-198
 0> <info> app: hr,1397,21153,-181
 0> <info> app: hr,1398,21146,-179
 0> <info> app: hr,1399,21163,-153
 0> <info> app: hr,1400,21137,-171
 0> <info> app: hr,1401,21145,-154
 0> <info> app: hr,1402,21154,-138
 0> <info> app: hr,1403,21132,-153
 0> <info> app: hr,1404,21147,-130
 0> <info> app: hr,1405,21177,-94
 0> <info> app: hr,1406,21147,-119
 0> <info> app: hr,1407,21138,-122
 0> <info> app: hr,1408,21154,-100
 0> <info> app: hr,1409,21114,-135
 0> <info> app: hr,1410,21156,-86
 0> <info> app: hr,1411,21156,-82
 0> <info> app: hr,1412,21178,-56
 0> <info> app: hr,1413,21141,-90
 0> <info> app: hr,1414,21186,-40
 0> <info> app: hr,1415,21200,-24
 0> <info> app: hr,1416,21162,-61
 0> <info> app: hr,1417,21165,-55
 0> <info> app: hr,1418,21157,-60
 0> <info> app: hr,1419,21171,-43
 0> <info> app: hr,1420,21164,-48
 0> <info> app: hr,1421,21160,-50
 0> <info> app: hr,1422,21164,-43
 0> <info> app: hr,1423,21180,-25
 0> <info> app: hr,1424,21211,6
 0> <info> app: hr,1425,21180,-24
 0> <info> app: hr,1426,21165,-38
 0> <info> app: hr,1427,21208,6
 0> <info> app: hr,1428,21202,0
 0> <info> app: hr,1429,21201,0
 0> <info> app: hr,1430,21197,-4
 0> <info> app: hr,1431,21199,-2
 0> <info> app: hr,1432,21173,-28
 0> <info> app: hr,1433,21204,4
 0> <info> app: hr,1434,21197,-3
 0> <info> app: hr,1435,21242,42
 0> <info> app: hr,1436,21245,42
 0> <info> app: hr,1437,21199,-5
 0> <info> app: hr,1438,21248,44
 0> <info> app: hr,1439,21257,50
 0> <info> app: hr,1440,21231,22
 0> <info> app: hr,1441,21232,22
 0> <info> app: hr,1442,21273,62
 0> <info> app: hr,1443,21272,58
 0> <info> app: hr,1444,21276,59
 0> <info> app: hr,1445,21278,58
 0> <info> app: hr,1446,21277,54
 0> <info> app: hr,1447,21306,80
 0> <info> app: hr,1448,21320,90
 0> <info> app: hr,1449,21302,67
 0> <info> app: hr,1450,21296,58
 0> <info> app: hr,1451,21334,93
 0> <info> app: hr,1452,21329,83
 0> <info> app: hr,1453,21335,85
 0> <info> app: hr,1454,21336,82
 0> <info> app: hr,1455,21360,102
 0> <info> app: hr,1456,21336,73
 0> <info> app: hr,1457,21342,75
 0> <info> app: hr,1458,21377,106
 0> <info> app: hr,1459,21380,104
 0> <info> app: hr,1460,21381,100
 0> <info> app: hr,1461,21375,89
 0> <info> app: hr,1462,21408,117
 0> <info> app: hr,1463,21401,104
 0> <info> app: hr,1464,21429,127
 0> <info> app: hr,1465,21383,75
 0> <info> app: hr,1466,21359,47
 0> <info> app: hr,1467,21394,80
 0> <info> app: hr,1468,21396,78
 0> <info> app: hr,1469,21435,113
 0> <info> app: hr,1470,21439,111
 0> <info> app: hr,1471,21446,112
 0> <info> app: hr,1472,21474,135
 0> <info> app: hr,1473,21423,77
 0> <info> app: hr,1474,21393,43
 0> <info> app: hr,1475,21427,75
 0> <info> app: hr,1476,21427,71
 0> <info> app: hr,1477,21457,98
 0> <info> app: hr,1478,21408,44
 0> <info> app: hr,1479,21447,81
 0> <info> app: hr,1480,21473,102
 0> <info> app: hr,1481,21446,70
 0> <info> app: hr,1482,21420,41
 0> <info> app: hr,1483,21438,57
 0> <info> app: hr,1484,21455,71
 0> <info> app: hr,1485,21454,66
 0> <info> app: hr,1486,21457,66
 0> <info> app: hr,1487,21466,72
 0> <info> app: hr,1488,21451,53
 0> <info> app: hr,1489,21481,80
 0> <info> app: hr,1490,21459,54
 0> <info> app: hr,1491,21456,49
 0> <info> app: hr,1492,21428,18
 0> <info> app: hr,1493,21484,73
 0> <info> app: hr,1494,21460,45
 0> <info> app: hr,1495,21478,61
 0> <info> app: hr,1496,21502,82
 0> <info> app: hr,1497,21478,54
 0> <info> app: hr,1498,21468,41
 0> <info> app: hr,1499,21466,37
 0> <info> app: hr,1500,21483,52
 0> <info> app: hr,1501,21517,84
 0> <info> app: hr,1502,21483,45
 0> <info> app: hr,1503,21492,52
 0> <info> app: hr,1504,21520,78
 0> <info> app: hr,1505,21505,59
 0> <info> app: hr,1506,21515,66
 0> <info> app: hr,1507,21491,38
 0> <info> app: hr,1508,21517,62
 0> <info> app: hr,1509,21497,39
 0> <info> app: hr,1510,21523,63
 0> <info> app: hr,1511,21519,56
 0> <info> app: hr,1512,21525,59
 0> <info> app: hr,1513,21536,67
 0> <info> app: hr,1514,21546,74
 0> <info> app: hr,1515,21513,37
 0> <info> app: hr,1516,21530,52
 0> <info> app: hr,1517,21584,104
 0> <info> app: hr,1518,21576,90
 0> <info> app: hr,1519,21568,78
 0> <info> app: hr,1520,21593,99
 0> <info> app: hr,1521,21526,27
 0> <info> app: hr,1522,21551,51
 0> <info> app: hr,1523,21554,51
 0> <info> app: hr,1524,21572,66
 0> <info> app: hr,1525,21574,65
 0> <info> app: hr,1526,21615,103
 0> <info> app: hr,1527,21591,74
 0> <info> app: hr,1528,21600,79
 0> <info> app: hr,1529,21629,104
 0> <info> app: hr,1530,21611,81
 0> <info> app: hr,1531,21574,40
 0> <info> app: hr,1532,21615,79
 0> <info> app: hr,1533,21589,49
 0> <info> app: hr,1534,21597,54
 0> <info> app: hr,1535,21636,91
 0> <info> app: hr,1536,21645,95
 0> <info> app: hr,1537,21629,74
 0> <info> app: hr,1538,21638,79
 0> <info> app: hr,1539,21627,64
 0> <info> app: hr,1540,21626,60
 0> <info> app: hr,1541,21655,86
 0> <info> app: hr,1542,21667,94
 0> <info> app: hr,1543,21655,77
 0> <info> app: hr,1544,21671,89
 0> <info> app: hr,1545,21637,51
 0> <info> app: hr,1546,21661,72
 0> <info> app: hr,1547,21674,82
 0> <info> app: hr,1548,21664,67
 0> <info> app: hr,1549,21676,76
 0> <info> app: hr,1550,21677,73
 0> <info> app: hr,1551,21697,90
 0> <info> app: hr,1552,21685,73
 0> <info> app: hr,1553,21697,81
 0> <info> app: hr,1554,21679,59
 0> <info> app: hr,1555,21701,78
 0> <info> app: hr,1556,21670,43
 0> <info> app: hr,1557,21694,65
 0> <info> app: hr,1558,21739,107
 0> <info> app: hr,1559,21722,85
 0> <info> app: hr,1560,21749,107
 0> <info> app: hr,1561,21728,81
 0> <info> app: hr,1562,21691,40
 0> <info> app: hr,1563,21748,95
 0> <info> app: hr,1564,21734,76
 0> <info> app: hr,1565,21753,91
 0> <info> app: hr,1566,21756,90
 0> <info> app: hr,1567,21738,67
 0> <info> app: hr,1568,21769,95
 0> <info> app: hr,1569,21757,78
 0> <info> app: hr,1570,21770,87
 0> <info> app: hr,1571,21744,57
 0> <info> app: hr,1572,21771,81
 0> <info> app: hr,1573,21766,72
 0> <info> app: hr,1574,21771,73
 0> <info> app: hr,1575,21791,89
 0> <info> app: hr,1576,21816,110
 0> <info> app: hr,1577,21812,100
 0> <info> app: hr,1578,21778,61
 0> <info> app: hr,1579,21788,68
 0> <info> app: hr,1580,21807,84
 0> <info> app: hr,1581,21788,61
 0> <info> app: hr,1582,21854,124
 0> <info> app: hr,1583,21840,103
 0> <info> app: hr,1584,21805,63
 0> <info> app: hr,1585,21838,93
 0> <info> app: hr,1586,21817,67
 0> <info> app: hr,1587,21837,84
 0> <info> app: hr,1588,21829,72
 0> <info> app: hr,1589,21812,51
 0> <info> app: hr,1590,21790,27
 0> <info> app: hr,1591,21860,95
 0> <info> app: hr,1592,21834,64
 0> <info> app: hr,1593,21858,85
 0> <info> app: hr,1594,21860,83
 0> <info> app: hr,1595,21831,50
 0> <info> app: hr,1596,21798,14
 0> <info> app: hr,1597,21827,42
 0> <info> app: hr,1598,21845,58
 0> <info> app: hr,1599,21874,84
 0> <info> app: hr,1600,21860,66
 0> <info> app: hr,1601,21850,53
 0> <info> app: hr,1602,21851,51
 0> <info> app: hr,1603,21836,34
 0> <info> app: hr,1604,21826,22
 0> <info> app: hr,1605,21824,19
 0> <info> app: hr,1606,21795,-10
 0> <info> app: hr,1607,21824,18
 0> <info> app: hr,1608,21781,-25
 0> <info> app: hr,1609,21756,-48
 0> <info> app: hr,1610,21749,-53
 0> <info> app: hr,1611,21713,-86
 0> <info> app: hr,1612,21675,-120
 0> <info> app: hr,1613,21655,-134
 0> <info> app: hr,1614,21604,-178
 0> <info> app: hr,1615,21603,-170
 0> <info> app: hr,1616,21596,-169
 0> <info> app: hr,1617,21576,-180
 0> <info> app: hr,1618,21540,-207
 0> <info> app: hr,1619,21523,-214
 0> <info> app: hr,1620,21445,-281
 0> <info> app: hr,1621,21467,-245
 0> <info> app: hr,1622,21460,-240
 0> <info> app: hr,1623,21445,-243
 0> <info> app: hr,1624,21414,-262
 0> <info> app: hr,1625,21404,-258
 0> <info> app: hr,1626,21372,-278
 0> <info> app: hr,1627,21349,-287
 0> <info> app: hr,1628,21339,-282
 0> <info> app: hr,1629,21334,-273
 0> <info> app: hr,1630,21313,-280
 0> <info> app: hr,1631,21288,-291
 0> <info> app: hr,1632,21304,-261
 0> <info> app: hr,1633,21301,-251
 0> <info> app: hr,1634,21294,-245
 0> <info> app: hr,1635,21288,-239
 0> <info> app: hr,1636,21252,-263
 0> <info> app: hr,1637,21233,-269
 0> <info> app: hr,1638,21244,-244
 0> <info> app: hr,1639,21260,-216
 0> <info> app: hr,1640,21258,-207
 0> <info> app: hr,1641,21252,-203
 0> <info> app: hr,1642,21227,-218
 0> <info> app: hr,1643,21203,-231
 0> <info> app: hr,1644,21191,-231
 0> <info> app: hr,1645,21217,-194
 0> <info> app: hr,1646,21228,-173
 0> <info> app: hr,1647,21246,-146
 0> <info> app: hr,1648,21222,-163
 0> <info> app: hr,1649,21228,-149
 0> <info> app: hr,1650,21210,-159
 0> <info> app: hr,1651,21244,-117
 0> <info> app: hr,1652,21231,-124
 0> <info> app: hr,1653,21206,-143
 0> <info> app: hr,1654,21198,-144
 0> <info> app: hr,1655,21192,-143
 0> <info> app: hr,1656,21212,-116
 0> <info> app: hr,1657,21249,-73
 0> <info> app: hr,1658,21227,-91
 0> <info> app: hr,1659,21261,-53
 0> <info> app: hr,1660,21225,-86
 0> <info> app: hr,1661,21222,-85
 0> <info> app: hr,1662,21234,-68
 0> <info> app: hr,1663,21243,-56
 0> <info> app: hr,1664,21266,-30
 0> <info> app: hr,1665,21225,-70
 0> <info> app: hr,1666,21239,-52
 0> <info> app: hr,1667,21264,-24
 0> <info> app: hr,1668,21233,-54
 0> <info> app: hr,1669,21240,-44
 0> <info> app: hr,1670,21268,-14
 0> <info> app: hr,1671,21226,-55
 0> <info> app: hr,1672,21246,-33
 0> <info> app: hr,1673,21251,-26
 0> <info> app: hr,1674,21255,-21
 0> <info> app: hr,1675,21302,26
 0> <info> app: hr,1676,21279,2
 0> <info> app: hr,1677,21272,-4
 0> <info> app: hr,1678,21263,-13
 0> <info> app: hr,1679,21311,35
 0> <info> app: hr,1680,21299,21
 0> <info> app: hr,1681,21340,61
 0> <info> app: hr,1682,21333,51
 0> <info> app: hr,1683,21327,42
 0> <info> app: hr,1684,21309,22
 0> <info> app: hr,1685,21311,23
 0> <info> app: hr,1686,21331,42
 0> <info> app: hr,1687,21352,61
 0> <info> app: hr,1688,21378,84
 0> <info> app: hr,1689,21368,69
 0> <info> app: hr,1690,21381,79
 0> <info> app: hr,1691,21365,59
 0> <info> app: hr,1692,21376,67
 0> <info> app: hr,1693,21388,76
 0> <info> app: hr,1694,21391,75
 0> <info> app: hr,1695,21396,76
 0> <info> app: hr,1696,21382,58
 0> <info> app: hr,1697,21389,62
 0> <info> app: hr,1698,21435,105
 0> <info> app: hr,1699,21419,84
 0> <info> app: hr,1700,21440,101
 0> <info> app: hr,1701,21433,89
 0> <info> app: hr,1702,21443,94
 0> <info> app: hr,1703,21455,101
 0> <info> app: hr,1704,21493,134
 0> <info> app: hr,1705,21462,97
 0> <info> app: hr,1706,21475,105
 0> <info> app: hr,1707,21483,107
 0> <info> app: hr,1708,21453,72
 0> <info> app: hr,1709,21501,116
 0> <info> app: hr,1710,21474,84
 0> <info> app: hr,1711,21485,90
 0> <info> app: hr,1712,21507,108
 0> <info> app: hr,1713,21489,84
 0> <info> app: hr,1714,21501,92
 0> <info> app: hr,1715,21514,101
 0> <info> app: hr,1716,21539,120
 0> <info> app: hr,1717,21513,88
 0> <info> app: hr,1718,21475,46
 0> <info> app: hr,1719,21491,60
 0> <info> app: hr,1720,21509,75
 0> <info> app: hr,1721,21525,87
 0> <info> app: hr,1722,21540,98
 0> <info> app: hr,1723,21532,85
 0> <info> app: hr,1724,21499,47
 0> <info> app: hr,1725,21490,36
 0> <info> app: hr,1726,21501,45
 0> <info> app: hr,1727,21523,65
 0> <info> app: hr,1728,21518,57
 0> <info> app: hr,1729,21539,75
 0> <info> app: hr,1730,21501,33
 0> <info> app: hr,1731,21527,57
 0> <info> app: hr,1732,21525,52
 0> <info> app: hr,1733,21528,53
 0> <info> app: hr,1734,21515,37
 0> <info> app: hr,1735,21535,55
 0> <info> app: hr,1736,21553,70
 0> <info> app: hr,1737,21517,31
 0> <info> app: hr,1738,21525,37
 0> <info> app: hr,1739,21537,47
 0> <info> app: hr,1740,21539,47
 0> <info> app: hr,1741,21537,43
 0> <info> app: hr,1742,21530,34
 0> <info> app: hr,1743,21505,7
 0> <info> app: hr,1744,21522,23
 0> <info> app: hr,1745,21551,51
 0> <info> app: hr,1746,21546,44
 0> <info> app: hr,1747,21570,65
 0> <info> app: hr,1748,21546,38
 0> <info> app: hr,1749,21543,33
 0> <info> app: hr,1750,21547,36
 0> <info> app: hr,1751,21540,27
 0> <info> app: hr,1752,21580,65
 0> <info> app: hr,1753,21573,55
 0> <info> app: hr,1754,21592,71
 0> <info> app: hr,1755,21569,45
 0> <info> app: hr,1756,21576,49
 0> <info> app: hr,1757,21586,57
 0> <info> app: hr,1758,21573,41
 0> <info> app: hr,1759,21567,33
 0> <info> app: hr,1760,21586,50
 0> <info> app: hr,1761,21558,20
 0> <info> app: hr,1762,21579,40
 0> <info> app: hr,1763,21601,60
 0> <info> app: hr,1764,21621,77
 0> <info> app: hr,1765,21614,66
 0> <info> app: hr,1766,21598,47
 0> <info> app: hr,1767,21600,46
 0> <info> app: hr,1768,21618,62
 0> <info> app: hr,1769,21632,73
 0> <info> app: hr,1770,21619,56
 0> <info> app: hr,1771,21632,66
 0> <info> app: hr,1772,21638,69
 0> <info> app: hr,1773,21597,24
 0> <info> app: hr,1774,21638,64
 0> <info> app: hr,1775,21619,42
 0> <info> app: hr,1776,21605,26
 0> <info> app: hr,1777,21639,59
 0> <info> app: hr,1778,21650,67
 0> <info> app: hr,1779,21657,70
 0> <info> app: hr,1780,21670,80
 0> <info> app: hr,1781,21697,103
 0> <info> app: hr,1782,21671,72
 0> <info> app: hr,1783,21610,7
 0> <info> app: hr,1784,21680,77
 0> <info> app: hr,1785,21704,97
 0> <info> app: hr,1786,21684,72
 0> <info> app: hr,1787,21691,75
 0> <info> app: hr,1788,21714,94
 0> <info> app: hr,1789,21696,72
 0> <info> app: hr,1790,21684,56
 0> <info> app: hr,1791,21677,46
 0> <info> app: hr,1792,21656,23
 0> <info> app: hr,1793,21733,99
 0> <info> app: hr,1794,21716,77
 0> <info> app: hr,1795,21708,65
 0> <info> app: hr,1796,21733,87
 0> <info> app: hr,1797,21721,70
 0> <info> app: hr,1798,21747,93
 0> <info> app: hr,1799,21715,56
 0> <info> app: hr,1800,21738,76
 0> <info> app: hr,1801,21730,64
 0> <info> app: hr,1802,21711,42
 0> <info> app: hr,1803,21733,62
 0> <info> app: hr,1804,21751,77
 0> <info> app: hr,1805,21777,99
 0> <info> app: hr,1806,21757,74
 0> <info> app: hr,1807,21744,57
 0> <info> app: hr,1808,21742,52
 0> <info> app: hr,1809,21773,81
 0> <info> app: hr,1810,21771,75
 0> <info> app: hr,1811,21761,61
 0> <info> app: hr,1812,21794,91
 0> <info> app: hr,1813,21780,72
 0> <info> app: hr,1814,21773,62
 0> <info> app: hr,1815,21760,46
 0> <info> app: hr,1816,21775,58
 0> <info> app: hr,1817,21784,64
 0> <info> app: hr,1818,21786,63
 0> <info> app: hr,1819,21796,70
 0> <info> app: hr,1820,21806,76
 0> <info> app: hr,1821,21795,62
 0> <info> app: hr,1822,21810,73
 0> <info> app: hr,1823,21792,52
 0> <info> app: hr,1824,21809,66
 0> <info> app: hr,1825,21820,74
 0> <info> app: hr,1826,21806,56
 0> <info> app: hr,1827,21826,73
 0> <info> app: hr,1828,21860,104
 0> <info> app: hr,1829,21817,55
 0> <info> app: hr,1830,21789,25
 0> <info> app: hr,1831,21835,69
 0> <info> app: hr,1832,21821,52
 0> <info> app: hr,1833,21829,57
 0> <info> app: hr,1834,21882,107
 0> <info> app: hr,1835,21837,57
 0> <info> app: hr,1836,21859,76
 0> <info> app: hr,1837,21865,78
 0> <info> app: hr,1838,21847,56
 0> <info> app: hr,1839,21842,48
 0> <info> app: hr,1840,21846,50
 0> <info> app: hr,1841,21848,49
 0> <info> app: hr,1842,21833,32
 0> <info> app: hr,1843,21863,60
 0> <info> app: hr,1844,21873,67
 0> <info> app: hr,1845,21853,44
 0> <info> app: hr,1846,21886,75
 0> <info> app: hr,1847,21842,27
 0> <info> app: hr,1848,21806,-9
 0> <info> app: hr,1849,21853,37
 0> <info> app: hr,1850,21827,9
 0> <info> app: hr,1851,21835,17
 0> <info> app: hr,1852,21810,-8
 0> <info> app: hr,1853,21800,-18
 0> <info> app: hr,1854,21777,-40
 0> <info> app: hr,1855,21733,-82
 0> <info> app: hr,1856,21729,-82
 0> <info> app: hr,1857,21705,-102
 0> <info> app: hr,1858,21701,-100
 0> <info> app: hr,1859,21656,-140
 0> <info> app: hr,1860,21609,-180
 0> <info> app: hr,1861,21612,-168
 0> <info> app: hr,1862,21592,-180
 0> <info> app: hr,1863,21547,-216
 0> <info> app: hr,1864,21495,-257
 0> <info> app: hr,1865,21499,-240
 0> <info> app: hr,1866,21487,-240
 0> <info> app: hr,1867,21458,-257
 0> <info> app: hr,1868,21449,-253
 0> <info> app: hr,1869,21451,-239
 0> <info> app: hr,1870,21419,-259
 0> <info> app: hr,1871,21358,-307
 0> <info> app: hr,1872,21382,-267
 0> <info> app: hr,1873,21348,-288
 0> <info> app: hr,1874,21355,-266
 0> <info> app: hr,1875,21380,-228
 0> <info> app: hr,1876,21320,-277
 0> <info> app: hr,1877,21328,-255
 0> <info> app: hr,1878,21330,-240
 0> <info> app: hr,1879,21280,-278
 0> <info> app: hr,1880,21299,-245
 0> <info> app: hr,1881,21264,-268
 0> <info> app: hr,1882,21279,-239
 0> <info> app: hr,1883,21250,-256
 0> <info> app: hr,1884,21263,-231
 0> <info> app: hr,1885,21261,-221
 0> <info> app: hr,1886,21246,-225
 0> <info> app: hr,1887,21288,-172
 0> <info> app: hr,1888,21237,-214
 0> <info> app: hr,1889,21237,-203
 0> <info> app: hr,1890,21257,-173
 0> <info> app: hr,1891,21249,-172
 0> <info> app: hr,1892,21247,-166
 0> <info> app: hr,1893,21236,-168
 0> <info> app: hr,1894,21227,-169
 0> <info> app: hr,1895,21234,-154
 0> <info> app: hr,1896,21251,-129
 0> <info> app: hr,1897,21238,-135
 0> <info> app: hr,1898,21220,-147
 0> <info> app: hr,1899,21262,-97
 0> <info> app: hr,1900,21237,-117
 0> <info> app: hr,1901,21261,-87
 0> <info> app: hr,1902,21230,-114
 0> <info> app: hr,1903,21279,-59
 0> <info> app: hr,1904,21242,-93
 0> <info> app: hr,1905,21191,-140
 0> <info> app: hr,1906,21220,-104
 0> <info> app: hr,1907,21230,-88
 0> <info> app: hr,1908,21245,-69
 0> <info> app: hr,1909,21287,-24
 0> <info> app: hr,1910,21263,-46
 0> <info> app: hr,1911,21254,-53
 0> <info> app: hr,1912,21234,-70
 0> <info> app: hr,1913,21246,-55
 0> <info> app: hr,1914,21241,-57
 0> <info> app: hr,1915,21259,-36
 0> <info> app: hr,1916,21274,-19
 0> <info> app: hr,1917,21240,-52
 0> <info> app: hr,1918,21292,1
 0> <info> app: hr,1919,21289,-1
 0> <info> app: hr,1920,21264,-26
 0> <info> app: hr,1921,21271,-17
 0> <info> app: hr,1922,21273,-14
 0> <info> app: hr,1923,21285,-2
 0> <info> app: hr,1924,21304,16
 0> <info> app: hr,1925,21278,-9
 0> <info> app: hr,1926,21301,13
 0> <info> app: hr,1927,21287,-1
 0> <info> app: hr,1928,21296,7
 0> <info> app: hr,1929,21276,-12
 0> <info> app: hr,1930,21317,29
 0> <info> app: hr,1931,21299,9
 0> <info> app: hr,1932,21304,14
 0> <info> app: hr,1933,21330,39
 0> <info> app: hr,1934,21333,40
 0> <info> app: hr,1935,21350,55
 0> <info> app: hr,1936,21324,26
 0> <info> app: hr,1937,21344,45
 0> <info> app: hr,1938,21362,61
 0> <info> app: hr,1939,21357,53
 0> <info> app: hr,1940,21382,75
 0> <info> app: hr,1941,21381,70
 0> <info> app: hr,1942,21372,58
 0> <info> app: hr,1943,21398,81
 0> <info> app: hr,1944,21397,76
 0> <info> app: hr,1945,21401,76
 0> <info> app: hr,1946,21399,70
 0> <info> app: hr,1947,21430,97
 0> <info> app: hr,1948,21396,59
 0> <info> app: hr,1949,21428,88
 0> <info> app: hr,1950,21441,96
 0> <info> app: hr,1951,21450,100
 0> <info> app: hr,1952,21424,69
 0> <info> app: hr,1953,21475,117
 0> <info> app: hr,1954,21446,82
 0> <info> app: hr,1955,21461,93
 0> <info> app: hr,1956,21499,126
 0> <info> app: hr,1957,21456,77
 0> <info> app: hr,1958,21480,97
 0> <info> app: hr,1959,21466,78
 0> <info> app: hr,1960,21455,63
 0> <info> app: hr,1961,21472,77
 0> <info> app: hr,1962,21450,51
 0> <info> app: hr,1963,21461,60
 0> <info> app: hr,1964,21468,64
 0> <info> app: hr,1965,21494,86
 0> <info> app: hr,1966,21506,94
 0> <info> app: hr,1967,21482,65
 0> <info> app: hr,1968,21547,127
 0> <info> app: hr,1969,21463,37
 0> <info> app: hr,1970,21449,21
 0> <info> app: hr,1971,21464,35
 0> <info> app: hr,1972,21483,52
 0> <info> app: hr,1973,21501,67
 0> <info> app: hr,1974,21509,72

# Logging stopped @ 23 Nov 2018 09:36:43
