# SEGGER J-Link RTT Viewer V6.16a Terminal Log File
# Compiled: 12:44:10 on Jun  6 2017
# Logging started @ 23 Nov 2018 09:36:49
 0> <info> app: ***********  Application started  ***********
 0> 
 0> <info> app: [OK] NRF Power ON 0x0004. 
 0> <info> app: Read MAC:CC34D2110EF6
 0> <info> app: ***********  Sensor initial ***********
 0> <info> app: [OK]	BMI160
 0> <info> app: [OK]	SETUP ACC
 0> <info> app: [OK]	SETUP STEP COUNT
 0> <info> app: [OK]	FLASH MEMORY
 0> <info> app: [OK]	OLED Initial
 0> <info> app: [OK]	Max30102 Initial, Temperature 33.00
 0> <info> app: ********** End sensor initial *********
 0> 
 0> <info> app: Max30102 Found
 0> 
 0> <info> app: HR Begin
 0> 
 0> <info> app: 2032
 0> <info> app: hr,0,21981,21980
 0> <info> app: hr,1,21961,22013
 0> <info> app: hr,2,21944,22029
 0> <info> app: hr,3,21942,22028
 0> <info> app: hr,4,21972,22012
 0> <info> app: hr,5,21965,22029
 0> <info> app: hr,6,21975,22061
 0> <info> app: hr,7,21974,22029
 0> <info> app: hr,8,22023,21990
 0> <info> app: hr,9,21972,22003
 0> <info> app: hr,10,21953,22008
 0> <info> app: hr,11,21953,22000
 0> <info> app: hr,12,21965,22038
 0> <info> app: hr,13,21994,22019
 0> <info> app: hr,14,21977,22014
 0> <info> app: hr,15,21964,22009
 0> <info> app: hr,16,21988,22041
 0> <info> app: hr,17,21986,22010
 0> <info> app: hr,18,21975,22044
 0> <info> app: hr,19,21989,22054
 0> <info> app: hr,20,21985,22008
 0> <info> app: hr,21,21993,22039
 0> <info> app: hr,22,21963,22023
 0> <info> app: hr,23,21984,22011
 0> <info> app: hr,24,21975,22033
 0> <info> app: hr,25,21958,22037
 0> <info> app: hr,26,21967,22010
 0> <info> app: hr,27,21991,22052
 0> <info> app: hr,28,21990,22037
 0> <info> app: hr,29,21992,22043
 0> <info> app: hr,30,22028,22061
 0> <info> app: hr,31,21982,22032
 0> <info> app: hr,32,22005,30
 0> <info> app: hr,33,21988,11
 0> <info> app: hr,34,21989,12
 0> <info> app: hr,35,22009,31
 0> <info> app: hr,36,21998,18
 0> <info> app: hr,37,22001,21
 0> <info> app: hr,38,21987,5
 0> <info> app: hr,39,22013,31
 0> <info> app: hr,40,22015,32
 0> <info> app: hr,41,22013,28
 0> <info> app: hr,42,21981,-4
 0> <info> app: hr,43,22013,27
 0> <info> app: hr,44,22018,30
 0> <info> app: hr,45,22026,37
 0> <info> app: hr,46,21985,-5
 0> <info> app: hr,47,21987,-3
 0> <info> app: hr,48,22005,14
 0> <info> app: hr,49,22046,55
 0> <info> app: hr,50,22001,7
 0> <info> app: hr,51,22016,22
 0> <info> app: hr,52,21996,0
 0> <info> app: hr,53,21990,-5
 0> <info> app: hr,54,22012,17
 0> <info> app: hr,55,22023,27
 0> <info> app: hr,56,22012,14
 0> <info> app: hr,57,22006,8
 0> <info> app: hr,58,22021,22
 0> <info> app: hr,59,22022,22
 0> <info> app: hr,60,22023,22
 0> <info> app: hr,61,22035,33
 0> <info> app: hr,62,22040,36
 0> <info> app: hr,63,22024,18
 0> <info> app: hr,64,22037,30
 0> <info> app: hr,65,22009,1
 0> <info> app: hr,66,22027,19
 0> <info> app: hr,67,22022,13
 0> <info> app: hr,68,22038,28
 0> <info> app: hr,69,22064,53
 0> <info> app: hr,70,22027,13
 0> <info> app: hr,71,22034,19
 0> <info> app: hr,72,22011,-4
 0> <info> app: hr,73,22051,36
 0> <info> app: hr,74,22018,1
 0> <info> app: hr,75,21987,-29
 0> <info> app: hr,76,22041,25
 0> <info> app: hr,77,22017,0
 0> <info> app: hr,78,22055,38
 0> <info> app: hr,79,22059,40
 0> <info> app: hr,80,22054,33
 0> <info> app: hr,81,22026,3
 0> <info> app: hr,82,22026,3
 0> <info> app: hr,83,22028,5
 0> <info> app: hr,84,22030,7
 0> <info> app: hr,85,22037,13
 0> <info> app: hr,86,22057,33
 0> <info> app: hr,87,22037,11
 0> <info> app: hr,88,22051,24
 0> <info> app: hr,89,22028,0
 0> <info> app: hr,90,22048,20
 0> <info> app: hr,91,22039,10
 0> <info> app: hr,92,22037,8
 0> <info> app: hr,93,22036,6
 0> <info> app: hr,94,22045,15
 0> <info> app: hr,95,22075,44
 0> <info> app: hr,96,22044,11
 0> <info> app: hr,97,22036,2
 0> <info> app: hr,98,22065,31
 0> <info> app: hr,99,22014,-20
 0> <info> app: hr,100,22026,-7
 0> <info> app: hr,101,22044,10
 0> <info> app: hr,102,22057,22
 0> <info> app: hr,103,22064,28
 0> <info> app: hr,104,22064,27
 0> <info> app: hr,105,22087,49
 0> <info> app: hr,106,22023,-17
 0> <info> app: hr,107,22044,4
 0> <info> app: hr,108,22048,8
 0> <info> app: hr,109,22045,4
 0> <info> app: hr,110,22073,32
 0> <info> app: hr,111,22070,27
 0> <info> app: hr,112,22040,-3
 0> <info> app: hr,113,22025,-18
 0> <info> app: hr,114,22072,29
 0> <info> app: hr,115,22053,9
 0> <info> app: hr,116,22048,3
 0> <info> app: hr,117,22042,-2
 0> <info> app: hr,118,22028,-16
 0> <info> app: hr,119,22060,16
 0> <info> app: hr,120,22072,27
 0> <info> app: hr,121,22070,24
 0> <info> app: hr,122,22071,24
 0> <info> app: hr,123,22068,19
 0> <info> app: hr,124,22039,-10
 0> <info> app: hr,125,22065,16
 0> <info> app: hr,126,22086,36
 0> <info> app: hr,127,22073,21
 0> <info> app: hr,128,22062,9
 0> <info> app: hr,129,22059,6
 0> <info> app: hr,130,22048,-5
 0> <info> app: hr,131,22043,-9
 0> <info> app: hr,132,22057,4
 0> <info> app: hr,133,22067,14
 0> <info> app: hr,134,22068,14
 0> <info> app: hr,135,22064,9
 0> <info> app: hr,136,22041,-13
 0> <info> app: hr,137,22069,15
 0> <info> app: hr,138,22101,46
 0> <info> app: hr,139,22035,-21
 0> <info> app: hr,140,22023,-32
 0> <info> app: hr,141,22028,-26
 0> <info> app: hr,142,22023,-29
 0> <info> app: hr,143,22020,-31
 0> <info> app: hr,144,22040,-9
 0> <info> app: hr,145,22001,-48
 0> <info> app: hr,146,22001,-45
 0> <info> app: hr,147,21992,-52
 0> <info> app: hr,148,21957,-85
 0> <info> app: hr,149,21938,-99
 0> <info> app: hr,150,21946,-86
 0> <info> app: hr,151,21959,-69
 0> <info> app: hr,152,21927,-97
 0> <info> app: hr,153,21893,-127
 0> <info> app: hr,154,21905,-108
 0> <info> app: hr,155,21906,-102
 0> <info> app: hr,156,21879,-124
 0> <info> app: hr,157,21881,-115
 0> <info> app: hr,158,21883,-108
 0> <info> app: hr,159,21854,-131
 0> <info> app: hr,160,21831,-148
 0> <info> app: hr,161,21851,-120
 0> <info> app: hr,162,21835,-130
 0> <info> app: hr,163,21827,-132
 0> <info> app: hr,164,21818,-134
 0> <info> app: hr,165,21829,-116
 0> <info> app: hr,166,21830,-110
 0> <info> app: hr,167,21821,-113
 0> <info> app: hr,168,21803,-125
 0> <info> app: hr,169,21845,-77
 0> <info> app: hr,170,21823,-95
 0> <info> app: hr,171,21817,-96
 0> <info> app: hr,172,21786,-123
 0> <info> app: hr,173,21816,-86
 0> <info> app: hr,174,21828,-70
 0> <info> app: hr,175,21829,-66
 0> <info> app: hr,176,21804,-87
 0> <info> app: hr,177,21800,-87
 0> <info> app: hr,178,21810,-72
 0> <info> app: hr,179,21799,-80
 0> <info> app: hr,180,21793,-82
 0> <info> app: hr,181,21792,-79
 0> <info> app: hr,182,21799,-68
 0> <info> app: hr,183,21795,-68
 0> <info> app: hr,184,21803,-57
 0> <info> app: hr,185,21822,-35
 0> <info> app: hr,186,21809,-46
 0> <info> app: hr,187,21853,0
 0> <info> app: hr,188,21816,-37
 0> <info> app: hr,189,21804,-47
 0> <info> app: hr,190,21820,-29
 0> <info> app: hr,191,21855,7
 0> <info> app: hr,192,21837,-11
 0> <info> app: hr,193,21829,-18
 0> <info> app: hr,194,21860,13
 0> <info> app: hr,195,21789,-58
 0> <info> app: hr,196,21838,-6
 0> <info> app: hr,197,21837,-7
 0> <info> app: hr,198,21801,-42
 0> <info> app: hr,199,21861,19
 0> <info> app: hr,200,21857,14
 0> <info> app: hr,201,21845,1
 0> <info> app: hr,202,21859,15
 0> <info> app: hr,203,21845,0
 0> <info> app: hr,204,21813,-31
 0> <info> app: hr,205,21813,-29
 0> <info> app: hr,206,21875,33
 0> <info> app: hr,207,21847,4
 0> <info> app: hr,208,21841,-2
 0> <info> app: hr,209,21864,21
 0> <info> app: hr,210,21864,20
 0> <info> app: hr,211,21905,60
 0> <info> app: hr,212,21852,4
 0> <info> app: hr,213,21846,-2
 0> <info> app: hr,214,21845,-3
 0> <info> app: hr,215,21863,15
 0> <info> app: hr,216,21887,38
 0> <info> app: hr,217,21891,40
 0> <info> app: hr,218,21882,29
 0> <info> app: hr,219,21873,18
 0> <info> app: hr,220,21887,31
 0> <info> app: hr,221,21895,38
 0> <info> app: hr,222,21868,9
 0> <info> app: hr,223,21888,28
 0> <info> app: hr,224,21894,33
 0> <info> app: hr,225,21877,14
 0> <info> app: hr,226,21882,19
 0> <info> app: hr,227,21902,38
 0> <info> app: hr,228,21896,30
 0> <info> app: hr,229,21902,34
 0> <info> app: hr,230,21895,26
 0> <info> app: hr,231,21919,48
 0> <info> app: hr,232,21904,31
 0> <info> app: hr,233,21903,28
 0> <info> app: hr,234,21938,62
 0> <info> app: hr,235,21926,47
 0> <info> app: hr,236,21945,63
 0> <info> app: hr,237,21927,42
 0> <info> app: hr,238,21942,55
 0> <info> app: hr,239,21938,48
 0> <info> app: hr,240,21953,61
 0> <info> app: hr,241,21935,40
 0> <info> app: hr,242,21928,31
 0> <info> app: hr,243,21950,51
 0> <info> app: hr,244,21943,42
 0> <info> app: hr,245,21932,28
 0> <info> app: hr,246,21949,44
 0> <info> app: hr,247,21960,53
 0> <info> app: hr,248,21980,70
 0> <info> app: hr,249,21966,53
 0> <info> app: hr,250,21965,49
 0> <info> app: hr,251,21945,26
 0> <info> app: hr,252,21980,60
 0> <info> app: hr,253,21949,26
 0> <info> app: hr,254,21936,12
 0> <info> app: hr,255,21935,10
 0> <info> app: hr,256,21956,31
 0> <info> app: hr,257,21970,43
 0> <info> app: hr,258,21957,28
 0> <info> app: hr,259,21958,27
 0> <info> app: hr,260,21959,27
 0> <info> app: hr,261,21947,14
 0> <info> app: hr,262,21948,14
 0> <info> app: hr,263,21959,24
 0> <info> app: hr,264,21999,63
 0> <info> app: hr,265,21965,26
 0> <info> app: hr,266,21977,37
 0> <info> app: hr,267,21965,23
 0> <info> app: hr,268,21981,38
 0> <info> app: hr,269,21952,7
 0> <info> app: hr,270,21933,-12
 0> <info> app: hr,271,21953,8
 0> <info> app: hr,272,21966,20
 0> <info> app: hr,273,21964,17
 0> <info> app: hr,274,21967,20
 0> <info> app: hr,275,22003,55
 0> <info> app: hr,276,21998,47
 0> <info> app: hr,277,21979,25
 0> <info> app: hr,278,21930,-24
 0> <info> app: hr,279,21983,29
 0> <info> app: hr,280,21963,8
 0> <info> app: hr,281,21986,30
 0> <info> app: hr,282,21959,2
 0> <info> app: hr,283,21962,5
 0> <info> app: hr,284,21988,30
 0> <info> app: hr,285,21954,-4
 0> <info> app: hr,286,21972,13
 0> <info> app: hr,287,21944,-15
 0> <info> app: hr,288,21975,16
 0> <info> app: hr,289,22000,40
 0> <info> app: hr,290,21980,18
 0> <info> app: hr,291,21957,-5
 0> <info> app: hr,292,21978,16
 0> <info> app: hr,293,22011,48
 0> <info> app: hr,294,21956,-9
 0> <info> app: hr,295,21978,13
 0> <info> app: hr,296,21942,-23
 0> <info> app: hr,297,21969,4
 0> <info> app: hr,298,21977,12
 0> <info> app: hr,299,22001,36
 0> <info> app: hr,300,22005,38
 0> <info> app: hr,301,22011,42
 0> <info> app: hr,302,21977,6
 0> <info> app: hr,303,21975,3
 0> <info> app: hr,304,22004,32
 0> <info> app: hr,305,21996,23
 0> <info> app: hr,306,22002,27
 0> <info> app: hr,307,21996,20
 0> <info> app: hr,308,22011,34
 0> <info> app: hr,309,21972,-6
 0> <info> app: hr,310,21978,0
 0> <info> app: hr,311,22010,32
 0> <info> app: hr,312,22006,26
 0> <info> app: hr,313,22007,26
 0> <info> app: hr,314,22005,22
 0> <info> app: hr,315,21997,13
 0> <info> app: hr,316,22009,25
 0> <info> app: hr,317,22015,29
 0> <info> app: hr,318,22015,28
 0> <info> app: hr,319,21992,3
 0> <info> app: hr,320,22035,46
 0> <info> app: hr,321,22016,25
 0> <info> app: hr,322,22024,32
 0> <info> app: hr,323,22018,24
 0> <info> app: hr,324,22011,16
 0> <info> app: hr,325,22014,18
 0> <info> app: hr,326,22013,16
 0> <info> app: hr,327,22005,7
 0> <info> app: hr,328,21992,-5
 0> <info> app: hr,329,22046,48
 0> <info> app: hr,330,22017,17
 0> <info> app: hr,331,22017,16
 0> <info> app: hr,332,22022,20
 0> <info> app: hr,333,22008,5
 0> <info> app: hr,334,22017,14
 0> <info> app: hr,335,21997,-6
 0> <info> app: hr,336,22016,12
 0> <info> app: hr,337,22008,4
 0> <info> app: hr,338,22037,32
 0> <info> app: hr,339,22064,58
 0> <info> app: hr,340,22013,4
 0> <info> app: hr,341,22062,53
 0> <info> app: hr,342,22036,24
 0> <info> app: hr,343,22017,4
 0> <info> app: hr,344,22002,-10
 0> <info> app: hr,345,22009,-3
 0> <info> app: hr,346,22045,32
 0> <info> app: hr,347,22049,35
 0> <info> app: hr,348,22038,22
 0> <info> app: hr,349,22047,30
 0> <info> app: hr,350,22029,10
 0> <info> app: hr,351,22020,1
 0> <info> app: hr,352,22006,-12
 0> <info> app: hr,353,22054,35
 0> <info> app: hr,354,22045,25
 0> <info> app: hr,355,22045,23
 0> <info> app: hr,356,22015,-7
 0> <info> app: hr,357,22045,22
 0> <info> app: hr,358,22041,17
 0> <info> app: hr,359,22021,-3
 0> <info> app: hr,360,22021,-2
 0> <info> app: hr,361,22048,24
 0> <info> app: hr,362,22033,7
 0> <info> app: hr,363,22051,25
 0> <info> app: hr,364,22038,11
 0> <info> app: hr,365,22051,23
 0> <info> app: hr,366,22070,41
 0> <info> app: hr,367,22055,24
 0> <info> app: hr,368,22023,-8
 0> <info> app: hr,369,22045,13
 0> <info> app: hr,370,22054,22
 0> <info> app: hr,371,22050,16
 0> <info> app: hr,372,22039,5
 0> <info> app: hr,373,22056,21
 0> <info> app: hr,374,22017,-18
 0> <info> app: hr,375,22045,10
 0> <info> app: hr,376,22056,21
 0> <info> app: hr,377,22077,41
 0> <info> app: hr,378,22076,37
 0> <info> app: hr,379,22060,20
 0> <info> app: hr,380,22053,12
 0> <info> app: hr,381,22061,19
 0> <info> app: hr,382,22085,42
 0> <info> app: hr,383,22048,3
 0> <info> app: hr,384,22036,-8
 0> <info> app: hr,385,22071,26
 0> <info> app: hr,386,22022,-23
 0> <info> app: hr,387,22045,0
 0> <info> app: hr,388,22066,21
 0> <info> app: hr,389,22076,30
 0> <info> app: hr,390,22037,-10
 0> <info> app: hr,391,22051,4
 0> <info> app: hr,392,22044,-2
 0> <info> app: hr,393,22051,4
 0> <info> app: hr,394,22112,65
 0> <info> app: hr,395,22049,-1
 0> <info> app: hr,396,22067,16
 0> <info> app: hr,397,22071,20
 0> <info> app: hr,398,22073,21
 0> <info> app: hr,399,22020,-32
 0> <info> app: hr,400,22062,10
 0> <info> app: hr,401,22062,10
 0> <info> app: hr,402,22059,6
 0> <info> app: hr,403,22087,34
 0> <info> app: hr,404,22079,24
 0> <info> app: hr,405,22053,-2
 0> <info> app: hr,406,22096,40
 0> <info> app: hr,407,22059,1
 0> <info> app: hr,408,22002,-55
 0> <info> app: hr,409,22047,-7
 0> <info> app: hr,410,22033,-21
 0> <info> app: hr,411,22091,37
 0> <info> app: hr,412,22058,2
 0> <info> app: hr,413,22053,-2
 0> <info> app: hr,414,22035,-20
 0> <info> app: hr,415,22008,-46
 0> <info> app: hr,416,22001,-50
 0> <info> app: hr,417,22009,-40
 0> <info> app: hr,418,21985,-62
 0> <info> app: hr,419,21986,-58
 0> <info> app: hr,420,21932,-109
 0> <info> app: hr,421,21961,-74
 0> <info> app: hr,422,21943,-89
 0> <info> app: hr,423,21917,-110
 0> <info> app: hr,424,21911,-111
 0> <info> app: hr,425,21907,-109
 0> <info> app: hr,426,21899,-112
 0> <info> app: hr,427,21888,-117
 0> <info> app: hr,428,21889,-110
 0> <info> app: hr,429,21848,-146
 0> <info> app: hr,430,21862,-124
 0> <info> app: hr,431,21849,-131
 0> <info> app: hr,432,21860,-113
 0> <info> app: hr,433,21839,-129
 0> <info> app: hr,434,21813,-148
 0> <info> app: hr,435,21828,-126
 0> <info> app: hr,436,21817,-131
 0> <info> app: hr,437,21844,-97
 0> <info> app: hr,438,21822,-114
 0> <info> app: hr,439,21768,-162
 0> <info> app: hr,440,21829,-93
 0> <info> app: hr,441,21796,-122
 0> <info> app: hr,442,21825,-86
 0> <info> app: hr,443,21833,-74
 0> <info> app: hr,444,21797,-106
 0> <info> app: hr,445,21814,-84
 0> <info> app: hr,446,21787,-107
 0> <info> app: hr,447,21820,-68
 0> <info> app: hr,448,21791,-94
 0> <info> app: hr,449,21805,-75
 0> <info> app: hr,450,21818,-58
 0> <info> app: hr,451,21790,-84
 0> <info> app: hr,452,21806,-63
 0> <info> app: hr,453,21789,-77
 0> <info> app: hr,454,21816,-46
 0> <info> app: hr,455,21816,-44
 0> <info> app: hr,456,21801,-57
 0> <info> app: hr,457,21808,-47
 0> <info> app: hr,458,21819,-33
 0> <info> app: hr,459,21841,-10
 0> <info> app: hr,460,21823,-27
 0> <info> app: hr,461,21830,-19
 0> <info> app: hr,462,21822,-26
 0> <info> app: hr,463,21802,-45
 0> <info> app: hr,464,21823,-21
 0> <info> app: hr,465,21815,-28
 0> <info> app: hr,466,21817,-25
 0> <info> app: hr,467,21832,-9
 0> <info> app: hr,468,21837,-3
 0> <info> app: hr,469,21848,7
 0> <info> app: hr,470,21852,11
 0> <info> app: hr,471,21879,37
 0> <info> app: hr,472,21844,0
 0> <info> app: hr,473,21802,-41
 0> <info> app: hr,474,21827,-14
 0> <info> app: hr,475,21849,8
 0> <info> app: hr,476,21851,10
 0> <info> app: hr,477,21840,-1
 0> <info> app: hr,478,21875,33
 0> <info> app: hr,479,21874,30
 0> <info> app: hr,480,21839,-5
 0> <info> app: hr,481,21825,-19
 0> <info> app: hr,482,21853,9
 0> <info> app: hr,483,21867,23
 0> <info> app: hr,484,21874,29
 0> <info> app: hr,485,21860,13
 0> <info> app: hr,486,21865,17
 0> <info> app: hr,487,21836,-12
 0> <info> app: hr,488,21859,11
 0> <info> app: hr,489,21829,-18
 0> <info> app: hr,490,21882,34
 0> <info> app: hr,491,21894,45
 0> <info> app: hr,492,21888,36
 0> <info> app: hr,493,21897,44
 0> <info> app: hr,494,21870,14
 0> <info> app: hr,495,21875,19
 0> <info> app: hr,496,21911,54
 0> <info> app: hr,497,21917,57
 0> <info> app: hr,498,21880,17
 0> <info> app: hr,499,21925,61
 0> <info> app: hr,500,21915,48
 0> <info> app: hr,501,21901,32
 0> <info> app: hr,502,21954,83
 0> <info> app: hr,503,21933,58
 0> <info> app: hr,504,21899,21
 0> <info> app: hr,505,21929,50
 0> <info> app: hr,506,21911,29
 0> <info> app: hr,507,21934,51
 0> <info> app: hr,508,21936,50
 0> <info> app: hr,509,21931,43
 0> <info> app: hr,510,21926,36
 0> <info> app: hr,511,21944,52
 0> <info> app: hr,512,21954,59
 0> <info> app: hr,513,21940,42
 0> <info> app: hr,514,21931,31
 0> <info> app: hr,515,21968,67
 0> <info> app: hr,516,21950,45
 0> <info> app: hr,517,21943,36
 0> <info> app: hr,518,21956,47
 0> <info> app: hr,519,21949,38
 0> <info> app: hr,520,21977,64
 0> <info> app: hr,521,21957,41
 0> <info> app: hr,522,21941,23
 0> <info> app: hr,523,21968,48
 0> <info> app: hr,524,21978,56
 0> <info> app: hr,525,21978,53
 0> <info> app: hr,526,21965,37
 0> <info> app: hr,527,21967,38
 0> <info> app: hr,528,21939,8
 0> <info> app: hr,529,21957,25
 0> <info> app: hr,530,21954,21
 0> <info> app: hr,531,21957,23
 0> <info> app: hr,532,21973,38
 0> <info> app: hr,533,21973,36
 0> <info> app: hr,534,21957,18
 0> <info> app: hr,535,21977,37
 0> <info> app: hr,536,21962,20
 0> <info> app: hr,537,21959,16
 0> <info> app: hr,538,21928,-15
 0> <info> app: hr,539,21963,20
 0> <info> app: hr,540,21958,14
 0> <info> app: hr,541,21959,14
 0> <info> app: hr,542,21989,44
 0> <info> app: hr,543,21966,18
 0> <info> app: hr,544,21983,34
 0> <info> app: hr,545,21981,31
 0> <info> app: hr,546,21964,12
 0> <info> app: hr,547,21949,-3
 0> <info> app: hr,548,21958,6
 0> <info> app: hr,549,21964,11
 0> <info> app: hr,550,21984,31
 0> <info> app: hr,551,21988,33
 0> <info> app: hr,552,21978,21
 0> <info> app: hr,553,21954,-3
 0> <info> app: hr,554,21978,21
 0> <info> app: hr,555,21969,10
 0> <info> app: hr,556,21970,11
 0> <info> app: hr,557,21973,13
 0> <info> app: hr,558,21961,1
 0> <info> app: hr,559,21978,18
 0> <info> app: hr,560,21973,12
 0> <info> app: hr,561,21971,9
 0> <info> app: hr,562,21961,0
 0> <info> app: hr,563,21976,14
 0> <info> app: hr,564,22007,44
 0> <info> app: hr,565,21960,-4
 0> <info> app: hr,566,21975,10
 0> <info> app: hr,567,22001,35
 0> <info> app: hr,568,21983,16
 0> <info> app: hr,569,21986,18
 0> <info> app: hr,570,21973,4
 0> <info> app: hr,571,21969,0
 0> <info> app: hr,572,21987,18
 0> <info> app: hr,573,22000,30
 0> <info> app: hr,574,22000,28
 0> <info> app: hr,575,22004,31
 0> <info> app: hr,576,21985,10
 0> <info> app: hr,577,21986,11
 0> <info> app: hr,578,22002,26
 0> <info> app: hr,579,21998,21
 0> <info> app: hr,580,21991,13
 0> <info> app: hr,581,21986,7
 0> <info> app: hr,582,21991,12
 0> <info> app: hr,583,22017,37
 0> <info> app: hr,584,21968,-13
 0> <info> app: hr,585,22028,47
 0> <info> app: hr,586,22001,18
 0> <info> app: hr,587,22012,28
 0> <info> app: hr,588,22002,16
 0> <info> app: hr,589,22015,28
 0> <info> app: hr,590,21991,3
 0> <info> app: hr,591,22025,37
 0> <info> app: hr,592,21984,-5
 0> <info> app: hr,593,21962,-27
 0> <info> app: hr,594,21987,0
 0> <info> app: hr,595,22024,36
 0> <info> app: hr,596,21998,8
 0> <info> app: hr,597,22036,45
 0> <info> app: hr,598,22039,46
 0> <info> app: hr,599,22020,25
 0> <info> app: hr,600,22024,27
 0> <info> app: hr,601,22062,64
 0> <info> app: hr,602,21996,-4
 0> <info> app: hr,603,21977,-23
 0> <info> app: hr,604,22006,6
 0> <info> app: hr,605,21989,-10
 0> <info> app: hr,606,22033,33
 0> <info> app: hr,607,22022,21
 0> <info> app: hr,608,22020,18
 0> <info> app: hr,609,22048,45
 0> <info> app: hr,610,22026,21
 0> <info> app: hr,611,21991,-15
 0> <info> app: hr,612,22010,4
 0> <info> app: hr,613,22044,38
 0> <info> app: hr,614,22041,33
 0> <info> app: hr,615,22022,12
 0> <info> app: hr,616,22050,40
 0> <info> app: hr,617,22040,28
 0> <info> app: hr,618,22028,14
 0> <info> app: hr,619,22032,18
 0> <info> app: hr,620,22043,28
 0> <info> app: hr,621,22026,9
 0> <info> app: hr,622,22045,28
 0> <info> app: hr,623,22036,17
 0> <info> app: hr,624,22025,5
 0> <info> app: hr,625,22053,33
 0> <info> app: hr,626,22069,47
 0> <info> app: hr,627,22037,13
 0> <info> app: hr,628,22018,-6
 0> <info> app: hr,629,22026,2
 0> <info> app: hr,630,22029,5
 0> <info> app: hr,631,22045,20
 0> <info> app: hr,632,22047,21
 0> <info> app: hr,633,22015,-11
 0> <info> app: hr,634,22060,34
 0> <info> app: hr,635,22049,21
 0> <info> app: hr,636,22022,-6
 0> <info> app: hr,637,22044,15
 0> <info> app: hr,638,22038,9
 0> <info> app: hr,639,22052,22
 0> <info> app: hr,640,22037,6
 0> <info> app: hr,641,22066,35
 0> <info> app: hr,642,22035,2
 0> <info> app: hr,643,22037,4
 0> <info> app: hr,644,22038,5
 0> <info> app: hr,645,22042,8
 0> <info> app: hr,646,22037,3
 0> <info> app: hr,647,22046,12
 0> <info> app: hr,648,22053,18
 0> <info> app: hr,649,22065,29
 0> <info> app: hr,650,22066,29
 0> <info> app: hr,651,22064,25
 0> <info> app: hr,652,22068,28
 0> <info> app: hr,653,22057,15
 0> <info> app: hr,654,22069,27
 0> <info> app: hr,655,22040,-3
 0> <info> app: hr,656,22078,34
 0> <info> app: hr,657,22052,7
 0> <info> app: hr,658,22040,-5
 0> <info> app: hr,659,22058,13
 0> <info> app: hr,660,22046,0
 0> <info> app: hr,661,22059,13
 0> <info> app: hr,662,22087,40
 0> <info> app: hr,663,22067,18
 0> <info> app: hr,664,22055,5
 0> <info> app: hr,665,22072,22
 0> <info> app: hr,666,22072,21
 0> <info> app: hr,667,22078,26
 0> <info> app: hr,668,22041,-11
 0> <info> app: hr,669,22051,-1
 0> <info> app: hr,670,22065,12
 0> <info> app: hr,671,22061,8
 0> <info> app: hr,672,22092,38
 0> <info> app: hr,673,22079,23
 0> <info> app: hr,674,22086,29
 0> <info> app: hr,675,22071,13
 0> <info> app: hr,676,22030,-28
 0> <info> app: hr,677,22054,-3
 0> <info> app: hr,678,22072,14
 0> <info> app: hr,679,22076,18
 0> <info> app: hr,680,22065,6
 0> <info> app: hr,681,22104,45
 0> <info> app: hr,682,22090,28
 0> <info> app: hr,683,22073,10
 0> <info> app: hr,684,22075,11
 0> <info> app: hr,685,22073,9
 0> <info> app: hr,686,22062,-2
 0> <info> app: hr,687,22055,-9
 0> <info> app: hr,688,22043,-20
 0> <info> app: hr,689,22040,-22
 0> <info> app: hr,690,22055,-6
 0> <info> app: hr,691,22032,-29
 0> <info> app: hr,692,22021,-38
 0> <info> app: hr,693,22008,-49
 0> <info> app: hr,694,22047,-8
 0> <info> app: hr,695,22029,-25
 0> <info> app: hr,696,22019,-34
 0> <info> app: hr,697,22000,-51
 0> <info> app: hr,698,21979,-70
 0> <info> app: hr,699,21995,-50
 0> <info> app: hr,700,21955,-88
 0> <info> app: hr,701,21931,-107
 0> <info> app: hr,702,21974,-59
 0> <info> app: hr,703,21938,-92
 0> <info> app: hr,704,21933,-92
 0> <info> app: hr,705,21941,-80
 0> <info> app: hr,706,21936,-81
 0> <info> app: hr,707,21868,-145
 0> <info> app: hr,708,21885,-120
 0> <info> app: hr,709,21865,-134
 0> <info> app: hr,710,21907,-86
 0> <info> app: hr,711,21875,-113
 0> <info> app: hr,712,21877,-106
 0> <info> app: hr,713,21852,-125
 0> <info> app: hr,714,21863,-108
 0> <info> app: hr,715,21850,-116
 0> <info> app: hr,716,21843,-117
 0> <info> app: hr,717,21820,-134
 0> <info> app: hr,718,21858,-89
 0> <info> app: hr,719,21832,-111
 0> <info> app: hr,720,21818,-119
 0> <info> app: hr,721,21843,-88
 0> <info> app: hr,722,21830,-97
 0> <info> app: hr,723,21817,-105
 0> <info> app: hr,724,21825,-92
 0> <info> app: hr,725,21807,-105
 0> <info> app: hr,726,21841,-66
 0> <info> app: hr,727,21863,-40
 0> <info> app: hr,728,21827,-74
 0> <info> app: hr,729,21824,-74
 0> <info> app: hr,730,21796,-98
 0> <info> app: hr,731,21848,-41
 0> <info> app: hr,732,21838,-49
 0> <info> app: hr,733,21816,-68
 0> <info> app: hr,734,21825,-56
 0> <info> app: hr,735,21822,-56
 0> <info> app: hr,736,21847,-28
 0> <info> app: hr,737,21844,-30
 0> <info> app: hr,738,21847,-25
 0> <info> app: hr,739,21878,6
 0> <info> app: hr,740,21832,-39
 0> <info> app: hr,741,21829,-40
 0> <info> app: hr,742,21845,-22
 0> <info> app: hr,743,21852,-14
 0> <info> app: hr,744,21870,4
 0> <info> app: hr,745,21855,-11
 0> <info> app: hr,746,21857,-8
 0> <info> app: hr,747,21868,2
 0> <info> app: hr,748,21867,1
 0> <info> app: hr,749,21828,-37
 0> <info> app: hr,750,21876,12
 0> <info> app: hr,751,21865,0
 0> <info> app: hr,752,21861,-3
 0> <info> app: hr,753,21844,-20
 0> <info> app: hr,754,21875,11
 0> <info> app: hr,755,21911,47
 0> <info> app: hr,756,21865,-1
 0> <info> app: hr,757,21890,24
 0> <info> app: hr,758,21878,10
 0> <info> app: hr,759,21898,30
 0> <info> app: hr,760,21868,-1
 0> <info> app: hr,761,21902,32
 0> <info> app: hr,762,21888,17
 0> <info> app: hr,763,21865,-6
 0> <info> app: hr,764,21915,43
 0> <info> app: hr,765,21919,45
 0> <info> app: hr,766,21880,4
 0> <info> app: hr,767,21914,38
 0> <info> app: hr,768,21898,20
 0> <info> app: hr,769,21923,44
 0> <info> app: hr,770,21916,34
 0> <info> app: hr,771,21917,34
 0> <info> app: hr,772,21884,0
 0> <info> app: hr,773,21932,47
 0> <info> app: hr,774,21904,17
 0> <info> app: hr,775,21932,44
 0> <info> app: hr,776,21948,58
 0> <info> app: hr,777,21917,24
 0> <info> app: hr,778,21927,32
 0> <info> app: hr,779,21895,0
 0> <info> app: hr,780,21929,33
 0> <info> app: hr,781,21929,31
 0> <info> app: hr,782,21943,44
 0> <info> app: hr,783,21963,61
 0> <info> app: hr,784,21936,31
 0> <info> app: hr,785,21947,41
 0> <info> app: hr,786,21962,54
 0> <info> app: hr,787,21947,36
 0> <info> app: hr,788,21961,48
 0> <info> app: hr,789,21941,26
 0> <info> app: hr,790,21976,59
 0> <info> app: hr,791,21960,40
 0> <info> app: hr,792,22007,85
 0> <info> app: hr,793,21953,27
 0> <info> app: hr,794,21953,26
 0> <info> app: hr,795,21951,22
 0> <info> app: hr,796,21939,9
 0> <info> app: hr,797,21979,49
 0> <info> app: hr,798,21956,23
 0> <info> app: hr,799,21955,21
 0> <info> app: hr,800,21957,22
 0> <info> app: hr,801,21947,11
 0> <info> app: hr,802,21970,33
 0> <info> app: hr,803,21964,26
 0> <info> app: hr,804,22000,60
 0> <info> app: hr,805,21961,18
 0> <info> app: hr,806,21947,3
 0> <info> app: hr,807,21979,35
 0> <info> app: hr,808,21957,11
 0> <info> app: hr,809,21967,21
 0> <info> app: hr,810,21983,36
 0> <info> app: hr,811,21997,48
 0> <info> app: hr,812,21992,40
 0> <info> app: hr,813,21964,10
 0> <info> app: hr,814,21972,18
 0> <info> app: hr,815,21991,36
 0> <info> app: hr,816,21996,39
 0> <info> app: hr,817,22001,42
 0> <info> app: hr,818,21971,10
 0> <info> app: hr,819,21970,8
 0> <info> app: hr,820,21982,20
 0> <info> app: hr,821,21967,4
 0> <info> app: hr,822,21962,0
 0> <info> app: hr,823,21970,7
 0> <info> app: hr,824,21985,21
 0> <info> app: hr,825,21986,21
 0> <info> app: hr,826,21967,1
 0> <info> app: hr,827,21993,27
 0> <info> app: hr,828,21993,26
 0> <info> app: hr,829,21965,-3
 0> <info> app: hr,830,21994,26
 0> <info> app: hr,831,21964,-5
 0> <info> app: hr,832,22012,43
 0> <info> app: hr,833,21977,5
 0> <info> app: hr,834,21967,-4
 0> <info> app: hr,835,21980,8
 0> <info> app: hr,836,21968,-3
 0> <info> app: hr,837,21984,12
 0> <info> app: hr,838,21990,17
 0> <info> app: hr,839,21978,5
 0> <info> app: hr,840,21978,4
 0> <info> app: hr,841,22020,46
 0> <info> app: hr,842,22001,25
 0> <info> app: hr,843,21971,-6
 0> <info> app: hr,844,21965,-11
 0> <info> app: hr,845,21994,17
 0> <info> app: hr,846,21990,12
 0> <info> app: hr,847,21976,-1
 0> <info> app: hr,848,21992,14
 0> <info> app: hr,849,21979,0
 0> <info> app: hr,850,21988,9
 0> <info> app: hr,851,22023,44
 0> <info> app: hr,852,21997,15
 0> <info> app: hr,853,21999,17
 0> <info> app: hr,854,21998,15
 0> <info> app: hr,855,21992,8
 0> <info> app: hr,856,22025,41
 0> <info> app: hr,857,22013,27
 0> <info> app: hr,858,21987,0
 0> <info> app: hr,859,22000,12
 0> <info> app: hr,860,22018,30
 0> <info> app: hr,861,21979,-10
 0> <info> app: hr,862,22002,13
 0> <info> app: hr,863,21987,-2
 0> <info> app: hr,864,22001,11
 0> <info> app: hr,865,22042,51
 0> <info> app: hr,866,22002,9
 0> <info> app: hr,867,21996,2
 0> <info> app: hr,868,22011,17
 0> <info> app: hr,869,22029,34
 0> <info> app: hr,870,22021,25
 0> <info> app: hr,871,21969,-28
 0> <info> app: hr,872,21997,1
 0> <info> app: hr,873,22006,10
 0> <info> app: hr,874,22000,3
 0> <info> app: hr,875,22032,35
 0> <info> app: hr,876,22013,14
 0> <info> app: hr,877,22016,17
 0> <info> app: hr,878,22014,14
 0> <info> app: hr,879,22028,27
 0> <info> app: hr,880,21995,-6
 0> <info> app: hr,881,22000,-1
 0> <info> app: hr,882,22029,27
 0> <info> app: hr,883,21997,-5
 0> <info> app: hr,884,22036,33
 0> <info> app: hr,885,22034,29
 0> <info> app: hr,886,22013,7
 0> <info> app: hr,887,22024,17
 0> <info> app: hr,888,22032,25
 0> <info> app: hr,889,22009,0
 0> <info> app: hr,890,22054,45
 0> <info> app: hr,891,22005,-5
 0> <info> app: hr,892,22028,17
 0> <info> app: hr,893,22027,15
 0> <info> app: hr,894,22032,20
 0> <info> app: hr,895,22029,16
 0> <info> app: hr,896,22008,-5
 0> <info> app: hr,897,22051,37
 0> <info> app: hr,898,22019,3
 0> <info> app: hr,899,22034,18
 0> <info> app: hr,900,22039,22
 0> <info> app: hr,901,22003,-14
 0> <info> app: hr,902,22036,19
 0> <info> app: hr,903,22030,12
 0> <info> app: hr,904,22031,12
 0> <info> app: hr,905,22037,17
 0> <info> app: hr,906,22057,37
 0> <info> app: hr,907,22022,0
 0> <info> app: hr,908,22042,20
 0> <info> app: hr,909,22028,5
 0> <info> app: hr,910,22000,-23
 0> <info> app: hr,911,22025,3
 0> <info> app: hr,912,22051,28
 0> <info> app: hr,913,22048,24
 0> <info> app: hr,914,22034,9
 0> <info> app: hr,915,22028,2
 0> <info> app: hr,916,22056,30
 0> <info> app: hr,917,22033,6
 0> <info> app: hr,918,22058,30
 0> <info> app: hr,919,22034,5
 0> <info> app: hr,920,22016,-12
 0> <info> app: hr,921,22052,23
 0> <info> app: hr,922,22068,38
 0> <info> app: hr,923,22055,23
 0> <info> app: hr,924,22071,38
 0> <info> app: hr,925,22046,11
 0> <info> app: hr,926,22018,-17
 0> <info> app: hr,927,22041,6
 0> <info> app: hr,928,22049,14
 0> <info> app: hr,929,22045,9
 0> <info> app: hr,930,22072,36
 0> <info> app: hr,931,22078,40
 0> <info> app: hr,932,22062,22
 0> <info> app: hr,933,22069,28
 0> <info> app: hr,934,22070,27
 0> <info> app: hr,935,22047,3
 0> <info> app: hr,936,22032,-11
 0> <info> app: hr,937,22055,11
 0> <info> app: hr,938,22046,2
 0> <info> app: hr,939,22051,7
 0> <info> app: hr,940,22079,34
 0> <info> app: hr,941,22066,20
 0> <info> app: hr,942,22060,13
 0> <info> app: hr,943,22054,6
 0> <info> app: hr,944,22037,-10
 0> <info> app: hr,945,22055,7
 0> <info> app: hr,946,22074,26
 0> <info> app: hr,947,22072,22
 0> <info> app: hr,948,22030,-20
 0> <info> app: hr,949,22058,8
 0> <info> app: hr,950,22087,37
 0> <info> app: hr,951,22063,11
 0> <info> app: hr,952,22050,-2
 0> <info> app: hr,953,22052,0
 0> <info> app: hr,954,22082,30
 0> <info> app: hr,955,22088,34
 0> <info> app: hr,956,22052,-3
 0> <info> app: hr,957,22069,13
 0> <info> app: hr,958,22047,-8
 0> <info> app: hr,959,22070,14
 0> <info> app: hr,960,22064,7
 0> <info> app: hr,961,22061,4
 0> <info> app: hr,962,22084,27
 0> <info> app: hr,963,22050,-8
 0> <info> app: hr,964,22064,6
 0> <info> app: hr,965,22067,9
 0> <info> app: hr,966,22077,18
 0> <info> app: hr,967,22038,-21
 0> <info> app: hr,968,22046,-12
 0> <info> app: hr,969,22055,-2
 0> <info> app: hr,970,22068,10
 0> <info> app: hr,971,22084,25
 0> <info> app: hr,972,22035,-24
 0> <info> app: hr,973,22040,-18
 0> <info> app: hr,974,22041,-16
 0> <info> app: hr,975,22024,-32
 0> <info> app: hr,976,21998,-56
 0> <info> app: hr,977,21974,-77
 0> <info> app: hr,978,21981,-67
 0> <info> app: hr,979,21978,-66
 0> <info> app: hr,980,21969,-72
 0> <info> app: hr,981,21969,-68
 0> <info> app: hr,982,21961,-73
 0> <info> app: hr,983,21947,-83
 0> <info> app: hr,984,21928,-98
 0> <info> app: hr,985,21905,-116
 0> <info> app: hr,986,21901,-114
 0> <info> app: hr,987,21914,-95
 0> <info> app: hr,988,21876,-129
 0> <info> app: hr,989,21930,-68
 0> <info> app: hr,990,21892,-103
 0> <info> app: hr,991,21852,-138
 0> <info> app: hr,992,21860,-123
 0> <info> app: hr,993,21883,-94
 0> <info> app: hr,994,21861,-111
 0> <info> app: hr,995,21883,-83
 0> <info> app: hr,996,21871,-91
 0> <info> app: hr,997,21878,-80
 0> <info> app: hr,998,21867,-87
 0> <info> app: hr,999,21853,-96
 0> <info> app: hr,1000,21828,-116
 0> <info> app: hr,1001,21838,-100
 0> <info> app: hr,1002,21825,-108
 0> <info> app: hr,1003,21839,-89
 0> <info> app: hr,1004,21853,-71
 0> <info> app: hr,1005,21848,-72
 0> <info> app: hr,1006,21825,-91
 0> <info> app: hr,1007,21875,-37
 0> <info> app: hr,1008,21853,-57
 0> <info> app: hr,1009,21824,-83
 0> <info> app: hr,1010,21822,-81
 0> <info> app: hr,1011,21828,-71
 0> <info> app: hr,1012,21834,-61
 0> <info> app: hr,1013,21854,-38
 0> <info> app: hr,1014,21848,-42
 0> <info> app: hr,1015,21860,-28
 0> <info> app: hr,1016,21827,-60
 0> <info> app: hr,1017,21864,-20
 0> <info> app: hr,1018,21867,-16
 0> <info> app: hr,1019,21869,-13
 0> <info> app: hr,1020,21872,-9
 0> <info> app: hr,1021,21840,-41
 0> <info> app: hr,1022,21877,-2
 0> <info> app: hr,1023,21888,8
 0> <info> app: hr,1024,21852,-27
 0> <info> app: hr,1025,21865,-13
 0> <info> app: hr,1026,21858,-19
 0> <info> app: hr,1027,21892,15
 0> <info> app: hr,1028,21874,-3
 0> <info> app: hr,1029,21893,15
 0> <info> app: hr,1030,21888,10
 0> <info> app: hr,1031,21883,4
 0> <info> app: hr,1032,21893,14
 0> <info> app: hr,1033,21892,12
 0> <info> app: hr,1034,21884,4
 0> <info> app: hr,1035,21898,17
 0> <info> app: hr,1036,21903,21
 0> <info> app: hr,1037,21889,6
 0> <info> app: hr,1038,21886,3
 0> <info> app: hr,1039,21910,27
 0> <info> app: hr,1040,21903,18
 0> <info> app: hr,1041,21892,7
 0> <info> app: hr,1042,21896,10
 0> <info> app: hr,1043,21878,-7
 0> <info> app: hr,1044,21906,20
 0> <info> app: hr,1045,21910,23
 0> <info> app: hr,1046,21909,21
 0> <info> app: hr,1047,21921,32
 0> <info> app: hr,1048,21921,30
 0> <info> app: hr,1049,21910,18
 0> <info> app: hr,1050,21928,35
 0> <info> app: hr,1051,21899,4
 0> <info> app: hr,1052,21937,42
 0> <info> app: hr,1053,21911,14
 0> <info> app: hr,1054,21935,37
 0> <info> app: hr,1055,21935,35
 0> <info> app: hr,1056,21935,33
 0> <info> app: hr,1057,21920,17
 0> <info> app: hr,1058,21913,9
 0> <info> app: hr,1059,21928,23
 0> <info> app: hr,1060,21996,90
 0> <info> app: hr,1061,21965,55
 0> <info> app: hr,1062,21956,43
 0> <info> app: hr,1063,21978,63
 0> <info> app: hr,1064,21953,34
 0> <info> app: hr,1065,21968,48
 0> <info> app: hr,1066,21940,17
 0> <info> app: hr,1067,21943,19
 0> <info> app: hr,1068,21946,21
 0> <info> app: hr,1069,21957,31
 0> <info> app: hr,1070,21967,40
 0> <info> app: hr,1071,21964,35
 0> <info> app: hr,1072,22004,73
 0> <info> app: hr,1073,21971,36
 0> <info> app: hr,1074,21964,27
 0> <info> app: hr,1075,21960,22
 0> <info> app: hr,1076,21965,26
 0> <info> app: hr,1077,21970,30
 0> <info> app: hr,1078,22008,66
 0> <info> app: hr,1079,21966,21
 0> <info> app: hr,1080,21987,41
 0> <info> app: hr,1081,21966,18
 0> <info> app: hr,1082,21961,12
 0> <info> app: hr,1083,21991,41
 0> <info> app: hr,1084,21970,18
 0> <info> app: hr,1085,21979,26
 0> <info> app: hr,1086,21966,12
 0> <info> app: hr,1087,21974,19
 0> <info> app: hr,1088,21970,14
 0> <info> app: hr,1089,21964,7
 0> <info> app: hr,1090,21979,22
 0> <info> app: hr,1091,21960,2
 0> <info> app: hr,1092,21979,21
 0> <info> app: hr,1093,21965,6
 0> <info> app: hr,1094,21957,-2
 0> <info> app: hr,1095,21973,14
 0> <info> app: hr,1096,21987,27
 0> <info> app: hr,1097,21967,5
 0> <info> app: hr,1098,21960,-1
 0> <info> app: hr,1099,21971,9
 0> <info> app: hr,1100,21979,17
 0> <info> app: hr,1101,21959,-3
 0> <info> app: hr,1102,21994,31
 0> <info> app: hr,1103,21962,-2
 0> <info> app: hr,1104,21934,-29
 0> <info> app: hr,1105,21949,-13
 0> <info> app: hr,1106,21945,-16
 0> <info> app: hr,1107,21945,-15
 0> <info> app: hr,1108,21983,22
 0> <info> app: hr,1109,21998,36
 0> <info> app: hr,1110,21980,16
 0> <info> app: hr,1111,21982,18
 0> <info> app: hr,1112,21977,12
 0> <info> app: hr,1113,21975,9
 0> <info> app: hr,1114,21973,7
 0> <info> app: hr,1115,21970,3
 0> <info> app: hr,1116,21985,18
 0> <info> app: hr,1117,21967,0
 0> <info> app: hr,1118,21984,16
 0> <info> app: hr,1119,21963,-5
 0> <info> app: hr,1120,21987,19
 0> <info> app: hr,1121,21977,8
 0> <info> app: hr,1122,21958,-11
 0> <info> app: hr,1123,21967,-1
 0> <info> app: hr,1124,21986,17
 0> <info> app: hr,1125,22007,37
 0> <info> app: hr,1126,21982,10
 0> <info> app: hr,1127,21986,14
 0> <info> app: hr,1128,21991,18
 0> <info> app: hr,1129,21944,-29
 0> <info> app: hr,1130,21990,17
 0> <info> app: hr,1131,21970,-2
 0> <info> app: hr,1132,21993,20
 0> <info> app: hr,1133,22004,30
 0> <info> app: hr,1134,21998,22
 0> <info> app: hr,1135,21999,22
 0> <info> app: hr,1136,21982,4
 0> <info> app: hr,1137,22030,52
 0> <info> app: hr,1138,21988,7
 0> <info> app: hr,1139,21971,-9
 0> <info> app: hr,1140,22027,46
 0> <info> app: hr,1141,21987,4
 0> <info> app: hr,1142,22016,33
 0> <info> app: hr,1143,22013,28
 0> <info> app: hr,1144,22003,17
 0> <info> app: hr,1145,22012,25
 0> <info> app: hr,1146,22012,23
 0> <info> app: hr,1147,21980,-9
 0> <info> app: hr,1148,22000,11
 0> <info> app: hr,1149,22030,40
 0> <info> app: hr,1150,22006,14
 0> <info> app: hr,1151,21990,-2
 0> <info> app: hr,1152,22007,14
 0> <info> app: hr,1153,22043,50
 0> <info> app: hr,1154,22010,14
 0> <info> app: hr,1155,22017,20
 0> <info> app: hr,1156,22016,18
 0> <info> app: hr,1157,22023,24
 0> <info> app: hr,1158,22018,18
 0> <info> app: hr,1159,22018,17
 0> <info> app: hr,1160,22027,25
 0> <info> app: hr,1161,22011,8
 0> <info> app: hr,1162,22035,32
 0> <info> app: hr,1163,22043,38
 0> <info> app: hr,1164,22011,4
 0> <info> app: hr,1165,22035,28
 0> <info> app: hr,1166,22037,28
 0> <info> app: hr,1167,22017,7
 0> <info> app: hr,1168,22046,36
 0> <info> app: hr,1169,22029,17
 0> <info> app: hr,1170,22030,17
 0> <info> app: hr,1171,22023,9
 0> <info> app: hr,1172,22013,0
 0> <info> app: hr,1173,22041,27
 0> <info> app: hr,1174,22037,21
 0> <info> app: hr,1175,22021,4
 0> <info> app: hr,1176,22059,42
 0> <info> app: hr,1177,22025,6
 0> <info> app: hr,1178,22025,6
 0> <info> app: hr,1179,22043,23
 0> <info> app: hr,1180,22019,-1
 0> <info> app: hr,1181,22066,45
 0> <info> app: hr,1182,22032,9
 0> <info> app: hr,1183,22021,-2
 0> <info> app: hr,1184,22026,2
 0> <info> app: hr,1185,22032,8
 0> <info> app: hr,1186,22060,36
 0> <info> app: hr,1187,21995,-30
 0> <info> app: hr,1188,22012,-11
 0> <info> app: hr,1189,22035,11
 0> <info> app: hr,1190,22075,51
 0> <info> app: hr,1191,22065,38
 0> <info> app: hr,1192,22049,20
 0> <info> app: hr,1193,22055,25
 0> <info> app: hr,1194,22006,-24
 0> <info> app: hr,1195,22057,27
 0> <info> app: hr,1196,22037,6
 0> <info> app: hr,1197,22038,6
 0> <info> app: hr,1198,22053,21
 0> <info> app: hr,1199,22056,23
 0> <info> app: hr,1200,22056,22
 0> <info> app: hr,1201,22030,-4
 0> <info> app: hr,1202,22062,27
 0> <info> app: hr,1203,22023,-12
 0> <info> app: hr,1204,22047,11
 0> <info> app: hr,1205,22029,-6
 0> <info> app: hr,1206,22021,-14
 0> <info> app: hr,1207,22053,18
 0> <info> app: hr,1208,22084,48
 0> <info> app: hr,1209,22055,16
 0> <info> app: hr,1210,22075,36
 0> <info> app: hr,1211,22042,1
 0> <info> app: hr,1212,22016,-24
 0> <info> app: hr,1213,22039,0
 0> <info> app: hr,1214,22055,15
 0> <info> app: hr,1215,22077,36
 0> <info> app: hr,1216,22059,16
 0> <info> app: hr,1217,22073,29
 0> <info> app: hr,1218,22078,33
 0> <info> app: hr,1219,22063,16
 0> <info> app: hr,1220,22070,22
 0> <info> app: hr,1221,22061,12
 0> <info> app: hr,1222,22079,30
 0> <info> app: hr,1223,22074,23
 0> <info> app: hr,1224,22049,-2
 0> <info> app: hr,1225,22069,17
 0> <info> app: hr,1226,22082,29
 0> <info> app: hr,1227,22049,-4
 0> <info> app: hr,1228,22057,3
 0> <info> app: hr,1229,22083,29
 0> <info> app: hr,1230,22067,11
 0> <info> app: hr,1231,22063,7
 0> <info> app: hr,1232,22051,-5
 0> <info> app: hr,1233,22090,34
 0> <info> app: hr,1234,22076,18
 0> <info> app: hr,1235,22104,45
 0> <info> app: hr,1236,22051,-9
 0> <info> app: hr,1237,22046,-14
 0> <info> app: hr,1238,22094,34
 0> <info> app: hr,1239,22067,5
 0> <info> app: hr,1240,22060,-1
 0> <info> app: hr,1241,22041,-20
 0> <info> app: hr,1242,22033,-27
 0> <info> app: hr,1243,22031,-28
 0> <info> app: hr,1244,22020,-37
 0> <info> app: hr,1245,22039,-16
 0> <info> app: hr,1246,22000,-54
 0> <info> app: hr,1247,22051,-1
 0> <info> app: hr,1248,22000,-52
 0> <info> app: hr,1249,21999,-50
 0> <info> app: hr,1250,21998,-49
 0> <info> app: hr,1251,22007,-37
 0> <info> app: hr,1252,21986,-56
 0> <info> app: hr,1253,21953,-86
 0> <info> app: hr,1254,21969,-66
 0> <info> app: hr,1255,21950,-82
 0> <info> app: hr,1256,21954,-74
 0> <info> app: hr,1257,21960,-64
 0> <info> app: hr,1258,21945,-76
 0> <info> app: hr,1259,21872,-145
 0> <info> app: hr,1260,21887,-123
 0> <info> app: hr,1261,21859,-144
 0> <info> app: hr,1262,21888,-108
 0> <info> app: hr,1263,21918,-73
 0> <info> app: hr,1264,21875,-112
 0> <info> app: hr,1265,21857,-124
 0> <info> app: hr,1266,21873,-102
 0> <info> app: hr,1267,21889,-81
 0> <info> app: hr,1268,21831,-135
 0> <info> app: hr,1269,21816,-143
 0> <info> app: hr,1270,21818,-134
 0> <info> app: hr,1271,21811,-134
 0> <info> app: hr,1272,21854,-85
 0> <info> app: hr,1273,21822,-112
 0> <info> app: hr,1274,21817,-112
 0> <info> app: hr,1275,21836,-87
 0> <info> app: hr,1276,21818,-101
 0> <info> app: hr,1277,21806,-108
 0> <info> app: hr,1278,21815,-93
 0> <info> app: hr,1279,21828,-76
 0> <info> app: hr,1280,21813,-87
 0> <info> app: hr,1281,21820,-75
 0> <info> app: hr,1282,21810,-82
 0> <info> app: hr,1283,21841,-46
 0> <info> app: hr,1284,21785,-100
 0> <info> app: hr,1285,21840,-40
 0> <info> app: hr,1286,21839,-39
 0> <info> app: hr,1287,21800,-76
 0> <info> app: hr,1288,21822,-50
 0> <info> app: hr,1289,21820,-50
 0> <info> app: hr,1290,21820,-47
 0> <info> app: hr,1291,21854,-11
 0> <info> app: hr,1292,21826,-38
 0> <info> app: hr,1293,21827,-35
 0> <info> app: hr,1294,21865,3
 0> <info> app: hr,1295,21827,-34
 0> <info> app: hr,1296,21810,-49
 0> <info> app: hr,1297,21845,-12
 0> <info> app: hr,1298,21854,-2
 0> <info> app: hr,1299,21860,3
 0> <info> app: hr,1300,21861,4
 0> <info> app: hr,1301,21841,-15
 0> <info> app: hr,1302,21840,-15
 0> <info> app: hr,1303,21872,16
 0> <info> app: hr,1304,21866,10
 0> <info> app: hr,1305,21857,0
 0> <info> app: hr,1306,21859,2
 0> <info> app: hr,1307,21861,4
 0> <info> app: hr,1308,21846,-10
 0> <info> app: hr,1309,21838,-18
 0> <info> app: hr,1310,21852,-3
 0> <info> app: hr,1311,21875,19
 0> <info> app: hr,1312,21871,14
 0> <info> app: hr,1313,21856,0
 0> <info> app: hr,1314,21893,36
 0> <info> app: hr,1315,21876,17
 0> <info> app: hr,1316,21898,38
 0> <info> app: hr,1317,21927,65
 0> <info> app: hr,1318,21891,26
 0> <info> app: hr,1319,21884,17
 0> <info> app: hr,1320,21862,-4
 0> <info> app: hr,1321,21922,55
 0> <info> app: hr,1322,21898,28
 0> <info> app: hr,1323,21926,55
 0> <info> app: hr,1324,21896,22
 0> <info> app: hr,1325,21953,78
 0> <info> app: hr,1326,21908,29
 0> <info> app: hr,1327,21914,33
 0> <info> app: hr,1328,21924,42
 0> <info> app: hr,1329,21905,21
 0> <info> app: hr,1330,21905,19
 0> <info> app: hr,1331,21924,37
 0> <info> app: hr,1332,21918,30
 0> <info> app: hr,1333,21926,36
 0> <info> app: hr,1334,21902,10
 0> <info> app: hr,1335,21896,4
 0> <info> app: hr,1336,21914,22
 0> <info> app: hr,1337,21989,95
 0> <info> app: hr,1338,21927,29
 0> <info> app: hr,1339,21941,41
 0> <info> app: hr,1340,21963,61
 0> <info> app: hr,1341,21936,31
 0> <info> app: hr,1342,21905,-1
 0> <info> app: hr,1343,21932,25
 0> <info> app: hr,1344,21956,48
 0> <info> app: hr,1345,21977,67
 0> <info> app: hr,1346,21956,42
 0> <info> app: hr,1347,21958,42
 0> <info> app: hr,1348,21955,37
 0> <info> app: hr,1349,21935,15
 0> <info> app: hr,1350,21947,26
 0> <info> app: hr,1351,21962,40
 0> <info> app: hr,1352,21969,45
 0> <info> app: hr,1353,21993,67
 0> <info> app: hr,1354,21950,20
 0> <info> app: hr,1355,21976,45
 0> <info> app: hr,1356,21977,44
 0> <info> app: hr,1357,21914,-20
 0> <info> app: hr,1358,21937,3
 0> <info> app: hr,1359,21968,34
 0> <info> app: hr,1360,21971,35
 0> <info> app: hr,1361,21987,49
 0> <info> app: hr,1362,21979,39
 0> <info> app: hr,1363,21954,12
 0> <info> app: hr,1364,21959,16
 0> <info> app: hr,1365,21944,0
 0> <info> app: hr,1366,21928,-15
 0> <info> app: hr,1367,21961,18
 0> <info> app: hr,1368,21954,10
 0> <info> app: hr,1369,21978,34
 0> <info> app: hr,1370,21964,18
 0> <info> app: hr,1371,21976,29
 0> <info> app: hr,1372,21953,4
 0> <info> app: hr,1373,21935,-13
 0> <info> app: hr,1374,21965,17
 0> <info> app: hr,1375,21956,7
 0> <info> app: hr,1376,21982,33
 0> <info> app: hr,1377,21958,7
 0> <info> app: hr,1378,21978,27
 0> <info> app: hr,1379,21964,11
 0> <info> app: hr,1380,21954,1
 0> <info> app: hr,1381,21962,9
 0> <info> app: hr,1382,21997,43
 0> <info> app: hr,1383,21971,15
 0> <info> app: hr,1384,21958,1
 0> <info> app: hr,1385,21997,40
 0> <info> app: hr,1386,21965,6
 0> <info> app: hr,1387,21945,-13
 0> <info> app: hr,1388,22000,41
 0> <info> app: hr,1389,21955,-5
 0> <info> app: hr,1390,21960,0
 0> <info> app: hr,1391,21960,0
 0> <info> app: hr,1392,21971,11
 0> <info> app: hr,1393,21993,32
 0> <info> app: hr,1394,21976,13
 0> <info> app: hr,1395,21954,-8
 0> <info> app: hr,1396,21979,16
 0> <info> app: hr,1397,21993,29
 0> <info> app: hr,1398,21978,13
 0> <info> app: hr,1399,21972,6
 0> <info> app: hr,1400,21961,-4
 0> <info> app: hr,1401,22002,36
 0> <info> app: hr,1402,21987,19
 0> <info> app: hr,1403,21978,9
 0> <info> app: hr,1404,21993,24
 0> <info> app: hr,1405,22018,48
 0> <info> app: hr,1406,21998,25
 0> <info> app: hr,1407,21974,0
 0> <info> app: hr,1408,21983,9
 0> <info> app: hr,1409,21978,3
 0> <info> app: hr,1410,21991,16
 0> <info> app: hr,1411,22005,29
 0> <info> app: hr,1412,21991,14
 0> <info> app: hr,1413,22015,37
 0> <info> app: hr,1414,21995,15
 0> <info> app: hr,1415,21982,1
 0> <info> app: hr,1416,21989,8
 0> <info> app: hr,1417,21994,13
 0> <info> app: hr,1418,21998,16
 0> <info> app: hr,1419,21978,-4
 0> <info> app: hr,1420,22020,38
 0> <info> app: hr,1421,22004,20
 0> <info> app: hr,1422,21999,14
 0> <info> app: hr,1423,21979,-6
 0> <info> app: hr,1424,22003,17
 0> <info> app: hr,1425,22013,26
 0> <info> app: hr,1426,22021,33
 0> <info> app: hr,1427,22011,21
 0> <info> app: hr,1428,22004,13
 0> <info> app: hr,1429,22016,25
 0> <info> app: hr,1430,22023,30
 0> <info> app: hr,1431,21994,0
 0> <info> app: hr,1432,22001,7
 0> <info> app: hr,1433,22015,20
 0> <info> app: hr,1434,22017,21
 0> <info> app: hr,1435,22005,8
 0> <info> app: hr,1436,22041,44
 0> <info> app: hr,1437,21994,-4
 0> <info> app: hr,1438,22010,11
 0> <info> app: hr,1439,22016,16
 0> <info> app: hr,1440,22028,27
 0> <info> app: hr,1441,22023,21
 0> <info> app: hr,1442,22021,18
 0> <info> app: hr,1443,22018,14
 0> <info> app: hr,1444,22028,23
 0> <info> app: hr,1445,22009,3
 0> <info> app: hr,1446,22034,28
 0> <info> app: hr,1447,22011,4
 0> <info> app: hr,1448,22028,20
 0> <info> app: hr,1449,22023,14
 0> <info> app: hr,1450,22019,10
 0> <info> app: hr,1451,22024,14
 0> <info> app: hr,1452,22023,12
 0> <info> app: hr,1453,22038,27
 0> <info> app: hr,1454,22032,19
 0> <info> app: hr,1455,22043,29
 0> <info> app: hr,1456,22029,14
 0> <info> app: hr,1457,22021,5
 0> <info> app: hr,1458,22029,13
 0> <info> app: hr,1459,22049,32
 0> <info> app: hr,1460,22044,26
 0> <info> app: hr,1461,22030,10
 0> <info> app: hr,1462,22015,-4
 0> <info> app: hr,1463,22036,16
 0> <info> app: hr,1464,22030,9
 0> <info> app: hr,1465,22035,14
 0> <info> app: hr,1466,22075,53
 0> <info> app: hr,1467,22033,8
 0> <info> app: hr,1468,22043,18
 0> <info> app: hr,1469,22048,22
 0> <info> app: hr,1470,22067,40
 0> <info> app: hr,1471,22038,9
 0> <info> app: hr,1472,22012,-17
 0> <info> app: hr,1473,22050,21
 0> <info> app: hr,1474,22022,-7
 0> <info> app: hr,1475,22049,19
 0> <info> app: hr,1476,22064,33
 0> <info> app: hr,1477,22035,3
 0> <info> app: hr,1478,22048,16
 0> <info> app: hr,1479,22058,25
 0> <info> app: hr,1480,22048,14
 0> <info> app: hr,1481,22035,0
 0> <info> app: hr,1482,22040,5
 0> <info> app: hr,1483,22060,25
 0> <info> app: hr,1484,22044,7
 0> <info> app: hr,1485,22064,27
 0> <info> app: hr,1486,22059,21
 0> <info> app: hr,1487,22046,6
 0> <info> app: hr,1488,22044,4
 0> <info> app: hr,1489,22047,7
 0> <info> app: hr,1490,22068,28
 0> <info> app: hr,1491,22033,-8
 0> <info> app: hr,1492,22054,13
 0> <info> app: hr,1493,22069,27
 0> <info> app: hr,1494,22066,23
 0> <info> app: hr,1495,22068,23
 0> <info> app: hr,1496,22051,5
 0> <info> app: hr,1497,22045,0
 0> <info> app: hr,1498,22045,0
 0> <info> app: hr,1499,22057,11
 0> <info> app: hr,1500,22062,15
 0> <info> app: hr,1501,22057,10
 0> <info> app: hr,1502,22048,0
 0> <info> app: hr,1503,22064,16
 0> <info> app: hr,1504,22063,14
 0> <info> app: hr,1505,22042,-7
 0> <info> app: hr,1506,22048,0
 0> <info> app: hr,1507,22073,24
 0> <info> app: hr,1508,22038,-11
 0> <info> app: hr,1509,22071,21
 0> <info> app: hr,1510,22040,-10
 0> <info> app: hr,1511,22027,-22
 0> <info> app: hr,1512,22043,-5
 0> <info> app: hr,1513,22025,-23
 0> <info> app: hr,1514,22012,-35
 0> <info> app: hr,1515,22002,-43
 0> <info> app: hr,1516,22012,-31
 0> <info> app: hr,1517,22002,-39
 0> <info> app: hr,1518,21983,-56
 0> <info> app: hr,1519,21986,-50
 0> <info> app: hr,1520,21966,-68
 0> <info> app: hr,1521,21939,-91
 0> <info> app: hr,1522,21942,-84
 0> <info> app: hr,1523,21924,-98
 0> <info> app: hr,1524,21904,-113
 0> <info> app: hr,1525,21928,-83
 0> <info> app: hr,1526,21899,-108
 0> <info> app: hr,1527,21873,-128
 0> <info> app: hr,1528,21878,-117
 0> <info> app: hr,1529,21882,-107
 0> <info> app: hr,1530,21837,-147
 0> <info> app: hr,1531,21889,-87
 0> <info> app: hr,1532,21839,-133
 0> <info> app: hr,1533,21837,-128
 0> <info> app: hr,1534,21843,-116
 0> <info> app: hr,1535,21848,-105
 0> <info> app: hr,1536,21816,-132
 0> <info> app: hr,1537,21796,-145
 0> <info> app: hr,1538,21806,-128
 0> <info> app: hr,1539,21794,-133
 0> <info> app: hr,1540,21794,-127
 0> <info> app: hr,1541,21811,-103
 0> <info> app: hr,1542,21811,-98
 0> <info> app: hr,1543,21831,-73
 0> <info> app: hr,1544,21821,-80
 0> <info> app: hr,1545,21791,-106
 0> <info> app: hr,1546,21762,-129
 0> <info> app: hr,1547,21792,-93
 0> <info> app: hr,1548,21812,-68
 0> <info> app: hr,1549,21784,-93
 0> <info> app: hr,1550,21786,-86
 0> <info> app: hr,1551,21776,-92
 0> <info> app: hr,1552,21778,-85
 0> <info> app: hr,1553,21795,-64
 0> <info> app: hr,1554,21795,-61
 0> <info> app: hr,1555,21774,-79
 0> <info> app: hr,1556,21821,-28
 0> <info> app: hr,1557,21797,-50
 0> <info> app: hr,1558,21803,-42
 0> <info> app: hr,1559,21815,-28
 0> <info> app: hr,1560,21811,-30
 0> <info> app: hr,1561,21778,-62
 0> <info> app: hr,1562,21811,-26
 0> <info> app: hr,1563,21823,-12
 0> <info> app: hr,1564,21816,-19
 0> <info> app: hr,1565,21817,-17
 0> <info> app: hr,1566,21807,-26
 0> <info> app: hr,1567,21824,-7
 0> <info> app: hr,1568,21811,-20
 0> <info> app: hr,1569,21822,-8
 0> <info> app: hr,1570,21810,-20
 0> <info> app: hr,1571,21828,-1
 0> <info> app: hr,1572,21817,-12
 0> <info> app: hr,1573,21825,-3
 0> <info> app: hr,1574,21841,12
 0> <info> app: hr,1575,21843,14
 0> <info> app: hr,1576,21828,-1
 0> <info> app: hr,1577,21837,7
 0> <info> app: hr,1578,21824,-5
 0> <info> app: hr,1579,21854,24
 0> <info> app: hr,1580,21850,19
 0> <info> app: hr,1581,21846,14
 0> <info> app: hr,1582,21852,19
 0> <info> app: hr,1583,21838,4
 0> <info> app: hr,1584,21866,32
 0> <info> app: hr,1585,21842,6
 0> <info> app: hr,1586,21854,18
 0> <info> app: hr,1587,21847,10
 0> <info> app: hr,1588,21853,15
 0> <info> app: hr,1589,21860,22
 0> <info> app: hr,1590,21863,24
 0> <info> app: hr,1591,21862,21
 0> <info> app: hr,1592,21866,24
 0> <info> app: hr,1593,21871,28
 0> <info> app: hr,1594,21868,24
 0> <info> app: hr,1595,21874,28
 0> <info> app: hr,1596,21916,69
 0> <info> app: hr,1597,21890,39
 0> <info> app: hr,1598,21866,13
 0> <info> app: hr,1599,21868,15
 0> <info> app: hr,1600,21900,46
 0> <info> app: hr,1601,21898,42
 0> <info> app: hr,1602,21849,-8
 0> <info> app: hr,1603,21884,26
 0> <info> app: hr,1604,21876,17
 0> <info> app: hr,1605,21903,43
 0> <info> app: hr,1606,21925,63
 0> <info> app: hr,1607,21905,39
 0> <info> app: hr,1608,21927,59
 0> <info> app: hr,1609,21884,13
 0> <info> app: hr,1610,21914,43
 0> <info> app: hr,1611,21925,52
 0> <info> app: hr,1612,21900,24
 0> <info> app: hr,1613,21924,47
 0> <info> app: hr,1614,21931,51
 0> <info> app: hr,1615,21947,65
 0> <info> app: hr,1616,21915,30
 0> <info> app: hr,1617,21909,22
 0> <info> app: hr,1618,21952,64
 0> <info> app: hr,1619,21921,30
 0> <info> app: hr,1620,21940,47
 0> <info> app: hr,1621,21956,61
 0> <info> app: hr,1622,21911,13
 0> <info> app: hr,1623,21912,13
 0> <info> app: hr,1624,21955,55
 0> <info> app: hr,1625,21922,20
 0> <info> app: hr,1626,21937,34
 0> <info> app: hr,1627,21947,42
 0> <info> app: hr,1628,21966,59
 0> <info> app: hr,1629,21934,24
 0> <info> app: hr,1630,21943,32
 0> <info> app: hr,1631,21947,34
 0> <info> app: hr,1632,21954,39
 0> <info> app: hr,1633,21957,40
 0> <info> app: hr,1634,21941,22
 0> <info> app: hr,1635,21923,3
 0> <info> app: hr,1636,21917,-2
 0> <info> app: hr,1637,21967,47
 0> <info> app: hr,1638,21952,30
 0> <info> app: hr,1639,21941,17
 0> <info> app: hr,1640,21946,21
 0> <info> app: hr,1641,21947,21
 0> <info> app: hr,1642,21954,27
 0> <info> app: hr,1643,21935,7
 0> <info> app: hr,1644,21940,11
 0> <info> app: hr,1645,21955,26
 0> <info> app: hr,1646,21945,14
 0> <info> app: hr,1647,21946,15
 0> <info> app: hr,1648,21926,-5
 0> <info> app: hr,1649,21940,8
 0> <info> app: hr,1650,21935,3
 0> <info> app: hr,1651,21933,1
 0> <info> app: hr,1652,21938,6
 0> <info> app: hr,1653,21949,16
 0> <info> app: hr,1654,21951,17
 0> <info> app: hr,1655,21936,2
 0> <info> app: hr,1656,21951,16
 0> <info> app: hr,1657,21935,0
 0> <info> app: hr,1658,21990,55
 0> <info> app: hr,1659,21947,9
 0> <info> app: hr,1660,21967,28
 0> <info> app: hr,1661,21985,45
 0> <info> app: hr,1662,21970,28
 0> <info> app: hr,1663,21953,9
 0> <info> app: hr,1664,21973,29
 0> <info> app: hr,1665,21944,-1
 0> <info> app: hr,1666,21976,30
 0> <info> app: hr,1667,21963,16
 0> <info> app: hr,1668,21972,24
 0> <info> app: hr,1669,21972,23
 0> <info> app: hr,1670,21977,27
 0> <info> app: hr,1671,21958,6
 0> <info> app: hr,1672,21970,18
 0> <info> app: hr,1673,21998,45
 0> <info> app: hr,1674,21942,-12
 0> <info> app: hr,1675,21942,-12
 0> <info> app: hr,1676,21978,24
 0> <info> app: hr,1677,21983,28
 0> <info> app: hr,1678,21993,36
 0> <info> app: hr,1679,21977,18
 0> <info> app: hr,1680,21982,23
 0> <info> app: hr,1681,21991,30
 0> <info> app: hr,1682,21972,10
 0> <info> app: hr,1683,21974,11
 0> <info> app: hr,1684,21992,29
 0> <info> app: hr,1685,21972,7
 0> <info> app: hr,1686,22005,40
 0> <info> app: hr,1687,21978,11
 0> <info> app: hr,1688,21974,6
 0> <info> app: hr,1689,21969,1
 0> <info> app: hr,1690,21996,28
 0> <info> app: hr,1691,21964,-5
 0> <info> app: hr,1692,21979,10
 0> <info> app: hr,1693,22016,46
 0> <info> app: hr,1694,21990,18
 0> <info> app: hr,1695,22017,44
 0> <info> app: hr,1696,21994,19
 0> <info> app: hr,1697,21987,11
 0> <info> app: hr,1698,22021,44
 0> <info> app: hr,1699,22003,24
 0> <info> app: hr,1700,21979,0
 0> <info> app: hr,1701,21984,4
 0> <info> app: hr,1702,22021,41
 0> <info> app: hr,1703,22007,25
 0> <info> app: hr,1704,21982,-1
 0> <info> app: hr,1705,21985,1
 0> <info> app: hr,1706,21983,0
 0> <info> app: hr,1707,21974,-9
 0> <info> app: hr,1708,21998,15
 0> <info> app: hr,1709,22028,44
 0> <info> app: hr,1710,22003,17
 0> <info> app: hr,1711,22001,14
 0> <info> app: hr,1712,22022,34
 0> <info> app: hr,1713,22017,27
 0> <info> app: hr,1714,22024,33
 0> <info> app: hr,1715,22020,27
 0> <info> app: hr,1716,22008,14
 0> <info> app: hr,1717,22018,23
 0> <info> app: hr,1718,22002,6
 0> <info> app: hr,1719,21997,1
 0> <info> app: hr,1720,22031,35
 0> <info> app: hr,1721,22031,33
 0> <info> app: hr,1722,22038,38
 0> <info> app: hr,1723,22004,2
 0> <info> app: hr,1724,22005,3
 0> <info> app: hr,1725,22052,50
 0> <info> app: hr,1726,22034,29
 0> <info> app: hr,1727,22028,22
 0> <info> app: hr,1728,22039,32
 0> <info> app: hr,1729,22033,24
 0> <info> app: hr,1730,21997,-12
 0> <info> app: hr,1731,22014,5
 0> <info> app: hr,1732,22017,7
 0> <info> app: hr,1733,22016,6
 0> <info> app: hr,1734,22037,27
 0> <info> app: hr,1735,22031,19
 0> <info> app: hr,1736,22043,30
 0> <info> app: hr,1737,22044,30
 0> <info> app: hr,1738,22052,36
 0> <info> app: hr,1739,22042,24
 0> <info> app: hr,1740,21983,-35
 0> <info> app: hr,1741,22017,0
 0> <info> app: hr,1742,22015,-1
 0> <info> app: hr,1743,22029,12
 0> <info> app: hr,1744,22048,30
 0> <info> app: hr,1745,22048,29
 0> <info> app: hr,1746,22070,49
 0> <info> app: hr,1747,22024,1
 0> <info> app: hr,1748,22008,-14
 0> <info> app: hr,1749,22010,-11
 0> <info> app: hr,1750,22059,37
 0> <info> app: hr,1751,22060,36
 0> <info> app: hr,1752,22034,8
 0> <info> app: hr,1753,22044,18
 0> <info> app: hr,1754,22029,2
 0> <info> app: hr,1755,22028,1
 0> <info> app: hr,1756,22017,-9
 0> <info> app: hr,1757,22034,7
 0> <info> app: hr,1758,22025,-1
 0> <info> app: hr,1759,22034,7
 0> <info> app: hr,1760,22044,17
 0> <info> app: hr,1761,22051,23
 0> <info> app: hr,1762,22025,-3
 0> <info> app: hr,1763,22055,26
 0> <info> app: hr,1764,22038,7
 0> <info> app: hr,1765,22030,0
 0> <info> app: hr,1766,22060,29
 0> <info> app: hr,1767,22038,6
 0> <info> app: hr,1768,22062,29
 0> <info> app: hr,1769,22053,19
 0> <info> app: hr,1770,22038,3
 0> <info> app: hr,1771,22044,9
 0> <info> app: hr,1772,22015,-20
 0> <info> app: hr,1773,22035,0
 0> <info> app: hr,1774,22038,3
 0> <info> app: hr,1775,22068,33
 0> <info> app: hr,1776,22037,0
 0> <info> app: hr,1777,22049,12
 0> <info> app: hr,1778,22036,0
 0> <info> app: hr,1779,22050,13
 0> <info> app: hr,1780,22033,-4
 0> <info> app: hr,1781,22037,0
 0> <info> app: hr,1782,22035,-2
 0> <info> app: hr,1783,22040,2
 0> <info> app: hr,1784,22017,-20
 0> <info> app: hr,1785,22026,-10
 0> <info> app: hr,1786,22012,-23
 0> <info> app: hr,1787,22019,-15
 0> <info> app: hr,1788,22000,-33
 0> <info> app: hr,1789,21975,-57
 0> <info> app: hr,1790,21979,-50
 0> <info> app: hr,1791,21988,-38
 0> <info> app: hr,1792,21952,-72
 0> <info> app: hr,1793,21950,-71
 0> <info> app: hr,1794,21936,-81
 0> <info> app: hr,1795,21905,-108
 0> <info> app: hr,1796,21939,-69
 0> <info> app: hr,1797,21907,-97
 0> <info> app: hr,1798,21885,-114
 0> <info> app: hr,1799,21886,-108
 0> <info> app: hr,1800,21879,-109
 0> <info> app: hr,1801,21897,-86
 0> <info> app: hr,1802,21862,-116
 0> <info> app: hr,1803,21890,-82
 0> <info> app: hr,1804,21837,-131
 0> <info> app: hr,1805,21810,-152
 0> <info> app: hr,1806,21819,-135
 0> <info> app: hr,1807,21803,-144
 0> <info> app: hr,1808,21848,-92
 0> <info> app: hr,1809,21838,-97
 0> <info> app: hr,1810,21835,-96
 0> <info> app: hr,1811,21836,-90
 0> <info> app: hr,1812,21814,-107
 0> <info> app: hr,1813,21835,-81
 0> <info> app: hr,1814,21807,-105
 0> <info> app: hr,1815,21808,-99
 0> <info> app: hr,1816,21798,-104
 0> <info> app: hr,1817,21789,-107
 0> <info> app: hr,1818,21790,-101
 0> <info> app: hr,1819,21831,-55
 0> <info> app: hr,1820,21808,-75
 0> <info> app: hr,1821,21809,-70
 0> <info> app: hr,1822,21795,-81
 0> <info> app: hr,1823,21770,-102
 0> <info> app: hr,1824,21817,-50
 0> <info> app: hr,1825,21807,-57
 0> <info> app: hr,1826,21829,-32
 0> <info> app: hr,1827,21813,-47
 0> <info> app: hr,1828,21798,-59
 0> <info> app: hr,1829,21786,-68
 0> <info> app: hr,1830,21812,-39
 0> <info> app: hr,1831,21809,-40
 0> <info> app: hr,1832,21816,-31
 0> <info> app: hr,1833,21811,-34
 0> <info> app: hr,1834,21826,-18
 0> <info> app: hr,1835,21832,-11
 0> <info> app: hr,1836,21827,-15
 0> <info> app: hr,1837,21846,4
 0> <info> app: hr,1838,21823,-19
 0> <info> app: hr,1839,21834,-7
 0> <info> app: hr,1840,21851,10
 0> <info> app: hr,1841,21856,14
 0> <info> app: hr,1842,21831,-10
 0> <info> app: hr,1843,21846,4
 0> <info> app: hr,1844,21837,-4
 0> <info> app: hr,1845,21852,10
 0> <info> app: hr,1846,21847,5
 0> <info> app: hr,1847,21840,-2
 0> <info> app: hr,1848,21863,20
 0> <info> app: hr,1849,21847,3
 0> <info> app: hr,1850,21875,31
 0> <info> app: hr,1851,21838,-6
 0> <info> app: hr,1852,21873,28
 0> <info> app: hr,1853,21866,20
 0> <info> app: hr,1854,21852,5
 0> <info> app: hr,1855,21856,8
 0> <info> app: hr,1856,21857,9
 0> <info> app: hr,1857,21866,17
 0> <info> app: hr,1858,21887,37
 0> <info> app: hr,1859,21869,18
 0> <info> app: hr,1860,21833,-18
 0> <info> app: hr,1861,21845,-5
 0> <info> app: hr,1862,21859,8
 0> <info> app: hr,1863,21874,22
 0> <info> app: hr,1864,21866,13
 0> <info> app: hr,1865,21868,15
 0> <info> app: hr,1866,21861,7
 0> <info> app: hr,1867,21852,-1
 0> <info> app: hr,1868,21885,31
 0> <info> app: hr,1869,21870,14
 0> <info> app: hr,1870,21841,-15
 0> <info> app: hr,1871,21876,20
 0> <info> app: hr,1872,21893,36
 0> <info> app: hr,1873,21912,53
 0> <info> app: hr,1874,21917,56
 0> <info> app: hr,1875,21905,41
 0> <info> app: hr,1876,21913,47
 0> <info> app: hr,1877,21915,46
 0> <info> app: hr,1878,21885,14
 0> <info> app: hr,1879,21902,30
 0> <info> app: hr,1880,21920,47
 0> <info> app: hr,1881,21918,42
 0> <info> app: hr,1882,21911,33
 0> <info> app: hr,1883,21923,44
 0> <info> app: hr,1884,21916,34
 0> <info> app: hr,1885,21919,36
 0> <info> app: hr,1886,21928,43
 0> <info> app: hr,1887,21892,5
 0> <info> app: hr,1888,21927,39
 0> <info> app: hr,1889,21939,49
 0> <info> app: hr,1890,21913,21
 0> <info> app: hr,1891,21937,44
 0> <info> app: hr,1892,21943,48
 0> <info> app: hr,1893,21925,27
 0> <info> app: hr,1894,21921,22
 0> <info> app: hr,1895,21920,20
 0> <info> app: hr,1896,21915,14
 0> <info> app: hr,1897,21918,16
 0> <info> app: hr,1898,21937,34
 0> <info> app: hr,1899,21955,50
 0> <info> app: hr,1900,21937,30
 0> <info> app: hr,1901,21918,9
 0> <info> app: hr,1902,21933,24
 0> <info> app: hr,1903,21921,11
 0> <info> app: hr,1904,21942,31
 0> <info> app: hr,1905,21958,46
 0> <info> app: hr,1906,21950,35
 0> <info> app: hr,1907,21933,16
 0> <info> app: hr,1908,21931,14
 0> <info> app: hr,1909,21930,12
 0> <info> app: hr,1910,21908,-10
 0> <info> app: hr,1911,21925,7
 0> <info> app: hr,1912,21949,30
 0> <info> app: hr,1913,21956,36
 0> <info> app: hr,1914,21956,34
 0> <info> app: hr,1915,21946,22
 0> <info> app: hr,1916,21957,32
 0> <info> app: hr,1917,21967,41
 0> <info> app: hr,1918,21932,3
 0> <info> app: hr,1919,21946,17
 0> <info> app: hr,1920,21952,22
 0> <info> app: hr,1921,21968,37
 0> <info> app: hr,1922,21958,25
 0> <info> app: hr,1923,21937,3
 0> <info> app: hr,1924,21955,21
 0> <info> app: hr,1925,21944,9
 0> <info> app: hr,1926,21955,19
 0> <info> app: hr,1927,21966,29
 0> <info> app: hr,1928,21949,11
 0> <info> app: hr,1929,21967,28
 0> <info> app: hr,1930,21973,33
 0> <info> app: hr,1931,21968,26
 0> <info> app: hr,1932,21963,20
 0> <info> app: hr,1933,21964,20
 0> <info> app: hr,1934,21937,-7
 0> <info> app: hr,1935,21959,14
 0> <info> app: hr,1936,21953,7
 0> <info> app: hr,1937,21956,10
 0> <info> app: hr,1938,21964,18
 0> <info> app: hr,1939,21980,33
 0> <info> app: hr,1940,21949,0
 0> <info> app: hr,1941,21972,23
 0> <info> app: hr,1942,21964,14
 0> <info> app: hr,1943,21935,-15
 0> <info> app: hr,1944,21959,9
 0> <info> app: hr,1945,21976,25
 0> <info> app: hr,1946,21954,2
 0> <info> app: hr,1947,21976,24
 0> <info> app: hr,1948,21970,17
 0> <info> app: hr,1949,21959,5
 0> <info> app: hr,1950,21946,-7
 0> <info> app: hr,1951,21946,-7
 0> <info> app: hr,1952,21975,21
 0> <info> app: hr,1953,21974,19
 0> <info> app: hr,1954,21985,29
 0> <info> app: hr,1955,21960,3
 0> <info> app: hr,1956,21984,27
 0> <info> app: hr,1957,21989,30
 0> <info> app: hr,1958,22001,41
 0> <info> app: hr,1959,21954,-7
 0> <info> app: hr,1960,22009,47
 0> <info> app: hr,1961,21997,33
 0> <info> app: hr,1962,21976,10
 0> <info> app: hr,1963,21992,26
 0> <info> app: hr,1964,21979,11
 0> <info> app: hr,1965,21990,22
 0> <info> app: hr,1966,22001,32
 0> <info> app: hr,1967,21970,0
 0> <info> app: hr,1968,21963,-7
 0> <info> app: hr,1969,22009,38
 0> <info> app: hr,1970,22012,39
 0> <info> app: hr,1971,21981,6
 0> <info> app: hr,1972,21997,22
 0> <info> app: hr,1973,21987,11
 0> <info> app: hr,1974,21990,13
 0> <info> app: hr,1975,22012,35
 0> <info> app: hr,1976,21980,1
 0> <info> app: hr,1977,21992,13
 0> <info> app: hr,1978,22001,21
 0> <info> app: hr,1979,21996,15
 0> <info> app: hr,1980,21989,7
 0> <info> app: hr,1981,22009,27
 0> <info> app: hr,1982,22016,33
 0> <info> app: hr,1983,22003,18
 0> <info> app: hr,1984,21989,3
 0> <info> app: hr,1985,22002,16
 0> <info> app: hr,1986,21995,8
 0> <info> app: hr,1987,21990,3
 0> <info> app: hr,1988,22022,34
 0> <info> app: hr,1989,22018,29
 0> <info> app: hr,1990,22000,9
 0> <info> app: hr,1991,22008,17
 0> <info> app: hr,1992,22030,38
 0> <info> app: hr,1993,22027,33
 0> <info> app: hr,1994,22033,37
 0> <info> app: hr,1995,22025,27
 0> <info> app: hr,1996,22024,25
 0> <info> app: hr,1997,22035,35
 0> <info> app: hr,1998,22001,0
 0> <info> app: hr,1999,21997,-4
 0> <info> app: hr,2000,21980,-21
 0> <info> app: hr,2001,22013,12
 0> <info> app: hr,2002,22029,28
 0> <info> app: hr,2003,22028,25
 0> <info> app: hr,2004,22012,8
 0> <info> app: hr,2005,22029,25
 0> <info> app: hr,2006,22061,55
 0> <info> app: hr,2007,22029,20
 0> <info> app: hr,2008,21990,-19
 0> <info> app: hr,2009,22003,-5
 0> <info> app: hr,2010,22008,0
 0> <info> app: hr,2011,22000,-7
 0> <info> app: hr,2012,22038,30
 0> <info> app: hr,2013,22019,9
 0> <info> app: hr,2014,22014,4
 0> <info> app: hr,2015,22009,0
 0> <info> app: hr,2016,22041,31
 0> <info> app: hr,2017,22010,-1
 0> <info> app: hr,2018,22044,32
 0> <info> app: hr,2019,22054,41
 0> <info> app: hr,2020,22008,-6
 0> <info> app: hr,2021,22039,24
 0> <info> app: hr,2022,22023,7
 0> <info> app: hr,2023,22011,-5
 0> <info> app: hr,2024,22033,17
 0> <info> app: hr,2025,22037,20
 0> <info> app: hr,2026,22010,-7
 0> <info> app: hr,2027,22052,34
 0> <info> app: hr,2028,22037,17
 0> <info> app: hr,2029,22043,23
 0> <info> app: hr,2030,22061,39
 0> <info> app: hr,2031,22032,8

# Logging stopped @ 23 Nov 2018 09:37:37
