# SEGGER J-Link RTT Viewer V6.16a Terminal Log File
# Compiled: 12:44:10 on Jun  6 2017
# Logging started @ 23 Nov 2018 09:50:44
 0> <info> app: ***********  Application started  ***********
 0> 
 0> <info> app: [OK] NRF Power ON 0x0004. 
 0> <info> app: Read MAC:CC34D2110EF6
 0> <info> app: ***********  Sensor initial ***********
 0> <info> app: [OK]	BMI160
 0> <info> app: [OK]	SETUP ACC
 0> <info> app: [OK]	SETUP STEP COUNT
 0> <info> app: [OK]	FLASH MEMORY
 0> <info> app: [OK]	OLED Initial
 0> <info> app: [OK]	Max30102 Initial, Temperature 33.06
 0> <info> app: ********** End sensor initial *********
 0> 
 0> <info> app: ***********  Application started  ***********
 0> 
 0> <info> app: [OK] NRF Power ON 0x0004. 
 0> <info> app: Read MAC:CC34D2110EF6
 0> <info> app: ***********  Sensor initial ***********
 0> <info> app: [OK]	BMI160
 0> <info> app: [OK]	SETUP ACC
 0> <info> app: [OK]	SETUP STEP COUNT
 0> <info> app: [OK]	FLASH MEMORY
 0> <info> app: [OK]	OLED Initial
 0> <info> app: [OK]	Max30102 Initial, Temperature 33.25
 0> <info> app: ********** End sensor initial *********
 0> 
 0> <info> app: Max30102 Found
 0> 
 0> <info> app: HR Begin
 0> 
 0> <info> app: ***********  Application started  ***********
 0> 
 0> <info> app: [OK] NRF Power ON 0x0004. 
 0> <info> app: Read MAC:CC34D2110EF6
 0> <info> app: ***********  Sensor initial ***********
 0> <info> app: [OK]	BMI160
 0> <info> app: [OK]	SETUP ACC
 0> <info> app: [OK]	SETUP STEP COUNT
 0> <info> app: [OK]	FLASH MEMORY
 0> <info> app: [OK]	OLED Initial
 0> <info> app: [OK]	Max30102 Initial, Temperature 33.18
 0> <info> app: ********** End sensor initial *********
 0> 
 0> <info> app: Max30102 Found
 0> 
 0> <info> app: HR Begin
 0> 
 0> <info> app: 2032
 0> <info> app: hr,0,19844,19824
 0> <info> app: hr,1,19804,19822
 0> <info> app: hr,2,19806,19842
 0> <info> app: hr,3,19833,19845
 0> <info> app: hr,4,19842,19840
 0> <info> app: hr,5,19849,19858
 0> <info> app: hr,6,19829,19817
 0> <info> app: hr,7,19825,19840
 0> <info> app: hr,8,19835,19818
 0> <info> app: hr,9,19844,19829
 0> <info> app: hr,10,19823,19831
 0> <info> app: hr,11,19852,19813
 0> <info> app: hr,12,19810,19826
 0> <info> app: hr,13,19828,19842
 0> <info> app: hr,14,19825,19851
 0> <info> app: hr,15,19827,19863
 0> <info> app: hr,16,19803,19848
 0> <info> app: hr,17,19842,19852
 0> <info> app: hr,18,19858,19848
 0> <info> app: hr,19,19830,19814
 0> <info> app: hr,20,19824,19812
 0> <info> app: hr,21,19824,19845
 0> <info> app: hr,22,19832,19824
 0> <info> app: hr,23,19797,19839
 0> <info> app: hr,24,19826,19846
 0> <info> app: hr,25,19829,19804
 0> <info> app: hr,26,19842,19858
 0> <info> app: hr,27,19819,19851
 0> <info> app: hr,28,19825,19835
 0> <info> app: hr,29,19823,19824
 0> <info> app: hr,30,19824,19825
 0> <info> app: hr,31,19829,19825
 0> <info> app: hr,32,19812,-15
 0> <info> app: hr,33,19816,-10
 0> <info> app: hr,34,19821,-5
 0> <info> app: hr,35,19826,0
 0> <info> app: hr,36,19829,3
 0> <info> app: hr,37,19822,-4
 0> <info> app: hr,38,19810,-15
 0> <info> app: hr,39,19844,18
 0> <info> app: hr,40,19841,14
 0> <info> app: hr,41,19834,7
 0> <info> app: hr,42,19812,-15
 0> <info> app: hr,43,19815,-11
 0> <info> app: hr,44,19822,-3
 0> <info> app: hr,45,19860,34
 0> <info> app: hr,46,19828,0
 0> <info> app: hr,47,19811,-16
 0> <info> app: hr,48,19814,-12
 0> <info> app: hr,49,19803,-22
 0> <info> app: hr,50,19845,20
 0> <info> app: hr,51,19827,1
 0> <info> app: hr,52,19834,8
 0> <info> app: hr,53,19813,-13
 0> <info> app: hr,54,19800,-25
 0> <info> app: hr,55,19807,-17
 0> <info> app: hr,56,19823,0
 0> <info> app: hr,57,19841,17
 0> <info> app: hr,58,19838,13
 0> <info> app: hr,59,19822,-3
 0> <info> app: hr,60,19826,1
 0> <info> app: hr,61,19834,9
 0> <info> app: hr,62,19836,10
 0> <info> app: hr,63,19822,-3
 0> <info> app: hr,64,19833,7
 0> <info> app: hr,65,19829,2
 0> <info> app: hr,66,19840,13
 0> <info> app: hr,67,19827,0
 0> <info> app: hr,68,19830,3
 0> <info> app: hr,69,19832,4
 0> <info> app: hr,70,19811,-16
 0> <info> app: hr,71,19835,8
 0> <info> app: hr,72,19836,9
 0> <info> app: hr,73,19830,2
 0> <info> app: hr,74,19843,15
 0> <info> app: hr,75,19834,5
 0> <info> app: hr,76,19835,6
 0> <info> app: hr,77,19835,6
 0> <info> app: hr,78,19848,18
 0> <info> app: hr,79,19804,-26
 0> <info> app: hr,80,19840,11
 0> <info> app: hr,81,19803,-26
 0> <info> app: hr,82,19791,-37
 0> <info> app: hr,83,19848,21
 0> <info> app: hr,84,19836,8
 0> <info> app: hr,85,19829,1
 0> <info> app: hr,86,19837,9
 0> <info> app: hr,87,19818,-10
 0> <info> app: hr,88,19849,21
 0> <info> app: hr,89,19844,15
 0> <info> app: hr,90,19830,0
 0> <info> app: hr,91,19831,1
 0> <info> app: hr,92,19832,2
 0> <info> app: hr,93,19836,6
 0> <info> app: hr,94,19844,13
 0> <info> app: hr,95,19848,17
 0> <info> app: hr,96,19854,22
 0> <info> app: hr,97,19833,0
 0> <info> app: hr,98,19829,-3
 0> <info> app: hr,99,19850,17
 0> <info> app: hr,100,19833,0
 0> <info> app: hr,101,19835,1
 0> <info> app: hr,102,19820,-13
 0> <info> app: hr,103,19842,9
 0> <info> app: hr,104,19836,2
 0> <info> app: hr,105,19814,-19
 0> <info> app: hr,106,19840,7
 0> <info> app: hr,107,19838,5
 0> <info> app: hr,108,19832,-1
 0> <info> app: hr,109,19866,32
 0> <info> app: hr,110,19835,0
 0> <info> app: hr,111,19836,1
 0> <info> app: hr,112,19827,-7
 0> <info> app: hr,113,19857,22
 0> <info> app: hr,114,19882,46
 0> <info> app: hr,115,19840,2
 0> <info> app: hr,116,19828,-9
 0> <info> app: hr,117,19853,15
 0> <info> app: hr,118,19836,-2
 0> <info> app: hr,119,19820,-18
 0> <info> app: hr,120,19827,-10
 0> <info> app: hr,121,19839,2
 0> <info> app: hr,122,19810,-26
 0> <info> app: hr,123,19820,-15
 0> <info> app: hr,124,19819,-15
 0> <info> app: hr,125,19817,-16
 0> <info> app: hr,126,19815,-18
 0> <info> app: hr,127,19833,0
 0> <info> app: hr,128,19835,2
 0> <info> app: hr,129,19829,-3
 0> <info> app: hr,130,19841,8
 0> <info> app: hr,131,19829,-3
 0> <info> app: hr,132,19837,4
 0> <info> app: hr,133,19822,-10
 0> <info> app: hr,134,19825,-7
 0> <info> app: hr,135,19838,6
 0> <info> app: hr,136,19826,-6
 0> <info> app: hr,137,19841,9
 0> <info> app: hr,138,19831,-1
 0> <info> app: hr,139,19825,-7
 0> <info> app: hr,140,19840,8
 0> <info> app: hr,141,19847,14
 0> <info> app: hr,142,19821,-11
 0> <info> app: hr,143,19852,19
 0> <info> app: hr,144,19844,10
 0> <info> app: hr,145,19850,16
 0> <info> app: hr,146,19833,-1
 0> <info> app: hr,147,19828,-6
 0> <info> app: hr,148,19839,4
 0> <info> app: hr,149,19824,-10
 0> <info> app: hr,150,19827,-6
 0> <info> app: hr,151,19834,0
 0> <info> app: hr,152,19828,-5
 0> <info> app: hr,153,19869,35
 0> <info> app: hr,154,19847,11
 0> <info> app: hr,155,19864,28
 0> <info> app: hr,156,19827,-10
 0> <info> app: hr,157,19845,8
 0> <info> app: hr,158,19831,-6
 0> <info> app: hr,159,19823,-13
 0> <info> app: hr,160,19808,-28
 0> <info> app: hr,161,19842,7
 0> <info> app: hr,162,19824,-11
 0> <info> app: hr,163,19822,-12
 0> <info> app: hr,164,19837,3
 0> <info> app: hr,165,19790,-44
 0> <info> app: hr,166,19819,-12
 0> <info> app: hr,167,19818,-13
 0> <info> app: hr,168,19832,1
 0> <info> app: hr,169,19825,-5
 0> <info> app: hr,170,19821,-9
 0> <info> app: hr,171,19831,1
 0> <info> app: hr,172,19828,-1
 0> <info> app: hr,173,19820,-9
 0> <info> app: hr,174,19823,-6
 0> <info> app: hr,175,19828,-1
 0> <info> app: hr,176,19823,-5
 0> <info> app: hr,177,19840,11
 0> <info> app: hr,178,19816,-13
 0> <info> app: hr,179,19839,10
 0> <info> app: hr,180,19838,8
 0> <info> app: hr,181,19829,0
 0> <info> app: hr,182,19822,-7
 0> <info> app: hr,183,19830,0
 0> <info> app: hr,184,19811,-18
 0> <info> app: hr,185,19843,14
 0> <info> app: hr,186,19846,17
 0> <info> app: hr,187,19799,-30
 0> <info> app: hr,188,19828,0
 0> <info> app: hr,189,19828,0
 0> <info> app: hr,190,19831,2
 0> <info> app: hr,191,19832,3
 0> <info> app: hr,192,19831,2
 0> <info> app: hr,193,19842,13
 0> <info> app: hr,194,19816,-13
 0> <info> app: hr,195,19832,3
 0> <info> app: hr,196,19831,2
 0> <info> app: hr,197,19846,17
 0> <info> app: hr,198,19830,0
 0> <info> app: hr,199,19830,0
 0> <info> app: hr,200,19806,-23
 0> <info> app: hr,201,19843,14
 0> <info> app: hr,202,19837,7
 0> <info> app: hr,203,19835,5
 0> <info> app: hr,204,19817,-13
 0> <info> app: hr,205,19837,7
 0> <info> app: hr,206,19848,18
 0> <info> app: hr,207,19820,-10
 0> <info> app: hr,208,19842,11
 0> <info> app: hr,209,19826,-4
 0> <info> app: hr,210,19805,-25
 0> <info> app: hr,211,19829,0
 0> <info> app: hr,212,19854,24
 0> <info> app: hr,213,19853,22
 0> <info> app: hr,214,19817,-14
 0> <info> app: hr,215,19817,-13
 0> <info> app: hr,216,19833,2
 0> <info> app: hr,217,19810,-20
 0> <info> app: hr,218,19859,29
 0> <info> app: hr,219,19847,16
 0> <info> app: hr,220,19851,19
 0> <info> app: hr,221,19854,21
 0> <info> app: hr,222,19825,-8
 0> <info> app: hr,223,19816,-17
 0> <info> app: hr,224,19800,-32
 0> <info> app: hr,225,19849,18
 0> <info> app: hr,226,19834,2
 0> <info> app: hr,227,19849,17
 0> <info> app: hr,228,19827,-5
 0> <info> app: hr,229,19808,-24
 0> <info> app: hr,230,19834,2
 0> <info> app: hr,231,19815,-16
 0> <info> app: hr,232,19841,10
 0> <info> app: hr,233,19812,-18
 0> <info> app: hr,234,19818,-12
 0> <info> app: hr,235,19832,2
 0> <info> app: hr,236,19840,10
 0> <info> app: hr,237,19842,11
 0> <info> app: hr,238,19816,-14
 0> <info> app: hr,239,19834,4
 0> <info> app: hr,240,19823,-7
 0> <info> app: hr,241,19820,-9
 0> <info> app: hr,242,19821,-8
 0> <info> app: hr,243,19833,4
 0> <info> app: hr,244,19835,5
 0> <info> app: hr,245,19829,0
 0> <info> app: hr,246,19851,21
 0> <info> app: hr,247,19815,-15
 0> <info> app: hr,248,19838,8
 0> <info> app: hr,249,19851,20
 0> <info> app: hr,250,19839,7
 0> <info> app: hr,251,19862,30
 0> <info> app: hr,252,19831,-2
 0> <info> app: hr,253,19818,-14
 0> <info> app: hr,254,19835,2
 0> <info> app: hr,255,19831,-1
 0> <info> app: hr,256,19808,-24
 0> <info> app: hr,257,19799,-32
 0> <info> app: hr,258,19850,20
 0> <info> app: hr,259,19819,-11
 0> <info> app: hr,260,19858,28
 0> <info> app: hr,261,19824,-7
 0> <info> app: hr,262,19818,-12
 0> <info> app: hr,263,19836,5
 0> <info> app: hr,264,19833,2
 0> <info> app: hr,265,19877,46
 0> <info> app: hr,266,19815,-18
 0> <info> app: hr,267,19840,7
 0> <info> app: hr,268,19825,-7
 0> <info> app: hr,269,19806,-26
 0> <info> app: hr,270,19838,7
 0> <info> app: hr,271,19833,1
 0> <info> app: hr,272,19865,33
 0> <info> app: hr,273,19828,-4
 0> <info> app: hr,274,19829,-3
 0> <info> app: hr,275,19815,-17
 0> <info> app: hr,276,19818,-13
 0> <info> app: hr,277,19860,29
 0> <info> app: hr,278,19810,-22
 0> <info> app: hr,279,19813,-18
 0> <info> app: hr,280,19843,12
 0> <info> app: hr,281,19830,-1
 0> <info> app: hr,282,19839,8
 0> <info> app: hr,283,19842,10
 0> <info> app: hr,284,19813,-18
 0> <info> app: hr,285,19814,-16
 0> <info> app: hr,286,19835,4
 0> <info> app: hr,287,19846,15
 0> <info> app: hr,288,19816,-15
 0> <info> app: hr,289,19830,0
 0> <info> app: hr,290,19848,17
 0> <info> app: hr,291,19816,-15
 0> <info> app: hr,292,19844,13
 0> <info> app: hr,293,19867,35
 0> <info> app: hr,294,19846,13
 0> <info> app: hr,295,19816,-17
 0> <info> app: hr,296,19833,0
 0> <info> app: hr,297,19841,8
 0> <info> app: hr,298,19834,0
 0> <info> app: hr,299,19817,-16
 0> <info> app: hr,300,19848,15
 0> <info> app: hr,301,19812,-21
 0> <info> app: hr,302,19839,6
 0> <info> app: hr,303,19815,-17
 0> <info> app: hr,304,19829,-2
 0> <info> app: hr,305,19831,0
 0> <info> app: hr,306,19821,-10
 0> <info> app: hr,307,19818,-12
 0> <info> app: hr,308,19824,-6
 0> <info> app: hr,309,19846,16
 0> <info> app: hr,310,19826,-4
 0> <info> app: hr,311,19839,8
 0> <info> app: hr,312,19834,3
 0> <info> app: hr,313,19834,2
 0> <info> app: hr,314,19858,26
 0> <info> app: hr,315,19853,20
 0> <info> app: hr,316,19821,-12
 0> <info> app: hr,317,19809,-23
 0> <info> app: hr,318,19838,6
 0> <info> app: hr,319,19804,-28
 0> <info> app: hr,320,19827,-3
 0> <info> app: hr,321,19834,3
 0> <info> app: hr,322,19839,8
 0> <info> app: hr,323,19835,3
 0> <info> app: hr,324,19819,-12
 0> <info> app: hr,325,19849,18
 0> <info> app: hr,326,19806,-25
 0> <info> app: hr,327,19831,0
 0> <info> app: hr,328,19833,2
 0> <info> app: hr,329,19822,-8
 0> <info> app: hr,330,19864,33
 0> <info> app: hr,331,19832,0
 0> <info> app: hr,332,19839,7
 0> <info> app: hr,333,19812,-20
 0> <info> app: hr,334,19855,23
 0> <info> app: hr,335,19826,-6
 0> <info> app: hr,336,19819,-12
 0> <info> app: hr,337,19837,5
 0> <info> app: hr,338,19840,8
 0> <info> app: hr,339,19838,5
 0> <info> app: hr,340,19851,18
 0> <info> app: hr,341,19835,1
 0> <info> app: hr,342,19827,-6
 0> <info> app: hr,343,19846,12
 0> <info> app: hr,344,19819,-14
 0> <info> app: hr,345,19863,30
 0> <info> app: hr,346,19848,13
 0> <info> app: hr,347,19837,1
 0> <info> app: hr,348,19849,13
 0> <info> app: hr,349,19838,2
 0> <info> app: hr,350,19864,27
 0> <info> app: hr,351,19795,-42
 0> <info> app: hr,352,19836,0
 0> <info> app: hr,353,19833,-2
 0> <info> app: hr,354,19845,9
 0> <info> app: hr,355,19846,10
 0> <info> app: hr,356,19836,0
 0> <info> app: hr,357,19827,-9
 0> <info> app: hr,358,19827,-8
 0> <info> app: hr,359,19824,-11
 0> <info> app: hr,360,19822,-12
 0> <info> app: hr,361,19844,9
 0> <info> app: hr,362,19827,-7
 0> <info> app: hr,363,19846,11
 0> <info> app: hr,364,19820,-14
 0> <info> app: hr,365,19827,-7
 0> <info> app: hr,366,19842,8
 0> <info> app: hr,367,19833,-1
 0> <info> app: hr,368,19823,-11
 0> <info> app: hr,369,19826,-7
 0> <info> app: hr,370,19833,0
 0> <info> app: hr,371,19850,16
 0> <info> app: hr,372,19831,-2
 0> <info> app: hr,373,19823,-10
 0> <info> app: hr,374,19827,-6
 0> <info> app: hr,375,19824,-8
 0> <info> app: hr,376,19828,-4
 0> <info> app: hr,377,19846,13
 0> <info> app: hr,378,19837,4
 0> <info> app: hr,379,19816,-17
 0> <info> app: hr,380,19829,-3
 0> <info> app: hr,381,19846,13
 0> <info> app: hr,382,19848,15
 0> <info> app: hr,383,19846,12
 0> <info> app: hr,384,19833,-1
 0> <info> app: hr,385,19859,24
 0> <info> app: hr,386,19812,-23
 0> <info> app: hr,387,19850,15
 0> <info> app: hr,388,19821,-14
 0> <info> app: hr,389,19834,0
 0> <info> app: hr,390,19827,-7
 0> <info> app: hr,391,19828,-5
 0> <info> app: hr,392,19848,14
 0> <info> app: hr,393,19843,8
 0> <info> app: hr,394,19861,26
 0> <info> app: hr,395,19857,20
 0> <info> app: hr,396,19849,11
 0> <info> app: hr,397,19830,-7
 0> <info> app: hr,398,19841,3
 0> <info> app: hr,399,19858,20
 0> <info> app: hr,400,19826,-12
 0> <info> app: hr,401,19835,-2
 0> <info> app: hr,402,19847,9
 0> <info> app: hr,403,19819,-19
 0> <info> app: hr,404,19854,16
 0> <info> app: hr,405,19850,11
 0> <info> app: hr,406,19857,18
 0> <info> app: hr,407,19848,8
 0> <info> app: hr,408,19842,1
 0> <info> app: hr,409,19846,5
 0> <info> app: hr,410,19845,4
 0> <info> app: hr,411,19828,-12
 0> <info> app: hr,412,19848,7
 0> <info> app: hr,413,19843,2
 0> <info> app: hr,414,19843,2
 0> <info> app: hr,415,19825,-15
 0> <info> app: hr,416,19835,-4
 0> <info> app: hr,417,19820,-19
 0> <info> app: hr,418,19859,20
 0> <info> app: hr,419,19859,19
 0> <info> app: hr,420,19818,-22
 0> <info> app: hr,421,19868,28
 0> <info> app: hr,422,19844,3
 0> <info> app: hr,423,19842,0
 0> <info> app: hr,424,19847,5
 0> <info> app: hr,425,19831,-10
 0> <info> app: hr,426,19820,-20
 0> <info> app: hr,427,19825,-14
 0> <info> app: hr,428,19841,1
 0> <info> app: hr,429,19821,-18
 0> <info> app: hr,430,19837,-1
 0> <info> app: hr,431,19841,2
 0> <info> app: hr,432,19840,1
 0> <info> app: hr,433,19811,-27
 0> <info> app: hr,434,19835,-2
 0> <info> app: hr,435,19835,-1
 0> <info> app: hr,436,19862,25
 0> <info> app: hr,437,19824,-14
 0> <info> app: hr,438,19811,-26
 0> <info> app: hr,439,19839,2
 0> <info> app: hr,440,19835,-1
 0> <info> app: hr,441,19854,17
 0> <info> app: hr,442,19829,-8
 0> <info> app: hr,443,19820,-16
 0> <info> app: hr,444,19835,0
 0> <info> app: hr,445,19836,0
 0> <info> app: hr,446,19855,19
 0> <info> app: hr,447,19817,-19
 0> <info> app: hr,448,19821,-14
 0> <info> app: hr,449,19821,-14
 0> <info> app: hr,450,19839,4
 0> <info> app: hr,451,19826,-8
 0> <info> app: hr,452,19845,10
 0> <info> app: hr,453,19830,-4
 0> <info> app: hr,454,19834,0
 0> <info> app: hr,455,19823,-11
 0> <info> app: hr,456,19831,-2
 0> <info> app: hr,457,19822,-11
 0> <info> app: hr,458,19836,2
 0> <info> app: hr,459,19832,-1
 0> <info> app: hr,460,19815,-18
 0> <info> app: hr,461,19818,-14
 0> <info> app: hr,462,19835,3
 0> <info> app: hr,463,19840,8
 0> <info> app: hr,464,19834,1
 0> <info> app: hr,465,19809,-23
 0> <info> app: hr,466,19815,-16
 0> <info> app: hr,467,19812,-18
 0> <info> app: hr,468,19840,10
 0> <info> app: hr,469,19844,14
 0> <info> app: hr,470,19855,24
 0> <info> app: hr,471,19844,12
 0> <info> app: hr,472,19836,3
 0> <info> app: hr,473,19827,-5
 0> <info> app: hr,474,19840,7
 0> <info> app: hr,475,19812,-20
 0> <info> app: hr,476,19852,20
 0> <info> app: hr,477,19830,-2
 0> <info> app: hr,478,19831,-1
 0> <info> app: hr,479,19818,-14
 0> <info> app: hr,480,19830,-1
 0> <info> app: hr,481,19820,-11
 0> <info> app: hr,482,19834,2
 0> <info> app: hr,483,19867,35
 0> <info> app: hr,484,19799,-34
 0> <info> app: hr,485,19815,-16
 0> <info> app: hr,486,19814,-16
 0> <info> app: hr,487,19830,0
 0> <info> app: hr,488,19808,-21
 0> <info> app: hr,489,19835,6
 0> <info> app: hr,490,19847,18
 0> <info> app: hr,491,19826,-3
 0> <info> app: hr,492,19820,-9
 0> <info> app: hr,493,19823,-6
 0> <info> app: hr,494,19811,-17
 0> <info> app: hr,495,19850,22
 0> <info> app: hr,496,19822,-7
 0> <info> app: hr,497,19806,-22
 0> <info> app: hr,498,19818,-9
 0> <info> app: hr,499,19821,-6
 0> <info> app: hr,500,19824,-2
 0> <info> app: hr,501,19829,2
 0> <info> app: hr,502,19840,13
 0> <info> app: hr,503,19814,-13
 0> <info> app: hr,504,19801,-25
 0> <info> app: hr,505,19850,24
 0> <info> app: hr,506,19825,-1
 0> <info> app: hr,507,19842,15
 0> <info> app: hr,508,19809,-18
 0> <info> app: hr,509,19819,-7
 0> <info> app: hr,510,19836,9
 0> <info> app: hr,511,19836,9
 0> <info> app: hr,512,19841,13
 0> <info> app: hr,513,19790,-37
 0> <info> app: hr,514,19841,15
 0> <info> app: hr,515,19818,-8
 0> <info> app: hr,516,19830,3
 0> <info> app: hr,517,19856,29
 0> <info> app: hr,518,19833,5
 0> <info> app: hr,519,19815,-13
 0> <info> app: hr,520,19820,-7
 0> <info> app: hr,521,19837,9
 0> <info> app: hr,522,19819,-8
 0> <info> app: hr,523,19814,-13
 0> <info> app: hr,524,19826,0
 0> <info> app: hr,525,19823,-3
 0> <info> app: hr,526,19818,-8
 0> <info> app: hr,527,19850,24
 0> <info> app: hr,528,19825,-2
 0> <info> app: hr,529,19830,3
 0> <info> app: hr,530,19820,-7
 0> <info> app: hr,531,19833,6
 0> <info> app: hr,532,19823,-4
 0> <info> app: hr,533,19811,-15
 0> <info> app: hr,534,19851,24
 0> <info> app: hr,535,19855,27
 0> <info> app: hr,536,19813,-15
 0> <info> app: hr,537,19840,12
 0> <info> app: hr,538,19820,-8
 0> <info> app: hr,539,19824,-4
 0> <info> app: hr,540,19831,3
 0> <info> app: hr,541,19834,5
 0> <info> app: hr,542,19832,3
 0> <info> app: hr,543,19811,-17
 0> <info> app: hr,544,19808,-19
 0> <info> app: hr,545,19820,-6
 0> <info> app: hr,546,19818,-8
 0> <info> app: hr,547,19830,4
 0> <info> app: hr,548,19830,3
 0> <info> app: hr,549,19845,18
 0> <info> app: hr,550,19811,-16
 0> <info> app: hr,551,19812,-14
 0> <info> app: hr,552,19831,5
 0> <info> app: hr,553,19809,-16
 0> <info> app: hr,554,19835,9
 0> <info> app: hr,555,19845,19
 0> <info> app: hr,556,19781,-45
 0> <info> app: hr,557,19851,26
 0> <info> app: hr,558,19824,-1
 0> <info> app: hr,559,19839,13
 0> <info> app: hr,560,19830,3
 0> <info> app: hr,561,19826,0
 0> <info> app: hr,562,19836,9
 0> <info> app: hr,563,19811,-15
 0> <info> app: hr,564,19832,5
 0> <info> app: hr,565,19818,-8
 0> <info> app: hr,566,19818,-7
 0> <info> app: hr,567,19824,-1
 0> <info> app: hr,568,19829,3
 0> <info> app: hr,569,19839,13
 0> <info> app: hr,570,19833,6
 0> <info> app: hr,571,19829,2
 0> <info> app: hr,572,19818,-8
 0> <info> app: hr,573,19837,10
 0> <info> app: hr,574,19843,16
 0> <info> app: hr,575,19812,-15
 0> <info> app: hr,576,19836,9
 0> <info> app: hr,577,19819,-8
 0> <info> app: hr,578,19819,-7
 0> <info> app: hr,579,19826,0
 0> <info> app: hr,580,19848,21
 0> <info> app: hr,581,19829,1
 0> <info> app: hr,582,19829,1
 0> <info> app: hr,583,19835,7
 0> <info> app: hr,584,19824,-4
 0> <info> app: hr,585,19832,4
 0> <info> app: hr,586,19853,24
 0> <info> app: hr,587,19823,-6
 0> <info> app: hr,588,19824,-5
 0> <info> app: hr,589,19857,28
 0> <info> app: hr,590,19820,-10
 0> <info> app: hr,591,19844,14
 0> <info> app: hr,592,19838,7
 0> <info> app: hr,593,19836,5
 0> <info> app: hr,594,19832,0
 0> <info> app: hr,595,19834,2
 0> <info> app: hr,596,19847,15
 0> <info> app: hr,597,19844,11
 0> <info> app: hr,598,19813,-19
 0> <info> app: hr,599,19827,-4
 0> <info> app: hr,600,19833,1
 0> <info> app: hr,601,19820,-11
 0> <info> app: hr,602,19833,2
 0> <info> app: hr,603,19822,-9
 0> <info> app: hr,604,19845,14
 0> <info> app: hr,605,19843,11
 0> <info> app: hr,606,19817,-14
 0> <info> app: hr,607,19836,4
 0> <info> app: hr,608,19831,0
 0> <info> app: hr,609,19828,-3
 0> <info> app: hr,610,19850,18
 0> <info> app: hr,611,19869,36
 0> <info> app: hr,612,19817,-16
 0> <info> app: hr,613,19842,8
 0> <info> app: hr,614,19819,-14
 0> <info> app: hr,615,19843,10
 0> <info> app: hr,616,19810,-23
 0> <info> app: hr,617,19841,8
 0> <info> app: hr,618,19815,-17
 0> <info> app: hr,619,19832,0
 0> <info> app: hr,620,19831,0
 0> <info> app: hr,621,19816,-15
 0> <info> app: hr,622,19828,-2
 0> <info> app: hr,623,19853,22
 0> <info> app: hr,624,19836,4
 0> <info> app: hr,625,19836,3
 0> <info> app: hr,626,19833,0
 0> <info> app: hr,627,19838,5
 0> <info> app: hr,628,19819,-13
 0> <info> app: hr,629,19823,-8
 0> <info> app: hr,630,19825,-6
 0> <info> app: hr,631,19806,-25
 0> <info> app: hr,632,19837,7
 0> <info> app: hr,633,19864,33
 0> <info> app: hr,634,19850,18
 0> <info> app: hr,635,19824,-8
 0> <info> app: hr,636,19874,41
 0> <info> app: hr,637,19844,9
 0> <info> app: hr,638,19842,7
 0> <info> app: hr,639,19854,18
 0> <info> app: hr,640,19845,8
 0> <info> app: hr,641,19849,12
 0> <info> app: hr,642,19848,10
 0> <info> app: hr,643,19844,6
 0> <info> app: hr,644,19842,3
 0> <info> app: hr,645,19840,1
 0> <info> app: hr,646,19860,21
 0> <info> app: hr,647,19816,-23
 0> <info> app: hr,648,19860,21
 0> <info> app: hr,649,19820,-19
 0> <info> app: hr,650,19820,-18
 0> <info> app: hr,651,19859,21
 0> <info> app: hr,652,19849,10
 0> <info> app: hr,653,19845,5
 0> <info> app: hr,654,19829,-10
 0> <info> app: hr,655,19831,-7
 0> <info> app: hr,656,19838,0
 0> <info> app: hr,657,19841,2
 0> <info> app: hr,658,19840,1
 0> <info> app: hr,659,19846,7
 0> <info> app: hr,660,19834,-5
 0> <info> app: hr,661,19835,-3
 0> <info> app: hr,662,19828,-10
 0> <info> app: hr,663,19831,-7
 0> <info> app: hr,664,19836,-1
 0> <info> app: hr,665,19830,-7
 0> <info> app: hr,666,19839,1
 0> <info> app: hr,667,19854,16
 0> <info> app: hr,668,19808,-30
 0> <info> app: hr,669,19837,0
 0> <info> app: hr,670,19833,-3
 0> <info> app: hr,671,19857,20
 0> <info> app: hr,672,19827,-10
 0> <info> app: hr,673,19841,4
 0> <info> app: hr,674,19824,-13
 0> <info> app: hr,675,19826,-10
 0> <info> app: hr,676,19855,18
 0> <info> app: hr,677,19839,2
 0> <info> app: hr,678,19817,-20
 0> <info> app: hr,679,19844,7
 0> <info> app: hr,680,19857,20
 0> <info> app: hr,681,19838,0
 0> <info> app: hr,682,19825,-12
 0> <info> app: hr,683,19834,-2
 0> <info> app: hr,684,19843,6
 0> <info> app: hr,685,19815,-22
 0> <info> app: hr,686,19834,-1
 0> <info> app: hr,687,19815,-20
 0> <info> app: hr,688,19819,-15
 0> <info> app: hr,689,19835,0
 0> <info> app: hr,690,19836,1
 0> <info> app: hr,691,19862,27
 0> <info> app: hr,692,19838,2
 0> <info> app: hr,693,19837,1
 0> <info> app: hr,694,19837,1
 0> <info> app: hr,695,19832,-3
 0> <info> app: hr,696,19811,-24
 0> <info> app: hr,697,19835,0
 0> <info> app: hr,698,19838,3
 0> <info> app: hr,699,19830,-4
 0> <info> app: hr,700,19803,-31
 0> <info> app: hr,701,19828,-4
 0> <info> app: hr,702,19829,-3
 0> <info> app: hr,703,19842,9
 0> <info> app: hr,704,19865,32
 0> <info> app: hr,705,19837,2
 0> <info> app: hr,706,19857,22
 0> <info> app: hr,707,19818,-17
 0> <info> app: hr,708,19823,-11
 0> <info> app: hr,709,19804,-30
 0> <info> app: hr,710,19814,-18
 0> <info> app: hr,711,19830,-1
 0> <info> app: hr,712,19828,-3
 0> <info> app: hr,713,19828,-3
 0> <info> app: hr,714,19868,36
 0> <info> app: hr,715,19837,3
 0> <info> app: hr,716,19858,24
 0> <info> app: hr,717,19847,12
 0> <info> app: hr,718,19801,-34
 0> <info> app: hr,719,19828,-5
 0> <info> app: hr,720,19830,-3
 0> <info> app: hr,721,19863,29
 0> <info> app: hr,722,19821,-13
 0> <info> app: hr,723,19817,-16
 0> <info> app: hr,724,19816,-17
 0> <info> app: hr,725,19817,-15
 0> <info> app: hr,726,19828,-3
 0> <info> app: hr,727,19810,-21
 0> <info> app: hr,728,19823,-7
 0> <info> app: hr,729,19825,-4
 0> <info> app: hr,730,19832,2
 0> <info> app: hr,731,19828,-1
 0> <info> app: hr,732,19825,-4
 0> <info> app: hr,733,19839,9
 0> <info> app: hr,734,19838,8
 0> <info> app: hr,735,19839,8
 0> <info> app: hr,736,19805,-25
 0> <info> app: hr,737,19815,-14
 0> <info> app: hr,738,19823,-5
 0> <info> app: hr,739,19823,-5
 0> <info> app: hr,740,19827,-1
 0> <info> app: hr,741,19831,2
 0> <info> app: hr,742,19811,-17
 0> <info> app: hr,743,19834,6
 0> <info> app: hr,744,19809,-18
 0> <info> app: hr,745,19846,19
 0> <info> app: hr,746,19812,-15
 0> <info> app: hr,747,19802,-24
 0> <info> app: hr,748,19831,5
 0> <info> app: hr,749,19839,13
 0> <info> app: hr,750,19846,19
 0> <info> app: hr,751,19827,0
 0> <info> app: hr,752,19837,9
 0> <info> app: hr,753,19825,-3
 0> <info> app: hr,754,19808,-19
 0> <info> app: hr,755,19809,-17
 0> <info> app: hr,756,19829,3
 0> <info> app: hr,757,19820,-6
 0> <info> app: hr,758,19846,20
 0> <info> app: hr,759,19836,9
 0> <info> app: hr,760,19837,9
 0> <info> app: hr,761,19836,8
 0> <info> app: hr,762,19836,7
 0> <info> app: hr,763,19832,3
 0> <info> app: hr,764,19832,3
 0> <info> app: hr,765,19811,-17
 0> <info> app: hr,766,19842,13
 0> <info> app: hr,767,19835,6
 0> <info> app: hr,768,19836,6
 0> <info> app: hr,769,19834,4
 0> <info> app: hr,770,19810,-19
 0> <info> app: hr,771,19822,-6
 0> <info> app: hr,772,19827,-1
 0> <info> app: hr,773,19850,21
 0> <info> app: hr,774,19803,-26
 0> <info> app: hr,775,19827,-1
 0> <info> app: hr,776,19833,5
 0> <info> app: hr,777,19819,-9
 0> <info> app: hr,778,19830,2
 0> <info> app: hr,779,19830,2
 0> <info> app: hr,780,19847,19
 0> <info> app: hr,781,19823,-5
 0> <info> app: hr,782,19806,-22
 0> <info> app: hr,783,19822,-5
 0> <info> app: hr,784,19830,2
 0> <info> app: hr,785,19822,-5
 0> <info> app: hr,786,19834,6
 0> <info> app: hr,787,19849,21
 0> <info> app: hr,788,19823,-5
 0> <info> app: hr,789,19844,15
 0> <info> app: hr,790,19804,-25
 0> <info> app: hr,791,19817,-10
 0> <info> app: hr,792,19842,14
 0> <info> app: hr,793,19830,2
 0> <info> app: hr,794,19834,5
 0> <info> app: hr,795,19844,15
 0> <info> app: hr,796,19818,-11
 0> <info> app: hr,797,19844,15
 0> <info> app: hr,798,19853,23
 0> <info> app: hr,799,19811,-19
 0> <info> app: hr,800,19824,-5
 0> <info> app: hr,801,19841,11
 0> <info> app: hr,802,19832,2
 0> <info> app: hr,803,19822,-7
 0> <info> app: hr,804,19822,-7
 0> <info> app: hr,805,19812,-17
 0> <info> app: hr,806,19836,7
 0> <info> app: hr,807,19829,0
 0> <info> app: hr,808,19820,-8
 0> <info> app: hr,809,19830,1
 0> <info> app: hr,810,19850,21
 0> <info> app: hr,811,19838,8
 0> <info> app: hr,812,19831,1
 0> <info> app: hr,813,19829,0
 0> <info> app: hr,814,19847,17
 0> <info> app: hr,815,19840,9
 0> <info> app: hr,816,19842,10
 0> <info> app: hr,817,19820,-11
 0> <info> app: hr,818,19827,-4
 0> <info> app: hr,819,19838,7
 0> <info> app: hr,820,19828,-3
 0> <info> app: hr,821,19830,-1
 0> <info> app: hr,822,19831,0
 0> <info> app: hr,823,19832,0
 0> <info> app: hr,824,19832,0
 0> <info> app: hr,825,19806,-25
 0> <info> app: hr,826,19842,12
 0> <info> app: hr,827,19836,5
 0> <info> app: hr,828,19843,12
 0> <info> app: hr,829,19820,-11
 0> <info> app: hr,830,19814,-16
 0> <info> app: hr,831,19838,8
 0> <info> app: hr,832,19836,5
 0> <info> app: hr,833,19827,-3
 0> <info> app: hr,834,19825,-5
 0> <info> app: hr,835,19826,-4
 0> <info> app: hr,836,19834,3
 0> <info> app: hr,837,19834,3
 0> <info> app: hr,838,19815,-15
 0> <info> app: hr,839,19811,-18
 0> <info> app: hr,840,19839,10
 0> <info> app: hr,841,19822,-7
 0> <info> app: hr,842,19838,9
 0> <info> app: hr,843,19824,-5
 0> <info> app: hr,844,19825,-4
 0> <info> app: hr,845,19837,8
 0> <info> app: hr,846,19817,-12
 0> <info> app: hr,847,19823,-5
 0> <info> app: hr,848,19833,4
 0> <info> app: hr,849,19844,15
 0> <info> app: hr,850,19843,13
 0> <info> app: hr,851,19831,0
 0> <info> app: hr,852,19834,3
 0> <info> app: hr,853,19824,-6
 0> <info> app: hr,854,19813,-16
 0> <info> app: hr,855,19824,-5
 0> <info> app: hr,856,19808,-20
 0> <info> app: hr,857,19838,10
 0> <info> app: hr,858,19848,19
 0> <info> app: hr,859,19849,19
 0> <info> app: hr,860,19844,13
 0> <info> app: hr,861,19860,29
 0> <info> app: hr,862,19827,-5
 0> <info> app: hr,863,19834,1
 0> <info> app: hr,864,19854,21
 0> <info> app: hr,865,19849,15
 0> <info> app: hr,866,19843,8
 0> <info> app: hr,867,19846,11
 0> <info> app: hr,868,19832,-3
 0> <info> app: hr,869,19863,28
 0> <info> app: hr,870,19819,-17
 0> <info> app: hr,871,19818,-17
 0> <info> app: hr,872,19823,-11
 0> <info> app: hr,873,19830,-4
 0> <info> app: hr,874,19873,39
 0> <info> app: hr,875,19840,4
 0> <info> app: hr,876,19829,-7
 0> <info> app: hr,877,19837,1
 0> <info> app: hr,878,19829,-6
 0> <info> app: hr,879,19874,38
 0> <info> app: hr,880,19840,2
 0> <info> app: hr,881,19823,-14
 0> <info> app: hr,882,19848,11
 0> <info> app: hr,883,19838,0
 0> <info> app: hr,884,19852,14
 0> <info> app: hr,885,19846,7
 0> <info> app: hr,886,19802,-36
 0> <info> app: hr,887,19818,-18
 0> <info> app: hr,888,19847,11
 0> <info> app: hr,889,19847,10
 0> <info> app: hr,890,19846,9
 0> <info> app: hr,891,19838,0
 0> <info> app: hr,892,19835,-2
 0> <info> app: hr,893,19852,14
 0> <info> app: hr,894,19831,-6
 0> <info> app: hr,895,19845,7
 0> <info> app: hr,896,19820,-17
 0> <info> app: hr,897,19830,-7
 0> <info> app: hr,898,19835,-1
 0> <info> app: hr,899,19836,0
 0> <info> app: hr,900,19837,0
 0> <info> app: hr,901,19838,1
 0> <info> app: hr,902,19844,7
 0> <info> app: hr,903,19843,5
 0> <info> app: hr,904,19843,5
 0> <info> app: hr,905,19829,-8
 0> <info> app: hr,906,19842,4
 0> <info> app: hr,907,19836,-1
 0> <info> app: hr,908,19830,-7
 0> <info> app: hr,909,19856,19
 0> <info> app: hr,910,19834,-3
 0> <info> app: hr,911,19820,-17
 0> <info> app: hr,912,19816,-20
 0> <info> app: hr,913,19848,12
 0> <info> app: hr,914,19832,-4
 0> <info> app: hr,915,19799,-37
 0> <info> app: hr,916,19840,5
 0> <info> app: hr,917,19855,20
 0> <info> app: hr,918,19851,15
 0> <info> app: hr,919,19856,19
 0> <info> app: hr,920,19838,0
 0> <info> app: hr,921,19836,-1
 0> <info> app: hr,922,19843,5
 0> <info> app: hr,923,19845,7
 0> <info> app: hr,924,19823,-15
 0> <info> app: hr,925,19839,1
 0> <info> app: hr,926,19861,23
 0> <info> app: hr,927,19815,-23
 0> <info> app: hr,928,19843,5
 0> <info> app: hr,929,19858,20
 0> <info> app: hr,930,19838,0
 0> <info> app: hr,931,19874,35
 0> <info> app: hr,932,19848,7
 0> <info> app: hr,933,19847,6
 0> <info> app: hr,934,19861,19
 0> <info> app: hr,935,19866,23
 0> <info> app: hr,936,19875,31
 0> <info> app: hr,937,19858,13
 0> <info> app: hr,938,19828,-17
 0> <info> app: hr,939,19851,6
 0> <info> app: hr,940,19849,4
 0> <info> app: hr,941,19856,10
 0> <info> app: hr,942,19856,10
 0> <info> app: hr,943,19831,-15
 0> <info> app: hr,944,19829,-16
 0> <info> app: hr,945,19834,-10
 0> <info> app: hr,946,19856,11
 0> <info> app: hr,947,19860,15
 0> <info> app: hr,948,19865,19
 0> <info> app: hr,949,19831,-15
 0> <info> app: hr,950,19825,-20
 0> <info> app: hr,951,19821,-23
 0> <info> app: hr,952,19850,6
 0> <info> app: hr,953,19847,3
 0> <info> app: hr,954,19834,-9
 0> <info> app: hr,955,19851,7
 0> <info> app: hr,956,19840,-3
 0> <info> app: hr,957,19837,-6
 0> <info> app: hr,958,19835,-8
 0> <info> app: hr,959,19825,-17
 0> <info> app: hr,960,19827,-14
 0> <info> app: hr,961,19845,3
 0> <info> app: hr,962,19831,-10
 0> <info> app: hr,963,19837,-3
 0> <info> app: hr,964,19839,-1
 0> <info> app: hr,965,19822,-18
 0> <info> app: hr,966,19835,-4
 0> <info> app: hr,967,19838,-1
 0> <info> app: hr,968,19816,-23
 0> <info> app: hr,969,19838,0
 0> <info> app: hr,970,19809,-29
 0> <info> app: hr,971,19835,-1
 0> <info> app: hr,972,19821,-15
 0> <info> app: hr,973,19824,-11
 0> <info> app: hr,974,19820,-15
 0> <info> app: hr,975,19820,-14
 0> <info> app: hr,976,19826,-7
 0> <info> app: hr,977,19827,-6
 0> <info> app: hr,978,19840,6
 0> <info> app: hr,979,19830,-3
 0> <info> app: hr,980,19822,-11
 0> <info> app: hr,981,19809,-23
 0> <info> app: hr,982,19818,-13
 0> <info> app: hr,983,19829,-1
 0> <info> app: hr,984,19821,-9
 0> <info> app: hr,985,19813,-17
 0> <info> app: hr,986,19818,-11
 0> <info> app: hr,987,19808,-20
 0> <info> app: hr,988,19835,7
 0> <info> app: hr,989,19852,23
 0> <info> app: hr,990,19826,-3
 0> <info> app: hr,991,19825,-4
 0> <info> app: hr,992,19813,-15
 0> <info> app: hr,993,19795,-33
 0> <info> app: hr,994,19824,-2
 0> <info> app: hr,995,19832,5
 0> <info> app: hr,996,19813,-13
 0> <info> app: hr,997,19811,-14
 0> <info> app: hr,998,19823,-2
 0> <info> app: hr,999,19817,-8
 0> <info> app: hr,1000,19825,0
 0> <info> app: hr,1001,19842,17
 0> <info> app: hr,1002,19840,14
 0> <info> app: hr,1003,19829,2
 0> <info> app: hr,1004,19818,-8
 0> <info> app: hr,1005,19821,-5
 0> <info> app: hr,1006,19820,-5
 0> <info> app: hr,1007,19813,-12
 0> <info> app: hr,1008,19843,18
 0> <info> app: hr,1009,19818,-7
 0> <info> app: hr,1010,19810,-15
 0> <info> app: hr,1011,19836,11
 0> <info> app: hr,1012,19830,4
 0> <info> app: hr,1013,19850,24
 0> <info> app: hr,1014,19810,-16
 0> <info> app: hr,1015,19824,-1
 0> <info> app: hr,1016,19837,11
 0> <info> app: hr,1017,19809,-17
 0> <info> app: hr,1018,19847,21
 0> <info> app: hr,1019,19817,-9
 0> <info> app: hr,1020,19811,-15
 0> <info> app: hr,1021,19822,-3
 0> <info> app: hr,1022,19816,-9
 0> <info> app: hr,1023,19838,13
 0> <info> app: hr,1024,19803,-22
 0> <info> app: hr,1025,19831,6
 0> <info> app: hr,1026,19818,-6
 0> <info> app: hr,1027,19802,-22
 0> <info> app: hr,1028,19836,12
 0> <info> app: hr,1029,19826,2
 0> <info> app: hr,1030,19816,-7
 0> <info> app: hr,1031,19823,0
 0> <info> app: hr,1032,19834,10
 0> <info> app: hr,1033,19837,13
 0> <info> app: hr,1034,19816,-8
 0> <info> app: hr,1035,19824,0
 0> <info> app: hr,1036,19833,8
 0> <info> app: hr,1037,19828,3
 0> <info> app: hr,1038,19819,-5
 0> <info> app: hr,1039,19816,-8
 0> <info> app: hr,1040,19835,10
 0> <info> app: hr,1041,19821,-3
 0> <info> app: hr,1042,19822,-2
 0> <info> app: hr,1043,19836,11
 0> <info> app: hr,1044,19817,-7
 0> <info> app: hr,1045,19821,-3
 0> <info> app: hr,1046,19829,4
 0> <info> app: hr,1047,19830,5
 0> <info> app: hr,1048,19842,17
 0> <info> app: hr,1049,19807,-18
 0> <info> app: hr,1050,19823,-1
 0> <info> app: hr,1051,19817,-7
 0> <info> app: hr,1052,19814,-10
 0> <info> app: hr,1053,19812,-11
 0> <info> app: hr,1054,19832,8
 0> <info> app: hr,1055,19850,26
 0> <info> app: hr,1056,19816,-8
 0> <info> app: hr,1057,19807,-17
 0> <info> app: hr,1058,19810,-13
 0> <info> app: hr,1059,19819,-3
 0> <info> app: hr,1060,19818,-4
 0> <info> app: hr,1061,19831,8
 0> <info> app: hr,1062,19816,-6
 0> <info> app: hr,1063,19834,11
 0> <info> app: hr,1064,19817,-6
 0> <info> app: hr,1065,19832,9
 0> <info> app: hr,1066,19848,24
 0> <info> app: hr,1067,19817,-7
 0> <info> app: hr,1068,19807,-17
 0> <info> app: hr,1069,19834,10
 0> <info> app: hr,1070,19815,-8
 0> <info> app: hr,1071,19808,-15
 0> <info> app: hr,1072,19799,-23
 0> <info> app: hr,1073,19823,1
 0> <info> app: hr,1074,19789,-32
 0> <info> app: hr,1075,19817,-2
 0> <info> app: hr,1076,19838,18
 0> <info> app: hr,1077,19817,-3
 0> <info> app: hr,1078,19822,1
 0> <info> app: hr,1079,19819,-1
 0> <info> app: hr,1080,19833,12
 0> <info> app: hr,1081,19816,-5
 0> <info> app: hr,1082,19844,23
 0> <info> app: hr,1083,19840,17
 0> <info> app: hr,1084,19822,0
 0> <info> app: hr,1085,19823,0
 0> <info> app: hr,1086,19797,-25
 0> <info> app: hr,1087,19823,1
 0> <info> app: hr,1088,19842,20
 0> <info> app: hr,1089,19829,6
 0> <info> app: hr,1090,19848,25
 0> <info> app: hr,1091,19831,6
 0> <info> app: hr,1092,19830,5
 0> <info> app: hr,1093,19822,-2
 0> <info> app: hr,1094,19839,14
 0> <info> app: hr,1095,19836,10
 0> <info> app: hr,1096,19829,3
 0> <info> app: hr,1097,19830,3
 0> <info> app: hr,1098,19841,14
 0> <info> app: hr,1099,19821,-6
 0> <info> app: hr,1100,19817,-9
 0> <info> app: hr,1101,19838,11
 0> <info> app: hr,1102,19824,-2
 0> <info> app: hr,1103,19820,-6
 0> <info> app: hr,1104,19831,4
 0> <info> app: hr,1105,19816,-10
 0> <info> app: hr,1106,19825,-1
 0> <info> app: hr,1107,19840,13
 0> <info> app: hr,1108,19823,-3
 0> <info> app: hr,1109,19821,-5
 0> <info> app: hr,1110,19826,0
 0> <info> app: hr,1111,19842,15
 0> <info> app: hr,1112,19816,-11
 0> <info> app: hr,1113,19826,0
 0> <info> app: hr,1114,19808,-18
 0> <info> app: hr,1115,19822,-3
 0> <info> app: hr,1116,19808,-17
 0> <info> app: hr,1117,19842,17
 0> <info> app: hr,1118,19827,1
 0> <info> app: hr,1119,19818,-7
 0> <info> app: hr,1120,19822,-3
 0> <info> app: hr,1121,19829,4
 0> <info> app: hr,1122,19836,10
 0> <info> app: hr,1123,19830,4
 0> <info> app: hr,1124,19805,-20
 0> <info> app: hr,1125,19816,-8
 0> <info> app: hr,1126,19829,4
 0> <info> app: hr,1127,19828,3
 0> <info> app: hr,1128,19832,7
 0> <info> app: hr,1129,19826,0
 0> <info> app: hr,1130,19854,28
 0> <info> app: hr,1131,19822,-4
 0> <info> app: hr,1132,19812,-14
 0> <info> app: hr,1133,19819,-6
 0> <info> app: hr,1134,19824,-1
 0> <info> app: hr,1135,19856,30
 0> <info> app: hr,1136,19833,6
 0> <info> app: hr,1137,19812,-15
 0> <info> app: hr,1138,19831,4
 0> <info> app: hr,1139,19807,-19
 0> <info> app: hr,1140,19850,24
 0> <info> app: hr,1141,19825,-1
 0> <info> app: hr,1142,19822,-4
 0> <info> app: hr,1143,19823,-3
 0> <info> app: hr,1144,19827,0
 0> <info> app: hr,1145,19832,5
 0> <info> app: hr,1146,19843,16
 0> <info> app: hr,1147,19833,5
 0> <info> app: hr,1148,19837,9
 0> <info> app: hr,1149,19817,-11
 0> <info> app: hr,1150,19839,11
 0> <info> app: hr,1151,19834,5
 0> <info> app: hr,1152,19813,-15
 0> <info> app: hr,1153,19823,-4
 0> <info> app: hr,1154,19843,15
 0> <info> app: hr,1155,19819,-9
 0> <info> app: hr,1156,19819,-8
 0> <info> app: hr,1157,19824,-3
 0> <info> app: hr,1158,19843,15
 0> <info> app: hr,1159,19821,-6
 0> <info> app: hr,1160,19835,7
 0> <info> app: hr,1161,19857,28
 0> <info> app: hr,1162,19847,17
 0> <info> app: hr,1163,19827,-3
 0> <info> app: hr,1164,19832,1
 0> <info> app: hr,1165,19824,-6
 0> <info> app: hr,1166,19820,-9
 0> <info> app: hr,1167,19835,5
 0> <info> app: hr,1168,19804,-25
 0> <info> app: hr,1169,19853,24
 0> <info> app: hr,1170,19831,1
 0> <info> app: hr,1171,19831,1
 0> <info> app: hr,1172,19830,0
 0> <info> app: hr,1173,19818,-11
 0> <info> app: hr,1174,19839,9
 0> <info> app: hr,1175,19826,-3
 0> <info> app: hr,1176,19841,11
 0> <info> app: hr,1177,19838,7
 0> <info> app: hr,1178,19835,4
 0> <info> app: hr,1179,19811,-19
 0> <info> app: hr,1180,19812,-17
 0> <info> app: hr,1181,19827,-1
 0> <info> app: hr,1182,19845,16
 0> <info> app: hr,1183,19839,9
 0> <info> app: hr,1184,19849,18
 0> <info> app: hr,1185,19842,11
 0> <info> app: hr,1186,19832,0
 0> <info> app: hr,1187,19822,-9
 0> <info> app: hr,1188,19845,13
 0> <info> app: hr,1189,19849,17
 0> <info> app: hr,1190,19849,16
 0> <info> app: hr,1191,19833,0
 0> <info> app: hr,1192,19805,-28
 0> <info> app: hr,1193,19840,7
 0> <info> app: hr,1194,19831,-1
 0> <info> app: hr,1195,19825,-7
 0> <info> app: hr,1196,19795,-36
 0> <info> app: hr,1197,19829,-1
 0> <info> app: hr,1198,19847,16
 0> <info> app: hr,1199,19831,0
 0> <info> app: hr,1200,19861,30
 0> <info> app: hr,1201,19824,-8
 0> <info> app: hr,1202,19838,5
 0> <info> app: hr,1203,19871,38
 0> <info> app: hr,1204,19848,13
 0> <info> app: hr,1205,19830,-4
 0> <info> app: hr,1206,19808,-26
 0> <info> app: hr,1207,19871,37
 0> <info> app: hr,1208,19832,-3
 0> <info> app: hr,1209,19847,11
 0> <info> app: hr,1210,19851,15
 0> <info> app: hr,1211,19840,3
 0> <info> app: hr,1212,19833,-3
 0> <info> app: hr,1213,19834,-2
 0> <info> app: hr,1214,19849,12
 0> <info> app: hr,1215,19814,-22
 0> <info> app: hr,1216,19842,6
 0> <info> app: hr,1217,19839,2
 0> <info> app: hr,1218,19834,-2
 0> <info> app: hr,1219,19845,8
 0> <info> app: hr,1220,19863,26
 0> <info> app: hr,1221,19840,2
 0> <info> app: hr,1222,19855,16
 0> <info> app: hr,1223,19866,27
 0> <info> app: hr,1224,19824,-16
 0> <info> app: hr,1225,19833,-6
 0> <info> app: hr,1226,19824,-15
 0> <info> app: hr,1227,19847,8
 0> <info> app: hr,1228,19853,14
 0> <info> app: hr,1229,19810,-29
 0> <info> app: hr,1230,19821,-16
 0> <info> app: hr,1231,19847,9
 0> <info> app: hr,1232,19847,9
 0> <info> app: hr,1233,19827,-11
 0> <info> app: hr,1234,19851,13
 0> <info> app: hr,1235,19834,-4
 0> <info> app: hr,1236,19834,-4
 0> <info> app: hr,1237,19849,11
 0> <info> app: hr,1238,19839,0
 0> <info> app: hr,1239,19827,-11
 0> <info> app: hr,1240,19835,-2
 0> <info> app: hr,1241,19847,9
 0> <info> app: hr,1242,19841,2
 0> <info> app: hr,1243,19827,-11
 0> <info> app: hr,1244,19835,-2
 0> <info> app: hr,1245,19828,-9
 0> <info> app: hr,1246,19839,1
 0> <info> app: hr,1247,19825,-12
 0> <info> app: hr,1248,19833,-3
 0> <info> app: hr,1249,19794,-42
 0> <info> app: hr,1250,19839,4
 0> <info> app: hr,1251,19835,0
 0> <info> app: hr,1252,19853,18
 0> <info> app: hr,1253,19842,6
 0> <info> app: hr,1254,19809,-26
 0> <info> app: hr,1255,19840,5
 0> <info> app: hr,1256,19836,1
 0> <info> app: hr,1257,19833,-1
 0> <info> app: hr,1258,19840,5
 0> <info> app: hr,1259,19842,7
 0> <info> app: hr,1260,19838,2
 0> <info> app: hr,1261,19833,-2
 0> <info> app: hr,1262,19841,5
 0> <info> app: hr,1263,19819,-16
 0> <info> app: hr,1264,19833,-1
 0> <info> app: hr,1265,19847,12
 0> <info> app: hr,1266,19846,10
 0> <info> app: hr,1267,19828,-7
 0> <info> app: hr,1268,19825,-10
 0> <info> app: hr,1269,19865,30
 0> <info> app: hr,1270,19820,-16
 0> <info> app: hr,1271,19811,-24
 0> <info> app: hr,1272,19826,-8
 0> <info> app: hr,1273,19818,-15
 0> <info> app: hr,1274,19829,-4
 0> <info> app: hr,1275,19849,16
 0> <info> app: hr,1276,19797,-36
 0> <info> app: hr,1277,19836,4
 0> <info> app: hr,1278,19847,14
 0> <info> app: hr,1279,19822,-10
 0> <info> app: hr,1280,19847,14
 0> <info> app: hr,1281,19818,-15
 0> <info> app: hr,1282,19820,-12
 0> <info> app: hr,1283,19813,-18
 0> <info> app: hr,1284,19814,-16
 0> <info> app: hr,1285,19848,18
 0> <info> app: hr,1286,19829,-1
 0> <info> app: hr,1287,19832,1
 0> <info> app: hr,1288,19817,-13
 0> <info> app: hr,1289,19827,-3
 0> <info> app: hr,1290,19836,6
 0> <info> app: hr,1291,19835,4
 0> <info> app: hr,1292,19811,-19
 0> <info> app: hr,1293,19813,-16
 0> <info> app: hr,1294,19810,-18
 0> <info> app: hr,1295,19841,13
 0> <info> app: hr,1296,19822,-6
 0> <info> app: hr,1297,19816,-12
 0> <info> app: hr,1298,19835,7
 0> <info> app: hr,1299,19840,12
 0> <info> app: hr,1300,19818,-10
 0> <info> app: hr,1301,19796,-31
 0> <info> app: hr,1302,19796,-30
 0> <info> app: hr,1303,19811,-13
 0> <info> app: hr,1304,19831,6
 0> <info> app: hr,1305,19839,14
 0> <info> app: hr,1306,19822,-3
 0> <info> app: hr,1307,19814,-11
 0> <info> app: hr,1308,19799,-25
 0> <info> app: hr,1309,19803,-20
 0> <info> app: hr,1310,19844,21
 0> <info> app: hr,1311,19819,-4
 0> <info> app: hr,1312,19808,-15
 0> <info> app: hr,1313,19804,-18
 0> <info> app: hr,1314,19802,-19
 0> <info> app: hr,1315,19822,1
 0> <info> app: hr,1316,19854,33
 0> <info> app: hr,1317,19804,-18
 0> <info> app: hr,1318,19813,-8
 0> <info> app: hr,1319,19828,7
 0> <info> app: hr,1320,19803,-18
 0> <info> app: hr,1321,19820,0
 0> <info> app: hr,1322,19829,8
 0> <info> app: hr,1323,19820,0
 0> <info> app: hr,1324,19793,-27
 0> <info> app: hr,1325,19796,-23
 0> <info> app: hr,1326,19821,2
 0> <info> app: hr,1327,19817,-1
 0> <info> app: hr,1328,19809,-9
 0> <info> app: hr,1329,19822,4
 0> <info> app: hr,1330,19846,28
 0> <info> app: hr,1331,19851,31
 0> <info> app: hr,1332,19828,7
 0> <info> app: hr,1333,19821,0
 0> <info> app: hr,1334,19823,1
 0> <info> app: hr,1335,19823,1
 0> <info> app: hr,1336,19809,-12
 0> <info> app: hr,1337,19831,10
 0> <info> app: hr,1338,19823,1
 0> <info> app: hr,1339,19815,-6
 0> <info> app: hr,1340,19836,14
 0> <info> app: hr,1341,19819,-2
 0> <info> app: hr,1342,19814,-7
 0> <info> app: hr,1343,19798,-23
 0> <info> app: hr,1344,19841,20
 0> <info> app: hr,1345,19818,-3
 0> <info> app: hr,1346,19803,-18
 0> <info> app: hr,1347,19827,6
 0> <info> app: hr,1348,19814,-6
 0> <info> app: hr,1349,19851,30
 0> <info> app: hr,1350,19844,22
 0> <info> app: hr,1351,19815,-7
 0> <info> app: hr,1352,19820,-2
 0> <info> app: hr,1353,19822,0
 0> <info> app: hr,1354,19837,14
 0> <info> app: hr,1355,19844,20
 0> <info> app: hr,1356,19835,10
 0> <info> app: hr,1357,19817,-7
 0> <info> app: hr,1358,19799,-25
 0> <info> app: hr,1359,19834,11
 0> <info> app: hr,1360,19821,-2
 0> <info> app: hr,1361,19838,14
 0> <info> app: hr,1362,19799,-25
 0> <info> app: hr,1363,19809,-13
 0> <info> app: hr,1364,19839,16
 0> <info> app: hr,1365,19809,-14
 0> <info> app: hr,1366,19834,11
 0> <info> app: hr,1367,19818,-4
 0> <info> app: hr,1368,19810,-12
 0> <info> app: hr,1369,19826,3
 0> <info> app: hr,1370,19826,3
 0> <info> app: hr,1371,19821,-1
 0> <info> app: hr,1372,19812,-10
 0> <info> app: hr,1373,19825,3
 0> <info> app: hr,1374,19832,10
 0> <info> app: hr,1375,19821,-1
 0> <info> app: hr,1376,19832,9
 0> <info> app: hr,1377,19816,-6
 0> <info> app: hr,1378,19794,-28
 0> <info> app: hr,1379,19814,-7
 0> <info> app: hr,1380,19826,5
 0> <info> app: hr,1381,19828,6
 0> <info> app: hr,1382,19836,14
 0> <info> app: hr,1383,19806,-16
 0> <info> app: hr,1384,19827,5
 0> <info> app: hr,1385,19845,23
 0> <info> app: hr,1386,19821,-1
 0> <info> app: hr,1387,19826,3
 0> <info> app: hr,1388,19847,24
 0> <info> app: hr,1389,19799,-25
 0> <info> app: hr,1390,19829,6
 0> <info> app: hr,1391,19820,-3
 0> <info> app: hr,1392,19847,24
 0> <info> app: hr,1393,19805,-19
 0> <info> app: hr,1394,19804,-19
 0> <info> app: hr,1395,19812,-10
 0> <info> app: hr,1396,19815,-6
 0> <info> app: hr,1397,19835,13
 0> <info> app: hr,1398,19840,17
 0> <info> app: hr,1399,19803,-19
 0> <info> app: hr,1400,19829,7
 0> <info> app: hr,1401,19850,27
 0> <info> app: hr,1402,19840,16
 0> <info> app: hr,1403,19817,-7
 0> <info> app: hr,1404,19835,10
 0> <info> app: hr,1405,19812,-12
 0> <info> app: hr,1406,19834,9
 0> <info> app: hr,1407,19822,-2
 0> <info> app: hr,1408,19819,-5
 0> <info> app: hr,1409,19827,2
 0> <info> app: hr,1410,19834,9
 0> <info> app: hr,1411,19833,8
 0> <info> app: hr,1412,19830,4
 0> <info> app: hr,1413,19821,-4
 0> <info> app: hr,1414,19817,-8
 0> <info> app: hr,1415,19809,-15
 0> <info> app: hr,1416,19813,-11
 0> <info> app: hr,1417,19815,-8
 0> <info> app: hr,1418,19823,0
 0> <info> app: hr,1419,19820,-3
 0> <info> app: hr,1420,19834,11
 0> <info> app: hr,1421,19824,0
 0> <info> app: hr,1422,19841,17
 0> <info> app: hr,1423,19845,20
 0> <info> app: hr,1424,19813,-12
 0> <info> app: hr,1425,19844,19
 0> <info> app: hr,1426,19826,0
 0> <info> app: hr,1427,19806,-19
 0> <info> app: hr,1428,19832,7
 0> <info> app: hr,1429,19816,-9
 0> <info> app: hr,1430,19850,25
 0> <info> app: hr,1431,19836,10
 0> <info> app: hr,1432,19839,12
 0> <info> app: hr,1433,19813,-14
 0> <info> app: hr,1434,19819,-7
 0> <info> app: hr,1435,19822,-3
 0> <info> app: hr,1436,19830,4
 0> <info> app: hr,1437,19839,13
 0> <info> app: hr,1438,19828,1
 0> <info> app: hr,1439,19831,4
 0> <info> app: hr,1440,19834,7
 0> <info> app: hr,1441,19819,-8
 0> <info> app: hr,1442,19822,-4
 0> <info> app: hr,1443,19834,7
 0> <info> app: hr,1444,19851,24
 0> <info> app: hr,1445,19830,1
 0> <info> app: hr,1446,19845,16
 0> <info> app: hr,1447,19820,-9
 0> <info> app: hr,1448,19808,-20
 0> <info> app: hr,1449,19835,7
 0> <info> app: hr,1450,19834,6
 0> <info> app: hr,1451,19812,-16
 0> <info> app: hr,1452,19811,-16
 0> <info> app: hr,1453,19837,10
 0> <info> app: hr,1454,19847,19
 0> <info> app: hr,1455,19833,4
 0> <info> app: hr,1456,19846,17
 0> <info> app: hr,1457,19830,0
 0> <info> app: hr,1458,19795,-34
 0> <info> app: hr,1459,19831,3
 0> <info> app: hr,1460,19834,6
 0> <info> app: hr,1461,19826,-2
 0> <info> app: hr,1462,19853,25
 0> <info> app: hr,1463,19827,-2
 0> <info> app: hr,1464,19853,23
 0> <info> app: hr,1465,19838,7
 0> <info> app: hr,1466,19836,5
 0> <info> app: hr,1467,19832,1
 0> <info> app: hr,1468,19833,1
 0> <info> app: hr,1469,19846,14
 0> <info> app: hr,1470,19844,12
 0> <info> app: hr,1471,19862,29
 0> <info> app: hr,1472,19842,8
 0> <info> app: hr,1473,19837,2
 0> <info> app: hr,1474,19824,-10
 0> <info> app: hr,1475,19854,20
 0> <info> app: hr,1476,19841,6
 0> <info> app: hr,1477,19821,-14
 0> <info> app: hr,1478,19847,12
 0> <info> app: hr,1479,19820,-15
 0> <info> app: hr,1480,19851,16
 0> <info> app: hr,1481,19839,3
 0> <info> app: hr,1482,19852,16
 0> <info> app: hr,1483,19848,11
 0> <info> app: hr,1484,19834,-2
 0> <info> app: hr,1485,19845,8
 0> <info> app: hr,1486,19844,6
 0> <info> app: hr,1487,19859,21
 0> <info> app: hr,1488,19841,2
 0> <info> app: hr,1489,19825,-13
 0> <info> app: hr,1490,19846,8
 0> <info> app: hr,1491,19847,8
 0> <info> app: hr,1492,19852,13
 0> <info> app: hr,1493,19858,18
 0> <info> app: hr,1494,19841,0
 0> <info> app: hr,1495,19830,-10
 0> <info> app: hr,1496,19845,5
 0> <info> app: hr,1497,19869,28
 0> <info> app: hr,1498,19831,-10
 0> <info> app: hr,1499,19832,-9
 0> <info> app: hr,1500,19853,12
 0> <info> app: hr,1501,19849,7
 0> <info> app: hr,1502,19841,0
 0> <info> app: hr,1503,19844,2
 0> <info> app: hr,1504,19859,17
 0> <info> app: hr,1505,19830,-12
 0> <info> app: hr,1506,19856,14
 0> <info> app: hr,1507,19837,-5
 0> <info> app: hr,1508,19831,-11
 0> <info> app: hr,1509,19858,16
 0> <info> app: hr,1510,19829,-13
 0> <info> app: hr,1511,19842,0
 0> <info> app: hr,1512,19835,-6
 0> <info> app: hr,1513,19812,-29
 0> <info> app: hr,1514,19837,-3
 0> <info> app: hr,1515,19851,11
 0> <info> app: hr,1516,19851,10
 0> <info> app: hr,1517,19817,-24
 0> <info> app: hr,1518,19859,19
 0> <info> app: hr,1519,19831,-9
 0> <info> app: hr,1520,19842,1
 0> <info> app: hr,1521,19855,14
 0> <info> app: hr,1522,19839,-2
 0> <info> app: hr,1523,19827,-14
 0> <info> app: hr,1524,19859,18
 0> <info> app: hr,1525,19832,-9
 0> <info> app: hr,1526,19851,10
 0> <info> app: hr,1527,19838,-3
 0> <info> app: hr,1528,19852,10
 0> <info> app: hr,1529,19850,8
 0> <info> app: hr,1530,19856,13
 0> <info> app: hr,1531,19849,6
 0> <info> app: hr,1532,19873,29
 0> <info> app: hr,1533,19870,25
 0> <info> app: hr,1534,19846,0
 0> <info> app: hr,1535,19839,-6
 0> <info> app: hr,1536,19837,-8
 0> <info> app: hr,1537,19842,-3
 0> <info> app: hr,1538,19853,8
 0> <info> app: hr,1539,19842,-3
 0> <info> app: hr,1540,19836,-9
 0> <info> app: hr,1541,19851,6
 0> <info> app: hr,1542,19839,-6
 0> <info> app: hr,1543,19839,-5
 0> <info> app: hr,1544,19841,-3
 0> <info> app: hr,1545,19852,7
 0> <info> app: hr,1546,19860,15
 0> <info> app: hr,1547,19836,-9
 0> <info> app: hr,1548,19852,7
 0> <info> app: hr,1549,19801,-44
 0> <info> app: hr,1550,19838,-5
 0> <info> app: hr,1551,19849,6
 0> <info> app: hr,1552,19850,6
 0> <info> app: hr,1553,19839,-4
 0> <info> app: hr,1554,19814,-29
 0> <info> app: hr,1555,19828,-13
 0> <info> app: hr,1556,19860,18
 0> <info> app: hr,1557,19815,-27
 0> <info> app: hr,1558,19860,19
 0> <info> app: hr,1559,19829,-12
 0> <info> app: hr,1560,19829,-12
 0> <info> app: hr,1561,19831,-9
 0> <info> app: hr,1562,19853,13
 0> <info> app: hr,1563,19820,-20
 0> <info> app: hr,1564,19827,-12
 0> <info> app: hr,1565,19842,3
 0> <info> app: hr,1566,19855,15
 0> <info> app: hr,1567,19827,-12
 0> <info> app: hr,1568,19856,16
 0> <info> app: hr,1569,19843,2
 0> <info> app: hr,1570,19783,-57
 0> <info> app: hr,1571,19833,-4
 0> <info> app: hr,1572,19818,-19
 0> <info> app: hr,1573,19821,-15
 0> <info> app: hr,1574,19860,24
 0> <info> app: hr,1575,19827,-9
 0> <info> app: hr,1576,19833,-3
 0> <info> app: hr,1577,19823,-13
 0> <info> app: hr,1578,19832,-3
 0> <info> app: hr,1579,19819,-16
 0> <info> app: hr,1580,19819,-15
 0> <info> app: hr,1581,19824,-9
 0> <info> app: hr,1582,19831,-2
 0> <info> app: hr,1583,19812,-21
 0> <info> app: hr,1584,19854,22
 0> <info> app: hr,1585,19816,-17
 0> <info> app: hr,1586,19837,4
 0> <info> app: hr,1587,19837,4
 0> <info> app: hr,1588,19822,-10
 0> <info> app: hr,1589,19845,12
 0> <info> app: hr,1590,19840,7
 0> <info> app: hr,1591,19818,-15
 0> <info> app: hr,1592,19833,0
 0> <info> app: hr,1593,19827,-5
 0> <info> app: hr,1594,19844,11
 0> <info> app: hr,1595,19832,0
 0> <info> app: hr,1596,19834,1
 0> <info> app: hr,1597,19841,8
 0> <info> app: hr,1598,19814,-19
 0> <info> app: hr,1599,19843,10
 0> <info> app: hr,1600,19837,4
 0> <info> app: hr,1601,19839,6
 0> <info> app: hr,1602,19815,-18
 0> <info> app: hr,1603,19825,-7
 0> <info> app: hr,1604,19835,2
 0> <info> app: hr,1605,19841,8
 0> <info> app: hr,1606,19838,5
 0> <info> app: hr,1607,19820,-12
 0> <info> app: hr,1608,19848,15
 0> <info> app: hr,1609,19848,14
 0> <info> app: hr,1610,19813,-20
 0> <info> app: hr,1611,19826,-6
 0> <info> app: hr,1612,19836,3
 0> <info> app: hr,1613,19817,-15
 0> <info> app: hr,1614,19852,20
 0> <info> app: hr,1615,19835,2
 0> <info> app: hr,1616,19837,4
 0> <info> app: hr,1617,19803,-30
 0> <info> app: hr,1618,19835,3
 0> <info> app: hr,1619,19815,-16
 0> <info> app: hr,1620,19841,10
 0> <info> app: hr,1621,19807,-24
 0> <info> app: hr,1622,19824,-6
 0> <info> app: hr,1623,19827,-2
 0> <info> app: hr,1624,19824,-5
 0> <info> app: hr,1625,19836,6
 0> <info> app: hr,1626,19832,2
 0> <info> app: hr,1627,19828,-1
 0> <info> app: hr,1628,19842,12
 0> <info> app: hr,1629,19826,-4
 0> <info> app: hr,1630,19834,3
 0> <info> app: hr,1631,19867,36
 0> <info> app: hr,1632,19838,5
 0> <info> app: hr,1633,19847,14
 0> <info> app: hr,1634,19844,10
 0> <info> app: hr,1635,19818,-15
 0> <info> app: hr,1636,19835,2
 0> <info> app: hr,1637,19811,-22
 0> <info> app: hr,1638,19823,-8
 0> <info> app: hr,1639,19836,4
 0> <info> app: hr,1640,19836,4
 0> <info> app: hr,1641,19844,12
 0> <info> app: hr,1642,19818,-14
 0> <info> app: hr,1643,19861,29
 0> <info> app: hr,1644,19855,21
 0> <info> app: hr,1645,19808,-26
 0> <info> app: hr,1646,19843,9
 0> <info> app: hr,1647,19815,-18
 0> <info> app: hr,1648,19837,4
 0> <info> app: hr,1649,19821,-11
 0> <info> app: hr,1650,19843,10
 0> <info> app: hr,1651,19833,0
 0> <info> app: hr,1652,19837,4
 0> <info> app: hr,1653,19843,9
 0> <info> app: hr,1654,19840,6
 0> <info> app: hr,1655,19824,-9
 0> <info> app: hr,1656,19828,-5
 0> <info> app: hr,1657,19820,-13
 0> <info> app: hr,1658,19824,-8
 0> <info> app: hr,1659,19833,0
 0> <info> app: hr,1660,19835,2
 0> <info> app: hr,1661,19839,6
 0> <info> app: hr,1662,19839,6
 0> <info> app: hr,1663,19828,-4
 0> <info> app: hr,1664,19824,-8
 0> <info> app: hr,1665,19830,-2
 0> <info> app: hr,1666,19824,-8
 0> <info> app: hr,1667,19838,6
 0> <info> app: hr,1668,19839,7
 0> <info> app: hr,1669,19832,0
 0> <info> app: hr,1670,19824,-8
 0> <info> app: hr,1671,19843,11
 0> <info> app: hr,1672,19826,-6
 0> <info> app: hr,1673,19833,0
 0> <info> app: hr,1674,19799,-33
 0> <info> app: hr,1675,19834,3
 0> <info> app: hr,1676,19844,13
 0> <info> app: hr,1677,19843,11
 0> <info> app: hr,1678,19819,-12
 0> <info> app: hr,1679,19826,-5
 0> <info> app: hr,1680,19831,0
 0> <info> app: hr,1681,19839,7
 0> <info> app: hr,1682,19856,24
 0> <info> app: hr,1683,19788,-44
 0> <info> app: hr,1684,19847,16
 0> <info> app: hr,1685,19844,12
 0> <info> app: hr,1686,19840,8
 0> <info> app: hr,1687,19851,18
 0> <info> app: hr,1688,19829,-4
 0> <info> app: hr,1689,19820,-13
 0> <info> app: hr,1690,19830,-2
 0> <info> app: hr,1691,19857,24
 0> <info> app: hr,1692,19825,-8
 0> <info> app: hr,1693,19816,-17
 0> <info> app: hr,1694,19847,14
 0> <info> app: hr,1695,19846,13
 0> <info> app: hr,1696,19861,27
 0> <info> app: hr,1697,19834,0
 0> <info> app: hr,1698,19842,7
 0> <info> app: hr,1699,19843,7
 0> <info> app: hr,1700,19840,4
 0> <info> app: hr,1701,19843,7
 0> <info> app: hr,1702,19820,-16
 0> <info> app: hr,1703,19840,4
 0> <info> app: hr,1704,19828,-7
 0> <info> app: hr,1705,19844,8
 0> <info> app: hr,1706,19833,-2
 0> <info> app: hr,1707,19832,-3
 0> <info> app: hr,1708,19851,15
 0> <info> app: hr,1709,19850,13
 0> <info> app: hr,1710,19828,-8
 0> <info> app: hr,1711,19826,-10
 0> <info> app: hr,1712,19834,-1
 0> <info> app: hr,1713,19868,32
 0> <info> app: hr,1714,19844,6
 0> <info> app: hr,1715,19848,10
 0> <info> app: hr,1716,19833,-5
 0> <info> app: hr,1717,19828,-9
 0> <info> app: hr,1718,19824,-13
 0> <info> app: hr,1719,19844,7
 0> <info> app: hr,1720,19833,-4
 0> <info> app: hr,1721,19828,-8
 0> <info> app: hr,1722,19852,15
 0> <info> app: hr,1723,19822,-15
 0> <info> app: hr,1724,19861,24
 0> <info> app: hr,1725,19855,17
 0> <info> app: hr,1726,19822,-16
 0> <info> app: hr,1727,19859,21
 0> <info> app: hr,1728,19840,1
 0> <info> app: hr,1729,19840,1
 0> <info> app: hr,1730,19841,2
 0> <info> app: hr,1731,19828,-11
 0> <info> app: hr,1732,19838,0
 0> <info> app: hr,1733,19844,5
 0> <info> app: hr,1734,19860,21
 0> <info> app: hr,1735,19825,-14
 0> <info> app: hr,1736,19836,-3
 0> <info> app: hr,1737,19840,1
 0> <info> app: hr,1738,19840,1
 0> <info> app: hr,1739,19852,12
 0> <info> app: hr,1740,19827,-12
 0> <info> app: hr,1741,19844,4
 0> <info> app: hr,1742,19834,-5
 0> <info> app: hr,1743,19834,-5
 0> <info> app: hr,1744,19838,0
 0> <info> app: hr,1745,19831,-7
 0> <info> app: hr,1746,19824,-14
 0> <info> app: hr,1747,19860,22
 0> <info> app: hr,1748,19842,3
 0> <info> app: hr,1749,19821,-17
 0> <info> app: hr,1750,19845,6
 0> <info> app: hr,1751,19843,4
 0> <info> app: hr,1752,19833,-5
 0> <info> app: hr,1753,19855,16
 0> <info> app: hr,1754,19828,-11
 0> <info> app: hr,1755,19852,13
 0> <info> app: hr,1756,19847,7
 0> <info> app: hr,1757,19813,-26
 0> <info> app: hr,1758,19860,21
 0> <info> app: hr,1759,19853,13
 0> <info> app: hr,1760,19850,9
 0> <info> app: hr,1761,19863,22
 0> <info> app: hr,1762,19857,15
 0> <info> app: hr,1763,19851,8
 0> <info> app: hr,1764,19832,-10
 0> <info> app: hr,1765,19871,28
 0> <info> app: hr,1766,19861,17
 0> <info> app: hr,1767,19826,-18
 0> <info> app: hr,1768,19853,9
 0> <info> app: hr,1769,19827,-17
 0> <info> app: hr,1770,19851,7
 0> <info> app: hr,1771,19858,14
 0> <info> app: hr,1772,19841,-3
 0> <info> app: hr,1773,19831,-13
 0> <info> app: hr,1774,19841,-2
 0> <info> app: hr,1775,19848,4
 0> <info> app: hr,1776,19857,13
 0> <info> app: hr,1777,19857,12
 0> <info> app: hr,1778,19855,10
 0> <info> app: hr,1779,19835,-10
 0> <info> app: hr,1780,19854,9
 0> <info> app: hr,1781,19853,7
 0> <info> app: hr,1782,19877,31
 0> <info> app: hr,1783,19826,-21
 0> <info> app: hr,1784,19848,1
 0> <info> app: hr,1785,19856,9
 0> <info> app: hr,1786,19853,6
 0> <info> app: hr,1787,19821,-26
 0> <info> app: hr,1788,19830,-15
 0> <info> app: hr,1789,19861,15
 0> <info> app: hr,1790,19845,0
 0> <info> app: hr,1791,19857,11
 0> <info> app: hr,1792,19852,5
 0> <info> app: hr,1793,19836,-10
 0> <info> app: hr,1794,19818,-28
 0> <info> app: hr,1795,19854,9
 0> <info> app: hr,1796,19841,-4
 0> <info> app: hr,1797,19833,-11
 0> <info> app: hr,1798,19846,1
 0> <info> app: hr,1799,19854,9
 0> <info> app: hr,1800,19872,27
 0> <info> app: hr,1801,19851,4
 0> <info> app: hr,1802,19827,-19
 0> <info> app: hr,1803,19854,8
 0> <info> app: hr,1804,19839,-6
 0> <info> app: hr,1805,19838,-7
 0> <info> app: hr,1806,19863,17
 0> <info> app: hr,1807,19837,-9
 0> <info> app: hr,1808,19864,18
 0> <info> app: hr,1809,19843,-3
 0> <info> app: hr,1810,19839,-7
 0> <info> app: hr,1811,19819,-27
 0> <info> app: hr,1812,19851,6
 0> <info> app: hr,1813,19868,23
 0> <info> app: hr,1814,19827,-19
 0> <info> app: hr,1815,19838,-7
 0> <info> app: hr,1816,19841,-3
 0> <info> app: hr,1817,19831,-13
 0> <info> app: hr,1818,19860,16
 0> <info> app: hr,1819,19830,-14
 0> <info> app: hr,1820,19794,-50
 0> <info> app: hr,1821,19850,8
 0> <info> app: hr,1822,19826,-15
 0> <info> app: hr,1823,19830,-11
 0> <info> app: hr,1824,19861,20
 0> <info> app: hr,1825,19819,-22
 0> <info> app: hr,1826,19837,-3
 0> <info> app: hr,1827,19824,-16
 0> <info> app: hr,1828,19868,28
 0> <info> app: hr,1829,19847,6
 0> <info> app: hr,1830,19846,4
 0> <info> app: hr,1831,19840,-1
 0> <info> app: hr,1832,19838,-3
 0> <info> app: hr,1833,19827,-14
 0> <info> app: hr,1834,19846,5
 0> <info> app: hr,1835,19844,3
 0> <info> app: hr,1836,19832,-8
 0> <info> app: hr,1837,19839,-1
 0> <info> app: hr,1838,19845,4
 0> <info> app: hr,1839,19837,-3
 0> <info> app: hr,1840,19829,-11
 0> <info> app: hr,1841,19829,-10
 0> <info> app: hr,1842,19807,-32
 0> <info> app: hr,1843,19848,10
 0> <info> app: hr,1844,19818,-20
 0> <info> app: hr,1845,19833,-4
 0> <info> app: hr,1846,19835,-2
 0> <info> app: hr,1847,19834,-2
 0> <info> app: hr,1848,19818,-18
 0> <info> app: hr,1849,19842,6
 0> <info> app: hr,1850,19830,-6
 0> <info> app: hr,1851,19818,-17
 0> <info> app: hr,1852,19813,-21
 0> <info> app: hr,1853,19844,10
 0> <info> app: hr,1854,19839,4
 0> <info> app: hr,1855,19845,10
 0> <info> app: hr,1856,19836,0
 0> <info> app: hr,1857,19843,7
 0> <info> app: hr,1858,19843,7
 0> <info> app: hr,1859,19819,-16
 0> <info> app: hr,1860,19832,-3
 0> <info> app: hr,1861,19833,-1
 0> <info> app: hr,1862,19819,-15
 0> <info> app: hr,1863,19813,-21
 0> <info> app: hr,1864,19847,14
 0> <info> app: hr,1865,19849,15
 0> <info> app: hr,1866,19826,-8
 0> <info> app: hr,1867,19826,-8
 0> <info> app: hr,1868,19809,-24
 0> <info> app: hr,1869,19818,-14
 0> <info> app: hr,1870,19812,-19
 0> <info> app: hr,1871,19847,16
 0> <info> app: hr,1872,19815,-16
 0> <info> app: hr,1873,19823,-7
 0> <info> app: hr,1874,19820,-10
 0> <info> app: hr,1875,19827,-2
 0> <info> app: hr,1876,19824,-5
 0> <info> app: hr,1877,19828,-1
 0> <info> app: hr,1878,19821,-8
 0> <info> app: hr,1879,19829,0
 0> <info> app: hr,1880,19840,11
 0> <info> app: hr,1881,19863,33
 0> <info> app: hr,1882,19815,-16
 0> <info> app: hr,1883,19838,7
 0> <info> app: hr,1884,19834,3
 0> <info> app: hr,1885,19829,-1
 0> <info> app: hr,1886,19854,23
 0> <info> app: hr,1887,19852,20
 0> <info> app: hr,1888,19822,-10
 0> <info> app: hr,1889,19832,0
 0> <info> app: hr,1890,19833,0
 0> <info> app: hr,1891,19811,-21
 0> <info> app: hr,1892,19827,-4
 0> <info> app: hr,1893,19852,20
 0> <info> app: hr,1894,19811,-21
 0> <info> app: hr,1895,19835,3
 0> <info> app: hr,1896,19819,-12
 0> <info> app: hr,1897,19813,-17
 0> <info> app: hr,1898,19837,7
 0> <info> app: hr,1899,19834,3
 0> <info> app: hr,1900,19832,1
 0> <info> app: hr,1901,19838,7
 0> <info> app: hr,1902,19844,13
 0> <info> app: hr,1903,19832,0
 0> <info> app: hr,1904,19817,-14
 0> <info> app: hr,1905,19835,4
 0> <info> app: hr,1906,19809,-21
 0> <info> app: hr,1907,19817,-12
 0> <info> app: hr,1908,19837,7
 0> <info> app: hr,1909,19818,-11
 0> <info> app: hr,1910,19826,-3
 0> <info> app: hr,1911,19825,-3
 0> <info> app: hr,1912,19831,2
 0> <info> app: hr,1913,19808,-20
 0> <info> app: hr,1914,19822,-5
 0> <info> app: hr,1915,19835,7
 0> <info> app: hr,1916,19797,-30
 0> <info> app: hr,1917,19835,8
 0> <info> app: hr,1918,19844,17
 0> <info> app: hr,1919,19847,19
 0> <info> app: hr,1920,19815,-13
 0> <info> app: hr,1921,19813,-14
 0> <info> app: hr,1922,19827,0
 0> <info> app: hr,1923,19846,18
 0> <info> app: hr,1924,19812,-16
 0> <info> app: hr,1925,19790,-37
 0> <info> app: hr,1926,19809,-16
 0> <info> app: hr,1927,19818,-6
 0> <info> app: hr,1928,19837,12
 0> <info> app: hr,1929,19853,28
 0> <info> app: hr,1930,19855,28
 0> <info> app: hr,1931,19798,-29
 0> <info> app: hr,1932,19819,-7
 0> <info> app: hr,1933,19809,-16
 0> <info> app: hr,1934,19813,-12
 0> <info> app: hr,1935,19822,-2
 0> <info> app: hr,1936,19828,3
 0> <info> app: hr,1937,19852,27
 0> <info> app: hr,1938,19818,-7
 0> <info> app: hr,1939,19839,13
 0> <info> app: hr,1940,19840,13
 0> <info> app: hr,1941,19832,5
 0> <info> app: hr,1942,19821,-6
 0> <info> app: hr,1943,19853,26
 0> <info> app: hr,1944,19806,-22
 0> <info> app: hr,1945,19827,0
 0> <info> app: hr,1946,19824,-3
 0> <info> app: hr,1947,19839,12
 0> <info> app: hr,1948,19860,32
 0> <info> app: hr,1949,19828,-1
 0> <info> app: hr,1950,19825,-4
 0> <info> app: hr,1951,19851,22
 0> <info> app: hr,1952,19850,20
 0> <info> app: hr,1953,19837,6
 0> <info> app: hr,1954,19802,-29
 0> <info> app: hr,1955,19820,-9
 0> <info> app: hr,1956,19831,1
 0> <info> app: hr,1957,19837,7
 0> <info> app: hr,1958,19845,15
 0> <info> app: hr,1959,19839,8
 0> <info> app: hr,1960,19854,23
 0> <info> app: hr,1961,19840,7
 0> <info> app: hr,1962,19821,-11
 0> <info> app: hr,1963,19822,-9
 0> <info> app: hr,1964,19819,-12
 0> <info> app: hr,1965,19844,13
 0> <info> app: hr,1966,19822,-9
 0> <info> app: hr,1967,19832,1
 0> <info> app: hr,1968,19845,13
 0> <info> app: hr,1969,19817,-14
 0> <info> app: hr,1970,19839,7
 0> <info> app: hr,1971,19823,-8
 0> <info> app: hr,1972,19828,-2
 0> <info> app: hr,1973,19810,-20
 0> <info> app: hr,1974,19833,3
 0> <info> app: hr,1975,19840,10
 0> <info> app: hr,1976,19828,-2
 0> <info> app: hr,1977,19843,12
 0> <info> app: hr,1978,19844,13
 0> <info> app: hr,1979,19827,-4
 0> <info> app: hr,1980,19836,4
 0> <info> app: hr,1981,19850,18
 0> <info> app: hr,1982,19810,-22
 0> <info> app: hr,1983,19832,0
 0> <info> app: hr,1984,19824,-7
 0> <info> app: hr,1985,19841,9
 0> <info> app: hr,1986,19816,-15
 0> <info> app: hr,1987,19833,2
 0> <info> app: hr,1988,19862,31
 0> <info> app: hr,1989,19826,-6
 0> <info> app: hr,1990,19827,-5
 0> <info> app: hr,1991,19815,-16
 0> <info> app: hr,1992,19841,9
 0> <info> app: hr,1993,19854,22
 0> <info> app: hr,1994,19832,0
 0> <info> app: hr,1995,19841,8
 0> <info> app: hr,1996,19839,5
 0> <info> app: hr,1997,19823,-10
 0> <info> app: hr,1998,19839,6
 0> <info> app: hr,1999,19822,-11
 0> <info> app: hr,2000,19824,-8
 0> <info> app: hr,2001,19822,-10
 0> <info> app: hr,2002,19842,10
 0> <info> app: hr,2003,19845,12
 0> <info> app: hr,2004,19840,7
 0> <info> app: hr,2005,19858,24
 0> <info> app: hr,2006,19817,-17
 0> <info> app: hr,2007,19840,6
 0> <info> app: hr,2008,19818,-15
 0> <info> app: hr,2009,19829,-4
 0> <info> app: hr,2010,19831,-1
 0> <info> app: hr,2011,19813,-19
 0> <info> app: hr,2012,19826,-5
 0> <info> app: hr,2013,19842,10
 0> <info> app: hr,2014,19851,18
 0> <info> app: hr,2015,19863,30
 0> <info> app: hr,2016,19848,13
 0> <info> app: hr,2017,19852,16
 0> <info> app: hr,2018,19848,12
 0> <info> app: hr,2019,19814,-22
 0> <info> app: hr,2020,19812,-23
 0> <info> app: hr,2021,19845,10
 0> <info> app: hr,2022,19824,-10
 0> <info> app: hr,2023,19839,4
 0> <info> app: hr,2024,19846,11
 0> <info> app: hr,2025,19804,-31
 0> <info> app: hr,2026,19858,24
 0> <info> app: hr,2027,19851,16
 0> <info> app: hr,2028,19835,0
 0> <info> app: hr,2029,19824,-11
 0> <info> app: hr,2030,19825,-9
 0> <info> app: hr,2031,19825,-9

# Logging stopped @ 23 Nov 2018 09:52:11
