# SEGGER J-Link RTT Viewer V6.16a Terminal Log File
# Compiled: 12:44:10 on Jun  6 2017
# Logging started @ 27 Nov 2018 14:15:37
 0> <info> app: Right Press
 0> <info> app: Right Press
 0> <info> app: Right Press
 0> <info> app: Right Press
 0> <info> app: BATT Reading...
 0> <info> app: Raw 869,SOC 69,BattFullDetect 0, 385V
 0> <info> app: Save 1536355470, 3774, 316, -17251,
 0> <info> app: [OK]	Max30102 Already and background working is begin
 0> 
 0> <info> app: BATT Reading...
 0> <info> app: Raw 869,SOC 69,BattFullDetect 0, 385V
 0> <info> app: Save 1536355480, 4415, 693, -17037,
 0> <info> app: [OK]	HR sample count 1016
 0> 
 0> Plus Signal 1, 65
 0> Minus Signal -1, 105
 0> plus_index 65, minus_index 105, Peak Index, 100,, AVR Peak Index, 100, HR 0, Reject out of 30-180.
 0> Plus Signal 1, 158
 0> Minus Signal -1, 216
 0> plus_index 158, minus_index 216, Peak Index, 210,211,212,213,214,215,, AVR Peak Index, 212, HR 53
 0> Plus Signal 1, 309
 0> Minus Signal -1, 343
 0> plus_index 309, minus_index 343, Peak Index, 333,337,, AVR Peak Index, 335, HR 48
 0> Plus Signal 1, 373
 0> Minus Signal -1, 399
 0> plus_index 373, minus_index 399, Peak Index, 390,, AVR Peak Index, 390, HR 109
 0> Plus Signal 1, 502
 0> Minus Signal -1, 574
 0> plus_index 502, minus_index 574, Peak Index, 565,, AVR Peak Index, 565, HR 34
 0> Plus Signal 1, 606
 0> Minus Signal -1, 635
 0> plus_index 606, minus_index 635, Peak Index, 627,628,629,630,, AVR Peak Index, 628, HR 95
 0> Plus Signal 1, 681
 0> Minus Signal -1, 708
 0> plus_index 681, minus_index 708, Peak Index, 697,699,, AVR Peak Index, 698, HR 85
 0> Plus Signal 1, 780
 0> Minus Signal -1, 819
 0> plus_index 780, minus_index 819, Peak Index, 811,813,, AVR Peak Index, 812, HR 52
 0> Plus Signal 1, 903
 0> Minus Signal -1, 951
 0> plus_index 903, minus_index 951, Peak Index, 942,943,944,945,946,, AVR Peak Index, 944, HR 45<info> app: HR>>>
 0> 34,45,48,52,53,85,95,109, sum div 75, 10<info> app: HR final>>>
 0> 34,45,48,52,53,<info> app: 
 0> HR  >>> 46
 0> <info> app: hr,50,-21666, -14.00 ,0
 0> <info> app: hr,51,-21656, -14.00 ,0
 0> <info> app: hr,52,-21663, -15.00 ,0
 0> <info> app: hr,53,-21645, -15.00 ,0
 0> <info> app: hr,54,-21654, -15.00 ,0
 0> <info> app: hr,55,-21663, -16.00 ,0
 0> <info> app: hr,56,-21656, -17.00 ,-1
 0> <info> app: hr,57,-21678, -17.00 ,-1
 0> <info> app: hr,58,-21665, -17.00 ,0
 0> <info> app: hr,59,-21670, -17.00 ,0
 0> <info> app: hr,60,-21674, -17.00 ,0
 0> <info> app: hr,61,-21682, -17.00 ,0
 0> <info> app: hr,62,-21702, -17.00 ,0
 0> <info> app: hr,63,-21684, -16.00 ,0
 0> <info> app: hr,64,-21703, -17.00 ,0
 0> <info> app: hr,65,-21700, -16.00 ,0
 0> <info> app: hr,66,-21687, -15.00 ,0
 0> <info> app: hr,67,-21684, -14.00 ,1
 0> <info> app: hr,68,-21686, -13.00 ,1
 0> <info> app: hr,69,-21688, -13.00 ,0
 0> <info> app: hr,70,-21706, -12.00 ,0
 0> <info> app: hr,71,-21695, -11.00 ,0
 0> <info> app: hr,72,-21697, -11.00 ,0
 0> <info> app: hr,73,-21686, -9.00 ,0
 0> <info> app: hr,74,-21680, -9.00 ,0
 0> <info> app: hr,75,-21669, -8.00 ,0
 0> <info> app: hr,76,-21663, -7.00 ,0
 0> <info> app: hr,77,-21661, -7.00 ,0
 0> <info> app: hr,78,-21648, -6.00 ,0
 0> <info> app: hr,79,-21631, -6.00 ,0
 0> <info> app: hr,80,-21637, -6.00 ,0
 0> <info> app: hr,81,-21648, -5.00 ,0
 0> <info> app: hr,82,-21644, -5.00 ,0
 0> <info> app: hr,83,-21632, -6.00 ,0
 0> <info> app: hr,84,-21633, -5.00 ,0
 0> <info> app: hr,85,-21618, -6.00 ,0
 0> <info> app: hr,86,-21615, -6.00 ,0
 0> <info> app: hr,87,-21603, -6.00 ,0
 0> <info> app: hr,88,-21607, -7.00 ,0
 0> <info> app: hr,89,-21621, -8.00 ,-1
 0> <info> app: hr,90,-21625, -9.00 ,-1
 0> <info> app: hr,91,-21619, -10.00 ,0
 0> <info> app: hr,92,-21596, -10.00 ,0
 0> <info> app: hr,93,-21620, -12.00 ,0
 0> <info> app: hr,94,-21610, -12.00 ,0
 0> <info> app: hr,95,-21596, -13.00 ,0
 0> <info> app: hr,96,-21592, -15.00 ,0
 0> <info> app: hr,97,-21599, -16.00 ,-1
 0> <info> app: hr,98,-21611, -16.00 ,0
 0> <info> app: hr,99,-21628, -17.00 ,0
 0> <info> app: hr,100,-21626, -18.00 ,0
 0> <info> app: hr,101,-21630, -20.00 ,0
 0> <info> app: hr,102,-21647, -20.00 ,0
 0> <info> app: hr,103,-21636, -21.00 ,0
 0> <info> app: hr,104,-21624, -20.00 ,0
 0> <info> app: hr,105,-21629, -21.00 ,0
 0> <info> app: hr,106,-21630, -21.00 ,0
 0> <info> app: hr,107,-21612, -21.00 ,0
 0> <info> app: hr,108,-21607, -21.00 ,0
 0> <info> app: hr,109,-21609, -22.00 ,0
 0> <info> app: hr,110,-21621, -22.00 ,0
 0> <info> app: hr,111,-21618, -22.00 ,0
 0> <info> app: hr,112,-21633, -22.00 ,0
 0> <info> app: hr,113,-21637, -22.00 ,0
 0> <info> app: hr,114,-21629, -21.00 ,0
 0> <info> app: hr,115,-21634, -21.00 ,1
 0> <info> app: hr,116,-21627, -21.00 ,0
 0> <info> app: hr,117,-21637, -21.00 ,0
 0> <info> app: hr,118,-21630, -20.00 ,0
 0> <info> app: hr,119,-21623, -20.00 ,0
 0> <info> app: hr,120,-21607, -19.00 ,0
 0> <info> app: hr,121,-21620, -19.00 ,0
 0> <info> app: hr,122,-21614, -18.00 ,0
 0> <info> app: hr,123,-21590, -18.00 ,0
 0> <info> app: hr,124,-21608, -18.00 ,0
 0> <info> app: hr,125,-21603, -17.00 ,0
 0> <info> app: hr,126,-21618, -17.00 ,0
 0> <info> app: hr,127,-21642, -18.00 ,0
 0> <info> app: hr,128,-21638, -17.00 ,0
 0> <info> app: hr,129,-21634, -16.00 ,0
 0> <info> app: hr,130,-21652, -16.00 ,0
 0> <info> app: hr,131,-21669, -15.00 ,1
 0> <info> app: hr,132,-21640, -14.00 ,0
 0> <info> app: hr,133,-21641, -14.00 ,0
 0> <info> app: hr,134,-21636, -13.00 ,0
 0> <info> app: hr,135,-21630, -12.00 ,0
 0> <info> app: hr,136,-21636, -11.00 ,0
 0> <info> app: hr,137,-21627, -10.00 ,0
 0> <info> app: hr,138,-21625, -10.00 ,0
 0> <info> app: hr,139,-21628, -9.00 ,0
 0> <info> app: hr,140,-21616, -8.00 ,0
 0> <info> app: hr,141,-21623, -7.00 ,1
 0> <info> app: hr,142,-21614, -7.00 ,0
 0> <info> app: hr,143,-21620, -6.00 ,0
 0> <info> app: hr,144,-21626, -6.00 ,0
 0> <info> app: hr,145,-21613, -6.00 ,0
 0> <info> app: hr,146,-21607, -5.00 ,0
 0> <info> app: hr,147,-21602, -5.00 ,0
 0> <info> app: hr,148,-21593, -5.00 ,0
 0> <info> app: hr,149,-21591, -5.00 ,0
 0> <info> app: hr,150,-21575, -4.00 ,0
 0> <info> app: hr,151,-21567, -5.00 ,0
 0> <info> app: hr,152,-21559, -6.00 ,0
 0> <info> app: hr,153,-21566, -5.00 ,0
 0> <info> app: hr,154,-21557, -6.00 ,0
 0> <info> app: hr,155,-21571, -7.00 ,-1
 0> <info> app: hr,156,-21562, -8.00 ,0
 0> <info> app: hr,157,-21558, -9.00 ,0
 0> <info> app: hr,158,-21552, -10.00 ,0
 0> <info> app: hr,159,-21535, -11.00 ,0
 0> <info> app: hr,160,-21549, -12.00 ,0
 0> <info> app: hr,161,-21532, -13.00 ,0
 0> <info> app: hr,162,-21540, -14.00 ,-1
 0> <info> app: hr,163,-21519, -15.00 ,-1
 0> <info> app: hr,164,-21514, -18.00 ,0
 0> <info> app: hr,165,-21518, -19.00 ,0
 0> <info> app: hr,166,-21500, -20.00 ,0
 0> <info> app: hr,167,-21492, -22.00 ,0
 0> <info> app: hr,168,-21492, -24.00 ,0
 0> <info> app: hr,169,-21471, -25.00 ,0
 0> <info> app: hr,170,-21454, -27.00 ,-1
 0> <info> app: hr,171,-21447, -29.00 ,-1
 0> <info> app: hr,172,-21451, -31.00 ,0
 0> <info> app: hr,173,-21449, -34.00 ,0
 0> <info> app: hr,174,-21445, -36.00 ,0
 0> <info> app: hr,175,-21444, -38.00 ,0
 0> <info> app: hr,176,-21430, -40.00 ,0
 0> <info> app: hr,177,-21425, -42.00 ,0
 0> <info> app: hr,178,-21447, -45.00 ,-1
 0> <info> app: hr,179,-21430, -47.00 ,-1
 0> <info> app: hr,180,-21431, -49.00 ,0
 0> <info> app: hr,181,-21418, -52.00 ,0
 0> <info> app: hr,182,-21397, -53.00 ,0
 0> <info> app: hr,183,-21402, -56.00 ,0
 0> <info> app: hr,184,-21398, -58.00 ,0
 0> <info> app: hr,185,-21386, -60.00 ,0
 0> <info> app: hr,186,-21384, -62.00 ,0
 0> <info> app: hr,187,-21393, -64.00 ,0
 0> <info> app: hr,188,-21389, -67.00 ,-1
 0> <info> app: hr,189,-21370, -68.00 ,-1
 0> <info> app: hr,190,-21391, -70.00 ,0
 0> <info> app: hr,191,-21379, -71.00 ,0
 0> <info> app: hr,192,-21391, -73.00 ,0
 0> <info> app: hr,193,-21405, -74.00 ,0
 0> <info> app: hr,194,-21383, -75.00 ,0
 0> <info> app: hr,195,-21378, -76.00 ,0
 0> <info> app: hr,196,-21372, -78.00 ,0
 0> <info> app: hr,197,-21366, -79.00 ,-1
 0> <info> app: hr,198,-21365, -80.00 ,0
 0> <info> app: hr,199,-21376, -80.00 ,0
 0> <info> app: hr,200,-21378, -81.00 ,0
 0> <info> app: hr,201,-21380, -81.00 ,0
 0> <info> app: hr,202,-21387, -82.00 ,0
 0> <info> app: hr,203,-21403, -82.00 ,0
 0> <info> app: hr,204,-21399, -81.00 ,0
 0> <info> app: hr,205,-21401, -80.00 ,0
 0> <info> app: hr,206,-21408, -80.00 ,0
 0> <info> app: hr,207,-21394, -79.00 ,0
 0> <info> app: hr,208,-21408, -78.00 ,1
 0> <info> app: hr,209,-21390, -77.00 ,1
 0> <info> app: hr,210,-21387, -76.00 ,0
 0> <info> app: hr,211,-21384, -75.00 ,0
 0> <info> app: hr,212,-21377, -74.00 ,0
 0> <info> app: hr,213,-21387, -72.00 ,0
 0> <info> app: hr,214,-21390, -70.00 ,0
 0> <info> app: hr,215,-21390, -69.00 ,0
 0> <info> app: hr,216,-21397, -67.00 ,1
 0> <info> app: hr,217,-21388, -66.00 ,0
 0> <info> app: hr,218,-21393, -64.00 ,0
 0> <info> app: hr,219,-21401, -63.00 ,0
 0> <info> app: hr,220,-21406, -60.00 ,0
 0> <info> app: hr,221,-21397, -59.00 ,0
 0> <info> app: hr,222,-21407, -57.00 ,0
 0> <info> app: hr,223,-21402, -55.00 ,1
 0> <info> app: hr,224,-21402, -53.00 ,1
 0> <info> app: hr,225,-21391, -51.00 ,0
 0> <info> app: hr,226,-21394, -49.00 ,0
 0> <info> app: hr,227,-21414, -47.00 ,0
 0> <info> app: hr,228,-21395, -45.00 ,0
 0> <info> app: hr,229,-21388, -43.00 ,0
 0> <info> app: hr,230,-21409, -41.00 ,0
 0> <info> app: hr,231,-21397, -39.00 ,1
 0> <info> app: hr,232,-21412, -37.00 ,1
 0> <info> app: hr,233,-21408, -35.00 ,0
 0> <info> app: hr,234,-21411, -33.00 ,0
 0> <info> app: hr,235,-21429, -32.00 ,0
 0> <info> app: hr,236,-21434, -30.00 ,0
 0> <info> app: hr,237,-21430, -28.00 ,0
 0> <info> app: hr,238,-21419, -26.00 ,0
 0> <info> app: hr,239,-21430, -24.00 ,1
 0> <info> app: hr,240,-21424, -22.00 ,1
 0> <info> app: hr,241,-21429, -19.00 ,0
 0> <info> app: hr,242,-21431, -17.00 ,0
 0> <info> app: hr,243,-21417, -16.00 ,0
 0> <info> app: hr,244,-21423, -14.00 ,0
 0> <info> app: hr,245,-21435, -12.00 ,0
 0> <info> app: hr,246,-21428, -10.00 ,0
 0> <info> app: hr,247,-21416, -9.00 ,0
 0> <info> app: hr,248,-21426, -7.00 ,0
 0> <info> app: hr,249,-21423, -6.00 ,0
 0> <info> app: hr,250,-21435, -5.00 ,0
 0> <info> app: hr,251,-21439, -2.00 ,1
 0> <info> app: hr,252,-21450, -1.00 ,1
 0> <info> app: hr,253,-21424, 0.00 ,0
 0> <info> app: hr,254,-21427, 0.00 ,0
 0> <info> app: hr,255,-21413, 2.00 ,0
 0> <info> app: hr,256,-21402, 3.00 ,0
 0> <info> app: hr,257,-21384, 4.00 ,0
 0> <info> app: hr,258,-21386, 4.00 ,0
 0> <info> app: hr,259,-21388, 4.00 ,0
 0> <info> app: hr,260,-21387, 5.00 ,0
 0> <info> app: hr,261,-21391, 5.00 ,0
 0> <info> app: hr,262,-21388, 5.00 ,0
 0> <info> app: hr,263,-21393, 5.00 ,0
 0> <info> app: hr,264,-21375, 5.00 ,0
 0> <info> app: hr,265,-21377, 5.00 ,0
 0> <info> app: hr,266,-21339, 4.00 ,-1
 0> <info> app: hr,267,-21338, 4.00 ,-1
 0> <info> app: hr,268,-21302, 3.00 ,0
 0> <info> app: hr,269,-21308, 2.00 ,-1
 0> <info> app: hr,270,-21320, 1.00 ,-1
 0> <info> app: hr,271,-21338, -1.00 ,-1
 0> <info> app: hr,272,-21342, -1.00 ,0
 0> <info> app: hr,273,-21373, -3.00 ,-1
 0> <info> app: hr,274,-21385, -5.00 ,-1
 0> <info> app: hr,275,-21381, -6.00 ,-1
 0> <info> app: hr,276,-21389, -8.00 ,-1
 0> <info> app: hr,277,-21390, -8.00 ,-1
 0> <info> app: hr,278,-21401, -10.00 ,-1
 0> <info> app: hr,279,-21393, -10.00 ,-1
 0> <info> app: hr,280,-21381, -11.00 ,-1
 0> <info> app: hr,281,-21387, -11.00 ,-1
 0> <info> app: hr,282,-21391, -12.00 ,-1
 0> <info> app: hr,283,-21388, -12.00 ,-1
 0> <info> app: hr,284,-21376, -12.00 ,-1
 0> <info> app: hr,285,-21378, -13.00 ,-1
 0> <info> app: hr,286,-21361, -12.00 ,-1
 0> <info> app: hr,287,-21354, -12.00 ,-1
 0> <info> app: hr,288,-21353, -13.00 ,-1
 0> <info> app: hr,289,-21360, -13.00 ,-1
 0> <info> app: hr,290,-21366, -13.00 ,-1
 0> <info> app: hr,291,-21374, -14.00 ,-1
 0> <info> app: hr,292,-21371, -14.00 ,-1
 0> <info> app: hr,293,-21386, -13.00 ,-1
 0> <info> app: hr,294,-21374, -14.00 ,-1
 0> <info> app: hr,295,-21369, -14.00 ,-1
 0> <info> app: hr,296,-21387, -14.00 ,-1
 0> <info> app: hr,297,-21383, -13.00 ,-1
 0> <info> app: hr,298,-21397, -14.00 ,-1
 0> <info> app: hr,299,-21398, -13.00 ,-1
 0> <info> app: hr,300,-21408, -12.00 ,-1
 0> <info> app: hr,301,-21412, -13.00 ,-1
 0> <info> app: hr,302,-21406, -12.00 ,-1
 0> <info> app: hr,303,-21411, -10.00 ,-1
 0> <info> app: hr,304,-21391, -10.00 ,-1
 0> <info> app: hr,305,-21389, -9.00 ,-1
 0> <info> app: hr,306,-21365, -9.00 ,-1
 0> <info> app: hr,307,-21349, -8.00 ,-1
 0> <info> app: hr,308,-21309, -8.00 ,-1
 0> <info> app: hr,309,-21313, -8.00 ,-1
 0> <info> app: hr,310,-21281, -7.00 ,-1
 0> <info> app: hr,311,-21258, -8.00 ,-1
 0> <info> app: hr,312,-21263, -8.00 ,-1
 0> <info> app: hr,313,-21260, -9.00 ,-1
 0> <info> app: hr,314,-21257, -10.00 ,-1
 0> <info> app: hr,315,-21264, -12.00 ,-1
 0> <info> app: hr,316,-21295, -14.00 ,-1
 0> <info> app: hr,317,-21311, -16.00 ,-1
 0> <info> app: hr,318,-21299, -17.00 ,-1
 0> <info> app: hr,319,-21333, -19.00 ,-1
 0> <info> app: hr,320,-21316, -20.00 ,-1
 0> <info> app: hr,321,-21315, -21.00 ,-1
 0> <info> app: hr,322,-21310, -22.00 ,-1
 0> <info> app: hr,323,-21317, -24.00 ,-1
 0> <info> app: hr,324,-21314, -24.00 ,-1
 0> <info> app: hr,325,-21313, -25.00 ,-1
 0> <info> app: hr,326,-21311, -26.00 ,-1
 0> <info> app: hr,327,-21309, -27.00 ,-1
 0> <info> app: hr,328,-21306, -27.00 ,-1
 0> <info> app: hr,329,-21304, -28.00 ,-1
 0> <info> app: hr,330,-21312, -28.00 ,-1
 0> <info> app: hr,331,-21321, -29.00 ,-1
 0> <info> app: hr,332,-21336, -29.00 ,-1
 0> <info> app: hr,333,-21327, -29.00 ,-1
 0> <info> app: hr,334,-21314, -29.00 ,-1
 0> <info> app: hr,335,-21320, -29.00 ,-1
 0> <info> app: hr,336,-21311, -29.00 ,-1
 0> <info> app: hr,337,-21311, -29.00 ,-1
 0> <info> app: hr,338,-21332, -29.00 ,-1
 0> <info> app: hr,339,-21322, -28.00 ,-1
 0> <info> app: hr,340,-21327, -28.00 ,-1
 0> <info> app: hr,341,-21345, -27.00 ,-1
 0> <info> app: hr,342,-21341, -27.00 ,-1
 0> <info> app: hr,343,-21362, -26.00 ,-1
 0> <info> app: hr,344,-21375, -25.00 ,-1
 0> <info> app: hr,345,-21375, -24.00 ,-1
 0> <info> app: hr,346,-21405, -23.00 ,-1
 0> <info> app: hr,347,-21400, -21.00 ,-1
 0> <info> app: hr,348,-21409, -20.00 ,-1
 0> <info> app: hr,349,-21414, -18.00 ,-1
 0> <info> app: hr,350,-21396, -16.00 ,-1
 0> <info> app: hr,351,-21400, -13.00 ,-1
 0> <info> app: hr,352,-21384, -11.00 ,-1
 0> <info> app: hr,353,-21400, -9.00 ,-1
 0> <info> app: hr,354,-21411, -6.00 ,-1
 0> <info> app: hr,355,-21407, -5.00 ,-1
 0> <info> app: hr,356,-21387, -3.00 ,-1
 0> <info> app: hr,357,-21385, 0.00 ,0
 0> <info> app: hr,358,-21384, 2.00 ,0
 0> <info> app: hr,359,-21386, 4.00 ,1
 0> <info> app: hr,360,-21385, 5.00 ,1
 0> <info> app: hr,361,-21384, 7.00 ,1
 0> <info> app: hr,362,-21389, 9.00 ,1
 0> <info> app: hr,363,-21386, 10.00 ,1
 0> <info> app: hr,364,-21394, 12.00 ,1
 0> <info> app: hr,365,-21390, 13.00 ,1
 0> <info> app: hr,366,-21388, 14.00 ,1
 0> <info> app: hr,367,-21385, 16.00 ,1
 0> <info> app: hr,368,-21389, 16.00 ,1
 0> <info> app: hr,369,-21390, 17.00 ,1
 0> <info> app: hr,370,-21397, 18.00 ,1
 0> <info> app: hr,371,-21401, 19.00 ,1
 0> <info> app: hr,372,-21401, 20.00 ,1
 0> <info> app: hr,373,-21391, 20.00 ,1
 0> <info> app: hr,374,-21395, 21.00 ,1
 0> <info> app: hr,375,-21406, 22.00 ,1
 0> <info> app: hr,376,-21401, 22.00 ,1
 0> <info> app: hr,377,-21393, 23.00 ,1
 0> <info> app: hr,378,-21398, 23.00 ,1
 0> <info> app: hr,379,-21404, 23.00 ,1
 0> <info> app: hr,380,-21408, 23.00 ,1
 0> <info> app: hr,381,-21402, 24.00 ,1
 0> <info> app: hr,382,-21398, 24.00 ,1
 0> <info> app: hr,383,-21405, 25.00 ,1
 0> <info> app: hr,384,-21399, 24.00 ,1
 0> <info> app: hr,385,-21400, 24.00 ,1
 0> <info> app: hr,386,-21401, 24.00 ,0
 0> <info> app: hr,387,-21399, 25.00 ,1
 0> <info> app: hr,388,-21424, 24.00 ,0
 0> <info> app: hr,389,-21409, 24.00 ,0
 0> <info> app: hr,390,-21406, 24.00 ,0
 0> <info> app: hr,391,-21408, 24.00 ,0
 0> <info> app: hr,392,-21417, 24.00 ,0
 0> <info> app: hr,393,-21417, 23.00 ,-1
 0> <info> app: hr,394,-21421, 23.00 ,-1
 0> <info> app: hr,395,-21411, 24.00 ,0
 0> <info> app: hr,396,-21412, 24.00 ,0
 0> <info> app: hr,397,-21414, 24.00 ,0
 0> <info> app: hr,398,-21409, 23.00 ,0
 0> <info> app: hr,399,-21402, 22.00 ,0
 0> <info> app: hr,400,-21413, 22.00 ,0
 0> <info> app: hr,401,-21412, 22.00 ,0
 0> <info> app: hr,402,-21418, 22.00 ,0
 0> <info> app: hr,403,-21412, 22.00 ,0
 0> <info> app: hr,404,-21415, 22.00 ,0
 0> <info> app: hr,405,-21413, 20.00 ,-1
 0> <info> app: hr,406,-21422, 20.00 ,-1
 0> <info> app: hr,407,-21432, 20.00 ,0
 0> <info> app: hr,408,-21434, 19.00 ,0
 0> <info> app: hr,409,-21435, 19.00 ,0
 0> <info> app: hr,410,-21422, 19.00 ,0
 0> <info> app: hr,411,-21428, 19.00 ,0
 0> <info> app: hr,412,-21425, 19.00 ,0
 0> <info> app: hr,413,-21441, 18.00 ,0
 0> <info> app: hr,414,-21431, 18.00 ,-1
 0> <info> app: hr,415,-21440, 18.00 ,0
 0> <info> app: hr,416,-21453, 19.00 ,0
 0> <info> app: hr,417,-21444, 19.00 ,0
 0> <info> app: hr,418,-21463, 19.00 ,0
 0> <info> app: hr,419,-21444, 19.00 ,0
 0> <info> app: hr,420,-21444, 19.00 ,0
 0> <info> app: hr,421,-21473, 19.00 ,0
 0> <info> app: hr,422,-21477, 19.00 ,0
 0> <info> app: hr,423,-21470, 20.00 ,1
 0> <info> app: hr,424,-21463, 20.00 ,1
 0> <info> app: hr,425,-21471, 21.00 ,1
 0> <info> app: hr,426,-21465, 21.00 ,1
 0> <info> app: hr,427,-21479, 22.00 ,1
 0> <info> app: hr,428,-21475, 22.00 ,1
 0> <info> app: hr,429,-21474, 22.00 ,1
 0> <info> app: hr,430,-21483, 22.00 ,1
 0> <info> app: hr,431,-21466, 23.00 ,1
 0> <info> app: hr,432,-21474, 24.00 ,1
 0> <info> app: hr,433,-21461, 24.00 ,1
 0> <info> app: hr,434,-21473, 25.00 ,1
 0> <info> app: hr,435,-21475, 25.00 ,1
 0> <info> app: hr,436,-21475, 25.00 ,1
 0> <info> app: hr,437,-21483, 26.00 ,1
 0> <info> app: hr,438,-21472, 25.00 ,1
 0> <info> app: hr,439,-21465, 26.00 ,1
 0> <info> app: hr,440,-21452, 27.00 ,1
 0> <info> app: hr,441,-21448, 26.00 ,1
 0> <info> app: hr,442,-21440, 26.00 ,1
 0> <info> app: hr,443,-21442, 26.00 ,1
 0> <info> app: hr,444,-21426, 25.00 ,0
 0> <info> app: hr,445,-21449, 25.00 ,0
 0> <info> app: hr,446,-21444, 25.00 ,0
 0> <info> app: hr,447,-21443, 25.00 ,0
 0> <info> app: hr,448,-21433, 23.00 ,0
 0> <info> app: hr,449,-21434, 22.00 ,-1
 0> <info> app: hr,450,-21424, 22.00 ,0
 0> <info> app: hr,451,-21436, 21.00 ,0
 0> <info> app: hr,452,-21439, 20.00 ,0
 0> <info> app: hr,453,-21433, 19.00 ,0
 0> <info> app: hr,454,-21443, 18.00 ,-1
 0> <info> app: hr,455,-21436, 17.00 ,0
 0> <info> app: hr,456,-21432, 15.00 ,-1
 0> <info> app: hr,457,-21430, 14.00 ,-1
 0> <info> app: hr,458,-21441, 14.00 ,-1
 0> <info> app: hr,459,-21430, 12.00 ,-1
 0> <info> app: hr,460,-21442, 11.00 ,-1
 0> <info> app: hr,461,-21428, 10.00 ,-1
 0> <info> app: hr,462,-21433, 9.00 ,-1
 0> <info> app: hr,463,-21412, 8.00 ,-1
 0> <info> app: hr,464,-21402, 7.00 ,-1
 0> <info> app: hr,465,-21401, 6.00 ,-1
 0> <info> app: hr,466,-21379, 5.00 ,-1
 0> <info> app: hr,467,-21370, 3.00 ,-1
 0> <info> app: hr,468,-21372, 2.00 ,-1
 0> <info> app: hr,469,-21364, 0.00 ,-1
 0> <info> app: hr,470,-21370, -1.00 ,-1
 0> <info> app: hr,471,-21352, -2.00 ,-1
 0> <info> app: hr,472,-21364, -4.00 ,-1
 0> <info> app: hr,473,-21373, -6.00 ,-1
 0> <info> app: hr,474,-21360, -8.00 ,-1
 0> <info> app: hr,475,-21365, -10.00 ,-1
 0> <info> app: hr,476,-21367, -11.00 ,-1
 0> <info> app: hr,477,-21371, -14.00 ,-1
 0> <info> app: hr,478,-21362, -15.00 ,-1
 0> <info> app: hr,479,-21367, -17.00 ,-1
 0> <info> app: hr,480,-21363, -18.00 ,-1
 0> <info> app: hr,481,-21368, -20.00 ,-1
 0> <info> app: hr,482,-21367, -21.00 ,-1
 0> <info> app: hr,483,-21378, -23.00 ,-1
 0> <info> app: hr,484,-21387, -24.00 ,-1
 0> <info> app: hr,485,-21376, -25.00 ,-1
 0> <info> app: hr,486,-21379, -26.00 ,-1
 0> <info> app: hr,487,-21377, -27.00 ,-1
 0> <info> app: hr,488,-21372, -28.00 ,-1
 0> <info> app: hr,489,-21368, -29.00 ,-1
 0> <info> app: hr,490,-21389, -29.00 ,-1
 0> <info> app: hr,491,-21367, -29.00 ,-1
 0> <info> app: hr,492,-21381, -29.00 ,-1
 0> <info> app: hr,493,-21375, -30.00 ,-1
 0> <info> app: hr,494,-21380, -30.00 ,-1
 0> <info> app: hr,495,-21386, -30.00 ,-1
 0> <info> app: hr,496,-21373, -30.00 ,-1
 0> <info> app: hr,497,-21381, -30.00 ,-1
 0> <info> app: hr,498,-21383, -29.00 ,-1
 0> <info> app: hr,499,-21387, -29.00 ,-1
 0> <info> app: hr,500,-21397, -28.00 ,-1
 0> <info> app: hr,501,-21396, -28.00 ,-1
 0> <info> app: hr,502,-21377, -27.00 ,-1
 0> <info> app: hr,503,-21379, -27.00 ,-1
 0> <info> app: hr,504,-21373, -27.00 ,-1
 0> <info> app: hr,505,-21373, -25.00 ,-1
 0> <info> app: hr,506,-21377, -25.00 ,-1
 0> <info> app: hr,507,-21378, -25.00 ,-1
 0> <info> app: hr,508,-21404, -23.00 ,-1
 0> <info> app: hr,509,-21379, -23.00 ,-1
 0> <info> app: hr,510,-21379, -22.00 ,-1
 0> <info> app: hr,511,-21384, -22.00 ,-1
 0> <info> app: hr,512,-21373, -21.00 ,-1
 0> <info> app: hr,513,-21389, -20.00 ,-1
 0> <info> app: hr,514,-21389, -19.00 ,-1
 0> <info> app: hr,515,-21400, -19.00 ,-1
 0> <info> app: hr,516,-21391, -18.00 ,-1
 0> <info> app: hr,517,-21380, -17.00 ,-1
 0> <info> app: hr,518,-21381, -16.00 ,-1
 0> <info> app: hr,519,-21364, -15.00 ,-1
 0> <info> app: hr,520,-21383, -14.00 ,-1
 0> <info> app: hr,521,-21385, -14.00 ,-1
 0> <info> app: hr,522,-21375, -13.00 ,-1
 0> <info> app: hr,523,-21388, -12.00 ,-1
 0> <info> app: hr,524,-21363, -12.00 ,-1
 0> <info> app: hr,525,-21365, -11.00 ,-1
 0> <info> app: hr,526,-21378, -10.00 ,-1
 0> <info> app: hr,527,-21375, -10.00 ,-1
 0> <info> app: hr,528,-21375, -9.00 ,-1
 0> <info> app: hr,529,-21381, -9.00 ,-1
 0> <info> app: hr,530,-21359, -8.00 ,-1
 0> <info> app: hr,531,-21364, -8.00 ,-1
 0> <info> app: hr,532,-21360, -8.00 ,-1
 0> <info> app: hr,533,-21363, -7.00 ,-1
 0> <info> app: hr,534,-21384, -7.00 ,-1
 0> <info> app: hr,535,-21371, -6.00 ,-1
 0> <info> app: hr,536,-21388, -7.00 ,-1
 0> <info> app: hr,537,-21382, -7.00 ,-1
 0> <info> app: hr,538,-21372, -6.00 ,-1
 0> <info> app: hr,539,-21391, -6.00 ,-1
 0> <info> app: hr,540,-21397, -6.00 ,-1
 0> <info> app: hr,541,-21395, -5.00 ,-1
 0> <info> app: hr,542,-21399, -5.00 ,-1
 0> <info> app: hr,543,-21403, -5.00 ,-1
 0> <info> app: hr,544,-21414, -4.00 ,-1
 0> <info> app: hr,545,-21413, -3.00 ,-1
 0> <info> app: hr,546,-21421, -2.00 ,-1
 0> <info> app: hr,547,-21405, -2.00 ,-1
 0> <info> app: hr,548,-21422, -1.00 ,0
 0> <info> app: hr,549,-21421, 0.00 ,0
 0> <info> app: hr,550,-21413, 0.00 ,0
 0> <info> app: hr,551,-21405, 1.00 ,0
 0> <info> app: hr,552,-21433, 2.00 ,1
 0> <info> app: hr,553,-21432, 3.00 ,1
 0> <info> app: hr,554,-21432, 4.00 ,1
 0> <info> app: hr,555,-21449, 5.00 ,1
 0> <info> app: hr,556,-21443, 5.00 ,1
 0> <info> app: hr,557,-21444, 7.00 ,1
 0> <info> app: hr,558,-21446, 8.00 ,1
 0> <info> app: hr,559,-21437, 9.00 ,1
 0> <info> app: hr,560,-21453, 11.00 ,1
 0> <info> app: hr,561,-21470, 11.00 ,1
 0> <info> app: hr,562,-21435, 13.00 ,1
 0> <info> app: hr,563,-21446, 14.00 ,1
 0> <info> app: hr,564,-21426, 15.00 ,1
 0> <info> app: hr,565,-21426, 16.00 ,1
 0> <info> app: hr,566,-21433, 18.00 ,1
 0> <info> app: hr,567,-21419, 18.00 ,1
 0> <info> app: hr,568,-21427, 19.00 ,1
 0> <info> app: hr,569,-21418, 19.00 ,1
 0> <info> app: hr,570,-21432, 20.00 ,1
 0> <info> app: hr,571,-21438, 20.00 ,1
 0> <info> app: hr,572,-21436, 21.00 ,1
 0> <info> app: hr,573,-21446, 21.00 ,1
 0> <info> app: hr,574,-21442, 21.00 ,1
 0> <info> app: hr,575,-21460, 22.00 ,1
 0> <info> app: hr,576,-21459, 22.00 ,1
 0> <info> app: hr,577,-21470, 22.00 ,1
 0> <info> app: hr,578,-21451, 22.00 ,1
 0> <info> app: hr,579,-21470, 23.00 ,1
 0> <info> app: hr,580,-21464, 23.00 ,1
 0> <info> app: hr,581,-21474, 24.00 ,1
 0> <info> app: hr,582,-21466, 24.00 ,1
 0> <info> app: hr,583,-21483, 24.00 ,1
 0> <info> app: hr,584,-21486, 25.00 ,1
 0> <info> app: hr,585,-21493, 25.00 ,1
 0> <info> app: hr,586,-21503, 26.00 ,1
 0> <info> app: hr,587,-21523, 26.00 ,1
 0> <info> app: hr,588,-21518, 27.00 ,1
 0> <info> app: hr,589,-21535, 28.00 ,1
 0> <info> app: hr,590,-21545, 29.00 ,1
 0> <info> app: hr,591,-21531, 30.00 ,1
 0> <info> app: hr,592,-21524, 31.00 ,1
 0> <info> app: hr,593,-21522, 33.00 ,1
 0> <info> app: hr,594,-21517, 33.00 ,1
 0> <info> app: hr,595,-21526, 34.00 ,1
 0> <info> app: hr,596,-21536, 36.00 ,1
 0> <info> app: hr,597,-21524, 37.00 ,1
 0> <info> app: hr,598,-21532, 38.00 ,1
 0> <info> app: hr,599,-21547, 39.00 ,1
 0> <info> app: hr,600,-21537, 39.00 ,1
 0> <info> app: hr,601,-21558, 40.00 ,1
 0> <info> app: hr,602,-21551, 41.00 ,1
 0> <info> app: hr,603,-21536, 42.00 ,1
 0> <info> app: hr,604,-21561, 43.00 ,1
 0> <info> app: hr,605,-21547, 44.00 ,1
 0> <info> app: hr,606,-21565, 44.00 ,1
 0> <info> app: hr,607,-21554, 45.00 ,1
 0> <info> app: hr,608,-21578, 46.00 ,1
 0> <info> app: hr,609,-21569, 47.00 ,1
 0> <info> app: hr,610,-21555, 47.00 ,1
 0> <info> app: hr,611,-21551, 48.00 ,1
 0> <info> app: hr,612,-21550, 48.00 ,1
 0> <info> app: hr,613,-21557, 49.00 ,1
 0> <info> app: hr,614,-21546, 49.00 ,1
 0> <info> app: hr,615,-21528, 50.00 ,1
 0> <info> app: hr,616,-21522, 49.00 ,1
 0> <info> app: hr,617,-21497, 49.00 ,1
 0> <info> app: hr,618,-21508, 48.00 ,0
 0> <info> app: hr,619,-21524, 48.00 ,0
 0> <info> app: hr,620,-21521, 48.00 ,0
 0> <info> app: hr,621,-21518, 46.00 ,0
 0> <info> app: hr,622,-21549, 46.00 ,0
 0> <info> app: hr,623,-21544, 45.00 ,0
 0> <info> app: hr,624,-21537, 43.00 ,-1
 0> <info> app: hr,625,-21535, 42.00 ,-1
 0> <info> app: hr,626,-21561, 41.00 ,-1
 0> <info> app: hr,627,-21545, 40.00 ,-1
 0> <info> app: hr,628,-21537, 39.00 ,-1
 0> <info> app: hr,629,-21535, 38.00 ,-1
 0> <info> app: hr,630,-21531, 37.00 ,-1
 0> <info> app: hr,631,-21548, 36.00 ,-1
 0> <info> app: hr,632,-21537, 35.00 ,-1
 0> <info> app: hr,633,-21538, 35.00 ,-1
 0> <info> app: hr,634,-21540, 33.00 ,-1
 0> <info> app: hr,635,-21542, 32.00 ,-1
 0> <info> app: hr,636,-21542, 30.00 ,-1
 0> <info> app: hr,637,-21555, 30.00 ,-1
 0> <info> app: hr,638,-21555, 28.00 ,-1
 0> <info> app: hr,639,-21538, 28.00 ,-1
 0> <info> app: hr,640,-21566, 27.00 ,-1
 0> <info> app: hr,641,-21548, 26.00 ,-1
 0> <info> app: hr,642,-21568, 25.00 ,-1
 0> <info> app: hr,643,-21584, 25.00 ,-1
 0> <info> app: hr,644,-21567, 23.00 ,-1
 0> <info> app: hr,645,-21578, 23.00 ,-1
 0> <info> app: hr,646,-21570, 23.00 ,0
 0> <info> app: hr,647,-21581, 22.00 ,0
 0> <info> app: hr,648,-21577, 22.00 ,0
 0> <info> app: hr,649,-21587, 22.00 ,0
 0> <info> app: hr,650,-21590, 21.00 ,0
 0> <info> app: hr,651,-21611, 21.00 ,0
 0> <info> app: hr,652,-21636, 21.00 ,0
 0> <info> app: hr,653,-21649, 22.00 ,0
 0> <info> app: hr,654,-21674, 22.00 ,0
 0> <info> app: hr,655,-21722, 23.00 ,0
 0> <info> app: hr,656,-21765, 25.00 ,1
 0> <info> app: hr,657,-21787, 26.00 ,1
 0> <info> app: hr,658,-21792, 28.00 ,1
 0> <info> app: hr,659,-21815, 31.00 ,1
 0> <info> app: hr,660,-21826, 34.00 ,1
 0> <info> app: hr,661,-21831, 37.00 ,1
 0> <info> app: hr,662,-21830, 42.00 ,1
 0> <info> app: hr,663,-21838, 45.00 ,1
 0> <info> app: hr,664,-21825, 50.00 ,1
 0> <info> app: hr,665,-21825, 55.00 ,1
 0> <info> app: hr,666,-21845, 59.00 ,1
 0> <info> app: hr,667,-21819, 63.00 ,1
 0> <info> app: hr,668,-21837, 68.00 ,1
 0> <info> app: hr,669,-21825, 71.00 ,1
 0> <info> app: hr,670,-21808, 76.00 ,1
 0> <info> app: hr,671,-21807, 80.00 ,1
 0> <info> app: hr,672,-21784, 83.00 ,1
 0> <info> app: hr,673,-21763, 87.00 ,1
 0> <info> app: hr,674,-21758, 89.00 ,1
 0> <info> app: hr,675,-21735, 92.00 ,1
 0> <info> app: hr,676,-21727, 93.00 ,1
 0> <info> app: hr,677,-21705, 96.00 ,1
 0> <info> app: hr,678,-21685, 96.00 ,1
 0> <info> app: hr,679,-21674, 96.00 ,1
 0> <info> app: hr,680,-21655, 96.00 ,1
 0> <info> app: hr,681,-21656, 95.00 ,0
 0> <info> app: hr,682,-21661, 93.00 ,0
 0> <info> app: hr,683,-21659, 92.00 ,0
 0> <info> app: hr,684,-21666, 90.00 ,0
 0> <info> app: hr,685,-21666, 88.00 ,-1
 0> <info> app: hr,686,-21640, 85.00 ,-1
 0> <info> app: hr,687,-21661, 82.00 ,-1
 0> <info> app: hr,688,-21653, 79.00 ,-1
 0> <info> app: hr,689,-21666, 75.00 ,-1
 0> <info> app: hr,690,-21689, 71.00 ,-1
 0> <info> app: hr,691,-21683, 69.00 ,-1
 0> <info> app: hr,692,-21706, 64.00 ,-1
 0> <info> app: hr,693,-21713, 61.00 ,-1
 0> <info> app: hr,694,-21718, 58.00 ,-1
 0> <info> app: hr,695,-21730, 55.00 ,-1
 0> <info> app: hr,696,-21748, 52.00 ,-1
 0> <info> app: hr,697,-21744, 49.00 ,-1
 0> <info> app: hr,698,-21753, 47.00 ,-1
 0> <info> app: hr,699,-21740, 45.00 ,-1
 0> <info> app: hr,700,-21738, 42.00 ,-1
 0> <info> app: hr,701,-21742, 40.00 ,-1
 0> <info> app: hr,702,-21734, 38.00 ,-1
 0> <info> app: hr,703,-21737, 36.00 ,-1
 0> <info> app: hr,704,-21748, 35.00 ,-1
 0> <info> app: hr,705,-21728, 34.00 ,-1
 0> <info> app: hr,706,-21730, 32.00 ,-1
 0> <info> app: hr,707,-21759, 31.00 ,-1
 0> <info> app: hr,708,-21738, 30.00 ,-1
 0> <info> app: hr,709,-21746, 28.00 ,-1
 0> <info> app: hr,710,-21756, 28.00 ,-1
 0> <info> app: hr,711,-21734, 26.00 ,-1
 0> <info> app: hr,712,-21761, 26.00 ,0
 0> <info> app: hr,713,-21752, 25.00 ,0
 0> <info> app: hr,714,-21758, 24.00 ,0
 0> <info> app: hr,715,-21758, 23.00 ,0
 0> <info> app: hr,716,-21765, 23.00 ,0
 0> <info> app: hr,717,-21759, 23.00 ,0
 0> <info> app: hr,718,-21765, 22.00 ,0
 0> <info> app: hr,719,-21774, 22.00 ,0
 0> <info> app: hr,720,-21770, 21.00 ,-1
 0> <info> app: hr,721,-21794, 21.00 ,0
 0> <info> app: hr,722,-21792, 21.00 ,0
 0> <info> app: hr,723,-21786, 21.00 ,0
 0> <info> app: hr,724,-21804, 22.00 ,0
 0> <info> app: hr,725,-21796, 22.00 ,0
 0> <info> app: hr,726,-21802, 23.00 ,0
 0> <info> app: hr,727,-21806, 23.00 ,0
 0> <info> app: hr,728,-21792, 23.00 ,0
 0> <info> app: hr,729,-21793, 23.00 ,0
 0> <info> app: hr,730,-21793, 24.00 ,0
 0> <info> app: hr,731,-21798, 25.00 ,1
 0> <info> app: hr,732,-21805, 26.00 ,1
 0> <info> app: hr,733,-21806, 26.00 ,1
 0> <info> app: hr,734,-21818, 26.00 ,1
 0> <info> app: hr,735,-21809, 27.00 ,1
 0> <info> app: hr,736,-21806, 27.00 ,1
 0> <info> app: hr,737,-21799, 28.00 ,1
 0> <info> app: hr,738,-21801, 28.00 ,1
 0> <info> app: hr,739,-21801, 29.00 ,1
 0> <info> app: hr,740,-21808, 30.00 ,1
 0> <info> app: hr,741,-21804, 30.00 ,1
 0> <info> app: hr,742,-21818, 31.00 ,1
 0> <info> app: hr,743,-21812, 31.00 ,1
 0> <info> app: hr,744,-21808, 30.00 ,1
 0> <info> app: hr,745,-21803, 31.00 ,1
 0> <info> app: hr,746,-21799, 31.00 ,1
 0> <info> app: hr,747,-21800, 32.00 ,1
 0> <info> app: hr,748,-21783, 31.00 ,1
 0> <info> app: hr,749,-21805, 32.00 ,1
 0> <info> app: hr,750,-21782, 31.00 ,1
 0> <info> app: hr,751,-21781, 30.00 ,0
 0> <info> app: hr,752,-21782, 31.00 ,1
 0> <info> app: hr,753,-21782, 30.00 ,0
 0> <info> app: hr,754,-21782, 29.00 ,0
 0> <info> app: hr,755,-21785, 28.00 ,0
 0> <info> app: hr,756,-21801, 28.00 ,0
 0> <info> app: hr,757,-21798, 27.00 ,0
 0> <info> app: hr,758,-21805, 26.00 ,-1
 0> <info> app: hr,759,-21788, 26.00 ,0
 0> <info> app: hr,760,-21794, 25.00 ,0
 0> <info> app: hr,761,-21810, 24.00 ,-1
 0> <info> app: hr,762,-21816, 24.00 ,0
 0> <info> app: hr,763,-21804, 23.00 ,0
 0> <info> app: hr,764,-21807, 22.00 ,-1
 0> <info> app: hr,765,-21816, 21.00 ,-1
 0> <info> app: hr,766,-21812, 21.00 ,0
 0> <info> app: hr,767,-21810, 20.00 ,0
 0> <info> app: hr,768,-21822, 20.00 ,0
 0> <info> app: hr,769,-21824, 20.00 ,0
 0> <info> app: hr,770,-21813, 19.00 ,0
 0> <info> app: hr,771,-21829, 19.00 ,0
 0> <info> app: hr,772,-21822, 19.00 ,0
 0> <info> app: hr,773,-21818, 18.00 ,0
 0> <info> app: hr,774,-21813, 18.00 ,0
 0> <info> app: hr,775,-21824, 18.00 ,0
 0> <info> app: hr,776,-21830, 18.00 ,0
 0> <info> app: hr,777,-21823, 17.00 ,0
 0> <info> app: hr,778,-21816, 17.00 ,0
 0> <info> app: hr,779,-21807, 18.00 ,0
 0> <info> app: hr,780,-21815, 17.00 ,0
 0> <info> app: hr,781,-21803, 17.00 ,0
 0> <info> app: hr,782,-21798, 17.00 ,0
 0> <info> app: hr,783,-21802, 16.00 ,0
 0> <info> app: hr,784,-21799, 16.00 ,0
 0> <info> app: hr,785,-21807, 15.00 ,-1
 0> <info> app: hr,786,-21807, 15.00 ,0
 0> <info> app: hr,787,-21801, 14.00 ,0
 0> <info> app: hr,788,-21788, 14.00 ,0
 0> <info> app: hr,789,-21792, 13.00 ,0
 0> <info> app: hr,790,-21788, 13.00 ,0
 0> <info> app: hr,791,-21776, 12.00 ,0
 0> <info> app: hr,792,-21777, 11.00 ,0
 0> <info> app: hr,793,-21771, 10.00 ,-1
 0> <info> app: hr,794,-21749, 9.00 ,-1
 0> <info> app: hr,795,-21790, 8.00 ,0
 0> <info> app: hr,796,-21768, 7.00 ,-1
 0> <info> app: hr,797,-21775, 6.00 ,-1
 0> <info> app: hr,798,-21777, 5.00 ,-1
 0> <info> app: hr,799,-21781, 3.00 ,-1
 0> <info> app: hr,800,-21770, 3.00 ,-1
 0> <info> app: hr,801,-21794, 2.00 ,-1
 0> <info> app: hr,802,-21794, 1.00 ,-1
 0> <info> app: hr,803,-21782, 0.00 ,-1
 0> <info> app: hr,804,-21787, 0.00 ,0
 0> <info> app: hr,805,-21780, -1.00 ,0
 0> <info> app: hr,806,-21766, -2.00 ,0
 0> <info> app: hr,807,-21764, -3.00 ,-1
 0> <info> app: hr,808,-21777, -3.00 ,0
 0> <info> app: hr,809,-21784, -4.00 ,0
 0> <info> app: hr,810,-21776, -4.00 ,0
 0> <info> app: hr,811,-21782, -5.00 ,0
 0> <info> app: hr,812,-21774, -6.00 ,0
 0> <info> app: hr,813,-21781, -7.00 ,0
 0> <info> app: hr,814,-21781, -7.00 ,0
 0> <info> app: hr,815,-21773, -8.00 ,0
 0> <info> app: hr,816,-21787, -7.00 ,0
 0> <info> app: hr,817,-21796, -8.00 ,0
 0> <info> app: hr,818,-21801, -9.00 ,-1
 0> <info> app: hr,819,-21788, -9.00 ,0
 0> <info> app: hr,820,-21803, -9.00 ,0
 0> <info> app: hr,821,-21800, -9.00 ,0
 0> <info> app: hr,822,-21800, -9.00 ,0
 0> <info> app: hr,823,-21799, -8.00 ,0
 0> <info> app: hr,824,-21817, -8.00 ,0
 0> <info> app: hr,825,-21803, -7.00 ,0
 0> <info> app: hr,826,-21805, -7.00 ,0
 0> <info> app: hr,827,-21830, -7.00 ,0
 0> <info> app: hr,828,-21837, -6.00 ,0
 0> <info> app: hr,829,-21840, -6.00 ,0
 0> <info> app: hr,830,-21866, -5.00 ,1
 0> <info> app: hr,831,-21880, -3.00 ,1
 0> <info> app: hr,832,-21887, -2.00 ,0
 0> <info> app: hr,833,-21896, -1.00 ,0
 0> <info> app: hr,834,-21900, 0.00 ,0
 0> <info> app: hr,835,-21921, 2.00 ,0
 0> <info> app: hr,836,-21902, 4.00 ,0
 0> <info> app: hr,837,-21905, 6.00 ,1
 0> <info> app: hr,838,-21903, 8.00 ,1
 0> <info> app: hr,839,-21912, 11.00 ,1
 0> <info> app: hr,840,-21927, 12.00 ,1
 0> <info> app: hr,841,-21936, 16.00 ,1
 0> <info> app: hr,842,-21935, 18.00 ,1
 0> <info> app: hr,843,-21941, 20.00 ,1
 0> <info> app: hr,844,-21943, 23.00 ,1
 0> <info> app: hr,845,-21944, 26.00 ,1
 0> <info> app: hr,846,-21947, 28.00 ,1
 0> <info> app: hr,847,-21931, 31.00 ,1
 0> <info> app: hr,848,-21911, 33.00 ,1
 0> <info> app: hr,849,-21923, 36.00 ,1
 0> <info> app: hr,850,-21932, 38.00 ,1
 0> <info> app: hr,851,-21909, 40.00 ,1
 0> <info> app: hr,852,-21900, 42.00 ,1
 0> <info> app: hr,853,-21908, 43.00 ,1
 0> <info> app: hr,854,-21908, 45.00 ,1
 0> <info> app: hr,855,-21911, 46.00 ,1
 0> <info> app: hr,856,-21931, 47.00 ,1
 0> <info> app: hr,857,-21898, 48.00 ,1
 0> <info> app: hr,858,-21913, 48.00 ,1
 0> <info> app: hr,859,-21910, 49.00 ,1
 0> <info> app: hr,860,-21897, 49.00 ,1
 0> <info> app: hr,861,-21898, 50.00 ,1
 0> <info> app: hr,862,-21896, 49.00 ,1
 0> <info> app: hr,863,-21897, 50.00 ,1
 0> <info> app: hr,864,-21889, 49.00 ,0
 0> <info> app: hr,865,-21868, 49.00 ,0
 0> <info> app: hr,866,-21860, 48.00 ,0
 0> <info> app: hr,867,-21857, 47.00 ,0
 0> <info> app: hr,868,-21851, 46.00 ,0
 0> <info> app: hr,869,-21874, 44.00 ,-1
 0> <info> app: hr,870,-21861, 43.00 ,-1
 0> <info> app: hr,871,-21859, 42.00 ,-1
 0> <info> app: hr,872,-21849, 40.00 ,-1
 0> <info> app: hr,873,-21846, 38.00 ,-1
 0> <info> app: hr,874,-21825, 36.00 ,-1
 0> <info> app: hr,875,-21837, 34.00 ,-1
 0> <info> app: hr,876,-21844, 31.00 ,-1
 0> <info> app: hr,877,-21840, 29.00 ,-1
 0> <info> app: hr,878,-21820, 27.00 ,-1
 0> <info> app: hr,879,-21821, 25.00 ,-1
 0> <info> app: hr,880,-21807, 22.00 ,-1
 0> <info> app: hr,881,-21801, 19.00 ,-1
 0> <info> app: hr,882,-21799, 16.00 ,-1
 0> <info> app: hr,883,-21788, 14.00 ,-1
 0> <info> app: hr,884,-21794, 11.00 ,-1
 0> <info> app: hr,885,-21797, 8.00 ,-1
 0> <info> app: hr,886,-21782, 5.00 ,-1
 0> <info> app: hr,887,-21778, 3.00 ,-1
 0> <info> app: hr,888,-21783, 0.00 ,-1
 0> <info> app: hr,889,-21791, -3.00 ,-1
 0> <info> app: hr,890,-21785, -5.00 ,-1
 0> <info> app: hr,891,-21796, -8.00 ,-1
 0> <info> app: hr,892,-21778, -11.00 ,-1
 0> <info> app: hr,893,-21770, -13.00 ,-1
 0> <info> app: hr,894,-21754, -15.00 ,-1
 0> <info> app: hr,895,-21757, -18.00 ,-1
 0> <info> app: hr,896,-21755, -21.00 ,-1
 0> <info> app: hr,897,-21766, -23.00 ,-1
 0> <info> app: hr,898,-21766, -25.00 ,-1
 0> <info> app: hr,899,-21767, -27.00 ,-1
 0> <info> app: hr,900,-21767, -30.00 ,-1
 0> <info> app: hr,901,-21766, -31.00 ,-1
 0> <info> app: hr,902,-21773, -34.00 ,-1
 0> <info> app: hr,903,-21777, -35.00 ,-1
 0> <info> app: hr,904,-21784, -36.00 ,-1
 0> <info> app: hr,905,-21780, -37.00 ,-1
 0> <info> app: hr,906,-21780, -38.00 ,-1
 0> <info> app: hr,907,-21773, -40.00 ,-1
 0> <info> app: hr,908,-21767, -41.00 ,-1
 0> <info> app: hr,909,-21776, -41.00 ,-1
 0> <info> app: hr,910,-21783, -41.00 ,-1
 0> <info> app: hr,911,-21770, -42.00 ,-1
 0> <info> app: hr,912,-21772, -42.00 ,-1
 0> <info> app: hr,913,-21779, -43.00 ,-1
 0> <info> app: hr,914,-21768, -43.00 ,-1
 0> <info> app: hr,915,-21774, -43.00 ,-1
 0> <info> app: hr,916,-21766, -43.00 ,-1
 0> <info> app: hr,917,-21780, -42.00 ,-1
 0> <info> app: hr,918,-21759, -42.00 ,-1
 0> <info> app: hr,919,-21754, -42.00 ,-1
 0> <info> app: hr,920,-21744, -41.00 ,-1
 0> <info> app: hr,921,-21721, -41.00 ,-1
 0> <info> app: hr,922,-21765, -41.00 ,-1
 0> <info> app: hr,923,-21767, -41.00 ,-1
 0> <info> app: hr,924,-21763, -41.00 ,-1
 0> <info> app: hr,925,-21786, -40.00 ,-1
 0> <info> app: hr,926,-21770, -40.00 ,-1
 0> <info> app: hr,927,-21786, -39.00 ,-1
 0> <info> app: hr,928,-21781, -38.00 ,-1
 0> <info> app: hr,929,-21779, -37.00 ,-1
 0> <info> app: hr,930,-21800, -36.00 ,-1
 0> <info> app: hr,931,-21791, -35.00 ,-1
 0> <info> app: hr,932,-21788, -33.00 ,-1
 0> <info> app: hr,933,-21817, -33.00 ,-1
 0> <info> app: hr,934,-21808, -31.00 ,-1
 0> <info> app: hr,935,-21806, -29.00 ,-1
 0> <info> app: hr,936,-21818, -28.00 ,-1
 0> <info> app: hr,937,-21816, -26.00 ,-1
 0> <info> app: hr,938,-21823, -25.00 ,-1
 0> <info> app: hr,939,-21817, -23.00 ,-1
 0> <info> app: hr,940,-21822, -21.00 ,-1
 0> <info> app: hr,941,-21832, -19.00 ,-1
 0> <info> app: hr,942,-21814, -18.00 ,-1
 0> <info> app: hr,943,-21819, -15.00 ,-1
 0> <info> app: hr,944,-21829, -13.00 ,-1
 0> <info> app: hr,945,-21836, -11.00 ,-1
 0> <info> app: hr,946,-21833, -10.00 ,-1
 0> <info> app: hr,947,-21846, -7.00 ,-1
 0> <info> app: hr,948,-21870, -6.00 ,-1
 0> <info> app: hr,949,-21841, -4.00 ,-1
 0> <info> app: hr,950,-21841, -1.00 ,0
 0> <info> app: hr,951,-21842, 0.00 ,0
 0> <info> app: hr,952,-21824, 2.00 ,0
 0> <info> app: hr,953,-21832, 4.00 ,1
 0> <info> app: hr,954,-21826, 5.00 ,1
 0> <info> app: hr,955,-21836, 6.00 ,1
 0> <info> app: hr,956,-21837, 8.00 ,1
 0> <info> app: hr,957,-21845, 9.00 ,1
 0> <info> app: hr,958,-21833, 11.00 ,1
 0> <info> app: hr,959,-21839, 12.00 ,1
 0> <info> app: hr,960,-21855, 14.00 ,1
 0> <info> app: hr,961,-21861, 15.00 ,1
 0> <info> app: hr,962,-21832, 16.00 ,1
 0> <info> app: hr,963,-21844, 17.00 ,1
 0> <info> app: hr,964,-21846, 17.00 ,1
 0> <info> app: hr,965,-21846, 19.00 ,1
 0> <info> app: hr,966,-21845, 20.00 ,1
 0> <info> app: hr,967,-21850, 21.00 ,1
 0> <info> app: hr,968,-21868, 21.00 ,1
 0> <info> app: hr,969,-21859, 22.00 ,1
 0> <info> app: hr,970,-21857, 22.00 ,1
 0> <info> app: hr,971,-21866, 23.00 ,1
 0> <info> app: hr,972,-21865, 23.00 ,1
 0> <info> app: hr,973,-21893, 24.00 ,1
 0> <info> app: hr,974,-21890, 25.00 ,1
 0> <info> app: hr,975,-21892, 25.00 ,1
 0> <info> app: hr,976,-21909, 26.00 ,1
 0> <info> app: hr,977,-21903, 27.00 ,1
 0> <info> app: hr,978,-21913, 27.00 ,1
 0> <info> app: hr,979,-21918, 29.00 ,1
 0> <info> app: hr,980,-21914, 30.00 ,1
 0> <info> app: hr,981,-21912, 31.00 ,1
 0> <info> app: hr,982,-21913, 31.00 ,1
 0> <info> app: hr,983,-21920, 33.00 ,1
 0> <info> app: hr,984,-21912, 33.00 ,1
 0> <info> app: hr,985,-21916, 35.00 ,1
 0> <info> app: hr,986,-21906, 35.00 ,1
 0> <info> app: hr,987,-21918, 36.00 ,1
 0> <info> app: hr,988,-21896, 37.00 ,1
 0> <info> app: hr,989,-21904, 37.00 ,1
 0> <info> app: hr,990,-21909, 38.00 ,1
 0> <info> app: hr,991,-21901, 38.00 ,1
 0> <info> app: hr,992,-21880, 39.00 ,1
 0> <info> app: hr,993,-21875, 39.00 ,1
 0> <info> app: hr,994,-21872, 39.00 ,1
 0> <info> app: hr,995,-21877, 39.00 ,1
 0> <info> app: hr,996,-21867, 39.00 ,1
 0> <info> app: hr,997,-21874, 38.00 ,1
 0> <info> app: hr,998,-21865, 37.00 ,1
 0> <info> app: hr,999,-21862, 37.00 ,1
 0> <info> app: hr,1000,-21870, 36.00 ,0
 0> <info> app: hr,1001,-21843, 34.00 ,-1
 0> <info> app: hr,1002,-21849, 34.00 ,-1
 0> <info> app: hr,1003,-21859, 32.00 ,-1
 0> <info> app: hr,1004,-21861, 31.00 ,-1
 0> <info> app: hr,1005,-21861, 30.00 ,-1
 0> <info> app: hr,1006,-21851, 28.00 ,-1
 0> <info> app: hr,1007,-21865, 27.00 ,-1
 0> <info> app: hr,1008,-21853, 24.00 ,-1
 0> <info> app: hr,1009,-21871, 23.00 ,-1
 0> <info> app: hr,1010,-21866, 22.00 ,-1
 0> <info> app: hr,1011,-21863, 21.00 ,-1
 0> <info> app: hr,1012,-21848, 19.00 ,-1
 0> <info> app: hr,1013,-21869, 18.00 ,-1
 0> <info> app: hr,1014,-21857, 16.00 ,-1
 0> <info> app: hr,1015,-21867, 15.00 ,-1
 0> <info> app: [OK]	HR has been calculated 46
 0> <info> app: BATT Reading...
 0> <info> app: Raw 867,SOC 67,BattFullDetect 0, 384V
 0> <info> app: Save 1536355496, 3997, 340, -17115,
 0> <info> app: [OK]	HR Background stop
 0> <info> app: [OK]	FLASH MEMORY
 0> <info> app: ^
 0> <info> app: HR A
 0> <info> app: HR C
 0> <info> app: HR D
 0> <info> app: Show HR Result
 0> <info> app: BATT Reading...
 0> <info> app: Raw 867,SOC 67,BattFullDetect 0, 384V
 0> <info> app: Save 1536355500, 4603, -479, -16833,

# Logging stopped @ 27 Nov 2018 14:16:19
