# SEGGER J-Link RTT Viewer V6.16a Terminal Log File
# Compiled: 12:44:10 on Jun  6 2017
# Logging started @ 27 Nov 2018 14:16:26
 0> <info> app: ALERT_BT_CHECK_WAIT_KRY
 0> <info> app: ALERT_BT_CHECK_WAIT_KRY
 0> <info> app: Right Press
 0> <info> app: Right Press
 0> <info> app: Right Press
 0> <info> app: Right Press
 0> <info> app: BATT Reading...
 0> <info> app: Raw 868,SOC 68,BattFullDetect 0, 384V
 0> <info> app: Save 1536355520, 5243, 2802, -16549,
 0> <info> app: [OK]	Max30102 Already and background working is begin
 0> 
 0> <info> app: BATT Reading...
 0> <info> app: Raw 867,SOC 67,BattFullDetect 0, 384V
 0> <info> app: Save 1536355530, 5345, 3425, -16316,
 0> <info> app: [OK]	HR sample count 1016
 0> 
 0> Plus Signal 1, 332
 0> Minus Signal -1, 354
 0> plus_index 332, minus_index 354, Peak Index, 346,347,348,, AVR Peak Index, 347, HR 0, Reject out of 30-180.
 0> Plus Signal 1, 497
 0> Minus Signal -1, 532
 0> plus_index 497, minus_index 532, Peak Index, 525,526,527,, AVR Peak Index, 526, HR 33
 0> Plus Signal 1, 562
 0> Minus Signal -1, 602
 0> plus_index 562, minus_index 602, Peak Index, 596,597,, AVR Peak Index, 596, HR 85
 0> Plus Signal 1, 767
 0> Minus Signal -1, 781
 0> plus_index 767, minus_index 781, Peak Index, 772,773,774,775,776,777,778,779,780,, AVR Peak Index, 776, HR 33<info> app: HR>>>
 0> 33,33,85, sum div 52, 26<info> app: HR final>>>
 0> 33,33,<info> app: 
 0> HR  >>> 33
 0> <info> app: hr,50,-22142, 18.00 ,0
 0> <info> app: hr,51,-22154, 15.00 ,0
 0> <info> app: hr,52,-22144, 13.00 ,0
 0> <info> app: hr,53,-22134, 10.00 ,0
 0> <info> app: hr,54,-22138, 7.00 ,0
 0> <info> app: hr,55,-22116, 4.00 ,0
 0> <info> app: hr,56,-22122, 2.00 ,0
 0> <info> app: hr,57,-22127, 0.00 ,0
 0> <info> app: hr,58,-22124, -2.00 ,0
 0> <info> app: hr,59,-22109, -5.00 ,0
 0> <info> app: hr,60,-22098, -8.00 ,-1
 0> <info> app: hr,61,-22104, -10.00 ,-1
 0> <info> app: hr,62,-22099, -13.00 ,-1
 0> <info> app: hr,63,-22107, -15.00 ,-1
 0> <info> app: hr,64,-22088, -17.00 ,-1
 0> <info> app: hr,65,-22109, -20.00 ,-1
 0> <info> app: hr,66,-22096, -22.00 ,-1
 0> <info> app: hr,67,-22086, -23.00 ,-1
 0> <info> app: hr,68,-22088, -26.00 ,-1
 0> <info> app: hr,69,-22068, -28.00 ,-1
 0> <info> app: hr,70,-22063, -29.00 ,-1
 0> <info> app: hr,71,-22059, -32.00 ,-1
 0> <info> app: hr,72,-22072, -33.00 ,-1
 0> <info> app: hr,73,-22059, -36.00 ,-1
 0> <info> app: hr,74,-22048, -37.00 ,-1
 0> <info> app: hr,75,-22058, -39.00 ,-1
 0> <info> app: hr,76,-22044, -41.00 ,-1
 0> <info> app: hr,77,-22038, -43.00 ,-1
 0> <info> app: hr,78,-22057, -44.00 ,-1
 0> <info> app: hr,79,-22051, -46.00 ,-1
 0> <info> app: hr,80,-22044, -47.00 ,-1
 0> <info> app: hr,81,-22039, -49.00 ,-1
 0> <info> app: hr,82,-22041, -49.00 ,-1
 0> <info> app: hr,83,-22024, -51.00 ,-1
 0> <info> app: hr,84,-22038, -52.00 ,-1
 0> <info> app: hr,85,-22020, -53.00 ,-1
 0> <info> app: hr,86,-22038, -54.00 ,-1
 0> <info> app: hr,87,-22052, -55.00 ,-1
 0> <info> app: hr,88,-22028, -56.00 ,-1
 0> <info> app: hr,89,-22030, -57.00 ,-1
 0> <info> app: hr,90,-22035, -57.00 ,-1
 0> <info> app: hr,91,-22026, -57.00 ,-1
 0> <info> app: hr,92,-22029, -58.00 ,-1
 0> <info> app: hr,93,-22046, -58.00 ,-1
 0> <info> app: hr,94,-22048, -58.00 ,-1
 0> <info> app: hr,95,-22049, -58.00 ,-1
 0> <info> app: hr,96,-22033, -58.00 ,-1
 0> <info> app: hr,97,-22020, -57.00 ,-1
 0> <info> app: hr,98,-22002, -58.00 ,-1
 0> <info> app: hr,99,-22001, -58.00 ,-1
 0> <info> app: hr,100,-21996, -57.00 ,-1
 0> <info> app: hr,101,-21992, -57.00 ,-1
 0> <info> app: hr,102,-21990, -56.00 ,-1
 0> <info> app: hr,103,-21998, -56.00 ,-1
 0> <info> app: hr,104,-21974, -56.00 ,-1
 0> <info> app: hr,105,-21977, -56.00 ,-1
 0> <info> app: hr,106,-21971, -56.00 ,-1
 0> <info> app: hr,107,-21961, -56.00 ,-1
 0> <info> app: hr,108,-21979, -56.00 ,-1
 0> <info> app: hr,109,-21989, -56.00 ,-1
 0> <info> app: hr,110,-21976, -56.00 ,-1
 0> <info> app: hr,111,-21979, -56.00 ,-1
 0> <info> app: hr,112,-21964, -56.00 ,-1
 0> <info> app: hr,113,-21967, -56.00 ,-1
 0> <info> app: hr,114,-21961, -56.00 ,-1
 0> <info> app: hr,115,-21946, -55.00 ,-1
 0> <info> app: hr,116,-21947, -55.00 ,-1
 0> <info> app: hr,117,-21932, -56.00 ,-1
 0> <info> app: hr,118,-21923, -56.00 ,-1
 0> <info> app: hr,119,-21920, -56.00 ,-1
 0> <info> app: hr,120,-21912, -56.00 ,-1
 0> <info> app: hr,121,-21917, -56.00 ,-1
 0> <info> app: hr,122,-21923, -57.00 ,-1
 0> <info> app: hr,123,-21916, -57.00 ,-1
 0> <info> app: hr,124,-21931, -57.00 ,-1
 0> <info> app: hr,125,-21914, -58.00 ,-1
 0> <info> app: hr,126,-21926, -58.00 ,-1
 0> <info> app: hr,127,-21911, -58.00 ,-1
 0> <info> app: hr,128,-21911, -58.00 ,-1
 0> <info> app: hr,129,-21927, -58.00 ,-1
 0> <info> app: hr,130,-21913, -58.00 ,-1
 0> <info> app: hr,131,-21919, -58.00 ,-1
 0> <info> app: hr,132,-21931, -58.00 ,-1
 0> <info> app: hr,133,-21922, -58.00 ,-1
 0> <info> app: hr,134,-21929, -59.00 ,-1
 0> <info> app: hr,135,-21927, -58.00 ,-1
 0> <info> app: hr,136,-21930, -58.00 ,-1
 0> <info> app: hr,137,-21922, -57.00 ,-1
 0> <info> app: hr,138,-21921, -57.00 ,-1
 0> <info> app: hr,139,-21933, -56.00 ,-1
 0> <info> app: hr,140,-21919, -55.00 ,-1
 0> <info> app: hr,141,-21919, -54.00 ,-1
 0> <info> app: hr,142,-21921, -54.00 ,-1
 0> <info> app: hr,143,-21925, -53.00 ,-1
 0> <info> app: hr,144,-21933, -52.00 ,-1
 0> <info> app: hr,145,-21933, -52.00 ,-1
 0> <info> app: hr,146,-21936, -50.00 ,-1
 0> <info> app: hr,147,-21949, -50.00 ,-1
 0> <info> app: hr,148,-21937, -48.00 ,-1
 0> <info> app: hr,149,-21936, -47.00 ,-1
 0> <info> app: hr,150,-21921, -45.00 ,-1
 0> <info> app: hr,151,-21899, -44.00 ,-1
 0> <info> app: hr,152,-21908, -43.00 ,-1
 0> <info> app: hr,153,-21915, -42.00 ,-1
 0> <info> app: hr,154,-21901, -40.00 ,-1
 0> <info> app: hr,155,-21906, -39.00 ,-1
 0> <info> app: hr,156,-21926, -38.00 ,-1
 0> <info> app: hr,157,-21926, -37.00 ,-1
 0> <info> app: hr,158,-21936, -37.00 ,-1
 0> <info> app: hr,159,-21934, -35.00 ,-1
 0> <info> app: hr,160,-21941, -34.00 ,-1
 0> <info> app: hr,161,-21942, -32.00 ,-1
 0> <info> app: hr,162,-21930, -32.00 ,-1
 0> <info> app: hr,163,-21949, -30.00 ,-1
 0> <info> app: hr,164,-21947, -28.00 ,-1
 0> <info> app: hr,165,-21944, -27.00 ,-1
 0> <info> app: hr,166,-21930, -26.00 ,-1
 0> <info> app: hr,167,-21917, -24.00 ,-1
 0> <info> app: hr,168,-21926, -23.00 ,-1
 0> <info> app: hr,169,-21914, -22.00 ,-1
 0> <info> app: hr,170,-21914, -21.00 ,-1
 0> <info> app: hr,171,-21913, -20.00 ,-1
 0> <info> app: hr,172,-21890, -19.00 ,-1
 0> <info> app: hr,173,-21901, -18.00 ,-1
 0> <info> app: hr,174,-21879, -18.00 ,-1
 0> <info> app: hr,175,-21868, -17.00 ,-1
 0> <info> app: hr,176,-21853, -16.00 ,-1
 0> <info> app: hr,177,-21872, -16.00 ,-1
 0> <info> app: hr,178,-21867, -16.00 ,-1
 0> <info> app: hr,179,-21868, -17.00 ,-1
 0> <info> app: hr,180,-21878, -17.00 ,-1
 0> <info> app: hr,181,-21863, -17.00 ,-1
 0> <info> app: hr,182,-21862, -17.00 ,-1
 0> <info> app: hr,183,-21863, -18.00 ,-1
 0> <info> app: hr,184,-21855, -18.00 ,-1
 0> <info> app: hr,185,-21842, -19.00 ,-1
 0> <info> app: hr,186,-21840, -19.00 ,-1
 0> <info> app: hr,187,-21843, -20.00 ,-1
 0> <info> app: hr,188,-21830, -21.00 ,-1
 0> <info> app: hr,189,-21835, -22.00 ,-1
 0> <info> app: hr,190,-21823, -23.00 ,-1
 0> <info> app: hr,191,-21829, -24.00 ,-1
 0> <info> app: hr,192,-21821, -25.00 ,-1
 0> <info> app: hr,193,-21812, -26.00 ,-1
 0> <info> app: hr,194,-21810, -27.00 ,-1
 0> <info> app: hr,195,-21800, -29.00 ,-1
 0> <info> app: hr,196,-21801, -29.00 ,-1
 0> <info> app: hr,197,-21802, -31.00 ,-1
 0> <info> app: hr,198,-21783, -32.00 ,-1
 0> <info> app: hr,199,-21788, -34.00 ,-1
 0> <info> app: hr,200,-21786, -35.00 ,-1
 0> <info> app: hr,201,-21804, -36.00 ,-1
 0> <info> app: hr,202,-21806, -37.00 ,-1
 0> <info> app: hr,203,-21806, -38.00 ,-1
 0> <info> app: hr,204,-21805, -39.00 ,-1
 0> <info> app: hr,205,-21809, -40.00 ,-1
 0> <info> app: hr,206,-21797, -41.00 ,-1
 0> <info> app: hr,207,-21791, -42.00 ,-1
 0> <info> app: hr,208,-21800, -43.00 ,-1
 0> <info> app: hr,209,-21806, -44.00 ,-1
 0> <info> app: hr,210,-21792, -45.00 ,-1
 0> <info> app: hr,211,-21805, -44.00 ,-1
 0> <info> app: hr,212,-21785, -45.00 ,-1
 0> <info> app: hr,213,-21795, -46.00 ,-1
 0> <info> app: hr,214,-21800, -46.00 ,-1
 0> <info> app: hr,215,-21806, -46.00 ,-1
 0> <info> app: hr,216,-21788, -46.00 ,-1
 0> <info> app: hr,217,-21799, -46.00 ,-1
 0> <info> app: hr,218,-21805, -45.00 ,-1
 0> <info> app: hr,219,-21797, -46.00 ,-1
 0> <info> app: hr,220,-21799, -46.00 ,-1
 0> <info> app: hr,221,-21803, -45.00 ,-1
 0> <info> app: hr,222,-21798, -44.00 ,-1
 0> <info> app: hr,223,-21800, -44.00 ,-1
 0> <info> app: hr,224,-21786, -44.00 ,-1
 0> <info> app: hr,225,-21791, -42.00 ,-1
 0> <info> app: hr,226,-21791, -42.00 ,-1
 0> <info> app: hr,227,-21785, -42.00 ,-1
 0> <info> app: hr,228,-21811, -41.00 ,-1
 0> <info> app: hr,229,-21811, -40.00 ,-1
 0> <info> app: hr,230,-21824, -39.00 ,-1
 0> <info> app: hr,231,-21831, -38.00 ,-1
 0> <info> app: hr,232,-21834, -37.00 ,-1
 0> <info> app: hr,233,-21850, -36.00 ,-1
 0> <info> app: hr,234,-21833, -34.00 ,-1
 0> <info> app: hr,235,-21837, -34.00 ,-1
 0> <info> app: hr,236,-21833, -32.00 ,-1
 0> <info> app: hr,237,-21843, -30.00 ,-1
 0> <info> app: hr,238,-21830, -29.00 ,-1
 0> <info> app: hr,239,-21821, -26.00 ,-1
 0> <info> app: hr,240,-21819, -25.00 ,-1
 0> <info> app: hr,241,-21818, -24.00 ,-1
 0> <info> app: hr,242,-21828, -21.00 ,-1
 0> <info> app: hr,243,-21819, -20.00 ,-1
 0> <info> app: hr,244,-21814, -18.00 ,-1
 0> <info> app: hr,245,-21818, -17.00 ,-1
 0> <info> app: hr,246,-21832, -15.00 ,-1
 0> <info> app: hr,247,-21825, -15.00 ,-1
 0> <info> app: hr,248,-21821, -13.00 ,-1
 0> <info> app: hr,249,-21810, -12.00 ,-1
 0> <info> app: hr,250,-21794, -11.00 ,-1
 0> <info> app: hr,251,-21812, -10.00 ,-1
 0> <info> app: hr,252,-21790, -9.00 ,-1
 0> <info> app: hr,253,-21800, -8.00 ,-1
 0> <info> app: hr,254,-21803, -8.00 ,-1
 0> <info> app: hr,255,-21800, -7.00 ,-1
 0> <info> app: hr,256,-21805, -6.00 ,-1
 0> <info> app: hr,257,-21793, -6.00 ,-1
 0> <info> app: hr,258,-21798, -5.00 ,-1
 0> <info> app: hr,259,-21788, -5.00 ,-1
 0> <info> app: hr,260,-21778, -5.00 ,-1
 0> <info> app: hr,261,-21780, -5.00 ,-1
 0> <info> app: hr,262,-21784, -5.00 ,-1
 0> <info> app: hr,263,-21794, -5.00 ,-1
 0> <info> app: hr,264,-21767, -6.00 ,-1
 0> <info> app: hr,265,-21772, -5.00 ,-1
 0> <info> app: hr,266,-21773, -6.00 ,-1
 0> <info> app: hr,267,-21753, -6.00 ,-1
 0> <info> app: hr,268,-21765, -6.00 ,-1
 0> <info> app: hr,269,-21766, -7.00 ,-1
 0> <info> app: hr,270,-21768, -8.00 ,-1
 0> <info> app: hr,271,-21758, -8.00 ,-1
 0> <info> app: hr,272,-21762, -9.00 ,-1
 0> <info> app: hr,273,-21752, -9.00 ,-1
 0> <info> app: hr,274,-21742, -10.00 ,-1
 0> <info> app: hr,275,-21752, -11.00 ,-1
 0> <info> app: hr,276,-21765, -12.00 ,-1
 0> <info> app: hr,277,-21762, -13.00 ,-1
 0> <info> app: hr,278,-21755, -13.00 ,-1
 0> <info> app: hr,279,-21740, -14.00 ,-1
 0> <info> app: hr,280,-21742, -15.00 ,-1
 0> <info> app: hr,281,-21742, -16.00 ,-1
 0> <info> app: hr,282,-21751, -16.00 ,-1
 0> <info> app: hr,283,-21737, -18.00 ,-1
 0> <info> app: hr,284,-21717, -18.00 ,-1
 0> <info> app: hr,285,-21731, -19.00 ,-1
 0> <info> app: hr,286,-21727, -20.00 ,-1
 0> <info> app: hr,287,-21727, -21.00 ,-1
 0> <info> app: hr,288,-21726, -22.00 ,-1
 0> <info> app: hr,289,-21738, -23.00 ,-1
 0> <info> app: hr,290,-21749, -23.00 ,-1
 0> <info> app: hr,291,-21731, -23.00 ,-1
 0> <info> app: hr,292,-21741, -24.00 ,-1
 0> <info> app: hr,293,-21747, -25.00 ,-1
 0> <info> app: hr,294,-21734, -26.00 ,-1
 0> <info> app: hr,295,-21740, -25.00 ,-1
 0> <info> app: hr,296,-21745, -26.00 ,-1
 0> <info> app: hr,297,-21751, -27.00 ,-1
 0> <info> app: hr,298,-21759, -26.00 ,-1
 0> <info> app: hr,299,-21763, -26.00 ,-1
 0> <info> app: hr,300,-21766, -27.00 ,-1
 0> <info> app: hr,301,-21779, -26.00 ,-1
 0> <info> app: hr,302,-21775, -26.00 ,-1
 0> <info> app: hr,303,-21779, -25.00 ,-1
 0> <info> app: hr,304,-21771, -24.00 ,-1
 0> <info> app: hr,305,-21768, -23.00 ,-1
 0> <info> app: hr,306,-21768, -23.00 ,-1
 0> <info> app: hr,307,-21776, -22.00 ,-1
 0> <info> app: hr,308,-21764, -21.00 ,-1
 0> <info> app: hr,309,-21753, -20.00 ,-1
 0> <info> app: hr,310,-21767, -19.00 ,-1
 0> <info> app: hr,311,-21762, -18.00 ,-1
 0> <info> app: hr,312,-21749, -17.00 ,-1
 0> <info> app: hr,313,-21739, -16.00 ,-1
 0> <info> app: hr,314,-21739, -15.00 ,-1
 0> <info> app: hr,315,-21722, -15.00 ,-1
 0> <info> app: hr,316,-21735, -14.00 ,-1
 0> <info> app: hr,317,-21729, -14.00 ,-1
 0> <info> app: hr,318,-21727, -13.00 ,-1
 0> <info> app: hr,319,-21728, -13.00 ,-1
 0> <info> app: hr,320,-21733, -13.00 ,-1
 0> <info> app: hr,321,-21732, -13.00 ,-1
 0> <info> app: hr,322,-21730, -12.00 ,-1
 0> <info> app: hr,323,-21739, -13.00 ,-1
 0> <info> app: hr,324,-21739, -12.00 ,-1
 0> <info> app: hr,325,-21726, -12.00 ,-1
 0> <info> app: hr,326,-21730, -12.00 ,-1
 0> <info> app: hr,327,-21718, -12.00 ,-1
 0> <info> app: hr,328,-21735, -12.00 ,-1
 0> <info> app: hr,329,-21719, -12.00 ,-1
 0> <info> app: hr,330,-21733, -12.00 ,-1
 0> <info> app: hr,331,-21739, -12.00 ,-1
 0> <info> app: hr,332,-21723, -12.00 ,-1
 0> <info> app: hr,333,-21725, -12.00 ,-1
 0> <info> app: hr,334,-21740, -12.00 ,-1
 0> <info> app: hr,335,-21724, -12.00 ,-1
 0> <info> app: hr,336,-21712, -12.00 ,-1
 0> <info> app: hr,337,-21697, -12.00 ,-1
 0> <info> app: hr,338,-21714, -12.00 ,-1
 0> <info> app: hr,339,-21710, -13.00 ,-1
 0> <info> app: hr,340,-21706, -13.00 ,-1
 0> <info> app: hr,341,-21696, -12.00 ,-1
 0> <info> app: hr,342,-21704, -13.00 ,-1
 0> <info> app: hr,343,-21692, -13.00 ,-1
 0> <info> app: hr,344,-21703, -14.00 ,-1
 0> <info> app: hr,345,-21712, -15.00 ,-1
 0> <info> app: hr,346,-21690, -15.00 ,-1
 0> <info> app: hr,347,-21702, -15.00 ,-1
 0> <info> app: hr,348,-21696, -15.00 ,-1
 0> <info> app: hr,349,-21698, -16.00 ,-1
 0> <info> app: hr,350,-21686, -17.00 ,-1
 0> <info> app: hr,351,-21707, -17.00 ,-1
 0> <info> app: hr,352,-21681, -17.00 ,-1
 0> <info> app: hr,353,-21681, -17.00 ,-1
 0> <info> app: hr,354,-21685, -18.00 ,-1
 0> <info> app: hr,355,-21703, -18.00 ,-1
 0> <info> app: hr,356,-21704, -18.00 ,-1
 0> <info> app: hr,357,-21693, -19.00 ,-1
 0> <info> app: hr,358,-21713, -19.00 ,-1
 0> <info> app: hr,359,-21711, -19.00 ,-1
 0> <info> app: hr,360,-21715, -19.00 ,-1
 0> <info> app: hr,361,-21720, -19.00 ,-1
 0> <info> app: hr,362,-21703, -19.00 ,-1
 0> <info> app: hr,363,-21717, -19.00 ,-1
 0> <info> app: hr,364,-21718, -18.00 ,-1
 0> <info> app: hr,365,-21728, -18.00 ,-1
 0> <info> app: hr,366,-21738, -19.00 ,-1
 0> <info> app: hr,367,-21751, -18.00 ,-1
 0> <info> app: hr,368,-21765, -17.00 ,-1
 0> <info> app: hr,369,-21751, -16.00 ,-1
 0> <info> app: hr,370,-21764, -15.00 ,-1
 0> <info> app: hr,371,-21775, -14.00 ,-1
 0> <info> app: hr,372,-21772, -12.00 ,-1
 0> <info> app: hr,373,-21776, -11.00 ,-1
 0> <info> app: hr,374,-21781, -9.00 ,-1
 0> <info> app: hr,375,-21782, -8.00 ,-1
 0> <info> app: hr,376,-21777, -6.00 ,-1
 0> <info> app: hr,377,-21780, -4.00 ,-1
 0> <info> app: hr,378,-21768, -3.00 ,-1
 0> <info> app: hr,379,-21773, -1.00 ,0
 0> <info> app: hr,380,-21762, 0.00 ,0
 0> <info> app: hr,381,-21783, 1.00 ,0
 0> <info> app: hr,382,-21785, 3.00 ,1
 0> <info> app: hr,383,-21789, 5.00 ,1
 0> <info> app: hr,384,-21780, 7.00 ,1
 0> <info> app: hr,385,-21774, 8.00 ,1
 0> <info> app: hr,386,-21765, 9.00 ,1
 0> <info> app: hr,387,-21769, 11.00 ,1
 0> <info> app: hr,388,-21770, 12.00 ,1
 0> <info> app: hr,389,-21765, 13.00 ,1
 0> <info> app: hr,390,-21766, 15.00 ,1
 0> <info> app: hr,391,-21745, 16.00 ,1
 0> <info> app: hr,392,-21749, 16.00 ,1
 0> <info> app: hr,393,-21740, 17.00 ,1
 0> <info> app: hr,394,-21723, 17.00 ,1
 0> <info> app: hr,395,-21726, 17.00 ,1
 0> <info> app: hr,396,-21717, 18.00 ,1
 0> <info> app: hr,397,-21711, 18.00 ,1
 0> <info> app: hr,398,-21715, 18.00 ,1
 0> <info> app: hr,399,-21703, 17.00 ,0
 0> <info> app: hr,400,-21702, 16.00 ,0
 0> <info> app: hr,401,-21697, 15.00 ,0
 0> <info> app: hr,402,-21682, 14.00 ,0
 0> <info> app: hr,403,-21655, 13.00 ,0
 0> <info> app: hr,404,-21645, 12.00 ,-1
 0> <info> app: hr,405,-21635, 10.00 ,-1
 0> <info> app: hr,406,-21621, 8.00 ,-1
 0> <info> app: hr,407,-21608, 5.00 ,-1
 0> <info> app: hr,408,-21587, 3.00 ,-1
 0> <info> app: hr,409,-21576, 1.00 ,-1
 0> <info> app: hr,410,-21554, -1.00 ,-1
 0> <info> app: hr,411,-21553, -5.00 ,-1
 0> <info> app: hr,412,-21539, -8.00 ,-1
 0> <info> app: hr,413,-21507, -12.00 ,-1
 0> <info> app: hr,414,-21506, -16.00 ,-1
 0> <info> app: hr,415,-21513, -20.00 ,-1
 0> <info> app: hr,416,-21513, -25.00 ,-1
 0> <info> app: hr,417,-21531, -29.00 ,-1
 0> <info> app: hr,418,-21532, -33.00 ,-1
 0> <info> app: hr,419,-21543, -37.00 ,-1
 0> <info> app: hr,420,-21550, -42.00 ,-1
 0> <info> app: hr,421,-21541, -45.00 ,-1
 0> <info> app: hr,422,-21509, -49.00 ,-1
 0> <info> app: hr,423,-21500, -53.00 ,-1
 0> <info> app: hr,424,-21496, -57.00 ,-1
 0> <info> app: hr,425,-21460, -60.00 ,-1
 0> <info> app: hr,426,-21444, -64.00 ,-1
 0> <info> app: hr,427,-21435, -67.00 ,-1
 0> <info> app: hr,428,-21417, -71.00 ,-1
 0> <info> app: hr,429,-21443, -75.00 ,-1
 0> <info> app: hr,430,-21444, -78.00 ,-1
 0> <info> app: hr,431,-21451, -81.00 ,-1
 0> <info> app: hr,432,-21435, -85.00 ,-1
 0> <info> app: hr,433,-21434, -88.00 ,-1
 0> <info> app: hr,434,-21440, -90.00 ,-1
 0> <info> app: hr,435,-21422, -94.00 ,-1
 0> <info> app: hr,436,-21426, -96.00 ,-1
 0> <info> app: hr,437,-21413, -98.00 ,-1
 0> <info> app: hr,438,-21435, -100.00 ,-1
 0> <info> app: hr,439,-21432, -102.00 ,-1
 0> <info> app: hr,440,-21416, -104.00 ,-1
 0> <info> app: hr,441,-21413, -106.00 ,-1
 0> <info> app: hr,442,-21405, -108.00 ,-1
 0> <info> app: hr,443,-21379, -109.00 ,-1
 0> <info> app: hr,444,-21385, -110.00 ,-1
 0> <info> app: hr,445,-21365, -111.00 ,-1
 0> <info> app: hr,446,-21358, -113.00 ,-1
 0> <info> app: hr,447,-21356, -113.00 ,-1
 0> <info> app: hr,448,-21350, -114.00 ,-1
 0> <info> app: hr,449,-21362, -115.00 ,-1
 0> <info> app: hr,450,-21338, -116.00 ,-1
 0> <info> app: hr,451,-21350, -116.00 ,-1
 0> <info> app: hr,452,-21345, -117.00 ,-1
 0> <info> app: hr,453,-21346, -117.00 ,-1
 0> <info> app: hr,454,-21345, -117.00 ,-1
 0> <info> app: hr,455,-21323, -118.00 ,-1
 0> <info> app: hr,456,-21320, -119.00 ,-1
 0> <info> app: hr,457,-21293, -119.00 ,-1
 0> <info> app: hr,458,-21268, -119.00 ,-1
 0> <info> app: hr,459,-21264, -119.00 ,-1
 0> <info> app: hr,460,-21258, -119.00 ,-1
 0> <info> app: hr,461,-21248, -119.00 ,-1
 0> <info> app: hr,462,-21251, -120.00 ,-1
 0> <info> app: hr,463,-21243, -120.00 ,-1
 0> <info> app: hr,464,-21256, -121.00 ,-1
 0> <info> app: hr,465,-21239, -121.00 ,-1
 0> <info> app: hr,466,-21250, -122.00 ,-1
 0> <info> app: hr,467,-21245, -122.00 ,-1
 0> <info> app: hr,468,-21260, -122.00 ,-1
 0> <info> app: hr,469,-21271, -122.00 ,-1
 0> <info> app: hr,470,-21266, -122.00 ,-1
 0> <info> app: hr,471,-21275, -122.00 ,-1
 0> <info> app: hr,472,-21280, -121.00 ,-1
 0> <info> app: hr,473,-21272, -121.00 ,-1
 0> <info> app: hr,474,-21274, -120.00 ,-1
 0> <info> app: hr,475,-21264, -119.00 ,-1
 0> <info> app: hr,476,-21239, -118.00 ,-1
 0> <info> app: hr,477,-21243, -117.00 ,-1
 0> <info> app: hr,478,-21222, -115.00 ,-1
 0> <info> app: hr,479,-21243, -114.00 ,-1
 0> <info> app: hr,480,-21216, -113.00 ,-1
 0> <info> app: hr,481,-21231, -112.00 ,-1
 0> <info> app: hr,482,-21221, -110.00 ,-1
 0> <info> app: hr,483,-21226, -109.00 ,-1
 0> <info> app: hr,484,-21202, -107.00 ,-1
 0> <info> app: hr,485,-21204, -106.00 ,-1
 0> <info> app: hr,486,-21190, -105.00 ,-1
 0> <info> app: hr,487,-21191, -103.00 ,-1
 0> <info> app: hr,488,-21191, -102.00 ,-1
 0> <info> app: hr,489,-21165, -101.00 ,-1
 0> <info> app: hr,490,-21161, -100.00 ,-1
 0> <info> app: hr,491,-21145, -99.00 ,-1
 0> <info> app: hr,492,-21130, -99.00 ,-1
 0> <info> app: hr,493,-21111, -98.00 ,-1
 0> <info> app: hr,494,-21132, -97.00 ,-1
 0> <info> app: hr,495,-21149, -97.00 ,-1
 0> <info> app: hr,496,-21149, -96.00 ,-1
 0> <info> app: hr,497,-21152, -96.00 ,-1
 0> <info> app: hr,498,-21138, -96.00 ,-1
 0> <info> app: hr,499,-21155, -95.00 ,-1
 0> <info> app: hr,500,-21139, -95.00 ,-1
 0> <info> app: hr,501,-21130, -94.00 ,-1
 0> <info> app: hr,502,-21111, -93.00 ,-1
 0> <info> app: hr,503,-21101, -93.00 ,-1
 0> <info> app: hr,504,-21081, -92.00 ,-1
 0> <info> app: hr,505,-21095, -92.00 ,-1
 0> <info> app: hr,506,-21103, -92.00 ,-1
 0> <info> app: hr,507,-21135, -91.00 ,-1
 0> <info> app: hr,508,-21144, -92.00 ,-1
 0> <info> app: hr,509,-21156, -91.00 ,-1
 0> <info> app: hr,510,-21144, -89.00 ,-1
 0> <info> app: hr,511,-21135, -89.00 ,-1
 0> <info> app: hr,512,-21144, -87.00 ,-1
 0> <info> app: hr,513,-21138, -87.00 ,-1
 0> <info> app: hr,514,-21112, -86.00 ,-1
 0> <info> app: hr,515,-21108, -84.00 ,-1
 0> <info> app: hr,516,-21120, -83.00 ,-1
 0> <info> app: hr,517,-21098, -82.00 ,-1
 0> <info> app: hr,518,-21098, -80.00 ,-1
 0> <info> app: hr,519,-21119, -79.00 ,-1
 0> <info> app: hr,520,-21134, -78.00 ,-1
 0> <info> app: hr,521,-21118, -76.00 ,-1
 0> <info> app: hr,522,-21140, -75.00 ,-1
 0> <info> app: hr,523,-21162, -73.00 ,-1
 0> <info> app: hr,524,-21179, -72.00 ,-1
 0> <info> app: hr,525,-21191, -70.00 ,-1
 0> <info> app: hr,526,-21201, -68.00 ,-1
 0> <info> app: hr,527,-21210, -65.00 ,-1
 0> <info> app: hr,528,-21207, -62.00 ,-1
 0> <info> app: hr,529,-21227, -60.00 ,-1
 0> <info> app: hr,530,-21264, -57.00 ,-1
 0> <info> app: hr,531,-21244, -53.00 ,-1
 0> <info> app: hr,532,-21262, -49.00 ,-1
 0> <info> app: hr,533,-21245, -46.00 ,-1
 0> <info> app: hr,534,-21242, -41.00 ,-1
 0> <info> app: hr,535,-21238, -37.00 ,-1
 0> <info> app: hr,536,-21226, -33.00 ,-1
 0> <info> app: hr,537,-21225, -30.00 ,-1
 0> <info> app: hr,538,-21233, -26.00 ,-1
 0> <info> app: hr,539,-21241, -22.00 ,-1
 0> <info> app: hr,540,-21257, -19.00 ,-1
 0> <info> app: hr,541,-21268, -15.00 ,-1
 0> <info> app: hr,542,-21266, -11.00 ,-1
 0> <info> app: hr,543,-21272, -7.00 ,-1
 0> <info> app: hr,544,-21284, -3.00 ,-1
 0> <info> app: hr,545,-21297, 0.00 ,0
 0> <info> app: hr,546,-21369, 3.00 ,0
 0> <info> app: hr,547,-21450, 7.00 ,1
 0> <info> app: hr,548,-21503, 12.00 ,1
 0> <info> app: hr,549,-21534, 16.00 ,1
 0> <info> app: hr,550,-21577, 22.00 ,1
 0> <info> app: hr,551,-21606, 28.00 ,1
 0> <info> app: hr,552,-21655, 35.00 ,1
 0> <info> app: hr,553,-21680, 42.00 ,1
 0> <info> app: hr,554,-21702, 51.00 ,1
 0> <info> app: hr,555,-21726, 59.00 ,1
 0> <info> app: hr,556,-21732, 68.00 ,1
 0> <info> app: hr,557,-21736, 77.00 ,1
 0> <info> app: hr,558,-21704, 87.00 ,1
 0> <info> app: hr,559,-21705, 97.00 ,1
 0> <info> app: hr,560,-21717, 106.00 ,1
 0> <info> app: hr,561,-21695, 115.00 ,1
 0> <info> app: hr,562,-21695, 125.00 ,1
 0> <info> app: hr,563,-21685, 132.00 ,1
 0> <info> app: hr,564,-21673, 141.00 ,1
 0> <info> app: hr,565,-21678, 149.00 ,1
 0> <info> app: hr,566,-21656, 156.00 ,1
 0> <info> app: hr,567,-21649, 162.00 ,1
 0> <info> app: hr,568,-21625, 168.00 ,1
 0> <info> app: hr,569,-21634, 174.00 ,1
 0> <info> app: hr,570,-21645, 178.00 ,1
 0> <info> app: hr,571,-21617, 182.00 ,1
 0> <info> app: hr,572,-21602, 185.00 ,1
 0> <info> app: hr,573,-21588, 188.00 ,1
 0> <info> app: hr,574,-21586, 189.00 ,1
 0> <info> app: hr,575,-21578, 191.00 ,1
 0> <info> app: hr,576,-21577, 191.00 ,1
 0> <info> app: hr,577,-21585, 191.00 ,0
 0> <info> app: hr,578,-21565, 190.00 ,0
 0> <info> app: hr,579,-21558, 189.00 ,0
 0> <info> app: hr,580,-21543, 186.00 ,0
 0> <info> app: hr,581,-21547, 184.00 ,0
 0> <info> app: hr,582,-21540, 181.00 ,-1
 0> <info> app: hr,583,-21554, 178.00 ,-1
 0> <info> app: hr,584,-21564, 174.00 ,-1
 0> <info> app: hr,585,-21552, 169.00 ,-1
 0> <info> app: hr,586,-21565, 165.00 ,-1
 0> <info> app: hr,587,-21557, 160.00 ,-1
 0> <info> app: hr,588,-21557, 155.00 ,-1
 0> <info> app: hr,589,-21565, 150.00 ,-1
 0> <info> app: hr,590,-21594, 146.00 ,-1
 0> <info> app: hr,591,-21615, 140.00 ,-1
 0> <info> app: hr,592,-21634, 135.00 ,-1
 0> <info> app: hr,593,-21651, 131.00 ,-1
 0> <info> app: hr,594,-21662, 126.00 ,-1
 0> <info> app: hr,595,-21691, 122.00 ,-1
 0> <info> app: hr,596,-21683, 119.00 ,-1
 0> <info> app: hr,597,-21690, 115.00 ,-1
 0> <info> app: hr,598,-21724, 111.00 ,-1
 0> <info> app: hr,599,-21761, 108.00 ,-1
 0> <info> app: hr,600,-21796, 106.00 ,-1
 0> <info> app: hr,601,-21810, 104.00 ,-1
 0> <info> app: hr,602,-21842, 102.00 ,-1
 0> <info> app: hr,603,-21848, 102.00 ,0
 0> <info> app: hr,604,-21845, 101.00 ,0
 0> <info> app: hr,605,-21845, 101.00 ,0
 0> <info> app: hr,606,-21845, 102.00 ,0
 0> <info> app: hr,607,-21847, 103.00 ,0
 0> <info> app: hr,608,-21834, 104.00 ,0
 0> <info> app: hr,609,-21850, 104.00 ,0
 0> <info> app: hr,610,-21844, 105.00 ,0
 0> <info> app: hr,611,-21844, 106.00 ,0
 0> <info> app: hr,612,-21834, 108.00 ,1
 0> <info> app: hr,613,-21833, 109.00 ,1
 0> <info> app: hr,614,-21810, 110.00 ,1
 0> <info> app: hr,615,-21822, 110.00 ,1
 0> <info> app: hr,616,-21851, 112.00 ,1
 0> <info> app: hr,617,-21858, 112.00 ,1
 0> <info> app: hr,618,-21863, 112.00 ,1
 0> <info> app: hr,619,-21863, 114.00 ,1
 0> <info> app: hr,620,-21863, 114.00 ,1
 0> <info> app: hr,621,-21876, 114.00 ,1
 0> <info> app: hr,622,-21884, 115.00 ,1
 0> <info> app: hr,623,-21902, 116.00 ,1
 0> <info> app: hr,624,-21914, 116.00 ,1
 0> <info> app: hr,625,-21906, 116.00 ,1
 0> <info> app: hr,626,-21913, 116.00 ,1
 0> <info> app: hr,627,-21940, 118.00 ,1
 0> <info> app: hr,628,-21974, 118.00 ,1
 0> <info> app: hr,629,-22042, 119.00 ,1
 0> <info> app: hr,630,-22121, 120.00 ,1
 0> <info> app: hr,631,-22204, 121.00 ,1
 0> <info> app: hr,632,-22271, 124.00 ,1
 0> <info> app: hr,633,-22287, 126.00 ,1
 0> <info> app: hr,634,-22331, 131.00 ,1
 0> <info> app: hr,635,-22322, 136.00 ,1
 0> <info> app: hr,636,-22277, 141.00 ,1
 0> <info> app: hr,637,-22264, 147.00 ,1
 0> <info> app: hr,638,-22237, 152.00 ,1
 0> <info> app: hr,639,-22240, 158.00 ,1
 0> <info> app: hr,640,-22195, 164.00 ,1
 0> <info> app: hr,641,-22141, 169.00 ,1
 0> <info> app: hr,642,-22079, 173.00 ,1
 0> <info> app: hr,643,-22030, 177.00 ,1
 0> <info> app: hr,644,-21986, 181.00 ,1
 0> <info> app: hr,645,-21970, 181.00 ,1
 0> <info> app: hr,646,-21941, 182.00 ,1
 0> <info> app: hr,647,-21906, 182.00 ,1
 0> <info> app: hr,648,-21904, 181.00 ,0
 0> <info> app: hr,649,-21892, 179.00 ,0
 0> <info> app: hr,650,-21906, 176.00 ,0
 0> <info> app: hr,651,-21926, 172.00 ,0
 0> <info> app: hr,652,-21913, 168.00 ,-1
 0> <info> app: hr,653,-21894, 162.00 ,-1
 0> <info> app: hr,654,-21845, 157.00 ,-1
 0> <info> app: hr,655,-21816, 151.00 ,-1
 0> <info> app: hr,656,-21805, 145.00 ,-1
 0> <info> app: hr,657,-21774, 136.00 ,-1
 0> <info> app: hr,658,-21793, 128.00 ,-1
 0> <info> app: hr,659,-21795, 120.00 ,-1
 0> <info> app: hr,660,-21821, 112.00 ,-1
 0> <info> app: hr,661,-21860, 103.00 ,-1
 0> <info> app: hr,662,-21891, 94.00 ,-1
 0> <info> app: hr,663,-21901, 86.00 ,-1
 0> <info> app: hr,664,-21916, 78.00 ,-1
 0> <info> app: hr,665,-21930, 70.00 ,-1
 0> <info> app: hr,666,-21941, 63.00 ,-1
 0> <info> app: hr,667,-21947, 56.00 ,-1
 0> <info> app: hr,668,-21961, 50.00 ,-1
 0> <info> app: hr,669,-21960, 44.00 ,-1
 0> <info> app: hr,670,-21971, 39.00 ,-1
 0> <info> app: hr,671,-21967, 34.00 ,-1
 0> <info> app: hr,672,-21987, 29.00 ,-1
 0> <info> app: hr,673,-21960, 25.00 ,-1
 0> <info> app: hr,674,-21970, 21.00 ,-1
 0> <info> app: hr,675,-21956, 18.00 ,-1
 0> <info> app: hr,676,-21942, 14.00 ,-1
 0> <info> app: hr,677,-21970, 12.00 ,-1
 0> <info> app: hr,678,-21963, 9.00 ,-1
 0> <info> app: hr,679,-21949, 8.00 ,-1
 0> <info> app: hr,680,-21934, 5.00 ,-1
 0> <info> app: hr,681,-21908, 3.00 ,-1
 0> <info> app: hr,682,-21904, 2.00 ,-1
 0> <info> app: hr,683,-21937, 0.00 ,-1
 0> <info> app: hr,684,-21925, -1.00 ,-1
 0> <info> app: hr,685,-21912, -3.00 ,-1
 0> <info> app: hr,686,-21921, -4.00 ,-1
 0> <info> app: hr,687,-21929, -6.00 ,-1
 0> <info> app: hr,688,-21927, -8.00 ,-1
 0> <info> app: hr,689,-21927, -8.00 ,-1
 0> <info> app: hr,690,-21935, -10.00 ,-1
 0> <info> app: hr,691,-21939, -10.00 ,-1
 0> <info> app: hr,692,-21938, -12.00 ,-1
 0> <info> app: hr,693,-21949, -12.00 ,-1
 0> <info> app: hr,694,-21937, -12.00 ,-1
 0> <info> app: hr,695,-21956, -13.00 ,-1
 0> <info> app: hr,696,-21934, -13.00 ,-1
 0> <info> app: hr,697,-21922, -13.00 ,-1
 0> <info> app: hr,698,-21914, -14.00 ,-1
 0> <info> app: hr,699,-21908, -14.00 ,-1
 0> <info> app: hr,700,-21920, -14.00 ,-1
 0> <info> app: hr,701,-21885, -15.00 ,-1
 0> <info> app: hr,702,-21847, -15.00 ,-1
 0> <info> app: hr,703,-21825, -15.00 ,-1
 0> <info> app: hr,704,-21760, -16.00 ,-1
 0> <info> app: hr,705,-21728, -17.00 ,-1
 0> <info> app: hr,706,-21703, -20.00 ,-1
 0> <info> app: hr,707,-21694, -22.00 ,-1
 0> <info> app: hr,708,-21690, -24.00 ,-1
 0> <info> app: hr,709,-21693, -27.00 ,-1
 0> <info> app: hr,710,-21689, -31.00 ,-1
 0> <info> app: hr,711,-21680, -35.00 ,-1
 0> <info> app: hr,712,-21696, -38.00 ,-1
 0> <info> app: hr,713,-21690, -43.00 ,-1
 0> <info> app: hr,714,-21694, -47.00 ,-1
 0> <info> app: hr,715,-21682, -51.00 ,-1
 0> <info> app: hr,716,-21690, -55.00 ,-1
 0> <info> app: hr,717,-21702, -60.00 ,-1
 0> <info> app: hr,718,-21701, -63.00 ,-1
 0> <info> app: hr,719,-21699, -66.00 ,-1
 0> <info> app: hr,720,-21697, -70.00 ,-1
 0> <info> app: hr,721,-21716, -74.00 ,-1
 0> <info> app: hr,722,-21697, -77.00 ,-1
 0> <info> app: hr,723,-21701, -79.00 ,-1
 0> <info> app: hr,724,-21727, -82.00 ,-1
 0> <info> app: hr,725,-21720, -84.00 ,-1
 0> <info> app: hr,726,-21725, -87.00 ,-1
 0> <info> app: hr,727,-21729, -88.00 ,-1
 0> <info> app: hr,728,-21723, -89.00 ,-1
 0> <info> app: hr,729,-21727, -90.00 ,-1
 0> <info> app: hr,730,-21713, -91.00 ,-1
 0> <info> app: hr,731,-21726, -91.00 ,-1
 0> <info> app: hr,732,-21705, -92.00 ,-1
 0> <info> app: hr,733,-21710, -92.00 ,-1
 0> <info> app: hr,734,-21700, -92.00 ,-1
 0> <info> app: hr,735,-21715, -92.00 ,-1
 0> <info> app: hr,736,-21735, -91.00 ,-1
 0> <info> app: hr,737,-21734, -91.00 ,-1
 0> <info> app: hr,738,-21725, -90.00 ,-1
 0> <info> app: hr,739,-21724, -89.00 ,-1
 0> <info> app: hr,740,-21721, -88.00 ,-1
 0> <info> app: hr,741,-21723, -87.00 ,-1
 0> <info> app: hr,742,-21734, -85.00 ,-1
 0> <info> app: hr,743,-21708, -83.00 ,-1
 0> <info> app: hr,744,-21705, -82.00 ,-1
 0> <info> app: hr,745,-21709, -80.00 ,-1
 0> <info> app: hr,746,-21706, -78.00 ,-1
 0> <info> app: hr,747,-21718, -77.00 ,-1
 0> <info> app: hr,748,-21708, -75.00 ,-1
 0> <info> app: hr,749,-21705, -72.00 ,-1
 0> <info> app: hr,750,-21696, -71.00 ,-1
 0> <info> app: hr,751,-21689, -69.00 ,-1
 0> <info> app: hr,752,-21710, -67.00 ,-1
 0> <info> app: hr,753,-21713, -65.00 ,-1
 0> <info> app: hr,754,-21712, -64.00 ,-1
 0> <info> app: hr,755,-21720, -62.00 ,-1
 0> <info> app: hr,756,-21720, -59.00 ,-1
 0> <info> app: hr,757,-21701, -57.00 ,-1
 0> <info> app: hr,758,-21711, -56.00 ,-1
 0> <info> app: hr,759,-21706, -54.00 ,-1
 0> <info> app: hr,760,-21703, -52.00 ,-1
 0> <info> app: hr,761,-21704, -50.00 ,-1
 0> <info> app: hr,762,-21696, -48.00 ,-1
 0> <info> app: hr,763,-21694, -46.00 ,-1
 0> <info> app: hr,764,-21696, -45.00 ,-1
 0> <info> app: hr,765,-21692, -43.00 ,-1
 0> <info> app: hr,766,-21687, -42.00 ,-1
 0> <info> app: hr,767,-21692, -41.00 ,-1
 0> <info> app: hr,768,-21703, -39.00 ,-1
 0> <info> app: hr,769,-21689, -38.00 ,-1
 0> <info> app: hr,770,-21678, -36.00 ,-1
 0> <info> app: hr,771,-21696, -35.00 ,-1
 0> <info> app: hr,772,-21686, -33.00 ,-1
 0> <info> app: hr,773,-21685, -32.00 ,-1
 0> <info> app: hr,774,-21686, -32.00 ,-1
 0> <info> app: hr,775,-21680, -30.00 ,-1
 0> <info> app: hr,776,-21695, -30.00 ,-1
 0> <info> app: hr,777,-21680, -28.00 ,-1
 0> <info> app: hr,778,-21699, -28.00 ,-1
 0> <info> app: hr,779,-21698, -26.00 ,-1
 0> <info> app: hr,780,-21691, -26.00 ,-1
 0> <info> app: hr,781,-21677, -25.00 ,-1
 0> <info> app: hr,782,-21690, -24.00 ,-1
 0> <info> app: hr,783,-21686, -23.00 ,-1
 0> <info> app: hr,784,-21683, -22.00 ,-1
 0> <info> app: hr,785,-21677, -22.00 ,-1
 0> <info> app: hr,786,-21681, -21.00 ,-1
 0> <info> app: hr,787,-21684, -21.00 ,-1
 0> <info> app: hr,788,-21664, -20.00 ,-1
 0> <info> app: hr,789,-21663, -20.00 ,-1
 0> <info> app: hr,790,-21684, -19.00 ,-1
 0> <info> app: hr,791,-21671, -19.00 ,-1
 0> <info> app: hr,792,-21698, -18.00 ,-1
 0> <info> app: hr,793,-21691, -18.00 ,-1
 0> <info> app: hr,794,-21691, -17.00 ,-1
 0> <info> app: hr,795,-21708, -17.00 ,-1
 0> <info> app: hr,796,-21714, -16.00 ,-1
 0> <info> app: hr,797,-21721, -15.00 ,-1
 0> <info> app: hr,798,-21717, -14.00 ,-1
 0> <info> app: hr,799,-21731, -14.00 ,-1
 0> <info> app: hr,800,-21711, -13.00 ,-1
 0> <info> app: hr,801,-21720, -11.00 ,-1
 0> <info> app: hr,802,-21716, -11.00 ,-1
 0> <info> app: hr,803,-21707, -9.00 ,-1
 0> <info> app: hr,804,-21708, -9.00 ,-1
 0> <info> app: hr,805,-21705, -7.00 ,-1
 0> <info> app: hr,806,-21707, -7.00 ,-1
 0> <info> app: hr,807,-21711, -5.00 ,-1
 0> <info> app: hr,808,-21711, -5.00 ,-1
 0> <info> app: hr,809,-21731, -4.00 ,-1
 0> <info> app: hr,810,-21711, -3.00 ,-1
 0> <info> app: hr,811,-21724, -3.00 ,-1
 0> <info> app: hr,812,-21727, -1.00 ,0
 0> <info> app: hr,813,-21722, 0.00 ,0
 0> <info> app: hr,814,-21728, 0.00 ,0
 0> <info> app: hr,815,-21710, 1.00 ,0
 0> <info> app: hr,816,-21701, 1.00 ,0
 0> <info> app: hr,817,-21706, 2.00 ,1
 0> <info> app: hr,818,-21706, 3.00 ,0
 0> <info> app: hr,819,-21706, 3.00 ,1
 0> <info> app: hr,820,-21704, 3.00 ,0
 0> <info> app: hr,821,-21708, 4.00 ,0
 0> <info> app: hr,822,-21699, 5.00 ,1
 0> <info> app: hr,823,-21681, 5.00 ,0
 0> <info> app: hr,824,-21695, 5.00 ,0
 0> <info> app: hr,825,-21695, 5.00 ,0
 0> <info> app: hr,826,-21694, 5.00 ,0
 0> <info> app: hr,827,-21703, 5.00 ,0
 0> <info> app: hr,828,-21684, 5.00 ,0
 0> <info> app: hr,829,-21664, 5.00 ,0
 0> <info> app: hr,830,-21652, 5.00 ,0
 0> <info> app: hr,831,-21627, 4.00 ,-1
 0> <info> app: hr,832,-21600, 3.00 ,-1
 0> <info> app: hr,833,-21592, 2.00 ,-1
 0> <info> app: hr,834,-21585, 1.00 ,-1
 0> <info> app: hr,835,-21573, 0.00 ,0
 0> <info> app: hr,836,-21563, -2.00 ,-1
 0> <info> app: hr,837,-21542, -4.00 ,-1
 0> <info> app: hr,838,-21557, -6.00 ,-1
 0> <info> app: hr,839,-21557, -9.00 ,-1
 0> <info> app: hr,840,-21572, -11.00 ,-1
 0> <info> app: hr,841,-21569, -15.00 ,-1
 0> <info> app: hr,842,-21586, -17.00 ,-1
 0> <info> app: hr,843,-21577, -20.00 ,-1
 0> <info> app: hr,844,-21597, -22.00 ,-1
 0> <info> app: hr,845,-21606, -25.00 ,-1
 0> <info> app: hr,846,-21606, -28.00 ,-1
 0> <info> app: hr,847,-21617, -29.00 ,-1
 0> <info> app: hr,848,-21613, -31.00 ,-1
 0> <info> app: hr,849,-21642, -33.00 ,-1
 0> <info> app: hr,850,-21637, -34.00 ,-1
 0> <info> app: hr,851,-21617, -35.00 ,-1
 0> <info> app: hr,852,-21622, -36.00 ,-1
 0> <info> app: hr,853,-21614, -37.00 ,-1
 0> <info> app: hr,854,-21629, -37.00 ,-1
 0> <info> app: hr,855,-21614, -37.00 ,-1
 0> <info> app: hr,856,-21596, -38.00 ,-1
 0> <info> app: hr,857,-21601, -38.00 ,-1
 0> <info> app: hr,858,-21585, -39.00 ,-1
 0> <info> app: hr,859,-21571, -39.00 ,-1
 0> <info> app: hr,860,-21556, -39.00 ,-1
 0> <info> app: hr,861,-21561, -40.00 ,-1
 0> <info> app: hr,862,-21571, -40.00 ,-1
 0> <info> app: hr,863,-21531, -40.00 ,-1
 0> <info> app: hr,864,-21524, -41.00 ,-1
 0> <info> app: hr,865,-21505, -41.00 ,-1
 0> <info> app: hr,866,-21485, -42.00 ,-1
 0> <info> app: hr,867,-21479, -42.00 ,-1
 0> <info> app: hr,868,-21468, -44.00 ,-1
 0> <info> app: hr,869,-21447, -45.00 ,-1
 0> <info> app: hr,870,-21437, -47.00 ,-1
 0> <info> app: hr,871,-21435, -48.00 ,-1
 0> <info> app: hr,872,-21443, -51.00 ,-1
 0> <info> app: hr,873,-21417, -52.00 ,-1
 0> <info> app: hr,874,-21426, -55.00 ,-1
 0> <info> app: hr,875,-21439, -57.00 ,-1
 0> <info> app: hr,876,-21408, -59.00 ,-1
 0> <info> app: hr,877,-21409, -61.00 ,-1
 0> <info> app: hr,878,-21403, -64.00 ,-1
 0> <info> app: hr,879,-21400, -66.00 ,-1
 0> <info> app: hr,880,-21380, -68.00 ,-1
 0> <info> app: hr,881,-21358, -71.00 ,-1
 0> <info> app: hr,882,-21343, -73.00 ,-1
 0> <info> app: hr,883,-21327, -76.00 ,-1
 0> <info> app: hr,884,-21302, -79.00 ,-1
 0> <info> app: hr,885,-21297, -82.00 ,-1
 0> <info> app: hr,886,-21280, -85.00 ,-1
 0> <info> app: hr,887,-21259, -88.00 ,-1
 0> <info> app: hr,888,-21242, -91.00 ,-1
 0> <info> app: hr,889,-21245, -95.00 ,-1
 0> <info> app: hr,890,-21235, -98.00 ,-1
 0> <info> app: hr,891,-21225, -101.00 ,-1
 0> <info> app: hr,892,-21218, -105.00 ,-1
 0> <info> app: hr,893,-21214, -109.00 ,-1
 0> <info> app: hr,894,-21215, -112.00 ,-1
 0> <info> app: hr,895,-21206, -116.00 ,-1
 0> <info> app: hr,896,-21208, -119.00 ,-1
 0> <info> app: hr,897,-21218, -122.00 ,-1
 0> <info> app: hr,898,-21220, -126.00 ,-1
 0> <info> app: hr,899,-21222, -128.00 ,-1
 0> <info> app: hr,900,-21224, -131.00 ,-1
 0> <info> app: hr,901,-21207, -133.00 ,-1
 0> <info> app: hr,902,-21210, -136.00 ,-1
 0> <info> app: hr,903,-21204, -137.00 ,-1
 0> <info> app: hr,904,-21189, -139.00 ,-1
 0> <info> app: hr,905,-21188, -140.00 ,-1
 0> <info> app: hr,906,-21178, -142.00 ,-1
 0> <info> app: hr,907,-21168, -143.00 ,-1
 0> <info> app: hr,908,-21142, -144.00 ,-1
 0> <info> app: hr,909,-21129, -144.00 ,-1
 0> <info> app: hr,910,-21106, -145.00 ,-1
 0> <info> app: hr,911,-21127, -146.00 ,-1
 0> <info> app: hr,912,-21132, -148.00 ,-1
 0> <info> app: hr,913,-21130, -148.00 ,-1
 0> <info> app: hr,914,-21135, -149.00 ,-1
 0> <info> app: hr,915,-21137, -148.00 ,-1
 0> <info> app: hr,916,-21133, -149.00 ,-1
 0> <info> app: hr,917,-21135, -148.00 ,-1
 0> <info> app: hr,918,-21122, -149.00 ,-1
 0> <info> app: hr,919,-21124, -148.00 ,-1
 0> <info> app: hr,920,-21127, -148.00 ,-1
 0> <info> app: hr,921,-21126, -147.00 ,-1
 0> <info> app: hr,922,-21125, -146.00 ,-1
 0> <info> app: hr,923,-21110, -145.00 ,-1
 0> <info> app: hr,924,-21118, -144.00 ,-1
 0> <info> app: hr,925,-21140, -142.00 ,-1
 0> <info> app: hr,926,-21126, -141.00 ,-1
 0> <info> app: hr,927,-21145, -139.00 ,-1
 0> <info> app: hr,928,-21120, -138.00 ,-1
 0> <info> app: hr,929,-21105, -136.00 ,-1
 0> <info> app: hr,930,-21113, -133.00 ,-1
 0> <info> app: hr,931,-21106, -132.00 ,-1
 0> <info> app: hr,932,-21125, -129.00 ,-1
 0> <info> app: hr,933,-21112, -128.00 ,-1
 0> <info> app: hr,934,-21132, -125.00 ,-1
 0> <info> app: hr,935,-21126, -122.00 ,-1
 0> <info> app: hr,936,-21136, -120.00 ,-1
 0> <info> app: hr,937,-21128, -117.00 ,-1
 0> <info> app: hr,938,-21145, -114.00 ,-1
 0> <info> app: hr,939,-21151, -111.00 ,-1
 0> <info> app: hr,940,-21156, -109.00 ,-1
 0> <info> app: hr,941,-21143, -105.00 ,-1
 0> <info> app: hr,942,-21150, -102.00 ,-1
 0> <info> app: hr,943,-21136, -99.00 ,-1
 0> <info> app: hr,944,-21138, -95.00 ,-1
 0> <info> app: hr,945,-21125, -92.00 ,-1
 0> <info> app: hr,946,-21116, -88.00 ,-1
 0> <info> app: hr,947,-21114, -85.00 ,-1
 0> <info> app: hr,948,-21097, -82.00 ,-1
 0> <info> app: hr,949,-21103, -79.00 ,-1
 0> <info> app: hr,950,-21105, -77.00 ,-1
 0> <info> app: hr,951,-21078, -74.00 ,-1
 0> <info> app: hr,952,-21066, -71.00 ,-1
 0> <info> app: hr,953,-21082, -68.00 ,-1
 0> <info> app: hr,954,-21067, -66.00 ,-1
 0> <info> app: hr,955,-21088, -65.00 ,-1
 0> <info> app: hr,956,-21081, -62.00 ,-1
 0> <info> app: hr,957,-21082, -60.00 ,-1
 0> <info> app: hr,958,-21081, -59.00 ,-1
 0> <info> app: hr,959,-21093, -57.00 ,-1
 0> <info> app: hr,960,-21089, -55.00 ,-1
 0> <info> app: hr,961,-21091, -55.00 ,-1
 0> <info> app: hr,962,-21103, -53.00 ,-1
 0> <info> app: hr,963,-21111, -51.00 ,-1
 0> <info> app: hr,964,-21116, -50.00 ,-1
 0> <info> app: hr,965,-21122, -48.00 ,-1
 0> <info> app: hr,966,-21127, -47.00 ,-1
 0> <info> app: hr,967,-21147, -44.00 ,-1
 0> <info> app: hr,968,-21149, -42.00 ,-1
 0> <info> app: hr,969,-21136, -41.00 ,-1
 0> <info> app: hr,970,-21151, -39.00 ,-1
 0> <info> app: hr,971,-21159, -36.00 ,-1
 0> <info> app: hr,972,-21150, -34.00 ,-1
 0> <info> app: hr,973,-21138, -31.00 ,-1
 0> <info> app: hr,974,-21117, -30.00 ,-1
 0> <info> app: hr,975,-21127, -27.00 ,-1
 0> <info> app: hr,976,-21124, -26.00 ,-1
 0> <info> app: hr,977,-21107, -24.00 ,-1
 0> <info> app: hr,978,-21109, -21.00 ,-1
 0> <info> app: hr,979,-21103, -20.00 ,-1
 0> <info> app: hr,980,-21113, -18.00 ,-1
 0> <info> app: hr,981,-21114, -17.00 ,-1
 0> <info> app: hr,982,-21129, -15.00 ,-1
 0> <info> app: hr,983,-21124, -15.00 ,-1
 0> <info> app: hr,984,-21132, -13.00 ,-1
 0> <info> app: hr,985,-21119, -11.00 ,-1
 0> <info> app: hr,986,-21130, -11.00 ,-1
 0> <info> app: hr,987,-21120, -9.00 ,-1
 0> <info> app: hr,988,-21125, -9.00 ,-1
 0> <info> app: hr,989,-21120, -7.00 ,-1
 0> <info> app: hr,990,-21123, -6.00 ,-1
 0> <info> app: hr,991,-21102, -5.00 ,-1
 0> <info> app: hr,992,-21101, -4.00 ,-1
 0> <info> app: hr,993,-21091, -4.00 ,-1
 0> <info> app: hr,994,-21088, -4.00 ,-1
 0> <info> app: hr,995,-21100, -3.00 ,-1
 0> <info> app: hr,996,-21090, -2.00 ,-1
 0> <info> app: hr,997,-21100, -2.00 ,-1
 0> <info> app: hr,998,-21110, -3.00 ,-1
 0> <info> app: hr,999,-21104, -3.00 ,-1
 0> <info> app: hr,1000,-21124, -3.00 ,-1
 0> <info> app: hr,1001,-21132, -2.00 ,-1
 0> <info> app: hr,1002,-21130, -2.00 ,-1
 0> <info> app: hr,1003,-21132, -2.00 ,-1
 0> <info> app: hr,1004,-21117, -1.00 ,-1
 0> <info> app: hr,1005,-21114, -1.00 ,-1
 0> <info> app: hr,1006,-21111, -1.00 ,-1
 0> <info> app: hr,1007,-21124, -1.00 ,-1
 0> <info> app: hr,1008,-21124, -1.00 ,-1
 0> <info> app: hr,1009,-21131, -1.00 ,-1
 0> <info> app: hr,1010,-21120, -1.00 ,-1
 0> <info> app: hr,1011,-21126, 0.00 ,0
 0> <info> app: hr,1012,-21134, 0.00 ,0
 0> <info> app: hr,1013,-21124, 0.00 ,0
 0> <info> app: hr,1014,-21137, 0.00 ,0
 0> <info> app: hr,1015,-21125, 0.00 ,0
 0> <info> app: [OK]	HR has been calculated 33
 0> <info> app: BATT Reading...
 0> <info> app: Raw 868,SOC 68,BattFullDetect 0, 384V
 0> <info> app: Save 1536355547, 2924, 3873, -16941,
 0> <info> app: [OK]	HR Background stop
 0> <info> app: ^
 0> <info> app: HR A
 0> <info> app: HR C
 0> <info> app: HR D
 0> <info> app: Show HR Result
 0> <info> app: BATT Reading...
 0> <info> app: Raw 866,SOC 66,BattFullDetect 0, 383V
 0> <info> app: Save 1536355550, 3126, 3714, -16910,

# Logging stopped @ 27 Nov 2018 14:17:04
