# SEGGER J-Link RTT Viewer V6.16a Terminal Log File
# Compiled: 12:44:10 on Jun  6 2017
# Logging started @ 27 Nov 2018 14:17:23
 0> <error> app: Pedo write to flash.
 0> <info> app: [OK]	FLASH MEMORY
 0> <info> app: Page for write 1150
 0> <info> app: Append Success
 0> <info> app: Save to flash
 0> <info> app: ALERT_BT_CHECK_WAIT_KRY
 0> <info> app: Right Press
 0> <info> app: Right Press
 0> <info> app: Right Press
 0> <info> app: Right Press
 0> <info> app: [OK]	Max30102 Already and background working is begin
 0> 
 0> <info> app: BATT Reading...
 0> <info> app: Raw 865,SOC 65,BattFullDetect 0, 383V
 0> <info> app: Save 1536355580, 3148, 2390, -17212,
 0> <info> app: BATT Reading...
 0> <info> app: Raw 865,SOC 65,BattFullDetect 0, 383V
 0> <info> app: Save 1536355590, 5460, 3199, -16229,
 0> <info> app: [OK]	HR sample count 1017
 0> 
 0> Plus Signal 1, 50
 0> Minus Signal -1, 69
 0> plus_index 50, minus_index 69, Peak Index, 61,62,63,64,, AVR Peak Index, 62, HR 0, Reject out of 30-180.
 0> Plus Signal 1, 196
 0> Minus Signal -1, 232
 0> plus_index 196, minus_index 232, Peak Index, 227,, AVR Peak Index, 227, HR 36
 0> Plus Signal 1, 353
 0> Minus Signal -1, 417
 0> plus_index 353, minus_index 417, Peak Index, 406,407,408,, AVR Peak Index, 407, HR 33
 0> Plus Signal 1, 501
 0> Minus Signal -1, 632
 0> plus_index 501, minus_index 632, Peak Index, 600,601,602,603,604,605,609,610,611,612,613,614,618,619,620,621,622,623,, AVR Peak Index, 611, HR 29, Reject out of 30-180.
 0> Plus Signal 1, 717
 0> Minus Signal -1, 728
 0> plus_index 717, minus_index 728, Peak Index, 719,720,721,722,723,, AVR Peak Index, 721, HR 54
 0> Plus Signal 1, 818
 0> Minus Signal -1, 836
 0> plus_index 818, minus_index 836, Peak Index, 824,825,, AVR Peak Index, 824, HR 58
 0> Plus Signal 1, 885
 0> Minus Signal -1, 958
 0> plus_index 885, minus_index 958, Peak Index, 938,941,943,944,945,946,949,, AVR Peak Index, 943, HR 50<info> app: HR>>>
 0> 33,36,50,54,58, sum div 25, 6<info> app: HR final>>>
 0> 33,36,50,<info> app: 
 0> HR  >>> 39
 0> <info> app: hr,50,-18090, -20.00 ,0
 0> <info> app: hr,51,-18127, -3.00 ,0
 0> <info> app: hr,52,-18174, 14.00 ,0
 0> <info> app: hr,53,-18187, 33.00 ,0
 0> <info> app: hr,54,-18224, 51.00 ,0
 0> <info> app: hr,55,-18233, 69.00 ,0
 0> <info> app: hr,56,-18254, 88.00 ,1
 0> <info> app: hr,57,-18285, 106.00 ,1
 0> <info> app: hr,58,-18314, 124.00 ,1
 0> <info> app: hr,59,-18364, 142.00 ,1
 0> <info> app: hr,60,-18392, 160.00 ,1
 0> <info> app: hr,61,-18388, 178.00 ,1
 0> <info> app: hr,62,-18409, 195.00 ,1
 0> <info> app: hr,63,-18406, 212.00 ,1
 0> <info> app: hr,64,-18413, 228.00 ,1
 0> <info> app: hr,65,-18419, 244.00 ,1
 0> <info> app: hr,66,-18443, 260.00 ,1
 0> <info> app: hr,67,-18438, 274.00 ,1
 0> <info> app: hr,68,-18456, 288.00 ,1
 0> <info> app: hr,69,-18464, 301.00 ,1
 0> <info> app: hr,70,-18474, 313.00 ,1
 0> <info> app: hr,71,-18481, 324.00 ,1
 0> <info> app: hr,72,-18482, 335.00 ,1
 0> <info> app: hr,73,-18461, 345.00 ,1
 0> <info> app: hr,74,-18467, 354.00 ,1
 0> <info> app: hr,75,-18466, 361.00 ,1
 0> <info> app: hr,76,-18442, 368.00 ,1
 0> <info> app: hr,77,-18414, 373.00 ,1
 0> <info> app: hr,78,-18396, 379.00 ,1
 0> <info> app: hr,79,-18422, 382.00 ,1
 0> <info> app: hr,80,-18458, 385.00 ,1
 0> <info> app: hr,81,-18507, 386.00 ,1
 0> <info> app: hr,82,-18539, 387.00 ,1
 0> <info> app: hr,83,-18562, 388.00 ,1
 0> <info> app: hr,84,-18575, 387.00 ,0
 0> <info> app: hr,85,-18589, 388.00 ,0
 0> <info> app: hr,86,-18581, 386.00 ,0
 0> <info> app: hr,87,-18589, 386.00 ,0
 0> <info> app: hr,88,-18578, 384.00 ,0
 0> <info> app: hr,89,-18619, 383.00 ,0
 0> <info> app: hr,90,-18690, 380.00 ,-1
 0> <info> app: hr,91,-18762, 378.00 ,-1
 0> <info> app: hr,92,-18855, 376.00 ,-1
 0> <info> app: hr,93,-18928, 375.00 ,-1
 0> <info> app: hr,94,-18990, 374.00 ,-1
 0> <info> app: hr,95,-19009, 373.00 ,-1
 0> <info> app: hr,96,-19013, 373.00 ,0
 0> <info> app: hr,97,-19019, 374.00 ,0
 0> <info> app: hr,98,-19021, 375.00 ,0
 0> <info> app: hr,99,-19042, 377.00 ,0
 0> <info> app: hr,100,-19068, 378.00 ,1
 0> <info> app: hr,101,-19089, 380.00 ,1
 0> <info> app: hr,102,-19125, 382.00 ,1
 0> <info> app: hr,103,-19143, 384.00 ,1
 0> <info> app: hr,104,-19167, 387.00 ,1
 0> <info> app: hr,105,-19177, 389.00 ,1
 0> <info> app: hr,106,-19179, 391.00 ,1
 0> <info> app: hr,107,-19168, 394.00 ,1
 0> <info> app: hr,108,-19159, 396.00 ,1
 0> <info> app: hr,109,-19144, 398.00 ,1
 0> <info> app: hr,110,-19135, 400.00 ,1
 0> <info> app: hr,111,-19119, 401.00 ,1
 0> <info> app: hr,112,-19093, 401.00 ,1
 0> <info> app: hr,113,-19090, 401.00 ,1
 0> <info> app: hr,114,-19127, 401.00 ,1
 0> <info> app: hr,115,-19156, 400.00 ,0
 0> <info> app: hr,116,-19169, 398.00 ,0
 0> <info> app: hr,117,-19160, 396.00 ,0
 0> <info> app: hr,118,-19133, 394.00 ,0
 0> <info> app: hr,119,-19090, 390.00 ,-1
 0> <info> app: hr,120,-19064, 388.00 ,-1
 0> <info> app: hr,121,-19046, 383.00 ,-1
 0> <info> app: hr,122,-19058, 378.00 ,-1
 0> <info> app: hr,123,-19053, 372.00 ,-1
 0> <info> app: hr,124,-19057, 367.00 ,-1
 0> <info> app: hr,125,-19051, 360.00 ,-1
 0> <info> app: hr,126,-19066, 352.00 ,-1
 0> <info> app: hr,127,-19047, 346.00 ,-1
 0> <info> app: hr,128,-19008, 337.00 ,-1
 0> <info> app: hr,129,-19011, 328.00 ,-1
 0> <info> app: hr,130,-18976, 320.00 ,-1
 0> <info> app: hr,131,-18938, 311.00 ,-1
 0> <info> app: hr,132,-18936, 300.00 ,-1
 0> <info> app: hr,133,-18919, 290.00 ,-1
 0> <info> app: hr,134,-18883, 280.00 ,-1
 0> <info> app: hr,135,-18894, 269.00 ,-1
 0> <info> app: hr,136,-18883, 256.00 ,-1
 0> <info> app: hr,137,-18874, 244.00 ,-1
 0> <info> app: hr,138,-18867, 232.00 ,-1
 0> <info> app: hr,139,-18848, 221.00 ,-1
 0> <info> app: hr,140,-18832, 208.00 ,-1
 0> <info> app: hr,141,-18794, 195.00 ,-1
 0> <info> app: hr,142,-18763, 182.00 ,-1
 0> <info> app: hr,143,-18730, 169.00 ,-1
 0> <info> app: hr,144,-18712, 156.00 ,-1
 0> <info> app: hr,145,-18661, 142.00 ,-1
 0> <info> app: hr,146,-18608, 128.00 ,-1
 0> <info> app: hr,147,-18566, 113.00 ,-1
 0> <info> app: hr,148,-18548, 99.00 ,-1
 0> <info> app: hr,149,-18518, 84.00 ,-1
 0> <info> app: hr,150,-18513, 69.00 ,-1
 0> <info> app: hr,151,-18482, 53.00 ,-1
 0> <info> app: hr,152,-18463, 37.00 ,-1
 0> <info> app: hr,153,-18399, 21.00 ,-1
 0> <info> app: hr,154,-18337, 5.00 ,-1
 0> <info> app: hr,155,-18277, -10.00 ,-1
 0> <info> app: hr,156,-18226, -26.00 ,-1
 0> <info> app: hr,157,-18219, -43.00 ,-1
 0> <info> app: hr,158,-18217, -61.00 ,-1
 0> <info> app: hr,159,-18231, -78.00 ,-1
 0> <info> app: hr,160,-18261, -95.00 ,-1
 0> <info> app: hr,161,-18271, -111.00 ,-1
 0> <info> app: hr,162,-18267, -127.00 ,-1
 0> <info> app: hr,163,-18239, -142.00 ,-1
 0> <info> app: hr,164,-18202, -157.00 ,-1
 0> <info> app: hr,165,-18162, -171.00 ,-1
 0> <info> app: hr,166,-18135, -186.00 ,-1
 0> <info> app: hr,167,-18105, -198.00 ,-1
 0> <info> app: hr,168,-18097, -211.00 ,-1
 0> <info> app: hr,169,-18095, -225.00 ,-1
 0> <info> app: hr,170,-18103, -236.00 ,-1
 0> <info> app: hr,171,-18098, -248.00 ,-1
 0> <info> app: hr,172,-18112, -258.00 ,-1
 0> <info> app: hr,173,-18106, -268.00 ,-1
 0> <info> app: hr,174,-18119, -278.00 ,-1
 0> <info> app: hr,175,-18154, -286.00 ,-1
 0> <info> app: hr,176,-18126, -294.00 ,-1
 0> <info> app: hr,177,-18121, -300.00 ,-1
 0> <info> app: hr,178,-18127, -306.00 ,-1
 0> <info> app: hr,179,-18114, -311.00 ,-1
 0> <info> app: hr,180,-18111, -315.00 ,-1
 0> <info> app: hr,181,-18077, -318.00 ,-1
 0> <info> app: hr,182,-18067, -320.00 ,-1
 0> <info> app: hr,183,-18050, -322.00 ,-1
 0> <info> app: hr,184,-18044, -324.00 ,-1
 0> <info> app: hr,185,-18024, -325.00 ,-1
 0> <info> app: hr,186,-18024, -326.00 ,-1
 0> <info> app: hr,187,-18010, -326.00 ,-1
 0> <info> app: hr,188,-18010, -326.00 ,-1
 0> <info> app: hr,189,-17999, -326.00 ,-1
 0> <info> app: hr,190,-17991, -324.00 ,-1
 0> <info> app: hr,191,-17983, -323.00 ,-1
 0> <info> app: hr,192,-17968, -321.00 ,-1
 0> <info> app: hr,193,-17968, -320.00 ,-1
 0> <info> app: hr,194,-17946, -317.00 ,-1
 0> <info> app: hr,195,-17960, -315.00 ,-1
 0> <info> app: hr,196,-17974, -312.00 ,-1
 0> <info> app: hr,197,-17968, -310.00 ,-1
 0> <info> app: hr,198,-17993, -306.00 ,-1
 0> <info> app: hr,199,-17997, -302.00 ,-1
 0> <info> app: hr,200,-18021, -298.00 ,-1
 0> <info> app: hr,201,-18040, -294.00 ,-1
 0> <info> app: hr,202,-18032, -289.00 ,-1
 0> <info> app: hr,203,-18029, -284.00 ,-1
 0> <info> app: hr,204,-18042, -277.00 ,-1
 0> <info> app: hr,205,-18019, -271.00 ,-1
 0> <info> app: hr,206,-18040, -265.00 ,-1
 0> <info> app: hr,207,-18042, -259.00 ,-1
 0> <info> app: hr,208,-18031, -252.00 ,-1
 0> <info> app: hr,209,-18037, -245.00 ,-1
 0> <info> app: hr,210,-18014, -238.00 ,-1
 0> <info> app: hr,211,-18021, -231.00 ,-1
 0> <info> app: hr,212,-18000, -223.00 ,-1
 0> <info> app: hr,213,-17967, -216.00 ,-1
 0> <info> app: hr,214,-17962, -209.00 ,-1
 0> <info> app: hr,215,-17970, -202.00 ,-1
 0> <info> app: hr,216,-17975, -196.00 ,-1
 0> <info> app: hr,217,-17974, -189.00 ,-1
 0> <info> app: hr,218,-17962, -182.00 ,-1
 0> <info> app: hr,219,-17934, -176.00 ,-1
 0> <info> app: hr,220,-17945, -170.00 ,-1
 0> <info> app: hr,221,-17935, -165.00 ,-1
 0> <info> app: hr,222,-17933, -160.00 ,-1
 0> <info> app: hr,223,-17925, -154.00 ,-1
 0> <info> app: hr,224,-17919, -149.00 ,-1
 0> <info> app: hr,225,-17937, -144.00 ,-1
 0> <info> app: hr,226,-17981, -139.00 ,-1
 0> <info> app: hr,227,-18031, -135.00 ,-1
 0> <info> app: hr,228,-18074, -129.00 ,-1
 0> <info> app: hr,229,-18085, -125.00 ,-1
 0> <info> app: hr,230,-18065, -120.00 ,-1
 0> <info> app: hr,231,-18090, -114.00 ,-1
 0> <info> app: hr,232,-18078, -108.00 ,-1
 0> <info> app: hr,233,-18093, -101.00 ,-1
 0> <info> app: hr,234,-18143, -95.00 ,-1
 0> <info> app: hr,235,-18207, -89.00 ,-1
 0> <info> app: hr,236,-18290, -82.00 ,-1
 0> <info> app: hr,237,-18369, -75.00 ,-1
 0> <info> app: hr,238,-18422, -66.00 ,-1
 0> <info> app: hr,239,-18454, -57.00 ,-1
 0> <info> app: hr,240,-18476, -47.00 ,-1
 0> <info> app: hr,241,-18483, -37.00 ,-1
 0> <info> app: hr,242,-18499, -25.00 ,-1
 0> <info> app: hr,243,-18511, -14.00 ,-1
 0> <info> app: hr,244,-18505, -1.00 ,-1
 0> <info> app: hr,245,-18529, 10.00 ,0
 0> <info> app: hr,246,-18574, 23.00 ,1
 0> <info> app: hr,247,-18681, 36.00 ,1
 0> <info> app: hr,248,-18859, 49.00 ,1
 0> <info> app: hr,249,-19037, 63.00 ,1
 0> <info> app: hr,250,-19190, 79.00 ,1
 0> <info> app: hr,251,-19306, 96.00 ,1
 0> <info> app: hr,252,-19370, 115.00 ,1
 0> <info> app: hr,253,-19410, 136.00 ,1
 0> <info> app: hr,254,-19415, 158.00 ,1
 0> <info> app: hr,255,-19425, 181.00 ,1
 0> <info> app: hr,256,-19468, 205.00 ,1
 0> <info> app: hr,257,-19530, 228.00 ,1
 0> <info> app: hr,258,-19613, 253.00 ,1
 0> <info> app: hr,259,-19626, 277.00 ,1
 0> <info> app: hr,260,-19621, 302.00 ,1
 0> <info> app: hr,261,-19593, 328.00 ,1
 0> <info> app: hr,262,-19588, 353.00 ,1
 0> <info> app: hr,263,-19563, 376.00 ,1
 0> <info> app: hr,264,-19535, 399.00 ,1
 0> <info> app: hr,265,-19497, 421.00 ,1
 0> <info> app: hr,266,-19477, 442.00 ,1
 0> <info> app: hr,267,-19459, 461.00 ,1
 0> <info> app: hr,268,-19421, 478.00 ,1
 0> <info> app: hr,269,-19407, 493.00 ,1
 0> <info> app: hr,270,-19394, 507.00 ,1
 0> <info> app: hr,271,-19345, 519.00 ,1
 0> <info> app: hr,272,-19362, 529.00 ,1
 0> <info> app: hr,273,-19339, 537.00 ,1
 0> <info> app: hr,274,-19300, 543.00 ,1
 0> <info> app: hr,275,-19268, 547.00 ,1
 0> <info> app: hr,276,-19244, 549.00 ,1
 0> <info> app: hr,277,-19198, 550.00 ,1
 0> <info> app: hr,278,-19135, 548.00 ,0
 0> <info> app: hr,279,-19092, 545.00 ,0
 0> <info> app: hr,280,-19036, 540.00 ,0
 0> <info> app: hr,281,-18983, 532.00 ,0
 0> <info> app: hr,282,-18957, 523.00 ,-1
 0> <info> app: hr,283,-18927, 512.00 ,-1
 0> <info> app: hr,284,-18898, 498.00 ,-1
 0> <info> app: hr,285,-18847, 484.00 ,-1
 0> <info> app: hr,286,-18794, 468.00 ,-1
 0> <info> app: hr,287,-18705, 451.00 ,-1
 0> <info> app: hr,288,-18646, 431.00 ,-1
 0> <info> app: hr,289,-18585, 410.00 ,-1
 0> <info> app: hr,290,-18521, 388.00 ,-1
 0> <info> app: hr,291,-18490, 364.00 ,-1
 0> <info> app: hr,292,-18470, 339.00 ,-1
 0> <info> app: hr,293,-18439, 314.00 ,-1
 0> <info> app: hr,294,-18431, 287.00 ,-1
 0> <info> app: hr,295,-18388, 260.00 ,-1
 0> <info> app: hr,296,-18353, 232.00 ,-1
 0> <info> app: hr,297,-18277, 203.00 ,-1
 0> <info> app: hr,298,-18258, 174.00 ,-1
 0> <info> app: hr,299,-18235, 145.00 ,-1
 0> <info> app: hr,300,-18216, 116.00 ,-1
 0> <info> app: hr,301,-18224, 86.00 ,-1
 0> <info> app: hr,302,-18180, 58.00 ,-1
 0> <info> app: hr,303,-18149, 29.00 ,-1
 0> <info> app: hr,304,-18125, 1.00 ,-1
 0> <info> app: hr,305,-18090, -26.00 ,-1
 0> <info> app: hr,306,-18067, -54.00 ,-1
 0> <info> app: hr,307,-18063, -81.00 ,-1
 0> <info> app: hr,308,-18083, -107.00 ,-1
 0> <info> app: hr,309,-18071, -133.00 ,-1
 0> <info> app: hr,310,-18053, -157.00 ,-1
 0> <info> app: hr,311,-18055, -180.00 ,-1
 0> <info> app: hr,312,-18031, -203.00 ,-1
 0> <info> app: hr,313,-18016, -224.00 ,-1
 0> <info> app: hr,314,-17998, -245.00 ,-1
 0> <info> app: hr,315,-17981, -264.00 ,-1
 0> <info> app: hr,316,-17953, -281.00 ,-1
 0> <info> app: hr,317,-17979, -298.00 ,-1
 0> <info> app: hr,318,-17966, -314.00 ,-1
 0> <info> app: hr,319,-17970, -330.00 ,-1
 0> <info> app: hr,320,-17975, -343.00 ,-1
 0> <info> app: hr,321,-17971, -355.00 ,-1
 0> <info> app: hr,322,-17987, -366.00 ,-1
 0> <info> app: hr,323,-17971, -376.00 ,-1
 0> <info> app: hr,324,-17959, -385.00 ,-1
 0> <info> app: hr,325,-17944, -393.00 ,-1
 0> <info> app: hr,326,-17927, -399.00 ,-1
 0> <info> app: hr,327,-17923, -404.00 ,-1
 0> <info> app: hr,328,-17926, -409.00 ,-1
 0> <info> app: hr,329,-17913, -412.00 ,-1
 0> <info> app: hr,330,-17902, -415.00 ,-1
 0> <info> app: hr,331,-17880, -417.00 ,-1
 0> <info> app: hr,332,-17876, -418.00 ,-1
 0> <info> app: hr,333,-17879, -418.00 ,-1
 0> <info> app: hr,334,-17866, -417.00 ,-1
 0> <info> app: hr,335,-17881, -416.00 ,-1
 0> <info> app: hr,336,-17871, -416.00 ,-1
 0> <info> app: hr,337,-17859, -413.00 ,-1
 0> <info> app: hr,338,-17848, -410.00 ,-1
 0> <info> app: hr,339,-17839, -407.00 ,-1
 0> <info> app: hr,340,-17824, -402.00 ,-1
 0> <info> app: hr,341,-17826, -398.00 ,-1
 0> <info> app: hr,342,-17836, -394.00 ,-1
 0> <info> app: hr,343,-17820, -389.00 ,-1
 0> <info> app: hr,344,-17822, -384.00 ,-1
 0> <info> app: hr,345,-17835, -378.00 ,-1
 0> <info> app: hr,346,-17823, -372.00 ,-1
 0> <info> app: hr,347,-17818, -366.00 ,-1
 0> <info> app: hr,348,-17795, -359.00 ,-1
 0> <info> app: hr,349,-17778, -353.00 ,-1
 0> <info> app: hr,350,-17751, -346.00 ,-1
 0> <info> app: hr,351,-17747, -339.00 ,-1
 0> <info> app: hr,352,-17737, -332.00 ,-1
 0> <info> app: hr,353,-17739, -325.00 ,-1
 0> <info> app: hr,354,-17739, -319.00 ,-1
 0> <info> app: hr,355,-17758, -312.00 ,-1
 0> <info> app: hr,356,-17767, -305.00 ,-1
 0> <info> app: hr,357,-17763, -299.00 ,-1
 0> <info> app: hr,358,-17770, -292.00 ,-1
 0> <info> app: hr,359,-17771, -284.00 ,-1
 0> <info> app: hr,360,-17770, -278.00 ,-1
 0> <info> app: hr,361,-17771, -271.00 ,-1
 0> <info> app: hr,362,-17783, -264.00 ,-1
 0> <info> app: hr,363,-17790, -256.00 ,-1
 0> <info> app: hr,364,-17797, -249.00 ,-1
 0> <info> app: hr,365,-17801, -241.00 ,-1
 0> <info> app: hr,366,-17792, -234.00 ,-1
 0> <info> app: hr,367,-17802, -226.00 ,-1
 0> <info> app: hr,368,-17821, -219.00 ,-1
 0> <info> app: hr,369,-17829, -211.00 ,-1
 0> <info> app: hr,370,-17838, -203.00 ,-1
 0> <info> app: hr,371,-17842, -195.00 ,-1
 0> <info> app: hr,372,-17842, -187.00 ,-1
 0> <info> app: hr,373,-17854, -179.00 ,-1
 0> <info> app: hr,374,-17874, -171.00 ,-1
 0> <info> app: hr,375,-17872, -164.00 ,-1
 0> <info> app: hr,376,-17880, -155.00 ,-1
 0> <info> app: hr,377,-17863, -147.00 ,-1
 0> <info> app: hr,378,-17868, -139.00 ,-1
 0> <info> app: hr,379,-17872, -131.00 ,-1
 0> <info> app: hr,380,-17855, -123.00 ,-1
 0> <info> app: hr,381,-17874, -115.00 ,-1
 0> <info> app: hr,382,-17878, -108.00 ,-1
 0> <info> app: hr,383,-17866, -100.00 ,-1
 0> <info> app: hr,384,-17875, -93.00 ,-1
 0> <info> app: hr,385,-17881, -86.00 ,-1
 0> <info> app: hr,386,-17891, -79.00 ,-1
 0> <info> app: hr,387,-17881, -72.00 ,-1
 0> <info> app: hr,388,-17885, -66.00 ,-1
 0> <info> app: hr,389,-17879, -59.00 ,-1
 0> <info> app: hr,390,-17885, -53.00 ,-1
 0> <info> app: hr,391,-17911, -48.00 ,-1
 0> <info> app: hr,392,-17898, -42.00 ,-1
 0> <info> app: hr,393,-17901, -36.00 ,-1
 0> <info> app: hr,394,-17897, -31.00 ,-1
 0> <info> app: hr,395,-17905, -26.00 ,-1
 0> <info> app: hr,396,-17912, -21.00 ,-1
 0> <info> app: hr,397,-17909, -16.00 ,-1
 0> <info> app: hr,398,-17900, -11.00 ,-1
 0> <info> app: hr,399,-17905, -8.00 ,-1
 0> <info> app: hr,400,-17906, -3.00 ,-1
 0> <info> app: hr,401,-17912, 0.00 ,0
 0> <info> app: hr,402,-17899, 3.00 ,0
 0> <info> app: hr,403,-17904, 7.00 ,1
 0> <info> app: hr,404,-17919, 9.00 ,1
 0> <info> app: hr,405,-17903, 13.00 ,1
 0> <info> app: hr,406,-17930, 15.00 ,1
 0> <info> app: hr,407,-17917, 17.00 ,1
 0> <info> app: hr,408,-17922, 20.00 ,1
 0> <info> app: hr,409,-17922, 22.00 ,1
 0> <info> app: hr,410,-17939, 24.00 ,1
 0> <info> app: hr,411,-17939, 27.00 ,1
 0> <info> app: hr,412,-17968, 29.00 ,1
 0> <info> app: hr,413,-17970, 30.00 ,1
 0> <info> app: hr,414,-17968, 33.00 ,1
 0> <info> app: hr,415,-17980, 34.00 ,1
 0> <info> app: hr,416,-17988, 36.00 ,1
 0> <info> app: hr,417,-17983, 37.00 ,1
 0> <info> app: hr,418,-17994, 40.00 ,1
 0> <info> app: hr,419,-17992, 42.00 ,1
 0> <info> app: hr,420,-17996, 43.00 ,1
 0> <info> app: hr,421,-17983, 45.00 ,1
 0> <info> app: hr,422,-18004, 46.00 ,1
 0> <info> app: hr,423,-18008, 48.00 ,1
 0> <info> app: hr,424,-18004, 49.00 ,1
 0> <info> app: hr,425,-18016, 51.00 ,1
 0> <info> app: hr,426,-18011, 52.00 ,1
 0> <info> app: hr,427,-18016, 54.00 ,1
 0> <info> app: hr,428,-18024, 55.00 ,1
 0> <info> app: hr,429,-18018, 56.00 ,1
 0> <info> app: hr,430,-18031, 57.00 ,1
 0> <info> app: hr,431,-18044, 58.00 ,1
 0> <info> app: hr,432,-18046, 59.00 ,1
 0> <info> app: hr,433,-18048, 60.00 ,1
 0> <info> app: hr,434,-18047, 61.00 ,1
 0> <info> app: hr,435,-18063, 62.00 ,1
 0> <info> app: hr,436,-18068, 63.00 ,1
 0> <info> app: hr,437,-18061, 64.00 ,1
 0> <info> app: hr,438,-18070, 65.00 ,1
 0> <info> app: hr,439,-18059, 66.00 ,1
 0> <info> app: hr,440,-18075, 67.00 ,1
 0> <info> app: hr,441,-18085, 68.00 ,1
 0> <info> app: hr,442,-18090, 68.00 ,1
 0> <info> app: hr,443,-18110, 69.00 ,1
 0> <info> app: hr,444,-18113, 70.00 ,1
 0> <info> app: hr,445,-18130, 71.00 ,1
 0> <info> app: hr,446,-18133, 72.00 ,1
 0> <info> app: hr,447,-18111, 73.00 ,1
 0> <info> app: hr,448,-18129, 74.00 ,1
 0> <info> app: hr,449,-18119, 74.00 ,1
 0> <info> app: hr,450,-18122, 76.00 ,1
 0> <info> app: hr,451,-18125, 77.00 ,1
 0> <info> app: hr,452,-18113, 77.00 ,1
 0> <info> app: hr,453,-18105, 78.00 ,1
 0> <info> app: hr,454,-18118, 78.00 ,1
 0> <info> app: hr,455,-18127, 78.00 ,1
 0> <info> app: hr,456,-18116, 79.00 ,1
 0> <info> app: hr,457,-18110, 79.00 ,1
 0> <info> app: hr,458,-18121, 79.00 ,1
 0> <info> app: hr,459,-18114, 78.00 ,1
 0> <info> app: hr,460,-18132, 78.00 ,1
 0> <info> app: hr,461,-18137, 78.00 ,1
 0> <info> app: hr,462,-18127, 78.00 ,1
 0> <info> app: hr,463,-18144, 77.00 ,1
 0> <info> app: hr,464,-18140, 78.00 ,1
 0> <info> app: hr,465,-18136, 77.00 ,1
 0> <info> app: hr,466,-18148, 76.00 ,0
 0> <info> app: hr,467,-18137, 75.00 ,-1
 0> <info> app: hr,468,-18143, 75.00 ,-1
 0> <info> app: hr,469,-18150, 74.00 ,0
 0> <info> app: hr,470,-18141, 74.00 ,0
 0> <info> app: hr,471,-18167, 73.00 ,0
 0> <info> app: hr,472,-18164, 72.00 ,0
 0> <info> app: hr,473,-18183, 72.00 ,0
 0> <info> app: hr,474,-18164, 70.00 ,-1
 0> <info> app: hr,475,-18167, 70.00 ,-1
 0> <info> app: hr,476,-18171, 69.00 ,-1
 0> <info> app: hr,477,-18161, 69.00 ,0
 0> <info> app: hr,478,-18167, 68.00 ,0
 0> <info> app: hr,479,-18166, 67.00 ,0
 0> <info> app: hr,480,-18184, 66.00 ,-1
 0> <info> app: hr,481,-18162, 65.00 ,-1
 0> <info> app: hr,482,-18166, 65.00 ,0
 0> <info> app: hr,483,-18156, 63.00 ,-1
 0> <info> app: hr,484,-18165, 63.00 ,0
 0> <info> app: hr,485,-18177, 62.00 ,-1
 0> <info> app: hr,486,-18171, 61.00 ,-1
 0> <info> app: hr,487,-18162, 60.00 ,0
 0> <info> app: hr,488,-18168, 59.00 ,-1
 0> <info> app: hr,489,-18151, 58.00 ,-1
 0> <info> app: hr,490,-18161, 57.00 ,-1
 0> <info> app: hr,491,-18149, 55.00 ,-1
 0> <info> app: hr,492,-18158, 54.00 ,-1
 0> <info> app: hr,493,-18162, 53.00 ,-1
 0> <info> app: hr,494,-18159, 51.00 ,-1
 0> <info> app: hr,495,-18162, 50.00 ,-1
 0> <info> app: hr,496,-18170, 49.00 ,-1
 0> <info> app: hr,497,-18174, 47.00 ,-1
 0> <info> app: hr,498,-18184, 46.00 ,-1
 0> <info> app: hr,499,-18170, 45.00 ,-1
 0> <info> app: hr,500,-18178, 43.00 ,-1
 0> <info> app: hr,501,-18185, 42.00 ,-1
 0> <info> app: hr,502,-18173, 41.00 ,-1
 0> <info> app: hr,503,-18183, 40.00 ,-1
 0> <info> app: hr,504,-18175, 39.00 ,-1
 0> <info> app: hr,505,-18180, 38.00 ,-1
 0> <info> app: hr,506,-18176, 36.00 ,-1
 0> <info> app: hr,507,-18175, 35.00 ,-1
 0> <info> app: hr,508,-18174, 34.00 ,-1
 0> <info> app: hr,509,-18159, 34.00 ,0
 0> <info> app: hr,510,-18164, 32.00 ,-1
 0> <info> app: hr,511,-18159, 31.00 ,-1
 0> <info> app: hr,512,-18161, 30.00 ,0
 0> <info> app: hr,513,-18160, 29.00 ,0
 0> <info> app: hr,514,-18150, 28.00 ,0
 0> <info> app: hr,515,-18156, 26.00 ,0
 0> <info> app: hr,516,-18163, 25.00 ,0
 0> <info> app: hr,517,-18159, 25.00 ,0
 0> <info> app: hr,518,-18149, 23.00 ,0
 0> <info> app: hr,519,-18150, 21.00 ,-1
 0> <info> app: hr,520,-18153, 20.00 ,-1
 0> <info> app: hr,521,-18153, 19.00 ,-1
 0> <info> app: hr,522,-18165, 18.00 ,-1
 0> <info> app: hr,523,-18146, 17.00 ,-1
 0> <info> app: hr,524,-18158, 15.00 ,-1
 0> <info> app: hr,525,-18154, 15.00 ,-1
 0> <info> app: hr,526,-18154, 14.00 ,-1
 0> <info> app: hr,527,-18151, 12.00 ,-1
 0> <info> app: hr,528,-18172, 11.00 ,-1
 0> <info> app: hr,529,-18159, 10.00 ,-1
 0> <info> app: hr,530,-18163, 9.00 ,-1
 0> <info> app: hr,531,-18147, 9.00 ,-1
 0> <info> app: hr,532,-18157, 7.00 ,-1
 0> <info> app: hr,533,-18158, 7.00 ,-1
 0> <info> app: hr,534,-18162, 6.00 ,-1
 0> <info> app: hr,535,-18172, 5.00 ,-1
 0> <info> app: hr,536,-18167, 4.00 ,-1
 0> <info> app: hr,537,-18188, 4.00 ,-1
 0> <info> app: hr,538,-18188, 4.00 ,0
 0> <info> app: hr,539,-18175, 3.00 ,0
 0> <info> app: hr,540,-18187, 3.00 ,0
 0> <info> app: hr,541,-18176, 3.00 ,0
 0> <info> app: hr,542,-18163, 3.00 ,0
 0> <info> app: hr,543,-18166, 3.00 ,0
 0> <info> app: hr,544,-18169, 2.00 ,0
 0> <info> app: hr,545,-18166, 2.00 ,-1
 0> <info> app: hr,546,-18160, 2.00 ,0
 0> <info> app: hr,547,-18182, 2.00 ,0
 0> <info> app: hr,548,-18176, 2.00 ,0
 0> <info> app: hr,549,-18169, 2.00 ,0
 0> <info> app: hr,550,-18174, 2.00 ,0
 0> <info> app: hr,551,-18168, 3.00 ,1
 0> <info> app: hr,552,-18189, 2.00 ,0
 0> <info> app: hr,553,-18181, 2.00 ,0
 0> <info> app: hr,554,-18190, 2.00 ,0
 0> <info> app: hr,555,-18183, 2.00 ,0
 0> <info> app: hr,556,-18180, 3.00 ,1
 0> <info> app: hr,557,-18179, 3.00 ,1
 0> <info> app: hr,558,-18177, 4.00 ,1
 0> <info> app: hr,559,-18189, 3.00 ,1
 0> <info> app: hr,560,-18169, 3.00 ,1
 0> <info> app: hr,561,-18170, 4.00 ,1
 0> <info> app: hr,562,-18172, 4.00 ,1
 0> <info> app: hr,563,-18167, 4.00 ,1
 0> <info> app: hr,564,-18148, 4.00 ,1
 0> <info> app: hr,565,-18177, 4.00 ,1
 0> <info> app: hr,566,-18195, 4.00 ,1
 0> <info> app: hr,567,-18182, 4.00 ,1
 0> <info> app: hr,568,-18200, 4.00 ,1
 0> <info> app: hr,569,-18182, 4.00 ,1
 0> <info> app: hr,570,-18210, 4.00 ,1
 0> <info> app: hr,571,-18197, 5.00 ,1
 0> <info> app: hr,572,-18209, 5.00 ,1
 0> <info> app: hr,573,-18205, 5.00 ,1
 0> <info> app: hr,574,-18211, 6.00 ,1
 0> <info> app: hr,575,-18223, 7.00 ,1
 0> <info> app: hr,576,-18208, 7.00 ,1
 0> <info> app: hr,577,-18219, 7.00 ,1
 0> <info> app: hr,578,-18211, 7.00 ,1
 0> <info> app: hr,579,-18210, 9.00 ,1
 0> <info> app: hr,580,-18214, 10.00 ,1
 0> <info> app: hr,581,-18201, 10.00 ,1
 0> <info> app: hr,582,-18213, 11.00 ,1
 0> <info> app: hr,583,-18223, 11.00 ,1
 0> <info> app: hr,584,-18212, 11.00 ,1
 0> <info> app: hr,585,-18212, 12.00 ,1
 0> <info> app: hr,586,-18208, 12.00 ,1
 0> <info> app: hr,587,-18228, 14.00 ,1
 0> <info> app: hr,588,-18243, 14.00 ,1
 0> <info> app: hr,589,-18230, 14.00 ,1
 0> <info> app: hr,590,-18242, 15.00 ,1
 0> <info> app: hr,591,-18240, 16.00 ,1
 0> <info> app: hr,592,-18243, 16.00 ,1
 0> <info> app: hr,593,-18241, 17.00 ,1
 0> <info> app: hr,594,-18238, 17.00 ,1
 0> <info> app: hr,595,-18238, 18.00 ,1
 0> <info> app: hr,596,-18244, 19.00 ,1
 0> <info> app: hr,597,-18235, 19.00 ,1
 0> <info> app: hr,598,-18244, 20.00 ,1
 0> <info> app: hr,599,-18244, 21.00 ,1
 0> <info> app: hr,600,-18242, 21.00 ,1
 0> <info> app: hr,601,-18240, 22.00 ,1
 0> <info> app: hr,602,-18240, 22.00 ,1
 0> <info> app: hr,603,-18247, 23.00 ,1
 0> <info> app: hr,604,-18244, 24.00 ,1
 0> <info> app: hr,605,-18241, 23.00 ,1
 0> <info> app: hr,606,-18250, 24.00 ,1
 0> <info> app: hr,607,-18247, 24.00 ,1
 0> <info> app: hr,608,-18265, 25.00 ,1
 0> <info> app: hr,609,-18266, 25.00 ,1
 0> <info> app: hr,610,-18268, 25.00 ,1
 0> <info> app: hr,611,-18267, 25.00 ,1
 0> <info> app: hr,612,-18275, 26.00 ,1
 0> <info> app: hr,613,-18268, 26.00 ,1
 0> <info> app: hr,614,-18275, 26.00 ,1
 0> <info> app: hr,615,-18276, 27.00 ,1
 0> <info> app: hr,616,-18277, 27.00 ,1
 0> <info> app: hr,617,-18280, 27.00 ,1
 0> <info> app: hr,618,-18293, 28.00 ,1
 0> <info> app: hr,619,-18286, 28.00 ,1
 0> <info> app: hr,620,-18292, 29.00 ,1
 0> <info> app: hr,621,-18290, 29.00 ,1
 0> <info> app: hr,622,-18289, 30.00 ,1
 0> <info> app: hr,623,-18287, 30.00 ,1
 0> <info> app: hr,624,-18293, 31.00 ,1
 0> <info> app: hr,625,-18282, 30.00 ,1
 0> <info> app: hr,626,-18293, 31.00 ,1
 0> <info> app: hr,627,-18292, 31.00 ,1
 0> <info> app: hr,628,-18293, 32.00 ,1
 0> <info> app: hr,629,-18303, 32.00 ,1
 0> <info> app: hr,630,-18296, 32.00 ,1
 0> <info> app: hr,631,-18320, 33.00 ,1
 0> <info> app: hr,632,-18325, 33.00 ,1
 0> <info> app: hr,633,-18337, 33.00 ,1
 0> <info> app: hr,634,-18351, 34.00 ,1
 0> <info> app: hr,635,-18333, 34.00 ,1
 0> <info> app: hr,636,-18336, 34.00 ,1
 0> <info> app: hr,637,-18352, 34.00 ,1
 0> <info> app: hr,638,-18340, 36.00 ,1
 0> <info> app: hr,639,-18355, 36.00 ,1
 0> <info> app: hr,640,-18336, 37.00 ,1
 0> <info> app: hr,641,-18354, 37.00 ,1
 0> <info> app: hr,642,-18346, 38.00 ,1
 0> <info> app: hr,643,-18338, 38.00 ,1
 0> <info> app: hr,644,-18335, 39.00 ,1
 0> <info> app: hr,645,-18348, 40.00 ,1
 0> <info> app: hr,646,-18350, 40.00 ,1
 0> <info> app: hr,647,-18350, 40.00 ,1
 0> <info> app: hr,648,-18342, 41.00 ,1
 0> <info> app: hr,649,-18340, 41.00 ,1
 0> <info> app: hr,650,-18345, 42.00 ,1
 0> <info> app: hr,651,-18357, 42.00 ,1
 0> <info> app: hr,652,-18335, 42.00 ,1
 0> <info> app: hr,653,-18338, 42.00 ,1
 0> <info> app: hr,654,-18332, 42.00 ,1
 0> <info> app: hr,655,-18364, 42.00 ,1
 0> <info> app: hr,656,-18367, 41.00 ,1
 0> <info> app: hr,657,-18373, 41.00 ,1
 0> <info> app: hr,658,-18371, 41.00 ,1
 0> <info> app: hr,659,-18384, 42.00 ,1
 0> <info> app: hr,660,-18376, 42.00 ,1
 0> <info> app: hr,661,-18385, 42.00 ,1
 0> <info> app: hr,662,-18378, 42.00 ,1
 0> <info> app: hr,663,-18381, 42.00 ,1
 0> <info> app: hr,664,-18383, 42.00 ,1
 0> <info> app: hr,665,-18395, 41.00 ,1
 0> <info> app: hr,666,-18392, 41.00 ,1
 0> <info> app: hr,667,-18396, 41.00 ,1
 0> <info> app: hr,668,-18391, 42.00 ,1
 0> <info> app: hr,669,-18402, 42.00 ,1
 0> <info> app: hr,670,-18385, 42.00 ,1
 0> <info> app: hr,671,-18390, 42.00 ,1
 0> <info> app: hr,672,-18374, 42.00 ,1
 0> <info> app: hr,673,-18377, 42.00 ,1
 0> <info> app: hr,674,-18379, 41.00 ,1
 0> <info> app: hr,675,-18378, 41.00 ,1
 0> <info> app: hr,676,-18383, 41.00 ,1
 0> <info> app: hr,677,-18391, 41.00 ,1
 0> <info> app: hr,678,-18389, 40.00 ,1
 0> <info> app: hr,679,-18388, 40.00 ,1
 0> <info> app: hr,680,-18399, 39.00 ,0
 0> <info> app: hr,681,-18387, 39.00 ,0
 0> <info> app: hr,682,-18393, 38.00 ,-1
 0> <info> app: hr,683,-18383, 38.00 ,-1
 0> <info> app: hr,684,-18381, 37.00 ,0
 0> <info> app: hr,685,-18384, 37.00 ,0
 0> <info> app: hr,686,-18383, 36.00 ,0
 0> <info> app: hr,687,-18374, 36.00 ,0
 0> <info> app: hr,688,-18380, 35.00 ,0
 0> <info> app: hr,689,-18389, 34.00 ,0
 0> <info> app: hr,690,-18393, 33.00 ,-1
 0> <info> app: hr,691,-18399, 33.00 ,0
 0> <info> app: hr,692,-18407, 32.00 ,0
 0> <info> app: hr,693,-18403, 31.00 ,0
 0> <info> app: hr,694,-18411, 30.00 ,-1
 0> <info> app: hr,695,-18426, 29.00 ,-1
 0> <info> app: hr,696,-18421, 29.00 ,0
 0> <info> app: hr,697,-18417, 28.00 ,0
 0> <info> app: hr,698,-18422, 29.00 ,0
 0> <info> app: hr,699,-18427, 28.00 ,0
 0> <info> app: hr,700,-18414, 28.00 ,0
 0> <info> app: hr,701,-18422, 28.00 ,0
 0> <info> app: hr,702,-18422, 27.00 ,0
 0> <info> app: hr,703,-18427, 27.00 ,0
 0> <info> app: hr,704,-18424, 27.00 ,0
 0> <info> app: hr,705,-18436, 27.00 ,0
 0> <info> app: hr,706,-18437, 27.00 ,0
 0> <info> app: hr,707,-18436, 27.00 ,0
 0> <info> app: hr,708,-18444, 27.00 ,0
 0> <info> app: hr,709,-18428, 26.00 ,-1
 0> <info> app: hr,710,-18437, 27.00 ,0
 0> <info> app: hr,711,-18443, 27.00 ,0
 0> <info> app: hr,712,-18433, 27.00 ,0
 0> <info> app: hr,713,-18427, 27.00 ,0
 0> <info> app: hr,714,-18434, 27.00 ,0
 0> <info> app: hr,715,-18434, 27.00 ,0
 0> <info> app: hr,716,-18422, 27.00 ,0
 0> <info> app: hr,717,-18440, 27.00 ,0
 0> <info> app: hr,718,-18444, 27.00 ,0
 0> <info> app: hr,719,-18437, 27.00 ,0
 0> <info> app: hr,720,-18465, 26.00 ,-1
 0> <info> app: hr,721,-18466, 26.00 ,-1
 0> <info> app: hr,722,-18460, 27.00 ,0
 0> <info> app: hr,723,-18463, 26.00 ,0
 0> <info> app: hr,724,-18462, 27.00 ,0
 0> <info> app: hr,725,-18463, 27.00 ,0
 0> <info> app: hr,726,-18454, 27.00 ,0
 0> <info> app: hr,727,-18456, 27.00 ,0
 0> <info> app: hr,728,-18452, 28.00 ,0
 0> <info> app: hr,729,-18437, 27.00 ,0
 0> <info> app: hr,730,-18446, 28.00 ,0
 0> <info> app: hr,731,-18446, 27.00 ,0
 0> <info> app: hr,732,-18438, 27.00 ,0
 0> <info> app: hr,733,-18464, 27.00 ,0
 0> <info> app: hr,734,-18448, 27.00 ,0
 0> <info> app: hr,735,-18448, 27.00 ,0
 0> <info> app: hr,736,-18442, 26.00 ,0
 0> <info> app: hr,737,-18448, 26.00 ,-1
 0> <info> app: hr,738,-18439, 26.00 ,0
 0> <info> app: hr,739,-18453, 25.00 ,0
 0> <info> app: hr,740,-18444, 25.00 ,0
 0> <info> app: hr,741,-18450, 24.00 ,-1
 0> <info> app: hr,742,-18460, 24.00 ,0
 0> <info> app: hr,743,-18452, 23.00 ,0
 0> <info> app: hr,744,-18442, 23.00 ,0
 0> <info> app: hr,745,-18445, 22.00 ,0
 0> <info> app: hr,746,-18436, 22.00 ,0
 0> <info> app: hr,747,-18451, 21.00 ,0
 0> <info> app: hr,748,-18448, 21.00 ,0
 0> <info> app: hr,749,-18456, 20.00 ,0
 0> <info> app: hr,750,-18465, 20.00 ,0
 0> <info> app: hr,751,-18457, 19.00 ,0
 0> <info> app: hr,752,-18452, 19.00 ,0
 0> <info> app: hr,753,-18471, 18.00 ,0
 0> <info> app: hr,754,-18458, 18.00 ,0
 0> <info> app: hr,755,-18477, 17.00 ,0
 0> <info> app: hr,756,-18490, 17.00 ,0
 0> <info> app: hr,757,-18478, 16.00 ,0
 0> <info> app: hr,758,-18495, 16.00 ,0
 0> <info> app: hr,759,-18493, 17.00 ,0
 0> <info> app: hr,760,-18505, 17.00 ,0
 0> <info> app: hr,761,-18491, 17.00 ,0
 0> <info> app: hr,762,-18482, 17.00 ,0
 0> <info> app: hr,763,-18480, 17.00 ,0
 0> <info> app: hr,764,-18486, 17.00 ,0
 0> <info> app: hr,765,-18486, 17.00 ,0
 0> <info> app: hr,766,-18494, 17.00 ,0
 0> <info> app: hr,767,-18493, 18.00 ,1
 0> <info> app: hr,768,-18484, 18.00 ,1
 0> <info> app: hr,769,-18481, 19.00 ,1
 0> <info> app: hr,770,-18476, 19.00 ,1
 0> <info> app: hr,771,-18469, 19.00 ,1
 0> <info> app: hr,772,-18462, 19.00 ,1
 0> <info> app: hr,773,-18467, 19.00 ,1
 0> <info> app: hr,774,-18450, 18.00 ,1
 0> <info> app: hr,775,-18449, 18.00 ,1
 0> <info> app: hr,776,-18450, 18.00 ,1
 0> <info> app: hr,777,-18450, 17.00 ,0
 0> <info> app: hr,778,-18446, 16.00 ,-1
 0> <info> app: hr,779,-18451, 16.00 ,-1
 0> <info> app: hr,780,-18440, 16.00 ,0
 0> <info> app: hr,781,-18436, 15.00 ,0
 0> <info> app: hr,782,-18438, 14.00 ,-1
 0> <info> app: hr,783,-18414, 12.00 ,-1
 0> <info> app: hr,784,-18393, 12.00 ,-1
 0> <info> app: hr,785,-18391, 10.00 ,-1
 0> <info> app: hr,786,-18403, 8.00 ,-1
 0> <info> app: hr,787,-18404, 7.00 ,-1
 0> <info> app: hr,788,-18415, 6.00 ,-1
 0> <info> app: hr,789,-18428, 4.00 ,-1
 0> <info> app: hr,790,-18427, 2.00 ,-1
 0> <info> app: hr,791,-18434, 1.00 ,-1
 0> <info> app: hr,792,-18432, 0.00 ,-1
 0> <info> app: hr,793,-18421, -1.00 ,-1
 0> <info> app: hr,794,-18410, -2.00 ,-1
 0> <info> app: hr,795,-18418, -4.00 ,-1
 0> <info> app: hr,796,-18410, -5.00 ,-1
 0> <info> app: hr,797,-18411, -6.00 ,-1
 0> <info> app: hr,798,-18422, -7.00 ,-1
 0> <info> app: hr,799,-18399, -9.00 ,-1
 0> <info> app: hr,800,-18421, -9.00 ,-1
 0> <info> app: hr,801,-18415, -11.00 ,-1
 0> <info> app: hr,802,-18415, -11.00 ,-1
 0> <info> app: hr,803,-18414, -13.00 ,-1
 0> <info> app: hr,804,-18414, -13.00 ,-1
 0> <info> app: hr,805,-18410, -14.00 ,-1
 0> <info> app: hr,806,-18425, -15.00 ,-1
 0> <info> app: hr,807,-18390, -16.00 ,-1
 0> <info> app: hr,808,-18401, -16.00 ,-1
 0> <info> app: hr,809,-18390, -17.00 ,-1
 0> <info> app: hr,810,-18394, -17.00 ,-1
 0> <info> app: hr,811,-18391, -18.00 ,-1
 0> <info> app: hr,812,-18392, -18.00 ,-1
 0> <info> app: hr,813,-18399, -19.00 ,-1
 0> <info> app: hr,814,-18395, -19.00 ,-1
 0> <info> app: hr,815,-18395, -20.00 ,-1
 0> <info> app: hr,816,-18393, -20.00 ,-1
 0> <info> app: hr,817,-18396, -21.00 ,-1
 0> <info> app: hr,818,-18408, -21.00 ,-1
 0> <info> app: hr,819,-18404, -22.00 ,-1
 0> <info> app: hr,820,-18393, -22.00 ,-1
 0> <info> app: hr,821,-18402, -22.00 ,-1
 0> <info> app: hr,822,-18416, -23.00 ,-1
 0> <info> app: hr,823,-18405, -23.00 ,-1
 0> <info> app: hr,824,-18409, -22.00 ,-1
 0> <info> app: hr,825,-18426, -22.00 ,-1
 0> <info> app: hr,826,-18415, -22.00 ,-1
 0> <info> app: hr,827,-18421, -22.00 ,-1
 0> <info> app: hr,828,-18417, -21.00 ,-1
 0> <info> app: hr,829,-18407, -21.00 ,-1
 0> <info> app: hr,830,-18411, -21.00 ,-1
 0> <info> app: hr,831,-18433, -20.00 ,-1
 0> <info> app: hr,832,-18423, -19.00 ,-1
 0> <info> app: hr,833,-18416, -19.00 ,-1
 0> <info> app: hr,834,-18417, -18.00 ,-1
 0> <info> app: hr,835,-18417, -17.00 ,-1
 0> <info> app: hr,836,-18426, -16.00 ,-1
 0> <info> app: hr,837,-18396, -15.00 ,-1
 0> <info> app: hr,838,-18404, -14.00 ,-1
 0> <info> app: hr,839,-18409, -14.00 ,-1
 0> <info> app: hr,840,-18413, -14.00 ,-1
 0> <info> app: hr,841,-18415, -13.00 ,-1
 0> <info> app: hr,842,-18432, -13.00 ,-1
 0> <info> app: hr,843,-18406, -11.00 ,-1
 0> <info> app: hr,844,-18438, -10.00 ,-1
 0> <info> app: hr,845,-18422, -10.00 ,-1
 0> <info> app: hr,846,-18422, -9.00 ,-1
 0> <info> app: hr,847,-18413, -9.00 ,-1
 0> <info> app: hr,848,-18431, -7.00 ,-1
 0> <info> app: hr,849,-18421, -7.00 ,-1
 0> <info> app: hr,850,-18408, -7.00 ,-1
 0> <info> app: hr,851,-18416, -6.00 ,-1
 0> <info> app: hr,852,-18427, -5.00 ,-1
 0> <info> app: hr,853,-18433, -5.00 ,-1
 0> <info> app: hr,854,-18428, -3.00 ,-1
 0> <info> app: hr,855,-18427, -3.00 ,-1
 0> <info> app: hr,856,-18430, -3.00 ,-1
 0> <info> app: hr,857,-18414, -2.00 ,-1
 0> <info> app: hr,858,-18428, -2.00 ,-1
 0> <info> app: hr,859,-18427, -1.00 ,0
 0> <info> app: hr,860,-18430, -1.00 ,-1
 0> <info> app: hr,861,-18435, 0.00 ,0
 0> <info> app: hr,862,-18434, 1.00 ,0
 0> <info> app: hr,863,-18411, 0.00 ,0
 0> <info> app: hr,864,-18433, 1.00 ,0
 0> <info> app: hr,865,-18441, 1.00 ,0
 0> <info> app: hr,866,-18429, 2.00 ,0
 0> <info> app: hr,867,-18422, 2.00 ,0
 0> <info> app: hr,868,-18417, 3.00 ,1
 0> <info> app: hr,869,-18426, 3.00 ,0
 0> <info> app: hr,870,-18440, 4.00 ,1
 0> <info> app: hr,871,-18415, 3.00 ,0
 0> <info> app: hr,872,-18411, 4.00 ,0
 0> <info> app: hr,873,-18401, 4.00 ,0
 0> <info> app: hr,874,-18406, 5.00 ,1
 0> <info> app: hr,875,-18421, 5.00 ,0
 0> <info> app: hr,876,-18412, 4.00 ,0
 0> <info> app: hr,877,-18415, 4.00 ,0
 0> <info> app: hr,878,-18403, 4.00 ,0
 0> <info> app: hr,879,-18389, 4.00 ,0
 0> <info> app: hr,880,-18395, 3.00 ,0
 0> <info> app: hr,881,-18393, 3.00 ,0
 0> <info> app: hr,882,-18401, 3.00 ,0
 0> <info> app: hr,883,-18400, 3.00 ,0
 0> <info> app: hr,884,-18405, 2.00 ,0
 0> <info> app: hr,885,-18418, 2.00 ,0
 0> <info> app: hr,886,-18410, 0.00 ,-1
 0> <info> app: hr,887,-18420, 0.00 ,-1
 0> <info> app: hr,888,-18403, 0.00 ,0
 0> <info> app: hr,889,-18401, 0.00 ,0
 0> <info> app: hr,890,-18414, 0.00 ,0
 0> <info> app: hr,891,-18410, 0.00 ,0
 0> <info> app: hr,892,-18408, -1.00 ,0
 0> <info> app: hr,893,-18413, -1.00 ,-1
 0> <info> app: hr,894,-18419, -1.00 ,0
 0> <info> app: hr,895,-18415, -1.00 ,0
 0> <info> app: hr,896,-18410, -1.00 ,0
 0> <info> app: hr,897,-18399, -1.00 ,0
 0> <info> app: hr,898,-18433, -2.00 ,0
 0> <info> app: hr,899,-18412, -2.00 ,0
 0> <info> app: hr,900,-18432, -2.00 ,0
 0> <info> app: hr,901,-18413, -2.00 ,0
 0> <info> app: hr,902,-18401, -2.00 ,0
 0> <info> app: hr,903,-18413, -2.00 ,0
 0> <info> app: hr,904,-18401, -2.00 ,0
 0> <info> app: hr,905,-18418, -2.00 ,0
 0> <info> app: hr,906,-18403, -2.00 ,0
 0> <info> app: hr,907,-18414, -2.00 ,0
 0> <info> app: hr,908,-18408, -2.00 ,0
 0> <info> app: hr,909,-18426, -2.00 ,0
 0> <info> app: hr,910,-18408, -3.00 ,-1
 0> <info> app: hr,911,-18406, -3.00 ,-1
 0> <info> app: hr,912,-18401, -2.00 ,0
 0> <info> app: hr,913,-18407, -2.00 ,0
 0> <info> app: hr,914,-18405, -2.00 ,0
 0> <info> app: hr,915,-18404, -2.00 ,0
 0> <info> app: hr,916,-18408, -3.00 ,0
 0> <info> app: hr,917,-18419, -3.00 ,0
 0> <info> app: hr,918,-18412, -3.00 ,0
 0> <info> app: hr,919,-18427, -2.00 ,0
 0> <info> app: hr,920,-18414, -2.00 ,0
 0> <info> app: hr,921,-18418, -2.00 ,0
 0> <info> app: hr,922,-18406, -2.00 ,0
 0> <info> app: hr,923,-18406, -2.00 ,0
 0> <info> app: hr,924,-18412, -2.00 ,0
 0> <info> app: hr,925,-18399, -2.00 ,0
 0> <info> app: hr,926,-18406, -2.00 ,0
 0> <info> app: hr,927,-18415, -2.00 ,0
 0> <info> app: hr,928,-18410, -2.00 ,0
 0> <info> app: hr,929,-18425, -2.00 ,0
 0> <info> app: hr,930,-18397, -2.00 ,0
 0> <info> app: hr,931,-18413, -2.00 ,0
 0> <info> app: hr,932,-18395, -2.00 ,0
 0> <info> app: hr,933,-18396, -2.00 ,0
 0> <info> app: hr,934,-18403, -2.00 ,0
 0> <info> app: hr,935,-18405, -1.00 ,1
 0> <info> app: hr,936,-18405, -1.00 ,1
 0> <info> app: hr,937,-18376, -2.00 ,0
 0> <info> app: hr,938,-18411, -2.00 ,0
 0> <info> app: hr,939,-18402, -2.00 ,0
 0> <info> app: hr,940,-18404, -2.00 ,0
 0> <info> app: hr,941,-18408, -3.00 ,0
 0> <info> app: hr,942,-18399, -3.00 ,0
 0> <info> app: hr,943,-18412, -2.00 ,0
 0> <info> app: hr,944,-18400, -2.00 ,0
 0> <info> app: hr,945,-18409, -3.00 ,0
 0> <info> app: hr,946,-18417, -3.00 ,0
 0> <info> app: hr,947,-18416, -3.00 ,0
 0> <info> app: hr,948,-18429, -3.00 ,0
 0> <info> app: hr,949,-18408, -2.00 ,0
 0> <info> app: hr,950,-18415, -2.00 ,0
 0> <info> app: hr,951,-18419, -2.00 ,0
 0> <info> app: hr,952,-18415, -2.00 ,0
 0> <info> app: hr,953,-18408, -2.00 ,0
 0> <info> app: hr,954,-18421, -2.00 ,0
 0> <info> app: hr,955,-18433, -2.00 ,0
 0> <info> app: hr,956,-18432, -2.00 ,0
 0> <info> app: hr,957,-18449, 0.00 ,1
 0> <info> app: hr,958,-18433, 0.00 ,1
 0> <info> app: hr,959,-18451, 0.00 ,0
 0> <info> app: hr,960,-18421, 0.00 ,0
 0> <info> app: hr,961,-18432, 1.00 ,0
 0> <info> app: hr,962,-18432, 1.00 ,0
 0> <info> app: hr,963,-18424, 2.00 ,0
 0> <info> app: hr,964,-18432, 2.00 ,0
 0> <info> app: hr,965,-18435, 2.00 ,0
 0> <info> app: hr,966,-18438, 3.00 ,0
 0> <info> app: hr,967,-18437, 4.00 ,1
 0> <info> app: hr,968,-18418, 4.00 ,1
 0> <info> app: hr,969,-18416, 5.00 ,1
 0> <info> app: hr,970,-18421, 5.00 ,1
 0> <info> app: hr,971,-18415, 5.00 ,1
 0> <info> app: hr,972,-18415, 6.00 ,1
 0> <info> app: hr,973,-18421, 5.00 ,1
 0> <info> app: hr,974,-18415, 6.00 ,1
 0> <info> app: hr,975,-18413, 6.00 ,1
 0> <info> app: hr,976,-18429, 6.00 ,1
 0> <info> app: hr,977,-18412, 6.00 ,1
 0> <info> app: hr,978,-18415, 6.00 ,1
 0> <info> app: hr,979,-18418, 5.00 ,1
 0> <info> app: hr,980,-18426, 6.00 ,1
 0> <info> app: hr,981,-18425, 6.00 ,1
 0> <info> app: hr,982,-18445, 6.00 ,1
 0> <info> app: hr,983,-18430, 5.00 ,1
 0> <info> app: hr,984,-18448, 6.00 ,1
 0> <info> app: hr,985,-18451, 6.00 ,1
 0> <info> app: hr,986,-18430, 6.00 ,1
 0> <info> app: hr,987,-18434, 6.00 ,1
 0> <info> app: hr,988,-18436, 7.00 ,1
 0> <info> app: hr,989,-18424, 6.00 ,1
 0> <info> app: hr,990,-18437, 6.00 ,1
 0> <info> app: hr,991,-18432, 7.00 ,1
 0> <info> app: hr,992,-18437, 6.00 ,1
 0> <info> app: hr,993,-18430, 7.00 ,1
 0> <info> app: hr,994,-18422, 7.00 ,1
 0> <info> app: hr,995,-18421, 7.00 ,1
 0> <info> app: hr,996,-18430, 7.00 ,1
 0> <info> app: hr,997,-18434, 6.00 ,1
 0> <info> app: hr,998,-18421, 6.00 ,1
 0> <info> app: hr,999,-18427, 7.00 ,1
 0> <info> app: hr,1000,-18416, 6.00 ,1
 0> <info> app: hr,1001,-18425, 6.00 ,1
 0> <info> app: hr,1002,-18404, 6.00 ,1
 0> <info> app: hr,1003,-18406, 5.00 ,1
 0> <info> app: hr,1004,-18415, 5.00 ,1
 0> <info> app: hr,1005,-18388, 5.00 ,1
 0> <info> app: hr,1006,-18398, 5.00 ,1
 0> <info> app: hr,1007,-18374, 4.00 ,0
 0> <info> app: hr,1008,-18377, 3.00 ,-1
 0> <info> app: hr,1009,-18381, 3.00 ,-1
 0> <info> app: hr,1010,-18383, 2.00 ,0
 0> <info> app: hr,1011,-18386, 1.00 ,0
 0> <info> app: hr,1012,-18381, 0.00 ,-1
 0> <info> app: hr,1013,-18382, 0.00 ,0
 0> <info> app: hr,1014,-18386, -1.00 ,0
 0> <info> app: hr,1015,-18367, -2.00 ,-1
 0> <info> app: hr,1016,-18356, -3.00 ,-1
 0> <info> app: [OK]	HR has been calculated 39
 0> <info> app: BATT Reading...
 0> <info> app: Raw 866,SOC 66,BattFullDetect 0, 383V
 0> <info> app: Save 1536355602, 6159, 4298, -16003,
 0> <info> app: [OK]	HR Background stop
 0> <info> app: ^
 0> <info> app: HR A
 0> <info> app: HR C
 0> <info> app: HR D
 0> <info> app: Show HR Result

# Logging stopped @ 27 Nov 2018 14:18:00
