# SEGGER J-Link RTT Viewer V6.16a Terminal Log File
# Compiled: 12:44:10 on Jun  6 2017
# Logging started @ 27 Nov 2018 14:26:23
 0> <info> app: BATT Reading...
 0> <info> app: Raw 866,SOC 66,BattFullDetect 0, 383V
 0> <info> app: Save 1536356010, 5082, -2590, -16798,
 0> <info> app: Right Press
 0> <info> app: Right Press
 0> <info> app: Right Press
 0> <info> app: Right Press
 0> <info> app: Right Press
 0> <info> app: BATT Reading...
 0> <info> app: Raw 865,SOC 65,BattFullDetect 0, 383V
 0> <info> app: Save 1536356020, 2926, -2722, -17478,
 0> <info> app: [OK]	Max30102 Already and background working is begin
 0> 
 0> <info> app: BATT Reading...
 0> <info> app: Raw 866,SOC 66,BattFullDetect 0, 383V
 0> <info> app: Save 1536356030, 2592, -3348, -17055,
 0> <info> app: [OK]	HR sample count 1017
 0> 
 0> Plus Signal 1, 99
 0> Minus Signal -1, 137
 0> plus_index 99, minus_index 137, Peak Index, 128,, AVR Peak Index, 128, HR 0, Reject out of 30-180.
 0> Plus Signal 1, 194
 0> Minus Signal -1, 229
 0> plus_index 194, minus_index 229, Peak Index, 211,213,214,215,216,217,218,, AVR Peak Index, 214, HR 69
 0> Plus Signal 1, 272
 0> Minus Signal -1, 318
 0> plus_index 272, minus_index 318, Peak Index, 311,313,, AVR Peak Index, 312, HR 61
 0> Plus Signal 1, 360
 0> Minus Signal -1, 407
 0> plus_index 360, minus_index 407, Peak Index, 393,394,395,398,, AVR Peak Index, 395, HR 72
 0> Plus Signal 1, 441
 0> Minus Signal -1, 485
 0> plus_index 441, minus_index 485, Peak Index, 469,470,471,472,473,474,475,476,, AVR Peak Index, 472, HR 77
 0> Plus Signal 1, 560
 0> Minus Signal -1, 594
 0> plus_index 560, minus_index 594, Peak Index, 582,, AVR Peak Index, 582, HR 54
 0> Plus Signal 1, 648
 0> Minus Signal -1, 696
 0> plus_index 648, minus_index 696, Peak Index, 683,685,686,687,689,690,691,, AVR Peak Index, 687, HR 57
 0> Plus Signal 1, 736
 0> Minus Signal -1, 782
 0> plus_index 736, minus_index 782, Peak Index, 770,772,774,779,, AVR Peak Index, 774, HR 68
 0> Plus Signal 1, 834
 0> Minus Signal -1, 883
 0> plus_index 834, minus_index 883, Peak Index, 865,866,867,869,871,874,, AVR Peak Index, 869, HR 63
 0> Plus Signal 1, 926<info> app: HR>>>
 0> 54,57,61,63,68,69,72,77, sum div 23, 3<info> app: HR final>>>
 0> 54,57,61,63,68,69,72,<info> app: 
 0> HR  >>> 63
 0> <info> app: hr,50,-13360, -18.00 ,0
 0> <info> app: hr,51,-13361, -18.00 ,0
 0> <info> app: hr,52,-13363, -18.00 ,0
 0> <info> app: hr,53,-13356, -18.00 ,0
 0> <info> app: hr,54,-13360, -18.00 ,0
 0> <info> app: hr,55,-13350, -18.00 ,0
 0> <info> app: hr,56,-13366, -18.00 ,0
 0> <info> app: hr,57,-13355, -17.00 ,1
 0> <info> app: hr,58,-13371, -17.00 ,1
 0> <info> app: hr,59,-13369, -18.00 ,0
 0> <info> app: hr,60,-13367, -17.00 ,0
 0> <info> app: hr,61,-13365, -17.00 ,0
 0> <info> app: hr,62,-13357, -16.00 ,0
 0> <info> app: hr,63,-13369, -15.00 ,0
 0> <info> app: hr,64,-13358, -15.00 ,0
 0> <info> app: hr,65,-13369, -15.00 ,0
 0> <info> app: hr,66,-13362, -14.00 ,0
 0> <info> app: hr,67,-13360, -13.00 ,0
 0> <info> app: hr,68,-13359, -12.00 ,1
 0> <info> app: hr,69,-13358, -13.00 ,0
 0> <info> app: hr,70,-13368, -12.00 ,0
 0> <info> app: hr,71,-13359, -11.00 ,0
 0> <info> app: hr,72,-13353, -11.00 ,0
 0> <info> app: hr,73,-13358, -10.00 ,0
 0> <info> app: hr,74,-13369, -10.00 ,0
 0> <info> app: hr,75,-13357, -9.00 ,0
 0> <info> app: hr,76,-13353, -9.00 ,0
 0> <info> app: hr,77,-13357, -8.00 ,0
 0> <info> app: hr,78,-13359, -8.00 ,0
 0> <info> app: hr,79,-13360, -7.00 ,0
 0> <info> app: hr,80,-13343, -7.00 ,0
 0> <info> app: hr,81,-13359, -7.00 ,0
 0> <info> app: hr,82,-13355, -6.00 ,0
 0> <info> app: hr,83,-13357, -6.00 ,0
 0> <info> app: hr,84,-13351, -6.00 ,0
 0> <info> app: hr,85,-13372, -5.00 ,0
 0> <info> app: hr,86,-13353, -5.00 ,0
 0> <info> app: hr,87,-13351, -5.00 ,0
 0> <info> app: hr,88,-13355, -4.00 ,0
 0> <info> app: hr,89,-13356, -4.00 ,0
 0> <info> app: hr,90,-13367, -4.00 ,0
 0> <info> app: hr,91,-13354, -4.00 ,0
 0> <info> app: hr,92,-13346, -4.00 ,0
 0> <info> app: hr,93,-13346, -3.00 ,0
 0> <info> app: hr,94,-13352, -3.00 ,1
 0> <info> app: hr,95,-13355, -3.00 ,0
 0> <info> app: hr,96,-13344, -3.00 ,0
 0> <info> app: hr,97,-13337, -3.00 ,0
 0> <info> app: hr,98,-13338, -3.00 ,0
 0> <info> app: hr,99,-13354, -3.00 ,0
 0> <info> app: hr,100,-13339, -3.00 ,0
 0> <info> app: hr,101,-13341, -3.00 ,0
 0> <info> app: hr,102,-13345, -4.00 ,-1
 0> <info> app: hr,103,-13336, -4.00 ,-1
 0> <info> app: hr,104,-13335, -3.00 ,0
 0> <info> app: hr,105,-13328, -4.00 ,0
 0> <info> app: hr,106,-13349, -4.00 ,0
 0> <info> app: hr,107,-13340, -4.00 ,0
 0> <info> app: hr,108,-13345, -4.00 ,0
 0> <info> app: hr,109,-13340, -4.00 ,0
 0> <info> app: hr,110,-13337, -5.00 ,0
 0> <info> app: hr,111,-13343, -5.00 ,-1
 0> <info> app: hr,112,-13327, -5.00 ,0
 0> <info> app: hr,113,-13341, -5.00 ,0
 0> <info> app: hr,114,-13338, -6.00 ,0
 0> <info> app: hr,115,-13330, -6.00 ,0
 0> <info> app: hr,116,-13335, -6.00 ,0
 0> <info> app: hr,117,-13325, -6.00 ,0
 0> <info> app: hr,118,-13333, -7.00 ,0
 0> <info> app: hr,119,-13324, -6.00 ,0
 0> <info> app: hr,120,-13331, -7.00 ,0
 0> <info> app: hr,121,-13325, -8.00 ,0
 0> <info> app: hr,122,-13332, -7.00 ,0
 0> <info> app: hr,123,-13328, -8.00 ,0
 0> <info> app: hr,124,-13310, -8.00 ,0
 0> <info> app: hr,125,-13322, -8.00 ,0
 0> <info> app: hr,126,-13333, -8.00 ,0
 0> <info> app: hr,127,-13311, -9.00 ,0
 0> <info> app: hr,128,-13310, -10.00 ,-1
 0> <info> app: hr,129,-13314, -9.00 ,0
 0> <info> app: hr,130,-13316, -10.00 ,0
 0> <info> app: hr,131,-13316, -10.00 ,0
 0> <info> app: hr,132,-13327, -11.00 ,0
 0> <info> app: hr,133,-13314, -11.00 ,0
 0> <info> app: hr,134,-13336, -11.00 ,0
 0> <info> app: hr,135,-13320, -12.00 ,0
 0> <info> app: hr,136,-13328, -11.00 ,0
 0> <info> app: hr,137,-13329, -12.00 ,0
 0> <info> app: hr,138,-13329, -12.00 ,0
 0> <info> app: hr,139,-13344, -11.00 ,0
 0> <info> app: hr,140,-13332, -12.00 ,0
 0> <info> app: hr,141,-13346, -11.00 ,0
 0> <info> app: hr,142,-13346, -12.00 ,0
 0> <info> app: hr,143,-13342, -11.00 ,0
 0> <info> app: hr,144,-13348, -10.00 ,0
 0> <info> app: hr,145,-13347, -10.00 ,0
 0> <info> app: hr,146,-13344, -10.00 ,0
 0> <info> app: hr,147,-13347, -10.00 ,0
 0> <info> app: hr,148,-13352, -8.00 ,0
 0> <info> app: hr,149,-13353, -8.00 ,1
 0> <info> app: hr,150,-13339, -7.00 ,0
 0> <info> app: hr,151,-13349, -7.00 ,0
 0> <info> app: hr,152,-13344, -7.00 ,0
 0> <info> app: hr,153,-13365, -5.00 ,0
 0> <info> app: hr,154,-13356, -5.00 ,0
 0> <info> app: hr,155,-13364, -4.00 ,0
 0> <info> app: hr,156,-13362, -4.00 ,0
 0> <info> app: hr,157,-13356, -2.00 ,0
 0> <info> app: hr,158,-13352, -2.00 ,1
 0> <info> app: hr,159,-13353, -1.00 ,1
 0> <info> app: hr,160,-13331, 0.00 ,0
 0> <info> app: hr,161,-13349, 0.00 ,0
 0> <info> app: hr,162,-13353, 0.00 ,0
 0> <info> app: hr,163,-13348, 0.00 ,0
 0> <info> app: hr,164,-13342, 1.00 ,0
 0> <info> app: hr,165,-13348, 2.00 ,0
 0> <info> app: hr,166,-13342, 2.00 ,0
 0> <info> app: hr,167,-13340, 3.00 ,0
 0> <info> app: hr,168,-13340, 3.00 ,0
 0> <info> app: hr,169,-13354, 3.00 ,0
 0> <info> app: hr,170,-13336, 3.00 ,0
 0> <info> app: hr,171,-13342, 3.00 ,0
 0> <info> app: hr,172,-13341, 4.00 ,0
 0> <info> app: hr,173,-13338, 4.00 ,1
 0> <info> app: hr,174,-13352, 3.00 ,0
 0> <info> app: hr,175,-13348, 4.00 ,0
 0> <info> app: hr,176,-13349, 4.00 ,0
 0> <info> app: hr,177,-13343, 4.00 ,0
 0> <info> app: hr,178,-13345, 5.00 ,0
 0> <info> app: hr,179,-13338, 4.00 ,0
 0> <info> app: hr,180,-13341, 4.00 ,0
 0> <info> app: hr,181,-13344, 4.00 ,0
 0> <info> app: hr,182,-13351, 4.00 ,0
 0> <info> app: hr,183,-13331, 4.00 ,0
 0> <info> app: hr,184,-13362, 4.00 ,0
 0> <info> app: hr,185,-13328, 4.00 ,0
 0> <info> app: hr,186,-13348, 4.00 ,0
 0> <info> app: hr,187,-13335, 3.00 ,-1
 0> <info> app: hr,188,-13339, 3.00 ,-1
 0> <info> app: hr,189,-13348, 3.00 ,0
 0> <info> app: hr,190,-13336, 3.00 ,0
 0> <info> app: hr,191,-13336, 3.00 ,0
 0> <info> app: hr,192,-13335, 3.00 ,0
 0> <info> app: hr,193,-13337, 2.00 ,0
 0> <info> app: hr,194,-13344, 2.00 ,0
 0> <info> app: hr,195,-13316, 2.00 ,0
 0> <info> app: hr,196,-13328, 2.00 ,0
 0> <info> app: hr,197,-13333, 2.00 ,0
 0> <info> app: hr,198,-13326, 1.00 ,0
 0> <info> app: hr,199,-13323, 1.00 ,-1
 0> <info> app: hr,200,-13322, 1.00 ,0
 0> <info> app: hr,201,-13308, 0.00 ,0
 0> <info> app: hr,202,-13327, 0.00 ,0
 0> <info> app: hr,203,-13315, 0.00 ,0
 0> <info> app: hr,204,-13321, 0.00 ,0
 0> <info> app: hr,205,-13316, -1.00 ,0
 0> <info> app: hr,206,-13315, -2.00 ,-1
 0> <info> app: hr,207,-13322, -2.00 ,0
 0> <info> app: hr,208,-13318, -3.00 ,-1
 0> <info> app: hr,209,-13309, -4.00 ,-1
 0> <info> app: hr,210,-13306, -4.00 ,-1
 0> <info> app: hr,211,-13305, -4.00 ,-1
 0> <info> app: hr,212,-13323, -5.00 ,-1
 0> <info> app: hr,213,-13323, -6.00 ,-1
 0> <info> app: hr,214,-13321, -7.00 ,-1
 0> <info> app: hr,215,-13317, -6.00 ,-1
 0> <info> app: hr,216,-13323, -7.00 ,-1
 0> <info> app: hr,217,-13333, -7.00 ,-1
 0> <info> app: hr,218,-13340, -8.00 ,-1
 0> <info> app: hr,219,-13334, -8.00 ,-1
 0> <info> app: hr,220,-13348, -8.00 ,-1
 0> <info> app: hr,221,-13335, -8.00 ,-1
 0> <info> app: hr,222,-13336, -8.00 ,-1
 0> <info> app: hr,223,-13342, -8.00 ,-1
 0> <info> app: hr,224,-13341, -8.00 ,-1
 0> <info> app: hr,225,-13355, -7.00 ,-1
 0> <info> app: hr,226,-13334, -7.00 ,-1
 0> <info> app: hr,227,-13347, -6.00 ,-1
 0> <info> app: hr,228,-13350, -6.00 ,-1
 0> <info> app: hr,229,-13353, -6.00 ,-1
 0> <info> app: hr,230,-13347, -5.00 ,-1
 0> <info> app: hr,231,-13334, -5.00 ,-1
 0> <info> app: hr,232,-13344, -4.00 ,-1
 0> <info> app: hr,233,-13347, -4.00 ,-1
 0> <info> app: hr,234,-13352, -3.00 ,-1
 0> <info> app: hr,235,-13348, -2.00 ,-1
 0> <info> app: hr,236,-13366, -2.00 ,-1
 0> <info> app: hr,237,-13344, -1.00 ,0
 0> <info> app: hr,238,-13357, -1.00 ,0
 0> <info> app: hr,239,-13347, 0.00 ,0
 0> <info> app: hr,240,-13330, 0.00 ,0
 0> <info> app: hr,241,-13361, 0.00 ,0
 0> <info> app: hr,242,-13351, 0.00 ,0
 0> <info> app: hr,243,-13351, 1.00 ,0
 0> <info> app: hr,244,-13358, 2.00 ,1
 0> <info> app: hr,245,-13356, 2.00 ,0
 0> <info> app: hr,246,-13367, 3.00 ,1
 0> <info> app: hr,247,-13371, 4.00 ,1
 0> <info> app: hr,248,-13352, 3.00 ,0
 0> <info> app: hr,249,-13352, 4.00 ,1
 0> <info> app: hr,250,-13357, 5.00 ,1
 0> <info> app: hr,251,-13361, 6.00 ,1
 0> <info> app: hr,252,-13352, 6.00 ,1
 0> <info> app: hr,253,-13353, 6.00 ,1
 0> <info> app: hr,254,-13357, 7.00 ,1
 0> <info> app: hr,255,-13346, 7.00 ,1
 0> <info> app: hr,256,-13363, 7.00 ,1
 0> <info> app: hr,257,-13343, 8.00 ,1
 0> <info> app: hr,258,-13352, 8.00 ,1
 0> <info> app: hr,259,-13366, 8.00 ,1
 0> <info> app: hr,260,-13361, 8.00 ,1
 0> <info> app: hr,261,-13351, 9.00 ,1
 0> <info> app: hr,262,-13359, 8.00 ,1
 0> <info> app: hr,263,-13340, 9.00 ,1
 0> <info> app: hr,264,-13350, 9.00 ,1
 0> <info> app: hr,265,-13357, 9.00 ,1
 0> <info> app: hr,266,-13346, 9.00 ,1
 0> <info> app: hr,267,-13344, 9.00 ,1
 0> <info> app: hr,268,-13337, 9.00 ,1
 0> <info> app: hr,269,-13360, 8.00 ,1
 0> <info> app: hr,270,-13346, 8.00 ,1
 0> <info> app: hr,271,-13346, 8.00 ,1
 0> <info> app: hr,272,-13347, 8.00 ,1
 0> <info> app: hr,273,-13345, 7.00 ,1
 0> <info> app: hr,274,-13363, 7.00 ,1
 0> <info> app: hr,275,-13334, 7.00 ,1
 0> <info> app: hr,276,-13332, 6.00 ,0
 0> <info> app: hr,277,-13346, 6.00 ,0
 0> <info> app: hr,278,-13333, 6.00 ,0
 0> <info> app: hr,279,-13345, 5.00 ,-1
 0> <info> app: hr,280,-13333, 5.00 ,-1
 0> <info> app: hr,281,-13341, 5.00 ,0
 0> <info> app: hr,282,-13344, 5.00 ,0
 0> <info> app: hr,283,-13339, 4.00 ,0
 0> <info> app: hr,284,-13327, 3.00 ,-1
 0> <info> app: hr,285,-13338, 3.00 ,0
 0> <info> app: hr,286,-13322, 3.00 ,0
 0> <info> app: hr,287,-13332, 2.00 ,0
 0> <info> app: hr,288,-13330, 1.00 ,0
 0> <info> app: hr,289,-13321, 0.00 ,-1
 0> <info> app: hr,290,-13329, 0.00 ,0
 0> <info> app: hr,291,-13317, 0.00 ,0
 0> <info> app: hr,292,-13341, 0.00 ,0
 0> <info> app: hr,293,-13325, -1.00 ,0
 0> <info> app: hr,294,-13316, -2.00 ,-1
 0> <info> app: hr,295,-13323, -2.00 ,0
 0> <info> app: hr,296,-13326, -2.00 ,-1
 0> <info> app: hr,297,-13322, -3.00 ,0
 0> <info> app: hr,298,-13315, -4.00 ,-1
 0> <info> app: hr,299,-13325, -4.00 ,0
 0> <info> app: hr,300,-13308, -5.00 ,0
 0> <info> app: hr,301,-13317, -5.00 ,0
 0> <info> app: hr,302,-13305, -6.00 ,0
 0> <info> app: hr,303,-13326, -7.00 ,0
 0> <info> app: hr,304,-13320, -7.00 ,0
 0> <info> app: hr,305,-13302, -8.00 ,0
 0> <info> app: hr,306,-13321, -8.00 ,0
 0> <info> app: hr,307,-13300, -8.00 ,0
 0> <info> app: hr,308,-13307, -9.00 ,0
 0> <info> app: hr,309,-13321, -9.00 ,0
 0> <info> app: hr,310,-13317, -10.00 ,-1
 0> <info> app: hr,311,-13342, -10.00 ,0
 0> <info> app: hr,312,-13335, -11.00 ,0
 0> <info> app: hr,313,-13338, -11.00 ,0
 0> <info> app: hr,314,-13337, -11.00 ,0
 0> <info> app: hr,315,-13335, -11.00 ,0
 0> <info> app: hr,316,-13340, -10.00 ,0
 0> <info> app: hr,317,-13349, -11.00 ,0
 0> <info> app: hr,318,-13354, -10.00 ,0
 0> <info> app: hr,319,-13333, -10.00 ,0
 0> <info> app: hr,320,-13348, -9.00 ,0
 0> <info> app: hr,321,-13341, -9.00 ,0
 0> <info> app: hr,322,-13349, -8.00 ,1
 0> <info> app: hr,323,-13342, -8.00 ,0
 0> <info> app: hr,324,-13347, -7.00 ,0
 0> <info> app: hr,325,-13348, -7.00 ,0
 0> <info> app: hr,326,-13358, -7.00 ,0
 0> <info> app: hr,327,-13359, -5.00 ,0
 0> <info> app: hr,328,-13327, -5.00 ,0
 0> <info> app: hr,329,-13359, -4.00 ,0
 0> <info> app: hr,330,-13363, -4.00 ,0
 0> <info> app: hr,331,-13348, -2.00 ,0
 0> <info> app: hr,332,-13348, -2.00 ,1
 0> <info> app: hr,333,-13353, -1.00 ,1
 0> <info> app: hr,334,-13361, -1.00 ,0
 0> <info> app: hr,335,-13350, 0.00 ,0
 0> <info> app: hr,336,-13349, 0.00 ,0
 0> <info> app: hr,337,-13355, 1.00 ,0
 0> <info> app: hr,338,-13361, 1.00 ,0
 0> <info> app: hr,339,-13351, 2.00 ,0
 0> <info> app: hr,340,-13361, 3.00 ,0
 0> <info> app: hr,341,-13355, 4.00 ,1
 0> <info> app: hr,342,-13366, 3.00 ,0
 0> <info> app: hr,343,-13344, 4.00 ,0
 0> <info> app: hr,344,-13357, 5.00 ,0
 0> <info> app: hr,345,-13354, 6.00 ,1
 0> <info> app: hr,346,-13356, 5.00 ,0
 0> <info> app: hr,347,-13361, 6.00 ,0
 0> <info> app: hr,348,-13350, 7.00 ,0
 0> <info> app: hr,349,-13356, 7.00 ,1
 0> <info> app: hr,350,-13373, 7.00 ,0
 0> <info> app: hr,351,-13355, 8.00 ,0
 0> <info> app: hr,352,-13358, 8.00 ,0
 0> <info> app: hr,353,-13355, 9.00 ,1
 0> <info> app: hr,354,-13351, 8.00 ,0
 0> <info> app: hr,355,-13360, 9.00 ,0
 0> <info> app: hr,356,-13358, 9.00 ,0
 0> <info> app: hr,357,-13364, 9.00 ,0
 0> <info> app: hr,358,-13364, 9.00 ,0
 0> <info> app: hr,359,-13350, 9.00 ,0
 0> <info> app: hr,360,-13352, 9.00 ,0
 0> <info> app: hr,361,-13348, 10.00 ,1
 0> <info> app: hr,362,-13358, 9.00 ,0
 0> <info> app: hr,363,-13357, 10.00 ,1
 0> <info> app: hr,364,-13352, 9.00 ,0
 0> <info> app: hr,365,-13366, 9.00 ,0
 0> <info> app: hr,366,-13336, 9.00 ,0
 0> <info> app: hr,367,-13355, 9.00 ,0
 0> <info> app: hr,368,-13352, 8.00 ,-1
 0> <info> app: hr,369,-13343, 9.00 ,0
 0> <info> app: hr,370,-13333, 9.00 ,0
 0> <info> app: hr,371,-13345, 8.00 ,0
 0> <info> app: hr,372,-13348, 8.00 ,0
 0> <info> app: hr,373,-13356, 7.00 ,0
 0> <info> app: hr,374,-13364, 7.00 ,0
 0> <info> app: hr,375,-13338, 7.00 ,0
 0> <info> app: hr,376,-13341, 6.00 ,0
 0> <info> app: hr,377,-13335, 6.00 ,0
 0> <info> app: hr,378,-13335, 6.00 ,0
 0> <info> app: hr,379,-13340, 5.00 ,0
 0> <info> app: hr,380,-13329, 5.00 ,0
 0> <info> app: hr,381,-13336, 4.00 ,-1
 0> <info> app: hr,382,-13330, 3.00 ,-1
 0> <info> app: hr,383,-13335, 2.00 ,-1
 0> <info> app: hr,384,-13338, 2.00 ,0
 0> <info> app: hr,385,-13349, 2.00 ,0
 0> <info> app: hr,386,-13335, 1.00 ,0
 0> <info> app: hr,387,-13330, 1.00 ,0
 0> <info> app: hr,388,-13331, 0.00 ,-1
 0> <info> app: hr,389,-13323, 0.00 ,0
 0> <info> app: hr,390,-13327, 0.00 ,0
 0> <info> app: hr,391,-13336, -1.00 ,0
 0> <info> app: hr,392,-13331, -1.00 ,0
 0> <info> app: hr,393,-13332, -2.00 ,-1
 0> <info> app: hr,394,-13322, -2.00 ,0
 0> <info> app: hr,395,-13334, -3.00 ,0
 0> <info> app: hr,396,-13330, -4.00 ,-1
 0> <info> app: hr,397,-13346, -3.00 ,0
 0> <info> app: hr,398,-13344, -4.00 ,0
 0> <info> app: hr,399,-13347, -5.00 ,0
 0> <info> app: hr,400,-13360, -5.00 ,0
 0> <info> app: hr,401,-13351, -4.00 ,0
 0> <info> app: hr,402,-13356, -5.00 ,0
 0> <info> app: hr,403,-13355, -5.00 ,0
 0> <info> app: hr,404,-13364, -5.00 ,0
 0> <info> app: hr,405,-13373, -4.00 ,0
 0> <info> app: hr,406,-13364, -4.00 ,0
 0> <info> app: hr,407,-13360, -4.00 ,0
 0> <info> app: hr,408,-13366, -4.00 ,0
 0> <info> app: hr,409,-13358, -4.00 ,0
 0> <info> app: hr,410,-13370, -2.00 ,1
 0> <info> app: hr,411,-13374, -2.00 ,1
 0> <info> app: hr,412,-13375, -2.00 ,0
 0> <info> app: hr,413,-13379, -1.00 ,0
 0> <info> app: hr,414,-13385, 0.00 ,0
 0> <info> app: hr,415,-13376, 0.00 ,0
 0> <info> app: hr,416,-13375, 0.00 ,0
 0> <info> app: hr,417,-13390, 1.00 ,0
 0> <info> app: hr,418,-13381, 2.00 ,0
 0> <info> app: hr,419,-13382, 3.00 ,1
 0> <info> app: hr,420,-13391, 4.00 ,1
 0> <info> app: hr,421,-13382, 5.00 ,1
 0> <info> app: hr,422,-13388, 5.00 ,1
 0> <info> app: hr,423,-13389, 6.00 ,1
 0> <info> app: hr,424,-13383, 7.00 ,1
 0> <info> app: hr,425,-13388, 7.00 ,1
 0> <info> app: hr,426,-13393, 8.00 ,1
 0> <info> app: hr,427,-13368, 10.00 ,1
 0> <info> app: hr,428,-13393, 10.00 ,1
 0> <info> app: hr,429,-13376, 10.00 ,1
 0> <info> app: hr,430,-13392, 11.00 ,1
 0> <info> app: hr,431,-13399, 11.00 ,1
 0> <info> app: hr,432,-13381, 13.00 ,1
 0> <info> app: hr,433,-13394, 13.00 ,1
 0> <info> app: hr,434,-13386, 13.00 ,1
 0> <info> app: hr,435,-13375, 14.00 ,1
 0> <info> app: hr,436,-13394, 14.00 ,1
 0> <info> app: hr,437,-13375, 14.00 ,1
 0> <info> app: hr,438,-13376, 15.00 ,1
 0> <info> app: hr,439,-13382, 15.00 ,1
 0> <info> app: hr,440,-13397, 15.00 ,1
 0> <info> app: hr,441,-13397, 15.00 ,1
 0> <info> app: hr,442,-13397, 15.00 ,1
 0> <info> app: hr,443,-13382, 16.00 ,1
 0> <info> app: hr,444,-13377, 16.00 ,1
 0> <info> app: hr,445,-13373, 16.00 ,1
 0> <info> app: hr,446,-13383, 15.00 ,1
 0> <info> app: hr,447,-13378, 15.00 ,1
 0> <info> app: hr,448,-13385, 16.00 ,1
 0> <info> app: hr,449,-13373, 15.00 ,1
 0> <info> app: hr,450,-13385, 15.00 ,1
 0> <info> app: hr,451,-13380, 14.00 ,1
 0> <info> app: hr,452,-13381, 15.00 ,1
 0> <info> app: hr,453,-13382, 14.00 ,1
 0> <info> app: hr,454,-13377, 13.00 ,0
 0> <info> app: hr,455,-13376, 13.00 ,0
 0> <info> app: hr,456,-13365, 13.00 ,0
 0> <info> app: hr,457,-13362, 12.00 ,-1
 0> <info> app: hr,458,-13367, 11.00 ,-1
 0> <info> app: hr,459,-13363, 11.00 ,0
 0> <info> app: hr,460,-13380, 10.00 ,0
 0> <info> app: hr,461,-13369, 10.00 ,0
 0> <info> app: hr,462,-13360, 9.00 ,0
 0> <info> app: hr,463,-13374, 9.00 ,0
 0> <info> app: hr,464,-13375, 8.00 ,0
 0> <info> app: hr,465,-13365, 7.00 ,0
 0> <info> app: hr,466,-13379, 6.00 ,-1
 0> <info> app: hr,467,-13385, 6.00 ,0
 0> <info> app: hr,468,-13354, 6.00 ,0
 0> <info> app: hr,469,-13371, 5.00 ,0
 0> <info> app: hr,470,-13359, 4.00 ,0
 0> <info> app: hr,471,-13367, 4.00 ,-1
 0> <info> app: hr,472,-13367, 3.00 ,0
 0> <info> app: hr,473,-13362, 3.00 ,0
 0> <info> app: hr,474,-13357, 2.00 ,0
 0> <info> app: hr,475,-13368, 1.00 ,0
 0> <info> app: hr,476,-13371, 1.00 ,0
 0> <info> app: hr,477,-13384, 0.00 ,0
 0> <info> app: hr,478,-13379, 0.00 ,0
 0> <info> app: hr,479,-13371, 0.00 ,0
 0> <info> app: hr,480,-13391, 0.00 ,0
 0> <info> app: hr,481,-13388, 0.00 ,0
 0> <info> app: hr,482,-13397, 0.00 ,0
 0> <info> app: hr,483,-13407, 0.00 ,0
 0> <info> app: hr,484,-13401, 0.00 ,0
 0> <info> app: hr,485,-13398, 0.00 ,0
 0> <info> app: hr,486,-13401, 0.00 ,0
 0> <info> app: hr,487,-13395, 0.00 ,0
 0> <info> app: hr,488,-13406, 0.00 ,0
 0> <info> app: hr,489,-13398, 0.00 ,0
 0> <info> app: hr,490,-13412, 0.00 ,0
 0> <info> app: hr,491,-13396, 1.00 ,1
 0> <info> app: hr,492,-13413, 1.00 ,1
 0> <info> app: hr,493,-13423, 2.00 ,1
 0> <info> app: hr,494,-13401, 3.00 ,1
 0> <info> app: hr,495,-13409, 3.00 ,1
 0> <info> app: hr,496,-13414, 4.00 ,1
 0> <info> app: hr,497,-13421, 4.00 ,1
 0> <info> app: hr,498,-13420, 5.00 ,1
 0> <info> app: hr,499,-13427, 6.00 ,1
 0> <info> app: hr,500,-13430, 6.00 ,1
 0> <info> app: hr,501,-13430, 7.00 ,1
 0> <info> app: hr,502,-13425, 8.00 ,1
 0> <info> app: hr,503,-13429, 9.00 ,1
 0> <info> app: hr,504,-13437, 10.00 ,1
 0> <info> app: hr,505,-13438, 10.00 ,1
 0> <info> app: hr,506,-13437, 12.00 ,1
 0> <info> app: hr,507,-13421, 12.00 ,1
 0> <info> app: hr,508,-13421, 14.00 ,1
 0> <info> app: hr,509,-13420, 14.00 ,1
 0> <info> app: hr,510,-13415, 14.00 ,1
 0> <info> app: hr,511,-13423, 15.00 ,1
 0> <info> app: hr,512,-13421, 16.00 ,1
 0> <info> app: hr,513,-13421, 16.00 ,1
 0> <info> app: hr,514,-13437, 17.00 ,1
 0> <info> app: hr,515,-13411, 17.00 ,1
 0> <info> app: hr,516,-13434, 17.00 ,1
 0> <info> app: hr,517,-13413, 17.00 ,1
 0> <info> app: hr,518,-13433, 17.00 ,1
 0> <info> app: hr,519,-13425, 18.00 ,1
 0> <info> app: hr,520,-13424, 18.00 ,1
 0> <info> app: hr,521,-13436, 18.00 ,1
 0> <info> app: hr,522,-13433, 18.00 ,1
 0> <info> app: hr,523,-13409, 18.00 ,1
 0> <info> app: hr,524,-13417, 18.00 ,1
 0> <info> app: hr,525,-13407, 18.00 ,1
 0> <info> app: hr,526,-13406, 18.00 ,1
 0> <info> app: hr,527,-13428, 17.00 ,1
 0> <info> app: hr,528,-13425, 17.00 ,1
 0> <info> app: hr,529,-13431, 17.00 ,1
 0> <info> app: hr,530,-13413, 17.00 ,1
 0> <info> app: hr,531,-13412, 17.00 ,1
 0> <info> app: hr,532,-13408, 16.00 ,1
 0> <info> app: hr,533,-13421, 16.00 ,1
 0> <info> app: hr,534,-13422, 15.00 ,0
 0> <info> app: hr,535,-13425, 14.00 ,-1
 0> <info> app: hr,536,-13419, 14.00 ,-1
 0> <info> app: hr,537,-13405, 14.00 ,0
 0> <info> app: hr,538,-13425, 13.00 ,0
 0> <info> app: hr,539,-13411, 13.00 ,0
 0> <info> app: hr,540,-13397, 12.00 ,-1
 0> <info> app: hr,541,-13417, 11.00 ,-1
 0> <info> app: hr,542,-13405, 11.00 ,0
 0> <info> app: hr,543,-13402, 10.00 ,0
 0> <info> app: hr,544,-13402, 10.00 ,0
 0> <info> app: hr,545,-13413, 9.00 ,0
 0> <info> app: hr,546,-13395, 9.00 ,0
 0> <info> app: hr,547,-13424, 7.00 ,-1
 0> <info> app: hr,548,-13400, 7.00 ,0
 0> <info> app: hr,549,-13403, 6.00 ,-1
 0> <info> app: hr,550,-13407, 5.00 ,-1
 0> <info> app: hr,551,-13393, 5.00 ,0
 0> <info> app: hr,552,-13400, 5.00 ,0
 0> <info> app: hr,553,-13389, 3.00 ,0
 0> <info> app: hr,554,-13404, 3.00 ,0
 0> <info> app: hr,555,-13399, 2.00 ,0
 0> <info> app: hr,556,-13395, 2.00 ,0
 0> <info> app: hr,557,-13417, 1.00 ,0
 0> <info> app: hr,558,-13392, 0.00 ,-1
 0> <info> app: hr,559,-13405, 0.00 ,0
 0> <info> app: hr,560,-13393, 0.00 ,0
 0> <info> app: hr,561,-13402, 0.00 ,0
 0> <info> app: hr,562,-13402, -1.00 ,0
 0> <info> app: hr,563,-13387, -2.00 ,-1
 0> <info> app: hr,564,-13383, -2.00 ,0
 0> <info> app: hr,565,-13381, -3.00 ,-1
 0> <info> app: hr,566,-13394, -4.00 ,-1
 0> <info> app: hr,567,-13371, -5.00 ,-1
 0> <info> app: hr,568,-13377, -4.00 ,-1
 0> <info> app: hr,569,-13387, -5.00 ,-1
 0> <info> app: hr,570,-13371, -6.00 ,-1
 0> <info> app: hr,571,-13380, -6.00 ,-1
 0> <info> app: hr,572,-13379, -7.00 ,-1
 0> <info> app: hr,573,-13378, -8.00 ,-1
 0> <info> app: hr,574,-13369, -8.00 ,-1
 0> <info> app: hr,575,-13402, -9.00 ,-1
 0> <info> app: hr,576,-13389, -9.00 ,-1
 0> <info> app: hr,577,-13379, -10.00 ,-1
 0> <info> app: hr,578,-13371, -10.00 ,-1
 0> <info> app: hr,579,-13387, -11.00 ,-1
 0> <info> app: hr,580,-13381, -11.00 ,-1
 0> <info> app: hr,581,-13399, -12.00 ,-1
 0> <info> app: hr,582,-13382, -12.00 ,-1
 0> <info> app: hr,583,-13390, -11.00 ,-1
 0> <info> app: hr,584,-13401, -12.00 ,-1
 0> <info> app: hr,585,-13379, -12.00 ,-1
 0> <info> app: hr,586,-13398, -12.00 ,-1
 0> <info> app: hr,587,-13410, -12.00 ,-1
 0> <info> app: hr,588,-13419, -11.00 ,-1
 0> <info> app: hr,589,-13394, -12.00 ,-1
 0> <info> app: hr,590,-13403, -11.00 ,-1
 0> <info> app: hr,591,-13417, -11.00 ,-1
 0> <info> app: hr,592,-13414, -10.00 ,-1
 0> <info> app: hr,593,-13408, -10.00 ,-1
 0> <info> app: hr,594,-13413, -9.00 ,-1
 0> <info> app: hr,595,-13401, -9.00 ,-1
 0> <info> app: hr,596,-13418, -8.00 ,-1
 0> <info> app: hr,597,-13420, -8.00 ,-1
 0> <info> app: hr,598,-13416, -7.00 ,-1
 0> <info> app: hr,599,-13425, -6.00 ,-1
 0> <info> app: hr,600,-13431, -6.00 ,-1
 0> <info> app: hr,601,-13422, -4.00 ,-1
 0> <info> app: hr,602,-13414, -3.00 ,-1
 0> <info> app: hr,603,-13415, -3.00 ,-1
 0> <info> app: hr,604,-13426, -2.00 ,-1
 0> <info> app: hr,605,-13423, -1.00 ,0
 0> <info> app: hr,606,-13435, 0.00 ,0
 0> <info> app: hr,607,-13433, 0.00 ,0
 0> <info> app: hr,608,-13427, 1.00 ,0
 0> <info> app: hr,609,-13425, 1.00 ,0
 0> <info> app: hr,610,-13417, 2.00 ,1
 0> <info> app: hr,611,-13426, 3.00 ,0
 0> <info> app: hr,612,-13414, 4.00 ,1
 0> <info> app: hr,613,-13423, 5.00 ,1
 0> <info> app: hr,614,-13445, 6.00 ,1
 0> <info> app: hr,615,-13420, 6.00 ,1
 0> <info> app: hr,616,-13424, 7.00 ,1
 0> <info> app: hr,617,-13434, 8.00 ,1
 0> <info> app: hr,618,-13426, 8.00 ,1
 0> <info> app: hr,619,-13415, 9.00 ,1
 0> <info> app: hr,620,-13437, 9.00 ,1
 0> <info> app: hr,621,-13426, 9.00 ,1
 0> <info> app: hr,622,-13432, 9.00 ,1
 0> <info> app: hr,623,-13440, 10.00 ,1
 0> <info> app: hr,624,-13433, 10.00 ,1
 0> <info> app: hr,625,-13418, 11.00 ,1
 0> <info> app: hr,626,-13441, 11.00 ,1
 0> <info> app: hr,627,-13427, 12.00 ,1
 0> <info> app: hr,628,-13429, 12.00 ,1
 0> <info> app: hr,629,-13419, 11.00 ,1
 0> <info> app: hr,630,-13415, 12.00 ,1
 0> <info> app: hr,631,-13429, 12.00 ,1
 0> <info> app: hr,632,-13407, 13.00 ,1
 0> <info> app: hr,633,-13427, 12.00 ,1
 0> <info> app: hr,634,-13418, 12.00 ,1
 0> <info> app: hr,635,-13426, 12.00 ,1
 0> <info> app: hr,636,-13414, 12.00 ,1
 0> <info> app: hr,637,-13417, 11.00 ,0
 0> <info> app: hr,638,-13403, 11.00 ,1
 0> <info> app: hr,639,-13414, 10.00 ,0
 0> <info> app: hr,640,-13398, 11.00 ,0
 0> <info> app: hr,641,-13400, 10.00 ,0
 0> <info> app: hr,642,-13402, 10.00 ,0
 0> <info> app: hr,643,-13397, 9.00 ,0
 0> <info> app: hr,644,-13409, 8.00 ,-1
 0> <info> app: hr,645,-13404, 7.00 ,-1
 0> <info> app: hr,646,-13409, 7.00 ,0
 0> <info> app: hr,647,-13393, 6.00 ,0
 0> <info> app: hr,648,-13393, 5.00 ,0
 0> <info> app: hr,649,-13391, 5.00 ,0
 0> <info> app: hr,650,-13390, 4.00 ,0
 0> <info> app: hr,651,-13392, 2.00 ,-1
 0> <info> app: hr,652,-13386, 2.00 ,-1
 0> <info> app: hr,653,-13395, 1.00 ,-1
 0> <info> app: hr,654,-13407, 0.00 ,0
 0> <info> app: hr,655,-13374, 0.00 ,0
 0> <info> app: hr,656,-13392, 0.00 ,0
 0> <info> app: hr,657,-13392, -1.00 ,0
 0> <info> app: hr,658,-13381, -2.00 ,0
 0> <info> app: hr,659,-13382, -3.00 ,-1
 0> <info> app: hr,660,-13370, -4.00 ,-1
 0> <info> app: hr,661,-13376, -4.00 ,0
 0> <info> app: hr,662,-13385, -5.00 ,-1
 0> <info> app: hr,663,-13378, -6.00 ,0
 0> <info> app: hr,664,-13383, -7.00 ,0
 0> <info> app: hr,665,-13369, -7.00 ,0
 0> <info> app: hr,666,-13365, -9.00 ,0
 0> <info> app: hr,667,-13370, -9.00 ,0
 0> <info> app: hr,668,-13372, -10.00 ,0
 0> <info> app: hr,669,-13363, -10.00 ,0
 0> <info> app: hr,670,-13367, -12.00 ,0
 0> <info> app: hr,671,-13360, -12.00 ,-1
 0> <info> app: hr,672,-13366, -13.00 ,-1
 0> <info> app: hr,673,-13359, -14.00 ,0
 0> <info> app: hr,674,-13358, -14.00 ,0
 0> <info> app: hr,675,-13362, -14.00 ,0
 0> <info> app: hr,676,-13363, -16.00 ,0
 0> <info> app: hr,677,-13354, -16.00 ,0
 0> <info> app: hr,678,-13351, -17.00 ,0
 0> <info> app: hr,679,-13347, -17.00 ,0
 0> <info> app: hr,680,-13361, -18.00 ,0
 0> <info> app: hr,681,-13348, -18.00 ,0
 0> <info> app: hr,682,-13362, -19.00 ,0
 0> <info> app: hr,683,-13353, -19.00 ,0
 0> <info> app: hr,684,-13365, -19.00 ,0
 0> <info> app: hr,685,-13360, -20.00 ,0
 0> <info> app: hr,686,-13358, -20.00 ,0
 0> <info> app: hr,687,-13374, -20.00 ,0
 0> <info> app: hr,688,-13380, -21.00 ,0
 0> <info> app: hr,689,-13372, -21.00 ,0
 0> <info> app: hr,690,-13383, -21.00 ,0
 0> <info> app: hr,691,-13375, -20.00 ,0
 0> <info> app: hr,692,-13382, -20.00 ,0
 0> <info> app: hr,693,-13377, -20.00 ,0
 0> <info> app: hr,694,-13377, -20.00 ,0
 0> <info> app: hr,695,-13381, -19.00 ,0
 0> <info> app: hr,696,-13375, -19.00 ,0
 0> <info> app: hr,697,-13386, -18.00 ,0
 0> <info> app: hr,698,-13383, -17.00 ,1
 0> <info> app: hr,699,-13392, -16.00 ,1
 0> <info> app: hr,700,-13385, -16.00 ,0
 0> <info> app: hr,701,-13390, -16.00 ,0
 0> <info> app: hr,702,-13390, -15.00 ,0
 0> <info> app: hr,703,-13403, -13.00 ,0
 0> <info> app: hr,704,-13405, -12.00 ,0
 0> <info> app: hr,705,-13394, -12.00 ,0
 0> <info> app: hr,706,-13397, -10.00 ,0
 0> <info> app: hr,707,-13401, -10.00 ,0
 0> <info> app: hr,708,-13392, -8.00 ,0
 0> <info> app: hr,709,-13374, -8.00 ,0
 0> <info> app: hr,710,-13378, -6.00 ,0
 0> <info> app: hr,711,-13391, -6.00 ,0
 0> <info> app: hr,712,-13385, -5.00 ,0
 0> <info> app: hr,713,-13387, -4.00 ,0
 0> <info> app: hr,714,-13387, -3.00 ,0
 0> <info> app: hr,715,-13391, -3.00 ,0
 0> <info> app: hr,716,-13388, -2.00 ,0
 0> <info> app: hr,717,-13398, -1.00 ,0
 0> <info> app: hr,718,-13388, -1.00 ,0
 0> <info> app: hr,719,-13395, 0.00 ,0
 0> <info> app: hr,720,-13385, 0.00 ,0
 0> <info> app: hr,721,-13378, 1.00 ,0
 0> <info> app: hr,722,-13377, 0.00 ,0
 0> <info> app: hr,723,-13405, 1.00 ,0
 0> <info> app: hr,724,-13390, 1.00 ,0
 0> <info> app: hr,725,-13388, 2.00 ,0
 0> <info> app: hr,726,-13395, 2.00 ,0
 0> <info> app: hr,727,-13387, 3.00 ,1
 0> <info> app: hr,728,-13403, 4.00 ,0
 0> <info> app: hr,729,-13387, 4.00 ,1
 0> <info> app: hr,730,-13388, 4.00 ,0
 0> <info> app: hr,731,-13393, 4.00 ,0
 0> <info> app: hr,732,-13378, 4.00 ,0
 0> <info> app: hr,733,-13382, 5.00 ,0
 0> <info> app: hr,734,-13379, 4.00 ,0
 0> <info> app: hr,735,-13396, 5.00 ,0
 0> <info> app: hr,736,-13371, 5.00 ,0
 0> <info> app: hr,737,-13374, 5.00 ,0
 0> <info> app: hr,738,-13392, 4.00 ,0
 0> <info> app: hr,739,-13364, 5.00 ,0
 0> <info> app: hr,740,-13382, 5.00 ,0
 0> <info> app: hr,741,-13365, 5.00 ,0
 0> <info> app: hr,742,-13385, 4.00 ,0
 0> <info> app: hr,743,-13377, 4.00 ,0
 0> <info> app: hr,744,-13388, 4.00 ,0
 0> <info> app: hr,745,-13367, 4.00 ,0
 0> <info> app: hr,746,-13371, 2.00 ,-1
 0> <info> app: hr,747,-13383, 2.00 ,-1
 0> <info> app: hr,748,-13382, 2.00 ,0
 0> <info> app: hr,749,-13372, 2.00 ,0
 0> <info> app: hr,750,-13379, 2.00 ,0
 0> <info> app: hr,751,-13381, 2.00 ,0
 0> <info> app: hr,752,-13375, 1.00 ,0
 0> <info> app: hr,753,-13378, 1.00 ,-1
 0> <info> app: hr,754,-13369, 1.00 ,0
 0> <info> app: hr,755,-13366, 0.00 ,0
 0> <info> app: hr,756,-13371, 0.00 ,0
 0> <info> app: hr,757,-13383, 0.00 ,0
 0> <info> app: hr,758,-13367, 0.00 ,0
 0> <info> app: hr,759,-13364, -1.00 ,0
 0> <info> app: hr,760,-13365, -1.00 ,0
 0> <info> app: hr,761,-13349, 0.00 ,0
 0> <info> app: hr,762,-13355, -1.00 ,0
 0> <info> app: hr,763,-13351, -2.00 ,0
 0> <info> app: hr,764,-13362, -2.00 ,0
 0> <info> app: hr,765,-13352, -3.00 ,-1
 0> <info> app: hr,766,-13354, -3.00 ,0
 0> <info> app: hr,767,-13363, -4.00 ,0
 0> <info> app: hr,768,-13363, -4.00 ,0
 0> <info> app: hr,769,-13358, -5.00 ,0
 0> <info> app: hr,770,-13348, -5.00 ,0
 0> <info> app: hr,771,-13370, -6.00 ,0
 0> <info> app: hr,772,-13363, -6.00 ,0
 0> <info> app: hr,773,-13364, -7.00 ,0
 0> <info> app: hr,774,-13364, -7.00 ,0
 0> <info> app: hr,775,-13368, -7.00 ,0
 0> <info> app: hr,776,-13386, -8.00 ,0
 0> <info> app: hr,777,-13385, -7.00 ,0
 0> <info> app: hr,778,-13365, -8.00 ,0
 0> <info> app: hr,779,-13403, -8.00 ,0
 0> <info> app: hr,780,-13374, -7.00 ,0
 0> <info> app: hr,781,-13384, -7.00 ,0
 0> <info> app: hr,782,-13382, -7.00 ,0
 0> <info> app: hr,783,-13386, -7.00 ,0
 0> <info> app: hr,784,-13399, -7.00 ,0
 0> <info> app: hr,785,-13390, -6.00 ,0
 0> <info> app: hr,786,-13387, -5.00 ,1
 0> <info> app: hr,787,-13389, -5.00 ,0
 0> <info> app: hr,788,-13395, -4.00 ,0
 0> <info> app: hr,789,-13411, -4.00 ,0
 0> <info> app: hr,790,-13391, -3.00 ,0
 0> <info> app: hr,791,-13394, -3.00 ,0
 0> <info> app: hr,792,-13387, -2.00 ,0
 0> <info> app: hr,793,-13396, -2.00 ,0
 0> <info> app: hr,794,-13388, 0.00 ,1
 0> <info> app: hr,795,-13400, 0.00 ,0
 0> <info> app: hr,796,-13405, 0.00 ,0
 0> <info> app: hr,797,-13400, 1.00 ,0
 0> <info> app: hr,798,-13395, 2.00 ,0
 0> <info> app: hr,799,-13397, 1.00 ,0
 0> <info> app: hr,800,-13395, 2.00 ,0
 0> <info> app: hr,801,-13391, 3.00 ,0
 0> <info> app: hr,802,-13392, 4.00 ,0
 0> <info> app: hr,803,-13405, 4.00 ,0
 0> <info> app: hr,804,-13378, 5.00 ,0
 0> <info> app: hr,805,-13399, 5.00 ,0
 0> <info> app: hr,806,-13400, 6.00 ,0
 0> <info> app: hr,807,-13387, 6.00 ,0
 0> <info> app: hr,808,-13397, 6.00 ,0
 0> <info> app: hr,809,-13401, 7.00 ,0
 0> <info> app: hr,810,-13390, 7.00 ,0
 0> <info> app: hr,811,-13395, 7.00 ,0
 0> <info> app: hr,812,-13400, 7.00 ,0
 0> <info> app: hr,813,-13404, 8.00 ,0
 0> <info> app: hr,814,-13409, 8.00 ,0
 0> <info> app: hr,815,-13388, 8.00 ,0
 0> <info> app: hr,816,-13392, 8.00 ,0
 0> <info> app: hr,817,-13391, 8.00 ,0
 0> <info> app: hr,818,-13402, 8.00 ,0
 0> <info> app: hr,819,-13371, 8.00 ,0
 0> <info> app: hr,820,-13407, 9.00 ,1
 0> <info> app: hr,821,-13388, 8.00 ,0
 0> <info> app: hr,822,-13407, 9.00 ,1
 0> <info> app: hr,823,-13405, 8.00 ,0
 0> <info> app: hr,824,-13400, 9.00 ,1
 0> <info> app: hr,825,-13404, 8.00 ,0
 0> <info> app: hr,826,-13394, 8.00 ,0
 0> <info> app: hr,827,-13395, 8.00 ,0
 0> <info> app: hr,828,-13387, 8.00 ,0
 0> <info> app: hr,829,-13387, 9.00 ,1
 0> <info> app: hr,830,-13401, 8.00 ,0
 0> <info> app: hr,831,-13374, 8.00 ,0
 0> <info> app: hr,832,-13391, 7.00 ,-1
 0> <info> app: hr,833,-13384, 7.00 ,-1
 0> <info> app: hr,834,-13389, 7.00 ,0
 0> <info> app: hr,835,-13390, 6.00 ,0
 0> <info> app: hr,836,-13391, 7.00 ,0
 0> <info> app: hr,837,-13403, 6.00 ,0
 0> <info> app: hr,838,-13388, 6.00 ,0
 0> <info> app: hr,839,-13393, 6.00 ,0
 0> <info> app: hr,840,-13391, 5.00 ,0
 0> <info> app: hr,841,-13369, 5.00 ,0
 0> <info> app: hr,842,-13394, 4.00 ,-1
 0> <info> app: hr,843,-13381, 4.00 ,0
 0> <info> app: hr,844,-13373, 3.00 ,0
 0> <info> app: hr,845,-13389, 3.00 ,0
 0> <info> app: hr,846,-13377, 3.00 ,0
 0> <info> app: hr,847,-13374, 2.00 ,0
 0> <info> app: hr,848,-13369, 2.00 ,0
 0> <info> app: hr,849,-13376, 2.00 ,0
 0> <info> app: hr,850,-13375, 1.00 ,0
 0> <info> app: hr,851,-13381, 1.00 ,0
 0> <info> app: hr,852,-13364, 0.00 ,-1
 0> <info> app: hr,853,-13370, 0.00 ,0
 0> <info> app: hr,854,-13371, -1.00 ,0
 0> <info> app: hr,855,-13368, 0.00 ,0
 0> <info> app: hr,856,-13359, -1.00 ,0
 0> <info> app: hr,857,-13363, -2.00 ,-1
 0> <info> app: hr,858,-13370, -2.00 ,0
 0> <info> app: hr,859,-13371, -3.00 ,0
 0> <info> app: hr,860,-13353, -4.00 ,-1
 0> <info> app: hr,861,-13361, -4.00 ,0
 0> <info> app: hr,862,-13371, -4.00 ,0
 0> <info> app: hr,863,-13365, -5.00 ,0
 0> <info> app: hr,864,-13373, -6.00 ,0
 0> <info> app: hr,865,-13363, -7.00 ,0
 0> <info> app: hr,866,-13373, -6.00 ,0
 0> <info> app: hr,867,-13357, -7.00 ,0
 0> <info> app: hr,868,-13366, -8.00 ,0
 0> <info> app: hr,869,-13366, -8.00 ,0
 0> <info> app: hr,870,-13375, -9.00 ,0
 0> <info> app: hr,871,-13374, -8.00 ,0
 0> <info> app: hr,872,-13372, -9.00 ,0
 0> <info> app: hr,873,-13377, -9.00 ,0
 0> <info> app: hr,874,-13379, -9.00 ,0
 0> <info> app: hr,875,-13383, -9.00 ,0
 0> <info> app: hr,876,-13382, -9.00 ,0
 0> <info> app: hr,877,-13411, -8.00 ,0
 0> <info> app: hr,878,-13397, -9.00 ,0
 0> <info> app: hr,879,-13385, -8.00 ,0
 0> <info> app: hr,880,-13389, -8.00 ,0
 0> <info> app: hr,881,-13388, -8.00 ,0
 0> <info> app: hr,882,-13389, -7.00 ,0
 0> <info> app: hr,883,-13396, -7.00 ,0
 0> <info> app: hr,884,-13390, -6.00 ,1
 0> <info> app: hr,885,-13379, -5.00 ,1
 0> <info> app: hr,886,-13405, -5.00 ,0
 0> <info> app: hr,887,-13396, -5.00 ,0
 0> <info> app: hr,888,-13403, -3.00 ,0
 0> <info> app: hr,889,-13396, -3.00 ,0
 0> <info> app: hr,890,-13407, -3.00 ,0
 0> <info> app: hr,891,-13421, -2.00 ,0
 0> <info> app: hr,892,-13409, -1.00 ,0
 0> <info> app: hr,893,-13407, -1.00 ,0
 0> <info> app: hr,894,-13400, 0.00 ,0
 0> <info> app: hr,895,-13410, 0.00 ,0
 0> <info> app: hr,896,-13390, 1.00 ,0
 0> <info> app: hr,897,-13399, 1.00 ,0
 0> <info> app: hr,898,-13400, 2.00 ,0
 0> <info> app: hr,899,-13403, 3.00 ,0
 0> <info> app: hr,900,-13401, 4.00 ,1
 0> <info> app: hr,901,-13389, 5.00 ,1
 0> <info> app: hr,902,-13401, 4.00 ,0
 0> <info> app: hr,903,-13411, 5.00 ,0
 0> <info> app: hr,904,-13401, 6.00 ,1
 0> <info> app: hr,905,-13391, 7.00 ,1
 0> <info> app: hr,906,-13403, 6.00 ,0
 0> <info> app: hr,907,-13399, 7.00 ,0
 0> <info> app: hr,908,-13408, 8.00 ,1
 0> <info> app: hr,909,-13396, 7.00 ,0
 0> <info> app: hr,910,-13409, 8.00 ,0
 0> <info> app: hr,911,-13405, 8.00 ,0
 0> <info> app: hr,912,-13401, 8.00 ,0
 0> <info> app: hr,913,-13397, 8.00 ,0
 0> <info> app: hr,914,-13401, 8.00 ,0
 0> <info> app: hr,915,-13402, 9.00 ,0
 0> <info> app: hr,916,-13391, 9.00 ,1
 0> <info> app: hr,917,-13402, 9.00 ,0
 0> <info> app: hr,918,-13388, 8.00 ,0
 0> <info> app: hr,919,-13401, 9.00 ,0
 0> <info> app: hr,920,-13411, 8.00 ,0
 0> <info> app: hr,921,-13399, 9.00 ,0
 0> <info> app: hr,922,-13398, 8.00 ,0
 0> <info> app: hr,923,-13386, 8.00 ,0
 0> <info> app: hr,924,-13407, 9.00 ,0
 0> <info> app: hr,925,-13395, 8.00 ,0
 0> <info> app: hr,926,-13386, 8.00 ,0
 0> <info> app: hr,927,-13395, 7.00 ,0
 0> <info> app: hr,928,-13395, 7.00 ,0
 0> <info> app: hr,929,-13392, 7.00 ,0
 0> <info> app: hr,930,-13386, 7.00 ,0
 0> <info> app: hr,931,-13396, 7.00 ,0
 0> <info> app: hr,932,-13402, 6.00 ,0
 0> <info> app: hr,933,-13397, 6.00 ,-1
 0> <info> app: hr,934,-13404, 6.00 ,0
 0> <info> app: hr,935,-13381, 5.00 ,0
 0> <info> app: hr,936,-13386, 5.00 ,0
 0> <info> app: hr,937,-13397, 5.00 ,0
 0> <info> app: hr,938,-13403, 5.00 ,0
 0> <info> app: hr,939,-13397, 3.00 ,-1
 0> <info> app: hr,940,-13390, 3.00 ,-1
 0> <info> app: hr,941,-13380, 3.00 ,0
 0> <info> app: hr,942,-13392, 3.00 ,0
 0> <info> app: hr,943,-13379, 3.00 ,0
 0> <info> app: hr,944,-13387, 2.00 ,0
 0> <info> app: hr,945,-13366, 1.00 ,-1
 0> <info> app: hr,946,-13393, 1.00 ,0
 0> <info> app: hr,947,-13382, 1.00 ,0
 0> <info> app: hr,948,-13390, 0.00 ,0
 0> <info> app: hr,949,-13376, 0.00 ,0
 0> <info> app: hr,950,-13374, 0.00 ,0
 0> <info> app: hr,951,-13390, 0.00 ,0
 0> <info> app: hr,952,-13370, 0.00 ,0
 0> <info> app: hr,953,-13380, -1.00 ,0
 0> <info> app: hr,954,-13373, -1.00 ,-1
 0> <info> app: hr,955,-13366, -2.00 ,0
 0> <info> app: hr,956,-13371, -2.00 ,-1
 0> <info> app: hr,957,-13372, -3.00 ,0
 0> <info> app: hr,958,-13372, -3.00 ,0
 0> <info> app: hr,959,-13373, -3.00 ,0
 0> <info> app: hr,960,-13361, -4.00 ,0
 0> <info> app: hr,961,-13358, -5.00 ,0
 0> <info> app: hr,962,-13367, -6.00 ,0
 0> <info> app: hr,963,-13360, -5.00 ,0
 0> <info> app: hr,964,-13376, -6.00 ,0
 0> <info> app: hr,965,-13382, -7.00 ,0
 0> <info> app: hr,966,-13381, -7.00 ,0
 0> <info> app: hr,967,-13393, -8.00 ,0
 0> <info> app: hr,968,-13380, -7.00 ,0
 0> <info> app: hr,969,-13380, -8.00 ,0
 0> <info> app: hr,970,-13385, -8.00 ,0
 0> <info> app: hr,971,-13400, -8.00 ,0
 0> <info> app: hr,972,-13401, -8.00 ,0
 0> <info> app: hr,973,-13395, -8.00 ,0
 0> <info> app: hr,974,-13383, -8.00 ,0
 0> <info> app: hr,975,-13415, -8.00 ,0
 0> <info> app: hr,976,-13393, -7.00 ,1
 0> <info> app: hr,977,-13412, -7.00 ,1
 0> <info> app: hr,978,-13408, -6.00 ,0
 0> <info> app: hr,979,-13407, -6.00 ,0
 0> <info> app: hr,980,-13415, -5.00 ,0
 0> <info> app: hr,981,-13410, -4.00 ,0
 0> <info> app: hr,982,-13419, -4.00 ,0
 0> <info> app: hr,983,-13408, -3.00 ,0
 0> <info> app: hr,984,-13411, -2.00 ,1
 0> <info> app: hr,985,-13400, -2.00 ,0
 0> <info> app: hr,986,-13411, -1.00 ,0
 0> <info> app: hr,987,-13423, 0.00 ,0
 0> <info> app: hr,988,-13428, 0.00 ,0
 0> <info> app: hr,989,-13412, 0.00 ,0
 0> <info> app: hr,990,-13420, 1.00 ,0
 0> <info> app: hr,991,-13405, 2.00 ,0
 0> <info> app: hr,992,-13423, 3.00 ,1
 0> <info> app: hr,993,-13411, 4.00 ,1
 0> <info> app: hr,994,-13418, 5.00 ,1
 0> <info> app: hr,995,-13416, 6.00 ,1
 0> <info> app: hr,996,-13422, 6.00 ,1
 0> <info> app: hr,997,-13435, 7.00 ,1
 0> <info> app: hr,998,-13413, 8.00 ,1
 0> <info> app: hr,999,-13409, 8.00 ,1
 0> <info> app: hr,1000,-13414, 9.00 ,1
 0> <info> app: hr,1001,-13424, 9.00 ,1
 0> <info> app: hr,1002,-13419, 10.00 ,1
 0> <info> app: hr,1003,-13409, 10.00 ,1
 0> <info> app: hr,1004,-13415, 11.00 ,1
 0> <info> app: hr,1005,-13425, 10.00 ,1
 0> <info> app: hr,1006,-13419, 11.00 ,1
 0> <info> app: hr,1007,-13425, 11.00 ,1
 0> <info> app: hr,1008,-13424, 11.00 ,1
 0> <info> app: hr,1009,-13418, 12.00 ,1
 0> <info> app: hr,1010,-13431, 12.00 ,1
 0> <info> app: hr,1011,-13424, 13.00 ,1
 0> <info> app: hr,1012,-13423, 13.00 ,1
 0> <info> app: hr,1013,-13424, 12.00 ,1
 0> <info> app: hr,1014,-13428, 13.00 ,1
 0> <info> app: hr,1015,-13425, 13.00 ,1
 0> <info> app: hr,1016,-13422, 13.00 ,1
 0> <info> app: [OK]	HR has been calculated 63
 0> <info> app: BATT Reading...
 0> <info> app: Raw 862,SOC 62,BattFullDetect 0, 382V
 0> <info> app: Save 1536356044, 2377, -3391, -17136,
 0> <info> app: [OK]	HR Background stop
 0> <info> app: ^
 0> <info> app: HR A
 0> <info> app: HR C
 0> <info> app: HR D
 0> <info> app: Show HR Result
 0> <info> app: BATT Reading...
 0> <info> app: Raw 863,SOC 63,BattFullDetect 0, 382V
 0> <info> app: Save 1536356050, 2503, -3345, -17117,

# Logging stopped @ 27 Nov 2018 14:27:06
