# SEGGER J-Link RTT Viewer V6.16a Terminal Log File
# Compiled: 12:44:10 on Jun  6 2017
# Logging started @ 27 Nov 2018 14:27:38
 0> <info> app: ***********  Application started  ***********
 0> 
 0> <info> app: [OK] NRF Power ON 0x0004. 
 0> <info> app: Read MAC:CC34D2110EF6
 0> <info> app: ***********  Sensor initial ***********
 0> <info> app: [OK]	BMI160
 0> <info> app: [OK]	SETUP ACC
 0> <info> app: [OK]	SETUP STEP COUNT
 0> <info> app: [OK]	FLASH MEMORY
 0> <info> app: [OK]	Read and using configuration in flash memory
 0> <info> app: [OK]	Using queue setting from flash memory
 0> <info> app: gender in flash 1
 0> <info> app: [OK]	OLED Initial
 0> <info> app: [OK]	Max30102 Initial, Temperature 31.25
 0> <info> app: ********** End sensor initial *********
 0> 
 0> <info> app: Erase bonds!
 0> <info> app: BLE_ADV_EVT_FAST
 0> <info> app: advertising is started
 0> <info> app: [FALL] Device restart detected. It require setup timer from flash memory
 0> 
 0> <info> app: [OK]	FLASH MEMORY
 0> <info> app: [OK] Pedo data with pages 1154
 0> 
 0> <error> app: [OK] Unix Time in flash 1536355910
 0> <error> app: [OK] Unix Time in flash 1536355920
 0> <error> app: [OK] Unix Time in flash 1536355930
 0> <error> app: [OK] Unix Time in flash 1536355940
 0> <error> app: [OK] Unix Time in flash 1536355950
 0> <error> app: [OK] Unix Time in flash 1536355959
 0> <error> app: [OK] Unix Time in flash 1536355969
 0> <error> app: [OK] Unix Time in flash 1536355979
 0> <info> app: BATT Reading...
 0> <info> app: Raw 865,SOC 65,BattFullDetect 0, 383V
 0> <info> app: Save 1536356010, 1464, -3514, -17087,
 0> <info> app: ALERT_BT_CHECK_WAIT_KRY
 0> <info> app: Right Press
 0> <info> app: Right Press
 0> <info> app: Right Press
 0> <info> app: Right Press
 0> <info> app: [OK]	Max30102 Already and background working is begin
 0> 
 0> <info> app: BATT Reading...
 0> <info> app: Raw 863,SOC 63,BattFullDetect 0, 382V
 0> <info> app: Save 1536356020, 1535, -3370, -17222,
 0> <info> app: BATT Reading...
 0> <info> app: Raw 864,SOC 64,BattFullDetect 0, 382V
 0> <info> app: Save 1536356030, 1552, -3361, -17257,
 0> <info> app: [OK]	HR sample count 1016
 0> 
 0> Plus Signal 1, 63
 0> Minus Signal -1, 92
 0> plus_index 63, minus_index 92, Peak Index, 80,81,82,83,84,85,, AVR Peak Index, 82, HR 0, Reject out of 30-180.
 0> Plus Signal 1, 157
 0> Minus Signal -1, 188
 0> plus_index 157, minus_index 188, Peak Index, 178,, AVR Peak Index, 178, HR 62
 0> Plus Signal 1, 232
 0> Minus Signal -1, 281
 0> plus_index 232, minus_index 281, Peak Index, 262,267,, AVR Peak Index, 264, HR 69
 0> Plus Signal 1, 326
 0> Minus Signal -1, 366
 0> plus_index 326, minus_index 366, Peak Index, 354,356,357,, AVR Peak Index, 355, HR 65
 0> Plus Signal 1, 422
 0> Minus Signal -1, 458
 0> plus_index 422, minus_index 458, Peak Index, 447,448,449,450,451,, AVR Peak Index, 449, HR 63
 0> Plus Signal 1, 512
 0> Minus Signal -1, 546
 0> plus_index 512, minus_index 546, Peak Index, 534,535,536,537,538,539,540,, AVR Peak Index, 537, HR 68
 0> Plus Signal 1, 604
 0> Minus Signal -1, 637
 0> plus_index 604, minus_index 637, Peak Index, 623,624,625,626,627,628,629,630,631,632,, AVR Peak Index, 627, HR 66
 0> Plus Signal 1, 699
 0> Minus Signal -1, 732
 0> plus_index 699, minus_index 732, Peak Index, 720,722,723,, AVR Peak Index, 721, HR 63
 0> Plus Signal 1, 793
 0> Minus Signal -1, 823
 0> plus_index 793, minus_index 823, Peak Index, 814,815,, AVR Peak Index, 814, HR 64
 0> Plus Signal 1, 876
 0> Minus Signal -1, 907
 0> plus_index 876, minus_index 907, Peak Index, 896,897,898,900,901,902,903,904,905,906,, AVR Peak Index, 901, HR 68<info> app: HR>>>
 0> 62,63,63,64,65,66,68,68,69, sum div 7, 0<info> app: HR final>>>
 0> 62,63,63,64,65,66,68,68,69,<info> app: 
 0> HR  >>> 65
 0> <info> app: hr,50,-28804, 16.00 ,0
 0> <info> app: hr,51,-28787, 16.00 ,0
 0> <info> app: hr,52,-28793, 15.00 ,0
 0> <info> app: hr,53,-28787, 16.00 ,0
 0> <info> app: hr,54,-28782, 15.00 ,0
 0> <info> app: hr,55,-28779, 14.00 ,0
 0> <info> app: hr,56,-28778, 13.00 ,-1
 0> <info> app: hr,57,-28774, 13.00 ,0
 0> <info> app: hr,58,-28782, 12.00 ,0
 0> <info> app: hr,59,-28766, 11.00 ,0
 0> <info> app: hr,60,-28775, 11.00 ,0
 0> <info> app: hr,61,-28767, 10.00 ,0
 0> <info> app: hr,62,-28773, 10.00 ,0
 0> <info> app: hr,63,-28775, 8.00 ,-1
 0> <info> app: hr,64,-28761, 8.00 ,0
 0> <info> app: hr,65,-28750, 6.00 ,-1
 0> <info> app: hr,66,-28762, 6.00 ,-1
 0> <info> app: hr,67,-28746, 5.00 ,0
 0> <info> app: hr,68,-28753, 3.00 ,-1
 0> <info> app: hr,69,-28745, 2.00 ,-1
 0> <info> app: hr,70,-28742, 1.00 ,-1
 0> <info> app: hr,71,-28753, 0.00 ,-1
 0> <info> app: hr,72,-28753, 0.00 ,-1
 0> <info> app: hr,73,-28759, -2.00 ,-1
 0> <info> app: hr,74,-28751, -3.00 ,-1
 0> <info> app: hr,75,-28743, -4.00 ,-1
 0> <info> app: hr,76,-28741, -5.00 ,-1
 0> <info> app: hr,77,-28730, -6.00 ,-1
 0> <info> app: hr,78,-28751, -7.00 ,-1
 0> <info> app: hr,79,-28735, -9.00 ,-1
 0> <info> app: hr,80,-28738, -9.00 ,-1
 0> <info> app: hr,81,-28722, -11.00 ,-1
 0> <info> app: hr,82,-28719, -11.00 ,-1
 0> <info> app: hr,83,-28741, -13.00 ,-1
 0> <info> app: hr,84,-28726, -13.00 ,-1
 0> <info> app: hr,85,-28737, -14.00 ,-1
 0> <info> app: hr,86,-28752, -15.00 ,-1
 0> <info> app: hr,87,-28756, -16.00 ,-1
 0> <info> app: hr,88,-28777, -17.00 ,-1
 0> <info> app: hr,89,-28754, -17.00 ,-1
 0> <info> app: hr,90,-28772, -17.00 ,-1
 0> <info> app: hr,91,-28793, -18.00 ,-1
 0> <info> app: hr,92,-28797, -17.00 ,-1
 0> <info> app: hr,93,-28792, -17.00 ,-1
 0> <info> app: hr,94,-28787, -18.00 ,-1
 0> <info> app: hr,95,-28804, -17.00 ,-1
 0> <info> app: hr,96,-28788, -16.00 ,-1
 0> <info> app: hr,97,-28780, -15.00 ,-1
 0> <info> app: hr,98,-28782, -14.00 ,-1
 0> <info> app: hr,99,-28792, -13.00 ,-1
 0> <info> app: hr,100,-28793, -13.00 ,-1
 0> <info> app: hr,101,-28820, -11.00 ,-1
 0> <info> app: hr,102,-28793, -10.00 ,-1
 0> <info> app: hr,103,-28801, -9.00 ,-1
 0> <info> app: hr,104,-28799, -8.00 ,-1
 0> <info> app: hr,105,-28801, -7.00 ,-1
 0> <info> app: hr,106,-28802, -6.00 ,-1
 0> <info> app: hr,107,-28815, -4.00 ,-1
 0> <info> app: hr,108,-28822, -3.00 ,-1
 0> <info> app: hr,109,-28818, -2.00 ,-1
 0> <info> app: hr,110,-28827, 0.00 ,0
 0> <info> app: hr,111,-28809, 0.00 ,0
 0> <info> app: hr,112,-28817, 1.00 ,0
 0> <info> app: hr,113,-28811, 3.00 ,1
 0> <info> app: hr,114,-28809, 4.00 ,1
 0> <info> app: hr,115,-28808, 6.00 ,1
 0> <info> app: hr,116,-28812, 6.00 ,1
 0> <info> app: hr,117,-28811, 8.00 ,1
 0> <info> app: hr,118,-28820, 9.00 ,1
 0> <info> app: hr,119,-28811, 10.00 ,1
 0> <info> app: hr,120,-28801, 11.00 ,1
 0> <info> app: hr,121,-28819, 12.00 ,1
 0> <info> app: hr,122,-28812, 12.00 ,1
 0> <info> app: hr,123,-28811, 14.00 ,1
 0> <info> app: hr,124,-28803, 14.00 ,1
 0> <info> app: hr,125,-28822, 14.00 ,1
 0> <info> app: hr,126,-28813, 16.00 ,1
 0> <info> app: hr,127,-28806, 16.00 ,1
 0> <info> app: hr,128,-28801, 16.00 ,1
 0> <info> app: hr,129,-28803, 16.00 ,1
 0> <info> app: hr,130,-28803, 17.00 ,1
 0> <info> app: hr,131,-28795, 17.00 ,1
 0> <info> app: hr,132,-28789, 17.00 ,1
 0> <info> app: hr,133,-28797, 17.00 ,1
 0> <info> app: hr,134,-28801, 17.00 ,1
 0> <info> app: hr,135,-28781, 17.00 ,1
 0> <info> app: hr,136,-28793, 16.00 ,1
 0> <info> app: hr,137,-28786, 16.00 ,1
 0> <info> app: hr,138,-28794, 15.00 ,1
 0> <info> app: hr,139,-28783, 15.00 ,1
 0> <info> app: hr,140,-28782, 15.00 ,1
 0> <info> app: hr,141,-28789, 14.00 ,0
 0> <info> app: hr,142,-28784, 13.00 ,-1
 0> <info> app: hr,143,-28766, 13.00 ,-1
 0> <info> app: hr,144,-28777, 12.00 ,0
 0> <info> app: hr,145,-28776, 11.00 ,-1
 0> <info> app: hr,146,-28792, 10.00 ,-1
 0> <info> app: hr,147,-28776, 9.00 ,-1
 0> <info> app: hr,148,-28778, 9.00 ,0
 0> <info> app: hr,149,-28780, 7.00 ,-1
 0> <info> app: hr,150,-28765, 7.00 ,0
 0> <info> app: hr,151,-28763, 6.00 ,-1
 0> <info> app: hr,152,-28763, 4.00 ,-1
 0> <info> app: hr,153,-28773, 4.00 ,0
 0> <info> app: hr,154,-28771, 3.00 ,-1
 0> <info> app: hr,155,-28757, 2.00 ,-1
 0> <info> app: hr,156,-28764, 1.00 ,-1
 0> <info> app: hr,157,-28763, 0.00 ,-1
 0> <info> app: hr,158,-28764, -1.00 ,-1
 0> <info> app: hr,159,-28754, -1.00 ,0
 0> <info> app: hr,160,-28771, -2.00 ,0
 0> <info> app: hr,161,-28749, -3.00 ,-1
 0> <info> app: hr,162,-28756, -4.00 ,-1
 0> <info> app: hr,163,-28758, -5.00 ,-1
 0> <info> app: hr,164,-28751, -6.00 ,-1
 0> <info> app: hr,165,-28734, -7.00 ,-1
 0> <info> app: hr,166,-28765, -8.00 ,-1
 0> <info> app: hr,167,-28748, -8.00 ,-1
 0> <info> app: hr,168,-28741, -9.00 ,-1
 0> <info> app: hr,169,-28745, -11.00 ,-1
 0> <info> app: hr,170,-28746, -11.00 ,-1
 0> <info> app: hr,171,-28744, -11.00 ,-1
 0> <info> app: hr,172,-28740, -13.00 ,-1
 0> <info> app: hr,173,-28724, -13.00 ,-1
 0> <info> app: hr,174,-28740, -14.00 ,-1
 0> <info> app: hr,175,-28715, -15.00 ,-1
 0> <info> app: hr,176,-28732, -16.00 ,-1
 0> <info> app: hr,177,-28732, -16.00 ,-1
 0> <info> app: hr,178,-28728, -17.00 ,-1
 0> <info> app: hr,179,-28738, -18.00 ,-1
 0> <info> app: hr,180,-28733, -18.00 ,-1
 0> <info> app: hr,181,-28742, -20.00 ,-1
 0> <info> app: hr,182,-28748, -20.00 ,-1
 0> <info> app: hr,183,-28774, -21.00 ,-1
 0> <info> app: hr,184,-28756, -20.00 ,-1
 0> <info> app: hr,185,-28775, -20.00 ,-1
 0> <info> app: hr,186,-28792, -20.00 ,-1
 0> <info> app: hr,187,-28787, -20.00 ,-1
 0> <info> app: hr,188,-28778, -19.00 ,-1
 0> <info> app: hr,189,-28776, -19.00 ,-1
 0> <info> app: hr,190,-28792, -18.00 ,-1
 0> <info> app: hr,191,-28803, -17.00 ,-1
 0> <info> app: hr,192,-28796, -16.00 ,-1
 0> <info> app: hr,193,-28802, -16.00 ,-1
 0> <info> app: hr,194,-28798, -15.00 ,-1
 0> <info> app: hr,195,-28813, -13.00 ,-1
 0> <info> app: hr,196,-28806, -12.00 ,-1
 0> <info> app: hr,197,-28808, -11.00 ,-1
 0> <info> app: hr,198,-28803, -9.00 ,-1
 0> <info> app: hr,199,-28791, -8.00 ,-1
 0> <info> app: hr,200,-28804, -6.00 ,-1
 0> <info> app: hr,201,-28802, -5.00 ,-1
 0> <info> app: hr,202,-28810, -3.00 ,-1
 0> <info> app: hr,203,-28805, -2.00 ,-1
 0> <info> app: hr,204,-28799, 0.00 ,0
 0> <info> app: hr,205,-28801, 0.00 ,0
 0> <info> app: hr,206,-28806, 2.00 ,0
 0> <info> app: hr,207,-28793, 3.00 ,1
 0> <info> app: hr,208,-28796, 4.00 ,1
 0> <info> app: hr,209,-28794, 5.00 ,1
 0> <info> app: hr,210,-28803, 6.00 ,1
 0> <info> app: hr,211,-28801, 8.00 ,1
 0> <info> app: hr,212,-28802, 8.00 ,1
 0> <info> app: hr,213,-28824, 9.00 ,1
 0> <info> app: hr,214,-28807, 10.00 ,1
 0> <info> app: hr,215,-28792, 11.00 ,1
 0> <info> app: hr,216,-28801, 11.00 ,1
 0> <info> app: hr,217,-28799, 12.00 ,1
 0> <info> app: hr,218,-28804, 13.00 ,1
 0> <info> app: hr,219,-28797, 13.00 ,1
 0> <info> app: hr,220,-28797, 14.00 ,1
 0> <info> app: hr,221,-28795, 14.00 ,1
 0> <info> app: hr,222,-28808, 14.00 ,1
 0> <info> app: hr,223,-28809, 14.00 ,1
 0> <info> app: hr,224,-28803, 15.00 ,1
 0> <info> app: hr,225,-28791, 15.00 ,1
 0> <info> app: hr,226,-28795, 15.00 ,1
 0> <info> app: hr,227,-28794, 15.00 ,1
 0> <info> app: hr,228,-28784, 16.00 ,1
 0> <info> app: hr,229,-28793, 15.00 ,1
 0> <info> app: hr,230,-28790, 15.00 ,1
 0> <info> app: hr,231,-28786, 14.00 ,0
 0> <info> app: hr,232,-28786, 15.00 ,1
 0> <info> app: hr,233,-28790, 14.00 ,0
 0> <info> app: hr,234,-28788, 13.00 ,0
 0> <info> app: hr,235,-28802, 13.00 ,0
 0> <info> app: hr,236,-28795, 13.00 ,0
 0> <info> app: hr,237,-28785, 12.00 ,0
 0> <info> app: hr,238,-28797, 11.00 ,-1
 0> <info> app: hr,239,-28783, 12.00 ,0
 0> <info> app: hr,240,-28775, 11.00 ,0
 0> <info> app: hr,241,-28790, 11.00 ,0
 0> <info> app: hr,242,-28782, 10.00 ,0
 0> <info> app: hr,243,-28765, 10.00 ,0
 0> <info> app: hr,244,-28771, 8.00 ,-1
 0> <info> app: hr,245,-28792, 8.00 ,0
 0> <info> app: hr,246,-28762, 7.00 ,-1
 0> <info> app: hr,247,-28771, 6.00 ,-1
 0> <info> app: hr,248,-28760, 5.00 ,0
 0> <info> app: hr,249,-28766, 5.00 ,0
 0> <info> app: hr,250,-28759, 4.00 ,0
 0> <info> app: hr,251,-28762, 3.00 ,0
 0> <info> app: hr,252,-28773, 2.00 ,-1
 0> <info> app: hr,253,-28762, 1.00 ,-1
 0> <info> app: hr,254,-28763, 0.00 ,0
 0> <info> app: hr,255,-28759, 0.00 ,0
 0> <info> app: hr,256,-28767, -1.00 ,0
 0> <info> app: hr,257,-28751, -2.00 ,0
 0> <info> app: hr,258,-28749, -3.00 ,-1
 0> <info> app: hr,259,-28737, -3.00 ,0
 0> <info> app: hr,260,-28748, -4.00 ,0
 0> <info> app: hr,261,-28740, -5.00 ,0
 0> <info> app: hr,262,-28744, -6.00 ,0
 0> <info> app: hr,263,-28744, -7.00 ,0
 0> <info> app: hr,264,-28738, -8.00 ,0
 0> <info> app: hr,265,-28733, -9.00 ,-1
 0> <info> app: hr,266,-28738, -10.00 ,-1
 0> <info> app: hr,267,-28743, -11.00 ,0
 0> <info> app: hr,268,-28774, -12.00 ,0
 0> <info> app: hr,269,-28771, -12.00 ,0
 0> <info> app: hr,270,-28774, -13.00 ,0
 0> <info> app: hr,271,-28779, -13.00 ,0
 0> <info> app: hr,272,-28794, -13.00 ,0
 0> <info> app: hr,273,-28771, -14.00 ,0
 0> <info> app: hr,274,-28794, -14.00 ,0
 0> <info> app: hr,275,-28786, -13.00 ,0
 0> <info> app: hr,276,-28799, -14.00 ,0
 0> <info> app: hr,277,-28811, -13.00 ,0
 0> <info> app: hr,278,-28817, -12.00 ,0
 0> <info> app: hr,279,-28801, -12.00 ,0
 0> <info> app: hr,280,-28815, -11.00 ,0
 0> <info> app: hr,281,-28814, -10.00 ,0
 0> <info> app: hr,282,-28811, -9.00 ,1
 0> <info> app: hr,283,-28812, -8.00 ,1
 0> <info> app: hr,284,-28831, -7.00 ,0
 0> <info> app: hr,285,-28831, -6.00 ,0
 0> <info> app: hr,286,-28814, -4.00 ,0
 0> <info> app: hr,287,-28829, -3.00 ,0
 0> <info> app: hr,288,-28823, -2.00 ,0
 0> <info> app: hr,289,-28834, 0.00 ,0
 0> <info> app: hr,290,-28822, 0.00 ,0
 0> <info> app: hr,291,-28821, 2.00 ,0
 0> <info> app: hr,292,-28838, 3.00 ,0
 0> <info> app: hr,293,-28827, 5.00 ,1
 0> <info> app: hr,294,-28836, 6.00 ,1
 0> <info> app: hr,295,-28836, 7.00 ,1
 0> <info> app: hr,296,-28845, 9.00 ,1
 0> <info> app: hr,297,-28851, 10.00 ,1
 0> <info> app: hr,298,-28838, 12.00 ,1
 0> <info> app: hr,299,-28840, 13.00 ,1
 0> <info> app: hr,300,-28846, 15.00 ,1
 0> <info> app: hr,301,-28836, 16.00 ,1
 0> <info> app: hr,302,-28843, 16.00 ,1
 0> <info> app: hr,303,-28843, 17.00 ,1
 0> <info> app: hr,304,-28844, 18.00 ,1
 0> <info> app: hr,305,-28823, 19.00 ,1
 0> <info> app: hr,306,-28822, 20.00 ,1
 0> <info> app: hr,307,-28820, 21.00 ,1
 0> <info> app: hr,308,-28820, 22.00 ,1
 0> <info> app: hr,309,-28835, 22.00 ,1
 0> <info> app: hr,310,-28839, 23.00 ,1
 0> <info> app: hr,311,-28826, 23.00 ,1
 0> <info> app: hr,312,-28831, 24.00 ,1
 0> <info> app: hr,313,-28823, 23.00 ,1
 0> <info> app: hr,314,-28823, 23.00 ,1
 0> <info> app: hr,315,-28826, 23.00 ,0
 0> <info> app: hr,316,-28836, 23.00 ,1
 0> <info> app: hr,317,-28822, 24.00 ,0
 0> <info> app: hr,318,-28825, 23.00 ,0
 0> <info> app: hr,319,-28820, 22.00 ,0
 0> <info> app: hr,320,-28825, 22.00 ,0
 0> <info> app: hr,321,-28826, 22.00 ,0
 0> <info> app: hr,322,-28827, 22.00 ,0
 0> <info> app: hr,323,-28815, 21.00 ,0
 0> <info> app: hr,324,-28827, 21.00 ,0
 0> <info> app: hr,325,-28820, 20.00 ,0
 0> <info> app: hr,326,-28812, 20.00 ,0
 0> <info> app: hr,327,-28822, 19.00 ,0
 0> <info> app: hr,328,-28826, 18.00 ,0
 0> <info> app: hr,329,-28818, 18.00 ,0
 0> <info> app: hr,330,-28809, 17.00 ,0
 0> <info> app: hr,331,-28811, 16.00 ,-1
 0> <info> app: hr,332,-28821, 15.00 ,-1
 0> <info> app: hr,333,-28813, 14.00 ,-1
 0> <info> app: hr,334,-28813, 14.00 ,0
 0> <info> app: hr,335,-28811, 13.00 ,0
 0> <info> app: hr,336,-28806, 12.00 ,0
 0> <info> app: hr,337,-28802, 11.00 ,-1
 0> <info> app: hr,338,-28808, 10.00 ,-1
 0> <info> app: hr,339,-28785, 10.00 ,0
 0> <info> app: hr,340,-28805, 8.00 ,-1
 0> <info> app: hr,341,-28807, 8.00 ,0
 0> <info> app: hr,342,-28808, 6.00 ,-1
 0> <info> app: hr,343,-28797, 6.00 ,-1
 0> <info> app: hr,344,-28803, 5.00 ,0
 0> <info> app: hr,345,-28806, 3.00 ,-1
 0> <info> app: hr,346,-28795, 3.00 ,-1
 0> <info> app: hr,347,-28799, 2.00 ,-1
 0> <info> app: hr,348,-28785, 1.00 ,-1
 0> <info> app: hr,349,-28784, 0.00 ,-1
 0> <info> app: hr,350,-28777, 0.00 ,0
 0> <info> app: hr,351,-28786, -1.00 ,0
 0> <info> app: hr,352,-28780, -2.00 ,0
 0> <info> app: hr,353,-28771, -3.00 ,-1
 0> <info> app: hr,354,-28787, -4.00 ,-1
 0> <info> app: hr,355,-28804, -5.00 ,-1
 0> <info> app: hr,356,-28786, -5.00 ,-1
 0> <info> app: hr,357,-28795, -6.00 ,-1
 0> <info> app: hr,358,-28819, -7.00 ,-1
 0> <info> app: hr,359,-28818, -7.00 ,-1
 0> <info> app: hr,360,-28817, -8.00 ,-1
 0> <info> app: hr,361,-28828, -9.00 ,-1
 0> <info> app: hr,362,-28829, -8.00 ,-1
 0> <info> app: hr,363,-28847, -9.00 ,-1
 0> <info> app: hr,364,-28839, -8.00 ,-1
 0> <info> app: hr,365,-28840, -8.00 ,-1
 0> <info> app: hr,366,-28843, -7.00 ,-1
 0> <info> app: hr,367,-28853, -7.00 ,-1
 0> <info> app: hr,368,-28855, -7.00 ,-1
 0> <info> app: hr,369,-28863, -6.00 ,-1
 0> <info> app: hr,370,-28866, -5.00 ,-1
 0> <info> app: hr,371,-28855, -4.00 ,-1
 0> <info> app: hr,372,-28872, -2.00 ,-1
 0> <info> app: hr,373,-28875, -1.00 ,0
 0> <info> app: hr,374,-28861, 0.00 ,0
 0> <info> app: hr,375,-28859, 0.00 ,0
 0> <info> app: hr,376,-28882, 2.00 ,1
 0> <info> app: hr,377,-28870, 3.00 ,1
 0> <info> app: hr,378,-28881, 5.00 ,1
 0> <info> app: hr,379,-28862, 5.00 ,1
 0> <info> app: hr,380,-28885, 7.00 ,1
 0> <info> app: hr,381,-28864, 9.00 ,1
 0> <info> app: hr,382,-28860, 9.00 ,1
 0> <info> app: hr,383,-28874, 11.00 ,1
 0> <info> app: hr,384,-28868, 12.00 ,1
 0> <info> app: hr,385,-28879, 13.00 ,1
 0> <info> app: hr,386,-28886, 15.00 ,1
 0> <info> app: hr,387,-28881, 16.00 ,1
 0> <info> app: hr,388,-28865, 16.00 ,1
 0> <info> app: hr,389,-28863, 17.00 ,1
 0> <info> app: hr,390,-28865, 18.00 ,1
 0> <info> app: hr,391,-28895, 20.00 ,1
 0> <info> app: hr,392,-28872, 20.00 ,1
 0> <info> app: hr,393,-28864, 21.00 ,1
 0> <info> app: hr,394,-28873, 21.00 ,1
 0> <info> app: hr,395,-28881, 22.00 ,1
 0> <info> app: hr,396,-28889, 22.00 ,1
 0> <info> app: hr,397,-28897, 23.00 ,1
 0> <info> app: hr,398,-28893, 23.00 ,1
 0> <info> app: hr,399,-28885, 24.00 ,1
 0> <info> app: hr,400,-28887, 25.00 ,1
 0> <info> app: hr,401,-28873, 24.00 ,1
 0> <info> app: hr,402,-28881, 25.00 ,1
 0> <info> app: hr,403,-28887, 25.00 ,1
 0> <info> app: hr,404,-28893, 26.00 ,1
 0> <info> app: hr,405,-28883, 25.00 ,1
 0> <info> app: hr,406,-28869, 26.00 ,1
 0> <info> app: hr,407,-28872, 26.00 ,1
 0> <info> app: hr,408,-28872, 25.00 ,1
 0> <info> app: hr,409,-28870, 25.00 ,1
 0> <info> app: hr,410,-28864, 25.00 ,1
 0> <info> app: hr,411,-28889, 24.00 ,1
 0> <info> app: hr,412,-28854, 24.00 ,1
 0> <info> app: hr,413,-28865, 24.00 ,1
 0> <info> app: hr,414,-28855, 24.00 ,1
 0> <info> app: hr,415,-28854, 23.00 ,0
 0> <info> app: hr,416,-28859, 22.00 ,-1
 0> <info> app: hr,417,-28863, 21.00 ,-1
 0> <info> app: hr,418,-28852, 20.00 ,-1
 0> <info> app: hr,419,-28873, 19.00 ,-1
 0> <info> app: hr,420,-28877, 18.00 ,0
 0> <info> app: hr,421,-28859, 18.00 ,0
 0> <info> app: hr,422,-28863, 17.00 ,0
 0> <info> app: hr,423,-28874, 16.00 ,0
 0> <info> app: hr,424,-28856, 16.00 ,0
 0> <info> app: hr,425,-28873, 15.00 ,0
 0> <info> app: hr,426,-28862, 13.00 ,-1
 0> <info> app: hr,427,-28853, 12.00 ,-1
 0> <info> app: hr,428,-28856, 12.00 ,-1
 0> <info> app: hr,429,-28840, 11.00 ,0
 0> <info> app: hr,430,-28837, 10.00 ,-1
 0> <info> app: hr,431,-28843, 9.00 ,-1
 0> <info> app: hr,432,-28849, 8.00 ,-1
 0> <info> app: hr,433,-28839, 7.00 ,-1
 0> <info> app: hr,434,-28847, 6.00 ,-1
 0> <info> app: hr,435,-28840, 5.00 ,-1
 0> <info> app: hr,436,-28847, 4.00 ,-1
 0> <info> app: hr,437,-28839, 3.00 ,-1
 0> <info> app: hr,438,-28830, 2.00 ,-1
 0> <info> app: hr,439,-28824, 1.00 ,-1
 0> <info> app: hr,440,-28824, 0.00 ,-1
 0> <info> app: hr,441,-28813, -1.00 ,-1
 0> <info> app: hr,442,-28829, -1.00 ,0
 0> <info> app: hr,443,-28839, -2.00 ,0
 0> <info> app: hr,444,-28812, -3.00 ,-1
 0> <info> app: hr,445,-28832, -5.00 ,-1
 0> <info> app: hr,446,-28830, -6.00 ,-1
 0> <info> app: hr,447,-28823, -6.00 ,-1
 0> <info> app: hr,448,-28832, -7.00 ,-1
 0> <info> app: hr,449,-28841, -9.00 ,-1
 0> <info> app: hr,450,-28831, -9.00 ,-1
 0> <info> app: hr,451,-28839, -10.00 ,-1
 0> <info> app: hr,452,-28868, -10.00 ,-1
 0> <info> app: hr,453,-28856, -11.00 ,-1
 0> <info> app: hr,454,-28867, -11.00 ,-1
 0> <info> app: hr,455,-28875, -12.00 ,-1
 0> <info> app: hr,456,-28865, -12.00 ,-1
 0> <info> app: hr,457,-28884, -11.00 ,-1
 0> <info> app: hr,458,-28881, -12.00 ,-1
 0> <info> app: hr,459,-28876, -11.00 ,-1
 0> <info> app: hr,460,-28896, -11.00 ,-1
 0> <info> app: hr,461,-28895, -10.00 ,-1
 0> <info> app: hr,462,-28899, -8.00 ,-1
 0> <info> app: hr,463,-28894, -8.00 ,-1
 0> <info> app: hr,464,-28910, -7.00 ,-1
 0> <info> app: hr,465,-28898, -5.00 ,-1
 0> <info> app: hr,466,-28904, -5.00 ,-1
 0> <info> app: hr,467,-28918, -3.00 ,-1
 0> <info> app: hr,468,-28911, -2.00 ,-1
 0> <info> app: hr,469,-28915, 0.00 ,0
 0> <info> app: hr,470,-28899, 0.00 ,0
 0> <info> app: hr,471,-28900, 2.00 ,0
 0> <info> app: hr,472,-28905, 3.00 ,1
 0> <info> app: hr,473,-28900, 4.00 ,1
 0> <info> app: hr,474,-28893, 5.00 ,1
 0> <info> app: hr,475,-28902, 7.00 ,1
 0> <info> app: hr,476,-28895, 8.00 ,1
 0> <info> app: hr,477,-28902, 9.00 ,1
 0> <info> app: hr,478,-28913, 11.00 ,1
 0> <info> app: hr,479,-28913, 11.00 ,1
 0> <info> app: hr,480,-28910, 12.00 ,1
 0> <info> app: hr,481,-28909, 13.00 ,1
 0> <info> app: hr,482,-28908, 14.00 ,1
 0> <info> app: hr,483,-28898, 15.00 ,1
 0> <info> app: hr,484,-28907, 16.00 ,1
 0> <info> app: hr,485,-28907, 17.00 ,1
 0> <info> app: hr,486,-28903, 17.00 ,1
 0> <info> app: hr,487,-28907, 18.00 ,1
 0> <info> app: hr,488,-28914, 18.00 ,1
 0> <info> app: hr,489,-28894, 19.00 ,1
 0> <info> app: hr,490,-28902, 19.00 ,1
 0> <info> app: hr,491,-28912, 19.00 ,1
 0> <info> app: hr,492,-28923, 19.00 ,1
 0> <info> app: hr,493,-28915, 20.00 ,1
 0> <info> app: hr,494,-28917, 20.00 ,1
 0> <info> app: hr,495,-28907, 20.00 ,1
 0> <info> app: hr,496,-28912, 20.00 ,1
 0> <info> app: hr,497,-28907, 21.00 ,1
 0> <info> app: hr,498,-28913, 21.00 ,1
 0> <info> app: hr,499,-28893, 21.00 ,1
 0> <info> app: hr,500,-28897, 21.00 ,1
 0> <info> app: hr,501,-28891, 21.00 ,1
 0> <info> app: hr,502,-28887, 20.00 ,1
 0> <info> app: hr,503,-28889, 20.00 ,1
 0> <info> app: hr,504,-28892, 20.00 ,1
 0> <info> app: hr,505,-28884, 19.00 ,1
 0> <info> app: hr,506,-28875, 19.00 ,1
 0> <info> app: hr,507,-28909, 18.00 ,0
 0> <info> app: hr,508,-28879, 17.00 ,-1
 0> <info> app: hr,509,-28872, 16.00 ,-1
 0> <info> app: hr,510,-28880, 15.00 ,-1
 0> <info> app: hr,511,-28882, 14.00 ,-1
 0> <info> app: hr,512,-28857, 14.00 ,0
 0> <info> app: hr,513,-28888, 13.00 ,0
 0> <info> app: hr,514,-28881, 11.00 ,-1
 0> <info> app: hr,515,-28888, 11.00 ,-1
 0> <info> app: hr,516,-28894, 10.00 ,-1
 0> <info> app: hr,517,-28874, 9.00 ,0
 0> <info> app: hr,518,-28876, 8.00 ,-1
 0> <info> app: hr,519,-28864, 7.00 ,-1
 0> <info> app: hr,520,-28858, 6.00 ,-1
 0> <info> app: hr,521,-28862, 5.00 ,-1
 0> <info> app: hr,522,-28861, 4.00 ,-1
 0> <info> app: hr,523,-28862, 3.00 ,-1
 0> <info> app: hr,524,-28867, 1.00 ,-1
 0> <info> app: hr,525,-28862, 0.00 ,-1
 0> <info> app: hr,526,-28854, 0.00 ,-1
 0> <info> app: hr,527,-28844, -1.00 ,-1
 0> <info> app: hr,528,-28845, -2.00 ,-1
 0> <info> app: hr,529,-28846, -3.00 ,-1
 0> <info> app: hr,530,-28868, -3.00 ,-1
 0> <info> app: hr,531,-28840, -5.00 ,-1
 0> <info> app: hr,532,-28860, -6.00 ,-1
 0> <info> app: hr,533,-28851, -7.00 ,-1
 0> <info> app: hr,534,-28840, -8.00 ,-1
 0> <info> app: hr,535,-28847, -9.00 ,-1
 0> <info> app: hr,536,-28846, -9.00 ,-1
 0> <info> app: hr,537,-28844, -11.00 ,-1
 0> <info> app: hr,538,-28848, -11.00 ,-1
 0> <info> app: hr,539,-28859, -13.00 ,-1
 0> <info> app: hr,540,-28863, -13.00 ,-1
 0> <info> app: hr,541,-28869, -13.00 ,-1
 0> <info> app: hr,542,-28891, -15.00 ,-1
 0> <info> app: hr,543,-28891, -15.00 ,-1
 0> <info> app: hr,544,-28882, -14.00 ,-1
 0> <info> app: hr,545,-28888, -14.00 ,-1
 0> <info> app: hr,546,-28898, -15.00 ,-1
 0> <info> app: hr,547,-28908, -14.00 ,-1
 0> <info> app: hr,548,-28902, -14.00 ,-1
 0> <info> app: hr,549,-28918, -13.00 ,-1
 0> <info> app: hr,550,-28916, -13.00 ,-1
 0> <info> app: hr,551,-28932, -11.00 ,-1
 0> <info> app: hr,552,-28918, -11.00 ,-1
 0> <info> app: hr,553,-28938, -9.00 ,-1
 0> <info> app: hr,554,-28933, -8.00 ,-1
 0> <info> app: hr,555,-28925, -7.00 ,-1
 0> <info> app: hr,556,-28926, -6.00 ,-1
 0> <info> app: hr,557,-28942, -3.00 ,-1
 0> <info> app: hr,558,-28929, -2.00 ,-1
 0> <info> app: hr,559,-28938, -1.00 ,0
 0> <info> app: hr,560,-28938, 0.00 ,0
 0> <info> app: hr,561,-28946, 2.00 ,0
 0> <info> app: hr,562,-28936, 3.00 ,1
 0> <info> app: hr,563,-28939, 5.00 ,1
 0> <info> app: hr,564,-28933, 6.00 ,1
 0> <info> app: hr,565,-28928, 8.00 ,1
 0> <info> app: hr,566,-28930, 10.00 ,1
 0> <info> app: hr,567,-28937, 11.00 ,1
 0> <info> app: hr,568,-28945, 13.00 ,1
 0> <info> app: hr,569,-28928, 13.00 ,1
 0> <info> app: hr,570,-28936, 14.00 ,1
 0> <info> app: hr,571,-28937, 16.00 ,1
 0> <info> app: hr,572,-28957, 17.00 ,1
 0> <info> app: hr,573,-28940, 18.00 ,1
 0> <info> app: hr,574,-28932, 19.00 ,1
 0> <info> app: hr,575,-28936, 20.00 ,1
 0> <info> app: hr,576,-28934, 20.00 ,1
 0> <info> app: hr,577,-28932, 21.00 ,1
 0> <info> app: hr,578,-28920, 22.00 ,1
 0> <info> app: hr,579,-28943, 22.00 ,1
 0> <info> app: hr,580,-28946, 23.00 ,1
 0> <info> app: hr,581,-28944, 23.00 ,1
 0> <info> app: hr,582,-28937, 23.00 ,1
 0> <info> app: hr,583,-28942, 23.00 ,1
 0> <info> app: hr,584,-28935, 24.00 ,1
 0> <info> app: hr,585,-28927, 24.00 ,1
 0> <info> app: hr,586,-28940, 24.00 ,1
 0> <info> app: hr,587,-28934, 24.00 ,1
 0> <info> app: hr,588,-28923, 24.00 ,1
 0> <info> app: hr,589,-28920, 24.00 ,1
 0> <info> app: hr,590,-28919, 24.00 ,1
 0> <info> app: hr,591,-28922, 23.00 ,1
 0> <info> app: hr,592,-28933, 22.00 ,1
 0> <info> app: hr,593,-28903, 22.00 ,1
 0> <info> app: hr,594,-28919, 22.00 ,1
 0> <info> app: hr,595,-28926, 21.00 ,0
 0> <info> app: hr,596,-28927, 20.00 ,-1
 0> <info> app: hr,597,-28928, 20.00 ,-1
 0> <info> app: hr,598,-28935, 19.00 ,0
 0> <info> app: hr,599,-28925, 18.00 ,-1
 0> <info> app: hr,600,-28911, 18.00 ,0
 0> <info> app: hr,601,-28906, 17.00 ,0
 0> <info> app: hr,602,-28921, 16.00 ,-1
 0> <info> app: hr,603,-28915, 15.00 ,-1
 0> <info> app: hr,604,-28910, 14.00 ,-1
 0> <info> app: hr,605,-28913, 13.00 ,0
 0> <info> app: hr,606,-28902, 12.00 ,-1
 0> <info> app: hr,607,-28909, 11.00 ,-1
 0> <info> app: hr,608,-28907, 11.00 ,0
 0> <info> app: hr,609,-28901, 9.00 ,-1
 0> <info> app: hr,610,-28908, 9.00 ,0
 0> <info> app: hr,611,-28883, 7.00 ,-1
 0> <info> app: hr,612,-28888, 6.00 ,-1
 0> <info> app: hr,613,-28885, 6.00 ,0
 0> <info> app: hr,614,-28874, 4.00 ,-1
 0> <info> app: hr,615,-28879, 3.00 ,-1
 0> <info> app: hr,616,-28895, 2.00 ,-1
 0> <info> app: hr,617,-28884, 1.00 ,-1
 0> <info> app: hr,618,-28886, 0.00 ,-1
 0> <info> app: hr,619,-28894, -1.00 ,-1
 0> <info> app: hr,620,-28886, -2.00 ,-1
 0> <info> app: hr,621,-28882, -3.00 ,-1
 0> <info> app: hr,622,-28876, -5.00 ,-1
 0> <info> app: hr,623,-28876, -6.00 ,-1
 0> <info> app: hr,624,-28871, -6.00 ,-1
 0> <info> app: hr,625,-28868, -8.00 ,-1
 0> <info> app: hr,626,-28878, -9.00 ,-1
 0> <info> app: hr,627,-28867, -10.00 ,-1
 0> <info> app: hr,628,-28885, -11.00 ,-1
 0> <info> app: hr,629,-28888, -12.00 ,-1
 0> <info> app: hr,630,-28894, -12.00 ,-1
 0> <info> app: hr,631,-28896, -13.00 ,-1
 0> <info> app: hr,632,-28907, -14.00 ,-1
 0> <info> app: hr,633,-28912, -14.00 ,-1
 0> <info> app: hr,634,-28920, -15.00 ,-1
 0> <info> app: hr,635,-28911, -15.00 ,-1
 0> <info> app: hr,636,-28913, -14.00 ,-1
 0> <info> app: hr,637,-28934, -14.00 ,-1
 0> <info> app: hr,638,-28934, -14.00 ,-1
 0> <info> app: hr,639,-28946, -14.00 ,-1
 0> <info> app: hr,640,-28929, -13.00 ,-1
 0> <info> app: hr,641,-28943, -13.00 ,-1
 0> <info> app: hr,642,-28942, -12.00 ,-1
 0> <info> app: hr,643,-28954, -10.00 ,-1
 0> <info> app: hr,644,-28951, -10.00 ,-1
 0> <info> app: hr,645,-28940, -8.00 ,-1
 0> <info> app: hr,646,-28949, -7.00 ,-1
 0> <info> app: hr,647,-28952, -5.00 ,-1
 0> <info> app: hr,648,-28961, -4.00 ,-1
 0> <info> app: hr,649,-28964, -3.00 ,-1
 0> <info> app: hr,650,-28953, -2.00 ,-1
 0> <info> app: hr,651,-28963, -1.00 ,0
 0> <info> app: hr,652,-28972, 0.00 ,0
 0> <info> app: hr,653,-28970, 1.00 ,0
 0> <info> app: hr,654,-28955, 3.00 ,1
 0> <info> app: hr,655,-28962, 5.00 ,1
 0> <info> app: hr,656,-28971, 6.00 ,1
 0> <info> app: hr,657,-28951, 8.00 ,1
 0> <info> app: hr,658,-28968, 9.00 ,1
 0> <info> app: hr,659,-28963, 11.00 ,1
 0> <info> app: hr,660,-28954, 11.00 ,1
 0> <info> app: hr,661,-28950, 13.00 ,1
 0> <info> app: hr,662,-28967, 14.00 ,1
 0> <info> app: hr,663,-28964, 15.00 ,1
 0> <info> app: hr,664,-28958, 15.00 ,1
 0> <info> app: hr,665,-28959, 17.00 ,1
 0> <info> app: hr,666,-28969, 18.00 ,1
 0> <info> app: hr,667,-28972, 18.00 ,1
 0> <info> app: hr,668,-28960, 19.00 ,1
 0> <info> app: hr,669,-28963, 20.00 ,1
 0> <info> app: hr,670,-28954, 20.00 ,1
 0> <info> app: hr,671,-28973, 21.00 ,1
 0> <info> app: hr,672,-28964, 21.00 ,1
 0> <info> app: hr,673,-28960, 22.00 ,1
 0> <info> app: hr,674,-28954, 22.00 ,1
 0> <info> app: hr,675,-28969, 22.00 ,1
 0> <info> app: hr,676,-28958, 22.00 ,1
 0> <info> app: hr,677,-28948, 22.00 ,1
 0> <info> app: hr,678,-28948, 22.00 ,1
 0> <info> app: hr,679,-28950, 22.00 ,1
 0> <info> app: hr,680,-28963, 22.00 ,1
 0> <info> app: hr,681,-28943, 22.00 ,1
 0> <info> app: hr,682,-28948, 22.00 ,1
 0> <info> app: hr,683,-28948, 21.00 ,1
 0> <info> app: hr,684,-28941, 20.00 ,1
 0> <info> app: hr,685,-28960, 19.00 ,0
 0> <info> app: hr,686,-28954, 19.00 ,0
 0> <info> app: hr,687,-28951, 18.00 ,-1
 0> <info> app: hr,688,-28934, 18.00 ,-1
 0> <info> app: hr,689,-28929, 18.00 ,0
 0> <info> app: hr,690,-28954, 17.00 ,0
 0> <info> app: hr,691,-28928, 16.00 ,-1
 0> <info> app: hr,692,-28946, 15.00 ,-1
 0> <info> app: hr,693,-28920, 14.00 ,-1
 0> <info> app: hr,694,-28918, 13.00 ,0
 0> <info> app: hr,695,-28925, 13.00 ,0
 0> <info> app: hr,696,-28937, 11.00 ,-1
 0> <info> app: hr,697,-28932, 11.00 ,0
 0> <info> app: hr,698,-28933, 9.00 ,-1
 0> <info> app: hr,699,-28922, 8.00 ,-1
 0> <info> app: hr,700,-28925, 7.00 ,-1
 0> <info> app: hr,701,-28928, 7.00 ,-1
 0> <info> app: hr,702,-28927, 5.00 ,-1
 0> <info> app: hr,703,-28916, 4.00 ,-1
 0> <info> app: hr,704,-28906, 3.00 ,-1
 0> <info> app: hr,705,-28904, 2.00 ,-1
 0> <info> app: hr,706,-28914, 1.00 ,-1
 0> <info> app: hr,707,-28917, 0.00 ,-1
 0> <info> app: hr,708,-28919, -1.00 ,-1
 0> <info> app: hr,709,-28912, -1.00 ,-1
 0> <info> app: hr,710,-28910, -2.00 ,-1
 0> <info> app: hr,711,-28919, -3.00 ,-1
 0> <info> app: hr,712,-28897, -4.00 ,-1
 0> <info> app: hr,713,-28891, -6.00 ,-1
 0> <info> app: hr,714,-28886, -7.00 ,-1
 0> <info> app: hr,715,-28895, -7.00 ,-1
 0> <info> app: hr,716,-28903, -9.00 ,-1
 0> <info> app: hr,717,-28887, -9.00 ,-1
 0> <info> app: hr,718,-28901, -11.00 ,-1
 0> <info> app: hr,719,-28875, -11.00 ,-1
 0> <info> app: hr,720,-28884, -13.00 ,-1
 0> <info> app: hr,721,-28883, -13.00 ,-1
 0> <info> app: hr,722,-28890, -14.00 ,-1
 0> <info> app: hr,723,-28889, -16.00 ,-1
 0> <info> app: hr,724,-28883, -16.00 ,-1
 0> <info> app: hr,725,-28907, -17.00 ,-1
 0> <info> app: hr,726,-28912, -18.00 ,-1
 0> <info> app: hr,727,-28923, -18.00 ,-1
 0> <info> app: hr,728,-28928, -18.00 ,-1
 0> <info> app: hr,729,-28929, -19.00 ,-1
 0> <info> app: hr,730,-28933, -19.00 ,-1
 0> <info> app: hr,731,-28938, -19.00 ,-1
 0> <info> app: hr,732,-28948, -18.00 ,-1
 0> <info> app: hr,733,-28949, -18.00 ,-1
 0> <info> app: hr,734,-28974, -17.00 ,-1
 0> <info> app: hr,735,-28967, -17.00 ,-1
 0> <info> app: hr,736,-28969, -16.00 ,-1
 0> <info> app: hr,737,-28970, -15.00 ,-1
 0> <info> app: hr,738,-28962, -13.00 ,-1
 0> <info> app: hr,739,-28977, -12.00 ,-1
 0> <info> app: hr,740,-28968, -11.00 ,-1
 0> <info> app: hr,741,-28980, -9.00 ,-1
 0> <info> app: hr,742,-28976, -8.00 ,-1
 0> <info> app: hr,743,-28991, -6.00 ,-1
 0> <info> app: hr,744,-28979, -4.00 ,-1
 0> <info> app: hr,745,-28976, -3.00 ,-1
 0> <info> app: hr,746,-28984, -1.00 ,0
 0> <info> app: hr,747,-28988, 0.00 ,0
 0> <info> app: hr,748,-28980, 1.00 ,0
 0> <info> app: hr,749,-28999, 3.00 ,1
 0> <info> app: hr,750,-28979, 5.00 ,1
 0> <info> app: hr,751,-28984, 7.00 ,1
 0> <info> app: hr,752,-28981, 9.00 ,1
 0> <info> app: hr,753,-28979, 10.00 ,1
 0> <info> app: hr,754,-28990, 12.00 ,1
 0> <info> app: hr,755,-28981, 13.00 ,1
 0> <info> app: hr,756,-28987, 14.00 ,1
 0> <info> app: hr,757,-28978, 16.00 ,1
 0> <info> app: hr,758,-28988, 17.00 ,1
 0> <info> app: hr,759,-28998, 18.00 ,1
 0> <info> app: hr,760,-28983, 19.00 ,1
 0> <info> app: hr,761,-28994, 20.00 ,1
 0> <info> app: hr,762,-28990, 21.00 ,1
 0> <info> app: hr,763,-29001, 21.00 ,1
 0> <info> app: hr,764,-28992, 22.00 ,1
 0> <info> app: hr,765,-28998, 23.00 ,1
 0> <info> app: hr,766,-28980, 24.00 ,1
 0> <info> app: hr,767,-28989, 24.00 ,1
 0> <info> app: hr,768,-28979, 25.00 ,1
 0> <info> app: hr,769,-28989, 25.00 ,1
 0> <info> app: hr,770,-28985, 26.00 ,1
 0> <info> app: hr,771,-28976, 25.00 ,1
 0> <info> app: hr,772,-28986, 26.00 ,1
 0> <info> app: hr,773,-28970, 26.00 ,1
 0> <info> app: hr,774,-28973, 25.00 ,1
 0> <info> app: hr,775,-28975, 25.00 ,1
 0> <info> app: hr,776,-28976, 25.00 ,1
 0> <info> app: hr,777,-28975, 24.00 ,1
 0> <info> app: hr,778,-28966, 24.00 ,1
 0> <info> app: hr,779,-28971, 24.00 ,1
 0> <info> app: hr,780,-28970, 23.00 ,0
 0> <info> app: hr,781,-28969, 23.00 ,0
 0> <info> app: hr,782,-28960, 21.00 ,-1
 0> <info> app: hr,783,-28957, 21.00 ,-1
 0> <info> app: hr,784,-28964, 20.00 ,-1
 0> <info> app: hr,785,-28963, 19.00 ,-1
 0> <info> app: hr,786,-28958, 18.00 ,0
 0> <info> app: hr,787,-28963, 17.00 ,-1
 0> <info> app: hr,788,-28949, 16.00 ,-1
 0> <info> app: hr,789,-28961, 16.00 ,0
 0> <info> app: hr,790,-28953, 15.00 ,0
 0> <info> app: hr,791,-28954, 13.00 ,-1
 0> <info> app: hr,792,-28958, 12.00 ,-1
 0> <info> app: hr,793,-28961, 11.00 ,-1
 0> <info> app: hr,794,-28954, 10.00 ,-1
 0> <info> app: hr,795,-28946, 9.00 ,-1
 0> <info> app: hr,796,-28936, 8.00 ,-1
 0> <info> app: hr,797,-28923, 7.00 ,-1
 0> <info> app: hr,798,-28930, 5.00 ,-1
 0> <info> app: hr,799,-28941, 4.00 ,-1
 0> <info> app: hr,800,-28944, 3.00 ,-1
 0> <info> app: hr,801,-28926, 2.00 ,-1
 0> <info> app: hr,802,-28924, 1.00 ,-1
 0> <info> app: hr,803,-28931, 0.00 ,-1
 0> <info> app: hr,804,-28930, 0.00 ,-1
 0> <info> app: hr,805,-28913, -2.00 ,-1
 0> <info> app: hr,806,-28914, -3.00 ,-1
 0> <info> app: hr,807,-28918, -4.00 ,-1
 0> <info> app: hr,808,-28918, -6.00 ,-1
 0> <info> app: hr,809,-28919, -8.00 ,-1
 0> <info> app: hr,810,-28913, -8.00 ,-1
 0> <info> app: hr,811,-28924, -10.00 ,-1
 0> <info> app: hr,812,-28911, -10.00 ,-1
 0> <info> app: hr,813,-28905, -12.00 ,-1
 0> <info> app: hr,814,-28887, -13.00 ,-1
 0> <info> app: hr,815,-28903, -14.00 ,-1
 0> <info> app: hr,816,-28891, -15.00 ,-1
 0> <info> app: hr,817,-28934, -16.00 ,-1
 0> <info> app: hr,818,-28927, -17.00 ,-1
 0> <info> app: hr,819,-28940, -18.00 ,-1
 0> <info> app: hr,820,-28930, -18.00 ,-1
 0> <info> app: hr,821,-28929, -19.00 ,-1
 0> <info> app: hr,822,-28954, -19.00 ,-1
 0> <info> app: hr,823,-28959, -20.00 ,-1
 0> <info> app: hr,824,-28969, -20.00 ,-1
 0> <info> app: hr,825,-28966, -20.00 ,-1
 0> <info> app: hr,826,-28974, -19.00 ,-1
 0> <info> app: hr,827,-28985, -19.00 ,-1
 0> <info> app: hr,828,-28986, -18.00 ,-1
 0> <info> app: hr,829,-28970, -17.00 ,-1
 0> <info> app: hr,830,-28985, -16.00 ,-1
 0> <info> app: hr,831,-28974, -16.00 ,-1
 0> <info> app: hr,832,-29003, -14.00 ,-1
 0> <info> app: hr,833,-28991, -13.00 ,-1
 0> <info> app: hr,834,-28986, -11.00 ,-1
 0> <info> app: hr,835,-29004, -10.00 ,-1
 0> <info> app: hr,836,-29016, -8.00 ,-1
 0> <info> app: hr,837,-29005, -7.00 ,-1
 0> <info> app: hr,838,-29001, -4.00 ,-1
 0> <info> app: hr,839,-29016, -3.00 ,-1
 0> <info> app: hr,840,-29001, -1.00 ,-1
 0> <info> app: hr,841,-28992, 0.00 ,0
 0> <info> app: hr,842,-29004, 1.00 ,0
 0> <info> app: hr,843,-28991, 3.00 ,1
 0> <info> app: hr,844,-29009, 5.00 ,1
 0> <info> app: hr,845,-28994, 7.00 ,1
 0> <info> app: hr,846,-28998, 8.00 ,1
 0> <info> app: hr,847,-29000, 9.00 ,1
 0> <info> app: hr,848,-29005, 10.00 ,1
 0> <info> app: hr,849,-29001, 12.00 ,1
 0> <info> app: hr,850,-29004, 13.00 ,1
 0> <info> app: hr,851,-28997, 14.00 ,1
 0> <info> app: hr,852,-29006, 16.00 ,1
 0> <info> app: hr,853,-28984, 16.00 ,1
 0> <info> app: hr,854,-29005, 17.00 ,1
 0> <info> app: hr,855,-29002, 18.00 ,1
 0> <info> app: hr,856,-29003, 19.00 ,1
 0> <info> app: hr,857,-29003, 19.00 ,1
 0> <info> app: hr,858,-29017, 20.00 ,1
 0> <info> app: hr,859,-28994, 20.00 ,1
 0> <info> app: hr,860,-29024, 21.00 ,1
 0> <info> app: hr,861,-28990, 21.00 ,1
 0> <info> app: hr,862,-28990, 22.00 ,1
 0> <info> app: hr,863,-29002, 22.00 ,1
 0> <info> app: hr,864,-29001, 23.00 ,1
 0> <info> app: hr,865,-28995, 23.00 ,1
 0> <info> app: hr,866,-28992, 22.00 ,1
 0> <info> app: hr,867,-28989, 22.00 ,0
 0> <info> app: hr,868,-28991, 22.00 ,1
 0> <info> app: hr,869,-28982, 22.00 ,0
 0> <info> app: hr,870,-28992, 22.00 ,0
 0> <info> app: hr,871,-28986, 22.00 ,0
 0> <info> app: hr,872,-28980, 21.00 ,0
 0> <info> app: hr,873,-28974, 21.00 ,-1
 0> <info> app: hr,874,-28967, 20.00 ,0
 0> <info> app: hr,875,-28989, 19.00 ,-1
 0> <info> app: hr,876,-28976, 19.00 ,0
 0> <info> app: hr,877,-28975, 18.00 ,0
 0> <info> app: hr,878,-28990, 17.00 ,-1
 0> <info> app: hr,879,-28969, 16.00 ,-1
 0> <info> app: hr,880,-28979, 15.00 ,-1
 0> <info> app: hr,881,-28966, 14.00 ,0
 0> <info> app: hr,882,-28981, 13.00 ,-1
 0> <info> app: hr,883,-28986, 12.00 ,-1
 0> <info> app: hr,884,-28965, 11.00 ,-1
 0> <info> app: hr,885,-28957, 10.00 ,-1
 0> <info> app: hr,886,-28963, 9.00 ,-1
 0> <info> app: hr,887,-28958, 8.00 ,-1
 0> <info> app: hr,888,-28947, 7.00 ,-1
 0> <info> app: hr,889,-28959, 6.00 ,-1
 0> <info> app: hr,890,-28947, 5.00 ,-1
 0> <info> app: hr,891,-28962, 3.00 ,-1
 0> <info> app: hr,892,-28952, 2.00 ,-1
 0> <info> app: hr,893,-28964, 1.00 ,-1
 0> <info> app: hr,894,-28941, 0.00 ,-1
 0> <info> app: hr,895,-28951, 0.00 ,-1
 0> <info> app: hr,896,-28942, -1.00 ,-1
 0> <info> app: hr,897,-28941, -2.00 ,-1
 0> <info> app: hr,898,-28938, -3.00 ,-1
 0> <info> app: hr,899,-28942, -5.00 ,-1
 0> <info> app: hr,900,-28953, -5.00 ,-1
 0> <info> app: hr,901,-28944, -6.00 ,-1
 0> <info> app: hr,902,-28959, -8.00 ,-1
 0> <info> app: hr,903,-28956, -8.00 ,-1
 0> <info> app: hr,904,-28944, -9.00 ,-1
 0> <info> app: hr,905,-28963, -9.00 ,-1
 0> <info> app: hr,906,-28987, -11.00 ,-1
 0> <info> app: hr,907,-28983, -11.00 ,-1
 0> <info> app: hr,908,-28996, -12.00 ,-1
 0> <info> app: hr,909,-28981, -11.00 ,-1
 0> <info> app: hr,910,-29010, -12.00 ,-1
 0> <info> app: hr,911,-28998, -11.00 ,-1
 0> <info> app: hr,912,-29005, -11.00 ,-1
 0> <info> app: hr,913,-29016, -11.00 ,-1
 0> <info> app: hr,914,-29009, -10.00 ,-1
 0> <info> app: hr,915,-29014, -9.00 ,-1
 0> <info> app: hr,916,-29006, -8.00 ,-1
 0> <info> app: hr,917,-29010, -7.00 ,-1
 0> <info> app: hr,918,-29010, -6.00 ,-1
 0> <info> app: hr,919,-29011, -5.00 ,-1
 0> <info> app: hr,920,-29016, -4.00 ,-1
 0> <info> app: hr,921,-29029, -3.00 ,-1
 0> <info> app: hr,922,-29011, -1.00 ,0
 0> <info> app: hr,923,-29041, 0.00 ,0
 0> <info> app: hr,924,-29035, 0.00 ,0
 0> <info> app: hr,925,-29022, 1.00 ,0
 0> <info> app: hr,926,-29035, 3.00 ,1
 0> <info> app: hr,927,-29039, 3.00 ,1
 0> <info> app: hr,928,-29030, 5.00 ,1
 0> <info> app: hr,929,-29018, 7.00 ,1
 0> <info> app: hr,930,-29038, 8.00 ,1
 0> <info> app: hr,931,-29035, 9.00 ,1
 0> <info> app: hr,932,-29027, 11.00 ,1
 0> <info> app: hr,933,-29034, 11.00 ,1
 0> <info> app: hr,934,-29023, 13.00 ,1
 0> <info> app: hr,935,-29020, 14.00 ,1
 0> <info> app: hr,936,-29031, 15.00 ,1
 0> <info> app: hr,937,-29040, 15.00 ,1
 0> <info> app: hr,938,-29045, 17.00 ,1
 0> <info> app: hr,939,-29033, 18.00 ,1
 0> <info> app: hr,940,-29039, 18.00 ,1
 0> <info> app: hr,941,-29025, 19.00 ,1
 0> <info> app: hr,942,-29022, 20.00 ,1
 0> <info> app: hr,943,-29014, 20.00 ,1
 0> <info> app: hr,944,-29032, 21.00 ,1
 0> <info> app: hr,945,-29035, 21.00 ,1
 0> <info> app: hr,946,-29019, 22.00 ,1
 0> <info> app: hr,947,-29041, 22.00 ,1
 0> <info> app: hr,948,-29027, 22.00 ,1
 0> <info> app: hr,949,-29034, 21.00 ,0
 0> <info> app: hr,950,-29033, 22.00 ,1
 0> <info> app: hr,951,-29034, 22.00 ,0
 0> <info> app: hr,952,-29027, 22.00 ,0
 0> <info> app: hr,953,-29032, 22.00 ,0
 0> <info> app: hr,954,-29023, 22.00 ,0
 0> <info> app: hr,955,-29008, 22.00 ,0
 0> <info> app: hr,956,-29021, 22.00 ,0
 0> <info> app: hr,957,-29016, 21.00 ,-1
 0> <info> app: hr,958,-29006, 20.00 ,-1
 0> <info> app: hr,959,-29014, 20.00 ,0
 0> <info> app: hr,960,-29005, 19.00 ,0
 0> <info> app: hr,961,-29020, 19.00 ,0
 0> <info> app: hr,962,-29031, 18.00 ,0
 0> <info> app: hr,963,-29006, 17.00 ,0
 0> <info> app: hr,964,-29012, 16.00 ,-1
 0> <info> app: hr,965,-29010, 16.00 ,0
 0> <info> app: hr,966,-29000, 15.00 ,0
 0> <info> app: hr,967,-29002, 14.00 ,0
 0> <info> app: hr,968,-29002, 13.00 ,-1
 0> <info> app: hr,969,-29003, 13.00 ,0
 0> <info> app: hr,970,-29000, 12.00 ,0
 0> <info> app: hr,971,-28986, 10.00 ,-1
 0> <info> app: hr,972,-28998, 10.00 ,-1
 0> <info> app: hr,973,-28997, 8.00 ,-1
 0> <info> app: hr,974,-28995, 8.00 ,0
 0> <info> app: hr,975,-28977, 6.00 ,-1
 0> <info> app: hr,976,-28980, 5.00 ,-1
 0> <info> app: hr,977,-28971, 5.00 ,-1
 0> <info> app: hr,978,-28989, 4.00 ,-1
 0> <info> app: hr,979,-28976, 2.00 ,-1
 0> <info> app: hr,980,-28992, 0.00 ,-1
 0> <info> app: hr,981,-28967, 0.00 ,-1
 0> <info> app: hr,982,-28970, -1.00 ,-1
 0> <info> app: hr,983,-28974, -2.00 ,-1
 0> <info> app: hr,984,-28983, -3.00 ,-1
 0> <info> app: hr,985,-28974, -4.00 ,-1
 0> <info> app: hr,986,-28972, -5.00 ,-1
 0> <info> app: hr,987,-28963, -6.00 ,-1
 0> <info> app: hr,988,-28954, -8.00 ,-1
 0> <info> app: hr,989,-28961, -8.00 ,-1
 0> <info> app: hr,990,-28959, -10.00 ,-1
 0> <info> app: hr,991,-28952, -10.00 ,-1
 0> <info> app: hr,992,-28955, -12.00 ,-1
 0> <info> app: hr,993,-28963, -13.00 ,-1
 0> <info> app: hr,994,-28966, -13.00 ,-1
 0> <info> app: hr,995,-28976, -15.00 ,-1
 0> <info> app: hr,996,-28981, -16.00 ,-1
 0> <info> app: hr,997,-28998, -16.00 ,-1
 0> <info> app: hr,998,-29011, -17.00 ,-1
 0> <info> app: hr,999,-29013, -17.00 ,-1
 0> <info> app: hr,1000,-29002, -18.00 ,-1
 0> <info> app: hr,1001,-29025, -18.00 ,-1
 0> <info> app: hr,1002,-29034, -17.00 ,-1
 0> <info> app: hr,1003,-29002, -17.00 ,-1
 0> <info> app: hr,1004,-29036, -16.00 ,-1
 0> <info> app: hr,1005,-29035, -15.00 ,-1
 0> <info> app: hr,1006,-29022, -14.00 ,-1
 0> <info> app: hr,1007,-29046, -14.00 ,-1
 0> <info> app: hr,1008,-29028, -12.00 ,-1
 0> <info> app: hr,1009,-29047, -11.00 ,-1
 0> <info> app: hr,1010,-29048, -10.00 ,-1
 0> <info> app: hr,1011,-29037, -8.00 ,-1
 0> <info> app: hr,1012,-29037, -7.00 ,-1
 0> <info> app: hr,1013,-29036, -5.00 ,-1
 0> <info> app: hr,1014,-29040, -4.00 ,-1
 0> <info> app: hr,1015,-29029, -3.00 ,-1
 0> <info> app: [OK]	HR has been calculated 65
 0> <info> app: BATT Reading...
 0> <info> app: Raw 863,SOC 63,BattFullDetect 0, 382V
 0> <info> app: Save 1536356043, 1568, -3346, -17116,
 0> <info> app: [OK]	HR Background stop
 0> <info> app: ^
 0> <info> app: HR A
 0> <info> app: HR C
 0> <info> app: HR D
 0> <info> app: Show HR Result

# Logging stopped @ 27 Nov 2018 14:28:23
