# SEGGER J-Link RTT Viewer V6.16a Terminal Log File
# Compiled: 12:44:10 on Jun  6 2017
# Logging started @ 27 Nov 2018 14:28:31
 0> <info> app: ALERT_BT_CHECK_WAIT_KRY
 0> <info> app: ALERT_BT_CHECK_WAIT_KRY
 0> <info> app: Right Press
 0> <info> app: Right Press
 0> <info> app: BATT Reading...
 0> <info> app: Raw 867,SOC 67,BattFullDetect 0, 384V
 0> <info> app: Save 1536356060, 1605, -3273, -17259,
 0> <info> app: Right Press
 0> <info> app: Right Press
 0> <info> app: [OK]	Max30102 Already and background working is begin
 0> 
 0> <info> app: BATT Reading...
 0> <info> app: Raw 861,SOC 61,BattFullDetect 0, 381V
 0> <info> app: Save 1536356070, 1793, -3326, -17179,
 0> <info> app: BATT Reading...
 0> <info> app: Raw 863,SOC 63,BattFullDetect 0, 382V
 0> <info> app: Save 1536356080, 1888, -3235, -17054,
 0> <info> app: [OK]	HR sample count 1016
 0> 
 0> Plus Signal 1, 110
 0> Minus Signal -1, 125
 0> plus_index 110, minus_index 125, Peak Index, 117,118,, AVR Peak Index, 117, HR 0, Reject out of 30-180.
 0> Plus Signal 1, 564
 0> Minus Signal -1, 591
 0> plus_index 564, minus_index 591, Peak Index, 580,581,583,585,, AVR Peak Index, 582, HR 12, Reject out of 30-180.
 0> Plus Signal 1, 635
 0> Minus Signal -1, 686
 0> plus_index 635, minus_index 686, Peak Index, 670,671,672,673,674,675,676,677,678,, AVR Peak Index, 674, HR 65
 0> Plus Signal 1, 721
 0> Minus Signal -1, 761
 0> plus_index 721, minus_index 761, Peak Index, 750,, AVR Peak Index, 750, HR 78
 0> Plus Signal 1, 808
 0> Minus Signal -1, 851
 0> plus_index 808, minus_index 851, Peak Index, 834,835,838,839,840,841,, AVR Peak Index, 837, HR 68
 0> Plus Signal 1, 908
 0> Minus Signal -1, 938
 0> plus_index 908, minus_index 938, Peak Index, 922,923,925,926,927,928,929,931,, AVR Peak Index, 926, HR 67<info> app: HR>>>
 0> 65,67,68,78, sum div 13, 4<info> app: HR final>>>
 0> 65,67,68,78,<info> app: 
 0> HR  >>> 69
 0> <info> app: hr,50,-29232, -9.00 ,0
 0> <info> app: hr,51,-29240, -7.00 ,0
 0> <info> app: hr,52,-29224, -6.00 ,0
 0> <info> app: hr,53,-29235, -4.00 ,0
 0> <info> app: hr,54,-29217, -3.00 ,0
 0> <info> app: hr,55,-29235, -2.00 ,0
 0> <info> app: hr,56,-29235, -1.00 ,0
 0> <info> app: hr,57,-29225, 0.00 ,0
 0> <info> app: hr,58,-29234, 0.00 ,0
 0> <info> app: hr,59,-29228, 2.00 ,1
 0> <info> app: hr,60,-29239, 3.00 ,1
 0> <info> app: hr,61,-29233, 4.00 ,1
 0> <info> app: hr,62,-29229, 5.00 ,1
 0> <info> app: hr,63,-29237, 5.00 ,1
 0> <info> app: hr,64,-29243, 6.00 ,1
 0> <info> app: hr,65,-29229, 7.00 ,1
 0> <info> app: hr,66,-29232, 7.00 ,1
 0> <info> app: hr,67,-29238, 8.00 ,1
 0> <info> app: hr,68,-29220, 9.00 ,1
 0> <info> app: hr,69,-29227, 9.00 ,1
 0> <info> app: hr,70,-29199, 10.00 ,1
 0> <info> app: hr,71,-29216, 9.00 ,1
 0> <info> app: hr,72,-29227, 10.00 ,1
 0> <info> app: hr,73,-29214, 10.00 ,1
 0> <info> app: hr,74,-29227, 10.00 ,1
 0> <info> app: hr,75,-29211, 10.00 ,1
 0> <info> app: hr,76,-29212, 10.00 ,1
 0> <info> app: hr,77,-29208, 9.00 ,1
 0> <info> app: hr,78,-29201, 10.00 ,1
 0> <info> app: hr,79,-29212, 9.00 ,1
 0> <info> app: hr,80,-29215, 9.00 ,1
 0> <info> app: hr,81,-29215, 8.00 ,1
 0> <info> app: hr,82,-29201, 8.00 ,1
 0> <info> app: hr,83,-29192, 7.00 ,0
 0> <info> app: hr,84,-29209, 7.00 ,0
 0> <info> app: hr,85,-29198, 6.00 ,-1
 0> <info> app: hr,86,-29198, 5.00 ,-1
 0> <info> app: hr,87,-29194, 5.00 ,0
 0> <info> app: hr,88,-29202, 4.00 ,0
 0> <info> app: hr,89,-29174, 3.00 ,-1
 0> <info> app: hr,90,-29197, 2.00 ,-1
 0> <info> app: hr,91,-29190, 1.00 ,-1
 0> <info> app: hr,92,-29187, 1.00 ,0
 0> <info> app: hr,93,-29174, 0.00 ,0
 0> <info> app: hr,94,-29180, 0.00 ,0
 0> <info> app: hr,95,-29170, -1.00 ,0
 0> <info> app: hr,96,-29158, -2.00 ,0
 0> <info> app: hr,97,-29150, -3.00 ,-1
 0> <info> app: hr,98,-29174, -5.00 ,-1
 0> <info> app: hr,99,-29155, -5.00 ,-1
 0> <info> app: hr,100,-29158, -7.00 ,-1
 0> <info> app: hr,101,-29157, -8.00 ,-1
 0> <info> app: hr,102,-29144, -9.00 ,-1
 0> <info> app: hr,103,-29135, -11.00 ,-1
 0> <info> app: hr,104,-29137, -11.00 ,-1
 0> <info> app: hr,105,-29138, -13.00 ,-1
 0> <info> app: hr,106,-29155, -14.00 ,-1
 0> <info> app: hr,107,-29148, -15.00 ,-1
 0> <info> app: hr,108,-29137, -16.00 ,-1
 0> <info> app: hr,109,-29124, -18.00 ,-1
 0> <info> app: hr,110,-29125, -20.00 ,-1
 0> <info> app: hr,111,-29126, -21.00 ,-1
 0> <info> app: hr,112,-29127, -22.00 ,-1
 0> <info> app: hr,113,-29116, -24.00 ,-1
 0> <info> app: hr,114,-29109, -24.00 ,-1
 0> <info> app: hr,115,-29111, -25.00 ,-1
 0> <info> app: hr,116,-29110, -27.00 ,-1
 0> <info> app: hr,117,-29120, -27.00 ,-1
 0> <info> app: hr,118,-29141, -29.00 ,-1
 0> <info> app: hr,119,-29141, -30.00 ,-1
 0> <info> app: hr,120,-29151, -31.00 ,-1
 0> <info> app: hr,121,-29143, -32.00 ,-1
 0> <info> app: hr,122,-29142, -32.00 ,-1
 0> <info> app: hr,123,-29153, -32.00 ,-1
 0> <info> app: hr,124,-29176, -33.00 ,-1
 0> <info> app: hr,125,-29181, -33.00 ,-1
 0> <info> app: hr,126,-29168, -32.00 ,-1
 0> <info> app: hr,127,-29172, -32.00 ,-1
 0> <info> app: hr,128,-29158, -31.00 ,-1
 0> <info> app: hr,129,-29167, -30.00 ,-1
 0> <info> app: hr,130,-29179, -30.00 ,-1
 0> <info> app: hr,131,-29174, -29.00 ,-1
 0> <info> app: hr,132,-29173, -28.00 ,-1
 0> <info> app: hr,133,-29177, -27.00 ,-1
 0> <info> app: hr,134,-29174, -26.00 ,-1
 0> <info> app: hr,135,-29179, -25.00 ,-1
 0> <info> app: hr,136,-29184, -24.00 ,-1
 0> <info> app: hr,137,-29190, -22.00 ,-1
 0> <info> app: hr,138,-29187, -21.00 ,-1
 0> <info> app: hr,139,-29186, -20.00 ,-1
 0> <info> app: hr,140,-29186, -18.00 ,-1
 0> <info> app: hr,141,-29189, -17.00 ,-1
 0> <info> app: hr,142,-29163, -15.00 ,-1
 0> <info> app: hr,143,-29177, -13.00 ,-1
 0> <info> app: hr,144,-29177, -13.00 ,-1
 0> <info> app: hr,145,-29188, -11.00 ,-1
 0> <info> app: hr,146,-29177, -10.00 ,-1
 0> <info> app: hr,147,-29182, -8.00 ,-1
 0> <info> app: hr,148,-29174, -8.00 ,-1
 0> <info> app: hr,149,-29184, -6.00 ,-1
 0> <info> app: hr,150,-29170, -5.00 ,-1
 0> <info> app: hr,151,-29181, -4.00 ,-1
 0> <info> app: hr,152,-29171, -2.00 ,-1
 0> <info> app: hr,153,-29162, -2.00 ,-1
 0> <info> app: hr,154,-29182, -1.00 ,0
 0> <info> app: hr,155,-29160, 0.00 ,0
 0> <info> app: hr,156,-29174, 0.00 ,0
 0> <info> app: hr,157,-29172, 0.00 ,0
 0> <info> app: hr,158,-29160, 1.00 ,0
 0> <info> app: hr,159,-29164, 1.00 ,0
 0> <info> app: hr,160,-29174, 2.00 ,1
 0> <info> app: hr,161,-29154, 2.00 ,0
 0> <info> app: hr,162,-29182, 3.00 ,1
 0> <info> app: hr,163,-29163, 2.00 ,0
 0> <info> app: hr,164,-29162, 3.00 ,0
 0> <info> app: hr,165,-29164, 3.00 ,0
 0> <info> app: hr,166,-29170, 3.00 ,0
 0> <info> app: hr,167,-29159, 4.00 ,0
 0> <info> app: hr,168,-29155, 4.00 ,0
 0> <info> app: hr,169,-29173, 3.00 ,0
 0> <info> app: hr,170,-29156, 3.00 ,0
 0> <info> app: hr,171,-29150, 3.00 ,0
 0> <info> app: hr,172,-29153, 3.00 ,0
 0> <info> app: hr,173,-29143, 3.00 ,0
 0> <info> app: hr,174,-29143, 2.00 ,0
 0> <info> app: hr,175,-29141, 2.00 ,-1
 0> <info> app: hr,176,-29150, 1.00 ,0
 0> <info> app: hr,177,-29151, 1.00 ,0
 0> <info> app: hr,178,-29138, 1.00 ,0
 0> <info> app: hr,179,-29145, 0.00 ,0
 0> <info> app: hr,180,-29119, 0.00 ,0
 0> <info> app: hr,181,-29125, 0.00 ,0
 0> <info> app: hr,182,-29123, -1.00 ,0
 0> <info> app: hr,183,-29127, -1.00 ,0
 0> <info> app: hr,184,-29118, -2.00 ,-1
 0> <info> app: hr,185,-29116, -3.00 ,-1
 0> <info> app: hr,186,-29110, -4.00 ,-1
 0> <info> app: hr,187,-29109, -5.00 ,-1
 0> <info> app: hr,188,-29119, -6.00 ,-1
 0> <info> app: hr,189,-29118, -7.00 ,-1
 0> <info> app: hr,190,-29105, -8.00 ,-1
 0> <info> app: hr,191,-29111, -9.00 ,-1
 0> <info> app: hr,192,-29085, -11.00 ,-1
 0> <info> app: hr,193,-29107, -11.00 ,-1
 0> <info> app: hr,194,-29105, -12.00 ,-1
 0> <info> app: hr,195,-29088, -13.00 ,-1
 0> <info> app: hr,196,-29092, -14.00 ,-1
 0> <info> app: hr,197,-29101, -15.00 ,-1
 0> <info> app: hr,198,-29101, -17.00 ,-1
 0> <info> app: hr,199,-29079, -18.00 ,-1
 0> <info> app: hr,200,-29086, -19.00 ,-1
 0> <info> app: hr,201,-29083, -19.00 ,-1
 0> <info> app: hr,202,-29078, -20.00 ,-1
 0> <info> app: hr,203,-29066, -21.00 ,-1
 0> <info> app: hr,204,-29064, -23.00 ,-1
 0> <info> app: hr,205,-29051, -24.00 ,-1
 0> <info> app: hr,206,-29062, -24.00 ,-1
 0> <info> app: hr,207,-29053, -25.00 ,-1
 0> <info> app: hr,208,-29062, -27.00 ,-1
 0> <info> app: hr,209,-29050, -28.00 ,-1
 0> <info> app: hr,210,-29056, -29.00 ,-1
 0> <info> app: hr,211,-29066, -30.00 ,-1
 0> <info> app: hr,212,-29044, -31.00 ,-1
 0> <info> app: hr,213,-29043, -32.00 ,-1
 0> <info> app: hr,214,-29046, -33.00 ,-1
 0> <info> app: hr,215,-29057, -33.00 ,-1
 0> <info> app: hr,216,-29064, -35.00 ,-1
 0> <info> app: hr,217,-29061, -35.00 ,-1
 0> <info> app: hr,218,-29070, -36.00 ,-1
 0> <info> app: hr,219,-29079, -36.00 ,-1
 0> <info> app: hr,220,-29068, -36.00 ,-1
 0> <info> app: hr,221,-29077, -37.00 ,-1
 0> <info> app: hr,222,-29074, -37.00 ,-1
 0> <info> app: hr,223,-29068, -37.00 ,-1
 0> <info> app: hr,224,-29086, -37.00 ,-1
 0> <info> app: hr,225,-29079, -36.00 ,-1
 0> <info> app: hr,226,-29083, -36.00 ,-1
 0> <info> app: hr,227,-29090, -35.00 ,-1
 0> <info> app: hr,228,-29091, -35.00 ,-1
 0> <info> app: hr,229,-29083, -34.00 ,-1
 0> <info> app: hr,230,-29085, -33.00 ,-1
 0> <info> app: hr,231,-29078, -32.00 ,-1
 0> <info> app: hr,232,-29090, -32.00 ,-1
 0> <info> app: hr,233,-29086, -30.00 ,-1
 0> <info> app: hr,234,-29092, -30.00 ,-1
 0> <info> app: hr,235,-29071, -28.00 ,-1
 0> <info> app: hr,236,-29108, -28.00 ,-1
 0> <info> app: hr,237,-29073, -26.00 ,-1
 0> <info> app: hr,238,-29092, -25.00 ,-1
 0> <info> app: hr,239,-29077, -24.00 ,-1
 0> <info> app: hr,240,-29105, -23.00 ,-1
 0> <info> app: hr,241,-29062, -22.00 ,-1
 0> <info> app: hr,242,-29071, -21.00 ,-1
 0> <info> app: hr,243,-29093, -20.00 ,-1
 0> <info> app: hr,244,-29087, -18.00 ,-1
 0> <info> app: hr,245,-29074, -17.00 ,-1
 0> <info> app: hr,246,-29063, -16.00 ,-1
 0> <info> app: hr,247,-29080, -15.00 ,-1
 0> <info> app: hr,248,-29078, -15.00 ,-1
 0> <info> app: hr,249,-29078, -14.00 ,-1
 0> <info> app: hr,250,-29071, -13.00 ,-1
 0> <info> app: hr,251,-29084, -12.00 ,-1
 0> <info> app: hr,252,-29084, -12.00 ,-1
 0> <info> app: hr,253,-29060, -11.00 ,-1
 0> <info> app: hr,254,-29080, -11.00 ,-1
 0> <info> app: hr,255,-29063, -10.00 ,-1
 0> <info> app: hr,256,-29062, -9.00 ,-1
 0> <info> app: hr,257,-29079, -8.00 ,-1
 0> <info> app: hr,258,-29073, -8.00 ,-1
 0> <info> app: hr,259,-29083, -7.00 ,-1
 0> <info> app: hr,260,-29068, -7.00 ,-1
 0> <info> app: hr,261,-29062, -6.00 ,-1
 0> <info> app: hr,262,-29065, -6.00 ,-1
 0> <info> app: hr,263,-29064, -7.00 ,-1
 0> <info> app: hr,264,-29058, -6.00 ,-1
 0> <info> app: hr,265,-29077, -6.00 ,-1
 0> <info> app: hr,266,-29044, -6.00 ,-1
 0> <info> app: hr,267,-29060, -5.00 ,-1
 0> <info> app: hr,268,-29068, -5.00 ,-1
 0> <info> app: hr,269,-29051, -6.00 ,-1
 0> <info> app: hr,270,-29070, -6.00 ,-1
 0> <info> app: hr,271,-29062, -5.00 ,-1
 0> <info> app: hr,272,-29049, -6.00 ,-1
 0> <info> app: hr,273,-29044, -6.00 ,-1
 0> <info> app: hr,274,-29059, -5.00 ,-1
 0> <info> app: hr,275,-29048, -6.00 ,-1
 0> <info> app: hr,276,-29052, -6.00 ,-1
 0> <info> app: hr,277,-29036, -6.00 ,-1
 0> <info> app: hr,278,-29041, -6.00 ,-1
 0> <info> app: hr,279,-29052, -7.00 ,-1
 0> <info> app: hr,280,-29021, -7.00 ,-1
 0> <info> app: hr,281,-29025, -8.00 ,-1
 0> <info> app: hr,282,-29038, -8.00 ,-1
 0> <info> app: hr,283,-29032, -8.00 ,-1
 0> <info> app: hr,284,-29019, -9.00 ,-1
 0> <info> app: hr,285,-29021, -9.00 ,-1
 0> <info> app: hr,286,-29046, -10.00 ,-1
 0> <info> app: hr,287,-29027, -11.00 ,-1
 0> <info> app: hr,288,-29019, -12.00 ,-1
 0> <info> app: hr,289,-29024, -12.00 ,-1
 0> <info> app: hr,290,-29007, -12.00 ,-1
 0> <info> app: hr,291,-29006, -13.00 ,-1
 0> <info> app: hr,292,-29007, -14.00 ,-1
 0> <info> app: hr,293,-29002, -14.00 ,-1
 0> <info> app: hr,294,-28991, -16.00 ,-1
 0> <info> app: hr,295,-28998, -16.00 ,-1
 0> <info> app: hr,296,-28999, -17.00 ,-1
 0> <info> app: hr,297,-28989, -18.00 ,-1
 0> <info> app: hr,298,-28999, -18.00 ,-1
 0> <info> app: hr,299,-29000, -19.00 ,-1
 0> <info> app: hr,300,-28983, -20.00 ,-1
 0> <info> app: hr,301,-28990, -21.00 ,-1
 0> <info> app: hr,302,-28982, -22.00 ,-1
 0> <info> app: hr,303,-28998, -23.00 ,-1
 0> <info> app: hr,304,-28995, -24.00 ,-1
 0> <info> app: hr,305,-28975, -25.00 ,-1
 0> <info> app: hr,306,-28978, -25.00 ,-1
 0> <info> app: hr,307,-29000, -26.00 ,-1
 0> <info> app: hr,308,-28981, -27.00 ,-1
 0> <info> app: hr,309,-29011, -27.00 ,-1
 0> <info> app: hr,310,-29006, -27.00 ,-1
 0> <info> app: hr,311,-29014, -28.00 ,-1
 0> <info> app: hr,312,-29013, -28.00 ,-1
 0> <info> app: hr,313,-29012, -28.00 ,-1
 0> <info> app: hr,314,-29013, -28.00 ,-1
 0> <info> app: hr,315,-29015, -28.00 ,-1
 0> <info> app: hr,316,-29019, -28.00 ,-1
 0> <info> app: hr,317,-29024, -27.00 ,-1
 0> <info> app: hr,318,-29023, -27.00 ,-1
 0> <info> app: hr,319,-29009, -26.00 ,-1
 0> <info> app: hr,320,-29023, -26.00 ,-1
 0> <info> app: hr,321,-29030, -25.00 ,-1
 0> <info> app: hr,322,-29025, -24.00 ,-1
 0> <info> app: hr,323,-29028, -23.00 ,-1
 0> <info> app: hr,324,-29027, -22.00 ,-1
 0> <info> app: hr,325,-29022, -21.00 ,-1
 0> <info> app: hr,326,-29024, -21.00 ,-1
 0> <info> app: hr,327,-29031, -20.00 ,-1
 0> <info> app: hr,328,-29034, -19.00 ,-1
 0> <info> app: hr,329,-29021, -17.00 ,-1
 0> <info> app: hr,330,-29020, -16.00 ,-1
 0> <info> app: hr,331,-29020, -15.00 ,-1
 0> <info> app: hr,332,-29015, -14.00 ,-1
 0> <info> app: hr,333,-29024, -14.00 ,-1
 0> <info> app: hr,334,-29017, -12.00 ,-1
 0> <info> app: hr,335,-29022, -11.00 ,-1
 0> <info> app: hr,336,-29013, -11.00 ,-1
 0> <info> app: hr,337,-29021, -9.00 ,-1
 0> <info> app: hr,338,-29022, -9.00 ,-1
 0> <info> app: hr,339,-29020, -8.00 ,-1
 0> <info> app: hr,340,-29021, -7.00 ,-1
 0> <info> app: hr,341,-29008, -6.00 ,-1
 0> <info> app: hr,342,-29007, -6.00 ,-1
 0> <info> app: hr,343,-29016, -6.00 ,-1
 0> <info> app: hr,344,-29011, -4.00 ,-1
 0> <info> app: hr,345,-29014, -4.00 ,-1
 0> <info> app: hr,346,-29004, -4.00 ,-1
 0> <info> app: hr,347,-29018, -4.00 ,-1
 0> <info> app: hr,348,-29003, -3.00 ,-1
 0> <info> app: hr,349,-29008, -2.00 ,-1
 0> <info> app: hr,350,-29009, -2.00 ,-1
 0> <info> app: hr,351,-29010, -2.00 ,-1
 0> <info> app: hr,352,-28998, -2.00 ,-1
 0> <info> app: hr,353,-29003, -2.00 ,-1
 0> <info> app: hr,354,-28987, -2.00 ,-1
 0> <info> app: hr,355,-29001, -2.00 ,-1
 0> <info> app: hr,356,-28986, -2.00 ,-1
 0> <info> app: hr,357,-28990, -2.00 ,-1
 0> <info> app: hr,358,-28990, -2.00 ,-1
 0> <info> app: hr,359,-28985, -3.00 ,-1
 0> <info> app: hr,360,-28978, -3.00 ,-1
 0> <info> app: hr,361,-28993, -4.00 ,-1
 0> <info> app: hr,362,-28980, -3.00 ,-1
 0> <info> app: hr,363,-28982, -4.00 ,-1
 0> <info> app: hr,364,-28990, -5.00 ,-1
 0> <info> app: hr,365,-28965, -5.00 ,-1
 0> <info> app: hr,366,-28981, -5.00 ,-1
 0> <info> app: hr,367,-28958, -6.00 ,-1
 0> <info> app: hr,368,-28964, -7.00 ,-1
 0> <info> app: hr,369,-28970, -7.00 ,-1
 0> <info> app: hr,370,-28969, -8.00 ,-1
 0> <info> app: hr,371,-28961, -9.00 ,-1
 0> <info> app: hr,372,-28968, -9.00 ,-1
 0> <info> app: hr,373,-28953, -10.00 ,-1
 0> <info> app: hr,374,-28954, -11.00 ,-1
 0> <info> app: hr,375,-28957, -12.00 ,-1
 0> <info> app: hr,376,-28960, -12.00 ,-1
 0> <info> app: hr,377,-28959, -13.00 ,-1
 0> <info> app: hr,378,-28953, -14.00 ,-1
 0> <info> app: hr,379,-28958, -15.00 ,-1
 0> <info> app: hr,380,-28937, -15.00 ,-1
 0> <info> app: hr,381,-28952, -16.00 ,-1
 0> <info> app: hr,382,-28947, -17.00 ,-1
 0> <info> app: hr,383,-28940, -18.00 ,-1
 0> <info> app: hr,384,-28946, -18.00 ,-1
 0> <info> app: hr,385,-28932, -19.00 ,-1
 0> <info> app: hr,386,-28928, -20.00 ,-1
 0> <info> app: hr,387,-28934, -20.00 ,-1
 0> <info> app: hr,388,-28927, -21.00 ,-1
 0> <info> app: hr,389,-28933, -22.00 ,-1
 0> <info> app: hr,390,-28918, -23.00 ,-1
 0> <info> app: hr,391,-28929, -23.00 ,-1
 0> <info> app: hr,392,-28925, -23.00 ,-1
 0> <info> app: hr,393,-28916, -24.00 ,-1
 0> <info> app: hr,394,-28938, -25.00 ,-1
 0> <info> app: hr,395,-28926, -26.00 ,-1
 0> <info> app: hr,396,-28918, -26.00 ,-1
 0> <info> app: hr,397,-28899, -27.00 ,-1
 0> <info> app: hr,398,-28891, -28.00 ,-1
 0> <info> app: hr,399,-28909, -28.00 ,-1
 0> <info> app: hr,400,-28898, -29.00 ,-1
 0> <info> app: hr,401,-28915, -29.00 ,-1
 0> <info> app: hr,402,-28926, -30.00 ,-1
 0> <info> app: hr,403,-28924, -30.00 ,-1
 0> <info> app: hr,404,-28943, -31.00 ,-1
 0> <info> app: hr,405,-28933, -30.00 ,-1
 0> <info> app: hr,406,-28941, -31.00 ,-1
 0> <info> app: hr,407,-28927, -30.00 ,-1
 0> <info> app: hr,408,-28930, -31.00 ,-1
 0> <info> app: hr,409,-28925, -30.00 ,-1
 0> <info> app: hr,410,-28926, -31.00 ,-1
 0> <info> app: hr,411,-28953, -30.00 ,-1
 0> <info> app: hr,412,-28955, -29.00 ,-1
 0> <info> app: hr,413,-28950, -29.00 ,-1
 0> <info> app: hr,414,-28935, -28.00 ,-1
 0> <info> app: hr,415,-28967, -27.00 ,-1
 0> <info> app: hr,416,-28946, -27.00 ,-1
 0> <info> app: hr,417,-28949, -25.00 ,-1
 0> <info> app: hr,418,-28950, -24.00 ,-1
 0> <info> app: hr,419,-28950, -24.00 ,-1
 0> <info> app: hr,420,-28943, -23.00 ,-1
 0> <info> app: hr,421,-28937, -21.00 ,-1
 0> <info> app: hr,422,-28933, -20.00 ,-1
 0> <info> app: hr,423,-28946, -19.00 ,-1
 0> <info> app: hr,424,-28941, -18.00 ,-1
 0> <info> app: hr,425,-28950, -17.00 ,-1
 0> <info> app: hr,426,-28945, -16.00 ,-1
 0> <info> app: hr,427,-28947, -16.00 ,-1
 0> <info> app: hr,428,-28947, -14.00 ,-1
 0> <info> app: hr,429,-28957, -13.00 ,-1
 0> <info> app: hr,430,-28944, -12.00 ,-1
 0> <info> app: hr,431,-28939, -12.00 ,-1
 0> <info> app: hr,432,-28943, -10.00 ,-1
 0> <info> app: hr,433,-28940, -10.00 ,-1
 0> <info> app: hr,434,-28943, -9.00 ,-1
 0> <info> app: hr,435,-28950, -8.00 ,-1
 0> <info> app: hr,436,-28928, -7.00 ,-1
 0> <info> app: hr,437,-28943, -7.00 ,-1
 0> <info> app: hr,438,-28939, -5.00 ,-1
 0> <info> app: hr,439,-28921, -5.00 ,-1
 0> <info> app: hr,440,-28930, -5.00 ,-1
 0> <info> app: hr,441,-28926, -5.00 ,-1
 0> <info> app: hr,442,-28939, -3.00 ,-1
 0> <info> app: hr,443,-28927, -3.00 ,-1
 0> <info> app: hr,444,-28934, -3.00 ,-1
 0> <info> app: hr,445,-28931, -3.00 ,-1
 0> <info> app: hr,446,-28928, -3.00 ,-1
 0> <info> app: hr,447,-28923, -2.00 ,-1
 0> <info> app: hr,448,-28946, -2.00 ,-1
 0> <info> app: hr,449,-28920, -2.00 ,-1
 0> <info> app: hr,450,-28910, -2.00 ,-1
 0> <info> app: hr,451,-28915, -2.00 ,-1
 0> <info> app: hr,452,-28906, -3.00 ,-1
 0> <info> app: hr,453,-28903, -3.00 ,-1
 0> <info> app: hr,454,-28909, -2.00 ,-1
 0> <info> app: hr,455,-28923, -3.00 ,-1
 0> <info> app: hr,456,-28917, -3.00 ,-1
 0> <info> app: hr,457,-28909, -4.00 ,-1
 0> <info> app: hr,458,-28911, -4.00 ,-1
 0> <info> app: hr,459,-28892, -5.00 ,-1
 0> <info> app: hr,460,-28903, -5.00 ,-1
 0> <info> app: hr,461,-28896, -5.00 ,-1
 0> <info> app: hr,462,-28886, -6.00 ,-1
 0> <info> app: hr,463,-28914, -6.00 ,-1
 0> <info> app: hr,464,-28885, -7.00 ,-1
 0> <info> app: hr,465,-28886, -8.00 ,-1
 0> <info> app: hr,466,-28894, -8.00 ,-1
 0> <info> app: hr,467,-28880, -9.00 ,-1
 0> <info> app: hr,468,-28881, -9.00 ,-1
 0> <info> app: hr,469,-28887, -11.00 ,-1
 0> <info> app: hr,470,-28872, -11.00 ,-1
 0> <info> app: hr,471,-28895, -12.00 ,-1
 0> <info> app: hr,472,-28882, -12.00 ,-1
 0> <info> app: hr,473,-28866, -13.00 ,-1
 0> <info> app: hr,474,-28876, -14.00 ,-1
 0> <info> app: hr,475,-28880, -15.00 ,-1
 0> <info> app: hr,476,-28859, -15.00 ,-1
 0> <info> app: hr,477,-28884, -16.00 ,-1
 0> <info> app: hr,478,-28867, -17.00 ,-1
 0> <info> app: hr,479,-28862, -18.00 ,-1
 0> <info> app: hr,480,-28859, -18.00 ,-1
 0> <info> app: hr,481,-28857, -19.00 ,-1
 0> <info> app: hr,482,-28859, -20.00 ,-1
 0> <info> app: hr,483,-28847, -20.00 ,-1
 0> <info> app: hr,484,-28877, -21.00 ,-1
 0> <info> app: hr,485,-28858, -22.00 ,-1
 0> <info> app: hr,486,-28841, -23.00 ,-1
 0> <info> app: hr,487,-28829, -23.00 ,-1
 0> <info> app: hr,488,-28854, -23.00 ,-1
 0> <info> app: hr,489,-28839, -24.00 ,-1
 0> <info> app: hr,490,-28849, -25.00 ,-1
 0> <info> app: hr,491,-28840, -26.00 ,-1
 0> <info> app: hr,492,-28838, -26.00 ,-1
 0> <info> app: hr,493,-28847, -27.00 ,-1
 0> <info> app: hr,494,-28838, -28.00 ,-1
 0> <info> app: hr,495,-28844, -28.00 ,-1
 0> <info> app: hr,496,-28830, -29.00 ,-1
 0> <info> app: hr,497,-28835, -28.00 ,-1
 0> <info> app: hr,498,-28851, -29.00 ,-1
 0> <info> app: hr,499,-28852, -29.00 ,-1
 0> <info> app: hr,500,-28866, -30.00 ,-1
 0> <info> app: hr,501,-28872, -30.00 ,-1
 0> <info> app: hr,502,-28870, -30.00 ,-1
 0> <info> app: hr,503,-28864, -29.00 ,-1
 0> <info> app: hr,504,-28858, -30.00 ,-1
 0> <info> app: hr,505,-28877, -29.00 ,-1
 0> <info> app: hr,506,-28866, -29.00 ,-1
 0> <info> app: hr,507,-28863, -28.00 ,-1
 0> <info> app: hr,508,-28885, -27.00 ,-1
 0> <info> app: hr,509,-28872, -27.00 ,-1
 0> <info> app: hr,510,-28876, -26.00 ,-1
 0> <info> app: hr,511,-28869, -25.00 ,-1
 0> <info> app: hr,512,-28874, -24.00 ,-1
 0> <info> app: hr,513,-28871, -23.00 ,-1
 0> <info> app: hr,514,-28876, -22.00 ,-1
 0> <info> app: hr,515,-28875, -21.00 ,-1
 0> <info> app: hr,516,-28883, -20.00 ,-1
 0> <info> app: hr,517,-28884, -19.00 ,-1
 0> <info> app: hr,518,-28894, -18.00 ,-1
 0> <info> app: hr,519,-28883, -17.00 ,-1
 0> <info> app: hr,520,-28880, -15.00 ,-1
 0> <info> app: hr,521,-28881, -14.00 ,-1
 0> <info> app: hr,522,-28886, -14.00 ,-1
 0> <info> app: hr,523,-28877, -12.00 ,-1
 0> <info> app: hr,524,-28890, -11.00 ,-1
 0> <info> app: hr,525,-28884, -10.00 ,-1
 0> <info> app: hr,526,-28870, -8.00 ,-1
 0> <info> app: hr,527,-28878, -8.00 ,-1
 0> <info> app: hr,528,-28885, -6.00 ,-1
 0> <info> app: hr,529,-28872, -6.00 ,-1
 0> <info> app: hr,530,-28886, -5.00 ,-1
 0> <info> app: hr,531,-28876, -3.00 ,-1
 0> <info> app: hr,532,-28879, -3.00 ,-1
 0> <info> app: hr,533,-28882, -2.00 ,-1
 0> <info> app: hr,534,-28870, -2.00 ,-1
 0> <info> app: hr,535,-28888, -1.00 ,0
 0> <info> app: hr,536,-28871, 0.00 ,0
 0> <info> app: hr,537,-28870, 0.00 ,0
 0> <info> app: hr,538,-28885, 0.00 ,0
 0> <info> app: hr,539,-28863, 0.00 ,0
 0> <info> app: hr,540,-28873, 1.00 ,0
 0> <info> app: hr,541,-28878, 1.00 ,0
 0> <info> app: hr,542,-28878, 2.00 ,0
 0> <info> app: hr,543,-28876, 2.00 ,0
 0> <info> app: hr,544,-28878, 2.00 ,0
 0> <info> app: hr,545,-28870, 3.00 ,0
 0> <info> app: hr,546,-28877, 3.00 ,0
 0> <info> app: hr,547,-28860, 3.00 ,0
 0> <info> app: hr,548,-28869, 3.00 ,0
 0> <info> app: hr,549,-28853, 3.00 ,0
 0> <info> app: hr,550,-28870, 3.00 ,0
 0> <info> app: hr,551,-28852, 3.00 ,0
 0> <info> app: hr,552,-28856, 2.00 ,-1
 0> <info> app: hr,553,-28859, 2.00 ,-1
 0> <info> app: hr,554,-28858, 2.00 ,0
 0> <info> app: hr,555,-28854, 2.00 ,0
 0> <info> app: hr,556,-28862, 2.00 ,0
 0> <info> app: hr,557,-28867, 1.00 ,0
 0> <info> app: hr,558,-28873, 1.00 ,-1
 0> <info> app: hr,559,-28860, 1.00 ,0
 0> <info> app: hr,560,-28852, 1.00 ,0
 0> <info> app: hr,561,-28851, 0.00 ,0
 0> <info> app: hr,562,-28853, 0.00 ,0
 0> <info> app: hr,563,-28835, 0.00 ,0
 0> <info> app: hr,564,-28846, 0.00 ,0
 0> <info> app: hr,565,-28846, 0.00 ,0
 0> <info> app: hr,566,-28839, -1.00 ,0
 0> <info> app: hr,567,-28839, -2.00 ,-1
 0> <info> app: hr,568,-28836, -2.00 ,0
 0> <info> app: hr,569,-28823, -3.00 ,-1
 0> <info> app: hr,570,-28836, -4.00 ,-1
 0> <info> app: hr,571,-28835, -5.00 ,-1
 0> <info> app: hr,572,-28839, -5.00 ,-1
 0> <info> app: hr,573,-28822, -6.00 ,-1
 0> <info> app: hr,574,-28836, -7.00 ,-1
 0> <info> app: hr,575,-28809, -7.00 ,-1
 0> <info> app: hr,576,-28823, -8.00 ,-1
 0> <info> app: hr,577,-28818, -9.00 ,-1
 0> <info> app: hr,578,-28822, -10.00 ,-1
 0> <info> app: hr,579,-28815, -11.00 ,-1
 0> <info> app: hr,580,-28805, -11.00 ,-1
 0> <info> app: hr,581,-28818, -12.00 ,-1
 0> <info> app: hr,582,-28814, -13.00 ,-1
 0> <info> app: hr,583,-28816, -14.00 ,-1
 0> <info> app: hr,584,-28824, -14.00 ,-1
 0> <info> app: hr,585,-28824, -15.00 ,-1
 0> <info> app: hr,586,-28824, -16.00 ,-1
 0> <info> app: hr,587,-28840, -16.00 ,-1
 0> <info> app: hr,588,-28836, -16.00 ,-1
 0> <info> app: hr,589,-28850, -17.00 ,-1
 0> <info> app: hr,590,-28837, -18.00 ,-1
 0> <info> app: hr,591,-28871, -18.00 ,-1
 0> <info> app: hr,592,-28860, -17.00 ,-1
 0> <info> app: hr,593,-28870, -17.00 ,-1
 0> <info> app: hr,594,-28871, -17.00 ,-1
 0> <info> app: hr,595,-28868, -16.00 ,-1
 0> <info> app: hr,596,-28868, -15.00 ,-1
 0> <info> app: hr,597,-28871, -14.00 ,-1
 0> <info> app: hr,598,-28855, -14.00 ,-1
 0> <info> app: hr,599,-28884, -13.00 ,-1
 0> <info> app: hr,600,-28880, -12.00 ,-1
 0> <info> app: hr,601,-28872, -11.00 ,-1
 0> <info> app: hr,602,-28874, -10.00 ,-1
 0> <info> app: hr,603,-28877, -9.00 ,-1
 0> <info> app: hr,604,-28878, -7.00 ,-1
 0> <info> app: hr,605,-28881, -7.00 ,-1
 0> <info> app: hr,606,-28871, -5.00 ,-1
 0> <info> app: hr,607,-28874, -4.00 ,-1
 0> <info> app: hr,608,-28875, -3.00 ,-1
 0> <info> app: hr,609,-28870, -2.00 ,-1
 0> <info> app: hr,610,-28876, -1.00 ,0
 0> <info> app: hr,611,-28874, 0.00 ,0
 0> <info> app: hr,612,-28870, 0.00 ,0
 0> <info> app: hr,613,-28880, 1.00 ,0
 0> <info> app: hr,614,-28891, 2.00 ,1
 0> <info> app: hr,615,-28879, 3.00 ,1
 0> <info> app: hr,616,-28876, 4.00 ,1
 0> <info> app: hr,617,-28872, 5.00 ,1
 0> <info> app: hr,618,-28884, 5.00 ,1
 0> <info> app: hr,619,-28865, 6.00 ,1
 0> <info> app: hr,620,-28883, 8.00 ,1
 0> <info> app: hr,621,-28884, 8.00 ,1
 0> <info> app: hr,622,-28888, 9.00 ,1
 0> <info> app: hr,623,-28874, 10.00 ,1
 0> <info> app: hr,624,-28874, 10.00 ,1
 0> <info> app: hr,625,-28873, 10.00 ,1
 0> <info> app: hr,626,-28872, 11.00 ,1
 0> <info> app: hr,627,-28878, 11.00 ,1
 0> <info> app: hr,628,-28865, 11.00 ,1
 0> <info> app: hr,629,-28874, 11.00 ,1
 0> <info> app: hr,630,-28865, 12.00 ,1
 0> <info> app: hr,631,-28848, 12.00 ,1
 0> <info> app: hr,632,-28874, 11.00 ,1
 0> <info> app: hr,633,-28851, 12.00 ,1
 0> <info> app: hr,634,-28861, 11.00 ,1
 0> <info> app: hr,635,-28850, 12.00 ,1
 0> <info> app: hr,636,-28855, 11.00 ,1
 0> <info> app: hr,637,-28857, 10.00 ,1
 0> <info> app: hr,638,-28857, 10.00 ,1
 0> <info> app: hr,639,-28855, 9.00 ,0
 0> <info> app: hr,640,-28857, 9.00 ,0
 0> <info> app: hr,641,-28851, 8.00 ,-1
 0> <info> app: hr,642,-28850, 8.00 ,-1
 0> <info> app: hr,643,-28838, 8.00 ,0
 0> <info> app: hr,644,-28836, 7.00 ,0
 0> <info> app: hr,645,-28855, 6.00 ,-1
 0> <info> app: hr,646,-28850, 5.00 ,-1
 0> <info> app: hr,647,-28845, 4.00 ,-1
 0> <info> app: hr,648,-28845, 4.00 ,0
 0> <info> app: hr,649,-28839, 3.00 ,0
 0> <info> app: hr,650,-28841, 3.00 ,0
 0> <info> app: hr,651,-28831, 1.00 ,-1
 0> <info> app: hr,652,-28835, 0.00 ,-1
 0> <info> app: hr,653,-28823, 0.00 ,-1
 0> <info> app: hr,654,-28832, 0.00 ,0
 0> <info> app: hr,655,-28825, -1.00 ,0
 0> <info> app: hr,656,-28830, -2.00 ,0
 0> <info> app: hr,657,-28830, -3.00 ,-1
 0> <info> app: hr,658,-28822, -3.00 ,0
 0> <info> app: hr,659,-28830, -4.00 ,0
 0> <info> app: hr,660,-28823, -5.00 ,0
 0> <info> app: hr,661,-28815, -6.00 ,0
 0> <info> app: hr,662,-28819, -7.00 ,0
 0> <info> app: hr,663,-28817, -8.00 ,0
 0> <info> app: hr,664,-28823, -9.00 ,-1
 0> <info> app: hr,665,-28811, -9.00 ,0
 0> <info> app: hr,666,-28804, -11.00 ,0
 0> <info> app: hr,667,-28826, -11.00 ,0
 0> <info> app: hr,668,-28799, -12.00 ,0
 0> <info> app: hr,669,-28819, -13.00 ,0
 0> <info> app: hr,670,-28819, -13.00 ,0
 0> <info> app: hr,671,-28825, -15.00 ,0
 0> <info> app: hr,672,-28812, -15.00 ,-1
 0> <info> app: hr,673,-28834, -15.00 ,0
 0> <info> app: hr,674,-28832, -15.00 ,0
 0> <info> app: hr,675,-28830, -16.00 ,0
 0> <info> app: hr,676,-28854, -17.00 ,0
 0> <info> app: hr,677,-28836, -17.00 ,0
 0> <info> app: hr,678,-28832, -16.00 ,0
 0> <info> app: hr,679,-28832, -16.00 ,0
 0> <info> app: hr,680,-28854, -16.00 ,0
 0> <info> app: hr,681,-28858, -15.00 ,0
 0> <info> app: hr,682,-28871, -16.00 ,0
 0> <info> app: hr,683,-28857, -15.00 ,0
 0> <info> app: hr,684,-28852, -14.00 ,0
 0> <info> app: hr,685,-28862, -13.00 ,1
 0> <info> app: hr,686,-28863, -13.00 ,0
 0> <info> app: hr,687,-28866, -12.00 ,0
 0> <info> app: hr,688,-28880, -11.00 ,0
 0> <info> app: hr,689,-28865, -10.00 ,0
 0> <info> app: hr,690,-28877, -9.00 ,0
 0> <info> app: hr,691,-28881, -8.00 ,0
 0> <info> app: hr,692,-28877, -7.00 ,1
 0> <info> app: hr,693,-28896, -6.00 ,1
 0> <info> app: hr,694,-28867, -5.00 ,0
 0> <info> app: hr,695,-28864, -3.00 ,0
 0> <info> app: hr,696,-28863, -2.00 ,0
 0> <info> app: hr,697,-28871, -1.00 ,0
 0> <info> app: hr,698,-28880, 0.00 ,0
 0> <info> app: hr,699,-28880, 1.00 ,0
 0> <info> app: hr,700,-28885, 2.00 ,0
 0> <info> app: hr,701,-28873, 3.00 ,1
 0> <info> app: hr,702,-28876, 4.00 ,1
 0> <info> app: hr,703,-28879, 5.00 ,1
 0> <info> app: hr,704,-28886, 6.00 ,1
 0> <info> app: hr,705,-28881, 7.00 ,1
 0> <info> app: hr,706,-28881, 7.00 ,1
 0> <info> app: hr,707,-28879, 9.00 ,1
 0> <info> app: hr,708,-28878, 10.00 ,1
 0> <info> app: hr,709,-28894, 10.00 ,1
 0> <info> app: hr,710,-28874, 12.00 ,1
 0> <info> app: hr,711,-28871, 12.00 ,1
 0> <info> app: hr,712,-28878, 12.00 ,1
 0> <info> app: hr,713,-28875, 13.00 ,1
 0> <info> app: hr,714,-28889, 13.00 ,1
 0> <info> app: hr,715,-28865, 14.00 ,1
 0> <info> app: hr,716,-28887, 15.00 ,1
 0> <info> app: hr,717,-28893, 15.00 ,1
 0> <info> app: hr,718,-28894, 15.00 ,1
 0> <info> app: hr,719,-28884, 15.00 ,1
 0> <info> app: hr,720,-28881, 16.00 ,1
 0> <info> app: hr,721,-28892, 16.00 ,1
 0> <info> app: hr,722,-28877, 16.00 ,1
 0> <info> app: hr,723,-28869, 16.00 ,1
 0> <info> app: hr,724,-28864, 16.00 ,1
 0> <info> app: hr,725,-28877, 16.00 ,1
 0> <info> app: hr,726,-28864, 16.00 ,1
 0> <info> app: hr,727,-28882, 16.00 ,1
 0> <info> app: hr,728,-28874, 16.00 ,1
 0> <info> app: hr,729,-28868, 15.00 ,1
 0> <info> app: hr,730,-28863, 15.00 ,1
 0> <info> app: hr,731,-28864, 15.00 ,1
 0> <info> app: hr,732,-28864, 14.00 ,1
 0> <info> app: hr,733,-28856, 14.00 ,1
 0> <info> app: hr,734,-28855, 13.00 ,0
 0> <info> app: hr,735,-28869, 13.00 ,0
 0> <info> app: hr,736,-28861, 12.00 ,-1
 0> <info> app: hr,737,-28863, 11.00 ,-1
 0> <info> app: hr,738,-28864, 11.00 ,0
 0> <info> app: hr,739,-28867, 10.00 ,0
 0> <info> app: hr,740,-28860, 10.00 ,0
 0> <info> app: hr,741,-28854, 8.00 ,-1
 0> <info> app: hr,742,-28846, 8.00 ,0
 0> <info> app: hr,743,-28850, 7.00 ,-1
 0> <info> app: hr,744,-28852, 6.00 ,-1
 0> <info> app: hr,745,-28852, 6.00 ,0
 0> <info> app: hr,746,-28847, 4.00 ,-1
 0> <info> app: hr,747,-28852, 4.00 ,0
 0> <info> app: hr,748,-28855, 3.00 ,-1
 0> <info> app: hr,749,-28856, 3.00 ,0
 0> <info> app: hr,750,-28850, 2.00 ,0
 0> <info> app: hr,751,-28859, 0.00 ,-1
 0> <info> app: hr,752,-28838, 0.00 ,-1
 0> <info> app: hr,753,-28848, 0.00 ,0
 0> <info> app: hr,754,-28855, -1.00 ,0
 0> <info> app: hr,755,-28872, -1.00 ,0
 0> <info> app: hr,756,-28873, -2.00 ,0
 0> <info> app: hr,757,-28878, -2.00 ,0
 0> <info> app: hr,758,-28877, -2.00 ,0
 0> <info> app: hr,759,-28892, -3.00 ,0
 0> <info> app: hr,760,-28899, -3.00 ,0
 0> <info> app: hr,761,-28885, -3.00 ,0
 0> <info> app: hr,762,-28894, -3.00 ,0
 0> <info> app: hr,763,-28905, -2.00 ,0
 0> <info> app: hr,764,-28890, -2.00 ,0
 0> <info> app: hr,765,-28902, -1.00 ,0
 0> <info> app: hr,766,-28912, -1.00 ,0
 0> <info> app: hr,767,-28925, 0.00 ,0
 0> <info> app: hr,768,-28925, 0.00 ,0
 0> <info> app: hr,769,-28917, 0.00 ,0
 0> <info> app: hr,770,-28913, 1.00 ,0
 0> <info> app: hr,771,-28921, 2.00 ,1
 0> <info> app: hr,772,-28921, 3.00 ,1
 0> <info> app: hr,773,-28924, 5.00 ,1
 0> <info> app: hr,774,-28947, 5.00 ,1
 0> <info> app: hr,775,-28939, 6.00 ,1
 0> <info> app: hr,776,-28948, 8.00 ,1
 0> <info> app: hr,777,-28934, 9.00 ,1
 0> <info> app: hr,778,-28951, 11.00 ,1
 0> <info> app: hr,779,-28950, 11.00 ,1
 0> <info> app: hr,780,-28944, 13.00 ,1
 0> <info> app: hr,781,-28928, 14.00 ,1
 0> <info> app: hr,782,-28944, 16.00 ,1
 0> <info> app: hr,783,-28939, 17.00 ,1
 0> <info> app: hr,784,-28938, 19.00 ,1
 0> <info> app: hr,785,-28938, 20.00 ,1
 0> <info> app: hr,786,-28930, 21.00 ,1
 0> <info> app: hr,787,-28947, 22.00 ,1
 0> <info> app: hr,788,-28948, 22.00 ,1
 0> <info> app: hr,789,-28937, 23.00 ,1
 0> <info> app: hr,790,-28944, 24.00 ,1
 0> <info> app: hr,791,-28931, 25.00 ,1
 0> <info> app: hr,792,-28934, 26.00 ,1
 0> <info> app: hr,793,-28956, 25.00 ,1
 0> <info> app: hr,794,-28960, 26.00 ,1
 0> <info> app: hr,795,-28942, 27.00 ,1
 0> <info> app: hr,796,-28942, 27.00 ,1
 0> <info> app: hr,797,-28947, 28.00 ,1
 0> <info> app: hr,798,-28947, 28.00 ,1
 0> <info> app: hr,799,-28934, 28.00 ,1
 0> <info> app: hr,800,-28931, 29.00 ,1
 0> <info> app: hr,801,-28922, 28.00 ,1
 0> <info> app: hr,802,-28928, 28.00 ,1
 0> <info> app: hr,803,-28954, 28.00 ,1
 0> <info> app: hr,804,-28933, 28.00 ,1
 0> <info> app: hr,805,-28942, 28.00 ,1
 0> <info> app: hr,806,-28957, 27.00 ,1
 0> <info> app: hr,807,-28931, 27.00 ,1
 0> <info> app: hr,808,-28947, 26.00 ,0
 0> <info> app: hr,809,-28912, 26.00 ,0
 0> <info> app: hr,810,-28931, 26.00 ,0
 0> <info> app: hr,811,-28944, 25.00 ,-1
 0> <info> app: hr,812,-28935, 24.00 ,-1
 0> <info> app: hr,813,-28946, 24.00 ,0
 0> <info> app: hr,814,-28929, 24.00 ,0
 0> <info> app: hr,815,-28920, 22.00 ,-1
 0> <info> app: hr,816,-28943, 21.00 ,-1
 0> <info> app: hr,817,-28917, 21.00 ,-1
 0> <info> app: hr,818,-28919, 20.00 ,-1
 0> <info> app: hr,819,-28925, 19.00 ,0
 0> <info> app: hr,820,-28923, 18.00 ,-1
 0> <info> app: hr,821,-28913, 18.00 ,0
 0> <info> app: hr,822,-28922, 16.00 ,-1
 0> <info> app: hr,823,-28916, 15.00 ,-1
 0> <info> app: hr,824,-28913, 15.00 ,-1
 0> <info> app: hr,825,-28914, 14.00 ,-1
 0> <info> app: hr,826,-28920, 13.00 ,0
 0> <info> app: hr,827,-28908, 11.00 ,-1
 0> <info> app: hr,828,-28911, 11.00 ,-1
 0> <info> app: hr,829,-28910, 9.00 ,-1
 0> <info> app: hr,830,-28912, 9.00 ,-1
 0> <info> app: hr,831,-28907, 7.00 ,-1
 0> <info> app: hr,832,-28900, 6.00 ,-1
 0> <info> app: hr,833,-28907, 6.00 ,-1
 0> <info> app: hr,834,-28895, 4.00 ,-1
 0> <info> app: hr,835,-28889, 3.00 ,-1
 0> <info> app: hr,836,-28890, 2.00 ,-1
 0> <info> app: hr,837,-28891, 1.00 ,-1
 0> <info> app: hr,838,-28906, 0.00 ,-1
 0> <info> app: hr,839,-28918, 0.00 ,-1
 0> <info> app: hr,840,-28926, -1.00 ,-1
 0> <info> app: hr,841,-28919, -2.00 ,-1
 0> <info> app: hr,842,-28928, -3.00 ,-1
 0> <info> app: hr,843,-28944, -4.00 ,-1
 0> <info> app: hr,844,-28943, -5.00 ,-1
 0> <info> app: hr,845,-28947, -4.00 ,-1
 0> <info> app: hr,846,-28945, -4.00 ,-1
 0> <info> app: hr,847,-28950, -5.00 ,-1
 0> <info> app: hr,848,-28956, -5.00 ,-1
 0> <info> app: hr,849,-28965, -4.00 ,-1
 0> <info> app: hr,850,-28964, -4.00 ,-1
 0> <info> app: hr,851,-28969, -4.00 ,-1
 0> <info> app: hr,852,-28970, -3.00 ,-1
 0> <info> app: hr,853,-28970, -3.00 ,-1
 0> <info> app: hr,854,-28969, -1.00 ,0
 0> <info> app: hr,855,-28972, 0.00 ,0
 0> <info> app: hr,856,-28974, 0.00 ,0
 0> <info> app: hr,857,-28986, 1.00 ,0
 0> <info> app: hr,858,-28983, 2.00 ,1
 0> <info> app: hr,859,-28980, 3.00 ,1
 0> <info> app: hr,860,-28977, 4.00 ,1
 0> <info> app: hr,861,-28980, 5.00 ,1
 0> <info> app: hr,862,-28973, 7.00 ,1
 0> <info> app: hr,863,-28978, 8.00 ,1
 0> <info> app: hr,864,-28990, 9.00 ,1
 0> <info> app: hr,865,-28979, 10.00 ,1
 0> <info> app: hr,866,-28974, 11.00 ,1
 0> <info> app: hr,867,-28995, 12.00 ,1
 0> <info> app: hr,868,-28982, 13.00 ,1
 0> <info> app: hr,869,-28985, 14.00 ,1
 0> <info> app: hr,870,-28971, 15.00 ,1
 0> <info> app: hr,871,-28970, 16.00 ,1
 0> <info> app: hr,872,-28990, 17.00 ,1
 0> <info> app: hr,873,-28999, 17.00 ,1
 0> <info> app: hr,874,-28984, 18.00 ,1
 0> <info> app: hr,875,-28983, 18.00 ,1
 0> <info> app: hr,876,-28992, 19.00 ,1
 0> <info> app: hr,877,-28992, 19.00 ,1
 0> <info> app: hr,878,-28992, 20.00 ,1
 0> <info> app: hr,879,-28966, 21.00 ,1
 0> <info> app: hr,880,-28988, 21.00 ,1
 0> <info> app: hr,881,-28989, 21.00 ,1
 0> <info> app: hr,882,-28996, 22.00 ,1
 0> <info> app: hr,883,-28992, 22.00 ,1
 0> <info> app: hr,884,-28990, 23.00 ,1
 0> <info> app: hr,885,-28986, 23.00 ,1
 0> <info> app: hr,886,-28983, 22.00 ,1
 0> <info> app: hr,887,-28973, 22.00 ,0
 0> <info> app: hr,888,-28985, 23.00 ,1
 0> <info> app: hr,889,-28977, 23.00 ,0
 0> <info> app: hr,890,-28971, 23.00 ,0
 0> <info> app: hr,891,-28980, 23.00 ,0
 0> <info> app: hr,892,-28973, 22.00 ,0
 0> <info> app: hr,893,-28978, 21.00 ,0
 0> <info> app: hr,894,-28966, 21.00 ,0
 0> <info> app: hr,895,-28959, 20.00 ,0
 0> <info> app: hr,896,-28980, 20.00 ,0
 0> <info> app: hr,897,-28957, 19.00 ,0
 0> <info> app: hr,898,-28968, 19.00 ,0
 0> <info> app: hr,899,-28963, 18.00 ,0
 0> <info> app: hr,900,-28948, 17.00 ,0
 0> <info> app: hr,901,-28949, 16.00 ,-1
 0> <info> app: hr,902,-28966, 16.00 ,0
 0> <info> app: hr,903,-28950, 15.00 ,0
 0> <info> app: hr,904,-28939, 13.00 ,-1
 0> <info> app: hr,905,-28955, 12.00 ,-1
 0> <info> app: hr,906,-28946, 12.00 ,-1
 0> <info> app: hr,907,-28956, 10.00 ,-1
 0> <info> app: hr,908,-28938, 9.00 ,-1
 0> <info> app: hr,909,-28965, 8.00 ,-1
 0> <info> app: hr,910,-28943, 7.00 ,-1
 0> <info> app: hr,911,-28941, 5.00 ,-1
 0> <info> app: hr,912,-28940, 5.00 ,-1
 0> <info> app: hr,913,-28944, 4.00 ,-1
 0> <info> app: hr,914,-28941, 3.00 ,-1
 0> <info> app: hr,915,-28932, 1.00 ,-1
 0> <info> app: hr,916,-28938, 0.00 ,-1
 0> <info> app: hr,917,-28918, 0.00 ,-1
 0> <info> app: hr,918,-28935, -1.00 ,-1
 0> <info> app: hr,919,-28937, -3.00 ,-1
 0> <info> app: hr,920,-28928, -4.00 ,-1
 0> <info> app: hr,921,-28919, -4.00 ,-1
 0> <info> app: hr,922,-28919, -5.00 ,-1
 0> <info> app: hr,923,-28928, -7.00 ,-1
 0> <info> app: hr,924,-28915, -7.00 ,-1
 0> <info> app: hr,925,-28915, -9.00 ,-1
 0> <info> app: hr,926,-28920, -10.00 ,-1
 0> <info> app: hr,927,-28924, -11.00 ,-1
 0> <info> app: hr,928,-28932, -11.00 ,-1
 0> <info> app: hr,929,-28930, -13.00 ,-1
 0> <info> app: hr,930,-28933, -13.00 ,-1
 0> <info> app: hr,931,-28949, -14.00 ,-1
 0> <info> app: hr,932,-28943, -15.00 ,-1
 0> <info> app: hr,933,-28945, -15.00 ,-1
 0> <info> app: hr,934,-28955, -15.00 ,-1
 0> <info> app: hr,935,-28954, -16.00 ,-1
 0> <info> app: hr,936,-28972, -16.00 ,-1
 0> <info> app: hr,937,-28960, -16.00 ,-1
 0> <info> app: hr,938,-28974, -15.00 ,-1
 0> <info> app: hr,939,-28969, -15.00 ,-1
 0> <info> app: hr,940,-28963, -15.00 ,-1
 0> <info> app: hr,941,-28970, -14.00 ,-1
 0> <info> app: hr,942,-28977, -13.00 ,-1
 0> <info> app: hr,943,-28973, -12.00 ,-1
 0> <info> app: hr,944,-28982, -12.00 ,-1
 0> <info> app: hr,945,-28981, -11.00 ,-1
 0> <info> app: hr,946,-28989, -10.00 ,-1
 0> <info> app: hr,947,-28974, -9.00 ,-1
 0> <info> app: hr,948,-28987, -8.00 ,-1
 0> <info> app: hr,949,-28985, -6.00 ,-1
 0> <info> app: hr,950,-28984, -6.00 ,-1
 0> <info> app: hr,951,-28981, -5.00 ,-1
 0> <info> app: hr,952,-28981, -3.00 ,-1
 0> <info> app: hr,953,-28966, -2.00 ,-1
 0> <info> app: hr,954,-28979, -1.00 ,0
 0> <info> app: hr,955,-28996, 0.00 ,0
 0> <info> app: hr,956,-28972, 0.00 ,0
 0> <info> app: hr,957,-28979, 1.00 ,0
 0> <info> app: hr,958,-29003, 2.00 ,1
 0> <info> app: hr,959,-28993, 3.00 ,1
 0> <info> app: hr,960,-28974, 5.00 ,1
 0> <info> app: hr,961,-28976, 5.00 ,1
 0> <info> app: hr,962,-28973, 6.00 ,1
 0> <info> app: hr,963,-28979, 7.00 ,1
 0> <info> app: hr,964,-28965, 7.00 ,1
 0> <info> app: hr,965,-28974, 8.00 ,1
 0> <info> app: hr,966,-28974, 9.00 ,1
 0> <info> app: hr,967,-28982, 9.00 ,1
 0> <info> app: hr,968,-28981, 10.00 ,1
 0> <info> app: hr,969,-28976, 10.00 ,1
 0> <info> app: hr,970,-28976, 10.00 ,1
 0> <info> app: hr,971,-28984, 10.00 ,1
 0> <info> app: hr,972,-28977, 11.00 ,1
 0> <info> app: hr,973,-28971, 11.00 ,1
 0> <info> app: hr,974,-28965, 10.00 ,1
 0> <info> app: hr,975,-28972, 11.00 ,1
 0> <info> app: hr,976,-28962, 11.00 ,1
 0> <info> app: hr,977,-28977, 11.00 ,1
 0> <info> app: hr,978,-28965, 11.00 ,1
 0> <info> app: hr,979,-28958, 11.00 ,1
 0> <info> app: hr,980,-28955, 10.00 ,1
 0> <info> app: hr,981,-28956, 11.00 ,1
 0> <info> app: hr,982,-28979, 10.00 ,1
 0> <info> app: hr,983,-28955, 9.00 ,1
 0> <info> app: hr,984,-28960, 9.00 ,1
 0> <info> app: hr,985,-28962, 8.00 ,0
 0> <info> app: hr,986,-28957, 8.00 ,0
 0> <info> app: hr,987,-28938, 8.00 ,0
 0> <info> app: hr,988,-28955, 7.00 ,-1
 0> <info> app: hr,989,-28937, 6.00 ,-1
 0> <info> app: hr,990,-28956, 6.00 ,0
 0> <info> app: hr,991,-28948, 4.00 ,-1
 0> <info> app: hr,992,-28925, 4.00 ,-1
 0> <info> app: hr,993,-28932, 3.00 ,-1
 0> <info> app: hr,994,-28957, 3.00 ,0
 0> <info> app: hr,995,-28950, 1.00 ,0
 0> <info> app: hr,996,-28938, 0.00 ,-1
 0> <info> app: hr,997,-28943, 0.00 ,0
 0> <info> app: hr,998,-28939, 0.00 ,0
 0> <info> app: hr,999,-28936, -1.00 ,0
 0> <info> app: hr,1000,-28945, -2.00 ,0
 0> <info> app: hr,1001,-28919, -3.00 ,-1
 0> <info> app: hr,1002,-28915, -3.00 ,0
 0> <info> app: hr,1003,-28910, -4.00 ,0
 0> <info> app: hr,1004,-28933, -5.00 ,0
 0> <info> app: hr,1005,-28919, -6.00 ,0
 0> <info> app: hr,1006,-28913, -6.00 ,0
 0> <info> app: hr,1007,-28920, -8.00 ,0
 0> <info> app: hr,1008,-28909, -9.00 ,-1
 0> <info> app: hr,1009,-28913, -10.00 ,-1
 0> <info> app: hr,1010,-28909, -11.00 ,0
 0> <info> app: hr,1011,-28898, -12.00 ,0
 0> <info> app: hr,1012,-28915, -12.00 ,0
 0> <info> app: hr,1013,-28903, -14.00 ,0
 0> <info> app: hr,1014,-28896, -14.00 ,0
 0> <info> app: hr,1015,-28903, -15.00 ,0
 0> <info> app: [OK]	HR has been calculated 69
 0> <info> app: [OK]	HR Background stop
 0> <info> app: ^
 0> <info> app: HR A
 0> <info> app: HR C
 0> <info> app: HR D
 0> <info> app: Show HR Result
 0> <info> app: BATT Reading...
 0> <info> app: Raw 864,SOC 64,BattFullDetect 0, 382V
 0> <info> app: Save 1536356090, 1858, -3219, -17213,

# Logging stopped @ 27 Nov 2018 14:29:08
