# SEGGER J-Link RTT Viewer V6.16a Terminal Log File
# Compiled: 12:44:10 on Jun  6 2017
# Logging started @ 27 Nov 2018 14:07:26
 0> <info> app: BATT Reading...
 0> <info> app: Raw 872,SOC 72,BattFullDetect 0, 386V
 0> <info> app: Save 1536355059, 3182, -661, -17350,
 0> <info> app: ALERT_BT_CHECK_WAIT_KRY
 0> <info> app: Right Press
 0> <info> app: Right Press
 0> <info> app: Right Press
 0> <info> app: Right Press
 0> <info> app: [OK]	Max30102 Already and background working is begin
 0> 
 0> <info> app: BATT Reading...
 0> <info> app: Raw 868,SOC 68,BattFullDetect 0, 384V
 0> <info> app: Save 1536355070, 2977, -828, -17312,
 0> <info> app: BATT Reading...
 0> <info> app: Raw 870,SOC 70,BattFullDetect 0, 385V
 0> <info> app: Save 1536355080, 2886, -931, -17385,
 0> <info> app: [OK]	HR sample count 1016
 0> 
 0> Plus Signal 1, 119
 0> Minus Signal -1, 169
 0> plus_index 119, minus_index 169, Peak Index, 150,153,154,157,158,, AVR Peak Index, 154, HR 0, Reject out of 30-180.
 0> Plus Signal 1, 308<info> app: HR>>>
 0>  sum div 0, 0<info> app: HR final>>>
 0> <info> app: 
 0> HR  >>> 0
 0> <info> app: hr,50,-14653, 0.00 ,0
 0> <info> app: hr,51,-14639, 0.00 ,0
 0> <info> app: hr,52,-14651, 1.00 ,0
 0> <info> app: hr,53,-14659, 2.00 ,0
 0> <info> app: hr,54,-14642, 2.00 ,0
 0> <info> app: hr,55,-14658, 3.00 ,0
 0> <info> app: hr,56,-14661, 3.00 ,0
 0> <info> app: hr,57,-14648, 4.00 ,0
 0> <info> app: hr,58,-14663, 5.00 ,0
 0> <info> app: hr,59,-14667, 5.00 ,0
 0> <info> app: hr,60,-14660, 6.00 ,0
 0> <info> app: hr,61,-14657, 6.00 ,0
 0> <info> app: hr,62,-14665, 7.00 ,0
 0> <info> app: hr,63,-14656, 8.00 ,0
 0> <info> app: hr,64,-14660, 9.00 ,1
 0> <info> app: hr,65,-14667, 10.00 ,1
 0> <info> app: hr,66,-14660, 10.00 ,1
 0> <info> app: hr,67,-14666, 11.00 ,1
 0> <info> app: hr,68,-14656, 11.00 ,1
 0> <info> app: hr,69,-14669, 11.00 ,1
 0> <info> app: hr,70,-14673, 12.00 ,1
 0> <info> app: hr,71,-14666, 12.00 ,1
 0> <info> app: hr,72,-14662, 13.00 ,1
 0> <info> app: hr,73,-14665, 13.00 ,1
 0> <info> app: hr,74,-14671, 14.00 ,1
 0> <info> app: hr,75,-14672, 15.00 ,1
 0> <info> app: hr,76,-14665, 15.00 ,1
 0> <info> app: hr,77,-14666, 15.00 ,1
 0> <info> app: hr,78,-14677, 15.00 ,1
 0> <info> app: hr,79,-14671, 15.00 ,1
 0> <info> app: hr,80,-14669, 16.00 ,1
 0> <info> app: hr,81,-14664, 16.00 ,1
 0> <info> app: hr,82,-14658, 16.00 ,1
 0> <info> app: hr,83,-14660, 16.00 ,1
 0> <info> app: hr,84,-14661, 16.00 ,1
 0> <info> app: hr,85,-14669, 17.00 ,1
 0> <info> app: hr,86,-14675, 16.00 ,1
 0> <info> app: hr,87,-14646, 16.00 ,1
 0> <info> app: hr,88,-14653, 16.00 ,1
 0> <info> app: hr,89,-14647, 15.00 ,0
 0> <info> app: hr,90,-14671, 15.00 ,0
 0> <info> app: hr,91,-14656, 15.00 ,0
 0> <info> app: hr,92,-14665, 15.00 ,0
 0> <info> app: hr,93,-14667, 14.00 ,0
 0> <info> app: hr,94,-14656, 14.00 ,0
 0> <info> app: hr,95,-14659, 14.00 ,0
 0> <info> app: hr,96,-14656, 13.00 ,0
 0> <info> app: hr,97,-14658, 13.00 ,0
 0> <info> app: hr,98,-14656, 13.00 ,0
 0> <info> app: hr,99,-14668, 12.00 ,0
 0> <info> app: hr,100,-14652, 11.00 ,-1
 0> <info> app: hr,101,-14657, 11.00 ,-1
 0> <info> app: hr,102,-14657, 10.00 ,0
 0> <info> app: hr,103,-14656, 11.00 ,0
 0> <info> app: hr,104,-14652, 10.00 ,0
 0> <info> app: hr,105,-14648, 10.00 ,0
 0> <info> app: hr,106,-14662, 9.00 ,0
 0> <info> app: hr,107,-14668, 8.00 ,-1
 0> <info> app: hr,108,-14656, 7.00 ,-1
 0> <info> app: hr,109,-14667, 7.00 ,0
 0> <info> app: hr,110,-14646, 6.00 ,0
 0> <info> app: hr,111,-14653, 6.00 ,0
 0> <info> app: hr,112,-14651, 6.00 ,0
 0> <info> app: hr,113,-14651, 5.00 ,0
 0> <info> app: hr,114,-14652, 5.00 ,0
 0> <info> app: hr,115,-14648, 5.00 ,0
 0> <info> app: hr,116,-14650, 4.00 ,0
 0> <info> app: hr,117,-14656, 3.00 ,-1
 0> <info> app: hr,118,-14655, 3.00 ,-1
 0> <info> app: hr,119,-14651, 2.00 ,0
 0> <info> app: hr,120,-14654, 2.00 ,0
 0> <info> app: hr,121,-14648, 2.00 ,0
 0> <info> app: hr,122,-14654, 2.00 ,0
 0> <info> app: hr,123,-14647, 1.00 ,0
 0> <info> app: hr,124,-14645, 0.00 ,-1
 0> <info> app: hr,125,-14653, 0.00 ,0
 0> <info> app: hr,126,-14663, 0.00 ,0
 0> <info> app: hr,127,-14662, 0.00 ,0
 0> <info> app: hr,128,-14658, 0.00 ,0
 0> <info> app: hr,129,-14647, -1.00 ,0
 0> <info> app: hr,130,-14659, -1.00 ,-1
 0> <info> app: hr,131,-14656, 0.00 ,0
 0> <info> app: hr,132,-14653, 0.00 ,0
 0> <info> app: hr,133,-14638, 0.00 ,0
 0> <info> app: hr,134,-14655, -1.00 ,0
 0> <info> app: hr,135,-14651, -1.00 ,0
 0> <info> app: hr,136,-14639, -1.00 ,0
 0> <info> app: hr,137,-14645, -2.00 ,0
 0> <info> app: hr,138,-14649, -2.00 ,0
 0> <info> app: hr,139,-14647, -2.00 ,0
 0> <info> app: hr,140,-14658, -2.00 ,0
 0> <info> app: hr,141,-14651, -3.00 ,0
 0> <info> app: hr,142,-14644, -2.00 ,0
 0> <info> app: hr,143,-14648, -2.00 ,0
 0> <info> app: hr,144,-14655, -3.00 ,0
 0> <info> app: hr,145,-14647, -3.00 ,0
 0> <info> app: hr,146,-14652, -3.00 ,0
 0> <info> app: hr,147,-14647, -3.00 ,0
 0> <info> app: hr,148,-14641, -3.00 ,0
 0> <info> app: hr,149,-14651, -3.00 ,0
 0> <info> app: hr,150,-14648, -3.00 ,0
 0> <info> app: hr,151,-14641, -3.00 ,0
 0> <info> app: hr,152,-14641, -4.00 ,-1
 0> <info> app: hr,153,-14649, -4.00 ,-1
 0> <info> app: hr,154,-14646, -3.00 ,0
 0> <info> app: hr,155,-14638, -3.00 ,0
 0> <info> app: hr,156,-14641, -4.00 ,0
 0> <info> app: hr,157,-14665, -4.00 ,0
 0> <info> app: hr,158,-14659, -4.00 ,0
 0> <info> app: hr,159,-14648, -3.00 ,0
 0> <info> app: hr,160,-14652, -4.00 ,0
 0> <info> app: hr,161,-14657, -4.00 ,0
 0> <info> app: hr,162,-14665, -4.00 ,0
 0> <info> app: hr,163,-14658, -3.00 ,0
 0> <info> app: hr,164,-14647, -3.00 ,0
 0> <info> app: hr,165,-14654, -3.00 ,0
 0> <info> app: hr,166,-14651, -3.00 ,0
 0> <info> app: hr,167,-14670, -3.00 ,0
 0> <info> app: hr,168,-14663, -3.00 ,0
 0> <info> app: hr,169,-14673, -2.00 ,1
 0> <info> app: hr,170,-14665, -1.00 ,1
 0> <info> app: hr,171,-14659, -1.00 ,0
 0> <info> app: hr,172,-14669, -1.00 ,0
 0> <info> app: hr,173,-14672, -1.00 ,0
 0> <info> app: hr,174,-14666, 0.00 ,0
 0> <info> app: hr,175,-14666, 0.00 ,0
 0> <info> app: hr,176,-14647, 0.00 ,0
 0> <info> app: hr,177,-14666, 0.00 ,0
 0> <info> app: hr,178,-14658, 0.00 ,0
 0> <info> app: hr,179,-14671, 1.00 ,0
 0> <info> app: hr,180,-14667, 1.00 ,1
 0> <info> app: hr,181,-14660, 1.00 ,0
 0> <info> app: hr,182,-14660, 2.00 ,0
 0> <info> app: hr,183,-14677, 2.00 ,0
 0> <info> app: hr,184,-14647, 3.00 ,1
 0> <info> app: hr,185,-14662, 2.00 ,0
 0> <info> app: hr,186,-14666, 2.00 ,0
 0> <info> app: hr,187,-14655, 3.00 ,0
 0> <info> app: hr,188,-14658, 3.00 ,1
 0> <info> app: hr,189,-14655, 3.00 ,0
 0> <info> app: hr,190,-14664, 4.00 ,0
 0> <info> app: hr,191,-14669, 3.00 ,0
 0> <info> app: hr,192,-14649, 3.00 ,0
 0> <info> app: hr,193,-14674, 4.00 ,0
 0> <info> app: hr,194,-14673, 4.00 ,0
 0> <info> app: hr,195,-14667, 4.00 ,0
 0> <info> app: hr,196,-14681, 3.00 ,0
 0> <info> app: hr,197,-14653, 4.00 ,0
 0> <info> app: hr,198,-14664, 4.00 ,0
 0> <info> app: hr,199,-14667, 4.00 ,0
 0> <info> app: hr,200,-14667, 5.00 ,0
 0> <info> app: hr,201,-14671, 4.00 ,0
 0> <info> app: hr,202,-14660, 4.00 ,0
 0> <info> app: hr,203,-14661, 5.00 ,0
 0> <info> app: hr,204,-14673, 5.00 ,0
 0> <info> app: hr,205,-14667, 4.00 ,0
 0> <info> app: hr,206,-14645, 4.00 ,0
 0> <info> app: hr,207,-14659, 5.00 ,0
 0> <info> app: hr,208,-14670, 5.00 ,0
 0> <info> app: hr,209,-14660, 4.00 ,0
 0> <info> app: hr,210,-14662, 4.00 ,0
 0> <info> app: hr,211,-14657, 4.00 ,0
 0> <info> app: hr,212,-14648, 4.00 ,0
 0> <info> app: hr,213,-14661, 3.00 ,0
 0> <info> app: hr,214,-14654, 3.00 ,0
 0> <info> app: hr,215,-14648, 3.00 ,0
 0> <info> app: hr,216,-14662, 3.00 ,0
 0> <info> app: hr,217,-14656, 3.00 ,0
 0> <info> app: hr,218,-14661, 3.00 ,0
 0> <info> app: hr,219,-14660, 2.00 ,-1
 0> <info> app: hr,220,-14658, 2.00 ,-1
 0> <info> app: hr,221,-14666, 2.00 ,0
 0> <info> app: hr,222,-14667, 2.00 ,0
 0> <info> app: hr,223,-14652, 2.00 ,0
 0> <info> app: hr,224,-14649, 2.00 ,0
 0> <info> app: hr,225,-14647, 2.00 ,0
 0> <info> app: hr,226,-14656, 2.00 ,0
 0> <info> app: hr,227,-14663, 0.00 ,-1
 0> <info> app: hr,228,-14648, 0.00 ,-1
 0> <info> app: hr,229,-14656, 0.00 ,0
 0> <info> app: hr,230,-14643, 0.00 ,0
 0> <info> app: hr,231,-14649, 0.00 ,0
 0> <info> app: hr,232,-14653, 0.00 ,0
 0> <info> app: hr,233,-14653, 0.00 ,0
 0> <info> app: hr,234,-14650, 0.00 ,0
 0> <info> app: hr,235,-14652, -1.00 ,-1
 0> <info> app: hr,236,-14646, -1.00 ,-1
 0> <info> app: hr,237,-14658, -1.00 ,-1
 0> <info> app: hr,238,-14647, -2.00 ,-1
 0> <info> app: hr,239,-14656, -1.00 ,-1
 0> <info> app: hr,240,-14653, -1.00 ,-1
 0> <info> app: hr,241,-14654, -2.00 ,-1
 0> <info> app: hr,242,-14665, -2.00 ,-1
 0> <info> app: hr,243,-14647, -2.00 ,-1
 0> <info> app: hr,244,-14657, -2.00 ,-1
 0> <info> app: hr,245,-14658, -3.00 ,-1
 0> <info> app: hr,246,-14648, -3.00 ,-1
 0> <info> app: hr,247,-14646, -2.00 ,-1
 0> <info> app: hr,248,-14659, -2.00 ,-1
 0> <info> app: hr,249,-14652, -2.00 ,-1
 0> <info> app: hr,250,-14649, -3.00 ,-1
 0> <info> app: hr,251,-14652, -3.00 ,-1
 0> <info> app: hr,252,-14651, -3.00 ,-1
 0> <info> app: hr,253,-14648, -3.00 ,-1
 0> <info> app: hr,254,-14653, -3.00 ,-1
 0> <info> app: hr,255,-14654, -3.00 ,-1
 0> <info> app: hr,256,-14638, -3.00 ,-1
 0> <info> app: hr,257,-14652, -3.00 ,-1
 0> <info> app: hr,258,-14651, -3.00 ,-1
 0> <info> app: hr,259,-14649, -3.00 ,-1
 0> <info> app: hr,260,-14658, -3.00 ,-1
 0> <info> app: hr,261,-14654, -3.00 ,-1
 0> <info> app: hr,262,-14657, -3.00 ,-1
 0> <info> app: hr,263,-14650, -3.00 ,-1
 0> <info> app: hr,264,-14648, -4.00 ,-1
 0> <info> app: hr,265,-14658, -3.00 ,-1
 0> <info> app: hr,266,-14661, -3.00 ,-1
 0> <info> app: hr,267,-14651, -3.00 ,-1
 0> <info> app: hr,268,-14653, -3.00 ,-1
 0> <info> app: hr,269,-14654, -3.00 ,-1
 0> <info> app: hr,270,-14654, -3.00 ,-1
 0> <info> app: hr,271,-14663, -2.00 ,-1
 0> <info> app: hr,272,-14642, -2.00 ,-1
 0> <info> app: hr,273,-14657, -2.00 ,-1
 0> <info> app: hr,274,-14656, -2.00 ,-1
 0> <info> app: hr,275,-14657, -2.00 ,-1
 0> <info> app: hr,276,-14659, -2.00 ,-1
 0> <info> app: hr,277,-14653, -2.00 ,-1
 0> <info> app: hr,278,-14660, -1.00 ,-1
 0> <info> app: hr,279,-14656, -1.00 ,-1
 0> <info> app: hr,280,-14657, -1.00 ,-1
 0> <info> app: hr,281,-14658, -1.00 ,-1
 0> <info> app: hr,282,-14647, -1.00 ,-1
 0> <info> app: hr,283,-14647, -1.00 ,-1
 0> <info> app: hr,284,-14646, -1.00 ,-1
 0> <info> app: hr,285,-14654, -1.00 ,-1
 0> <info> app: hr,286,-14645, -1.00 ,-1
 0> <info> app: hr,287,-14650, -1.00 ,-1
 0> <info> app: hr,288,-14664, -1.00 ,-1
 0> <info> app: hr,289,-14653, -1.00 ,-1
 0> <info> app: hr,290,-14651, -1.00 ,-1
 0> <info> app: hr,291,-14665, -1.00 ,-1
 0> <info> app: hr,292,-14650, 0.00 ,0
 0> <info> app: hr,293,-14654, 0.00 ,0
 0> <info> app: hr,294,-14653, 0.00 ,0
 0> <info> app: hr,295,-14652, 0.00 ,0
 0> <info> app: hr,296,-14658, 0.00 ,0
 0> <info> app: hr,297,-14651, 0.00 ,0
 0> <info> app: hr,298,-14650, 0.00 ,0
 0> <info> app: hr,299,-14654, 0.00 ,0
 0> <info> app: hr,300,-14645, 0.00 ,0
 0> <info> app: hr,301,-14642, 0.00 ,0
 0> <info> app: hr,302,-14657, 0.00 ,0
 0> <info> app: hr,303,-14649, 0.00 ,0
 0> <info> app: hr,304,-14660, 0.00 ,0
 0> <info> app: hr,305,-14628, 0.00 ,0
 0> <info> app: hr,306,-14637, 0.00 ,0
 0> <info> app: hr,307,-14653, 0.00 ,0
 0> <info> app: hr,308,-14653, 0.00 ,0
 0> <info> app: hr,309,-14673, 0.00 ,0
 0> <info> app: hr,310,-14665, 0.00 ,0
 0> <info> app: hr,311,-14651, 0.00 ,0
 0> <info> app: hr,312,-14647, 0.00 ,0
 0> <info> app: hr,313,-14648, 0.00 ,0
 0> <info> app: hr,314,-14648, 0.00 ,0
 0> <info> app: hr,315,-14651, 0.00 ,0
 0> <info> app: hr,316,-14651, 0.00 ,0
 0> <info> app: hr,317,-14636, 0.00 ,0
 0> <info> app: hr,318,-14637, 0.00 ,0
 0> <info> app: hr,319,-14653, -1.00 ,-1
 0> <info> app: hr,320,-14660, -1.00 ,-1
 0> <info> app: hr,321,-14650, -1.00 ,-1
 0> <info> app: hr,322,-14637, -1.00 ,-1
 0> <info> app: hr,323,-14654, -1.00 ,-1
 0> <info> app: hr,324,-14652, -1.00 ,-1
 0> <info> app: hr,325,-14644, -1.00 ,-1
 0> <info> app: hr,326,-14646, -1.00 ,-1
 0> <info> app: hr,327,-14649, 0.00 ,0
 0> <info> app: hr,328,-14654, -1.00 ,-1
 0> <info> app: hr,329,-14658, -1.00 ,-1
 0> <info> app: hr,330,-14659, -1.00 ,-1
 0> <info> app: hr,331,-14629, -1.00 ,-1
 0> <info> app: hr,332,-14652, -1.00 ,-1
 0> <info> app: hr,333,-14660, -1.00 ,-1
 0> <info> app: hr,334,-14649, -1.00 ,-1
 0> <info> app: hr,335,-14660, -1.00 ,-1
 0> <info> app: hr,336,-14647, -1.00 ,-1
 0> <info> app: hr,337,-14654, -1.00 ,-1
 0> <info> app: hr,338,-14653, -1.00 ,-1
 0> <info> app: hr,339,-14653, -1.00 ,-1
 0> <info> app: hr,340,-14649, -1.00 ,-1
 0> <info> app: hr,341,-14669, 0.00 ,0
 0> <info> app: hr,342,-14637, 0.00 ,0
 0> <info> app: hr,343,-14641, 0.00 ,0
 0> <info> app: hr,344,-14662, 0.00 ,0
 0> <info> app: hr,345,-14662, 0.00 ,0
 0> <info> app: hr,346,-14648, 0.00 ,0
 0> <info> app: hr,347,-14656, 0.00 ,0
 0> <info> app: hr,348,-14665, 0.00 ,0
 0> <info> app: hr,349,-14657, 0.00 ,0
 0> <info> app: hr,350,-14658, 0.00 ,0
 0> <info> app: hr,351,-14660, 0.00 ,0
 0> <info> app: hr,352,-14653, 0.00 ,0
 0> <info> app: hr,353,-14647, 0.00 ,0
 0> <info> app: hr,354,-14654, 0.00 ,0
 0> <info> app: hr,355,-14662, 0.00 ,0
 0> <info> app: hr,356,-14649, 0.00 ,0
 0> <info> app: hr,357,-14667, 0.00 ,0
 0> <info> app: hr,358,-14652, 1.00 ,1
 0> <info> app: hr,359,-14652, 1.00 ,1
 0> <info> app: hr,360,-14651, 1.00 ,1
 0> <info> app: hr,361,-14643, 1.00 ,1
 0> <info> app: hr,362,-14663, 1.00 ,1
 0> <info> app: hr,363,-14647, 0.00 ,0
 0> <info> app: hr,364,-14654, 0.00 ,0
 0> <info> app: hr,365,-14655, 0.00 ,0
 0> <info> app: hr,366,-14652, 0.00 ,0
 0> <info> app: hr,367,-14653, 1.00 ,1
 0> <info> app: hr,368,-14637, 1.00 ,1
 0> <info> app: hr,369,-14651, 1.00 ,1
 0> <info> app: hr,370,-14644, 1.00 ,1
 0> <info> app: hr,371,-14646, 1.00 ,1
 0> <info> app: hr,372,-14656, 1.00 ,1
 0> <info> app: hr,373,-14649, 0.00 ,0
 0> <info> app: hr,374,-14647, 0.00 ,0
 0> <info> app: hr,375,-14659, 0.00 ,0
 0> <info> app: hr,376,-14638, 0.00 ,0
 0> <info> app: hr,377,-14658, 0.00 ,0
 0> <info> app: hr,378,-14649, 0.00 ,0
 0> <info> app: hr,379,-14648, 0.00 ,0
 0> <info> app: hr,380,-14650, 0.00 ,0
 0> <info> app: hr,381,-14646, 0.00 ,0
 0> <info> app: hr,382,-14655, 0.00 ,0
 0> <info> app: hr,383,-14657, 0.00 ,0
 0> <info> app: hr,384,-14655, 0.00 ,0
 0> <info> app: hr,385,-14658, 0.00 ,0
 0> <info> app: hr,386,-14649, 0.00 ,0
 0> <info> app: hr,387,-14656, 0.00 ,0
 0> <info> app: hr,388,-14657, 0.00 ,0
 0> <info> app: hr,389,-14667, 0.00 ,0
 0> <info> app: hr,390,-14648, 0.00 ,0
 0> <info> app: hr,391,-14662, 0.00 ,0
 0> <info> app: hr,392,-14661, 0.00 ,0
 0> <info> app: hr,393,-14650, 0.00 ,0
 0> <info> app: hr,394,-14656, 0.00 ,0
 0> <info> app: hr,395,-14655, 0.00 ,0
 0> <info> app: hr,396,-14658, 0.00 ,0
 0> <info> app: hr,397,-14655, 0.00 ,0
 0> <info> app: hr,398,-14674, 0.00 ,0
 0> <info> app: hr,399,-14643, 0.00 ,0
 0> <info> app: hr,400,-14656, 1.00 ,1
 0> <info> app: hr,401,-14651, 1.00 ,1
 0> <info> app: hr,402,-14655, 1.00 ,1
 0> <info> app: hr,403,-14653, 0.00 ,0
 0> <info> app: hr,404,-14654, 0.00 ,0
 0> <info> app: hr,405,-14658, 0.00 ,0
 0> <info> app: hr,406,-14657, 0.00 ,0
 0> <info> app: hr,407,-14646, 0.00 ,0
 0> <info> app: hr,408,-14655, 0.00 ,0
 0> <info> app: hr,409,-14652, 0.00 ,0
 0> <info> app: hr,410,-14656, 0.00 ,0
 0> <info> app: hr,411,-14635, 1.00 ,1
 0> <info> app: hr,412,-14662, 1.00 ,1
 0> <info> app: hr,413,-14645, 0.00 ,0
 0> <info> app: hr,414,-14656, 0.00 ,0
 0> <info> app: hr,415,-14644, 0.00 ,0
 0> <info> app: hr,416,-14645, 0.00 ,0
 0> <info> app: hr,417,-14663, 0.00 ,0
 0> <info> app: hr,418,-14653, 0.00 ,0
 0> <info> app: hr,419,-14662, 0.00 ,0
 0> <info> app: hr,420,-14656, 0.00 ,0
 0> <info> app: hr,421,-14658, 0.00 ,0
 0> <info> app: hr,422,-14665, 0.00 ,0
 0> <info> app: hr,423,-14650, 0.00 ,0
 0> <info> app: hr,424,-14655, 0.00 ,0
 0> <info> app: hr,425,-14657, 0.00 ,0
 0> <info> app: hr,426,-14663, 0.00 ,0
 0> <info> app: hr,427,-14659, 1.00 ,1
 0> <info> app: hr,428,-14658, 1.00 ,1
 0> <info> app: hr,429,-14650, 1.00 ,1
 0> <info> app: hr,430,-14644, 1.00 ,1
 0> <info> app: hr,431,-14663, 1.00 ,1
 0> <info> app: hr,432,-14649, 0.00 ,0
 0> <info> app: hr,433,-14651, 0.00 ,0
 0> <info> app: hr,434,-14649, 0.00 ,0
 0> <info> app: hr,435,-14656, 0.00 ,0
 0> <info> app: hr,436,-14645, 0.00 ,0
 0> <info> app: hr,437,-14660, 0.00 ,0
 0> <info> app: hr,438,-14666, 0.00 ,0
 0> <info> app: hr,439,-14659, 0.00 ,0
 0> <info> app: hr,440,-14655, 0.00 ,0
 0> <info> app: hr,441,-14654, 0.00 ,0
 0> <info> app: hr,442,-14649, 0.00 ,0
 0> <info> app: hr,443,-14661, 0.00 ,0
 0> <info> app: hr,444,-14654, 0.00 ,0
 0> <info> app: hr,445,-14661, 0.00 ,0
 0> <info> app: hr,446,-14652, 0.00 ,0
 0> <info> app: hr,447,-14660, 0.00 ,0
 0> <info> app: hr,448,-14656, 0.00 ,0
 0> <info> app: hr,449,-14656, 0.00 ,0
 0> <info> app: hr,450,-14663, 0.00 ,0
 0> <info> app: hr,451,-14643, 0.00 ,0
 0> <info> app: hr,452,-14666, 1.00 ,1
 0> <info> app: hr,453,-14659, 1.00 ,1
 0> <info> app: hr,454,-14655, 1.00 ,1
 0> <info> app: hr,455,-14652, 1.00 ,1
 0> <info> app: hr,456,-14649, 1.00 ,1
 0> <info> app: hr,457,-14658, 1.00 ,1
 0> <info> app: hr,458,-14660, 0.00 ,0
 0> <info> app: hr,459,-14657, 0.00 ,0
 0> <info> app: hr,460,-14649, 0.00 ,0
 0> <info> app: hr,461,-14665, 0.00 ,0
 0> <info> app: hr,462,-14656, 0.00 ,0
 0> <info> app: hr,463,-14655, 0.00 ,0
 0> <info> app: hr,464,-14660, 0.00 ,0
 0> <info> app: hr,465,-14657, 0.00 ,0
 0> <info> app: hr,466,-14661, 0.00 ,0
 0> <info> app: hr,467,-14649, 0.00 ,0
 0> <info> app: hr,468,-14665, 0.00 ,0
 0> <info> app: hr,469,-14657, 0.00 ,0
 0> <info> app: hr,470,-14660, 0.00 ,0
 0> <info> app: hr,471,-14673, 1.00 ,1
 0> <info> app: hr,472,-14651, 1.00 ,1
 0> <info> app: hr,473,-14662, 1.00 ,1
 0> <info> app: hr,474,-14657, 1.00 ,1
 0> <info> app: hr,475,-14669, 1.00 ,1
 0> <info> app: hr,476,-14659, 1.00 ,1
 0> <info> app: hr,477,-14664, 1.00 ,1
 0> <info> app: hr,478,-14662, 1.00 ,1
 0> <info> app: hr,479,-14653, 1.00 ,1
 0> <info> app: hr,480,-14656, 1.00 ,1
 0> <info> app: hr,481,-14659, 1.00 ,1
 0> <info> app: hr,482,-14655, 1.00 ,1
 0> <info> app: hr,483,-14657, 1.00 ,1
 0> <info> app: hr,484,-14667, 1.00 ,1
 0> <info> app: hr,485,-14648, 1.00 ,1
 0> <info> app: hr,486,-14664, 1.00 ,1
 0> <info> app: hr,487,-14656, 1.00 ,1
 0> <info> app: hr,488,-14656, 2.00 ,1
 0> <info> app: hr,489,-14673, 2.00 ,1
 0> <info> app: hr,490,-14652, 2.00 ,1
 0> <info> app: hr,491,-14662, 1.00 ,1
 0> <info> app: hr,492,-14674, 1.00 ,1
 0> <info> app: hr,493,-14659, 1.00 ,1
 0> <info> app: hr,494,-14655, 1.00 ,1
 0> <info> app: hr,495,-14659, 1.00 ,1
 0> <info> app: hr,496,-14655, 1.00 ,1
 0> <info> app: hr,497,-14663, 1.00 ,1
 0> <info> app: hr,498,-14654, 1.00 ,1
 0> <info> app: hr,499,-14658, 2.00 ,1
 0> <info> app: hr,500,-14665, 2.00 ,1
 0> <info> app: hr,501,-14668, 2.00 ,1
 0> <info> app: hr,502,-14670, 1.00 ,1
 0> <info> app: hr,503,-14667, 1.00 ,1
 0> <info> app: hr,504,-14668, 1.00 ,1
 0> <info> app: hr,505,-14660, 1.00 ,1
 0> <info> app: hr,506,-14667, 1.00 ,1
 0> <info> app: hr,507,-14668, 1.00 ,1
 0> <info> app: hr,508,-14660, 2.00 ,1
 0> <info> app: hr,509,-14647, 2.00 ,1
 0> <info> app: hr,510,-14658, 2.00 ,1
 0> <info> app: hr,511,-14666, 2.00 ,1
 0> <info> app: hr,512,-14661, 1.00 ,1
 0> <info> app: hr,513,-14676, 1.00 ,1
 0> <info> app: hr,514,-14661, 1.00 ,1
 0> <info> app: hr,515,-14665, 1.00 ,1
 0> <info> app: hr,516,-14669, 2.00 ,1
 0> <info> app: hr,517,-14664, 2.00 ,1
 0> <info> app: hr,518,-14668, 2.00 ,1
 0> <info> app: hr,519,-14677, 2.00 ,1
 0> <info> app: hr,520,-14664, 2.00 ,1
 0> <info> app: hr,521,-14661, 2.00 ,1
 0> <info> app: hr,522,-14669, 2.00 ,1
 0> <info> app: hr,523,-14666, 2.00 ,1
 0> <info> app: hr,524,-14673, 2.00 ,1
 0> <info> app: hr,525,-14665, 2.00 ,1
 0> <info> app: hr,526,-14672, 2.00 ,1
 0> <info> app: hr,527,-14677, 3.00 ,1
 0> <info> app: hr,528,-14670, 3.00 ,1
 0> <info> app: hr,529,-14669, 2.00 ,1
 0> <info> app: hr,530,-14667, 2.00 ,1
 0> <info> app: hr,531,-14681, 3.00 ,1
 0> <info> app: hr,532,-14665, 3.00 ,1
 0> <info> app: hr,533,-14664, 3.00 ,1
 0> <info> app: hr,534,-14656, 3.00 ,1
 0> <info> app: hr,535,-14651, 3.00 ,1
 0> <info> app: hr,536,-14672, 3.00 ,1
 0> <info> app: hr,537,-14662, 3.00 ,1
 0> <info> app: hr,538,-14680, 3.00 ,1
 0> <info> app: hr,539,-14662, 3.00 ,1
 0> <info> app: hr,540,-14658, 3.00 ,1
 0> <info> app: hr,541,-14670, 2.00 ,1
 0> <info> app: hr,542,-14673, 2.00 ,1
 0> <info> app: hr,543,-14660, 3.00 ,1
 0> <info> app: hr,544,-14666, 3.00 ,1
 0> <info> app: hr,545,-14665, 3.00 ,1
 0> <info> app: hr,546,-14668, 3.00 ,1
 0> <info> app: hr,547,-14666, 2.00 ,1
 0> <info> app: hr,548,-14661, 2.00 ,1
 0> <info> app: hr,549,-14666, 2.00 ,1
 0> <info> app: hr,550,-14661, 2.00 ,1
 0> <info> app: hr,551,-14654, 2.00 ,1
 0> <info> app: hr,552,-14660, 2.00 ,1
 0> <info> app: hr,553,-14665, 2.00 ,1
 0> <info> app: hr,554,-14658, 2.00 ,1
 0> <info> app: hr,555,-14663, 1.00 ,1
 0> <info> app: hr,556,-14652, 1.00 ,1
 0> <info> app: hr,557,-14666, 0.00 ,0
 0> <info> app: hr,558,-14661, 0.00 ,0
 0> <info> app: hr,559,-14667, 0.00 ,0
 0> <info> app: hr,560,-14664, 0.00 ,0
 0> <info> app: hr,561,-14658, 0.00 ,0
 0> <info> app: hr,562,-14669, 0.00 ,0
 0> <info> app: hr,563,-14663, 0.00 ,0
 0> <info> app: hr,564,-14670, 0.00 ,0
 0> <info> app: hr,565,-14672, 0.00 ,0
 0> <info> app: hr,566,-14666, 0.00 ,0
 0> <info> app: hr,567,-14677, 0.00 ,0
 0> <info> app: hr,568,-14660, 0.00 ,0
 0> <info> app: hr,569,-14676, 0.00 ,0
 0> <info> app: hr,570,-14668, 0.00 ,0
 0> <info> app: hr,571,-14677, 0.00 ,0
 0> <info> app: hr,572,-14663, 0.00 ,0
 0> <info> app: hr,573,-14675, 0.00 ,0
 0> <info> app: hr,574,-14673, 0.00 ,0
 0> <info> app: hr,575,-14663, 0.00 ,0
 0> <info> app: hr,576,-14684, 0.00 ,0
 0> <info> app: hr,577,-14677, 0.00 ,0
 0> <info> app: hr,578,-14664, 0.00 ,0
 0> <info> app: hr,579,-14668, 1.00 ,1
 0> <info> app: hr,580,-14681, 1.00 ,1
 0> <info> app: hr,581,-14667, 1.00 ,1
 0> <info> app: hr,582,-14668, 1.00 ,1
 0> <info> app: hr,583,-14671, 1.00 ,1
 0> <info> app: hr,584,-14680, 1.00 ,1
 0> <info> app: hr,585,-14660, 2.00 ,1
 0> <info> app: hr,586,-14668, 1.00 ,1
 0> <info> app: hr,587,-14656, 1.00 ,1
 0> <info> app: hr,588,-14660, 1.00 ,1
 0> <info> app: hr,589,-14680, 1.00 ,1
 0> <info> app: hr,590,-14663, 1.00 ,1
 0> <info> app: hr,591,-14663, 1.00 ,1
 0> <info> app: hr,592,-14671, 1.00 ,1
 0> <info> app: hr,593,-14674, 1.00 ,1
 0> <info> app: hr,594,-14662, 1.00 ,1
 0> <info> app: hr,595,-14652, 2.00 ,1
 0> <info> app: hr,596,-14660, 2.00 ,1
 0> <info> app: hr,597,-14675, 1.00 ,1
 0> <info> app: hr,598,-14666, 0.00 ,0
 0> <info> app: hr,599,-14680, 0.00 ,0
 0> <info> app: hr,600,-14682, 0.00 ,0
 0> <info> app: hr,601,-14666, 1.00 ,1
 0> <info> app: hr,602,-14660, 1.00 ,1
 0> <info> app: hr,603,-14676, 1.00 ,1
 0> <info> app: hr,604,-14672, 1.00 ,1
 0> <info> app: hr,605,-14668, 1.00 ,1
 0> <info> app: hr,606,-14681, 1.00 ,1
 0> <info> app: hr,607,-14676, 1.00 ,1
 0> <info> app: hr,608,-14670, 1.00 ,1
 0> <info> app: hr,609,-14660, 1.00 ,1
 0> <info> app: hr,610,-14662, 1.00 ,1
 0> <info> app: hr,611,-14677, 1.00 ,1
 0> <info> app: hr,612,-14666, 1.00 ,1
 0> <info> app: hr,613,-14660, 0.00 ,0
 0> <info> app: hr,614,-14671, 0.00 ,0
 0> <info> app: hr,615,-14653, 0.00 ,0
 0> <info> app: hr,616,-14664, 0.00 ,0
 0> <info> app: hr,617,-14678, 0.00 ,0
 0> <info> app: hr,618,-14665, 0.00 ,0
 0> <info> app: hr,619,-14677, 0.00 ,0
 0> <info> app: hr,620,-14662, 0.00 ,0
 0> <info> app: hr,621,-14678, 0.00 ,0
 0> <info> app: hr,622,-14667, 0.00 ,0
 0> <info> app: hr,623,-14659, 0.00 ,0
 0> <info> app: hr,624,-14670, 0.00 ,0
 0> <info> app: hr,625,-14666, 0.00 ,0
 0> <info> app: hr,626,-14678, 0.00 ,0
 0> <info> app: hr,627,-14689, 0.00 ,0
 0> <info> app: hr,628,-14665, 0.00 ,0
 0> <info> app: hr,629,-14666, 0.00 ,0
 0> <info> app: hr,630,-14682, 0.00 ,0
 0> <info> app: hr,631,-14665, 0.00 ,0
 0> <info> app: hr,632,-14672, 1.00 ,1
 0> <info> app: hr,633,-14668, 1.00 ,1
 0> <info> app: hr,634,-14658, 1.00 ,1
 0> <info> app: hr,635,-14670, 1.00 ,1
 0> <info> app: hr,636,-14656, 1.00 ,1
 0> <info> app: hr,637,-14670, 1.00 ,1
 0> <info> app: hr,638,-14665, 0.00 ,0
 0> <info> app: hr,639,-14677, 0.00 ,0
 0> <info> app: hr,640,-14671, 0.00 ,0
 0> <info> app: hr,641,-14684, 0.00 ,0
 0> <info> app: hr,642,-14666, 0.00 ,0
 0> <info> app: hr,643,-14664, 0.00 ,0
 0> <info> app: hr,644,-14668, 0.00 ,0
 0> <info> app: hr,645,-14663, 0.00 ,0
 0> <info> app: hr,646,-14671, 0.00 ,0
 0> <info> app: hr,647,-14673, 0.00 ,0
 0> <info> app: hr,648,-14664, 0.00 ,0
 0> <info> app: hr,649,-14673, 0.00 ,0
 0> <info> app: hr,650,-14663, 0.00 ,0
 0> <info> app: hr,651,-14688, 0.00 ,0
 0> <info> app: hr,652,-14670, 0.00 ,0
 0> <info> app: hr,653,-14677, 0.00 ,0
 0> <info> app: hr,654,-14665, 0.00 ,0
 0> <info> app: hr,655,-14677, 0.00 ,0
 0> <info> app: hr,656,-14679, 0.00 ,0
 0> <info> app: hr,657,-14679, 0.00 ,0
 0> <info> app: hr,658,-14680, 0.00 ,0
 0> <info> app: hr,659,-14680, 0.00 ,0
 0> <info> app: hr,660,-14668, 1.00 ,1
 0> <info> app: hr,661,-14667, 1.00 ,1
 0> <info> app: hr,662,-14687, 1.00 ,1
 0> <info> app: hr,663,-14677, 1.00 ,1
 0> <info> app: hr,664,-14667, 1.00 ,1
 0> <info> app: hr,665,-14673, 1.00 ,1
 0> <info> app: hr,666,-14666, 1.00 ,1
 0> <info> app: hr,667,-14664, 1.00 ,1
 0> <info> app: hr,668,-14676, 1.00 ,1
 0> <info> app: hr,669,-14677, 1.00 ,1
 0> <info> app: hr,670,-14670, 1.00 ,1
 0> <info> app: hr,671,-14670, 1.00 ,1
 0> <info> app: hr,672,-14672, 1.00 ,1
 0> <info> app: hr,673,-14667, 1.00 ,1
 0> <info> app: hr,674,-14677, 1.00 ,1
 0> <info> app: hr,675,-14669, 1.00 ,1
 0> <info> app: hr,676,-14671, 1.00 ,1
 0> <info> app: hr,677,-14669, 1.00 ,1
 0> <info> app: hr,678,-14672, 1.00 ,1
 0> <info> app: hr,679,-14675, 2.00 ,1
 0> <info> app: hr,680,-14675, 1.00 ,1
 0> <info> app: hr,681,-14683, 1.00 ,1
 0> <info> app: hr,682,-14676, 1.00 ,1
 0> <info> app: hr,683,-14672, 1.00 ,1
 0> <info> app: hr,684,-14668, 1.00 ,1
 0> <info> app: hr,685,-14679, 1.00 ,1
 0> <info> app: hr,686,-14674, 1.00 ,1
 0> <info> app: hr,687,-14668, 1.00 ,1
 0> <info> app: hr,688,-14680, 1.00 ,1
 0> <info> app: hr,689,-14671, 1.00 ,1
 0> <info> app: hr,690,-14682, 1.00 ,1
 0> <info> app: hr,691,-14678, 1.00 ,1
 0> <info> app: hr,692,-14674, 1.00 ,1
 0> <info> app: hr,693,-14671, 1.00 ,1
 0> <info> app: hr,694,-14677, 1.00 ,1
 0> <info> app: hr,695,-14677, 1.00 ,1
 0> <info> app: hr,696,-14673, 1.00 ,1
 0> <info> app: hr,697,-14669, 1.00 ,1
 0> <info> app: hr,698,-14658, 1.00 ,1
 0> <info> app: hr,699,-14676, 1.00 ,1
 0> <info> app: hr,700,-14672, 1.00 ,1
 0> <info> app: hr,701,-14665, 1.00 ,1
 0> <info> app: hr,702,-14657, 1.00 ,1
 0> <info> app: hr,703,-14673, 1.00 ,1
 0> <info> app: hr,704,-14675, 1.00 ,1
 0> <info> app: hr,705,-14669, 1.00 ,1
 0> <info> app: hr,706,-14679, 1.00 ,1
 0> <info> app: hr,707,-14681, 0.00 ,0
 0> <info> app: hr,708,-14661, 0.00 ,0
 0> <info> app: hr,709,-14673, 0.00 ,0
 0> <info> app: hr,710,-14661, 0.00 ,0
 0> <info> app: hr,711,-14669, 0.00 ,0
 0> <info> app: hr,712,-14675, 0.00 ,0
 0> <info> app: hr,713,-14664, 0.00 ,0
 0> <info> app: hr,714,-14670, 0.00 ,0
 0> <info> app: hr,715,-14678, 0.00 ,0
 0> <info> app: hr,716,-14676, 0.00 ,0
 0> <info> app: hr,717,-14676, 0.00 ,0
 0> <info> app: hr,718,-14673, 0.00 ,0
 0> <info> app: hr,719,-14688, 0.00 ,0
 0> <info> app: hr,720,-14677, 0.00 ,0
 0> <info> app: hr,721,-14673, 0.00 ,0
 0> <info> app: hr,722,-14682, 0.00 ,0
 0> <info> app: hr,723,-14684, 0.00 ,0
 0> <info> app: hr,724,-14665, 0.00 ,0
 0> <info> app: hr,725,-14672, 0.00 ,0
 0> <info> app: hr,726,-14687, 0.00 ,0
 0> <info> app: hr,727,-14678, 0.00 ,0
 0> <info> app: hr,728,-14675, 0.00 ,0
 0> <info> app: hr,729,-14670, 0.00 ,0
 0> <info> app: hr,730,-14683, 0.00 ,0
 0> <info> app: hr,731,-14678, 0.00 ,0
 0> <info> app: hr,732,-14681, 0.00 ,0
 0> <info> app: hr,733,-14684, 0.00 ,0
 0> <info> app: hr,734,-14678, 0.00 ,0
 0> <info> app: hr,735,-14686, 0.00 ,0
 0> <info> app: hr,736,-14674, 1.00 ,1
 0> <info> app: hr,737,-14681, 1.00 ,1
 0> <info> app: hr,738,-14681, 1.00 ,1
 0> <info> app: hr,739,-14669, 1.00 ,1
 0> <info> app: hr,740,-14681, 1.00 ,1
 0> <info> app: hr,741,-14678, 2.00 ,1
 0> <info> app: hr,742,-14673, 2.00 ,1
 0> <info> app: hr,743,-14678, 2.00 ,1
 0> <info> app: hr,744,-14696, 1.00 ,1
 0> <info> app: hr,745,-14673, 1.00 ,1
 0> <info> app: hr,746,-14680, 1.00 ,1
 0> <info> app: hr,747,-14673, 2.00 ,1
 0> <info> app: hr,748,-14683, 2.00 ,1
 0> <info> app: hr,749,-14678, 2.00 ,1
 0> <info> app: hr,750,-14676, 2.00 ,1
 0> <info> app: hr,751,-14676, 2.00 ,1
 0> <info> app: hr,752,-14680, 2.00 ,1
 0> <info> app: hr,753,-14673, 2.00 ,1
 0> <info> app: hr,754,-14670, 2.00 ,1
 0> <info> app: hr,755,-14689, 2.00 ,1
 0> <info> app: hr,756,-14675, 2.00 ,1
 0> <info> app: hr,757,-14680, 2.00 ,1
 0> <info> app: hr,758,-14680, 2.00 ,1
 0> <info> app: hr,759,-14667, 2.00 ,1
 0> <info> app: hr,760,-14679, 2.00 ,1
 0> <info> app: hr,761,-14685, 1.00 ,1
 0> <info> app: hr,762,-14675, 1.00 ,1
 0> <info> app: hr,763,-14681, 1.00 ,1
 0> <info> app: hr,764,-14661, 1.00 ,1
 0> <info> app: hr,765,-14669, 1.00 ,1
 0> <info> app: hr,766,-14682, 1.00 ,1
 0> <info> app: hr,767,-14679, 1.00 ,1
 0> <info> app: hr,768,-14675, 1.00 ,1
 0> <info> app: hr,769,-14680, 1.00 ,1
 0> <info> app: hr,770,-14676, 1.00 ,1
 0> <info> app: hr,771,-14678, 1.00 ,1
 0> <info> app: hr,772,-14680, 1.00 ,1
 0> <info> app: hr,773,-14683, 1.00 ,1
 0> <info> app: hr,774,-14668, 1.00 ,1
 0> <info> app: hr,775,-14674, 0.00 ,0
 0> <info> app: hr,776,-14670, 0.00 ,0
 0> <info> app: hr,777,-14684, 0.00 ,0
 0> <info> app: hr,778,-14675, 0.00 ,0
 0> <info> app: hr,779,-14672, 0.00 ,0
 0> <info> app: hr,780,-14682, 0.00 ,0
 0> <info> app: hr,781,-14676, 0.00 ,0
 0> <info> app: hr,782,-14693, 0.00 ,0
 0> <info> app: hr,783,-14678, 0.00 ,0
 0> <info> app: hr,784,-14678, 0.00 ,0
 0> <info> app: hr,785,-14673, 0.00 ,0
 0> <info> app: hr,786,-14674, 0.00 ,0
 0> <info> app: hr,787,-14681, 0.00 ,0
 0> <info> app: hr,788,-14683, 0.00 ,0
 0> <info> app: hr,789,-14677, 0.00 ,0
 0> <info> app: hr,790,-14685, 0.00 ,0
 0> <info> app: hr,791,-14672, 0.00 ,0
 0> <info> app: hr,792,-14680, 0.00 ,0
 0> <info> app: hr,793,-14688, 0.00 ,0
 0> <info> app: hr,794,-14688, 0.00 ,0
 0> <info> app: hr,795,-14695, 0.00 ,0
 0> <info> app: hr,796,-14677, 0.00 ,0
 0> <info> app: hr,797,-14681, 1.00 ,1
 0> <info> app: hr,798,-14673, 1.00 ,1
 0> <info> app: hr,799,-14680, 1.00 ,1
 0> <info> app: hr,800,-14680, 1.00 ,1
 0> <info> app: hr,801,-14684, 1.00 ,1
 0> <info> app: hr,802,-14685, 1.00 ,1
 0> <info> app: hr,803,-14691, 0.00 ,0
 0> <info> app: hr,804,-14684, 0.00 ,0
 0> <info> app: hr,805,-14674, 1.00 ,1
 0> <info> app: hr,806,-14678, 1.00 ,1
 0> <info> app: hr,807,-14686, 1.00 ,1
 0> <info> app: hr,808,-14681, 1.00 ,1
 0> <info> app: hr,809,-14680, 1.00 ,1
 0> <info> app: hr,810,-14690, 1.00 ,1
 0> <info> app: hr,811,-14690, 1.00 ,1
 0> <info> app: hr,812,-14682, 2.00 ,1
 0> <info> app: hr,813,-14691, 2.00 ,1
 0> <info> app: hr,814,-14674, 2.00 ,1
 0> <info> app: hr,815,-14683, 1.00 ,1
 0> <info> app: hr,816,-14685, 1.00 ,1
 0> <info> app: hr,817,-14681, 1.00 ,1
 0> <info> app: hr,818,-14688, 2.00 ,1
 0> <info> app: hr,819,-14686, 2.00 ,1
 0> <info> app: hr,820,-14683, 2.00 ,1
 0> <info> app: hr,821,-14686, 2.00 ,1
 0> <info> app: hr,822,-14687, 2.00 ,1
 0> <info> app: hr,823,-14677, 2.00 ,1
 0> <info> app: hr,824,-14686, 1.00 ,1
 0> <info> app: hr,825,-14687, 2.00 ,1
 0> <info> app: hr,826,-14677, 2.00 ,1
 0> <info> app: hr,827,-14678, 2.00 ,1
 0> <info> app: hr,828,-14692, 2.00 ,1
 0> <info> app: hr,829,-14685, 2.00 ,1
 0> <info> app: hr,830,-14678, 2.00 ,1
 0> <info> app: hr,831,-14673, 2.00 ,1
 0> <info> app: hr,832,-14690, 2.00 ,1
 0> <info> app: hr,833,-14675, 1.00 ,1
 0> <info> app: hr,834,-14681, 1.00 ,1
 0> <info> app: hr,835,-14676, 1.00 ,1
 0> <info> app: hr,836,-14680, 1.00 ,1
 0> <info> app: hr,837,-14673, 1.00 ,1
 0> <info> app: hr,838,-14681, 1.00 ,1
 0> <info> app: hr,839,-14684, 1.00 ,1
 0> <info> app: hr,840,-14688, 1.00 ,1
 0> <info> app: hr,841,-14684, 1.00 ,1
 0> <info> app: hr,842,-14665, 1.00 ,1
 0> <info> app: hr,843,-14689, 1.00 ,1
 0> <info> app: hr,844,-14691, 1.00 ,1
 0> <info> app: hr,845,-14688, 1.00 ,1
 0> <info> app: hr,846,-14694, 0.00 ,0
 0> <info> app: hr,847,-14672, 0.00 ,0
 0> <info> app: hr,848,-14681, 0.00 ,0
 0> <info> app: hr,849,-14682, 0.00 ,0
 0> <info> app: hr,850,-14691, 0.00 ,0
 0> <info> app: hr,851,-14694, 0.00 ,0
 0> <info> app: hr,852,-14688, 0.00 ,0
 0> <info> app: hr,853,-14692, 0.00 ,0
 0> <info> app: hr,854,-14677, 0.00 ,0
 0> <info> app: hr,855,-14675, 0.00 ,0
 0> <info> app: hr,856,-14683, 1.00 ,1
 0> <info> app: hr,857,-14690, 1.00 ,1
 0> <info> app: hr,858,-14682, 1.00 ,1
 0> <info> app: hr,859,-14679, 1.00 ,1
 0> <info> app: hr,860,-14682, 1.00 ,1
 0> <info> app: hr,861,-14680, 1.00 ,1
 0> <info> app: hr,862,-14680, 1.00 ,1
 0> <info> app: hr,863,-14687, 1.00 ,1
 0> <info> app: hr,864,-14698, 1.00 ,1
 0> <info> app: hr,865,-14671, 1.00 ,1
 0> <info> app: hr,866,-14685, 0.00 ,0
 0> <info> app: hr,867,-14672, 0.00 ,0
 0> <info> app: hr,868,-14681, 0.00 ,0
 0> <info> app: hr,869,-14697, 0.00 ,0
 0> <info> app: hr,870,-14693, 0.00 ,0
 0> <info> app: hr,871,-14683, 0.00 ,0
 0> <info> app: hr,872,-14701, 0.00 ,0
 0> <info> app: hr,873,-14677, 0.00 ,0
 0> <info> app: hr,874,-14692, 0.00 ,0
 0> <info> app: hr,875,-14686, 0.00 ,0
 0> <info> app: hr,876,-14695, 0.00 ,0
 0> <info> app: hr,877,-14695, 0.00 ,0
 0> <info> app: hr,878,-14698, 1.00 ,1
 0> <info> app: hr,879,-14674, 1.00 ,1
 0> <info> app: hr,880,-14699, 1.00 ,1
 0> <info> app: hr,881,-14686, 1.00 ,1
 0> <info> app: hr,882,-14679, 1.00 ,1
 0> <info> app: hr,883,-14696, 2.00 ,1
 0> <info> app: hr,884,-14676, 2.00 ,1
 0> <info> app: hr,885,-14685, 1.00 ,1
 0> <info> app: hr,886,-14702, 1.00 ,1
 0> <info> app: hr,887,-14680, 1.00 ,1
 0> <info> app: hr,888,-14695, 1.00 ,1
 0> <info> app: hr,889,-14673, 1.00 ,1
 0> <info> app: hr,890,-14694, 1.00 ,1
 0> <info> app: hr,891,-14699, 2.00 ,1
 0> <info> app: hr,892,-14694, 2.00 ,1
 0> <info> app: hr,893,-14678, 2.00 ,1
 0> <info> app: hr,894,-14700, 2.00 ,1
 0> <info> app: hr,895,-14679, 1.00 ,1
 0> <info> app: hr,896,-14679, 1.00 ,1
 0> <info> app: hr,897,-14700, 1.00 ,1
 0> <info> app: hr,898,-14683, 1.00 ,1
 0> <info> app: hr,899,-14697, 2.00 ,1
 0> <info> app: hr,900,-14680, 2.00 ,1
 0> <info> app: hr,901,-14689, 2.00 ,1
 0> <info> app: hr,902,-14677, 2.00 ,1
 0> <info> app: hr,903,-14682, 2.00 ,1
 0> <info> app: hr,904,-14699, 2.00 ,1
 0> <info> app: hr,905,-14682, 1.00 ,1
 0> <info> app: hr,906,-14685, 1.00 ,1
 0> <info> app: hr,907,-14665, 1.00 ,1
 0> <info> app: hr,908,-14682, 1.00 ,1
 0> <info> app: hr,909,-14691, 1.00 ,1
 0> <info> app: hr,910,-14683, 1.00 ,1
 0> <info> app: hr,911,-14690, 1.00 ,1
 0> <info> app: hr,912,-14681, 1.00 ,1
 0> <info> app: hr,913,-14694, 1.00 ,1
 0> <info> app: hr,914,-14691, 1.00 ,1
 0> <info> app: hr,915,-14684, 1.00 ,1
 0> <info> app: hr,916,-14682, 1.00 ,1
 0> <info> app: hr,917,-14692, 1.00 ,1
 0> <info> app: hr,918,-14678, 0.00 ,0
 0> <info> app: hr,919,-14685, 0.00 ,0
 0> <info> app: hr,920,-14689, 0.00 ,0
 0> <info> app: hr,921,-14686, 0.00 ,0
 0> <info> app: hr,922,-14674, 0.00 ,0
 0> <info> app: hr,923,-14700, 0.00 ,0
 0> <info> app: hr,924,-14665, 0.00 ,0
 0> <info> app: hr,925,-14702, 0.00 ,0
 0> <info> app: hr,926,-14686, 0.00 ,0
 0> <info> app: hr,927,-14695, 0.00 ,0
 0> <info> app: hr,928,-14694, 0.00 ,0
 0> <info> app: hr,929,-14690, 0.00 ,0
 0> <info> app: hr,930,-14697, 0.00 ,0
 0> <info> app: hr,931,-14686, 0.00 ,0
 0> <info> app: hr,932,-14686, 0.00 ,0
 0> <info> app: hr,933,-14678, 0.00 ,0
 0> <info> app: hr,934,-14693, 0.00 ,0
 0> <info> app: hr,935,-14701, 0.00 ,0
 0> <info> app: hr,936,-14694, 0.00 ,0
 0> <info> app: hr,937,-14697, 0.00 ,0
 0> <info> app: hr,938,-14693, 0.00 ,0
 0> <info> app: hr,939,-14700, 0.00 ,0
 0> <info> app: hr,940,-14698, 0.00 ,0
 0> <info> app: hr,941,-14697, 0.00 ,0
 0> <info> app: hr,942,-14683, 0.00 ,0
 0> <info> app: hr,943,-14684, 1.00 ,1
 0> <info> app: hr,944,-14693, 1.00 ,1
 0> <info> app: hr,945,-14683, 1.00 ,1
 0> <info> app: hr,946,-14697, 1.00 ,1
 0> <info> app: hr,947,-14692, 1.00 ,1
 0> <info> app: hr,948,-14702, 1.00 ,1
 0> <info> app: hr,949,-14701, 1.00 ,1
 0> <info> app: hr,950,-14688, 2.00 ,1
 0> <info> app: hr,951,-14701, 2.00 ,1
 0> <info> app: hr,952,-14696, 2.00 ,1
 0> <info> app: hr,953,-14706, 1.00 ,1
 0> <info> app: hr,954,-14673, 2.00 ,1
 0> <info> app: hr,955,-14705, 2.00 ,1
 0> <info> app: hr,956,-14711, 2.00 ,1
 0> <info> app: hr,957,-14702, 2.00 ,1
 0> <info> app: hr,958,-14694, 3.00 ,1
 0> <info> app: hr,959,-14677, 3.00 ,1
 0> <info> app: hr,960,-14708, 2.00 ,1
 0> <info> app: hr,961,-14700, 2.00 ,1
 0> <info> app: hr,962,-14693, 3.00 ,1
 0> <info> app: hr,963,-14700, 3.00 ,1
 0> <info> app: hr,964,-14697, 3.00 ,1
 0> <info> app: hr,965,-14700, 3.00 ,1
 0> <info> app: hr,966,-14687, 4.00 ,1
 0> <info> app: hr,967,-14697, 3.00 ,1
 0> <info> app: hr,968,-14698, 3.00 ,1
 0> <info> app: hr,969,-14699, 3.00 ,1
 0> <info> app: hr,970,-14690, 3.00 ,1
 0> <info> app: hr,971,-14692, 4.00 ,1
 0> <info> app: hr,972,-14706, 3.00 ,1
 0> <info> app: hr,973,-14689, 3.00 ,1
 0> <info> app: hr,974,-14709, 3.00 ,1
 0> <info> app: hr,975,-14688, 3.00 ,1
 0> <info> app: hr,976,-14700, 3.00 ,1
 0> <info> app: hr,977,-14698, 4.00 ,1
 0> <info> app: hr,978,-14695, 3.00 ,1
 0> <info> app: hr,979,-14702, 3.00 ,1
 0> <info> app: hr,980,-14708, 3.00 ,1
 0> <info> app: hr,981,-14694, 3.00 ,1
 0> <info> app: hr,982,-14702, 3.00 ,1
 0> <info> app: hr,983,-14685, 2.00 ,1
 0> <info> app: hr,984,-14694, 3.00 ,1
 0> <info> app: hr,985,-14694, 3.00 ,1
 0> <info> app: hr,986,-14700, 3.00 ,1
 0> <info> app: hr,987,-14700, 3.00 ,1
 0> <info> app: hr,988,-14695, 3.00 ,1
 0> <info> app: hr,989,-14718, 2.00 ,1
 0> <info> app: hr,990,-14709, 2.00 ,1
 0> <info> app: hr,991,-14698, 2.00 ,1
 0> <info> app: hr,992,-14694, 3.00 ,1
 0> <info> app: hr,993,-14698, 3.00 ,1
 0> <info> app: hr,994,-14698, 3.00 ,1
 0> <info> app: hr,995,-14689, 3.00 ,1
 0> <info> app: hr,996,-14706, 2.00 ,1
 0> <info> app: hr,997,-14700, 2.00 ,1
 0> <info> app: hr,998,-14719, 2.00 ,1
 0> <info> app: hr,999,-14703, 3.00 ,1
 0> <info> app: hr,1000,-14693, 3.00 ,1
 0> <info> app: hr,1001,-14708, 3.00 ,1
 0> <info> app: hr,1002,-14696, 2.00 ,1
 0> <info> app: hr,1003,-14687, 2.00 ,1
 0> <info> app: hr,1004,-14699, 2.00 ,1
 0> <info> app: hr,1005,-14701, 2.00 ,1
 0> <info> app: hr,1006,-14703, 2.00 ,1
 0> <info> app: hr,1007,-14714, 3.00 ,1
 0> <info> app: hr,1008,-14704, 3.00 ,1
 0> <info> app: hr,1009,-14698, 2.00 ,1
 0> <info> app: hr,1010,-14692, 2.00 ,1
 0> <info> app: hr,1011,-14700, 2.00 ,1
 0> <info> app: hr,1012,-14703, 2.00 ,1
 0> <info> app: hr,1013,-14705, 2.00 ,1
 0> <info> app: hr,1014,-14697, 2.00 ,1
 0> <info> app: hr,1015,-14708, 2.00 ,1
 0> <info> app: [OK]	HR has been calculated 0
 0> <info> app: BATT Reading...
 0> <info> app: Raw 869,SOC 69,BattFullDetect 0, 385V
 0> <info> app: Save 1536355090, 2771, -769, -17375,
 0> <info> app: [OK]	HR Background stop
 0> <info> app: ^
 0> <info> app: HR A
 0> <info> app: HR C
 0> <info> app: HR D
 0> <info> app: Show HR Result

# Logging stopped @ 27 Nov 2018 14:08:03
