# SEGGER J-Link RTT Viewer V6.16a Terminal Log File
# Compiled: 12:44:10 on Jun  6 2017
# Logging started @ 27 Nov 2018 14:08:17
 0> <info> app: Right Press
 0> <info> app: Right Press
 0> <info> app: BATT Reading...
 0> <info> app: Raw 867,SOC 67,BattFullDetect 0, 384V
 0> <info> app: Save 1536355110, -2727, -641, -17413,
 0> <info> app: Right Press
 0> <info> app: [OK]	Max30102 Already and background working is begin
 0> 
 0> <info> app: Right Press
 0> <info> app: BATT Reading...
 0> <info> app: Raw 867,SOC 67,BattFullDetect 0, 384V
 0> <info> app: Save 1536355120, -3162, -980, -17305,
 0> <info> app: BATT Reading...
 0> <info> app: Raw 868,SOC 68,BattFullDetect 0, 384V
 0> <info> app: Save 1536355130, -2418, -206, -17469,
 0> <error> app: Pedo write to flash.
 0> <info> app: [OK]	FLASH MEMORY
 0> <info> app: Page for write 1146
 0> <info> app: Append Success
 0> <info> app: Save to flash
 0> <info> app: [OK]	HR sample count 1016
 0> 
 0> Plus Signal 1, 50
 0> Minus Signal -1, 62
 0> plus_index 50, minus_index 62, Peak Index, 51,53,54,55,56,, AVR Peak Index, 53, HR 0, Reject out of 30-180.
 0> Plus Signal 1, 104
 0> Minus Signal -1, 123
 0> plus_index 104, minus_index 123, Peak Index, 110,111,, AVR Peak Index, 110, HR 105
 0> Plus Signal 1, 161
 0> Minus Signal -1, 204
 0> plus_index 161, minus_index 204, Peak Index, 181,182,183,184,185,186,187,188,189,190,, AVR Peak Index, 185, HR 80
 0> Plus Signal 1, 210
 0> Minus Signal -1, 258
 0> plus_index 210, minus_index 258, Peak Index, 246,247,248,249,250,, AVR Peak Index, 248, HR 95
 0> Plus Signal 1, 308
 0> Minus Signal -1, 430
 0> plus_index 308, minus_index 430, Peak Index, 344,346,, AVR Peak Index, 345, HR 61
 0> Plus Signal 1, 468
 0> Minus Signal -1, 473
 0> plus_index 468, minus_index 473, Peak Index, 468,, AVR Peak Index, 468, HR 48
 0> Plus Signal 1, 624
 0> Minus Signal -1, 643
 0> plus_index 624, minus_index 643, Peak Index, 624,625,626,627,628,629,630,631,632,633,, AVR Peak Index, 628, HR 37
 0> Plus Signal 1, 762
 0> Minus Signal -1, 775
 0> plus_index 762, minus_index 775, Peak Index, 762,763,764,765,766,767,, AVR Peak Index, 764, HR 44<info> app: HR>>>
 0> 37,44,48,61,80,95,105, sum div 68, 11<info> app: HR final>>>
 0> 37,44,48,<info> app: 
 0> HR  >>> 43
 0> <info> app: hr,50,-15457, 6.00 ,0
 0> <info> app: hr,51,-15449, 6.00 ,0
 0> <info> app: hr,52,-15436, 7.00 ,0
 0> <info> app: hr,53,-15430, 6.00 ,0
 0> <info> app: hr,54,-15439, 7.00 ,0
 0> <info> app: hr,55,-15427, 7.00 ,0
 0> <info> app: hr,56,-15425, 6.00 ,0
 0> <info> app: hr,57,-15399, 6.00 ,0
 0> <info> app: hr,58,-15392, 6.00 ,0
 0> <info> app: hr,59,-15401, 5.00 ,0
 0> <info> app: hr,60,-15376, 5.00 ,0
 0> <info> app: hr,61,-15403, 4.00 ,-1
 0> <info> app: hr,62,-15402, 4.00 ,0
 0> <info> app: hr,63,-15410, 2.00 ,-1
 0> <info> app: hr,64,-15405, 1.00 ,-1
 0> <info> app: hr,65,-15421, 0.00 ,-1
 0> <info> app: hr,66,-15414, 0.00 ,-1
 0> <info> app: hr,67,-15412, 0.00 ,0
 0> <info> app: hr,68,-15410, -1.00 ,0
 0> <info> app: hr,69,-15436, -2.00 ,0
 0> <info> app: hr,70,-15432, -3.00 ,-1
 0> <info> app: hr,71,-15436, -4.00 ,-1
 0> <info> app: hr,72,-15441, -3.00 ,0
 0> <info> app: hr,73,-15448, -4.00 ,0
 0> <info> app: hr,74,-15444, -4.00 ,0
 0> <info> app: hr,75,-15442, -5.00 ,0
 0> <info> app: hr,76,-15450, -4.00 ,0
 0> <info> app: hr,77,-15437, -4.00 ,0
 0> <info> app: hr,78,-15434, -4.00 ,0
 0> <info> app: hr,79,-15443, -4.00 ,0
 0> <info> app: hr,80,-15456, -4.00 ,0
 0> <info> app: hr,81,-15440, -3.00 ,0
 0> <info> app: hr,82,-15461, -3.00 ,1
 0> <info> app: hr,83,-15443, -3.00 ,0
 0> <info> app: hr,84,-15444, -3.00 ,0
 0> <info> app: hr,85,-15460, -2.00 ,0
 0> <info> app: hr,86,-15450, -2.00 ,0
 0> <info> app: hr,87,-15448, -1.00 ,0
 0> <info> app: hr,88,-15462, 0.00 ,0
 0> <info> app: hr,89,-15466, 0.00 ,0
 0> <info> app: hr,90,-15475, 0.00 ,0
 0> <info> app: hr,91,-15472, 1.00 ,0
 0> <info> app: hr,92,-15465, 1.00 ,0
 0> <info> app: hr,93,-15476, 2.00 ,1
 0> <info> app: hr,94,-15458, 3.00 ,1
 0> <info> app: hr,95,-15477, 3.00 ,1
 0> <info> app: hr,96,-15445, 4.00 ,1
 0> <info> app: hr,97,-15458, 5.00 ,1
 0> <info> app: hr,98,-15449, 6.00 ,1
 0> <info> app: hr,99,-15447, 6.00 ,1
 0> <info> app: hr,100,-15442, 7.00 ,1
 0> <info> app: hr,101,-15451, 8.00 ,1
 0> <info> app: hr,102,-15438, 7.00 ,1
 0> <info> app: hr,103,-15430, 8.00 ,1
 0> <info> app: hr,104,-15416, 8.00 ,1
 0> <info> app: hr,105,-15402, 8.00 ,1
 0> <info> app: hr,106,-15424, 8.00 ,1
 0> <info> app: hr,107,-15410, 7.00 ,1
 0> <info> app: hr,108,-15415, 7.00 ,1
 0> <info> app: hr,109,-15407, 6.00 ,1
 0> <info> app: hr,110,-15408, 6.00 ,1
 0> <info> app: hr,111,-15409, 5.00 ,0
 0> <info> app: hr,112,-15410, 4.00 ,-1
 0> <info> app: hr,113,-15410, 3.00 ,-1
 0> <info> app: hr,114,-15429, 3.00 ,0
 0> <info> app: hr,115,-15422, 2.00 ,0
 0> <info> app: hr,116,-15418, 1.00 ,-1
 0> <info> app: hr,117,-15406, 1.00 ,0
 0> <info> app: hr,118,-15428, 0.00 ,0
 0> <info> app: hr,119,-15424, 0.00 ,0
 0> <info> app: hr,120,-15426, 0.00 ,0
 0> <info> app: hr,121,-15423, -1.00 ,0
 0> <info> app: hr,122,-15444, -2.00 ,-1
 0> <info> app: hr,123,-15445, -2.00 ,-1
 0> <info> app: hr,124,-15441, -3.00 ,-1
 0> <info> app: hr,125,-15427, -4.00 ,-1
 0> <info> app: hr,126,-15439, -4.00 ,-1
 0> <info> app: hr,127,-15434, -3.00 ,-1
 0> <info> app: hr,128,-15426, -4.00 ,-1
 0> <info> app: hr,129,-15445, -4.00 ,-1
 0> <info> app: hr,130,-15421, -4.00 ,-1
 0> <info> app: hr,131,-15427, -4.00 ,-1
 0> <info> app: hr,132,-15444, -4.00 ,-1
 0> <info> app: hr,133,-15449, -4.00 ,-1
 0> <info> app: hr,134,-15456, -4.00 ,-1
 0> <info> app: hr,135,-15441, -4.00 ,-1
 0> <info> app: hr,136,-15442, -3.00 ,-1
 0> <info> app: hr,137,-15436, -3.00 ,-1
 0> <info> app: hr,138,-15440, -3.00 ,-1
 0> <info> app: hr,139,-15439, -3.00 ,-1
 0> <info> app: hr,140,-15433, -3.00 ,-1
 0> <info> app: hr,141,-15458, -2.00 ,-1
 0> <info> app: hr,142,-15438, -2.00 ,-1
 0> <info> app: hr,143,-15451, -2.00 ,-1
 0> <info> app: hr,144,-15440, -2.00 ,-1
 0> <info> app: hr,145,-15444, -1.00 ,-1
 0> <info> app: hr,146,-15451, -1.00 ,-1
 0> <info> app: hr,147,-15449, -1.00 ,-1
 0> <info> app: hr,148,-15448, 0.00 ,0
 0> <info> app: hr,149,-15446, 0.00 ,0
 0> <info> app: hr,150,-15434, 0.00 ,0
 0> <info> app: hr,151,-15439, 0.00 ,0
 0> <info> app: hr,152,-15441, 0.00 ,0
 0> <info> app: hr,153,-15438, 0.00 ,0
 0> <info> app: hr,154,-15432, 1.00 ,1
 0> <info> app: hr,155,-15432, 1.00 ,1
 0> <info> app: hr,156,-15432, 1.00 ,1
 0> <info> app: hr,157,-15434, 1.00 ,1
 0> <info> app: hr,158,-15434, 1.00 ,1
 0> <info> app: hr,159,-15417, 1.00 ,1
 0> <info> app: hr,160,-15428, 2.00 ,1
 0> <info> app: hr,161,-15420, 2.00 ,1
 0> <info> app: hr,162,-15420, 1.00 ,1
 0> <info> app: hr,163,-15430, 0.00 ,0
 0> <info> app: hr,164,-15416, 0.00 ,0
 0> <info> app: hr,165,-15437, 0.00 ,0
 0> <info> app: hr,166,-15427, 0.00 ,0
 0> <info> app: hr,167,-15425, 0.00 ,0
 0> <info> app: hr,168,-15429, 0.00 ,0
 0> <info> app: hr,169,-15437, 0.00 ,0
 0> <info> app: hr,170,-15426, 0.00 ,0
 0> <info> app: hr,171,-15431, 0.00 ,0
 0> <info> app: hr,172,-15427, 0.00 ,0
 0> <info> app: hr,173,-15427, -1.00 ,-1
 0> <info> app: hr,174,-15420, -1.00 ,-1
 0> <info> app: hr,175,-15428, -1.00 ,-1
 0> <info> app: hr,176,-15410, -1.00 ,-1
 0> <info> app: hr,177,-15413, -1.00 ,-1
 0> <info> app: hr,178,-15413, -1.00 ,-1
 0> <info> app: hr,179,-15408, -2.00 ,-1
 0> <info> app: hr,180,-15420, -2.00 ,-1
 0> <info> app: hr,181,-15416, -3.00 ,-1
 0> <info> app: hr,182,-15415, -3.00 ,-1
 0> <info> app: hr,183,-15410, -4.00 ,-1
 0> <info> app: hr,184,-15408, -3.00 ,-1
 0> <info> app: hr,185,-15423, -4.00 ,-1
 0> <info> app: hr,186,-15411, -4.00 ,-1
 0> <info> app: hr,187,-15417, -5.00 ,-1
 0> <info> app: hr,188,-15424, -6.00 ,-1
 0> <info> app: hr,189,-15414, -5.00 ,-1
 0> <info> app: hr,190,-15420, -6.00 ,-1
 0> <info> app: hr,191,-15430, -6.00 ,-1
 0> <info> app: hr,192,-15423, -6.00 ,-1
 0> <info> app: hr,193,-15416, -6.00 ,-1
 0> <info> app: hr,194,-15437, -7.00 ,-1
 0> <info> app: hr,195,-15418, -6.00 ,-1
 0> <info> app: hr,196,-15427, -6.00 ,-1
 0> <info> app: hr,197,-15437, -7.00 ,-1
 0> <info> app: hr,198,-15437, -6.00 ,-1
 0> <info> app: hr,199,-15449, -6.00 ,-1
 0> <info> app: hr,200,-15455, -6.00 ,-1
 0> <info> app: hr,201,-15458, -5.00 ,-1
 0> <info> app: hr,202,-15469, -5.00 ,-1
 0> <info> app: hr,203,-15477, -4.00 ,-1
 0> <info> app: hr,204,-15484, -4.00 ,-1
 0> <info> app: hr,205,-15469, -2.00 ,-1
 0> <info> app: hr,206,-15472, -1.00 ,0
 0> <info> app: hr,207,-15466, -1.00 ,0
 0> <info> app: hr,208,-15495, 0.00 ,0
 0> <info> app: hr,209,-15476, 1.00 ,0
 0> <info> app: hr,210,-15481, 2.00 ,0
 0> <info> app: hr,211,-15484, 3.00 ,1
 0> <info> app: hr,212,-15471, 5.00 ,1
 0> <info> app: hr,213,-15499, 5.00 ,1
 0> <info> app: hr,214,-15484, 7.00 ,1
 0> <info> app: hr,215,-15478, 8.00 ,1
 0> <info> app: hr,216,-15502, 9.00 ,1
 0> <info> app: hr,217,-15480, 10.00 ,1
 0> <info> app: hr,218,-15480, 11.00 ,1
 0> <info> app: hr,219,-15481, 13.00 ,1
 0> <info> app: hr,220,-15486, 14.00 ,1
 0> <info> app: hr,221,-15475, 14.00 ,1
 0> <info> app: hr,222,-15478, 16.00 ,1
 0> <info> app: hr,223,-15484, 17.00 ,1
 0> <info> app: hr,224,-15483, 17.00 ,1
 0> <info> app: hr,225,-15474, 18.00 ,1
 0> <info> app: hr,226,-15482, 18.00 ,1
 0> <info> app: hr,227,-15485, 19.00 ,1
 0> <info> app: hr,228,-15486, 19.00 ,1
 0> <info> app: hr,229,-15486, 20.00 ,1
 0> <info> app: hr,230,-15482, 20.00 ,1
 0> <info> app: hr,231,-15469, 21.00 ,1
 0> <info> app: hr,232,-15484, 21.00 ,1
 0> <info> app: hr,233,-15472, 21.00 ,1
 0> <info> app: hr,234,-15468, 21.00 ,1
 0> <info> app: hr,235,-15484, 21.00 ,1
 0> <info> app: hr,236,-15476, 21.00 ,1
 0> <info> app: hr,237,-15477, 21.00 ,1
 0> <info> app: hr,238,-15483, 21.00 ,1
 0> <info> app: hr,239,-15480, 21.00 ,1
 0> <info> app: hr,240,-15480, 21.00 ,1
 0> <info> app: hr,241,-15482, 20.00 ,1
 0> <info> app: hr,242,-15484, 20.00 ,1
 0> <info> app: hr,243,-15493, 19.00 ,1
 0> <info> app: hr,244,-15484, 19.00 ,1
 0> <info> app: hr,245,-15494, 19.00 ,1
 0> <info> app: hr,246,-15487, 19.00 ,1
 0> <info> app: hr,247,-15485, 18.00 ,0
 0> <info> app: hr,248,-15501, 18.00 ,0
 0> <info> app: hr,249,-15502, 19.00 ,1
 0> <info> app: hr,250,-15503, 18.00 ,0
 0> <info> app: hr,251,-15490, 18.00 ,0
 0> <info> app: hr,252,-15510, 18.00 ,0
 0> <info> app: hr,253,-15484, 18.00 ,0
 0> <info> app: hr,254,-15519, 17.00 ,-1
 0> <info> app: hr,255,-15505, 17.00 ,-1
 0> <info> app: hr,256,-15512, 17.00 ,0
 0> <info> app: hr,257,-15523, 17.00 ,0
 0> <info> app: hr,258,-15528, 17.00 ,0
 0> <info> app: hr,259,-15539, 18.00 ,0
 0> <info> app: hr,260,-15533, 18.00 ,1
 0> <info> app: hr,261,-15549, 18.00 ,0
 0> <info> app: hr,262,-15557, 18.00 ,0
 0> <info> app: hr,263,-15556, 19.00 ,0
 0> <info> app: hr,264,-15555, 19.00 ,0
 0> <info> app: hr,265,-15566, 20.00 ,0
 0> <info> app: hr,266,-15558, 21.00 ,1
 0> <info> app: hr,267,-15560, 22.00 ,1
 0> <info> app: hr,268,-15561, 22.00 ,0
 0> <info> app: hr,269,-15555, 23.00 ,1
 0> <info> app: hr,270,-15565, 23.00 ,0
 0> <info> app: hr,271,-15563, 25.00 ,1
 0> <info> app: hr,272,-15564, 26.00 ,1
 0> <info> app: hr,273,-15575, 27.00 ,1
 0> <info> app: hr,274,-15573, 27.00 ,1
 0> <info> app: hr,275,-15576, 28.00 ,1
 0> <info> app: hr,276,-15577, 29.00 ,1
 0> <info> app: hr,277,-15567, 30.00 ,1
 0> <info> app: hr,278,-15577, 30.00 ,1
 0> <info> app: hr,279,-15573, 31.00 ,1
 0> <info> app: hr,280,-15570, 32.00 ,1
 0> <info> app: hr,281,-15579, 33.00 ,1
 0> <info> app: hr,282,-15573, 33.00 ,1
 0> <info> app: hr,283,-15592, 33.00 ,1
 0> <info> app: hr,284,-15591, 35.00 ,1
 0> <info> app: hr,285,-15592, 35.00 ,1
 0> <info> app: hr,286,-15582, 35.00 ,1
 0> <info> app: hr,287,-15586, 35.00 ,1
 0> <info> app: hr,288,-15588, 37.00 ,1
 0> <info> app: hr,289,-15596, 37.00 ,1
 0> <info> app: hr,290,-15592, 37.00 ,1
 0> <info> app: hr,291,-15609, 37.00 ,1
 0> <info> app: hr,292,-15580, 37.00 ,1
 0> <info> app: hr,293,-15587, 37.00 ,1
 0> <info> app: hr,294,-15586, 37.00 ,1
 0> <info> app: hr,295,-15594, 37.00 ,1
 0> <info> app: hr,296,-15600, 38.00 ,1
 0> <info> app: hr,297,-15584, 38.00 ,1
 0> <info> app: hr,298,-15588, 38.00 ,1
 0> <info> app: hr,299,-15604, 38.00 ,1
 0> <info> app: hr,300,-15591, 38.00 ,1
 0> <info> app: hr,301,-15595, 37.00 ,1
 0> <info> app: hr,302,-15580, 37.00 ,1
 0> <info> app: hr,303,-15581, 36.00 ,1
 0> <info> app: hr,304,-15591, 36.00 ,1
 0> <info> app: hr,305,-15573, 36.00 ,1
 0> <info> app: hr,306,-15576, 35.00 ,0
 0> <info> app: hr,307,-15589, 35.00 ,0
 0> <info> app: hr,308,-15577, 34.00 ,-1
 0> <info> app: hr,309,-15582, 33.00 ,-1
 0> <info> app: hr,310,-15589, 32.00 ,-1
 0> <info> app: hr,311,-15576, 31.00 ,-1
 0> <info> app: hr,312,-15588, 31.00 ,0
 0> <info> app: hr,313,-15579, 30.00 ,0
 0> <info> app: hr,314,-15577, 29.00 ,0
 0> <info> app: hr,315,-15591, 28.00 ,-1
 0> <info> app: hr,316,-15570, 27.00 ,-1
 0> <info> app: hr,317,-15580, 26.00 ,0
 0> <info> app: hr,318,-15586, 25.00 ,-1
 0> <info> app: hr,319,-15584, 24.00 ,-1
 0> <info> app: hr,320,-15570, 23.00 ,-1
 0> <info> app: hr,321,-15581, 22.00 ,-1
 0> <info> app: hr,322,-15579, 21.00 ,-1
 0> <info> app: hr,323,-15574, 20.00 ,-1
 0> <info> app: hr,324,-15572, 19.00 ,-1
 0> <info> app: hr,325,-15585, 18.00 ,-1
 0> <info> app: hr,326,-15578, 17.00 ,-1
 0> <info> app: hr,327,-15573, 16.00 ,-1
 0> <info> app: hr,328,-15575, 15.00 ,-1
 0> <info> app: hr,329,-15581, 15.00 ,0
 0> <info> app: hr,330,-15565, 14.00 ,0
 0> <info> app: hr,331,-15584, 12.00 ,-1
 0> <info> app: hr,332,-15586, 11.00 ,-1
 0> <info> app: hr,333,-15582, 11.00 ,-1
 0> <info> app: hr,334,-15581, 10.00 ,0
 0> <info> app: hr,335,-15583, 10.00 ,0
 0> <info> app: hr,336,-15588, 8.00 ,-1
 0> <info> app: hr,337,-15579, 8.00 ,0
 0> <info> app: hr,338,-15577, 7.00 ,-1
 0> <info> app: hr,339,-15579, 7.00 ,0
 0> <info> app: hr,340,-15592, 7.00 ,0
 0> <info> app: hr,341,-15591, 5.00 ,0
 0> <info> app: hr,342,-15591, 5.00 ,0
 0> <info> app: hr,343,-15580, 5.00 ,0
 0> <info> app: hr,344,-15594, 4.00 ,0
 0> <info> app: hr,345,-15596, 4.00 ,0
 0> <info> app: hr,346,-15580, 4.00 ,0
 0> <info> app: hr,347,-15592, 4.00 ,0
 0> <info> app: hr,348,-15579, 4.00 ,0
 0> <info> app: hr,349,-15604, 3.00 ,0
 0> <info> app: hr,350,-15597, 3.00 ,-1
 0> <info> app: hr,351,-15600, 3.00 ,0
 0> <info> app: hr,352,-15594, 3.00 ,0
 0> <info> app: hr,353,-15590, 3.00 ,0
 0> <info> app: hr,354,-15592, 3.00 ,0
 0> <info> app: hr,355,-15601, 3.00 ,0
 0> <info> app: hr,356,-15602, 3.00 ,0
 0> <info> app: hr,357,-15606, 3.00 ,0
 0> <info> app: hr,358,-15596, 4.00 ,1
 0> <info> app: hr,359,-15594, 4.00 ,1
 0> <info> app: hr,360,-15599, 3.00 ,0
 0> <info> app: hr,361,-15609, 4.00 ,1
 0> <info> app: hr,362,-15602, 4.00 ,1
 0> <info> app: hr,363,-15604, 5.00 ,1
 0> <info> app: hr,364,-15599, 4.00 ,1
 0> <info> app: hr,365,-15595, 4.00 ,1
 0> <info> app: hr,366,-15608, 5.00 ,1
 0> <info> app: hr,367,-15603, 5.00 ,1
 0> <info> app: hr,368,-15602, 5.00 ,1
 0> <info> app: hr,369,-15589, 5.00 ,1
 0> <info> app: hr,370,-15616, 6.00 ,1
 0> <info> app: hr,371,-15607, 6.00 ,1
 0> <info> app: hr,372,-15615, 6.00 ,1
 0> <info> app: hr,373,-15600, 6.00 ,1
 0> <info> app: hr,374,-15604, 7.00 ,1
 0> <info> app: hr,375,-15608, 6.00 ,1
 0> <info> app: hr,376,-15606, 7.00 ,1
 0> <info> app: hr,377,-15607, 7.00 ,1
 0> <info> app: hr,378,-15602, 7.00 ,1
 0> <info> app: hr,379,-15608, 7.00 ,1
 0> <info> app: hr,380,-15604, 7.00 ,1
 0> <info> app: hr,381,-15613, 7.00 ,1
 0> <info> app: hr,382,-15611, 8.00 ,1
 0> <info> app: hr,383,-15618, 8.00 ,1
 0> <info> app: hr,384,-15596, 8.00 ,1
 0> <info> app: hr,385,-15602, 8.00 ,1
 0> <info> app: hr,386,-15602, 8.00 ,1
 0> <info> app: hr,387,-15613, 8.00 ,1
 0> <info> app: hr,388,-15625, 8.00 ,1
 0> <info> app: hr,389,-15605, 8.00 ,1
 0> <info> app: hr,390,-15615, 8.00 ,1
 0> <info> app: hr,391,-15601, 8.00 ,1
 0> <info> app: hr,392,-15615, 8.00 ,1
 0> <info> app: hr,393,-15619, 8.00 ,1
 0> <info> app: hr,394,-15604, 9.00 ,1
 0> <info> app: hr,395,-15610, 8.00 ,1
 0> <info> app: hr,396,-15613, 9.00 ,1
 0> <info> app: hr,397,-15603, 8.00 ,1
 0> <info> app: hr,398,-15629, 8.00 ,1
 0> <info> app: hr,399,-15597, 8.00 ,1
 0> <info> app: hr,400,-15620, 8.00 ,1
 0> <info> app: hr,401,-15607, 8.00 ,1
 0> <info> app: hr,402,-15606, 8.00 ,1
 0> <info> app: hr,403,-15612, 8.00 ,1
 0> <info> app: hr,404,-15617, 8.00 ,1
 0> <info> app: hr,405,-15607, 8.00 ,1
 0> <info> app: hr,406,-15613, 7.00 ,1
 0> <info> app: hr,407,-15613, 8.00 ,1
 0> <info> app: hr,408,-15597, 8.00 ,1
 0> <info> app: hr,409,-15620, 7.00 ,1
 0> <info> app: hr,410,-15607, 7.00 ,1
 0> <info> app: hr,411,-15624, 7.00 ,1
 0> <info> app: hr,412,-15614, 7.00 ,1
 0> <info> app: hr,413,-15633, 7.00 ,1
 0> <info> app: hr,414,-15612, 6.00 ,0
 0> <info> app: hr,415,-15620, 7.00 ,1
 0> <info> app: hr,416,-15618, 7.00 ,1
 0> <info> app: hr,417,-15627, 6.00 ,0
 0> <info> app: hr,418,-15626, 7.00 ,1
 0> <info> app: hr,419,-15630, 7.00 ,1
 0> <info> app: hr,420,-15621, 6.00 ,0
 0> <info> app: hr,421,-15631, 7.00 ,1
 0> <info> app: hr,422,-15631, 6.00 ,0
 0> <info> app: hr,423,-15637, 7.00 ,1
 0> <info> app: hr,424,-15624, 7.00 ,1
 0> <info> app: hr,425,-15631, 7.00 ,1
 0> <info> app: hr,426,-15623, 7.00 ,1
 0> <info> app: hr,427,-15629, 8.00 ,1
 0> <info> app: hr,428,-15631, 7.00 ,1
 0> <info> app: hr,429,-15624, 8.00 ,1
 0> <info> app: hr,430,-15623, 7.00 ,1
 0> <info> app: hr,431,-15629, 8.00 ,1
 0> <info> app: hr,432,-15625, 8.00 ,1
 0> <info> app: hr,433,-15628, 8.00 ,1
 0> <info> app: hr,434,-15621, 8.00 ,1
 0> <info> app: hr,435,-15620, 8.00 ,1
 0> <info> app: hr,436,-15627, 8.00 ,1
 0> <info> app: hr,437,-15615, 8.00 ,1
 0> <info> app: hr,438,-15633, 8.00 ,1
 0> <info> app: hr,439,-15634, 8.00 ,1
 0> <info> app: hr,440,-15632, 8.00 ,1
 0> <info> app: hr,441,-15644, 8.00 ,1
 0> <info> app: hr,442,-15625, 8.00 ,1
 0> <info> app: hr,443,-15629, 8.00 ,1
 0> <info> app: hr,444,-15614, 7.00 ,1
 0> <info> app: hr,445,-15629, 8.00 ,1
 0> <info> app: hr,446,-15624, 8.00 ,1
 0> <info> app: hr,447,-15630, 7.00 ,1
 0> <info> app: hr,448,-15626, 8.00 ,1
 0> <info> app: hr,449,-15625, 7.00 ,1
 0> <info> app: hr,450,-15646, 7.00 ,1
 0> <info> app: hr,451,-15622, 8.00 ,1
 0> <info> app: hr,452,-15639, 7.00 ,1
 0> <info> app: hr,453,-15633, 7.00 ,1
 0> <info> app: hr,454,-15639, 7.00 ,1
 0> <info> app: hr,455,-15640, 7.00 ,1
 0> <info> app: hr,456,-15636, 7.00 ,1
 0> <info> app: hr,457,-15634, 7.00 ,1
 0> <info> app: hr,458,-15622, 7.00 ,1
 0> <info> app: hr,459,-15650, 7.00 ,1
 0> <info> app: hr,460,-15634, 7.00 ,1
 0> <info> app: hr,461,-15645, 7.00 ,1
 0> <info> app: hr,462,-15647, 6.00 ,0
 0> <info> app: hr,463,-15628, 7.00 ,1
 0> <info> app: hr,464,-15637, 7.00 ,1
 0> <info> app: hr,465,-15625, 6.00 ,0
 0> <info> app: hr,466,-15634, 7.00 ,1
 0> <info> app: hr,467,-15634, 7.00 ,1
 0> <info> app: hr,468,-15630, 6.00 ,0
 0> <info> app: hr,469,-15640, 7.00 ,1
 0> <info> app: hr,470,-15631, 7.00 ,1
 0> <info> app: hr,471,-15644, 6.00 ,0
 0> <info> app: hr,472,-15635, 7.00 ,1
 0> <info> app: hr,473,-15636, 7.00 ,1
 0> <info> app: hr,474,-15630, 6.00 ,0
 0> <info> app: hr,475,-15638, 6.00 ,0
 0> <info> app: hr,476,-15621, 6.00 ,0
 0> <info> app: hr,477,-15626, 6.00 ,0
 0> <info> app: hr,478,-15649, 6.00 ,0
 0> <info> app: hr,479,-15625, 6.00 ,0
 0> <info> app: hr,480,-15638, 5.00 ,-1
 0> <info> app: hr,481,-15638, 5.00 ,-1
 0> <info> app: hr,482,-15633, 5.00 ,0
 0> <info> app: hr,483,-15637, 4.00 ,0
 0> <info> app: hr,484,-15624, 5.00 ,0
 0> <info> app: hr,485,-15629, 5.00 ,0
 0> <info> app: hr,486,-15646, 5.00 ,0
 0> <info> app: hr,487,-15640, 4.00 ,0
 0> <info> app: hr,488,-15644, 4.00 ,0
 0> <info> app: hr,489,-15640, 4.00 ,0
 0> <info> app: hr,490,-15637, 4.00 ,0
 0> <info> app: hr,491,-15637, 3.00 ,0
 0> <info> app: hr,492,-15643, 3.00 ,0
 0> <info> app: hr,493,-15645, 4.00 ,0
 0> <info> app: hr,494,-15646, 4.00 ,0
 0> <info> app: hr,495,-15643, 4.00 ,0
 0> <info> app: hr,496,-15643, 3.00 ,0
 0> <info> app: hr,497,-15647, 3.00 ,0
 0> <info> app: hr,498,-15651, 4.00 ,0
 0> <info> app: hr,499,-15650, 4.00 ,0
 0> <info> app: hr,500,-15641, 4.00 ,0
 0> <info> app: hr,501,-15643, 4.00 ,0
 0> <info> app: hr,502,-15623, 4.00 ,0
 0> <info> app: hr,503,-15640, 4.00 ,0
 0> <info> app: hr,504,-15636, 4.00 ,0
 0> <info> app: hr,505,-15639, 3.00 ,-1
 0> <info> app: hr,506,-15642, 4.00 ,0
 0> <info> app: hr,507,-15660, 4.00 ,0
 0> <info> app: hr,508,-15644, 4.00 ,0
 0> <info> app: hr,509,-15655, 4.00 ,0
 0> <info> app: hr,510,-15638, 4.00 ,0
 0> <info> app: hr,511,-15644, 4.00 ,0
 0> <info> app: hr,512,-15655, 4.00 ,0
 0> <info> app: hr,513,-15639, 4.00 ,0
 0> <info> app: hr,514,-15638, 4.00 ,0
 0> <info> app: hr,515,-15656, 4.00 ,0
 0> <info> app: hr,516,-15640, 4.00 ,0
 0> <info> app: hr,517,-15639, 4.00 ,0
 0> <info> app: hr,518,-15648, 5.00 ,1
 0> <info> app: hr,519,-15640, 4.00 ,0
 0> <info> app: hr,520,-15645, 4.00 ,0
 0> <info> app: hr,521,-15639, 4.00 ,0
 0> <info> app: hr,522,-15646, 4.00 ,0
 0> <info> app: hr,523,-15636, 3.00 ,-1
 0> <info> app: hr,524,-15641, 4.00 ,0
 0> <info> app: hr,525,-15640, 4.00 ,0
 0> <info> app: hr,526,-15659, 4.00 ,0
 0> <info> app: hr,527,-15643, 4.00 ,0
 0> <info> app: hr,528,-15651, 3.00 ,0
 0> <info> app: hr,529,-15652, 3.00 ,0
 0> <info> app: hr,530,-15641, 3.00 ,0
 0> <info> app: hr,531,-15651, 4.00 ,0
 0> <info> app: hr,532,-15665, 4.00 ,0
 0> <info> app: hr,533,-15640, 3.00 ,0
 0> <info> app: hr,534,-15648, 3.00 ,0
 0> <info> app: hr,535,-15647, 3.00 ,0
 0> <info> app: hr,536,-15646, 4.00 ,0
 0> <info> app: hr,537,-15650, 4.00 ,0
 0> <info> app: hr,538,-15652, 3.00 ,0
 0> <info> app: hr,539,-15653, 3.00 ,0
 0> <info> app: hr,540,-15655, 4.00 ,0
 0> <info> app: hr,541,-15658, 4.00 ,0
 0> <info> app: hr,542,-15647, 4.00 ,0
 0> <info> app: hr,543,-15651, 3.00 ,0
 0> <info> app: hr,544,-15641, 4.00 ,0
 0> <info> app: hr,545,-15648, 4.00 ,0
 0> <info> app: hr,546,-15642, 4.00 ,0
 0> <info> app: hr,547,-15647, 4.00 ,0
 0> <info> app: hr,548,-15632, 3.00 ,0
 0> <info> app: hr,549,-15640, 3.00 ,0
 0> <info> app: hr,550,-15648, 3.00 ,0
 0> <info> app: hr,551,-15649, 3.00 ,0
 0> <info> app: hr,552,-15645, 3.00 ,0
 0> <info> app: hr,553,-15644, 3.00 ,0
 0> <info> app: hr,554,-15630, 3.00 ,0
 0> <info> app: hr,555,-15642, 2.00 ,-1
 0> <info> app: hr,556,-15653, 2.00 ,-1
 0> <info> app: hr,557,-15659, 2.00 ,0
 0> <info> app: hr,558,-15641, 2.00 ,0
 0> <info> app: hr,559,-15639, 2.00 ,0
 0> <info> app: hr,560,-15644, 1.00 ,0
 0> <info> app: hr,561,-15647, 1.00 ,-1
 0> <info> app: hr,562,-15644, 1.00 ,0
 0> <info> app: hr,563,-15642, 1.00 ,0
 0> <info> app: hr,564,-15649, 1.00 ,0
 0> <info> app: hr,565,-15650, 1.00 ,0
 0> <info> app: hr,566,-15638, 1.00 ,0
 0> <info> app: hr,567,-15654, 1.00 ,0
 0> <info> app: hr,568,-15645, 1.00 ,0
 0> <info> app: hr,569,-15654, 1.00 ,0
 0> <info> app: hr,570,-15642, 1.00 ,0
 0> <info> app: hr,571,-15642, 1.00 ,0
 0> <info> app: hr,572,-15637, 1.00 ,0
 0> <info> app: hr,573,-15652, 1.00 ,0
 0> <info> app: hr,574,-15650, 0.00 ,-1
 0> <info> app: hr,575,-15650, 0.00 ,-1
 0> <info> app: hr,576,-15634, 0.00 ,0
 0> <info> app: hr,577,-15646, 0.00 ,0
 0> <info> app: hr,578,-15643, 0.00 ,0
 0> <info> app: hr,579,-15627, 0.00 ,0
 0> <info> app: hr,580,-15639, 0.00 ,0
 0> <info> app: hr,581,-15632, 0.00 ,0
 0> <info> app: hr,582,-15649, 0.00 ,0
 0> <info> app: hr,583,-15639, 0.00 ,0
 0> <info> app: hr,584,-15658, 0.00 ,0
 0> <info> app: hr,585,-15640, 0.00 ,0
 0> <info> app: hr,586,-15631, 0.00 ,0
 0> <info> app: hr,587,-15643, 0.00 ,0
 0> <info> app: hr,588,-15621, -1.00 ,-1
 0> <info> app: hr,589,-15639, -1.00 ,-1
 0> <info> app: hr,590,-15637, -1.00 ,-1
 0> <info> app: hr,591,-15633, -1.00 ,-1
 0> <info> app: hr,592,-15638, -1.00 ,-1
 0> <info> app: hr,593,-15644, -1.00 ,-1
 0> <info> app: hr,594,-15642, -1.00 ,-1
 0> <info> app: hr,595,-15646, -1.00 ,-1
 0> <info> app: hr,596,-15639, -1.00 ,-1
 0> <info> app: hr,597,-15630, -2.00 ,-1
 0> <info> app: hr,598,-15637, -2.00 ,-1
 0> <info> app: hr,599,-15635, -2.00 ,-1
 0> <info> app: hr,600,-15626, -2.00 ,-1
 0> <info> app: hr,601,-15638, -3.00 ,-1
 0> <info> app: hr,602,-15659, -2.00 ,-1
 0> <info> app: hr,603,-15642, -2.00 ,-1
 0> <info> app: hr,604,-15633, -2.00 ,-1
 0> <info> app: hr,605,-15633, -2.00 ,-1
 0> <info> app: hr,606,-15630, -3.00 ,-1
 0> <info> app: hr,607,-15632, -3.00 ,-1
 0> <info> app: hr,608,-15635, -3.00 ,-1
 0> <info> app: hr,609,-15634, -2.00 ,-1
 0> <info> app: hr,610,-15642, -3.00 ,-1
 0> <info> app: hr,611,-15629, -3.00 ,-1
 0> <info> app: hr,612,-15630, -3.00 ,-1
 0> <info> app: hr,613,-15636, -3.00 ,-1
 0> <info> app: hr,614,-15637, -3.00 ,-1
 0> <info> app: hr,615,-15638, -3.00 ,-1
 0> <info> app: hr,616,-15628, -3.00 ,-1
 0> <info> app: hr,617,-15639, -3.00 ,-1
 0> <info> app: hr,618,-15630, -3.00 ,-1
 0> <info> app: hr,619,-15637, -4.00 ,-1
 0> <info> app: hr,620,-15641, -3.00 ,-1
 0> <info> app: hr,621,-15638, -3.00 ,-1
 0> <info> app: hr,622,-15626, -3.00 ,-1
 0> <info> app: hr,623,-15630, -3.00 ,-1
 0> <info> app: hr,624,-15625, -4.00 ,-1
 0> <info> app: hr,625,-15629, -4.00 ,-1
 0> <info> app: hr,626,-15631, -3.00 ,-1
 0> <info> app: hr,627,-15624, -3.00 ,-1
 0> <info> app: hr,628,-15633, -3.00 ,-1
 0> <info> app: hr,629,-15634, -4.00 ,-1
 0> <info> app: hr,630,-15631, -4.00 ,-1
 0> <info> app: hr,631,-15643, -3.00 ,-1
 0> <info> app: hr,632,-15631, -3.00 ,-1
 0> <info> app: hr,633,-15633, -4.00 ,-1
 0> <info> app: hr,634,-15646, -4.00 ,-1
 0> <info> app: hr,635,-15628, -4.00 ,-1
 0> <info> app: hr,636,-15641, -3.00 ,-1
 0> <info> app: hr,637,-15635, -3.00 ,-1
 0> <info> app: hr,638,-15633, -3.00 ,-1
 0> <info> app: hr,639,-15649, -3.00 ,-1
 0> <info> app: hr,640,-15640, -3.00 ,-1
 0> <info> app: hr,641,-15638, -2.00 ,-1
 0> <info> app: hr,642,-15637, -2.00 ,-1
 0> <info> app: hr,643,-15633, -2.00 ,-1
 0> <info> app: hr,644,-15631, -2.00 ,-1
 0> <info> app: hr,645,-15635, -2.00 ,-1
 0> <info> app: hr,646,-15642, -2.00 ,-1
 0> <info> app: hr,647,-15632, -2.00 ,-1
 0> <info> app: hr,648,-15626, -2.00 ,-1
 0> <info> app: hr,649,-15643, -1.00 ,-1
 0> <info> app: hr,650,-15631, -1.00 ,-1
 0> <info> app: hr,651,-15643, -1.00 ,-1
 0> <info> app: hr,652,-15629, -1.00 ,-1
 0> <info> app: hr,653,-15632, -1.00 ,-1
 0> <info> app: hr,654,-15635, -1.00 ,-1
 0> <info> app: hr,655,-15641, -1.00 ,-1
 0> <info> app: hr,656,-15656, -1.00 ,-1
 0> <info> app: hr,657,-15632, -1.00 ,-1
 0> <info> app: hr,658,-15652, -1.00 ,-1
 0> <info> app: hr,659,-15635, -1.00 ,-1
 0> <info> app: hr,660,-15634, -1.00 ,-1
 0> <info> app: hr,661,-15645, 0.00 ,0
 0> <info> app: hr,662,-15641, 0.00 ,0
 0> <info> app: hr,663,-15644, 0.00 ,0
 0> <info> app: hr,664,-15639, 0.00 ,0
 0> <info> app: hr,665,-15626, 0.00 ,0
 0> <info> app: hr,666,-15646, 0.00 ,0
 0> <info> app: hr,667,-15644, 0.00 ,0
 0> <info> app: hr,668,-15639, 0.00 ,0
 0> <info> app: hr,669,-15651, 0.00 ,0
 0> <info> app: hr,670,-15631, 0.00 ,0
 0> <info> app: hr,671,-15635, 0.00 ,0
 0> <info> app: hr,672,-15622, 0.00 ,0
 0> <info> app: hr,673,-15641, 0.00 ,0
 0> <info> app: hr,674,-15625, 1.00 ,1
 0> <info> app: hr,675,-15644, 1.00 ,1
 0> <info> app: hr,676,-15633, 1.00 ,1
 0> <info> app: hr,677,-15636, 1.00 ,1
 0> <info> app: hr,678,-15631, 1.00 ,1
 0> <info> app: hr,679,-15636, 1.00 ,1
 0> <info> app: hr,680,-15632, 1.00 ,1
 0> <info> app: hr,681,-15639, 1.00 ,1
 0> <info> app: hr,682,-15626, 1.00 ,1
 0> <info> app: hr,683,-15630, 1.00 ,1
 0> <info> app: hr,684,-15632, 0.00 ,0
 0> <info> app: hr,685,-15635, 0.00 ,0
 0> <info> app: hr,686,-15630, 0.00 ,0
 0> <info> app: hr,687,-15635, 0.00 ,0
 0> <info> app: hr,688,-15639, 0.00 ,0
 0> <info> app: hr,689,-15629, 0.00 ,0
 0> <info> app: hr,690,-15631, 0.00 ,0
 0> <info> app: hr,691,-15618, 0.00 ,0
 0> <info> app: hr,692,-15624, 0.00 ,0
 0> <info> app: hr,693,-15631, -1.00 ,-1
 0> <info> app: hr,694,-15632, 0.00 ,0
 0> <info> app: hr,695,-15620, 0.00 ,0
 0> <info> app: hr,696,-15627, 0.00 ,0
 0> <info> app: hr,697,-15627, 0.00 ,0
 0> <info> app: hr,698,-15619, -1.00 ,-1
 0> <info> app: hr,699,-15624, -1.00 ,-1
 0> <info> app: hr,700,-15629, -1.00 ,-1
 0> <info> app: hr,701,-15628, -2.00 ,-1
 0> <info> app: hr,702,-15633, -2.00 ,-1
 0> <info> app: hr,703,-15615, -2.00 ,-1
 0> <info> app: hr,704,-15616, -3.00 ,-1
 0> <info> app: hr,705,-15640, -3.00 ,-1
 0> <info> app: hr,706,-15626, -2.00 ,-1
 0> <info> app: hr,707,-15620, -3.00 ,-1
 0> <info> app: hr,708,-15625, -3.00 ,-1
 0> <info> app: hr,709,-15627, -3.00 ,-1
 0> <info> app: hr,710,-15623, -3.00 ,-1
 0> <info> app: hr,711,-15614, -4.00 ,-1
 0> <info> app: hr,712,-15618, -3.00 ,-1
 0> <info> app: hr,713,-15618, -4.00 ,-1
 0> <info> app: hr,714,-15627, -4.00 ,-1
 0> <info> app: hr,715,-15633, -4.00 ,-1
 0> <info> app: hr,716,-15636, -4.00 ,-1
 0> <info> app: hr,717,-15623, -4.00 ,-1
 0> <info> app: hr,718,-15625, -4.00 ,-1
 0> <info> app: hr,719,-15630, -4.00 ,-1
 0> <info> app: hr,720,-15626, -5.00 ,-1
 0> <info> app: hr,721,-15633, -4.00 ,-1
 0> <info> app: hr,722,-15633, -4.00 ,-1
 0> <info> app: hr,723,-15617, -4.00 ,-1
 0> <info> app: hr,724,-15626, -4.00 ,-1
 0> <info> app: hr,725,-15618, -3.00 ,-1
 0> <info> app: hr,726,-15641, -4.00 ,-1
 0> <info> app: hr,727,-15631, -4.00 ,-1
 0> <info> app: hr,728,-15622, -4.00 ,-1
 0> <info> app: hr,729,-15627, -4.00 ,-1
 0> <info> app: hr,730,-15629, -3.00 ,-1
 0> <info> app: hr,731,-15635, -3.00 ,-1
 0> <info> app: hr,732,-15626, -3.00 ,-1
 0> <info> app: hr,733,-15617, -3.00 ,-1
 0> <info> app: hr,734,-15617, -3.00 ,-1
 0> <info> app: hr,735,-15619, -2.00 ,-1
 0> <info> app: hr,736,-15627, -2.00 ,-1
 0> <info> app: hr,737,-15619, -2.00 ,-1
 0> <info> app: hr,738,-15618, -3.00 ,-1
 0> <info> app: hr,739,-15624, -3.00 ,-1
 0> <info> app: hr,740,-15632, -3.00 ,-1
 0> <info> app: hr,741,-15626, -3.00 ,-1
 0> <info> app: hr,742,-15612, -2.00 ,-1
 0> <info> app: hr,743,-15616, -2.00 ,-1
 0> <info> app: hr,744,-15615, -2.00 ,-1
 0> <info> app: hr,745,-15624, -2.00 ,-1
 0> <info> app: hr,746,-15616, -3.00 ,-1
 0> <info> app: hr,747,-15616, -3.00 ,-1
 0> <info> app: hr,748,-15630, -3.00 ,-1
 0> <info> app: hr,749,-15621, -2.00 ,-1
 0> <info> app: hr,750,-15636, -2.00 ,-1
 0> <info> app: hr,751,-15630, -2.00 ,-1
 0> <info> app: hr,752,-15622, -3.00 ,-1
 0> <info> app: hr,753,-15617, -3.00 ,-1
 0> <info> app: hr,754,-15627, -3.00 ,-1
 0> <info> app: hr,755,-15618, -2.00 ,-1
 0> <info> app: hr,756,-15618, -2.00 ,-1
 0> <info> app: hr,757,-15615, -2.00 ,-1
 0> <info> app: hr,758,-15623, -2.00 ,-1
 0> <info> app: hr,759,-15617, -2.00 ,-1
 0> <info> app: hr,760,-15616, -2.00 ,-1
 0> <info> app: hr,761,-15612, -3.00 ,-1
 0> <info> app: hr,762,-15619, -3.00 ,-1
 0> <info> app: hr,763,-15636, -2.00 ,-1
 0> <info> app: hr,764,-15615, -2.00 ,-1
 0> <info> app: hr,765,-15616, -2.00 ,-1
 0> <info> app: hr,766,-15626, -2.00 ,-1
 0> <info> app: hr,767,-15612, -2.00 ,-1
 0> <info> app: hr,768,-15627, -3.00 ,-1
 0> <info> app: hr,769,-15614, -3.00 ,-1
 0> <info> app: hr,770,-15613, -2.00 ,-1
 0> <info> app: hr,771,-15612, -2.00 ,-1
 0> <info> app: hr,772,-15623, -2.00 ,-1
 0> <info> app: hr,773,-15624, -2.00 ,-1
 0> <info> app: hr,774,-15615, -2.00 ,-1
 0> <info> app: hr,775,-15615, -3.00 ,-1
 0> <info> app: hr,776,-15623, -3.00 ,-1
 0> <info> app: hr,777,-15614, -2.00 ,-1
 0> <info> app: hr,778,-15616, -2.00 ,-1
 0> <info> app: hr,779,-15613, -2.00 ,-1
 0> <info> app: hr,780,-15618, -2.00 ,-1
 0> <info> app: hr,781,-15624, -2.00 ,-1
 0> <info> app: hr,782,-15614, -3.00 ,-1
 0> <info> app: hr,783,-15619, -3.00 ,-1
 0> <info> app: hr,784,-15615, -2.00 ,-1
 0> <info> app: hr,785,-15629, -2.00 ,-1
 0> <info> app: hr,786,-15620, -2.00 ,-1
 0> <info> app: hr,787,-15632, -2.00 ,-1
 0> <info> app: hr,788,-15643, -2.00 ,-1
 0> <info> app: hr,789,-15628, -2.00 ,-1
 0> <info> app: hr,790,-15615, -2.00 ,-1
 0> <info> app: hr,791,-15633, -2.00 ,-1
 0> <info> app: hr,792,-15627, -1.00 ,-1
 0> <info> app: hr,793,-15619, -1.00 ,-1
 0> <info> app: hr,794,-15618, -1.00 ,-1
 0> <info> app: hr,795,-15627, -1.00 ,-1
 0> <info> app: hr,796,-15619, 0.00 ,0
 0> <info> app: hr,797,-15626, 0.00 ,0
 0> <info> app: hr,798,-15623, 0.00 ,0
 0> <info> app: hr,799,-15628, 0.00 ,0
 0> <info> app: hr,800,-15629, 0.00 ,0
 0> <info> app: hr,801,-15606, 0.00 ,0
 0> <info> app: hr,802,-15622, 0.00 ,0
 0> <info> app: hr,803,-15631, 0.00 ,0
 0> <info> app: hr,804,-15623, 0.00 ,0
 0> <info> app: hr,805,-15624, 0.00 ,0
 0> <info> app: hr,806,-15625, 0.00 ,0
 0> <info> app: hr,807,-15629, 0.00 ,0
 0> <info> app: hr,808,-15628, 0.00 ,0
 0> <info> app: hr,809,-15620, 0.00 ,0
 0> <info> app: hr,810,-15632, 0.00 ,0
 0> <info> app: hr,811,-15623, 0.00 ,0
 0> <info> app: hr,812,-15613, 1.00 ,1
 0> <info> app: hr,813,-15611, 1.00 ,1
 0> <info> app: hr,814,-15610, 1.00 ,1
 0> <info> app: hr,815,-15598, 1.00 ,1
 0> <info> app: hr,816,-15611, 1.00 ,1
 0> <info> app: hr,817,-15631, 1.00 ,1
 0> <info> app: hr,818,-15616, 0.00 ,0
 0> <info> app: hr,819,-15598, 0.00 ,0
 0> <info> app: hr,820,-15602, 0.00 ,0
 0> <info> app: hr,821,-15591, 0.00 ,0
 0> <info> app: hr,822,-15601, 0.00 ,0
 0> <info> app: hr,823,-15601, 0.00 ,0
 0> <info> app: hr,824,-15602, 0.00 ,0
 0> <info> app: hr,825,-15594, -1.00 ,-1
 0> <info> app: hr,826,-15598, -1.00 ,-1
 0> <info> app: hr,827,-15606, -2.00 ,-1
 0> <info> app: hr,828,-15591, -2.00 ,-1
 0> <info> app: hr,829,-15612, -3.00 ,-1
 0> <info> app: hr,830,-15599, -3.00 ,-1
 0> <info> app: hr,831,-15601, -4.00 ,-1
 0> <info> app: hr,832,-15597, -4.00 ,-1
 0> <info> app: hr,833,-15591, -4.00 ,-1
 0> <info> app: hr,834,-15588, -5.00 ,-1
 0> <info> app: hr,835,-15586, -6.00 ,-1
 0> <info> app: hr,836,-15595, -5.00 ,-1
 0> <info> app: hr,837,-15577, -6.00 ,-1
 0> <info> app: hr,838,-15595, -7.00 ,-1
 0> <info> app: hr,839,-15598, -7.00 ,-1
 0> <info> app: hr,840,-15592, -8.00 ,-1
 0> <info> app: hr,841,-15584, -8.00 ,-1
 0> <info> app: hr,842,-15590, -8.00 ,-1
 0> <info> app: hr,843,-15588, -9.00 ,-1
 0> <info> app: hr,844,-15582, -9.00 ,-1
 0> <info> app: hr,845,-15592, -10.00 ,-1
 0> <info> app: hr,846,-15580, -10.00 ,-1
 0> <info> app: hr,847,-15600, -10.00 ,-1
 0> <info> app: hr,848,-15583, -10.00 ,-1
 0> <info> app: hr,849,-15595, -11.00 ,-1
 0> <info> app: hr,850,-15575, -11.00 ,-1
 0> <info> app: hr,851,-15582, -12.00 ,-1
 0> <info> app: hr,852,-15588, -11.00 ,-1
 0> <info> app: hr,853,-15590, -11.00 ,-1
 0> <info> app: hr,854,-15574, -12.00 ,-1
 0> <info> app: hr,855,-15585, -12.00 ,-1
 0> <info> app: hr,856,-15585, -12.00 ,-1
 0> <info> app: hr,857,-15587, -12.00 ,-1
 0> <info> app: hr,858,-15587, -12.00 ,-1
 0> <info> app: hr,859,-15595, -13.00 ,-1
 0> <info> app: hr,860,-15586, -12.00 ,-1
 0> <info> app: hr,861,-15588, -12.00 ,-1
 0> <info> app: hr,862,-15581, -12.00 ,-1
 0> <info> app: hr,863,-15599, -12.00 ,-1
 0> <info> app: hr,864,-15599, -11.00 ,-1
 0> <info> app: hr,865,-15583, -12.00 ,-1
 0> <info> app: hr,866,-15583, -11.00 ,-1
 0> <info> app: hr,867,-15597, -12.00 ,-1
 0> <info> app: hr,868,-15593, -11.00 ,-1
 0> <info> app: hr,869,-15586, -10.00 ,-1
 0> <info> app: hr,870,-15592, -11.00 ,-1
 0> <info> app: hr,871,-15592, -10.00 ,-1
 0> <info> app: hr,872,-15579, -10.00 ,-1
 0> <info> app: hr,873,-15576, -10.00 ,-1
 0> <info> app: hr,874,-15586, -10.00 ,-1
 0> <info> app: hr,875,-15581, -9.00 ,-1
 0> <info> app: hr,876,-15586, -9.00 ,-1
 0> <info> app: hr,877,-15581, -9.00 ,-1
 0> <info> app: hr,878,-15592, -9.00 ,-1
 0> <info> app: hr,879,-15576, -8.00 ,-1
 0> <info> app: hr,880,-15575, -8.00 ,-1
 0> <info> app: hr,881,-15575, -8.00 ,-1
 0> <info> app: hr,882,-15592, -8.00 ,-1
 0> <info> app: hr,883,-15584, -8.00 ,-1
 0> <info> app: hr,884,-15586, -7.00 ,-1
 0> <info> app: hr,885,-15582, -8.00 ,-1
 0> <info> app: hr,886,-15581, -7.00 ,-1
 0> <info> app: hr,887,-15583, -7.00 ,-1
 0> <info> app: hr,888,-15573, -7.00 ,-1
 0> <info> app: hr,889,-15585, -6.00 ,-1
 0> <info> app: hr,890,-15578, -7.00 ,-1
 0> <info> app: hr,891,-15577, -7.00 ,-1
 0> <info> app: hr,892,-15586, -6.00 ,-1
 0> <info> app: hr,893,-15574, -6.00 ,-1
 0> <info> app: hr,894,-15579, -7.00 ,-1
 0> <info> app: hr,895,-15585, -6.00 ,-1
 0> <info> app: hr,896,-15585, -6.00 ,-1
 0> <info> app: hr,897,-15562, -6.00 ,-1
 0> <info> app: hr,898,-15587, -5.00 ,-1
 0> <info> app: hr,899,-15593, -6.00 ,-1
 0> <info> app: hr,900,-15576, -6.00 ,-1
 0> <info> app: hr,901,-15583, -5.00 ,-1
 0> <info> app: hr,902,-15581, -5.00 ,-1
 0> <info> app: hr,903,-15586, -5.00 ,-1
 0> <info> app: hr,904,-15579, -4.00 ,-1
 0> <info> app: hr,905,-15580, -4.00 ,-1
 0> <info> app: hr,906,-15588, -5.00 ,-1
 0> <info> app: hr,907,-15573, -5.00 ,-1
 0> <info> app: hr,908,-15575, -4.00 ,-1
 0> <info> app: hr,909,-15571, -4.00 ,-1
 0> <info> app: hr,910,-15577, -4.00 ,-1
 0> <info> app: hr,911,-15583, -4.00 ,-1
 0> <info> app: hr,912,-15579, -4.00 ,-1
 0> <info> app: hr,913,-15589, -3.00 ,-1
 0> <info> app: hr,914,-15576, -4.00 ,-1
 0> <info> app: hr,915,-15574, -4.00 ,-1
 0> <info> app: hr,916,-15572, -4.00 ,-1
 0> <info> app: hr,917,-15569, -3.00 ,-1
 0> <info> app: hr,918,-15563, -3.00 ,-1
 0> <info> app: hr,919,-15578, -3.00 ,-1
 0> <info> app: hr,920,-15580, -4.00 ,-1
 0> <info> app: hr,921,-15583, -4.00 ,-1
 0> <info> app: hr,922,-15557, -3.00 ,-1
 0> <info> app: hr,923,-15580, -3.00 ,-1
 0> <info> app: hr,924,-15565, -3.00 ,-1
 0> <info> app: hr,925,-15563, -4.00 ,-1
 0> <info> app: hr,926,-15576, -4.00 ,-1
 0> <info> app: hr,927,-15573, -3.00 ,-1
 0> <info> app: hr,928,-15568, -3.00 ,-1
 0> <info> app: hr,929,-15573, -4.00 ,-1
 0> <info> app: hr,930,-15579, -4.00 ,-1
 0> <info> app: hr,931,-15566, -4.00 ,-1
 0> <info> app: hr,932,-15570, -4.00 ,-1
 0> <info> app: hr,933,-15566, -4.00 ,-1
 0> <info> app: hr,934,-15567, -4.00 ,-1
 0> <info> app: hr,935,-15568, -4.00 ,-1
 0> <info> app: hr,936,-15563, -5.00 ,-1
 0> <info> app: hr,937,-15579, -4.00 ,-1
 0> <info> app: hr,938,-15580, -4.00 ,-1
 0> <info> app: hr,939,-15582, -5.00 ,-1
 0> <info> app: hr,940,-15592, -5.00 ,-1
 0> <info> app: hr,941,-15583, -4.00 ,-1
 0> <info> app: hr,942,-15568, -4.00 ,-1
 0> <info> app: hr,943,-15584, -4.00 ,-1
 0> <info> app: hr,944,-15577, -4.00 ,-1
 0> <info> app: hr,945,-15578, -3.00 ,-1
 0> <info> app: hr,946,-15579, -3.00 ,-1
 0> <info> app: hr,947,-15586, -3.00 ,-1
 0> <info> app: hr,948,-15587, -3.00 ,-1
 0> <info> app: hr,949,-15587, -3.00 ,-1
 0> <info> app: hr,950,-15582, -3.00 ,-1
 0> <info> app: hr,951,-15580, -2.00 ,-1
 0> <info> app: hr,952,-15572, -2.00 ,-1
 0> <info> app: hr,953,-15588, -1.00 ,-1
 0> <info> app: hr,954,-15566, -1.00 ,-1
 0> <info> app: hr,955,-15579, -1.00 ,-1
 0> <info> app: hr,956,-15575, -1.00 ,-1
 0> <info> app: hr,957,-15571, -1.00 ,-1
 0> <info> app: hr,958,-15566, -1.00 ,-1
 0> <info> app: hr,959,-15572, -1.00 ,-1
 0> <info> app: hr,960,-15589, -1.00 ,-1
 0> <info> app: hr,961,-15579, -1.00 ,-1
 0> <info> app: hr,962,-15566, -1.00 ,-1
 0> <info> app: hr,963,-15580, 0.00 ,0
 0> <info> app: hr,964,-15564, 0.00 ,0
 0> <info> app: hr,965,-15575, 0.00 ,0
 0> <info> app: hr,966,-15565, 0.00 ,0
 0> <info> app: hr,967,-15568, 0.00 ,0
 0> <info> app: hr,968,-15571, 0.00 ,0
 0> <info> app: hr,969,-15560, 0.00 ,0
 0> <info> app: hr,970,-15575, 0.00 ,0
 0> <info> app: hr,971,-15580, 0.00 ,0
 0> <info> app: hr,972,-15564, 0.00 ,0
 0> <info> app: hr,973,-15567, 0.00 ,0
 0> <info> app: hr,974,-15570, 0.00 ,0
 0> <info> app: hr,975,-15576, -1.00 ,-1
 0> <info> app: hr,976,-15582, -1.00 ,-1
 0> <info> app: hr,977,-15567, -1.00 ,-1
 0> <info> app: hr,978,-15566, -1.00 ,-1
 0> <info> app: hr,979,-15571, -1.00 ,-1
 0> <info> app: hr,980,-15574, -1.00 ,-1
 0> <info> app: hr,981,-15574, -1.00 ,-1
 0> <info> app: hr,982,-15560, -2.00 ,-1
 0> <info> app: hr,983,-15576, -1.00 ,-1
 0> <info> app: hr,984,-15563, -1.00 ,-1
 0> <info> app: hr,985,-15584, -1.00 ,-1
 0> <info> app: hr,986,-15571, -1.00 ,-1
 0> <info> app: hr,987,-15560, -1.00 ,-1
 0> <info> app: hr,988,-15568, -1.00 ,-1
 0> <info> app: hr,989,-15572, -2.00 ,-1
 0> <info> app: hr,990,-15577, -2.00 ,-1
 0> <info> app: hr,991,-15575, -2.00 ,-1
 0> <info> app: hr,992,-15568, -2.00 ,-1
 0> <info> app: hr,993,-15578, -1.00 ,-1
 0> <info> app: hr,994,-15564, -1.00 ,-1
 0> <info> app: hr,995,-15574, -1.00 ,-1
 0> <info> app: hr,996,-15570, -1.00 ,-1
 0> <info> app: hr,997,-15565, -1.00 ,-1
 0> <info> app: hr,998,-15577, -2.00 ,-1
 0> <info> app: hr,999,-15565, -2.00 ,-1
 0> <info> app: hr,1000,-15566, -2.00 ,-1
 0> <info> app: hr,1001,-15573, -2.00 ,-1
 0> <info> app: hr,1002,-15571, -2.00 ,-1
 0> <info> app: hr,1003,-15578, -1.00 ,-1
 0> <info> app: hr,1004,-15573, -1.00 ,-1
 0> <info> app: hr,1005,-15576, -1.00 ,-1
 0> <info> app: hr,1006,-15583, -1.00 ,-1
 0> <info> app: hr,1007,-15579, -1.00 ,-1
 0> <info> app: hr,1008,-15580, -1.00 ,-1
 0> <info> app: hr,1009,-15568, -1.00 ,-1
 0> <info> app: hr,1010,-15586, -1.00 ,-1
 0> <info> app: hr,1011,-15583, -1.00 ,-1
 0> <info> app: hr,1012,-15578, -1.00 ,-1
 0> <info> app: hr,1013,-15583, -1.00 ,-1
 0> <info> app: hr,1014,-15572, 0.00 ,0
 0> <info> app: hr,1015,-15581, 0.00 ,0
 0> <info> app: [OK]	HR has been calculated 43
 0> <info> app: BATT Reading...
 0> <info> app: Raw 869,SOC 69,BattFullDetect 0, 385V
 0> <info> app: Save 1536355140, -2170, -105, -17623,
 0> <info> app: [OK]	HR Background stop
 0> <info> app: ^
 0> <info> app: HR A
 0> <info> app: HR C
 0> <info> app: HR D
 0> <info> app: Show HR Result

# Logging stopped @ 27 Nov 2018 14:08:53
