# SEGGER J-Link RTT Viewer V6.16a Terminal Log File
# Compiled: 12:44:10 on Jun  6 2017
# Logging started @ 27 Nov 2018 14:09:59
<info> app: ***********  Application started  ***********
 0> 
 0> <info> app: [OK] NRF Power ON 0x0004. 
 0> <info> app: Read MAC:CC34D2110EF6
 0> <info> app: ***********  Sensor initial ***********
 0> <info> app: [OK]	BMI160
 0> <info> app: [OK]	SETUP ACC
 0> <info> app: [OK]	SETUP STEP COUNT
 0> <info> app: [OK]	FLASH MEMORY
 0> <info> app: [OK]	Read and using configuration in flash memory
 0> <info> app: [OK]	Using queue setting from flash memory
 0> <info> app: gender in flash 1
 0> <info> app: [OK]	OLED Initial
 0> <info> app: [OK]	Max30102 Initial, Temperature 31.87
 0> <info> app: ********** End sensor initial *********
 0> 
 0> <info> app: Erase bonds!
 0> <info> app: BLE_ADV_EVT_FAST
 0> <info> app: advertising is started
 0> <info> app: [FALL] Device restart detected. It require setup timer from flash memory
 0> 
 0> <info> app: [OK]	FLASH MEMORY
 0> <info> app: [OK] Pedo data with pages 1146
 0> 
 0> <error> app: [OK] Unix Time in flash 1536355030
 0> <error> app: [OK] Unix Time in flash 1536355046
 0> <error> app: [OK] Unix Time in flash 1536355050
 0> <error> app: [OK] Unix Time in flash 1536355059
 0> <error> app: [OK] Unix Time in flash 1536355070
 0> <error> app: [OK] Unix Time in flash 1536355080
 0> <error> app: [OK] Unix Time in flash 1536355090
 0> <error> app: [OK] Unix Time in flash 1536355100
 0> <info> app: Right Press
 0> <info> app: Right Press
 0> <info> app: Right Press
 0> <info> app: Right Press
 0> <info> app: Right Press
 0> <info> app: BATT Reading...
 0> <info> app: Raw 867,SOC 67,BattFullDetect 0, 384V
 0> <info> app: Save 1536355140, 341, -931, -17633,
 0> <info> app: [OK]	Max30102 Already and background working is begin
 0> 
 0> <info> app: BATT Reading...
 0> <info> app: Raw 866,SOC 66,BattFullDetect 0, 383V
 0> <info> app: Save 1536355150, 638, -306, -17549,
 0> <info> app: [OK]	HR sample count 1017
 0> 
 0> Plus Signal 1, 139
 0> Minus Signal -1, 172
 0> plus_index 139, minus_index 172, Peak Index, 143,144,148,149,150,151,152,153,, AVR Peak Index, 148, HR 0, Reject out of 30-180.
 0> Plus Signal 1, 226
 0> Minus Signal -1, 262
 0> plus_index 226, minus_index 262, Peak Index, 244,245,246,247,248,249,250,251,252,253,, AVR Peak Index, 248, HR 60
 0> Plus Signal 1, 300
 0> Minus Signal -1, 388
 0> plus_index 300, minus_index 388, Peak Index, 345,350,351,352,358,359,, AVR Peak Index, 352, HR 57
 0> Plus Signal 1, 448
 0> Minus Signal -1, 498
 0> plus_index 448, minus_index 498, Peak Index, 461,465,, AVR Peak Index, 463, HR 54
 0> Plus Signal 1, 522
 0> Minus Signal -1, 570
 0> plus_index 522, minus_index 570, Peak Index, 522,523,524,530,531,532,533,534,535,536,537,538,539,540,541,543,544,545,546,547,548,549,550,551,552,553,554,555,, AVR Peak Index, 538, HR 80
 0> Plus Signal 1, 685
 0> Minus Signal -1, 704
 0> plus_index 685, minus_index 704, Peak Index, 685,686,687,688,689,690,691,692,693,, AVR Peak Index, 689, HR 39
 0> Plus Signal 1, 747
 0> Minus Signal -1, 835
 0> plus_index 747, minus_index 835, Peak Index, 814,816,817,819,820,823,, AVR Peak Index, 818, HR 46
 0> Plus Signal 1, 938<info> app: HR>>>
 0> 2,36,37,39,46,80, sum div 78, 15<info> app: HR final>>>
 0> 36,37,39,46,<info> app: 
 0> HR  >>> 39
 0> <info> app: hr,50,-16273, -2.00 ,0
 0> <info> app: hr,51,-16279, -2.00 ,0
 0> <info> app: hr,52,-16272, -2.00 ,0
 0> <info> app: hr,53,-16290, -2.00 ,0
 0> <info> app: hr,54,-16280, -2.00 ,0
 0> <info> app: hr,55,-16283, -2.00 ,0
 0> <info> app: hr,56,-16282, -2.00 ,0
 0> <info> app: hr,57,-16286, -1.00 ,1
 0> <info> app: hr,58,-16284, -1.00 ,1
 0> <info> app: hr,59,-16274, 0.00 ,0
 0> <info> app: hr,60,-16273, 0.00 ,0
 0> <info> app: hr,61,-16273, 0.00 ,0
 0> <info> app: hr,62,-16277, 0.00 ,0
 0> <info> app: hr,63,-16269, 0.00 ,0
 0> <info> app: hr,64,-16281, 0.00 ,0
 0> <info> app: hr,65,-16283, 1.00 ,1
 0> <info> app: hr,66,-16281, 1.00 ,1
 0> <info> app: hr,67,-16275, 0.00 ,0
 0> <info> app: hr,68,-16286, 0.00 ,0
 0> <info> app: hr,69,-16275, 1.00 ,1
 0> <info> app: hr,70,-16274, 1.00 ,1
 0> <info> app: hr,71,-16292, 1.00 ,1
 0> <info> app: hr,72,-16273, 1.00 ,1
 0> <info> app: hr,73,-16275, 1.00 ,1
 0> <info> app: hr,74,-16274, 2.00 ,1
 0> <info> app: hr,75,-16289, 2.00 ,1
 0> <info> app: hr,76,-16273, 2.00 ,1
 0> <info> app: hr,77,-16281, 2.00 ,1
 0> <info> app: hr,78,-16281, 3.00 ,1
 0> <info> app: hr,79,-16274, 2.00 ,1
 0> <info> app: hr,80,-16277, 2.00 ,1
 0> <info> app: hr,81,-16276, 2.00 ,1
 0> <info> app: hr,82,-16267, 2.00 ,1
 0> <info> app: hr,83,-16277, 2.00 ,1
 0> <info> app: hr,84,-16267, 2.00 ,1
 0> <info> app: hr,85,-16272, 2.00 ,1
 0> <info> app: hr,86,-16283, 1.00 ,1
 0> <info> app: hr,87,-16283, 2.00 ,1
 0> <info> app: hr,88,-16258, 2.00 ,1
 0> <info> app: hr,89,-16271, 2.00 ,1
 0> <info> app: hr,90,-16282, 2.00 ,1
 0> <info> app: hr,91,-16281, 2.00 ,1
 0> <info> app: hr,92,-16266, 2.00 ,1
 0> <info> app: hr,93,-16282, 1.00 ,1
 0> <info> app: hr,94,-16278, 1.00 ,1
 0> <info> app: hr,95,-16259, 1.00 ,1
 0> <info> app: hr,96,-16274, 0.00 ,0
 0> <info> app: hr,97,-16279, 0.00 ,0
 0> <info> app: hr,98,-16269, 0.00 ,0
 0> <info> app: hr,99,-16275, 0.00 ,0
 0> <info> app: hr,100,-16265, 0.00 ,0
 0> <info> app: hr,101,-16276, 0.00 ,0
 0> <info> app: hr,102,-16268, 0.00 ,0
 0> <info> app: hr,103,-16271, 0.00 ,0
 0> <info> app: hr,104,-16270, 0.00 ,0
 0> <info> app: hr,105,-16278, 0.00 ,0
 0> <info> app: hr,106,-16271, 0.00 ,0
 0> <info> app: hr,107,-16272, 0.00 ,0
 0> <info> app: hr,108,-16278, 0.00 ,0
 0> <info> app: hr,109,-16275, 0.00 ,0
 0> <info> app: hr,110,-16261, 0.00 ,0
 0> <info> app: hr,111,-16283, 0.00 ,0
 0> <info> app: hr,112,-16278, -1.00 ,-1
 0> <info> app: hr,113,-16266, -1.00 ,-1
 0> <info> app: hr,114,-16278, -1.00 ,-1
 0> <info> app: hr,115,-16274, -1.00 ,-1
 0> <info> app: hr,116,-16275, -1.00 ,-1
 0> <info> app: hr,117,-16257, 0.00 ,0
 0> <info> app: hr,118,-16259, 0.00 ,0
 0> <info> app: hr,119,-16260, 0.00 ,0
 0> <info> app: hr,120,-16263, -1.00 ,-1
 0> <info> app: hr,121,-16269, -1.00 ,-1
 0> <info> app: hr,122,-16267, -1.00 ,-1
 0> <info> app: hr,123,-16268, -1.00 ,-1
 0> <info> app: hr,124,-16269, -2.00 ,-1
 0> <info> app: hr,125,-16257, -2.00 ,-1
 0> <info> app: hr,126,-16270, -2.00 ,-1
 0> <info> app: hr,127,-16263, -2.00 ,-1
 0> <info> app: hr,128,-16264, -3.00 ,-1
 0> <info> app: hr,129,-16253, -2.00 ,-1
 0> <info> app: hr,130,-16276, -2.00 ,-1
 0> <info> app: hr,131,-16273, -2.00 ,-1
 0> <info> app: hr,132,-16265, -3.00 ,-1
 0> <info> app: hr,133,-16270, -3.00 ,-1
 0> <info> app: hr,134,-16272, -3.00 ,-1
 0> <info> app: hr,135,-16270, -2.00 ,-1
 0> <info> app: hr,136,-16274, -3.00 ,-1
 0> <info> app: hr,137,-16250, -3.00 ,-1
 0> <info> app: hr,138,-16262, -3.00 ,-1
 0> <info> app: hr,139,-16260, -3.00 ,-1
 0> <info> app: hr,140,-16264, -3.00 ,-1
 0> <info> app: hr,141,-16268, -3.00 ,-1
 0> <info> app: hr,142,-16271, -3.00 ,-1
 0> <info> app: hr,143,-16261, -3.00 ,-1
 0> <info> app: hr,144,-16266, -3.00 ,-1
 0> <info> app: hr,145,-16272, -4.00 ,-1
 0> <info> app: hr,146,-16261, -4.00 ,-1
 0> <info> app: hr,147,-16258, -3.00 ,-1
 0> <info> app: hr,148,-16271, -3.00 ,-1
 0> <info> app: hr,149,-16271, -3.00 ,-1
 0> <info> app: hr,150,-16270, -3.00 ,-1
 0> <info> app: hr,151,-16249, -4.00 ,-1
 0> <info> app: hr,152,-16249, -3.00 ,-1
 0> <info> app: hr,153,-16265, -3.00 ,-1
 0> <info> app: hr,154,-16267, -3.00 ,-1
 0> <info> app: hr,155,-16250, -3.00 ,-1
 0> <info> app: hr,156,-16261, -4.00 ,-1
 0> <info> app: hr,157,-16252, -3.00 ,-1
 0> <info> app: hr,158,-16254, -3.00 ,-1
 0> <info> app: hr,159,-16264, -3.00 ,-1
 0> <info> app: hr,160,-16264, -4.00 ,-1
 0> <info> app: hr,161,-16286, -4.00 ,-1
 0> <info> app: hr,162,-16271, -3.00 ,-1
 0> <info> app: hr,163,-16271, -3.00 ,-1
 0> <info> app: hr,164,-16264, -3.00 ,-1
 0> <info> app: hr,165,-16276, -3.00 ,-1
 0> <info> app: hr,166,-16269, -3.00 ,-1
 0> <info> app: hr,167,-16272, -3.00 ,-1
 0> <info> app: hr,168,-16275, -2.00 ,-1
 0> <info> app: hr,169,-16268, -2.00 ,-1
 0> <info> app: hr,170,-16258, -2.00 ,-1
 0> <info> app: hr,171,-16261, -2.00 ,-1
 0> <info> app: hr,172,-16275, -2.00 ,-1
 0> <info> app: hr,173,-16263, -2.00 ,-1
 0> <info> app: hr,174,-16278, -2.00 ,-1
 0> <info> app: hr,175,-16270, -2.00 ,-1
 0> <info> app: hr,176,-16262, -1.00 ,-1
 0> <info> app: hr,177,-16270, -1.00 ,-1
 0> <info> app: hr,178,-16262, -1.00 ,-1
 0> <info> app: hr,179,-16265, 0.00 ,0
 0> <info> app: hr,180,-16279, 0.00 ,0
 0> <info> app: hr,181,-16277, 0.00 ,0
 0> <info> app: hr,182,-16284, 0.00 ,0
 0> <info> app: hr,183,-16283, 0.00 ,0
 0> <info> app: hr,184,-16272, 0.00 ,0
 0> <info> app: hr,185,-16280, 0.00 ,0
 0> <info> app: hr,186,-16269, 0.00 ,0
 0> <info> app: hr,187,-16264, 0.00 ,0
 0> <info> app: hr,188,-16267, 0.00 ,0
 0> <info> app: hr,189,-16271, 1.00 ,1
 0> <info> app: hr,190,-16273, 1.00 ,1
 0> <info> app: hr,191,-16277, 1.00 ,1
 0> <info> app: hr,192,-16271, 1.00 ,1
 0> <info> app: hr,193,-16271, 2.00 ,1
 0> <info> app: hr,194,-16272, 2.00 ,1
 0> <info> app: hr,195,-16271, 1.00 ,1
 0> <info> app: hr,196,-16265, 1.00 ,1
 0> <info> app: hr,197,-16265, 1.00 ,1
 0> <info> app: hr,198,-16261, 2.00 ,1
 0> <info> app: hr,199,-16272, 2.00 ,1
 0> <info> app: hr,200,-16270, 2.00 ,1
 0> <info> app: hr,201,-16261, 2.00 ,1
 0> <info> app: hr,202,-16269, 2.00 ,1
 0> <info> app: hr,203,-16278, 2.00 ,1
 0> <info> app: hr,204,-16263, 1.00 ,1
 0> <info> app: hr,205,-16255, 1.00 ,1
 0> <info> app: hr,206,-16260, 1.00 ,1
 0> <info> app: hr,207,-16255, 1.00 ,1
 0> <info> app: hr,208,-16267, 1.00 ,1
 0> <info> app: hr,209,-16274, 1.00 ,1
 0> <info> app: hr,210,-16259, 1.00 ,1
 0> <info> app: hr,211,-16266, 1.00 ,1
 0> <info> app: hr,212,-16263, 1.00 ,1
 0> <info> app: hr,213,-16253, 0.00 ,0
 0> <info> app: hr,214,-16261, 0.00 ,0
 0> <info> app: hr,215,-16274, 0.00 ,0
 0> <info> app: hr,216,-16254, 0.00 ,0
 0> <info> app: hr,217,-16263, 0.00 ,0
 0> <info> app: hr,218,-16248, 0.00 ,0
 0> <info> app: hr,219,-16253, 0.00 ,0
 0> <info> app: hr,220,-16250, 0.00 ,0
 0> <info> app: hr,221,-16247, 0.00 ,0
 0> <info> app: hr,222,-16253, -1.00 ,-1
 0> <info> app: hr,223,-16252, -1.00 ,-1
 0> <info> app: hr,224,-16240, -2.00 ,-1
 0> <info> app: hr,225,-16257, -2.00 ,-1
 0> <info> app: hr,226,-16249, -2.00 ,-1
 0> <info> app: hr,227,-16252, -3.00 ,-1
 0> <info> app: hr,228,-16249, -3.00 ,-1
 0> <info> app: hr,229,-16248, -3.00 ,-1
 0> <info> app: hr,230,-16245, -4.00 ,-1
 0> <info> app: hr,231,-16247, -4.00 ,-1
 0> <info> app: hr,232,-16248, -5.00 ,-1
 0> <info> app: hr,233,-16258, -4.00 ,-1
 0> <info> app: hr,234,-16239, -5.00 ,-1
 0> <info> app: hr,235,-16244, -5.00 ,-1
 0> <info> app: hr,236,-16253, -6.00 ,-1
 0> <info> app: hr,237,-16237, -5.00 ,-1
 0> <info> app: hr,238,-16248, -6.00 ,-1
 0> <info> app: hr,239,-16234, -7.00 ,-1
 0> <info> app: hr,240,-16245, -6.00 ,-1
 0> <info> app: hr,241,-16241, -7.00 ,-1
 0> <info> app: hr,242,-16250, -7.00 ,-1
 0> <info> app: hr,243,-16232, -7.00 ,-1
 0> <info> app: hr,244,-16238, -8.00 ,-1
 0> <info> app: hr,245,-16247, -7.00 ,-1
 0> <info> app: hr,246,-16241, -8.00 ,-1
 0> <info> app: hr,247,-16250, -9.00 ,-1
 0> <info> app: hr,248,-16252, -8.00 ,-1
 0> <info> app: hr,249,-16260, -9.00 ,-1
 0> <info> app: hr,250,-16254, -8.00 ,-1
 0> <info> app: hr,251,-16253, -8.00 ,-1
 0> <info> app: hr,252,-16251, -8.00 ,-1
 0> <info> app: hr,253,-16254, -8.00 ,-1
 0> <info> app: hr,254,-16261, -8.00 ,-1
 0> <info> app: hr,255,-16274, -8.00 ,-1
 0> <info> app: hr,256,-16263, -8.00 ,-1
 0> <info> app: hr,257,-16258, -7.00 ,-1
 0> <info> app: hr,258,-16267, -7.00 ,-1
 0> <info> app: hr,259,-16266, -7.00 ,-1
 0> <info> app: hr,260,-16253, -6.00 ,-1
 0> <info> app: hr,261,-16266, -6.00 ,-1
 0> <info> app: hr,262,-16258, -5.00 ,-1
 0> <info> app: hr,263,-16271, -4.00 ,-1
 0> <info> app: hr,264,-16266, -4.00 ,-1
 0> <info> app: hr,265,-16274, -4.00 ,-1
 0> <info> app: hr,266,-16261, -3.00 ,-1
 0> <info> app: hr,267,-16276, -2.00 ,-1
 0> <info> app: hr,268,-16282, -2.00 ,-1
 0> <info> app: hr,269,-16261, -1.00 ,0
 0> <info> app: hr,270,-16267, -1.00 ,0
 0> <info> app: hr,271,-16266, 0.00 ,0
 0> <info> app: hr,272,-16274, 0.00 ,0
 0> <info> app: hr,273,-16287, 0.00 ,0
 0> <info> app: hr,274,-16275, 1.00 ,0
 0> <info> app: hr,275,-16282, 1.00 ,0
 0> <info> app: hr,276,-16277, 2.00 ,1
 0> <info> app: hr,277,-16271, 3.00 ,1
 0> <info> app: hr,278,-16276, 3.00 ,1
 0> <info> app: hr,279,-16280, 3.00 ,1
 0> <info> app: hr,280,-16293, 4.00 ,1
 0> <info> app: hr,281,-16293, 4.00 ,1
 0> <info> app: hr,282,-16273, 5.00 ,1
 0> <info> app: hr,283,-16289, 6.00 ,1
 0> <info> app: hr,284,-16301, 6.00 ,1
 0> <info> app: hr,285,-16291, 7.00 ,1
 0> <info> app: hr,286,-16288, 8.00 ,1
 0> <info> app: hr,287,-16284, 8.00 ,1
 0> <info> app: hr,288,-16276, 9.00 ,1
 0> <info> app: hr,289,-16281, 9.00 ,1
 0> <info> app: hr,290,-16290, 10.00 ,1
 0> <info> app: hr,291,-16283, 9.00 ,1
 0> <info> app: hr,292,-16280, 10.00 ,1
 0> <info> app: hr,293,-16284, 10.00 ,1
 0> <info> app: hr,294,-16271, 11.00 ,1
 0> <info> app: hr,295,-16279, 11.00 ,1
 0> <info> app: hr,296,-16272, 11.00 ,1
 0> <info> app: hr,297,-16278, 11.00 ,1
 0> <info> app: hr,298,-16284, 11.00 ,1
 0> <info> app: hr,299,-16285, 11.00 ,1
 0> <info> app: hr,300,-16272, 11.00 ,1
 0> <info> app: hr,301,-16261, 11.00 ,1
 0> <info> app: hr,302,-16269, 11.00 ,1
 0> <info> app: hr,303,-16273, 11.00 ,1
 0> <info> app: hr,304,-16263, 10.00 ,1
 0> <info> app: hr,305,-16272, 10.00 ,1
 0> <info> app: hr,306,-16264, 10.00 ,1
 0> <info> app: hr,307,-16267, 9.00 ,1
 0> <info> app: hr,308,-16278, 9.00 ,1
 0> <info> app: hr,309,-16253, 8.00 ,0
 0> <info> app: hr,310,-16270, 8.00 ,0
 0> <info> app: hr,311,-16261, 8.00 ,0
 0> <info> app: hr,312,-16268, 7.00 ,-1
 0> <info> app: hr,313,-16261, 7.00 ,-1
 0> <info> app: hr,314,-16254, 6.00 ,0
 0> <info> app: hr,315,-16258, 5.00 ,-1
 0> <info> app: hr,316,-16262, 5.00 ,0
 0> <info> app: hr,317,-16257, 5.00 ,0
 0> <info> app: hr,318,-16259, 3.00 ,-1
 0> <info> app: hr,319,-16259, 3.00 ,0
 0> <info> app: hr,320,-16256, 2.00 ,-1
 0> <info> app: hr,321,-16251, 2.00 ,0
 0> <info> app: hr,322,-16242, 1.00 ,0
 0> <info> app: hr,323,-16253, 1.00 ,0
 0> <info> app: hr,324,-16260, 0.00 ,0
 0> <info> app: hr,325,-16253, 0.00 ,0
 0> <info> app: hr,326,-16255, 0.00 ,0
 0> <info> app: hr,327,-16244, -1.00 ,0
 0> <info> app: hr,328,-16256, -1.00 ,0
 0> <info> app: hr,329,-16255, -2.00 ,-1
 0> <info> app: hr,330,-16263, -3.00 ,-1
 0> <info> app: hr,331,-16255, -3.00 ,0
 0> <info> app: hr,332,-16258, -4.00 ,-1
 0> <info> app: hr,333,-16262, -5.00 ,-1
 0> <info> app: hr,334,-16259, -4.00 ,0
 0> <info> app: hr,335,-16257, -5.00 ,0
 0> <info> app: hr,336,-16264, -5.00 ,0
 0> <info> app: hr,337,-16269, -5.00 ,0
 0> <info> app: hr,338,-16261, -5.00 ,0
 0> <info> app: hr,339,-16266, -6.00 ,0
 0> <info> app: hr,340,-16255, -6.00 ,0
 0> <info> app: hr,341,-16256, -5.00 ,0
 0> <info> app: hr,342,-16248, -6.00 ,0
 0> <info> app: hr,343,-16263, -6.00 ,0
 0> <info> app: hr,344,-16257, -6.00 ,0
 0> <info> app: hr,345,-16266, -6.00 ,0
 0> <info> app: hr,346,-16269, -6.00 ,0
 0> <info> app: hr,347,-16262, -6.00 ,0
 0> <info> app: hr,348,-16269, -6.00 ,0
 0> <info> app: hr,349,-16261, -6.00 ,0
 0> <info> app: hr,350,-16267, -5.00 ,1
 0> <info> app: hr,351,-16250, -5.00 ,1
 0> <info> app: hr,352,-16268, -5.00 ,0
 0> <info> app: hr,353,-16259, -5.00 ,0
 0> <info> app: hr,354,-16254, -5.00 ,0
 0> <info> app: hr,355,-16276, -5.00 ,0
 0> <info> app: hr,356,-16275, -5.00 ,0
 0> <info> app: hr,357,-16265, -4.00 ,0
 0> <info> app: hr,358,-16265, -4.00 ,1
 0> <info> app: hr,359,-16275, -4.00 ,0
 0> <info> app: hr,360,-16265, -3.00 ,0
 0> <info> app: hr,361,-16268, -3.00 ,0
 0> <info> app: hr,362,-16260, -2.00 ,0
 0> <info> app: hr,363,-16255, -2.00 ,0
 0> <info> app: hr,364,-16258, -2.00 ,0
 0> <info> app: hr,365,-16256, -2.00 ,0
 0> <info> app: hr,366,-16267, -2.00 ,0
 0> <info> app: hr,367,-16262, -2.00 ,0
 0> <info> app: hr,368,-16277, -2.00 ,0
 0> <info> app: hr,369,-16268, -2.00 ,0
 0> <info> app: hr,370,-16271, 0.00 ,1
 0> <info> app: hr,371,-16246, 0.00 ,1
 0> <info> app: hr,372,-16273, 0.00 ,0
 0> <info> app: hr,373,-16276, 0.00 ,0
 0> <info> app: hr,374,-16282, 0.00 ,0
 0> <info> app: hr,375,-16264, 0.00 ,0
 0> <info> app: hr,376,-16270, 0.00 ,0
 0> <info> app: hr,377,-16263, 0.00 ,0
 0> <info> app: hr,378,-16257, 0.00 ,0
 0> <info> app: hr,379,-16264, 0.00 ,0
 0> <info> app: hr,380,-16267, 0.00 ,0
 0> <info> app: hr,381,-16276, 1.00 ,1
 0> <info> app: hr,382,-16277, 1.00 ,1
 0> <info> app: hr,383,-16268, 1.00 ,1
 0> <info> app: hr,384,-16262, 1.00 ,1
 0> <info> app: hr,385,-16271, 1.00 ,1
 0> <info> app: hr,386,-16264, 1.00 ,1
 0> <info> app: hr,387,-16278, 1.00 ,1
 0> <info> app: hr,388,-16272, 1.00 ,1
 0> <info> app: hr,389,-16264, 1.00 ,1
 0> <info> app: hr,390,-16277, 2.00 ,1
 0> <info> app: hr,391,-16270, 2.00 ,1
 0> <info> app: hr,392,-16268, 2.00 ,1
 0> <info> app: hr,393,-16258, 2.00 ,1
 0> <info> app: hr,394,-16266, 2.00 ,1
 0> <info> app: hr,395,-16274, 3.00 ,1
 0> <info> app: hr,396,-16269, 2.00 ,1
 0> <info> app: hr,397,-16287, 2.00 ,1
 0> <info> app: hr,398,-16260, 2.00 ,1
 0> <info> app: hr,399,-16261, 2.00 ,1
 0> <info> app: hr,400,-16261, 3.00 ,1
 0> <info> app: hr,401,-16265, 3.00 ,1
 0> <info> app: hr,402,-16273, 3.00 ,1
 0> <info> app: hr,403,-16271, 2.00 ,1
 0> <info> app: hr,404,-16276, 2.00 ,1
 0> <info> app: hr,405,-16271, 2.00 ,1
 0> <info> app: hr,406,-16265, 2.00 ,1
 0> <info> app: hr,407,-16275, 2.00 ,1
 0> <info> app: hr,408,-16263, 3.00 ,1
 0> <info> app: hr,409,-16267, 3.00 ,1
 0> <info> app: hr,410,-16278, 2.00 ,1
 0> <info> app: hr,411,-16271, 2.00 ,1
 0> <info> app: hr,412,-16274, 2.00 ,1
 0> <info> app: hr,413,-16256, 2.00 ,1
 0> <info> app: hr,414,-16269, 2.00 ,1
 0> <info> app: hr,415,-16268, 2.00 ,1
 0> <info> app: hr,416,-16268, 2.00 ,1
 0> <info> app: hr,417,-16277, 2.00 ,1
 0> <info> app: hr,418,-16264, 1.00 ,1
 0> <info> app: hr,419,-16271, 1.00 ,1
 0> <info> app: hr,420,-16274, 2.00 ,1
 0> <info> app: hr,421,-16259, 2.00 ,1
 0> <info> app: hr,422,-16262, 2.00 ,1
 0> <info> app: hr,423,-16266, 2.00 ,1
 0> <info> app: hr,424,-16276, 2.00 ,1
 0> <info> app: hr,425,-16262, 2.00 ,1
 0> <info> app: hr,426,-16264, 2.00 ,1
 0> <info> app: hr,427,-16256, 1.00 ,1
 0> <info> app: hr,428,-16265, 0.00 ,0
 0> <info> app: hr,429,-16247, 0.00 ,0
 0> <info> app: hr,430,-16259, 0.00 ,0
 0> <info> app: hr,431,-16259, 0.00 ,0
 0> <info> app: hr,432,-16267, 0.00 ,0
 0> <info> app: hr,433,-16260, 0.00 ,0
 0> <info> app: hr,434,-16263, 0.00 ,0
 0> <info> app: hr,435,-16238, 0.00 ,0
 0> <info> app: hr,436,-16265, 0.00 ,0
 0> <info> app: hr,437,-16249, 0.00 ,0
 0> <info> app: hr,438,-16256, -1.00 ,-1
 0> <info> app: hr,439,-16249, -1.00 ,-1
 0> <info> app: hr,440,-16255, -1.00 ,-1
 0> <info> app: hr,441,-16249, -2.00 ,-1
 0> <info> app: hr,442,-16248, -2.00 ,-1
 0> <info> app: hr,443,-16245, -2.00 ,-1
 0> <info> app: hr,444,-16241, -2.00 ,-1
 0> <info> app: hr,445,-16241, -3.00 ,-1
 0> <info> app: hr,446,-16250, -3.00 ,-1
 0> <info> app: hr,447,-16243, -4.00 ,-1
 0> <info> app: hr,448,-16244, -4.00 ,-1
 0> <info> app: hr,449,-16232, -4.00 ,-1
 0> <info> app: hr,450,-16239, -5.00 ,-1
 0> <info> app: hr,451,-16245, -5.00 ,-1
 0> <info> app: hr,452,-16235, -6.00 ,-1
 0> <info> app: hr,453,-16243, -6.00 ,-1
 0> <info> app: hr,454,-16239, -7.00 ,-1
 0> <info> app: hr,455,-16241, -7.00 ,-1
 0> <info> app: hr,456,-16247, -7.00 ,-1
 0> <info> app: hr,457,-16215, -8.00 ,-1
 0> <info> app: hr,458,-16242, -8.00 ,-1
 0> <info> app: hr,459,-16227, -8.00 ,-1
 0> <info> app: hr,460,-16236, -9.00 ,-1
 0> <info> app: hr,461,-16243, -9.00 ,-1
 0> <info> app: hr,462,-16227, -10.00 ,-1
 0> <info> app: hr,463,-16236, -10.00 ,-1
 0> <info> app: hr,464,-16235, -10.00 ,-1
 0> <info> app: hr,465,-16240, -10.00 ,-1
 0> <info> app: hr,466,-16252, -11.00 ,-1
 0> <info> app: hr,467,-16254, -11.00 ,-1
 0> <info> app: hr,468,-16246, -10.00 ,-1
 0> <info> app: hr,469,-16249, -11.00 ,-1
 0> <info> app: hr,470,-16247, -10.00 ,-1
 0> <info> app: hr,471,-16253, -11.00 ,-1
 0> <info> app: hr,472,-16242, -10.00 ,-1
 0> <info> app: hr,473,-16255, -10.00 ,-1
 0> <info> app: hr,474,-16254, -10.00 ,-1
 0> <info> app: hr,475,-16249, -10.00 ,-1
 0> <info> app: hr,476,-16236, -9.00 ,-1
 0> <info> app: hr,477,-16257, -9.00 ,-1
 0> <info> app: hr,478,-16245, -9.00 ,-1
 0> <info> app: hr,479,-16248, -9.00 ,-1
 0> <info> app: hr,480,-16258, -8.00 ,-1
 0> <info> app: hr,481,-16262, -8.00 ,-1
 0> <info> app: hr,482,-16252, -7.00 ,-1
 0> <info> app: hr,483,-16260, -7.00 ,-1
 0> <info> app: hr,484,-16264, -7.00 ,-1
 0> <info> app: hr,485,-16263, -5.00 ,-1
 0> <info> app: hr,486,-16258, -5.00 ,-1
 0> <info> app: hr,487,-16255, -5.00 ,-1
 0> <info> app: hr,488,-16255, -4.00 ,-1
 0> <info> app: hr,489,-16268, -3.00 ,-1
 0> <info> app: hr,490,-16274, -3.00 ,-1
 0> <info> app: hr,491,-16262, -3.00 ,-1
 0> <info> app: hr,492,-16263, -2.00 ,-1
 0> <info> app: hr,493,-16260, -2.00 ,-1
 0> <info> app: hr,494,-16256, 0.00 ,0
 0> <info> app: hr,495,-16265, 0.00 ,0
 0> <info> app: hr,496,-16261, 0.00 ,0
 0> <info> app: hr,497,-16265, 0.00 ,0
 0> <info> app: hr,498,-16260, 1.00 ,1
 0> <info> app: hr,499,-16261, 1.00 ,1
 0> <info> app: hr,500,-16269, 2.00 ,1
 0> <info> app: hr,501,-16263, 2.00 ,1
 0> <info> app: hr,502,-16257, 2.00 ,1
 0> <info> app: hr,503,-16252, 3.00 ,1
 0> <info> app: hr,504,-16247, 3.00 ,1
 0> <info> app: hr,505,-16254, 3.00 ,1
 0> <info> app: hr,506,-16254, 4.00 ,1
 0> <info> app: hr,507,-16264, 3.00 ,1
 0> <info> app: hr,508,-16263, 4.00 ,1
 0> <info> app: hr,509,-16253, 4.00 ,1
 0> <info> app: hr,510,-16251, 4.00 ,1
 0> <info> app: hr,511,-16253, 5.00 ,1
 0> <info> app: hr,512,-16260, 4.00 ,1
 0> <info> app: hr,513,-16259, 4.00 ,1
 0> <info> app: hr,514,-16251, 4.00 ,1
 0> <info> app: hr,515,-16271, 5.00 ,1
 0> <info> app: hr,516,-16252, 4.00 ,1
 0> <info> app: hr,517,-16267, 4.00 ,1
 0> <info> app: hr,518,-16253, 4.00 ,1
 0> <info> app: hr,519,-16268, 4.00 ,1
 0> <info> app: hr,520,-16252, 4.00 ,1
 0> <info> app: hr,521,-16259, 4.00 ,1
 0> <info> app: hr,522,-16267, 4.00 ,1
 0> <info> app: hr,523,-16252, 4.00 ,1
 0> <info> app: hr,524,-16271, 4.00 ,1
 0> <info> app: hr,525,-16256, 3.00 ,1
 0> <info> app: hr,526,-16254, 4.00 ,1
 0> <info> app: hr,527,-16255, 4.00 ,1
 0> <info> app: hr,528,-16275, 4.00 ,1
 0> <info> app: hr,529,-16259, 3.00 ,1
 0> <info> app: hr,530,-16269, 3.00 ,1
 0> <info> app: hr,531,-16264, 3.00 ,1
 0> <info> app: hr,532,-16252, 4.00 ,1
 0> <info> app: hr,533,-16251, 4.00 ,1
 0> <info> app: hr,534,-16260, 3.00 ,1
 0> <info> app: hr,535,-16257, 3.00 ,1
 0> <info> app: hr,536,-16261, 3.00 ,1
 0> <info> app: hr,537,-16262, 3.00 ,1
 0> <info> app: hr,538,-16239, 3.00 ,1
 0> <info> app: hr,539,-16259, 3.00 ,1
 0> <info> app: hr,540,-16252, 2.00 ,0
 0> <info> app: hr,541,-16250, 2.00 ,0
 0> <info> app: hr,542,-16253, 2.00 ,0
 0> <info> app: hr,543,-16262, 2.00 ,0
 0> <info> app: hr,544,-16274, 2.00 ,0
 0> <info> app: hr,545,-16268, 2.00 ,0
 0> <info> app: hr,546,-16265, 2.00 ,0
 0> <info> app: hr,547,-16246, 2.00 ,0
 0> <info> app: hr,548,-16268, 1.00 ,-1
 0> <info> app: hr,549,-16241, 1.00 ,-1
 0> <info> app: hr,550,-16253, 1.00 ,0
 0> <info> app: hr,551,-16259, 1.00 ,0
 0> <info> app: hr,552,-16254, 1.00 ,0
 0> <info> app: hr,553,-16250, 1.00 ,0
 0> <info> app: hr,554,-16264, 1.00 ,0
 0> <info> app: hr,555,-16262, 0.00 ,-1
 0> <info> app: hr,556,-16262, 0.00 ,-1
 0> <info> app: hr,557,-16255, 0.00 ,0
 0> <info> app: hr,558,-16259, 0.00 ,0
 0> <info> app: hr,559,-16255, 0.00 ,0
 0> <info> app: hr,560,-16251, 0.00 ,0
 0> <info> app: hr,561,-16261, 0.00 ,0
 0> <info> app: hr,562,-16254, 0.00 ,0
 0> <info> app: hr,563,-16258, 0.00 ,0
 0> <info> app: hr,564,-16267, 0.00 ,0
 0> <info> app: hr,565,-16263, 0.00 ,0
 0> <info> app: hr,566,-16262, 0.00 ,0
 0> <info> app: hr,567,-16283, 0.00 ,0
 0> <info> app: hr,568,-16257, 0.00 ,0
 0> <info> app: hr,569,-16270, 0.00 ,0
 0> <info> app: hr,570,-16277, 0.00 ,0
 0> <info> app: hr,571,-16267, 0.00 ,0
 0> <info> app: hr,572,-16255, 1.00 ,1
 0> <info> app: hr,573,-16258, 1.00 ,1
 0> <info> app: hr,574,-16261, 1.00 ,1
 0> <info> app: hr,575,-16260, 0.00 ,0
 0> <info> app: hr,576,-16268, 0.00 ,0
 0> <info> app: hr,577,-16254, 0.00 ,0
 0> <info> app: hr,578,-16260, 0.00 ,0
 0> <info> app: hr,579,-16264, 0.00 ,0
 0> <info> app: hr,580,-16244, 1.00 ,1
 0> <info> app: hr,581,-16265, 1.00 ,1
 0> <info> app: hr,582,-16263, 1.00 ,1
 0> <info> app: hr,583,-16270, 1.00 ,1
 0> <info> app: hr,584,-16259, 1.00 ,1
 0> <info> app: hr,585,-16278, 1.00 ,1
 0> <info> app: hr,586,-16255, 1.00 ,1
 0> <info> app: hr,587,-16252, 1.00 ,1
 0> <info> app: hr,588,-16265, 1.00 ,1
 0> <info> app: hr,589,-16268, 1.00 ,1
 0> <info> app: hr,590,-16261, 1.00 ,1
 0> <info> app: hr,591,-16245, 1.00 ,1
 0> <info> app: hr,592,-16268, 0.00 ,0
 0> <info> app: hr,593,-16266, 1.00 ,1
 0> <info> app: hr,594,-16247, 1.00 ,1
 0> <info> app: hr,595,-16250, 1.00 ,1
 0> <info> app: hr,596,-16265, 1.00 ,1
 0> <info> app: hr,597,-16259, 1.00 ,1
 0> <info> app: hr,598,-16268, 1.00 ,1
 0> <info> app: hr,599,-16261, 1.00 ,1
 0> <info> app: hr,600,-16259, 1.00 ,1
 0> <info> app: hr,601,-16263, 1.00 ,1
 0> <info> app: hr,602,-16263, 1.00 ,1
 0> <info> app: hr,603,-16254, 1.00 ,1
 0> <info> app: hr,604,-16268, 1.00 ,1
 0> <info> app: hr,605,-16269, 1.00 ,1
 0> <info> app: hr,606,-16259, 0.00 ,0
 0> <info> app: hr,607,-16265, 0.00 ,0
 0> <info> app: hr,608,-16251, 0.00 ,0
 0> <info> app: hr,609,-16257, 0.00 ,0
 0> <info> app: hr,610,-16260, 0.00 ,0
 0> <info> app: hr,611,-16255, 0.00 ,0
 0> <info> app: hr,612,-16253, 0.00 ,0
 0> <info> app: hr,613,-16258, 0.00 ,0
 0> <info> app: hr,614,-16237, 0.00 ,0
 0> <info> app: hr,615,-16250, 0.00 ,0
 0> <info> app: hr,616,-16264, 0.00 ,0
 0> <info> app: hr,617,-16250, 0.00 ,0
 0> <info> app: hr,618,-16272, 0.00 ,0
 0> <info> app: hr,619,-16253, 0.00 ,0
 0> <info> app: hr,620,-16263, -1.00 ,-1
 0> <info> app: hr,621,-16259, -1.00 ,-1
 0> <info> app: hr,622,-16260, -1.00 ,-1
 0> <info> app: hr,623,-16253, -1.00 ,-1
 0> <info> app: hr,624,-16266, 0.00 ,0
 0> <info> app: hr,625,-16249, 0.00 ,0
 0> <info> app: hr,626,-16278, 0.00 ,0
 0> <info> app: hr,627,-16257, 0.00 ,0
 0> <info> app: hr,628,-16260, 0.00 ,0
 0> <info> app: hr,629,-16268, 0.00 ,0
 0> <info> app: hr,630,-16258, 0.00 ,0
 0> <info> app: hr,631,-16268, 0.00 ,0
 0> <info> app: hr,632,-16261, 0.00 ,0
 0> <info> app: hr,633,-16265, 0.00 ,0
 0> <info> app: hr,634,-16247, 0.00 ,0
 0> <info> app: hr,635,-16256, 0.00 ,0
 0> <info> app: hr,636,-16262, 0.00 ,0
 0> <info> app: hr,637,-16265, 0.00 ,0
 0> <info> app: hr,638,-16254, 0.00 ,0
 0> <info> app: hr,639,-16273, 0.00 ,0
 0> <info> app: hr,640,-16259, 0.00 ,0
 0> <info> app: hr,641,-16251, 0.00 ,0
 0> <info> app: hr,642,-16262, 0.00 ,0
 0> <info> app: hr,643,-16249, 0.00 ,0
 0> <info> app: hr,644,-16257, 0.00 ,0
 0> <info> app: hr,645,-16258, 0.00 ,0
 0> <info> app: hr,646,-16258, 0.00 ,0
 0> <info> app: hr,647,-16255, 0.00 ,0
 0> <info> app: hr,648,-16253, 0.00 ,0
 0> <info> app: hr,649,-16252, 0.00 ,0
 0> <info> app: hr,650,-16268, 0.00 ,0
 0> <info> app: hr,651,-16249, 0.00 ,0
 0> <info> app: hr,652,-16261, 0.00 ,0
 0> <info> app: hr,653,-16237, -1.00 ,-1
 0> <info> app: hr,654,-16233, -1.00 ,-1
 0> <info> app: hr,655,-16256, -1.00 ,-1
 0> <info> app: hr,656,-16247, -1.00 ,-1
 0> <info> app: hr,657,-16243, 0.00 ,0
 0> <info> app: hr,658,-16256, -1.00 ,-1
 0> <info> app: hr,659,-16240, -1.00 ,-1
 0> <info> app: hr,660,-16235, -1.00 ,-1
 0> <info> app: hr,661,-16243, -2.00 ,-1
 0> <info> app: hr,662,-16249, -2.00 ,-1
 0> <info> app: hr,663,-16237, -2.00 ,-1
 0> <info> app: hr,664,-16232, -3.00 ,-1
 0> <info> app: hr,665,-16242, -3.00 ,-1
 0> <info> app: hr,666,-16254, -3.00 ,-1
 0> <info> app: hr,667,-16242, -3.00 ,-1
 0> <info> app: hr,668,-16240, -4.00 ,-1
 0> <info> app: hr,669,-16239, -4.00 ,-1
 0> <info> app: hr,670,-16248, -5.00 ,-1
 0> <info> app: hr,671,-16239, -4.00 ,-1
 0> <info> app: hr,672,-16231, -5.00 ,-1
 0> <info> app: hr,673,-16240, -5.00 ,-1
 0> <info> app: hr,674,-16238, -6.00 ,-1
 0> <info> app: hr,675,-16234, -5.00 ,-1
 0> <info> app: hr,676,-16243, -6.00 ,-1
 0> <info> app: hr,677,-16252, -6.00 ,-1
 0> <info> app: hr,678,-16229, -6.00 ,-1
 0> <info> app: hr,679,-16235, -6.00 ,-1
 0> <info> app: hr,680,-16233, -7.00 ,-1
 0> <info> app: hr,681,-16240, -6.00 ,-1
 0> <info> app: hr,682,-16251, -7.00 ,-1
 0> <info> app: hr,683,-16228, -7.00 ,-1
 0> <info> app: hr,684,-16253, -7.00 ,-1
 0> <info> app: hr,685,-16234, -7.00 ,-1
 0> <info> app: hr,686,-16239, -7.00 ,-1
 0> <info> app: hr,687,-16238, -7.00 ,-1
 0> <info> app: hr,688,-16231, -7.00 ,-1
 0> <info> app: hr,689,-16244, -7.00 ,-1
 0> <info> app: hr,690,-16237, -7.00 ,-1
 0> <info> app: hr,691,-16230, -7.00 ,-1
 0> <info> app: hr,692,-16240, -7.00 ,-1
 0> <info> app: hr,693,-16239, -7.00 ,-1
 0> <info> app: hr,694,-16230, -7.00 ,-1
 0> <info> app: hr,695,-16243, -7.00 ,-1
 0> <info> app: hr,696,-16243, -7.00 ,-1
 0> <info> app: hr,697,-16253, -6.00 ,-1
 0> <info> app: hr,698,-16230, -7.00 ,-1
 0> <info> app: hr,699,-16247, -7.00 ,-1
 0> <info> app: hr,700,-16250, -6.00 ,-1
 0> <info> app: hr,701,-16247, -6.00 ,-1
 0> <info> app: hr,702,-16244, -6.00 ,-1
 0> <info> app: hr,703,-16234, -5.00 ,-1
 0> <info> app: hr,704,-16268, -6.00 ,-1
 0> <info> app: hr,705,-16240, -6.00 ,-1
 0> <info> app: hr,706,-16250, -5.00 ,-1
 0> <info> app: hr,707,-16248, -4.00 ,-1
 0> <info> app: hr,708,-16248, -4.00 ,-1
 0> <info> app: hr,709,-16237, -4.00 ,-1
 0> <info> app: hr,710,-16243, -3.00 ,-1
 0> <info> app: hr,711,-16248, -3.00 ,-1
 0> <info> app: hr,712,-16241, -3.00 ,-1
 0> <info> app: hr,713,-16239, -3.00 ,-1
 0> <info> app: hr,714,-16248, -3.00 ,-1
 0> <info> app: hr,715,-16249, -3.00 ,-1
 0> <info> app: hr,716,-16254, -2.00 ,-1
 0> <info> app: hr,717,-16247, -1.00 ,-1
 0> <info> app: hr,718,-16248, -1.00 ,-1
 0> <info> app: hr,719,-16249, -1.00 ,-1
 0> <info> app: hr,720,-16246, -1.00 ,-1
 0> <info> app: hr,721,-16240, -1.00 ,-1
 0> <info> app: hr,722,-16253, -1.00 ,-1
 0> <info> app: hr,723,-16249, 0.00 ,0
 0> <info> app: hr,724,-16246, 0.00 ,0
 0> <info> app: hr,725,-16243, 0.00 ,0
 0> <info> app: hr,726,-16244, 0.00 ,0
 0> <info> app: hr,727,-16245, 0.00 ,0
 0> <info> app: hr,728,-16235, 0.00 ,0
 0> <info> app: hr,729,-16250, 0.00 ,0
 0> <info> app: hr,730,-16253, 0.00 ,0
 0> <info> app: hr,731,-16234, 0.00 ,0
 0> <info> app: hr,732,-16244, 0.00 ,0
 0> <info> app: hr,733,-16252, 0.00 ,0
 0> <info> app: hr,734,-16247, 0.00 ,0
 0> <info> app: hr,735,-16246, 1.00 ,1
 0> <info> app: hr,736,-16244, 1.00 ,1
 0> <info> app: hr,737,-16231, 1.00 ,1
 0> <info> app: hr,738,-16241, 1.00 ,1
 0> <info> app: hr,739,-16226, 1.00 ,1
 0> <info> app: hr,740,-16230, 1.00 ,1
 0> <info> app: hr,741,-16235, 1.00 ,1
 0> <info> app: hr,742,-16248, 1.00 ,1
 0> <info> app: hr,743,-16237, 1.00 ,1
 0> <info> app: hr,744,-16230, 0.00 ,0
 0> <info> app: hr,745,-16245, 0.00 ,0
 0> <info> app: hr,746,-16249, 0.00 ,0
 0> <info> app: hr,747,-16248, 0.00 ,0
 0> <info> app: hr,748,-16241, 0.00 ,0
 0> <info> app: hr,749,-16241, 0.00 ,0
 0> <info> app: hr,750,-16245, 0.00 ,0
 0> <info> app: hr,751,-16236, 0.00 ,0
 0> <info> app: hr,752,-16237, 0.00 ,0
 0> <info> app: hr,753,-16246, 0.00 ,0
 0> <info> app: hr,754,-16246, -1.00 ,-1
 0> <info> app: hr,755,-16247, 0.00 ,0
 0> <info> app: hr,756,-16245, 0.00 ,0
 0> <info> app: hr,757,-16241, 0.00 ,0
 0> <info> app: hr,758,-16234, 0.00 ,0
 0> <info> app: hr,759,-16244, 0.00 ,0
 0> <info> app: hr,760,-16241, 0.00 ,0
 0> <info> app: hr,761,-16232, 0.00 ,0
 0> <info> app: hr,762,-16237, 0.00 ,0
 0> <info> app: hr,763,-16235, 0.00 ,0
 0> <info> app: hr,764,-16244, 0.00 ,0
 0> <info> app: hr,765,-16232, 0.00 ,0
 0> <info> app: hr,766,-16226, 0.00 ,0
 0> <info> app: hr,767,-16229, -1.00 ,-1
 0> <info> app: hr,768,-16236, -1.00 ,-1
 0> <info> app: hr,769,-16238, -1.00 ,-1
 0> <info> app: hr,770,-16243, -1.00 ,-1
 0> <info> app: hr,771,-16249, -2.00 ,-1
 0> <info> app: hr,772,-16240, -2.00 ,-1
 0> <info> app: hr,773,-16243, -2.00 ,-1
 0> <info> app: hr,774,-16236, -1.00 ,-1
 0> <info> app: hr,775,-16242, -1.00 ,-1
 0> <info> app: hr,776,-16246, -1.00 ,-1
 0> <info> app: hr,777,-16248, -1.00 ,-1
 0> <info> app: hr,778,-16249, -1.00 ,-1
 0> <info> app: hr,779,-16231, -1.00 ,-1
 0> <info> app: hr,780,-16246, -1.00 ,-1
 0> <info> app: hr,781,-16246, -1.00 ,-1
 0> <info> app: hr,782,-16242, -1.00 ,-1
 0> <info> app: hr,783,-16240, -1.00 ,-1
 0> <info> app: hr,784,-16260, -1.00 ,-1
 0> <info> app: hr,785,-16239, -1.00 ,-1
 0> <info> app: hr,786,-16258, -1.00 ,-1
 0> <info> app: hr,787,-16237, 0.00 ,0
 0> <info> app: hr,788,-16245, 0.00 ,0
 0> <info> app: hr,789,-16241, 0.00 ,0
 0> <info> app: hr,790,-16245, 0.00 ,0
 0> <info> app: hr,791,-16256, 0.00 ,0
 0> <info> app: hr,792,-16247, 0.00 ,0
 0> <info> app: hr,793,-16253, 0.00 ,0
 0> <info> app: hr,794,-16256, 0.00 ,0
 0> <info> app: hr,795,-16247, 0.00 ,0
 0> <info> app: hr,796,-16250, 0.00 ,0
 0> <info> app: hr,797,-16250, 1.00 ,1
 0> <info> app: hr,798,-16243, 1.00 ,1
 0> <info> app: hr,799,-16254, 1.00 ,1
 0> <info> app: hr,800,-16243, 1.00 ,1
 0> <info> app: hr,801,-16247, 1.00 ,1
 0> <info> app: hr,802,-16255, 1.00 ,1
 0> <info> app: hr,803,-16249, 1.00 ,1
 0> <info> app: hr,804,-16253, 1.00 ,1
 0> <info> app: hr,805,-16253, 2.00 ,1
 0> <info> app: hr,806,-16256, 2.00 ,1
 0> <info> app: hr,807,-16254, 2.00 ,1
 0> <info> app: hr,808,-16246, 3.00 ,1
 0> <info> app: hr,809,-16250, 3.00 ,1
 0> <info> app: hr,810,-16241, 2.00 ,1
 0> <info> app: hr,811,-16242, 2.00 ,1
 0> <info> app: hr,812,-16246, 3.00 ,1
 0> <info> app: hr,813,-16238, 3.00 ,1
 0> <info> app: hr,814,-16244, 3.00 ,1
 0> <info> app: hr,815,-16235, 3.00 ,1
 0> <info> app: hr,816,-16242, 2.00 ,1
 0> <info> app: hr,817,-16249, 2.00 ,1
 0> <info> app: hr,818,-16247, 2.00 ,1
 0> <info> app: hr,819,-16232, 2.00 ,1
 0> <info> app: hr,820,-16238, 2.00 ,1
 0> <info> app: hr,821,-16247, 2.00 ,1
 0> <info> app: hr,822,-16249, 2.00 ,1
 0> <info> app: hr,823,-16242, 2.00 ,1
 0> <info> app: hr,824,-16252, 1.00 ,1
 0> <info> app: hr,825,-16245, 1.00 ,1
 0> <info> app: hr,826,-16242, 1.00 ,1
 0> <info> app: hr,827,-16236, 1.00 ,1
 0> <info> app: hr,828,-16237, 1.00 ,1
 0> <info> app: hr,829,-16240, 1.00 ,1
 0> <info> app: hr,830,-16246, 1.00 ,1
 0> <info> app: hr,831,-16261, 1.00 ,1
 0> <info> app: hr,832,-16255, 1.00 ,1
 0> <info> app: hr,833,-16256, 1.00 ,1
 0> <info> app: hr,834,-16250, 1.00 ,1
 0> <info> app: hr,835,-16256, 1.00 ,1
 0> <info> app: hr,836,-16262, 1.00 ,1
 0> <info> app: hr,837,-16259, 1.00 ,1
 0> <info> app: hr,838,-16253, 0.00 ,0
 0> <info> app: hr,839,-16259, 0.00 ,0
 0> <info> app: hr,840,-16259, 0.00 ,0
 0> <info> app: hr,841,-16245, 1.00 ,1
 0> <info> app: hr,842,-16266, 1.00 ,1
 0> <info> app: hr,843,-16244, 1.00 ,1
 0> <info> app: hr,844,-16258, 1.00 ,1
 0> <info> app: hr,845,-16265, 2.00 ,1
 0> <info> app: hr,846,-16274, 2.00 ,1
 0> <info> app: hr,847,-16252, 2.00 ,1
 0> <info> app: hr,848,-16263, 3.00 ,1
 0> <info> app: hr,849,-16257, 2.00 ,1
 0> <info> app: hr,850,-16266, 2.00 ,1
 0> <info> app: hr,851,-16273, 3.00 ,1
 0> <info> app: hr,852,-16266, 3.00 ,1
 0> <info> app: hr,853,-16269, 4.00 ,1
 0> <info> app: hr,854,-16279, 4.00 ,1
 0> <info> app: hr,855,-16276, 4.00 ,1
 0> <info> app: hr,856,-16266, 4.00 ,1
 0> <info> app: hr,857,-16273, 5.00 ,1
 0> <info> app: hr,858,-16271, 5.00 ,1
 0> <info> app: hr,859,-16270, 5.00 ,1
 0> <info> app: hr,860,-16245, 6.00 ,1
 0> <info> app: hr,861,-16271, 6.00 ,1
 0> <info> app: hr,862,-16265, 6.00 ,1
 0> <info> app: hr,863,-16261, 6.00 ,1
 0> <info> app: hr,864,-16255, 7.00 ,1
 0> <info> app: hr,865,-16253, 6.00 ,1
 0> <info> app: hr,866,-16255, 7.00 ,1
 0> <info> app: hr,867,-16252, 7.00 ,1
 0> <info> app: hr,868,-16265, 6.00 ,1
 0> <info> app: hr,869,-16265, 7.00 ,1
 0> <info> app: hr,870,-16244, 7.00 ,1
 0> <info> app: hr,871,-16258, 6.00 ,1
 0> <info> app: hr,872,-16256, 6.00 ,1
 0> <info> app: hr,873,-16267, 7.00 ,1
 0> <info> app: hr,874,-16255, 6.00 ,1
 0> <info> app: hr,875,-16257, 6.00 ,1
 0> <info> app: hr,876,-16255, 6.00 ,1
 0> <info> app: hr,877,-16246, 5.00 ,1
 0> <info> app: hr,878,-16260, 5.00 ,1
 0> <info> app: hr,879,-16251, 5.00 ,1
 0> <info> app: hr,880,-16252, 4.00 ,0
 0> <info> app: hr,881,-16258, 4.00 ,0
 0> <info> app: hr,882,-16259, 4.00 ,0
 0> <info> app: hr,883,-16269, 4.00 ,0
 0> <info> app: hr,884,-16260, 4.00 ,0
 0> <info> app: hr,885,-16254, 3.00 ,-1
 0> <info> app: hr,886,-16246, 3.00 ,-1
 0> <info> app: hr,887,-16260, 3.00 ,0
 0> <info> app: hr,888,-16263, 3.00 ,0
 0> <info> app: hr,889,-16257, 3.00 ,0
 0> <info> app: hr,890,-16245, 1.00 ,-1
 0> <info> app: hr,891,-16256, 1.00 ,0
 0> <info> app: hr,892,-16254, 1.00 ,0
 0> <info> app: hr,893,-16247, 1.00 ,0
 0> <info> app: hr,894,-16242, 1.00 ,0
 0> <info> app: hr,895,-16247, 1.00 ,0
 0> <info> app: hr,896,-16253, 0.00 ,0
 0> <info> app: hr,897,-16249, 0.00 ,-1
 0> <info> app: hr,898,-16250, 0.00 ,0
 0> <info> app: hr,899,-16243, 0.00 ,0
 0> <info> app: hr,900,-16241, 0.00 ,0
 0> <info> app: hr,901,-16244, 0.00 ,0
 0> <info> app: hr,902,-16237, 0.00 ,0
 0> <info> app: hr,903,-16260, -1.00 ,-1
 0> <info> app: hr,904,-16242, -1.00 ,-1
 0> <info> app: hr,905,-16249, -2.00 ,-1
 0> <info> app: hr,906,-16246, -2.00 ,-1
 0> <info> app: hr,907,-16254, -2.00 ,-1
 0> <info> app: hr,908,-16246, -3.00 ,-1
 0> <info> app: hr,909,-16257, -2.00 ,-1
 0> <info> app: hr,910,-16247, -2.00 ,-1
 0> <info> app: hr,911,-16241, -3.00 ,-1
 0> <info> app: hr,912,-16254, -3.00 ,-1
 0> <info> app: hr,913,-16242, -3.00 ,-1
 0> <info> app: hr,914,-16237, -4.00 ,-1
 0> <info> app: hr,915,-16253, -3.00 ,-1
 0> <info> app: hr,916,-16232, -3.00 ,-1
 0> <info> app: hr,917,-16232, -4.00 ,-1
 0> <info> app: hr,918,-16240, -4.00 ,-1
 0> <info> app: hr,919,-16247, -5.00 ,-1
 0> <info> app: hr,920,-16232, -4.00 ,-1
 0> <info> app: hr,921,-16230, -4.00 ,-1
 0> <info> app: hr,922,-16245, -5.00 ,-1
 0> <info> app: hr,923,-16241, -5.00 ,-1
 0> <info> app: hr,924,-16248, -5.00 ,-1
 0> <info> app: hr,925,-16236, -5.00 ,-1
 0> <info> app: hr,926,-16236, -6.00 ,-1
 0> <info> app: hr,927,-16249, -5.00 ,-1
 0> <info> app: hr,928,-16240, -5.00 ,-1
 0> <info> app: hr,929,-16239, -6.00 ,-1
 0> <info> app: hr,930,-16254, -6.00 ,-1
 0> <info> app: hr,931,-16249, -6.00 ,-1
 0> <info> app: hr,932,-16250, -6.00 ,-1
 0> <info> app: hr,933,-16241, -6.00 ,-1
 0> <info> app: hr,934,-16250, -5.00 ,-1
 0> <info> app: hr,935,-16250, -5.00 ,-1
 0> <info> app: hr,936,-16239, -6.00 ,-1
 0> <info> app: hr,937,-16241, -5.00 ,-1
 0> <info> app: hr,938,-16246, -5.00 ,-1
 0> <info> app: hr,939,-16250, -5.00 ,-1
 0> <info> app: hr,940,-16235, -5.00 ,-1
 0> <info> app: hr,941,-16236, -4.00 ,-1
 0> <info> app: hr,942,-16228, -5.00 ,-1
 0> <info> app: hr,943,-16242, -5.00 ,-1
 0> <info> app: hr,944,-16222, -5.00 ,-1
 0> <info> app: hr,945,-16242, -4.00 ,-1
 0> <info> app: hr,946,-16217, -4.00 ,-1
 0> <info> app: hr,947,-16233, -5.00 ,-1
 0> <info> app: hr,948,-16233, -5.00 ,-1
 0> <info> app: hr,949,-16229, -4.00 ,-1
 0> <info> app: hr,950,-16241, -5.00 ,-1
 0> <info> app: hr,951,-16225, -5.00 ,-1
 0> <info> app: hr,952,-16235, -5.00 ,-1
 0> <info> app: hr,953,-16239, -5.00 ,-1
 0> <info> app: hr,954,-16246, -5.00 ,-1
 0> <info> app: hr,955,-16233, -5.00 ,-1
 0> <info> app: hr,956,-16238, -5.00 ,-1
 0> <info> app: hr,957,-16236, -5.00 ,-1
 0> <info> app: hr,958,-16243, -5.00 ,-1
 0> <info> app: hr,959,-16229, -5.00 ,-1
 0> <info> app: hr,960,-16235, -5.00 ,-1
 0> <info> app: hr,961,-16242, -5.00 ,-1
 0> <info> app: hr,962,-16229, -5.00 ,-1
 0> <info> app: hr,963,-16244, -5.00 ,-1
 0> <info> app: hr,964,-16253, -5.00 ,-1
 0> <info> app: hr,965,-16242, -5.00 ,-1
 0> <info> app: hr,966,-16243, -5.00 ,-1
 0> <info> app: hr,967,-16245, -4.00 ,-1
 0> <info> app: hr,968,-16251, -4.00 ,-1
 0> <info> app: hr,969,-16246, -4.00 ,-1
 0> <info> app: hr,970,-16246, -4.00 ,-1
 0> <info> app: hr,971,-16244, -4.00 ,-1
 0> <info> app: hr,972,-16235, -3.00 ,-1
 0> <info> app: hr,973,-16243, -2.00 ,-1
 0> <info> app: hr,974,-16251, -2.00 ,-1
 0> <info> app: hr,975,-16238, -2.00 ,-1
 0> <info> app: hr,976,-16243, -2.00 ,-1
 0> <info> app: hr,977,-16255, -2.00 ,-1
 0> <info> app: hr,978,-16238, -2.00 ,-1
 0> <info> app: hr,979,-16254, -1.00 ,-1
 0> <info> app: hr,980,-16243, 0.00 ,0
 0> <info> app: hr,981,-16240, 0.00 ,0
 0> <info> app: hr,982,-16264, 0.00 ,0
 0> <info> app: hr,983,-16257, 0.00 ,0
 0> <info> app: hr,984,-16244, 0.00 ,0
 0> <info> app: hr,985,-16247, 0.00 ,0
 0> <info> app: hr,986,-16250, 0.00 ,0
 0> <info> app: hr,987,-16250, 0.00 ,0
 0> <info> app: hr,988,-16245, 1.00 ,1
 0> <info> app: hr,989,-16245, 1.00 ,1
 0> <info> app: hr,990,-16237, 1.00 ,1
 0> <info> app: hr,991,-16235, 2.00 ,1
 0> <info> app: hr,992,-16253, 1.00 ,1
 0> <info> app: hr,993,-16238, 1.00 ,1
 0> <info> app: hr,994,-16244, 1.00 ,1
 0> <info> app: hr,995,-16239, 1.00 ,1
 0> <info> app: hr,996,-16245, 2.00 ,1
 0> <info> app: hr,997,-16246, 2.00 ,1
 0> <info> app: hr,998,-16256, 2.00 ,1
 0> <info> app: hr,999,-16240, 2.00 ,1
 0> <info> app: hr,1000,-16254, 2.00 ,1
 0> <info> app: hr,1001,-16246, 2.00 ,1
 0> <info> app: hr,1002,-16249, 1.00 ,1
 0> <info> app: hr,1003,-16238, 2.00 ,1
 0> <info> app: hr,1004,-16241, 2.00 ,1
 0> <info> app: hr,1005,-16247, 2.00 ,1
 0> <info> app: hr,1006,-16236, 2.00 ,1
 0> <info> app: hr,1007,-16234, 2.00 ,1
 0> <info> app: hr,1008,-16229, 2.00 ,1
 0> <info> app: hr,1009,-16229, 2.00 ,1
 0> <info> app: hr,1010,-16224, 1.00 ,1
 0> <info> app: hr,1011,-16220, 1.00 ,1
 0> <info> app: hr,1012,-16228, 1.00 ,1
 0> <info> app: hr,1013,-16231, 0.00 ,0
 0> <info> app: hr,1014,-16219, 0.00 ,0
 0> <info> app: hr,1015,-16233, 0.00 ,0
 0> <info> app: hr,1016,-16221, 0.00 ,0
 0> <info> app: [OK]	HR has been calculated 39
 0> <info> app: BATT Reading...
 0> <info> app: Raw 867,SOC 67,BattFullDetect 0, 384V
 0> <info> app: Save 1536355164, 570, -1068, -17593,
 0> <info> app: [OK]	HR Background stop
 0> <info> app: ^
 0> <info> app: HR A
 0> <info> app: HR C
 0> <info> app: HR D
 0> <info> app: Show HR Result

# Logging stopped @ 27 Nov 2018 14:10:41
