# SEGGER J-Link RTT Viewer V6.16a Terminal Log File
# Compiled: 12:44:10 on Jun  6 2017
# Logging started @ 27 Nov 2018 14:33:21
 0> <info> app: ***********  Application started  ***********
 0> 
 0> <info> app: [OK] NRF Power ON 0x0004. 
 0> <info> app: Read MAC:CC34D2110EF6
 0> <info> app: ***********  Sensor initial ***********
 0> <info> app: [OK]	BMI160
 0> <info> app: [OK]	SETUP ACC
 0> <info> app: [OK]	SETUP STEP COUNT
 0> <info> app: [OK]	FLASH MEMORY
 0> <info> app: [OK]	Read and using configuration in flash memory
 0> <info> app: [OK]	Using queue setting from flash memory
 0> <info> app: gender in flash 1
 0> <info> app: [OK]	OLED Initial
 0> er from flash memory
 0> 
 0> <info> app: BATT Reading...
 0> <info> app: Raw 866,SOC 66,BattFullDetect 0, 383V
 0> <info> app: Save 1536356339, 1375, -1975, -17504,
 0> <info> app: BATT Reading...
 0> <info> app: Raw 863,SOC 63,BattFullDetect 0, 382V
 0> <info> app: Save 1536356349, 2001, -1229, -17483,
 0> <info> app: ALERT_BT_CHECK_WAIT_KRY
 0> <info> app: Right Press
 0> <info> app: Right Press
 0> <info> app: Right Press
 0> <info> app: Right Press
 0> <info> app: [OK]	Max30102 Already and background working is begin
 0> 
 0> <info> app: BATT Reading...
 0> <info> app: Raw 862,SOC 62,BattFullDetect 0, 382V
 0> <info> app: Save 1536356360, 1273, -1834, -17473,
 0> <info> app: BATT Reading...
 0> <info> app: Raw 863,SOC 63,BattFullDetect 0, 382V
 0> <info> app: Save 1536356370, 1442, -1873, -17491,
 0> <info> app: [OK]	HR sample count 1016
 0> <info> app: HR>>>
 0>  sum div 0, 0<info> app: HR final>>>
 0> <info> app: 
 0> HR  >>> 0
 0> <info> app: hr,50,-1, 0.00 ,0
 0> <info> app: hr,51,-1, 0.00 ,0
 0> <info> app: hr,52,-1, 0.00 ,0
 0> <info> app: hr,53,-1, 0.00 ,0
 0> <info> app: hr,54,-1, 0.00 ,0
 0> <info> app: hr,55,-1, 0.00 ,0
 0> <info> app: hr,56,-1, 0.00 ,0
 0> <info> app: hr,57,-1, 0.00 ,0
 0> <info> app: hr,58,-1, 0.00 ,0
 0> <info> app: hr,59,-1, 0.00 ,0
 0> <info> app: hr,60,-1, 0.00 ,0
 0> <info> app: hr,61,-1, 0.00 ,0
 0> <info> app: hr,62,-1, 0.00 ,0
 0> <info> app: hr,63,-1, 0.00 ,0
 0> <info> app: hr,64,-1, 0.00 ,0
 0> <info> app: hr,65,-1, 0.00 ,0
 0> <info> app: hr,66,-1, 0.00 ,0
 0> <info> app: hr,67,-1, 0.00 ,0
 0> <info> app: hr,68,-1, 0.00 ,0
 0> <info> app: hr,69,-1, 0.00 ,0
 0> <info> app: hr,70,-1, 0.00 ,0
 0> <info> app: hr,71,-1, 0.00 ,0
 0> <info> app: hr,72,-1, 0.00 ,0
 0> <info> app: hr,73,-1, 0.00 ,0
 0> <info> app: hr,74,-1, 0.00 ,0
 0> <info> app: hr,75,-1, 0.00 ,0
 0> <info> app: hr,76,-1, 0.00 ,0
 0> <info> app: hr,77,-1, 0.00 ,0
 0> <info> app: hr,78,-1, 0.00 ,0
 0> <info> app: hr,79,-1, 0.00 ,0
 0> <info> app: hr,80,-1, 0.00 ,0
 0> <info> app: hr,81,-1, 0.00 ,0
 0> <info> app: hr,82,-1, 0.00 ,0
 0> <info> app: hr,83,-1, 0.00 ,0
 0> <info> app: hr,84,-1, 0.00 ,0
 0> <info> app: hr,85,-1, 0.00 ,0
 0> <info> app: hr,86,-1, 0.00 ,0
 0> <info> app: hr,87,-1, 0.00 ,0
 0> <info> app: hr,88,-1, 0.00 ,0
 0> <info> app: hr,89,-1, 0.00 ,0
 0> <info> app: hr,90,-1, 0.00 ,0
 0> <info> app: hr,91,-1, 0.00 ,0
 0> <info> app: hr,92,-1, 0.00 ,0
 0> <info> app: hr,93,-1, 0.00 ,0
 0> <info> app: hr,94,-1, 0.00 ,0
 0> <info> app: hr,95,-1, 0.00 ,0
 0> <info> app: hr,96,-1, 0.00 ,0
 0> <info> app: hr,97,-1, 0.00 ,0
 0> <info> app: hr,98,-1, 0.00 ,0
 0> <info> app: hr,99,-1, 0.00 ,0
 0> <info> app: hr,100,-1, 0.00 ,0
 0> <info> app: hr,101,-1, 0.00 ,0
 0> <info> app: hr,102,-1, 0.00 ,0
 0> <info> app: hr,103,-1, 0.00 ,0
 0> <info> app: hr,104,-1, 0.00 ,0
 0> <info> app: hr,105,-1, 0.00 ,0
 0> <info> app: hr,106,-1, 0.00 ,0
 0> <info> app: hr,107,-1, 0.00 ,0
 0> <info> app: hr,108,-1, 0.00 ,0
 0> <info> app: hr,109,-1, 0.00 ,0
 0> <info> app: hr,110,-1, 0.00 ,0
 0> <info> app: hr,111,-1, 0.00 ,0
 0> <info> app: hr,112,-1, 0.00 ,0
 0> <info> app: hr,113,-1, 0.00 ,0
 0> <info> app: hr,114,-1, 0.00 ,0
 0> <info> app: hr,115,-1, 0.00 ,0
 0> <info> app: hr,116,-1, 0.00 ,0
 0> <info> app: hr,117,-1, 0.00 ,0
 0> <info> app: hr,118,-1, 0.00 ,0
 0> <info> app: hr,119,-1, 0.00 ,0
 0> <info> app: hr,120,-1, 0.00 ,0
 0> <info> app: hr,121,-1, 0.00 ,0
 0> <info> app: hr,122,-1, 0.00 ,0
 0> <info> app: hr,123,-1, 0.00 ,0
 0> <info> app: hr,124,-1, 0.00 ,0
 0> <info> app: hr,125,-1, 0.00 ,0
 0> <info> app: hr,126,-1, 0.00 ,0
 0> <info> app: hr,127,-1, 0.00 ,0
 0> <info> app: hr,128,-1, 0.00 ,0
 0> <info> app: hr,129,-1, 0.00 ,0
 0> <info> app: hr,130,-1, 0.00 ,0
 0> <info> app: hr,131,-1, 0.00 ,0
 0> <info> app: hr,132,-1, 0.00 ,0
 0> <info> app: hr,133,-1, 0.00 ,0
 0> <info> app: hr,134,-1, 0.00 ,0
 0> <info> app: hr,135,-1, 0.00 ,0
 0> <info> app: hr,136,-1, 0.00 ,0
 0> <info> app: hr,137,-1, 0.00 ,0
 0> <info> app: hr,138,-1, 0.00 ,0
 0> <info> app: hr,139,-1, 0.00 ,0
 0> <info> app: hr,140,-1, 0.00 ,0
 0> <info> app: hr,141,-1, 0.00 ,0
 0> <info> app: hr,142,-1, 0.00 ,0
 0> <info> app: hr,143,-1, 0.00 ,0
 0> <info> app: hr,144,-1, 0.00 ,0
 0> <info> app: hr,145,-1, 0.00 ,0
 0> <info> app: hr,146,-1, 0.00 ,0
 0> <info> app: hr,147,-1, 0.00 ,0
 0> <info> app: hr,148,-1, 0.00 ,0
 0> <info> app: hr,149,-1, 0.00 ,0
 0> <info> app: hr,150,-1, 0.00 ,0
 0> <info> app: hr,151,-1, 0.00 ,0
 0> <info> app: hr,152,-1, 0.00 ,0
 0> <info> app: hr,153,-1, 0.00 ,0
 0> <info> app: hr,154,-1, 0.00 ,0
 0> <info> app: hr,155,-1, 0.00 ,0
 0> <info> app: hr,156,-1, 0.00 ,0
 0> <info> app: hr,157,-1, 0.00 ,0
 0> <info> app: hr,158,-1, 0.00 ,0
 0> <info> app: hr,159,-1, 0.00 ,0
 0> <info> app: hr,160,-1, 0.00 ,0
 0> <info> app: hr,161,-1, 0.00 ,0
 0> <info> app: hr,162,-1, 0.00 ,0
 0> <info> app: hr,163,-1, 0.00 ,0
 0> <info> app: hr,164,-1, 0.00 ,0
 0> <info> app: hr,165,-1, 0.00 ,0
 0> <info> app: hr,166,-1, 0.00 ,0
 0> <info> app: hr,167,-1, 0.00 ,0
 0> <info> app: hr,168,-1, 0.00 ,0
 0> <info> app: hr,169,-1, 0.00 ,0
 0> <info> app: hr,170,-1, 0.00 ,0
 0> <info> app: hr,171,-1, 0.00 ,0
 0> <info> app: hr,172,-1, 0.00 ,0
 0> <info> app: hr,173,-1, 0.00 ,0
 0> <info> app: hr,174,-1, 0.00 ,0
 0> <info> app: hr,175,-1, 0.00 ,0
 0> <info> app: hr,176,-1, 0.00 ,0
 0> <info> app: hr,177,-1, 0.00 ,0
 0> <info> app: hr,178,-1, 0.00 ,0
 0> <info> app: hr,179,-1, 0.00 ,0
 0> <info> app: hr,180,-1, 0.00 ,0
 0> <info> app: hr,181,-1, 0.00 ,0
 0> <info> app: hr,182,-1, 0.00 ,0
 0> <info> app: hr,183,-1, 0.00 ,0
 0> <info> app: hr,184,-1, 0.00 ,0
 0> <info> app: hr,185,-1, 0.00 ,0
 0> <info> app: hr,186,-1, 0.00 ,0
 0> <info> app: hr,187,-1, 0.00 ,0
 0> <info> app: hr,188,-1, 0.00 ,0
 0> <info> app: hr,189,-1, 0.00 ,0
 0> <info> app: hr,190,-1, 0.00 ,0
 0> <info> app: hr,191,-1, 0.00 ,0
 0> <info> app: hr,192,-1, 0.00 ,0
 0> <info> app: hr,193,-1, 0.00 ,0
 0> <info> app: hr,194,-1, 0.00 ,0
 0> <info> app: hr,195,-1, 0.00 ,0
 0> <info> app: hr,196,-1, 0.00 ,0
 0> <info> app: hr,197,-1, 0.00 ,0
 0> <info> app: hr,198,-1, 0.00 ,0
 0> <info> app: hr,199,-1, 0.00 ,0
 0> <info> app: hr,200,-1, 0.00 ,0
 0> <info> app: hr,201,-1, 0.00 ,0
 0> <info> app: hr,202,-1, 0.00 ,0
 0> <info> app: hr,203,-1, 0.00 ,0
 0> <info> app: hr,204,-1, 0.00 ,0
 0> <info> app: hr,205,-1, 0.00 ,0
 0> <info> app: hr,206,-1, 0.00 ,0
 0> <info> app: hr,207,-1, 0.00 ,0
 0> <info> app: hr,208,-1, 0.00 ,0
 0> <info> app: hr,209,-1, 0.00 ,0
 0> <info> app: hr,210,-1, 0.00 ,0
 0> <info> app: hr,211,-1, 0.00 ,0
 0> <info> app: hr,212,-1, 0.00 ,0
 0> <info> app: hr,213,-1, 0.00 ,0
 0> <info> app: hr,214,-1, 0.00 ,0
 0> <info> app: hr,215,-1, 0.00 ,0
 0> <info> app: hr,216,-1, 0.00 ,0
 0> <info> app: hr,217,-1, 0.00 ,0
 0> <info> app: hr,218,-1, 0.00 ,0
 0> <info> app: hr,219,-1, 0.00 ,0
 0> <info> app: hr,220,-1, 0.00 ,0
 0> <info> app: hr,221,-1, 0.00 ,0
 0> <info> app: hr,222,-1, 0.00 ,0
 0> <info> app: hr,223,-1, 0.00 ,0
 0> <info> app: hr,224,-1, 0.00 ,0
 0> <info> app: hr,225,-1, 0.00 ,0
 0> <info> app: hr,226,-1, 0.00 ,0
 0> <info> app: hr,227,-1, 0.00 ,0
 0> <info> app: hr,228,-1, 0.00 ,0
 0> <info> app: hr,229,-1, 0.00 ,0
 0> <info> app: hr,230,-1, 0.00 ,0
 0> <info> app: hr,231,-1, 0.00 ,0
 0> <info> app: hr,232,-1, 0.00 ,0
 0> <info> app: hr,233,-1, 0.00 ,0
 0> <info> app: hr,234,-1, 0.00 ,0
 0> <info> app: hr,235,-1, 0.00 ,0
 0> <info> app: hr,236,-1, 0.00 ,0
 0> <info> app: hr,237,-1, 0.00 ,0
 0> <info> app: hr,238,-1, 0.00 ,0
 0> <info> app: hr,239,-1, 0.00 ,0
 0> <info> app: hr,240,-1, 0.00 ,0
 0> <info> app: hr,241,-1, 0.00 ,0
 0> <info> app: hr,242,-1, 0.00 ,0
 0> <info> app: hr,243,-1, 0.00 ,0
 0> <info> app: hr,244,-1, 0.00 ,0
 0> <info> app: hr,245,-1, 0.00 ,0
 0> <info> app: hr,246,-1, 0.00 ,0
 0> <info> app: hr,247,-1, 0.00 ,0
 0> <info> app: hr,248,-1, 0.00 ,0
 0> <info> app: hr,249,-1, 0.00 ,0
 0> <info> app: hr,250,-1, 0.00 ,0
 0> <info> app: hr,251,-1, 0.00 ,0
 0> <info> app: hr,252,-1, 0.00 ,0
 0> <info> app: hr,253,-1, 0.00 ,0
 0> <info> app: hr,254,-1, 0.00 ,0
 0> <info> app: hr,255,-1, 0.00 ,0
 0> <info> app: hr,256,-1, 0.00 ,0
 0> <info> app: hr,257,-1, 0.00 ,0
 0> <info> app: hr,258,-1, 0.00 ,0
 0> <info> app: hr,259,-1, 0.00 ,0
 0> <info> app: hr,260,-1, 0.00 ,0
 0> <info> app: hr,261,-1, 0.00 ,0
 0> <info> app: hr,262,-1, 0.00 ,0
 0> <info> app: hr,263,-1, 0.00 ,0
 0> <info> app: hr,264,-1, 0.00 ,0
 0> <info> app: hr,265,-1, 0.00 ,0
 0> <info> app: hr,266,-1, 0.00 ,0
 0> <info> app: hr,267,-1, 0.00 ,0
 0> <info> app: hr,268,-1, 0.00 ,0
 0> <info> app: hr,269,-1, 0.00 ,0
 0> <info> app: hr,270,-1, 0.00 ,0
 0> <info> app: hr,271,-1, 0.00 ,0
 0> <info> app: hr,272,-1, 0.00 ,0
 0> <info> app: hr,273,-1, 0.00 ,0
 0> <info> app: hr,274,-1, 0.00 ,0
 0> <info> app: hr,275,-1, 0.00 ,0
 0> <info> app: hr,276,-1, 0.00 ,0
 0> <info> app: hr,277,-1, 0.00 ,0
 0> <info> app: hr,278,-1, 0.00 ,0
 0> <info> app: hr,279,-1, 0.00 ,0
 0> <info> app: hr,280,-1, 0.00 ,0
 0> <info> app: hr,281,-1, 0.00 ,0
 0> <info> app: hr,282,-1, 0.00 ,0
 0> <info> app: hr,283,-1, 0.00 ,0
 0> <info> app: hr,284,-1, 0.00 ,0
 0> <info> app: hr,285,-1, 0.00 ,0
 0> <info> app: hr,286,-1, 0.00 ,0
 0> <info> app: hr,287,-1, 0.00 ,0
 0> <info> app: hr,288,-1, 0.00 ,0
 0> <info> app: hr,289,-1, 0.00 ,0
 0> <info> app: hr,290,-1, 0.00 ,0
 0> <info> app: hr,291,-1, 0.00 ,0
 0> <info> app: hr,292,-1, 0.00 ,0
 0> <info> app: hr,293,-1, 0.00 ,0
 0> <info> app: hr,294,-1, 0.00 ,0
 0> <info> app: hr,295,-1, 0.00 ,0
 0> <info> app: hr,296,-1, 0.00 ,0
 0> <info> app: hr,297,-1, 0.00 ,0
 0> <info> app: hr,298,-1, 0.00 ,0
 0> <info> app: hr,299,-1, 0.00 ,0
 0> <info> app: hr,300,-1, 0.00 ,0
 0> <info> app: hr,301,-1, 0.00 ,0
 0> <info> app: hr,302,-1, 0.00 ,0
 0> <info> app: hr,303,-1, 0.00 ,0
 0> <info> app: hr,304,-1, 0.00 ,0
 0> <info> app: hr,305,-1, 0.00 ,0
 0> <info> app: hr,306,-1, 0.00 ,0
 0> <info> app: hr,307,-1, 0.00 ,0
 0> <info> app: hr,308,-1, 0.00 ,0
 0> <info> app: hr,309,-1, 0.00 ,0
 0> <info> app: hr,310,-1, 0.00 ,0
 0> <info> app: hr,311,-1, 0.00 ,0
 0> <info> app: hr,312,-1, 0.00 ,0
 0> <info> app: hr,313,-1, 0.00 ,0
 0> <info> app: hr,314,-1, 0.00 ,0
 0> <info> app: hr,315,-1, 0.00 ,0
 0> <info> app: hr,316,-1, 0.00 ,0
 0> <info> app: hr,317,-1, 0.00 ,0
 0> <info> app: hr,318,-1, 0.00 ,0
 0> <info> app: hr,319,-1, 0.00 ,0
 0> <info> app: hr,320,-1, 0.00 ,0
 0> <info> app: hr,321,-1, 0.00 ,0
 0> <info> app: hr,322,-1, 0.00 ,0
 0> <info> app: hr,323,-1, 0.00 ,0
 0> <info> app: hr,324,-1, 0.00 ,0
 0> <info> app: hr,325,-1, 0.00 ,0
 0> <info> app: hr,326,-1, 0.00 ,0
 0> <info> app: hr,327,-1, 0.00 ,0
 0> <info> app: hr,328,-1, 0.00 ,0
 0> <info> app: hr,329,-1, 0.00 ,0
 0> <info> app: hr,330,-1, 0.00 ,0
 0> <info> app: hr,331,-1, 0.00 ,0
 0> <info> app: hr,332,-1, 0.00 ,0
 0> <info> app: hr,333,-1, 0.00 ,0
 0> <info> app: hr,334,-1, 0.00 ,0
 0> <info> app: hr,335,-1, 0.00 ,0
 0> <info> app: hr,336,-1, 0.00 ,0
 0> <info> app: hr,337,-1, 0.00 ,0
 0> <info> app: hr,338,-1, 0.00 ,0
 0> <info> app: hr,339,-1, 0.00 ,0
 0> <info> app: hr,340,-1, 0.00 ,0
 0> <info> app: hr,341,-1, 0.00 ,0
 0> <info> app: hr,342,-1, 0.00 ,0
 0> <info> app: hr,343,-1, 0.00 ,0
 0> <info> app: hr,344,-1, 0.00 ,0
 0> <info> app: hr,345,-1, 0.00 ,0
 0> <info> app: hr,346,-1, 0.00 ,0
 0> <info> app: hr,347,-1, 0.00 ,0
 0> <info> app: hr,348,-1, 0.00 ,0
 0> <info> app: hr,349,-1, 0.00 ,0
 0> <info> app: hr,350,-1, 0.00 ,0
 0> <info> app: hr,351,-1, 0.00 ,0
 0> <info> app: hr,352,-1, 0.00 ,0
 0> <info> app: hr,353,-1, 0.00 ,0
 0> <info> app: hr,354,-1, 0.00 ,0
 0> <info> app: hr,355,-1, 0.00 ,0
 0> <info> app: hr,356,-1, 0.00 ,0
 0> <info> app: hr,357,-1, 0.00 ,0
 0> <info> app: hr,358,-1, 0.00 ,0
 0> <info> app: hr,359,-1, 0.00 ,0
 0> <info> app: hr,360,-1, 0.00 ,0
 0> <info> app: hr,361,-1, 0.00 ,0
 0> <info> app: hr,362,-1, 0.00 ,0
 0> <info> app: hr,363,-1, 0.00 ,0
 0> <info> app: hr,364,-1, 0.00 ,0
 0> <info> app: hr,365,-1, 0.00 ,0
 0> <info> app: hr,366,-1, 0.00 ,0
 0> <info> app: hr,367,-1, 0.00 ,0
 0> <info> app: hr,368,-1, 0.00 ,0
 0> <info> app: hr,369,-1, 0.00 ,0
 0> <info> app: hr,370,-1, 0.00 ,0
 0> <info> app: hr,371,-1, 0.00 ,0
 0> <info> app: hr,372,-1, 0.00 ,0
 0> <info> app: hr,373,-1, 0.00 ,0
 0> <info> app: hr,374,-1, 0.00 ,0
 0> <info> app: hr,375,-1, 0.00 ,0
 0> <info> app: hr,376,-1, 0.00 ,0
 0> <info> app: hr,377,-1, 0.00 ,0
 0> <info> app: hr,378,-1, 0.00 ,0
 0> <info> app: hr,379,-1, 0.00 ,0
 0> <info> app: hr,380,-1, 0.00 ,0
 0> <info> app: hr,381,-1, 0.00 ,0
 0> <info> app: hr,382,-1, 0.00 ,0
 0> <info> app: hr,383,-1, 0.00 ,0
 0> <info> app: hr,384,-1, 0.00 ,0
 0> <info> app: hr,385,-1, 0.00 ,0
 0> <info> app: hr,386,-1, 0.00 ,0
 0> <info> app: hr,387,-1, 0.00 ,0
 0> <info> app: hr,388,-1, 0.00 ,0
 0> <info> app: hr,389,-1, 0.00 ,0
 0> <info> app: hr,390,-1, 0.00 ,0
 0> <info> app: hr,391,-1, 0.00 ,0
 0> <info> app: hr,392,-1, 0.00 ,0
 0> <info> app: hr,393,-1, 0.00 ,0
 0> <info> app: hr,394,-1, 0.00 ,0
 0> <info> app: hr,395,-1, 0.00 ,0
 0> <info> app: hr,396,-1, 0.00 ,0
 0> <info> app: hr,397,-1, 0.00 ,0
 0> <info> app: hr,398,-1, 0.00 ,0
 0> <info> app: hr,399,-1, 0.00 ,0
 0> <info> app: hr,400,-1, 0.00 ,0
 0> <info> app: hr,401,-1, 0.00 ,0
 0> <info> app: hr,402,-1, 0.00 ,0
 0> <info> app: hr,403,-1, 0.00 ,0
 0> <info> app: hr,404,-1, 0.00 ,0
 0> <info> app: hr,405,-1, 0.00 ,0
 0> <info> app: hr,406,-1, 0.00 ,0
 0> <info> app: hr,407,-1, 0.00 ,0
 0> <info> app: hr,408,-1, 0.00 ,0
 0> <info> app: hr,409,-1, 0.00 ,0
 0> <info> app: hr,410,-1, 0.00 ,0
 0> <info> app: hr,411,-1, 0.00 ,0
 0> <info> app: hr,412,-1, 0.00 ,0
 0> <info> app: hr,413,-1, 0.00 ,0
 0> <info> app: hr,414,-1, 0.00 ,0
 0> <info> app: hr,415,-1, 0.00 ,0
 0> <info> app: hr,416,-1, 0.00 ,0
 0> <info> app: hr,417,-1, 0.00 ,0
 0> <info> app: hr,418,-1, 0.00 ,0
 0> <info> app: hr,419,-1, 0.00 ,0
 0> <info> app: hr,420,-1, 0.00 ,0
 0> <info> app: hr,421,-1, 0.00 ,0
 0> <info> app: hr,422,-1, 0.00 ,0
 0> <info> app: hr,423,-1, 0.00 ,0
 0> <info> app: hr,424,-1, 0.00 ,0
 0> <info> app: hr,425,-1, 0.00 ,0
 0> <info> app: hr,426,-1, 0.00 ,0
 0> <info> app: hr,427,-1, 0.00 ,0
 0> <info> app: hr,428,-1, 0.00 ,0
 0> <info> app: hr,429,-1, 0.00 ,0
 0> <info> app: hr,430,-1, 0.00 ,0
 0> <info> app: hr,431,-1, 0.00 ,0
 0> <info> app: hr,432,-1, 0.00 ,0
 0> <info> app: hr,433,-1, 0.00 ,0
 0> <info> app: hr,434,-1, 0.00 ,0
 0> <info> app: hr,435,-1, 0.00 ,0
 0> <info> app: hr,436,-1, 0.00 ,0
 0> <info> app: hr,437,-1, 0.00 ,0
 0> <info> app: hr,438,-1, 0.00 ,0
 0> <info> app: hr,439,-1, 0.00 ,0
 0> <info> app: hr,440,-1, 0.00 ,0
 0> <info> app: hr,441,-1, 0.00 ,0
 0> <info> app: hr,442,-1, 0.00 ,0
 0> <info> app: hr,443,-1, 0.00 ,0
 0> <info> app: hr,444,-1, 0.00 ,0
 0> <info> app: hr,445,-1, 0.00 ,0
 0> <info> app: hr,446,-1, 0.00 ,0
 0> <info> app: hr,447,-1, 0.00 ,0
 0> <info> app: hr,448,-1, 0.00 ,0
 0> <info> app: hr,449,-1, 0.00 ,0
 0> <info> app: hr,450,-1, 0.00 ,0
 0> <info> app: hr,451,-1, 0.00 ,0
 0> <info> app: hr,452,-1, 0.00 ,0
 0> <info> app: hr,453,-1, 0.00 ,0
 0> <info> app: hr,454,-1, 0.00 ,0
 0> <info> app: hr,455,-1, 0.00 ,0
 0> <info> app: hr,456,-1, 0.00 ,0
 0> <info> app: hr,457,-1, 0.00 ,0
 0> <info> app: hr,458,-1, 0.00 ,0
 0> <info> app: hr,459,-1, 0.00 ,0
 0> <info> app: hr,460,-1, 0.00 ,0
 0> <info> app: hr,461,-1, 0.00 ,0
 0> <info> app: hr,462,-1, 0.00 ,0
 0> <info> app: hr,463,-1, 0.00 ,0
 0> <info> app: hr,464,-1, 0.00 ,0
 0> <info> app: hr,465,-1, 0.00 ,0
 0> <info> app: hr,466,-1, 0.00 ,0
 0> <info> app: hr,467,-1, 0.00 ,0
 0> <info> app: hr,468,-1, 0.00 ,0
 0> <info> app: hr,469,-1, 0.00 ,0
 0> <info> app: hr,470,-1, 0.00 ,0
 0> <info> app: hr,471,-1, 0.00 ,0
 0> <info> app: hr,472,-1, 0.00 ,0
 0> <info> app: hr,473,-1, 0.00 ,0
 0> <info> app: hr,474,-1, 0.00 ,0
 0> <info> app: hr,475,-1, 0.00 ,0
 0> <info> app: hr,476,-1, 0.00 ,0
 0> <info> app: hr,477,-1, 0.00 ,0
 0> <info> app: hr,478,-1, 0.00 ,0
 0> <info> app: hr,479,-1, 0.00 ,0
 0> <info> app: hr,480,-1, 0.00 ,0
 0> <info> app: hr,481,-1, 0.00 ,0
 0> <info> app: hr,482,-1, 0.00 ,0
 0> <info> app: hr,483,-1, 0.00 ,0
 0> <info> app: hr,484,-1, 0.00 ,0
 0> <info> app: hr,485,-1, 0.00 ,0
 0> <info> app: hr,486,-1, 0.00 ,0
 0> <info> app: hr,487,-1, 0.00 ,0
 0> <info> app: hr,488,-1, 0.00 ,0
 0> <info> app: hr,489,-1, 0.00 ,0
 0> <info> app: hr,490,-1, 0.00 ,0
 0> <info> app: hr,491,-1, 0.00 ,0
 0> <info> app: hr,492,-1, 0.00 ,0
 0> <info> app: hr,493,-1, 0.00 ,0
 0> <info> app: hr,494,-1, 0.00 ,0
 0> <info> app: hr,495,-1, 0.00 ,0
 0> <info> app: hr,496,-1, 0.00 ,0
 0> <info> app: hr,497,-1, 0.00 ,0
 0> <info> app: hr,498,-1, 0.00 ,0
 0> <info> app: hr,499,-1, 0.00 ,0
 0> <info> app: hr,500,-1, 0.00 ,0
 0> <info> app: hr,501,-1, 0.00 ,0
 0> <info> app: hr,502,-1, 0.00 ,0
 0> <info> app: hr,503,-1, 0.00 ,0
 0> <info> app: hr,504,-1, 0.00 ,0
 0> <info> app: hr,505,-1, 0.00 ,0
 0> <info> app: hr,506,-1, 0.00 ,0
 0> <info> app: hr,507,-1, 0.00 ,0
 0> <info> app: hr,508,-1, 0.00 ,0
 0> <info> app: hr,509,-1, 0.00 ,0
 0> <info> app: hr,510,-1, 0.00 ,0
 0> <info> app: hr,511,-1, 0.00 ,0
 0> <info> app: hr,512,-1, 0.00 ,0
 0> <info> app: hr,513,-1, 0.00 ,0
 0> <info> app: hr,514,-1, 0.00 ,0
 0> <info> app: hr,515,-1, 0.00 ,0
 0> <info> app: hr,516,-1, 0.00 ,0
 0> <info> app: hr,517,-1, 0.00 ,0
 0> <info> app: hr,518,-1, 0.00 ,0
 0> <info> app: hr,519,-1, 0.00 ,0
 0> <info> app: hr,520,-1, 0.00 ,0
 0> <info> app: hr,521,-1, 0.00 ,0
 0> <info> app: hr,522,-1, 0.00 ,0
 0> <info> app: hr,523,-1, 0.00 ,0
 0> <info> app: hr,524,-1, 0.00 ,0
 0> <info> app: hr,525,-1, 0.00 ,0
 0> <info> app: hr,526,-1, 0.00 ,0
 0> <info> app: hr,527,-1, 0.00 ,0
 0> <info> app: hr,528,-1, 0.00 ,0
 0> <info> app: hr,529,-1, 0.00 ,0
 0> <info> app: hr,530,-1, 0.00 ,0
 0> <info> app: hr,531,-1, 0.00 ,0
 0> <info> app: hr,532,-1, 0.00 ,0
 0> <info> app: hr,533,-1, 0.00 ,0
 0> <info> app: hr,534,-1, 0.00 ,0
 0> <info> app: hr,535,-1, 0.00 ,0
 0> <info> app: hr,536,-1, 0.00 ,0
 0> <info> app: hr,537,-1, 0.00 ,0
 0> <info> app: hr,538,-1, 0.00 ,0
 0> <info> app: hr,539,-1, 0.00 ,0
 0> <info> app: hr,540,-1, 0.00 ,0
 0> <info> app: hr,541,-1, 0.00 ,0
 0> <info> app: hr,542,-1, 0.00 ,0
 0> <info> app: hr,543,-1, 0.00 ,0
 0> <info> app: hr,544,-1, 0.00 ,0
 0> <info> app: hr,545,-1, 0.00 ,0
 0> <info> app: hr,546,-1, 0.00 ,0
 0> <info> app: hr,547,-1, 0.00 ,0
 0> <info> app: hr,548,-1, 0.00 ,0
 0> <info> app: hr,549,-1, 0.00 ,0
 0> <info> app: hr,550,-1, 0.00 ,0
 0> <info> app: hr,551,-1, 0.00 ,0
 0> <info> app: hr,552,-1, 0.00 ,0
 0> <info> app: hr,553,-1, 0.00 ,0
 0> <info> app: hr,554,-1, 0.00 ,0
 0> <info> app: hr,555,-1, 0.00 ,0
 0> <info> app: hr,556,-1, 0.00 ,0
 0> <info> app: hr,557,-1, 0.00 ,0
 0> <info> app: hr,558,-1, 0.00 ,0
 0> <info> app: hr,559,-1, 0.00 ,0
 0> <info> app: hr,560,-1, 0.00 ,0
 0> <info> app: hr,561,-1, 0.00 ,0
 0> <info> app: hr,562,-1, 0.00 ,0
 0> <info> app: hr,563,-1, 0.00 ,0
 0> <info> app: hr,564,-1, 0.00 ,0
 0> <info> app: hr,565,-1, 0.00 ,0
 0> <info> app: hr,566,-1, 0.00 ,0
 0> <info> app: hr,567,-1, 0.00 ,0
 0> <info> app: hr,568,-1, 0.00 ,0
 0> <info> app: hr,569,-1, 0.00 ,0
 0> <info> app: hr,570,-1, 0.00 ,0
 0> <info> app: hr,571,-1, 0.00 ,0
 0> <info> app: hr,572,-1, 0.00 ,0
 0> <info> app: hr,573,-1, 0.00 ,0
 0> <info> app: hr,574,-1, 0.00 ,0
 0> <info> app: hr,575,-1, 0.00 ,0
 0> <info> app: hr,576,-1, 0.00 ,0
 0> <info> app: hr,577,-1, 0.00 ,0
 0> <info> app: hr,578,-1, 0.00 ,0
 0> <info> app: hr,579,-1, 0.00 ,0
 0> <info> app: hr,580,-1, 0.00 ,0
 0> <info> app: hr,581,-1, 0.00 ,0
 0> <info> app: hr,582,-1, 0.00 ,0
 0> <info> app: hr,583,-1, 0.00 ,0
 0> <info> app: hr,584,-1, 0.00 ,0
 0> <info> app: hr,585,-1, 0.00 ,0
 0> <info> app: hr,586,-1, 0.00 ,0
 0> <info> app: hr,587,-1, 0.00 ,0
 0> <info> app: hr,588,-1, 0.00 ,0
 0> <info> app: hr,589,-1, 0.00 ,0
 0> <info> app: hr,590,-1, 0.00 ,0
 0> <info> app: hr,591,-1, 0.00 ,0
 0> <info> app: hr,592,-1, 0.00 ,0
 0> <info> app: hr,593,-1, 0.00 ,0
 0> <info> app: hr,594,-1, 0.00 ,0
 0> <info> app: hr,595,-1, 0.00 ,0
 0> <info> app: hr,596,-1, 0.00 ,0
 0> <info> app: hr,597,-1, 0.00 ,0
 0> <info> app: hr,598,-1, 0.00 ,0
 0> <info> app: hr,599,-1, 0.00 ,0
 0> <info> app: hr,600,-1, 0.00 ,0
 0> <info> app: hr,601,-1, 0.00 ,0
 0> <info> app: hr,602,-1, 0.00 ,0
 0> <info> app: hr,603,-1, 0.00 ,0
 0> <info> app: hr,604,-1, 0.00 ,0
 0> <info> app: hr,605,-1, 0.00 ,0
 0> <info> app: hr,606,-1, 0.00 ,0
 0> <info> app: hr,607,-1, 0.00 ,0
 0> <info> app: hr,608,-1, 0.00 ,0
 0> <info> app: hr,609,-1, 0.00 ,0
 0> <info> app: hr,610,-1, 0.00 ,0
 0> <info> app: hr,611,-1, 0.00 ,0
 0> <info> app: hr,612,-1, 0.00 ,0
 0> <info> app: hr,613,-1, 0.00 ,0
 0> <info> app: hr,614,-1, 0.00 ,0
 0> <info> app: hr,615,-1, 0.00 ,0
 0> <info> app: hr,616,-1, 0.00 ,0
 0> <info> app: hr,617,-1, 0.00 ,0
 0> <info> app: hr,618,-1, 0.00 ,0
 0> <info> app: hr,619,-1, 0.00 ,0
 0> <info> app: hr,620,-1, 0.00 ,0
 0> <info> app: hr,621,-1, 0.00 ,0
 0> <info> app: hr,622,-1, 0.00 ,0
 0> <info> app: hr,623,-1, 0.00 ,0
 0> <info> app: hr,624,-1, 0.00 ,0
 0> <info> app: hr,625,-1, 0.00 ,0
 0> <info> app: hr,626,-1, 0.00 ,0
 0> <info> app: hr,627,-1, 0.00 ,0
 0> <info> app: hr,628,-1, 0.00 ,0
 0> <info> app: hr,629,-1, 0.00 ,0
 0> <info> app: hr,630,-1, 0.00 ,0
 0> <info> app: hr,631,-1, 0.00 ,0
 0> <info> app: hr,632,-1, 0.00 ,0
 0> <info> app: hr,633,-1, 0.00 ,0
 0> <info> app: hr,634,-1, 0.00 ,0
 0> <info> app: hr,635,-1, 0.00 ,0
 0> <info> app: hr,636,-1, 0.00 ,0
 0> <info> app: hr,637,-1, 0.00 ,0
 0> <info> app: hr,638,-1, 0.00 ,0
 0> <info> app: hr,639,-1, 0.00 ,0
 0> <info> app: hr,640,-1, 0.00 ,0
 0> <info> app: hr,641,-1, 0.00 ,0
 0> <info> app: hr,642,-1, 0.00 ,0
 0> <info> app: hr,643,-1, 0.00 ,0
 0> <info> app: hr,644,-1, 0.00 ,0
 0> <info> app: hr,645,-1, 0.00 ,0
 0> <info> app: hr,646,-1, 0.00 ,0
 0> <info> app: hr,647,-1, 0.00 ,0
 0> <info> app: hr,648,-1, 0.00 ,0
 0> <info> app: hr,649,-1, 0.00 ,0
 0> <info> app: hr,650,-1, 0.00 ,0
 0> <info> app: hr,651,-1, 0.00 ,0
 0> <info> app: hr,652,-1, 0.00 ,0
 0> <info> app: hr,653,-1, 0.00 ,0
 0> <info> app: hr,654,-1, 0.00 ,0
 0> <info> app: hr,655,-1, 0.00 ,0
 0> <info> app: hr,656,-1, 0.00 ,0
 0> <info> app: hr,657,-1, 0.00 ,0
 0> <info> app: hr,658,-1, 0.00 ,0
 0> <info> app: hr,659,-1, 0.00 ,0
 0> <info> app: hr,660,-1, 0.00 ,0
 0> <info> app: hr,661,-1, 0.00 ,0
 0> <info> app: hr,662,-1, 0.00 ,0
 0> <info> app: hr,663,-1, 0.00 ,0
 0> <info> app: hr,664,-1, 0.00 ,0
 0> <info> app: hr,665,-1, 0.00 ,0
 0> <info> app: hr,666,-1, 0.00 ,0
 0> <info> app: hr,667,-1, 0.00 ,0
 0> <info> app: hr,668,-1, 0.00 ,0
 0> <info> app: hr,669,-1, 0.00 ,0
 0> <info> app: hr,670,-1, 0.00 ,0
 0> <info> app: hr,671,-1, 0.00 ,0
 0> <info> app: hr,672,-1, 0.00 ,0
 0> <info> app: hr,673,-1, 0.00 ,0
 0> <info> app: hr,674,-1, 0.00 ,0
 0> <info> app: hr,675,-1, 0.00 ,0
 0> <info> app: hr,676,-1, 0.00 ,0
 0> <info> app: hr,677,-1, 0.00 ,0
 0> <info> app: hr,678,-1, 0.00 ,0
 0> <info> app: hr,679,-1, 0.00 ,0
 0> <info> app: hr,680,-1, 0.00 ,0
 0> <info> app: hr,681,-1, 0.00 ,0
 0> <info> app: hr,682,-1, 0.00 ,0
 0> <info> app: hr,683,-1, 0.00 ,0
 0> <info> app: hr,684,-1, 0.00 ,0
 0> <info> app: hr,685,-1, 0.00 ,0
 0> <info> app: hr,686,-1, 0.00 ,0
 0> <info> app: hr,687,-1, 0.00 ,0
 0> <info> app: hr,688,-1, 0.00 ,0
 0> <info> app: hr,689,-1, 0.00 ,0
 0> <info> app: hr,690,-1, 0.00 ,0
 0> <info> app: hr,691,-1, 0.00 ,0
 0> <info> app: hr,692,-1, 0.00 ,0
 0> <info> app: hr,693,-1, 0.00 ,0
 0> <info> app: hr,694,-1, 0.00 ,0
 0> <info> app: hr,695,-1, 0.00 ,0
 0> <info> app: hr,696,-1, 0.00 ,0
 0> <info> app: hr,697,-1, 0.00 ,0
 0> <info> app: hr,698,-1, 0.00 ,0
 0> <info> app: hr,699,-1, 0.00 ,0
 0> <info> app: hr,700,-1, 0.00 ,0
 0> <info> app: hr,701,-1, 0.00 ,0
 0> <info> app: hr,702,-1, 0.00 ,0
 0> <info> app: hr,703,-1, 0.00 ,0
 0> <info> app: hr,704,-1, 0.00 ,0
 0> <info> app: hr,705,-1, 0.00 ,0
 0> <info> app: hr,706,-1, 0.00 ,0
 0> <info> app: hr,707,-1, 0.00 ,0
 0> <info> app: hr,708,-1, 0.00 ,0
 0> <info> app: hr,709,-1, 0.00 ,0
 0> <info> app: hr,710,-1, 0.00 ,0
 0> <info> app: hr,711,-1, 0.00 ,0
 0> <info> app: hr,712,-1, 0.00 ,0
 0> <info> app: hr,713,-1, 0.00 ,0
 0> <info> app: hr,714,-1, 0.00 ,0
 0> <info> app: hr,715,-1, 0.00 ,0
 0> <info> app: hr,716,-1, 0.00 ,0
 0> <info> app: hr,717,-1, 0.00 ,0
 0> <info> app: hr,718,-1, 0.00 ,0
 0> <info> app: hr,719,-1, 0.00 ,0
 0> <info> app: hr,720,-1, 0.00 ,0
 0> <info> app: hr,721,-1, 0.00 ,0
 0> <info> app: hr,722,-1, 0.00 ,0
 0> <info> app: hr,723,-1, 0.00 ,0
 0> <info> app: hr,724,-1, 0.00 ,0
 0> <info> app: hr,725,-1, 0.00 ,0
 0> <info> app: hr,726,-1, 0.00 ,0
 0> <info> app: hr,727,-1, 0.00 ,0
 0> <info> app: hr,728,-1, 0.00 ,0
 0> <info> app: hr,729,-1, 0.00 ,0
 0> <info> app: hr,730,-1, 0.00 ,0
 0> <info> app: hr,731,-1, 0.00 ,0
 0> <info> app: hr,732,-1, 0.00 ,0
 0> <info> app: hr,733,-1, 0.00 ,0
 0> <info> app: hr,734,-1, 0.00 ,0
 0> <info> app: hr,735,-1, 0.00 ,0
 0> <info> app: hr,736,-1, 0.00 ,0
 0> <info> app: hr,737,-1, 0.00 ,0
 0> <info> app: hr,738,-1, 0.00 ,0
 0> <info> app: hr,739,-1, 0.00 ,0
 0> <info> app: hr,740,-1, 0.00 ,0
 0> <info> app: hr,741,-1, 0.00 ,0
 0> <info> app: hr,742,-1, 0.00 ,0
 0> <info> app: hr,743,-1, 0.00 ,0
 0> <info> app: hr,744,-1, 0.00 ,0
 0> <info> app: hr,745,-1, 0.00 ,0
 0> <info> app: hr,746,-1, 0.00 ,0
 0> <info> app: hr,747,-1, 0.00 ,0
 0> <info> app: hr,748,-1, 0.00 ,0
 0> <info> app: hr,749,-1, 0.00 ,0
 0> <info> app: hr,750,-1, 0.00 ,0
 0> <info> app: hr,751,-1, 0.00 ,0
 0> <info> app: hr,752,-1, 0.00 ,0
 0> <info> app: hr,753,-1, 0.00 ,0
 0> <info> app: hr,754,-1, 0.00 ,0
 0> <info> app: hr,755,-1, 0.00 ,0
 0> <info> app: hr,756,-1, 0.00 ,0
 0> <info> app: hr,757,-1, 0.00 ,0
 0> <info> app: hr,758,-1, 0.00 ,0
 0> <info> app: hr,759,-1, 0.00 ,0
 0> <info> app: hr,760,-1, 0.00 ,0
 0> <info> app: hr,761,-1, 0.00 ,0
 0> <info> app: hr,762,-1, 0.00 ,0
 0> <info> app: hr,763,-1, 0.00 ,0
 0> <info> app: hr,764,-1, 0.00 ,0
 0> <info> app: hr,765,-1, 0.00 ,0
 0> <info> app: hr,766,-1, 0.00 ,0
 0> <info> app: hr,767,-1, 0.00 ,0
 0> <info> app: hr,768,-1, 0.00 ,0
 0> <info> app: hr,769,-1, 0.00 ,0
 0> <info> app: hr,770,-1, 0.00 ,0
 0> <info> app: hr,771,-1, 0.00 ,0
 0> <info> app: hr,772,-1, 0.00 ,0
 0> <info> app: hr,773,-1, 0.00 ,0
 0> <info> app: hr,774,-1, 0.00 ,0
 0> <info> app: hr,775,-1, 0.00 ,0
 0> <info> app: hr,776,-1, 0.00 ,0
 0> <info> app: hr,777,-1, 0.00 ,0
 0> <info> app: hr,778,-1, 0.00 ,0
 0> <info> app: hr,779,-1, 0.00 ,0
 0> <info> app: hr,780,-1, 0.00 ,0
 0> <info> app: hr,781,-1, 0.00 ,0
 0> <info> app: hr,782,-1, 0.00 ,0
 0> <info> app: hr,783,-1, 0.00 ,0
 0> <info> app: hr,784,-1, 0.00 ,0
 0> <info> app: hr,785,-1, 0.00 ,0
 0> <info> app: hr,786,-1, 0.00 ,0
 0> <info> app: hr,787,-1, 0.00 ,0
 0> <info> app: hr,788,-1, 0.00 ,0
 0> <info> app: hr,789,-1, 0.00 ,0
 0> <info> app: hr,790,-1, 0.00 ,0
 0> <info> app: hr,791,-1, 0.00 ,0
 0> <info> app: hr,792,-1, 0.00 ,0
 0> <info> app: hr,793,-1, 0.00 ,0
 0> <info> app: hr,794,-1, 0.00 ,0
 0> <info> app: hr,795,-1, 0.00 ,0
 0> <info> app: hr,796,-1, 0.00 ,0
 0> <info> app: hr,797,-1, 0.00 ,0
 0> <info> app: hr,798,-1, 0.00 ,0
 0> <info> app: hr,799,-1, 0.00 ,0
 0> <info> app: hr,800,-1, 0.00 ,0
 0> <info> app: hr,801,-1, 0.00 ,0
 0> <info> app: hr,802,-1, 0.00 ,0
 0> <info> app: hr,803,-1, 0.00 ,0
 0> <info> app: hr,804,-1, 0.00 ,0
 0> <info> app: hr,805,-1, 0.00 ,0
 0> <info> app: hr,806,-1, 0.00 ,0
 0> <info> app: hr,807,-1, 0.00 ,0
 0> <info> app: hr,808,-1, 0.00 ,0
 0> <info> app: hr,809,-1, 0.00 ,0
 0> <info> app: hr,810,-1, 0.00 ,0
 0> <info> app: hr,811,-1, 0.00 ,0
 0> <info> app: hr,812,-1, 0.00 ,0
 0> <info> app: hr,813,-1, 0.00 ,0
 0> <info> app: hr,814,-1, 0.00 ,0
 0> <info> app: hr,815,-1, 0.00 ,0
 0> <info> app: hr,816,-1, 0.00 ,0
 0> <info> app: hr,817,-1, 0.00 ,0
 0> <info> app: hr,818,-1, 0.00 ,0
 0> <info> app: hr,819,-1, 0.00 ,0
 0> <info> app: hr,820,-1, 0.00 ,0
 0> <info> app: hr,821,-1, 0.00 ,0
 0> <info> app: hr,822,-1, 0.00 ,0
 0> <info> app: hr,823,-1, 0.00 ,0
 0> <info> app: hr,824,-1, 0.00 ,0
 0> <info> app: hr,825,-1, 0.00 ,0
 0> <info> app: hr,826,-1, 0.00 ,0
 0> <info> app: hr,827,-1, 0.00 ,0
 0> <info> app: hr,828,-1, 0.00 ,0
 0> <info> app: hr,829,-1, 0.00 ,0
 0> <info> app: hr,830,-1, 0.00 ,0
 0> <info> app: hr,831,-1, 0.00 ,0
 0> <info> app: hr,832,-1, 0.00 ,0
 0> <info> app: hr,833,-1, 0.00 ,0
 0> <info> app: hr,834,-1, 0.00 ,0
 0> <info> app: hr,835,-1, 0.00 ,0
 0> <info> app: hr,836,-1, 0.00 ,0
 0> <info> app: hr,837,-1, 0.00 ,0
 0> <info> app: hr,838,-1, 0.00 ,0
 0> <info> app: hr,839,-1, 0.00 ,0
 0> <info> app: hr,840,-1, 0.00 ,0
 0> <info> app: hr,841,-1, 0.00 ,0
 0> <info> app: hr,842,-1, 0.00 ,0
 0> <info> app: hr,843,-1, 0.00 ,0
 0> <info> app: hr,844,-1, 0.00 ,0
 0> <info> app: hr,845,-1, 0.00 ,0
 0> <info> app: hr,846,-1, 0.00 ,0
 0> <info> app: hr,847,-1, 0.00 ,0
 0> <info> app: hr,848,-1, 0.00 ,0
 0> <info> app: hr,849,-1, 0.00 ,0
 0> <info> app: hr,850,-1, 0.00 ,0
 0> <info> app: hr,851,-1, 0.00 ,0
 0> <info> app: hr,852,-1, 0.00 ,0
 0> <info> app: hr,853,-1, 0.00 ,0
 0> <info> app: hr,854,-1, 0.00 ,0
 0> <info> app: hr,855,-1, 0.00 ,0
 0> <info> app: hr,856,-1, 0.00 ,0
 0> <info> app: hr,857,-1, 0.00 ,0
 0> <info> app: hr,858,-1, 0.00 ,0
 0> <info> app: hr,859,-1, 0.00 ,0
 0> <info> app: hr,860,-1, 0.00 ,0
 0> <info> app: hr,861,-1, 0.00 ,0
 0> <info> app: hr,862,-1, 0.00 ,0
 0> <info> app: hr,863,-1, 0.00 ,0
 0> <info> app: hr,864,-1, 0.00 ,0
 0> <info> app: hr,865,-1, 0.00 ,0
 0> <info> app: hr,866,-1, 0.00 ,0
 0> <info> app: hr,867,-1, 0.00 ,0
 0> <info> app: hr,868,-1, 0.00 ,0
 0> <info> app: hr,869,-1, 0.00 ,0
 0> <info> app: hr,870,-1, 0.00 ,0
 0> <info> app: hr,871,-1, 0.00 ,0
 0> <info> app: hr,872,-1, 0.00 ,0
 0> <info> app: hr,873,-1, 0.00 ,0
 0> <info> app: hr,874,-1, 0.00 ,0
 0> <info> app: hr,875,-1, 0.00 ,0
 0> <info> app: hr,876,-1, 0.00 ,0
 0> <info> app: hr,877,-1, 0.00 ,0
 0> <info> app: hr,878,-1, 0.00 ,0
 0> <info> app: hr,879,-1, 0.00 ,0
 0> <info> app: hr,880,-1, 0.00 ,0
 0> <info> app: hr,881,-1, 0.00 ,0
 0> <info> app: hr,882,-1, 0.00 ,0
 0> <info> app: hr,883,-1, 0.00 ,0
 0> <info> app: hr,884,-1, 0.00 ,0
 0> <info> app: hr,885,-1, 0.00 ,0
 0> <info> app: hr,886,-1, 0.00 ,0
 0> <info> app: hr,887,-1, 0.00 ,0
 0> <info> app: hr,888,-1, 0.00 ,0
 0> <info> app: hr,889,-1, 0.00 ,0
 0> <info> app: hr,890,-1, 0.00 ,0
 0> <info> app: hr,891,-1, 0.00 ,0
 0> <info> app: hr,892,-1, 0.00 ,0
 0> <info> app: hr,893,-1, 0.00 ,0
 0> <info> app: hr,894,-1, 0.00 ,0
 0> <info> app: hr,895,-1, 0.00 ,0
 0> <info> app: hr,896,-1, 0.00 ,0
 0> <info> app: hr,897,-1, 0.00 ,0
 0> <info> app: hr,898,-1, 0.00 ,0
 0> <info> app: hr,899,-1, 0.00 ,0
 0> <info> app: hr,900,-1, 0.00 ,0
 0> <info> app: hr,901,-1, 0.00 ,0
 0> <info> app: hr,902,-1, 0.00 ,0
 0> <info> app: hr,903,-1, 0.00 ,0
 0> <info> app: hr,904,-1, 0.00 ,0
 0> <info> app: hr,905,-1, 0.00 ,0
 0> <info> app: hr,906,-1, 0.00 ,0
 0> <info> app: hr,907,-1, 0.00 ,0
 0> <info> app: hr,908,-1, 0.00 ,0
 0> <info> app: hr,909,-1, 0.00 ,0
 0> <info> app: hr,910,-1, 0.00 ,0
 0> <info> app: hr,911,-1, 0.00 ,0
 0> <info> app: hr,912,-1, 0.00 ,0
 0> <info> app: hr,913,-1, 0.00 ,0
 0> <info> app: hr,914,-1, 0.00 ,0
 0> <info> app: hr,915,-1, 0.00 ,0
 0> <info> app: hr,916,-1, 0.00 ,0
 0> <info> app: hr,917,-1, 0.00 ,0
 0> <info> app: hr,918,-1, 0.00 ,0
 0> <info> app: hr,919,-1, 0.00 ,0
 0> <info> app: hr,920,-1, 0.00 ,0
 0> <info> app: hr,921,-1, 0.00 ,0
 0> <info> app: hr,922,-1, 0.00 ,0
 0> <info> app: hr,923,-1, 0.00 ,0
 0> <info> app: hr,924,-1, 0.00 ,0
 0> <info> app: hr,925,-1, 0.00 ,0
 0> <info> app: hr,926,-1, 0.00 ,0
 0> <info> app: hr,927,-1, 0.00 ,0
 0> <info> app: hr,928,-1, 0.00 ,0
 0> <info> app: hr,929,-1, 0.00 ,0
 0> <info> app: hr,930,-1, 0.00 ,0
 0> <info> app: hr,931,-1, 0.00 ,0
 0> <info> app: hr,932,-1, 0.00 ,0
 0> <info> app: hr,933,-1, 0.00 ,0
 0> <info> app: hr,934,-1, 0.00 ,0
 0> <info> app: hr,935,-1, 0.00 ,0
 0> <info> app: hr,936,-1, 0.00 ,0
 0> <info> app: hr,937,-1, 0.00 ,0
 0> <info> app: hr,938,-1, 0.00 ,0
 0> <info> app: hr,939,-1, 0.00 ,0
 0> <info> app: hr,940,-1, 0.00 ,0
 0> <info> app: hr,941,-1, 0.00 ,0
 0> <info> app: hr,942,-1, 0.00 ,0
 0> <info> app: hr,943,-1, 0.00 ,0
 0> <info> app: hr,944,-1, 0.00 ,0
 0> <info> app: hr,945,-1, 0.00 ,0
 0> <info> app: hr,946,-1, 0.00 ,0
 0> <info> app: hr,947,-1, 0.00 ,0
 0> <info> app: hr,948,-1, 0.00 ,0
 0> <info> app: hr,949,-1, 0.00 ,0
 0> <info> app: hr,950,-1, 0.00 ,0
 0> <info> app: hr,951,-1, 0.00 ,0
 0> <info> app: hr,952,-1, 0.00 ,0
 0> <info> app: hr,953,-1, 0.00 ,0
 0> <info> app: hr,954,-1, 0.00 ,0
 0> <info> app: hr,955,-1, 0.00 ,0
 0> <info> app: hr,956,-1, 0.00 ,0
 0> <info> app: hr,957,-1, 0.00 ,0
 0> <info> app: hr,958,-1, 0.00 ,0
 0> <info> app: hr,959,-1, 0.00 ,0
 0> <info> app: hr,960,-1, 0.00 ,0
 0> <info> app: hr,961,-1, 0.00 ,0
 0> <info> app: hr,962,-1, 0.00 ,0
 0> <info> app: hr,963,-1, 0.00 ,0
 0> <info> app: hr,964,-1, 0.00 ,0
 0> <info> app: hr,965,-1, 0.00 ,0
 0> <info> app: hr,966,-1, 0.00 ,0
 0> <info> app: hr,967,-1, 0.00 ,0
 0> <info> app: hr,968,-1, 0.00 ,0
 0> <info> app: hr,969,-1, 0.00 ,0
 0> <info> app: hr,970,-1, 0.00 ,0
 0> <info> app: hr,971,-1, 0.00 ,0
 0> <info> app: hr,972,-1, 0.00 ,0
 0> <info> app: hr,973,-1, 0.00 ,0
 0> <info> app: hr,974,-1, 0.00 ,0
 0> <info> app: hr,975,-1, 0.00 ,0
 0> <info> app: hr,976,-1, 0.00 ,0
 0> <info> app: hr,977,-1, 0.00 ,0
 0> <info> app: hr,978,-1, 0.00 ,0
 0> <info> app: hr,979,-1, 0.00 ,0
 0> <info> app: hr,980,-1, 0.00 ,0
 0> <info> app: hr,981,-1, 0.00 ,0
 0> <info> app: hr,982,-1, 0.00 ,0
 0> <info> app: hr,983,-1, 0.00 ,0
 0> <info> app: hr,984,-1, 0.00 ,0
 0> <info> app: hr,985,-1, 0.00 ,0
 0> <info> app: hr,986,-1, 0.00 ,0
 0> <info> app: hr,987,-1, 0.00 ,0
 0> <info> app: hr,988,-1, 0.00 ,0
 0> <info> app: hr,989,-1, 0.00 ,0
 0> <info> app: hr,990,-1, 0.00 ,0
 0> <info> app: hr,991,-1, 0.00 ,0
 0> <info> app: hr,992,-1, 0.00 ,0
 0> <info> app: hr,993,-1, 0.00 ,0
 0> <info> app: hr,994,-1, 0.00 ,0
 0> <info> app: hr,995,-1, 0.00 ,0
 0> <info> app: hr,996,-1, 0.00 ,0
 0> <info> app: hr,997,-1, 0.00 ,0
 0> <info> app: hr,998,-1, 0.00 ,0
 0> <info> app: hr,999,-1, 0.00 ,0
 0> <info> app: hr,1000,-1, 0.00 ,0
 0> <info> app: hr,1001,-1, 0.00 ,0
 0> <info> app: hr,1002,-1, 0.00 ,0
 0> <info> app: hr,1003,-1, 0.00 ,0
 0> <info> app: hr,1004,-1, 0.00 ,0
 0> <info> app: hr,1005,-1, 0.00 ,0
 0> <info> app: hr,1006,-1, 0.00 ,0
 0> <info> app: hr,1007,-1, 0.00 ,0
 0> <info> app: hr,1008,-1, 0.00 ,0
 0> <info> app: hr,1009,-1, 0.00 ,0
 0> <info> app: hr,1010,-1, 0.00 ,0
 0> <info> app: hr,1011,-1, 0.00 ,0
 0> <info> app: hr,1012,-1, 0.00 ,0
 0> <info> app: hr,1013,-1, 0.00 ,0
 0> <info> app: hr,1014,-1, 0.00 ,0
 0> <info> app: hr,1015,-1, 0.00 ,0
 0> <info> app: [OK]	HR has been calculated 0
 0> <info> app: BATT Reading...
 0> <info> app: Raw 862,SOC 62,BattFullDetect 0, 382V
 0> <info> app: Save 1536356383, 1265, -1911, -17429,
 0> <info> app: [OK]	HR Background stop
 0> <info> app: ^
 0> <info> app: HR A
 0> <info> app: HR C
 0> <info> app: HR D
 0> <info> app: Show HR Result
 0> <info> app: BATT Reading...
 0> <info> app: Raw 862,SOC 62,BattFullDetect 0, 382V
 0> <info> app: Save 1536356390, -2070, -3092, -16929,
