# SEGGER J-Link RTT Viewer V6.16a Terminal Log File
# Compiled: 12:44:10 on Jun  6 2017
# Logging started @ 27 Nov 2018 14:32:06
 0> <info> app: Right Press
 0> <info> app: Right Press
 0> <info> app: Right Press
 0> <info> app: BATT Reading...
 0> <info> app: Raw 863,SOC 63,BattFullDetect 0, 382V
 0> <info> app: Save 1536356280, 211, -3817, -17203,
 0> <info> app: Right Press
 0> <info> app: [OK]	Max30102 Already and background working is begin
 0> 
 0> <info> app: BATT Reading...
 0> <info> app: Raw 862,SOC 62,BattFullDetect 0, 382V
 0> <info> app: Save 1536356290, 420, -3778, -17192,
 0> <info> app: [OK]	HR sample count 1017
 0> 
 0> Plus Signal 1, 61
 0> Minus Signal -1, 72
 0> plus_index 61, minus_index 72, Peak Index, 61,63,65,66,68,, AVR Peak Index, 64, HR 0, Reject out of 30-180.
 0> Plus Signal 1, 169
 0> Minus Signal -1, 244
 0> plus_index 169, minus_index 244, Peak Index, 235,236,237,238,, AVR Peak Index, 236, HR 34
 0> Plus Signal 1, 371
 0> Minus Signal -1, 412
 0> plus_index 371, minus_index 412, Peak Index, 401,402,403,404,405,406,407,, AVR Peak Index, 404, HR 35
 0> Plus Signal 1, 544
 0> Minus Signal -1, 583
 0> plus_index 544, minus_index 583, Peak Index, 575,576,577,578,579,, AVR Peak Index, 577, HR 34
 0> Plus Signal 1, 712
 0> Minus Signal -1, 755
 0> plus_index 712, minus_index 755, Peak Index, 737,739,740,741,742,743,744,745,746,747,748,, AVR Peak Index, 742, HR 36
 0> Plus Signal 1, 770
 0> Minus Signal -1, 796
 0> plus_index 770, minus_index 796, Peak Index, 781,784,786,, AVR Peak Index, 783, HR 146
 0> Plus Signal 1, 940<info> app: HR>>>
 0> 34,34,35,36,146, sum div 112, 28<info> app: HR final>>>
 0> 34,34,35,36,<info> app: 
 0> HR  >>> 34
 0> <info> app: hr,50,15883, 33.00 ,0
 0> <info> app: hr,51,15872, 33.00 ,0
 0> <info> app: hr,52,15896, 34.00 ,0
 0> <info> app: hr,53,15875, 34.00 ,0
 0> <info> app: hr,54,15868, 34.00 ,0
 0> <info> app: hr,55,15881, 34.00 ,0
 0> <info> app: hr,56,15892, 35.00 ,0
 0> <info> app: hr,57,15875, 35.00 ,0
 0> <info> app: hr,58,15884, 35.00 ,0
 0> <info> app: hr,59,15878, 35.00 ,0
 0> <info> app: hr,60,15882, 36.00 ,0
 0> <info> app: hr,61,15902, 35.00 ,0
 0> <info> app: hr,62,15884, 35.00 ,0
 0> <info> app: hr,63,15885, 34.00 ,0
 0> <info> app: hr,64,15868, 35.00 ,0
 0> <info> app: hr,65,15881, 34.00 ,0
 0> <info> app: hr,66,15903, 33.00 ,-1
 0> <info> app: hr,67,15887, 33.00 ,0
 0> <info> app: hr,68,15894, 33.00 ,0
 0> <info> app: hr,69,15893, 32.00 ,0
 0> <info> app: hr,70,15896, 31.00 ,0
 0> <info> app: hr,71,15891, 31.00 ,-1
 0> <info> app: hr,72,15895, 29.00 ,-1
 0> <info> app: hr,73,15886, 29.00 ,-1
 0> <info> app: hr,74,15884, 28.00 ,-1
 0> <info> app: hr,75,15915, 27.00 ,-1
 0> <info> app: hr,76,15885, 26.00 ,0
 0> <info> app: hr,77,15894, 25.00 ,-1
 0> <info> app: hr,78,15914, 24.00 ,-1
 0> <info> app: hr,79,15911, 24.00 ,0
 0> <info> app: hr,80,15890, 22.00 ,-1
 0> <info> app: hr,81,15883, 21.00 ,-1
 0> <info> app: hr,82,15899, 20.00 ,-1
 0> <info> app: hr,83,15908, 19.00 ,-1
 0> <info> app: hr,84,15890, 18.00 ,-1
 0> <info> app: hr,85,15900, 17.00 ,-1
 0> <info> app: hr,86,15903, 16.00 ,-1
 0> <info> app: hr,87,15924, 15.00 ,-1
 0> <info> app: hr,88,15905, 14.00 ,-1
 0> <info> app: hr,89,15896, 13.00 ,-1
 0> <info> app: hr,90,15881, 11.00 ,-1
 0> <info> app: hr,91,15871, 11.00 ,-1
 0> <info> app: hr,92,15883, 10.00 ,-1
 0> <info> app: hr,93,15870, 10.00 ,-1
 0> <info> app: hr,94,15891, 9.00 ,-1
 0> <info> app: hr,95,15872, 8.00 ,-1
 0> <info> app: hr,96,15874, 7.00 ,-1
 0> <info> app: hr,97,15890, 7.00 ,0
 0> <info> app: hr,98,15863, 8.00 ,0
 0> <info> app: hr,99,15851, 7.00 ,0
 0> <info> app: hr,100,15858, 7.00 ,0
 0> <info> app: hr,101,15869, 6.00 ,0
 0> <info> app: hr,102,15844, 7.00 ,0
 0> <info> app: hr,103,15870, 7.00 ,0
 0> <info> app: hr,104,15884, 7.00 ,0
 0> <info> app: hr,105,15884, 7.00 ,0
 0> <info> app: hr,106,15882, 7.00 ,0
 0> <info> app: hr,107,15873, 7.00 ,0
 0> <info> app: hr,108,15866, 7.00 ,0
 0> <info> app: hr,109,15847, 7.00 ,0
 0> <info> app: hr,110,15880, 7.00 ,0
 0> <info> app: hr,111,15880, 8.00 ,1
 0> <info> app: hr,112,15876, 7.00 ,0
 0> <info> app: hr,113,15879, 8.00 ,1
 0> <info> app: hr,114,15876, 7.00 ,0
 0> <info> app: hr,115,15883, 8.00 ,1
 0> <info> app: hr,116,15905, 8.00 ,1
 0> <info> app: hr,117,15891, 7.00 ,0
 0> <info> app: hr,118,15893, 8.00 ,1
 0> <info> app: hr,119,15912, 7.00 ,0
 0> <info> app: hr,120,15893, 7.00 ,0
 0> <info> app: hr,121,15905, 7.00 ,0
 0> <info> app: hr,122,15907, 5.00 ,-1
 0> <info> app: hr,123,15899, 5.00 ,-1
 0> <info> app: hr,124,15896, 5.00 ,0
 0> <info> app: hr,125,15914, 4.00 ,0
 0> <info> app: hr,126,15923, 3.00 ,-1
 0> <info> app: hr,127,15926, 3.00 ,0
 0> <info> app: hr,128,15941, 2.00 ,0
 0> <info> app: hr,129,15930, 1.00 ,-1
 0> <info> app: hr,130,15931, 0.00 ,-1
 0> <info> app: hr,131,15932, 0.00 ,0
 0> <info> app: hr,132,15922, -1.00 ,0
 0> <info> app: hr,133,15943, -2.00 ,0
 0> <info> app: hr,134,15939, -3.00 ,-1
 0> <info> app: hr,135,15964, -5.00 ,-1
 0> <info> app: hr,136,15955, -6.00 ,-1
 0> <info> app: hr,137,15981, -7.00 ,-1
 0> <info> app: hr,138,15983, -9.00 ,-1
 0> <info> app: hr,139,15980, -10.00 ,-1
 0> <info> app: hr,140,15998, -12.00 ,-1
 0> <info> app: hr,141,15999, -13.00 ,-1
 0> <info> app: hr,142,16011, -16.00 ,-1
 0> <info> app: hr,143,16007, -17.00 ,-1
 0> <info> app: hr,144,16008, -19.00 ,-1
 0> <info> app: hr,145,16028, -21.00 ,-1
 0> <info> app: hr,146,16027, -23.00 ,-1
 0> <info> app: hr,147,16012, -26.00 ,-1
 0> <info> app: hr,148,16029, -27.00 ,-1
 0> <info> app: hr,149,16030, -29.00 ,-1
 0> <info> app: hr,150,16041, -32.00 ,-1
 0> <info> app: hr,151,16062, -34.00 ,-1
 0> <info> app: hr,152,16082, -36.00 ,-1
 0> <info> app: hr,153,16088, -38.00 ,-1
 0> <info> app: hr,154,16058, -40.00 ,-1
 0> <info> app: hr,155,16066, -42.00 ,-1
 0> <info> app: hr,156,16069, -45.00 ,-1
 0> <info> app: hr,157,16062, -47.00 ,-1
 0> <info> app: hr,158,16069, -50.00 ,-1
 0> <info> app: hr,159,16087, -51.00 ,-1
 0> <info> app: hr,160,16079, -53.00 ,-1
 0> <info> app: hr,161,16075, -55.00 ,-1
 0> <info> app: hr,162,16082, -57.00 ,-1
 0> <info> app: hr,163,16080, -59.00 ,-1
 0> <info> app: hr,164,16091, -60.00 ,-1
 0> <info> app: hr,165,16102, -62.00 ,-1
 0> <info> app: hr,166,16081, -63.00 ,-1
 0> <info> app: hr,167,16047, -65.00 ,-1
 0> <info> app: hr,168,16048, -66.00 ,-1
 0> <info> app: hr,169,16067, -66.00 ,-1
 0> <info> app: hr,170,16062, -67.00 ,-1
 0> <info> app: hr,171,16045, -68.00 ,-1
 0> <info> app: hr,172,16041, -67.00 ,-1
 0> <info> app: hr,173,16051, -67.00 ,-1
 0> <info> app: hr,174,16057, -66.00 ,-1
 0> <info> app: hr,175,16032, -66.00 ,-1
 0> <info> app: hr,176,16053, -66.00 ,-1
 0> <info> app: hr,177,15996, -65.00 ,-1
 0> <info> app: hr,178,16021, -64.00 ,-1
 0> <info> app: hr,179,16021, -63.00 ,-1
 0> <info> app: hr,180,16050, -61.00 ,-1
 0> <info> app: hr,181,16065, -60.00 ,-1
 0> <info> app: hr,182,16050, -58.00 ,-1
 0> <info> app: hr,183,16059, -57.00 ,-1
 0> <info> app: hr,184,16038, -55.00 ,-1
 0> <info> app: hr,185,16014, -53.00 ,-1
 0> <info> app: hr,186,16003, -51.00 ,-1
 0> <info> app: hr,187,16030, -50.00 ,-1
 0> <info> app: hr,188,16046, -47.00 ,-1
 0> <info> app: hr,189,16055, -46.00 ,-1
 0> <info> app: hr,190,16052, -44.00 ,-1
 0> <info> app: hr,191,16076, -41.00 ,-1
 0> <info> app: hr,192,16053, -40.00 ,-1
 0> <info> app: hr,193,16054, -38.00 ,-1
 0> <info> app: hr,194,16041, -36.00 ,-1
 0> <info> app: hr,195,16039, -35.00 ,-1
 0> <info> app: hr,196,16032, -34.00 ,-1
 0> <info> app: hr,197,16029, -32.00 ,-1
 0> <info> app: hr,198,16053, -30.00 ,-1
 0> <info> app: hr,199,16055, -29.00 ,-1
 0> <info> app: hr,200,16035, -27.00 ,-1
 0> <info> app: hr,201,16011, -26.00 ,-1
 0> <info> app: hr,202,15993, -24.00 ,-1
 0> <info> app: hr,203,15997, -22.00 ,-1
 0> <info> app: hr,204,16031, -20.00 ,-1
 0> <info> app: hr,205,16026, -19.00 ,-1
 0> <info> app: hr,206,16039, -17.00 ,-1
 0> <info> app: hr,207,16026, -15.00 ,-1
 0> <info> app: hr,208,16013, -14.00 ,-1
 0> <info> app: hr,209,16027, -13.00 ,-1
 0> <info> app: hr,210,16010, -11.00 ,-1
 0> <info> app: hr,211,16004, -10.00 ,-1
 0> <info> app: hr,212,16001, -8.00 ,-1
 0> <info> app: hr,213,15980, -7.00 ,-1
 0> <info> app: hr,214,15949, -4.00 ,-1
 0> <info> app: hr,215,15928, -3.00 ,-1
 0> <info> app: hr,216,15930, -1.00 ,-1
 0> <info> app: hr,217,15937, 0.00 ,0
 0> <info> app: hr,218,15977, 2.00 ,0
 0> <info> app: hr,219,15956, 5.00 ,1
 0> <info> app: hr,220,15958, 7.00 ,1
 0> <info> app: hr,221,15957, 9.00 ,1
 0> <info> app: hr,222,15905, 11.00 ,1
 0> <info> app: hr,223,15919, 13.00 ,1
 0> <info> app: hr,224,15911, 16.00 ,1
 0> <info> app: hr,225,15911, 18.00 ,1
 0> <info> app: hr,226,15914, 20.00 ,1
 0> <info> app: hr,227,15917, 23.00 ,1
 0> <info> app: hr,228,15900, 25.00 ,1
 0> <info> app: hr,229,15882, 27.00 ,1
 0> <info> app: hr,230,15828, 30.00 ,1
 0> <info> app: hr,231,15827, 33.00 ,1
 0> <info> app: hr,232,15838, 35.00 ,1
 0> <info> app: hr,233,15832, 37.00 ,1
 0> <info> app: hr,234,15806, 40.00 ,1
 0> <info> app: hr,235,15811, 43.00 ,1
 0> <info> app: hr,236,15826, 47.00 ,1
 0> <info> app: hr,237,15813, 50.00 ,1
 0> <info> app: hr,238,15786, 52.00 ,1
 0> <info> app: hr,239,15775, 55.00 ,1
 0> <info> app: hr,240,15742, 59.00 ,1
 0> <info> app: hr,241,15748, 62.00 ,1
 0> <info> app: hr,242,15747, 66.00 ,1
 0> <info> app: hr,243,15731, 68.00 ,1
 0> <info> app: hr,244,15742, 72.00 ,1
 0> <info> app: hr,245,15732, 75.00 ,1
 0> <info> app: hr,246,15713, 78.00 ,1
 0> <info> app: hr,247,15700, 82.00 ,1
 0> <info> app: hr,248,15661, 84.00 ,1
 0> <info> app: hr,249,15661, 88.00 ,1
 0> <info> app: hr,250,15652, 92.00 ,1
 0> <info> app: hr,251,15628, 95.00 ,1
 0> <info> app: hr,252,15627, 98.00 ,1
 0> <info> app: hr,253,15615, 101.00 ,1
 0> <info> app: hr,254,15600, 105.00 ,1
 0> <info> app: hr,255,15578, 109.00 ,1
 0> <info> app: hr,256,15572, 113.00 ,1
 0> <info> app: hr,257,15557, 116.00 ,1
 0> <info> app: hr,258,15543, 120.00 ,1
 0> <info> app: hr,259,15521, 123.00 ,1
 0> <info> app: hr,260,15522, 127.00 ,1
 0> <info> app: hr,261,15550, 130.00 ,1
 0> <info> app: hr,262,15551, 134.00 ,1
 0> <info> app: hr,263,15521, 137.00 ,1
 0> <info> app: hr,264,15518, 141.00 ,1
 0> <info> app: hr,265,15495, 144.00 ,1
 0> <info> app: hr,266,15506, 147.00 ,1
 0> <info> app: hr,267,15462, 150.00 ,1
 0> <info> app: hr,268,15460, 152.00 ,1
 0> <info> app: hr,269,15468, 155.00 ,1
 0> <info> app: hr,270,15462, 158.00 ,1
 0> <info> app: hr,271,15455, 161.00 ,1
 0> <info> app: hr,272,15445, 163.00 ,1
 0> <info> app: hr,273,15450, 165.00 ,1
 0> <info> app: hr,274,15422, 166.00 ,1
 0> <info> app: hr,275,15414, 168.00 ,1
 0> <info> app: hr,276,15415, 171.00 ,1
 0> <info> app: hr,277,15413, 172.00 ,1
 0> <info> app: hr,278,15396, 173.00 ,1
 0> <info> app: hr,279,15407, 175.00 ,1
 0> <info> app: hr,280,15404, 176.00 ,1
 0> <info> app: hr,281,15403, 176.00 ,1
 0> <info> app: hr,282,15399, 177.00 ,1
 0> <info> app: hr,283,15388, 177.00 ,1
 0> <info> app: hr,284,15372, 177.00 ,1
 0> <info> app: hr,285,15376, 178.00 ,1
 0> <info> app: hr,286,15362, 178.00 ,1
 0> <info> app: hr,287,15373, 178.00 ,1
 0> <info> app: hr,288,15360, 178.00 ,1
 0> <info> app: hr,289,15363, 177.00 ,1
 0> <info> app: hr,290,15364, 177.00 ,1
 0> <info> app: hr,291,15344, 176.00 ,1
 0> <info> app: hr,292,15348, 175.00 ,0
 0> <info> app: hr,293,15356, 175.00 ,0
 0> <info> app: hr,294,15351, 173.00 ,-1
 0> <info> app: hr,295,15348, 172.00 ,-1
 0> <info> app: hr,296,15339, 171.00 ,-1
 0> <info> app: hr,297,15338, 169.00 ,-1
 0> <info> app: hr,298,15329, 167.00 ,-1
 0> <info> app: hr,299,15325, 165.00 ,-1
 0> <info> app: hr,300,15322, 164.00 ,-1
 0> <info> app: hr,301,15347, 162.00 ,-1
 0> <info> app: hr,302,15332, 159.00 ,-1
 0> <info> app: hr,303,15321, 157.00 ,-1
 0> <info> app: hr,304,15318, 155.00 ,-1
 0> <info> app: hr,305,15319, 153.00 ,-1
 0> <info> app: hr,306,15325, 150.00 ,-1
 0> <info> app: hr,307,15309, 148.00 ,-1
 0> <info> app: hr,308,15302, 145.00 ,-1
 0> <info> app: hr,309,15291, 143.00 ,-1
 0> <info> app: hr,310,15296, 141.00 ,-1
 0> <info> app: hr,311,15280, 139.00 ,-1
 0> <info> app: hr,312,15281, 136.00 ,-1
 0> <info> app: hr,313,15292, 134.00 ,-1
 0> <info> app: hr,314,15285, 131.00 ,-1
 0> <info> app: hr,315,15287, 129.00 ,-1
 0> <info> app: hr,316,15277, 126.00 ,-1
 0> <info> app: hr,317,15267, 124.00 ,-1
 0> <info> app: hr,318,15307, 122.00 ,-1
 0> <info> app: hr,319,15299, 120.00 ,-1
 0> <info> app: hr,320,15288, 117.00 ,-1
 0> <info> app: hr,321,15300, 115.00 ,-1
 0> <info> app: hr,322,15305, 112.00 ,-1
 0> <info> app: hr,323,15279, 109.00 ,-1
 0> <info> app: hr,324,15277, 107.00 ,-1
 0> <info> app: hr,325,15265, 104.00 ,-1
 0> <info> app: hr,326,15266, 101.00 ,-1
 0> <info> app: hr,327,15262, 99.00 ,-1
 0> <info> app: hr,328,15250, 97.00 ,-1
 0> <info> app: hr,329,15246, 94.00 ,-1
 0> <info> app: hr,330,15240, 93.00 ,-1
 0> <info> app: hr,331,15228, 91.00 ,-1
 0> <info> app: hr,332,15211, 88.00 ,-1
 0> <info> app: hr,333,15193, 87.00 ,-1
 0> <info> app: hr,334,15193, 85.00 ,-1
 0> <info> app: hr,335,15220, 84.00 ,-1
 0> <info> app: hr,336,15196, 83.00 ,-1
 0> <info> app: hr,337,15197, 82.00 ,-1
 0> <info> app: hr,338,15192, 81.00 ,-1
 0> <info> app: hr,339,15220, 80.00 ,-1
 0> <info> app: hr,340,15192, 79.00 ,-1
 0> <info> app: hr,341,15201, 78.00 ,-1
 0> <info> app: hr,342,15185, 78.00 ,-1
 0> <info> app: hr,343,15181, 77.00 ,-1
 0> <info> app: hr,344,15193, 76.00 ,-1
 0> <info> app: hr,345,15196, 75.00 ,-1
 0> <info> app: hr,346,15193, 74.00 ,-1
 0> <info> app: hr,347,15177, 74.00 ,-1
 0> <info> app: hr,348,15185, 74.00 ,0
 0> <info> app: hr,349,15173, 73.00 ,0
 0> <info> app: hr,350,15189, 72.00 ,0
 0> <info> app: hr,351,15177, 72.00 ,0
 0> <info> app: hr,352,15153, 71.00 ,0
 0> <info> app: hr,353,15171, 71.00 ,0
 0> <info> app: hr,354,15164, 70.00 ,0
 0> <info> app: hr,355,15148, 70.00 ,0
 0> <info> app: hr,356,15165, 69.00 ,0
 0> <info> app: hr,357,15156, 69.00 ,0
 0> <info> app: hr,358,15166, 68.00 ,0
 0> <info> app: hr,359,15170, 68.00 ,0
 0> <info> app: hr,360,15143, 66.00 ,-1
 0> <info> app: hr,361,15141, 66.00 ,0
 0> <info> app: hr,362,15155, 66.00 ,0
 0> <info> app: hr,363,15135, 65.00 ,0
 0> <info> app: hr,364,15156, 65.00 ,0
 0> <info> app: hr,365,15146, 64.00 ,0
 0> <info> app: hr,366,15166, 64.00 ,0
 0> <info> app: hr,367,15143, 63.00 ,0
 0> <info> app: hr,368,15163, 62.00 ,0
 0> <info> app: hr,369,15153, 61.00 ,-1
 0> <info> app: hr,370,15157, 61.00 ,0
 0> <info> app: hr,371,15158, 60.00 ,0
 0> <info> app: hr,372,15149, 59.00 ,0
 0> <info> app: hr,373,15140, 58.00 ,-1
 0> <info> app: hr,374,15137, 57.00 ,-1
 0> <info> app: hr,375,15145, 56.00 ,0
 0> <info> app: hr,376,15140, 55.00 ,-1
 0> <info> app: hr,377,15133, 54.00 ,-1
 0> <info> app: hr,378,15138, 54.00 ,0
 0> <info> app: hr,379,15151, 53.00 ,0
 0> <info> app: hr,380,15151, 51.00 ,-1
 0> <info> app: hr,381,15149, 51.00 ,-1
 0> <info> app: hr,382,15142, 50.00 ,-1
 0> <info> app: hr,383,15146, 49.00 ,0
 0> <info> app: hr,384,15145, 47.00 ,-1
 0> <info> app: hr,385,15162, 47.00 ,-1
 0> <info> app: hr,386,15145, 45.00 ,-1
 0> <info> app: hr,387,15161, 44.00 ,-1
 0> <info> app: hr,388,15163, 43.00 ,-1
 0> <info> app: hr,389,15163, 42.00 ,-1
 0> <info> app: hr,390,15166, 41.00 ,-1
 0> <info> app: hr,391,15174, 39.00 ,-1
 0> <info> app: hr,392,15169, 38.00 ,-1
 0> <info> app: hr,393,15168, 36.00 ,-1
 0> <info> app: hr,394,15175, 35.00 ,-1
 0> <info> app: hr,395,15190, 33.00 ,-1
 0> <info> app: hr,396,15192, 31.00 ,-1
 0> <info> app: hr,397,15194, 30.00 ,-1
 0> <info> app: hr,398,15191, 27.00 ,-1
 0> <info> app: hr,399,15175, 26.00 ,-1
 0> <info> app: hr,400,15188, 24.00 ,-1
 0> <info> app: hr,401,15181, 22.00 ,-1
 0> <info> app: hr,402,15168, 20.00 ,-1
 0> <info> app: hr,403,15163, 19.00 ,-1
 0> <info> app: hr,404,15162, 17.00 ,-1
 0> <info> app: hr,405,15154, 15.00 ,-1
 0> <info> app: hr,406,15148, 15.00 ,-1
 0> <info> app: hr,407,15156, 13.00 ,-1
 0> <info> app: hr,408,15138, 12.00 ,-1
 0> <info> app: hr,409,15143, 12.00 ,0
 0> <info> app: hr,410,15139, 10.00 ,-1
 0> <info> app: hr,411,15121, 9.00 ,-1
 0> <info> app: hr,412,15131, 9.00 ,0
 0> <info> app: hr,413,15115, 8.00 ,0
 0> <info> app: hr,414,15115, 8.00 ,0
 0> <info> app: hr,415,15113, 9.00 ,0
 0> <info> app: hr,416,15084, 8.00 ,0
 0> <info> app: hr,417,15089, 9.00 ,0
 0> <info> app: hr,418,15113, 9.00 ,0
 0> <info> app: hr,419,15078, 10.00 ,0
 0> <info> app: hr,420,15079, 10.00 ,0
 0> <info> app: hr,421,15087, 11.00 ,1
 0> <info> app: hr,422,15077, 12.00 ,0
 0> <info> app: hr,423,15072, 12.00 ,1
 0> <info> app: hr,424,15071, 14.00 ,1
 0> <info> app: hr,425,15064, 15.00 ,1
 0> <info> app: hr,426,15063, 16.00 ,1
 0> <info> app: hr,427,15049, 18.00 ,1
 0> <info> app: hr,428,15061, 20.00 ,1
 0> <info> app: hr,429,15062, 21.00 ,1
 0> <info> app: hr,430,15080, 22.00 ,1
 0> <info> app: hr,431,15098, 23.00 ,1
 0> <info> app: hr,432,15074, 24.00 ,1
 0> <info> app: hr,433,15076, 26.00 ,1
 0> <info> app: hr,434,15063, 27.00 ,1
 0> <info> app: hr,435,15067, 27.00 ,1
 0> <info> app: hr,436,15066, 29.00 ,1
 0> <info> app: hr,437,15056, 29.00 ,1
 0> <info> app: hr,438,15050, 31.00 ,1
 0> <info> app: hr,439,15053, 31.00 ,1
 0> <info> app: hr,440,15050, 32.00 ,1
 0> <info> app: hr,441,15036, 33.00 ,1
 0> <info> app: hr,442,15043, 33.00 ,1
 0> <info> app: hr,443,15029, 35.00 ,1
 0> <info> app: hr,444,15038, 35.00 ,1
 0> <info> app: hr,445,15037, 36.00 ,1
 0> <info> app: hr,446,15041, 37.00 ,1
 0> <info> app: hr,447,15053, 38.00 ,1
 0> <info> app: hr,448,15048, 39.00 ,1
 0> <info> app: hr,449,15043, 39.00 ,1
 0> <info> app: hr,450,15045, 39.00 ,1
 0> <info> app: hr,451,15045, 40.00 ,1
 0> <info> app: hr,452,15059, 40.00 ,1
 0> <info> app: hr,453,15062, 40.00 ,1
 0> <info> app: hr,454,15076, 40.00 ,1
 0> <info> app: hr,455,15045, 40.00 ,1
 0> <info> app: hr,456,15053, 40.00 ,1
 0> <info> app: hr,457,15051, 40.00 ,1
 0> <info> app: hr,458,15053, 39.00 ,1
 0> <info> app: hr,459,15057, 39.00 ,1
 0> <info> app: hr,460,15077, 38.00 ,1
 0> <info> app: hr,461,15080, 37.00 ,0
 0> <info> app: hr,462,15079, 36.00 ,-1
 0> <info> app: hr,463,15091, 35.00 ,-1
 0> <info> app: hr,464,15075, 34.00 ,-1
 0> <info> app: hr,465,15084, 34.00 ,0
 0> <info> app: hr,466,15122, 32.00 ,0
 0> <info> app: hr,467,15113, 30.00 ,-1
 0> <info> app: hr,468,15142, 29.00 ,-1
 0> <info> app: hr,469,15132, 27.00 ,-1
 0> <info> app: hr,470,15137, 26.00 ,-1
 0> <info> app: hr,471,15135, 24.00 ,-1
 0> <info> app: hr,472,15156, 21.00 ,-1
 0> <info> app: hr,473,15173, 18.00 ,-1
 0> <info> app: hr,474,15183, 16.00 ,-1
 0> <info> app: hr,475,15189, 14.00 ,-1
 0> <info> app: hr,476,15195, 11.00 ,-1
 0> <info> app: hr,477,15215, 7.00 ,-1
 0> <info> app: hr,478,15223, 4.00 ,-1
 0> <info> app: hr,479,15235, 1.00 ,-1
 0> <info> app: hr,480,15253, -1.00 ,-1
 0> <info> app: hr,481,15267, -5.00 ,-1
 0> <info> app: hr,482,15269, -9.00 ,-1
 0> <info> app: hr,483,15286, -14.00 ,-1
 0> <info> app: hr,484,15296, -18.00 ,-1
 0> <info> app: hr,485,15301, -22.00 ,-1
 0> <info> app: hr,486,15299, -26.00 ,-1
 0> <info> app: hr,487,15285, -31.00 ,-1
 0> <info> app: hr,488,15278, -35.00 ,-1
 0> <info> app: hr,489,15290, -39.00 ,-1
 0> <info> app: hr,490,15279, -43.00 ,-1
 0> <info> app: hr,491,15281, -47.00 ,-1
 0> <info> app: hr,492,15271, -51.00 ,-1
 0> <info> app: hr,493,15259, -55.00 ,-1
 0> <info> app: hr,494,15250, -58.00 ,-1
 0> <info> app: hr,495,15263, -60.00 ,-1
 0> <info> app: hr,496,15269, -63.00 ,-1
 0> <info> app: hr,497,15262, -66.00 ,-1
 0> <info> app: hr,498,15260, -68.00 ,-1
 0> <info> app: hr,499,15247, -69.00 ,-1
 0> <info> app: hr,500,15228, -72.00 ,-1
 0> <info> app: hr,501,15237, -72.00 ,-1
 0> <info> app: hr,502,15226, -74.00 ,-1
 0> <info> app: hr,503,15230, -74.00 ,-1
 0> <info> app: hr,504,15225, -74.00 ,-1
 0> <info> app: hr,505,15224, -74.00 ,-1
 0> <info> app: hr,506,15225, -74.00 ,-1
 0> <info> app: hr,507,15222, -74.00 ,-1
 0> <info> app: hr,508,15199, -72.00 ,-1
 0> <info> app: hr,509,15225, -72.00 ,-1
 0> <info> app: hr,510,15236, -71.00 ,-1
 0> <info> app: hr,511,15247, -69.00 ,-1
 0> <info> app: hr,512,15269, -68.00 ,-1
 0> <info> app: hr,513,15240, -67.00 ,-1
 0> <info> app: hr,514,15247, -65.00 ,-1
 0> <info> app: hr,515,15280, -64.00 ,-1
 0> <info> app: hr,516,15287, -63.00 ,-1
 0> <info> app: hr,517,15265, -61.00 ,-1
 0> <info> app: hr,518,15261, -59.00 ,-1
 0> <info> app: hr,519,15278, -58.00 ,-1
 0> <info> app: hr,520,15280, -58.00 ,-1
 0> <info> app: hr,521,15300, -56.00 ,-1
 0> <info> app: hr,522,15303, -55.00 ,-1
 0> <info> app: hr,523,15295, -54.00 ,-1
 0> <info> app: hr,524,15289, -53.00 ,-1
 0> <info> app: hr,525,15298, -52.00 ,-1
 0> <info> app: hr,526,15305, -51.00 ,-1
 0> <info> app: hr,527,15313, -50.00 ,-1
 0> <info> app: hr,528,15349, -50.00 ,-1
 0> <info> app: hr,529,15347, -49.00 ,-1
 0> <info> app: hr,530,15377, -49.00 ,-1
 0> <info> app: hr,531,15391, -49.00 ,-1
 0> <info> app: hr,532,15374, -50.00 ,-1
 0> <info> app: hr,533,15403, -49.00 ,-1
 0> <info> app: hr,534,15380, -51.00 ,-1
 0> <info> app: hr,535,15391, -51.00 ,-1
 0> <info> app: hr,536,15420, -52.00 ,-1
 0> <info> app: hr,537,15425, -53.00 ,-1
 0> <info> app: hr,538,15421, -54.00 ,-1
 0> <info> app: hr,539,15426, -56.00 ,-1
 0> <info> app: hr,540,15420, -57.00 ,-1
 0> <info> app: hr,541,15411, -58.00 ,-1
 0> <info> app: hr,542,15421, -60.00 ,-1
 0> <info> app: hr,543,15407, -61.00 ,-1
 0> <info> app: hr,544,15432, -62.00 ,-1
 0> <info> app: hr,545,15458, -64.00 ,-1
 0> <info> app: hr,546,15461, -65.00 ,-1
 0> <info> app: hr,547,15455, -66.00 ,-1
 0> <info> app: hr,548,15453, -68.00 ,-1
 0> <info> app: hr,549,15462, -70.00 ,-1
 0> <info> app: hr,550,15443, -71.00 ,-1
 0> <info> app: hr,551,15444, -73.00 ,-1
 0> <info> app: hr,552,15417, -73.00 ,-1
 0> <info> app: hr,553,15415, -74.00 ,-1
 0> <info> app: hr,554,15441, -75.00 ,-1
 0> <info> app: hr,555,15463, -76.00 ,-1
 0> <info> app: hr,556,15431, -76.00 ,-1
 0> <info> app: hr,557,15455, -77.00 ,-1
 0> <info> app: hr,558,15437, -77.00 ,-1
 0> <info> app: hr,559,15459, -77.00 ,-1
 0> <info> app: hr,560,15441, -77.00 ,-1
 0> <info> app: hr,561,15420, -78.00 ,-1
 0> <info> app: hr,562,15432, -77.00 ,-1
 0> <info> app: hr,563,15438, -77.00 ,-1
 0> <info> app: hr,564,15432, -76.00 ,-1
 0> <info> app: hr,565,15413, -75.00 ,-1
 0> <info> app: hr,566,15412, -74.00 ,-1
 0> <info> app: hr,567,15426, -74.00 ,-1
 0> <info> app: hr,568,15431, -72.00 ,-1
 0> <info> app: hr,569,15405, -71.00 ,-1
 0> <info> app: hr,570,15394, -70.00 ,-1
 0> <info> app: hr,571,15383, -68.00 ,-1
 0> <info> app: hr,572,15404, -66.00 ,-1
 0> <info> app: hr,573,15394, -64.00 ,-1
 0> <info> app: hr,574,15389, -62.00 ,-1
 0> <info> app: hr,575,15408, -60.00 ,-1
 0> <info> app: hr,576,15400, -57.00 ,-1
 0> <info> app: hr,577,15378, -55.00 ,-1
 0> <info> app: hr,578,15378, -52.00 ,-1
 0> <info> app: hr,579,15350, -51.00 ,-1
 0> <info> app: hr,580,15354, -47.00 ,-1
 0> <info> app: hr,581,15333, -45.00 ,-1
 0> <info> app: hr,582,15334, -41.00 ,-1
 0> <info> app: hr,583,15342, -38.00 ,-1
 0> <info> app: hr,584,15293, -35.00 ,-1
 0> <info> app: hr,585,15260, -32.00 ,-1
 0> <info> app: hr,586,15240, -28.00 ,-1
 0> <info> app: hr,587,15232, -25.00 ,-1
 0> <info> app: hr,588,15199, -20.00 ,-1
 0> <info> app: hr,589,15182, -15.00 ,-1
 0> <info> app: hr,590,15168, -11.00 ,-1
 0> <info> app: hr,591,15132, -5.00 ,-1
 0> <info> app: hr,592,15095, 0.00 ,0
 0> <info> app: hr,593,15096, 5.00 ,0
 0> <info> app: hr,594,15092, 12.00 ,1
 0> <info> app: hr,595,15059, 18.00 ,1
 0> <info> app: hr,596,15052, 25.00 ,1
 0> <info> app: hr,597,15051, 32.00 ,1
 0> <info> app: hr,598,15017, 39.00 ,1
 0> <info> app: hr,599,15004, 47.00 ,1
 0> <info> app: hr,600,14977, 53.00 ,1
 0> <info> app: hr,601,14959, 62.00 ,1
 0> <info> app: hr,602,14965, 68.00 ,1
 0> <info> app: hr,603,14936, 77.00 ,1
 0> <info> app: hr,604,14958, 84.00 ,1
 0> <info> app: hr,605,14980, 92.00 ,1
 0> <info> app: hr,606,14995, 99.00 ,1
 0> <info> app: hr,607,14996, 106.00 ,1
 0> <info> app: hr,608,15002, 113.00 ,1
 0> <info> app: hr,609,14995, 119.00 ,1
 0> <info> app: hr,610,15009, 124.00 ,1
 0> <info> app: hr,611,15006, 130.00 ,1
 0> <info> app: hr,612,14996, 135.00 ,1
 0> <info> app: hr,613,14979, 139.00 ,1
 0> <info> app: hr,614,14982, 143.00 ,1
 0> <info> app: hr,615,14986, 147.00 ,1
 0> <info> app: hr,616,14972, 149.00 ,1
 0> <info> app: hr,617,14972, 152.00 ,1
 0> <info> app: hr,618,14964, 154.00 ,1
 0> <info> app: hr,619,14951, 156.00 ,1
 0> <info> app: hr,620,14935, 159.00 ,1
 0> <info> app: hr,621,14943, 160.00 ,1
 0> <info> app: hr,622,14923, 161.00 ,1
 0> <info> app: hr,623,14941, 162.00 ,1
 0> <info> app: hr,624,14937, 162.00 ,1
 0> <info> app: hr,625,14940, 163.00 ,1
 0> <info> app: hr,626,14939, 163.00 ,1
 0> <info> app: hr,627,14919, 163.00 ,1
 0> <info> app: hr,628,14928, 163.00 ,1
 0> <info> app: hr,629,14920, 163.00 ,1
 0> <info> app: hr,630,14917, 161.00 ,0
 0> <info> app: hr,631,14929, 161.00 ,0
 0> <info> app: hr,632,14936, 160.00 ,0
 0> <info> app: hr,633,14928, 158.00 ,-1
 0> <info> app: hr,634,14921, 157.00 ,-1
 0> <info> app: hr,635,14929, 155.00 ,-1
 0> <info> app: hr,636,14939, 154.00 ,-1
 0> <info> app: hr,637,14931, 151.00 ,-1
 0> <info> app: hr,638,14906, 149.00 ,-1
 0> <info> app: hr,639,14910, 147.00 ,-1
 0> <info> app: hr,640,14889, 144.00 ,-1
 0> <info> app: hr,641,14877, 141.00 ,-1
 0> <info> app: hr,642,14890, 139.00 ,-1
 0> <info> app: hr,643,14883, 137.00 ,-1
 0> <info> app: hr,644,14867, 134.00 ,-1
 0> <info> app: hr,645,14875, 132.00 ,-1
 0> <info> app: hr,646,14870, 130.00 ,-1
 0> <info> app: hr,647,14863, 127.00 ,-1
 0> <info> app: hr,648,14840, 125.00 ,-1
 0> <info> app: hr,649,14832, 123.00 ,-1
 0> <info> app: hr,650,14821, 121.00 ,-1
 0> <info> app: hr,651,14829, 119.00 ,-1
 0> <info> app: hr,652,14836, 117.00 ,-1
 0> <info> app: hr,653,14807, 115.00 ,-1
 0> <info> app: hr,654,14825, 113.00 ,-1
 0> <info> app: hr,655,14807, 111.00 ,-1
 0> <info> app: hr,656,14806, 111.00 ,-1
 0> <info> app: hr,657,14784, 109.00 ,-1
 0> <info> app: hr,658,14796, 108.00 ,-1
 0> <info> app: hr,659,14790, 106.00 ,-1
 0> <info> app: hr,660,14807, 105.00 ,-1
 0> <info> app: hr,661,14805, 104.00 ,-1
 0> <info> app: hr,662,14795, 102.00 ,-1
 0> <info> app: hr,663,14786, 101.00 ,-1
 0> <info> app: hr,664,14783, 100.00 ,-1
 0> <info> app: hr,665,14780, 99.00 ,-1
 0> <info> app: hr,666,14790, 98.00 ,-1
 0> <info> app: hr,667,14778, 97.00 ,-1
 0> <info> app: hr,668,14783, 96.00 ,-1
 0> <info> app: hr,669,14798, 96.00 ,-1
 0> <info> app: hr,670,14781, 94.00 ,-1
 0> <info> app: hr,671,14801, 93.00 ,-1
 0> <info> app: hr,672,14800, 91.00 ,-1
 0> <info> app: hr,673,14786, 90.00 ,-1
 0> <info> app: hr,674,14793, 88.00 ,-1
 0> <info> app: hr,675,14805, 87.00 ,-1
 0> <info> app: hr,676,14802, 85.00 ,-1
 0> <info> app: hr,677,14815, 84.00 ,-1
 0> <info> app: hr,678,14813, 82.00 ,-1
 0> <info> app: hr,679,14829, 81.00 ,-1
 0> <info> app: hr,680,14838, 79.00 ,-1
 0> <info> app: hr,681,14840, 77.00 ,-1
 0> <info> app: hr,682,14853, 74.00 ,-1
 0> <info> app: hr,683,14844, 71.00 ,-1
 0> <info> app: hr,684,14858, 69.00 ,-1
 0> <info> app: hr,685,14856, 66.00 ,-1
 0> <info> app: hr,686,14845, 64.00 ,-1
 0> <info> app: hr,687,14878, 61.00 ,-1
 0> <info> app: hr,688,14851, 58.00 ,-1
 0> <info> app: hr,689,14875, 55.00 ,-1
 0> <info> app: hr,690,14864, 51.00 ,-1
 0> <info> app: hr,691,14870, 48.00 ,-1
 0> <info> app: hr,692,14886, 45.00 ,-1
 0> <info> app: hr,693,14874, 42.00 ,-1
 0> <info> app: hr,694,14888, 38.00 ,-1
 0> <info> app: hr,695,14883, 36.00 ,-1
 0> <info> app: hr,696,14885, 32.00 ,-1
 0> <info> app: hr,697,14901, 29.00 ,-1
 0> <info> app: hr,698,14885, 26.00 ,-1
 0> <info> app: hr,699,14909, 22.00 ,-1
 0> <info> app: hr,700,14912, 19.00 ,-1
 0> <info> app: hr,701,14891, 16.00 ,-1
 0> <info> app: hr,702,14901, 12.00 ,-1
 0> <info> app: hr,703,14911, 10.00 ,-1
 0> <info> app: hr,704,14911, 6.00 ,-1
 0> <info> app: hr,705,14894, 4.00 ,-1
 0> <info> app: hr,706,14892, 1.00 ,-1
 0> <info> app: hr,707,14914, 0.00 ,-1
 0> <info> app: hr,708,14905, -3.00 ,-1
 0> <info> app: hr,709,14913, -6.00 ,-1
 0> <info> app: hr,710,14917, -8.00 ,-1
 0> <info> app: hr,711,14943, -10.00 ,-1
 0> <info> app: hr,712,14933, -13.00 ,-1
 0> <info> app: hr,713,14934, -15.00 ,-1
 0> <info> app: hr,714,14957, -17.00 ,-1
 0> <info> app: hr,715,14950, -20.00 ,-1
 0> <info> app: hr,716,14932, -22.00 ,-1
 0> <info> app: hr,717,14942, -23.00 ,-1
 0> <info> app: hr,718,14958, -25.00 ,-1
 0> <info> app: hr,719,14969, -28.00 ,-1
 0> <info> app: hr,720,14961, -30.00 ,-1
 0> <info> app: hr,721,14967, -31.00 ,-1
 0> <info> app: hr,722,14976, -33.00 ,-1
 0> <info> app: hr,723,14942, -35.00 ,-1
 0> <info> app: hr,724,14972, -36.00 ,-1
 0> <info> app: hr,725,14931, -38.00 ,-1
 0> <info> app: hr,726,14947, -39.00 ,-1
 0> <info> app: hr,727,14950, -40.00 ,-1
 0> <info> app: hr,728,14924, -41.00 ,-1
 0> <info> app: hr,729,14918, -42.00 ,-1
 0> <info> app: hr,730,14933, -43.00 ,-1
 0> <info> app: hr,731,14918, -43.00 ,-1
 0> <info> app: hr,732,14922, -44.00 ,-1
 0> <info> app: hr,733,14916, -43.00 ,-1
 0> <info> app: hr,734,14903, -43.00 ,-1
 0> <info> app: hr,735,14890, -43.00 ,-1
 0> <info> app: hr,736,14888, -42.00 ,-1
 0> <info> app: hr,737,14874, -41.00 ,-1
 0> <info> app: hr,738,14877, -40.00 ,-1
 0> <info> app: hr,739,14876, -39.00 ,-1
 0> <info> app: hr,740,14876, -37.00 ,-1
 0> <info> app: hr,741,14876, -36.00 ,-1
 0> <info> app: hr,742,14887, -34.00 ,-1
 0> <info> app: hr,743,14888, -32.00 ,-1
 0> <info> app: hr,744,14886, -30.00 ,-1
 0> <info> app: hr,745,14890, -28.00 ,-1
 0> <info> app: hr,746,14876, -26.00 ,-1
 0> <info> app: hr,747,14880, -24.00 ,-1
 0> <info> app: hr,748,14856, -22.00 ,-1
 0> <info> app: hr,749,14883, -20.00 ,-1
 0> <info> app: hr,750,14870, -18.00 ,-1
 0> <info> app: hr,751,14873, -16.00 ,-1
 0> <info> app: hr,752,14897, -14.00 ,-1
 0> <info> app: hr,753,14874, -13.00 ,-1
 0> <info> app: hr,754,14866, -11.00 ,-1
 0> <info> app: hr,755,14849, -8.00 ,-1
 0> <info> app: hr,756,14866, -7.00 ,-1
 0> <info> app: hr,757,14869, -4.00 ,-1
 0> <info> app: hr,758,14854, -3.00 ,-1
 0> <info> app: hr,759,14852, -1.00 ,-1
 0> <info> app: hr,760,14858, 0.00 ,0
 0> <info> app: hr,761,14872, 1.00 ,0
 0> <info> app: hr,762,14852, 3.00 ,1
 0> <info> app: hr,763,14868, 5.00 ,1
 0> <info> app: hr,764,14870, 5.00 ,1
 0> <info> app: hr,765,14853, 7.00 ,1
 0> <info> app: hr,766,14849, 9.00 ,1
 0> <info> app: hr,767,14846, 10.00 ,1
 0> <info> app: hr,768,14851, 11.00 ,1
 0> <info> app: hr,769,14848, 12.00 ,1
 0> <info> app: hr,770,14850, 14.00 ,1
 0> <info> app: hr,771,14855, 15.00 ,1
 0> <info> app: hr,772,14838, 16.00 ,1
 0> <info> app: hr,773,14851, 16.00 ,1
 0> <info> app: hr,774,14842, 17.00 ,1
 0> <info> app: hr,775,14826, 19.00 ,1
 0> <info> app: hr,776,14819, 20.00 ,1
 0> <info> app: hr,777,14841, 21.00 ,1
 0> <info> app: hr,778,14841, 22.00 ,1
 0> <info> app: hr,779,14819, 22.00 ,1
 0> <info> app: hr,780,14830, 22.00 ,1
 0> <info> app: hr,781,14842, 23.00 ,1
 0> <info> app: hr,782,14835, 24.00 ,1
 0> <info> app: hr,783,14830, 25.00 ,1
 0> <info> app: hr,784,14834, 25.00 ,1
 0> <info> app: hr,785,14848, 25.00 ,1
 0> <info> app: hr,786,14833, 26.00 ,1
 0> <info> app: hr,787,14829, 27.00 ,1
 0> <info> app: hr,788,14833, 26.00 ,1
 0> <info> app: hr,789,14833, 27.00 ,1
 0> <info> app: hr,790,14822, 27.00 ,1
 0> <info> app: hr,791,14815, 27.00 ,1
 0> <info> app: hr,792,14838, 27.00 ,1
 0> <info> app: hr,793,14830, 27.00 ,1
 0> <info> app: hr,794,14835, 27.00 ,1
 0> <info> app: hr,795,14841, 27.00 ,1
 0> <info> app: hr,796,14829, 27.00 ,1
 0> <info> app: hr,797,14834, 27.00 ,1
 0> <info> app: hr,798,14842, 27.00 ,1
 0> <info> app: hr,799,14832, 26.00 ,1
 0> <info> app: hr,800,14831, 26.00 ,1
 0> <info> app: hr,801,14837, 26.00 ,1
 0> <info> app: hr,802,14827, 25.00 ,1
 0> <info> app: hr,803,14820, 25.00 ,1
 0> <info> app: hr,804,14820, 24.00 ,0
 0> <info> app: hr,805,14824, 23.00 ,-1
 0> <info> app: hr,806,14810, 23.00 ,-1
 0> <info> app: hr,807,14816, 23.00 ,0
 0> <info> app: hr,808,14791, 23.00 ,0
 0> <info> app: hr,809,14798, 23.00 ,0
 0> <info> app: hr,810,14787, 23.00 ,0
 0> <info> app: hr,811,14762, 22.00 ,0
 0> <info> app: hr,812,14772, 22.00 ,0
 0> <info> app: hr,813,14788, 23.00 ,0
 0> <info> app: hr,814,14777, 23.00 ,0
 0> <info> app: hr,815,14790, 23.00 ,0
 0> <info> app: hr,816,14765, 24.00 ,0
 0> <info> app: hr,817,14759, 24.00 ,0
 0> <info> app: hr,818,14760, 24.00 ,0
 0> <info> app: hr,819,14739, 25.00 ,0
 0> <info> app: hr,820,14753, 26.00 ,1
 0> <info> app: hr,821,14768, 26.00 ,1
 0> <info> app: hr,822,14761, 27.00 ,1
 0> <info> app: hr,823,14788, 28.00 ,1
 0> <info> app: hr,824,14757, 28.00 ,1
 0> <info> app: hr,825,14763, 29.00 ,1
 0> <info> app: hr,826,14762, 29.00 ,1
 0> <info> app: hr,827,14759, 30.00 ,1
 0> <info> app: hr,828,14768, 30.00 ,1
 0> <info> app: hr,829,14778, 31.00 ,1
 0> <info> app: hr,830,14772, 31.00 ,1
 0> <info> app: hr,831,14775, 32.00 ,1
 0> <info> app: hr,832,14763, 31.00 ,1
 0> <info> app: hr,833,14749, 31.00 ,1
 0> <info> app: hr,834,14770, 32.00 ,1
 0> <info> app: hr,835,14767, 31.00 ,1
 0> <info> app: hr,836,14760, 32.00 ,1
 0> <info> app: hr,837,14780, 31.00 ,1
 0> <info> app: hr,838,14785, 31.00 ,1
 0> <info> app: hr,839,14761, 31.00 ,1
 0> <info> app: hr,840,14767, 31.00 ,1
 0> <info> app: hr,841,14781, 31.00 ,1
 0> <info> app: hr,842,14777, 30.00 ,1
 0> <info> app: hr,843,14790, 30.00 ,1
 0> <info> app: hr,844,14784, 29.00 ,0
 0> <info> app: hr,845,14803, 29.00 ,0
 0> <info> app: hr,846,14788, 27.00 ,-1
 0> <info> app: hr,847,14821, 27.00 ,-1
 0> <info> app: hr,848,14790, 25.00 ,-1
 0> <info> app: hr,849,14801, 24.00 ,-1
 0> <info> app: hr,850,14786, 24.00 ,0
 0> <info> app: hr,851,14811, 23.00 ,-1
 0> <info> app: hr,852,14805, 22.00 ,-1
 0> <info> app: hr,853,14816, 19.00 ,-1
 0> <info> app: hr,854,14799, 18.00 ,-1
 0> <info> app: hr,855,14805, 17.00 ,-1
 0> <info> app: hr,856,14811, 16.00 ,-1
 0> <info> app: hr,857,14823, 15.00 ,-1
 0> <info> app: hr,858,14811, 13.00 ,-1
 0> <info> app: hr,859,14823, 11.00 ,-1
 0> <info> app: hr,860,14807, 10.00 ,-1
 0> <info> app: hr,861,14796, 9.00 ,-1
 0> <info> app: hr,862,14815, 8.00 ,-1
 0> <info> app: hr,863,14832, 6.00 ,-1
 0> <info> app: hr,864,14811, 5.00 ,-1
 0> <info> app: hr,865,14825, 4.00 ,-1
 0> <info> app: hr,866,14821, 3.00 ,-1
 0> <info> app: hr,867,14820, 0.00 ,-1
 0> <info> app: hr,868,14849, 0.00 ,-1
 0> <info> app: hr,869,14819, -1.00 ,-1
 0> <info> app: hr,870,14832, -2.00 ,-1
 0> <info> app: hr,871,14834, -4.00 ,-1
 0> <info> app: hr,872,14843, -4.00 ,-1
 0> <info> app: hr,873,14822, -6.00 ,-1
 0> <info> app: hr,874,14838, -7.00 ,-1
 0> <info> app: hr,875,14842, -8.00 ,-1
 0> <info> app: hr,876,14838, -9.00 ,-1
 0> <info> app: hr,877,14837, -10.00 ,-1
 0> <info> app: hr,878,14845, -11.00 ,-1
 0> <info> app: hr,879,14841, -12.00 ,-1
 0> <info> app: hr,880,14824, -14.00 ,-1
 0> <info> app: hr,881,14827, -14.00 ,-1
 0> <info> app: hr,882,14839, -15.00 ,-1
 0> <info> app: hr,883,14818, -15.00 ,-1
 0> <info> app: hr,884,14836, -16.00 ,-1
 0> <info> app: hr,885,14837, -17.00 ,-1
 0> <info> app: hr,886,14811, -17.00 ,-1
 0> <info> app: hr,887,14818, -17.00 ,-1
 0> <info> app: hr,888,14832, -17.00 ,-1
 0> <info> app: hr,889,14815, -18.00 ,-1
 0> <info> app: hr,890,14816, -18.00 ,-1
 0> <info> app: hr,891,14803, -17.00 ,-1
 0> <info> app: hr,892,14810, -18.00 ,-1
 0> <info> app: hr,893,14831, -18.00 ,-1
 0> <info> app: hr,894,14813, -17.00 ,-1
 0> <info> app: hr,895,14800, -17.00 ,-1
 0> <info> app: hr,896,14813, -16.00 ,-1
 0> <info> app: hr,897,14812, -16.00 ,-1
 0> <info> app: hr,898,14818, -15.00 ,-1
 0> <info> app: hr,899,14801, -15.00 ,-1
 0> <info> app: hr,900,14809, -14.00 ,-1
 0> <info> app: hr,901,14816, -14.00 ,-1
 0> <info> app: hr,902,14814, -13.00 ,-1
 0> <info> app: hr,903,14822, -13.00 ,-1
 0> <info> app: hr,904,14816, -12.00 ,-1
 0> <info> app: hr,905,14825, -11.00 ,-1
 0> <info> app: hr,906,14827, -11.00 ,-1
 0> <info> app: hr,907,14818, -10.00 ,-1
 0> <info> app: hr,908,14818, -10.00 ,-1
 0> <info> app: hr,909,14815, -9.00 ,-1
 0> <info> app: hr,910,14826, -8.00 ,-1
 0> <info> app: hr,911,14824, -7.00 ,-1
 0> <info> app: hr,912,14834, -7.00 ,-1
 0> <info> app: hr,913,14814, -7.00 ,-1
 0> <info> app: hr,914,14838, -6.00 ,-1
 0> <info> app: hr,915,14816, -6.00 ,-1
 0> <info> app: hr,916,14824, -6.00 ,-1
 0> <info> app: hr,917,14848, -5.00 ,-1
 0> <info> app: hr,918,14838, -6.00 ,-1
 0> <info> app: hr,919,14840, -6.00 ,-1
 0> <info> app: hr,920,14821, -5.00 ,-1
 0> <info> app: hr,921,14831, -5.00 ,-1
 0> <info> app: hr,922,14810, -5.00 ,-1
 0> <info> app: hr,923,14829, -4.00 ,-1
 0> <info> app: hr,924,14827, -4.00 ,-1
 0> <info> app: hr,925,14829, -5.00 ,-1
 0> <info> app: hr,926,14847, -5.00 ,-1
 0> <info> app: hr,927,14820, -4.00 ,-1
 0> <info> app: hr,928,14833, -4.00 ,-1
 0> <info> app: hr,929,14825, -4.00 ,-1
 0> <info> app: hr,930,14837, -5.00 ,-1
 0> <info> app: hr,931,14841, -4.00 ,-1
 0> <info> app: hr,932,14838, -4.00 ,-1
 0> <info> app: hr,933,14838, -4.00 ,-1
 0> <info> app: hr,934,14846, -5.00 ,-1
 0> <info> app: hr,935,14846, -5.00 ,-1
 0> <info> app: hr,936,14857, -4.00 ,-1
 0> <info> app: hr,937,14851, -5.00 ,-1
 0> <info> app: hr,938,14838, -5.00 ,-1
 0> <info> app: hr,939,14847, -5.00 ,-1
 0> <info> app: hr,940,14838, -5.00 ,-1
 0> <info> app: hr,941,14841, -6.00 ,-1
 0> <info> app: hr,942,14842, -6.00 ,-1
 0> <info> app: hr,943,14848, -6.00 ,-1
 0> <info> app: hr,944,14846, -6.00 ,-1
 0> <info> app: hr,945,14849, -7.00 ,-1
 0> <info> app: hr,946,14849, -7.00 ,-1
 0> <info> app: hr,947,14850, -7.00 ,-1
 0> <info> app: hr,948,14861, -8.00 ,-1
 0> <info> app: hr,949,14859, -8.00 ,-1
 0> <info> app: hr,950,14857, -8.00 ,-1
 0> <info> app: hr,951,14861, -8.00 ,-1
 0> <info> app: hr,952,14855, -9.00 ,-1
 0> <info> app: hr,953,14859, -8.00 ,-1
 0> <info> app: hr,954,14860, -9.00 ,-1
 0> <info> app: hr,955,14859, -9.00 ,-1
 0> <info> app: hr,956,14870, -10.00 ,-1
 0> <info> app: hr,957,14890, -10.00 ,-1
 0> <info> app: hr,958,14870, -11.00 ,-1
 0> <info> app: hr,959,14881, -11.00 ,-1
 0> <info> app: hr,960,14879, -12.00 ,-1
 0> <info> app: hr,961,14855, -12.00 ,-1
 0> <info> app: hr,962,14854, -12.00 ,-1
 0> <info> app: hr,963,14846, -13.00 ,-1
 0> <info> app: hr,964,14820, -13.00 ,-1
 0> <info> app: hr,965,14845, -13.00 ,-1
 0> <info> app: hr,966,14863, -13.00 ,-1
 0> <info> app: hr,967,14833, -13.00 ,-1
 0> <info> app: hr,968,14831, -12.00 ,-1
 0> <info> app: hr,969,14836, -13.00 ,-1
 0> <info> app: hr,970,14833, -12.00 ,-1
 0> <info> app: hr,971,14833, -11.00 ,-1
 0> <info> app: hr,972,14818, -11.00 ,-1
 0> <info> app: hr,973,14819, -10.00 ,-1
 0> <info> app: hr,974,14838, -10.00 ,-1
 0> <info> app: hr,975,14835, -9.00 ,-1
 0> <info> app: hr,976,14832, -9.00 ,-1
 0> <info> app: hr,977,14825, -8.00 ,-1
 0> <info> app: hr,978,14817, -7.00 ,-1
 0> <info> app: hr,979,14827, -7.00 ,-1
 0> <info> app: hr,980,14815, -6.00 ,-1
 0> <info> app: hr,981,14803, -5.00 ,-1
 0> <info> app: hr,982,14823, -4.00 ,-1
 0> <info> app: hr,983,14811, -3.00 ,-1
 0> <info> app: hr,984,14835, -2.00 ,-1
 0> <info> app: hr,985,14834, -1.00 ,0
 0> <info> app: hr,986,14824, 0.00 ,0
 0> <info> app: hr,987,14827, 0.00 ,0
 0> <info> app: hr,988,14811, 0.00 ,0
 0> <info> app: hr,989,14810, 1.00 ,0
 0> <info> app: hr,990,14813, 2.00 ,1
 0> <info> app: hr,991,14805, 3.00 ,1
 0> <info> app: hr,992,14834, 4.00 ,1
 0> <info> app: hr,993,14807, 4.00 ,1
 0> <info> app: hr,994,14825, 5.00 ,1
 0> <info> app: hr,995,14835, 6.00 ,1
 0> <info> app: hr,996,14812, 6.00 ,1
 0> <info> app: hr,997,14816, 6.00 ,1
 0> <info> app: hr,998,14825, 7.00 ,1
 0> <info> app: hr,999,14808, 8.00 ,1
 0> <info> app: hr,1000,14815, 8.00 ,1
 0> <info> app: hr,1001,14808, 9.00 ,1
 0> <info> app: hr,1002,14820, 9.00 ,1
 0> <info> app: hr,1003,14801, 9.00 ,1
 0> <info> app: hr,1004,14827, 9.00 ,1
 0> <info> app: hr,1005,14814, 10.00 ,1
 0> <info> app: hr,1006,14810, 10.00 ,1
 0> <info> app: hr,1007,14822, 11.00 ,1
 0> <info> app: hr,1008,14823, 10.00 ,1
 0> <info> app: hr,1009,14817, 11.00 ,1
 0> <info> app: hr,1010,14823, 11.00 ,1
 0> <info> app: hr,1011,14815, 11.00 ,1
 0> <info> app: hr,1012,14820, 11.00 ,1
 0> <info> app: hr,1013,14811, 10.00 ,1
 0> <info> app: hr,1014,14811, 11.00 ,1
 0> <info> app: hr,1015,14798, 11.00 ,1
 0> <info> app: hr,1016,14801, 11.00 ,1
 0> <info> app: [OK]	HR has been calculated 34
 0> <info> app: BATT Reading...
 0> <info> app: Raw 861,SOC 61,BattFullDetect 0, 381V
 0> <info> app: Save 1536356308, 2042, -3281, -16982,
 0> <info> app: [OK]	HR Background stop
 0> <info> app: [OK]	FLASH MEMORY
 0> <info> app: ^
 0> <info> app: HR A
 0> <info> app: HR C
 0> <info> app: HR D
 0> <info> app: Show HR Result
 0> <info> app: BATT Reading...
 0> <info> app: Raw 862,SOC 62,BattFullDetect 0, 382V
 0> <info> app: Save 1536356310, 509, -4118, -17226,
 0> <info> app: BATT Reading...
 0> <info> app: Raw 861,SOC 61,BattFullDetect 0, 381V
 0> <info> app: Save 1536356319, -396, -4339, -17146,
 0> <info> app: BATT Reading...
 0> <info> app: Raw 864,SOC 64,BattFullDetect 0, 382V
 0> <info> app: Save 1536356329, 637, -3566, -17411,
 0> <error> app: Pedo write to flash.
 0> <info> app: [OK]	FLASH MEMORY
 0> <info> app: Page for write 1157
 0> <info> app: Append Success
 0> <info> app: Save to flash
