# SEGGER J-Link RTT Viewer V6.16a Terminal Log File
# Compiled: 12:44:10 on Jun  6 2017
# Logging started @ 27 Nov 2018 14:22:06
 0> <info> app: ALERT_BT_CHECK_WAIT_KRY
 0> <info> app: Right Press
 0> <info> app: Right Press
 0> <info> app: Right Press
 0> <info> app: Right Press
 0> <info> app: BATT Reading...
 0> <info> app: Raw 866,SOC 66,BattFullDetect 0, 383V
 0> <info> app: Save 1536355860, 1886, 1767, -17521,
 0> <info> app: [OK]	Max30102 Already and background working is begin
 0> 
 0> <info> app: BATT Reading...
 0> <info> app: Raw 868,SOC 68,BattFullDetect 0, 384V
 0> <info> app: Save 1536355870, 1790, 1729, -17389,
 0> <info> app: [OK]	HR sample count 1016
 0> 
 0> Plus Signal 1, 50
 0> Minus Signal -1, 89
 0> plus_index 50, minus_index 89, Peak Index, 53,54,57,58,59,60,61,63,64,65,66,67,, AVR Peak Index, 60, HR 0, Reject out of 30-180.
 0> Plus Signal 1, 135
 0> Minus Signal -1, 173
 0> plus_index 135, minus_index 173, Peak Index, 145,146,147,148,150,151,152,153,154,155,156,, AVR Peak Index, 150, HR 66
 0> Plus Signal 1, 200
 0> Minus Signal -1, 235
 0> plus_index 200, minus_index 235, Peak Index, 215,, AVR Peak Index, 215, HR 92
 0> Plus Signal 1, 282
 0> Minus Signal -1, 320
 0> plus_index 282, minus_index 320, Peak Index, 294,302,, AVR Peak Index, 298, HR 72
 0> Plus Signal 1, 415
 0> Minus Signal -1, 465
 0> plus_index 415, minus_index 465, Peak Index, 432,434,435,436,437,438,439,440,441,442,443,444,445,446,448,449,, AVR Peak Index, 440, HR 42
 0> Plus Signal 1, 508
 0> Minus Signal -1, 551
 0> plus_index 508, minus_index 551, Peak Index, 519,520,523,524,525,526,527,528,529,530,531,532,533,534,535,536,537,538,, AVR Peak Index, 528, HR 68
 0> Plus Signal 1, 600
 0> Minus Signal -1, 627
 0> plus_index 600, minus_index 627, Peak Index, 611,, AVR Peak Index, 611, HR 72
 0> Plus Signal 1, 662
 0> Minus Signal -1, 715
 0> plus_index 662, minus_index 715, Peak Index, 688,689,690,691,692,693,694,695,696,697,698,701,702,703,704,705,, AVR Peak Index, 696, HR 70
 0> Plus Signal 1, 762
 0> Minus Signal -1, 798
 0> plus_index 762, minus_index 798, Peak Index, 774,775,776,777,, AVR Peak Index, 775, HR 75
 0> Plus Signal 1, 839
 0> Minus Signal -1, 881
 0> plus_index 839, minus_index 881, Peak Index, 851,852,853,, AVR Peak Index, 852, HR 77
 0> Plus Signal 1, 935
 0> Minus Signal -1, 953
 0> plus_index 935, minus_index 953, Peak Index, 935,936,937,938,939,, AVR Peak Index, 937, HR 70<info> app: HR>>>
 0> 42,66,68,70,70,72,72,75,77,92, sum div 50, 5<info> app: HR final>>>
 0> 66,68,70,70,72,72,75,77,<info> app: 
 0> HR  >>> 71
 0> <info> app: hr,50,-15705, 0.00 ,0
 0> <info> app: hr,51,-15711, 0.00 ,0
 0> <info> app: hr,52,-15700, 0.00 ,0
 0> <info> app: hr,53,-15697, 0.00 ,0
 0> <info> app: hr,54,-15709, 0.00 ,0
 0> <info> app: hr,55,-15697, 0.00 ,0
 0> <info> app: hr,56,-15701, 0.00 ,0
 0> <info> app: hr,57,-15707, 0.00 ,0
 0> <info> app: hr,58,-15691, 0.00 ,0
 0> <info> app: hr,59,-15705, -1.00 ,-1
 0> <info> app: hr,60,-15704, -1.00 ,-1
 0> <info> app: hr,61,-15705, -1.00 ,-1
 0> <info> app: hr,62,-15715, -2.00 ,-1
 0> <info> app: hr,63,-15694, -1.00 ,-1
 0> <info> app: hr,64,-15697, -1.00 ,-1
 0> <info> app: hr,65,-15700, -1.00 ,-1
 0> <info> app: hr,66,-15703, -2.00 ,-1
 0> <info> app: hr,67,-15701, -2.00 ,-1
 0> <info> app: hr,68,-15718, -2.00 ,-1
 0> <info> app: hr,69,-15706, -2.00 ,-1
 0> <info> app: hr,70,-15713, -3.00 ,-1
 0> <info> app: hr,71,-15715, -3.00 ,-1
 0> <info> app: hr,72,-15713, -2.00 ,-1
 0> <info> app: hr,73,-15719, -2.00 ,-1
 0> <info> app: hr,74,-15713, -2.00 ,-1
 0> <info> app: hr,75,-15709, -2.00 ,-1
 0> <info> app: hr,76,-15722, -2.00 ,-1
 0> <info> app: hr,77,-15720, -2.00 ,-1
 0> <info> app: hr,78,-15709, -2.00 ,-1
 0> <info> app: hr,79,-15715, -1.00 ,-1
 0> <info> app: hr,80,-15709, -1.00 ,-1
 0> <info> app: hr,81,-15708, -1.00 ,-1
 0> <info> app: hr,82,-15712, 0.00 ,0
 0> <info> app: hr,83,-15710, 0.00 ,0
 0> <info> app: hr,84,-15717, 0.00 ,0
 0> <info> app: hr,85,-15722, 0.00 ,0
 0> <info> app: hr,86,-15710, 0.00 ,0
 0> <info> app: hr,87,-15721, 0.00 ,0
 0> <info> app: hr,88,-15731, 0.00 ,0
 0> <info> app: hr,89,-15719, 0.00 ,0
 0> <info> app: hr,90,-15699, 0.00 ,0
 0> <info> app: hr,91,-15711, 0.00 ,0
 0> <info> app: hr,92,-15720, 1.00 ,1
 0> <info> app: hr,93,-15713, 1.00 ,1
 0> <info> app: hr,94,-15721, 1.00 ,1
 0> <info> app: hr,95,-15708, 1.00 ,1
 0> <info> app: hr,96,-15724, 2.00 ,1
 0> <info> app: hr,97,-15720, 2.00 ,1
 0> <info> app: hr,98,-15717, 1.00 ,1
 0> <info> app: hr,99,-15717, 2.00 ,1
 0> <info> app: hr,100,-15716, 2.00 ,1
 0> <info> app: hr,101,-15726, 2.00 ,1
 0> <info> app: hr,102,-15715, 2.00 ,1
 0> <info> app: hr,103,-15704, 3.00 ,1
 0> <info> app: hr,104,-15717, 3.00 ,1
 0> <info> app: hr,105,-15710, 2.00 ,1
 0> <info> app: hr,106,-15717, 2.00 ,1
 0> <info> app: hr,107,-15706, 3.00 ,1
 0> <info> app: hr,108,-15713, 3.00 ,1
 0> <info> app: hr,109,-15725, 3.00 ,1
 0> <info> app: hr,110,-15720, 3.00 ,1
 0> <info> app: hr,111,-15712, 3.00 ,1
 0> <info> app: hr,112,-15725, 2.00 ,1
 0> <info> app: hr,113,-15706, 3.00 ,1
 0> <info> app: hr,114,-15707, 3.00 ,1
 0> <info> app: hr,115,-15708, 3.00 ,1
 0> <info> app: hr,116,-15694, 3.00 ,1
 0> <info> app: hr,117,-15720, 3.00 ,1
 0> <info> app: hr,118,-15703, 2.00 ,1
 0> <info> app: hr,119,-15713, 2.00 ,1
 0> <info> app: hr,120,-15714, 2.00 ,1
 0> <info> app: hr,121,-15719, 2.00 ,1
 0> <info> app: hr,122,-15708, 2.00 ,1
 0> <info> app: hr,123,-15724, 2.00 ,1
 0> <info> app: hr,124,-15712, 2.00 ,1
 0> <info> app: hr,125,-15703, 2.00 ,1
 0> <info> app: hr,126,-15710, 1.00 ,1
 0> <info> app: hr,127,-15707, 1.00 ,1
 0> <info> app: hr,128,-15704, 1.00 ,1
 0> <info> app: hr,129,-15708, 0.00 ,0
 0> <info> app: hr,130,-15703, 0.00 ,0
 0> <info> app: hr,131,-15699, 0.00 ,0
 0> <info> app: hr,132,-15706, 0.00 ,0
 0> <info> app: hr,133,-15709, 0.00 ,0
 0> <info> app: hr,134,-15711, 0.00 ,0
 0> <info> app: hr,135,-15705, 0.00 ,0
 0> <info> app: hr,136,-15702, 0.00 ,0
 0> <info> app: hr,137,-15704, 0.00 ,0
 0> <info> app: hr,138,-15713, 0.00 ,0
 0> <info> app: hr,139,-15696, -1.00 ,-1
 0> <info> app: hr,140,-15696, -1.00 ,-1
 0> <info> app: hr,141,-15701, -1.00 ,-1
 0> <info> app: hr,142,-15695, -1.00 ,-1
 0> <info> app: hr,143,-15701, -2.00 ,-1
 0> <info> app: hr,144,-15695, -2.00 ,-1
 0> <info> app: hr,145,-15696, -2.00 ,-1
 0> <info> app: hr,146,-15691, -2.00 ,-1
 0> <info> app: hr,147,-15700, -2.00 ,-1
 0> <info> app: hr,148,-15707, -3.00 ,-1
 0> <info> app: hr,149,-15699, -3.00 ,-1
 0> <info> app: hr,150,-15711, -4.00 ,-1
 0> <info> app: hr,151,-15696, -3.00 ,-1
 0> <info> app: hr,152,-15713, -3.00 ,-1
 0> <info> app: hr,153,-15705, -4.00 ,-1
 0> <info> app: hr,154,-15697, -4.00 ,-1
 0> <info> app: hr,155,-15721, -4.00 ,-1
 0> <info> app: hr,156,-15719, -3.00 ,-1
 0> <info> app: hr,157,-15700, -4.00 ,-1
 0> <info> app: hr,158,-15726, -4.00 ,-1
 0> <info> app: hr,159,-15706, -4.00 ,-1
 0> <info> app: hr,160,-15715, -4.00 ,-1
 0> <info> app: hr,161,-15715, -3.00 ,-1
 0> <info> app: hr,162,-15710, -3.00 ,-1
 0> <info> app: hr,163,-15706, -3.00 ,-1
 0> <info> app: hr,164,-15712, -3.00 ,-1
 0> <info> app: hr,165,-15711, -3.00 ,-1
 0> <info> app: hr,166,-15708, -2.00 ,-1
 0> <info> app: hr,167,-15704, -2.00 ,-1
 0> <info> app: hr,168,-15714, -2.00 ,-1
 0> <info> app: hr,169,-15712, -2.00 ,-1
 0> <info> app: hr,170,-15709, -2.00 ,-1
 0> <info> app: hr,171,-15719, -1.00 ,-1
 0> <info> app: hr,172,-15703, -1.00 ,-1
 0> <info> app: hr,173,-15712, -1.00 ,-1
 0> <info> app: hr,174,-15715, -1.00 ,-1
 0> <info> app: hr,175,-15708, -1.00 ,-1
 0> <info> app: hr,176,-15710, -1.00 ,-1
 0> <info> app: hr,177,-15717, 0.00 ,0
 0> <info> app: hr,178,-15711, 0.00 ,0
 0> <info> app: hr,179,-15699, 0.00 ,0
 0> <info> app: hr,180,-15712, 0.00 ,0
 0> <info> app: hr,181,-15708, 0.00 ,0
 0> <info> app: hr,182,-15712, 0.00 ,0
 0> <info> app: hr,183,-15714, 0.00 ,0
 0> <info> app: hr,184,-15722, 0.00 ,0
 0> <info> app: hr,185,-15727, 1.00 ,1
 0> <info> app: hr,186,-15709, 1.00 ,1
 0> <info> app: hr,187,-15706, 0.00 ,0
 0> <info> app: hr,188,-15715, 0.00 ,0
 0> <info> app: hr,189,-15713, 0.00 ,0
 0> <info> app: hr,190,-15715, 1.00 ,1
 0> <info> app: hr,191,-15713, 1.00 ,1
 0> <info> app: hr,192,-15709, 1.00 ,1
 0> <info> app: hr,193,-15720, 1.00 ,1
 0> <info> app: hr,194,-15716, 1.00 ,1
 0> <info> app: hr,195,-15708, 2.00 ,1
 0> <info> app: hr,196,-15718, 2.00 ,1
 0> <info> app: hr,197,-15721, 2.00 ,1
 0> <info> app: hr,198,-15710, 2.00 ,1
 0> <info> app: hr,199,-15713, 1.00 ,1
 0> <info> app: hr,200,-15709, 2.00 ,1
 0> <info> app: hr,201,-15708, 2.00 ,1
 0> <info> app: hr,202,-15709, 2.00 ,1
 0> <info> app: hr,203,-15706, 2.00 ,1
 0> <info> app: hr,204,-15706, 2.00 ,1
 0> <info> app: hr,205,-15704, 2.00 ,1
 0> <info> app: hr,206,-15691, 2.00 ,1
 0> <info> app: hr,207,-15685, 1.00 ,1
 0> <info> app: hr,208,-15696, 1.00 ,1
 0> <info> app: hr,209,-15718, 1.00 ,1
 0> <info> app: hr,210,-15710, 1.00 ,1
 0> <info> app: hr,211,-15696, 0.00 ,0
 0> <info> app: hr,212,-15715, 0.00 ,0
 0> <info> app: hr,213,-15720, 0.00 ,0
 0> <info> app: hr,214,-15706, 0.00 ,0
 0> <info> app: hr,215,-15702, 0.00 ,0
 0> <info> app: hr,216,-15694, 0.00 ,0
 0> <info> app: hr,217,-15707, 0.00 ,0
 0> <info> app: hr,218,-15712, 0.00 ,0
 0> <info> app: hr,219,-15692, 0.00 ,0
 0> <info> app: hr,220,-15711, 0.00 ,0
 0> <info> app: hr,221,-15702, 0.00 ,0
 0> <info> app: hr,222,-15700, 0.00 ,0
 0> <info> app: hr,223,-15706, -1.00 ,-1
 0> <info> app: hr,224,-15705, -1.00 ,-1
 0> <info> app: hr,225,-15692, -1.00 ,-1
 0> <info> app: hr,226,-15704, -1.00 ,-1
 0> <info> app: hr,227,-15714, -1.00 ,-1
 0> <info> app: hr,228,-15703, -2.00 ,-1
 0> <info> app: hr,229,-15715, -2.00 ,-1
 0> <info> app: hr,230,-15707, -1.00 ,-1
 0> <info> app: hr,231,-15722, -1.00 ,-1
 0> <info> app: hr,232,-15720, -1.00 ,-1
 0> <info> app: hr,233,-15717, -1.00 ,-1
 0> <info> app: hr,234,-15713, -1.00 ,-1
 0> <info> app: hr,235,-15711, -1.00 ,-1
 0> <info> app: hr,236,-15709, -1.00 ,-1
 0> <info> app: hr,237,-15708, -1.00 ,-1
 0> <info> app: hr,238,-15711, -1.00 ,-1
 0> <info> app: hr,239,-15723, -1.00 ,-1
 0> <info> app: hr,240,-15720, -1.00 ,-1
 0> <info> app: hr,241,-15705, -1.00 ,-1
 0> <info> app: hr,242,-15712, -1.00 ,-1
 0> <info> app: hr,243,-15721, 0.00 ,0
 0> <info> app: hr,244,-15710, 0.00 ,0
 0> <info> app: hr,245,-15712, 0.00 ,0
 0> <info> app: hr,246,-15709, 0.00 ,0
 0> <info> app: hr,247,-15725, 0.00 ,0
 0> <info> app: hr,248,-15707, 0.00 ,0
 0> <info> app: hr,249,-15722, 0.00 ,0
 0> <info> app: hr,250,-15719, 1.00 ,1
 0> <info> app: hr,251,-15710, 0.00 ,0
 0> <info> app: hr,252,-15713, 0.00 ,0
 0> <info> app: hr,253,-15712, 0.00 ,0
 0> <info> app: hr,254,-15719, 1.00 ,1
 0> <info> app: hr,255,-15706, 1.00 ,1
 0> <info> app: hr,256,-15711, 1.00 ,1
 0> <info> app: hr,257,-15713, 1.00 ,1
 0> <info> app: hr,258,-15697, 1.00 ,1
 0> <info> app: hr,259,-15701, 1.00 ,1
 0> <info> app: hr,260,-15709, 1.00 ,1
 0> <info> app: hr,261,-15701, 1.00 ,1
 0> <info> app: hr,262,-15714, 1.00 ,1
 0> <info> app: hr,263,-15721, 1.00 ,1
 0> <info> app: hr,264,-15715, 1.00 ,1
 0> <info> app: hr,265,-15716, 2.00 ,1
 0> <info> app: hr,266,-15714, 1.00 ,1
 0> <info> app: hr,267,-15702, 1.00 ,1
 0> <info> app: hr,268,-15715, 1.00 ,1
 0> <info> app: hr,269,-15709, 1.00 ,1
 0> <info> app: hr,270,-15721, 1.00 ,1
 0> <info> app: hr,271,-15695, 1.00 ,1
 0> <info> app: hr,272,-15716, 1.00 ,1
 0> <info> app: hr,273,-15709, 1.00 ,1
 0> <info> app: hr,274,-15701, 1.00 ,1
 0> <info> app: hr,275,-15714, 1.00 ,1
 0> <info> app: hr,276,-15703, 1.00 ,1
 0> <info> app: hr,277,-15697, 1.00 ,1
 0> <info> app: hr,278,-15709, 1.00 ,1
 0> <info> app: hr,279,-15704, 1.00 ,1
 0> <info> app: hr,280,-15694, 0.00 ,0
 0> <info> app: hr,281,-15696, 0.00 ,0
 0> <info> app: hr,282,-15694, 0.00 ,0
 0> <info> app: hr,283,-15707, 0.00 ,0
 0> <info> app: hr,284,-15706, 0.00 ,0
 0> <info> app: hr,285,-15704, -1.00 ,-1
 0> <info> app: hr,286,-15697, 0.00 ,0
 0> <info> app: hr,287,-15697, 0.00 ,0
 0> <info> app: hr,288,-15692, 0.00 ,0
 0> <info> app: hr,289,-15703, -1.00 ,-1
 0> <info> app: hr,290,-15702, -1.00 ,-1
 0> <info> app: hr,291,-15706, -1.00 ,-1
 0> <info> app: hr,292,-15691, -2.00 ,-1
 0> <info> app: hr,293,-15689, -2.00 ,-1
 0> <info> app: hr,294,-15688, -2.00 ,-1
 0> <info> app: hr,295,-15690, -3.00 ,-1
 0> <info> app: hr,296,-15690, -3.00 ,-1
 0> <info> app: hr,297,-15690, -3.00 ,-1
 0> <info> app: hr,298,-15691, -3.00 ,-1
 0> <info> app: hr,299,-15694, -4.00 ,-1
 0> <info> app: hr,300,-15697, -4.00 ,-1
 0> <info> app: hr,301,-15710, -5.00 ,-1
 0> <info> app: hr,302,-15708, -4.00 ,-1
 0> <info> app: hr,303,-15692, -5.00 ,-1
 0> <info> app: hr,304,-15706, -5.00 ,-1
 0> <info> app: hr,305,-15701, -5.00 ,-1
 0> <info> app: hr,306,-15708, -5.00 ,-1
 0> <info> app: hr,307,-15709, -5.00 ,-1
 0> <info> app: hr,308,-15693, -5.00 ,-1
 0> <info> app: hr,309,-15702, -4.00 ,-1
 0> <info> app: hr,310,-15703, -4.00 ,-1
 0> <info> app: hr,311,-15705, -5.00 ,-1
 0> <info> app: hr,312,-15716, -5.00 ,-1
 0> <info> app: hr,313,-15719, -4.00 ,-1
 0> <info> app: hr,314,-15698, -4.00 ,-1
 0> <info> app: hr,315,-15712, -4.00 ,-1
 0> <info> app: hr,316,-15718, -4.00 ,-1
 0> <info> app: hr,317,-15715, -4.00 ,-1
 0> <info> app: hr,318,-15722, -3.00 ,-1
 0> <info> app: hr,319,-15712, -2.00 ,-1
 0> <info> app: hr,320,-15698, -2.00 ,-1
 0> <info> app: hr,321,-15700, -2.00 ,-1
 0> <info> app: hr,322,-15705, -2.00 ,-1
 0> <info> app: hr,323,-15698, -2.00 ,-1
 0> <info> app: hr,324,-15705, -1.00 ,-1
 0> <info> app: hr,325,-15722, 0.00 ,0
 0> <info> app: hr,326,-15713, 0.00 ,0
 0> <info> app: hr,327,-15723, 0.00 ,0
 0> <info> app: hr,328,-15716, 0.00 ,0
 0> <info> app: hr,329,-15714, 0.00 ,0
 0> <info> app: hr,330,-15705, 0.00 ,0
 0> <info> app: hr,331,-15703, 0.00 ,0
 0> <info> app: hr,332,-15707, 1.00 ,1
 0> <info> app: hr,333,-15705, 1.00 ,1
 0> <info> app: hr,334,-15716, 1.00 ,1
 0> <info> app: hr,335,-15720, 1.00 ,1
 0> <info> app: hr,336,-15710, 1.00 ,1
 0> <info> app: hr,337,-15704, 1.00 ,1
 0> <info> app: hr,338,-15719, 1.00 ,1
 0> <info> app: hr,339,-15704, 2.00 ,1
 0> <info> app: hr,340,-15699, 2.00 ,1
 0> <info> app: hr,341,-15711, 2.00 ,1
 0> <info> app: hr,342,-15714, 2.00 ,1
 0> <info> app: hr,343,-15702, 2.00 ,1
 0> <info> app: hr,344,-15707, 3.00 ,1
 0> <info> app: hr,345,-15710, 2.00 ,1
 0> <info> app: hr,346,-15700, 2.00 ,1
 0> <info> app: hr,347,-15712, 2.00 ,1
 0> <info> app: hr,348,-15707, 2.00 ,1
 0> <info> app: hr,349,-15696, 2.00 ,1
 0> <info> app: hr,350,-15716, 2.00 ,1
 0> <info> app: hr,351,-15714, 2.00 ,1
 0> <info> app: hr,352,-15699, 3.00 ,1
 0> <info> app: hr,353,-15705, 2.00 ,1
 0> <info> app: hr,354,-15701, 2.00 ,1
 0> <info> app: hr,355,-15701, 2.00 ,1
 0> <info> app: hr,356,-15698, 2.00 ,1
 0> <info> app: hr,357,-15690, 2.00 ,1
 0> <info> app: hr,358,-15707, 1.00 ,1
 0> <info> app: hr,359,-15703, 1.00 ,1
 0> <info> app: hr,360,-15706, 1.00 ,1
 0> <info> app: hr,361,-15712, 1.00 ,1
 0> <info> app: hr,362,-15706, 1.00 ,1
 0> <info> app: hr,363,-15691, 0.00 ,0
 0> <info> app: hr,364,-15696, 0.00 ,0
 0> <info> app: hr,365,-15696, 0.00 ,0
 0> <info> app: hr,366,-15697, 0.00 ,0
 0> <info> app: hr,367,-15678, 0.00 ,0
 0> <info> app: hr,368,-15697, 0.00 ,0
 0> <info> app: hr,369,-15694, 0.00 ,0
 0> <info> app: hr,370,-15708, -1.00 ,-1
 0> <info> app: hr,371,-15692, -1.00 ,-1
 0> <info> app: hr,372,-15689, -1.00 ,-1
 0> <info> app: hr,373,-15703, -1.00 ,-1
 0> <info> app: hr,374,-15695, -1.00 ,-1
 0> <info> app: hr,375,-15691, -1.00 ,-1
 0> <info> app: hr,376,-15686, -2.00 ,-1
 0> <info> app: hr,377,-15692, -2.00 ,-1
 0> <info> app: hr,378,-15687, -3.00 ,-1
 0> <info> app: hr,379,-15694, -3.00 ,-1
 0> <info> app: hr,380,-15711, -3.00 ,-1
 0> <info> app: hr,381,-15702, -3.00 ,-1
 0> <info> app: hr,382,-15712, -3.00 ,-1
 0> <info> app: hr,383,-15708, -3.00 ,-1
 0> <info> app: hr,384,-15714, -4.00 ,-1
 0> <info> app: hr,385,-15698, -4.00 ,-1
 0> <info> app: hr,386,-15706, -3.00 ,-1
 0> <info> app: hr,387,-15716, -3.00 ,-1
 0> <info> app: hr,388,-15699, -3.00 ,-1
 0> <info> app: hr,389,-15705, -3.00 ,-1
 0> <info> app: hr,390,-15706, -3.00 ,-1
 0> <info> app: hr,391,-15707, -3.00 ,-1
 0> <info> app: hr,392,-15716, -2.00 ,-1
 0> <info> app: hr,393,-15701, -2.00 ,-1
 0> <info> app: hr,394,-15713, -2.00 ,-1
 0> <info> app: hr,395,-15699, -2.00 ,-1
 0> <info> app: hr,396,-15691, -2.00 ,-1
 0> <info> app: hr,397,-15694, -2.00 ,-1
 0> <info> app: hr,398,-15710, -2.00 ,-1
 0> <info> app: hr,399,-15704, -2.00 ,-1
 0> <info> app: hr,400,-15697, -1.00 ,-1
 0> <info> app: hr,401,-15700, 0.00 ,0
 0> <info> app: hr,402,-15680, 0.00 ,0
 0> <info> app: hr,403,-15692, 0.00 ,0
 0> <info> app: hr,404,-15705, -1.00 ,-1
 0> <info> app: hr,405,-15691, -1.00 ,-1
 0> <info> app: hr,406,-15697, -1.00 ,-1
 0> <info> app: hr,407,-15690, -1.00 ,-1
 0> <info> app: hr,408,-15686, -1.00 ,-1
 0> <info> app: hr,409,-15692, -1.00 ,-1
 0> <info> app: hr,410,-15694, -1.00 ,-1
 0> <info> app: hr,411,-15691, -1.00 ,-1
 0> <info> app: hr,412,-15693, -2.00 ,-1
 0> <info> app: hr,413,-15688, -2.00 ,-1
 0> <info> app: hr,414,-15696, -1.00 ,-1
 0> <info> app: hr,415,-15683, -1.00 ,-1
 0> <info> app: hr,416,-15694, -2.00 ,-1
 0> <info> app: hr,417,-15689, -2.00 ,-1
 0> <info> app: hr,418,-15687, -2.00 ,-1
 0> <info> app: hr,419,-15685, -3.00 ,-1
 0> <info> app: hr,420,-15701, -3.00 ,-1
 0> <info> app: hr,421,-15682, -3.00 ,-1
 0> <info> app: hr,422,-15683, -2.00 ,-1
 0> <info> app: hr,423,-15692, -3.00 ,-1
 0> <info> app: hr,424,-15691, -3.00 ,-1
 0> <info> app: hr,425,-15681, -3.00 ,-1
 0> <info> app: hr,426,-15681, -4.00 ,-1
 0> <info> app: hr,427,-15670, -3.00 ,-1
 0> <info> app: hr,428,-15682, -4.00 ,-1
 0> <info> app: hr,429,-15679, -4.00 ,-1
 0> <info> app: hr,430,-15687, -5.00 ,-1
 0> <info> app: hr,431,-15675, -5.00 ,-1
 0> <info> app: hr,432,-15675, -5.00 ,-1
 0> <info> app: hr,433,-15693, -5.00 ,-1
 0> <info> app: hr,434,-15685, -6.00 ,-1
 0> <info> app: hr,435,-15695, -5.00 ,-1
 0> <info> app: hr,436,-15702, -5.00 ,-1
 0> <info> app: hr,437,-15688, -6.00 ,-1
 0> <info> app: hr,438,-15698, -6.00 ,-1
 0> <info> app: hr,439,-15701, -5.00 ,-1
 0> <info> app: hr,440,-15709, -5.00 ,-1
 0> <info> app: hr,441,-15687, -6.00 ,-1
 0> <info> app: hr,442,-15695, -5.00 ,-1
 0> <info> app: hr,443,-15703, -5.00 ,-1
 0> <info> app: hr,444,-15696, -5.00 ,-1
 0> <info> app: hr,445,-15701, -5.00 ,-1
 0> <info> app: hr,446,-15682, -4.00 ,-1
 0> <info> app: hr,447,-15702, -4.00 ,-1
 0> <info> app: hr,448,-15700, -4.00 ,-1
 0> <info> app: hr,449,-15701, -4.00 ,-1
 0> <info> app: hr,450,-15705, -2.00 ,-1
 0> <info> app: hr,451,-15683, -2.00 ,-1
 0> <info> app: hr,452,-15698, -2.00 ,-1
 0> <info> app: hr,453,-15680, -2.00 ,-1
 0> <info> app: hr,454,-15697, -2.00 ,-1
 0> <info> app: hr,455,-15692, -2.00 ,-1
 0> <info> app: hr,456,-15697, -2.00 ,-1
 0> <info> app: hr,457,-15695, -2.00 ,-1
 0> <info> app: hr,458,-15704, 0.00 ,0
 0> <info> app: hr,459,-15699, 0.00 ,0
 0> <info> app: hr,460,-15720, 0.00 ,0
 0> <info> app: hr,461,-15715, 0.00 ,0
 0> <info> app: hr,462,-15703, 0.00 ,0
 0> <info> app: hr,463,-15713, 0.00 ,0
 0> <info> app: hr,464,-15709, 0.00 ,0
 0> <info> app: hr,465,-15715, 1.00 ,1
 0> <info> app: hr,466,-15712, 1.00 ,1
 0> <info> app: hr,467,-15722, 2.00 ,1
 0> <info> app: hr,468,-15712, 1.00 ,1
 0> <info> app: hr,469,-15721, 2.00 ,1
 0> <info> app: hr,470,-15731, 2.00 ,1
 0> <info> app: hr,471,-15715, 3.00 ,1
 0> <info> app: hr,472,-15719, 4.00 ,1
 0> <info> app: hr,473,-15711, 5.00 ,1
 0> <info> app: hr,474,-15707, 4.00 ,1
 0> <info> app: hr,475,-15717, 5.00 ,1
 0> <info> app: hr,476,-15706, 6.00 ,1
 0> <info> app: hr,477,-15708, 6.00 ,1
 0> <info> app: hr,478,-15724, 6.00 ,1
 0> <info> app: hr,479,-15710, 7.00 ,1
 0> <info> app: hr,480,-15723, 7.00 ,1
 0> <info> app: hr,481,-15714, 7.00 ,1
 0> <info> app: hr,482,-15703, 8.00 ,1
 0> <info> app: hr,483,-15710, 7.00 ,1
 0> <info> app: hr,484,-15720, 8.00 ,1
 0> <info> app: hr,485,-15703, 8.00 ,1
 0> <info> app: hr,486,-15713, 8.00 ,1
 0> <info> app: hr,487,-15707, 8.00 ,1
 0> <info> app: hr,488,-15719, 8.00 ,1
 0> <info> app: hr,489,-15709, 8.00 ,1
 0> <info> app: hr,490,-15711, 8.00 ,1
 0> <info> app: hr,491,-15718, 8.00 ,1
 0> <info> app: hr,492,-15712, 8.00 ,1
 0> <info> app: hr,493,-15714, 8.00 ,1
 0> <info> app: hr,494,-15726, 8.00 ,1
 0> <info> app: hr,495,-15716, 8.00 ,1
 0> <info> app: hr,496,-15709, 8.00 ,1
 0> <info> app: hr,497,-15708, 7.00 ,1
 0> <info> app: hr,498,-15712, 8.00 ,1
 0> <info> app: hr,499,-15725, 8.00 ,1
 0> <info> app: hr,500,-15711, 7.00 ,1
 0> <info> app: hr,501,-15712, 7.00 ,1
 0> <info> app: hr,502,-15703, 7.00 ,1
 0> <info> app: hr,503,-15714, 7.00 ,1
 0> <info> app: hr,504,-15706, 7.00 ,1
 0> <info> app: hr,505,-15714, 6.00 ,1
 0> <info> app: hr,506,-15707, 6.00 ,1
 0> <info> app: hr,507,-15706, 6.00 ,1
 0> <info> app: hr,508,-15725, 6.00 ,1
 0> <info> app: hr,509,-15705, 6.00 ,1
 0> <info> app: hr,510,-15702, 6.00 ,1
 0> <info> app: hr,511,-15709, 5.00 ,0
 0> <info> app: hr,512,-15702, 5.00 ,0
 0> <info> app: hr,513,-15698, 5.00 ,0
 0> <info> app: hr,514,-15692, 5.00 ,0
 0> <info> app: hr,515,-15709, 3.00 ,-1
 0> <info> app: hr,516,-15705, 3.00 ,-1
 0> <info> app: hr,517,-15696, 3.00 ,0
 0> <info> app: hr,518,-15685, 3.00 ,0
 0> <info> app: hr,519,-15712, 3.00 ,0
 0> <info> app: hr,520,-15703, 1.00 ,0
 0> <info> app: hr,521,-15699, 1.00 ,-1
 0> <info> app: hr,522,-15704, 1.00 ,0
 0> <info> app: hr,523,-15694, 0.00 ,0
 0> <info> app: hr,524,-15702, 0.00 ,0
 0> <info> app: hr,525,-15717, 0.00 ,0
 0> <info> app: hr,526,-15696, 0.00 ,0
 0> <info> app: hr,527,-15699, 0.00 ,0
 0> <info> app: hr,528,-15701, 0.00 ,0
 0> <info> app: hr,529,-15696, -1.00 ,-1
 0> <info> app: hr,530,-15691, -1.00 ,-1
 0> <info> app: hr,531,-15694, -1.00 ,-1
 0> <info> app: hr,532,-15708, -2.00 ,-1
 0> <info> app: hr,533,-15713, -2.00 ,-1
 0> <info> app: hr,534,-15706, -2.00 ,-1
 0> <info> app: hr,535,-15700, -2.00 ,-1
 0> <info> app: hr,536,-15712, -2.00 ,-1
 0> <info> app: hr,537,-15711, -2.00 ,-1
 0> <info> app: hr,538,-15706, -3.00 ,-1
 0> <info> app: hr,539,-15716, -3.00 ,-1
 0> <info> app: hr,540,-15711, -3.00 ,-1
 0> <info> app: hr,541,-15712, -2.00 ,-1
 0> <info> app: hr,542,-15721, -2.00 ,-1
 0> <info> app: hr,543,-15707, -2.00 ,-1
 0> <info> app: hr,544,-15718, -2.00 ,-1
 0> <info> app: hr,545,-15722, -2.00 ,-1
 0> <info> app: hr,546,-15716, -2.00 ,-1
 0> <info> app: hr,547,-15716, -2.00 ,-1
 0> <info> app: hr,548,-15728, -2.00 ,-1
 0> <info> app: hr,549,-15709, 0.00 ,0
 0> <info> app: hr,550,-15711, 0.00 ,0
 0> <info> app: hr,551,-15713, 0.00 ,0
 0> <info> app: hr,552,-15717, 0.00 ,0
 0> <info> app: hr,553,-15705, 0.00 ,0
 0> <info> app: hr,554,-15715, 0.00 ,0
 0> <info> app: hr,555,-15717, 0.00 ,0
 0> <info> app: hr,556,-15701, 0.00 ,0
 0> <info> app: hr,557,-15723, 0.00 ,0
 0> <info> app: hr,558,-15718, 1.00 ,1
 0> <info> app: hr,559,-15726, 1.00 ,1
 0> <info> app: hr,560,-15717, 1.00 ,1
 0> <info> app: hr,561,-15713, 1.00 ,1
 0> <info> app: hr,562,-15717, 1.00 ,1
 0> <info> app: hr,563,-15708, 1.00 ,1
 0> <info> app: hr,564,-15716, 1.00 ,1
 0> <info> app: hr,565,-15718, 2.00 ,1
 0> <info> app: hr,566,-15713, 2.00 ,1
 0> <info> app: hr,567,-15721, 2.00 ,1
 0> <info> app: hr,568,-15721, 2.00 ,1
 0> <info> app: hr,569,-15704, 3.00 ,1
 0> <info> app: hr,570,-15717, 3.00 ,1
 0> <info> app: hr,571,-15724, 2.00 ,1
 0> <info> app: hr,572,-15717, 2.00 ,1
 0> <info> app: hr,573,-15708, 3.00 ,1
 0> <info> app: hr,574,-15714, 3.00 ,1
 0> <info> app: hr,575,-15722, 3.00 ,1
 0> <info> app: hr,576,-15715, 3.00 ,1
 0> <info> app: hr,577,-15718, 3.00 ,1
 0> <info> app: hr,578,-15710, 3.00 ,1
 0> <info> app: hr,579,-15707, 3.00 ,1
 0> <info> app: hr,580,-15726, 3.00 ,1
 0> <info> app: hr,581,-15705, 3.00 ,1
 0> <info> app: hr,582,-15703, 3.00 ,1
 0> <info> app: hr,583,-15716, 3.00 ,1
 0> <info> app: hr,584,-15698, 3.00 ,1
 0> <info> app: hr,585,-15721, 3.00 ,1
 0> <info> app: hr,586,-15719, 3.00 ,1
 0> <info> app: hr,587,-15706, 3.00 ,1
 0> <info> app: hr,588,-15713, 3.00 ,1
 0> <info> app: hr,589,-15703, 2.00 ,1
 0> <info> app: hr,590,-15692, 2.00 ,1
 0> <info> app: hr,591,-15691, 2.00 ,1
 0> <info> app: hr,592,-15689, 1.00 ,1
 0> <info> app: hr,593,-15701, 1.00 ,1
 0> <info> app: hr,594,-15698, 1.00 ,1
 0> <info> app: hr,595,-15709, 1.00 ,1
 0> <info> app: hr,596,-15700, 0.00 ,0
 0> <info> app: hr,597,-15697, 0.00 ,0
 0> <info> app: hr,598,-15700, 0.00 ,0
 0> <info> app: hr,599,-15698, 0.00 ,0
 0> <info> app: hr,600,-15701, 0.00 ,0
 0> <info> app: hr,601,-15698, -1.00 ,-1
 0> <info> app: hr,602,-15703, -1.00 ,-1
 0> <info> app: hr,603,-15702, -1.00 ,-1
 0> <info> app: hr,604,-15690, -2.00 ,-1
 0> <info> app: hr,605,-15694, -2.00 ,-1
 0> <info> app: hr,606,-15708, -3.00 ,-1
 0> <info> app: hr,607,-15696, -3.00 ,-1
 0> <info> app: hr,608,-15703, -3.00 ,-1
 0> <info> app: hr,609,-15684, -3.00 ,-1
 0> <info> app: hr,610,-15688, -4.00 ,-1
 0> <info> app: hr,611,-15695, -4.00 ,-1
 0> <info> app: hr,612,-15687, -5.00 ,-1
 0> <info> app: hr,613,-15693, -4.00 ,-1
 0> <info> app: hr,614,-15688, -5.00 ,-1
 0> <info> app: hr,615,-15690, -5.00 ,-1
 0> <info> app: hr,616,-15702, -6.00 ,-1
 0> <info> app: hr,617,-15706, -5.00 ,-1
 0> <info> app: hr,618,-15705, -6.00 ,-1
 0> <info> app: hr,619,-15702, -6.00 ,-1
 0> <info> app: hr,620,-15712, -6.00 ,-1
 0> <info> app: hr,621,-15714, -6.00 ,-1
 0> <info> app: hr,622,-15698, -6.00 ,-1
 0> <info> app: hr,623,-15708, -5.00 ,-1
 0> <info> app: hr,624,-15713, -5.00 ,-1
 0> <info> app: hr,625,-15692, -6.00 ,-1
 0> <info> app: hr,626,-15721, -5.00 ,-1
 0> <info> app: hr,627,-15699, -5.00 ,-1
 0> <info> app: hr,628,-15717, -5.00 ,-1
 0> <info> app: hr,629,-15706, -5.00 ,-1
 0> <info> app: hr,630,-15705, -4.00 ,-1
 0> <info> app: hr,631,-15717, -4.00 ,-1
 0> <info> app: hr,632,-15722, -4.00 ,-1
 0> <info> app: hr,633,-15710, -4.00 ,-1
 0> <info> app: hr,634,-15718, -2.00 ,-1
 0> <info> app: hr,635,-15712, -2.00 ,-1
 0> <info> app: hr,636,-15711, -2.00 ,-1
 0> <info> app: hr,637,-15720, -2.00 ,-1
 0> <info> app: hr,638,-15721, -1.00 ,0
 0> <info> app: hr,639,-15715, -1.00 ,0
 0> <info> app: hr,640,-15713, -1.00 ,0
 0> <info> app: hr,641,-15726, 0.00 ,0
 0> <info> app: hr,642,-15718, 0.00 ,0
 0> <info> app: hr,643,-15706, 0.00 ,0
 0> <info> app: hr,644,-15725, 0.00 ,0
 0> <info> app: hr,645,-15704, 1.00 ,0
 0> <info> app: hr,646,-15707, 1.00 ,0
 0> <info> app: hr,647,-15715, 1.00 ,0
 0> <info> app: hr,648,-15726, 2.00 ,0
 0> <info> app: hr,649,-15715, 2.00 ,0
 0> <info> app: hr,650,-15700, 3.00 ,1
 0> <info> app: hr,651,-15716, 3.00 ,0
 0> <info> app: hr,652,-15722, 2.00 ,0
 0> <info> app: hr,653,-15718, 3.00 ,0
 0> <info> app: hr,654,-15720, 3.00 ,0
 0> <info> app: hr,655,-15722, 4.00 ,0
 0> <info> app: hr,656,-15712, 4.00 ,0
 0> <info> app: hr,657,-15723, 3.00 ,0
 0> <info> app: hr,658,-15704, 4.00 ,0
 0> <info> app: hr,659,-15711, 4.00 ,0
 0> <info> app: hr,660,-15714, 4.00 ,0
 0> <info> app: hr,661,-15696, 5.00 ,0
 0> <info> app: hr,662,-15708, 4.00 ,0
 0> <info> app: hr,663,-15706, 4.00 ,0
 0> <info> app: hr,664,-15694, 4.00 ,0
 0> <info> app: hr,665,-15721, 4.00 ,0
 0> <info> app: hr,666,-15714, 3.00 ,0
 0> <info> app: hr,667,-15704, 4.00 ,0
 0> <info> app: hr,668,-15722, 4.00 ,0
 0> <info> app: hr,669,-15719, 4.00 ,0
 0> <info> app: hr,670,-15720, 4.00 ,0
 0> <info> app: hr,671,-15713, 3.00 ,0
 0> <info> app: hr,672,-15710, 3.00 ,0
 0> <info> app: hr,673,-15715, 3.00 ,0
 0> <info> app: hr,674,-15707, 3.00 ,0
 0> <info> app: hr,675,-15700, 3.00 ,0
 0> <info> app: hr,676,-15697, 2.00 ,0
 0> <info> app: hr,677,-15707, 2.00 ,-1
 0> <info> app: hr,678,-15708, 2.00 ,0
 0> <info> app: hr,679,-15698, 2.00 ,0
 0> <info> app: hr,680,-15696, 2.00 ,0
 0> <info> app: hr,681,-15698, 2.00 ,0
 0> <info> app: hr,682,-15700, 2.00 ,0
 0> <info> app: hr,683,-15693, 1.00 ,-1
 0> <info> app: hr,684,-15696, 1.00 ,-1
 0> <info> app: hr,685,-15697, 0.00 ,0
 0> <info> app: hr,686,-15701, 0.00 ,0
 0> <info> app: hr,687,-15709, 0.00 ,0
 0> <info> app: hr,688,-15693, 0.00 ,0
 0> <info> app: hr,689,-15706, -1.00 ,0
 0> <info> app: hr,690,-15692, -1.00 ,0
 0> <info> app: hr,691,-15700, 0.00 ,0
 0> <info> app: hr,692,-15709, -1.00 ,0
 0> <info> app: hr,693,-15703, -1.00 ,0
 0> <info> app: hr,694,-15700, -1.00 ,0
 0> <info> app: hr,695,-15695, -2.00 ,0
 0> <info> app: hr,696,-15705, -2.00 ,0
 0> <info> app: hr,697,-15703, -3.00 ,-1
 0> <info> app: hr,698,-15698, -3.00 ,0
 0> <info> app: hr,699,-15709, -3.00 ,0
 0> <info> app: hr,700,-15711, -2.00 ,0
 0> <info> app: hr,701,-15700, -3.00 ,0
 0> <info> app: hr,702,-15712, -3.00 ,0
 0> <info> app: hr,703,-15702, -3.00 ,0
 0> <info> app: hr,704,-15707, -3.00 ,0
 0> <info> app: hr,705,-15716, -4.00 ,0
 0> <info> app: hr,706,-15719, -3.00 ,0
 0> <info> app: hr,707,-15715, -3.00 ,0
 0> <info> app: hr,708,-15718, -3.00 ,0
 0> <info> app: hr,709,-15710, -3.00 ,0
 0> <info> app: hr,710,-15715, -3.00 ,0
 0> <info> app: hr,711,-15710, -2.00 ,0
 0> <info> app: hr,712,-15704, -2.00 ,1
 0> <info> app: hr,713,-15701, -1.00 ,0
 0> <info> app: hr,714,-15705, -1.00 ,0
 0> <info> app: hr,715,-15699, -1.00 ,0
 0> <info> app: hr,716,-15726, -1.00 ,0
 0> <info> app: hr,717,-15711, -1.00 ,0
 0> <info> app: hr,718,-15712, -1.00 ,0
 0> <info> app: hr,719,-15713, -1.00 ,0
 0> <info> app: hr,720,-15708, -1.00 ,0
 0> <info> app: hr,721,-15700, -1.00 ,0
 0> <info> app: hr,722,-15706, 0.00 ,1
 0> <info> app: hr,723,-15710, 0.00 ,1
 0> <info> app: hr,724,-15710, 0.00 ,0
 0> <info> app: hr,725,-15713, 0.00 ,0
 0> <info> app: hr,726,-15699, 0.00 ,0
 0> <info> app: hr,727,-15710, 0.00 ,0
 0> <info> app: hr,728,-15706, 0.00 ,0
 0> <info> app: hr,729,-15708, 0.00 ,0
 0> <info> app: hr,730,-15726, 0.00 ,0
 0> <info> app: hr,731,-15709, 0.00 ,0
 0> <info> app: hr,732,-15721, 0.00 ,0
 0> <info> app: hr,733,-15703, 0.00 ,0
 0> <info> app: hr,734,-15715, 0.00 ,0
 0> <info> app: hr,735,-15705, 0.00 ,0
 0> <info> app: hr,736,-15708, 0.00 ,0
 0> <info> app: hr,737,-15715, 0.00 ,0
 0> <info> app: hr,738,-15701, 1.00 ,1
 0> <info> app: hr,739,-15710, 1.00 ,1
 0> <info> app: hr,740,-15694, 1.00 ,1
 0> <info> app: hr,741,-15710, 1.00 ,1
 0> <info> app: hr,742,-15708, 1.00 ,1
 0> <info> app: hr,743,-15721, 1.00 ,1
 0> <info> app: hr,744,-15714, 1.00 ,1
 0> <info> app: hr,745,-15701, 1.00 ,1
 0> <info> app: hr,746,-15713, 1.00 ,1
 0> <info> app: hr,747,-15712, 1.00 ,1
 0> <info> app: hr,748,-15712, 1.00 ,1
 0> <info> app: hr,749,-15713, 0.00 ,0
 0> <info> app: hr,750,-15713, 0.00 ,0
 0> <info> app: hr,751,-15710, 1.00 ,1
 0> <info> app: hr,752,-15694, 1.00 ,1
 0> <info> app: hr,753,-15694, 1.00 ,1
 0> <info> app: hr,754,-15697, 1.00 ,1
 0> <info> app: hr,755,-15702, 1.00 ,1
 0> <info> app: hr,756,-15697, 0.00 ,0
 0> <info> app: hr,757,-15705, 0.00 ,0
 0> <info> app: hr,758,-15699, 0.00 ,0
 0> <info> app: hr,759,-15687, 0.00 ,0
 0> <info> app: hr,760,-15696, 0.00 ,0
 0> <info> app: hr,761,-15701, 0.00 ,0
 0> <info> app: hr,762,-15702, 0.00 ,0
 0> <info> app: hr,763,-15696, 0.00 ,0
 0> <info> app: hr,764,-15695, 0.00 ,0
 0> <info> app: hr,765,-15693, -1.00 ,-1
 0> <info> app: hr,766,-15690, -1.00 ,-1
 0> <info> app: hr,767,-15701, -1.00 ,-1
 0> <info> app: hr,768,-15690, -2.00 ,-1
 0> <info> app: hr,769,-15687, -2.00 ,-1
 0> <info> app: hr,770,-15682, -2.00 ,-1
 0> <info> app: hr,771,-15693, -3.00 ,-1
 0> <info> app: hr,772,-15685, -2.00 ,-1
 0> <info> app: hr,773,-15696, -3.00 ,-1
 0> <info> app: hr,774,-15687, -3.00 ,-1
 0> <info> app: hr,775,-15696, -4.00 ,-1
 0> <info> app: hr,776,-15683, -4.00 ,-1
 0> <info> app: hr,777,-15691, -4.00 ,-1
 0> <info> app: hr,778,-15684, -4.00 ,-1
 0> <info> app: hr,779,-15701, -5.00 ,-1
 0> <info> app: hr,780,-15686, -5.00 ,-1
 0> <info> app: hr,781,-15698, -5.00 ,-1
 0> <info> app: hr,782,-15716, -5.00 ,-1
 0> <info> app: hr,783,-15701, -6.00 ,-1
 0> <info> app: hr,784,-15695, -6.00 ,-1
 0> <info> app: hr,785,-15718, -5.00 ,-1
 0> <info> app: hr,786,-15702, -6.00 ,-1
 0> <info> app: hr,787,-15701, -6.00 ,-1
 0> <info> app: hr,788,-15706, -5.00 ,-1
 0> <info> app: hr,789,-15688, -5.00 ,-1
 0> <info> app: hr,790,-15706, -5.00 ,-1
 0> <info> app: hr,791,-15715, -4.00 ,-1
 0> <info> app: hr,792,-15705, -4.00 ,-1
 0> <info> app: hr,793,-15711, -4.00 ,-1
 0> <info> app: hr,794,-15698, -4.00 ,-1
 0> <info> app: hr,795,-15712, -4.00 ,-1
 0> <info> app: hr,796,-15710, -3.00 ,-1
 0> <info> app: hr,797,-15707, -3.00 ,-1
 0> <info> app: hr,798,-15708, -3.00 ,-1
 0> <info> app: hr,799,-15709, -2.00 ,-1
 0> <info> app: hr,800,-15705, -2.00 ,-1
 0> <info> app: hr,801,-15703, -2.00 ,-1
 0> <info> app: hr,802,-15703, -1.00 ,-1
 0> <info> app: hr,803,-15705, -1.00 ,-1
 0> <info> app: hr,804,-15710, 0.00 ,0
 0> <info> app: hr,805,-15699, 0.00 ,0
 0> <info> app: hr,806,-15706, 0.00 ,0
 0> <info> app: hr,807,-15711, 0.00 ,0
 0> <info> app: hr,808,-15701, 0.00 ,0
 0> <info> app: hr,809,-15703, 0.00 ,0
 0> <info> app: hr,810,-15707, 0.00 ,0
 0> <info> app: hr,811,-15704, 0.00 ,0
 0> <info> app: hr,812,-15697, 1.00 ,1
 0> <info> app: hr,813,-15704, 1.00 ,1
 0> <info> app: hr,814,-15705, 1.00 ,1
 0> <info> app: hr,815,-15706, 1.00 ,1
 0> <info> app: hr,816,-15706, 1.00 ,1
 0> <info> app: hr,817,-15714, 1.00 ,1
 0> <info> app: hr,818,-15708, 1.00 ,1
 0> <info> app: hr,819,-15696, 1.00 ,1
 0> <info> app: hr,820,-15697, 1.00 ,1
 0> <info> app: hr,821,-15705, 1.00 ,1
 0> <info> app: hr,822,-15701, 1.00 ,1
 0> <info> app: hr,823,-15702, 1.00 ,1
 0> <info> app: hr,824,-15712, 2.00 ,1
 0> <info> app: hr,825,-15705, 2.00 ,1
 0> <info> app: hr,826,-15709, 2.00 ,1
 0> <info> app: hr,827,-15700, 2.00 ,1
 0> <info> app: hr,828,-15688, 1.00 ,1
 0> <info> app: hr,829,-15701, 1.00 ,1
 0> <info> app: hr,830,-15713, 1.00 ,1
 0> <info> app: hr,831,-15689, 1.00 ,1
 0> <info> app: hr,832,-15698, 1.00 ,1
 0> <info> app: hr,833,-15704, 1.00 ,1
 0> <info> app: hr,834,-15691, 1.00 ,1
 0> <info> app: hr,835,-15690, 1.00 ,1
 0> <info> app: hr,836,-15705, 1.00 ,1
 0> <info> app: hr,837,-15686, 1.00 ,1
 0> <info> app: hr,838,-15713, 1.00 ,1
 0> <info> app: hr,839,-15677, 1.00 ,1
 0> <info> app: hr,840,-15696, 0.00 ,0
 0> <info> app: hr,841,-15694, 0.00 ,0
 0> <info> app: hr,842,-15685, 0.00 ,0
 0> <info> app: hr,843,-15689, 0.00 ,0
 0> <info> app: hr,844,-15699, 0.00 ,0
 0> <info> app: hr,845,-15688, 0.00 ,0
 0> <info> app: hr,846,-15682, 0.00 ,0
 0> <info> app: hr,847,-15684, 0.00 ,0
 0> <info> app: hr,848,-15689, -1.00 ,-1
 0> <info> app: hr,849,-15689, -1.00 ,-1
 0> <info> app: hr,850,-15692, -2.00 ,-1
 0> <info> app: hr,851,-15697, -2.00 ,-1
 0> <info> app: hr,852,-15679, -2.00 ,-1
 0> <info> app: hr,853,-15689, -3.00 ,-1
 0> <info> app: hr,854,-15696, -3.00 ,-1
 0> <info> app: hr,855,-15695, -3.00 ,-1
 0> <info> app: hr,856,-15699, -3.00 ,-1
 0> <info> app: hr,857,-15673, -3.00 ,-1
 0> <info> app: hr,858,-15691, -4.00 ,-1
 0> <info> app: hr,859,-15680, -4.00 ,-1
 0> <info> app: hr,860,-15689, -4.00 ,-1
 0> <info> app: hr,861,-15692, -4.00 ,-1
 0> <info> app: hr,862,-15699, -4.00 ,-1
 0> <info> app: hr,863,-15702, -5.00 ,-1
 0> <info> app: hr,864,-15699, -4.00 ,-1
 0> <info> app: hr,865,-15704, -4.00 ,-1
 0> <info> app: hr,866,-15713, -4.00 ,-1
 0> <info> app: hr,867,-15714, -4.00 ,-1
 0> <info> app: hr,868,-15702, -5.00 ,-1
 0> <info> app: hr,869,-15695, -4.00 ,-1
 0> <info> app: hr,870,-15709, -3.00 ,-1
 0> <info> app: hr,871,-15706, -3.00 ,-1
 0> <info> app: hr,872,-15708, -3.00 ,-1
 0> <info> app: hr,873,-15705, -3.00 ,-1
 0> <info> app: hr,874,-15709, -2.00 ,-1
 0> <info> app: hr,875,-15703, -2.00 ,-1
 0> <info> app: hr,876,-15713, -1.00 ,-1
 0> <info> app: hr,877,-15704, -1.00 ,-1
 0> <info> app: hr,878,-15702, -1.00 ,-1
 0> <info> app: hr,879,-15700, -1.00 ,-1
 0> <info> app: hr,880,-15707, 0.00 ,0
 0> <info> app: hr,881,-15692, 0.00 ,0
 0> <info> app: hr,882,-15690, 0.00 ,0
 0> <info> app: hr,883,-15705, 0.00 ,0
 0> <info> app: hr,884,-15689, 0.00 ,0
 0> <info> app: hr,885,-15708, 0.00 ,0
 0> <info> app: hr,886,-15705, 0.00 ,0
 0> <info> app: hr,887,-15709, 0.00 ,0
 0> <info> app: hr,888,-15702, 0.00 ,0
 0> <info> app: hr,889,-15703, 1.00 ,1
 0> <info> app: hr,890,-15713, 1.00 ,1
 0> <info> app: hr,891,-15692, 1.00 ,1
 0> <info> app: hr,892,-15703, 1.00 ,1
 0> <info> app: hr,893,-15719, 2.00 ,1
 0> <info> app: hr,894,-15698, 2.00 ,1
 0> <info> app: hr,895,-15705, 2.00 ,1
 0> <info> app: hr,896,-15710, 1.00 ,1
 0> <info> app: hr,897,-15695, 2.00 ,1
 0> <info> app: hr,898,-15705, 2.00 ,1
 0> <info> app: hr,899,-15709, 2.00 ,1
 0> <info> app: hr,900,-15702, 2.00 ,1
 0> <info> app: hr,901,-15702, 3.00 ,1
 0> <info> app: hr,902,-15702, 3.00 ,1
 0> <info> app: hr,903,-15686, 3.00 ,1
 0> <info> app: hr,904,-15700, 2.00 ,1
 0> <info> app: hr,905,-15690, 2.00 ,1
 0> <info> app: hr,906,-15695, 2.00 ,1
 0> <info> app: hr,907,-15698, 2.00 ,1
 0> <info> app: hr,908,-15702, 2.00 ,1
 0> <info> app: hr,909,-15708, 2.00 ,1
 0> <info> app: hr,910,-15692, 2.00 ,1
 0> <info> app: hr,911,-15698, 1.00 ,1
 0> <info> app: hr,912,-15698, 1.00 ,1
 0> <info> app: hr,913,-15691, 1.00 ,1
 0> <info> app: hr,914,-15698, 1.00 ,1
 0> <info> app: hr,915,-15698, 1.00 ,1
 0> <info> app: hr,916,-15697, 1.00 ,1
 0> <info> app: hr,917,-15688, 1.00 ,1
 0> <info> app: hr,918,-15700, 1.00 ,1
 0> <info> app: hr,919,-15688, 1.00 ,1
 0> <info> app: hr,920,-15696, 0.00 ,0
 0> <info> app: hr,921,-15706, 0.00 ,0
 0> <info> app: hr,922,-15700, 0.00 ,0
 0> <info> app: hr,923,-15697, 0.00 ,0
 0> <info> app: hr,924,-15692, 0.00 ,0
 0> <info> app: hr,925,-15692, 0.00 ,0
 0> <info> app: hr,926,-15692, 0.00 ,0
 0> <info> app: hr,927,-15693, 0.00 ,0
 0> <info> app: hr,928,-15686, 0.00 ,0
 0> <info> app: hr,929,-15687, 0.00 ,0
 0> <info> app: hr,930,-15689, 0.00 ,0
 0> <info> app: hr,931,-15692, -1.00 ,-1
 0> <info> app: hr,932,-15689, -1.00 ,-1
 0> <info> app: hr,933,-15684, -1.00 ,-1
 0> <info> app: hr,934,-15680, -2.00 ,-1
 0> <info> app: hr,935,-15694, -2.00 ,-1
 0> <info> app: hr,936,-15686, -2.00 ,-1
 0> <info> app: hr,937,-15682, -3.00 ,-1
 0> <info> app: hr,938,-15692, -2.00 ,-1
 0> <info> app: hr,939,-15689, -2.00 ,-1
 0> <info> app: hr,940,-15691, -3.00 ,-1
 0> <info> app: hr,941,-15694, -3.00 ,-1
 0> <info> app: hr,942,-15682, -3.00 ,-1
 0> <info> app: hr,943,-15697, -4.00 ,-1
 0> <info> app: hr,944,-15692, -3.00 ,-1
 0> <info> app: hr,945,-15683, -3.00 ,-1
 0> <info> app: hr,946,-15693, -4.00 ,-1
 0> <info> app: hr,947,-15700, -4.00 ,-1
 0> <info> app: hr,948,-15699, -4.00 ,-1
 0> <info> app: hr,949,-15691, -3.00 ,-1
 0> <info> app: hr,950,-15687, -4.00 ,-1
 0> <info> app: hr,951,-15700, -4.00 ,-1
 0> <info> app: hr,952,-15681, -4.00 ,-1
 0> <info> app: hr,953,-15694, -4.00 ,-1
 0> <info> app: hr,954,-15689, -3.00 ,-1
 0> <info> app: hr,955,-15706, -3.00 ,-1
 0> <info> app: hr,956,-15706, -3.00 ,-1
 0> <info> app: hr,957,-15707, -4.00 ,-1
 0> <info> app: hr,958,-15696, -3.00 ,-1
 0> <info> app: hr,959,-15697, -2.00 ,-1
 0> <info> app: hr,960,-15710, -2.00 ,-1
 0> <info> app: hr,961,-15694, -2.00 ,-1
 0> <info> app: hr,962,-15701, -2.00 ,-1
 0> <info> app: hr,963,-15690, -2.00 ,-1
 0> <info> app: hr,964,-15693, -2.00 ,-1
 0> <info> app: hr,965,-15696, -2.00 ,-1
 0> <info> app: hr,966,-15688, -2.00 ,-1
 0> <info> app: hr,967,-15703, -1.00 ,-1
 0> <info> app: hr,968,-15697, 0.00 ,0
 0> <info> app: hr,969,-15689, 0.00 ,0
 0> <info> app: hr,970,-15698, 0.00 ,0
 0> <info> app: hr,971,-15705, 0.00 ,0
 0> <info> app: hr,972,-15705, 0.00 ,0
 0> <info> app: hr,973,-15692, 0.00 ,0
 0> <info> app: hr,974,-15692, 0.00 ,0
 0> <info> app: hr,975,-15706, 0.00 ,0
 0> <info> app: hr,976,-15703, 0.00 ,0
 0> <info> app: hr,977,-15683, 0.00 ,0
 0> <info> app: hr,978,-15688, 0.00 ,0
 0> <info> app: hr,979,-15690, 0.00 ,0
 0> <info> app: hr,980,-15711, 0.00 ,0
 0> <info> app: hr,981,-15687, 0.00 ,0
 0> <info> app: hr,982,-15707, 0.00 ,0
 0> <info> app: hr,983,-15685, 0.00 ,0
 0> <info> app: hr,984,-15699, 0.00 ,0
 0> <info> app: hr,985,-15693, 1.00 ,1
 0> <info> app: hr,986,-15696, 1.00 ,1
 0> <info> app: hr,987,-15697, 1.00 ,1
 0> <info> app: hr,988,-15701, 1.00 ,1
 0> <info> app: hr,989,-15673, 1.00 ,1
 0> <info> app: hr,990,-15693, 0.00 ,0
 0> <info> app: hr,991,-15685, 0.00 ,0
 0> <info> app: hr,992,-15698, 0.00 ,0
 0> <info> app: hr,993,-15698, 0.00 ,0
 0> <info> app: hr,994,-15684, 0.00 ,0
 0> <info> app: hr,995,-15683, 0.00 ,0
 0> <info> app: hr,996,-15700, 0.00 ,0
 0> <info> app: hr,997,-15682, 0.00 ,0
 0> <info> app: hr,998,-15675, 0.00 ,0
 0> <info> app: hr,999,-15687, 0.00 ,0
 0> <info> app: hr,1000,-15689, 0.00 ,0
 0> <info> app: hr,1001,-15682, 0.00 ,0
 0> <info> app: hr,1002,-15695, 0.00 ,0
 0> <info> app: hr,1003,-15687, -1.00 ,-1
 0> <info> app: hr,1004,-15696, -1.00 ,-1
 0> <info> app: hr,1005,-15673, -1.00 ,-1
 0> <info> app: hr,1006,-15685, -1.00 ,-1
 0> <info> app: hr,1007,-15688, -1.00 ,-1
 0> <info> app: hr,1008,-15696, -1.00 ,-1
 0> <info> app: hr,1009,-15682, -1.00 ,-1
 0> <info> app: hr,1010,-15682, -1.00 ,-1
 0> <info> app: hr,1011,-15683, -2.00 ,-1
 0> <info> app: hr,1012,-15691, -2.00 ,-1
 0> <info> app: hr,1013,-15675, -2.00 ,-1
 0> <info> app: hr,1014,-15678, -2.00 ,-1
 0> <info> app: hr,1015,-15678, -3.00 ,-1
 0> <info> app: [OK]	HR has been calculated 71
 0> <info> app: BATT Reading...
 0> <info> app: Raw 862,SOC 62,BattFullDetect 0, 382V
 0> <info> app: Save 1536355887, 1993, 1807, -17455,
 0> <info> app: [OK]	HR Background stop
 0> <info> app: ^
 0> <info> app: HR A
 0> <info> app: HR C
 0> <info> app: HR D
 0> <info> app: Show HR Result
 0> <info> app: BATT Reading...
 0> <info> app: Raw 864,SOC 64,BattFullDetect 0, 382V
 0> <info> app: Save 1536355890, 2085, 1801, -17416,

# Logging stopped @ 27 Nov 2018 14:22:51
