# SEGGER J-Link RTT Viewer V6.16a Terminal Log File
# Compiled: 12:44:10 on Jun  6 2017
# Logging started @ 27 Nov 2018 14:22:59
 0> <info> app: ALERT_BT_CHECK_WAIT_KRY
 0> <info> app: Right Press
 0> <info> app: BATT Reading...
 0> <info> app: Raw 865,SOC 65,BattFullDetect 0, 383V
 0> <info> app: Save 1536355910, 2004, 2905, -17616,
 0> <info> app: Right Press
 0> <info> app: Right Press
 0> <info> app: Right Press
 0> <info> app: [OK]	Max30102 Already and background working is begin
 0> 
 0> <info> app: BATT Reading...
 0> <info> app: Raw 863,SOC 63,BattFullDetect 0, 382V
 0> <info> app: Save 1536355920, 2789, 2341, -17232,
 0> <info> app: BATT Reading...
 0> <info> app: Raw 866,SOC 66,BattFullDetect 0, 383V
 0> <info> app: Save 1536355930, 1560, 2080, -17442,
 0> <info> app: [OK]	HR sample count 1017
 0> 
 0> Plus Signal 1, 60
 0> Minus Signal -1, 78
 0> plus_index 60, minus_index 78, Peak Index, 60,61,62,63,64,65,70,71,, AVR Peak Index, 65, HR 0, Reject out of 30-180.
 0> Plus Signal 1, 99
 0> Minus Signal -1, 141
 0> plus_index 99, minus_index 141, Peak Index, 125,126,134,, AVR Peak Index, 129, HR 93
 0> Plus Signal 1, 192
 0> Minus Signal -1, 245
 0> plus_index 192, minus_index 245, Peak Index, 224,225,226,, AVR Peak Index, 225, HR 62
 0> Plus Signal 1, 265
 0> Minus Signal -1, 316
 0> plus_index 265, minus_index 316, Peak Index, 289,290,291,292,293,294,295,296,297,298,299,300,301,302,303,304,305,306,307,308,309,310,311,312,313,314,315,, AVR Peak Index, 302, HR 77
 0> Plus Signal 1, 363
 0> Minus Signal -1, 409
 0> plus_index 363, minus_index 409, Peak Index, 363,364,370,371,372,373,374,375,376,377,378,, AVR Peak Index, 370, HR 88
 0> Plus Signal 1, 434
 0> Minus Signal -1, 550
 0> plus_index 434, minus_index 550, Peak Index, 532,535,, AVR Peak Index, 533, HR 36
 0> Plus Signal 1, 583
 0> Minus Signal -1, 728
 0> plus_index 583, minus_index 728, Peak Index, 698,701,, AVR Peak Index, 699, HR 36
 0> Plus Signal 1, 820
 0> Minus Signal -1, 939
 0> plus_index 820, minus_index 939, Peak Index, 929,930,933,, AVR Peak Index, 931, HR 25, Reject out of 30-180.<info> app: HR>>>
 0> 2,3,36,94,174,175, sum div 173, 34<info> app: HR final>>>
 0> 2,3,<info> app: 
 0> HR  >>> 2
 0> <info> app: hr,50,-15509, -3.00 ,0
 0> <info> app: hr,51,-15507, -3.00 ,0
 0> <info> app: hr,52,-15490, -4.00 ,0
 0> <info> app: hr,53,-15503, -4.00 ,0
 0> <info> app: hr,54,-15491, -3.00 ,0
 0> <info> app: hr,55,-15508, -4.00 ,0
 0> <info> app: hr,56,-15516, -4.00 ,0
 0> <info> app: hr,57,-15504, -4.00 ,0
 0> <info> app: hr,58,-15512, -4.00 ,0
 0> <info> app: hr,59,-15509, -4.00 ,0
 0> <info> app: hr,60,-15503, -4.00 ,0
 0> <info> app: hr,61,-15507, -5.00 ,-1
 0> <info> app: hr,62,-15505, -5.00 ,-1
 0> <info> app: hr,63,-15510, -4.00 ,0
 0> <info> app: hr,64,-15510, -4.00 ,0
 0> <info> app: hr,65,-15511, -5.00 ,0
 0> <info> app: hr,66,-15512, -5.00 ,0
 0> <info> app: hr,67,-15501, -4.00 ,0
 0> <info> app: hr,68,-15493, -4.00 ,0
 0> <info> app: hr,69,-15491, -4.00 ,0
 0> <info> app: hr,70,-15499, -4.00 ,0
 0> <info> app: hr,71,-15489, -4.00 ,0
 0> <info> app: hr,72,-15499, -4.00 ,0
 0> <info> app: hr,73,-15500, -4.00 ,0
 0> <info> app: hr,74,-15514, -5.00 ,-1
 0> <info> app: hr,75,-15495, -4.00 ,0
 0> <info> app: hr,76,-15495, -4.00 ,0
 0> <info> app: hr,77,-15505, -4.00 ,0
 0> <info> app: hr,78,-15517, -5.00 ,0
 0> <info> app: hr,79,-15505, -4.00 ,0
 0> <info> app: hr,80,-15507, -4.00 ,0
 0> <info> app: hr,81,-15516, -4.00 ,0
 0> <info> app: hr,82,-15505, -4.00 ,0
 0> <info> app: hr,83,-15520, -4.00 ,0
 0> <info> app: hr,84,-15493, -3.00 ,0
 0> <info> app: hr,85,-15502, -3.00 ,1
 0> <info> app: hr,86,-15504, -3.00 ,0
 0> <info> app: hr,87,-15503, -3.00 ,0
 0> <info> app: hr,88,-15494, -4.00 ,0
 0> <info> app: hr,89,-15498, -3.00 ,0
 0> <info> app: hr,90,-15515, -3.00 ,0
 0> <info> app: hr,91,-15512, -3.00 ,0
 0> <info> app: hr,92,-15491, -3.00 ,0
 0> <info> app: hr,93,-15502, -3.00 ,0
 0> <info> app: hr,94,-15501, -3.00 ,0
 0> <info> app: hr,95,-15494, -2.00 ,1
 0> <info> app: hr,96,-15504, -2.00 ,1
 0> <info> app: hr,97,-15496, -2.00 ,0
 0> <info> app: hr,98,-15497, -2.00 ,0
 0> <info> app: hr,99,-15503, -2.00 ,0
 0> <info> app: hr,100,-15507, -2.00 ,0
 0> <info> app: hr,101,-15500, -3.00 ,0
 0> <info> app: hr,102,-15520, -2.00 ,0
 0> <info> app: hr,103,-15504, -2.00 ,0
 0> <info> app: hr,104,-15498, -2.00 ,0
 0> <info> app: hr,105,-15507, -2.00 ,0
 0> <info> app: hr,106,-15503, -2.00 ,0
 0> <info> app: hr,107,-15494, -2.00 ,0
 0> <info> app: hr,108,-15494, -2.00 ,0
 0> <info> app: hr,109,-15492, -2.00 ,0
 0> <info> app: hr,110,-15505, -1.00 ,1
 0> <info> app: hr,111,-15501, -1.00 ,1
 0> <info> app: hr,112,-15505, -1.00 ,0
 0> <info> app: hr,113,-15489, -1.00 ,0
 0> <info> app: hr,114,-15501, -1.00 ,0
 0> <info> app: hr,115,-15491, -1.00 ,0
 0> <info> app: hr,116,-15491, -2.00 ,0
 0> <info> app: hr,117,-15491, -2.00 ,0
 0> <info> app: hr,118,-15506, -2.00 ,0
 0> <info> app: hr,119,-15501, -2.00 ,0
 0> <info> app: hr,120,-15502, -1.00 ,0
 0> <info> app: hr,121,-15498, -1.00 ,0
 0> <info> app: hr,122,-15485, -2.00 ,0
 0> <info> app: hr,123,-15498, -2.00 ,0
 0> <info> app: hr,124,-15495, -2.00 ,0
 0> <info> app: hr,125,-15486, -2.00 ,0
 0> <info> app: hr,126,-15502, -2.00 ,0
 0> <info> app: hr,127,-15495, -2.00 ,0
 0> <info> app: hr,128,-15492, -3.00 ,-1
 0> <info> app: hr,129,-15479, -2.00 ,0
 0> <info> app: hr,130,-15494, -2.00 ,0
 0> <info> app: hr,131,-15480, -2.00 ,0
 0> <info> app: hr,132,-15486, -3.00 ,0
 0> <info> app: hr,133,-15495, -3.00 ,0
 0> <info> app: hr,134,-15485, -3.00 ,0
 0> <info> app: hr,135,-15488, -3.00 ,0
 0> <info> app: hr,136,-15492, -3.00 ,0
 0> <info> app: hr,137,-15495, -3.00 ,0
 0> <info> app: hr,138,-15511, -4.00 ,-1
 0> <info> app: hr,139,-15480, -4.00 ,-1
 0> <info> app: hr,140,-15497, -3.00 ,0
 0> <info> app: hr,141,-15491, -4.00 ,0
 0> <info> app: hr,142,-15491, -4.00 ,0
 0> <info> app: hr,143,-15492, -4.00 ,0
 0> <info> app: hr,144,-15495, -4.00 ,0
 0> <info> app: hr,145,-15504, -4.00 ,0
 0> <info> app: hr,146,-15494, -4.00 ,0
 0> <info> app: hr,147,-15501, -4.00 ,0
 0> <info> app: hr,148,-15484, -4.00 ,0
 0> <info> app: hr,149,-15494, -3.00 ,1
 0> <info> app: hr,150,-15490, -3.00 ,1
 0> <info> app: hr,151,-15488, -3.00 ,0
 0> <info> app: hr,152,-15503, -4.00 ,0
 0> <info> app: hr,153,-15486, -4.00 ,0
 0> <info> app: hr,154,-15499, -3.00 ,0
 0> <info> app: hr,155,-15496, -3.00 ,0
 0> <info> app: hr,156,-15487, -3.00 ,0
 0> <info> app: hr,157,-15502, -3.00 ,0
 0> <info> app: hr,158,-15505, -3.00 ,0
 0> <info> app: hr,159,-15481, -3.00 ,0
 0> <info> app: hr,160,-15485, -2.00 ,1
 0> <info> app: hr,161,-15498, -2.00 ,1
 0> <info> app: hr,162,-15491, -2.00 ,0
 0> <info> app: hr,163,-15492, -2.00 ,0
 0> <info> app: hr,164,-15496, -2.00 ,0
 0> <info> app: hr,165,-15481, -2.00 ,0
 0> <info> app: hr,166,-15498, -3.00 ,0
 0> <info> app: hr,167,-15487, -2.00 ,0
 0> <info> app: hr,168,-15494, -2.00 ,0
 0> <info> app: hr,169,-15493, -2.00 ,0
 0> <info> app: hr,170,-15490, -2.00 ,0
 0> <info> app: hr,171,-15485, -2.00 ,0
 0> <info> app: hr,172,-15480, -2.00 ,0
 0> <info> app: hr,173,-15486, -2.00 ,0
 0> <info> app: hr,174,-15491, -2.00 ,0
 0> <info> app: hr,175,-15486, -1.00 ,1
 0> <info> app: hr,176,-15493, -1.00 ,1
 0> <info> app: hr,177,-15497, -2.00 ,0
 0> <info> app: hr,178,-15486, -2.00 ,0
 0> <info> app: hr,179,-15487, -2.00 ,0
 0> <info> app: hr,180,-15489, -2.00 ,0
 0> <info> app: hr,181,-15485, -2.00 ,0
 0> <info> app: hr,182,-15494, -2.00 ,0
 0> <info> app: hr,183,-15481, -2.00 ,0
 0> <info> app: hr,184,-15488, -1.00 ,1
 0> <info> app: hr,185,-15486, -2.00 ,0
 0> <info> app: hr,186,-15489, -2.00 ,0
 0> <info> app: hr,187,-15488, -2.00 ,0
 0> <info> app: hr,188,-15480, -2.00 ,0
 0> <info> app: hr,189,-15488, -2.00 ,0
 0> <info> app: hr,190,-15492, -2.00 ,0
 0> <info> app: hr,191,-15488, -3.00 ,-1
 0> <info> app: hr,192,-15480, -2.00 ,0
 0> <info> app: hr,193,-15489, -2.00 ,0
 0> <info> app: hr,194,-15490, -2.00 ,0
 0> <info> app: hr,195,-15479, -2.00 ,0
 0> <info> app: hr,196,-15493, -2.00 ,0
 0> <info> app: hr,197,-15467, -2.00 ,0
 0> <info> app: hr,198,-15478, -3.00 ,-1
 0> <info> app: hr,199,-15480, -3.00 ,-1
 0> <info> app: hr,200,-15476, -2.00 ,0
 0> <info> app: hr,201,-15476, -2.00 ,0
 0> <info> app: hr,202,-15478, -3.00 ,0
 0> <info> app: hr,203,-15472, -3.00 ,0
 0> <info> app: hr,204,-15467, -3.00 ,0
 0> <info> app: hr,205,-15469, -4.00 ,0
 0> <info> app: hr,206,-15476, -3.00 ,0
 0> <info> app: hr,207,-15481, -4.00 ,0
 0> <info> app: hr,208,-15491, -4.00 ,0
 0> <info> app: hr,209,-15488, -4.00 ,0
 0> <info> app: hr,210,-15473, -5.00 ,0
 0> <info> app: hr,211,-15468, -4.00 ,0
 0> <info> app: hr,212,-15479, -4.00 ,0
 0> <info> app: hr,213,-15478, -5.00 ,0
 0> <info> app: hr,214,-15474, -5.00 ,0
 0> <info> app: hr,215,-15459, -4.00 ,0
 0> <info> app: hr,216,-15477, -5.00 ,0
 0> <info> app: hr,217,-15470, -5.00 ,0
 0> <info> app: hr,218,-15484, -5.00 ,0
 0> <info> app: hr,219,-15476, -5.00 ,0
 0> <info> app: hr,220,-15472, -5.00 ,0
 0> <info> app: hr,221,-15483, -6.00 ,0
 0> <info> app: hr,222,-15480, -5.00 ,0
 0> <info> app: hr,223,-15473, -5.00 ,0
 0> <info> app: hr,224,-15478, -6.00 ,0
 0> <info> app: hr,225,-15480, -5.00 ,0
 0> <info> app: hr,226,-15486, -5.00 ,0
 0> <info> app: hr,227,-15477, -5.00 ,0
 0> <info> app: hr,228,-15482, -6.00 ,0
 0> <info> app: hr,229,-15465, -5.00 ,0
 0> <info> app: hr,230,-15482, -5.00 ,0
 0> <info> app: hr,231,-15482, -5.00 ,0
 0> <info> app: hr,232,-15483, -4.00 ,0
 0> <info> app: hr,233,-15482, -4.00 ,0
 0> <info> app: hr,234,-15471, -4.00 ,0
 0> <info> app: hr,235,-15468, -5.00 ,0
 0> <info> app: hr,236,-15475, -4.00 ,0
 0> <info> app: hr,237,-15488, -4.00 ,0
 0> <info> app: hr,238,-15469, -4.00 ,0
 0> <info> app: hr,239,-15479, -4.00 ,0
 0> <info> app: hr,240,-15481, -4.00 ,0
 0> <info> app: hr,241,-15469, -3.00 ,0
 0> <info> app: hr,242,-15492, -3.00 ,1
 0> <info> app: hr,243,-15476, -3.00 ,0
 0> <info> app: hr,244,-15473, -3.00 ,0
 0> <info> app: hr,245,-15482, -3.00 ,0
 0> <info> app: hr,246,-15484, -2.00 ,0
 0> <info> app: hr,247,-15464, -2.00 ,0
 0> <info> app: hr,248,-15474, -3.00 ,0
 0> <info> app: hr,249,-15480, -3.00 ,0
 0> <info> app: hr,250,-15479, -3.00 ,0
 0> <info> app: hr,251,-15478, -3.00 ,0
 0> <info> app: hr,252,-15481, -3.00 ,0
 0> <info> app: hr,253,-15481, -2.00 ,0
 0> <info> app: hr,254,-15479, -2.00 ,1
 0> <info> app: hr,255,-15470, -2.00 ,0
 0> <info> app: hr,256,-15477, -2.00 ,0
 0> <info> app: hr,257,-15469, -2.00 ,0
 0> <info> app: hr,258,-15479, -2.00 ,0
 0> <info> app: hr,259,-15481, -2.00 ,0
 0> <info> app: hr,260,-15482, -1.00 ,0
 0> <info> app: hr,261,-15479, -1.00 ,1
 0> <info> app: hr,262,-15471, -1.00 ,0
 0> <info> app: hr,263,-15470, -1.00 ,0
 0> <info> app: hr,264,-15474, -1.00 ,0
 0> <info> app: hr,265,-15470, -1.00 ,0
 0> <info> app: hr,266,-15469, -1.00 ,0
 0> <info> app: hr,267,-15479, -1.00 ,0
 0> <info> app: hr,268,-15485, -1.00 ,0
 0> <info> app: hr,269,-15481, -1.00 ,0
 0> <info> app: hr,270,-15474, -1.00 ,0
 0> <info> app: hr,271,-15467, -1.00 ,0
 0> <info> app: hr,272,-15468, -1.00 ,0
 0> <info> app: hr,273,-15464, -1.00 ,0
 0> <info> app: hr,274,-15475, 0.00 ,1
 0> <info> app: hr,275,-15477, 0.00 ,1
 0> <info> app: hr,276,-15458, 0.00 ,0
 0> <info> app: hr,277,-15460, -1.00 ,0
 0> <info> app: hr,278,-15474, -1.00 ,0
 0> <info> app: hr,279,-15459, -1.00 ,0
 0> <info> app: hr,280,-15468, -1.00 ,0
 0> <info> app: hr,281,-15465, -2.00 ,0
 0> <info> app: hr,282,-15469, -2.00 ,0
 0> <info> app: hr,283,-15465, -2.00 ,0
 0> <info> app: hr,284,-15481, -2.00 ,0
 0> <info> app: hr,285,-15460, -3.00 ,0
 0> <info> app: hr,286,-15471, -2.00 ,0
 0> <info> app: hr,287,-15467, -2.00 ,0
 0> <info> app: hr,288,-15453, -2.00 ,0
 0> <info> app: hr,289,-15473, -3.00 ,0
 0> <info> app: hr,290,-15459, -3.00 ,0
 0> <info> app: hr,291,-15452, -3.00 ,0
 0> <info> app: hr,292,-15458, -3.00 ,0
 0> <info> app: hr,293,-15456, -3.00 ,0
 0> <info> app: hr,294,-15462, -3.00 ,0
 0> <info> app: hr,295,-15467, -4.00 ,-1
 0> <info> app: hr,296,-15461, -4.00 ,-1
 0> <info> app: hr,297,-15467, -4.00 ,0
 0> <info> app: hr,298,-15453, -4.00 ,0
 0> <info> app: hr,299,-15451, -4.00 ,0
 0> <info> app: hr,300,-15449, -5.00 ,0
 0> <info> app: hr,301,-15458, -5.00 ,0
 0> <info> app: hr,302,-15456, -5.00 ,0
 0> <info> app: hr,303,-15459, -5.00 ,0
 0> <info> app: hr,304,-15468, -6.00 ,0
 0> <info> app: hr,305,-15464, -5.00 ,0
 0> <info> app: hr,306,-15445, -5.00 ,0
 0> <info> app: hr,307,-15459, -6.00 ,0
 0> <info> app: hr,308,-15471, -5.00 ,0
 0> <info> app: hr,309,-15466, -6.00 ,0
 0> <info> app: hr,310,-15473, -6.00 ,0
 0> <info> app: hr,311,-15468, -6.00 ,0
 0> <info> app: hr,312,-15465, -6.00 ,0
 0> <info> app: hr,313,-15459, -6.00 ,0
 0> <info> app: hr,314,-15467, -6.00 ,0
 0> <info> app: hr,315,-15471, -5.00 ,1
 0> <info> app: hr,316,-15468, -5.00 ,1
 0> <info> app: hr,317,-15471, -5.00 ,0
 0> <info> app: hr,318,-15465, -4.00 ,0
 0> <info> app: hr,319,-15469, -4.00 ,0
 0> <info> app: hr,320,-15461, -5.00 ,0
 0> <info> app: hr,321,-15474, -5.00 ,0
 0> <info> app: hr,322,-15466, -4.00 ,0
 0> <info> app: hr,323,-15468, -4.00 ,0
 0> <info> app: hr,324,-15462, -3.00 ,0
 0> <info> app: hr,325,-15470, -3.00 ,0
 0> <info> app: hr,326,-15471, -3.00 ,0
 0> <info> app: hr,327,-15474, -2.00 ,0
 0> <info> app: hr,328,-15451, -2.00 ,0
 0> <info> app: hr,329,-15466, -2.00 ,0
 0> <info> app: hr,330,-15466, -2.00 ,0
 0> <info> app: hr,331,-15454, -2.00 ,0
 0> <info> app: hr,332,-15475, -2.00 ,0
 0> <info> app: hr,333,-15465, -2.00 ,0
 0> <info> app: hr,334,-15458, -2.00 ,0
 0> <info> app: hr,335,-15479, -1.00 ,1
 0> <info> app: hr,336,-15461, -1.00 ,1
 0> <info> app: hr,337,-15472, -1.00 ,0
 0> <info> app: hr,338,-15468, -1.00 ,0
 0> <info> app: hr,339,-15470, 0.00 ,0
 0> <info> app: hr,340,-15468, 0.00 ,0
 0> <info> app: hr,341,-15472, 0.00 ,0
 0> <info> app: hr,342,-15468, 0.00 ,0
 0> <info> app: hr,343,-15465, 0.00 ,0
 0> <info> app: hr,344,-15472, 0.00 ,0
 0> <info> app: hr,345,-15469, 0.00 ,0
 0> <info> app: hr,346,-15446, 0.00 ,0
 0> <info> app: hr,347,-15467, 0.00 ,0
 0> <info> app: hr,348,-15467, 0.00 ,0
 0> <info> app: hr,349,-15453, 0.00 ,0
 0> <info> app: hr,350,-15464, 0.00 ,0
 0> <info> app: hr,351,-15458, 0.00 ,0
 0> <info> app: hr,352,-15463, 0.00 ,0
 0> <info> app: hr,353,-15456, 0.00 ,0
 0> <info> app: hr,354,-15461, 0.00 ,0
 0> <info> app: hr,355,-15468, 0.00 ,0
 0> <info> app: hr,356,-15465, 0.00 ,0
 0> <info> app: hr,357,-15461, 0.00 ,0
 0> <info> app: hr,358,-15459, 0.00 ,0
 0> <info> app: hr,359,-15449, 0.00 ,0
 0> <info> app: hr,360,-15466, 0.00 ,0
 0> <info> app: hr,361,-15456, 0.00 ,0
 0> <info> app: hr,362,-15466, 0.00 ,0
 0> <info> app: hr,363,-15447, 0.00 ,0
 0> <info> app: hr,364,-15455, 0.00 ,0
 0> <info> app: hr,365,-15463, 0.00 ,0
 0> <info> app: hr,366,-15454, -1.00 ,-1
 0> <info> app: hr,367,-15452, -1.00 ,-1
 0> <info> app: hr,368,-15458, -1.00 ,-1
 0> <info> app: hr,369,-15459, -1.00 ,-1
 0> <info> app: hr,370,-15460, -2.00 ,-1
 0> <info> app: hr,371,-15448, -2.00 ,-1
 0> <info> app: hr,372,-15461, -1.00 ,-1
 0> <info> app: hr,373,-15468, -1.00 ,-1
 0> <info> app: hr,374,-15443, -1.00 ,-1
 0> <info> app: hr,375,-15455, -2.00 ,-1
 0> <info> app: hr,376,-15450, -2.00 ,-1
 0> <info> app: hr,377,-15440, -2.00 ,-1
 0> <info> app: hr,378,-15448, -3.00 ,-1
 0> <info> app: hr,379,-15456, -3.00 ,-1
 0> <info> app: hr,380,-15439, -2.00 ,-1
 0> <info> app: hr,381,-15452, -3.00 ,-1
 0> <info> app: hr,382,-15465, -3.00 ,-1
 0> <info> app: hr,383,-15457, -3.00 ,-1
 0> <info> app: hr,384,-15447, -4.00 ,-1
 0> <info> app: hr,385,-15463, -4.00 ,-1
 0> <info> app: hr,386,-15462, -3.00 ,-1
 0> <info> app: hr,387,-15452, -4.00 ,-1
 0> <info> app: hr,388,-15458, -4.00 ,-1
 0> <info> app: hr,389,-15471, -4.00 ,-1
 0> <info> app: hr,390,-15462, -4.00 ,-1
 0> <info> app: hr,391,-15469, -3.00 ,-1
 0> <info> app: hr,392,-15464, -3.00 ,-1
 0> <info> app: hr,393,-15461, -3.00 ,-1
 0> <info> app: hr,394,-15466, -3.00 ,-1
 0> <info> app: hr,395,-15461, -3.00 ,-1
 0> <info> app: hr,396,-15460, -2.00 ,-1
 0> <info> app: hr,397,-15481, -2.00 ,-1
 0> <info> app: hr,398,-15468, -2.00 ,-1
 0> <info> app: hr,399,-15468, -2.00 ,-1
 0> <info> app: hr,400,-15464, -2.00 ,-1
 0> <info> app: hr,401,-15472, -2.00 ,-1
 0> <info> app: hr,402,-15449, -2.00 ,-1
 0> <info> app: hr,403,-15478, -1.00 ,-1
 0> <info> app: hr,404,-15462, -1.00 ,-1
 0> <info> app: hr,405,-15470, 0.00 ,0
 0> <info> app: hr,406,-15455, 0.00 ,0
 0> <info> app: hr,407,-15456, 0.00 ,0
 0> <info> app: hr,408,-15454, 0.00 ,0
 0> <info> app: hr,409,-15462, 0.00 ,0
 0> <info> app: hr,410,-15469, 0.00 ,0
 0> <info> app: hr,411,-15459, 0.00 ,0
 0> <info> app: hr,412,-15465, 0.00 ,0
 0> <info> app: hr,413,-15454, 1.00 ,1
 0> <info> app: hr,414,-15468, 1.00 ,1
 0> <info> app: hr,415,-15468, 0.00 ,0
 0> <info> app: hr,416,-15470, 0.00 ,0
 0> <info> app: hr,417,-15460, 0.00 ,0
 0> <info> app: hr,418,-15456, 0.00 ,0
 0> <info> app: hr,419,-15470, 0.00 ,0
 0> <info> app: hr,420,-15451, 1.00 ,1
 0> <info> app: hr,421,-15449, 1.00 ,1
 0> <info> app: hr,422,-15456, 1.00 ,1
 0> <info> app: hr,423,-15451, 1.00 ,1
 0> <info> app: hr,424,-15451, 1.00 ,1
 0> <info> app: hr,425,-15465, 1.00 ,1
 0> <info> app: hr,426,-15448, 1.00 ,1
 0> <info> app: hr,427,-15464, 1.00 ,1
 0> <info> app: hr,428,-15465, 1.00 ,1
 0> <info> app: hr,429,-15451, 0.00 ,0
 0> <info> app: hr,430,-15461, 0.00 ,0
 0> <info> app: hr,431,-15460, 0.00 ,0
 0> <info> app: hr,432,-15460, 0.00 ,0
 0> <info> app: hr,433,-15467, 0.00 ,0
 0> <info> app: hr,434,-15460, 0.00 ,0
 0> <info> app: hr,435,-15452, 0.00 ,0
 0> <info> app: hr,436,-15475, 0.00 ,0
 0> <info> app: hr,437,-15453, 0.00 ,0
 0> <info> app: hr,438,-15463, 0.00 ,0
 0> <info> app: hr,439,-15453, 0.00 ,0
 0> <info> app: hr,440,-15456, 0.00 ,0
 0> <info> app: hr,441,-15473, 0.00 ,0
 0> <info> app: hr,442,-15461, 0.00 ,0
 0> <info> app: hr,443,-15454, 0.00 ,0
 0> <info> app: hr,444,-15460, 0.00 ,0
 0> <info> app: hr,445,-15455, 0.00 ,0
 0> <info> app: hr,446,-15468, 0.00 ,0
 0> <info> app: hr,447,-15452, 0.00 ,0
 0> <info> app: hr,448,-15450, 0.00 ,0
 0> <info> app: hr,449,-15463, 0.00 ,0
 0> <info> app: hr,450,-15442, 0.00 ,0
 0> <info> app: hr,451,-15460, 0.00 ,0
 0> <info> app: hr,452,-15454, 0.00 ,0
 0> <info> app: hr,453,-15454, 0.00 ,0
 0> <info> app: hr,454,-15464, 0.00 ,0
 0> <info> app: hr,455,-15449, 0.00 ,0
 0> <info> app: hr,456,-15459, 0.00 ,0
 0> <info> app: hr,457,-15444, 0.00 ,0
 0> <info> app: hr,458,-15465, 0.00 ,0
 0> <info> app: hr,459,-15452, -1.00 ,-1
 0> <info> app: hr,460,-15447, -1.00 ,-1
 0> <info> app: hr,461,-15460, -1.00 ,-1
 0> <info> app: hr,462,-15447, -1.00 ,-1
 0> <info> app: hr,463,-15470, -1.00 ,-1
 0> <info> app: hr,464,-15457, -1.00 ,-1
 0> <info> app: hr,465,-15457, -2.00 ,-1
 0> <info> app: hr,466,-15470, -2.00 ,-1
 0> <info> app: hr,467,-15464, -1.00 ,-1
 0> <info> app: hr,468,-15466, -1.00 ,-1
 0> <info> app: hr,469,-15473, -1.00 ,-1
 0> <info> app: hr,470,-15466, -1.00 ,-1
 0> <info> app: hr,471,-15469, -1.00 ,-1
 0> <info> app: hr,472,-15456, 0.00 ,0
 0> <info> app: hr,473,-15469, 0.00 ,0
 0> <info> app: hr,474,-15466, 0.00 ,0
 0> <info> app: hr,475,-15457, 0.00 ,0
 0> <info> app: hr,476,-15464, 0.00 ,0
 0> <info> app: hr,477,-15459, 0.00 ,0
 0> <info> app: hr,478,-15476, 0.00 ,0
 0> <info> app: hr,479,-15471, 0.00 ,0
 0> <info> app: hr,480,-15464, 0.00 ,0
 0> <info> app: hr,481,-15459, 0.00 ,0
 0> <info> app: hr,482,-15473, 0.00 ,0
 0> <info> app: hr,483,-15458, 0.00 ,0
 0> <info> app: hr,484,-15475, 1.00 ,1
 0> <info> app: hr,485,-15454, 1.00 ,1
 0> <info> app: hr,486,-15474, 1.00 ,1
 0> <info> app: hr,487,-15465, 1.00 ,1
 0> <info> app: hr,488,-15474, 1.00 ,1
 0> <info> app: hr,489,-15466, 2.00 ,1
 0> <info> app: hr,490,-15473, 2.00 ,1
 0> <info> app: hr,491,-15456, 1.00 ,1
 0> <info> app: hr,492,-15478, 1.00 ,1
 0> <info> app: hr,493,-15473, 2.00 ,1
 0> <info> app: hr,494,-15457, 2.00 ,1
 0> <info> app: hr,495,-15473, 2.00 ,1
 0> <info> app: hr,496,-15473, 3.00 ,1
 0> <info> app: hr,497,-15473, 3.00 ,1
 0> <info> app: hr,498,-15458, 3.00 ,1
 0> <info> app: hr,499,-15466, 2.00 ,1
 0> <info> app: hr,500,-15470, 3.00 ,1
 0> <info> app: hr,501,-15463, 3.00 ,1
 0> <info> app: hr,502,-15458, 3.00 ,1
 0> <info> app: hr,503,-15459, 3.00 ,1
 0> <info> app: hr,504,-15465, 3.00 ,1
 0> <info> app: hr,505,-15462, 2.00 ,1
 0> <info> app: hr,506,-15473, 3.00 ,1
 0> <info> app: hr,507,-15479, 3.00 ,1
 0> <info> app: hr,508,-15471, 3.00 ,1
 0> <info> app: hr,509,-15456, 3.00 ,1
 0> <info> app: hr,510,-15467, 3.00 ,1
 0> <info> app: hr,511,-15457, 2.00 ,1
 0> <info> app: hr,512,-15463, 2.00 ,1
 0> <info> app: hr,513,-15454, 2.00 ,1
 0> <info> app: hr,514,-15453, 2.00 ,1
 0> <info> app: hr,515,-15461, 2.00 ,1
 0> <info> app: hr,516,-15463, 2.00 ,1
 0> <info> app: hr,517,-15453, 2.00 ,1
 0> <info> app: hr,518,-15461, 2.00 ,1
 0> <info> app: hr,519,-15460, 1.00 ,1
 0> <info> app: hr,520,-15478, 1.00 ,1
 0> <info> app: hr,521,-15472, 1.00 ,1
 0> <info> app: hr,522,-15473, 1.00 ,1
 0> <info> app: hr,523,-15469, 1.00 ,1
 0> <info> app: hr,524,-15461, 1.00 ,1
 0> <info> app: hr,525,-15469, 1.00 ,1
 0> <info> app: hr,526,-15470, 1.00 ,1
 0> <info> app: hr,527,-15464, 1.00 ,1
 0> <info> app: hr,528,-15469, 1.00 ,1
 0> <info> app: hr,529,-15473, 1.00 ,1
 0> <info> app: hr,530,-15476, 1.00 ,1
 0> <info> app: hr,531,-15471, 1.00 ,1
 0> <info> app: hr,532,-15466, 0.00 ,0
 0> <info> app: hr,533,-15468, 0.00 ,0
 0> <info> app: hr,534,-15464, 0.00 ,0
 0> <info> app: hr,535,-15457, 0.00 ,0
 0> <info> app: hr,536,-15465, 0.00 ,0
 0> <info> app: hr,537,-15465, 0.00 ,0
 0> <info> app: hr,538,-15462, 0.00 ,0
 0> <info> app: hr,539,-15466, 0.00 ,0
 0> <info> app: hr,540,-15465, 1.00 ,1
 0> <info> app: hr,541,-15482, 1.00 ,1
 0> <info> app: hr,542,-15477, 1.00 ,1
 0> <info> app: hr,543,-15484, 1.00 ,1
 0> <info> app: hr,544,-15464, 1.00 ,1
 0> <info> app: hr,545,-15469, 1.00 ,1
 0> <info> app: hr,546,-15481, 1.00 ,1
 0> <info> app: hr,547,-15485, 1.00 ,1
 0> <info> app: hr,548,-15483, 2.00 ,1
 0> <info> app: hr,549,-15505, 1.00 ,1
 0> <info> app: hr,550,-15481, 1.00 ,1
 0> <info> app: hr,551,-15481, 2.00 ,1
 0> <info> app: hr,552,-15481, 2.00 ,1
 0> <info> app: hr,553,-15492, 2.00 ,1
 0> <info> app: hr,554,-15491, 3.00 ,1
 0> <info> app: hr,555,-15474, 3.00 ,1
 0> <info> app: hr,556,-15477, 4.00 ,1
 0> <info> app: hr,557,-15491, 3.00 ,1
 0> <info> app: hr,558,-15478, 4.00 ,1
 0> <info> app: hr,559,-15471, 4.00 ,1
 0> <info> app: hr,560,-15473, 5.00 ,1
 0> <info> app: hr,561,-15494, 4.00 ,1
 0> <info> app: hr,562,-15489, 5.00 ,1
 0> <info> app: hr,563,-15480, 5.00 ,1
 0> <info> app: hr,564,-15477, 6.00 ,1
 0> <info> app: hr,565,-15484, 5.00 ,1
 0> <info> app: hr,566,-15478, 6.00 ,1
 0> <info> app: hr,567,-15489, 6.00 ,1
 0> <info> app: hr,568,-15474, 5.00 ,1
 0> <info> app: hr,569,-15487, 6.00 ,1
 0> <info> app: hr,570,-15480, 6.00 ,1
 0> <info> app: hr,571,-15486, 6.00 ,1
 0> <info> app: hr,572,-15490, 6.00 ,1
 0> <info> app: hr,573,-15490, 6.00 ,1
 0> <info> app: hr,574,-15469, 6.00 ,1
 0> <info> app: hr,575,-15493, 6.00 ,1
 0> <info> app: hr,576,-15491, 6.00 ,1
 0> <info> app: hr,577,-15480, 6.00 ,1
 0> <info> app: hr,578,-15496, 6.00 ,1
 0> <info> app: hr,579,-15487, 6.00 ,1
 0> <info> app: hr,580,-15493, 6.00 ,1
 0> <info> app: hr,581,-15486, 6.00 ,1
 0> <info> app: hr,582,-15482, 7.00 ,1
 0> <info> app: hr,583,-15491, 6.00 ,1
 0> <info> app: hr,584,-15477, 6.00 ,1
 0> <info> app: hr,585,-15487, 7.00 ,1
 0> <info> app: hr,586,-15484, 6.00 ,1
 0> <info> app: hr,587,-15472, 6.00 ,1
 0> <info> app: hr,588,-15490, 6.00 ,1
 0> <info> app: hr,589,-15483, 6.00 ,1
 0> <info> app: hr,590,-15471, 6.00 ,1
 0> <info> app: hr,591,-15478, 6.00 ,1
 0> <info> app: hr,592,-15481, 5.00 ,1
 0> <info> app: hr,593,-15477, 5.00 ,1
 0> <info> app: hr,594,-15482, 5.00 ,1
 0> <info> app: hr,595,-15484, 5.00 ,1
 0> <info> app: hr,596,-15474, 4.00 ,0
 0> <info> app: hr,597,-15489, 4.00 ,0
 0> <info> app: hr,598,-15486, 4.00 ,0
 0> <info> app: hr,599,-15471, 4.00 ,0
 0> <info> app: hr,600,-15483, 3.00 ,-1
 0> <info> app: hr,601,-15484, 3.00 ,-1
 0> <info> app: hr,602,-15481, 3.00 ,0
 0> <info> app: hr,603,-15484, 3.00 ,0
 0> <info> app: hr,604,-15469, 3.00 ,0
 0> <info> app: hr,605,-15477, 3.00 ,0
 0> <info> app: hr,606,-15474, 2.00 ,0
 0> <info> app: hr,607,-15488, 2.00 ,0
 0> <info> app: hr,608,-15476, 2.00 ,0
 0> <info> app: hr,609,-15470, 2.00 ,0
 0> <info> app: hr,610,-15471, 2.00 ,0
 0> <info> app: hr,611,-15474, 1.00 ,0
 0> <info> app: hr,612,-15493, 1.00 ,-1
 0> <info> app: hr,613,-15481, 1.00 ,0
 0> <info> app: hr,614,-15467, 1.00 ,0
 0> <info> app: hr,615,-15476, 1.00 ,0
 0> <info> app: hr,616,-15474, 0.00 ,0
 0> <info> app: hr,617,-15471, 0.00 ,-1
 0> <info> app: hr,618,-15492, 0.00 ,0
 0> <info> app: hr,619,-15495, 0.00 ,0
 0> <info> app: hr,620,-15479, 0.00 ,0
 0> <info> app: hr,621,-15497, 0.00 ,0
 0> <info> app: hr,622,-15490, 0.00 ,0
 0> <info> app: hr,623,-15494, 0.00 ,0
 0> <info> app: hr,624,-15505, 0.00 ,0
 0> <info> app: hr,625,-15487, 0.00 ,0
 0> <info> app: hr,626,-15492, 0.00 ,0
 0> <info> app: hr,627,-15498, 0.00 ,0
 0> <info> app: hr,628,-15490, 0.00 ,0
 0> <info> app: hr,629,-15489, 0.00 ,0
 0> <info> app: hr,630,-15491, 0.00 ,0
 0> <info> app: hr,631,-15493, 0.00 ,0
 0> <info> app: hr,632,-15490, 0.00 ,0
 0> <info> app: hr,633,-15503, 1.00 ,1
 0> <info> app: hr,634,-15497, 1.00 ,1
 0> <info> app: hr,635,-15501, 1.00 ,1
 0> <info> app: hr,636,-15477, 2.00 ,1
 0> <info> app: hr,637,-15488, 2.00 ,1
 0> <info> app: hr,638,-15493, 2.00 ,1
 0> <info> app: hr,639,-15495, 3.00 ,1
 0> <info> app: hr,640,-15500, 3.00 ,1
 0> <info> app: hr,641,-15494, 2.00 ,1
 0> <info> app: hr,642,-15497, 3.00 ,1
 0> <info> app: hr,643,-15491, 3.00 ,1
 0> <info> app: hr,644,-15489, 3.00 ,1
 0> <info> app: hr,645,-15485, 4.00 ,1
 0> <info> app: hr,646,-15496, 3.00 ,1
 0> <info> app: hr,647,-15494, 3.00 ,1
 0> <info> app: hr,648,-15498, 4.00 ,1
 0> <info> app: hr,649,-15486, 4.00 ,1
 0> <info> app: hr,650,-15493, 4.00 ,1
 0> <info> app: hr,651,-15504, 3.00 ,1
 0> <info> app: hr,652,-15499, 4.00 ,1
 0> <info> app: hr,653,-15498, 4.00 ,1
 0> <info> app: hr,654,-15492, 4.00 ,1
 0> <info> app: hr,655,-15488, 5.00 ,1
 0> <info> app: hr,656,-15501, 4.00 ,1
 0> <info> app: hr,657,-15505, 4.00 ,1
 0> <info> app: hr,658,-15508, 5.00 ,1
 0> <info> app: hr,659,-15509, 5.00 ,1
 0> <info> app: hr,660,-15494, 4.00 ,1
 0> <info> app: hr,661,-15502, 5.00 ,1
 0> <info> app: hr,662,-15510, 5.00 ,1
 0> <info> app: hr,663,-15482, 5.00 ,1
 0> <info> app: hr,664,-15495, 5.00 ,1
 0> <info> app: hr,665,-15500, 5.00 ,1
 0> <info> app: hr,666,-15487, 5.00 ,1
 0> <info> app: hr,667,-15494, 5.00 ,1
 0> <info> app: hr,668,-15496, 5.00 ,1
 0> <info> app: hr,669,-15487, 5.00 ,1
 0> <info> app: hr,670,-15491, 5.00 ,1
 0> <info> app: hr,671,-15489, 4.00 ,1
 0> <info> app: hr,672,-15485, 4.00 ,1
 0> <info> app: hr,673,-15499, 5.00 ,1
 0> <info> app: hr,674,-15499, 5.00 ,1
 0> <info> app: hr,675,-15504, 4.00 ,1
 0> <info> app: hr,676,-15497, 4.00 ,1
 0> <info> app: hr,677,-15496, 4.00 ,1
 0> <info> app: hr,678,-15504, 4.00 ,1
 0> <info> app: hr,679,-15513, 3.00 ,1
 0> <info> app: hr,680,-15506, 3.00 ,1
 0> <info> app: hr,681,-15500, 3.00 ,1
 0> <info> app: hr,682,-15502, 4.00 ,1
 0> <info> app: hr,683,-15488, 4.00 ,1
 0> <info> app: hr,684,-15495, 3.00 ,1
 0> <info> app: hr,685,-15493, 3.00 ,1
 0> <info> app: hr,686,-15500, 3.00 ,1
 0> <info> app: hr,687,-15501, 3.00 ,1
 0> <info> app: hr,688,-15499, 4.00 ,1
 0> <info> app: hr,689,-15506, 4.00 ,1
 0> <info> app: hr,690,-15487, 3.00 ,1
 0> <info> app: hr,691,-15492, 3.00 ,1
 0> <info> app: hr,692,-15502, 3.00 ,1
 0> <info> app: hr,693,-15502, 3.00 ,1
 0> <info> app: hr,694,-15510, 3.00 ,1
 0> <info> app: hr,695,-15498, 2.00 ,0
 0> <info> app: hr,696,-15498, 2.00 ,0
 0> <info> app: hr,697,-15508, 2.00 ,0
 0> <info> app: hr,698,-15502, 3.00 ,1
 0> <info> app: hr,699,-15498, 3.00 ,1
 0> <info> app: hr,700,-15502, 3.00 ,1
 0> <info> app: hr,701,-15501, 3.00 ,1
 0> <info> app: hr,702,-15516, 2.00 ,0
 0> <info> app: hr,703,-15519, 2.00 ,0
 0> <info> app: hr,704,-15514, 3.00 ,1
 0> <info> app: hr,705,-15517, 3.00 ,1
 0> <info> app: hr,706,-15511, 3.00 ,1
 0> <info> app: hr,707,-15523, 3.00 ,1
 0> <info> app: hr,708,-15516, 3.00 ,1
 0> <info> app: hr,709,-15510, 3.00 ,1
 0> <info> app: hr,710,-15505, 4.00 ,1
 0> <info> app: hr,711,-15502, 4.00 ,1
 0> <info> app: hr,712,-15502, 4.00 ,1
 0> <info> app: hr,713,-15498, 4.00 ,1
 0> <info> app: hr,714,-15499, 4.00 ,1
 0> <info> app: hr,715,-15512, 4.00 ,1
 0> <info> app: hr,716,-15509, 5.00 ,1
 0> <info> app: hr,717,-15509, 4.00 ,1
 0> <info> app: hr,718,-15513, 4.00 ,1
 0> <info> app: hr,719,-15494, 4.00 ,1
 0> <info> app: hr,720,-15499, 5.00 ,1
 0> <info> app: hr,721,-15522, 4.00 ,1
 0> <info> app: hr,722,-15513, 4.00 ,1
 0> <info> app: hr,723,-15509, 4.00 ,1
 0> <info> app: hr,724,-15510, 5.00 ,1
 0> <info> app: hr,725,-15520, 5.00 ,1
 0> <info> app: hr,726,-15503, 4.00 ,1
 0> <info> app: hr,727,-15507, 4.00 ,1
 0> <info> app: hr,728,-15514, 4.00 ,1
 0> <info> app: hr,729,-15516, 5.00 ,1
 0> <info> app: hr,730,-15514, 4.00 ,1
 0> <info> app: hr,731,-15511, 4.00 ,1
 0> <info> app: hr,732,-15520, 4.00 ,1
 0> <info> app: hr,733,-15509, 5.00 ,1
 0> <info> app: hr,734,-15517, 4.00 ,1
 0> <info> app: hr,735,-15520, 4.00 ,1
 0> <info> app: hr,736,-15526, 5.00 ,1
 0> <info> app: hr,737,-15528, 5.00 ,1
 0> <info> app: hr,738,-15504, 4.00 ,1
 0> <info> app: hr,739,-15510, 5.00 ,1
 0> <info> app: hr,740,-15516, 5.00 ,1
 0> <info> app: hr,741,-15522, 5.00 ,1
 0> <info> app: hr,742,-15517, 5.00 ,1
 0> <info> app: hr,743,-15526, 5.00 ,1
 0> <info> app: hr,744,-15525, 5.00 ,1
 0> <info> app: hr,745,-15515, 5.00 ,1
 0> <info> app: hr,746,-15513, 5.00 ,1
 0> <info> app: hr,747,-15517, 5.00 ,1
 0> <info> app: hr,748,-15511, 6.00 ,1
 0> <info> app: hr,749,-15521, 5.00 ,1
 0> <info> app: hr,750,-15511, 5.00 ,1
 0> <info> app: hr,751,-15508, 6.00 ,1
 0> <info> app: hr,752,-15514, 5.00 ,1
 0> <info> app: hr,753,-15522, 5.00 ,1
 0> <info> app: hr,754,-15513, 5.00 ,1
 0> <info> app: hr,755,-15514, 5.00 ,1
 0> <info> app: hr,756,-15502, 5.00 ,1
 0> <info> app: hr,757,-15515, 5.00 ,1
 0> <info> app: hr,758,-15523, 5.00 ,1
 0> <info> app: hr,759,-15518, 5.00 ,1
 0> <info> app: hr,760,-15528, 4.00 ,1
 0> <info> app: hr,761,-15523, 4.00 ,1
 0> <info> app: hr,762,-15508, 5.00 ,1
 0> <info> app: hr,763,-15518, 5.00 ,1
 0> <info> app: hr,764,-15538, 4.00 ,1
 0> <info> app: hr,765,-15504, 4.00 ,1
 0> <info> app: hr,766,-15513, 4.00 ,1
 0> <info> app: hr,767,-15503, 4.00 ,1
 0> <info> app: hr,768,-15510, 3.00 ,0
 0> <info> app: hr,769,-15519, 3.00 ,0
 0> <info> app: hr,770,-15521, 4.00 ,1
 0> <info> app: hr,771,-15516, 4.00 ,1
 0> <info> app: hr,772,-15525, 4.00 ,1
 0> <info> app: hr,773,-15528, 3.00 ,0
 0> <info> app: hr,774,-15522, 3.00 ,0
 0> <info> app: hr,775,-15515, 3.00 ,0
 0> <info> app: hr,776,-15524, 3.00 ,0
 0> <info> app: hr,777,-15531, 3.00 ,0
 0> <info> app: hr,778,-15519, 2.00 ,-1
 0> <info> app: hr,779,-15532, 3.00 ,0
 0> <info> app: hr,780,-15529, 3.00 ,0
 0> <info> app: hr,781,-15533, 3.00 ,0
 0> <info> app: hr,782,-15543, 3.00 ,0
 0> <info> app: hr,783,-15539, 4.00 ,0
 0> <info> app: hr,784,-15523, 3.00 ,0
 0> <info> app: hr,785,-15528, 3.00 ,0
 0> <info> app: hr,786,-15543, 4.00 ,0
 0> <info> app: hr,787,-15534, 4.00 ,0
 0> <info> app: hr,788,-15534, 5.00 ,0
 0> <info> app: hr,789,-15528, 4.00 ,0
 0> <info> app: hr,790,-15528, 5.00 ,0
 0> <info> app: hr,791,-15533, 5.00 ,0
 0> <info> app: hr,792,-15530, 6.00 ,0
 0> <info> app: hr,793,-15534, 5.00 ,0
 0> <info> app: hr,794,-15543, 5.00 ,0
 0> <info> app: hr,795,-15523, 6.00 ,0
 0> <info> app: hr,796,-15546, 5.00 ,0
 0> <info> app: hr,797,-15530, 6.00 ,0
 0> <info> app: hr,798,-15541, 6.00 ,0
 0> <info> app: hr,799,-15536, 6.00 ,0
 0> <info> app: hr,800,-15525, 6.00 ,0
 0> <info> app: hr,801,-15540, 7.00 ,0
 0> <info> app: hr,802,-15515, 6.00 ,0
 0> <info> app: hr,803,-15533, 7.00 ,0
 0> <info> app: hr,804,-15528, 7.00 ,0
 0> <info> app: hr,805,-15541, 6.00 ,0
 0> <info> app: hr,806,-15551, 7.00 ,0
 0> <info> app: hr,807,-15548, 7.00 ,0
 0> <info> app: hr,808,-15550, 7.00 ,0
 0> <info> app: hr,809,-15541, 7.00 ,0
 0> <info> app: hr,810,-15537, 6.00 ,0
 0> <info> app: hr,811,-15536, 7.00 ,0
 0> <info> app: hr,812,-15530, 7.00 ,0
 0> <info> app: hr,813,-15526, 7.00 ,0
 0> <info> app: hr,814,-15537, 7.00 ,0
 0> <info> app: hr,815,-15527, 8.00 ,0
 0> <info> app: hr,816,-15541, 7.00 ,0
 0> <info> app: hr,817,-15532, 7.00 ,0
 0> <info> app: hr,818,-15544, 6.00 ,0
 0> <info> app: hr,819,-15530, 7.00 ,0
 0> <info> app: hr,820,-15544, 7.00 ,0
 0> <info> app: hr,821,-15541, 6.00 ,0
 0> <info> app: hr,822,-15543, 7.00 ,0
 0> <info> app: hr,823,-15535, 7.00 ,0
 0> <info> app: hr,824,-15543, 6.00 ,0
 0> <info> app: hr,825,-15532, 6.00 ,0
 0> <info> app: hr,826,-15523, 7.00 ,0
 0> <info> app: hr,827,-15531, 6.00 ,0
 0> <info> app: hr,828,-15526, 6.00 ,0
 0> <info> app: hr,829,-15539, 6.00 ,0
 0> <info> app: hr,830,-15543, 5.00 ,0
 0> <info> app: hr,831,-15527, 5.00 ,0
 0> <info> app: hr,832,-15539, 5.00 ,0
 0> <info> app: hr,833,-15540, 4.00 ,0
 0> <info> app: hr,834,-15532, 5.00 ,0
 0> <info> app: hr,835,-15540, 5.00 ,0
 0> <info> app: hr,836,-15535, 5.00 ,0
 0> <info> app: hr,837,-15526, 4.00 ,0
 0> <info> app: hr,838,-15528, 4.00 ,0
 0> <info> app: hr,839,-15523, 4.00 ,0
 0> <info> app: hr,840,-15537, 4.00 ,0
 0> <info> app: hr,841,-15534, 4.00 ,0
 0> <info> app: hr,842,-15538, 3.00 ,0
 0> <info> app: hr,843,-15528, 3.00 ,-1
 0> <info> app: hr,844,-15520, 2.00 ,0
 0> <info> app: hr,845,-15520, 2.00 ,0
 0> <info> app: hr,846,-15532, 2.00 ,0
 0> <info> app: hr,847,-15529, 2.00 ,0
 0> <info> app: hr,848,-15529, 1.00 ,0
 0> <info> app: hr,849,-15539, 1.00 ,-1
 0> <info> app: hr,850,-15517, 0.00 ,0
 0> <info> app: hr,851,-15521, 0.00 ,0
 0> <info> app: hr,852,-15533, 0.00 ,0
 0> <info> app: hr,853,-15532, 0.00 ,0
 0> <info> app: hr,854,-15539, 0.00 ,0
 0> <info> app: hr,855,-15527, 0.00 ,0
 0> <info> app: hr,856,-15537, 0.00 ,0
 0> <info> app: hr,857,-15542, 0.00 ,0
 0> <info> app: hr,858,-15531, 0.00 ,0
 0> <info> app: hr,859,-15552, 0.00 ,0
 0> <info> app: hr,860,-15538, 0.00 ,0
 0> <info> app: hr,861,-15528, 0.00 ,0
 0> <info> app: hr,862,-15552, 0.00 ,0
 0> <info> app: hr,863,-15549, 0.00 ,0
 0> <info> app: hr,864,-15553, 0.00 ,0
 0> <info> app: hr,865,-15552, 0.00 ,0
 0> <info> app: hr,866,-15554, 0.00 ,0
 0> <info> app: hr,867,-15558, 0.00 ,0
 0> <info> app: hr,868,-15546, 0.00 ,0
 0> <info> app: hr,869,-15555, 0.00 ,0
 0> <info> app: hr,870,-15553, 1.00 ,1
 0> <info> app: hr,871,-15558, 1.00 ,1
 0> <info> app: hr,872,-15552, 2.00 ,1
 0> <info> app: hr,873,-15548, 2.00 ,1
 0> <info> app: hr,874,-15562, 3.00 ,1
 0> <info> app: hr,875,-15540, 3.00 ,1
 0> <info> app: hr,876,-15549, 3.00 ,1
 0> <info> app: hr,877,-15561, 3.00 ,1
 0> <info> app: hr,878,-15548, 4.00 ,1
 0> <info> app: hr,879,-15563, 4.00 ,1
 0> <info> app: hr,880,-15552, 5.00 ,1
 0> <info> app: hr,881,-15542, 4.00 ,1
 0> <info> app: hr,882,-15549, 5.00 ,1
 0> <info> app: hr,883,-15550, 5.00 ,1
 0> <info> app: hr,884,-15549, 6.00 ,1
 0> <info> app: hr,885,-15538, 5.00 ,1
 0> <info> app: hr,886,-15552, 6.00 ,1
 0> <info> app: hr,887,-15551, 6.00 ,1
 0> <info> app: hr,888,-15541, 6.00 ,1
 0> <info> app: hr,889,-15553, 6.00 ,1
 0> <info> app: hr,890,-15538, 6.00 ,1
 0> <info> app: hr,891,-15553, 6.00 ,1
 0> <info> app: hr,892,-15545, 6.00 ,1
 0> <info> app: hr,893,-15555, 6.00 ,1
 0> <info> app: hr,894,-15545, 6.00 ,1
 0> <info> app: hr,895,-15543, 6.00 ,1
 0> <info> app: hr,896,-15553, 6.00 ,1
 0> <info> app: hr,897,-15556, 5.00 ,1
 0> <info> app: hr,898,-15551, 6.00 ,1
 0> <info> app: hr,899,-15545, 6.00 ,1
 0> <info> app: hr,900,-15553, 5.00 ,1
 0> <info> app: hr,901,-15558, 5.00 ,1
 0> <info> app: hr,902,-15554, 6.00 ,1
 0> <info> app: hr,903,-15560, 6.00 ,1
 0> <info> app: hr,904,-15557, 5.00 ,1
 0> <info> app: hr,905,-15568, 5.00 ,1
 0> <info> app: hr,906,-15560, 6.00 ,1
 0> <info> app: hr,907,-15573, 5.00 ,1
 0> <info> app: hr,908,-15558, 5.00 ,1
 0> <info> app: hr,909,-15558, 6.00 ,1
 0> <info> app: hr,910,-15562, 6.00 ,1
 0> <info> app: hr,911,-15573, 6.00 ,1
 0> <info> app: hr,912,-15583, 6.00 ,1
 0> <info> app: hr,913,-15577, 7.00 ,1
 0> <info> app: hr,914,-15578, 6.00 ,1
 0> <info> app: hr,915,-15584, 7.00 ,1
 0> <info> app: hr,916,-15601, 6.00 ,1
 0> <info> app: hr,917,-15608, 7.00 ,1
 0> <info> app: hr,918,-15635, 8.00 ,1
 0> <info> app: hr,919,-15643, 8.00 ,1
 0> <info> app: hr,920,-15639, 10.00 ,1
 0> <info> app: hr,921,-15631, 10.00 ,1
 0> <info> app: hr,922,-15632, 12.00 ,1
 0> <info> app: hr,923,-15634, 13.00 ,1
 0> <info> app: hr,924,-15632, 15.00 ,1
 0> <info> app: hr,925,-15645, 16.00 ,1
 0> <info> app: hr,926,-15637, 17.00 ,1
 0> <info> app: hr,927,-15626, 18.00 ,1
 0> <info> app: hr,928,-15641, 19.00 ,1
 0> <info> app: hr,929,-15635, 21.00 ,1
 0> <info> app: hr,930,-15637, 22.00 ,1
 0> <info> app: hr,931,-15644, 23.00 ,1
 0> <info> app: hr,932,-15637, 25.00 ,1
 0> <info> app: hr,933,-15633, 26.00 ,1
 0> <info> app: hr,934,-15629, 27.00 ,1
 0> <info> app: hr,935,-15632, 28.00 ,1
 0> <info> app: hr,936,-15651, 28.00 ,1
 0> <info> app: hr,937,-15643, 29.00 ,1
 0> <info> app: hr,938,-15616, 31.00 ,1
 0> <info> app: hr,939,-15653, 31.00 ,1
 0> <info> app: hr,940,-15645, 31.00 ,1
 0> <info> app: hr,941,-15654, 32.00 ,1
 0> <info> app: hr,942,-15660, 32.00 ,1
 0> <info> app: hr,943,-15658, 34.00 ,1
 0> <info> app: hr,944,-15675, 34.00 ,1
 0> <info> app: hr,945,-15713, 34.00 ,1
 0> <info> app: hr,946,-15722, 35.00 ,1
 0> <info> app: hr,947,-15717, 36.00 ,1
 0> <info> app: hr,948,-15702, 37.00 ,1
 0> <info> app: hr,949,-15680, 38.00 ,1
 0> <info> app: hr,950,-15668, 39.00 ,1
 0> <info> app: hr,951,-15678, 39.00 ,1
 0> <info> app: hr,952,-15665, 40.00 ,1
 0> <info> app: hr,953,-15683, 41.00 ,1
 0> <info> app: hr,954,-15694, 41.00 ,1
 0> <info> app: hr,955,-15690, 42.00 ,1
 0> <info> app: hr,956,-15704, 42.00 ,1
 0> <info> app: hr,957,-15703, 43.00 ,1
 0> <info> app: hr,958,-15722, 42.00 ,1
 0> <info> app: hr,959,-15716, 43.00 ,1
 0> <info> app: hr,960,-15723, 44.00 ,1
 0> <info> app: hr,961,-15720, 44.00 ,1
 0> <info> app: hr,962,-15726, 45.00 ,1
 0> <info> app: hr,963,-15745, 45.00 ,1
 0> <info> app: hr,964,-15741, 46.00 ,1
 0> <info> app: hr,965,-15751, 47.00 ,1
 0> <info> app: hr,966,-15756, 47.00 ,1
 0> <info> app: hr,967,-15768, 48.00 ,1
 0> <info> app: hr,968,-15775, 49.00 ,1
 0> <info> app: hr,969,-15770, 49.00 ,1
 0> <info> app: hr,970,-15757, 50.00 ,1
 0> <info> app: hr,971,-15761, 51.00 ,1
 0> <info> app: hr,972,-15766, 52.00 ,1
 0> <info> app: hr,973,-15760, 52.00 ,1
 0> <info> app: hr,974,-15765, 53.00 ,1
 0> <info> app: hr,975,-15766, 54.00 ,1
 0> <info> app: hr,976,-15764, 54.00 ,1
 0> <info> app: hr,977,-15767, 54.00 ,1
 0> <info> app: hr,978,-15750, 54.00 ,1
 0> <info> app: hr,979,-15748, 56.00 ,1
 0> <info> app: hr,980,-15763, 56.00 ,1
 0> <info> app: hr,981,-15739, 55.00 ,1
 0> <info> app: hr,982,-15745, 55.00 ,1
 0> <info> app: hr,983,-15750, 56.00 ,1
 0> <info> app: hr,984,-15730, 55.00 ,0
 0> <info> app: hr,985,-15724, 54.00 ,0
 0> <info> app: hr,986,-15721, 54.00 ,0
 0> <info> app: hr,987,-15711, 53.00 ,0
 0> <info> app: hr,988,-15704, 52.00 ,0
 0> <info> app: hr,989,-15697, 50.00 ,-1
 0> <info> app: hr,990,-15694, 50.00 ,-1
 0> <info> app: hr,991,-15691, 47.00 ,-1
 0> <info> app: hr,992,-15694, 46.00 ,-1
 0> <info> app: hr,993,-15696, 43.00 ,-1
 0> <info> app: hr,994,-15697, 42.00 ,-1
 0> <info> app: hr,995,-15691, 40.00 ,-1
 0> <info> app: hr,996,-15690, 38.00 ,-1
 0> <info> app: hr,997,-15682, 35.00 ,-1
 0> <info> app: hr,998,-15682, 33.00 ,-1
 0> <info> app: hr,999,-15680, 31.00 ,-1
 0> <info> app: hr,1000,-15674, 28.00 ,-1
 0> <info> app: hr,1001,-15679, 27.00 ,-1
 0> <info> app: hr,1002,-15690, 23.00 ,-1
 0> <info> app: hr,1003,-15668, 21.00 ,-1
 0> <info> app: hr,1004,-15663, 19.00 ,-1
 0> <info> app: hr,1005,-15671, 17.00 ,-1
 0> <info> app: hr,1006,-15701, 14.00 ,-1
 0> <info> app: hr,1007,-15714, 12.00 ,-1
 0> <info> app: hr,1008,-15719, 10.00 ,-1
 0> <info> app: hr,1009,-15739, 8.00 ,-1
 0> <info> app: hr,1010,-15717, 7.00 ,-1
 0> <info> app: hr,1011,-15720, 6.00 ,-1
 0> <info> app: hr,1012,-15723, 4.00 ,-1
 0> <info> app: hr,1013,-15719, 3.00 ,-1
 0> <info> app: hr,1014,-15718, 2.00 ,-1
 0> <info> app: hr,1015,-15733, 1.00 ,-1
 0> <info> app: hr,1016,-15719, 0.00 ,-1
 0> <info> app: [OK]	HR has been calculated 2
 0> <info> app: [OK]	HR Background stop
 0> <info> app: ^
 0> <info> app: HR A
 0> <info> app: HR C
 0> <info> app: HR D
 0> <info> app: Show HR Result
 0> <info> app: BATT Reading...
 0> <info> app: Raw 865,SOC 65,BattFullDetect 0, 383V
 0> <info> app: Save 1536355940, 2687, 1586, -17378,

# Logging stopped @ 27 Nov 2018 14:23:38
