# SEGGER J-Link RTT Viewer V6.16a Terminal Log File
# Compiled: 12:44:10 on Jun  6 2017
# Logging started @ 27 Nov 2018 13:56:04
 0> <info> app: BATT Reading...
 0> <info> app: Raw 876,SOC 76,BattFullDetect 0, 388V
 0> <info> app: Save 1536354499, 2575, 1552, -17395,
 0> <info> app: ***********  Application started  ***********
 0> 
 0> <info> app: [OK] NRF Power ON 0x0004. 
 0> <info> app: Read MAC:CC34D2110EF6
 0> <info> app: ***********  Sensor initial ***********
 0> <info> app: [OK]	BMI160
 0> <info> app: [OK]	SETUP ACC
 0> <info> app: [OK]	SETUP STEP COUNT
 0> <info> app: [OK]	FLASH MEMORY
 0> <info> app: [OK]	Read and using configuration in flash memory
 0> <info> app: [OK]	Using queue setting from flash memory
 0> <info> app: gender in flash 1
 0> <info> app: [OK]	OLED Initial
 0> <info> app: [OK]	Max30102 Initial, Temperature 30.43
 0> <info> app: ********** End sensor initial *********
 0> 
 0> <info> app: Erase bonds!
 0> <info> app: BLE_ADV_EVT_FAST
 0> <info> app: advertising is started
 0> <info> app: [FALL] Device restart detected. It require setup timer from flash memory
 0> 
 0> <info> app: [OK]	FLASH MEMORY
 0> <info> app: [OK] Pedo data with pages 1140
 0> 
 0> <error> app: [OK] Unix Time in flash 1536354390
 0> <error> app: [OK] Unix Time in flash 1536354400
 0> <error> app: [OK] Unix Time in flash 1536354410
 0> <error> app: [OK] Unix Time in flash 1536354420
 0> <error> app: [OK] Unix Time in flash 1536354430
 0> <error> app: [OK] Unix Time in flash 1536354440
 0> <error> app: [OK] Unix Time in flash 1536354450
 0> <error> app: [OK] Unix Time in flash 1536354459
 0> <info> app: BATT Reading...
 0> <info> app: Raw 873,SOC 73,BattFullDetect 0, 386V
 0> <info> app: Save 1536354490, 1308, 1527, -17502,
 0> <info> app: ALERT_BT_CHECK_WAIT_KRY
 0> <info> app: Left Press
 0> <info> app: [OK]	Max30102 Already and background working is begin
 0> 
 0> <info> app: BATT Reading...
 0> <info> app: Raw 872,SOC 72,BattFullDetect 0, 386V
 0> <info> app: Save 1536354500, 2683, 1773, -17356,
 0> <info> app: BATT Reading...
 0> <info> app: Raw 871,SOC 71,BattFullDetect 0, 386V
 0> <info> app: Save 1536354510, 2564, 1965, -17364,
 0> <info> app: [OK]	HR sample count 1017
 0> 
 0> Plus Signal 1, 52
 0> Minus Signal -1, 98
 0> plus_index 52, minus_index 98, Peak Index, 84,85,86,87,88,89,90,91,92,93,94,95,96,97,, AVR Peak Index, 90, HR 0, Reject out of 30-180.
 0> Plus Signal 1, 128
 0> Minus Signal -1, 151
 0> plus_index 128, minus_index 151, Peak Index, 138,141,142,, AVR Peak Index, 140, HR 120
 0> Plus Signal 1, 205
 0> Minus Signal -1, 237
 0> plus_index 205, minus_index 237, Peak Index, 221,222,223,224,225,226,227,228,229,, AVR Peak Index, 225, HR 70
 0> Plus Signal 1, 295
 0> Minus Signal -1, 325
 0> plus_index 295, minus_index 325, Peak Index, 311,312,316,317,, AVR Peak Index, 314, HR 67
 0> Plus Signal 1, 389
 0> Minus Signal -1, 419
 0> plus_index 389, minus_index 419, Peak Index, 400,401,402,403,404,405,406,407,408,410,, AVR Peak Index, 405, HR 65
 0> Plus Signal 1, 465
 0> Minus Signal -1, 498
 0> plus_index 465, minus_index 498, Peak Index, 487,, AVR Peak Index, 487, HR 73
 0> Plus Signal 1, 571
 0> Minus Signal -1, 596
 0> plus_index 571, minus_index 596, Peak Index, 580,582,583,584,585,586,589,, AVR Peak Index, 584, HR 61
 0> Plus Signal 1, 685
 0> Minus Signal -1, 711
 0> plus_index 685, minus_index 711, Peak Index, 691,692,695,696,697,698,, AVR Peak Index, 694, HR 54
 0> Plus Signal 1, 724
 0> Minus Signal -1, 764
 0> plus_index 724, minus_index 764, Peak Index, 745,746,749,750,753,, AVR Peak Index, 749, HR 109
 0> Plus Signal 1, 803
 0> Minus Signal -1, 851
 0> plus_index 803, minus_index 851, Peak Index, 831,832,834,835,837,838,840,, AVR Peak Index, 835, HR 69
 0> Plus Signal 1, 898
 0> Minus Signal -1, 932
 0> plus_index 898, minus_index 932, Peak Index, 916,917,918,919,920,922,923,, AVR Peak Index, 919, HR 71<info> app: HR>>>
 0> 54,61,65,67,69,70,71,73,109,120, sum div 66, 7<info> app: HR final>>>
 0> 54,61,65,67,69,70,71,73,<info> app: 
 0> HR  >>> 66
 0> <info> app: hr,50,31566, -4.00 ,0
 0> <info> app: hr,51,31551, -4.00 ,0
 0> <info> app: hr,52,31586, -5.00 ,0
 0> <info> app: hr,53,31585, -5.00 ,0
 0> <info> app: hr,54,31586, -4.00 ,0
 0> <info> app: hr,55,31573, -4.00 ,0
 0> <info> app: hr,56,31586, -5.00 ,0
 0> <info> app: hr,57,31591, -5.00 ,0
 0> <info> app: hr,58,31599, -4.00 ,0
 0> <info> app: hr,59,31581, -4.00 ,0
 0> <info> app: hr,60,31598, -5.00 ,0
 0> <info> app: hr,61,31603, -5.00 ,0
 0> <info> app: hr,62,31565, -5.00 ,0
 0> <info> app: hr,63,31603, -5.00 ,0
 0> <info> app: hr,64,31593, -6.00 ,0
 0> <info> app: hr,65,31597, -6.00 ,0
 0> <info> app: hr,66,31608, -6.00 ,0
 0> <info> app: hr,67,31571, -6.00 ,0
 0> <info> app: hr,68,31621, -7.00 ,0
 0> <info> app: hr,69,31613, -6.00 ,0
 0> <info> app: hr,70,31604, -7.00 ,0
 0> <info> app: hr,71,31609, -7.00 ,0
 0> <info> app: hr,72,31611, -8.00 ,0
 0> <info> app: hr,73,31626, -9.00 ,-1
 0> <info> app: hr,74,31615, -9.00 ,-1
 0> <info> app: hr,75,31633, -10.00 ,0
 0> <info> app: hr,76,31611, -10.00 ,0
 0> <info> app: hr,77,31599, -11.00 ,0
 0> <info> app: hr,78,31608, -11.00 ,0
 0> <info> app: hr,79,31594, -12.00 ,0
 0> <info> app: hr,80,31614, -12.00 ,0
 0> <info> app: hr,81,31591, -12.00 ,0
 0> <info> app: hr,82,31629, -13.00 ,0
 0> <info> app: hr,83,31589, -13.00 ,0
 0> <info> app: hr,84,31605, -12.00 ,0
 0> <info> app: hr,85,31589, -13.00 ,0
 0> <info> app: hr,86,31593, -13.00 ,0
 0> <info> app: hr,87,31583, -13.00 ,0
 0> <info> app: hr,88,31566, -13.00 ,0
 0> <info> app: hr,89,31569, -13.00 ,0
 0> <info> app: hr,90,31590, -12.00 ,0
 0> <info> app: hr,91,31556, -12.00 ,1
 0> <info> app: hr,92,31600, -11.00 ,0
 0> <info> app: hr,93,31594, -11.00 ,0
 0> <info> app: hr,94,31589, -10.00 ,0
 0> <info> app: hr,95,31581, -9.00 ,0
 0> <info> app: hr,96,31565, -9.00 ,0
 0> <info> app: hr,97,31599, -8.00 ,0
 0> <info> app: hr,98,31599, -8.00 ,0
 0> <info> app: hr,99,31584, -8.00 ,0
 0> <info> app: hr,100,31603, -7.00 ,0
 0> <info> app: hr,101,31583, -7.00 ,0
 0> <info> app: hr,102,31596, -5.00 ,1
 0> <info> app: hr,103,31599, -5.00 ,1
 0> <info> app: hr,104,31597, -5.00 ,0
 0> <info> app: hr,105,31609, -5.00 ,0
 0> <info> app: hr,106,31646, -4.00 ,0
 0> <info> app: hr,107,31588, -4.00 ,0
 0> <info> app: hr,108,31616, -4.00 ,0
 0> <info> app: hr,109,31592, -4.00 ,0
 0> <info> app: hr,110,31598, -4.00 ,0
 0> <info> app: hr,111,31581, -4.00 ,0
 0> <info> app: hr,112,31594, -4.00 ,0
 0> <info> app: hr,113,31585, -4.00 ,0
 0> <info> app: hr,114,31585, -4.00 ,0
 0> <info> app: hr,115,31605, -3.00 ,1
 0> <info> app: hr,116,31561, -3.00 ,1
 0> <info> app: hr,117,31588, -3.00 ,0
 0> <info> app: hr,118,31584, -3.00 ,0
 0> <info> app: hr,119,31598, -2.00 ,0
 0> <info> app: hr,120,31605, -2.00 ,0
 0> <info> app: hr,121,31595, -1.00 ,0
 0> <info> app: hr,122,31601, -1.00 ,0
 0> <info> app: hr,123,31589, -1.00 ,0
 0> <info> app: hr,124,31614, -1.00 ,0
 0> <info> app: hr,125,31601, -1.00 ,0
 0> <info> app: hr,126,31588, -1.00 ,0
 0> <info> app: hr,127,31608, -1.00 ,0
 0> <info> app: hr,128,31594, -1.00 ,0
 0> <info> app: hr,129,31582, -1.00 ,0
 0> <info> app: hr,130,31586, -1.00 ,0
 0> <info> app: hr,131,31584, -1.00 ,0
 0> <info> app: hr,132,31599, -1.00 ,0
 0> <info> app: hr,133,31601, -1.00 ,0
 0> <info> app: hr,134,31596, 0.00 ,1
 0> <info> app: hr,135,31592, 0.00 ,1
 0> <info> app: hr,136,31607, 0.00 ,0
 0> <info> app: hr,137,31592, 0.00 ,0
 0> <info> app: hr,138,31581, 0.00 ,0
 0> <info> app: hr,139,31596, 0.00 ,0
 0> <info> app: hr,140,31597, 0.00 ,0
 0> <info> app: hr,141,31615, 0.00 ,0
 0> <info> app: hr,142,31601, 0.00 ,0
 0> <info> app: hr,143,31605, 0.00 ,0
 0> <info> app: hr,144,31607, 0.00 ,0
 0> <info> app: hr,145,31630, 0.00 ,0
 0> <info> app: hr,146,31634, 0.00 ,0
 0> <info> app: hr,147,31614, 0.00 ,0
 0> <info> app: hr,148,31622, -1.00 ,-1
 0> <info> app: hr,149,31630, -1.00 ,-1
 0> <info> app: hr,150,31623, -2.00 ,-1
 0> <info> app: hr,151,31633, -2.00 ,-1
 0> <info> app: hr,152,31602, -3.00 ,-1
 0> <info> app: hr,153,31656, -4.00 ,-1
 0> <info> app: hr,154,31634, -4.00 ,-1
 0> <info> app: hr,155,31596, -4.00 ,-1
 0> <info> app: hr,156,31631, -5.00 ,-1
 0> <info> app: hr,157,31597, -6.00 ,-1
 0> <info> app: hr,158,31606, -6.00 ,-1
 0> <info> app: hr,159,31608, -6.00 ,-1
 0> <info> app: hr,160,31595, -7.00 ,-1
 0> <info> app: hr,161,31602, -6.00 ,-1
 0> <info> app: hr,162,31596, -7.00 ,-1
 0> <info> app: hr,163,31591, -7.00 ,-1
 0> <info> app: hr,164,31586, -7.00 ,-1
 0> <info> app: hr,165,31583, -7.00 ,-1
 0> <info> app: hr,166,31591, -7.00 ,-1
 0> <info> app: hr,167,31547, -6.00 ,-1
 0> <info> app: hr,168,31573, -6.00 ,-1
 0> <info> app: hr,169,31561, -6.00 ,-1
 0> <info> app: hr,170,31559, -4.00 ,-1
 0> <info> app: hr,171,31584, -4.00 ,-1
 0> <info> app: hr,172,31576, -3.00 ,-1
 0> <info> app: hr,173,31596, -2.00 ,-1
 0> <info> app: hr,174,31590, -2.00 ,-1
 0> <info> app: hr,175,31572, 0.00 ,0
 0> <info> app: hr,176,31580, 0.00 ,0
 0> <info> app: hr,177,31565, 0.00 ,0
 0> <info> app: hr,178,31579, 1.00 ,1
 0> <info> app: hr,179,31601, 2.00 ,1
 0> <info> app: hr,180,31587, 2.00 ,1
 0> <info> app: hr,181,31574, 2.00 ,1
 0> <info> app: hr,182,31605, 3.00 ,1
 0> <info> app: hr,183,31607, 4.00 ,1
 0> <info> app: hr,184,31591, 4.00 ,1
 0> <info> app: hr,185,31576, 5.00 ,1
 0> <info> app: hr,186,31586, 4.00 ,1
 0> <info> app: hr,187,31602, 5.00 ,1
 0> <info> app: hr,188,31587, 6.00 ,1
 0> <info> app: hr,189,31606, 5.00 ,1
 0> <info> app: hr,190,31615, 5.00 ,1
 0> <info> app: hr,191,31608, 6.00 ,1
 0> <info> app: hr,192,31615, 6.00 ,1
 0> <info> app: hr,193,31593, 5.00 ,1
 0> <info> app: hr,194,31612, 5.00 ,1
 0> <info> app: hr,195,31607, 5.00 ,1
 0> <info> app: hr,196,31601, 4.00 ,1
 0> <info> app: hr,197,31603, 4.00 ,1
 0> <info> app: hr,198,31607, 4.00 ,1
 0> <info> app: hr,199,31580, 3.00 ,0
 0> <info> app: hr,200,31592, 3.00 ,0
 0> <info> app: hr,201,31583, 2.00 ,-1
 0> <info> app: hr,202,31581, 2.00 ,-1
 0> <info> app: hr,203,31588, 2.00 ,0
 0> <info> app: hr,204,31586, 2.00 ,0
 0> <info> app: hr,205,31617, 2.00 ,0
 0> <info> app: hr,206,31598, 2.00 ,0
 0> <info> app: hr,207,31616, 2.00 ,0
 0> <info> app: hr,208,31600, 2.00 ,0
 0> <info> app: hr,209,31601, 1.00 ,-1
 0> <info> app: hr,210,31594, 1.00 ,-1
 0> <info> app: hr,211,31591, 1.00 ,0
 0> <info> app: hr,212,31600, 1.00 ,0
 0> <info> app: hr,213,31593, 0.00 ,0
 0> <info> app: hr,214,31579, 0.00 ,0
 0> <info> app: hr,215,31610, 0.00 ,0
 0> <info> app: hr,216,31625, 0.00 ,0
 0> <info> app: hr,217,31613, 0.00 ,0
 0> <info> app: hr,218,31581, 0.00 ,0
 0> <info> app: hr,219,31607, 0.00 ,0
 0> <info> app: hr,220,31596, 0.00 ,0
 0> <info> app: hr,221,31628, 0.00 ,0
 0> <info> app: hr,222,31631, 0.00 ,0
 0> <info> app: hr,223,31603, -1.00 ,-1
 0> <info> app: hr,224,31627, -1.00 ,-1
 0> <info> app: hr,225,31632, -2.00 ,-1
 0> <info> app: hr,226,31637, -2.00 ,-1
 0> <info> app: hr,227,31639, -3.00 ,-1
 0> <info> app: hr,228,31625, -3.00 ,-1
 0> <info> app: hr,229,31653, -4.00 ,-1
 0> <info> app: hr,230,31638, -4.00 ,-1
 0> <info> app: hr,231,31624, -5.00 ,-1
 0> <info> app: hr,232,31637, -6.00 ,-1
 0> <info> app: hr,233,31634, -6.00 ,-1
 0> <info> app: hr,234,31647, -8.00 ,-1
 0> <info> app: hr,235,31610, -8.00 ,-1
 0> <info> app: hr,236,31599, -9.00 ,-1
 0> <info> app: hr,237,31621, -10.00 ,-1
 0> <info> app: hr,238,31606, -10.00 ,-1
 0> <info> app: hr,239,31588, -10.00 ,-1
 0> <info> app: hr,240,31598, -10.00 ,-1
 0> <info> app: hr,241,31582, -10.00 ,-1
 0> <info> app: hr,242,31592, -10.00 ,-1
 0> <info> app: hr,243,31547, -9.00 ,-1
 0> <info> app: hr,244,31566, -9.00 ,-1
 0> <info> app: hr,245,31556, -8.00 ,-1
 0> <info> app: hr,246,31555, -8.00 ,-1
 0> <info> app: hr,247,31545, -7.00 ,-1
 0> <info> app: hr,248,31551, -5.00 ,-1
 0> <info> app: hr,249,31551, -5.00 ,-1
 0> <info> app: hr,250,31562, -4.00 ,-1
 0> <info> app: hr,251,31557, -1.00 ,0
 0> <info> app: hr,252,31555, 0.00 ,0
 0> <info> app: hr,253,31565, 0.00 ,0
 0> <info> app: hr,254,31561, 1.00 ,0
 0> <info> app: hr,255,31570, 3.00 ,1
 0> <info> app: hr,256,31558, 3.00 ,1
 0> <info> app: hr,257,31565, 5.00 ,1
 0> <info> app: hr,258,31542, 6.00 ,1
 0> <info> app: hr,259,31553, 8.00 ,1
 0> <info> app: hr,260,31547, 8.00 ,1
 0> <info> app: hr,261,31568, 10.00 ,1
 0> <info> app: hr,262,31542, 10.00 ,1
 0> <info> app: hr,263,31552, 12.00 ,1
 0> <info> app: hr,264,31542, 13.00 ,1
 0> <info> app: hr,265,31566, 13.00 ,1
 0> <info> app: hr,266,31572, 15.00 ,1
 0> <info> app: hr,267,31570, 15.00 ,1
 0> <info> app: hr,268,31577, 16.00 ,1
 0> <info> app: hr,269,31555, 16.00 ,1
 0> <info> app: hr,270,31577, 17.00 ,1
 0> <info> app: hr,271,31553, 18.00 ,1
 0> <info> app: hr,272,31564, 18.00 ,1
 0> <info> app: hr,273,31574, 18.00 ,1
 0> <info> app: hr,274,31570, 18.00 ,1
 0> <info> app: hr,275,31569, 18.00 ,1
 0> <info> app: hr,276,31546, 18.00 ,1
 0> <info> app: hr,277,31554, 18.00 ,1
 0> <info> app: hr,278,31569, 18.00 ,1
 0> <info> app: hr,279,31575, 18.00 ,1
 0> <info> app: hr,280,31581, 17.00 ,1
 0> <info> app: hr,281,31595, 17.00 ,1
 0> <info> app: hr,282,31559, 17.00 ,1
 0> <info> app: hr,283,31592, 17.00 ,1
 0> <info> app: hr,284,31570, 16.00 ,1
 0> <info> app: hr,285,31571, 16.00 ,1
 0> <info> app: hr,286,31571, 15.00 ,0
 0> <info> app: hr,287,31573, 14.00 ,-1
 0> <info> app: hr,288,31581, 14.00 ,-1
 0> <info> app: hr,289,31560, 13.00 ,0
 0> <info> app: hr,290,31597, 13.00 ,0
 0> <info> app: hr,291,31577, 13.00 ,0
 0> <info> app: hr,292,31561, 12.00 ,0
 0> <info> app: hr,293,31559, 10.00 ,-1
 0> <info> app: hr,294,31590, 10.00 ,-1
 0> <info> app: hr,295,31564, 9.00 ,-1
 0> <info> app: hr,296,31578, 9.00 ,0
 0> <info> app: hr,297,31587, 8.00 ,0
 0> <info> app: hr,298,31592, 8.00 ,0
 0> <info> app: hr,299,31604, 7.00 ,0
 0> <info> app: hr,300,31624, 6.00 ,0
 0> <info> app: hr,301,31585, 6.00 ,0
 0> <info> app: hr,302,31618, 4.00 ,-1
 0> <info> app: hr,303,31601, 4.00 ,-1
 0> <info> app: hr,304,31632, 3.00 ,-1
 0> <info> app: hr,305,31626, 2.00 ,-1
 0> <info> app: hr,306,31638, 1.00 ,0
 0> <info> app: hr,307,31609, 0.00 ,-1
 0> <info> app: hr,308,31657, -1.00 ,-1
 0> <info> app: hr,309,31651, -2.00 ,-1
 0> <info> app: hr,310,31616, -4.00 ,-1
 0> <info> app: hr,311,31635, -5.00 ,-1
 0> <info> app: hr,312,31630, -7.00 ,-1
 0> <info> app: hr,313,31644, -8.00 ,-1
 0> <info> app: hr,314,31636, -10.00 ,-1
 0> <info> app: hr,315,31638, -11.00 ,-1
 0> <info> app: hr,316,31608, -13.00 ,-1
 0> <info> app: hr,317,31623, -13.00 ,-1
 0> <info> app: hr,318,31612, -14.00 ,-1
 0> <info> app: hr,319,31597, -16.00 ,-1
 0> <info> app: hr,320,31584, -16.00 ,-1
 0> <info> app: hr,321,31598, -17.00 ,-1
 0> <info> app: hr,322,31565, -17.00 ,-1
 0> <info> app: hr,323,31581, -17.00 ,-1
 0> <info> app: hr,324,31582, -17.00 ,-1
 0> <info> app: hr,325,31586, -17.00 ,-1
 0> <info> app: hr,326,31612, -18.00 ,-1
 0> <info> app: hr,327,31584, -17.00 ,-1
 0> <info> app: hr,328,31580, -17.00 ,-1
 0> <info> app: hr,329,31566, -16.00 ,-1
 0> <info> app: hr,330,31585, -15.00 ,-1
 0> <info> app: hr,331,31545, -14.00 ,-1
 0> <info> app: hr,332,31574, -14.00 ,-1
 0> <info> app: hr,333,31518, -13.00 ,-1
 0> <info> app: hr,334,31557, -12.00 ,-1
 0> <info> app: hr,335,31549, -11.00 ,-1
 0> <info> app: hr,336,31552, -9.00 ,-1
 0> <info> app: hr,337,31561, -8.00 ,-1
 0> <info> app: hr,338,31550, -6.00 ,-1
 0> <info> app: hr,339,31543, -5.00 ,-1
 0> <info> app: hr,340,31535, -4.00 ,-1
 0> <info> app: hr,341,31564, -2.00 ,-1
 0> <info> app: hr,342,31554, 0.00 ,0
 0> <info> app: hr,343,31528, 0.00 ,0
 0> <info> app: hr,344,31541, 1.00 ,0
 0> <info> app: hr,345,31575, 3.00 ,1
 0> <info> app: hr,346,31552, 4.00 ,1
 0> <info> app: hr,347,31549, 5.00 ,1
 0> <info> app: hr,348,31556, 6.00 ,1
 0> <info> app: hr,349,31536, 8.00 ,1
 0> <info> app: hr,350,31557, 8.00 ,1
 0> <info> app: hr,351,31543, 10.00 ,1
 0> <info> app: hr,352,31529, 10.00 ,1
 0> <info> app: hr,353,31563, 12.00 ,1
 0> <info> app: hr,354,31567, 13.00 ,1
 0> <info> app: hr,355,31557, 14.00 ,1
 0> <info> app: hr,356,31541, 14.00 ,1
 0> <info> app: hr,357,31549, 15.00 ,1
 0> <info> app: hr,358,31549, 15.00 ,1
 0> <info> app: hr,359,31574, 16.00 ,1
 0> <info> app: hr,360,31558, 16.00 ,1
 0> <info> app: hr,361,31567, 17.00 ,1
 0> <info> app: hr,362,31568, 17.00 ,1
 0> <info> app: hr,363,31550, 16.00 ,1
 0> <info> app: hr,364,31551, 16.00 ,0
 0> <info> app: hr,365,31569, 16.00 ,1
 0> <info> app: hr,366,31561, 17.00 ,0
 0> <info> app: hr,367,31565, 17.00 ,0
 0> <info> app: hr,368,31551, 16.00 ,0
 0> <info> app: hr,369,31567, 16.00 ,0
 0> <info> app: hr,370,31552, 16.00 ,0
 0> <info> app: hr,371,31583, 15.00 ,0
 0> <info> app: hr,372,31576, 15.00 ,0
 0> <info> app: hr,373,31562, 15.00 ,0
 0> <info> app: hr,374,31576, 14.00 ,0
 0> <info> app: hr,375,31549, 13.00 ,-1
 0> <info> app: hr,376,31564, 13.00 ,-1
 0> <info> app: hr,377,31565, 13.00 ,0
 0> <info> app: hr,378,31591, 12.00 ,0
 0> <info> app: hr,379,31544, 12.00 ,0
 0> <info> app: hr,380,31579, 11.00 ,-1
 0> <info> app: hr,381,31560, 11.00 ,0
 0> <info> app: hr,382,31578, 10.00 ,0
 0> <info> app: hr,383,31586, 8.00 ,-1
 0> <info> app: hr,384,31561, 8.00 ,-1
 0> <info> app: hr,385,31561, 8.00 ,0
 0> <info> app: hr,386,31575, 7.00 ,0
 0> <info> app: hr,387,31562, 7.00 ,0
 0> <info> app: hr,388,31565, 5.00 ,-1
 0> <info> app: hr,389,31589, 5.00 ,0
 0> <info> app: hr,390,31569, 5.00 ,0
 0> <info> app: hr,391,31570, 4.00 ,0
 0> <info> app: hr,392,31571, 3.00 ,-1
 0> <info> app: hr,393,31596, 3.00 ,0
 0> <info> app: hr,394,31583, 2.00 ,0
 0> <info> app: hr,395,31568, 2.00 ,0
 0> <info> app: hr,396,31581, 1.00 ,0
 0> <info> app: hr,397,31594, 1.00 ,0
 0> <info> app: hr,398,31574, 0.00 ,0
 0> <info> app: hr,399,31615, 0.00 ,0
 0> <info> app: hr,400,31606, 0.00 ,0
 0> <info> app: hr,401,31569, -1.00 ,0
 0> <info> app: hr,402,31593, -2.00 ,-1
 0> <info> app: hr,403,31626, -3.00 ,-1
 0> <info> app: hr,404,31603, -3.00 ,-1
 0> <info> app: hr,405,31622, -4.00 ,-1
 0> <info> app: hr,406,31616, -6.00 ,-1
 0> <info> app: hr,407,31592, -6.00 ,-1
 0> <info> app: hr,408,31601, -7.00 ,-1
 0> <info> app: hr,409,31601, -8.00 ,-1
 0> <info> app: hr,410,31597, -8.00 ,-1
 0> <info> app: hr,411,31591, -9.00 ,-1
 0> <info> app: hr,412,31568, -10.00 ,-1
 0> <info> app: hr,413,31606, -11.00 ,-1
 0> <info> app: hr,414,31574, -11.00 ,-1
 0> <info> app: hr,415,31571, -12.00 ,-1
 0> <info> app: hr,416,31548, -11.00 ,-1
 0> <info> app: hr,417,31575, -11.00 ,-1
 0> <info> app: hr,418,31565, -11.00 ,-1
 0> <info> app: hr,419,31569, -11.00 ,-1
 0> <info> app: hr,420,31565, -11.00 ,-1
 0> <info> app: hr,421,31551, -10.00 ,-1
 0> <info> app: hr,422,31548, -11.00 ,-1
 0> <info> app: hr,423,31554, -9.00 ,-1
 0> <info> app: hr,424,31560, -9.00 ,-1
 0> <info> app: hr,425,31545, -8.00 ,-1
 0> <info> app: hr,426,31564, -8.00 ,-1
 0> <info> app: hr,427,31578, -6.00 ,-1
 0> <info> app: hr,428,31570, -6.00 ,-1
 0> <info> app: hr,429,31553, -6.00 ,-1
 0> <info> app: hr,430,31581, -4.00 ,-1
 0> <info> app: hr,431,31535, -4.00 ,-1
 0> <info> app: hr,432,31568, -3.00 ,-1
 0> <info> app: hr,433,31544, -3.00 ,-1
 0> <info> app: hr,434,31553, -1.00 ,0
 0> <info> app: hr,435,31561, 0.00 ,0
 0> <info> app: hr,436,31529, 0.00 ,0
 0> <info> app: hr,437,31549, 0.00 ,0
 0> <info> app: hr,438,31518, 1.00 ,0
 0> <info> app: hr,439,31562, 2.00 ,1
 0> <info> app: hr,440,31568, 3.00 ,1
 0> <info> app: hr,441,31551, 3.00 ,1
 0> <info> app: hr,442,31550, 4.00 ,1
 0> <info> app: hr,443,31529, 5.00 ,1
 0> <info> app: hr,444,31546, 6.00 ,1
 0> <info> app: hr,445,31562, 6.00 ,1
 0> <info> app: hr,446,31554, 6.00 ,1
 0> <info> app: hr,447,31553, 7.00 ,1
 0> <info> app: hr,448,31562, 7.00 ,1
 0> <info> app: hr,449,31571, 8.00 ,1
 0> <info> app: hr,450,31559, 9.00 ,1
 0> <info> app: hr,451,31558, 9.00 ,1
 0> <info> app: hr,452,31550, 9.00 ,1
 0> <info> app: hr,453,31575, 9.00 ,1
 0> <info> app: hr,454,31557, 9.00 ,1
 0> <info> app: hr,455,31566, 9.00 ,1
 0> <info> app: hr,456,31562, 9.00 ,1
 0> <info> app: hr,457,31565, 9.00 ,1
 0> <info> app: hr,458,31571, 9.00 ,1
 0> <info> app: hr,459,31569, 8.00 ,1
 0> <info> app: hr,460,31556, 9.00 ,1
 0> <info> app: hr,461,31548, 8.00 ,1
 0> <info> app: hr,462,31569, 8.00 ,1
 0> <info> app: hr,463,31580, 8.00 ,1
 0> <info> app: hr,464,31569, 7.00 ,1
 0> <info> app: hr,465,31581, 7.00 ,1
 0> <info> app: hr,466,31558, 6.00 ,0
 0> <info> app: hr,467,31576, 6.00 ,0
 0> <info> app: hr,468,31577, 6.00 ,0
 0> <info> app: hr,469,31567, 5.00 ,-1
 0> <info> app: hr,470,31564, 5.00 ,-1
 0> <info> app: hr,471,31575, 5.00 ,0
 0> <info> app: hr,472,31591, 5.00 ,0
 0> <info> app: hr,473,31563, 3.00 ,-1
 0> <info> app: hr,474,31572, 3.00 ,-1
 0> <info> app: hr,475,31575, 3.00 ,0
 0> <info> app: hr,476,31590, 2.00 ,0
 0> <info> app: hr,477,31592, 2.00 ,0
 0> <info> app: hr,478,31599, 1.00 ,0
 0> <info> app: hr,479,31574, 0.00 ,0
 0> <info> app: hr,480,31583, 0.00 ,0
 0> <info> app: hr,481,31618, 0.00 ,0
 0> <info> app: hr,482,31578, -1.00 ,0
 0> <info> app: hr,483,31565, -2.00 ,0
 0> <info> app: hr,484,31597, -2.00 ,-1
 0> <info> app: hr,485,31597, -2.00 ,0
 0> <info> app: hr,486,31614, -3.00 ,0
 0> <info> app: hr,487,31602, -4.00 ,0
 0> <info> app: hr,488,31618, -5.00 ,0
 0> <info> app: hr,489,31599, -5.00 ,0
 0> <info> app: hr,490,31606, -6.00 ,0
 0> <info> app: hr,491,31590, -7.00 ,0
 0> <info> app: hr,492,31628, -7.00 ,0
 0> <info> app: hr,493,31612, -8.00 ,0
 0> <info> app: hr,494,31588, -10.00 ,-1
 0> <info> app: hr,495,31604, -10.00 ,-1
 0> <info> app: hr,496,31611, -11.00 ,0
 0> <info> app: hr,497,31594, -11.00 ,0
 0> <info> app: hr,498,31584, -11.00 ,0
 0> <info> app: hr,499,31567, -12.00 ,0
 0> <info> app: hr,500,31598, -12.00 ,0
 0> <info> app: hr,501,31579, -13.00 ,0
 0> <info> app: hr,502,31583, -13.00 ,0
 0> <info> app: hr,503,31575, -13.00 ,0
 0> <info> app: hr,504,31583, -13.00 ,0
 0> <info> app: hr,505,31579, -13.00 ,0
 0> <info> app: hr,506,31565, -12.00 ,0
 0> <info> app: hr,507,31561, -13.00 ,0
 0> <info> app: hr,508,31576, -12.00 ,0
 0> <info> app: hr,509,31559, -11.00 ,0
 0> <info> app: hr,510,31582, -11.00 ,0
 0> <info> app: hr,511,31547, -10.00 ,0
 0> <info> app: hr,512,31570, -10.00 ,0
 0> <info> app: hr,513,31562, -9.00 ,0
 0> <info> app: hr,514,31584, -9.00 ,0
 0> <info> app: hr,515,31543, -7.00 ,1
 0> <info> app: hr,516,31552, -7.00 ,0
 0> <info> app: hr,517,31535, -6.00 ,0
 0> <info> app: hr,518,31541, -5.00 ,0
 0> <info> app: hr,519,31555, -4.00 ,0
 0> <info> app: hr,520,31533, -3.00 ,0
 0> <info> app: hr,521,31552, -1.00 ,0
 0> <info> app: hr,522,31537, 0.00 ,1
 0> <info> app: hr,523,31600, 0.00 ,0
 0> <info> app: hr,524,31546, 1.00 ,0
 0> <info> app: hr,525,31572, 1.00 ,0
 0> <info> app: hr,526,31570, 2.00 ,0
 0> <info> app: hr,527,31536, 2.00 ,0
 0> <info> app: hr,528,31567, 3.00 ,0
 0> <info> app: hr,529,31570, 4.00 ,0
 0> <info> app: hr,530,31560, 5.00 ,1
 0> <info> app: hr,531,31578, 6.00 ,1
 0> <info> app: hr,532,31562, 5.00 ,0
 0> <info> app: hr,533,31582, 6.00 ,0
 0> <info> app: hr,534,31557, 7.00 ,1
 0> <info> app: hr,535,31556, 6.00 ,0
 0> <info> app: hr,536,31573, 7.00 ,0
 0> <info> app: hr,537,31584, 8.00 ,0
 0> <info> app: hr,538,31575, 7.00 ,0
 0> <info> app: hr,539,31561, 7.00 ,0
 0> <info> app: hr,540,31580, 7.00 ,0
 0> <info> app: hr,541,31557, 7.00 ,0
 0> <info> app: hr,542,31584, 7.00 ,0
 0> <info> app: hr,543,31547, 7.00 ,0
 0> <info> app: hr,544,31556, 7.00 ,0
 0> <info> app: hr,545,31573, 7.00 ,0
 0> <info> app: hr,546,31549, 7.00 ,0
 0> <info> app: hr,547,31580, 7.00 ,0
 0> <info> app: hr,548,31567, 6.00 ,-1
 0> <info> app: hr,549,31589, 6.00 ,-1
 0> <info> app: hr,550,31559, 7.00 ,0
 0> <info> app: hr,551,31584, 6.00 ,0
 0> <info> app: hr,552,31579, 6.00 ,0
 0> <info> app: hr,553,31588, 6.00 ,0
 0> <info> app: hr,554,31594, 5.00 ,0
 0> <info> app: hr,555,31584, 4.00 ,-1
 0> <info> app: hr,556,31593, 4.00 ,-1
 0> <info> app: hr,557,31604, 4.00 ,0
 0> <info> app: hr,558,31563, 2.00 ,-1
 0> <info> app: hr,559,31603, 2.00 ,0
 0> <info> app: hr,560,31586, 2.00 ,-1
 0> <info> app: hr,561,31569, 1.00 ,0
 0> <info> app: hr,562,31614, 1.00 ,0
 0> <info> app: hr,563,31616, 0.00 ,0
 0> <info> app: hr,564,31594, 0.00 ,0
 0> <info> app: hr,565,31640, -1.00 ,0
 0> <info> app: hr,566,31607, -1.00 ,0
 0> <info> app: hr,567,31633, -2.00 ,0
 0> <info> app: hr,568,31625, -4.00 ,-1
 0> <info> app: hr,569,31627, -5.00 ,-1
 0> <info> app: hr,570,31625, -5.00 ,-1
 0> <info> app: hr,571,31628, -7.00 ,-1
 0> <info> app: hr,572,31624, -8.00 ,-1
 0> <info> app: hr,573,31645, -9.00 ,-1
 0> <info> app: hr,574,31668, -10.00 ,-1
 0> <info> app: hr,575,31620, -11.00 ,-1
 0> <info> app: hr,576,31619, -13.00 ,-1
 0> <info> app: hr,577,31661, -14.00 ,-1
 0> <info> app: hr,578,31625, -14.00 ,-1
 0> <info> app: hr,579,31653, -16.00 ,-1
 0> <info> app: hr,580,31644, -17.00 ,-1
 0> <info> app: hr,581,31672, -18.00 ,-1
 0> <info> app: hr,582,31674, -19.00 ,-1
 0> <info> app: hr,583,31664, -20.00 ,-1
 0> <info> app: hr,584,31667, -22.00 ,-1
 0> <info> app: hr,585,31625, -23.00 ,-1
 0> <info> app: hr,586,31675, -24.00 ,-1
 0> <info> app: hr,587,31630, -24.00 ,-1
 0> <info> app: hr,588,31638, -26.00 ,-1
 0> <info> app: hr,589,31640, -27.00 ,-1
 0> <info> app: hr,590,31625, -28.00 ,-1
 0> <info> app: hr,591,31616, -27.00 ,-1
 0> <info> app: hr,592,31605, -28.00 ,-1
 0> <info> app: hr,593,31591, -28.00 ,-1
 0> <info> app: hr,594,31592, -28.00 ,-1
 0> <info> app: hr,595,31614, -27.00 ,-1
 0> <info> app: hr,596,31599, -27.00 ,-1
 0> <info> app: hr,597,31601, -27.00 ,-1
 0> <info> app: hr,598,31598, -25.00 ,-1
 0> <info> app: hr,599,31582, -25.00 ,-1
 0> <info> app: hr,600,31598, -24.00 ,-1
 0> <info> app: hr,601,31565, -23.00 ,-1
 0> <info> app: hr,602,31572, -21.00 ,-1
 0> <info> app: hr,603,31568, -20.00 ,-1
 0> <info> app: hr,604,31574, -18.00 ,-1
 0> <info> app: hr,605,31597, -16.00 ,-1
 0> <info> app: hr,606,31575, -15.00 ,-1
 0> <info> app: hr,607,31583, -14.00 ,-1
 0> <info> app: hr,608,31608, -12.00 ,-1
 0> <info> app: hr,609,31613, -10.00 ,-1
 0> <info> app: hr,610,31578, -9.00 ,-1
 0> <info> app: hr,611,31575, -7.00 ,-1
 0> <info> app: hr,612,31604, -6.00 ,-1
 0> <info> app: hr,613,31593, -5.00 ,-1
 0> <info> app: hr,614,31580, -4.00 ,-1
 0> <info> app: hr,615,31600, -2.00 ,-1
 0> <info> app: hr,616,31602, -1.00 ,0
 0> <info> app: hr,617,31573, -1.00 ,0
 0> <info> app: hr,618,31612, 0.00 ,0
 0> <info> app: hr,619,31597, 0.00 ,0
 0> <info> app: hr,620,31598, 1.00 ,0
 0> <info> app: hr,621,31584, 2.00 ,1
 0> <info> app: hr,622,31615, 3.00 ,1
 0> <info> app: hr,623,31589, 4.00 ,1
 0> <info> app: hr,624,31600, 5.00 ,1
 0> <info> app: hr,625,31601, 5.00 ,1
 0> <info> app: hr,626,31589, 5.00 ,1
 0> <info> app: hr,627,31607, 6.00 ,1
 0> <info> app: hr,628,31589, 6.00 ,1
 0> <info> app: hr,629,31607, 6.00 ,1
 0> <info> app: hr,630,31597, 7.00 ,1
 0> <info> app: hr,631,31608, 6.00 ,1
 0> <info> app: hr,632,31602, 7.00 ,1
 0> <info> app: hr,633,31609, 7.00 ,1
 0> <info> app: hr,634,31610, 7.00 ,1
 0> <info> app: hr,635,31629, 7.00 ,1
 0> <info> app: hr,636,31592, 7.00 ,1
 0> <info> app: hr,637,31620, 6.00 ,1
 0> <info> app: hr,638,31606, 6.00 ,1
 0> <info> app: hr,639,31592, 7.00 ,1
 0> <info> app: hr,640,31612, 6.00 ,1
 0> <info> app: hr,641,31609, 6.00 ,1
 0> <info> app: hr,642,31600, 6.00 ,1
 0> <info> app: hr,643,31618, 5.00 ,1
 0> <info> app: hr,644,31604, 5.00 ,1
 0> <info> app: hr,645,31604, 4.00 ,0
 0> <info> app: hr,646,31613, 3.00 ,-1
 0> <info> app: hr,647,31603, 3.00 ,-1
 0> <info> app: hr,648,31605, 3.00 ,0
 0> <info> app: hr,649,31618, 3.00 ,0
 0> <info> app: hr,650,31635, 3.00 ,0
 0> <info> app: hr,651,31639, 2.00 ,0
 0> <info> app: hr,652,31613, 1.00 ,0
 0> <info> app: hr,653,31631, 1.00 ,0
 0> <info> app: hr,654,31614, 0.00 ,0
 0> <info> app: hr,655,31624, 0.00 ,0
 0> <info> app: hr,656,31629, 0.00 ,0
 0> <info> app: hr,657,31644, 0.00 ,0
 0> <info> app: hr,658,31629, -1.00 ,0
 0> <info> app: hr,659,31625, -2.00 ,-1
 0> <info> app: hr,660,31641, -3.00 ,-1
 0> <info> app: hr,661,31625, -2.00 ,-1
 0> <info> app: hr,662,31646, -3.00 ,-1
 0> <info> app: hr,663,31651, -4.00 ,-1
 0> <info> app: hr,664,31668, -5.00 ,-1
 0> <info> app: hr,665,31663, -6.00 ,-1
 0> <info> app: hr,666,31676, -6.00 ,-1
 0> <info> app: hr,667,31628, -8.00 ,-1
 0> <info> app: hr,668,31677, -9.00 ,-1
 0> <info> app: hr,669,31663, -9.00 ,-1
 0> <info> app: hr,670,31656, -11.00 ,-1
 0> <info> app: hr,671,31682, -11.00 ,-1
 0> <info> app: hr,672,31678, -12.00 ,-1
 0> <info> app: hr,673,31671, -14.00 ,-1
 0> <info> app: hr,674,31650, -14.00 ,-1
 0> <info> app: hr,675,31647, -15.00 ,-1
 0> <info> app: hr,676,31657, -17.00 ,-1
 0> <info> app: hr,677,31640, -17.00 ,-1
 0> <info> app: hr,678,31634, -18.00 ,-1
 0> <info> app: hr,679,31621, -18.00 ,-1
 0> <info> app: hr,680,31654, -18.00 ,-1
 0> <info> app: hr,681,31609, -19.00 ,-1
 0> <info> app: hr,682,31619, -19.00 ,-1
 0> <info> app: hr,683,31616, -18.00 ,-1
 0> <info> app: hr,684,31628, -18.00 ,-1
 0> <info> app: hr,685,31618, -18.00 ,-1
 0> <info> app: hr,686,31609, -17.00 ,-1
 0> <info> app: hr,687,31642, -17.00 ,-1
 0> <info> app: hr,688,31586, -17.00 ,-1
 0> <info> app: hr,689,31611, -16.00 ,-1
 0> <info> app: hr,690,31624, -15.00 ,-1
 0> <info> app: hr,691,31643, -14.00 ,-1
 0> <info> app: hr,692,31638, -13.00 ,-1
 0> <info> app: hr,693,31642, -13.00 ,-1
 0> <info> app: hr,694,31620, -12.00 ,-1
 0> <info> app: hr,695,31666, -11.00 ,-1
 0> <info> app: hr,696,31640, -11.00 ,-1
 0> <info> app: hr,697,31619, -10.00 ,-1
 0> <info> app: hr,698,31631, -10.00 ,-1
 0> <info> app: hr,699,31623, -9.00 ,-1
 0> <info> app: hr,700,31616, -9.00 ,-1
 0> <info> app: hr,701,31652, -7.00 ,-1
 0> <info> app: hr,702,31629, -7.00 ,-1
 0> <info> app: hr,703,31625, -6.00 ,-1
 0> <info> app: hr,704,31632, -6.00 ,-1
 0> <info> app: hr,705,31621, -6.00 ,-1
 0> <info> app: hr,706,31663, -5.00 ,-1
 0> <info> app: hr,707,31645, -4.00 ,-1
 0> <info> app: hr,708,31618, -4.00 ,-1
 0> <info> app: hr,709,31636, -4.00 ,-1
 0> <info> app: hr,710,31639, -4.00 ,-1
 0> <info> app: hr,711,31636, -3.00 ,-1
 0> <info> app: hr,712,31640, -3.00 ,-1
 0> <info> app: hr,713,31632, -3.00 ,-1
 0> <info> app: hr,714,31631, -3.00 ,-1
 0> <info> app: hr,715,31640, -3.00 ,-1
 0> <info> app: hr,716,31640, -1.00 ,-1
 0> <info> app: hr,717,31635, -1.00 ,-1
 0> <info> app: hr,718,31622, -1.00 ,-1
 0> <info> app: hr,719,31629, -1.00 ,-1
 0> <info> app: hr,720,31646, -1.00 ,-1
 0> <info> app: hr,721,31647, -1.00 ,-1
 0> <info> app: hr,722,31633, -1.00 ,-1
 0> <info> app: hr,723,31645, -1.00 ,-1
 0> <info> app: hr,724,31611, -1.00 ,-1
 0> <info> app: hr,725,31627, -1.00 ,-1
 0> <info> app: hr,726,31629, -1.00 ,-1
 0> <info> app: hr,727,31602, -1.00 ,-1
 0> <info> app: hr,728,31617, 0.00 ,0
 0> <info> app: hr,729,31615, 0.00 ,0
 0> <info> app: hr,730,31621, 0.00 ,0
 0> <info> app: hr,731,31633, 0.00 ,0
 0> <info> app: hr,732,31644, 0.00 ,0
 0> <info> app: hr,733,31624, 0.00 ,0
 0> <info> app: hr,734,31653, 0.00 ,0
 0> <info> app: hr,735,31623, 1.00 ,1
 0> <info> app: hr,736,31625, 1.00 ,1
 0> <info> app: hr,737,31617, 1.00 ,1
 0> <info> app: hr,738,31588, 1.00 ,1
 0> <info> app: hr,739,31603, 2.00 ,1
 0> <info> app: hr,740,31635, 2.00 ,1
 0> <info> app: hr,741,31619, 3.00 ,1
 0> <info> app: hr,742,31653, 3.00 ,1
 0> <info> app: hr,743,31644, 2.00 ,1
 0> <info> app: hr,744,31643, 2.00 ,1
 0> <info> app: hr,745,31626, 3.00 ,1
 0> <info> app: hr,746,31642, 3.00 ,1
 0> <info> app: hr,747,31631, 3.00 ,1
 0> <info> app: hr,748,31650, 3.00 ,1
 0> <info> app: hr,749,31661, 2.00 ,1
 0> <info> app: hr,750,31650, 2.00 ,1
 0> <info> app: hr,751,31655, 2.00 ,1
 0> <info> app: hr,752,31652, 1.00 ,1
 0> <info> app: hr,753,31636, 1.00 ,1
 0> <info> app: hr,754,31649, 1.00 ,1
 0> <info> app: hr,755,31641, 0.00 ,0
 0> <info> app: hr,756,31648, 0.00 ,0
 0> <info> app: hr,757,31630, 0.00 ,0
 0> <info> app: hr,758,31656, 0.00 ,0
 0> <info> app: hr,759,31627, 0.00 ,0
 0> <info> app: hr,760,31622, 0.00 ,0
 0> <info> app: hr,761,31631, -1.00 ,-1
 0> <info> app: hr,762,31623, -1.00 ,-1
 0> <info> app: hr,763,31616, -1.00 ,-1
 0> <info> app: hr,764,31637, -1.00 ,-1
 0> <info> app: hr,765,31607, -1.00 ,-1
 0> <info> app: hr,766,31597, -1.00 ,-1
 0> <info> app: hr,767,31616, -1.00 ,-1
 0> <info> app: hr,768,31608, -1.00 ,-1
 0> <info> app: hr,769,31571, -1.00 ,-1
 0> <info> app: hr,770,31612, 0.00 ,0
 0> <info> app: hr,771,31601, 0.00 ,0
 0> <info> app: hr,772,31610, 0.00 ,0
 0> <info> app: hr,773,31590, 0.00 ,0
 0> <info> app: hr,774,31588, 1.00 ,1
 0> <info> app: hr,775,31623, 2.00 ,1
 0> <info> app: hr,776,31577, 3.00 ,1
 0> <info> app: hr,777,31564, 4.00 ,1
 0> <info> app: hr,778,31577, 5.00 ,1
 0> <info> app: hr,779,31600, 5.00 ,1
 0> <info> app: hr,780,31609, 6.00 ,1
 0> <info> app: hr,781,31584, 7.00 ,1
 0> <info> app: hr,782,31613, 7.00 ,1
 0> <info> app: hr,783,31571, 9.00 ,1
 0> <info> app: hr,784,31592, 10.00 ,1
 0> <info> app: hr,785,31606, 10.00 ,1
 0> <info> app: hr,786,31589, 11.00 ,1
 0> <info> app: hr,787,31603, 11.00 ,1
 0> <info> app: hr,788,31581, 11.00 ,1
 0> <info> app: hr,789,31589, 13.00 ,1
 0> <info> app: hr,790,31584, 13.00 ,1
 0> <info> app: hr,791,31611, 13.00 ,1
 0> <info> app: hr,792,31618, 14.00 ,1
 0> <info> app: hr,793,31605, 14.00 ,1
 0> <info> app: hr,794,31559, 14.00 ,1
 0> <info> app: hr,795,31605, 15.00 ,1
 0> <info> app: hr,796,31616, 15.00 ,1
 0> <info> app: hr,797,31607, 14.00 ,1
 0> <info> app: hr,798,31595, 14.00 ,1
 0> <info> app: hr,799,31609, 15.00 ,1
 0> <info> app: hr,800,31575, 15.00 ,1
 0> <info> app: hr,801,31586, 14.00 ,1
 0> <info> app: hr,802,31607, 14.00 ,1
 0> <info> app: hr,803,31574, 15.00 ,1
 0> <info> app: hr,804,31604, 14.00 ,1
 0> <info> app: hr,805,31609, 14.00 ,1
 0> <info> app: hr,806,31610, 13.00 ,1
 0> <info> app: hr,807,31590, 14.00 ,1
 0> <info> app: hr,808,31603, 13.00 ,1
 0> <info> app: hr,809,31584, 13.00 ,1
 0> <info> app: hr,810,31583, 13.00 ,1
 0> <info> app: hr,811,31610, 12.00 ,0
 0> <info> app: hr,812,31614, 12.00 ,0
 0> <info> app: hr,813,31580, 12.00 ,0
 0> <info> app: hr,814,31585, 11.00 ,-1
 0> <info> app: hr,815,31608, 12.00 ,0
 0> <info> app: hr,816,31611, 11.00 ,0
 0> <info> app: hr,817,31620, 10.00 ,0
 0> <info> app: hr,818,31609, 10.00 ,0
 0> <info> app: hr,819,31609, 9.00 ,0
 0> <info> app: hr,820,31592, 9.00 ,0
 0> <info> app: hr,821,31587, 8.00 ,0
 0> <info> app: hr,822,31612, 8.00 ,0
 0> <info> app: hr,823,31587, 7.00 ,0
 0> <info> app: hr,824,31606, 7.00 ,0
 0> <info> app: hr,825,31607, 7.00 ,0
 0> <info> app: hr,826,31625, 6.00 ,0
 0> <info> app: hr,827,31634, 6.00 ,0
 0> <info> app: hr,828,31611, 6.00 ,0
 0> <info> app: hr,829,31622, 4.00 ,-1
 0> <info> app: hr,830,31628, 4.00 ,-1
 0> <info> app: hr,831,31645, 3.00 ,-1
 0> <info> app: hr,832,31626, 3.00 ,0
 0> <info> app: hr,833,31648, 2.00 ,0
 0> <info> app: hr,834,31628, 0.00 ,-1
 0> <info> app: hr,835,31640, 0.00 ,-1
 0> <info> app: hr,836,31627, 0.00 ,0
 0> <info> app: hr,837,31646, -1.00 ,0
 0> <info> app: hr,838,31640, -2.00 ,0
 0> <info> app: hr,839,31619, -2.00 ,0
 0> <info> app: hr,840,31609, -3.00 ,0
 0> <info> app: hr,841,31584, -4.00 ,-1
 0> <info> app: hr,842,31608, -5.00 ,-1
 0> <info> app: hr,843,31616, -6.00 ,0
 0> <info> app: hr,844,31588, -6.00 ,0
 0> <info> app: hr,845,31611, -6.00 ,0
 0> <info> app: hr,846,31614, -7.00 ,0
 0> <info> app: hr,847,31570, -6.00 ,0
 0> <info> app: hr,848,31601, -6.00 ,0
 0> <info> app: hr,849,31582, -7.00 ,0
 0> <info> app: hr,850,31562, -6.00 ,0
 0> <info> app: hr,851,31582, -6.00 ,0
 0> <info> app: hr,852,31564, -5.00 ,0
 0> <info> app: hr,853,31578, -4.00 ,1
 0> <info> app: hr,854,31573, -4.00 ,1
 0> <info> app: hr,855,31584, -3.00 ,0
 0> <info> app: hr,856,31590, -2.00 ,0
 0> <info> app: hr,857,31564, -2.00 ,0
 0> <info> app: hr,858,31556, 0.00 ,0
 0> <info> app: hr,859,31602, 0.00 ,0
 0> <info> app: hr,860,31579, 1.00 ,0
 0> <info> app: hr,861,31552, 2.00 ,0
 0> <info> app: hr,862,31562, 2.00 ,0
 0> <info> app: hr,863,31553, 3.00 ,0
 0> <info> app: hr,864,31582, 4.00 ,1
 0> <info> app: hr,865,31567, 5.00 ,1
 0> <info> app: hr,866,31566, 6.00 ,1
 0> <info> app: hr,867,31579, 6.00 ,1
 0> <info> app: hr,868,31593, 7.00 ,1
 0> <info> app: hr,869,31567, 8.00 ,1
 0> <info> app: hr,870,31581, 8.00 ,1
 0> <info> app: hr,871,31565, 10.00 ,1
 0> <info> app: hr,872,31572, 10.00 ,1
 0> <info> app: hr,873,31591, 11.00 ,1
 0> <info> app: hr,874,31580, 11.00 ,1
 0> <info> app: hr,875,31552, 12.00 ,1
 0> <info> app: hr,876,31588, 12.00 ,1
 0> <info> app: hr,877,31580, 11.00 ,1
 0> <info> app: hr,878,31561, 12.00 ,1
 0> <info> app: hr,879,31586, 12.00 ,1
 0> <info> app: hr,880,31572, 12.00 ,1
 0> <info> app: hr,881,31567, 13.00 ,1
 0> <info> app: hr,882,31579, 13.00 ,1
 0> <info> app: hr,883,31593, 12.00 ,1
 0> <info> app: hr,884,31546, 13.00 ,1
 0> <info> app: hr,885,31599, 13.00 ,1
 0> <info> app: hr,886,31580, 12.00 ,1
 0> <info> app: hr,887,31565, 13.00 ,1
 0> <info> app: hr,888,31577, 13.00 ,1
 0> <info> app: hr,889,31570, 12.00 ,1
 0> <info> app: hr,890,31595, 13.00 ,1
 0> <info> app: hr,891,31585, 12.00 ,1
 0> <info> app: hr,892,31550, 12.00 ,1
 0> <info> app: hr,893,31583, 12.00 ,1
 0> <info> app: hr,894,31595, 11.00 ,1
 0> <info> app: hr,895,31567, 11.00 ,1
 0> <info> app: hr,896,31569, 11.00 ,1
 0> <info> app: hr,897,31582, 11.00 ,1
 0> <info> app: hr,898,31561, 10.00 ,0
 0> <info> app: hr,899,31576, 10.00 ,0
 0> <info> app: hr,900,31583, 10.00 ,0
 0> <info> app: hr,901,31594, 9.00 ,-1
 0> <info> app: hr,902,31588, 9.00 ,-1
 0> <info> app: hr,903,31587, 8.00 ,0
 0> <info> app: hr,904,31567, 8.00 ,0
 0> <info> app: hr,905,31564, 8.00 ,0
 0> <info> app: hr,906,31567, 7.00 ,0
 0> <info> app: hr,907,31569, 7.00 ,0
 0> <info> app: hr,908,31589, 7.00 ,0
 0> <info> app: hr,909,31588, 7.00 ,0
 0> <info> app: hr,910,31567, 7.00 ,0
 0> <info> app: hr,911,31590, 6.00 ,0
 0> <info> app: hr,912,31608, 6.00 ,-1
 0> <info> app: hr,913,31598, 5.00 ,0
 0> <info> app: hr,914,31627, 4.00 ,0
 0> <info> app: hr,915,31595, 4.00 ,0
 0> <info> app: hr,916,31627, 3.00 ,0
 0> <info> app: hr,917,31602, 3.00 ,0
 0> <info> app: hr,918,31627, 2.00 ,0
 0> <info> app: hr,919,31603, 0.00 ,-1
 0> <info> app: hr,920,31624, 0.00 ,-1
 0> <info> app: hr,921,31642, 0.00 ,0
 0> <info> app: hr,922,31608, -1.00 ,0
 0> <info> app: hr,923,31616, -2.00 ,0
 0> <info> app: hr,924,31605, -3.00 ,-1
 0> <info> app: hr,925,31622, -4.00 ,-1
 0> <info> app: hr,926,31588, -5.00 ,-1
 0> <info> app: hr,927,31571, -6.00 ,-1
 0> <info> app: hr,928,31562, -6.00 ,-1
 0> <info> app: hr,929,31586, -6.00 ,-1
 0> <info> app: hr,930,31557, -7.00 ,-1
 0> <info> app: hr,931,31609, -7.00 ,-1
 0> <info> app: hr,932,31567, -7.00 ,-1
 0> <info> app: hr,933,31582, -8.00 ,-1
 0> <info> app: hr,934,31584, -7.00 ,-1
 0> <info> app: hr,935,31529, -7.00 ,-1
 0> <info> app: hr,936,31557, -6.00 ,-1
 0> <info> app: hr,937,31567, -6.00 ,-1
 0> <info> app: hr,938,31536, -6.00 ,-1
 0> <info> app: hr,939,31552, -5.00 ,-1
 0> <info> app: hr,940,31561, -4.00 ,-1
 0> <info> app: hr,941,31558, -3.00 ,-1
 0> <info> app: hr,942,31540, -3.00 ,-1
 0> <info> app: hr,943,31550, -2.00 ,-1
 0> <info> app: hr,944,31521, -1.00 ,0
 0> <info> app: hr,945,31518, 0.00 ,0
 0> <info> app: hr,946,31550, 1.00 ,0
 0> <info> app: hr,947,31534, 1.00 ,0
 0> <info> app: hr,948,31544, 2.00 ,1
 0> <info> app: hr,949,31538, 4.00 ,1
 0> <info> app: hr,950,31543, 5.00 ,1
 0> <info> app: hr,951,31552, 6.00 ,1
 0> <info> app: hr,952,31533, 7.00 ,1
 0> <info> app: hr,953,31558, 8.00 ,1
 0> <info> app: hr,954,31567, 10.00 ,1
 0> <info> app: hr,955,31537, 10.00 ,1
 0> <info> app: hr,956,31546, 11.00 ,1
 0> <info> app: hr,957,31553, 12.00 ,1
 0> <info> app: hr,958,31549, 12.00 ,1
 0> <info> app: hr,959,31529, 13.00 ,1
 0> <info> app: hr,960,31545, 13.00 ,1
 0> <info> app: hr,961,31530, 13.00 ,1
 0> <info> app: hr,962,31577, 15.00 ,1
 0> <info> app: hr,963,31547, 15.00 ,1
 0> <info> app: hr,964,31531, 15.00 ,1
 0> <info> app: hr,965,31547, 15.00 ,1
 0> <info> app: hr,966,31521, 16.00 ,1
 0> <info> app: hr,967,31564, 16.00 ,1
 0> <info> app: hr,968,31570, 16.00 ,1
 0> <info> app: hr,969,31572, 16.00 ,1
 0> <info> app: hr,970,31543, 16.00 ,1
 0> <info> app: hr,971,31537, 15.00 ,1
 0> <info> app: hr,972,31556, 16.00 ,1
 0> <info> app: hr,973,31553, 16.00 ,1
 0> <info> app: hr,974,31566, 15.00 ,1
 0> <info> app: hr,975,31569, 15.00 ,1
 0> <info> app: hr,976,31539, 14.00 ,1
 0> <info> app: hr,977,31578, 15.00 ,1
 0> <info> app: hr,978,31539, 14.00 ,1
 0> <info> app: hr,979,31568, 13.00 ,0
 0> <info> app: hr,980,31551, 13.00 ,0
 0> <info> app: hr,981,31555, 13.00 ,0
 0> <info> app: hr,982,31547, 12.00 ,-1
 0> <info> app: hr,983,31570, 12.00 ,-1
 0> <info> app: hr,984,31544, 11.00 ,0
 0> <info> app: hr,985,31557, 10.00 ,0
 0> <info> app: hr,986,31553, 10.00 ,0
 0> <info> app: hr,987,31536, 9.00 ,0
 0> <info> app: hr,988,31577, 9.00 ,0
 0> <info> app: hr,989,31562, 8.00 ,0
 0> <info> app: hr,990,31561, 8.00 ,0
 0> <info> app: hr,991,31555, 8.00 ,0
 0> <info> app: hr,992,31570, 7.00 ,0
 0> <info> app: hr,993,31559, 7.00 ,0
 0> <info> app: hr,994,31601, 6.00 ,-1
 0> <info> app: hr,995,31566, 5.00 ,-1
 0> <info> app: hr,996,31572, 5.00 ,0
 0> <info> app: hr,997,31577, 4.00 ,0
 0> <info> app: hr,998,31591, 3.00 ,-1
 0> <info> app: hr,999,31564, 2.00 ,-1
 0> <info> app: hr,1000,31575, 2.00 ,0
 0> <info> app: hr,1001,31549, 1.00 ,0
 0> <info> app: hr,1002,31601, 1.00 ,0
 0> <info> app: hr,1003,31550, 0.00 ,0
 0> <info> app: hr,1004,31585, 0.00 ,0
 0> <info> app: hr,1005,31601, 0.00 ,0
 0> <info> app: hr,1006,31569, -1.00 ,0
 0> <info> app: hr,1007,31580, -2.00 ,-1
 0> <info> app: hr,1008,31574, -2.00 ,-1
 0> <info> app: hr,1009,31592, -3.00 ,-1
 0> <info> app: hr,1010,31582, -4.00 ,-1
 0> <info> app: hr,1011,31575, -5.00 ,-1
 0> <info> app: hr,1012,31568, -5.00 ,-1
 0> <info> app: hr,1013,31606, -5.00 ,-1
 0> <info> app: hr,1014,31559, -6.00 ,-1
 0> <info> app: hr,1015,31560, -6.00 ,-1
 0> <info> app: hr,1016,31580, -7.00 ,-1
 0> <info> app: [OK]	HR has been calculated 66
 0> <info> app: [OK]	HR Background stop
 0> <info> app: ^
 0> <info> app: HR A
 0> <info> app: HR C
 0> <info> app: HR D
 0> <info> app: Show HR Result
 0> <info> app: BATT Reading...
 0> <info> app: Raw 870,SOC 70,BattFullDetect 0, 385V
 0> <info> app: Save 1536354520, 2573, 2119, -17248,

# Logging stopped @ 27 Nov 2018 13:57:04
