# SEGGER J-Link RTT Viewer V6.16a Terminal Log File
# Compiled: 12:44:10 on Jun  6 2017
# Logging started @ 27 Nov 2018 13:57:10
 0> <info> app: [OK]	Max30102 Already and background working is begin
 0> 
 0> <info> app: BATT Reading...
 0> <info> app: Raw 872,SOC 72,BattFullDetect 0, 386V
 0> <info> app: Save 1536354540, 2689, 1969, -17300,
 0> <info> app: BATT Reading...
 0> <info> app: Raw 869,SOC 69,BattFullDetect 0, 385V
 0> <info> app: Save 1536354550, 2888, 1998, -17247,
 0> <info> app: [OK]	HR sample count 1017
 0> 
 0> Plus Signal 1, 63
 0> Minus Signal -1, 85
 0> plus_index 63, minus_index 85, Peak Index, 77,78,, AVR Peak Index, 77, HR 0, Reject out of 30-180.
 0> Plus Signal 1, 270
 0> Minus Signal -1, 305
 0> plus_index 270, minus_index 305, Peak Index, 281,282,283,290,291,, AVR Peak Index, 286, HR 28, Reject out of 30-180.
 0> Plus Signal 1, 327
 0> Minus Signal -1, 355
 0> plus_index 327, minus_index 355, Peak Index, 339,340,, AVR Peak Index, 339, HR 113
 0> Plus Signal 1, 397
 0> Minus Signal -1, 430
 0> plus_index 397, minus_index 430, Peak Index, 416,417,418,419,420,422,423,, AVR Peak Index, 419, HR 75
 0> Plus Signal 1, 466
 0> Minus Signal -1, 506
 0> plus_index 466, minus_index 506, Peak Index, 489,490,491,492,493,494,495,496,497,498,499,501,, AVR Peak Index, 495, HR 78
 0> Plus Signal 1, 541
 0> Minus Signal -1, 584
 0> plus_index 541, minus_index 584, Peak Index, 573,575,576,578,, AVR Peak Index, 575, HR 75
 0> Plus Signal 1, 620
 0> Minus Signal -1, 667
 0> plus_index 620, minus_index 667, Peak Index, 630,632,634,635,637,639,640,641,642,643,644,646,647,648,649,651,652,654,, AVR Peak Index, 642, HR 89
 0> Plus Signal 1, 683
 0> Minus Signal -1, 732
 0> plus_index 683, minus_index 732, Peak Index, 719,720,721,722,, AVR Peak Index, 720, HR 76
 0> Plus Signal 1, 761
 0> Minus Signal -1, 794
 0> plus_index 761, minus_index 794, Peak Index, 783,786,, AVR Peak Index, 784, HR 93<info> app: HR>>>
 0> 75,75,76,78,89,93,113, sum div 38, 6<info> app: HR final>>>
 0> 75,75,76,78,89,<info> app: 
 0> HR  >>> 78
 0> <info> app: hr,50,31700, -9.00 ,0
 0> <info> app: hr,51,31734, -10.00 ,0
 0> <info> app: hr,52,31710, -10.00 ,0
 0> <info> app: hr,53,31689, -11.00 ,0
 0> <info> app: hr,54,31710, -12.00 ,0
 0> <info> app: hr,55,31668, -13.00 ,0
 0> <info> app: hr,56,31707, -13.00 ,0
 0> <info> app: hr,57,31680, -13.00 ,0
 0> <info> app: hr,58,31688, -14.00 ,0
 0> <info> app: hr,59,31707, -14.00 ,0
 0> <info> app: hr,60,31679, -14.00 ,0
 0> <info> app: hr,61,31696, -14.00 ,0
 0> <info> app: hr,62,31734, -15.00 ,0
 0> <info> app: hr,63,31690, -15.00 ,0
 0> <info> app: hr,64,31662, -15.00 ,0
 0> <info> app: hr,65,31689, -15.00 ,0
 0> <info> app: hr,66,31686, -15.00 ,0
 0> <info> app: hr,67,31668, -15.00 ,0
 0> <info> app: hr,68,31693, -15.00 ,0
 0> <info> app: hr,69,31695, -14.00 ,1
 0> <info> app: hr,70,31698, -15.00 ,0
 0> <info> app: hr,71,31692, -14.00 ,0
 0> <info> app: hr,72,31699, -14.00 ,0
 0> <info> app: hr,73,31676, -13.00 ,0
 0> <info> app: hr,74,31685, -13.00 ,0
 0> <info> app: hr,75,31669, -13.00 ,0
 0> <info> app: hr,76,31665, -12.00 ,0
 0> <info> app: hr,77,31706, -12.00 ,0
 0> <info> app: hr,78,31689, -11.00 ,1
 0> <info> app: hr,79,31698, -10.00 ,1
 0> <info> app: hr,80,31695, -10.00 ,0
 0> <info> app: hr,81,31701, -10.00 ,0
 0> <info> app: hr,82,31713, -10.00 ,0
 0> <info> app: hr,83,31693, -9.00 ,0
 0> <info> app: hr,84,31681, -9.00 ,0
 0> <info> app: hr,85,31693, -8.00 ,0
 0> <info> app: hr,86,31706, -9.00 ,0
 0> <info> app: hr,87,31708, -8.00 ,0
 0> <info> app: hr,88,31681, -8.00 ,0
 0> <info> app: hr,89,31712, -8.00 ,0
 0> <info> app: hr,90,31725, -7.00 ,0
 0> <info> app: hr,91,31710, -8.00 ,0
 0> <info> app: hr,92,31702, -7.00 ,0
 0> <info> app: hr,93,31713, -7.00 ,0
 0> <info> app: hr,94,31727, -8.00 ,0
 0> <info> app: hr,95,31717, -7.00 ,0
 0> <info> app: hr,96,31730, -8.00 ,0
 0> <info> app: hr,97,31718, -8.00 ,0
 0> <info> app: hr,98,31714, -8.00 ,0
 0> <info> app: hr,99,31686, -9.00 ,0
 0> <info> app: hr,100,31708, -8.00 ,0
 0> <info> app: hr,101,31694, -9.00 ,0
 0> <info> app: hr,102,31705, -8.00 ,0
 0> <info> app: hr,103,31709, -9.00 ,0
 0> <info> app: hr,104,31701, -8.00 ,0
 0> <info> app: hr,105,31681, -9.00 ,0
 0> <info> app: hr,106,31700, -8.00 ,0
 0> <info> app: hr,107,31684, -8.00 ,0
 0> <info> app: hr,108,31714, -9.00 ,0
 0> <info> app: hr,109,31676, -8.00 ,0
 0> <info> app: hr,110,31700, -8.00 ,0
 0> <info> app: hr,111,31717, -7.00 ,0
 0> <info> app: hr,112,31678, -7.00 ,0
 0> <info> app: hr,113,31706, -6.00 ,1
 0> <info> app: hr,114,31712, -6.00 ,0
 0> <info> app: hr,115,31697, -6.00 ,0
 0> <info> app: hr,116,31703, -6.00 ,0
 0> <info> app: hr,117,31697, -6.00 ,0
 0> <info> app: hr,118,31685, -6.00 ,0
 0> <info> app: hr,119,31701, -5.00 ,0
 0> <info> app: hr,120,31704, -5.00 ,1
 0> <info> app: hr,121,31724, -5.00 ,0
 0> <info> app: hr,122,31692, -5.00 ,0
 0> <info> app: hr,123,31715, -4.00 ,0
 0> <info> app: hr,124,31722, -4.00 ,0
 0> <info> app: hr,125,31706, -4.00 ,0
 0> <info> app: hr,126,31716, -4.00 ,0
 0> <info> app: hr,127,31716, -3.00 ,0
 0> <info> app: hr,128,31733, -3.00 ,0
 0> <info> app: hr,129,31714, -4.00 ,0
 0> <info> app: hr,130,31728, -4.00 ,0
 0> <info> app: hr,131,31698, -4.00 ,0
 0> <info> app: hr,132,31701, -4.00 ,0
 0> <info> app: hr,133,31701, -4.00 ,0
 0> <info> app: hr,134,31699, -4.00 ,0
 0> <info> app: hr,135,31729, -5.00 ,-1
 0> <info> app: hr,136,31693, -4.00 ,0
 0> <info> app: hr,137,31705, -4.00 ,0
 0> <info> app: hr,138,31727, -4.00 ,0
 0> <info> app: hr,139,31696, -4.00 ,0
 0> <info> app: hr,140,31682, -5.00 ,0
 0> <info> app: hr,141,31690, -4.00 ,0
 0> <info> app: hr,142,31696, -4.00 ,0
 0> <info> app: hr,143,31722, -4.00 ,0
 0> <info> app: hr,144,31686, -4.00 ,0
 0> <info> app: hr,145,31676, -3.00 ,0
 0> <info> app: hr,146,31704, -3.00 ,0
 0> <info> app: hr,147,31711, -2.00 ,0
 0> <info> app: hr,148,31670, -2.00 ,0
 0> <info> app: hr,149,31676, -2.00 ,0
 0> <info> app: hr,150,31657, -2.00 ,0
 0> <info> app: hr,151,31697, -1.00 ,0
 0> <info> app: hr,152,31692, -1.00 ,0
 0> <info> app: hr,153,31696, 0.00 ,0
 0> <info> app: hr,154,31696, 0.00 ,0
 0> <info> app: hr,155,31699, 1.00 ,0
 0> <info> app: hr,156,31706, 0.00 ,0
 0> <info> app: hr,157,31694, 0.00 ,0
 0> <info> app: hr,158,31704, 1.00 ,0
 0> <info> app: hr,159,31699, 1.00 ,0
 0> <info> app: hr,160,31712, 1.00 ,0
 0> <info> app: hr,161,31737, 2.00 ,0
 0> <info> app: hr,162,31684, 2.00 ,0
 0> <info> app: hr,163,31711, 2.00 ,0
 0> <info> app: hr,164,31693, 2.00 ,0
 0> <info> app: hr,165,31749, 2.00 ,0
 0> <info> app: hr,166,31709, 2.00 ,0
 0> <info> app: hr,167,31700, 1.00 ,-1
 0> <info> app: hr,168,31688, 1.00 ,-1
 0> <info> app: hr,169,31700, 1.00 ,0
 0> <info> app: hr,170,31715, 1.00 ,0
 0> <info> app: hr,171,31731, 1.00 ,0
 0> <info> app: hr,172,31697, 1.00 ,0
 0> <info> app: hr,173,31732, 0.00 ,-1
 0> <info> app: hr,174,31696, 0.00 ,-1
 0> <info> app: hr,175,31703, 0.00 ,0
 0> <info> app: hr,176,31701, 0.00 ,0
 0> <info> app: hr,177,31691, 0.00 ,0
 0> <info> app: hr,178,31709, 0.00 ,0
 0> <info> app: hr,179,31718, 0.00 ,0
 0> <info> app: hr,180,31695, 0.00 ,0
 0> <info> app: hr,181,31696, 0.00 ,0
 0> <info> app: hr,182,31717, 0.00 ,0
 0> <info> app: hr,183,31712, 0.00 ,0
 0> <info> app: hr,184,31713, -1.00 ,-1
 0> <info> app: hr,185,31706, -1.00 ,-1
 0> <info> app: hr,186,31693, -1.00 ,-1
 0> <info> app: hr,187,31653, -1.00 ,-1
 0> <info> app: hr,188,31702, -1.00 ,-1
 0> <info> app: hr,189,31734, -1.00 ,-1
 0> <info> app: hr,190,31716, -1.00 ,-1
 0> <info> app: hr,191,31706, -1.00 ,-1
 0> <info> app: hr,192,31697, 0.00 ,0
 0> <info> app: hr,193,31722, 0.00 ,0
 0> <info> app: hr,194,31731, 0.00 ,0
 0> <info> app: hr,195,31711, -1.00 ,-1
 0> <info> app: hr,196,31743, -1.00 ,-1
 0> <info> app: hr,197,31724, -1.00 ,-1
 0> <info> app: hr,198,31740, -2.00 ,-1
 0> <info> app: hr,199,31729, -2.00 ,-1
 0> <info> app: hr,200,31740, -3.00 ,-1
 0> <info> app: hr,201,31722, -3.00 ,-1
 0> <info> app: hr,202,31712, -4.00 ,-1
 0> <info> app: hr,203,31745, -3.00 ,-1
 0> <info> app: hr,204,31722, -4.00 ,-1
 0> <info> app: hr,205,31742, -5.00 ,-1
 0> <info> app: hr,206,31735, -6.00 ,-1
 0> <info> app: hr,207,31735, -5.00 ,-1
 0> <info> app: hr,208,31728, -6.00 ,-1
 0> <info> app: hr,209,31704, -7.00 ,-1
 0> <info> app: hr,210,31724, -7.00 ,-1
 0> <info> app: hr,211,31725, -7.00 ,-1
 0> <info> app: hr,212,31735, -8.00 ,-1
 0> <info> app: hr,213,31717, -8.00 ,-1
 0> <info> app: hr,214,31715, -8.00 ,-1
 0> <info> app: hr,215,31734, -8.00 ,-1
 0> <info> app: hr,216,31679, -8.00 ,-1
 0> <info> app: hr,217,31721, -8.00 ,-1
 0> <info> app: hr,218,31725, -8.00 ,-1
 0> <info> app: hr,219,31695, -9.00 ,-1
 0> <info> app: hr,220,31739, -8.00 ,-1
 0> <info> app: hr,221,31709, -8.00 ,-1
 0> <info> app: hr,222,31717, -7.00 ,-1
 0> <info> app: hr,223,31691, -8.00 ,-1
 0> <info> app: hr,224,31682, -7.00 ,-1
 0> <info> app: hr,225,31711, -7.00 ,-1
 0> <info> app: hr,226,31704, -7.00 ,-1
 0> <info> app: hr,227,31713, -5.00 ,-1
 0> <info> app: hr,228,31701, -5.00 ,-1
 0> <info> app: hr,229,31695, -5.00 ,-1
 0> <info> app: hr,230,31746, -5.00 ,-1
 0> <info> app: hr,231,31715, -4.00 ,-1
 0> <info> app: hr,232,31735, -4.00 ,-1
 0> <info> app: hr,233,31695, -3.00 ,-1
 0> <info> app: hr,234,31715, -3.00 ,-1
 0> <info> app: hr,235,31709, -2.00 ,-1
 0> <info> app: hr,236,31723, -2.00 ,-1
 0> <info> app: hr,237,31730, -2.00 ,-1
 0> <info> app: hr,238,31706, -2.00 ,-1
 0> <info> app: hr,239,31730, -2.00 ,-1
 0> <info> app: hr,240,31740, -2.00 ,-1
 0> <info> app: hr,241,31714, -2.00 ,-1
 0> <info> app: hr,242,31736, -2.00 ,-1
 0> <info> app: hr,243,31687, -1.00 ,-1
 0> <info> app: hr,244,31718, -1.00 ,-1
 0> <info> app: hr,245,31716, -1.00 ,-1
 0> <info> app: hr,246,31734, -1.00 ,-1
 0> <info> app: hr,247,31707, -1.00 ,-1
 0> <info> app: hr,248,31748, -1.00 ,-1
 0> <info> app: hr,249,31717, -1.00 ,-1
 0> <info> app: hr,250,31726, -1.00 ,-1
 0> <info> app: hr,251,31707, -1.00 ,-1
 0> <info> app: hr,252,31726, -1.00 ,-1
 0> <info> app: hr,253,31723, -1.00 ,-1
 0> <info> app: hr,254,31720, -1.00 ,-1
 0> <info> app: hr,255,31718, -2.00 ,-1
 0> <info> app: hr,256,31698, -1.00 ,-1
 0> <info> app: hr,257,31739, -1.00 ,-1
 0> <info> app: hr,258,31708, -1.00 ,-1
 0> <info> app: hr,259,31727, -1.00 ,-1
 0> <info> app: hr,260,31738, -1.00 ,-1
 0> <info> app: hr,261,31725, -1.00 ,-1
 0> <info> app: hr,262,31721, -1.00 ,-1
 0> <info> app: hr,263,31728, -1.00 ,-1
 0> <info> app: hr,264,31733, -1.00 ,-1
 0> <info> app: hr,265,31727, -2.00 ,-1
 0> <info> app: hr,266,31713, -2.00 ,-1
 0> <info> app: hr,267,31704, -2.00 ,-1
 0> <info> app: hr,268,31731, -1.00 ,-1
 0> <info> app: hr,269,31719, -1.00 ,-1
 0> <info> app: hr,270,31745, -1.00 ,-1
 0> <info> app: hr,271,31709, -2.00 ,-1
 0> <info> app: hr,272,31732, -2.00 ,-1
 0> <info> app: hr,273,31709, -2.00 ,-1
 0> <info> app: hr,274,31720, -2.00 ,-1
 0> <info> app: hr,275,31745, -2.00 ,-1
 0> <info> app: hr,276,31759, -2.00 ,-1
 0> <info> app: hr,277,31765, -2.00 ,-1
 0> <info> app: hr,278,31735, -2.00 ,-1
 0> <info> app: hr,279,31769, -3.00 ,-1
 0> <info> app: hr,280,31756, -3.00 ,-1
 0> <info> app: hr,281,31754, -4.00 ,-1
 0> <info> app: hr,282,31747, -5.00 ,-1
 0> <info> app: hr,283,31747, -4.00 ,-1
 0> <info> app: hr,284,31749, -5.00 ,-1
 0> <info> app: hr,285,31753, -6.00 ,-1
 0> <info> app: hr,286,31747, -6.00 ,-1
 0> <info> app: hr,287,31719, -7.00 ,-1
 0> <info> app: hr,288,31717, -7.00 ,-1
 0> <info> app: hr,289,31735, -7.00 ,-1
 0> <info> app: hr,290,31720, -8.00 ,-1
 0> <info> app: hr,291,31747, -8.00 ,-1
 0> <info> app: hr,292,31714, -8.00 ,-1
 0> <info> app: hr,293,31741, -8.00 ,-1
 0> <info> app: hr,294,31706, -7.00 ,-1
 0> <info> app: hr,295,31714, -8.00 ,-1
 0> <info> app: hr,296,31716, -8.00 ,-1
 0> <info> app: hr,297,31716, -7.00 ,-1
 0> <info> app: hr,298,31715, -7.00 ,-1
 0> <info> app: hr,299,31700, -6.00 ,-1
 0> <info> app: hr,300,31728, -6.00 ,-1
 0> <info> app: hr,301,31714, -6.00 ,-1
 0> <info> app: hr,302,31733, -5.00 ,-1
 0> <info> app: hr,303,31705, -4.00 ,-1
 0> <info> app: hr,304,31716, -4.00 ,-1
 0> <info> app: hr,305,31705, -4.00 ,-1
 0> <info> app: hr,306,31717, -2.00 ,-1
 0> <info> app: hr,307,31720, -2.00 ,-1
 0> <info> app: hr,308,31750, -2.00 ,-1
 0> <info> app: hr,309,31712, -1.00 ,0
 0> <info> app: hr,310,31726, -1.00 ,0
 0> <info> app: hr,311,31741, -1.00 ,0
 0> <info> app: hr,312,31717, 0.00 ,0
 0> <info> app: hr,313,31725, 0.00 ,0
 0> <info> app: hr,314,31738, 0.00 ,0
 0> <info> app: hr,315,31718, 0.00 ,0
 0> <info> app: hr,316,31733, 0.00 ,0
 0> <info> app: hr,317,31718, 0.00 ,0
 0> <info> app: hr,318,31703, 0.00 ,0
 0> <info> app: hr,319,31730, 0.00 ,0
 0> <info> app: hr,320,31717, 1.00 ,1
 0> <info> app: hr,321,31707, 1.00 ,1
 0> <info> app: hr,322,31747, 1.00 ,1
 0> <info> app: hr,323,31707, 1.00 ,1
 0> <info> app: hr,324,31716, 2.00 ,1
 0> <info> app: hr,325,31708, 2.00 ,1
 0> <info> app: hr,326,31706, 2.00 ,1
 0> <info> app: hr,327,31729, 2.00 ,1
 0> <info> app: hr,328,31731, 2.00 ,1
 0> <info> app: hr,329,31725, 2.00 ,1
 0> <info> app: hr,330,31708, 2.00 ,1
 0> <info> app: hr,331,31743, 3.00 ,1
 0> <info> app: hr,332,31731, 3.00 ,1
 0> <info> app: hr,333,31733, 3.00 ,1
 0> <info> app: hr,334,31733, 2.00 ,1
 0> <info> app: hr,335,31711, 2.00 ,1
 0> <info> app: hr,336,31727, 2.00 ,1
 0> <info> app: hr,337,31720, 2.00 ,1
 0> <info> app: hr,338,31728, 2.00 ,1
 0> <info> app: hr,339,31729, 2.00 ,1
 0> <info> app: hr,340,31704, 3.00 ,1
 0> <info> app: hr,341,31750, 3.00 ,1
 0> <info> app: hr,342,31712, 2.00 ,1
 0> <info> app: hr,343,31723, 2.00 ,1
 0> <info> app: hr,344,31731, 2.00 ,1
 0> <info> app: hr,345,31718, 2.00 ,1
 0> <info> app: hr,346,31729, 2.00 ,1
 0> <info> app: hr,347,31743, 2.00 ,1
 0> <info> app: hr,348,31753, 2.00 ,1
 0> <info> app: hr,349,31740, 0.00 ,0
 0> <info> app: hr,350,31747, 0.00 ,0
 0> <info> app: hr,351,31739, 0.00 ,0
 0> <info> app: hr,352,31733, 0.00 ,0
 0> <info> app: hr,353,31741, 0.00 ,0
 0> <info> app: hr,354,31740, 0.00 ,0
 0> <info> app: hr,355,31721, -1.00 ,-1
 0> <info> app: hr,356,31745, -1.00 ,-1
 0> <info> app: hr,357,31741, -1.00 ,-1
 0> <info> app: hr,358,31729, -1.00 ,-1
 0> <info> app: hr,359,31728, -1.00 ,-1
 0> <info> app: hr,360,31716, -2.00 ,-1
 0> <info> app: hr,361,31728, -2.00 ,-1
 0> <info> app: hr,362,31673, -2.00 ,-1
 0> <info> app: hr,363,31731, -2.00 ,-1
 0> <info> app: hr,364,31725, -2.00 ,-1
 0> <info> app: hr,365,31708, -2.00 ,-1
 0> <info> app: hr,366,31710, -2.00 ,-1
 0> <info> app: hr,367,31720, -1.00 ,-1
 0> <info> app: hr,368,31721, -1.00 ,-1
 0> <info> app: hr,369,31686, -1.00 ,-1
 0> <info> app: hr,370,31705, -1.00 ,-1
 0> <info> app: hr,371,31721, 0.00 ,0
 0> <info> app: hr,372,31732, 0.00 ,0
 0> <info> app: hr,373,31728, 0.00 ,0
 0> <info> app: hr,374,31709, 0.00 ,0
 0> <info> app: hr,375,31707, 0.00 ,0
 0> <info> app: hr,376,31694, 0.00 ,0
 0> <info> app: hr,377,31746, 1.00 ,1
 0> <info> app: hr,378,31721, 1.00 ,1
 0> <info> app: hr,379,31713, 1.00 ,1
 0> <info> app: hr,380,31755, 2.00 ,1
 0> <info> app: hr,381,31709, 2.00 ,1
 0> <info> app: hr,382,31689, 2.00 ,1
 0> <info> app: hr,383,31738, 1.00 ,1
 0> <info> app: hr,384,31713, 2.00 ,1
 0> <info> app: hr,385,31736, 2.00 ,1
 0> <info> app: hr,386,31715, 2.00 ,1
 0> <info> app: hr,387,31717, 2.00 ,1
 0> <info> app: hr,388,31727, 2.00 ,1
 0> <info> app: hr,389,31720, 3.00 ,1
 0> <info> app: hr,390,31730, 3.00 ,1
 0> <info> app: hr,391,31731, 2.00 ,1
 0> <info> app: hr,392,31720, 2.00 ,1
 0> <info> app: hr,393,31720, 2.00 ,1
 0> <info> app: hr,394,31744, 2.00 ,1
 0> <info> app: hr,395,31739, 2.00 ,1
 0> <info> app: hr,396,31732, 2.00 ,1
 0> <info> app: hr,397,31755, 2.00 ,1
 0> <info> app: hr,398,31738, 2.00 ,1
 0> <info> app: hr,399,31748, 0.00 ,0
 0> <info> app: hr,400,31727, 0.00 ,0
 0> <info> app: hr,401,31727, 0.00 ,0
 0> <info> app: hr,402,31748, 0.00 ,0
 0> <info> app: hr,403,31705, 0.00 ,0
 0> <info> app: hr,404,31719, 0.00 ,0
 0> <info> app: hr,405,31706, -1.00 ,-1
 0> <info> app: hr,406,31723, -1.00 ,-1
 0> <info> app: hr,407,31767, -1.00 ,-1
 0> <info> app: hr,408,31764, -1.00 ,-1
 0> <info> app: hr,409,31733, -1.00 ,-1
 0> <info> app: hr,410,31755, -1.00 ,-1
 0> <info> app: hr,411,31733, -1.00 ,-1
 0> <info> app: hr,412,31726, -2.00 ,-1
 0> <info> app: hr,413,31749, -2.00 ,-1
 0> <info> app: hr,414,31728, -3.00 ,-1
 0> <info> app: hr,415,31739, -3.00 ,-1
 0> <info> app: hr,416,31766, -4.00 ,-1
 0> <info> app: hr,417,31722, -3.00 ,-1
 0> <info> app: hr,418,31732, -4.00 ,-1
 0> <info> app: hr,419,31756, -4.00 ,-1
 0> <info> app: hr,420,31745, -5.00 ,-1
 0> <info> app: hr,421,31741, -4.00 ,-1
 0> <info> app: hr,422,31770, -5.00 ,-1
 0> <info> app: hr,423,31753, -5.00 ,-1
 0> <info> app: hr,424,31770, -6.00 ,-1
 0> <info> app: hr,425,31755, -6.00 ,-1
 0> <info> app: hr,426,31723, -6.00 ,-1
 0> <info> app: hr,427,31765, -7.00 ,-1
 0> <info> app: hr,428,31727, -7.00 ,-1
 0> <info> app: hr,429,31756, -7.00 ,-1
 0> <info> app: hr,430,31701, -8.00 ,-1
 0> <info> app: hr,431,31733, -8.00 ,-1
 0> <info> app: hr,432,31720, -8.00 ,-1
 0> <info> app: hr,433,31712, -7.00 ,-1
 0> <info> app: hr,434,31706, -7.00 ,-1
 0> <info> app: hr,435,31709, -7.00 ,-1
 0> <info> app: hr,436,31713, -6.00 ,-1
 0> <info> app: hr,437,31722, -6.00 ,-1
 0> <info> app: hr,438,31723, -6.00 ,-1
 0> <info> app: hr,439,31693, -5.00 ,-1
 0> <info> app: hr,440,31693, -4.00 ,-1
 0> <info> app: hr,441,31688, -4.00 ,-1
 0> <info> app: hr,442,31695, -3.00 ,-1
 0> <info> app: hr,443,31689, -1.00 ,0
 0> <info> app: hr,444,31677, -1.00 ,0
 0> <info> app: hr,445,31679, 0.00 ,0
 0> <info> app: hr,446,31707, 1.00 ,0
 0> <info> app: hr,447,31703, 2.00 ,1
 0> <info> app: hr,448,31696, 3.00 ,1
 0> <info> app: hr,449,31668, 4.00 ,1
 0> <info> app: hr,450,31683, 4.00 ,1
 0> <info> app: hr,451,31677, 6.00 ,1
 0> <info> app: hr,452,31699, 7.00 ,1
 0> <info> app: hr,453,31681, 7.00 ,1
 0> <info> app: hr,454,31702, 9.00 ,1
 0> <info> app: hr,455,31675, 10.00 ,1
 0> <info> app: hr,456,31673, 11.00 ,1
 0> <info> app: hr,457,31697, 11.00 ,1
 0> <info> app: hr,458,31699, 13.00 ,1
 0> <info> app: hr,459,31693, 13.00 ,1
 0> <info> app: hr,460,31717, 13.00 ,1
 0> <info> app: hr,461,31686, 15.00 ,1
 0> <info> app: hr,462,31687, 15.00 ,1
 0> <info> app: hr,463,31694, 15.00 ,1
 0> <info> app: hr,464,31674, 15.00 ,1
 0> <info> app: hr,465,31692, 16.00 ,1
 0> <info> app: hr,466,31689, 17.00 ,1
 0> <info> app: hr,467,31688, 17.00 ,1
 0> <info> app: hr,468,31706, 17.00 ,1
 0> <info> app: hr,469,31715, 17.00 ,1
 0> <info> app: hr,470,31716, 17.00 ,1
 0> <info> app: hr,471,31685, 16.00 ,1
 0> <info> app: hr,472,31710, 17.00 ,1
 0> <info> app: hr,473,31712, 17.00 ,1
 0> <info> app: hr,474,31704, 16.00 ,1
 0> <info> app: hr,475,31720, 16.00 ,1
 0> <info> app: hr,476,31664, 15.00 ,1
 0> <info> app: hr,477,31712, 14.00 ,0
 0> <info> app: hr,478,31681, 15.00 ,1
 0> <info> app: hr,479,31711, 14.00 ,0
 0> <info> app: hr,480,31670, 13.00 ,-1
 0> <info> app: hr,481,31701, 14.00 ,0
 0> <info> app: hr,482,31690, 13.00 ,0
 0> <info> app: hr,483,31708, 12.00 ,0
 0> <info> app: hr,484,31697, 13.00 ,0
 0> <info> app: hr,485,31697, 12.00 ,0
 0> <info> app: hr,486,31700, 11.00 ,-1
 0> <info> app: hr,487,31723, 11.00 ,0
 0> <info> app: hr,488,31694, 10.00 ,0
 0> <info> app: hr,489,31730, 10.00 ,0
 0> <info> app: hr,490,31712, 9.00 ,0
 0> <info> app: hr,491,31704, 9.00 ,0
 0> <info> app: hr,492,31722, 8.00 ,0
 0> <info> app: hr,493,31713, 8.00 ,0
 0> <info> app: hr,494,31710, 6.00 ,-1
 0> <info> app: hr,495,31736, 6.00 ,0
 0> <info> app: hr,496,31697, 6.00 ,0
 0> <info> app: hr,497,31719, 4.00 ,-1
 0> <info> app: hr,498,31721, 4.00 ,-1
 0> <info> app: hr,499,31716, 3.00 ,-1
 0> <info> app: hr,500,31684, 3.00 ,0
 0> <info> app: hr,501,31730, 2.00 ,0
 0> <info> app: hr,502,31695, 1.00 ,0
 0> <info> app: hr,503,31701, 0.00 ,-1
 0> <info> app: hr,504,31693, 0.00 ,0
 0> <info> app: hr,505,31669, 0.00 ,0
 0> <info> app: hr,506,31706, 0.00 ,0
 0> <info> app: hr,507,31685, 0.00 ,0
 0> <info> app: hr,508,31692, 0.00 ,0
 0> <info> app: hr,509,31686, 0.00 ,0
 0> <info> app: hr,510,31679, 0.00 ,0
 0> <info> app: hr,511,31701, 0.00 ,0
 0> <info> app: hr,512,31659, 0.00 ,0
 0> <info> app: hr,513,31683, 0.00 ,0
 0> <info> app: hr,514,31663, 0.00 ,0
 0> <info> app: hr,515,31687, 0.00 ,0
 0> <info> app: hr,516,31658, 1.00 ,1
 0> <info> app: hr,517,31667, 1.00 ,1
 0> <info> app: hr,518,31662, 2.00 ,1
 0> <info> app: hr,519,31649, 2.00 ,1
 0> <info> app: hr,520,31648, 3.00 ,1
 0> <info> app: hr,521,31644, 4.00 ,1
 0> <info> app: hr,522,31654, 4.00 ,1
 0> <info> app: hr,523,31669, 5.00 ,1
 0> <info> app: hr,524,31636, 6.00 ,1
 0> <info> app: hr,525,31666, 8.00 ,1
 0> <info> app: hr,526,31652, 8.00 ,1
 0> <info> app: hr,527,31643, 9.00 ,1
 0> <info> app: hr,528,31674, 9.00 ,1
 0> <info> app: hr,529,31623, 11.00 ,1
 0> <info> app: hr,530,31663, 11.00 ,1
 0> <info> app: hr,531,31652, 13.00 ,1
 0> <info> app: hr,532,31616, 13.00 ,1
 0> <info> app: hr,533,31665, 13.00 ,1
 0> <info> app: hr,534,31664, 15.00 ,1
 0> <info> app: hr,535,31656, 15.00 ,1
 0> <info> app: hr,536,31650, 16.00 ,1
 0> <info> app: hr,537,31637, 16.00 ,1
 0> <info> app: hr,538,31675, 16.00 ,1
 0> <info> app: hr,539,31656, 18.00 ,1
 0> <info> app: hr,540,31640, 18.00 ,1
 0> <info> app: hr,541,31649, 18.00 ,1
 0> <info> app: hr,542,31648, 18.00 ,1
 0> <info> app: hr,543,31672, 18.00 ,1
 0> <info> app: hr,544,31670, 18.00 ,1
 0> <info> app: hr,545,31640, 18.00 ,1
 0> <info> app: hr,546,31669, 18.00 ,1
 0> <info> app: hr,547,31677, 18.00 ,1
 0> <info> app: hr,548,31681, 18.00 ,1
 0> <info> app: hr,549,31679, 18.00 ,1
 0> <info> app: hr,550,31662, 17.00 ,1
 0> <info> app: hr,551,31660, 18.00 ,1
 0> <info> app: hr,552,31666, 17.00 ,1
 0> <info> app: hr,553,31650, 16.00 ,1
 0> <info> app: hr,554,31666, 16.00 ,1
 0> <info> app: hr,555,31665, 15.00 ,0
 0> <info> app: hr,556,31676, 14.00 ,-1
 0> <info> app: hr,557,31659, 15.00 ,0
 0> <info> app: hr,558,31668, 14.00 ,0
 0> <info> app: hr,559,31664, 13.00 ,0
 0> <info> app: hr,560,31688, 12.00 ,-1
 0> <info> app: hr,561,31652, 12.00 ,0
 0> <info> app: hr,562,31689, 11.00 ,0
 0> <info> app: hr,563,31689, 11.00 ,0
 0> <info> app: hr,564,31678, 10.00 ,0
 0> <info> app: hr,565,31675, 10.00 ,0
 0> <info> app: hr,566,31668, 8.00 ,-1
 0> <info> app: hr,567,31687, 8.00 ,0
 0> <info> app: hr,568,31660, 7.00 ,-1
 0> <info> app: hr,569,31682, 6.00 ,-1
 0> <info> app: hr,570,31696, 5.00 ,0
 0> <info> app: hr,571,31700, 4.00 ,-1
 0> <info> app: hr,572,31692, 4.00 ,0
 0> <info> app: hr,573,31679, 3.00 ,0
 0> <info> app: hr,574,31718, 3.00 ,0
 0> <info> app: hr,575,31717, 1.00 ,-1
 0> <info> app: hr,576,31695, 0.00 ,-1
 0> <info> app: hr,577,31657, 0.00 ,-1
 0> <info> app: hr,578,31691, -1.00 ,-1
 0> <info> app: hr,579,31675, -2.00 ,0
 0> <info> app: hr,580,31678, -3.00 ,-1
 0> <info> app: hr,581,31651, -2.00 ,0
 0> <info> app: hr,582,31651, -3.00 ,0
 0> <info> app: hr,583,31660, -3.00 ,0
 0> <info> app: hr,584,31632, -4.00 ,0
 0> <info> app: hr,585,31637, -4.00 ,0
 0> <info> app: hr,586,31652, -3.00 ,0
 0> <info> app: hr,587,31603, -3.00 ,0
 0> <info> app: hr,588,31611, -3.00 ,0
 0> <info> app: hr,589,31639, -3.00 ,0
 0> <info> app: hr,590,31618, -2.00 ,0
 0> <info> app: hr,591,31602, -1.00 ,1
 0> <info> app: hr,592,31594, 0.00 ,1
 0> <info> app: hr,593,31581, 0.00 ,0
 0> <info> app: hr,594,31613, 1.00 ,0
 0> <info> app: hr,595,31613, 2.00 ,0
 0> <info> app: hr,596,31570, 4.00 ,1
 0> <info> app: hr,597,31586, 6.00 ,1
 0> <info> app: hr,598,31582, 8.00 ,1
 0> <info> app: hr,599,31584, 9.00 ,1
 0> <info> app: hr,600,31602, 11.00 ,1
 0> <info> app: hr,601,31607, 12.00 ,1
 0> <info> app: hr,602,31584, 14.00 ,1
 0> <info> app: hr,603,31591, 15.00 ,1
 0> <info> app: hr,604,31596, 16.00 ,1
 0> <info> app: hr,605,31602, 18.00 ,1
 0> <info> app: hr,606,31602, 19.00 ,1
 0> <info> app: hr,607,31585, 20.00 ,1
 0> <info> app: hr,608,31608, 21.00 ,1
 0> <info> app: hr,609,31609, 22.00 ,1
 0> <info> app: hr,610,31590, 23.00 ,1
 0> <info> app: hr,611,31589, 24.00 ,1
 0> <info> app: hr,612,31602, 25.00 ,1
 0> <info> app: hr,613,31590, 25.00 ,1
 0> <info> app: hr,614,31564, 26.00 ,1
 0> <info> app: hr,615,31538, 27.00 ,1
 0> <info> app: hr,616,31597, 27.00 ,1
 0> <info> app: hr,617,31584, 29.00 ,1
 0> <info> app: hr,618,31565, 30.00 ,1
 0> <info> app: hr,619,31564, 30.00 ,1
 0> <info> app: hr,620,31588, 31.00 ,1
 0> <info> app: hr,621,31578, 31.00 ,1
 0> <info> app: hr,622,31584, 31.00 ,1
 0> <info> app: hr,623,31592, 32.00 ,1
 0> <info> app: hr,624,31588, 31.00 ,1
 0> <info> app: hr,625,31587, 32.00 ,1
 0> <info> app: hr,626,31595, 32.00 ,1
 0> <info> app: hr,627,31602, 31.00 ,1
 0> <info> app: hr,628,31587, 32.00 ,1
 0> <info> app: hr,629,31589, 31.00 ,1
 0> <info> app: hr,630,31566, 31.00 ,1
 0> <info> app: hr,631,31614, 30.00 ,1
 0> <info> app: hr,632,31592, 30.00 ,1
 0> <info> app: hr,633,31581, 30.00 ,1
 0> <info> app: hr,634,31603, 28.00 ,-1
 0> <info> app: hr,635,31583, 28.00 ,-1
 0> <info> app: hr,636,31587, 28.00 ,0
 0> <info> app: hr,637,31590, 27.00 ,0
 0> <info> app: hr,638,31588, 27.00 ,0
 0> <info> app: hr,639,31594, 25.00 ,-1
 0> <info> app: hr,640,31596, 25.00 ,-1
 0> <info> app: hr,641,31615, 24.00 ,-1
 0> <info> app: hr,642,31611, 24.00 ,0
 0> <info> app: hr,643,31584, 22.00 ,0
 0> <info> app: hr,644,31603, 21.00 ,-1
 0> <info> app: hr,645,31608, 20.00 ,-1
 0> <info> app: hr,646,31609, 19.00 ,-1
 0> <info> app: hr,647,31611, 18.00 ,0
 0> <info> app: hr,648,31620, 17.00 ,0
 0> <info> app: hr,649,31625, 16.00 ,-1
 0> <info> app: hr,650,31622, 15.00 ,-1
 0> <info> app: hr,651,31613, 14.00 ,-1
 0> <info> app: hr,652,31590, 13.00 ,-1
 0> <info> app: hr,653,31606, 11.00 ,-1
 0> <info> app: hr,654,31608, 11.00 ,-1
 0> <info> app: hr,655,31590, 9.00 ,-1
 0> <info> app: hr,656,31583, 9.00 ,-1
 0> <info> app: hr,657,31581, 7.00 ,-1
 0> <info> app: hr,658,31568, 7.00 ,-1
 0> <info> app: hr,659,31612, 6.00 ,-1
 0> <info> app: hr,660,31584, 5.00 ,-1
 0> <info> app: hr,661,31557, 5.00 ,0
 0> <info> app: hr,662,31591, 5.00 ,0
 0> <info> app: hr,663,31576, 4.00 ,0
 0> <info> app: hr,664,31575, 4.00 ,0
 0> <info> app: hr,665,31567, 4.00 ,0
 0> <info> app: hr,666,31562, 4.00 ,0
 0> <info> app: hr,667,31578, 4.00 ,0
 0> <info> app: hr,668,31576, 4.00 ,0
 0> <info> app: hr,669,31539, 4.00 ,0
 0> <info> app: hr,670,31582, 5.00 ,1
 0> <info> app: hr,671,31555, 4.00 ,0
 0> <info> app: hr,672,31559, 5.00 ,1
 0> <info> app: hr,673,31584, 5.00 ,1
 0> <info> app: hr,674,31575, 6.00 ,1
 0> <info> app: hr,675,31570, 6.00 ,1
 0> <info> app: hr,676,31574, 6.00 ,1
 0> <info> app: hr,677,31582, 7.00 ,1
 0> <info> app: hr,678,31578, 7.00 ,1
 0> <info> app: hr,679,31585, 7.00 ,1
 0> <info> app: hr,680,31578, 8.00 ,1
 0> <info> app: hr,681,31569, 7.00 ,1
 0> <info> app: hr,682,31579, 8.00 ,1
 0> <info> app: hr,683,31576, 7.00 ,1
 0> <info> app: hr,684,31579, 8.00 ,1
 0> <info> app: hr,685,31588, 8.00 ,1
 0> <info> app: hr,686,31567, 7.00 ,1
 0> <info> app: hr,687,31568, 8.00 ,1
 0> <info> app: hr,688,31565, 7.00 ,1
 0> <info> app: hr,689,31568, 8.00 ,1
 0> <info> app: hr,690,31571, 8.00 ,1
 0> <info> app: hr,691,31566, 8.00 ,1
 0> <info> app: hr,692,31586, 8.00 ,1
 0> <info> app: hr,693,31585, 8.00 ,1
 0> <info> app: hr,694,31547, 8.00 ,1
 0> <info> app: hr,695,31561, 7.00 ,1
 0> <info> app: hr,696,31588, 8.00 ,1
 0> <info> app: hr,697,31577, 8.00 ,1
 0> <info> app: hr,698,31571, 8.00 ,1
 0> <info> app: hr,699,31570, 8.00 ,1
 0> <info> app: hr,700,31567, 7.00 ,1
 0> <info> app: hr,701,31578, 8.00 ,1
 0> <info> app: hr,702,31582, 8.00 ,1
 0> <info> app: hr,703,31556, 7.00 ,1
 0> <info> app: hr,704,31565, 8.00 ,1
 0> <info> app: hr,705,31580, 7.00 ,1
 0> <info> app: hr,706,31573, 7.00 ,1
 0> <info> app: hr,707,31573, 7.00 ,1
 0> <info> app: hr,708,31586, 7.00 ,1
 0> <info> app: hr,709,31579, 7.00 ,1
 0> <info> app: hr,710,31567, 6.00 ,1
 0> <info> app: hr,711,31616, 6.00 ,1
 0> <info> app: hr,712,31583, 6.00 ,1
 0> <info> app: hr,713,31567, 5.00 ,0
 0> <info> app: hr,714,31588, 5.00 ,0
 0> <info> app: hr,715,31598, 5.00 ,0
 0> <info> app: hr,716,31571, 5.00 ,0
 0> <info> app: hr,717,31603, 4.00 ,-1
 0> <info> app: hr,718,31588, 3.00 ,-1
 0> <info> app: hr,719,31587, 3.00 ,0
 0> <info> app: hr,720,31611, 3.00 ,0
 0> <info> app: hr,721,31568, 2.00 ,0
 0> <info> app: hr,722,31606, 2.00 ,0
 0> <info> app: hr,723,31596, 1.00 ,-1
 0> <info> app: hr,724,31551, 0.00 ,-1
 0> <info> app: hr,725,31571, 0.00 ,0
 0> <info> app: hr,726,31563, 0.00 ,0
 0> <info> app: hr,727,31553, 0.00 ,0
 0> <info> app: hr,728,31528, 0.00 ,0
 0> <info> app: hr,729,31545, 0.00 ,0
 0> <info> app: hr,730,31547, 0.00 ,0
 0> <info> app: hr,731,31540, 0.00 ,0
 0> <info> app: hr,732,31516, 0.00 ,0
 0> <info> app: hr,733,31518, 1.00 ,1
 0> <info> app: hr,734,31530, 2.00 ,1
 0> <info> app: hr,735,31544, 3.00 ,1
 0> <info> app: hr,736,31545, 3.00 ,1
 0> <info> app: hr,737,31524, 4.00 ,1
 0> <info> app: hr,738,31535, 4.00 ,1
 0> <info> app: hr,739,31521, 6.00 ,1
 0> <info> app: hr,740,31515, 7.00 ,1
 0> <info> app: hr,741,31527, 7.00 ,1
 0> <info> app: hr,742,31537, 8.00 ,1
 0> <info> app: hr,743,31535, 10.00 ,1
 0> <info> app: hr,744,31553, 10.00 ,1
 0> <info> app: hr,745,31542, 11.00 ,1
 0> <info> app: hr,746,31540, 11.00 ,1
 0> <info> app: hr,747,31531, 12.00 ,1
 0> <info> app: hr,748,31556, 13.00 ,1
 0> <info> app: hr,749,31514, 13.00 ,1
 0> <info> app: hr,750,31525, 13.00 ,1
 0> <info> app: hr,751,31517, 14.00 ,1
 0> <info> app: hr,752,31541, 15.00 ,1
 0> <info> app: hr,753,31513, 15.00 ,1
 0> <info> app: hr,754,31532, 15.00 ,1
 0> <info> app: hr,755,31552, 16.00 ,1
 0> <info> app: hr,756,31512, 16.00 ,1
 0> <info> app: hr,757,31529, 16.00 ,1
 0> <info> app: hr,758,31557, 17.00 ,1
 0> <info> app: hr,759,31537, 17.00 ,1
 0> <info> app: hr,760,31539, 17.00 ,1
 0> <info> app: hr,761,31539, 17.00 ,1
 0> <info> app: hr,762,31514, 17.00 ,1
 0> <info> app: hr,763,31517, 17.00 ,1
 0> <info> app: hr,764,31524, 17.00 ,1
 0> <info> app: hr,765,31496, 17.00 ,1
 0> <info> app: hr,766,31503, 17.00 ,1
 0> <info> app: hr,767,31520, 17.00 ,1
 0> <info> app: hr,768,31515, 17.00 ,1
 0> <info> app: hr,769,31520, 18.00 ,1
 0> <info> app: hr,770,31545, 18.00 ,1
 0> <info> app: hr,771,31521, 18.00 ,1
 0> <info> app: hr,772,31498, 18.00 ,1
 0> <info> app: hr,773,31538, 17.00 ,1
 0> <info> app: hr,774,31513, 17.00 ,1
 0> <info> app: hr,775,31554, 17.00 ,1
 0> <info> app: hr,776,31529, 17.00 ,1
 0> <info> app: hr,777,31543, 16.00 ,1
 0> <info> app: hr,778,31559, 17.00 ,1
 0> <info> app: hr,779,31538, 16.00 ,1
 0> <info> app: hr,780,31531, 16.00 ,1
 0> <info> app: hr,781,31522, 15.00 ,0
 0> <info> app: hr,782,31532, 14.00 ,-1
 0> <info> app: hr,783,31536, 14.00 ,-1
 0> <info> app: hr,784,31524, 13.00 ,0
 0> <info> app: hr,785,31547, 13.00 ,0
 0> <info> app: hr,786,31514, 12.00 ,0
 0> <info> app: hr,787,31521, 12.00 ,0
 0> <info> app: hr,788,31556, 11.00 ,0
 0> <info> app: hr,789,31549, 11.00 ,0
 0> <info> app: hr,790,31543, 10.00 ,0
 0> <info> app: hr,791,31566, 10.00 ,0
 0> <info> app: hr,792,31554, 9.00 ,0
 0> <info> app: hr,793,31544, 8.00 ,0
 0> <info> app: hr,794,31557, 7.00 ,-1
 0> <info> app: hr,795,31524, 7.00 ,0
 0> <info> app: hr,796,31550, 5.00 ,0
 0> <info> app: hr,797,31523, 5.00 ,0
 0> <info> app: hr,798,31528, 4.00 ,0
 0> <info> app: hr,799,31546, 4.00 ,0
 0> <info> app: hr,800,31520, 3.00 ,0
 0> <info> app: hr,801,31538, 2.00 ,-1
 0> <info> app: hr,802,31520, 2.00 ,0
 0> <info> app: hr,803,31516, 2.00 ,0
 0> <info> app: hr,804,31498, 2.00 ,0
 0> <info> app: hr,805,31495, 2.00 ,0
 0> <info> app: hr,806,31502, 2.00 ,0
 0> <info> app: hr,807,31497, 2.00 ,0
 0> <info> app: hr,808,31507, 2.00 ,0
 0> <info> app: hr,809,31501, 2.00 ,0
 0> <info> app: hr,810,31502, 2.00 ,0
 0> <info> app: hr,811,31492, 3.00 ,1
 0> <info> app: hr,812,31508, 4.00 ,1
 0> <info> app: hr,813,31487, 4.00 ,1
 0> <info> app: hr,814,31499, 4.00 ,1
 0> <info> app: hr,815,31491, 5.00 ,1
 0> <info> app: hr,816,31489, 6.00 ,1
 0> <info> app: hr,817,31500, 7.00 ,1
 0> <info> app: hr,818,31500, 7.00 ,1
 0> <info> app: hr,819,31501, 8.00 ,1
 0> <info> app: hr,820,31502, 8.00 ,1
 0> <info> app: hr,821,31529, 8.00 ,1
 0> <info> app: hr,822,31510, 9.00 ,1
 0> <info> app: hr,823,31504, 9.00 ,1
 0> <info> app: hr,824,31502, 10.00 ,1
 0> <info> app: hr,825,31509, 10.00 ,1
 0> <info> app: hr,826,31516, 11.00 ,1
 0> <info> app: hr,827,31480, 10.00 ,1
 0> <info> app: hr,828,31479, 10.00 ,1
 0> <info> app: hr,829,31506, 11.00 ,1
 0> <info> app: hr,830,31490, 11.00 ,1
 0> <info> app: hr,831,31522, 11.00 ,1
 0> <info> app: hr,832,31520, 11.00 ,1
 0> <info> app: hr,833,31494, 12.00 ,1
 0> <info> app: hr,834,31502, 11.00 ,1
 0> <info> app: hr,835,31521, 11.00 ,1
 0> <info> app: hr,836,31528, 12.00 ,1
 0> <info> app: hr,837,31536, 11.00 ,1
 0> <info> app: hr,838,31528, 11.00 ,1
 0> <info> app: hr,839,31508, 11.00 ,1
 0> <info> app: hr,840,31503, 11.00 ,1
 0> <info> app: hr,841,31527, 10.00 ,1
 0> <info> app: hr,842,31491, 9.00 ,0
 0> <info> app: hr,843,31514, 9.00 ,0
 0> <info> app: hr,844,31525, 8.00 ,-1
 0> <info> app: hr,845,31510, 8.00 ,-1
 0> <info> app: hr,846,31517, 8.00 ,0
 0> <info> app: hr,847,31552, 7.00 ,0
 0> <info> app: hr,848,31527, 7.00 ,0
 0> <info> app: hr,849,31516, 6.00 ,-1
 0> <info> app: hr,850,31538, 6.00 ,0
 0> <info> app: hr,851,31527, 5.00 ,0
 0> <info> app: hr,852,31527, 4.00 ,0
 0> <info> app: hr,853,31548, 4.00 ,0
 0> <info> app: hr,854,31544, 3.00 ,0
 0> <info> app: hr,855,31541, 3.00 ,0
 0> <info> app: hr,856,31544, 2.00 ,0
 0> <info> app: hr,857,31540, 1.00 ,0
 0> <info> app: hr,858,31564, 0.00 ,-1
 0> <info> app: hr,859,31555, 0.00 ,0
 0> <info> app: hr,860,31523, 0.00 ,0
 0> <info> app: hr,861,31558, -1.00 ,0
 0> <info> app: hr,862,31531, -2.00 ,0
 0> <info> app: hr,863,31536, -3.00 ,-1
 0> <info> app: hr,864,31533, -4.00 ,-1
 0> <info> app: hr,865,31559, -5.00 ,-1
 0> <info> app: hr,866,31538, -6.00 ,-1
 0> <info> app: hr,867,31549, -6.00 ,-1
 0> <info> app: hr,868,31546, -7.00 ,-1
 0> <info> app: hr,869,31560, -8.00 ,-1
 0> <info> app: hr,870,31539, -8.00 ,-1
 0> <info> app: hr,871,31523, -9.00 ,-1
 0> <info> app: hr,872,31524, -9.00 ,-1
 0> <info> app: hr,873,31520, -10.00 ,-1
 0> <info> app: hr,874,31520, -10.00 ,-1
 0> <info> app: hr,875,31527, -10.00 ,-1
 0> <info> app: hr,876,31511, -10.00 ,-1
 0> <info> app: hr,877,31537, -10.00 ,-1
 0> <info> app: hr,878,31512, -10.00 ,-1
 0> <info> app: hr,879,31497, -10.00 ,-1
 0> <info> app: hr,880,31520, -9.00 ,-1
 0> <info> app: hr,881,31495, -9.00 ,-1
 0> <info> app: hr,882,31521, -8.00 ,-1
 0> <info> app: hr,883,31511, -8.00 ,-1
 0> <info> app: hr,884,31505, -7.00 ,-1
 0> <info> app: hr,885,31519, -7.00 ,-1
 0> <info> app: hr,886,31543, -7.00 ,-1
 0> <info> app: hr,887,31533, -6.00 ,-1
 0> <info> app: hr,888,31500, -6.00 ,-1
 0> <info> app: hr,889,31511, -5.00 ,-1
 0> <info> app: hr,890,31501, -4.00 ,-1
 0> <info> app: hr,891,31501, -4.00 ,-1
 0> <info> app: hr,892,31505, -3.00 ,-1
 0> <info> app: hr,893,31513, -3.00 ,-1
 0> <info> app: hr,894,31513, -2.00 ,-1
 0> <info> app: hr,895,31530, -1.00 ,0
 0> <info> app: hr,896,31525, 0.00 ,0
 0> <info> app: hr,897,31513, 0.00 ,0
 0> <info> app: hr,898,31513, 0.00 ,0
 0> <info> app: hr,899,31498, 0.00 ,0
 0> <info> app: hr,900,31525, 1.00 ,0
 0> <info> app: hr,901,31522, 1.00 ,0
 0> <info> app: hr,902,31498, 2.00 ,0
 0> <info> app: hr,903,31510, 2.00 ,0
 0> <info> app: hr,904,31505, 2.00 ,0
 0> <info> app: hr,905,31520, 2.00 ,0
 0> <info> app: hr,906,31511, 3.00 ,0
 0> <info> app: hr,907,31542, 3.00 ,0
 0> <info> app: hr,908,31558, 4.00 ,0
 0> <info> app: hr,909,31534, 4.00 ,0
 0> <info> app: hr,910,31539, 3.00 ,0
 0> <info> app: hr,911,31541, 3.00 ,0
 0> <info> app: hr,912,31519, 3.00 ,0
 0> <info> app: hr,913,31534, 3.00 ,0
 0> <info> app: hr,914,31547, 3.00 ,0
 0> <info> app: hr,915,31492, 2.00 ,0
 0> <info> app: hr,916,31530, 2.00 ,-1
 0> <info> app: hr,917,31548, 2.00 ,0
 0> <info> app: hr,918,31571, 1.00 ,0
 0> <info> app: hr,919,31551, 1.00 ,0
 0> <info> app: hr,920,31543, 1.00 ,0
 0> <info> app: hr,921,31532, 0.00 ,0
 0> <info> app: hr,922,31550, 0.00 ,0
 0> <info> app: hr,923,31547, 0.00 ,0
 0> <info> app: hr,924,31570, 0.00 ,0
 0> <info> app: hr,925,31556, -1.00 ,0
 0> <info> app: hr,926,31538, -2.00 ,-1
 0> <info> app: hr,927,31545, -3.00 ,-1
 0> <info> app: hr,928,31557, -3.00 ,-1
 0> <info> app: hr,929,31561, -4.00 ,-1
 0> <info> app: hr,930,31546, -4.00 ,-1
 0> <info> app: hr,931,31576, -5.00 ,-1
 0> <info> app: hr,932,31550, -6.00 ,-1
 0> <info> app: hr,933,31555, -7.00 ,-1
 0> <info> app: hr,934,31603, -7.00 ,-1
 0> <info> app: hr,935,31595, -8.00 ,-1
 0> <info> app: hr,936,31580, -8.00 ,-1
 0> <info> app: hr,937,31582, -9.00 ,-1
 0> <info> app: hr,938,31561, -10.00 ,-1
 0> <info> app: hr,939,31591, -11.00 ,-1
 0> <info> app: hr,940,31595, -12.00 ,-1
 0> <info> app: hr,941,31597, -13.00 ,-1
 0> <info> app: hr,942,31611, -14.00 ,-1
 0> <info> app: hr,943,31593, -15.00 ,-1
 0> <info> app: hr,944,31608, -16.00 ,-1
 0> <info> app: hr,945,31606, -17.00 ,-1
 0> <info> app: hr,946,31584, -18.00 ,-1
 0> <info> app: hr,947,31609, -19.00 ,-1
 0> <info> app: hr,948,31610, -20.00 ,-1
 0> <info> app: hr,949,31607, -21.00 ,-1
 0> <info> app: hr,950,31601, -22.00 ,-1
 0> <info> app: hr,951,31606, -23.00 ,-1
 0> <info> app: hr,952,31619, -24.00 ,-1
 0> <info> app: hr,953,31605, -24.00 ,-1
 0> <info> app: hr,954,31581, -25.00 ,-1
 0> <info> app: hr,955,31605, -26.00 ,-1
 0> <info> app: hr,956,31608, -27.00 ,-1
 0> <info> app: hr,957,31599, -27.00 ,-1
 0> <info> app: hr,958,31590, -27.00 ,-1
 0> <info> app: hr,959,31574, -27.00 ,-1
 0> <info> app: hr,960,31592, -28.00 ,-1
 0> <info> app: hr,961,31572, -28.00 ,-1
 0> <info> app: hr,962,31543, -27.00 ,-1
 0> <info> app: hr,963,31570, -27.00 ,-1
 0> <info> app: hr,964,31555, -26.00 ,-1
 0> <info> app: hr,965,31571, -26.00 ,-1
 0> <info> app: hr,966,31576, -26.00 ,-1
 0> <info> app: hr,967,31565, -24.00 ,-1
 0> <info> app: hr,968,31581, -24.00 ,-1
 0> <info> app: hr,969,31552, -23.00 ,-1
 0> <info> app: hr,970,31538, -22.00 ,-1
 0> <info> app: hr,971,31579, -22.00 ,-1
 0> <info> app: hr,972,31562, -21.00 ,-1
 0> <info> app: hr,973,31559, -20.00 ,-1
 0> <info> app: hr,974,31546, -18.00 ,-1
 0> <info> app: hr,975,31552, -17.00 ,-1
 0> <info> app: hr,976,31568, -16.00 ,-1
 0> <info> app: hr,977,31553, -14.00 ,-1
 0> <info> app: hr,978,31567, -13.00 ,-1
 0> <info> app: hr,979,31551, -12.00 ,-1
 0> <info> app: hr,980,31566, -11.00 ,-1
 0> <info> app: hr,981,31578, -9.00 ,-1
 0> <info> app: hr,982,31570, -8.00 ,-1
 0> <info> app: hr,983,31565, -7.00 ,-1
 0> <info> app: hr,984,31562, -6.00 ,-1
 0> <info> app: hr,985,31590, -6.00 ,-1
 0> <info> app: hr,986,31580, -4.00 ,-1
 0> <info> app: hr,987,31559, -4.00 ,-1
 0> <info> app: hr,988,31564, -3.00 ,-1
 0> <info> app: hr,989,31565, -3.00 ,-1
 0> <info> app: hr,990,31618, -2.00 ,-1
 0> <info> app: hr,991,31572, -2.00 ,-1
 0> <info> app: hr,992,31584, -1.00 ,0
 0> <info> app: hr,993,31572, 0.00 ,0
 0> <info> app: hr,994,31582, 0.00 ,0
 0> <info> app: hr,995,31549, 0.00 ,0
 0> <info> app: hr,996,31604, 0.00 ,0
 0> <info> app: hr,997,31595, 0.00 ,0
 0> <info> app: hr,998,31579, 0.00 ,0
 0> <info> app: hr,999,31613, 0.00 ,0
 0> <info> app: hr,1000,31582, 0.00 ,0
 0> <info> app: hr,1001,31578, 0.00 ,0
 0> <info> app: hr,1002,31603, 0.00 ,0
 0> <info> app: hr,1003,31561, 0.00 ,0
 0> <info> app: hr,1004,31608, 0.00 ,0
 0> <info> app: hr,1005,31592, -1.00 ,-1
 0> <info> app: hr,1006,31566, -1.00 ,-1
 0> <info> app: hr,1007,31611, -1.00 ,-1
 0> <info> app: hr,1008,31587, -1.00 ,-1
 0> <info> app: hr,1009,31603, -2.00 ,-1
 0> <info> app: hr,1010,31605, -2.00 ,-1
 0> <info> app: hr,1011,31583, -2.00 ,-1
 0> <info> app: hr,1012,31588, -2.00 ,-1
 0> <info> app: hr,1013,31597, -3.00 ,-1
 0> <info> app: hr,1014,31611, -3.00 ,-1
 0> <info> app: hr,1015,31601, -4.00 ,-1
 0> <info> app: hr,1016,31610, -4.00 ,-1
 0> <info> app: [OK]	HR has been calculated 78
 0> <info> app: BATT Reading...
 0> <info> app: Raw 871,SOC 71,BattFullDetect 0, 386V
 0> <info> app: Save 1536354560, 2727, 2132, -17271,
 0> <info> app: [OK]	HR Background stop
 0> <info> app: ^
 0> <info> app: HR A
 0> <info> app: HR C
 0> <info> app: HR D
 0> <info> app: Show HR Result

# Logging stopped @ 27 Nov 2018 13:57:40
