# SEGGER J-Link RTT Viewer V6.16a Terminal Log File												
# Compiled: 12:44:10 on Jun  6 2017												
# Logging started @ 27 Nov 2018 14:01:25												
 0> <info> app: ***********  Application started  ***********												
 0> 												
 0> <info> app: [OK] NRF Power ON 0x0004. 												
 0> <info> app: Read MAC:CC34D2110EF6												
 0> <info> app: ***********  Sensor initial ***********												
 0> <info> app: [OK]	BMI160											
 0> <info> app: [OK]	SETUP ACC											
 0> <info> app: [OK]	SETUP STEP COUNT											
 0> <info> app: [OK]	FLASH MEMORY											
 0> <info> app: [OK]	Read and using configuration in flash memory											
 0> <info> app: [OK]	Using queue setting from flash memory											
 0> <info> app: gender in flash 1												
 0> <info> app: [OK]	OLED Initial											
 0> <info> app: [OK]	Max30102 Initial	 Temperature 31.37										
 0> <info> app: ********** End sensor initial *********												
 0> 												
 0> <info> app: Erase bonds!												
 0> <info> app: BLE_ADV_EVT_FAST												
 0> <info> app: advertising is started												
 0> <info> app: [FALL] Device restart detected. It require setup timer from flash memory												
 0> 												
 0> <info> app: [OK]	FLASH MEMORY											
 0> <info> app: [OK] Pedo data with pages 1142												
 0> 												
 0> <error> app: [OK] Unix Time in flash 1536354600												
 0> <error> app: [OK] Unix Time in flash 1536354610												
 0> <error> app: [OK] Unix Time in flash 1536354627												
 0> <error> app: [OK] Unix Time in flash 1536354630												
 0> <error> app: [OK] Unix Time in flash 1536354639												
 0> <error> app: [OK] Unix Time in flash 1536354649												
 0> <error> app: [OK] Unix Time in flash 1536354659												
 0> <error> app: [OK] Unix Time in flash 1536354669												
 0> <info> app: BATT Reading...												
 0> <info> app: Raw 868	SOC 68	BattFullDetect 0	 384V									
 0> <info> app: Save 1536354700	-5017	439	-16964									
 0> <info> app: ALERT_BT_CHECK_WAIT_KRY												
 0> <info> app: ALERT_BT_CHECK_WAIT_KRY												
 0> <info> app: ALERT_BT_CHECK_WAIT_KRY												
 0> <info> app: Left Press												
 0> <info> app: [OK]	Max30102 Already and background working is begin											
 0> 												
 0> <info> app: BATT Reading...												
 0> <info> app: Raw 866	SOC 66	BattFullDetect 0	 383V									
 0> <info> app: Save 1536354710	-4772	295	-16949									
 0> <info> app: [OK]	HR sample count 1016											
 0> <info> app: BATT Reading...												
 0> <info> app: Raw 871	SOC 71	BattFullDetect 0	 386V									
 0> <info> app: Save 1536354720	-4843	296	-16973									
 0> 												
 0> Plus Signal 1	76											
 0> Minus Signal -1	109											
 0> plus_index 76	 minus_index 109	 Peak Index	98		 AVR Peak Index	98	 HR 0	 Reject out of 30-180.				
 0> Plus Signal 1	158											
 0> Minus Signal -1	189											
 0> plus_index 158	 minus_index 189	 Peak Index	179	181	182		 AVR Peak Index	180	 HR 73			
 0> Plus Signal 1	244											
 0> Minus Signal -1	274											
 0> plus_index 244	 minus_index 274	 Peak Index	265	267	268		 AVR Peak Index	266	 HR 69			
 0> Plus Signal 1	332											
 0> Minus Signal -1	363											
 0> plus_index 332	 minus_index 363	 Peak Index	356		 AVR Peak Index	356	 HR 66					
 0> Plus Signal 1	420											
 0> Minus Signal -1	449											
 0> plus_index 420	 minus_index 449	 Peak Index	438	439		 AVR Peak Index	438	 HR 73				
 0> Plus Signal 1	497											
 0> Minus Signal -1	531											
 0> plus_index 497	 minus_index 531	 Peak Index	518	520	522		 AVR Peak Index	520	 HR 73			
 0> Plus Signal 1	579											
 0> Minus Signal -1	612											
 0> plus_index 579	 minus_index 612	 Peak Index	605		 AVR Peak Index	605	 HR 70					
 0> Plus Signal 1	666											
 0> Minus Signal -1	692											
 0> plus_index 666	 minus_index 692	 Peak Index	681	682	683	684		 AVR Peak Index	682	 HR 77		
 0> Plus Signal 1	750											
 0> Minus Signal -1	782											
 0> plus_index 750	 minus_index 782	 Peak Index	770		 AVR Peak Index	770	 HR 68					
 0> Plus Signal 1	835											
 0> Minus Signal -1	867											
 0> plus_index 835	 minus_index 867	 Peak Index	853	854	855	856	857	858		 AVR Peak Index	855	 HR 70
 0> Plus Signal 1	924											
 0> Minus Signal -1	953											
 0> plus_index 924	 minus_index 953	 Peak Index	943		 AVR Peak Index	943	 HR 68<info> app: HR>>>					
 0> 66	68	68	69	70	70	73	73	73	77	 sum div 11	 1<info> app: HR final>>>	
 0> 66	68	68	69	70	70	73	73	73	77	<info> app: 		
 0> HR  >>> 70												
 0> <info> app: hr	50	-18270	3	0								
 0> <info> app: hr	51	-18269	4	0								
 0> <info> app: hr	52	-18279	5	0								
 0> <info> app: hr	53	-18271	7	0								
 0> <info> app: hr	54	-18290	7	0								
 0> <info> app: hr	55	-18272	8	0								
 0> <info> app: hr	56	-18262	9	0								
 0> <info> app: hr	57	-18277	10	0								
 0> <info> app: hr	58	-18266	10	0								
 0> <info> app: hr	59	-18275	12	0								
 0> <info> app: hr	60	-18276	12	0								
 0> <info> app: hr	61	-18276	13	0								
 0> <info> app: hr	62	-18265	13	0								
 0> <info> app: hr	63	-18269	13	0								
 0> <info> app: hr	64	-18253	15	1								
 0> <info> app: hr	65	-18264	15	1								
 0> <info> app: hr	66	-18269	15	1								
 0> <info> app: hr	67	-18262	15	1								
 0> <info> app: hr	68	-18251	15	1								
 0> <info> app: hr	69	-18256	15	1								
 0> <info> app: hr	70	-18248	15	1								
 0> <info> app: hr	71	-18260	14	1								
 0> <info> app: hr	72	-18248	15	1								
 0> <info> app: hr	73	-18240	14	1								
 0> <info> app: hr	74	-18243	14	1								
 0> <info> app: hr	75	-18243	13	0								
 0> <info> app: hr	76	-18245	13	0								
 0> <info> app: hr	77	-18228	12	-1								
 0> <info> app: hr	78	-18253	11	-1								
 0> <info> app: hr	79	-18236	11	0								
 0> <info> app: hr	80	-18224	10	0								
 0> <info> app: hr	81	-18224	9	-1								
 0> <info> app: hr	82	-18237	8	-1								
 0> <info> app: hr	83	-18221	7	-1								
 0> <info> app: hr	84	-18221	6	0								
 0> <info> app: hr	85	-18225	5	-1								
 0> <info> app: hr	86	-18203	4	-1								
 0> <info> app: hr	87	-18230	3	-1								
 0> <info> app: hr	88	-18212	1	-1								
 0> <info> app: hr	89	-18222	0	-1								
 0> <info> app: hr	90	-18226	0	-1								
 0> <info> app: hr	91	-18209	-1	-1								
 0> <info> app: hr	92	-18211	-2	-1								
 0> <info> app: hr	93	-18198	-3	-1								
 0> <info> app: hr	94	-18194	-4	-1								
 0> <info> app: hr	95	-18186	-5	-1								
 0> <info> app: hr	96	-18179	-7	-1								
 0> <info> app: hr	97	-18174	-7	-1								
 0> <info> app: hr	98	-18194	-9	-1								
 0> <info> app: hr	99	-18187	-11	-1								
 0> <info> app: hr	100	-18193	-12	-1								
 0> <info> app: hr	101	-18203	-13	-1								
 0> <info> app: hr	102	-18214	-14	-1								
 0> <info> app: hr	103	-18215	-15	-1								
 0> <info> app: hr	104	-18218	-16	-1								
 0> <info> app: hr	105	-18240	-17	-1								
 0> <info> app: hr	106	-18246	-18	-1								
 0> <info> app: hr	107	-18263	-18	-1								
 0> <info> app: hr	108	-18261	-18	-1								
 0> <info> app: hr	109	-18275	-18	-1								
 0> <info> app: hr	110	-18261	-18	-1								
 0> <info> app: hr	111	-18273	-17	-1								
 0> <info> app: hr	112	-18271	-16	-1								
 0> <info> app: hr	113	-18278	-15	-1								
 0> <info> app: hr	114	-18284	-14	-1								
 0> <info> app: hr	115	-18286	-13	-1								
 0> <info> app: hr	116	-18285	-12	-1								
 0> <info> app: hr	117	-18288	-10	-1								
 0> <info> app: hr	118	-18294	-9	-1								
 0> <info> app: hr	119	-18293	-7	-1								
 0> <info> app: hr	120	-18284	-6	-1								
 0> <info> app: hr	121	-18295	-4	-1								
 0> <info> app: hr	122	-18290	-2	-1								
 0> <info> app: hr	123	-18299	0	0								
 0> <info> app: hr	124	-18297	0	0								
 0> <info> app: hr	125	-18291	2	0								
 0> <info> app: hr	126	-18301	4	1								
 0> <info> app: hr	127	-18306	5	1								
 0> <info> app: hr	128	-18280	7	1								
 0> <info> app: hr	129	-18299	9	1								
 0> <info> app: hr	130	-18308	10	1								
 0> <info> app: hr	131	-18300	12	1								
 0> <info> app: hr	132	-18295	13	1								
 0> <info> app: hr	133	-18298	14	1								
 0> <info> app: hr	134	-18304	16	1								
 0> <info> app: hr	135	-18299	17	1								
 0> <info> app: hr	136	-18288	18	1								
 0> <info> app: hr	137	-18293	19	1								
 0> <info> app: hr	138	-18296	20	1								
 0> <info> app: hr	139	-18304	20	1								
 0> <info> app: hr	140	-18294	21	1								
 0> <info> app: hr	141	-18283	22	1								
 0> <info> app: hr	142	-18308	23	1								
 0> <info> app: hr	143	-18284	23	1								
 0> <info> app: hr	144	-18291	24	1								
 0> <info> app: hr	145	-18295	23	1								
 0> <info> app: hr	146	-18300	24	1								
 0> <info> app: hr	147	-18293	24	1								
 0> <info> app: hr	148	-18278	25	1								
 0> <info> app: hr	149	-18288	24	1								
 0> <info> app: hr	150	-18282	24	1								
 0> <info> app: hr	151	-18274	24	1								
 0> <info> app: hr	152	-18289	24	1								
 0> <info> app: hr	153	-18278	23	0								
 0> <info> app: hr	154	-18288	23	1								
 0> <info> app: hr	155	-18267	22	0								
 0> <info> app: hr	156	-18279	22	0								
 0> <info> app: hr	157	-18272	21	0								
 0> <info> app: hr	158	-18268	21	0								
 0> <info> app: hr	159	-18272	20	-1								
 0> <info> app: hr	160	-18261	19	-1								
 0> <info> app: hr	161	-18264	18	-1								
 0> <info> app: hr	162	-18249	17	-1								
 0> <info> app: hr	163	-18258	16	0								
 0> <info> app: hr	164	-18252	15	-1								
 0> <info> app: hr	165	-18256	13	-1								
 0> <info> app: hr	166	-18248	13	-1								
 0> <info> app: hr	167	-18257	11	-1								
 0> <info> app: hr	168	-18230	10	-1								
 0> <info> app: hr	169	-18238	9	-1								
 0> <info> app: hr	170	-18239	7	-1								
 0> <info> app: hr	171	-18242	6	-1								
 0> <info> app: hr	172	-18237	5	-1								
 0> <info> app: hr	173	-18241	3	-1								
 0> <info> app: hr	174	-18233	2	-1								
 0> <info> app: hr	175	-18241	0	-1								
 0> <info> app: hr	176	-18217	0	-1								
 0> <info> app: hr	177	-18213	-2	-1								
 0> <info> app: hr	178	-18206	-3	-1								
 0> <info> app: hr	179	-18201	-5	-1								
 0> <info> app: hr	180	-18204	-6	-1								
 0> <info> app: hr	181	-18220	-7	-1								
 0> <info> app: hr	182	-18215	-9	-1								
 0> <info> app: hr	183	-18230	-10	-1								
 0> <info> app: hr	184	-18238	-12	-1								
 0> <info> app: hr	185	-18246	-13	-1								
 0> <info> app: hr	186	-18256	-14	-1								
 0> <info> app: hr	187	-18259	-16	-1								
 0> <info> app: hr	188	-18275	-16	-1								
 0> <info> app: hr	189	-18292	-16	-1								
 0> <info> app: hr	190	-18277	-16	-1								
 0> <info> app: hr	191	-18291	-16	-1								
 0> <info> app: hr	192	-18283	-17	-1								
 0> <info> app: hr	193	-18302	-16	-1								
 0> <info> app: hr	194	-18296	-16	-1								
 0> <info> app: hr	195	-18293	-15	-1								
 0> <info> app: hr	196	-18309	-14	-1								
 0> <info> app: hr	197	-18319	-13	-1								
 0> <info> app: hr	198	-18318	-12	-1								
 0> <info> app: hr	199	-18305	-10	-1								
 0> <info> app: hr	200	-18315	-9	-1								
 0> <info> app: hr	201	-18317	-7	-1								
 0> <info> app: hr	202	-18312	-6	-1								
 0> <info> app: hr	203	-18317	-5	-1								
 0> <info> app: hr	204	-18313	-2	-1								
 0> <info> app: hr	205	-18327	-1	0								
 0> <info> app: hr	206	-18318	0	0								
 0> <info> app: hr	207	-18326	2	0								
 0> <info> app: hr	208	-18338	3	1								
 0> <info> app: hr	209	-18326	5	1								
 0> <info> app: hr	210	-18331	6	1								
 0> <info> app: hr	211	-18327	8	1								
 0> <info> app: hr	212	-18320	10	1								
 0> <info> app: hr	213	-18325	11	1								
 0> <info> app: hr	214	-18332	13	1								
 0> <info> app: hr	215	-18331	14	1								
 0> <info> app: hr	216	-18334	16	1								
 0> <info> app: hr	217	-18342	17	1								
 0> <info> app: hr	218	-18335	18	1								
 0> <info> app: hr	219	-18328	19	1								
 0> <info> app: hr	220	-18321	20	1								
 0> <info> app: hr	221	-18328	21	1								
 0> <info> app: hr	222	-18335	22	1								
 0> <info> app: hr	223	-18329	23	1								
 0> <info> app: hr	224	-18337	24	1								
 0> <info> app: hr	225	-18322	25	1								
 0> <info> app: hr	226	-18324	26	1								
 0> <info> app: hr	227	-18314	26	1								
 0> <info> app: hr	228	-18327	26	1								
 0> <info> app: hr	229	-18319	27	1								
 0> <info> app: hr	230	-18330	26	1								
 0> <info> app: hr	231	-18302	27	1								
 0> <info> app: hr	232	-18302	27	1								
 0> <info> app: hr	233	-18319	26	0								
 0> <info> app: hr	234	-18323	26	1								
 0> <info> app: hr	235	-18310	26	0								
 0> <info> app: hr	236	-18305	25	0								
 0> <info> app: hr	237	-18287	25	0								
 0> <info> app: hr	238	-18309	25	0								
 0> <info> app: hr	239	-18308	23	-1								
 0> <info> app: hr	240	-18301	23	-1								
 0> <info> app: hr	241	-18292	22	-1								
 0> <info> app: hr	242	-18283	21	-1								
 0> <info> app: hr	243	-18304	20	0								
 0> <info> app: hr	244	-18281	19	-1								
 0> <info> app: hr	245	-18277	18	-1								
 0> <info> app: hr	246	-18295	17	-1								
 0> <info> app: hr	247	-18293	16	-1								
 0> <info> app: hr	248	-18279	14	-1								
 0> <info> app: hr	249	-18278	13	-1								
 0> <info> app: hr	250	-18282	12	-1								
 0> <info> app: hr	251	-18267	10	-1								
 0> <info> app: hr	252	-18281	10	-1								
 0> <info> app: hr	253	-18264	8	-1								
 0> <info> app: hr	254	-18288	7	-1								
 0> <info> app: hr	255	-18279	5	-1								
 0> <info> app: hr	256	-18259	4	-1								
 0> <info> app: hr	257	-18264	2	-1								
 0> <info> app: hr	258	-18261	1	-1								
 0> <info> app: hr	259	-18250	0	-1								
 0> <info> app: hr	260	-18242	-1	-1								
 0> <info> app: hr	261	-18236	-2	-1								
 0> <info> app: hr	262	-18238	-4	-1								
 0> <info> app: hr	263	-18233	-6	-1								
 0> <info> app: hr	264	-18224	-7	-1								
 0> <info> app: hr	265	-18214	-8	-1								
 0> <info> app: hr	266	-18226	-11	-1								
 0> <info> app: hr	267	-18243	-12	-1								
 0> <info> app: hr	268	-18262	-14	-1								
 0> <info> app: hr	269	-18248	-15	-1								
 0> <info> app: hr	270	-18265	-16	-1								
 0> <info> app: hr	271	-18282	-17	-1								
 0> <info> app: hr	272	-18286	-18	-1								
 0> <info> app: hr	273	-18302	-19	-1								
 0> <info> app: hr	274	-18310	-19	-1								
 0> <info> app: hr	275	-18307	-19	-1								
 0> <info> app: hr	276	-18313	-19	-1								
 0> <info> app: hr	277	-18326	-19	-1								
 0> <info> app: hr	278	-18316	-19	-1								
 0> <info> app: hr	279	-18322	-18	-1								
 0> <info> app: hr	280	-18318	-18	-1								
 0> <info> app: hr	281	-18325	-17	-1								
 0> <info> app: hr	282	-18340	-16	-1								
 0> <info> app: hr	283	-18332	-14	-1								
 0> <info> app: hr	284	-18345	-13	-1								
 0> <info> app: hr	285	-18350	-12	-1								
 0> <info> app: hr	286	-18353	-10	-1								
 0> <info> app: hr	287	-18340	-8	-1								
 0> <info> app: hr	288	-18353	-6	-1								
 0> <info> app: hr	289	-18348	-5	-1								
 0> <info> app: hr	290	-18360	-2	-1								
 0> <info> app: hr	291	-18348	0	0								
 0> <info> app: hr	292	-18360	0	0								
 0> <info> app: hr	293	-18360	2	0								
 0> <info> app: hr	294	-18351	4	1								
 0> <info> app: hr	295	-18352	6	1								
 0> <info> app: hr	296	-18348	8	1								
 0> <info> app: hr	297	-18348	10	1								
 0> <info> app: hr	298	-18363	11	1								
 0> <info> app: hr	299	-18355	13	1								
 0> <info> app: hr	300	-18362	14	1								
 0> <info> app: hr	301	-18359	16	1								
 0> <info> app: hr	302	-18368	17	1								
 0> <info> app: hr	303	-18360	18	1								
 0> <info> app: hr	304	-18344	21	1								
 0> <info> app: hr	305	-18354	21	1								
 0> <info> app: hr	306	-18356	22	1								
 0> <info> app: hr	307	-18349	23	1								
 0> <info> app: hr	308	-18352	24	1								
 0> <info> app: hr	309	-18362	25	1								
 0> <info> app: hr	310	-18353	26	1								
 0> <info> app: hr	311	-18351	26	1								
 0> <info> app: hr	312	-18355	27	1								
 0> <info> app: hr	313	-18345	27	1								
 0> <info> app: hr	314	-18362	27	1								
 0> <info> app: hr	315	-18344	28	1								
 0> <info> app: hr	316	-18341	27	1								
 0> <info> app: hr	317	-18338	28	1								
 0> <info> app: hr	318	-18336	28	1								
 0> <info> app: hr	319	-18341	27	1								
 0> <info> app: hr	320	-18330	27	1								
 0> <info> app: hr	321	-18325	26	1								
 0> <info> app: hr	322	-18340	26	1								
 0> <info> app: hr	323	-18329	26	1								
 0> <info> app: hr	324	-18331	24	-1								
 0> <info> app: hr	325	-18332	24	-1								
 0> <info> app: hr	326	-18315	23	0								
 0> <info> app: hr	327	-18331	22	0								
 0> <info> app: hr	328	-18313	21	-1								
 0> <info> app: hr	329	-18311	20	-1								
 0> <info> app: hr	330	-18313	19	-1								
 0> <info> app: hr	331	-18319	18	0								
 0> <info> app: hr	332	-18307	17	-1								
 0> <info> app: hr	333	-18318	15	-1								
 0> <info> app: hr	334	-18315	14	-1								
 0> <info> app: hr	335	-18325	12	-1								
 0> <info> app: hr	336	-18311	12	-1								
 0> <info> app: hr	337	-18301	10	-1								
 0> <info> app: hr	338	-18316	9	-1								
 0> <info> app: hr	339	-18316	8	-1								
 0> <info> app: hr	340	-18302	7	-1								
 0> <info> app: hr	341	-18304	5	-1								
 0> <info> app: hr	342	-18297	4	-1								
 0> <info> app: hr	343	-18296	3	-1								
 0> <info> app: hr	344	-18303	2	-1								
 0> <info> app: hr	345	-18280	1	-1								
 0> <info> app: hr	346	-18292	-1	-1								
 0> <info> app: hr	347	-18270	-1	-1								
 0> <info> app: hr	348	-18281	-2	-1								
 0> <info> app: hr	349	-18283	-4	-1								
 0> <info> app: hr	350	-18262	-5	-1								
 0> <info> app: hr	351	-18253	-7	-1								
 0> <info> app: hr	352	-18251	-8	-1								
 0> <info> app: hr	353	-18246	-10	-1								
 0> <info> app: hr	354	-18258	-11	-1								
 0> <info> app: hr	355	-18274	-13	-1								
 0> <info> app: hr	356	-18269	-14	-1								
 0> <info> app: hr	357	-18290	-15	-1								
 0> <info> app: hr	358	-18295	-17	-1								
 0> <info> app: hr	359	-18299	-18	-1								
 0> <info> app: hr	360	-18311	-19	-1								
 0> <info> app: hr	361	-18317	-19	-1								
 0> <info> app: hr	362	-18330	-20	-1								
 0> <info> app: hr	363	-18337	-20	-1								
 0> <info> app: hr	364	-18325	-20	-1								
 0> <info> app: hr	365	-18341	-20	-1								
 0> <info> app: hr	366	-18333	-20	-1								
 0> <info> app: hr	367	-18348	-19	-1								
 0> <info> app: hr	368	-18345	-18	-1								
 0> <info> app: hr	369	-18345	-17	-1								
 0> <info> app: hr	370	-18349	-16	-1								
 0> <info> app: hr	371	-18365	-15	-1								
 0> <info> app: hr	372	-18363	-13	-1								
 0> <info> app: hr	373	-18361	-13	-1								
 0> <info> app: hr	374	-18382	-11	-1								
 0> <info> app: hr	375	-18386	-10	-1								
 0> <info> app: hr	376	-18387	-7	-1								
 0> <info> app: hr	377	-18393	-6	-1								
 0> <info> app: hr	378	-18362	-3	-1								
 0> <info> app: hr	379	-18375	-2	-1								
 0> <info> app: hr	380	-18379	0	0								
 0> <info> app: hr	381	-18359	1	0								
 0> <info> app: hr	382	-18386	3	1								
 0> <info> app: hr	383	-18380	5	1								
 0> <info> app: hr	384	-18379	7	1								
 0> <info> app: hr	385	-18376	8	1								
 0> <info> app: hr	386	-18372	10	1								
 0> <info> app: hr	387	-18373	12	1								
 0> <info> app: hr	388	-18374	14	1								
 0> <info> app: hr	389	-18378	15	1								
 0> <info> app: hr	390	-18363	16	1								
 0> <info> app: hr	391	-18381	17	1								
 0> <info> app: hr	392	-18376	18	1								
 0> <info> app: hr	393	-18382	19	1								
 0> <info> app: hr	394	-18375	20	1								
 0> <info> app: hr	395	-18385	21	1								
 0> <info> app: hr	396	-18393	22	1								
 0> <info> app: hr	397	-18371	23	1								
 0> <info> app: hr	398	-18378	24	1								
 0> <info> app: hr	399	-18383	25	1								
 0> <info> app: hr	400	-18375	25	1								
 0> <info> app: hr	401	-18370	25	1								
 0> <info> app: hr	402	-18367	26	1								
 0> <info> app: hr	403	-18373	26	1								
 0> <info> app: hr	404	-18367	26	1								
 0> <info> app: hr	405	-18364	26	1								
 0> <info> app: hr	406	-18363	27	1								
 0> <info> app: hr	407	-18353	26	1								
 0> <info> app: hr	408	-18369	26	1								
 0> <info> app: hr	409	-18352	26	1								
 0> <info> app: hr	410	-18343	24	0								
 0> <info> app: hr	411	-18336	24	0								
 0> <info> app: hr	412	-18345	24	0								
 0> <info> app: hr	413	-18347	23	-1								
 0> <info> app: hr	414	-18341	21	-1								
 0> <info> app: hr	415	-18336	20	-1								
 0> <info> app: hr	416	-18331	19	-1								
 0> <info> app: hr	417	-18335	18	-1								
 0> <info> app: hr	418	-18342	17	-1								
 0> <info> app: hr	419	-18325	16	-1								
 0> <info> app: hr	420	-18326	15	-1								
 0> <info> app: hr	421	-18333	14	-1								
 0> <info> app: hr	422	-18318	12	-1								
 0> <info> app: hr	423	-18331	11	-1								
 0> <info> app: hr	424	-18333	9	-1								
 0> <info> app: hr	425	-18319	9	-1								
 0> <info> app: hr	426	-18313	7	-1								
 0> <info> app: hr	427	-18305	5	-1								
 0> <info> app: hr	428	-18325	3	-1								
 0> <info> app: hr	429	-18302	2	-1								
 0> <info> app: hr	430	-18301	1	-1								
 0> <info> app: hr	431	-18302	0	-1								
 0> <info> app: hr	432	-18285	-1	-1								
 0> <info> app: hr	433	-18288	-3	-1								
 0> <info> app: hr	434	-18284	-5	-1								
 0> <info> app: hr	435	-18293	-5	-1								
 0> <info> app: hr	436	-18285	-7	-1								
 0> <info> app: hr	437	-18266	-9	-1								
 0> <info> app: hr	438	-18281	-10	-1								
 0> <info> app: hr	439	-18266	-13	-1								
 0> <info> app: hr	440	-18301	-14	-1								
 0> <info> app: hr	441	-18297	-15	-1								
 0> <info> app: hr	442	-18307	-17	-1								
 0> <info> app: hr	443	-18308	-18	-1								
 0> <info> app: hr	444	-18332	-19	-1								
 0> <info> app: hr	445	-18333	-20	-1								
 0> <info> app: hr	446	-18343	-21	-1								
 0> <info> app: hr	447	-18343	-21	-1								
 0> <info> app: hr	448	-18351	-22	-1								
 0> <info> app: hr	449	-18350	-22	-1								
 0> <info> app: hr	450	-18351	-20	-1								
 0> <info> app: hr	451	-18359	-20	-1								
 0> <info> app: hr	452	-18353	-20	-1								
 0> <info> app: hr	453	-18358	-19	-1								
 0> <info> app: hr	454	-18363	-18	-1								
 0> <info> app: hr	455	-18367	-17	-1								
 0> <info> app: hr	456	-18371	-17	-1								
 0> <info> app: hr	457	-18371	-15	-1								
 0> <info> app: hr	458	-18382	-14	-1								
 0> <info> app: hr	459	-18370	-12	-1								
 0> <info> app: hr	460	-18382	-11	-1								
 0> <info> app: hr	461	-18372	-9	-1								
 0> <info> app: hr	462	-18380	-8	-1								
 0> <info> app: hr	463	-18369	-6	-1								
 0> <info> app: hr	464	-18370	-5	-1								
 0> <info> app: hr	465	-18376	-4	-1								
 0> <info> app: hr	466	-18368	-1	0								
 0> <info> app: hr	467	-18388	0	0								
 0> <info> app: hr	468	-18387	1	0								
 0> <info> app: hr	469	-18383	2	0								
 0> <info> app: hr	470	-18386	4	1								
 0> <info> app: hr	471	-18393	5	1								
 0> <info> app: hr	472	-18391	6	1								
 0> <info> app: hr	473	-18380	8	1								
 0> <info> app: hr	474	-18381	9	1								
 0> <info> app: hr	475	-18388	11	1								
 0> <info> app: hr	476	-18372	11	1								
 0> <info> app: hr	477	-18385	13	1								
 0> <info> app: hr	478	-18391	14	1								
 0> <info> app: hr	479	-18383	15	1								
 0> <info> app: hr	480	-18385	16	1								
 0> <info> app: hr	481	-18388	17	1								
 0> <info> app: hr	482	-18370	18	1								
 0> <info> app: hr	483	-18378	18	1								
 0> <info> app: hr	484	-18369	19	1								
 0> <info> app: hr	485	-18365	19	1								
 0> <info> app: hr	486	-18370	19	1								
 0> <info> app: hr	487	-18362	19	1								
 0> <info> app: hr	488	-18359	20	1								
 0> <info> app: hr	489	-18353	20	1								
 0> <info> app: hr	490	-18364	19	1								
 0> <info> app: hr	491	-18353	19	1								
 0> <info> app: hr	492	-18367	19	1								
 0> <info> app: hr	493	-18343	18	0								
 0> <info> app: hr	494	-18341	18	1								
 0> <info> app: hr	495	-18345	17	0								
 0> <info> app: hr	496	-18341	16	0								
 0> <info> app: hr	497	-18350	16	0								
 0> <info> app: hr	498	-18333	15	0								
 0> <info> app: hr	499	-18348	14	-1								
 0> <info> app: hr	500	-18345	13	-1								
 0> <info> app: hr	501	-18324	13	0								
 0> <info> app: hr	502	-18326	11	0								
 0> <info> app: hr	503	-18325	10	-1								
 0> <info> app: hr	504	-18327	9	-1								
 0> <info> app: hr	505	-18339	7	-1								
 0> <info> app: hr	506	-18333	6	-1								
 0> <info> app: hr	507	-18325	5	-1								
 0> <info> app: hr	508	-18331	4	-1								
 0> <info> app: hr	509	-18321	3	-1								
 0> <info> app: hr	510	-18319	1	-1								
 0> <info> app: hr	511	-18316	0	-1								
 0> <info> app: hr	512	-18312	0	-1								
 0> <info> app: hr	513	-18315	-1	-1								
 0> <info> app: hr	514	-18311	-3	-1								
 0> <info> app: hr	515	-18317	-4	-1								
 0> <info> app: hr	516	-18292	-5	-1								
 0> <info> app: hr	517	-18291	-6	-1								
 0> <info> app: hr	518	-18280	-8	-1								
 0> <info> app: hr	519	-18278	-9	-1								
 0> <info> app: hr	520	-18289	-10	-1								
 0> <info> app: hr	521	-18292	-12	-1								
 0> <info> app: hr	522	-18289	-13	-1								
 0> <info> app: hr	523	-18293	-14	-1								
 0> <info> app: hr	524	-18311	-16	-1								
 0> <info> app: hr	525	-18311	-17	-1								
 0> <info> app: hr	526	-18339	-18	-1								
 0> <info> app: hr	527	-18348	-19	-1								
 0> <info> app: hr	528	-18345	-19	-1								
 0> <info> app: hr	529	-18370	-20	-1								
 0> <info> app: hr	530	-18377	-20	-1								
 0> <info> app: hr	531	-18372	-19	-1								
 0> <info> app: hr	532	-18385	-19	-1								
 0> <info> app: hr	533	-18376	-18	-1								
 0> <info> app: hr	534	-18392	-17	-1								
 0> <info> app: hr	535	-18381	-16	-1								
 0> <info> app: hr	536	-18384	-15	-1								
 0> <info> app: hr	537	-18395	-15	-1								
 0> <info> app: hr	538	-18393	-13	-1								
 0> <info> app: hr	539	-18401	-11	-1								
 0> <info> app: hr	540	-18407	-10	-1								
 0> <info> app: hr	541	-18419	-8	-1								
 0> <info> app: hr	542	-18403	-6	-1								
 0> <info> app: hr	543	-18413	-3	-1								
 0> <info> app: hr	544	-18410	-2	-1								
 0> <info> app: hr	545	-18403	0	0								
 0> <info> app: hr	546	-18405	1	0								
 0> <info> app: hr	547	-18410	3	1								
 0> <info> app: hr	548	-18410	5	1								
 0> <info> app: hr	549	-18419	7	1								
 0> <info> app: hr	550	-18414	9	1								
 0> <info> app: hr	551	-18410	11	1								
 0> <info> app: hr	552	-18407	12	1								
 0> <info> app: hr	553	-18415	14	1								
 0> <info> app: hr	554	-18416	16	1								
 0> <info> app: hr	555	-18421	18	1								
 0> <info> app: hr	556	-18409	19	1								
 0> <info> app: hr	557	-18416	20	1								
 0> <info> app: hr	558	-18421	22	1								
 0> <info> app: hr	559	-18401	23	1								
 0> <info> app: hr	560	-18423	24	1								
 0> <info> app: hr	561	-18418	24	1								
 0> <info> app: hr	562	-18405	26	1								
 0> <info> app: hr	563	-18421	27	1								
 0> <info> app: hr	564	-18415	28	1								
 0> <info> app: hr	565	-18415	28	1								
 0> <info> app: hr	566	-18395	29	1								
 0> <info> app: hr	567	-18409	29	1								
 0> <info> app: hr	568	-18412	30	1								
 0> <info> app: hr	569	-18407	29	1								
 0> <info> app: hr	570	-18411	30	1								
 0> <info> app: hr	571	-18397	29	0								
 0> <info> app: hr	572	-18397	30	1								
 0> <info> app: hr	573	-18400	29	0								
 0> <info> app: hr	574	-18396	29	0								
 0> <info> app: hr	575	-18393	28	0								
 0> <info> app: hr	576	-18386	28	0								
 0> <info> app: hr	577	-18383	27	0								
 0> <info> app: hr	578	-18390	27	0								
 0> <info> app: hr	579	-18387	26	0								
 0> <info> app: hr	580	-18392	25	0								
 0> <info> app: hr	581	-18381	24	-1								
 0> <info> app: hr	582	-18391	24	0								
 0> <info> app: hr	583	-18390	23	0								
 0> <info> app: hr	584	-18372	21	-1								
 0> <info> app: hr	585	-18390	20	-1								
 0> <info> app: hr	586	-18370	19	-1								
 0> <info> app: hr	587	-18372	18	-1								
 0> <info> app: hr	588	-18371	16	-1								
 0> <info> app: hr	589	-18376	16	-1								
 0> <info> app: hr	590	-18367	15	-1								
 0> <info> app: hr	591	-18366	13	-1								
 0> <info> app: hr	592	-18372	11	-1								
 0> <info> app: hr	593	-18381	11	-1								
 0> <info> app: hr	594	-18372	9	-1								
 0> <info> app: hr	595	-18364	8	-1								
 0> <info> app: hr	596	-18361	6	-1								
 0> <info> app: hr	597	-18353	5	-1								
 0> <info> app: hr	598	-18347	4	-1								
 0> <info> app: hr	599	-18333	2	-1								
 0> <info> app: hr	600	-18341	1	-1								
 0> <info> app: hr	601	-18314	0	-1								
 0> <info> app: hr	602	-18336	-1	-1								
 0> <info> app: hr	603	-18330	-2	-1								
 0> <info> app: hr	604	-18341	-4	-1								
 0> <info> app: hr	605	-18342	-5	-1								
 0> <info> app: hr	606	-18352	-7	-1								
 0> <info> app: hr	607	-18364	-8	-1								
 0> <info> app: hr	608	-18367	-9	-1								
 0> <info> app: hr	609	-18371	-11	-1								
 0> <info> app: hr	610	-18382	-11	-1								
 0> <info> app: hr	611	-18393	-12	-1								
 0> <info> app: hr	612	-18398	-12	-1								
 0> <info> app: hr	613	-18427	-12	-1								
 0> <info> app: hr	614	-18417	-13	-1								
 0> <info> app: hr	615	-18416	-13	-1								
 0> <info> app: hr	616	-18415	-12	-1								
 0> <info> app: hr	617	-18432	-12	-1								
 0> <info> app: hr	618	-18419	-11	-1								
 0> <info> app: hr	619	-18422	-11	-1								
 0> <info> app: hr	620	-18442	-9	-1								
 0> <info> app: hr	621	-18440	-8	-1								
 0> <info> app: hr	622	-18446	-7	-1								
 0> <info> app: hr	623	-18443	-6	-1								
 0> <info> app: hr	624	-18452	-3	-1								
 0> <info> app: hr	625	-18457	-2	-1								
 0> <info> app: hr	626	-18448	0	0								
 0> <info> app: hr	627	-18454	0	0								
 0> <info> app: hr	628	-18457	2	0								
 0> <info> app: hr	629	-18458	4	1								
 0> <info> app: hr	630	-18444	6	1								
 0> <info> app: hr	631	-18450	7	1								
 0> <info> app: hr	632	-18460	9	1								
 0> <info> app: hr	633	-18453	10	1								
 0> <info> app: hr	634	-18449	13	1								
 0> <info> app: hr	635	-18468	14	1								
 0> <info> app: hr	636	-18471	15	1								
 0> <info> app: hr	637	-18453	18	1								
 0> <info> app: hr	638	-18465	19	1								
 0> <info> app: hr	639	-18461	20	1								
 0> <info> app: hr	640	-18475	22	1								
 0> <info> app: hr	641	-18459	23	1								
 0> <info> app: hr	642	-18474	23	1								
 0> <info> app: hr	643	-18470	25	1								
 0> <info> app: hr	644	-18463	26	1								
 0> <info> app: hr	645	-18459	28	1								
 0> <info> app: hr	646	-18459	28	1								
 0> <info> app: hr	647	-18452	29	1								
 0> <info> app: hr	648	-18450	29	1								
 0> <info> app: hr	649	-18454	30	1								
 0> <info> app: hr	650	-18459	30	1								
 0> <info> app: hr	651	-18460	31	1								
 0> <info> app: hr	652	-18455	31	1								
 0> <info> app: hr	653	-18451	31	1								
 0> <info> app: hr	654	-18448	31	1								
 0> <info> app: hr	655	-18452	32	1								
 0> <info> app: hr	656	-18430	31	1								
 0> <info> app: hr	657	-18429	30	0								
 0> <info> app: hr	658	-18426	30	0								
 0> <info> app: hr	659	-18448	29	0								
 0> <info> app: hr	660	-18426	29	0								
 0> <info> app: hr	661	-18447	28	0								
 0> <info> app: hr	662	-18429	27	-1								
 0> <info> app: hr	663	-18450	27	0								
 0> <info> app: hr	664	-18428	25	-1								
 0> <info> app: hr	665	-18420	25	-1								
 0> <info> app: hr	666	-18437	24	-1								
 0> <info> app: hr	667	-18417	22	-1								
 0> <info> app: hr	668	-18407	21	-1								
 0> <info> app: hr	669	-18408	20	-1								
 0> <info> app: hr	670	-18399	18	-1								
 0> <info> app: hr	671	-18407	17	-1								
 0> <info> app: hr	672	-18397	15	-1								
 0> <info> app: hr	673	-18396	15	-1								
 0> <info> app: hr	674	-18394	13	-1								
 0> <info> app: hr	675	-18399	11	-1								
 0> <info> app: hr	676	-18395	10	-1								
 0> <info> app: hr	677	-18388	7	-1								
 0> <info> app: hr	678	-18395	6	-1								
 0> <info> app: hr	679	-18383	4	-1								
 0> <info> app: hr	680	-18379	2	-1								
 0> <info> app: hr	681	-18361	1	-1								
 0> <info> app: hr	682	-18366	0	-1								
 0> <info> app: hr	683	-18364	-2	-1								
 0> <info> app: hr	684	-18350	-4	-1								
 0> <info> app: hr	685	-18363	-6	-1								
 0> <info> app: hr	686	-18369	-7	-1								
 0> <info> app: hr	687	-18373	-9	-1								
 0> <info> app: hr	688	-18384	-12	-1								
 0> <info> app: hr	689	-18391	-13	-1								
 0> <info> app: hr	690	-18401	-14	-1								
 0> <info> app: hr	691	-18410	-16	-1								
 0> <info> app: hr	692	-18417	-17	-1								
 0> <info> app: hr	693	-18421	-18	-1								
 0> <info> app: hr	694	-18435	-18	-1								
 0> <info> app: hr	695	-18432	-18	-1								
 0> <info> app: hr	696	-18432	-19	-1								
 0> <info> app: hr	697	-18452	-18	-1								
 0> <info> app: hr	698	-18451	-18	-1								
 0> <info> app: hr	699	-18451	-18	-1								
 0> <info> app: hr	700	-18448	-17	-1								
 0> <info> app: hr	701	-18455	-16	-1								
 0> <info> app: hr	702	-18476	-16	-1								
 0> <info> app: hr	703	-18471	-15	-1								
 0> <info> app: hr	704	-18470	-13	-1								
 0> <info> app: hr	705	-18468	-11	-1								
 0> <info> app: hr	706	-18470	-10	-1								
 0> <info> app: hr	707	-18460	-8	-1								
 0> <info> app: hr	708	-18469	-7	-1								
 0> <info> app: hr	709	-18456	-5	-1								
 0> <info> app: hr	710	-18462	-4	-1								
 0> <info> app: hr	711	-18454	-2	-1								
 0> <info> app: hr	712	-18466	-1	-1								
 0> <info> app: hr	713	-18450	0	0								
 0> <info> app: hr	714	-18448	1	0								
 0> <info> app: hr	715	-18449	2	0								
 0> <info> app: hr	716	-18455	4	1								
 0> <info> app: hr	717	-18467	5	1								
 0> <info> app: hr	718	-18481	7	1								
 0> <info> app: hr	719	-18453	7	1								
 0> <info> app: hr	720	-18473	9	1								
 0> <info> app: hr	721	-18454	9	1								
 0> <info> app: hr	722	-18459	11	1								
 0> <info> app: hr	723	-18460	11	1								
 0> <info> app: hr	724	-18449	13	1								
 0> <info> app: hr	725	-18464	13	1								
 0> <info> app: hr	726	-18449	13	1								
 0> <info> app: hr	727	-18447	15	1								
 0> <info> app: hr	728	-18446	15	1								
 0> <info> app: hr	729	-18444	15	1								
 0> <info> app: hr	730	-18449	15	1								
 0> <info> app: hr	731	-18451	16	1								
 0> <info> app: hr	732	-18437	16	1								
 0> <info> app: hr	733	-18443	16	1								
 0> <info> app: hr	734	-18440	16	1								
 0> <info> app: hr	735	-18436	15	1								
 0> <info> app: hr	736	-18437	15	1								
 0> <info> app: hr	737	-18437	15	1								
 0> <info> app: hr	738	-18434	15	1								
 0> <info> app: hr	739	-18423	14	1								
 0> <info> app: hr	740	-18429	13	0								
 0> <info> app: hr	741	-18420	13	0								
 0> <info> app: hr	742	-18424	12	-1								
 0> <info> app: hr	743	-18427	11	-1								
 0> <info> app: hr	744	-18407	11	0								
 0> <info> app: hr	745	-18394	9	-1								
 0> <info> app: hr	746	-18415	9	-1								
 0> <info> app: hr	747	-18416	7	-1								
 0> <info> app: hr	748	-18417	7	-1								
 0> <info> app: hr	749	-18402	6	0								
 0> <info> app: hr	750	-18399	4	-1								
 0> <info> app: hr	751	-18393	3	-1								
 0> <info> app: hr	752	-18408	2	-1								
 0> <info> app: hr	753	-18385	1	-1								
 0> <info> app: hr	754	-18391	0	-1								
 0> <info> app: hr	755	-18382	0	-1								
 0> <info> app: hr	756	-18388	-2	-1								
 0> <info> app: hr	757	-18398	-3	-1								
 0> <info> app: hr	758	-18381	-5	-1								
 0> <info> app: hr	759	-18371	-6	-1								
 0> <info> app: hr	760	-18374	-7	-1								
 0> <info> app: hr	761	-18378	-9	-1								
 0> <info> app: hr	762	-18374	-10	-1								
 0> <info> app: hr	763	-18359	-11	-1								
 0> <info> app: hr	764	-18352	-12	-1								
 0> <info> app: hr	765	-18356	-14	-1								
 0> <info> app: hr	766	-18346	-15	-1								
 0> <info> app: hr	767	-18343	-17	-1								
 0> <info> app: hr	768	-18334	-18	-1								
 0> <info> app: hr	769	-18330	-19	-1								
 0> <info> app: hr	770	-18345	-21	-1								
 0> <info> app: hr	771	-18362	-22	-1								
 0> <info> app: hr	772	-18372	-24	-1								
 0> <info> app: hr	773	-18361	-25	-1								
 0> <info> app: hr	774	-18400	-27	-1								
 0> <info> app: hr	775	-18396	-27	-1								
 0> <info> app: hr	776	-18402	-28	-1								
 0> <info> app: hr	777	-18405	-29	-1								
 0> <info> app: hr	778	-18410	-28	-1								
 0> <info> app: hr	779	-18425	-29	-1								
 0> <info> app: hr	780	-18432	-28	-1								
 0> <info> app: hr	781	-18425	-28	-1								
 0> <info> app: hr	782	-18444	-27	-1								
 0> <info> app: hr	783	-18431	-26	-1								
 0> <info> app: hr	784	-18433	-25	-1								
 0> <info> app: hr	785	-18438	-23	-1								
 0> <info> app: hr	786	-18462	-22	-1								
 0> <info> app: hr	787	-18437	-21	-1								
 0> <info> app: hr	788	-18463	-19	-1								
 0> <info> app: hr	789	-18446	-17	-1								
 0> <info> app: hr	790	-18454	-15	-1								
 0> <info> app: hr	791	-18458	-13	-1								
 0> <info> app: hr	792	-18466	-12	-1								
 0> <info> app: hr	793	-18457	-10	-1								
 0> <info> app: hr	794	-18464	-8	-1								
 0> <info> app: hr	795	-18464	-6	-1								
 0> <info> app: hr	796	-18459	-4	-1								
 0> <info> app: hr	797	-18461	-2	-1								
 0> <info> app: hr	798	-18464	0	0								
 0> <info> app: hr	799	-18473	2	0								
 0> <info> app: hr	800	-18458	3	1								
 0> <info> app: hr	801	-18452	5	1								
 0> <info> app: hr	802	-18474	7	1								
 0> <info> app: hr	803	-18461	9	1								
 0> <info> app: hr	804	-18470	10	1								
 0> <info> app: hr	805	-18466	12	1								
 0> <info> app: hr	806	-18467	14	1								
 0> <info> app: hr	807	-18452	15	1								
 0> <info> app: hr	808	-18458	16	1								
 0> <info> app: hr	809	-18461	18	1								
 0> <info> app: hr	810	-18464	19	1								
 0> <info> app: hr	811	-18454	20	1								
 0> <info> app: hr	812	-18473	21	1								
 0> <info> app: hr	813	-18462	22	1								
 0> <info> app: hr	814	-18456	22	1								
 0> <info> app: hr	815	-18460	22	1								
 0> <info> app: hr	816	-18455	23	1								
 0> <info> app: hr	817	-18461	23	1								
 0> <info> app: hr	818	-18448	24	1								
 0> <info> app: hr	819	-18444	24	1								
 0> <info> app: hr	820	-18460	25	1								
 0> <info> app: hr	821	-18443	24	1								
 0> <info> app: hr	822	-18441	24	1								
 0> <info> app: hr	823	-18446	24	0								
 0> <info> app: hr	824	-18442	24	1								
 0> <info> app: hr	825	-18442	23	0								
 0> <info> app: hr	826	-18429	22	0								
 0> <info> app: hr	827	-18433	22	0								
 0> <info> app: hr	828	-18423	21	0								
 0> <info> app: hr	829	-18425	21	0								
 0> <info> app: hr	830	-18427	20	0								
 0> <info> app: hr	831	-18416	19	0								
 0> <info> app: hr	832	-18427	18	-1								
 0> <info> app: hr	833	-18421	17	-1								
 0> <info> app: hr	834	-18420	15	-1								
 0> <info> app: hr	835	-18404	14	-1								
 0> <info> app: hr	836	-18413	13	-1								
 0> <info> app: hr	837	-18415	12	-1								
 0> <info> app: hr	838	-18403	10	-1								
 0> <info> app: hr	839	-18402	9	-1								
 0> <info> app: hr	840	-18399	7	-1								
 0> <info> app: hr	841	-18404	6	-1								
 0> <info> app: hr	842	-18414	5	-1								
 0> <info> app: hr	843	-18392	3	-1								
 0> <info> app: hr	844	-18399	2	-1								
 0> <info> app: hr	845	-18381	1	-1								
 0> <info> app: hr	846	-18387	0	-1								
 0> <info> app: hr	847	-18399	-1	-1								
 0> <info> app: hr	848	-18381	-3	-1								
 0> <info> app: hr	849	-18384	-4	-1								
 0> <info> app: hr	850	-18377	-6	-1								
 0> <info> app: hr	851	-18358	-7	-1								
 0> <info> app: hr	852	-18365	-9	-1								
 0> <info> app: hr	853	-18352	-10	-1								
 0> <info> app: hr	854	-18348	-12	-1								
 0> <info> app: hr	855	-18342	-13	-1								
 0> <info> app: hr	856	-18358	-15	-1								
 0> <info> app: hr	857	-18370	-17	-1								
 0> <info> app: hr	858	-18371	-18	-1								
 0> <info> app: hr	859	-18380	-19	-1								
 0> <info> app: hr	860	-18395	-21	-1								
 0> <info> app: hr	861	-18405	-22	-1								
 0> <info> app: hr	862	-18405	-23	-1								
 0> <info> app: hr	863	-18428	-24	-1								
 0> <info> app: hr	864	-18418	-23	-1								
 0> <info> app: hr	865	-18440	-24	-1								
 0> <info> app: hr	866	-18438	-24	-1								
 0> <info> app: hr	867	-18429	-24	-1								
 0> <info> app: hr	868	-18436	-23	-1								
 0> <info> app: hr	869	-18447	-22	-1								
 0> <info> app: hr	870	-18457	-21	-1								
 0> <info> app: hr	871	-18461	-20	-1								
 0> <info> app: hr	872	-18457	-19	-1								
 0> <info> app: hr	873	-18470	-18	-1								
 0> <info> app: hr	874	-18472	-16	-1								
 0> <info> app: hr	875	-18468	-14	-1								
 0> <info> app: hr	876	-18471	-13	-1								
 0> <info> app: hr	877	-18473	-11	-1								
 0> <info> app: hr	878	-18481	-9	-1								
 0> <info> app: hr	879	-18469	-8	-1								
 0> <info> app: hr	880	-18472	-6	-1								
 0> <info> app: hr	881	-18479	-3	-1								
 0> <info> app: hr	882	-18479	-1	-1								
 0> <info> app: hr	883	-18478	0	0								
 0> <info> app: hr	884	-18478	2	0								
 0> <info> app: hr	885	-18475	4	1								
 0> <info> app: hr	886	-18480	6	1								
 0> <info> app: hr	887	-18478	7	1								
 0> <info> app: hr	888	-18479	9	1								
 0> <info> app: hr	889	-18478	10	1								
 0> <info> app: hr	890	-18479	12	1								
 0> <info> app: hr	891	-18475	14	1								
 0> <info> app: hr	892	-18459	16	1								
 0> <info> app: hr	893	-18477	17	1								
 0> <info> app: hr	894	-18471	18	1								
 0> <info> app: hr	895	-18472	19	1								
 0> <info> app: hr	896	-18470	20	1								
 0> <info> app: hr	897	-18495	21	1								
 0> <info> app: hr	898	-18489	22	1								
 0> <info> app: hr	899	-18463	23	1								
 0> <info> app: hr	900	-18467	24	1								
 0> <info> app: hr	901	-18477	23	1								
 0> <info> app: hr	902	-18467	24	1								
 0> <info> app: hr	903	-18465	25	1								
 0> <info> app: hr	904	-18462	25	1								
 0> <info> app: hr	905	-18471	25	1								
 0> <info> app: hr	906	-18466	25	1								
 0> <info> app: hr	907	-18456	25	1								
 0> <info> app: hr	908	-18458	25	1								
 0> <info> app: hr	909	-18469	24	1								
 0> <info> app: hr	910	-18471	24	1								
 0> <info> app: hr	911	-18468	24	1								
 0> <info> app: hr	912	-18462	24	1								
 0> <info> app: hr	913	-18455	23	1								
 0> <info> app: hr	914	-18458	23	1								
 0> <info> app: hr	915	-18445	22	0								
 0> <info> app: hr	916	-18441	22	0								
 0> <info> app: hr	917	-18444	21	-1								
 0> <info> app: hr	918	-18440	20	-1								
 0> <info> app: hr	919	-18444	19	-1								
 0> <info> app: hr	920	-18437	18	-1								
 0> <info> app: hr	921	-18441	17	0								
 0> <info> app: hr	922	-18446	16	-1								
 0> <info> app: hr	923	-18431	14	-1								
 0> <info> app: hr	924	-18424	13	-1								
 0> <info> app: hr	925	-18434	13	-1								
 0> <info> app: hr	926	-18420	11	-1								
 0> <info> app: hr	927	-18434	9	-1								
 0> <info> app: hr	928	-18428	8	-1								
 0> <info> app: hr	929	-18407	8	-1								
 0> <info> app: hr	930	-18421	6	-1								
 0> <info> app: hr	931	-18427	5	-1								
 0> <info> app: hr	932	-18425	3	-1								
 0> <info> app: hr	933	-18410	1	-1								
 0> <info> app: hr	934	-18409	0	-1								
 0> <info> app: hr	935	-18405	0	-1								
 0> <info> app: hr	936	-18414	-2	-1								
 0> <info> app: hr	937	-18396	-3	-1								
 0> <info> app: hr	938	-18392	-4	-1								
 0> <info> app: hr	939	-18396	-5	-1								
 0> <info> app: hr	940	-18394	-7	-1								
 0> <info> app: hr	941	-18365	-9	-1								
 0> <info> app: hr	942	-18385	-9	-1								
 0> <info> app: hr	943	-18364	-11	-1								
 0> <info> app: hr	944	-18376	-13	-1								
 0> <info> app: hr	945	-18378	-14	-1								
 0> <info> app: hr	946	-18384	-16	-1								
 0> <info> app: hr	947	-18398	-17	-1								
 0> <info> app: hr	948	-18415	-18	-1								
 0> <info> app: hr	949	-18419	-19	-1								
 0> <info> app: hr	950	-18427	-20	-1								
 0> <info> app: hr	951	-18430	-21	-1								
 0> <info> app: hr	952	-18437	-22	-1								
 0> <info> app: hr	953	-18438	-22	-1								
 0> <info> app: hr	954	-18439	-22	-1								
 0> <info> app: hr	955	-18449	-22	-1								
 0> <info> app: hr	956	-18457	-21	-1								
 0> <info> app: hr	957	-18455	-21	-1								
 0> <info> app: hr	958	-18462	-20	-1								
 0> <info> app: hr	959	-18466	-20	-1								
 0> <info> app: hr	960	-18475	-19	-1								
 0> <info> app: hr	961	-18472	-18	-1								
 0> <info> app: hr	962	-18474	-16	-1								
 0> <info> app: hr	963	-18485	-15	-1								
 0> <info> app: hr	964	-18478	-14	-1								
 0> <info> app: hr	965	-18483	-12	-1								
 0> <info> app: hr	966	-18492	-10	-1								
 0> <info> app: hr	967	-18481	-9	-1								
 0> <info> app: hr	968	-18490	-7	-1								
 0> <info> app: hr	969	-18480	-5	-1								
 0> <info> app: hr	970	-18483	-4	-1								
 0> <info> app: hr	971	-18487	-1	-1								
 0> <info> app: hr	972	-18493	0	0								
 0> <info> app: hr	973	-18478	1	0								
 0> <info> app: hr	974	-18491	3	1								
 0> <info> app: hr	975	-18490	4	1								
 0> <info> app: hr	976	-18489	6	1								
 0> <info> app: hr	977	-18476	8	1								
 0> <info> app: hr	978	-18477	9	1								
 0> <info> app: hr	979	-18489	11	1								
 0> <info> app: hr	980	-18492	12	1								
 0> <info> app: hr	981	-18486	14	1								
 0> <info> app: hr	982	-18489	14	1								
 0> <info> app: hr	983	-18477	15	1								
 0> <info> app: hr	984	-18484	16	1								
 0> <info> app: hr	985	-18479	18	1								
 0> <info> app: hr	986	-18476	19	1								
 0> <info> app: hr	987	-18495	19	1								
 0> <info> app: hr	988	-18467	20	1								
 0> <info> app: hr	989	-18471	20	1								
 0> <info> app: hr	990	-18482	21	1								
 0> <info> app: hr	991	-18485	21	1								
 0> <info> app: hr	992	-18477	21	1								
 0> <info> app: hr	993	-18462	22	1								
 0> <info> app: hr	994	-18463	21	1								
 0> <info> app: hr	995	-18466	21	1								
 0> <info> app: hr	996	-18466	21	1								
 0> <info> app: hr	997	-18460	21	1								
 0> <info> app: hr	998	-18454	20	0								
 0> <info> app: hr	999	-18451	20	1								
 0> <info> app: hr	1000	-18455	19	0								
 0> <info> app: hr	1001	-18450	19	0								
 0> <info> app: hr	1002	-18458	18	0								
 0> <info> app: hr	1003	-18458	17	-1								
 0> <info> app: hr	1004	-18450	16	-1								
 0> <info> app: hr	1005	-18447	15	-1								
 0> <info> app: hr	1006	-18432	15	0								
 0> <info> app: hr	1007	-18430	14	0								
 0> <info> app: hr	1008	-18433	12	-1								
 0> <info> app: hr	1009	-18436	12	-1								
 0> <info> app: hr	1010	-18436	10	-1								
 0> <info> app: hr	1011	-18427	9	-1								
 0> <info> app: hr	1012	-18435	8	-1								
 0> <info> app: hr	1013	-18433	7	-1								
 0> <info> app: hr	1014	-18428	5	-1								
 0> <info> app: hr	1015	-18419	4	-1								
 0> <info> app: [OK]	HR has been calculated 70											
 0> <info> app: [OK]	HR Background stop											
 0> <info> app: ^												
 0> <info> app: HR A												
 0> <info> app: HR C												
 0> <info> app: HR D												
 0> <info> app: Show HR Result												
 0> <info> app: BATT Reading...												
 0> <info> app: Raw 871	SOC 71	BattFullDetect 0	 386V									
 0> <info> app: Save 1536354730	-4824	213	-16960									
# Logging stopped @ 27 Nov 2018 14:02:03												
